Command line
python /home/kpg/chemprop/train.py --data_path ../../../data/splits/lambda_max_abs/deep4chem/group_by_smiles/smiles_target_train.csv --dataset_type regression --save_dir /home/kimele03/uvvisml/uvvisml/models/quantum_yield_checkpoints/group_by_smiles/results/507327/49673246 --config_path /home/kimele03/uvvisml/uvvisml/models/quantum_yield_checkpoints/group_by_smiles/results/507327/49673246/hyperopt.json --metric rmse --epochs 50 --gpu 0 --ensemble_size 1 --separate_val_path ../../../data/splits/lambda_max_abs/deep4chem/group_by_smiles/smiles_target_val.csv --separate_test_path ../../../data/splits/lambda_max_abs/deep4chem/group_by_smiles/smiles_target_test.csv --number_of_molecules 2
Args
{'activation': 'ReLU',
 'aggregation': 'mean',
 'aggregation_norm': 100,
 'atom_descriptor_scaling': True,
 'atom_descriptors': None,
 'atom_descriptors_path': None,
 'atom_descriptors_size': 0,
 'atom_features_size': 0,
 'atom_messages': False,
 'batch_size': 71,
 'bias': False,
 'bond_feature_scaling': True,
 'bond_features_path': None,
 'bond_features_size': 0,
 'cache_cutoff': 10000,
 'checkpoint_dir': None,
 'checkpoint_frzn': None,
 'checkpoint_path': None,
 'checkpoint_paths': None,
 'class_balance': False,
 'config_path': '/home/kimele03/uvvisml/uvvisml/models/quantum_yield_checkpoints/group_by_smiles/results/507327/49673246/hyperopt.json',
 'crossval_index_dir': None,
 'crossval_index_file': None,
 'crossval_index_sets': None,
 'cuda': True,
 'data_path': '../../../data/splits/lambda_max_abs/deep4chem/group_by_smiles/smiles_target_train.csv',
 'data_weights_path': None,
 'dataset_type': 'regression',
 'depth': 4,
 'device': device(type='cuda', index=0),
 'dropout': 0.09170361294262255,
 'empty_cache': False,
 'ensemble_size': 1,
 'epochs': 50,
 'explicit_h': False,
 'extra_metrics': [],
 'features_generator': None,
 'features_only': False,
 'features_path': None,
 'features_scaling': True,
 'features_size': None,
 'ffn_hidden_size': 747,
 'ffn_num_layers': 2,
 'final_lr': 8.70432725517749e-06,
 'folds_file': None,
 'freeze_first_only': False,
 'frzn_ffn_layers': 0,
 'gpu': 0,
 'grad_clip': None,
 'hidden_size': 2260,
 'ignore_columns': None,
 'init_lr': 5.179956617788904e-06,
 'log_frequency': 10,
 'max_data_size': None,
 'max_lr': 0.0008770179506534806,
 'metric': 'rmse',
 'metrics': ['rmse'],
 'minimize_score': True,
 'mpn_shared': False,
 'multiclass_num_classes': 3,
 'no_atom_descriptor_scaling': False,
 'no_bond_features_scaling': False,
 'no_cache_mol': False,
 'no_cuda': False,
 'no_features_scaling': False,
 'num_folds': 1,
 'num_lrs': 1,
 'num_tasks': 1,
 'num_workers': 8,
 'number_of_molecules': 2,
 'overwrite_default_atom_features': False,
 'overwrite_default_bond_features': False,
 'pytorch_seed': 0,
 'quiet': False,
 'reaction': False,
 'reaction_mode': 'reac_diff',
 'resume_experiment': False,
 'save_dir': '/home/kimele03/uvvisml/uvvisml/models/quantum_yield_checkpoints/group_by_smiles/results/507327/49673246',
 'save_preds': False,
 'save_smiles_splits': False,
 'seed': 0,
 'separate_test_atom_descriptors_path': None,
 'separate_test_bond_features_path': None,
 'separate_test_features_path': None,
 'separate_test_path': '../../../data/splits/lambda_max_abs/deep4chem/group_by_smiles/smiles_target_test.csv',
 'separate_val_atom_descriptors_path': None,
 'separate_val_bond_features_path': None,
 'separate_val_features_path': None,
 'separate_val_path': '../../../data/splits/lambda_max_abs/deep4chem/group_by_smiles/smiles_target_val.csv',
 'show_individual_scores': False,
 'smiles_columns': ['smiles', 'solvent'],
 'split_sizes': (0.8, 0.1, 0.1),
 'split_type': 'random',
 'target_columns': None,
 'target_weights': None,
 'task_names': ['peakwavs_max'],
 'test': False,
 'test_fold_index': None,
 'train_data_size': None,
 'undirected': False,
 'use_input_features': False,
 'val_fold_index': None,
 'warmup_epochs': 4}
Loading data
Number of tasks = 1
Fold 0
Splitting data with seed 0
Total size = 13,242 | train size = 13,242 | val size = 1,633 | test size = 1,710
Fitting scaler
Building model 0
MoleculeModel(
  (encoder): MPN(
    (encoder): ModuleList(
      (0): MPNEncoder(
        (dropout_layer): Dropout(p=0.09170361294262255, inplace=False)
        (act_func): ReLU()
        (W_i): Linear(in_features=147, out_features=2260, bias=False)
        (W_h): Linear(in_features=2260, out_features=2260, bias=False)
        (W_o): Linear(in_features=2393, out_features=2260, bias=True)
      )
      (1): MPNEncoder(
        (dropout_layer): Dropout(p=0.09170361294262255, inplace=False)
        (act_func): ReLU()
        (W_i): Linear(in_features=147, out_features=2260, bias=False)
        (W_h): Linear(in_features=2260, out_features=2260, bias=False)
        (W_o): Linear(in_features=2393, out_features=2260, bias=True)
      )
    )
  )
  (ffn): Sequential(
    (0): Dropout(p=0.09170361294262255, inplace=False)
    (1): Linear(in_features=4520, out_features=747, bias=True)
    (2): ReLU()
    (3): Dropout(p=0.09170361294262255, inplace=False)
    (4): Linear(in_features=747, out_features=1, bias=True)
  )
)
Number of parameters = 25,082,975
Moving model to cuda
Epoch 0
Loss = 1.1560e+00, PNorm = 104.9117, GNorm = 4.4291, lr_0 = 1.8070e-05
Loss = 8.6945e-01, PNorm = 104.9124, GNorm = 11.6156, lr_0 = 2.9788e-05
Loss = 7.9590e-01, PNorm = 104.9140, GNorm = 2.4737, lr_0 = 4.1507e-05
Loss = 9.7198e-01, PNorm = 104.9165, GNorm = 6.1200, lr_0 = 5.3225e-05
Loss = 8.7371e-01, PNorm = 104.9198, GNorm = 9.0718, lr_0 = 6.4943e-05
Loss = 7.8004e-01, PNorm = 104.9253, GNorm = 2.6654, lr_0 = 7.6661e-05
Loss = 6.7588e-01, PNorm = 104.9312, GNorm = 11.0866, lr_0 = 8.8380e-05
Loss = 7.9831e-01, PNorm = 104.9389, GNorm = 12.9193, lr_0 = 1.0010e-04
Loss = 7.1906e-01, PNorm = 104.9483, GNorm = 1.6638, lr_0 = 1.1182e-04
Loss = 7.7644e-01, PNorm = 104.9607, GNorm = 10.3032, lr_0 = 1.2353e-04
Loss = 6.4160e-01, PNorm = 104.9767, GNorm = 9.9032, lr_0 = 1.3525e-04
Loss = 6.6392e-01, PNorm = 104.9958, GNorm = 15.1404, lr_0 = 1.4697e-04
Loss = 6.4589e-01, PNorm = 105.0149, GNorm = 6.7033, lr_0 = 1.5869e-04
Loss = 6.0495e-01, PNorm = 105.0418, GNorm = 13.1494, lr_0 = 1.7041e-04
Loss = 5.8287e-01, PNorm = 105.0656, GNorm = 4.3789, lr_0 = 1.8213e-04
Loss = 4.9282e-01, PNorm = 105.0934, GNorm = 5.4156, lr_0 = 1.9384e-04
Loss = 4.7423e-01, PNorm = 105.1221, GNorm = 7.9176, lr_0 = 2.0556e-04
Loss = 5.2503e-01, PNorm = 105.1503, GNorm = 3.9641, lr_0 = 2.1728e-04
Validation rmse = 81.837494
Epoch 1
Loss = 6.2535e-01, PNorm = 105.1885, GNorm = 17.9595, lr_0 = 2.3017e-04
Loss = 4.3533e-01, PNorm = 105.2240, GNorm = 6.1510, lr_0 = 2.4189e-04
Loss = 5.2845e-01, PNorm = 105.2625, GNorm = 2.6025, lr_0 = 2.5361e-04
Loss = 4.2963e-01, PNorm = 105.2997, GNorm = 1.7394, lr_0 = 2.6533e-04
Loss = 3.6464e-01, PNorm = 105.3333, GNorm = 1.8210, lr_0 = 2.7704e-04
Loss = 3.8491e-01, PNorm = 105.3689, GNorm = 4.3842, lr_0 = 2.8876e-04
Loss = 3.5812e-01, PNorm = 105.3999, GNorm = 5.7888, lr_0 = 3.0048e-04
Loss = 3.6462e-01, PNorm = 105.4325, GNorm = 2.6703, lr_0 = 3.1220e-04
Loss = 3.1088e-01, PNorm = 105.4656, GNorm = 1.7055, lr_0 = 3.2392e-04
Loss = 3.8955e-01, PNorm = 105.4947, GNorm = 6.4966, lr_0 = 3.3563e-04
Loss = 3.2087e-01, PNorm = 105.5340, GNorm = 2.9433, lr_0 = 3.4735e-04
Loss = 3.9790e-01, PNorm = 105.5788, GNorm = 3.4150, lr_0 = 3.5907e-04
Loss = 3.1513e-01, PNorm = 105.6298, GNorm = 3.1434, lr_0 = 3.7079e-04
Loss = 3.6506e-01, PNorm = 105.6757, GNorm = 4.0868, lr_0 = 3.8251e-04
Loss = 3.5429e-01, PNorm = 105.7181, GNorm = 1.1824, lr_0 = 3.9423e-04
Loss = 3.1889e-01, PNorm = 105.7682, GNorm = 1.9535, lr_0 = 4.0594e-04
Loss = 3.7478e-01, PNorm = 105.8213, GNorm = 1.9814, lr_0 = 4.1766e-04
Loss = 3.3983e-01, PNorm = 105.8813, GNorm = 1.4095, lr_0 = 4.2938e-04
Loss = 3.1669e-01, PNorm = 105.9378, GNorm = 1.7977, lr_0 = 4.4110e-04
Validation rmse = 68.238850
Epoch 2
Loss = 3.0966e-01, PNorm = 105.9871, GNorm = 2.6354, lr_0 = 4.5282e-04
Loss = 2.3570e-01, PNorm = 106.0373, GNorm = 0.8291, lr_0 = 4.6454e-04
Loss = 3.0427e-01, PNorm = 106.0813, GNorm = 14.6187, lr_0 = 4.7625e-04
Loss = 3.1944e-01, PNorm = 106.1465, GNorm = 2.4605, lr_0 = 4.8797e-04
Loss = 2.6511e-01, PNorm = 106.2071, GNorm = 2.0980, lr_0 = 4.9969e-04
Loss = 2.6515e-01, PNorm = 106.2705, GNorm = 1.3475, lr_0 = 5.1141e-04
Loss = 3.5384e-01, PNorm = 106.3327, GNorm = 3.8715, lr_0 = 5.2313e-04
Loss = 2.4106e-01, PNorm = 106.4110, GNorm = 4.0245, lr_0 = 5.3484e-04
Loss = 3.2132e-01, PNorm = 106.4876, GNorm = 1.8974, lr_0 = 5.4656e-04
Loss = 2.6625e-01, PNorm = 106.5686, GNorm = 1.1200, lr_0 = 5.5828e-04
Loss = 2.5587e-01, PNorm = 106.6556, GNorm = 4.3267, lr_0 = 5.7000e-04
Loss = 3.2594e-01, PNorm = 106.7526, GNorm = 3.2562, lr_0 = 5.8172e-04
Loss = 3.3384e-01, PNorm = 106.8572, GNorm = 0.9727, lr_0 = 5.9344e-04
Loss = 2.7691e-01, PNorm = 106.9601, GNorm = 2.8923, lr_0 = 6.0515e-04
Loss = 2.7612e-01, PNorm = 107.0565, GNorm = 1.9402, lr_0 = 6.1687e-04
Loss = 2.4036e-01, PNorm = 107.1534, GNorm = 1.7504, lr_0 = 6.2859e-04
Loss = 2.0679e-01, PNorm = 107.2336, GNorm = 1.0808, lr_0 = 6.4031e-04
Loss = 2.4915e-01, PNorm = 107.3308, GNorm = 0.9926, lr_0 = 6.5203e-04
Validation rmse = 51.290017
Epoch 3
Loss = 2.7835e-01, PNorm = 107.4370, GNorm = 5.4614, lr_0 = 6.6492e-04
Loss = 2.0015e-01, PNorm = 107.5334, GNorm = 3.7925, lr_0 = 6.7664e-04
Loss = 1.7277e-01, PNorm = 107.6162, GNorm = 2.4106, lr_0 = 6.8835e-04
Loss = 1.9750e-01, PNorm = 107.6972, GNorm = 1.8664, lr_0 = 7.0007e-04
Loss = 1.8839e-01, PNorm = 107.7911, GNorm = 4.8199, lr_0 = 7.1179e-04
Loss = 2.2386e-01, PNorm = 107.8882, GNorm = 1.1035, lr_0 = 7.2351e-04
Loss = 1.9064e-01, PNorm = 107.9788, GNorm = 0.8100, lr_0 = 7.3523e-04
Loss = 1.9053e-01, PNorm = 108.0700, GNorm = 1.5433, lr_0 = 7.4695e-04
Loss = 1.7379e-01, PNorm = 108.1773, GNorm = 1.5553, lr_0 = 7.5866e-04
Loss = 1.7876e-01, PNorm = 108.2878, GNorm = 1.1228, lr_0 = 7.7038e-04
Loss = 1.9253e-01, PNorm = 108.3805, GNorm = 0.7722, lr_0 = 7.8210e-04
Loss = 2.1079e-01, PNorm = 108.4929, GNorm = 1.1949, lr_0 = 7.9382e-04
Loss = 2.4091e-01, PNorm = 108.6147, GNorm = 0.9596, lr_0 = 8.0554e-04
Loss = 2.1517e-01, PNorm = 108.7472, GNorm = 1.2593, lr_0 = 8.1725e-04
Loss = 1.5884e-01, PNorm = 108.8534, GNorm = 0.6902, lr_0 = 8.2897e-04
Loss = 1.7547e-01, PNorm = 108.9618, GNorm = 1.2005, lr_0 = 8.4069e-04
Loss = 1.7746e-01, PNorm = 109.0774, GNorm = 0.6038, lr_0 = 8.5241e-04
Loss = 1.9987e-01, PNorm = 109.1955, GNorm = 1.1820, lr_0 = 8.6413e-04
Loss = 2.2377e-01, PNorm = 109.3481, GNorm = 1.8463, lr_0 = 8.7585e-04
Validation rmse = 54.545817
Epoch 4
Loss = 2.0717e-01, PNorm = 109.5161, GNorm = 2.6523, lr_0 = 8.7277e-04
Loss = 1.7228e-01, PNorm = 109.6887, GNorm = 1.4098, lr_0 = 8.6808e-04
Loss = 1.4602e-01, PNorm = 109.8300, GNorm = 0.7494, lr_0 = 8.6341e-04
Loss = 1.4351e-01, PNorm = 109.9441, GNorm = 1.2747, lr_0 = 8.5877e-04
Loss = 2.2055e-01, PNorm = 110.0761, GNorm = 0.4396, lr_0 = 8.5415e-04
Loss = 1.8638e-01, PNorm = 110.2228, GNorm = 1.0200, lr_0 = 8.4956e-04
Loss = 1.8313e-01, PNorm = 110.3569, GNorm = 1.0466, lr_0 = 8.4499e-04
Loss = 1.7478e-01, PNorm = 110.4935, GNorm = 2.1066, lr_0 = 8.4045e-04
Loss = 1.3070e-01, PNorm = 110.6119, GNorm = 0.8167, lr_0 = 8.3593e-04
Loss = 1.2775e-01, PNorm = 110.7048, GNorm = 0.6231, lr_0 = 8.3144e-04
Loss = 1.3085e-01, PNorm = 110.7851, GNorm = 3.0320, lr_0 = 8.2697e-04
Loss = 1.5347e-01, PNorm = 110.8773, GNorm = 1.4708, lr_0 = 8.2252e-04
Loss = 1.4528e-01, PNorm = 110.9547, GNorm = 2.6968, lr_0 = 8.1810e-04
Loss = 1.4722e-01, PNorm = 111.0439, GNorm = 0.8087, lr_0 = 8.1370e-04
Loss = 9.5085e-02, PNorm = 111.1302, GNorm = 1.6498, lr_0 = 8.0932e-04
Loss = 1.2090e-01, PNorm = 111.2061, GNorm = 0.7185, lr_0 = 8.0497e-04
Loss = 1.1094e-01, PNorm = 111.2728, GNorm = 1.2695, lr_0 = 8.0064e-04
Loss = 1.1475e-01, PNorm = 111.3476, GNorm = 0.7062, lr_0 = 7.9634e-04
Loss = 1.0676e-01, PNorm = 111.3999, GNorm = 0.8578, lr_0 = 7.9206e-04
Validation rmse = 39.752197
Epoch 5
Loss = 1.0429e-01, PNorm = 111.4870, GNorm = 1.7654, lr_0 = 7.8737e-04
Loss = 1.3085e-01, PNorm = 111.5694, GNorm = 1.1542, lr_0 = 7.8314e-04
Loss = 1.3885e-01, PNorm = 111.6497, GNorm = 4.0942, lr_0 = 7.7893e-04
Loss = 1.1666e-01, PNorm = 111.7320, GNorm = 0.5158, lr_0 = 7.7474e-04
Loss = 1.1758e-01, PNorm = 111.8175, GNorm = 1.7856, lr_0 = 7.7058e-04
Loss = 1.2129e-01, PNorm = 111.9163, GNorm = 1.1459, lr_0 = 7.6643e-04
Loss = 1.0231e-01, PNorm = 111.9975, GNorm = 1.3063, lr_0 = 7.6231e-04
Loss = 1.2731e-01, PNorm = 112.0751, GNorm = 1.9873, lr_0 = 7.5821e-04
Loss = 9.6683e-02, PNorm = 112.1497, GNorm = 0.6057, lr_0 = 7.5414e-04
Loss = 1.2427e-01, PNorm = 112.2134, GNorm = 1.4748, lr_0 = 7.5008e-04
Loss = 9.0227e-02, PNorm = 112.2797, GNorm = 0.9618, lr_0 = 7.4605e-04
Loss = 9.6057e-02, PNorm = 112.3532, GNorm = 0.6102, lr_0 = 7.4204e-04
Loss = 9.6261e-02, PNorm = 112.4073, GNorm = 0.8159, lr_0 = 7.3805e-04
Loss = 9.8922e-02, PNorm = 112.4721, GNorm = 0.7930, lr_0 = 7.3408e-04
Loss = 9.5497e-02, PNorm = 112.5434, GNorm = 1.2871, lr_0 = 7.3013e-04
Loss = 9.0345e-02, PNorm = 112.6199, GNorm = 0.6208, lr_0 = 7.2621e-04
Loss = 7.3531e-02, PNorm = 112.6737, GNorm = 0.3736, lr_0 = 7.2230e-04
Loss = 7.6385e-02, PNorm = 112.7287, GNorm = 1.2533, lr_0 = 7.1842e-04
Validation rmse = 38.106538
Epoch 6
Loss = 8.0134e-02, PNorm = 112.7892, GNorm = 0.6496, lr_0 = 7.1456e-04
Loss = 8.0568e-02, PNorm = 112.8499, GNorm = 0.5512, lr_0 = 7.1071e-04
Loss = 7.0508e-02, PNorm = 112.9125, GNorm = 0.6628, lr_0 = 7.0689e-04
Loss = 8.1063e-02, PNorm = 112.9606, GNorm = 1.0218, lr_0 = 7.0309e-04
Loss = 7.0503e-02, PNorm = 113.0096, GNorm = 0.3120, lr_0 = 6.9931e-04
Loss = 8.5523e-02, PNorm = 113.0672, GNorm = 0.8097, lr_0 = 6.9555e-04
Loss = 8.7657e-02, PNorm = 113.1200, GNorm = 1.0111, lr_0 = 6.9181e-04
Loss = 7.0679e-02, PNorm = 113.1649, GNorm = 0.8790, lr_0 = 6.8809e-04
Loss = 6.9930e-02, PNorm = 113.2250, GNorm = 0.6360, lr_0 = 6.8439e-04
Loss = 7.6013e-02, PNorm = 113.2738, GNorm = 0.4949, lr_0 = 6.8071e-04
Loss = 7.7906e-02, PNorm = 113.3241, GNorm = 0.7468, lr_0 = 6.7705e-04
Loss = 8.5322e-02, PNorm = 113.3797, GNorm = 0.6900, lr_0 = 6.7341e-04
Loss = 7.9355e-02, PNorm = 113.4408, GNorm = 1.2068, lr_0 = 6.6979e-04
Loss = 6.8257e-02, PNorm = 113.4966, GNorm = 0.5142, lr_0 = 6.6619e-04
Loss = 6.0926e-02, PNorm = 113.5437, GNorm = 0.5997, lr_0 = 6.6261e-04
Loss = 8.1754e-02, PNorm = 113.5883, GNorm = 1.7509, lr_0 = 6.5905e-04
Loss = 8.5769e-02, PNorm = 113.6392, GNorm = 0.7583, lr_0 = 6.5550e-04
Loss = 8.7150e-02, PNorm = 113.6917, GNorm = 0.8477, lr_0 = 6.5198e-04
Loss = 6.9381e-02, PNorm = 113.7451, GNorm = 0.9855, lr_0 = 6.4847e-04
Validation rmse = 35.596949
Epoch 7
Loss = 6.0356e-02, PNorm = 113.8022, GNorm = 0.4803, lr_0 = 6.4464e-04
Loss = 6.9983e-02, PNorm = 113.8404, GNorm = 0.9772, lr_0 = 6.4117e-04
Loss = 6.8526e-02, PNorm = 113.8915, GNorm = 1.8126, lr_0 = 6.3773e-04
Loss = 7.1245e-02, PNorm = 113.9381, GNorm = 1.0207, lr_0 = 6.3430e-04
Loss = 5.7966e-02, PNorm = 113.9715, GNorm = 0.3882, lr_0 = 6.3089e-04
Loss = 6.3512e-02, PNorm = 114.0054, GNorm = 0.6848, lr_0 = 6.2749e-04
Loss = 6.9806e-02, PNorm = 114.0507, GNorm = 0.7487, lr_0 = 6.2412e-04
Loss = 7.8317e-02, PNorm = 114.1048, GNorm = 1.4939, lr_0 = 6.2076e-04
Loss = 6.8352e-02, PNorm = 114.1435, GNorm = 1.2517, lr_0 = 6.1743e-04
Loss = 7.3799e-02, PNorm = 114.1854, GNorm = 0.8913, lr_0 = 6.1411e-04
Loss = 6.9419e-02, PNorm = 114.2309, GNorm = 1.9559, lr_0 = 6.1081e-04
Loss = 7.7197e-02, PNorm = 114.2896, GNorm = 1.1838, lr_0 = 6.0752e-04
Loss = 7.6212e-02, PNorm = 114.3468, GNorm = 0.4878, lr_0 = 6.0425e-04
Loss = 9.6793e-02, PNorm = 114.4087, GNorm = 1.2121, lr_0 = 6.0101e-04
Loss = 7.5031e-02, PNorm = 114.4701, GNorm = 0.4741, lr_0 = 5.9777e-04
Loss = 5.8001e-02, PNorm = 114.5222, GNorm = 0.3843, lr_0 = 5.9456e-04
Loss = 7.2233e-02, PNorm = 114.5605, GNorm = 0.5422, lr_0 = 5.9136e-04
Loss = 7.0506e-02, PNorm = 114.6081, GNorm = 0.4013, lr_0 = 5.8818e-04
Loss = 5.7137e-02, PNorm = 114.6511, GNorm = 0.6624, lr_0 = 5.8502e-04
Validation rmse = 33.451975
Epoch 8
Loss = 4.5676e-02, PNorm = 114.6908, GNorm = 0.2963, lr_0 = 5.8188e-04
Loss = 5.2605e-02, PNorm = 114.7165, GNorm = 0.3346, lr_0 = 5.7875e-04
Loss = 5.4172e-02, PNorm = 114.7420, GNorm = 0.6677, lr_0 = 5.7564e-04
Loss = 5.1994e-02, PNorm = 114.7747, GNorm = 0.7103, lr_0 = 5.7254e-04
Loss = 5.8143e-02, PNorm = 114.8095, GNorm = 0.7898, lr_0 = 5.6946e-04
Loss = 6.0004e-02, PNorm = 114.8440, GNorm = 1.1138, lr_0 = 5.6640e-04
Loss = 5.7235e-02, PNorm = 114.8800, GNorm = 1.0694, lr_0 = 5.6336e-04
Loss = 6.0659e-02, PNorm = 114.9214, GNorm = 1.3307, lr_0 = 5.6033e-04
Loss = 7.3306e-02, PNorm = 114.9552, GNorm = 0.7049, lr_0 = 5.5731e-04
Loss = 5.6782e-02, PNorm = 114.9966, GNorm = 0.5044, lr_0 = 5.5432e-04
Loss = 6.1625e-02, PNorm = 115.0372, GNorm = 0.3199, lr_0 = 5.5134e-04
Loss = 6.3768e-02, PNorm = 115.0752, GNorm = 0.5099, lr_0 = 5.4837e-04
Loss = 5.8814e-02, PNorm = 115.1135, GNorm = 1.1020, lr_0 = 5.4542e-04
Loss = 5.5411e-02, PNorm = 115.1519, GNorm = 1.8137, lr_0 = 5.4249e-04
Loss = 6.4951e-02, PNorm = 115.1961, GNorm = 0.4625, lr_0 = 5.3957e-04
Loss = 6.5933e-02, PNorm = 115.2375, GNorm = 0.9012, lr_0 = 5.3667e-04
Loss = 6.2487e-02, PNorm = 115.2806, GNorm = 1.5342, lr_0 = 5.3379e-04
Loss = 5.7768e-02, PNorm = 115.3229, GNorm = 0.5460, lr_0 = 5.3092e-04
Validation rmse = 35.122314
Epoch 9
Loss = 6.8251e-02, PNorm = 115.3601, GNorm = 0.6926, lr_0 = 5.2778e-04
Loss = 5.4321e-02, PNorm = 115.4010, GNorm = 0.7064, lr_0 = 5.2494e-04
Loss = 4.9367e-02, PNorm = 115.4383, GNorm = 0.4583, lr_0 = 5.2212e-04
Loss = 4.7333e-02, PNorm = 115.4718, GNorm = 0.7533, lr_0 = 5.1931e-04
Loss = 5.1836e-02, PNorm = 115.5008, GNorm = 0.4669, lr_0 = 5.1652e-04
Loss = 5.3224e-02, PNorm = 115.5281, GNorm = 0.8393, lr_0 = 5.1374e-04
Loss = 4.7874e-02, PNorm = 115.5545, GNorm = 0.4010, lr_0 = 5.1098e-04
Loss = 4.6391e-02, PNorm = 115.5846, GNorm = 0.3543, lr_0 = 5.0823e-04
Loss = 5.1775e-02, PNorm = 115.6228, GNorm = 0.4347, lr_0 = 5.0550e-04
Loss = 4.9996e-02, PNorm = 115.6623, GNorm = 0.8359, lr_0 = 5.0278e-04
Loss = 5.5942e-02, PNorm = 115.6979, GNorm = 0.7794, lr_0 = 5.0008e-04
Loss = 5.4678e-02, PNorm = 115.7305, GNorm = 1.5830, lr_0 = 4.9739e-04
Loss = 4.8501e-02, PNorm = 115.7595, GNorm = 0.5252, lr_0 = 4.9472e-04
Loss = 5.4329e-02, PNorm = 115.7871, GNorm = 0.7190, lr_0 = 4.9206e-04
Loss = 5.1910e-02, PNorm = 115.8231, GNorm = 0.3628, lr_0 = 4.8941e-04
Loss = 5.7164e-02, PNorm = 115.8555, GNorm = 0.6908, lr_0 = 4.8678e-04
Loss = 5.7031e-02, PNorm = 115.9009, GNorm = 0.8539, lr_0 = 4.8416e-04
Loss = 5.6101e-02, PNorm = 115.9372, GNorm = 0.7866, lr_0 = 4.8156e-04
Loss = 5.4798e-02, PNorm = 115.9612, GNorm = 1.4746, lr_0 = 4.7897e-04
Validation rmse = 32.011491
Epoch 10
Loss = 4.4060e-02, PNorm = 115.9872, GNorm = 0.5085, lr_0 = 4.7639e-04
Loss = 4.1425e-02, PNorm = 116.0247, GNorm = 0.4905, lr_0 = 4.7383e-04
Loss = 4.3576e-02, PNorm = 116.0532, GNorm = 0.4212, lr_0 = 4.7128e-04
Loss = 4.1339e-02, PNorm = 116.0757, GNorm = 0.4331, lr_0 = 4.6875e-04
Loss = 4.6155e-02, PNorm = 116.0976, GNorm = 0.7396, lr_0 = 4.6623e-04
Loss = 3.8635e-02, PNorm = 116.1274, GNorm = 0.8512, lr_0 = 4.6372e-04
Loss = 4.6522e-02, PNorm = 116.1610, GNorm = 0.9110, lr_0 = 4.6123e-04
Loss = 4.2373e-02, PNorm = 116.1905, GNorm = 0.4325, lr_0 = 4.5875e-04
Loss = 4.1450e-02, PNorm = 116.2137, GNorm = 0.5663, lr_0 = 4.5628e-04
Loss = 3.9939e-02, PNorm = 116.2389, GNorm = 0.6849, lr_0 = 4.5383e-04
Loss = 5.3739e-02, PNorm = 116.2672, GNorm = 0.5770, lr_0 = 4.5139e-04
Loss = 5.2357e-02, PNorm = 116.3001, GNorm = 0.2758, lr_0 = 4.4896e-04
Loss = 4.4829e-02, PNorm = 116.3316, GNorm = 0.6619, lr_0 = 4.4655e-04
Loss = 4.9151e-02, PNorm = 116.3580, GNorm = 0.7980, lr_0 = 4.4415e-04
Loss = 4.6943e-02, PNorm = 116.3821, GNorm = 0.4471, lr_0 = 4.4176e-04
Loss = 4.3576e-02, PNorm = 116.4125, GNorm = 0.5950, lr_0 = 4.3939e-04
Loss = 5.3063e-02, PNorm = 116.4380, GNorm = 1.1625, lr_0 = 4.3702e-04
Loss = 3.5587e-02, PNorm = 116.4660, GNorm = 0.6712, lr_0 = 4.3467e-04
Loss = 5.1791e-02, PNorm = 116.4938, GNorm = 1.2394, lr_0 = 4.3234e-04
Validation rmse = 31.624283
Epoch 11
Loss = 3.7642e-02, PNorm = 116.5233, GNorm = 0.2788, lr_0 = 4.2978e-04
Loss = 4.2716e-02, PNorm = 116.5433, GNorm = 0.8721, lr_0 = 4.2747e-04
Loss = 4.6658e-02, PNorm = 116.5680, GNorm = 0.7500, lr_0 = 4.2517e-04
Loss = 3.7212e-02, PNorm = 116.5915, GNorm = 0.4513, lr_0 = 4.2288e-04
Loss = 4.2686e-02, PNorm = 116.6151, GNorm = 0.3545, lr_0 = 4.2061e-04
Loss = 3.7302e-02, PNorm = 116.6417, GNorm = 0.3148, lr_0 = 4.1835e-04
Loss = 4.6583e-02, PNorm = 116.6664, GNorm = 1.2001, lr_0 = 4.1610e-04
Loss = 4.1246e-02, PNorm = 116.6917, GNorm = 0.4177, lr_0 = 4.1386e-04
Loss = 5.0725e-02, PNorm = 116.7164, GNorm = 0.4557, lr_0 = 4.1164e-04
Loss = 4.2181e-02, PNorm = 116.7441, GNorm = 0.6433, lr_0 = 4.0942e-04
Loss = 4.1522e-02, PNorm = 116.7729, GNorm = 0.2146, lr_0 = 4.0722e-04
Loss = 7.8319e-02, PNorm = 116.8141, GNorm = 0.8675, lr_0 = 4.0503e-04
Loss = 5.1210e-02, PNorm = 116.8526, GNorm = 0.5902, lr_0 = 4.0286e-04
Loss = 5.2875e-02, PNorm = 116.8885, GNorm = 0.5613, lr_0 = 4.0069e-04
Loss = 4.6436e-02, PNorm = 116.9262, GNorm = 1.5470, lr_0 = 3.9854e-04
Loss = 4.7764e-02, PNorm = 116.9680, GNorm = 1.9239, lr_0 = 3.9639e-04
Loss = 4.9580e-02, PNorm = 117.0031, GNorm = 1.2082, lr_0 = 3.9426e-04
Loss = 4.7650e-02, PNorm = 117.0360, GNorm = 0.5787, lr_0 = 3.9214e-04
Validation rmse = 32.102759
Epoch 12
Loss = 4.8521e-02, PNorm = 117.0632, GNorm = 0.6860, lr_0 = 3.9003e-04
Loss = 3.6169e-02, PNorm = 117.0801, GNorm = 0.4560, lr_0 = 3.8794e-04
Loss = 4.2976e-02, PNorm = 117.1003, GNorm = 0.6263, lr_0 = 3.8585e-04
Loss = 4.4233e-02, PNorm = 117.1296, GNorm = 0.3465, lr_0 = 3.8378e-04
Loss = 4.0557e-02, PNorm = 117.1550, GNorm = 1.7297, lr_0 = 3.8171e-04
Loss = 4.3205e-02, PNorm = 117.1711, GNorm = 0.4543, lr_0 = 3.7966e-04
Loss = 3.7030e-02, PNorm = 117.1910, GNorm = 0.4704, lr_0 = 3.7762e-04
Loss = 3.9660e-02, PNorm = 117.2160, GNorm = 0.4299, lr_0 = 3.7559e-04
Loss = 3.8815e-02, PNorm = 117.2403, GNorm = 0.9751, lr_0 = 3.7357e-04
Loss = 3.9125e-02, PNorm = 117.2637, GNorm = 0.6132, lr_0 = 3.7156e-04
Loss = 3.8789e-02, PNorm = 117.2884, GNorm = 0.6076, lr_0 = 3.6956e-04
Loss = 3.4895e-02, PNorm = 117.3104, GNorm = 0.2984, lr_0 = 3.6758e-04
Loss = 3.3808e-02, PNorm = 117.3270, GNorm = 0.3848, lr_0 = 3.6560e-04
Loss = 3.3724e-02, PNorm = 117.3472, GNorm = 0.3739, lr_0 = 3.6363e-04
Loss = 3.3932e-02, PNorm = 117.3695, GNorm = 0.5048, lr_0 = 3.6168e-04
Loss = 4.1507e-02, PNorm = 117.3915, GNorm = 0.6009, lr_0 = 3.5973e-04
Loss = 4.2139e-02, PNorm = 117.4148, GNorm = 0.5013, lr_0 = 3.5780e-04
Loss = 3.4638e-02, PNorm = 117.4343, GNorm = 0.3347, lr_0 = 3.5588e-04
Loss = 4.0902e-02, PNorm = 117.4540, GNorm = 0.5343, lr_0 = 3.5396e-04
Validation rmse = 34.195816
Epoch 13
Loss = 3.6948e-02, PNorm = 117.4794, GNorm = 0.4704, lr_0 = 3.5187e-04
Loss = 3.5496e-02, PNorm = 117.5001, GNorm = 0.2739, lr_0 = 3.4998e-04
Loss = 3.6622e-02, PNorm = 117.5222, GNorm = 0.3118, lr_0 = 3.4810e-04
Loss = 3.2818e-02, PNorm = 117.5394, GNorm = 0.4170, lr_0 = 3.4622e-04
Loss = 3.7859e-02, PNorm = 117.5555, GNorm = 0.5212, lr_0 = 3.4436e-04
Loss = 3.4384e-02, PNorm = 117.5792, GNorm = 0.3870, lr_0 = 3.4251e-04
Loss = 3.2150e-02, PNorm = 117.5963, GNorm = 0.5631, lr_0 = 3.4067e-04
Loss = 3.0066e-02, PNorm = 117.6131, GNorm = 0.9205, lr_0 = 3.3884e-04
Loss = 2.9738e-02, PNorm = 117.6271, GNorm = 0.4463, lr_0 = 3.3702e-04
Loss = 2.9959e-02, PNorm = 117.6446, GNorm = 0.5547, lr_0 = 3.3520e-04
Loss = 3.6435e-02, PNorm = 117.6651, GNorm = 0.5724, lr_0 = 3.3340e-04
Loss = 3.1564e-02, PNorm = 117.6822, GNorm = 0.4395, lr_0 = 3.3161e-04
Loss = 3.6305e-02, PNorm = 117.7077, GNorm = 0.5530, lr_0 = 3.2983e-04
Loss = 4.5191e-02, PNorm = 117.7259, GNorm = 0.5259, lr_0 = 3.2805e-04
Loss = 3.5561e-02, PNorm = 117.7447, GNorm = 0.3803, lr_0 = 3.2629e-04
Loss = 3.8060e-02, PNorm = 117.7638, GNorm = 0.3786, lr_0 = 3.2453e-04
Loss = 3.5283e-02, PNorm = 117.7840, GNorm = 0.5592, lr_0 = 3.2279e-04
Loss = 4.0579e-02, PNorm = 117.8063, GNorm = 0.7448, lr_0 = 3.2105e-04
Loss = 3.4658e-02, PNorm = 117.8294, GNorm = 0.4149, lr_0 = 3.1933e-04
Validation rmse = 31.986407
Epoch 14
Loss = 3.0034e-02, PNorm = 117.8509, GNorm = 0.4951, lr_0 = 3.1761e-04
Loss = 3.0103e-02, PNorm = 117.8763, GNorm = 0.5143, lr_0 = 3.1590e-04
Loss = 2.8234e-02, PNorm = 117.8942, GNorm = 0.2830, lr_0 = 3.1420e-04
Loss = 3.3519e-02, PNorm = 117.9101, GNorm = 0.2336, lr_0 = 3.1252e-04
Loss = 3.2302e-02, PNorm = 117.9232, GNorm = 0.3017, lr_0 = 3.1083e-04
Loss = 2.8916e-02, PNorm = 117.9383, GNorm = 0.3266, lr_0 = 3.0916e-04
Loss = 3.1326e-02, PNorm = 117.9548, GNorm = 1.0593, lr_0 = 3.0750e-04
Loss = 3.2100e-02, PNorm = 117.9696, GNorm = 0.2955, lr_0 = 3.0585e-04
Loss = 2.8511e-02, PNorm = 117.9860, GNorm = 1.0738, lr_0 = 3.0420e-04
Loss = 3.1579e-02, PNorm = 118.0044, GNorm = 0.4423, lr_0 = 3.0257e-04
Loss = 3.4604e-02, PNorm = 118.0195, GNorm = 0.9944, lr_0 = 3.0094e-04
Loss = 3.6172e-02, PNorm = 118.0344, GNorm = 0.6600, lr_0 = 2.9932e-04
Loss = 4.4899e-02, PNorm = 118.0557, GNorm = 0.3129, lr_0 = 2.9771e-04
Loss = 3.3490e-02, PNorm = 118.0751, GNorm = 0.3818, lr_0 = 2.9611e-04
Loss = 3.1736e-02, PNorm = 118.0986, GNorm = 0.6847, lr_0 = 2.9452e-04
Loss = 3.1450e-02, PNorm = 118.1149, GNorm = 0.3368, lr_0 = 2.9294e-04
Loss = 3.2550e-02, PNorm = 118.1289, GNorm = 0.6259, lr_0 = 2.9136e-04
Loss = 3.2396e-02, PNorm = 118.1386, GNorm = 0.3012, lr_0 = 2.8980e-04
Validation rmse = 31.814141
Epoch 15
Loss = 2.6245e-02, PNorm = 118.1516, GNorm = 0.5722, lr_0 = 2.8808e-04
Loss = 2.9979e-02, PNorm = 118.1701, GNorm = 0.3441, lr_0 = 2.8653e-04
Loss = 3.5171e-02, PNorm = 118.1855, GNorm = 0.4400, lr_0 = 2.8499e-04
Loss = 2.9967e-02, PNorm = 118.2056, GNorm = 0.3063, lr_0 = 2.8346e-04
Loss = 2.9517e-02, PNorm = 118.2172, GNorm = 0.3245, lr_0 = 2.8194e-04
Loss = 2.3129e-02, PNorm = 118.2337, GNorm = 0.1921, lr_0 = 2.8042e-04
Loss = 2.9773e-02, PNorm = 118.2470, GNorm = 0.3889, lr_0 = 2.7891e-04
Loss = 2.7252e-02, PNorm = 118.2617, GNorm = 0.5859, lr_0 = 2.7741e-04
Loss = 2.6082e-02, PNorm = 118.2763, GNorm = 0.2705, lr_0 = 2.7592e-04
Loss = 3.4907e-02, PNorm = 118.2947, GNorm = 0.6475, lr_0 = 2.7444e-04
Loss = 3.1744e-02, PNorm = 118.3114, GNorm = 0.5253, lr_0 = 2.7296e-04
Loss = 3.5358e-02, PNorm = 118.3257, GNorm = 0.5473, lr_0 = 2.7149e-04
Loss = 3.3577e-02, PNorm = 118.3421, GNorm = 0.3851, lr_0 = 2.7003e-04
Loss = 3.1936e-02, PNorm = 118.3584, GNorm = 0.6380, lr_0 = 2.6858e-04
Loss = 3.0595e-02, PNorm = 118.3728, GNorm = 0.3698, lr_0 = 2.6714e-04
Loss = 2.7015e-02, PNorm = 118.3867, GNorm = 0.3731, lr_0 = 2.6570e-04
Loss = 2.7191e-02, PNorm = 118.3997, GNorm = 0.2625, lr_0 = 2.6427e-04
Loss = 2.7422e-02, PNorm = 118.4152, GNorm = 0.2756, lr_0 = 2.6285e-04
Loss = 3.0129e-02, PNorm = 118.4303, GNorm = 0.4331, lr_0 = 2.6144e-04
Validation rmse = 30.826064
Epoch 16
Loss = 2.6619e-02, PNorm = 118.4428, GNorm = 0.3607, lr_0 = 2.6003e-04
Loss = 2.4845e-02, PNorm = 118.4573, GNorm = 0.5054, lr_0 = 2.5864e-04
Loss = 2.5974e-02, PNorm = 118.4715, GNorm = 0.2896, lr_0 = 2.5725e-04
Loss = 2.6673e-02, PNorm = 118.4833, GNorm = 0.8057, lr_0 = 2.5586e-04
Loss = 3.1025e-02, PNorm = 118.4937, GNorm = 0.2321, lr_0 = 2.5449e-04
Loss = 3.1282e-02, PNorm = 118.5138, GNorm = 0.6217, lr_0 = 2.5312e-04
Loss = 3.0502e-02, PNorm = 118.5293, GNorm = 0.5657, lr_0 = 2.5176e-04
Loss = 2.6157e-02, PNorm = 118.5401, GNorm = 0.4078, lr_0 = 2.5040e-04
Loss = 2.3734e-02, PNorm = 118.5504, GNorm = 0.1948, lr_0 = 2.4906e-04
Loss = 2.9017e-02, PNorm = 118.5631, GNorm = 0.3007, lr_0 = 2.4772e-04
Loss = 3.1802e-02, PNorm = 118.5753, GNorm = 0.7494, lr_0 = 2.4639e-04
Loss = 2.9257e-02, PNorm = 118.5845, GNorm = 0.3993, lr_0 = 2.4506e-04
Loss = 2.4366e-02, PNorm = 118.5947, GNorm = 0.2540, lr_0 = 2.4374e-04
Loss = 2.7519e-02, PNorm = 118.6082, GNorm = 0.4870, lr_0 = 2.4243e-04
Loss = 2.7995e-02, PNorm = 118.6224, GNorm = 0.4794, lr_0 = 2.4113e-04
Loss = 2.9229e-02, PNorm = 118.6381, GNorm = 0.2253, lr_0 = 2.3983e-04
Loss = 2.3254e-02, PNorm = 118.6493, GNorm = 0.3651, lr_0 = 2.3854e-04
Loss = 2.7756e-02, PNorm = 118.6599, GNorm = 0.2971, lr_0 = 2.3726e-04
Loss = 2.9537e-02, PNorm = 118.6710, GNorm = 0.3293, lr_0 = 2.3599e-04
Loss = 2.9282e-02, PNorm = 118.6724, GNorm = 0.8216, lr_0 = 2.3586e-04
Validation rmse = 30.922170
Epoch 17
Loss = 2.5310e-02, PNorm = 118.6855, GNorm = 0.3529, lr_0 = 2.3459e-04
Loss = 1.9896e-02, PNorm = 118.6969, GNorm = 0.2774, lr_0 = 2.3333e-04
Loss = 2.4778e-02, PNorm = 118.7090, GNorm = 0.4001, lr_0 = 2.3207e-04
Loss = 2.1928e-02, PNorm = 118.7170, GNorm = 0.6389, lr_0 = 2.3083e-04
Loss = 2.7842e-02, PNorm = 118.7269, GNorm = 0.4910, lr_0 = 2.2959e-04
Loss = 2.5167e-02, PNorm = 118.7404, GNorm = 0.3781, lr_0 = 2.2835e-04
Loss = 2.6088e-02, PNorm = 118.7563, GNorm = 0.2573, lr_0 = 2.2712e-04
Loss = 2.1682e-02, PNorm = 118.7697, GNorm = 0.2708, lr_0 = 2.2590e-04
Loss = 2.3608e-02, PNorm = 118.7799, GNorm = 0.5354, lr_0 = 2.2469e-04
Loss = 2.6157e-02, PNorm = 118.7939, GNorm = 0.7699, lr_0 = 2.2348e-04
Loss = 2.5281e-02, PNorm = 118.8090, GNorm = 0.4281, lr_0 = 2.2228e-04
Loss = 2.2488e-02, PNorm = 118.8222, GNorm = 0.4706, lr_0 = 2.2108e-04
Loss = 2.7934e-02, PNorm = 118.8341, GNorm = 0.2434, lr_0 = 2.1989e-04
Loss = 2.3196e-02, PNorm = 118.8448, GNorm = 0.4458, lr_0 = 2.1871e-04
Loss = 2.2122e-02, PNorm = 118.8545, GNorm = 0.3659, lr_0 = 2.1754e-04
Loss = 2.3242e-02, PNorm = 118.8637, GNorm = 0.4315, lr_0 = 2.1637e-04
Loss = 2.8254e-02, PNorm = 118.8761, GNorm = 0.6368, lr_0 = 2.1520e-04
Loss = 2.5971e-02, PNorm = 118.8869, GNorm = 0.4298, lr_0 = 2.1405e-04
Validation rmse = 30.226129
Epoch 18
Loss = 1.7421e-02, PNorm = 118.8983, GNorm = 0.4500, lr_0 = 2.1290e-04
Loss = 2.0378e-02, PNorm = 118.9105, GNorm = 0.1424, lr_0 = 2.1175e-04
Loss = 2.2290e-02, PNorm = 118.9221, GNorm = 0.2567, lr_0 = 2.1061e-04
Loss = 2.1232e-02, PNorm = 118.9326, GNorm = 0.4171, lr_0 = 2.0948e-04
Loss = 2.4158e-02, PNorm = 118.9419, GNorm = 0.2386, lr_0 = 2.0835e-04
Loss = 2.3113e-02, PNorm = 118.9502, GNorm = 0.2429, lr_0 = 2.0723e-04
Loss = 2.0942e-02, PNorm = 118.9583, GNorm = 0.3713, lr_0 = 2.0612e-04
Loss = 2.6207e-02, PNorm = 118.9680, GNorm = 0.3281, lr_0 = 2.0501e-04
Loss = 2.2671e-02, PNorm = 118.9815, GNorm = 0.2137, lr_0 = 2.0391e-04
Loss = 2.3918e-02, PNorm = 118.9928, GNorm = 0.2989, lr_0 = 2.0281e-04
Loss = 2.1510e-02, PNorm = 119.0014, GNorm = 0.2815, lr_0 = 2.0172e-04
Loss = 2.1609e-02, PNorm = 119.0120, GNorm = 0.1994, lr_0 = 2.0064e-04
Loss = 2.5285e-02, PNorm = 119.0201, GNorm = 0.4897, lr_0 = 1.9956e-04
Loss = 2.4915e-02, PNorm = 119.0300, GNorm = 0.3725, lr_0 = 1.9849e-04
Loss = 2.5208e-02, PNorm = 119.0409, GNorm = 0.2140, lr_0 = 1.9742e-04
Loss = 2.3892e-02, PNorm = 119.0504, GNorm = 0.5110, lr_0 = 1.9636e-04
Loss = 2.3135e-02, PNorm = 119.0638, GNorm = 0.3313, lr_0 = 1.9530e-04
Loss = 2.4915e-02, PNorm = 119.0762, GNorm = 0.3542, lr_0 = 1.9425e-04
Loss = 2.5792e-02, PNorm = 119.0873, GNorm = 0.5098, lr_0 = 1.9321e-04
Validation rmse = 30.390619
Epoch 19
Loss = 2.1759e-02, PNorm = 119.0980, GNorm = 0.2762, lr_0 = 1.9206e-04
Loss = 2.3929e-02, PNorm = 119.1093, GNorm = 0.7905, lr_0 = 1.9103e-04
Loss = 2.5129e-02, PNorm = 119.1212, GNorm = 0.6243, lr_0 = 1.9000e-04
Loss = 1.8451e-02, PNorm = 119.1333, GNorm = 0.4814, lr_0 = 1.8898e-04
Loss = 2.2470e-02, PNorm = 119.1424, GNorm = 0.4934, lr_0 = 1.8797e-04
Loss = 2.1161e-02, PNorm = 119.1524, GNorm = 0.3883, lr_0 = 1.8696e-04
Loss = 2.1567e-02, PNorm = 119.1609, GNorm = 0.4174, lr_0 = 1.8595e-04
Loss = 2.1695e-02, PNorm = 119.1725, GNorm = 0.3077, lr_0 = 1.8495e-04
Loss = 2.1604e-02, PNorm = 119.1819, GNorm = 0.1802, lr_0 = 1.8396e-04
Loss = 1.9738e-02, PNorm = 119.1905, GNorm = 0.1794, lr_0 = 1.8297e-04
Loss = 2.4553e-02, PNorm = 119.1995, GNorm = 0.2811, lr_0 = 1.8198e-04
Loss = 2.3230e-02, PNorm = 119.2059, GNorm = 0.6736, lr_0 = 1.8100e-04
Loss = 2.7411e-02, PNorm = 119.2159, GNorm = 0.4150, lr_0 = 1.8003e-04
Loss = 1.8697e-02, PNorm = 119.2199, GNorm = 0.5020, lr_0 = 1.7906e-04
Loss = 2.9186e-02, PNorm = 119.2311, GNorm = 0.4267, lr_0 = 1.7810e-04
Loss = 3.0346e-02, PNorm = 119.2401, GNorm = 0.4913, lr_0 = 1.7714e-04
Loss = 2.3148e-02, PNorm = 119.2493, GNorm = 0.4609, lr_0 = 1.7619e-04
Loss = 2.3859e-02, PNorm = 119.2592, GNorm = 0.6145, lr_0 = 1.7524e-04
Loss = 1.9946e-02, PNorm = 119.2695, GNorm = 0.3384, lr_0 = 1.7430e-04
Validation rmse = 29.302537
Epoch 20
Loss = 1.8728e-02, PNorm = 119.2778, GNorm = 0.3526, lr_0 = 1.7336e-04
Loss = 1.9986e-02, PNorm = 119.2867, GNorm = 0.3067, lr_0 = 1.7243e-04
Loss = 2.0623e-02, PNorm = 119.2972, GNorm = 0.4428, lr_0 = 1.7151e-04
Loss = 2.3536e-02, PNorm = 119.3075, GNorm = 0.2365, lr_0 = 1.7058e-04
Loss = 1.9967e-02, PNorm = 119.3137, GNorm = 0.5662, lr_0 = 1.6967e-04
Loss = 2.0921e-02, PNorm = 119.3206, GNorm = 0.6663, lr_0 = 1.6875e-04
Loss = 1.9579e-02, PNorm = 119.3289, GNorm = 0.2375, lr_0 = 1.6785e-04
Loss = 1.9009e-02, PNorm = 119.3358, GNorm = 0.3595, lr_0 = 1.6694e-04
Loss = 1.9185e-02, PNorm = 119.3451, GNorm = 0.2340, lr_0 = 1.6605e-04
Loss = 2.1758e-02, PNorm = 119.3533, GNorm = 0.4513, lr_0 = 1.6515e-04
Loss = 2.5053e-02, PNorm = 119.3637, GNorm = 0.3011, lr_0 = 1.6427e-04
Loss = 2.0243e-02, PNorm = 119.3730, GNorm = 0.3865, lr_0 = 1.6338e-04
Loss = 2.2490e-02, PNorm = 119.3825, GNorm = 0.6360, lr_0 = 1.6250e-04
Loss = 2.0481e-02, PNorm = 119.3920, GNorm = 0.1452, lr_0 = 1.6163e-04
Loss = 1.6749e-02, PNorm = 119.3981, GNorm = 0.1990, lr_0 = 1.6076e-04
Loss = 2.4422e-02, PNorm = 119.4024, GNorm = 0.4276, lr_0 = 1.5990e-04
Loss = 2.1034e-02, PNorm = 119.4098, GNorm = 0.2494, lr_0 = 1.5904e-04
Loss = 2.0544e-02, PNorm = 119.4178, GNorm = 0.6079, lr_0 = 1.5818e-04
Validation rmse = 28.733990
Epoch 21
Loss = 1.7346e-02, PNorm = 119.4265, GNorm = 0.6494, lr_0 = 1.5725e-04
Loss = 2.1068e-02, PNorm = 119.4350, GNorm = 0.3426, lr_0 = 1.5640e-04
Loss = 1.8894e-02, PNorm = 119.4421, GNorm = 0.4667, lr_0 = 1.5556e-04
Loss = 1.4539e-02, PNorm = 119.4468, GNorm = 0.2969, lr_0 = 1.5472e-04
Loss = 1.6682e-02, PNorm = 119.4534, GNorm = 0.2727, lr_0 = 1.5389e-04
Loss = 2.3046e-02, PNorm = 119.4600, GNorm = 0.3745, lr_0 = 1.5306e-04
Loss = 2.0117e-02, PNorm = 119.4660, GNorm = 0.4130, lr_0 = 1.5224e-04
Loss = 1.8284e-02, PNorm = 119.4739, GNorm = 0.2373, lr_0 = 1.5142e-04
Loss = 2.3025e-02, PNorm = 119.4784, GNorm = 0.4183, lr_0 = 1.5061e-04
Loss = 1.9612e-02, PNorm = 119.4855, GNorm = 1.1158, lr_0 = 1.4980e-04
Loss = 2.1148e-02, PNorm = 119.4975, GNorm = 0.4903, lr_0 = 1.4899e-04
Loss = 1.9092e-02, PNorm = 119.5063, GNorm = 0.3225, lr_0 = 1.4819e-04
Loss = 2.6319e-02, PNorm = 119.5169, GNorm = 0.4130, lr_0 = 1.4740e-04
Loss = 2.1139e-02, PNorm = 119.5269, GNorm = 0.1506, lr_0 = 1.4660e-04
Loss = 2.1330e-02, PNorm = 119.5333, GNorm = 0.3533, lr_0 = 1.4581e-04
Loss = 1.9773e-02, PNorm = 119.5400, GNorm = 0.3260, lr_0 = 1.4503e-04
Loss = 2.2788e-02, PNorm = 119.5510, GNorm = 0.4684, lr_0 = 1.4425e-04
Loss = 1.9832e-02, PNorm = 119.5569, GNorm = 0.7235, lr_0 = 1.4348e-04
Loss = 1.9083e-02, PNorm = 119.5643, GNorm = 0.2613, lr_0 = 1.4270e-04
Validation rmse = 29.681774
Epoch 22
Loss = 2.3126e-02, PNorm = 119.5748, GNorm = 0.7444, lr_0 = 1.4194e-04
Loss = 1.6720e-02, PNorm = 119.5792, GNorm = 0.4379, lr_0 = 1.4117e-04
Loss = 1.8872e-02, PNorm = 119.5834, GNorm = 0.2543, lr_0 = 1.4041e-04
Loss = 1.7924e-02, PNorm = 119.5889, GNorm = 0.3765, lr_0 = 1.3966e-04
Loss = 1.8087e-02, PNorm = 119.5957, GNorm = 0.2253, lr_0 = 1.3891e-04
Loss = 1.7074e-02, PNorm = 119.6022, GNorm = 0.2720, lr_0 = 1.3816e-04
Loss = 1.9559e-02, PNorm = 119.6090, GNorm = 0.2076, lr_0 = 1.3742e-04
Loss = 1.4770e-02, PNorm = 119.6174, GNorm = 0.4270, lr_0 = 1.3668e-04
Loss = 1.8199e-02, PNorm = 119.6235, GNorm = 0.4374, lr_0 = 1.3595e-04
Loss = 2.2779e-02, PNorm = 119.6282, GNorm = 0.5143, lr_0 = 1.3521e-04
Loss = 1.9361e-02, PNorm = 119.6354, GNorm = 0.3302, lr_0 = 1.3449e-04
Loss = 2.0094e-02, PNorm = 119.6426, GNorm = 0.4456, lr_0 = 1.3376e-04
Loss = 2.0423e-02, PNorm = 119.6481, GNorm = 0.3500, lr_0 = 1.3304e-04
Loss = 2.1463e-02, PNorm = 119.6540, GNorm = 0.4007, lr_0 = 1.3233e-04
Loss = 2.2336e-02, PNorm = 119.6607, GNorm = 0.1636, lr_0 = 1.3162e-04
Loss = 1.6194e-02, PNorm = 119.6663, GNorm = 0.2433, lr_0 = 1.3091e-04
Loss = 2.1289e-02, PNorm = 119.6733, GNorm = 0.6318, lr_0 = 1.3021e-04
Loss = 2.6066e-02, PNorm = 119.6803, GNorm = 0.5476, lr_0 = 1.2951e-04
Validation rmse = 30.267183
Epoch 23
Loss = 2.0136e-02, PNorm = 119.6918, GNorm = 0.3438, lr_0 = 1.2874e-04
Loss = 2.3602e-02, PNorm = 119.6976, GNorm = 0.7485, lr_0 = 1.2805e-04
Loss = 2.1771e-02, PNorm = 119.7063, GNorm = 0.4027, lr_0 = 1.2736e-04
Loss = 1.9577e-02, PNorm = 119.7148, GNorm = 0.3228, lr_0 = 1.2668e-04
Loss = 1.4247e-02, PNorm = 119.7234, GNorm = 0.1341, lr_0 = 1.2599e-04
Loss = 1.5435e-02, PNorm = 119.7283, GNorm = 0.3134, lr_0 = 1.2532e-04
Loss = 1.8181e-02, PNorm = 119.7344, GNorm = 0.3243, lr_0 = 1.2464e-04
Loss = 2.2738e-02, PNorm = 119.7403, GNorm = 0.1953, lr_0 = 1.2397e-04
Loss = 1.4825e-02, PNorm = 119.7473, GNorm = 0.1826, lr_0 = 1.2331e-04
Loss = 1.7349e-02, PNorm = 119.7540, GNorm = 0.2282, lr_0 = 1.2264e-04
Loss = 1.7716e-02, PNorm = 119.7583, GNorm = 0.2234, lr_0 = 1.2198e-04
Loss = 1.7359e-02, PNorm = 119.7624, GNorm = 0.1957, lr_0 = 1.2133e-04
Loss = 1.7443e-02, PNorm = 119.7657, GNorm = 0.2534, lr_0 = 1.2068e-04
Loss = 1.6298e-02, PNorm = 119.7699, GNorm = 0.1504, lr_0 = 1.2003e-04
Loss = 1.7311e-02, PNorm = 119.7748, GNorm = 0.5139, lr_0 = 1.1938e-04
Loss = 2.0381e-02, PNorm = 119.7813, GNorm = 0.2480, lr_0 = 1.1874e-04
Loss = 2.2081e-02, PNorm = 119.7864, GNorm = 0.3398, lr_0 = 1.1810e-04
Loss = 1.6872e-02, PNorm = 119.7933, GNorm = 0.2844, lr_0 = 1.1747e-04
Loss = 1.8897e-02, PNorm = 119.8016, GNorm = 0.1936, lr_0 = 1.1683e-04
Validation rmse = 28.945973
Epoch 24
Loss = 1.7025e-02, PNorm = 119.8081, GNorm = 0.3071, lr_0 = 1.1621e-04
Loss = 1.8773e-02, PNorm = 119.8154, GNorm = 0.2732, lr_0 = 1.1558e-04
Loss = 1.4788e-02, PNorm = 119.8222, GNorm = 0.2936, lr_0 = 1.1496e-04
Loss = 2.0451e-02, PNorm = 119.8272, GNorm = 0.2945, lr_0 = 1.1434e-04
Loss = 1.9360e-02, PNorm = 119.8325, GNorm = 0.3708, lr_0 = 1.1373e-04
Loss = 1.6013e-02, PNorm = 119.8360, GNorm = 0.4139, lr_0 = 1.1312e-04
Loss = 1.4529e-02, PNorm = 119.8400, GNorm = 0.1512, lr_0 = 1.1251e-04
Loss = 1.6958e-02, PNorm = 119.8447, GNorm = 0.1951, lr_0 = 1.1190e-04
Loss = 1.9486e-02, PNorm = 119.8504, GNorm = 0.2078, lr_0 = 1.1130e-04
Loss = 1.5452e-02, PNorm = 119.8561, GNorm = 0.5441, lr_0 = 1.1070e-04
Loss = 1.8110e-02, PNorm = 119.8610, GNorm = 0.2569, lr_0 = 1.1011e-04
Loss = 1.5114e-02, PNorm = 119.8653, GNorm = 0.2665, lr_0 = 1.0952e-04
Loss = 1.7541e-02, PNorm = 119.8708, GNorm = 0.4912, lr_0 = 1.0893e-04
Loss = 1.8432e-02, PNorm = 119.8763, GNorm = 0.1926, lr_0 = 1.0834e-04
Loss = 1.6140e-02, PNorm = 119.8816, GNorm = 0.5477, lr_0 = 1.0776e-04
Loss = 1.4259e-02, PNorm = 119.8875, GNorm = 0.1645, lr_0 = 1.0718e-04
Loss = 2.1246e-02, PNorm = 119.8932, GNorm = 0.2030, lr_0 = 1.0660e-04
Loss = 2.1268e-02, PNorm = 119.8995, GNorm = 0.6820, lr_0 = 1.0603e-04
Loss = 1.7774e-02, PNorm = 119.9062, GNorm = 0.3876, lr_0 = 1.0546e-04
Validation rmse = 28.391164
Epoch 25
Loss = 1.3607e-02, PNorm = 119.9117, GNorm = 0.2268, lr_0 = 1.0484e-04
Loss = 1.8764e-02, PNorm = 119.9165, GNorm = 0.2190, lr_0 = 1.0427e-04
Loss = 1.6086e-02, PNorm = 119.9188, GNorm = 0.2787, lr_0 = 1.0371e-04
Loss = 1.6705e-02, PNorm = 119.9225, GNorm = 0.2320, lr_0 = 1.0315e-04
Loss = 1.7205e-02, PNorm = 119.9286, GNorm = 0.2538, lr_0 = 1.0260e-04
Loss = 1.7660e-02, PNorm = 119.9355, GNorm = 0.2861, lr_0 = 1.0205e-04
Loss = 1.9262e-02, PNorm = 119.9406, GNorm = 0.4826, lr_0 = 1.0150e-04
Loss = 1.5339e-02, PNorm = 119.9436, GNorm = 0.3980, lr_0 = 1.0095e-04
Loss = 1.4762e-02, PNorm = 119.9501, GNorm = 0.2059, lr_0 = 1.0041e-04
Loss = 1.6375e-02, PNorm = 119.9545, GNorm = 0.2695, lr_0 = 9.9871e-05
Loss = 1.5543e-02, PNorm = 119.9589, GNorm = 0.2225, lr_0 = 9.9334e-05
Loss = 1.4151e-02, PNorm = 119.9624, GNorm = 0.2643, lr_0 = 9.8800e-05
Loss = 1.8601e-02, PNorm = 119.9667, GNorm = 0.2005, lr_0 = 9.8268e-05
Loss = 1.5715e-02, PNorm = 119.9695, GNorm = 0.2191, lr_0 = 9.7740e-05
Loss = 1.7556e-02, PNorm = 119.9765, GNorm = 0.2177, lr_0 = 9.7214e-05
Loss = 1.8705e-02, PNorm = 119.9838, GNorm = 0.4019, lr_0 = 9.6692e-05
Loss = 2.1101e-02, PNorm = 119.9882, GNorm = 0.4738, lr_0 = 9.6172e-05
Loss = 1.9001e-02, PNorm = 119.9939, GNorm = 0.2678, lr_0 = 9.5655e-05
Validation rmse = 29.211189
Epoch 26
Loss = 1.0908e-02, PNorm = 119.9986, GNorm = 0.3064, lr_0 = 9.5141e-05
Loss = 1.6620e-02, PNorm = 120.0023, GNorm = 0.1933, lr_0 = 9.4629e-05
Loss = 1.8267e-02, PNorm = 120.0066, GNorm = 0.3201, lr_0 = 9.4120e-05
Loss = 1.4656e-02, PNorm = 120.0126, GNorm = 0.2943, lr_0 = 9.3614e-05
Loss = 1.7315e-02, PNorm = 120.0169, GNorm = 0.1526, lr_0 = 9.3111e-05
Loss = 1.6606e-02, PNorm = 120.0212, GNorm = 0.2386, lr_0 = 9.2610e-05
Loss = 1.6717e-02, PNorm = 120.0258, GNorm = 0.2803, lr_0 = 9.2112e-05
Loss = 1.5660e-02, PNorm = 120.0288, GNorm = 0.4938, lr_0 = 9.1617e-05
Loss = 1.9136e-02, PNorm = 120.0316, GNorm = 0.5294, lr_0 = 9.1124e-05
Loss = 1.4476e-02, PNorm = 120.0346, GNorm = 0.2270, lr_0 = 9.0634e-05
Loss = 1.6653e-02, PNorm = 120.0402, GNorm = 0.1690, lr_0 = 9.0147e-05
Loss = 1.7281e-02, PNorm = 120.0456, GNorm = 0.5609, lr_0 = 8.9662e-05
Loss = 1.4530e-02, PNorm = 120.0517, GNorm = 0.2983, lr_0 = 8.9180e-05
Loss = 1.4506e-02, PNorm = 120.0563, GNorm = 0.3580, lr_0 = 8.8701e-05
Loss = 1.7756e-02, PNorm = 120.0601, GNorm = 0.2179, lr_0 = 8.8224e-05
Loss = 1.4762e-02, PNorm = 120.0655, GNorm = 0.1702, lr_0 = 8.7750e-05
Loss = 1.6847e-02, PNorm = 120.0692, GNorm = 0.3098, lr_0 = 8.7278e-05
Loss = 1.4918e-02, PNorm = 120.0724, GNorm = 0.5610, lr_0 = 8.6808e-05
Loss = 1.5006e-02, PNorm = 120.0744, GNorm = 0.5155, lr_0 = 8.6342e-05
Validation rmse = 28.382158
Epoch 27
Loss = 1.4448e-02, PNorm = 120.0798, GNorm = 0.3561, lr_0 = 8.5831e-05
Loss = 1.4022e-02, PNorm = 120.0845, GNorm = 0.1239, lr_0 = 8.5370e-05
Loss = 1.6034e-02, PNorm = 120.0894, GNorm = 0.4546, lr_0 = 8.4911e-05
Loss = 1.4899e-02, PNorm = 120.0946, GNorm = 0.1495, lr_0 = 8.4454e-05
Loss = 1.7838e-02, PNorm = 120.1014, GNorm = 0.2253, lr_0 = 8.4000e-05
Loss = 1.8277e-02, PNorm = 120.1061, GNorm = 0.1563, lr_0 = 8.3548e-05
Loss = 1.6713e-02, PNorm = 120.1107, GNorm = 0.3434, lr_0 = 8.3099e-05
Loss = 1.6872e-02, PNorm = 120.1133, GNorm = 0.1821, lr_0 = 8.2652e-05
Loss = 1.6051e-02, PNorm = 120.1157, GNorm = 0.2493, lr_0 = 8.2208e-05
Loss = 1.6056e-02, PNorm = 120.1179, GNorm = 0.2022, lr_0 = 8.1766e-05
Loss = 1.4020e-02, PNorm = 120.1208, GNorm = 0.4756, lr_0 = 8.1326e-05
Loss = 1.2748e-02, PNorm = 120.1245, GNorm = 0.2406, lr_0 = 8.0889e-05
Loss = 1.6531e-02, PNorm = 120.1274, GNorm = 0.6380, lr_0 = 8.0454e-05
Loss = 2.1039e-02, PNorm = 120.1312, GNorm = 0.4319, lr_0 = 8.0022e-05
Loss = 1.8718e-02, PNorm = 120.1367, GNorm = 0.2654, lr_0 = 7.9591e-05
Loss = 1.3450e-02, PNorm = 120.1399, GNorm = 0.1462, lr_0 = 7.9163e-05
Loss = 1.3728e-02, PNorm = 120.1430, GNorm = 0.3249, lr_0 = 7.8738e-05
Loss = 1.3238e-02, PNorm = 120.1460, GNorm = 0.2704, lr_0 = 7.8314e-05
Loss = 1.6415e-02, PNorm = 120.1495, GNorm = 0.3345, lr_0 = 7.7893e-05
Validation rmse = 29.011836
Epoch 28
Loss = 1.3388e-02, PNorm = 120.1535, GNorm = 0.2884, lr_0 = 7.7475e-05
Loss = 1.4038e-02, PNorm = 120.1585, GNorm = 0.1650, lr_0 = 7.7058e-05
Loss = 1.2879e-02, PNorm = 120.1621, GNorm = 0.1646, lr_0 = 7.6644e-05
Loss = 1.5935e-02, PNorm = 120.1650, GNorm = 0.3464, lr_0 = 7.6232e-05
Loss = 1.4746e-02, PNorm = 120.1671, GNorm = 0.3140, lr_0 = 7.5822e-05
Loss = 1.1529e-02, PNorm = 120.1700, GNorm = 0.1946, lr_0 = 7.5414e-05
Loss = 1.7548e-02, PNorm = 120.1740, GNorm = 0.3048, lr_0 = 7.5009e-05
Loss = 1.7787e-02, PNorm = 120.1774, GNorm = 0.5265, lr_0 = 7.4605e-05
Loss = 1.4820e-02, PNorm = 120.1810, GNorm = 0.3080, lr_0 = 7.4204e-05
Loss = 1.5297e-02, PNorm = 120.1840, GNorm = 0.3638, lr_0 = 7.3805e-05
Loss = 1.5877e-02, PNorm = 120.1879, GNorm = 0.3143, lr_0 = 7.3408e-05
Loss = 1.4972e-02, PNorm = 120.1905, GNorm = 0.1484, lr_0 = 7.3014e-05
Loss = 1.6336e-02, PNorm = 120.1943, GNorm = 0.1902, lr_0 = 7.2621e-05
Loss = 1.5644e-02, PNorm = 120.1985, GNorm = 0.2241, lr_0 = 7.2231e-05
Loss = 2.2603e-02, PNorm = 120.2017, GNorm = 0.1695, lr_0 = 7.1842e-05
Loss = 1.5390e-02, PNorm = 120.2060, GNorm = 0.4806, lr_0 = 7.1456e-05
Loss = 1.3084e-02, PNorm = 120.2101, GNorm = 0.2471, lr_0 = 7.1072e-05
Loss = 1.4194e-02, PNorm = 120.2134, GNorm = 0.2256, lr_0 = 7.0690e-05
Validation rmse = 29.032105
Epoch 29
Loss = 1.1543e-02, PNorm = 120.2176, GNorm = 0.1816, lr_0 = 7.0272e-05
Loss = 1.4103e-02, PNorm = 120.2200, GNorm = 0.1640, lr_0 = 6.9894e-05
Loss = 1.4667e-02, PNorm = 120.2243, GNorm = 0.3191, lr_0 = 6.9518e-05
Loss = 1.2812e-02, PNorm = 120.2295, GNorm = 0.1917, lr_0 = 6.9144e-05
Loss = 1.2429e-02, PNorm = 120.2337, GNorm = 0.2659, lr_0 = 6.8773e-05
Loss = 1.4958e-02, PNorm = 120.2367, GNorm = 0.3520, lr_0 = 6.8403e-05
Loss = 1.2304e-02, PNorm = 120.2393, GNorm = 0.4383, lr_0 = 6.8035e-05
Loss = 1.4077e-02, PNorm = 120.2426, GNorm = 0.2397, lr_0 = 6.7669e-05
Loss = 1.5230e-02, PNorm = 120.2454, GNorm = 0.3735, lr_0 = 6.7305e-05
Loss = 1.2978e-02, PNorm = 120.2487, GNorm = 0.2628, lr_0 = 6.6943e-05
Loss = 1.3178e-02, PNorm = 120.2509, GNorm = 0.1459, lr_0 = 6.6584e-05
Loss = 1.4701e-02, PNorm = 120.2542, GNorm = 0.1861, lr_0 = 6.6226e-05
Loss = 1.7980e-02, PNorm = 120.2583, GNorm = 0.2121, lr_0 = 6.5869e-05
Loss = 1.4489e-02, PNorm = 120.2614, GNorm = 0.2164, lr_0 = 6.5515e-05
Loss = 1.3877e-02, PNorm = 120.2641, GNorm = 0.1545, lr_0 = 6.5163e-05
Loss = 1.7564e-02, PNorm = 120.2680, GNorm = 0.2950, lr_0 = 6.4813e-05
Loss = 1.3897e-02, PNorm = 120.2722, GNorm = 0.1542, lr_0 = 6.4464e-05
Loss = 1.8474e-02, PNorm = 120.2750, GNorm = 0.2330, lr_0 = 6.4118e-05
Loss = 1.6288e-02, PNorm = 120.2784, GNorm = 0.2906, lr_0 = 6.3773e-05
Validation rmse = 28.716562
Epoch 30
Loss = 2.0350e-02, PNorm = 120.2813, GNorm = 0.5666, lr_0 = 6.3430e-05
Loss = 1.3900e-02, PNorm = 120.2838, GNorm = 0.2256, lr_0 = 6.3089e-05
Loss = 1.1117e-02, PNorm = 120.2870, GNorm = 0.2405, lr_0 = 6.2750e-05
Loss = 1.3984e-02, PNorm = 120.2905, GNorm = 0.1543, lr_0 = 6.2412e-05
Loss = 1.2631e-02, PNorm = 120.2925, GNorm = 0.3364, lr_0 = 6.2077e-05
Loss = 1.1883e-02, PNorm = 120.2940, GNorm = 0.1906, lr_0 = 6.1743e-05
Loss = 1.6895e-02, PNorm = 120.2967, GNorm = 0.4419, lr_0 = 6.1411e-05
Loss = 1.5317e-02, PNorm = 120.3001, GNorm = 0.2879, lr_0 = 6.1081e-05
Loss = 1.7423e-02, PNorm = 120.3037, GNorm = 0.1737, lr_0 = 6.0752e-05
Loss = 1.3724e-02, PNorm = 120.3067, GNorm = 0.1937, lr_0 = 6.0426e-05
Loss = 1.3660e-02, PNorm = 120.3088, GNorm = 0.1427, lr_0 = 6.0101e-05
Loss = 1.6411e-02, PNorm = 120.3121, GNorm = 0.6072, lr_0 = 5.9778e-05
Loss = 1.5407e-02, PNorm = 120.3162, GNorm = 0.1656, lr_0 = 5.9456e-05
Loss = 1.3782e-02, PNorm = 120.3197, GNorm = 0.2059, lr_0 = 5.9137e-05
Loss = 1.4227e-02, PNorm = 120.3240, GNorm = 0.3273, lr_0 = 5.8819e-05
Loss = 1.3741e-02, PNorm = 120.3258, GNorm = 0.2712, lr_0 = 5.8502e-05
Loss = 1.2210e-02, PNorm = 120.3289, GNorm = 0.1550, lr_0 = 5.8188e-05
Loss = 1.8878e-02, PNorm = 120.3321, GNorm = 0.1537, lr_0 = 5.7875e-05
Loss = 1.4158e-02, PNorm = 120.3348, GNorm = 0.1693, lr_0 = 5.7564e-05
Validation rmse = 28.490442
Epoch 31
Loss = 1.2836e-02, PNorm = 120.3372, GNorm = 0.1978, lr_0 = 5.7224e-05
Loss = 1.1837e-02, PNorm = 120.3397, GNorm = 0.3815, lr_0 = 5.6916e-05
Loss = 1.3331e-02, PNorm = 120.3421, GNorm = 0.1778, lr_0 = 5.6610e-05
Loss = 1.2101e-02, PNorm = 120.3448, GNorm = 0.1577, lr_0 = 5.6305e-05
Loss = 1.3504e-02, PNorm = 120.3487, GNorm = 0.1595, lr_0 = 5.6003e-05
Loss = 1.3778e-02, PNorm = 120.3508, GNorm = 0.2224, lr_0 = 5.5702e-05
Loss = 1.5284e-02, PNorm = 120.3540, GNorm = 0.2495, lr_0 = 5.5402e-05
Loss = 1.3228e-02, PNorm = 120.3569, GNorm = 0.4917, lr_0 = 5.5104e-05
Loss = 1.6580e-02, PNorm = 120.3604, GNorm = 0.2533, lr_0 = 5.4808e-05
Loss = 1.2020e-02, PNorm = 120.3622, GNorm = 0.1547, lr_0 = 5.4513e-05
Loss = 1.3568e-02, PNorm = 120.3645, GNorm = 0.2199, lr_0 = 5.4220e-05
Loss = 1.5178e-02, PNorm = 120.3672, GNorm = 0.4471, lr_0 = 5.3929e-05
Loss = 1.4492e-02, PNorm = 120.3707, GNorm = 0.2542, lr_0 = 5.3639e-05
Loss = 1.6558e-02, PNorm = 120.3729, GNorm = 0.2428, lr_0 = 5.3350e-05
Loss = 1.2292e-02, PNorm = 120.3730, GNorm = 0.2547, lr_0 = 5.3063e-05
Loss = 1.4084e-02, PNorm = 120.3752, GNorm = 0.2322, lr_0 = 5.2778e-05
Loss = 1.4306e-02, PNorm = 120.3780, GNorm = 0.1951, lr_0 = 5.2494e-05
Loss = 1.3923e-02, PNorm = 120.3805, GNorm = 0.1776, lr_0 = 5.2212e-05
Validation rmse = 28.462427
Epoch 32
Loss = 1.2024e-02, PNorm = 120.3821, GNorm = 0.1503, lr_0 = 5.1931e-05
Loss = 1.3685e-02, PNorm = 120.3846, GNorm = 0.3450, lr_0 = 5.1652e-05
Loss = 1.4366e-02, PNorm = 120.3872, GNorm = 0.2420, lr_0 = 5.1374e-05
Loss = 1.2841e-02, PNorm = 120.3897, GNorm = 0.1555, lr_0 = 5.1098e-05
Loss = 1.4408e-02, PNorm = 120.3927, GNorm = 0.2189, lr_0 = 5.0823e-05
Loss = 1.1671e-02, PNorm = 120.3954, GNorm = 0.2670, lr_0 = 5.0550e-05
Loss = 1.2900e-02, PNorm = 120.3978, GNorm = 0.2297, lr_0 = 5.0278e-05
Loss = 1.2482e-02, PNorm = 120.4001, GNorm = 0.1770, lr_0 = 5.0008e-05
Loss = 1.0997e-02, PNorm = 120.4025, GNorm = 0.1296, lr_0 = 4.9739e-05
Loss = 1.2443e-02, PNorm = 120.4049, GNorm = 0.3354, lr_0 = 4.9472e-05
Loss = 1.4257e-02, PNorm = 120.4060, GNorm = 0.3384, lr_0 = 4.9206e-05
Loss = 1.2758e-02, PNorm = 120.4081, GNorm = 0.1445, lr_0 = 4.8941e-05
Loss = 1.0548e-02, PNorm = 120.4112, GNorm = 0.3444, lr_0 = 4.8678e-05
Loss = 1.3555e-02, PNorm = 120.4130, GNorm = 0.1677, lr_0 = 4.8416e-05
Loss = 1.5405e-02, PNorm = 120.4163, GNorm = 0.3497, lr_0 = 4.8156e-05
Loss = 1.3265e-02, PNorm = 120.4190, GNorm = 0.3212, lr_0 = 4.7897e-05
Loss = 1.0759e-02, PNorm = 120.4211, GNorm = 0.1766, lr_0 = 4.7640e-05
Loss = 1.5446e-02, PNorm = 120.4234, GNorm = 0.3411, lr_0 = 4.7383e-05
Loss = 1.8311e-02, PNorm = 120.4263, GNorm = 0.4899, lr_0 = 4.7129e-05
Validation rmse = 28.685634
Epoch 33
Loss = 1.2812e-02, PNorm = 120.4282, GNorm = 0.2149, lr_0 = 4.6850e-05
Loss = 1.3104e-02, PNorm = 120.4290, GNorm = 0.1869, lr_0 = 4.6598e-05
Loss = 1.4984e-02, PNorm = 120.4311, GNorm = 0.3803, lr_0 = 4.6348e-05
Loss = 1.2468e-02, PNorm = 120.4341, GNorm = 0.1866, lr_0 = 4.6098e-05
Loss = 1.3111e-02, PNorm = 120.4362, GNorm = 0.3946, lr_0 = 4.5851e-05
Loss = 1.3613e-02, PNorm = 120.4392, GNorm = 0.2298, lr_0 = 4.5604e-05
Loss = 1.1780e-02, PNorm = 120.4413, GNorm = 0.2336, lr_0 = 4.5359e-05
Loss = 1.3439e-02, PNorm = 120.4432, GNorm = 0.1781, lr_0 = 4.5115e-05
Loss = 1.5989e-02, PNorm = 120.4444, GNorm = 0.3264, lr_0 = 4.4872e-05
Loss = 1.2680e-02, PNorm = 120.4463, GNorm = 0.1721, lr_0 = 4.4631e-05
Loss = 1.4120e-02, PNorm = 120.4475, GNorm = 0.4161, lr_0 = 4.4391e-05
Loss = 1.3013e-02, PNorm = 120.4489, GNorm = 0.1683, lr_0 = 4.4152e-05
Loss = 1.3264e-02, PNorm = 120.4521, GNorm = 0.2104, lr_0 = 4.3915e-05
Loss = 1.1043e-02, PNorm = 120.4542, GNorm = 0.2281, lr_0 = 4.3679e-05
Loss = 1.5456e-02, PNorm = 120.4560, GNorm = 0.4360, lr_0 = 4.3444e-05
Loss = 1.1456e-02, PNorm = 120.4582, GNorm = 0.1962, lr_0 = 4.3211e-05
Loss = 1.3322e-02, PNorm = 120.4609, GNorm = 0.3510, lr_0 = 4.2978e-05
Loss = 1.4208e-02, PNorm = 120.4626, GNorm = 0.1598, lr_0 = 4.2747e-05
Loss = 1.2129e-02, PNorm = 120.4642, GNorm = 0.2059, lr_0 = 4.2517e-05
Validation rmse = 28.335422
Epoch 34
Loss = 1.2689e-02, PNorm = 120.4670, GNorm = 0.3419, lr_0 = 4.2289e-05
Loss = 1.3646e-02, PNorm = 120.4700, GNorm = 0.2192, lr_0 = 4.2061e-05
Loss = 1.3549e-02, PNorm = 120.4717, GNorm = 0.2183, lr_0 = 4.1835e-05
Loss = 1.1821e-02, PNorm = 120.4734, GNorm = 0.1947, lr_0 = 4.1610e-05
Loss = 1.3326e-02, PNorm = 120.4757, GNorm = 0.3049, lr_0 = 4.1386e-05
Loss = 1.1496e-02, PNorm = 120.4774, GNorm = 0.2038, lr_0 = 4.1164e-05
Loss = 1.4295e-02, PNorm = 120.4790, GNorm = 0.2126, lr_0 = 4.0943e-05
Loss = 1.1491e-02, PNorm = 120.4807, GNorm = 0.2755, lr_0 = 4.0722e-05
Loss = 1.3974e-02, PNorm = 120.4829, GNorm = 0.1732, lr_0 = 4.0504e-05
Loss = 1.1960e-02, PNorm = 120.4850, GNorm = 0.2302, lr_0 = 4.0286e-05
Loss = 1.4835e-02, PNorm = 120.4869, GNorm = 0.4505, lr_0 = 4.0069e-05
Loss = 1.2977e-02, PNorm = 120.4888, GNorm = 0.3145, lr_0 = 3.9854e-05
Loss = 1.3280e-02, PNorm = 120.4900, GNorm = 0.3167, lr_0 = 3.9639e-05
Loss = 1.2322e-02, PNorm = 120.4916, GNorm = 0.3300, lr_0 = 3.9426e-05
Loss = 1.2516e-02, PNorm = 120.4938, GNorm = 0.2670, lr_0 = 3.9214e-05
Loss = 1.2651e-02, PNorm = 120.4952, GNorm = 0.3839, lr_0 = 3.9003e-05
Loss = 1.3862e-02, PNorm = 120.4974, GNorm = 0.3022, lr_0 = 3.8794e-05
Loss = 1.1827e-02, PNorm = 120.4994, GNorm = 0.2032, lr_0 = 3.8585e-05
Validation rmse = 28.576356
Epoch 35
Loss = 1.2303e-02, PNorm = 120.5020, GNorm = 0.1985, lr_0 = 3.8357e-05
Loss = 1.0906e-02, PNorm = 120.5038, GNorm = 0.1804, lr_0 = 3.8151e-05
Loss = 1.2480e-02, PNorm = 120.5051, GNorm = 0.1601, lr_0 = 3.7946e-05
Loss = 1.1711e-02, PNorm = 120.5061, GNorm = 0.1440, lr_0 = 3.7742e-05
Loss = 1.2573e-02, PNorm = 120.5078, GNorm = 0.1668, lr_0 = 3.7539e-05
Loss = 1.3726e-02, PNorm = 120.5096, GNorm = 0.2267, lr_0 = 3.7337e-05
Loss = 1.2963e-02, PNorm = 120.5115, GNorm = 0.1736, lr_0 = 3.7136e-05
Loss = 1.1866e-02, PNorm = 120.5137, GNorm = 0.1914, lr_0 = 3.6936e-05
Loss = 1.5278e-02, PNorm = 120.5156, GNorm = 0.1807, lr_0 = 3.6738e-05
Loss = 1.2730e-02, PNorm = 120.5178, GNorm = 0.1983, lr_0 = 3.6540e-05
Loss = 1.3228e-02, PNorm = 120.5199, GNorm = 0.2553, lr_0 = 3.6344e-05
Loss = 1.1579e-02, PNorm = 120.5220, GNorm = 0.2016, lr_0 = 3.6148e-05
Loss = 1.3024e-02, PNorm = 120.5236, GNorm = 0.1990, lr_0 = 3.5954e-05
Loss = 1.3390e-02, PNorm = 120.5255, GNorm = 0.2297, lr_0 = 3.5761e-05
Loss = 1.2610e-02, PNorm = 120.5272, GNorm = 0.1757, lr_0 = 3.5569e-05
Loss = 1.0564e-02, PNorm = 120.5286, GNorm = 0.1832, lr_0 = 3.5377e-05
Loss = 1.4048e-02, PNorm = 120.5291, GNorm = 0.2507, lr_0 = 3.5187e-05
Loss = 9.9532e-03, PNorm = 120.5298, GNorm = 0.1643, lr_0 = 3.4998e-05
Loss = 1.2402e-02, PNorm = 120.5321, GNorm = 0.1486, lr_0 = 3.4810e-05
Validation rmse = 28.238267
Epoch 36
Loss = 1.2698e-02, PNorm = 120.5340, GNorm = 0.5394, lr_0 = 3.4623e-05
Loss = 1.1428e-02, PNorm = 120.5352, GNorm = 0.1441, lr_0 = 3.4436e-05
Loss = 1.4416e-02, PNorm = 120.5370, GNorm = 0.3144, lr_0 = 3.4251e-05
Loss = 1.2243e-02, PNorm = 120.5383, GNorm = 0.3905, lr_0 = 3.4067e-05
Loss = 1.2434e-02, PNorm = 120.5395, GNorm = 0.1712, lr_0 = 3.3884e-05
Loss = 1.4119e-02, PNorm = 120.5414, GNorm = 0.1900, lr_0 = 3.3702e-05
Loss = 1.3027e-02, PNorm = 120.5431, GNorm = 0.1504, lr_0 = 3.3521e-05
Loss = 1.3396e-02, PNorm = 120.5447, GNorm = 0.1172, lr_0 = 3.3340e-05
Loss = 1.2015e-02, PNorm = 120.5463, GNorm = 0.1659, lr_0 = 3.3161e-05
Loss = 1.1603e-02, PNorm = 120.5477, GNorm = 0.1665, lr_0 = 3.2983e-05
Loss = 1.2445e-02, PNorm = 120.5493, GNorm = 0.2098, lr_0 = 3.2805e-05
Loss = 1.1416e-02, PNorm = 120.5496, GNorm = 0.1551, lr_0 = 3.2629e-05
Loss = 1.1661e-02, PNorm = 120.5512, GNorm = 0.2675, lr_0 = 3.2454e-05
Loss = 1.3286e-02, PNorm = 120.5527, GNorm = 0.1255, lr_0 = 3.2279e-05
Loss = 1.1062e-02, PNorm = 120.5543, GNorm = 0.1976, lr_0 = 3.2106e-05
Loss = 1.5134e-02, PNorm = 120.5564, GNorm = 0.2451, lr_0 = 3.1933e-05
Loss = 1.2650e-02, PNorm = 120.5584, GNorm = 0.1217, lr_0 = 3.1761e-05
Loss = 1.0433e-02, PNorm = 120.5592, GNorm = 0.1509, lr_0 = 3.1590e-05
Loss = 1.2433e-02, PNorm = 120.5601, GNorm = 0.2634, lr_0 = 3.1421e-05
Loss = 1.0045e-02, PNorm = 120.5602, GNorm = 0.2024, lr_0 = 3.1404e-05
Validation rmse = 27.918816
Epoch 37
Loss = 9.5742e-03, PNorm = 120.5620, GNorm = 0.2608, lr_0 = 3.1235e-05
Loss = 1.4482e-02, PNorm = 120.5635, GNorm = 0.2268, lr_0 = 3.1067e-05
Loss = 1.0941e-02, PNorm = 120.5646, GNorm = 0.2143, lr_0 = 3.0900e-05
Loss = 1.2191e-02, PNorm = 120.5660, GNorm = 0.2080, lr_0 = 3.0734e-05
Loss = 1.1130e-02, PNorm = 120.5680, GNorm = 0.2025, lr_0 = 3.0568e-05
Loss = 1.3608e-02, PNorm = 120.5692, GNorm = 0.3181, lr_0 = 3.0404e-05
Loss = 1.3141e-02, PNorm = 120.5705, GNorm = 0.3534, lr_0 = 3.0241e-05
Loss = 1.0860e-02, PNorm = 120.5717, GNorm = 0.1122, lr_0 = 3.0078e-05
Loss = 1.2320e-02, PNorm = 120.5729, GNorm = 0.4515, lr_0 = 2.9916e-05
Loss = 1.0209e-02, PNorm = 120.5738, GNorm = 0.2358, lr_0 = 2.9755e-05
Loss = 1.1142e-02, PNorm = 120.5751, GNorm = 0.1568, lr_0 = 2.9595e-05
Loss = 1.3106e-02, PNorm = 120.5763, GNorm = 0.2318, lr_0 = 2.9436e-05
Loss = 1.2347e-02, PNorm = 120.5771, GNorm = 0.1685, lr_0 = 2.9278e-05
Loss = 1.1644e-02, PNorm = 120.5782, GNorm = 0.2002, lr_0 = 2.9121e-05
Loss = 1.0830e-02, PNorm = 120.5795, GNorm = 0.2008, lr_0 = 2.8964e-05
Loss = 1.2023e-02, PNorm = 120.5813, GNorm = 0.1638, lr_0 = 2.8808e-05
Loss = 1.2798e-02, PNorm = 120.5823, GNorm = 0.4783, lr_0 = 2.8653e-05
Loss = 1.2457e-02, PNorm = 120.5841, GNorm = 0.2401, lr_0 = 2.8499e-05
Validation rmse = 28.360953
Epoch 38
Loss = 1.2676e-02, PNorm = 120.5861, GNorm = 0.2935, lr_0 = 2.8346e-05
Loss = 9.5702e-03, PNorm = 120.5880, GNorm = 0.1379, lr_0 = 2.8194e-05
Loss = 1.0815e-02, PNorm = 120.5891, GNorm = 0.4797, lr_0 = 2.8042e-05
Loss = 1.4770e-02, PNorm = 120.5895, GNorm = 0.5001, lr_0 = 2.7891e-05
Loss = 1.2806e-02, PNorm = 120.5909, GNorm = 0.1919, lr_0 = 2.7741e-05
Loss = 1.2671e-02, PNorm = 120.5926, GNorm = 0.2753, lr_0 = 2.7592e-05
Loss = 1.2030e-02, PNorm = 120.5939, GNorm = 0.1603, lr_0 = 2.7444e-05
Loss = 1.0868e-02, PNorm = 120.5947, GNorm = 0.2268, lr_0 = 2.7296e-05
Loss = 1.1421e-02, PNorm = 120.5960, GNorm = 0.1779, lr_0 = 2.7150e-05
Loss = 1.2356e-02, PNorm = 120.5974, GNorm = 0.1703, lr_0 = 2.7004e-05
Loss = 1.1321e-02, PNorm = 120.5990, GNorm = 0.3456, lr_0 = 2.6858e-05
Loss = 1.3679e-02, PNorm = 120.6007, GNorm = 0.1713, lr_0 = 2.6714e-05
Loss = 1.1050e-02, PNorm = 120.6020, GNorm = 0.3204, lr_0 = 2.6570e-05
Loss = 1.2569e-02, PNorm = 120.6032, GNorm = 0.3446, lr_0 = 2.6428e-05
Loss = 1.2584e-02, PNorm = 120.6052, GNorm = 0.1221, lr_0 = 2.6285e-05
Loss = 1.0975e-02, PNorm = 120.6072, GNorm = 0.1229, lr_0 = 2.6144e-05
Loss = 1.4892e-02, PNorm = 120.6089, GNorm = 0.2041, lr_0 = 2.6004e-05
Loss = 1.1379e-02, PNorm = 120.6099, GNorm = 0.1664, lr_0 = 2.5864e-05
Loss = 1.3431e-02, PNorm = 120.6110, GNorm = 0.2408, lr_0 = 2.5725e-05
Validation rmse = 28.113930
Epoch 39
Loss = 1.2597e-02, PNorm = 120.6120, GNorm = 0.1813, lr_0 = 2.5573e-05
Loss = 1.1437e-02, PNorm = 120.6132, GNorm = 0.2349, lr_0 = 2.5435e-05
Loss = 9.4978e-03, PNorm = 120.6139, GNorm = 0.1528, lr_0 = 2.5298e-05
Loss = 1.2386e-02, PNorm = 120.6146, GNorm = 0.2728, lr_0 = 2.5162e-05
Loss = 1.0999e-02, PNorm = 120.6163, GNorm = 0.2353, lr_0 = 2.5027e-05
Loss = 1.3826e-02, PNorm = 120.6177, GNorm = 0.4087, lr_0 = 2.4892e-05
Loss = 1.3208e-02, PNorm = 120.6190, GNorm = 0.1500, lr_0 = 2.4759e-05
Loss = 1.2540e-02, PNorm = 120.6202, GNorm = 0.3458, lr_0 = 2.4625e-05
Loss = 9.2144e-03, PNorm = 120.6218, GNorm = 0.1791, lr_0 = 2.4493e-05
Loss = 1.4359e-02, PNorm = 120.6232, GNorm = 0.3352, lr_0 = 2.4361e-05
Loss = 1.2799e-02, PNorm = 120.6242, GNorm = 0.2792, lr_0 = 2.4230e-05
Loss = 1.3107e-02, PNorm = 120.6251, GNorm = 0.3045, lr_0 = 2.4100e-05
Loss = 1.2405e-02, PNorm = 120.6261, GNorm = 0.1530, lr_0 = 2.3971e-05
Loss = 1.0870e-02, PNorm = 120.6276, GNorm = 0.2492, lr_0 = 2.3842e-05
Loss = 1.0917e-02, PNorm = 120.6289, GNorm = 0.2596, lr_0 = 2.3713e-05
Loss = 9.8835e-03, PNorm = 120.6302, GNorm = 0.1905, lr_0 = 2.3586e-05
Loss = 1.0449e-02, PNorm = 120.6311, GNorm = 0.2586, lr_0 = 2.3459e-05
Loss = 1.0490e-02, PNorm = 120.6323, GNorm = 0.1098, lr_0 = 2.3333e-05
Loss = 1.1972e-02, PNorm = 120.6328, GNorm = 0.2088, lr_0 = 2.3208e-05
Validation rmse = 28.389497
Epoch 40
Loss = 1.0608e-02, PNorm = 120.6337, GNorm = 0.2819, lr_0 = 2.3083e-05
Loss = 1.1882e-02, PNorm = 120.6345, GNorm = 0.2552, lr_0 = 2.2959e-05
Loss = 1.2908e-02, PNorm = 120.6354, GNorm = 0.1664, lr_0 = 2.2835e-05
Loss = 1.0722e-02, PNorm = 120.6366, GNorm = 0.2401, lr_0 = 2.2712e-05
Loss = 9.8511e-03, PNorm = 120.6372, GNorm = 0.1210, lr_0 = 2.2590e-05
Loss = 1.1549e-02, PNorm = 120.6378, GNorm = 0.1236, lr_0 = 2.2469e-05
Loss = 9.4788e-03, PNorm = 120.6382, GNorm = 0.1375, lr_0 = 2.2348e-05
Loss = 1.1909e-02, PNorm = 120.6390, GNorm = 0.1126, lr_0 = 2.2228e-05
Loss = 1.2106e-02, PNorm = 120.6404, GNorm = 0.1390, lr_0 = 2.2108e-05
Loss = 1.3036e-02, PNorm = 120.6422, GNorm = 0.2837, lr_0 = 2.1990e-05
Loss = 1.2105e-02, PNorm = 120.6434, GNorm = 0.3368, lr_0 = 2.1871e-05
Loss = 1.0529e-02, PNorm = 120.6445, GNorm = 0.2931, lr_0 = 2.1754e-05
Loss = 1.2513e-02, PNorm = 120.6458, GNorm = 0.1778, lr_0 = 2.1637e-05
Loss = 1.1338e-02, PNorm = 120.6472, GNorm = 0.2135, lr_0 = 2.1520e-05
Loss = 1.1866e-02, PNorm = 120.6480, GNorm = 0.1659, lr_0 = 2.1405e-05
Loss = 1.0667e-02, PNorm = 120.6486, GNorm = 0.2194, lr_0 = 2.1290e-05
Loss = 1.2192e-02, PNorm = 120.6492, GNorm = 0.2241, lr_0 = 2.1175e-05
Loss = 1.2823e-02, PNorm = 120.6500, GNorm = 0.1806, lr_0 = 2.1061e-05
Validation rmse = 28.272391
Epoch 41
Loss = 1.2036e-02, PNorm = 120.6508, GNorm = 0.1651, lr_0 = 2.0937e-05
Loss = 1.3793e-02, PNorm = 120.6518, GNorm = 0.2099, lr_0 = 2.0824e-05
Loss = 1.1421e-02, PNorm = 120.6526, GNorm = 0.2172, lr_0 = 2.0712e-05
Loss = 8.6055e-03, PNorm = 120.6536, GNorm = 0.2328, lr_0 = 2.0601e-05
Loss = 1.2322e-02, PNorm = 120.6548, GNorm = 0.3118, lr_0 = 2.0490e-05
Loss = 1.1403e-02, PNorm = 120.6559, GNorm = 0.3910, lr_0 = 2.0380e-05
Loss = 9.9600e-03, PNorm = 120.6565, GNorm = 0.1417, lr_0 = 2.0270e-05
Loss = 1.1206e-02, PNorm = 120.6574, GNorm = 0.1548, lr_0 = 2.0161e-05
Loss = 1.1357e-02, PNorm = 120.6586, GNorm = 0.1699, lr_0 = 2.0053e-05
Loss = 1.0721e-02, PNorm = 120.6597, GNorm = 0.2852, lr_0 = 1.9945e-05
Loss = 1.1409e-02, PNorm = 120.6610, GNorm = 0.2268, lr_0 = 1.9838e-05
Loss = 1.1802e-02, PNorm = 120.6623, GNorm = 0.1970, lr_0 = 1.9731e-05
Loss = 1.4116e-02, PNorm = 120.6638, GNorm = 0.1329, lr_0 = 1.9625e-05
Loss = 1.2352e-02, PNorm = 120.6656, GNorm = 0.4360, lr_0 = 1.9520e-05
Loss = 1.1749e-02, PNorm = 120.6668, GNorm = 0.1759, lr_0 = 1.9415e-05
Loss = 1.0677e-02, PNorm = 120.6678, GNorm = 0.1115, lr_0 = 1.9310e-05
Loss = 1.3365e-02, PNorm = 120.6682, GNorm = 0.2947, lr_0 = 1.9206e-05
Loss = 1.0094e-02, PNorm = 120.6690, GNorm = 0.1686, lr_0 = 1.9103e-05
Loss = 1.1547e-02, PNorm = 120.6698, GNorm = 0.1886, lr_0 = 1.9001e-05
Validation rmse = 28.007474
Epoch 42
Loss = 1.1750e-02, PNorm = 120.6706, GNorm = 0.2954, lr_0 = 1.8898e-05
Loss = 1.3919e-02, PNorm = 120.6713, GNorm = 0.1685, lr_0 = 1.8797e-05
Loss = 8.3652e-03, PNorm = 120.6722, GNorm = 0.1469, lr_0 = 1.8696e-05
Loss = 1.0958e-02, PNorm = 120.6731, GNorm = 0.2397, lr_0 = 1.8595e-05
Loss = 1.2107e-02, PNorm = 120.6737, GNorm = 0.2077, lr_0 = 1.8495e-05
Loss = 1.3606e-02, PNorm = 120.6746, GNorm = 0.3326, lr_0 = 1.8396e-05
Loss = 1.2452e-02, PNorm = 120.6757, GNorm = 0.1082, lr_0 = 1.8297e-05
Loss = 1.0449e-02, PNorm = 120.6768, GNorm = 0.2351, lr_0 = 1.8198e-05
Loss = 1.4140e-02, PNorm = 120.6779, GNorm = 0.1919, lr_0 = 1.8101e-05
Loss = 1.0861e-02, PNorm = 120.6785, GNorm = 0.2461, lr_0 = 1.8003e-05
Loss = 1.1576e-02, PNorm = 120.6789, GNorm = 0.1665, lr_0 = 1.7906e-05
Loss = 1.0618e-02, PNorm = 120.6792, GNorm = 0.1630, lr_0 = 1.7810e-05
Loss = 9.5555e-03, PNorm = 120.6801, GNorm = 0.1710, lr_0 = 1.7714e-05
Loss = 8.5166e-03, PNorm = 120.6810, GNorm = 0.1843, lr_0 = 1.7619e-05
Loss = 1.1285e-02, PNorm = 120.6825, GNorm = 0.2094, lr_0 = 1.7524e-05
Loss = 1.0951e-02, PNorm = 120.6838, GNorm = 0.1202, lr_0 = 1.7430e-05
Loss = 1.4052e-02, PNorm = 120.6845, GNorm = 0.2483, lr_0 = 1.7337e-05
Loss = 1.1311e-02, PNorm = 120.6850, GNorm = 0.1576, lr_0 = 1.7243e-05
Validation rmse = 28.204928
Epoch 43
Loss = 8.1964e-03, PNorm = 120.6857, GNorm = 0.1679, lr_0 = 1.7141e-05
Loss = 1.0589e-02, PNorm = 120.6866, GNorm = 0.1604, lr_0 = 1.7049e-05
Loss = 9.7225e-03, PNorm = 120.6876, GNorm = 0.2370, lr_0 = 1.6958e-05
Loss = 1.2279e-02, PNorm = 120.6885, GNorm = 0.1954, lr_0 = 1.6866e-05
Loss = 1.2533e-02, PNorm = 120.6890, GNorm = 0.3733, lr_0 = 1.6776e-05
Loss = 9.5216e-03, PNorm = 120.6896, GNorm = 0.1678, lr_0 = 1.6685e-05
Loss = 1.0151e-02, PNorm = 120.6905, GNorm = 0.1733, lr_0 = 1.6596e-05
Loss = 9.8799e-03, PNorm = 120.6912, GNorm = 0.1975, lr_0 = 1.6507e-05
Loss = 1.1382e-02, PNorm = 120.6917, GNorm = 0.1189, lr_0 = 1.6418e-05
Loss = 1.3828e-02, PNorm = 120.6927, GNorm = 0.1287, lr_0 = 1.6329e-05
Loss = 9.8212e-03, PNorm = 120.6937, GNorm = 0.3345, lr_0 = 1.6242e-05
Loss = 1.2270e-02, PNorm = 120.6945, GNorm = 0.1618, lr_0 = 1.6154e-05
Loss = 1.1410e-02, PNorm = 120.6950, GNorm = 0.3814, lr_0 = 1.6068e-05
Loss = 1.1018e-02, PNorm = 120.6957, GNorm = 0.1969, lr_0 = 1.5981e-05
Loss = 1.1361e-02, PNorm = 120.6965, GNorm = 0.1312, lr_0 = 1.5895e-05
Loss = 1.1130e-02, PNorm = 120.6970, GNorm = 0.2745, lr_0 = 1.5810e-05
Loss = 1.2933e-02, PNorm = 120.6976, GNorm = 0.4331, lr_0 = 1.5725e-05
Loss = 1.1114e-02, PNorm = 120.6982, GNorm = 0.1649, lr_0 = 1.5640e-05
Loss = 9.7526e-03, PNorm = 120.6988, GNorm = 0.1422, lr_0 = 1.5556e-05
Validation rmse = 28.084969
Epoch 44
Loss = 1.4811e-02, PNorm = 120.6999, GNorm = 0.3308, lr_0 = 1.5472e-05
Loss = 9.6007e-03, PNorm = 120.7008, GNorm = 0.1889, lr_0 = 1.5389e-05
Loss = 1.0575e-02, PNorm = 120.7016, GNorm = 0.2047, lr_0 = 1.5307e-05
Loss = 1.0041e-02, PNorm = 120.7026, GNorm = 0.2787, lr_0 = 1.5224e-05
Loss = 1.1042e-02, PNorm = 120.7035, GNorm = 0.3826, lr_0 = 1.5142e-05
Loss = 1.2773e-02, PNorm = 120.7044, GNorm = 0.1271, lr_0 = 1.5061e-05
Loss = 1.1206e-02, PNorm = 120.7049, GNorm = 0.1705, lr_0 = 1.4980e-05
Loss = 1.1061e-02, PNorm = 120.7056, GNorm = 0.1807, lr_0 = 1.4899e-05
Loss = 1.0936e-02, PNorm = 120.7061, GNorm = 0.1615, lr_0 = 1.4819e-05
Loss = 1.2200e-02, PNorm = 120.7067, GNorm = 0.2510, lr_0 = 1.4740e-05
Loss = 1.0208e-02, PNorm = 120.7072, GNorm = 0.2352, lr_0 = 1.4660e-05
Loss = 1.3473e-02, PNorm = 120.7080, GNorm = 0.1850, lr_0 = 1.4582e-05
Loss = 1.0600e-02, PNorm = 120.7089, GNorm = 0.1320, lr_0 = 1.4503e-05
Loss = 1.0351e-02, PNorm = 120.7093, GNorm = 0.2521, lr_0 = 1.4425e-05
Loss = 1.1360e-02, PNorm = 120.7101, GNorm = 0.1869, lr_0 = 1.4348e-05
Loss = 1.1689e-02, PNorm = 120.7107, GNorm = 0.1369, lr_0 = 1.4270e-05
Loss = 9.3876e-03, PNorm = 120.7114, GNorm = 0.1659, lr_0 = 1.4194e-05
Loss = 1.2087e-02, PNorm = 120.7119, GNorm = 0.1449, lr_0 = 1.4117e-05
Loss = 1.1483e-02, PNorm = 120.7128, GNorm = 0.1834, lr_0 = 1.4042e-05
Validation rmse = 27.998883
Epoch 45
Loss = 1.2441e-02, PNorm = 120.7135, GNorm = 0.1423, lr_0 = 1.3959e-05
Loss = 1.0606e-02, PNorm = 120.7142, GNorm = 0.1509, lr_0 = 1.3883e-05
Loss = 8.6763e-03, PNorm = 120.7149, GNorm = 0.1478, lr_0 = 1.3809e-05
Loss = 1.0556e-02, PNorm = 120.7154, GNorm = 0.1952, lr_0 = 1.3735e-05
Loss = 1.0959e-02, PNorm = 120.7158, GNorm = 0.3400, lr_0 = 1.3661e-05
Loss = 1.1015e-02, PNorm = 120.7165, GNorm = 0.1625, lr_0 = 1.3587e-05
Loss = 1.0312e-02, PNorm = 120.7169, GNorm = 0.1854, lr_0 = 1.3514e-05
Loss = 1.1035e-02, PNorm = 120.7172, GNorm = 0.1227, lr_0 = 1.3442e-05
Loss = 1.1014e-02, PNorm = 120.7177, GNorm = 0.1623, lr_0 = 1.3369e-05
Loss = 1.0210e-02, PNorm = 120.7179, GNorm = 0.1534, lr_0 = 1.3297e-05
Loss = 1.1359e-02, PNorm = 120.7186, GNorm = 0.2225, lr_0 = 1.3226e-05
Loss = 1.2360e-02, PNorm = 120.7193, GNorm = 0.2887, lr_0 = 1.3155e-05
Loss = 9.8391e-03, PNorm = 120.7198, GNorm = 0.1779, lr_0 = 1.3084e-05
Loss = 1.0868e-02, PNorm = 120.7203, GNorm = 0.1976, lr_0 = 1.3014e-05
Loss = 1.1558e-02, PNorm = 120.7210, GNorm = 0.2068, lr_0 = 1.2944e-05
Loss = 1.1142e-02, PNorm = 120.7217, GNorm = 0.1828, lr_0 = 1.2874e-05
Loss = 9.6570e-03, PNorm = 120.7224, GNorm = 0.1822, lr_0 = 1.2805e-05
Loss = 1.2232e-02, PNorm = 120.7231, GNorm = 0.4146, lr_0 = 1.2736e-05
Validation rmse = 28.217565
Epoch 46
Loss = 8.3240e-03, PNorm = 120.7236, GNorm = 0.2111, lr_0 = 1.2668e-05
Loss = 9.3998e-03, PNorm = 120.7241, GNorm = 0.1556, lr_0 = 1.2599e-05
Loss = 8.4823e-03, PNorm = 120.7242, GNorm = 0.1955, lr_0 = 1.2532e-05
Loss = 9.6001e-03, PNorm = 120.7246, GNorm = 0.1762, lr_0 = 1.2464e-05
Loss = 1.1568e-02, PNorm = 120.7252, GNorm = 0.1775, lr_0 = 1.2397e-05
Loss = 1.3099e-02, PNorm = 120.7256, GNorm = 0.1875, lr_0 = 1.2331e-05
Loss = 1.2915e-02, PNorm = 120.7260, GNorm = 0.3340, lr_0 = 1.2264e-05
Loss = 8.8366e-03, PNorm = 120.7263, GNorm = 0.1319, lr_0 = 1.2198e-05
Loss = 1.0019e-02, PNorm = 120.7268, GNorm = 0.3303, lr_0 = 1.2133e-05
Loss = 8.5928e-03, PNorm = 120.7273, GNorm = 0.1249, lr_0 = 1.2068e-05
Loss = 1.2495e-02, PNorm = 120.7279, GNorm = 0.2248, lr_0 = 1.2003e-05
Loss = 1.0393e-02, PNorm = 120.7286, GNorm = 0.2308, lr_0 = 1.1938e-05
Loss = 8.8942e-03, PNorm = 120.7293, GNorm = 0.2560, lr_0 = 1.1874e-05
Loss = 1.2129e-02, PNorm = 120.7297, GNorm = 0.1773, lr_0 = 1.1810e-05
Loss = 1.2044e-02, PNorm = 120.7302, GNorm = 0.1418, lr_0 = 1.1747e-05
Loss = 1.2688e-02, PNorm = 120.7307, GNorm = 0.2234, lr_0 = 1.1684e-05
Loss = 1.0548e-02, PNorm = 120.7312, GNorm = 0.3765, lr_0 = 1.1621e-05
Loss = 1.0941e-02, PNorm = 120.7316, GNorm = 0.1374, lr_0 = 1.1558e-05
Loss = 1.1937e-02, PNorm = 120.7321, GNorm = 0.1978, lr_0 = 1.1496e-05
Validation rmse = 28.040244
Epoch 47
Loss = 1.0156e-02, PNorm = 120.7323, GNorm = 0.2009, lr_0 = 1.1428e-05
Loss = 9.5338e-03, PNorm = 120.7328, GNorm = 0.1131, lr_0 = 1.1367e-05
Loss = 9.8787e-03, PNorm = 120.7334, GNorm = 0.1871, lr_0 = 1.1306e-05
Loss = 1.1542e-02, PNorm = 120.7341, GNorm = 0.2223, lr_0 = 1.1245e-05
Loss = 1.0412e-02, PNorm = 120.7346, GNorm = 0.1969, lr_0 = 1.1184e-05
Loss = 1.0764e-02, PNorm = 120.7352, GNorm = 0.1615, lr_0 = 1.1124e-05
Loss = 1.1980e-02, PNorm = 120.7357, GNorm = 0.1777, lr_0 = 1.1064e-05
Loss = 1.1211e-02, PNorm = 120.7363, GNorm = 0.1954, lr_0 = 1.1005e-05
Loss = 7.6267e-03, PNorm = 120.7366, GNorm = 0.3200, lr_0 = 1.0946e-05
Loss = 9.6977e-03, PNorm = 120.7368, GNorm = 0.1109, lr_0 = 1.0887e-05
Loss = 1.2102e-02, PNorm = 120.7371, GNorm = 0.1977, lr_0 = 1.0828e-05
Loss = 1.2991e-02, PNorm = 120.7379, GNorm = 0.1489, lr_0 = 1.0770e-05
Loss = 9.1996e-03, PNorm = 120.7386, GNorm = 0.2659, lr_0 = 1.0712e-05
Loss = 1.1333e-02, PNorm = 120.7391, GNorm = 0.1533, lr_0 = 1.0655e-05
Loss = 9.3176e-03, PNorm = 120.7395, GNorm = 0.1313, lr_0 = 1.0597e-05
Loss = 1.3324e-02, PNorm = 120.7402, GNorm = 0.2831, lr_0 = 1.0540e-05
Loss = 9.0397e-03, PNorm = 120.7406, GNorm = 0.2110, lr_0 = 1.0484e-05
Loss = 1.1458e-02, PNorm = 120.7411, GNorm = 0.3931, lr_0 = 1.0427e-05
Loss = 9.9719e-03, PNorm = 120.7415, GNorm = 0.1310, lr_0 = 1.0371e-05
Validation rmse = 28.259090
Epoch 48
Loss = 9.0052e-03, PNorm = 120.7418, GNorm = 0.1424, lr_0 = 1.0315e-05
Loss = 9.6895e-03, PNorm = 120.7423, GNorm = 0.3637, lr_0 = 1.0260e-05
Loss = 8.3812e-03, PNorm = 120.7428, GNorm = 0.1336, lr_0 = 1.0205e-05
Loss = 1.0557e-02, PNorm = 120.7431, GNorm = 0.1366, lr_0 = 1.0150e-05
Loss = 1.0477e-02, PNorm = 120.7434, GNorm = 0.1726, lr_0 = 1.0095e-05
Loss = 1.3552e-02, PNorm = 120.7437, GNorm = 0.1613, lr_0 = 1.0041e-05
Loss = 1.2540e-02, PNorm = 120.7441, GNorm = 0.3476, lr_0 = 9.9871e-06
Loss = 1.0004e-02, PNorm = 120.7448, GNorm = 0.1465, lr_0 = 9.9334e-06
Loss = 8.6703e-03, PNorm = 120.7451, GNorm = 0.1832, lr_0 = 9.8800e-06
Loss = 1.0083e-02, PNorm = 120.7455, GNorm = 0.2166, lr_0 = 9.8269e-06
Loss = 1.1600e-02, PNorm = 120.7459, GNorm = 0.1465, lr_0 = 9.7741e-06
Loss = 1.1823e-02, PNorm = 120.7464, GNorm = 0.2753, lr_0 = 9.7215e-06
Loss = 1.0968e-02, PNorm = 120.7469, GNorm = 0.1641, lr_0 = 9.6692e-06
Loss = 9.7695e-03, PNorm = 120.7475, GNorm = 0.1302, lr_0 = 9.6172e-06
Loss = 1.1669e-02, PNorm = 120.7479, GNorm = 0.1243, lr_0 = 9.5655e-06
Loss = 1.1673e-02, PNorm = 120.7481, GNorm = 0.2768, lr_0 = 9.5141e-06
Loss = 9.2467e-03, PNorm = 120.7482, GNorm = 0.2528, lr_0 = 9.4629e-06
Loss = 8.7514e-03, PNorm = 120.7485, GNorm = 0.1596, lr_0 = 9.4121e-06
Validation rmse = 28.097248
Epoch 49
Loss = 1.3842e-02, PNorm = 120.7489, GNorm = 0.2272, lr_0 = 9.3564e-06
Loss = 1.0392e-02, PNorm = 120.7493, GNorm = 0.1384, lr_0 = 9.3061e-06
Loss = 1.0223e-02, PNorm = 120.7498, GNorm = 0.2085, lr_0 = 9.2561e-06
Loss = 1.0909e-02, PNorm = 120.7502, GNorm = 0.1715, lr_0 = 9.2063e-06
Loss = 8.9629e-03, PNorm = 120.7506, GNorm = 0.1357, lr_0 = 9.1568e-06
Loss = 9.8738e-03, PNorm = 120.7510, GNorm = 0.2958, lr_0 = 9.1076e-06
Loss = 9.3956e-03, PNorm = 120.7512, GNorm = 0.1551, lr_0 = 9.0586e-06
Loss = 1.3711e-02, PNorm = 120.7517, GNorm = 0.1943, lr_0 = 9.0099e-06
Loss = 9.8715e-03, PNorm = 120.7520, GNorm = 0.1391, lr_0 = 8.9615e-06
Loss = 9.8716e-03, PNorm = 120.7523, GNorm = 0.3517, lr_0 = 8.9133e-06
Loss = 1.1556e-02, PNorm = 120.7528, GNorm = 0.1660, lr_0 = 8.8653e-06
Loss = 1.2933e-02, PNorm = 120.7531, GNorm = 0.1568, lr_0 = 8.8177e-06
Loss = 9.5906e-03, PNorm = 120.7537, GNorm = 0.1178, lr_0 = 8.7703e-06
Loss = 9.9265e-03, PNorm = 120.7539, GNorm = 0.1869, lr_0 = 8.7231e-06
Loss = 1.1319e-02, PNorm = 120.7543, GNorm = 0.1758, lr_0 = 8.7043e-06
Loss = 1.0167e-02, PNorm = 120.7546, GNorm = 0.1800, lr_0 = 8.7043e-06
Loss = 1.0084e-02, PNorm = 120.7549, GNorm = 0.1891, lr_0 = 8.7043e-06
Loss = 1.0679e-02, PNorm = 120.7553, GNorm = 0.2558, lr_0 = 8.7043e-06
Loss = 1.0703e-02, PNorm = 120.7559, GNorm = 0.2823, lr_0 = 8.7043e-06
Validation rmse = 28.029584
Model 0 best validation rmse = 27.918816 on epoch 36
Loading pretrained parameter "encoder.encoder.0.cached_zero_vector".
Loading pretrained parameter "encoder.encoder.0.W_i.weight".
Loading pretrained parameter "encoder.encoder.0.W_h.weight".
Loading pretrained parameter "encoder.encoder.0.W_o.weight".
Loading pretrained parameter "encoder.encoder.0.W_o.bias".
Loading pretrained parameter "encoder.encoder.1.cached_zero_vector".
Loading pretrained parameter "encoder.encoder.1.W_i.weight".
Loading pretrained parameter "encoder.encoder.1.W_h.weight".
Loading pretrained parameter "encoder.encoder.1.W_o.weight".
Loading pretrained parameter "encoder.encoder.1.W_o.bias".
Loading pretrained parameter "ffn.1.weight".
Loading pretrained parameter "ffn.1.bias".
Loading pretrained parameter "ffn.4.weight".
Loading pretrained parameter "ffn.4.bias".
Moving model to cuda
Model 0 test rmse = 27.367350
Ensemble test rmse = 27.367350
1-fold cross validation
	Seed 0 ==> test rmse = 27.367350
Overall test rmse = 27.367350 +/- 0.000000
Elapsed time = 0:41:08
