Command line
python /home/kpg/chemprop/train.py --data_path ../../../data/splits/lambda_max_abs/deep4chem/group_by_smiles/smiles_target_train.csv --dataset_type regression --save_dir /home/kimele03/uvvisml/uvvisml/models/quantum_yield_checkpoints/random/results/507322/49675659 --config_path /home/kimele03/uvvisml/uvvisml/models/quantum_yield_checkpoints/random/results/507322/49675659/hyperopt.json --metric rmse --epochs 50 --gpu 0 --ensemble_size 1 --separate_val_path ../../../data/splits/lambda_max_abs/deep4chem/group_by_smiles/smiles_target_val.csv --separate_test_path ../../../data/splits/lambda_max_abs/deep4chem/group_by_smiles/smiles_target_test.csv --number_of_molecules 2
Args
{'activation': 'ReLU',
 'aggregation': 'mean',
 'aggregation_norm': 100,
 'atom_descriptor_scaling': True,
 'atom_descriptors': None,
 'atom_descriptors_path': None,
 'atom_descriptors_size': 0,
 'atom_features_size': 0,
 'atom_messages': False,
 'batch_size': 60,
 'bias': False,
 'bond_feature_scaling': True,
 'bond_features_path': None,
 'bond_features_size': 0,
 'cache_cutoff': 10000,
 'checkpoint_dir': None,
 'checkpoint_frzn': None,
 'checkpoint_path': None,
 'checkpoint_paths': None,
 'class_balance': False,
 'config_path': '/home/kimele03/uvvisml/uvvisml/models/quantum_yield_checkpoints/random/results/507322/49675659/hyperopt.json',
 'crossval_index_dir': None,
 'crossval_index_file': None,
 'crossval_index_sets': None,
 'cuda': True,
 'data_path': '../../../data/splits/lambda_max_abs/deep4chem/group_by_smiles/smiles_target_train.csv',
 'data_weights_path': None,
 'dataset_type': 'regression',
 'depth': 4,
 'device': device(type='cuda', index=0),
 'dropout': 0.1777678198903351,
 'empty_cache': False,
 'ensemble_size': 1,
 'epochs': 50,
 'explicit_h': False,
 'extra_metrics': [],
 'features_generator': None,
 'features_only': False,
 'features_path': None,
 'features_scaling': True,
 'features_size': None,
 'ffn_hidden_size': 511,
 'ffn_num_layers': 2,
 'final_lr': 0.001,
 'folds_file': None,
 'freeze_first_only': False,
 'frzn_ffn_layers': 0,
 'gpu': 0,
 'grad_clip': None,
 'hidden_size': 1051,
 'ignore_columns': None,
 'init_lr': 0.0009603426801666211,
 'log_frequency': 10,
 'max_data_size': None,
 'max_lr': 0.001,
 'metric': 'rmse',
 'metrics': ['rmse'],
 'minimize_score': True,
 'mpn_shared': False,
 'multiclass_num_classes': 3,
 'no_atom_descriptor_scaling': False,
 'no_bond_features_scaling': False,
 'no_cache_mol': False,
 'no_cuda': False,
 'no_features_scaling': False,
 'num_folds': 1,
 'num_lrs': 1,
 'num_tasks': 1,
 'num_workers': 8,
 'number_of_molecules': 2,
 'overwrite_default_atom_features': False,
 'overwrite_default_bond_features': False,
 'pytorch_seed': 0,
 'quiet': False,
 'reaction': False,
 'reaction_mode': 'reac_diff',
 'resume_experiment': False,
 'save_dir': '/home/kimele03/uvvisml/uvvisml/models/quantum_yield_checkpoints/random/results/507322/49675659',
 'save_preds': False,
 'save_smiles_splits': False,
 'seed': 0,
 'separate_test_atom_descriptors_path': None,
 'separate_test_bond_features_path': None,
 'separate_test_features_path': None,
 'separate_test_path': '../../../data/splits/lambda_max_abs/deep4chem/group_by_smiles/smiles_target_test.csv',
 'separate_val_atom_descriptors_path': None,
 'separate_val_bond_features_path': None,
 'separate_val_features_path': None,
 'separate_val_path': '../../../data/splits/lambda_max_abs/deep4chem/group_by_smiles/smiles_target_val.csv',
 'show_individual_scores': False,
 'smiles_columns': ['smiles', 'solvent'],
 'split_sizes': (0.8, 0.1, 0.1),
 'split_type': 'random',
 'target_columns': None,
 'target_weights': None,
 'task_names': ['peakwavs_max'],
 'test': False,
 'test_fold_index': None,
 'train_data_size': None,
 'undirected': False,
 'use_input_features': False,
 'val_fold_index': None,
 'warmup_epochs': 2}
Loading data
Number of tasks = 1
Fold 0
Splitting data with seed 0
Total size = 13,242 | train size = 13,242 | val size = 1,633 | test size = 1,710
Fitting scaler
Building model 0
MoleculeModel(
  (encoder): MPN(
    (encoder): ModuleList(
      (0): MPNEncoder(
        (dropout_layer): Dropout(p=0.1777678198903351, inplace=False)
        (act_func): ReLU()
        (W_i): Linear(in_features=147, out_features=1051, bias=False)
        (W_h): Linear(in_features=1051, out_features=1051, bias=False)
        (W_o): Linear(in_features=1184, out_features=1051, bias=True)
      )
      (1): MPNEncoder(
        (dropout_layer): Dropout(p=0.1777678198903351, inplace=False)
        (act_func): ReLU()
        (W_i): Linear(in_features=147, out_features=1051, bias=False)
        (W_h): Linear(in_features=1051, out_features=1051, bias=False)
        (W_o): Linear(in_features=1184, out_features=1051, bias=True)
      )
    )
  )
  (ffn): Sequential(
    (0): Dropout(p=0.1777678198903351, inplace=False)
    (1): Linear(in_features=2102, out_features=511, bias=True)
    (2): ReLU()
    (3): Dropout(p=0.1777678198903351, inplace=False)
    (4): Linear(in_features=511, out_features=1, bias=True)
  )
)
Number of parameters = 6,086,313
Moving model to cuda
Epoch 0
Loss = 4.3014e+00, PNorm = 75.6501, GNorm = 2.2978, lr_0 = 9.6133e-04
Loss = 9.4946e-01, PNorm = 75.9738, GNorm = 0.6630, lr_0 = 9.6224e-04
Loss = 8.8063e-01, PNorm = 76.1432, GNorm = 4.5083, lr_0 = 9.6314e-04
Loss = 8.9573e-01, PNorm = 76.2302, GNorm = 1.2353, lr_0 = 9.6404e-04
Loss = 1.0554e+00, PNorm = 76.2822, GNorm = 0.8712, lr_0 = 9.6494e-04
Loss = 8.8893e-01, PNorm = 76.3224, GNorm = 2.6070, lr_0 = 9.6584e-04
Loss = 8.4186e-01, PNorm = 76.3633, GNorm = 1.8552, lr_0 = 9.6674e-04
Loss = 5.8481e-01, PNorm = 76.4028, GNorm = 0.4402, lr_0 = 9.6764e-04
Loss = 7.5973e-01, PNorm = 76.4441, GNorm = 2.0484, lr_0 = 9.6854e-04
Loss = 7.9460e-01, PNorm = 76.4963, GNorm = 3.6206, lr_0 = 9.6945e-04
Loss = 7.2296e-01, PNorm = 76.5437, GNorm = 5.1940, lr_0 = 9.7035e-04
Loss = 7.9748e-01, PNorm = 76.5947, GNorm = 4.6178, lr_0 = 9.7125e-04
Loss = 5.9198e-01, PNorm = 76.6605, GNorm = 2.9474, lr_0 = 9.7215e-04
Loss = 5.4113e-01, PNorm = 76.7357, GNorm = 3.8211, lr_0 = 9.7305e-04
Loss = 5.1836e-01, PNorm = 76.7847, GNorm = 1.5004, lr_0 = 9.7395e-04
Loss = 6.2012e-01, PNorm = 76.8477, GNorm = 7.7195, lr_0 = 9.7485e-04
Loss = 5.5635e-01, PNorm = 76.9010, GNorm = 0.9221, lr_0 = 9.7575e-04
Loss = 5.6152e-01, PNorm = 76.9578, GNorm = 1.2366, lr_0 = 9.7666e-04
Loss = 5.3356e-01, PNorm = 77.0189, GNorm = 6.1120, lr_0 = 9.7756e-04
Loss = 5.5226e-01, PNorm = 77.0796, GNorm = 6.4304, lr_0 = 9.7846e-04
Loss = 4.4818e-01, PNorm = 77.1390, GNorm = 2.4462, lr_0 = 9.7936e-04
Loss = 3.3930e-01, PNorm = 77.1972, GNorm = 2.1460, lr_0 = 9.8026e-04
Loss = 2.3932e-01, PNorm = 77.2035, GNorm = 0.7962, lr_0 = 9.8035e-04
Validation rmse = 72.028955
Epoch 1
Loss = 4.6097e-01, PNorm = 77.2661, GNorm = 4.1458, lr_0 = 9.8125e-04
Loss = 3.9771e-01, PNorm = 77.3351, GNorm = 1.7884, lr_0 = 9.8215e-04
Loss = 5.0423e-01, PNorm = 77.4131, GNorm = 4.5841, lr_0 = 9.8306e-04
Loss = 3.9179e-01, PNorm = 77.4900, GNorm = 1.1748, lr_0 = 9.8396e-04
Loss = 3.2554e-01, PNorm = 77.5609, GNorm = 3.1956, lr_0 = 9.8486e-04
Loss = 4.5659e-01, PNorm = 77.6186, GNorm = 0.7938, lr_0 = 9.8576e-04
Loss = 3.2868e-01, PNorm = 77.6919, GNorm = 0.9076, lr_0 = 9.8666e-04
Loss = 3.0657e-01, PNorm = 77.7573, GNorm = 4.5916, lr_0 = 9.8756e-04
Loss = 3.8363e-01, PNorm = 77.8295, GNorm = 3.0151, lr_0 = 9.8846e-04
Loss = 3.2235e-01, PNorm = 77.8904, GNorm = 0.8004, lr_0 = 9.8936e-04
Loss = 3.4225e-01, PNorm = 77.9525, GNorm = 1.1404, lr_0 = 9.9027e-04
Loss = 2.8151e-01, PNorm = 78.0259, GNorm = 1.1307, lr_0 = 9.9117e-04
Loss = 4.1438e-01, PNorm = 78.1073, GNorm = 0.7499, lr_0 = 9.9207e-04
Loss = 3.6968e-01, PNorm = 78.2139, GNorm = 2.3200, lr_0 = 9.9297e-04
Loss = 3.5740e-01, PNorm = 78.2939, GNorm = 2.6119, lr_0 = 9.9387e-04
Loss = 3.5055e-01, PNorm = 78.3650, GNorm = 0.5851, lr_0 = 9.9477e-04
Loss = 3.9746e-01, PNorm = 78.4361, GNorm = 3.1904, lr_0 = 9.9567e-04
Loss = 3.8197e-01, PNorm = 78.5146, GNorm = 1.2385, lr_0 = 9.9658e-04
Loss = 3.8929e-01, PNorm = 78.5932, GNorm = 2.0535, lr_0 = 9.9748e-04
Loss = 3.6893e-01, PNorm = 78.6783, GNorm = 1.5298, lr_0 = 9.9838e-04
Loss = 2.7886e-01, PNorm = 78.7692, GNorm = 1.4669, lr_0 = 9.9928e-04
Loss = 3.3223e-01, PNorm = 78.8479, GNorm = 1.3752, lr_0 = 1.0000e-03
Validation rmse = 62.472315
Epoch 2
Loss = 3.0325e-01, PNorm = 78.9209, GNorm = 2.4503, lr_0 = 1.0000e-03
Loss = 2.5735e-01, PNorm = 78.9892, GNorm = 1.6164, lr_0 = 1.0000e-03
Loss = 2.5775e-01, PNorm = 79.0656, GNorm = 2.5049, lr_0 = 1.0000e-03
Loss = 2.6148e-01, PNorm = 79.1430, GNorm = 1.0783, lr_0 = 1.0000e-03
Loss = 2.9746e-01, PNorm = 79.2262, GNorm = 5.7948, lr_0 = 1.0000e-03
Loss = 2.4848e-01, PNorm = 79.2873, GNorm = 1.0351, lr_0 = 1.0000e-03
Loss = 3.0432e-01, PNorm = 79.3584, GNorm = 0.9208, lr_0 = 1.0000e-03
Loss = 3.5083e-01, PNorm = 79.4348, GNorm = 6.6890, lr_0 = 1.0000e-03
Loss = 2.6970e-01, PNorm = 79.5077, GNorm = 3.8539, lr_0 = 1.0000e-03
Loss = 2.7873e-01, PNorm = 79.5908, GNorm = 2.3113, lr_0 = 1.0000e-03
Loss = 2.1343e-01, PNorm = 79.6720, GNorm = 1.7495, lr_0 = 1.0000e-03
Loss = 2.4155e-01, PNorm = 79.7540, GNorm = 1.4275, lr_0 = 1.0000e-03
Loss = 2.6854e-01, PNorm = 79.8366, GNorm = 1.5727, lr_0 = 1.0000e-03
Loss = 2.4356e-01, PNorm = 79.9195, GNorm = 1.4790, lr_0 = 1.0000e-03
Loss = 2.5797e-01, PNorm = 80.0032, GNorm = 1.2929, lr_0 = 1.0000e-03
Loss = 2.3112e-01, PNorm = 80.0855, GNorm = 1.7458, lr_0 = 1.0000e-03
Loss = 2.4565e-01, PNorm = 80.1604, GNorm = 1.8799, lr_0 = 1.0000e-03
Loss = 2.3337e-01, PNorm = 80.2660, GNorm = 1.3451, lr_0 = 1.0000e-03
Loss = 2.1633e-01, PNorm = 80.3431, GNorm = 1.6585, lr_0 = 1.0000e-03
Loss = 1.7775e-01, PNorm = 80.4120, GNorm = 1.7393, lr_0 = 1.0000e-03
Loss = 2.3436e-01, PNorm = 80.4848, GNorm = 2.9582, lr_0 = 1.0000e-03
Loss = 2.0530e-01, PNorm = 80.5682, GNorm = 0.8270, lr_0 = 1.0000e-03
Validation rmse = 50.710903
Epoch 3
Loss = 1.6972e-01, PNorm = 80.6483, GNorm = 3.4492, lr_0 = 1.0000e-03
Loss = 1.8333e-01, PNorm = 80.7282, GNorm = 0.7032, lr_0 = 1.0000e-03
Loss = 1.5422e-01, PNorm = 80.7955, GNorm = 1.9628, lr_0 = 1.0000e-03
Loss = 1.9576e-01, PNorm = 80.8765, GNorm = 1.2556, lr_0 = 1.0000e-03
Loss = 1.8058e-01, PNorm = 80.9516, GNorm = 1.4291, lr_0 = 1.0000e-03
Loss = 2.3788e-01, PNorm = 81.0333, GNorm = 1.2481, lr_0 = 1.0000e-03
Loss = 2.0619e-01, PNorm = 81.1224, GNorm = 3.0051, lr_0 = 1.0000e-03
Loss = 2.4561e-01, PNorm = 81.2183, GNorm = 8.5100, lr_0 = 1.0000e-03
Loss = 2.1463e-01, PNorm = 81.3130, GNorm = 1.4929, lr_0 = 1.0000e-03
Loss = 2.1459e-01, PNorm = 81.4268, GNorm = 2.9108, lr_0 = 1.0000e-03
Loss = 1.8591e-01, PNorm = 81.5277, GNorm = 4.0307, lr_0 = 1.0000e-03
Loss = 1.6061e-01, PNorm = 81.6123, GNorm = 1.8361, lr_0 = 1.0000e-03
Loss = 1.7784e-01, PNorm = 81.6852, GNorm = 1.1897, lr_0 = 1.0000e-03
Loss = 1.7808e-01, PNorm = 81.7531, GNorm = 4.3434, lr_0 = 1.0000e-03
Loss = 2.1503e-01, PNorm = 81.8354, GNorm = 1.3136, lr_0 = 1.0000e-03
Loss = 1.7242e-01, PNorm = 81.9179, GNorm = 2.3483, lr_0 = 1.0000e-03
Loss = 1.5136e-01, PNorm = 81.9843, GNorm = 0.8999, lr_0 = 1.0000e-03
Loss = 1.6208e-01, PNorm = 82.0657, GNorm = 1.1971, lr_0 = 1.0000e-03
Loss = 1.8247e-01, PNorm = 82.1536, GNorm = 1.4598, lr_0 = 1.0000e-03
Loss = 1.6059e-01, PNorm = 82.2369, GNorm = 3.4197, lr_0 = 1.0000e-03
Loss = 1.9738e-01, PNorm = 82.3180, GNorm = 2.7329, lr_0 = 1.0000e-03
Loss = 1.8472e-01, PNorm = 82.3979, GNorm = 2.6315, lr_0 = 1.0000e-03
Validation rmse = 50.747135
Epoch 4
Loss = 2.1441e-01, PNorm = 82.4935, GNorm = 0.7332, lr_0 = 1.0000e-03
Loss = 1.7965e-01, PNorm = 82.5980, GNorm = 1.6621, lr_0 = 1.0000e-03
Loss = 1.3273e-01, PNorm = 82.6856, GNorm = 1.1942, lr_0 = 1.0000e-03
Loss = 1.2864e-01, PNorm = 82.7587, GNorm = 0.6006, lr_0 = 1.0000e-03
Loss = 1.5664e-01, PNorm = 82.8361, GNorm = 1.7908, lr_0 = 1.0000e-03
Loss = 1.7952e-01, PNorm = 82.9174, GNorm = 2.7438, lr_0 = 1.0000e-03
Loss = 1.6431e-01, PNorm = 82.9939, GNorm = 4.1178, lr_0 = 1.0000e-03
Loss = 1.8027e-01, PNorm = 83.0861, GNorm = 2.6942, lr_0 = 1.0000e-03
Loss = 1.8858e-01, PNorm = 83.1767, GNorm = 1.2466, lr_0 = 1.0000e-03
Loss = 1.3439e-01, PNorm = 83.2610, GNorm = 0.6859, lr_0 = 1.0000e-03
Loss = 1.3656e-01, PNorm = 83.3321, GNorm = 1.0223, lr_0 = 1.0000e-03
Loss = 1.3204e-01, PNorm = 83.3998, GNorm = 1.0610, lr_0 = 1.0000e-03
Loss = 1.4304e-01, PNorm = 83.4669, GNorm = 0.6980, lr_0 = 1.0000e-03
Loss = 1.7952e-01, PNorm = 83.5496, GNorm = 0.7760, lr_0 = 1.0000e-03
Loss = 1.2789e-01, PNorm = 83.6180, GNorm = 1.7271, lr_0 = 1.0000e-03
Loss = 1.4763e-01, PNorm = 83.6872, GNorm = 1.1431, lr_0 = 1.0000e-03
Loss = 1.1539e-01, PNorm = 83.7573, GNorm = 0.9498, lr_0 = 1.0000e-03
Loss = 1.2525e-01, PNorm = 83.8292, GNorm = 0.7964, lr_0 = 1.0000e-03
Loss = 1.3365e-01, PNorm = 83.8957, GNorm = 1.4015, lr_0 = 1.0000e-03
Loss = 1.1710e-01, PNorm = 83.9614, GNorm = 0.8480, lr_0 = 1.0000e-03
Loss = 1.3881e-01, PNorm = 84.0381, GNorm = 0.8086, lr_0 = 1.0000e-03
Loss = 1.1758e-01, PNorm = 84.1113, GNorm = 2.0677, lr_0 = 1.0000e-03
Validation rmse = 49.319903
Epoch 5
Loss = 1.5672e-01, PNorm = 84.1864, GNorm = 1.4415, lr_0 = 1.0000e-03
Loss = 1.4757e-01, PNorm = 84.2667, GNorm = 3.7068, lr_0 = 1.0000e-03
Loss = 1.4080e-01, PNorm = 84.3366, GNorm = 3.1728, lr_0 = 1.0000e-03
Loss = 1.4280e-01, PNorm = 84.4119, GNorm = 0.9199, lr_0 = 1.0000e-03
Loss = 1.1937e-01, PNorm = 84.4843, GNorm = 1.6072, lr_0 = 1.0000e-03
Loss = 1.4990e-01, PNorm = 84.5467, GNorm = 2.1254, lr_0 = 1.0000e-03
Loss = 1.3830e-01, PNorm = 84.6179, GNorm = 1.0388, lr_0 = 1.0000e-03
Loss = 1.2643e-01, PNorm = 84.6890, GNorm = 1.7431, lr_0 = 1.0000e-03
Loss = 1.1821e-01, PNorm = 84.7576, GNorm = 0.6662, lr_0 = 1.0000e-03
Loss = 1.3115e-01, PNorm = 84.8357, GNorm = 1.0602, lr_0 = 1.0000e-03
Loss = 1.3576e-01, PNorm = 84.9027, GNorm = 1.1603, lr_0 = 1.0000e-03
Loss = 1.3062e-01, PNorm = 84.9796, GNorm = 0.6680, lr_0 = 1.0000e-03
Loss = 9.2319e-02, PNorm = 85.0460, GNorm = 0.7792, lr_0 = 1.0000e-03
Loss = 1.1315e-01, PNorm = 85.1154, GNorm = 0.9793, lr_0 = 1.0000e-03
Loss = 1.1144e-01, PNorm = 85.1702, GNorm = 1.1113, lr_0 = 1.0000e-03
Loss = 1.0009e-01, PNorm = 85.2438, GNorm = 1.1119, lr_0 = 1.0000e-03
Loss = 1.1252e-01, PNorm = 85.3160, GNorm = 2.2199, lr_0 = 1.0000e-03
Loss = 1.4893e-01, PNorm = 85.3914, GNorm = 3.7044, lr_0 = 1.0000e-03
Loss = 9.8469e-02, PNorm = 85.4763, GNorm = 0.8624, lr_0 = 1.0000e-03
Loss = 9.4838e-02, PNorm = 85.5436, GNorm = 1.1444, lr_0 = 1.0000e-03
Loss = 1.0103e-01, PNorm = 85.6024, GNorm = 0.8293, lr_0 = 1.0000e-03
Loss = 1.0791e-01, PNorm = 85.6722, GNorm = 0.7063, lr_0 = 1.0000e-03
Validation rmse = 40.548314
Epoch 6
Loss = 1.1693e-01, PNorm = 85.7438, GNorm = 2.4272, lr_0 = 1.0000e-03
Loss = 8.8729e-02, PNorm = 85.8155, GNorm = 0.5902, lr_0 = 1.0000e-03
Loss = 9.1316e-02, PNorm = 85.8746, GNorm = 1.8598, lr_0 = 1.0000e-03
Loss = 1.1383e-01, PNorm = 85.9449, GNorm = 1.2282, lr_0 = 1.0000e-03
Loss = 9.5160e-02, PNorm = 85.9996, GNorm = 0.6682, lr_0 = 1.0000e-03
Loss = 1.0303e-01, PNorm = 86.0596, GNorm = 0.6211, lr_0 = 1.0000e-03
Loss = 1.3505e-01, PNorm = 86.1325, GNorm = 1.0096, lr_0 = 1.0000e-03
Loss = 9.4089e-02, PNorm = 86.2068, GNorm = 0.6713, lr_0 = 1.0000e-03
Loss = 1.2331e-01, PNorm = 86.2821, GNorm = 0.8919, lr_0 = 1.0000e-03
Loss = 1.0317e-01, PNorm = 86.3702, GNorm = 1.7069, lr_0 = 1.0000e-03
Loss = 1.0807e-01, PNorm = 86.4411, GNorm = 3.6021, lr_0 = 1.0000e-03
Loss = 1.1227e-01, PNorm = 86.5172, GNorm = 1.0194, lr_0 = 1.0000e-03
Loss = 1.2496e-01, PNorm = 86.5741, GNorm = 1.5055, lr_0 = 1.0000e-03
Loss = 1.1997e-01, PNorm = 86.6564, GNorm = 1.9393, lr_0 = 1.0000e-03
Loss = 1.1258e-01, PNorm = 86.7304, GNorm = 1.1675, lr_0 = 1.0000e-03
Loss = 9.3954e-02, PNorm = 86.8048, GNorm = 0.6435, lr_0 = 1.0000e-03
Loss = 8.9769e-02, PNorm = 86.8807, GNorm = 0.6218, lr_0 = 1.0000e-03
Loss = 1.0792e-01, PNorm = 86.9424, GNorm = 1.9194, lr_0 = 1.0000e-03
Loss = 1.0072e-01, PNorm = 87.0091, GNorm = 1.4075, lr_0 = 1.0000e-03
Loss = 1.1143e-01, PNorm = 87.0849, GNorm = 0.9413, lr_0 = 1.0000e-03
Loss = 1.0130e-01, PNorm = 87.1577, GNorm = 0.8845, lr_0 = 1.0000e-03
Loss = 1.1331e-01, PNorm = 87.2366, GNorm = 1.5426, lr_0 = 1.0000e-03
Validation rmse = 37.336784
Epoch 7
Loss = 9.3403e-02, PNorm = 87.3200, GNorm = 1.4941, lr_0 = 1.0000e-03
Loss = 1.0301e-01, PNorm = 87.3739, GNorm = 1.3598, lr_0 = 1.0000e-03
Loss = 1.0772e-01, PNorm = 87.4489, GNorm = 0.7434, lr_0 = 1.0000e-03
Loss = 1.0471e-01, PNorm = 87.5203, GNorm = 0.5606, lr_0 = 1.0000e-03
Loss = 1.0264e-01, PNorm = 87.5727, GNorm = 0.9666, lr_0 = 1.0000e-03
Loss = 9.5760e-02, PNorm = 87.6386, GNorm = 1.3966, lr_0 = 1.0000e-03
Loss = 8.7750e-02, PNorm = 87.7038, GNorm = 1.3111, lr_0 = 1.0000e-03
Loss = 9.8129e-02, PNorm = 87.7632, GNorm = 2.4109, lr_0 = 1.0000e-03
Loss = 1.2260e-01, PNorm = 87.8346, GNorm = 0.6873, lr_0 = 1.0000e-03
Loss = 1.1432e-01, PNorm = 87.9031, GNorm = 1.1190, lr_0 = 1.0000e-03
Loss = 9.4776e-02, PNorm = 87.9554, GNorm = 1.0494, lr_0 = 1.0000e-03
Loss = 9.8736e-02, PNorm = 88.0183, GNorm = 0.9256, lr_0 = 1.0000e-03
Loss = 9.0772e-02, PNorm = 88.0828, GNorm = 1.8239, lr_0 = 1.0000e-03
Loss = 1.0362e-01, PNorm = 88.1548, GNorm = 0.6298, lr_0 = 1.0000e-03
Loss = 8.7370e-02, PNorm = 88.2346, GNorm = 1.4490, lr_0 = 1.0000e-03
Loss = 1.2222e-01, PNorm = 88.3049, GNorm = 2.9281, lr_0 = 1.0000e-03
Loss = 1.1624e-01, PNorm = 88.3830, GNorm = 0.5783, lr_0 = 1.0000e-03
Loss = 1.1272e-01, PNorm = 88.4500, GNorm = 1.7458, lr_0 = 1.0000e-03
Loss = 9.5044e-02, PNorm = 88.5203, GNorm = 1.5242, lr_0 = 1.0000e-03
Loss = 1.0297e-01, PNorm = 88.5919, GNorm = 0.4300, lr_0 = 1.0000e-03
Loss = 1.0460e-01, PNorm = 88.6631, GNorm = 1.1032, lr_0 = 1.0000e-03
Loss = 9.0542e-02, PNorm = 88.7272, GNorm = 1.3224, lr_0 = 1.0000e-03
Validation rmse = 35.139688
Epoch 8
Loss = 6.6370e-02, PNorm = 88.7838, GNorm = 0.7084, lr_0 = 1.0000e-03
Loss = 8.6665e-02, PNorm = 88.8402, GNorm = 0.6985, lr_0 = 1.0000e-03
Loss = 8.5146e-02, PNorm = 88.8928, GNorm = 1.3362, lr_0 = 1.0000e-03
Loss = 7.0656e-02, PNorm = 88.9501, GNorm = 0.8029, lr_0 = 1.0000e-03
Loss = 8.7727e-02, PNorm = 89.0169, GNorm = 1.5304, lr_0 = 1.0000e-03
Loss = 9.9189e-02, PNorm = 89.0844, GNorm = 2.9943, lr_0 = 1.0000e-03
Loss = 8.2176e-02, PNorm = 89.1399, GNorm = 1.5009, lr_0 = 1.0000e-03
Loss = 9.2140e-02, PNorm = 89.1941, GNorm = 1.2248, lr_0 = 1.0000e-03
Loss = 9.7845e-02, PNorm = 89.2626, GNorm = 1.3774, lr_0 = 1.0000e-03
Loss = 9.4136e-02, PNorm = 89.3327, GNorm = 0.8202, lr_0 = 1.0000e-03
Loss = 1.0167e-01, PNorm = 89.3944, GNorm = 0.3247, lr_0 = 1.0000e-03
Loss = 7.9666e-02, PNorm = 89.4580, GNorm = 1.4640, lr_0 = 1.0000e-03
Loss = 8.1879e-02, PNorm = 89.5158, GNorm = 0.8054, lr_0 = 1.0000e-03
Loss = 8.9038e-02, PNorm = 89.5613, GNorm = 1.4035, lr_0 = 1.0000e-03
Loss = 8.3587e-02, PNorm = 89.6230, GNorm = 0.4481, lr_0 = 1.0000e-03
Loss = 8.3667e-02, PNorm = 89.6857, GNorm = 0.6217, lr_0 = 1.0000e-03
Loss = 8.3410e-02, PNorm = 89.7460, GNorm = 0.4718, lr_0 = 1.0000e-03
Loss = 8.8865e-02, PNorm = 89.8139, GNorm = 0.9632, lr_0 = 1.0000e-03
Loss = 8.3949e-02, PNorm = 89.8788, GNorm = 1.3240, lr_0 = 1.0000e-03
Loss = 9.3625e-02, PNorm = 89.9500, GNorm = 0.6145, lr_0 = 1.0000e-03
Loss = 8.8500e-02, PNorm = 90.0108, GNorm = 0.7893, lr_0 = 1.0000e-03
Loss = 8.3198e-02, PNorm = 90.0620, GNorm = 1.2704, lr_0 = 1.0000e-03
Validation rmse = 36.523739
Epoch 9
Loss = 8.4439e-02, PNorm = 90.1289, GNorm = 1.3587, lr_0 = 1.0000e-03
Loss = 8.6573e-02, PNorm = 90.1996, GNorm = 0.6395, lr_0 = 1.0000e-03
Loss = 8.0057e-02, PNorm = 90.2581, GNorm = 1.0305, lr_0 = 1.0000e-03
Loss = 7.8023e-02, PNorm = 90.3233, GNorm = 0.7430, lr_0 = 1.0000e-03
Loss = 7.6233e-02, PNorm = 90.3886, GNorm = 0.4219, lr_0 = 1.0000e-03
Loss = 7.6615e-02, PNorm = 90.4392, GNorm = 0.7127, lr_0 = 1.0000e-03
Loss = 7.6459e-02, PNorm = 90.4930, GNorm = 0.4165, lr_0 = 1.0000e-03
Loss = 8.0154e-02, PNorm = 90.5377, GNorm = 1.2852, lr_0 = 1.0000e-03
Loss = 7.2811e-02, PNorm = 90.5863, GNorm = 0.7751, lr_0 = 1.0000e-03
Loss = 1.0236e-01, PNorm = 90.6443, GNorm = 1.7754, lr_0 = 1.0000e-03
Loss = 7.5742e-02, PNorm = 90.7284, GNorm = 1.0871, lr_0 = 1.0000e-03
Loss = 8.4363e-02, PNorm = 90.7853, GNorm = 1.0605, lr_0 = 1.0000e-03
Loss = 1.0023e-01, PNorm = 90.8589, GNorm = 1.8345, lr_0 = 1.0000e-03
Loss = 7.7513e-02, PNorm = 90.9266, GNorm = 0.5291, lr_0 = 1.0000e-03
Loss = 8.0533e-02, PNorm = 90.9877, GNorm = 0.6314, lr_0 = 1.0000e-03
Loss = 8.4474e-02, PNorm = 91.0411, GNorm = 1.4608, lr_0 = 1.0000e-03
Loss = 8.2639e-02, PNorm = 91.0980, GNorm = 0.6438, lr_0 = 1.0000e-03
Loss = 8.4047e-02, PNorm = 91.1593, GNorm = 0.9281, lr_0 = 1.0000e-03
Loss = 7.4047e-02, PNorm = 91.2208, GNorm = 1.2178, lr_0 = 1.0000e-03
Loss = 8.1871e-02, PNorm = 91.2800, GNorm = 1.5271, lr_0 = 1.0000e-03
Loss = 8.1256e-02, PNorm = 91.3424, GNorm = 0.7590, lr_0 = 1.0000e-03
Loss = 7.4376e-02, PNorm = 91.4079, GNorm = 1.1468, lr_0 = 1.0000e-03
Validation rmse = 34.127091
Epoch 10
Loss = 5.4962e-02, PNorm = 91.4593, GNorm = 0.3877, lr_0 = 1.0000e-03
Loss = 6.5785e-02, PNorm = 91.5152, GNorm = 0.6620, lr_0 = 1.0000e-03
Loss = 7.2839e-02, PNorm = 91.5760, GNorm = 0.7948, lr_0 = 1.0000e-03
Loss = 6.6549e-02, PNorm = 91.6192, GNorm = 0.7377, lr_0 = 1.0000e-03
Loss = 6.2060e-02, PNorm = 91.6599, GNorm = 0.4043, lr_0 = 1.0000e-03
Loss = 7.7144e-02, PNorm = 91.7045, GNorm = 1.2035, lr_0 = 1.0000e-03
Loss = 7.2085e-02, PNorm = 91.7588, GNorm = 1.1034, lr_0 = 1.0000e-03
Loss = 7.6189e-02, PNorm = 91.8203, GNorm = 3.7333, lr_0 = 1.0000e-03
Loss = 8.6743e-02, PNorm = 91.8876, GNorm = 0.5831, lr_0 = 1.0000e-03
Loss = 6.8758e-02, PNorm = 91.9475, GNorm = 0.8314, lr_0 = 1.0000e-03
Loss = 7.6599e-02, PNorm = 92.0050, GNorm = 0.4828, lr_0 = 1.0000e-03
Loss = 6.6800e-02, PNorm = 92.0769, GNorm = 0.6689, lr_0 = 1.0000e-03
Loss = 8.0129e-02, PNorm = 92.1468, GNorm = 0.7355, lr_0 = 1.0000e-03
Loss = 9.3098e-02, PNorm = 92.2220, GNorm = 1.7570, lr_0 = 1.0000e-03
Loss = 9.9527e-02, PNorm = 92.2997, GNorm = 1.6341, lr_0 = 1.0000e-03
Loss = 8.7555e-02, PNorm = 92.3648, GNorm = 0.9253, lr_0 = 1.0000e-03
Loss = 1.0364e-01, PNorm = 92.4364, GNorm = 1.9231, lr_0 = 1.0000e-03
Loss = 7.8272e-02, PNorm = 92.5102, GNorm = 0.8408, lr_0 = 1.0000e-03
Loss = 7.3578e-02, PNorm = 92.5701, GNorm = 0.7262, lr_0 = 1.0000e-03
Loss = 8.9920e-02, PNorm = 92.6337, GNorm = 1.1170, lr_0 = 1.0000e-03
Loss = 6.6956e-02, PNorm = 92.6975, GNorm = 0.4520, lr_0 = 1.0000e-03
Loss = 7.8320e-02, PNorm = 92.7697, GNorm = 0.9283, lr_0 = 1.0000e-03
Validation rmse = 31.773245
Epoch 11
Loss = 1.1183e-01, PNorm = 92.8412, GNorm = 1.3624, lr_0 = 1.0000e-03
Loss = 5.3740e-02, PNorm = 92.8980, GNorm = 0.3612, lr_0 = 1.0000e-03
Loss = 6.6080e-02, PNorm = 92.9563, GNorm = 0.5157, lr_0 = 1.0000e-03
Loss = 8.0641e-02, PNorm = 93.0213, GNorm = 0.9677, lr_0 = 1.0000e-03
Loss = 7.1897e-02, PNorm = 93.0836, GNorm = 1.2107, lr_0 = 1.0000e-03
Loss = 6.4608e-02, PNorm = 93.1437, GNorm = 0.4826, lr_0 = 1.0000e-03
Loss = 6.3446e-02, PNorm = 93.1929, GNorm = 0.5994, lr_0 = 1.0000e-03
Loss = 7.2593e-02, PNorm = 93.2316, GNorm = 1.1613, lr_0 = 1.0000e-03
Loss = 6.3653e-02, PNorm = 93.2822, GNorm = 0.9994, lr_0 = 1.0000e-03
Loss = 6.6046e-02, PNorm = 93.3303, GNorm = 0.7361, lr_0 = 1.0000e-03
Loss = 7.8245e-02, PNorm = 93.3732, GNorm = 0.7411, lr_0 = 1.0000e-03
Loss = 7.7401e-02, PNorm = 93.4283, GNorm = 1.0509, lr_0 = 1.0000e-03
Loss = 7.4462e-02, PNorm = 93.4979, GNorm = 0.8400, lr_0 = 1.0000e-03
Loss = 6.0265e-02, PNorm = 93.5621, GNorm = 0.5817, lr_0 = 1.0000e-03
Loss = 7.4890e-02, PNorm = 93.6088, GNorm = 0.6966, lr_0 = 1.0000e-03
Loss = 5.5998e-02, PNorm = 93.6507, GNorm = 1.0782, lr_0 = 1.0000e-03
Loss = 7.4822e-02, PNorm = 93.7107, GNorm = 0.8076, lr_0 = 1.0000e-03
Loss = 8.4843e-02, PNorm = 93.7778, GNorm = 1.6528, lr_0 = 1.0000e-03
Loss = 7.0323e-02, PNorm = 93.8543, GNorm = 0.6023, lr_0 = 1.0000e-03
Loss = 5.6464e-02, PNorm = 93.9145, GNorm = 1.8231, lr_0 = 1.0000e-03
Loss = 6.9142e-02, PNorm = 93.9701, GNorm = 0.6565, lr_0 = 1.0000e-03
Loss = 6.1415e-02, PNorm = 94.0259, GNorm = 0.3852, lr_0 = 1.0000e-03
Validation rmse = 31.902340
Epoch 12
Loss = 6.2447e-02, PNorm = 94.0659, GNorm = 0.6561, lr_0 = 1.0000e-03
Loss = 5.7594e-02, PNorm = 94.1121, GNorm = 1.0159, lr_0 = 1.0000e-03
Loss = 5.9844e-02, PNorm = 94.1514, GNorm = 1.0857, lr_0 = 1.0000e-03
Loss = 5.6468e-02, PNorm = 94.2047, GNorm = 0.3784, lr_0 = 1.0000e-03
Loss = 7.0290e-02, PNorm = 94.2604, GNorm = 0.8765, lr_0 = 1.0000e-03
Loss = 8.2151e-02, PNorm = 94.3266, GNorm = 0.8485, lr_0 = 1.0000e-03
Loss = 8.1518e-02, PNorm = 94.3862, GNorm = 0.7996, lr_0 = 1.0000e-03
Loss = 7.2164e-02, PNorm = 94.4569, GNorm = 0.8308, lr_0 = 1.0000e-03
Loss = 6.7807e-02, PNorm = 94.5398, GNorm = 0.9975, lr_0 = 1.0000e-03
Loss = 6.3318e-02, PNorm = 94.6034, GNorm = 1.2751, lr_0 = 1.0000e-03
Loss = 6.8185e-02, PNorm = 94.6545, GNorm = 0.4922, lr_0 = 1.0000e-03
Loss = 7.9607e-02, PNorm = 94.7051, GNorm = 1.2739, lr_0 = 1.0000e-03
Loss = 6.5184e-02, PNorm = 94.7633, GNorm = 0.8756, lr_0 = 1.0000e-03
Loss = 6.8728e-02, PNorm = 94.8233, GNorm = 0.8684, lr_0 = 1.0000e-03
Loss = 6.1415e-02, PNorm = 94.8763, GNorm = 0.9650, lr_0 = 1.0000e-03
Loss = 7.8529e-02, PNorm = 94.9371, GNorm = 0.8397, lr_0 = 1.0000e-03
Loss = 6.6139e-02, PNorm = 94.9991, GNorm = 0.4950, lr_0 = 1.0000e-03
Loss = 6.7543e-02, PNorm = 95.0574, GNorm = 0.7502, lr_0 = 1.0000e-03
Loss = 8.2497e-02, PNorm = 95.1216, GNorm = 0.7495, lr_0 = 1.0000e-03
Loss = 6.8293e-02, PNorm = 95.1817, GNorm = 1.0006, lr_0 = 1.0000e-03
Loss = 5.4416e-02, PNorm = 95.2375, GNorm = 0.8280, lr_0 = 1.0000e-03
Loss = 6.8992e-02, PNorm = 95.2936, GNorm = 1.4199, lr_0 = 1.0000e-03
Validation rmse = 36.485682
Epoch 13
Loss = 1.1659e-01, PNorm = 95.3624, GNorm = 1.7518, lr_0 = 1.0000e-03
Loss = 7.3330e-02, PNorm = 95.4303, GNorm = 0.9083, lr_0 = 1.0000e-03
Loss = 7.0825e-02, PNorm = 95.4955, GNorm = 0.8286, lr_0 = 1.0000e-03
Loss = 6.2812e-02, PNorm = 95.5484, GNorm = 0.5441, lr_0 = 1.0000e-03
Loss = 6.0146e-02, PNorm = 95.6010, GNorm = 0.6832, lr_0 = 1.0000e-03
Loss = 5.9554e-02, PNorm = 95.6551, GNorm = 0.7079, lr_0 = 1.0000e-03
Loss = 6.0151e-02, PNorm = 95.7048, GNorm = 0.3688, lr_0 = 1.0000e-03
Loss = 5.9657e-02, PNorm = 95.7362, GNorm = 0.4837, lr_0 = 1.0000e-03
Loss = 6.5092e-02, PNorm = 95.7810, GNorm = 0.7480, lr_0 = 1.0000e-03
Loss = 6.6414e-02, PNorm = 95.8331, GNorm = 0.6656, lr_0 = 1.0000e-03
Loss = 5.3189e-02, PNorm = 95.8875, GNorm = 0.5118, lr_0 = 1.0000e-03
Loss = 5.4252e-02, PNorm = 95.9495, GNorm = 0.9871, lr_0 = 1.0000e-03
Loss = 6.7311e-02, PNorm = 96.0048, GNorm = 0.6868, lr_0 = 1.0000e-03
Loss = 6.9874e-02, PNorm = 96.0526, GNorm = 1.4167, lr_0 = 1.0000e-03
Loss = 7.5312e-02, PNorm = 96.1197, GNorm = 1.0795, lr_0 = 1.0000e-03
Loss = 6.1135e-02, PNorm = 96.1947, GNorm = 0.3615, lr_0 = 1.0000e-03
Loss = 7.1902e-02, PNorm = 96.2630, GNorm = 0.7827, lr_0 = 1.0000e-03
Loss = 7.6061e-02, PNorm = 96.3241, GNorm = 0.9455, lr_0 = 1.0000e-03
Loss = 6.3547e-02, PNorm = 96.3939, GNorm = 1.0793, lr_0 = 1.0000e-03
Loss = 6.8652e-02, PNorm = 96.4673, GNorm = 0.5104, lr_0 = 1.0000e-03
Loss = 6.3933e-02, PNorm = 96.5292, GNorm = 0.3521, lr_0 = 1.0000e-03
Loss = 6.2256e-02, PNorm = 96.5961, GNorm = 0.9721, lr_0 = 1.0000e-03
Validation rmse = 33.637502
Epoch 14
Loss = 3.5454e-02, PNorm = 96.6592, GNorm = 0.4211, lr_0 = 1.0000e-03
Loss = 6.3791e-02, PNorm = 96.7234, GNorm = 0.7958, lr_0 = 1.0000e-03
Loss = 5.3007e-02, PNorm = 96.7823, GNorm = 0.5052, lr_0 = 1.0000e-03
Loss = 6.2107e-02, PNorm = 96.8415, GNorm = 0.4611, lr_0 = 1.0000e-03
Loss = 6.5230e-02, PNorm = 96.8920, GNorm = 1.1352, lr_0 = 1.0000e-03
Loss = 6.2791e-02, PNorm = 96.9526, GNorm = 0.9952, lr_0 = 1.0000e-03
Loss = 6.6456e-02, PNorm = 97.0024, GNorm = 1.2940, lr_0 = 1.0000e-03
Loss = 6.5415e-02, PNorm = 97.0561, GNorm = 0.8217, lr_0 = 1.0000e-03
Loss = 6.1254e-02, PNorm = 97.1155, GNorm = 0.9201, lr_0 = 1.0000e-03
Loss = 5.9085e-02, PNorm = 97.1647, GNorm = 0.3156, lr_0 = 1.0000e-03
Loss = 5.8905e-02, PNorm = 97.2233, GNorm = 0.5765, lr_0 = 1.0000e-03
Loss = 5.5840e-02, PNorm = 97.2740, GNorm = 0.7583, lr_0 = 1.0000e-03
Loss = 5.6590e-02, PNorm = 97.3260, GNorm = 1.5820, lr_0 = 1.0000e-03
Loss = 5.3984e-02, PNorm = 97.3670, GNorm = 0.5892, lr_0 = 1.0000e-03
Loss = 5.8564e-02, PNorm = 97.4116, GNorm = 1.3636, lr_0 = 1.0000e-03
Loss = 7.9893e-02, PNorm = 97.4616, GNorm = 0.6807, lr_0 = 1.0000e-03
Loss = 6.0699e-02, PNorm = 97.5175, GNorm = 0.7923, lr_0 = 1.0000e-03
Loss = 5.9376e-02, PNorm = 97.5867, GNorm = 0.9125, lr_0 = 1.0000e-03
Loss = 6.8435e-02, PNorm = 97.6555, GNorm = 0.7098, lr_0 = 1.0000e-03
Loss = 6.8733e-02, PNorm = 97.7206, GNorm = 1.5122, lr_0 = 1.0000e-03
Loss = 6.3934e-02, PNorm = 97.7926, GNorm = 0.5220, lr_0 = 1.0000e-03
Loss = 6.2356e-02, PNorm = 97.8638, GNorm = 0.6810, lr_0 = 1.0000e-03
Loss = 5.6027e-02, PNorm = 97.9287, GNorm = 0.5253, lr_0 = 1.0000e-03
Validation rmse = 32.501313
Epoch 15
Loss = 5.6759e-02, PNorm = 97.9800, GNorm = 0.5223, lr_0 = 1.0000e-03
Loss = 5.4633e-02, PNorm = 98.0258, GNorm = 0.6095, lr_0 = 1.0000e-03
Loss = 7.1864e-02, PNorm = 98.0779, GNorm = 0.9367, lr_0 = 1.0000e-03
Loss = 6.3634e-02, PNorm = 98.1317, GNorm = 0.8166, lr_0 = 1.0000e-03
Loss = 6.3027e-02, PNorm = 98.1754, GNorm = 0.6890, lr_0 = 1.0000e-03
Loss = 4.7018e-02, PNorm = 98.2355, GNorm = 1.0443, lr_0 = 1.0000e-03
Loss = 5.7191e-02, PNorm = 98.2927, GNorm = 0.7557, lr_0 = 1.0000e-03
Loss = 5.7155e-02, PNorm = 98.3460, GNorm = 1.0915, lr_0 = 1.0000e-03
Loss = 5.6497e-02, PNorm = 98.3984, GNorm = 0.9017, lr_0 = 1.0000e-03
Loss = 5.6456e-02, PNorm = 98.4499, GNorm = 0.9662, lr_0 = 1.0000e-03
Loss = 6.3170e-02, PNorm = 98.5155, GNorm = 0.7356, lr_0 = 1.0000e-03
Loss = 6.7110e-02, PNorm = 98.5812, GNorm = 1.0190, lr_0 = 1.0000e-03
Loss = 7.1529e-02, PNorm = 98.6431, GNorm = 1.0976, lr_0 = 1.0000e-03
Loss = 7.3565e-02, PNorm = 98.7188, GNorm = 1.5460, lr_0 = 1.0000e-03
Loss = 6.5015e-02, PNorm = 98.7905, GNorm = 1.5723, lr_0 = 1.0000e-03
Loss = 6.1348e-02, PNorm = 98.8497, GNorm = 1.4373, lr_0 = 1.0000e-03
Loss = 6.5481e-02, PNorm = 98.9070, GNorm = 0.9190, lr_0 = 1.0000e-03
Loss = 6.8075e-02, PNorm = 98.9724, GNorm = 0.7537, lr_0 = 1.0000e-03
Loss = 6.1266e-02, PNorm = 99.0302, GNorm = 0.3768, lr_0 = 1.0000e-03
Loss = 4.4235e-02, PNorm = 99.0873, GNorm = 0.4080, lr_0 = 1.0000e-03
Loss = 5.6998e-02, PNorm = 99.1297, GNorm = 1.4007, lr_0 = 1.0000e-03
Loss = 6.1306e-02, PNorm = 99.1721, GNorm = 0.7490, lr_0 = 1.0000e-03
Validation rmse = 33.002488
Epoch 16
Loss = 5.2922e-02, PNorm = 99.2271, GNorm = 0.5763, lr_0 = 1.0000e-03
Loss = 5.5125e-02, PNorm = 99.2906, GNorm = 0.4628, lr_0 = 1.0000e-03
Loss = 5.8278e-02, PNorm = 99.3364, GNorm = 0.9817, lr_0 = 1.0000e-03
Loss = 6.3485e-02, PNorm = 99.3876, GNorm = 1.2259, lr_0 = 1.0000e-03
Loss = 5.9483e-02, PNorm = 99.4441, GNorm = 1.3840, lr_0 = 1.0000e-03
Loss = 6.2149e-02, PNorm = 99.5132, GNorm = 0.7397, lr_0 = 1.0000e-03
Loss = 6.0204e-02, PNorm = 99.5803, GNorm = 0.6746, lr_0 = 1.0000e-03
Loss = 6.8086e-02, PNorm = 99.6430, GNorm = 1.4368, lr_0 = 1.0000e-03
Loss = 6.1692e-02, PNorm = 99.7037, GNorm = 1.5969, lr_0 = 1.0000e-03
Loss = 6.3335e-02, PNorm = 99.7792, GNorm = 0.3388, lr_0 = 1.0000e-03
Loss = 6.1920e-02, PNorm = 99.8439, GNorm = 1.0845, lr_0 = 1.0000e-03
Loss = 7.7172e-02, PNorm = 99.9083, GNorm = 0.6016, lr_0 = 1.0000e-03
Loss = 6.0058e-02, PNorm = 99.9707, GNorm = 1.1982, lr_0 = 1.0000e-03
Loss = 6.2308e-02, PNorm = 100.0303, GNorm = 0.5790, lr_0 = 1.0000e-03
Loss = 6.4200e-02, PNorm = 100.1022, GNorm = 0.5776, lr_0 = 1.0000e-03
Loss = 6.4787e-02, PNorm = 100.1721, GNorm = 1.1702, lr_0 = 1.0000e-03
Loss = 5.2666e-02, PNorm = 100.2346, GNorm = 0.3521, lr_0 = 1.0000e-03
Loss = 6.2128e-02, PNorm = 100.3055, GNorm = 0.8069, lr_0 = 1.0000e-03
Loss = 6.0769e-02, PNorm = 100.3655, GNorm = 1.1850, lr_0 = 1.0000e-03
Loss = 5.3643e-02, PNorm = 100.4278, GNorm = 0.7117, lr_0 = 1.0000e-03
Loss = 5.2803e-02, PNorm = 100.4883, GNorm = 0.4459, lr_0 = 1.0000e-03
Loss = 4.4086e-02, PNorm = 100.5447, GNorm = 0.5530, lr_0 = 1.0000e-03
Validation rmse = 32.455853
Epoch 17
Loss = 5.5685e-02, PNorm = 100.6050, GNorm = 0.8311, lr_0 = 1.0000e-03
Loss = 4.0828e-02, PNorm = 100.6530, GNorm = 0.5118, lr_0 = 1.0000e-03
Loss = 5.2811e-02, PNorm = 100.7003, GNorm = 0.7353, lr_0 = 1.0000e-03
Loss = 4.6155e-02, PNorm = 100.7569, GNorm = 0.4402, lr_0 = 1.0000e-03
Loss = 4.5236e-02, PNorm = 100.8100, GNorm = 0.2776, lr_0 = 1.0000e-03
Loss = 5.7801e-02, PNorm = 100.8690, GNorm = 0.5689, lr_0 = 1.0000e-03
Loss = 5.1149e-02, PNorm = 100.9095, GNorm = 0.4478, lr_0 = 1.0000e-03
Loss = 5.3410e-02, PNorm = 100.9653, GNorm = 0.9738, lr_0 = 1.0000e-03
Loss = 4.9619e-02, PNorm = 101.0225, GNorm = 0.4541, lr_0 = 1.0000e-03
Loss = 5.0812e-02, PNorm = 101.0682, GNorm = 0.6655, lr_0 = 1.0000e-03
Loss = 5.2506e-02, PNorm = 101.1205, GNorm = 0.6615, lr_0 = 1.0000e-03
Loss = 6.3124e-02, PNorm = 101.1832, GNorm = 0.6387, lr_0 = 1.0000e-03
Loss = 5.8245e-02, PNorm = 101.2425, GNorm = 1.0190, lr_0 = 1.0000e-03
Loss = 4.8512e-02, PNorm = 101.3080, GNorm = 0.8185, lr_0 = 1.0000e-03
Loss = 6.6315e-02, PNorm = 101.3752, GNorm = 1.5724, lr_0 = 1.0000e-03
Loss = 5.6757e-02, PNorm = 101.4407, GNorm = 0.4747, lr_0 = 1.0000e-03
Loss = 5.8836e-02, PNorm = 101.5083, GNorm = 0.5406, lr_0 = 1.0000e-03
Loss = 5.0853e-02, PNorm = 101.5747, GNorm = 1.7001, lr_0 = 1.0000e-03
Loss = 5.0435e-02, PNorm = 101.6403, GNorm = 0.9752, lr_0 = 1.0000e-03
Loss = 5.8653e-02, PNorm = 101.7118, GNorm = 0.7013, lr_0 = 1.0000e-03
Loss = 6.5197e-02, PNorm = 101.7867, GNorm = 0.6977, lr_0 = 1.0000e-03
Loss = 6.8624e-02, PNorm = 101.8642, GNorm = 0.4452, lr_0 = 1.0000e-03
Validation rmse = 31.228846
Epoch 18
Loss = 4.6911e-02, PNorm = 101.9337, GNorm = 0.5475, lr_0 = 1.0000e-03
Loss = 5.7797e-02, PNorm = 101.9949, GNorm = 1.1625, lr_0 = 1.0000e-03
Loss = 4.5049e-02, PNorm = 102.0603, GNorm = 0.7392, lr_0 = 1.0000e-03
Loss = 5.1358e-02, PNorm = 102.1160, GNorm = 0.8178, lr_0 = 1.0000e-03
Loss = 7.2982e-02, PNorm = 102.1807, GNorm = 1.8975, lr_0 = 1.0000e-03
Loss = 5.1555e-02, PNorm = 102.2425, GNorm = 0.6582, lr_0 = 1.0000e-03
Loss = 7.0576e-02, PNorm = 102.3103, GNorm = 1.4415, lr_0 = 1.0000e-03
Loss = 5.7677e-02, PNorm = 102.3872, GNorm = 0.7089, lr_0 = 1.0000e-03
Loss = 6.5955e-02, PNorm = 102.4662, GNorm = 0.3740, lr_0 = 1.0000e-03
Loss = 6.3431e-02, PNorm = 102.5472, GNorm = 0.4442, lr_0 = 1.0000e-03
Loss = 6.6467e-02, PNorm = 102.6185, GNorm = 0.5787, lr_0 = 1.0000e-03
Loss = 5.1587e-02, PNorm = 102.6916, GNorm = 0.6534, lr_0 = 1.0000e-03
Loss = 5.9314e-02, PNorm = 102.7680, GNorm = 1.0794, lr_0 = 1.0000e-03
Loss = 4.5227e-02, PNorm = 102.8466, GNorm = 0.8713, lr_0 = 1.0000e-03
Loss = 5.9568e-02, PNorm = 102.9146, GNorm = 0.6341, lr_0 = 1.0000e-03
Loss = 5.8305e-02, PNorm = 102.9754, GNorm = 0.5589, lr_0 = 1.0000e-03
Loss = 5.3545e-02, PNorm = 103.0515, GNorm = 0.4639, lr_0 = 1.0000e-03
Loss = 6.2877e-02, PNorm = 103.1292, GNorm = 1.2583, lr_0 = 1.0000e-03
Loss = 5.4653e-02, PNorm = 103.1987, GNorm = 0.5874, lr_0 = 1.0000e-03
Loss = 5.3077e-02, PNorm = 103.2684, GNorm = 0.4708, lr_0 = 1.0000e-03
Loss = 5.7612e-02, PNorm = 103.3253, GNorm = 0.4674, lr_0 = 1.0000e-03
Loss = 4.9905e-02, PNorm = 103.3785, GNorm = 0.4766, lr_0 = 1.0000e-03
Validation rmse = 31.430719
Epoch 19
Loss = 4.7161e-02, PNorm = 103.4289, GNorm = 0.3508, lr_0 = 1.0000e-03
Loss = 4.9883e-02, PNorm = 103.4945, GNorm = 0.6205, lr_0 = 1.0000e-03
Loss = 5.6580e-02, PNorm = 103.5531, GNorm = 0.3389, lr_0 = 1.0000e-03
Loss = 4.5937e-02, PNorm = 103.6258, GNorm = 0.3543, lr_0 = 1.0000e-03
Loss = 5.1619e-02, PNorm = 103.6894, GNorm = 0.4897, lr_0 = 1.0000e-03
Loss = 4.9489e-02, PNorm = 103.7443, GNorm = 0.4243, lr_0 = 1.0000e-03
Loss = 5.1686e-02, PNorm = 103.8061, GNorm = 0.8307, lr_0 = 1.0000e-03
Loss = 5.5868e-02, PNorm = 103.8712, GNorm = 0.5218, lr_0 = 1.0000e-03
Loss = 5.4613e-02, PNorm = 103.9281, GNorm = 0.7328, lr_0 = 1.0000e-03
Loss = 4.9637e-02, PNorm = 103.9865, GNorm = 0.5865, lr_0 = 1.0000e-03
Loss = 4.7203e-02, PNorm = 104.0298, GNorm = 0.5769, lr_0 = 1.0000e-03
Loss = 4.5403e-02, PNorm = 104.0795, GNorm = 1.1404, lr_0 = 1.0000e-03
Loss = 5.9825e-02, PNorm = 104.1286, GNorm = 1.1927, lr_0 = 1.0000e-03
Loss = 5.1468e-02, PNorm = 104.1773, GNorm = 0.4952, lr_0 = 1.0000e-03
Loss = 5.7988e-02, PNorm = 104.2426, GNorm = 0.4085, lr_0 = 1.0000e-03
Loss = 5.4377e-02, PNorm = 104.2919, GNorm = 0.7741, lr_0 = 1.0000e-03
Loss = 6.5477e-02, PNorm = 104.3498, GNorm = 1.5887, lr_0 = 1.0000e-03
Loss = 6.2907e-02, PNorm = 104.4271, GNorm = 0.6234, lr_0 = 1.0000e-03
Loss = 6.4308e-02, PNorm = 104.4995, GNorm = 0.5855, lr_0 = 1.0000e-03
Loss = 5.0157e-02, PNorm = 104.5646, GNorm = 0.2338, lr_0 = 1.0000e-03
Loss = 5.0201e-02, PNorm = 104.6326, GNorm = 0.4569, lr_0 = 1.0000e-03
Loss = 4.2218e-02, PNorm = 104.6856, GNorm = 0.4868, lr_0 = 1.0000e-03
Validation rmse = 31.282340
Epoch 20
Loss = 4.7459e-02, PNorm = 104.7302, GNorm = 0.7085, lr_0 = 1.0000e-03
Loss = 4.1694e-02, PNorm = 104.7764, GNorm = 0.4413, lr_0 = 1.0000e-03
Loss = 4.9473e-02, PNorm = 104.8375, GNorm = 0.5388, lr_0 = 1.0000e-03
Loss = 6.5851e-02, PNorm = 104.8988, GNorm = 1.9191, lr_0 = 1.0000e-03
Loss = 6.7473e-02, PNorm = 104.9824, GNorm = 0.6651, lr_0 = 1.0000e-03
Loss = 5.2930e-02, PNorm = 105.0733, GNorm = 0.7272, lr_0 = 1.0000e-03
Loss = 4.7538e-02, PNorm = 105.1509, GNorm = 0.3039, lr_0 = 1.0000e-03
Loss = 4.7906e-02, PNorm = 105.2139, GNorm = 0.7191, lr_0 = 1.0000e-03
Loss = 4.9373e-02, PNorm = 105.2924, GNorm = 0.4898, lr_0 = 1.0000e-03
Loss = 4.6425e-02, PNorm = 105.3576, GNorm = 0.9460, lr_0 = 1.0000e-03
Loss = 4.7473e-02, PNorm = 105.4172, GNorm = 1.0124, lr_0 = 1.0000e-03
Loss = 5.5798e-02, PNorm = 105.4784, GNorm = 0.4700, lr_0 = 1.0000e-03
Loss = 5.3016e-02, PNorm = 105.5293, GNorm = 0.7403, lr_0 = 1.0000e-03
Loss = 4.7588e-02, PNorm = 105.5964, GNorm = 0.4769, lr_0 = 1.0000e-03
Loss = 5.0823e-02, PNorm = 105.6539, GNorm = 0.4106, lr_0 = 1.0000e-03
Loss = 5.2694e-02, PNorm = 105.7053, GNorm = 0.4619, lr_0 = 1.0000e-03
Loss = 4.1745e-02, PNorm = 105.7645, GNorm = 0.4009, lr_0 = 1.0000e-03
Loss = 4.0921e-02, PNorm = 105.8222, GNorm = 0.4278, lr_0 = 1.0000e-03
Loss = 4.9109e-02, PNorm = 105.8792, GNorm = 0.5466, lr_0 = 1.0000e-03
Loss = 4.6663e-02, PNorm = 105.9349, GNorm = 0.5544, lr_0 = 1.0000e-03
Loss = 5.1432e-02, PNorm = 105.9800, GNorm = 1.6361, lr_0 = 1.0000e-03
Loss = 5.3672e-02, PNorm = 106.0419, GNorm = 0.7688, lr_0 = 1.0000e-03
Validation rmse = 30.249769
Epoch 21
Loss = 3.8376e-02, PNorm = 106.1071, GNorm = 1.2991, lr_0 = 1.0000e-03
Loss = 4.9768e-02, PNorm = 106.1634, GNorm = 0.3871, lr_0 = 1.0000e-03
Loss = 4.4662e-02, PNorm = 106.2336, GNorm = 0.6559, lr_0 = 1.0000e-03
Loss = 4.3858e-02, PNorm = 106.2868, GNorm = 0.7226, lr_0 = 1.0000e-03
Loss = 5.1445e-02, PNorm = 106.3318, GNorm = 0.4866, lr_0 = 1.0000e-03
Loss = 4.8826e-02, PNorm = 106.3853, GNorm = 0.4971, lr_0 = 1.0000e-03
Loss = 5.7822e-02, PNorm = 106.4366, GNorm = 0.9178, lr_0 = 1.0000e-03
Loss = 4.4792e-02, PNorm = 106.4940, GNorm = 0.5950, lr_0 = 1.0000e-03
Loss = 4.4814e-02, PNorm = 106.5618, GNorm = 0.6291, lr_0 = 1.0000e-03
Loss = 5.6272e-02, PNorm = 106.6217, GNorm = 1.1145, lr_0 = 1.0000e-03
Loss = 5.0543e-02, PNorm = 106.6862, GNorm = 0.5861, lr_0 = 1.0000e-03
Loss = 4.7137e-02, PNorm = 106.7533, GNorm = 0.5144, lr_0 = 1.0000e-03
Loss = 4.6298e-02, PNorm = 106.8069, GNorm = 0.8226, lr_0 = 1.0000e-03
Loss = 5.1122e-02, PNorm = 106.8637, GNorm = 0.3926, lr_0 = 1.0000e-03
Loss = 5.8302e-02, PNorm = 106.9372, GNorm = 0.8555, lr_0 = 1.0000e-03
Loss = 4.5700e-02, PNorm = 107.0182, GNorm = 0.7706, lr_0 = 1.0000e-03
Loss = 5.2586e-02, PNorm = 107.0843, GNorm = 0.6246, lr_0 = 1.0000e-03
Loss = 4.1883e-02, PNorm = 107.1391, GNorm = 0.7951, lr_0 = 1.0000e-03
Loss = 5.4425e-02, PNorm = 107.2007, GNorm = 0.5528, lr_0 = 1.0000e-03
Loss = 4.7315e-02, PNorm = 107.2582, GNorm = 0.2929, lr_0 = 1.0000e-03
Loss = 5.1113e-02, PNorm = 107.3214, GNorm = 0.6765, lr_0 = 1.0000e-03
Loss = 4.6047e-02, PNorm = 107.3773, GNorm = 0.4823, lr_0 = 1.0000e-03
Validation rmse = 32.354197
Epoch 22
Loss = 4.7279e-02, PNorm = 107.4387, GNorm = 0.6022, lr_0 = 1.0000e-03
Loss = 5.5097e-02, PNorm = 107.4994, GNorm = 0.3429, lr_0 = 1.0000e-03
Loss = 4.7618e-02, PNorm = 107.5690, GNorm = 0.7510, lr_0 = 1.0000e-03
Loss = 4.7960e-02, PNorm = 107.6240, GNorm = 0.7867, lr_0 = 1.0000e-03
Loss = 4.7093e-02, PNorm = 107.6816, GNorm = 0.2282, lr_0 = 1.0000e-03
Loss = 4.3316e-02, PNorm = 107.7249, GNorm = 0.2749, lr_0 = 1.0000e-03
Loss = 4.5605e-02, PNorm = 107.7651, GNorm = 0.4083, lr_0 = 1.0000e-03
Loss = 4.3707e-02, PNorm = 107.8260, GNorm = 0.9641, lr_0 = 1.0000e-03
Loss = 4.2363e-02, PNorm = 107.8813, GNorm = 0.2615, lr_0 = 1.0000e-03
Loss = 3.8794e-02, PNorm = 107.9318, GNorm = 0.4418, lr_0 = 1.0000e-03
Loss = 4.5691e-02, PNorm = 107.9867, GNorm = 0.4758, lr_0 = 1.0000e-03
Loss = 5.6205e-02, PNorm = 108.0331, GNorm = 0.5913, lr_0 = 1.0000e-03
Loss = 4.7624e-02, PNorm = 108.1008, GNorm = 0.2990, lr_0 = 1.0000e-03
Loss = 5.0711e-02, PNorm = 108.1585, GNorm = 1.0820, lr_0 = 1.0000e-03
Loss = 5.7519e-02, PNorm = 108.2218, GNorm = 0.2345, lr_0 = 1.0000e-03
Loss = 5.3306e-02, PNorm = 108.2932, GNorm = 0.8829, lr_0 = 1.0000e-03
Loss = 5.2876e-02, PNorm = 108.3744, GNorm = 1.0120, lr_0 = 1.0000e-03
Loss = 5.1495e-02, PNorm = 108.4395, GNorm = 0.2607, lr_0 = 1.0000e-03
Loss = 4.0078e-02, PNorm = 108.4928, GNorm = 0.3242, lr_0 = 1.0000e-03
Loss = 4.3833e-02, PNorm = 108.5611, GNorm = 0.4326, lr_0 = 1.0000e-03
Loss = 6.3173e-02, PNorm = 108.6222, GNorm = 0.4896, lr_0 = 1.0000e-03
Loss = 5.0259e-02, PNorm = 108.6959, GNorm = 0.5928, lr_0 = 1.0000e-03
Validation rmse = 31.189881
Epoch 23
Loss = 3.8249e-02, PNorm = 108.7625, GNorm = 0.2937, lr_0 = 1.0000e-03
Loss = 5.3247e-02, PNorm = 108.8159, GNorm = 0.3783, lr_0 = 1.0000e-03
Loss = 4.0074e-02, PNorm = 108.8735, GNorm = 0.4384, lr_0 = 1.0000e-03
Loss = 4.5623e-02, PNorm = 108.9327, GNorm = 0.9018, lr_0 = 1.0000e-03
Loss = 5.4474e-02, PNorm = 108.9962, GNorm = 1.1522, lr_0 = 1.0000e-03
Loss = 4.4690e-02, PNorm = 109.0622, GNorm = 0.3255, lr_0 = 1.0000e-03
Loss = 4.8128e-02, PNorm = 109.1316, GNorm = 0.3499, lr_0 = 1.0000e-03
Loss = 3.9297e-02, PNorm = 109.1914, GNorm = 0.2420, lr_0 = 1.0000e-03
Loss = 4.6854e-02, PNorm = 109.2410, GNorm = 0.3768, lr_0 = 1.0000e-03
Loss = 4.2989e-02, PNorm = 109.3012, GNorm = 0.6470, lr_0 = 1.0000e-03
Loss = 4.6264e-02, PNorm = 109.3557, GNorm = 0.8924, lr_0 = 1.0000e-03
Loss = 5.2287e-02, PNorm = 109.4120, GNorm = 0.4580, lr_0 = 1.0000e-03
Loss = 4.9297e-02, PNorm = 109.4659, GNorm = 0.8119, lr_0 = 1.0000e-03
Loss = 4.7240e-02, PNorm = 109.5293, GNorm = 0.7128, lr_0 = 1.0000e-03
Loss = 4.9258e-02, PNorm = 109.5954, GNorm = 0.4526, lr_0 = 1.0000e-03
Loss = 5.0585e-02, PNorm = 109.6659, GNorm = 0.3919, lr_0 = 1.0000e-03
Loss = 4.6169e-02, PNorm = 109.7338, GNorm = 0.3465, lr_0 = 1.0000e-03
Loss = 5.2542e-02, PNorm = 109.7965, GNorm = 0.5332, lr_0 = 1.0000e-03
Loss = 4.2984e-02, PNorm = 109.8584, GNorm = 0.2934, lr_0 = 1.0000e-03
Loss = 5.3826e-02, PNorm = 109.9182, GNorm = 0.4601, lr_0 = 1.0000e-03
Loss = 4.1977e-02, PNorm = 109.9846, GNorm = 0.6102, lr_0 = 1.0000e-03
Loss = 4.3481e-02, PNorm = 110.0492, GNorm = 0.4295, lr_0 = 1.0000e-03
Validation rmse = 29.372817
Epoch 24
Loss = 3.7636e-02, PNorm = 110.1163, GNorm = 0.3763, lr_0 = 1.0000e-03
Loss = 5.0407e-02, PNorm = 110.1682, GNorm = 1.2598, lr_0 = 1.0000e-03
Loss = 4.7322e-02, PNorm = 110.2426, GNorm = 1.7334, lr_0 = 1.0000e-03
Loss = 4.8507e-02, PNorm = 110.3070, GNorm = 0.8090, lr_0 = 1.0000e-03
Loss = 4.3016e-02, PNorm = 110.3720, GNorm = 0.2847, lr_0 = 1.0000e-03
Loss = 4.9627e-02, PNorm = 110.4359, GNorm = 0.8812, lr_0 = 1.0000e-03
Loss = 4.4098e-02, PNorm = 110.4927, GNorm = 0.7616, lr_0 = 1.0000e-03
Loss = 4.6339e-02, PNorm = 110.5526, GNorm = 0.4447, lr_0 = 1.0000e-03
Loss = 4.9262e-02, PNorm = 110.6236, GNorm = 0.3680, lr_0 = 1.0000e-03
Loss = 5.8141e-02, PNorm = 110.6866, GNorm = 0.6287, lr_0 = 1.0000e-03
Loss = 5.0901e-02, PNorm = 110.7568, GNorm = 0.5779, lr_0 = 1.0000e-03
Loss = 3.9403e-02, PNorm = 110.8142, GNorm = 0.6865, lr_0 = 1.0000e-03
Loss = 4.7394e-02, PNorm = 110.8683, GNorm = 0.2731, lr_0 = 1.0000e-03
Loss = 3.3866e-02, PNorm = 110.9273, GNorm = 0.3765, lr_0 = 1.0000e-03
Loss = 4.2865e-02, PNorm = 110.9779, GNorm = 0.3484, lr_0 = 1.0000e-03
Loss = 5.4311e-02, PNorm = 111.0278, GNorm = 0.6275, lr_0 = 1.0000e-03
Loss = 4.7686e-02, PNorm = 111.0865, GNorm = 0.7878, lr_0 = 1.0000e-03
Loss = 5.1623e-02, PNorm = 111.1754, GNorm = 1.1418, lr_0 = 1.0000e-03
Loss = 3.8736e-02, PNorm = 111.2490, GNorm = 0.7082, lr_0 = 1.0000e-03
Loss = 5.6378e-02, PNorm = 111.3209, GNorm = 0.5432, lr_0 = 1.0000e-03
Loss = 4.1614e-02, PNorm = 111.3902, GNorm = 0.5988, lr_0 = 1.0000e-03
Loss = 5.4941e-02, PNorm = 111.4677, GNorm = 0.8357, lr_0 = 1.0000e-03
Validation rmse = 32.298863
Epoch 25
Loss = 4.8716e-02, PNorm = 111.5345, GNorm = 0.3077, lr_0 = 1.0000e-03
Loss = 4.4609e-02, PNorm = 111.6031, GNorm = 0.2288, lr_0 = 1.0000e-03
Loss = 4.1267e-02, PNorm = 111.6644, GNorm = 0.7915, lr_0 = 1.0000e-03
Loss = 4.8973e-02, PNorm = 111.7108, GNorm = 0.4587, lr_0 = 1.0000e-03
Loss = 4.7571e-02, PNorm = 111.7791, GNorm = 0.4068, lr_0 = 1.0000e-03
Loss = 3.8555e-02, PNorm = 111.8427, GNorm = 0.3138, lr_0 = 1.0000e-03
Loss = 4.1792e-02, PNorm = 111.9044, GNorm = 0.4292, lr_0 = 1.0000e-03
Loss = 4.9761e-02, PNorm = 111.9575, GNorm = 1.2608, lr_0 = 1.0000e-03
Loss = 4.6058e-02, PNorm = 112.0336, GNorm = 0.4492, lr_0 = 1.0000e-03
Loss = 4.0446e-02, PNorm = 112.0978, GNorm = 0.2641, lr_0 = 1.0000e-03
Loss = 4.0390e-02, PNorm = 112.1522, GNorm = 0.4430, lr_0 = 1.0000e-03
Loss = 4.1231e-02, PNorm = 112.2272, GNorm = 0.3135, lr_0 = 1.0000e-03
Loss = 4.2312e-02, PNorm = 112.2916, GNorm = 0.4374, lr_0 = 1.0000e-03
Loss = 3.2091e-02, PNorm = 112.3475, GNorm = 0.3679, lr_0 = 1.0000e-03
Loss = 4.0873e-02, PNorm = 112.3949, GNorm = 0.4315, lr_0 = 1.0000e-03
Loss = 4.1058e-02, PNorm = 112.4454, GNorm = 0.3164, lr_0 = 1.0000e-03
Loss = 3.6786e-02, PNorm = 112.4977, GNorm = 0.4720, lr_0 = 1.0000e-03
Loss = 3.8764e-02, PNorm = 112.5583, GNorm = 0.6170, lr_0 = 1.0000e-03
Loss = 4.8693e-02, PNorm = 112.6244, GNorm = 0.6236, lr_0 = 1.0000e-03
Loss = 4.9501e-02, PNorm = 112.6838, GNorm = 0.3316, lr_0 = 1.0000e-03
Loss = 4.8122e-02, PNorm = 112.7435, GNorm = 0.6518, lr_0 = 1.0000e-03
Loss = 4.8848e-02, PNorm = 112.8020, GNorm = 0.3949, lr_0 = 1.0000e-03
Validation rmse = 31.048368
Epoch 26
Loss = 4.2313e-02, PNorm = 112.8612, GNorm = 0.7431, lr_0 = 1.0000e-03
Loss = 3.8645e-02, PNorm = 112.9207, GNorm = 0.3305, lr_0 = 1.0000e-03
Loss = 4.8409e-02, PNorm = 112.9858, GNorm = 0.6297, lr_0 = 1.0000e-03
Loss = 4.5212e-02, PNorm = 113.0621, GNorm = 0.4896, lr_0 = 1.0000e-03
Loss = 4.3713e-02, PNorm = 113.1303, GNorm = 0.5865, lr_0 = 1.0000e-03
Loss = 4.8178e-02, PNorm = 113.2006, GNorm = 0.5347, lr_0 = 1.0000e-03
Loss = 3.9072e-02, PNorm = 113.2710, GNorm = 0.3641, lr_0 = 1.0000e-03
Loss = 4.6480e-02, PNorm = 113.3373, GNorm = 0.2439, lr_0 = 1.0000e-03
Loss = 4.2958e-02, PNorm = 113.3982, GNorm = 0.6446, lr_0 = 1.0000e-03
Loss = 4.9766e-02, PNorm = 113.4520, GNorm = 1.5995, lr_0 = 1.0000e-03
Loss = 4.9917e-02, PNorm = 113.5155, GNorm = 0.3259, lr_0 = 1.0000e-03
Loss = 4.0785e-02, PNorm = 113.5832, GNorm = 0.7087, lr_0 = 1.0000e-03
Loss = 4.9216e-02, PNorm = 113.6471, GNorm = 0.9636, lr_0 = 1.0000e-03
Loss = 5.0390e-02, PNorm = 113.7417, GNorm = 0.8499, lr_0 = 1.0000e-03
Loss = 3.9051e-02, PNorm = 113.8189, GNorm = 0.2604, lr_0 = 1.0000e-03
Loss = 3.6876e-02, PNorm = 113.8772, GNorm = 0.3350, lr_0 = 1.0000e-03
Loss = 3.8988e-02, PNorm = 113.9310, GNorm = 0.2053, lr_0 = 1.0000e-03
Loss = 4.1958e-02, PNorm = 113.9992, GNorm = 0.7856, lr_0 = 1.0000e-03
Loss = 3.4289e-02, PNorm = 114.0551, GNorm = 0.6366, lr_0 = 1.0000e-03
Loss = 4.1923e-02, PNorm = 114.1081, GNorm = 0.1884, lr_0 = 1.0000e-03
Loss = 4.4383e-02, PNorm = 114.1541, GNorm = 0.8496, lr_0 = 1.0000e-03
Loss = 5.7600e-02, PNorm = 114.2111, GNorm = 0.9193, lr_0 = 1.0000e-03
Validation rmse = 33.161075
Epoch 27
Loss = 5.2643e-02, PNorm = 114.2911, GNorm = 0.8820, lr_0 = 1.0000e-03
Loss = 4.2282e-02, PNorm = 114.3806, GNorm = 0.7881, lr_0 = 1.0000e-03
Loss = 4.2673e-02, PNorm = 114.4418, GNorm = 0.5672, lr_0 = 1.0000e-03
Loss = 4.2748e-02, PNorm = 114.4924, GNorm = 0.3883, lr_0 = 1.0000e-03
Loss = 3.0534e-02, PNorm = 114.5572, GNorm = 0.2407, lr_0 = 1.0000e-03
Loss = 5.7745e-02, PNorm = 114.6293, GNorm = 0.9268, lr_0 = 1.0000e-03
Loss = 5.4901e-02, PNorm = 114.6996, GNorm = 0.5425, lr_0 = 1.0000e-03
Loss = 4.7332e-02, PNorm = 114.7662, GNorm = 1.0353, lr_0 = 1.0000e-03
Loss = 3.9143e-02, PNorm = 114.8266, GNorm = 0.4951, lr_0 = 1.0000e-03
Loss = 4.4645e-02, PNorm = 114.8851, GNorm = 0.7844, lr_0 = 1.0000e-03
Loss = 4.9335e-02, PNorm = 114.9463, GNorm = 0.8188, lr_0 = 1.0000e-03
Loss = 4.8698e-02, PNorm = 115.0093, GNorm = 0.9863, lr_0 = 1.0000e-03
Loss = 4.5499e-02, PNorm = 115.0793, GNorm = 0.6046, lr_0 = 1.0000e-03
Loss = 3.6767e-02, PNorm = 115.1325, GNorm = 0.5174, lr_0 = 1.0000e-03
Loss = 4.5714e-02, PNorm = 115.1970, GNorm = 0.2917, lr_0 = 1.0000e-03
Loss = 5.1434e-02, PNorm = 115.2651, GNorm = 0.9975, lr_0 = 1.0000e-03
Loss = 5.2283e-02, PNorm = 115.3389, GNorm = 0.6523, lr_0 = 1.0000e-03
Loss = 4.6064e-02, PNorm = 115.4042, GNorm = 0.5686, lr_0 = 1.0000e-03
Loss = 4.2350e-02, PNorm = 115.4711, GNorm = 0.2852, lr_0 = 1.0000e-03
Loss = 3.6786e-02, PNorm = 115.5327, GNorm = 0.2744, lr_0 = 1.0000e-03
Loss = 3.5826e-02, PNorm = 115.5918, GNorm = 0.6590, lr_0 = 1.0000e-03
Loss = 3.6827e-02, PNorm = 115.6410, GNorm = 0.2980, lr_0 = 1.0000e-03
Validation rmse = 31.010549
Epoch 28
Loss = 4.9477e-02, PNorm = 115.7040, GNorm = 1.1485, lr_0 = 1.0000e-03
Loss = 3.6717e-02, PNorm = 115.7645, GNorm = 0.3020, lr_0 = 1.0000e-03
Loss = 4.0709e-02, PNorm = 115.8285, GNorm = 0.2699, lr_0 = 1.0000e-03
Loss = 3.7346e-02, PNorm = 115.8864, GNorm = 0.4050, lr_0 = 1.0000e-03
Loss = 4.4050e-02, PNorm = 115.9448, GNorm = 0.2453, lr_0 = 1.0000e-03
Loss = 3.8247e-02, PNorm = 115.9962, GNorm = 1.1460, lr_0 = 1.0000e-03
Loss = 4.3057e-02, PNorm = 116.0532, GNorm = 0.4723, lr_0 = 1.0000e-03
Loss = 3.6444e-02, PNorm = 116.1115, GNorm = 0.4636, lr_0 = 1.0000e-03
Loss = 4.7779e-02, PNorm = 116.1798, GNorm = 0.1979, lr_0 = 1.0000e-03
Loss = 3.7389e-02, PNorm = 116.2313, GNorm = 0.5766, lr_0 = 1.0000e-03
Loss = 4.1584e-02, PNorm = 116.2964, GNorm = 0.5709, lr_0 = 1.0000e-03
Loss = 3.7433e-02, PNorm = 116.3521, GNorm = 0.4214, lr_0 = 1.0000e-03
Loss = 4.3393e-02, PNorm = 116.4042, GNorm = 1.2802, lr_0 = 1.0000e-03
Loss = 3.9653e-02, PNorm = 116.4652, GNorm = 0.3666, lr_0 = 1.0000e-03
Loss = 3.6756e-02, PNorm = 116.5225, GNorm = 0.2932, lr_0 = 1.0000e-03
Loss = 4.0493e-02, PNorm = 116.5780, GNorm = 0.4005, lr_0 = 1.0000e-03
Loss = 4.5511e-02, PNorm = 116.6378, GNorm = 1.0674, lr_0 = 1.0000e-03
Loss = 4.0868e-02, PNorm = 116.6921, GNorm = 0.3274, lr_0 = 1.0000e-03
Loss = 4.4570e-02, PNorm = 116.7640, GNorm = 0.5418, lr_0 = 1.0000e-03
Loss = 4.1047e-02, PNorm = 116.8249, GNorm = 0.5017, lr_0 = 1.0000e-03
Loss = 4.4231e-02, PNorm = 116.8913, GNorm = 0.2251, lr_0 = 1.0000e-03
Loss = 4.2719e-02, PNorm = 116.9650, GNorm = 0.8179, lr_0 = 1.0000e-03
Loss = 4.3329e-02, PNorm = 117.0497, GNorm = 0.5932, lr_0 = 1.0000e-03
Validation rmse = 28.777545
Epoch 29
Loss = 4.7807e-02, PNorm = 117.1196, GNorm = 0.4947, lr_0 = 1.0000e-03
Loss = 4.0472e-02, PNorm = 117.2016, GNorm = 0.6219, lr_0 = 1.0000e-03
Loss = 3.6080e-02, PNorm = 117.2805, GNorm = 0.6090, lr_0 = 1.0000e-03
Loss = 4.2778e-02, PNorm = 117.3533, GNorm = 0.4116, lr_0 = 1.0000e-03
Loss = 4.0135e-02, PNorm = 117.4219, GNorm = 0.8758, lr_0 = 1.0000e-03
Loss = 3.9854e-02, PNorm = 117.4848, GNorm = 0.6063, lr_0 = 1.0000e-03
Loss = 4.0653e-02, PNorm = 117.5479, GNorm = 0.5576, lr_0 = 1.0000e-03
Loss = 4.6589e-02, PNorm = 117.6019, GNorm = 0.5977, lr_0 = 1.0000e-03
Loss = 4.7152e-02, PNorm = 117.6759, GNorm = 0.9395, lr_0 = 1.0000e-03
Loss = 3.9885e-02, PNorm = 117.7450, GNorm = 0.2280, lr_0 = 1.0000e-03
Loss = 3.6929e-02, PNorm = 117.8065, GNorm = 0.4621, lr_0 = 1.0000e-03
Loss = 3.8850e-02, PNorm = 117.8754, GNorm = 0.5793, lr_0 = 1.0000e-03
Loss = 3.8249e-02, PNorm = 117.9404, GNorm = 0.8564, lr_0 = 1.0000e-03
Loss = 4.6631e-02, PNorm = 118.0125, GNorm = 0.5629, lr_0 = 1.0000e-03
Loss = 4.2279e-02, PNorm = 118.0948, GNorm = 0.6663, lr_0 = 1.0000e-03
Loss = 4.2614e-02, PNorm = 118.1648, GNorm = 0.9687, lr_0 = 1.0000e-03
Loss = 3.5296e-02, PNorm = 118.2360, GNorm = 0.3628, lr_0 = 1.0000e-03
Loss = 4.0423e-02, PNorm = 118.3060, GNorm = 0.3972, lr_0 = 1.0000e-03
Loss = 3.8187e-02, PNorm = 118.3664, GNorm = 0.4604, lr_0 = 1.0000e-03
Loss = 4.7834e-02, PNorm = 118.4258, GNorm = 0.8210, lr_0 = 1.0000e-03
Loss = 4.0845e-02, PNorm = 118.5008, GNorm = 0.4506, lr_0 = 1.0000e-03
Loss = 4.8233e-02, PNorm = 118.5754, GNorm = 1.0326, lr_0 = 1.0000e-03
Validation rmse = 32.042675
Epoch 30
Loss = 4.7806e-02, PNorm = 118.6521, GNorm = 0.3400, lr_0 = 1.0000e-03
Loss = 4.1606e-02, PNorm = 118.7211, GNorm = 0.5484, lr_0 = 1.0000e-03
Loss = 3.3864e-02, PNorm = 118.7843, GNorm = 0.5852, lr_0 = 1.0000e-03
Loss = 3.6835e-02, PNorm = 118.8448, GNorm = 0.3650, lr_0 = 1.0000e-03
Loss = 3.6655e-02, PNorm = 118.9007, GNorm = 0.5045, lr_0 = 1.0000e-03
Loss = 4.1698e-02, PNorm = 118.9643, GNorm = 0.3332, lr_0 = 1.0000e-03
Loss = 4.4205e-02, PNorm = 119.0359, GNorm = 0.4021, lr_0 = 1.0000e-03
Loss = 4.5222e-02, PNorm = 119.1164, GNorm = 0.4228, lr_0 = 1.0000e-03
Loss = 3.6332e-02, PNorm = 119.1804, GNorm = 0.6070, lr_0 = 1.0000e-03
Loss = 3.9704e-02, PNorm = 119.2342, GNorm = 0.2736, lr_0 = 1.0000e-03
Loss = 3.5695e-02, PNorm = 119.2887, GNorm = 0.3208, lr_0 = 1.0000e-03
Loss = 3.6506e-02, PNorm = 119.3429, GNorm = 0.6292, lr_0 = 1.0000e-03
Loss = 4.5536e-02, PNorm = 119.4008, GNorm = 1.1835, lr_0 = 1.0000e-03
Loss = 4.7496e-02, PNorm = 119.4739, GNorm = 1.2113, lr_0 = 1.0000e-03
Loss = 4.4232e-02, PNorm = 119.5569, GNorm = 0.4031, lr_0 = 1.0000e-03
Loss = 4.1475e-02, PNorm = 119.6384, GNorm = 0.5750, lr_0 = 1.0000e-03
Loss = 3.6932e-02, PNorm = 119.7113, GNorm = 0.5514, lr_0 = 1.0000e-03
Loss = 3.5901e-02, PNorm = 119.7692, GNorm = 0.6504, lr_0 = 1.0000e-03
Loss = 3.0573e-02, PNorm = 119.8303, GNorm = 0.4742, lr_0 = 1.0000e-03
Loss = 3.3754e-02, PNorm = 119.8828, GNorm = 0.3568, lr_0 = 1.0000e-03
Loss = 4.7228e-02, PNorm = 119.9385, GNorm = 1.5535, lr_0 = 1.0000e-03
Loss = 4.2801e-02, PNorm = 120.0062, GNorm = 1.3848, lr_0 = 1.0000e-03
Validation rmse = 33.643995
Epoch 31
Loss = 4.1585e-02, PNorm = 120.1098, GNorm = 0.7364, lr_0 = 1.0000e-03
Loss = 3.8294e-02, PNorm = 120.1920, GNorm = 0.2809, lr_0 = 1.0000e-03
Loss = 3.5959e-02, PNorm = 120.2670, GNorm = 1.0344, lr_0 = 1.0000e-03
Loss = 3.1610e-02, PNorm = 120.3367, GNorm = 0.4140, lr_0 = 1.0000e-03
Loss = 4.2791e-02, PNorm = 120.3990, GNorm = 0.5132, lr_0 = 1.0000e-03
Loss = 3.4311e-02, PNorm = 120.4687, GNorm = 0.3567, lr_0 = 1.0000e-03
Loss = 3.4099e-02, PNorm = 120.5374, GNorm = 0.2502, lr_0 = 1.0000e-03
Loss = 4.2783e-02, PNorm = 120.5978, GNorm = 0.4536, lr_0 = 1.0000e-03
Loss = 3.6692e-02, PNorm = 120.6677, GNorm = 0.4726, lr_0 = 1.0000e-03
Loss = 3.9820e-02, PNorm = 120.7237, GNorm = 0.1820, lr_0 = 1.0000e-03
Loss = 5.2905e-02, PNorm = 120.7995, GNorm = 0.9225, lr_0 = 1.0000e-03
Loss = 4.8454e-02, PNorm = 120.8868, GNorm = 0.3734, lr_0 = 1.0000e-03
Loss = 3.7311e-02, PNorm = 120.9643, GNorm = 0.3332, lr_0 = 1.0000e-03
Loss = 3.7716e-02, PNorm = 121.0307, GNorm = 0.3202, lr_0 = 1.0000e-03
Loss = 3.5593e-02, PNorm = 121.0972, GNorm = 0.8156, lr_0 = 1.0000e-03
Loss = 4.2283e-02, PNorm = 121.1468, GNorm = 0.4262, lr_0 = 1.0000e-03
Loss = 3.4398e-02, PNorm = 121.2133, GNorm = 0.8475, lr_0 = 1.0000e-03
Loss = 3.7318e-02, PNorm = 121.2631, GNorm = 1.0012, lr_0 = 1.0000e-03
Loss = 4.4370e-02, PNorm = 121.3204, GNorm = 0.4652, lr_0 = 1.0000e-03
Loss = 5.0142e-02, PNorm = 121.4000, GNorm = 0.5853, lr_0 = 1.0000e-03
Loss = 6.0031e-02, PNorm = 121.4900, GNorm = 0.2881, lr_0 = 1.0000e-03
Loss = 5.8716e-02, PNorm = 121.5952, GNorm = 0.8251, lr_0 = 1.0000e-03
Validation rmse = 31.067736
Epoch 32
Loss = 4.7084e-02, PNorm = 121.7058, GNorm = 0.4542, lr_0 = 1.0000e-03
Loss = 4.0947e-02, PNorm = 121.7952, GNorm = 0.6317, lr_0 = 1.0000e-03
Loss = 3.8608e-02, PNorm = 121.8707, GNorm = 0.2694, lr_0 = 1.0000e-03
Loss = 4.3504e-02, PNorm = 121.9343, GNorm = 0.6852, lr_0 = 1.0000e-03
Loss = 4.0394e-02, PNorm = 122.0083, GNorm = 0.2983, lr_0 = 1.0000e-03
Loss = 4.2610e-02, PNorm = 122.0795, GNorm = 0.3379, lr_0 = 1.0000e-03
Loss = 3.7768e-02, PNorm = 122.1637, GNorm = 0.5475, lr_0 = 1.0000e-03
Loss = 3.1622e-02, PNorm = 122.2202, GNorm = 0.3692, lr_0 = 1.0000e-03
Loss = 3.4437e-02, PNorm = 122.2692, GNorm = 0.4576, lr_0 = 1.0000e-03
Loss = 3.1565e-02, PNorm = 122.3271, GNorm = 0.2184, lr_0 = 1.0000e-03
Loss = 3.6259e-02, PNorm = 122.3832, GNorm = 0.3229, lr_0 = 1.0000e-03
Loss = 3.0508e-02, PNorm = 122.4377, GNorm = 0.3427, lr_0 = 1.0000e-03
Loss = 3.3219e-02, PNorm = 122.4932, GNorm = 0.4313, lr_0 = 1.0000e-03
Loss = 3.7046e-02, PNorm = 122.5530, GNorm = 0.2857, lr_0 = 1.0000e-03
Loss = 3.8607e-02, PNorm = 122.6131, GNorm = 0.3969, lr_0 = 1.0000e-03
Loss = 4.7737e-02, PNorm = 122.6842, GNorm = 0.3795, lr_0 = 1.0000e-03
Loss = 3.6392e-02, PNorm = 122.7560, GNorm = 0.2759, lr_0 = 1.0000e-03
Loss = 4.4113e-02, PNorm = 122.8370, GNorm = 0.5240, lr_0 = 1.0000e-03
Loss = 4.3467e-02, PNorm = 122.9155, GNorm = 0.3690, lr_0 = 1.0000e-03
Loss = 3.9431e-02, PNorm = 122.9843, GNorm = 0.2774, lr_0 = 1.0000e-03
Loss = 4.4449e-02, PNorm = 123.0448, GNorm = 0.9932, lr_0 = 1.0000e-03
Loss = 5.1697e-02, PNorm = 123.1286, GNorm = 0.7318, lr_0 = 1.0000e-03
Validation rmse = 31.468790
Epoch 33
Loss = 4.6017e-02, PNorm = 123.2246, GNorm = 0.7399, lr_0 = 1.0000e-03
Loss = 3.8252e-02, PNorm = 123.3125, GNorm = 0.3613, lr_0 = 1.0000e-03
Loss = 4.1712e-02, PNorm = 123.3697, GNorm = 0.5496, lr_0 = 1.0000e-03
Loss = 4.8169e-02, PNorm = 123.4300, GNorm = 0.6430, lr_0 = 1.0000e-03
Loss = 4.4595e-02, PNorm = 123.5187, GNorm = 0.4486, lr_0 = 1.0000e-03
Loss = 3.1548e-02, PNorm = 123.6063, GNorm = 0.1914, lr_0 = 1.0000e-03
Loss = 4.3650e-02, PNorm = 123.6827, GNorm = 1.0265, lr_0 = 1.0000e-03
Loss = 3.1330e-02, PNorm = 123.7424, GNorm = 0.4411, lr_0 = 1.0000e-03
Loss = 4.8130e-02, PNorm = 123.8220, GNorm = 0.4096, lr_0 = 1.0000e-03
Loss = 4.0389e-02, PNorm = 123.8837, GNorm = 0.4593, lr_0 = 1.0000e-03
Loss = 3.5340e-02, PNorm = 123.9443, GNorm = 0.2824, lr_0 = 1.0000e-03
Loss = 3.4961e-02, PNorm = 123.9949, GNorm = 0.4587, lr_0 = 1.0000e-03
Loss = 3.5570e-02, PNorm = 124.0504, GNorm = 0.3026, lr_0 = 1.0000e-03
Loss = 4.0497e-02, PNorm = 124.1117, GNorm = 0.9751, lr_0 = 1.0000e-03
Loss = 3.6936e-02, PNorm = 124.1859, GNorm = 0.6046, lr_0 = 1.0000e-03
Loss = 3.2845e-02, PNorm = 124.2611, GNorm = 0.7421, lr_0 = 1.0000e-03
Loss = 4.2489e-02, PNorm = 124.3206, GNorm = 0.4660, lr_0 = 1.0000e-03
Loss = 3.5343e-02, PNorm = 124.3827, GNorm = 0.3070, lr_0 = 1.0000e-03
Loss = 3.8043e-02, PNorm = 124.4553, GNorm = 0.2531, lr_0 = 1.0000e-03
Loss = 3.8945e-02, PNorm = 124.5116, GNorm = 0.4761, lr_0 = 1.0000e-03
Loss = 4.2487e-02, PNorm = 124.5667, GNorm = 0.8598, lr_0 = 1.0000e-03
Loss = 3.3584e-02, PNorm = 124.6501, GNorm = 0.3722, lr_0 = 1.0000e-03
Validation rmse = 30.874381
Epoch 34
Loss = 3.2020e-02, PNorm = 124.7122, GNorm = 0.6472, lr_0 = 1.0000e-03
Loss = 3.8254e-02, PNorm = 124.7740, GNorm = 0.2150, lr_0 = 1.0000e-03
Loss = 4.0828e-02, PNorm = 124.8285, GNorm = 0.2294, lr_0 = 1.0000e-03
Loss = 3.7273e-02, PNorm = 124.8892, GNorm = 0.2546, lr_0 = 1.0000e-03
Loss = 3.6107e-02, PNorm = 124.9651, GNorm = 0.3276, lr_0 = 1.0000e-03
Loss = 4.1785e-02, PNorm = 125.0240, GNorm = 0.5998, lr_0 = 1.0000e-03
Loss = 3.5906e-02, PNorm = 125.0995, GNorm = 0.4543, lr_0 = 1.0000e-03
Loss = 4.1701e-02, PNorm = 125.1716, GNorm = 0.7494, lr_0 = 1.0000e-03
Loss = 4.2251e-02, PNorm = 125.2365, GNorm = 0.6636, lr_0 = 1.0000e-03
Loss = 3.9431e-02, PNorm = 125.2984, GNorm = 0.3441, lr_0 = 1.0000e-03
Loss = 3.6800e-02, PNorm = 125.3642, GNorm = 0.4143, lr_0 = 1.0000e-03
Loss = 3.7705e-02, PNorm = 125.4279, GNorm = 0.4244, lr_0 = 1.0000e-03
Loss = 3.9413e-02, PNorm = 125.4963, GNorm = 0.3398, lr_0 = 1.0000e-03
Loss = 5.2468e-02, PNorm = 125.5641, GNorm = 0.8672, lr_0 = 1.0000e-03
Loss = 4.4167e-02, PNorm = 125.6620, GNorm = 0.7102, lr_0 = 1.0000e-03
Loss = 4.4484e-02, PNorm = 125.7514, GNorm = 1.1869, lr_0 = 1.0000e-03
Loss = 3.7411e-02, PNorm = 125.8207, GNorm = 0.2535, lr_0 = 1.0000e-03
Loss = 3.8396e-02, PNorm = 125.8727, GNorm = 0.4501, lr_0 = 1.0000e-03
Loss = 3.6822e-02, PNorm = 125.9315, GNorm = 0.8297, lr_0 = 1.0000e-03
Loss = 4.2961e-02, PNorm = 126.0130, GNorm = 0.4162, lr_0 = 1.0000e-03
Loss = 4.1386e-02, PNorm = 126.0665, GNorm = 0.4369, lr_0 = 1.0000e-03
Loss = 4.0677e-02, PNorm = 126.1316, GNorm = 0.8251, lr_0 = 1.0000e-03
Validation rmse = 30.117068
Epoch 35
Loss = 3.1416e-02, PNorm = 126.2053, GNorm = 0.2593, lr_0 = 1.0000e-03
Loss = 3.8320e-02, PNorm = 126.2581, GNorm = 0.3486, lr_0 = 1.0000e-03
Loss = 3.1519e-02, PNorm = 126.3165, GNorm = 0.6748, lr_0 = 1.0000e-03
Loss = 2.9381e-02, PNorm = 126.3867, GNorm = 0.2821, lr_0 = 1.0000e-03
Loss = 3.6154e-02, PNorm = 126.4392, GNorm = 0.4023, lr_0 = 1.0000e-03
Loss = 4.6068e-02, PNorm = 126.4989, GNorm = 0.4459, lr_0 = 1.0000e-03
Loss = 3.1585e-02, PNorm = 126.5625, GNorm = 0.4294, lr_0 = 1.0000e-03
Loss = 3.3531e-02, PNorm = 126.6372, GNorm = 0.2608, lr_0 = 1.0000e-03
Loss = 2.8821e-02, PNorm = 126.6902, GNorm = 0.2186, lr_0 = 1.0000e-03
Loss = 3.6710e-02, PNorm = 126.7382, GNorm = 0.4351, lr_0 = 1.0000e-03
Loss = 4.4916e-02, PNorm = 126.8122, GNorm = 0.7121, lr_0 = 1.0000e-03
Loss = 3.4275e-02, PNorm = 126.8784, GNorm = 0.4028, lr_0 = 1.0000e-03
Loss = 4.0470e-02, PNorm = 126.9399, GNorm = 0.4771, lr_0 = 1.0000e-03
Loss = 3.8037e-02, PNorm = 127.0088, GNorm = 0.9280, lr_0 = 1.0000e-03
Loss = 4.0042e-02, PNorm = 127.0722, GNorm = 0.4165, lr_0 = 1.0000e-03
Loss = 3.4219e-02, PNorm = 127.1405, GNorm = 0.7585, lr_0 = 1.0000e-03
Loss = 4.2974e-02, PNorm = 127.2022, GNorm = 0.4787, lr_0 = 1.0000e-03
Loss = 3.4416e-02, PNorm = 127.2783, GNorm = 0.5486, lr_0 = 1.0000e-03
Loss = 3.7757e-02, PNorm = 127.3496, GNorm = 0.5039, lr_0 = 1.0000e-03
Loss = 3.7303e-02, PNorm = 127.4208, GNorm = 0.4791, lr_0 = 1.0000e-03
Loss = 2.6591e-02, PNorm = 127.4834, GNorm = 0.3086, lr_0 = 1.0000e-03
Loss = 3.5133e-02, PNorm = 127.5390, GNorm = 0.1832, lr_0 = 1.0000e-03
Validation rmse = 29.568962
Epoch 36
Loss = 3.2706e-02, PNorm = 127.6068, GNorm = 0.3784, lr_0 = 1.0000e-03
Loss = 3.3997e-02, PNorm = 127.6756, GNorm = 0.4673, lr_0 = 1.0000e-03
Loss = 3.5435e-02, PNorm = 127.7399, GNorm = 0.3729, lr_0 = 1.0000e-03
Loss = 4.1342e-02, PNorm = 127.8207, GNorm = 0.5412, lr_0 = 1.0000e-03
Loss = 3.0182e-02, PNorm = 127.8807, GNorm = 0.2747, lr_0 = 1.0000e-03
Loss = 3.5781e-02, PNorm = 127.9309, GNorm = 0.2673, lr_0 = 1.0000e-03
Loss = 3.7455e-02, PNorm = 127.9859, GNorm = 0.3552, lr_0 = 1.0000e-03
Loss = 3.0486e-02, PNorm = 128.0428, GNorm = 0.6559, lr_0 = 1.0000e-03
Loss = 4.0663e-02, PNorm = 128.1073, GNorm = 0.1768, lr_0 = 1.0000e-03
Loss = 3.1105e-02, PNorm = 128.1845, GNorm = 0.3929, lr_0 = 1.0000e-03
Loss = 3.5160e-02, PNorm = 128.2428, GNorm = 1.0432, lr_0 = 1.0000e-03
Loss = 3.7712e-02, PNorm = 128.3119, GNorm = 0.2594, lr_0 = 1.0000e-03
Loss = 2.9020e-02, PNorm = 128.3746, GNorm = 0.2022, lr_0 = 1.0000e-03
Loss = 3.3837e-02, PNorm = 128.4336, GNorm = 0.4468, lr_0 = 1.0000e-03
Loss = 3.4860e-02, PNorm = 128.4960, GNorm = 0.3242, lr_0 = 1.0000e-03
Loss = 2.4245e-02, PNorm = 128.5526, GNorm = 0.3688, lr_0 = 1.0000e-03
Loss = 3.4216e-02, PNorm = 128.6099, GNorm = 0.6277, lr_0 = 1.0000e-03
Loss = 2.8367e-02, PNorm = 128.6752, GNorm = 0.4131, lr_0 = 1.0000e-03
Loss = 4.1550e-02, PNorm = 128.7418, GNorm = 0.8789, lr_0 = 1.0000e-03
Loss = 3.2353e-02, PNorm = 128.7987, GNorm = 0.3494, lr_0 = 1.0000e-03
Loss = 3.0373e-02, PNorm = 128.8634, GNorm = 0.4338, lr_0 = 1.0000e-03
Loss = 3.3986e-02, PNorm = 128.9324, GNorm = 0.7409, lr_0 = 1.0000e-03
Validation rmse = 29.125344
Epoch 37
Loss = 3.9770e-02, PNorm = 129.0173, GNorm = 0.6171, lr_0 = 1.0000e-03
Loss = 4.0156e-02, PNorm = 129.0874, GNorm = 0.4431, lr_0 = 1.0000e-03
Loss = 4.7856e-02, PNorm = 129.1800, GNorm = 0.2687, lr_0 = 1.0000e-03
Loss = 3.2970e-02, PNorm = 129.2470, GNorm = 0.6574, lr_0 = 1.0000e-03
Loss = 3.2940e-02, PNorm = 129.2949, GNorm = 0.4825, lr_0 = 1.0000e-03
Loss = 3.6181e-02, PNorm = 129.3677, GNorm = 0.5249, lr_0 = 1.0000e-03
Loss = 3.1954e-02, PNorm = 129.4325, GNorm = 0.4589, lr_0 = 1.0000e-03
Loss = 3.9450e-02, PNorm = 129.4952, GNorm = 1.9170, lr_0 = 1.0000e-03
Loss = 4.1781e-02, PNorm = 129.5787, GNorm = 0.3887, lr_0 = 1.0000e-03
Loss = 3.7631e-02, PNorm = 129.6613, GNorm = 0.3998, lr_0 = 1.0000e-03
Loss = 3.6643e-02, PNorm = 129.7363, GNorm = 0.7301, lr_0 = 1.0000e-03
Loss = 3.7835e-02, PNorm = 129.7987, GNorm = 0.3040, lr_0 = 1.0000e-03
Loss = 3.2831e-02, PNorm = 129.8614, GNorm = 0.3607, lr_0 = 1.0000e-03
Loss = 3.6342e-02, PNorm = 129.9257, GNorm = 0.7226, lr_0 = 1.0000e-03
Loss = 3.6485e-02, PNorm = 129.9990, GNorm = 0.5673, lr_0 = 1.0000e-03
Loss = 3.2908e-02, PNorm = 130.0700, GNorm = 0.3223, lr_0 = 1.0000e-03
Loss = 3.4679e-02, PNorm = 130.1368, GNorm = 0.6385, lr_0 = 1.0000e-03
Loss = 3.1760e-02, PNorm = 130.1963, GNorm = 0.5343, lr_0 = 1.0000e-03
Loss = 2.9507e-02, PNorm = 130.2554, GNorm = 0.1861, lr_0 = 1.0000e-03
Loss = 2.9231e-02, PNorm = 130.3095, GNorm = 0.4528, lr_0 = 1.0000e-03
Loss = 3.9454e-02, PNorm = 130.3621, GNorm = 0.4877, lr_0 = 1.0000e-03
Loss = 2.9675e-02, PNorm = 130.4109, GNorm = 0.4872, lr_0 = 1.0000e-03
Validation rmse = 28.972476
Epoch 38
Loss = 3.4704e-02, PNorm = 130.4601, GNorm = 0.3479, lr_0 = 1.0000e-03
Loss = 3.0740e-02, PNorm = 130.5393, GNorm = 0.2311, lr_0 = 1.0000e-03
Loss = 3.0343e-02, PNorm = 130.5922, GNorm = 0.2458, lr_0 = 1.0000e-03
Loss = 3.6803e-02, PNorm = 130.6376, GNorm = 0.4985, lr_0 = 1.0000e-03
Loss = 3.7771e-02, PNorm = 130.6968, GNorm = 0.5368, lr_0 = 1.0000e-03
Loss = 2.8643e-02, PNorm = 130.7604, GNorm = 0.3620, lr_0 = 1.0000e-03
Loss = 2.7167e-02, PNorm = 130.8107, GNorm = 0.1912, lr_0 = 1.0000e-03
Loss = 3.3886e-02, PNorm = 130.8659, GNorm = 0.3856, lr_0 = 1.0000e-03
Loss = 3.1459e-02, PNorm = 130.9197, GNorm = 0.5761, lr_0 = 1.0000e-03
Loss = 2.9963e-02, PNorm = 130.9752, GNorm = 0.6723, lr_0 = 1.0000e-03
Loss = 2.9274e-02, PNorm = 131.0290, GNorm = 0.6866, lr_0 = 1.0000e-03
Loss = 3.3967e-02, PNorm = 131.0871, GNorm = 0.4351, lr_0 = 1.0000e-03
Loss = 3.4332e-02, PNorm = 131.1512, GNorm = 0.7051, lr_0 = 1.0000e-03
Loss = 5.2800e-02, PNorm = 131.2320, GNorm = 1.3333, lr_0 = 1.0000e-03
Loss = 3.7789e-02, PNorm = 131.3198, GNorm = 0.6513, lr_0 = 1.0000e-03
Loss = 4.7524e-02, PNorm = 131.4149, GNorm = 0.8422, lr_0 = 1.0000e-03
Loss = 4.1059e-02, PNorm = 131.5040, GNorm = 1.4860, lr_0 = 1.0000e-03
Loss = 3.0883e-02, PNorm = 131.5734, GNorm = 0.6668, lr_0 = 1.0000e-03
Loss = 3.1969e-02, PNorm = 131.6338, GNorm = 0.3331, lr_0 = 1.0000e-03
Loss = 3.5453e-02, PNorm = 131.7091, GNorm = 0.4282, lr_0 = 1.0000e-03
Loss = 3.0197e-02, PNorm = 131.7766, GNorm = 0.3509, lr_0 = 1.0000e-03
Loss = 2.8621e-02, PNorm = 131.8428, GNorm = 0.4060, lr_0 = 1.0000e-03
Validation rmse = 26.978981
Epoch 39
Loss = 2.5709e-02, PNorm = 131.9076, GNorm = 0.5178, lr_0 = 1.0000e-03
Loss = 3.2640e-02, PNorm = 131.9700, GNorm = 0.5223, lr_0 = 1.0000e-03
Loss = 2.8630e-02, PNorm = 132.0248, GNorm = 0.3044, lr_0 = 1.0000e-03
Loss = 3.1497e-02, PNorm = 132.0735, GNorm = 0.5426, lr_0 = 1.0000e-03
Loss = 3.1230e-02, PNorm = 132.1257, GNorm = 0.4324, lr_0 = 1.0000e-03
Loss = 2.6704e-02, PNorm = 132.1847, GNorm = 0.5135, lr_0 = 1.0000e-03
Loss = 3.9812e-02, PNorm = 132.2485, GNorm = 1.0181, lr_0 = 1.0000e-03
Loss = 4.1623e-02, PNorm = 132.3176, GNorm = 0.3137, lr_0 = 1.0000e-03
Loss = 3.3714e-02, PNorm = 132.3840, GNorm = 0.3315, lr_0 = 1.0000e-03
Loss = 3.4747e-02, PNorm = 132.4451, GNorm = 0.4098, lr_0 = 1.0000e-03
Loss = 3.3989e-02, PNorm = 132.5249, GNorm = 0.6483, lr_0 = 1.0000e-03
Loss = 4.1429e-02, PNorm = 132.6032, GNorm = 0.7901, lr_0 = 1.0000e-03
Loss = 4.5270e-02, PNorm = 132.6738, GNorm = 0.2487, lr_0 = 1.0000e-03
Loss = 3.7464e-02, PNorm = 132.7653, GNorm = 0.2766, lr_0 = 1.0000e-03
Loss = 3.7672e-02, PNorm = 132.8462, GNorm = 0.6739, lr_0 = 1.0000e-03
Loss = 4.4469e-02, PNorm = 132.9283, GNorm = 0.6543, lr_0 = 1.0000e-03
Loss = 3.6777e-02, PNorm = 133.0131, GNorm = 0.5481, lr_0 = 1.0000e-03
Loss = 3.1238e-02, PNorm = 133.0923, GNorm = 0.6724, lr_0 = 1.0000e-03
Loss = 3.5509e-02, PNorm = 133.1545, GNorm = 0.3810, lr_0 = 1.0000e-03
Loss = 3.1189e-02, PNorm = 133.2216, GNorm = 0.2793, lr_0 = 1.0000e-03
Loss = 3.2361e-02, PNorm = 133.2874, GNorm = 0.4055, lr_0 = 1.0000e-03
Loss = 2.8434e-02, PNorm = 133.3420, GNorm = 0.7436, lr_0 = 1.0000e-03
Validation rmse = 28.188670
Epoch 40
Loss = 1.9134e-02, PNorm = 133.3973, GNorm = 0.2305, lr_0 = 1.0000e-03
Loss = 2.7681e-02, PNorm = 133.4459, GNorm = 0.2681, lr_0 = 1.0000e-03
Loss = 3.7715e-02, PNorm = 133.4981, GNorm = 1.2507, lr_0 = 1.0000e-03
Loss = 4.3241e-02, PNorm = 133.5561, GNorm = 0.7591, lr_0 = 1.0000e-03
Loss = 3.4964e-02, PNorm = 133.6298, GNorm = 0.3586, lr_0 = 1.0000e-03
Loss = 3.0849e-02, PNorm = 133.6867, GNorm = 0.6330, lr_0 = 1.0000e-03
Loss = 2.9992e-02, PNorm = 133.7456, GNorm = 0.2957, lr_0 = 1.0000e-03
Loss = 3.8062e-02, PNorm = 133.8141, GNorm = 0.3483, lr_0 = 1.0000e-03
Loss = 3.1475e-02, PNorm = 133.8922, GNorm = 0.3228, lr_0 = 1.0000e-03
Loss = 2.7383e-02, PNorm = 133.9607, GNorm = 0.7721, lr_0 = 1.0000e-03
Loss = 3.2456e-02, PNorm = 134.0174, GNorm = 0.3540, lr_0 = 1.0000e-03
Loss = 3.6058e-02, PNorm = 134.0811, GNorm = 0.8652, lr_0 = 1.0000e-03
Loss = 3.5352e-02, PNorm = 134.1361, GNorm = 1.6478, lr_0 = 1.0000e-03
Loss = 3.7932e-02, PNorm = 134.2033, GNorm = 0.4114, lr_0 = 1.0000e-03
Loss = 3.3703e-02, PNorm = 134.2719, GNorm = 0.4211, lr_0 = 1.0000e-03
Loss = 3.6300e-02, PNorm = 134.3465, GNorm = 0.6781, lr_0 = 1.0000e-03
Loss = 3.8397e-02, PNorm = 134.4269, GNorm = 0.2979, lr_0 = 1.0000e-03
Loss = 3.1996e-02, PNorm = 134.4872, GNorm = 0.3690, lr_0 = 1.0000e-03
Loss = 4.3341e-02, PNorm = 134.5464, GNorm = 0.5863, lr_0 = 1.0000e-03
Loss = 3.0942e-02, PNorm = 134.6233, GNorm = 0.2309, lr_0 = 1.0000e-03
Loss = 3.4846e-02, PNorm = 134.6957, GNorm = 0.2266, lr_0 = 1.0000e-03
Loss = 4.1204e-02, PNorm = 134.7798, GNorm = 0.6251, lr_0 = 1.0000e-03
Validation rmse = 30.245440
Epoch 41
Loss = 3.7267e-02, PNorm = 134.8607, GNorm = 0.6429, lr_0 = 1.0000e-03
Loss = 3.7546e-02, PNorm = 134.9388, GNorm = 0.6875, lr_0 = 1.0000e-03
Loss = 2.7750e-02, PNorm = 135.0185, GNorm = 0.2813, lr_0 = 1.0000e-03
Loss = 3.3069e-02, PNorm = 135.0767, GNorm = 0.3290, lr_0 = 1.0000e-03
Loss = 2.6650e-02, PNorm = 135.1404, GNorm = 0.5225, lr_0 = 1.0000e-03
Loss = 3.7586e-02, PNorm = 135.1935, GNorm = 0.1943, lr_0 = 1.0000e-03
Loss = 4.1186e-02, PNorm = 135.2565, GNorm = 0.6804, lr_0 = 1.0000e-03
Loss = 3.3601e-02, PNorm = 135.3142, GNorm = 0.3991, lr_0 = 1.0000e-03
Loss = 3.0032e-02, PNorm = 135.3719, GNorm = 0.2511, lr_0 = 1.0000e-03
Loss = 3.5262e-02, PNorm = 135.4441, GNorm = 0.3556, lr_0 = 1.0000e-03
Loss = 3.1801e-02, PNorm = 135.5022, GNorm = 0.5803, lr_0 = 1.0000e-03
Loss = 3.7146e-02, PNorm = 135.5738, GNorm = 0.5232, lr_0 = 1.0000e-03
Loss = 2.8355e-02, PNorm = 135.6356, GNorm = 0.1845, lr_0 = 1.0000e-03
Loss = 3.3575e-02, PNorm = 135.6939, GNorm = 0.5151, lr_0 = 1.0000e-03
Loss = 3.5273e-02, PNorm = 135.7451, GNorm = 0.2838, lr_0 = 1.0000e-03
Loss = 3.3284e-02, PNorm = 135.8163, GNorm = 0.3775, lr_0 = 1.0000e-03
Loss = 3.9683e-02, PNorm = 135.8865, GNorm = 0.3979, lr_0 = 1.0000e-03
Loss = 3.3429e-02, PNorm = 135.9464, GNorm = 0.5653, lr_0 = 1.0000e-03
Loss = 3.6484e-02, PNorm = 136.0182, GNorm = 0.3346, lr_0 = 1.0000e-03
Loss = 3.8727e-02, PNorm = 136.0884, GNorm = 0.5809, lr_0 = 1.0000e-03
Loss = 3.8680e-02, PNorm = 136.1680, GNorm = 0.5324, lr_0 = 1.0000e-03
Loss = 3.4264e-02, PNorm = 136.2523, GNorm = 0.4203, lr_0 = 1.0000e-03
Validation rmse = 29.614761
Epoch 42
Loss = 3.5597e-02, PNorm = 136.3255, GNorm = 0.3363, lr_0 = 1.0000e-03
Loss = 3.2506e-02, PNorm = 136.3926, GNorm = 0.3503, lr_0 = 1.0000e-03
Loss = 3.6106e-02, PNorm = 136.4611, GNorm = 0.3066, lr_0 = 1.0000e-03
Loss = 2.8899e-02, PNorm = 136.5085, GNorm = 0.2939, lr_0 = 1.0000e-03
Loss = 2.8367e-02, PNorm = 136.5666, GNorm = 0.3842, lr_0 = 1.0000e-03
Loss = 3.2322e-02, PNorm = 136.6266, GNorm = 0.3176, lr_0 = 1.0000e-03
Loss = 2.9556e-02, PNorm = 136.6962, GNorm = 0.3399, lr_0 = 1.0000e-03
Loss = 3.5832e-02, PNorm = 136.7481, GNorm = 0.2614, lr_0 = 1.0000e-03
Loss = 4.5311e-02, PNorm = 136.8124, GNorm = 1.1184, lr_0 = 1.0000e-03
Loss = 3.3949e-02, PNorm = 136.8754, GNorm = 0.4706, lr_0 = 1.0000e-03
Loss = 3.7761e-02, PNorm = 136.9565, GNorm = 0.4298, lr_0 = 1.0000e-03
Loss = 3.7329e-02, PNorm = 137.0324, GNorm = 0.4420, lr_0 = 1.0000e-03
Loss = 3.4275e-02, PNorm = 137.0965, GNorm = 0.3212, lr_0 = 1.0000e-03
Loss = 3.8629e-02, PNorm = 137.1562, GNorm = 0.4736, lr_0 = 1.0000e-03
Loss = 2.9121e-02, PNorm = 137.2236, GNorm = 0.3348, lr_0 = 1.0000e-03
Loss = 2.8562e-02, PNorm = 137.2819, GNorm = 0.3567, lr_0 = 1.0000e-03
Loss = 2.6950e-02, PNorm = 137.3397, GNorm = 0.3724, lr_0 = 1.0000e-03
Loss = 3.6510e-02, PNorm = 137.4019, GNorm = 0.5121, lr_0 = 1.0000e-03
Loss = 3.6025e-02, PNorm = 137.4724, GNorm = 0.2782, lr_0 = 1.0000e-03
Loss = 3.3688e-02, PNorm = 137.5508, GNorm = 0.5524, lr_0 = 1.0000e-03
Loss = 3.0441e-02, PNorm = 137.6390, GNorm = 0.3869, lr_0 = 1.0000e-03
Loss = 2.5969e-02, PNorm = 137.7068, GNorm = 0.2724, lr_0 = 1.0000e-03
Loss = 2.8212e-02, PNorm = 137.7648, GNorm = 0.4033, lr_0 = 1.0000e-03
Validation rmse = 28.188214
Epoch 43
Loss = 2.7913e-02, PNorm = 137.8152, GNorm = 0.2412, lr_0 = 1.0000e-03
Loss = 2.7408e-02, PNorm = 137.8701, GNorm = 0.2549, lr_0 = 1.0000e-03
Loss = 3.1950e-02, PNorm = 137.9329, GNorm = 0.2377, lr_0 = 1.0000e-03
Loss = 2.7930e-02, PNorm = 137.9979, GNorm = 0.1492, lr_0 = 1.0000e-03
Loss = 3.2208e-02, PNorm = 138.0450, GNorm = 0.2370, lr_0 = 1.0000e-03
Loss = 3.4278e-02, PNorm = 138.1182, GNorm = 0.4319, lr_0 = 1.0000e-03
Loss = 3.4080e-02, PNorm = 138.1909, GNorm = 0.2800, lr_0 = 1.0000e-03
Loss = 2.7500e-02, PNorm = 138.2448, GNorm = 0.6778, lr_0 = 1.0000e-03
Loss = 3.0445e-02, PNorm = 138.3058, GNorm = 0.2530, lr_0 = 1.0000e-03
Loss = 3.0327e-02, PNorm = 138.3575, GNorm = 0.3478, lr_0 = 1.0000e-03
Loss = 3.4920e-02, PNorm = 138.4163, GNorm = 0.7158, lr_0 = 1.0000e-03
Loss = 3.2129e-02, PNorm = 138.4868, GNorm = 0.5702, lr_0 = 1.0000e-03
Loss = 3.3124e-02, PNorm = 138.5379, GNorm = 0.5120, lr_0 = 1.0000e-03
Loss = 3.8525e-02, PNorm = 138.6021, GNorm = 0.8029, lr_0 = 1.0000e-03
Loss = 2.8222e-02, PNorm = 138.6767, GNorm = 0.4179, lr_0 = 1.0000e-03
Loss = 3.7400e-02, PNorm = 138.7521, GNorm = 0.4114, lr_0 = 1.0000e-03
Loss = 2.9106e-02, PNorm = 138.8130, GNorm = 0.3487, lr_0 = 1.0000e-03
Loss = 3.0594e-02, PNorm = 138.8829, GNorm = 0.4479, lr_0 = 1.0000e-03
Loss = 3.9597e-02, PNorm = 138.9546, GNorm = 1.5413, lr_0 = 1.0000e-03
Loss = 3.4917e-02, PNorm = 139.0313, GNorm = 0.4647, lr_0 = 1.0000e-03
Loss = 2.8777e-02, PNorm = 139.1157, GNorm = 0.4942, lr_0 = 1.0000e-03
Loss = 2.9891e-02, PNorm = 139.1807, GNorm = 0.2271, lr_0 = 1.0000e-03
Loss = 3.6983e-02, PNorm = 139.1864, GNorm = 0.5148, lr_0 = 1.0000e-03
Validation rmse = 29.677474
Epoch 44
Loss = 3.0188e-02, PNorm = 139.2442, GNorm = 0.5171, lr_0 = 1.0000e-03
Loss = 2.2409e-02, PNorm = 139.3043, GNorm = 0.3240, lr_0 = 1.0000e-03
Loss = 3.0064e-02, PNorm = 139.3562, GNorm = 0.7489, lr_0 = 1.0000e-03
Loss = 2.7130e-02, PNorm = 139.4235, GNorm = 0.2022, lr_0 = 1.0000e-03
Loss = 2.7627e-02, PNorm = 139.4897, GNorm = 0.6047, lr_0 = 1.0000e-03
Loss = 2.7715e-02, PNorm = 139.5351, GNorm = 0.2944, lr_0 = 1.0000e-03
Loss = 3.2844e-02, PNorm = 139.5889, GNorm = 0.3932, lr_0 = 1.0000e-03
Loss = 2.7792e-02, PNorm = 139.6498, GNorm = 0.1943, lr_0 = 1.0000e-03
Loss = 3.3821e-02, PNorm = 139.7198, GNorm = 0.5856, lr_0 = 1.0000e-03
Loss = 2.7711e-02, PNorm = 139.8011, GNorm = 0.4171, lr_0 = 1.0000e-03
Loss = 3.9210e-02, PNorm = 139.8835, GNorm = 0.7325, lr_0 = 1.0000e-03
Loss = 3.9383e-02, PNorm = 139.9671, GNorm = 0.9863, lr_0 = 1.0000e-03
Loss = 3.9727e-02, PNorm = 140.0635, GNorm = 0.6582, lr_0 = 1.0000e-03
Loss = 3.0664e-02, PNorm = 140.1468, GNorm = 0.5605, lr_0 = 1.0000e-03
Loss = 2.7947e-02, PNorm = 140.2134, GNorm = 0.3898, lr_0 = 1.0000e-03
Loss = 2.9701e-02, PNorm = 140.2745, GNorm = 0.8219, lr_0 = 1.0000e-03
Loss = 2.9796e-02, PNorm = 140.3287, GNorm = 0.4230, lr_0 = 1.0000e-03
Loss = 3.1910e-02, PNorm = 140.4003, GNorm = 0.3377, lr_0 = 1.0000e-03
Loss = 2.6790e-02, PNorm = 140.4479, GNorm = 0.3713, lr_0 = 1.0000e-03
Loss = 2.6525e-02, PNorm = 140.5111, GNorm = 0.3700, lr_0 = 1.0000e-03
Loss = 3.1210e-02, PNorm = 140.5771, GNorm = 0.4818, lr_0 = 1.0000e-03
Loss = 3.1835e-02, PNorm = 140.6409, GNorm = 0.3409, lr_0 = 1.0000e-03
Validation rmse = 27.595654
Epoch 45
Loss = 3.3127e-02, PNorm = 140.6998, GNorm = 0.5922, lr_0 = 1.0000e-03
Loss = 2.9948e-02, PNorm = 140.7697, GNorm = 0.1813, lr_0 = 1.0000e-03
Loss = 3.2365e-02, PNorm = 140.8341, GNorm = 0.4043, lr_0 = 1.0000e-03
Loss = 2.7799e-02, PNorm = 140.8961, GNorm = 0.3158, lr_0 = 1.0000e-03
Loss = 2.8735e-02, PNorm = 140.9496, GNorm = 0.2717, lr_0 = 1.0000e-03
Loss = 2.9389e-02, PNorm = 141.0201, GNorm = 0.3552, lr_0 = 1.0000e-03
Loss = 3.0403e-02, PNorm = 141.0759, GNorm = 0.3419, lr_0 = 1.0000e-03
Loss = 2.6529e-02, PNorm = 141.1475, GNorm = 0.3954, lr_0 = 1.0000e-03
Loss = 2.9927e-02, PNorm = 141.2117, GNorm = 0.6195, lr_0 = 1.0000e-03
Loss = 2.8023e-02, PNorm = 141.2720, GNorm = 0.4138, lr_0 = 1.0000e-03
Loss = 2.6099e-02, PNorm = 141.3365, GNorm = 0.2672, lr_0 = 1.0000e-03
Loss = 2.4223e-02, PNorm = 141.4000, GNorm = 0.3492, lr_0 = 1.0000e-03
Loss = 2.7920e-02, PNorm = 141.4552, GNorm = 0.2066, lr_0 = 1.0000e-03
Loss = 3.8814e-02, PNorm = 141.5165, GNorm = 0.2784, lr_0 = 1.0000e-03
Loss = 4.3737e-02, PNorm = 141.5954, GNorm = 0.5123, lr_0 = 1.0000e-03
Loss = 3.2600e-02, PNorm = 141.6952, GNorm = 0.4432, lr_0 = 1.0000e-03
Loss = 3.9381e-02, PNorm = 141.7839, GNorm = 0.3898, lr_0 = 1.0000e-03
Loss = 3.4601e-02, PNorm = 141.8824, GNorm = 0.4197, lr_0 = 1.0000e-03
Loss = 2.6652e-02, PNorm = 141.9645, GNorm = 0.2355, lr_0 = 1.0000e-03
Loss = 3.4383e-02, PNorm = 142.0471, GNorm = 0.8885, lr_0 = 1.0000e-03
Loss = 3.6906e-02, PNorm = 142.1288, GNorm = 1.0183, lr_0 = 1.0000e-03
Loss = 4.1088e-02, PNorm = 142.2232, GNorm = 0.3992, lr_0 = 1.0000e-03
Validation rmse = 30.053837
Epoch 46
Loss = 3.3267e-02, PNorm = 142.3173, GNorm = 0.3602, lr_0 = 1.0000e-03
Loss = 3.6823e-02, PNorm = 142.4023, GNorm = 1.7363, lr_0 = 1.0000e-03
Loss = 3.0725e-02, PNorm = 142.4911, GNorm = 0.3332, lr_0 = 1.0000e-03
Loss = 3.4075e-02, PNorm = 142.5902, GNorm = 0.2528, lr_0 = 1.0000e-03
Loss = 4.0651e-02, PNorm = 142.6754, GNorm = 0.2776, lr_0 = 1.0000e-03
Loss = 4.5152e-02, PNorm = 142.7742, GNorm = 0.6059, lr_0 = 1.0000e-03
Loss = 4.0570e-02, PNorm = 142.8703, GNorm = 0.5738, lr_0 = 1.0000e-03
Loss = 3.0360e-02, PNorm = 142.9734, GNorm = 0.5736, lr_0 = 1.0000e-03
Loss = 4.5185e-02, PNorm = 143.0713, GNorm = 0.3879, lr_0 = 1.0000e-03
Loss = 3.9625e-02, PNorm = 143.1489, GNorm = 0.9009, lr_0 = 1.0000e-03
Loss = 2.7949e-02, PNorm = 143.2453, GNorm = 0.2032, lr_0 = 1.0000e-03
Loss = 3.4688e-02, PNorm = 143.3213, GNorm = 0.3504, lr_0 = 1.0000e-03
Loss = 3.4586e-02, PNorm = 143.3864, GNorm = 0.8062, lr_0 = 1.0000e-03
Loss = 2.5579e-02, PNorm = 143.4501, GNorm = 0.8179, lr_0 = 1.0000e-03
Loss = 3.3938e-02, PNorm = 143.5128, GNorm = 0.4151, lr_0 = 1.0000e-03
Loss = 3.1582e-02, PNorm = 143.5722, GNorm = 0.3054, lr_0 = 1.0000e-03
Loss = 3.7328e-02, PNorm = 143.6492, GNorm = 0.4278, lr_0 = 1.0000e-03
Loss = 3.8033e-02, PNorm = 143.7512, GNorm = 0.3976, lr_0 = 1.0000e-03
Loss = 2.8455e-02, PNorm = 143.8359, GNorm = 0.5653, lr_0 = 1.0000e-03
Loss = 3.5907e-02, PNorm = 143.9159, GNorm = 0.3573, lr_0 = 1.0000e-03
Loss = 4.0346e-02, PNorm = 143.9866, GNorm = 0.5826, lr_0 = 1.0000e-03
Loss = 3.1421e-02, PNorm = 144.0658, GNorm = 0.2217, lr_0 = 1.0000e-03
Validation rmse = 29.207484
Epoch 47
Loss = 2.7947e-02, PNorm = 144.1463, GNorm = 0.5554, lr_0 = 1.0000e-03
Loss = 2.4293e-02, PNorm = 144.2043, GNorm = 0.3998, lr_0 = 1.0000e-03
Loss = 3.0626e-02, PNorm = 144.2624, GNorm = 0.5611, lr_0 = 1.0000e-03
Loss = 3.0595e-02, PNorm = 144.3336, GNorm = 0.2372, lr_0 = 1.0000e-03
Loss = 2.7253e-02, PNorm = 144.3988, GNorm = 0.1921, lr_0 = 1.0000e-03
Loss = 3.0828e-02, PNorm = 144.4489, GNorm = 0.6005, lr_0 = 1.0000e-03
Loss = 2.7981e-02, PNorm = 144.5110, GNorm = 0.1906, lr_0 = 1.0000e-03
Loss = 2.7867e-02, PNorm = 144.5685, GNorm = 0.1855, lr_0 = 1.0000e-03
Loss = 2.8082e-02, PNorm = 144.6254, GNorm = 0.2945, lr_0 = 1.0000e-03
Loss = 2.3239e-02, PNorm = 144.6738, GNorm = 0.1466, lr_0 = 1.0000e-03
Loss = 3.1949e-02, PNorm = 144.7302, GNorm = 0.2521, lr_0 = 1.0000e-03
Loss = 3.3183e-02, PNorm = 144.7872, GNorm = 0.3504, lr_0 = 1.0000e-03
Loss = 3.1457e-02, PNorm = 144.8518, GNorm = 0.5125, lr_0 = 1.0000e-03
Loss = 3.8030e-02, PNorm = 144.9209, GNorm = 0.2231, lr_0 = 1.0000e-03
Loss = 2.5962e-02, PNorm = 145.0032, GNorm = 0.2827, lr_0 = 1.0000e-03
Loss = 2.9877e-02, PNorm = 145.0770, GNorm = 0.7296, lr_0 = 1.0000e-03
Loss = 2.6259e-02, PNorm = 145.1314, GNorm = 0.7225, lr_0 = 1.0000e-03
Loss = 3.7255e-02, PNorm = 145.1980, GNorm = 0.3313, lr_0 = 1.0000e-03
Loss = 3.2008e-02, PNorm = 145.2684, GNorm = 0.5023, lr_0 = 1.0000e-03
Loss = 2.5967e-02, PNorm = 145.3380, GNorm = 0.2032, lr_0 = 1.0000e-03
Loss = 2.9625e-02, PNorm = 145.4045, GNorm = 0.4664, lr_0 = 1.0000e-03
Loss = 3.0166e-02, PNorm = 145.4681, GNorm = 0.2746, lr_0 = 1.0000e-03
Validation rmse = 29.032576
Epoch 48
Loss = 2.3064e-02, PNorm = 145.5298, GNorm = 0.5227, lr_0 = 1.0000e-03
Loss = 2.9244e-02, PNorm = 145.5956, GNorm = 0.4945, lr_0 = 1.0000e-03
Loss = 3.0048e-02, PNorm = 145.6702, GNorm = 0.2250, lr_0 = 1.0000e-03
Loss = 2.8170e-02, PNorm = 145.7342, GNorm = 0.5089, lr_0 = 1.0000e-03
Loss = 2.5182e-02, PNorm = 145.8001, GNorm = 0.6241, lr_0 = 1.0000e-03
Loss = 3.1634e-02, PNorm = 145.8632, GNorm = 0.7250, lr_0 = 1.0000e-03
Loss = 2.8410e-02, PNorm = 145.9272, GNorm = 0.6542, lr_0 = 1.0000e-03
Loss = 2.8168e-02, PNorm = 145.9948, GNorm = 0.2562, lr_0 = 1.0000e-03
Loss = 3.3828e-02, PNorm = 146.0495, GNorm = 0.3818, lr_0 = 1.0000e-03
Loss = 3.1851e-02, PNorm = 146.1063, GNorm = 0.7693, lr_0 = 1.0000e-03
Loss = 2.5477e-02, PNorm = 146.1823, GNorm = 0.3277, lr_0 = 1.0000e-03
Loss = 3.0855e-02, PNorm = 146.2418, GNorm = 0.4827, lr_0 = 1.0000e-03
Loss = 3.1790e-02, PNorm = 146.2990, GNorm = 0.3074, lr_0 = 1.0000e-03
Loss = 3.2946e-02, PNorm = 146.3481, GNorm = 0.3417, lr_0 = 1.0000e-03
Loss = 2.7533e-02, PNorm = 146.4142, GNorm = 0.2888, lr_0 = 1.0000e-03
Loss = 2.6504e-02, PNorm = 146.4749, GNorm = 0.2832, lr_0 = 1.0000e-03
Loss = 2.3457e-02, PNorm = 146.5324, GNorm = 0.1778, lr_0 = 1.0000e-03
Loss = 3.5051e-02, PNorm = 146.5793, GNorm = 0.9715, lr_0 = 1.0000e-03
Loss = 2.5322e-02, PNorm = 146.6330, GNorm = 0.5844, lr_0 = 1.0000e-03
Loss = 3.0246e-02, PNorm = 146.7006, GNorm = 0.4651, lr_0 = 1.0000e-03
Loss = 2.5068e-02, PNorm = 146.7562, GNorm = 0.5342, lr_0 = 1.0000e-03
Loss = 2.8864e-02, PNorm = 146.8203, GNorm = 0.7013, lr_0 = 1.0000e-03
Validation rmse = 28.951954
Epoch 49
Loss = 3.4658e-02, PNorm = 146.8930, GNorm = 0.7948, lr_0 = 1.0000e-03
Loss = 2.9537e-02, PNorm = 146.9780, GNorm = 0.2112, lr_0 = 1.0000e-03
Loss = 2.3695e-02, PNorm = 147.0367, GNorm = 0.4780, lr_0 = 1.0000e-03
Loss = 2.7367e-02, PNorm = 147.0958, GNorm = 0.5208, lr_0 = 1.0000e-03
Loss = 3.0837e-02, PNorm = 147.1611, GNorm = 0.3438, lr_0 = 1.0000e-03
Loss = 3.1994e-02, PNorm = 147.2178, GNorm = 0.1755, lr_0 = 1.0000e-03
Loss = 2.8265e-02, PNorm = 147.2954, GNorm = 0.3603, lr_0 = 1.0000e-03
Loss = 3.0249e-02, PNorm = 147.3581, GNorm = 0.3105, lr_0 = 1.0000e-03
Loss = 2.9875e-02, PNorm = 147.4207, GNorm = 0.2905, lr_0 = 1.0000e-03
Loss = 2.5438e-02, PNorm = 147.4890, GNorm = 0.4204, lr_0 = 1.0000e-03
Loss = 2.7003e-02, PNorm = 147.5516, GNorm = 0.5641, lr_0 = 1.0000e-03
Loss = 3.1200e-02, PNorm = 147.6189, GNorm = 0.7547, lr_0 = 1.0000e-03
Loss = 2.6785e-02, PNorm = 147.6775, GNorm = 0.2597, lr_0 = 1.0000e-03
Loss = 2.8774e-02, PNorm = 147.7453, GNorm = 0.2777, lr_0 = 1.0000e-03
Loss = 2.4865e-02, PNorm = 147.8038, GNorm = 0.1531, lr_0 = 1.0000e-03
Loss = 2.4903e-02, PNorm = 147.8630, GNorm = 0.4761, lr_0 = 1.0000e-03
Loss = 3.4416e-02, PNorm = 147.9182, GNorm = 0.5488, lr_0 = 1.0000e-03
Loss = 2.8005e-02, PNorm = 147.9800, GNorm = 0.2515, lr_0 = 1.0000e-03
Loss = 2.8580e-02, PNorm = 148.0389, GNorm = 0.4108, lr_0 = 1.0000e-03
Loss = 2.9556e-02, PNorm = 148.1074, GNorm = 0.4926, lr_0 = 1.0000e-03
Loss = 2.5817e-02, PNorm = 148.1677, GNorm = 0.1968, lr_0 = 1.0000e-03
Loss = 2.0108e-02, PNorm = 148.2276, GNorm = 0.1529, lr_0 = 1.0000e-03
Validation rmse = 28.883776
Model 0 best validation rmse = 26.978981 on epoch 38
Loading pretrained parameter "encoder.encoder.0.cached_zero_vector".
Loading pretrained parameter "encoder.encoder.0.W_i.weight".
Loading pretrained parameter "encoder.encoder.0.W_h.weight".
Loading pretrained parameter "encoder.encoder.0.W_o.weight".
Loading pretrained parameter "encoder.encoder.0.W_o.bias".
Loading pretrained parameter "encoder.encoder.1.cached_zero_vector".
Loading pretrained parameter "encoder.encoder.1.W_i.weight".
Loading pretrained parameter "encoder.encoder.1.W_h.weight".
Loading pretrained parameter "encoder.encoder.1.W_o.weight".
Loading pretrained parameter "encoder.encoder.1.W_o.bias".
Loading pretrained parameter "ffn.1.weight".
Loading pretrained parameter "ffn.1.bias".
Loading pretrained parameter "ffn.4.weight".
Loading pretrained parameter "ffn.4.bias".
Moving model to cuda
Model 0 test rmse = 27.295415
Ensemble test rmse = 27.295415
1-fold cross validation
	Seed 0 ==> test rmse = 27.295415
Overall test rmse = 27.295415 +/- 0.000000
Elapsed time = 0:39:23
