Command line
python /home/kpg/chemprop/train.py --data_path ../../../data/splits/lambda_max_abs/deep4chem/group_by_smiles/smiles_target_train.csv --dataset_type regression --save_dir /home/kimele03/uvvisml/uvvisml/models/both_peaks_checkpoints/random/results/507014/49663698 --config_path /home/kimele03/uvvisml/uvvisml/models/both_peaks_checkpoints/random/results/507014/49663698/hyperopt.json --metric rmse --epochs 50 --gpu 0 --ensemble_size 1 --separate_val_path ../../../data/splits/lambda_max_abs/deep4chem/group_by_smiles/smiles_target_val.csv --separate_test_path ../../../data/splits/lambda_max_abs/deep4chem/group_by_smiles/smiles_target_test.csv --number_of_molecules 2
Args
{'activation': 'ReLU',
 'aggregation': 'mean',
 'aggregation_norm': 100,
 'atom_descriptor_scaling': True,
 'atom_descriptors': None,
 'atom_descriptors_path': None,
 'atom_descriptors_size': 0,
 'atom_features_size': 0,
 'atom_messages': False,
 'batch_size': 57,
 'bias': False,
 'bond_feature_scaling': True,
 'bond_features_path': None,
 'bond_features_size': 0,
 'cache_cutoff': 10000,
 'checkpoint_dir': None,
 'checkpoint_frzn': None,
 'checkpoint_path': None,
 'checkpoint_paths': None,
 'class_balance': False,
 'config_path': '/home/kimele03/uvvisml/uvvisml/models/both_peaks_checkpoints/random/results/507014/49663698/hyperopt.json',
 'crossval_index_dir': None,
 'crossval_index_file': None,
 'crossval_index_sets': None,
 'cuda': True,
 'data_path': '../../../data/splits/lambda_max_abs/deep4chem/group_by_smiles/smiles_target_train.csv',
 'data_weights_path': None,
 'dataset_type': 'regression',
 'depth': 4,
 'device': device(type='cuda', index=0),
 'dropout': 0.06078608860512689,
 'empty_cache': False,
 'ensemble_size': 1,
 'epochs': 50,
 'explicit_h': False,
 'extra_metrics': [],
 'features_generator': None,
 'features_only': False,
 'features_path': None,
 'features_scaling': True,
 'features_size': None,
 'ffn_hidden_size': 2191,
 'ffn_num_layers': 2,
 'final_lr': 2.4731729729836826e-08,
 'folds_file': None,
 'freeze_first_only': False,
 'frzn_ffn_layers': 0,
 'gpu': 0,
 'grad_clip': None,
 'hidden_size': 1615,
 'ignore_columns': None,
 'init_lr': 3.5740697662416434e-08,
 'log_frequency': 10,
 'max_data_size': None,
 'max_lr': 3.92648335658449e-06,
 'metric': 'rmse',
 'metrics': ['rmse'],
 'minimize_score': True,
 'mpn_shared': False,
 'multiclass_num_classes': 3,
 'no_atom_descriptor_scaling': False,
 'no_bond_features_scaling': False,
 'no_cache_mol': False,
 'no_cuda': False,
 'no_features_scaling': False,
 'num_folds': 1,
 'num_lrs': 1,
 'num_tasks': 1,
 'num_workers': 8,
 'number_of_molecules': 2,
 'overwrite_default_atom_features': False,
 'overwrite_default_bond_features': False,
 'pytorch_seed': 0,
 'quiet': False,
 'reaction': False,
 'reaction_mode': 'reac_diff',
 'resume_experiment': False,
 'save_dir': '/home/kimele03/uvvisml/uvvisml/models/both_peaks_checkpoints/random/results/507014/49663698',
 'save_preds': False,
 'save_smiles_splits': False,
 'seed': 0,
 'separate_test_atom_descriptors_path': None,
 'separate_test_bond_features_path': None,
 'separate_test_features_path': None,
 'separate_test_path': '../../../data/splits/lambda_max_abs/deep4chem/group_by_smiles/smiles_target_test.csv',
 'separate_val_atom_descriptors_path': None,
 'separate_val_bond_features_path': None,
 'separate_val_features_path': None,
 'separate_val_path': '../../../data/splits/lambda_max_abs/deep4chem/group_by_smiles/smiles_target_val.csv',
 'show_individual_scores': False,
 'smiles_columns': ['smiles', 'solvent'],
 'split_sizes': (0.8, 0.1, 0.1),
 'split_type': 'random',
 'target_columns': None,
 'target_weights': None,
 'task_names': ['peakwavs_max'],
 'test': False,
 'test_fold_index': None,
 'train_data_size': None,
 'undirected': False,
 'use_input_features': False,
 'val_fold_index': None,
 'warmup_epochs': 2}
Loading data
Number of tasks = 1
Fold 0
Splitting data with seed 0
Total size = 13,242 | train size = 13,242 | val size = 1,633 | test size = 1,710
Fitting scaler
Building model 0
MoleculeModel(
  (encoder): MPN(
    (encoder): ModuleList(
      (0): MPNEncoder(
        (dropout_layer): Dropout(p=0.06078608860512689, inplace=False)
        (act_func): ReLU()
        (W_i): Linear(in_features=147, out_features=1615, bias=False)
        (W_h): Linear(in_features=1615, out_features=1615, bias=False)
        (W_o): Linear(in_features=1748, out_features=1615, bias=True)
      )
      (1): MPNEncoder(
        (dropout_layer): Dropout(p=0.06078608860512689, inplace=False)
        (act_func): ReLU()
        (W_i): Linear(in_features=147, out_features=1615, bias=False)
        (W_h): Linear(in_features=1615, out_features=1615, bias=False)
        (W_o): Linear(in_features=1748, out_features=1615, bias=True)
      )
    )
  )
  (ffn): Sequential(
    (0): Dropout(p=0.06078608860512689, inplace=False)
    (1): Linear(in_features=3230, out_features=2191, bias=True)
    (2): ReLU()
    (3): Dropout(p=0.06078608860512689, inplace=False)
    (4): Linear(in_features=2191, out_features=1, bias=True)
  )
)
Number of parameters = 18,425,073
Moving model to cuda
Epoch 0
Loss = 1.2265e+00, PNorm = 98.6717, GNorm = 5.1754, lr_0 = 1.2798e-07
Loss = 9.9649e-01, PNorm = 98.6717, GNorm = 3.4935, lr_0 = 2.1183e-07
Loss = 9.2602e-01, PNorm = 98.6717, GNorm = 4.3964, lr_0 = 2.9568e-07
Loss = 9.5263e-01, PNorm = 98.6717, GNorm = 5.2692, lr_0 = 3.7953e-07
Loss = 1.1953e+00, PNorm = 98.6717, GNorm = 3.1996, lr_0 = 4.6339e-07
Loss = 1.0072e+00, PNorm = 98.6717, GNorm = 5.5695, lr_0 = 5.4724e-07
Loss = 1.0410e+00, PNorm = 98.6717, GNorm = 3.3612, lr_0 = 6.3109e-07
Loss = 9.1380e-01, PNorm = 98.6717, GNorm = 5.3783, lr_0 = 7.1494e-07
Loss = 8.4089e-01, PNorm = 98.6717, GNorm = 6.3238, lr_0 = 7.9880e-07
Loss = 9.7298e-01, PNorm = 98.6717, GNorm = 3.3703, lr_0 = 8.8265e-07
Loss = 9.5401e-01, PNorm = 98.6717, GNorm = 2.3205, lr_0 = 9.6650e-07
Loss = 9.9062e-01, PNorm = 98.6717, GNorm = 3.3711, lr_0 = 1.0504e-06
Loss = 1.0564e+00, PNorm = 98.6717, GNorm = 4.7620, lr_0 = 1.1342e-06
Loss = 8.8770e-01, PNorm = 98.6717, GNorm = 2.5003, lr_0 = 1.2181e-06
Loss = 1.0655e+00, PNorm = 98.6717, GNorm = 3.6698, lr_0 = 1.3019e-06
Loss = 8.9273e-01, PNorm = 98.6718, GNorm = 2.4005, lr_0 = 1.3858e-06
Loss = 1.1429e+00, PNorm = 98.6718, GNorm = 3.6378, lr_0 = 1.4696e-06
Loss = 7.8561e-01, PNorm = 98.6718, GNorm = 2.8964, lr_0 = 1.5535e-06
Loss = 9.7959e-01, PNorm = 98.6718, GNorm = 3.7198, lr_0 = 1.6373e-06
Loss = 9.9415e-01, PNorm = 98.6719, GNorm = 7.8120, lr_0 = 1.7212e-06
Loss = 9.6781e-01, PNorm = 98.6719, GNorm = 8.4533, lr_0 = 1.8050e-06
Loss = 8.3746e-01, PNorm = 98.6720, GNorm = 3.9556, lr_0 = 1.8889e-06
Loss = 7.0427e-01, PNorm = 98.6720, GNorm = 2.6800, lr_0 = 1.9727e-06
Validation rmse = 97.379041
Epoch 1
Loss = 9.2479e-01, PNorm = 98.6721, GNorm = 2.5276, lr_0 = 2.0650e-06
Loss = 8.6507e-01, PNorm = 98.6722, GNorm = 7.3732, lr_0 = 2.1488e-06
Loss = 1.0117e+00, PNorm = 98.6723, GNorm = 3.3091, lr_0 = 2.2327e-06
Loss = 9.0545e-01, PNorm = 98.6724, GNorm = 3.0959, lr_0 = 2.3165e-06
Loss = 8.0426e-01, PNorm = 98.6725, GNorm = 9.3809, lr_0 = 2.4004e-06
Loss = 7.6752e-01, PNorm = 98.6726, GNorm = 3.0738, lr_0 = 2.4842e-06
Loss = 8.8986e-01, PNorm = 98.6727, GNorm = 3.3123, lr_0 = 2.5681e-06
Loss = 7.5369e-01, PNorm = 98.6728, GNorm = 12.4663, lr_0 = 2.6519e-06
Loss = 8.7205e-01, PNorm = 98.6730, GNorm = 4.0027, lr_0 = 2.7358e-06
Loss = 7.2713e-01, PNorm = 98.6731, GNorm = 2.5179, lr_0 = 2.8196e-06
Loss = 8.1596e-01, PNorm = 98.6733, GNorm = 4.1151, lr_0 = 2.9035e-06
Loss = 7.6656e-01, PNorm = 98.6734, GNorm = 2.3107, lr_0 = 2.9873e-06
Loss = 7.9520e-01, PNorm = 98.6736, GNorm = 3.3365, lr_0 = 3.0712e-06
Loss = 7.2213e-01, PNorm = 98.6737, GNorm = 10.2246, lr_0 = 3.1550e-06
Loss = 8.1485e-01, PNorm = 98.6739, GNorm = 2.5207, lr_0 = 3.2389e-06
Loss = 7.8235e-01, PNorm = 98.6741, GNorm = 2.7577, lr_0 = 3.3227e-06
Loss = 7.5609e-01, PNorm = 98.6742, GNorm = 9.1147, lr_0 = 3.4066e-06
Loss = 8.7273e-01, PNorm = 98.6744, GNorm = 2.9877, lr_0 = 3.4905e-06
Loss = 7.5473e-01, PNorm = 98.6747, GNorm = 5.3885, lr_0 = 3.5743e-06
Loss = 7.2711e-01, PNorm = 98.6749, GNorm = 5.3265, lr_0 = 3.6582e-06
Loss = 7.4614e-01, PNorm = 98.6751, GNorm = 9.1639, lr_0 = 3.7420e-06
Loss = 7.7728e-01, PNorm = 98.6753, GNorm = 5.7026, lr_0 = 3.8259e-06
Loss = 7.7566e-01, PNorm = 98.6755, GNorm = 4.0103, lr_0 = 3.9097e-06
Validation rmse = 88.659376
Epoch 2
Loss = 8.1164e-01, PNorm = 98.6757, GNorm = 3.4795, lr_0 = 3.9104e-06
Loss = 7.1289e-01, PNorm = 98.6760, GNorm = 3.5427, lr_0 = 3.8927e-06
Loss = 7.2001e-01, PNorm = 98.6762, GNorm = 4.2241, lr_0 = 3.8750e-06
Loss = 6.9686e-01, PNorm = 98.6765, GNorm = 6.5229, lr_0 = 3.8574e-06
Loss = 6.7531e-01, PNorm = 98.6767, GNorm = 2.6806, lr_0 = 3.8399e-06
Loss = 7.2063e-01, PNorm = 98.6769, GNorm = 8.2778, lr_0 = 3.8225e-06
Loss = 7.6754e-01, PNorm = 98.6770, GNorm = 2.7021, lr_0 = 3.8051e-06
Loss = 6.1822e-01, PNorm = 98.6773, GNorm = 8.4602, lr_0 = 3.7878e-06
Loss = 6.2112e-01, PNorm = 98.6775, GNorm = 5.4061, lr_0 = 3.7706e-06
Loss = 7.1770e-01, PNorm = 98.6778, GNorm = 3.2417, lr_0 = 3.7535e-06
Loss = 7.4655e-01, PNorm = 98.6780, GNorm = 5.2010, lr_0 = 3.7365e-06
Loss = 6.3018e-01, PNorm = 98.6783, GNorm = 3.2060, lr_0 = 3.7195e-06
Loss = 7.8122e-01, PNorm = 98.6785, GNorm = 10.8222, lr_0 = 3.7026e-06
Loss = 7.3538e-01, PNorm = 98.6788, GNorm = 7.3875, lr_0 = 3.6858e-06
Loss = 6.0131e-01, PNorm = 98.6790, GNorm = 5.5331, lr_0 = 3.6691e-06
Loss = 6.1148e-01, PNorm = 98.6792, GNorm = 8.1872, lr_0 = 3.6524e-06
Loss = 7.6032e-01, PNorm = 98.6795, GNorm = 11.3703, lr_0 = 3.6358e-06
Loss = 6.4498e-01, PNorm = 98.6798, GNorm = 28.5641, lr_0 = 3.6193e-06
Loss = 7.7978e-01, PNorm = 98.6800, GNorm = 17.1563, lr_0 = 3.6029e-06
Loss = 6.1354e-01, PNorm = 98.6803, GNorm = 10.2504, lr_0 = 3.5865e-06
Loss = 6.6129e-01, PNorm = 98.6805, GNorm = 22.8059, lr_0 = 3.5703e-06
Loss = 6.7474e-01, PNorm = 98.6807, GNorm = 9.6948, lr_0 = 3.5541e-06
Loss = 6.3277e-01, PNorm = 98.6809, GNorm = 5.8212, lr_0 = 3.5379e-06
Validation rmse = 83.465179
Epoch 3
Loss = 5.2459e-01, PNorm = 98.6812, GNorm = 8.5700, lr_0 = 3.5203e-06
Loss = 5.8966e-01, PNorm = 98.6814, GNorm = 2.7450, lr_0 = 3.5043e-06
Loss = 6.0541e-01, PNorm = 98.6817, GNorm = 3.3170, lr_0 = 3.4884e-06
Loss = 6.0554e-01, PNorm = 98.6819, GNorm = 15.9227, lr_0 = 3.4725e-06
Loss = 7.6002e-01, PNorm = 98.6822, GNorm = 21.0861, lr_0 = 3.4568e-06
Loss = 5.5151e-01, PNorm = 98.6824, GNorm = 7.0658, lr_0 = 3.4411e-06
Loss = 6.8066e-01, PNorm = 98.6828, GNorm = 8.5828, lr_0 = 3.4254e-06
Loss = 6.6397e-01, PNorm = 98.6831, GNorm = 12.9565, lr_0 = 3.4099e-06
Loss = 5.8228e-01, PNorm = 98.6834, GNorm = 4.9611, lr_0 = 3.3944e-06
Loss = 6.3718e-01, PNorm = 98.6836, GNorm = 10.2052, lr_0 = 3.3790e-06
Loss = 6.4266e-01, PNorm = 98.6839, GNorm = 3.0817, lr_0 = 3.3637e-06
Loss = 6.8168e-01, PNorm = 98.6841, GNorm = 15.2037, lr_0 = 3.3484e-06
Loss = 6.5033e-01, PNorm = 98.6844, GNorm = 24.2149, lr_0 = 3.3332e-06
Loss = 5.2267e-01, PNorm = 98.6846, GNorm = 12.2577, lr_0 = 3.3180e-06
Loss = 5.3363e-01, PNorm = 98.6848, GNorm = 4.0715, lr_0 = 3.3030e-06
Loss = 6.1960e-01, PNorm = 98.6850, GNorm = 13.3870, lr_0 = 3.2880e-06
Loss = 5.2495e-01, PNorm = 98.6852, GNorm = 5.8486, lr_0 = 3.2731e-06
Loss = 5.0065e-01, PNorm = 98.6854, GNorm = 5.5776, lr_0 = 3.2582e-06
Loss = 5.7434e-01, PNorm = 98.6856, GNorm = 2.5528, lr_0 = 3.2434e-06
Loss = 6.1531e-01, PNorm = 98.6858, GNorm = 12.0715, lr_0 = 3.2287e-06
Loss = 5.8218e-01, PNorm = 98.6861, GNorm = 8.2858, lr_0 = 3.2140e-06
Loss = 5.6127e-01, PNorm = 98.6863, GNorm = 7.2792, lr_0 = 3.1994e-06
Loss = 6.8637e-01, PNorm = 98.6865, GNorm = 6.0318, lr_0 = 3.1849e-06
Validation rmse = 79.201345
Epoch 4
Loss = 6.2873e-01, PNorm = 98.6868, GNorm = 3.1887, lr_0 = 3.1704e-06
Loss = 6.3280e-01, PNorm = 98.6870, GNorm = 16.5513, lr_0 = 3.1561e-06
Loss = 6.0986e-01, PNorm = 98.6873, GNorm = 3.0583, lr_0 = 3.1417e-06
Loss = 5.9513e-01, PNorm = 98.6875, GNorm = 5.5463, lr_0 = 3.1275e-06
Loss = 5.5086e-01, PNorm = 98.6878, GNorm = 3.1961, lr_0 = 3.1133e-06
Loss = 5.2287e-01, PNorm = 98.6881, GNorm = 13.6842, lr_0 = 3.0991e-06
Loss = 5.7333e-01, PNorm = 98.6884, GNorm = 3.3251, lr_0 = 3.0851e-06
Loss = 5.8524e-01, PNorm = 98.6886, GNorm = 7.9316, lr_0 = 3.0710e-06
Loss = 6.8668e-01, PNorm = 98.6888, GNorm = 4.5150, lr_0 = 3.0571e-06
Loss = 5.4663e-01, PNorm = 98.6890, GNorm = 6.7914, lr_0 = 3.0432e-06
Loss = 4.7863e-01, PNorm = 98.6892, GNorm = 5.2863, lr_0 = 3.0294e-06
Loss = 5.2319e-01, PNorm = 98.6895, GNorm = 8.6392, lr_0 = 3.0157e-06
Loss = 5.3743e-01, PNorm = 98.6897, GNorm = 25.1364, lr_0 = 3.0020e-06
Loss = 5.1019e-01, PNorm = 98.6899, GNorm = 14.0275, lr_0 = 2.9883e-06
Loss = 5.7147e-01, PNorm = 98.6901, GNorm = 6.1454, lr_0 = 2.9748e-06
Loss = 6.2921e-01, PNorm = 98.6903, GNorm = 6.9089, lr_0 = 2.9613e-06
Loss = 5.4876e-01, PNorm = 98.6905, GNorm = 13.3772, lr_0 = 2.9478e-06
Loss = 4.5448e-01, PNorm = 98.6907, GNorm = 6.1402, lr_0 = 2.9344e-06
Loss = 5.2737e-01, PNorm = 98.6909, GNorm = 3.7092, lr_0 = 2.9211e-06
Loss = 4.4732e-01, PNorm = 98.6912, GNorm = 9.9492, lr_0 = 2.9078e-06
Loss = 4.7291e-01, PNorm = 98.6914, GNorm = 7.6092, lr_0 = 2.8946e-06
Loss = 5.5225e-01, PNorm = 98.6916, GNorm = 8.2013, lr_0 = 2.8815e-06
Loss = 5.1431e-01, PNorm = 98.6919, GNorm = 28.0165, lr_0 = 2.8684e-06
Loss = 4.8122e-01, PNorm = 98.6921, GNorm = 11.1419, lr_0 = 2.8554e-06
Validation rmse = 76.917474
Epoch 5
Loss = 5.1863e-01, PNorm = 98.6924, GNorm = 4.2171, lr_0 = 2.8411e-06
Loss = 4.3722e-01, PNorm = 98.6926, GNorm = 13.7069, lr_0 = 2.8282e-06
Loss = 5.1525e-01, PNorm = 98.6928, GNorm = 3.6790, lr_0 = 2.8154e-06
Loss = 4.8764e-01, PNorm = 98.6930, GNorm = 6.7993, lr_0 = 2.8026e-06
Loss = 5.5236e-01, PNorm = 98.6932, GNorm = 14.3623, lr_0 = 2.7899e-06
Loss = 5.1740e-01, PNorm = 98.6934, GNorm = 11.9468, lr_0 = 2.7772e-06
Loss = 5.7362e-01, PNorm = 98.6936, GNorm = 15.1176, lr_0 = 2.7646e-06
Loss = 5.1201e-01, PNorm = 98.6939, GNorm = 2.0315, lr_0 = 2.7521e-06
Loss = 5.1967e-01, PNorm = 98.6940, GNorm = 10.4807, lr_0 = 2.7396e-06
Loss = 5.0171e-01, PNorm = 98.6943, GNorm = 9.8703, lr_0 = 2.7271e-06
Loss = 5.3908e-01, PNorm = 98.6945, GNorm = 17.8687, lr_0 = 2.7148e-06
Loss = 6.3151e-01, PNorm = 98.6948, GNorm = 16.3947, lr_0 = 2.7024e-06
Loss = 4.7079e-01, PNorm = 98.6950, GNorm = 3.6688, lr_0 = 2.6902e-06
Loss = 4.8665e-01, PNorm = 98.6952, GNorm = 12.7434, lr_0 = 2.6779e-06
Loss = 5.0194e-01, PNorm = 98.6954, GNorm = 6.7972, lr_0 = 2.6658e-06
Loss = 4.6418e-01, PNorm = 98.6956, GNorm = 3.5044, lr_0 = 2.6537e-06
Loss = 4.6215e-01, PNorm = 98.6958, GNorm = 17.7555, lr_0 = 2.6416e-06
Loss = 5.2729e-01, PNorm = 98.6960, GNorm = 27.2434, lr_0 = 2.6296e-06
Loss = 5.6248e-01, PNorm = 98.6962, GNorm = 21.9404, lr_0 = 2.6177e-06
Loss = 5.0440e-01, PNorm = 98.6964, GNorm = 19.1022, lr_0 = 2.6058e-06
Loss = 4.2740e-01, PNorm = 98.6966, GNorm = 3.2077, lr_0 = 2.5940e-06
Loss = 4.1149e-01, PNorm = 98.6967, GNorm = 7.2489, lr_0 = 2.5822e-06
Loss = 4.6755e-01, PNorm = 98.6969, GNorm = 17.0495, lr_0 = 2.5705e-06
Validation rmse = 73.952344
Epoch 6
Loss = 4.6730e-01, PNorm = 98.6971, GNorm = 15.0587, lr_0 = 2.5577e-06
Loss = 4.7184e-01, PNorm = 98.6972, GNorm = 11.6467, lr_0 = 2.5460e-06
Loss = 3.7229e-01, PNorm = 98.6974, GNorm = 9.2190, lr_0 = 2.5345e-06
Loss = 5.1350e-01, PNorm = 98.6975, GNorm = 3.6615, lr_0 = 2.5230e-06
Loss = 4.8529e-01, PNorm = 98.6978, GNorm = 20.1653, lr_0 = 2.5115e-06
Loss = 4.5150e-01, PNorm = 98.6980, GNorm = 13.4563, lr_0 = 2.5001e-06
Loss = 5.0978e-01, PNorm = 98.6982, GNorm = 28.1386, lr_0 = 2.4888e-06
Loss = 4.7347e-01, PNorm = 98.6983, GNorm = 9.4955, lr_0 = 2.4775e-06
Loss = 4.2495e-01, PNorm = 98.6985, GNorm = 5.0872, lr_0 = 2.4662e-06
Loss = 5.3244e-01, PNorm = 98.6988, GNorm = 13.3675, lr_0 = 2.4550e-06
Loss = 5.2488e-01, PNorm = 98.6990, GNorm = 20.4747, lr_0 = 2.4439e-06
Loss = 5.0311e-01, PNorm = 98.6992, GNorm = 16.5232, lr_0 = 2.4328e-06
Loss = 5.2978e-01, PNorm = 98.6993, GNorm = 8.5516, lr_0 = 2.4217e-06
Loss = 4.9073e-01, PNorm = 98.6995, GNorm = 2.4887, lr_0 = 2.4107e-06
Loss = 4.9497e-01, PNorm = 98.6997, GNorm = 4.7850, lr_0 = 2.3998e-06
Loss = 5.6050e-01, PNorm = 98.6998, GNorm = 4.7166, lr_0 = 2.3889e-06
Loss = 4.7276e-01, PNorm = 98.7000, GNorm = 20.8406, lr_0 = 2.3781e-06
Loss = 4.3644e-01, PNorm = 98.7002, GNorm = 5.7228, lr_0 = 2.3673e-06
Loss = 4.7500e-01, PNorm = 98.7003, GNorm = 36.3375, lr_0 = 2.3565e-06
Loss = 4.9110e-01, PNorm = 98.7005, GNorm = 2.5359, lr_0 = 2.3458e-06
Loss = 4.5626e-01, PNorm = 98.7006, GNorm = 10.7122, lr_0 = 2.3352e-06
Loss = 4.1017e-01, PNorm = 98.7008, GNorm = 2.4716, lr_0 = 2.3246e-06
Loss = 3.7826e-01, PNorm = 98.7009, GNorm = 20.2596, lr_0 = 2.3140e-06
Validation rmse = 74.485998
Epoch 7
Loss = 3.8520e-01, PNorm = 98.7010, GNorm = 3.6686, lr_0 = 2.3035e-06
Loss = 3.8159e-01, PNorm = 98.7011, GNorm = 3.0394, lr_0 = 2.2930e-06
Loss = 4.3605e-01, PNorm = 98.7013, GNorm = 14.5873, lr_0 = 2.2826e-06
Loss = 4.7564e-01, PNorm = 98.7015, GNorm = 7.4993, lr_0 = 2.2723e-06
Loss = 4.3438e-01, PNorm = 98.7016, GNorm = 2.6559, lr_0 = 2.2619e-06
Loss = 4.7608e-01, PNorm = 98.7018, GNorm = 9.4306, lr_0 = 2.2517e-06
Loss = 4.6677e-01, PNorm = 98.7019, GNorm = 7.9676, lr_0 = 2.2415e-06
Loss = 4.6117e-01, PNorm = 98.7020, GNorm = 4.3698, lr_0 = 2.2313e-06
Loss = 4.4495e-01, PNorm = 98.7022, GNorm = 3.8566, lr_0 = 2.2211e-06
Loss = 4.2690e-01, PNorm = 98.7024, GNorm = 12.0570, lr_0 = 2.2111e-06
Loss = 4.3249e-01, PNorm = 98.7025, GNorm = 3.7417, lr_0 = 2.2010e-06
Loss = 4.8636e-01, PNorm = 98.7027, GNorm = 13.7820, lr_0 = 2.1910e-06
Loss = 4.6111e-01, PNorm = 98.7028, GNorm = 4.8601, lr_0 = 2.1811e-06
Loss = 4.8430e-01, PNorm = 98.7030, GNorm = 5.7673, lr_0 = 2.1712e-06
Loss = 5.2537e-01, PNorm = 98.7031, GNorm = 11.0593, lr_0 = 2.1613e-06
Loss = 4.7365e-01, PNorm = 98.7033, GNorm = 10.0930, lr_0 = 2.1515e-06
Loss = 5.1890e-01, PNorm = 98.7034, GNorm = 12.5716, lr_0 = 2.1417e-06
Loss = 4.7397e-01, PNorm = 98.7036, GNorm = 2.5075, lr_0 = 2.1320e-06
Loss = 4.4213e-01, PNorm = 98.7038, GNorm = 4.8419, lr_0 = 2.1223e-06
Loss = 3.8665e-01, PNorm = 98.7039, GNorm = 29.8221, lr_0 = 2.1127e-06
Loss = 4.5032e-01, PNorm = 98.7040, GNorm = 9.2894, lr_0 = 2.1031e-06
Loss = 4.7059e-01, PNorm = 98.7041, GNorm = 19.5342, lr_0 = 2.0936e-06
Loss = 4.0540e-01, PNorm = 98.7042, GNorm = 29.0840, lr_0 = 2.0841e-06
Validation rmse = 72.451855
Epoch 8
Loss = 3.1500e-01, PNorm = 98.7044, GNorm = 23.3945, lr_0 = 2.0737e-06
Loss = 4.4108e-01, PNorm = 98.7045, GNorm = 4.3322, lr_0 = 2.0642e-06
Loss = 3.8644e-01, PNorm = 98.7046, GNorm = 3.4314, lr_0 = 2.0549e-06
Loss = 3.7239e-01, PNorm = 98.7047, GNorm = 12.8503, lr_0 = 2.0455e-06
Loss = 4.9935e-01, PNorm = 98.7048, GNorm = 4.1173, lr_0 = 2.0363e-06
Loss = 4.4782e-01, PNorm = 98.7050, GNorm = 19.3925, lr_0 = 2.0270e-06
Loss = 4.0220e-01, PNorm = 98.7051, GNorm = 3.6968, lr_0 = 2.0178e-06
Loss = 4.2046e-01, PNorm = 98.7052, GNorm = 15.8008, lr_0 = 2.0086e-06
Loss = 5.0415e-01, PNorm = 98.7054, GNorm = 11.8649, lr_0 = 1.9995e-06
Loss = 3.9649e-01, PNorm = 98.7056, GNorm = 5.6979, lr_0 = 1.9904e-06
Loss = 4.9872e-01, PNorm = 98.7057, GNorm = 25.1463, lr_0 = 1.9814e-06
Loss = 4.0081e-01, PNorm = 98.7058, GNorm = 11.6222, lr_0 = 1.9724e-06
Loss = 4.2300e-01, PNorm = 98.7060, GNorm = 9.5291, lr_0 = 1.9635e-06
Loss = 4.0961e-01, PNorm = 98.7061, GNorm = 8.0834, lr_0 = 1.9545e-06
Loss = 4.4104e-01, PNorm = 98.7062, GNorm = 6.3350, lr_0 = 1.9457e-06
Loss = 4.4304e-01, PNorm = 98.7063, GNorm = 5.8147, lr_0 = 1.9368e-06
Loss = 3.8395e-01, PNorm = 98.7065, GNorm = 2.6729, lr_0 = 1.9280e-06
Loss = 3.9986e-01, PNorm = 98.7066, GNorm = 3.0904, lr_0 = 1.9193e-06
Loss = 4.4287e-01, PNorm = 98.7067, GNorm = 7.8141, lr_0 = 1.9106e-06
Loss = 4.6075e-01, PNorm = 98.7069, GNorm = 16.9181, lr_0 = 1.9019e-06
Loss = 4.9226e-01, PNorm = 98.7070, GNorm = 6.5990, lr_0 = 1.8933e-06
Loss = 3.5990e-01, PNorm = 98.7070, GNorm = 4.1143, lr_0 = 1.8847e-06
Loss = 4.5483e-01, PNorm = 98.7071, GNorm = 6.5868, lr_0 = 1.8761e-06
Loss = 4.3532e-01, PNorm = 98.7072, GNorm = 4.6348, lr_0 = 1.8676e-06
Loss = 3.3680e-01, PNorm = 98.7072, GNorm = 19.0643, lr_0 = 1.8667e-06
Validation rmse = 70.860560
Epoch 9
Loss = 4.9135e-01, PNorm = 98.7074, GNorm = 10.3189, lr_0 = 1.8583e-06
Loss = 3.7548e-01, PNorm = 98.7075, GNorm = 11.8114, lr_0 = 1.8498e-06
Loss = 4.0912e-01, PNorm = 98.7076, GNorm = 15.8732, lr_0 = 1.8414e-06
Loss = 3.7407e-01, PNorm = 98.7078, GNorm = 4.1824, lr_0 = 1.8331e-06
Loss = 3.9962e-01, PNorm = 98.7079, GNorm = 5.6810, lr_0 = 1.8248e-06
Loss = 3.4649e-01, PNorm = 98.7080, GNorm = 3.2400, lr_0 = 1.8165e-06
Loss = 4.2578e-01, PNorm = 98.7081, GNorm = 10.0367, lr_0 = 1.8082e-06
Loss = 3.9198e-01, PNorm = 98.7081, GNorm = 7.7357, lr_0 = 1.8000e-06
Loss = 3.9011e-01, PNorm = 98.7083, GNorm = 3.1315, lr_0 = 1.7918e-06
Loss = 4.7619e-01, PNorm = 98.7084, GNorm = 21.9418, lr_0 = 1.7837e-06
Loss = 3.6439e-01, PNorm = 98.7085, GNorm = 9.4168, lr_0 = 1.7756e-06
Loss = 4.3835e-01, PNorm = 98.7086, GNorm = 10.5546, lr_0 = 1.7675e-06
Loss = 4.4521e-01, PNorm = 98.7087, GNorm = 15.5075, lr_0 = 1.7595e-06
Loss = 3.8836e-01, PNorm = 98.7088, GNorm = 12.5725, lr_0 = 1.7515e-06
Loss = 4.8650e-01, PNorm = 98.7089, GNorm = 12.2735, lr_0 = 1.7436e-06
Loss = 3.6776e-01, PNorm = 98.7090, GNorm = 11.9863, lr_0 = 1.7357e-06
Loss = 3.9934e-01, PNorm = 98.7091, GNorm = 16.4444, lr_0 = 1.7278e-06
Loss = 4.4264e-01, PNorm = 98.7092, GNorm = 8.0038, lr_0 = 1.7199e-06
Loss = 4.1529e-01, PNorm = 98.7093, GNorm = 17.3695, lr_0 = 1.7121e-06
Loss = 4.8096e-01, PNorm = 98.7094, GNorm = 22.2020, lr_0 = 1.7044e-06
Loss = 4.1773e-01, PNorm = 98.7096, GNorm = 14.4309, lr_0 = 1.6966e-06
Loss = 5.0170e-01, PNorm = 98.7097, GNorm = 9.9226, lr_0 = 1.6889e-06
Loss = 3.7528e-01, PNorm = 98.7098, GNorm = 4.7650, lr_0 = 1.6812e-06
Validation rmse = 70.047558
Epoch 10
Loss = 3.2875e-01, PNorm = 98.7099, GNorm = 9.9357, lr_0 = 1.6736e-06
Loss = 4.3629e-01, PNorm = 98.7099, GNorm = 4.4077, lr_0 = 1.6660e-06
Loss = 4.2429e-01, PNorm = 98.7100, GNorm = 3.7771, lr_0 = 1.6585e-06
Loss = 3.9775e-01, PNorm = 98.7101, GNorm = 3.7064, lr_0 = 1.6509e-06
Loss = 3.7128e-01, PNorm = 98.7102, GNorm = 2.9168, lr_0 = 1.6434e-06
Loss = 4.3778e-01, PNorm = 98.7103, GNorm = 7.3717, lr_0 = 1.6360e-06
Loss = 3.6577e-01, PNorm = 98.7103, GNorm = 4.9090, lr_0 = 1.6285e-06
Loss = 4.8496e-01, PNorm = 98.7104, GNorm = 45.9210, lr_0 = 1.6211e-06
Loss = 4.0123e-01, PNorm = 98.7105, GNorm = 7.0713, lr_0 = 1.6138e-06
Loss = 3.8096e-01, PNorm = 98.7106, GNorm = 8.8739, lr_0 = 1.6065e-06
Loss = 3.9438e-01, PNorm = 98.7107, GNorm = 8.1404, lr_0 = 1.5992e-06
Loss = 4.6274e-01, PNorm = 98.7108, GNorm = 8.8056, lr_0 = 1.5919e-06
Loss = 4.1376e-01, PNorm = 98.7109, GNorm = 5.3212, lr_0 = 1.5847e-06
Loss = 4.6178e-01, PNorm = 98.7110, GNorm = 11.8499, lr_0 = 1.5775e-06
Loss = 3.4829e-01, PNorm = 98.7112, GNorm = 5.6632, lr_0 = 1.5703e-06
Loss = 3.8462e-01, PNorm = 98.7113, GNorm = 33.5773, lr_0 = 1.5632e-06
Loss = 4.2750e-01, PNorm = 98.7114, GNorm = 16.9123, lr_0 = 1.5561e-06
Loss = 4.0626e-01, PNorm = 98.7114, GNorm = 3.1768, lr_0 = 1.5490e-06
Loss = 4.2806e-01, PNorm = 98.7115, GNorm = 8.3089, lr_0 = 1.5420e-06
Loss = 4.5434e-01, PNorm = 98.7116, GNorm = 3.6169, lr_0 = 1.5350e-06
Loss = 4.3009e-01, PNorm = 98.7117, GNorm = 5.3427, lr_0 = 1.5280e-06
Loss = 3.8251e-01, PNorm = 98.7118, GNorm = 29.2574, lr_0 = 1.5211e-06
Loss = 3.8960e-01, PNorm = 98.7119, GNorm = 16.2015, lr_0 = 1.5142e-06
Validation rmse = 69.468489
Epoch 11
Loss = 4.5441e-01, PNorm = 98.7120, GNorm = 4.5893, lr_0 = 1.5066e-06
Loss = 3.5493e-01, PNorm = 98.7121, GNorm = 10.8233, lr_0 = 1.4998e-06
Loss = 4.0698e-01, PNorm = 98.7122, GNorm = 21.7241, lr_0 = 1.4930e-06
Loss = 4.0686e-01, PNorm = 98.7122, GNorm = 14.6410, lr_0 = 1.4862e-06
Loss = 4.4193e-01, PNorm = 98.7123, GNorm = 22.7336, lr_0 = 1.4794e-06
Loss = 3.9409e-01, PNorm = 98.7124, GNorm = 12.0125, lr_0 = 1.4727e-06
Loss = 3.8126e-01, PNorm = 98.7124, GNorm = 7.0609, lr_0 = 1.4660e-06
Loss = 3.6621e-01, PNorm = 98.7125, GNorm = 14.5585, lr_0 = 1.4594e-06
Loss = 4.0763e-01, PNorm = 98.7127, GNorm = 10.0599, lr_0 = 1.4528e-06
Loss = 3.7938e-01, PNorm = 98.7127, GNorm = 3.5265, lr_0 = 1.4462e-06
Loss = 4.2060e-01, PNorm = 98.7128, GNorm = 8.9938, lr_0 = 1.4396e-06
Loss = 3.9261e-01, PNorm = 98.7129, GNorm = 30.5795, lr_0 = 1.4331e-06
Loss = 3.5614e-01, PNorm = 98.7130, GNorm = 4.5976, lr_0 = 1.4266e-06
Loss = 3.9680e-01, PNorm = 98.7131, GNorm = 19.8401, lr_0 = 1.4201e-06
Loss = 4.1606e-01, PNorm = 98.7131, GNorm = 19.0370, lr_0 = 1.4136e-06
Loss = 4.1409e-01, PNorm = 98.7132, GNorm = 8.7086, lr_0 = 1.4072e-06
Loss = 4.0769e-01, PNorm = 98.7133, GNorm = 7.8381, lr_0 = 1.4008e-06
Loss = 4.9045e-01, PNorm = 98.7135, GNorm = 8.6843, lr_0 = 1.3945e-06
Loss = 3.4298e-01, PNorm = 98.7135, GNorm = 4.6756, lr_0 = 1.3881e-06
Loss = 3.5820e-01, PNorm = 98.7136, GNorm = 6.1018, lr_0 = 1.3818e-06
Loss = 3.8901e-01, PNorm = 98.7136, GNorm = 7.6435, lr_0 = 1.3756e-06
Loss = 4.1765e-01, PNorm = 98.7137, GNorm = 3.2821, lr_0 = 1.3693e-06
Loss = 3.8390e-01, PNorm = 98.7138, GNorm = 5.3563, lr_0 = 1.3631e-06
Validation rmse = 68.780920
Epoch 12
Loss = 6.6323e-01, PNorm = 98.7139, GNorm = 14.4691, lr_0 = 1.3563e-06
Loss = 3.3453e-01, PNorm = 98.7140, GNorm = 21.0466, lr_0 = 1.3501e-06
Loss = 3.3844e-01, PNorm = 98.7140, GNorm = 8.0309, lr_0 = 1.3440e-06
Loss = 4.6381e-01, PNorm = 98.7141, GNorm = 5.6526, lr_0 = 1.3379e-06
Loss = 3.5859e-01, PNorm = 98.7142, GNorm = 4.6741, lr_0 = 1.3318e-06
Loss = 4.5603e-01, PNorm = 98.7142, GNorm = 27.9628, lr_0 = 1.3258e-06
Loss = 3.6552e-01, PNorm = 98.7143, GNorm = 15.9915, lr_0 = 1.3198e-06
Loss = 3.7702e-01, PNorm = 98.7144, GNorm = 5.8560, lr_0 = 1.3138e-06
Loss = 4.0872e-01, PNorm = 98.7145, GNorm = 16.3706, lr_0 = 1.3078e-06
Loss = 3.8099e-01, PNorm = 98.7145, GNorm = 5.1991, lr_0 = 1.3019e-06
Loss = 4.2602e-01, PNorm = 98.7146, GNorm = 15.8827, lr_0 = 1.2960e-06
Loss = 3.3579e-01, PNorm = 98.7146, GNorm = 3.4009, lr_0 = 1.2901e-06
Loss = 4.1380e-01, PNorm = 98.7147, GNorm = 3.4442, lr_0 = 1.2842e-06
Loss = 3.5613e-01, PNorm = 98.7148, GNorm = 5.5137, lr_0 = 1.2784e-06
Loss = 3.8315e-01, PNorm = 98.7148, GNorm = 3.0346, lr_0 = 1.2726e-06
Loss = 3.7952e-01, PNorm = 98.7149, GNorm = 3.6850, lr_0 = 1.2668e-06
Loss = 4.6550e-01, PNorm = 98.7150, GNorm = 12.5191, lr_0 = 1.2611e-06
Loss = 3.7332e-01, PNorm = 98.7151, GNorm = 7.6679, lr_0 = 1.2553e-06
Loss = 3.8342e-01, PNorm = 98.7151, GNorm = 28.2362, lr_0 = 1.2496e-06
Loss = 4.1822e-01, PNorm = 98.7152, GNorm = 28.7533, lr_0 = 1.2440e-06
Loss = 3.8095e-01, PNorm = 98.7153, GNorm = 32.1711, lr_0 = 1.2383e-06
Loss = 3.5371e-01, PNorm = 98.7153, GNorm = 6.8560, lr_0 = 1.2327e-06
Loss = 3.8826e-01, PNorm = 98.7154, GNorm = 15.4048, lr_0 = 1.2271e-06
Loss = 3.8860e-01, PNorm = 98.7155, GNorm = 4.6357, lr_0 = 1.2215e-06
Validation rmse = 68.569854
Epoch 13
Loss = 3.8955e-01, PNorm = 98.7155, GNorm = 10.0231, lr_0 = 1.2160e-06
Loss = 4.2307e-01, PNorm = 98.7156, GNorm = 21.3400, lr_0 = 1.2104e-06
Loss = 3.7557e-01, PNorm = 98.7157, GNorm = 6.7567, lr_0 = 1.2050e-06
Loss = 3.9469e-01, PNorm = 98.7158, GNorm = 8.9141, lr_0 = 1.1995e-06
Loss = 3.7019e-01, PNorm = 98.7158, GNorm = 8.0519, lr_0 = 1.1940e-06
Loss = 3.9443e-01, PNorm = 98.7159, GNorm = 9.1684, lr_0 = 1.1886e-06
Loss = 4.1563e-01, PNorm = 98.7160, GNorm = 4.9470, lr_0 = 1.1832e-06
Loss = 3.4012e-01, PNorm = 98.7160, GNorm = 18.7181, lr_0 = 1.1778e-06
Loss = 3.3989e-01, PNorm = 98.7161, GNorm = 2.4366, lr_0 = 1.1725e-06
Loss = 3.8515e-01, PNorm = 98.7161, GNorm = 3.4219, lr_0 = 1.1672e-06
Loss = 3.5485e-01, PNorm = 98.7162, GNorm = 3.2314, lr_0 = 1.1619e-06
Loss = 3.2675e-01, PNorm = 98.7163, GNorm = 16.5387, lr_0 = 1.1566e-06
Loss = 3.7121e-01, PNorm = 98.7163, GNorm = 25.9395, lr_0 = 1.1514e-06
Loss = 3.9002e-01, PNorm = 98.7163, GNorm = 18.4047, lr_0 = 1.1461e-06
Loss = 4.5904e-01, PNorm = 98.7164, GNorm = 10.2246, lr_0 = 1.1409e-06
Loss = 4.3388e-01, PNorm = 98.7165, GNorm = 6.3082, lr_0 = 1.1357e-06
Loss = 4.6974e-01, PNorm = 98.7165, GNorm = 3.6857, lr_0 = 1.1306e-06
Loss = 3.7087e-01, PNorm = 98.7166, GNorm = 4.6225, lr_0 = 1.1254e-06
Loss = 3.6943e-01, PNorm = 98.7167, GNorm = 13.3716, lr_0 = 1.1203e-06
Loss = 3.4570e-01, PNorm = 98.7167, GNorm = 13.0614, lr_0 = 1.1153e-06
Loss = 3.8522e-01, PNorm = 98.7168, GNorm = 10.7969, lr_0 = 1.1102e-06
Loss = 4.3196e-01, PNorm = 98.7168, GNorm = 3.6217, lr_0 = 1.1051e-06
Loss = 3.1038e-01, PNorm = 98.7169, GNorm = 7.6094, lr_0 = 1.1001e-06
Validation rmse = 68.478271
Epoch 14
Loss = 3.4080e-01, PNorm = 98.7169, GNorm = 20.4447, lr_0 = 1.0946e-06
Loss = 4.3254e-01, PNorm = 98.7170, GNorm = 6.7029, lr_0 = 1.0897e-06
Loss = 3.5905e-01, PNorm = 98.7171, GNorm = 3.6451, lr_0 = 1.0847e-06
Loss = 4.2601e-01, PNorm = 98.7171, GNorm = 3.1120, lr_0 = 1.0798e-06
Loss = 3.4282e-01, PNorm = 98.7172, GNorm = 9.4011, lr_0 = 1.0749e-06
Loss = 3.7551e-01, PNorm = 98.7172, GNorm = 11.6501, lr_0 = 1.0700e-06
Loss = 3.3922e-01, PNorm = 98.7173, GNorm = 2.4603, lr_0 = 1.0652e-06
Loss = 3.7329e-01, PNorm = 98.7174, GNorm = 7.7298, lr_0 = 1.0603e-06
Loss = 3.4649e-01, PNorm = 98.7174, GNorm = 14.1902, lr_0 = 1.0555e-06
Loss = 3.4665e-01, PNorm = 98.7175, GNorm = 12.8205, lr_0 = 1.0507e-06
Loss = 3.6513e-01, PNorm = 98.7175, GNorm = 4.5964, lr_0 = 1.0459e-06
Loss = 3.7573e-01, PNorm = 98.7176, GNorm = 5.3081, lr_0 = 1.0412e-06
Loss = 3.6852e-01, PNorm = 98.7176, GNorm = 6.4069, lr_0 = 1.0365e-06
Loss = 3.9563e-01, PNorm = 98.7177, GNorm = 8.0927, lr_0 = 1.0318e-06
Loss = 3.6895e-01, PNorm = 98.7177, GNorm = 12.2897, lr_0 = 1.0271e-06
Loss = 4.4685e-01, PNorm = 98.7178, GNorm = 15.0707, lr_0 = 1.0224e-06
Loss = 3.7032e-01, PNorm = 98.7178, GNorm = 12.3128, lr_0 = 1.0178e-06
Loss = 4.0932e-01, PNorm = 98.7179, GNorm = 8.8948, lr_0 = 1.0132e-06
Loss = 3.3690e-01, PNorm = 98.7179, GNorm = 5.5131, lr_0 = 1.0086e-06
Loss = 4.1635e-01, PNorm = 98.7180, GNorm = 12.9300, lr_0 = 1.0040e-06
Loss = 3.8426e-01, PNorm = 98.7180, GNorm = 5.2461, lr_0 = 9.9942e-07
Loss = 3.9845e-01, PNorm = 98.7181, GNorm = 18.7298, lr_0 = 9.9488e-07
Loss = 4.0299e-01, PNorm = 98.7181, GNorm = 6.3553, lr_0 = 9.9036e-07
Validation rmse = 68.667256
Epoch 15
Loss = 4.0301e-01, PNorm = 98.7182, GNorm = 5.6008, lr_0 = 9.8542e-07
Loss = 4.0996e-01, PNorm = 98.7182, GNorm = 7.0551, lr_0 = 9.8094e-07
Loss = 3.5871e-01, PNorm = 98.7183, GNorm = 15.3663, lr_0 = 9.7649e-07
Loss = 3.8829e-01, PNorm = 98.7183, GNorm = 4.6453, lr_0 = 9.7206e-07
Loss = 3.9193e-01, PNorm = 98.7184, GNorm = 13.8542, lr_0 = 9.6764e-07
Loss = 3.3559e-01, PNorm = 98.7184, GNorm = 17.4408, lr_0 = 9.6325e-07
Loss = 3.2970e-01, PNorm = 98.7185, GNorm = 3.9031, lr_0 = 9.5888e-07
Loss = 4.0454e-01, PNorm = 98.7185, GNorm = 25.2336, lr_0 = 9.5452e-07
Loss = 3.5056e-01, PNorm = 98.7186, GNorm = 16.3204, lr_0 = 9.5019e-07
Loss = 3.7527e-01, PNorm = 98.7186, GNorm = 4.8885, lr_0 = 9.4587e-07
Loss = 3.8582e-01, PNorm = 98.7187, GNorm = 25.3663, lr_0 = 9.4158e-07
Loss = 4.2426e-01, PNorm = 98.7187, GNorm = 17.5979, lr_0 = 9.3731e-07
Loss = 3.8992e-01, PNorm = 98.7188, GNorm = 6.0261, lr_0 = 9.3305e-07
Loss = 4.1770e-01, PNorm = 98.7188, GNorm = 6.5255, lr_0 = 9.2881e-07
Loss = 3.3481e-01, PNorm = 98.7189, GNorm = 6.6449, lr_0 = 9.2460e-07
Loss = 4.1946e-01, PNorm = 98.7189, GNorm = 5.3423, lr_0 = 9.2040e-07
Loss = 3.2912e-01, PNorm = 98.7189, GNorm = 8.5106, lr_0 = 9.1622e-07
Loss = 3.9123e-01, PNorm = 98.7190, GNorm = 7.0786, lr_0 = 9.1206e-07
Loss = 3.4490e-01, PNorm = 98.7191, GNorm = 13.6014, lr_0 = 9.0792e-07
Loss = 4.1139e-01, PNorm = 98.7191, GNorm = 5.1620, lr_0 = 9.0380e-07
Loss = 3.3826e-01, PNorm = 98.7191, GNorm = 8.3443, lr_0 = 8.9969e-07
Loss = 3.7132e-01, PNorm = 98.7192, GNorm = 14.0957, lr_0 = 8.9561e-07
Loss = 3.7503e-01, PNorm = 98.7192, GNorm = 21.7210, lr_0 = 8.9154e-07
Validation rmse = 67.371720
Epoch 16
Loss = 4.4940e-01, PNorm = 98.7193, GNorm = 25.7703, lr_0 = 8.8750e-07
Loss = 3.8473e-01, PNorm = 98.7193, GNorm = 21.0237, lr_0 = 8.8347e-07
Loss = 3.3798e-01, PNorm = 98.7194, GNorm = 17.3004, lr_0 = 8.7945e-07
Loss = 3.7882e-01, PNorm = 98.7194, GNorm = 4.3131, lr_0 = 8.7546e-07
Loss = 3.9711e-01, PNorm = 98.7195, GNorm = 3.8815, lr_0 = 8.7149e-07
Loss = 4.2362e-01, PNorm = 98.7195, GNorm = 6.0136, lr_0 = 8.6753e-07
Loss = 4.1812e-01, PNorm = 98.7196, GNorm = 10.7704, lr_0 = 8.6359e-07
Loss = 3.6129e-01, PNorm = 98.7196, GNorm = 4.7502, lr_0 = 8.5967e-07
Loss = 3.4854e-01, PNorm = 98.7196, GNorm = 8.0177, lr_0 = 8.5577e-07
Loss = 3.6474e-01, PNorm = 98.7197, GNorm = 11.5521, lr_0 = 8.5188e-07
Loss = 3.6035e-01, PNorm = 98.7197, GNorm = 5.8419, lr_0 = 8.4802e-07
Loss = 4.3469e-01, PNorm = 98.7198, GNorm = 8.6012, lr_0 = 8.4416e-07
Loss = 3.2234e-01, PNorm = 98.7198, GNorm = 16.0554, lr_0 = 8.4033e-07
Loss = 3.9200e-01, PNorm = 98.7198, GNorm = 26.4518, lr_0 = 8.3652e-07
Loss = 3.4029e-01, PNorm = 98.7199, GNorm = 8.8680, lr_0 = 8.3272e-07
Loss = 3.3977e-01, PNorm = 98.7199, GNorm = 5.9491, lr_0 = 8.2894e-07
Loss = 3.7732e-01, PNorm = 98.7200, GNorm = 12.9409, lr_0 = 8.2518e-07
Loss = 3.2676e-01, PNorm = 98.7200, GNorm = 10.0577, lr_0 = 8.2143e-07
Loss = 3.7427e-01, PNorm = 98.7200, GNorm = 5.7155, lr_0 = 8.1770e-07
Loss = 4.1037e-01, PNorm = 98.7201, GNorm = 22.2206, lr_0 = 8.1399e-07
Loss = 3.7638e-01, PNorm = 98.7201, GNorm = 21.4795, lr_0 = 8.1029e-07
Loss = 3.7461e-01, PNorm = 98.7202, GNorm = 12.8217, lr_0 = 8.0661e-07
Loss = 3.2851e-01, PNorm = 98.7202, GNorm = 18.5210, lr_0 = 8.0295e-07
Validation rmse = 67.199707
Epoch 17
Loss = 3.3538e-01, PNorm = 98.7203, GNorm = 6.5466, lr_0 = 7.9894e-07
Loss = 3.4234e-01, PNorm = 98.7203, GNorm = 18.9382, lr_0 = 7.9531e-07
Loss = 3.2860e-01, PNorm = 98.7203, GNorm = 3.4394, lr_0 = 7.9170e-07
Loss = 3.1829e-01, PNorm = 98.7204, GNorm = 10.0141, lr_0 = 7.8811e-07
Loss = 4.0336e-01, PNorm = 98.7204, GNorm = 10.0599, lr_0 = 7.8453e-07
Loss = 3.6179e-01, PNorm = 98.7204, GNorm = 11.8243, lr_0 = 7.8097e-07
Loss = 4.0823e-01, PNorm = 98.7205, GNorm = 14.9803, lr_0 = 7.7742e-07
Loss = 3.8033e-01, PNorm = 98.7205, GNorm = 3.2779, lr_0 = 7.7389e-07
Loss = 3.5525e-01, PNorm = 98.7206, GNorm = 2.9242, lr_0 = 7.7038e-07
Loss = 4.2096e-01, PNorm = 98.7206, GNorm = 16.5103, lr_0 = 7.6688e-07
Loss = 2.8851e-01, PNorm = 98.7206, GNorm = 3.0035, lr_0 = 7.6340e-07
Loss = 3.6455e-01, PNorm = 98.7207, GNorm = 6.3962, lr_0 = 7.5993e-07
Loss = 4.0891e-01, PNorm = 98.7207, GNorm = 2.8317, lr_0 = 7.5648e-07
Loss = 3.8128e-01, PNorm = 98.7208, GNorm = 16.5169, lr_0 = 7.5305e-07
Loss = 3.7696e-01, PNorm = 98.7208, GNorm = 6.7744, lr_0 = 7.4963e-07
Loss = 3.2401e-01, PNorm = 98.7208, GNorm = 12.1519, lr_0 = 7.4623e-07
Loss = 4.2886e-01, PNorm = 98.7209, GNorm = 8.9025, lr_0 = 7.4284e-07
Loss = 3.8650e-01, PNorm = 98.7209, GNorm = 6.9313, lr_0 = 7.3947e-07
Loss = 3.5514e-01, PNorm = 98.7209, GNorm = 17.5285, lr_0 = 7.3611e-07
Loss = 3.8051e-01, PNorm = 98.7210, GNorm = 2.7415, lr_0 = 7.3277e-07
Loss = 4.0265e-01, PNorm = 98.7210, GNorm = 5.8966, lr_0 = 7.2944e-07
Loss = 3.9406e-01, PNorm = 98.7211, GNorm = 8.9596, lr_0 = 7.2613e-07
Loss = 3.8307e-01, PNorm = 98.7211, GNorm = 9.1952, lr_0 = 7.2283e-07
Loss = 3.2440e-01, PNorm = 98.7212, GNorm = 7.2694, lr_0 = 7.1955e-07
Validation rmse = 67.012137
Epoch 18
Loss = 3.6113e-01, PNorm = 98.7212, GNorm = 3.6834, lr_0 = 7.1596e-07
Loss = 4.0209e-01, PNorm = 98.7212, GNorm = 8.4264, lr_0 = 7.1271e-07
Loss = 3.7422e-01, PNorm = 98.7213, GNorm = 4.6754, lr_0 = 7.0947e-07
Loss = 3.6952e-01, PNorm = 98.7213, GNorm = 3.9152, lr_0 = 7.0625e-07
Loss = 3.9954e-01, PNorm = 98.7214, GNorm = 16.4679, lr_0 = 7.0304e-07
Loss = 3.7880e-01, PNorm = 98.7214, GNorm = 8.7486, lr_0 = 6.9985e-07
Loss = 3.2082e-01, PNorm = 98.7214, GNorm = 24.7140, lr_0 = 6.9667e-07
Loss = 3.9244e-01, PNorm = 98.7215, GNorm = 3.5205, lr_0 = 6.9351e-07
Loss = 3.1744e-01, PNorm = 98.7215, GNorm = 10.3146, lr_0 = 6.9036e-07
Loss = 3.9225e-01, PNorm = 98.7215, GNorm = 5.8065, lr_0 = 6.8723e-07
Loss = 3.9887e-01, PNorm = 98.7216, GNorm = 4.1443, lr_0 = 6.8411e-07
Loss = 3.6416e-01, PNorm = 98.7216, GNorm = 17.5079, lr_0 = 6.8100e-07
Loss = 3.8335e-01, PNorm = 98.7216, GNorm = 15.3475, lr_0 = 6.7791e-07
Loss = 3.6612e-01, PNorm = 98.7217, GNorm = 2.9457, lr_0 = 6.7483e-07
Loss = 3.4780e-01, PNorm = 98.7217, GNorm = 3.1585, lr_0 = 6.7177e-07
Loss = 3.6410e-01, PNorm = 98.7217, GNorm = 6.2488, lr_0 = 6.6872e-07
Loss = 4.0107e-01, PNorm = 98.7218, GNorm = 17.2073, lr_0 = 6.6568e-07
Loss = 3.5196e-01, PNorm = 98.7218, GNorm = 6.2619, lr_0 = 6.6266e-07
Loss = 3.6635e-01, PNorm = 98.7218, GNorm = 4.9147, lr_0 = 6.5965e-07
Loss = 3.0501e-01, PNorm = 98.7219, GNorm = 14.7574, lr_0 = 6.5666e-07
Loss = 3.3893e-01, PNorm = 98.7219, GNorm = 3.5726, lr_0 = 6.5368e-07
Loss = 3.6487e-01, PNorm = 98.7219, GNorm = 4.8232, lr_0 = 6.5071e-07
Loss = 3.5410e-01, PNorm = 98.7219, GNorm = 16.9859, lr_0 = 6.4775e-07
Validation rmse = 66.962104
Epoch 19
Loss = 3.9731e-01, PNorm = 98.7220, GNorm = 33.8128, lr_0 = 6.4481e-07
Loss = 3.9383e-01, PNorm = 98.7220, GNorm = 3.9825, lr_0 = 6.4189e-07
Loss = 3.9132e-01, PNorm = 98.7220, GNorm = 12.3017, lr_0 = 6.3897e-07
Loss = 3.6183e-01, PNorm = 98.7221, GNorm = 4.9837, lr_0 = 6.3607e-07
Loss = 3.2119e-01, PNorm = 98.7221, GNorm = 4.1818, lr_0 = 6.3318e-07
Loss = 3.3665e-01, PNorm = 98.7222, GNorm = 2.8250, lr_0 = 6.3031e-07
Loss = 3.4758e-01, PNorm = 98.7222, GNorm = 21.7550, lr_0 = 6.2745e-07
Loss = 4.0577e-01, PNorm = 98.7222, GNorm = 22.4074, lr_0 = 6.2460e-07
Loss = 3.2255e-01, PNorm = 98.7222, GNorm = 25.7371, lr_0 = 6.2176e-07
Loss = 3.6724e-01, PNorm = 98.7223, GNorm = 15.8306, lr_0 = 6.1894e-07
Loss = 3.3235e-01, PNorm = 98.7223, GNorm = 24.7291, lr_0 = 6.1613e-07
Loss = 3.3999e-01, PNorm = 98.7223, GNorm = 3.9226, lr_0 = 6.1333e-07
Loss = 3.2730e-01, PNorm = 98.7223, GNorm = 3.6711, lr_0 = 6.1055e-07
Loss = 3.4579e-01, PNorm = 98.7223, GNorm = 14.7366, lr_0 = 6.0777e-07
Loss = 3.9244e-01, PNorm = 98.7224, GNorm = 12.6719, lr_0 = 6.0501e-07
Loss = 3.7106e-01, PNorm = 98.7224, GNorm = 4.9673, lr_0 = 6.0227e-07
Loss = 4.6556e-01, PNorm = 98.7224, GNorm = 16.9552, lr_0 = 5.9953e-07
Loss = 3.3399e-01, PNorm = 98.7225, GNorm = 8.7675, lr_0 = 5.9681e-07
Loss = 3.2649e-01, PNorm = 98.7225, GNorm = 7.1510, lr_0 = 5.9410e-07
Loss = 3.5429e-01, PNorm = 98.7225, GNorm = 3.9954, lr_0 = 5.9140e-07
Loss = 3.8492e-01, PNorm = 98.7226, GNorm = 17.0046, lr_0 = 5.8872e-07
Loss = 4.2337e-01, PNorm = 98.7226, GNorm = 9.9151, lr_0 = 5.8605e-07
Loss = 3.5805e-01, PNorm = 98.7226, GNorm = 3.2988, lr_0 = 5.8339e-07
Validation rmse = 66.565759
Epoch 20
Loss = 2.9522e-01, PNorm = 98.7227, GNorm = 3.9273, lr_0 = 5.8047e-07
Loss = 3.2923e-01, PNorm = 98.7227, GNorm = 10.9097, lr_0 = 5.7784e-07
Loss = 3.3691e-01, PNorm = 98.7227, GNorm = 9.3087, lr_0 = 5.7521e-07
Loss = 4.1130e-01, PNorm = 98.7227, GNorm = 8.8425, lr_0 = 5.7260e-07
Loss = 3.8659e-01, PNorm = 98.7228, GNorm = 7.9039, lr_0 = 5.7000e-07
Loss = 4.2984e-01, PNorm = 98.7228, GNorm = 18.9369, lr_0 = 5.6742e-07
Loss = 3.6312e-01, PNorm = 98.7229, GNorm = 13.6286, lr_0 = 5.6484e-07
Loss = 3.1807e-01, PNorm = 98.7229, GNorm = 3.0979, lr_0 = 5.6227e-07
Loss = 3.4398e-01, PNorm = 98.7229, GNorm = 5.5938, lr_0 = 5.5972e-07
Loss = 3.4006e-01, PNorm = 98.7230, GNorm = 3.3340, lr_0 = 5.5718e-07
Loss = 3.5165e-01, PNorm = 98.7230, GNorm = 7.2059, lr_0 = 5.5465e-07
Loss = 3.2384e-01, PNorm = 98.7230, GNorm = 6.0846, lr_0 = 5.5213e-07
Loss = 3.9875e-01, PNorm = 98.7230, GNorm = 17.0457, lr_0 = 5.4963e-07
Loss = 3.9658e-01, PNorm = 98.7231, GNorm = 7.8233, lr_0 = 5.4713e-07
Loss = 3.1443e-01, PNorm = 98.7231, GNorm = 9.6937, lr_0 = 5.4465e-07
Loss = 3.4298e-01, PNorm = 98.7231, GNorm = 2.7757, lr_0 = 5.4217e-07
Loss = 3.7229e-01, PNorm = 98.7231, GNorm = 5.7703, lr_0 = 5.3971e-07
Loss = 3.6030e-01, PNorm = 98.7232, GNorm = 28.8823, lr_0 = 5.3726e-07
Loss = 3.7270e-01, PNorm = 98.7232, GNorm = 3.4229, lr_0 = 5.3482e-07
Loss = 3.3246e-01, PNorm = 98.7232, GNorm = 3.0654, lr_0 = 5.3239e-07
Loss = 3.2150e-01, PNorm = 98.7232, GNorm = 9.5840, lr_0 = 5.2998e-07
Loss = 3.5631e-01, PNorm = 98.7232, GNorm = 10.8794, lr_0 = 5.2757e-07
Loss = 3.9494e-01, PNorm = 98.7233, GNorm = 9.2327, lr_0 = 5.2518e-07
Validation rmse = 66.651259
Epoch 21
Loss = 2.8335e-01, PNorm = 98.7233, GNorm = 4.6788, lr_0 = 5.2255e-07
Loss = 3.4851e-01, PNorm = 98.7233, GNorm = 15.9692, lr_0 = 5.2018e-07
Loss = 3.5780e-01, PNorm = 98.7233, GNorm = 8.7950, lr_0 = 5.1782e-07
Loss = 3.5069e-01, PNorm = 98.7234, GNorm = 5.2692, lr_0 = 5.1547e-07
Loss = 3.1606e-01, PNorm = 98.7234, GNorm = 8.4051, lr_0 = 5.1313e-07
Loss = 3.4383e-01, PNorm = 98.7234, GNorm = 13.8455, lr_0 = 5.1080e-07
Loss = 4.4329e-01, PNorm = 98.7234, GNorm = 11.3505, lr_0 = 5.0848e-07
Loss = 3.5489e-01, PNorm = 98.7235, GNorm = 5.0240, lr_0 = 5.0617e-07
Loss = 3.5411e-01, PNorm = 98.7235, GNorm = 7.2126, lr_0 = 5.0387e-07
Loss = 3.6040e-01, PNorm = 98.7235, GNorm = 15.6023, lr_0 = 5.0159e-07
Loss = 4.0238e-01, PNorm = 98.7235, GNorm = 7.1132, lr_0 = 4.9931e-07
Loss = 3.1421e-01, PNorm = 98.7236, GNorm = 8.7032, lr_0 = 4.9704e-07
Loss = 3.7324e-01, PNorm = 98.7236, GNorm = 4.3234, lr_0 = 4.9478e-07
Loss = 3.3938e-01, PNorm = 98.7236, GNorm = 16.5510, lr_0 = 4.9254e-07
Loss = 3.3173e-01, PNorm = 98.7236, GNorm = 14.9492, lr_0 = 4.9030e-07
Loss = 4.1831e-01, PNorm = 98.7237, GNorm = 7.4966, lr_0 = 4.8808e-07
Loss = 3.6461e-01, PNorm = 98.7237, GNorm = 17.7409, lr_0 = 4.8586e-07
Loss = 3.5945e-01, PNorm = 98.7237, GNorm = 3.0036, lr_0 = 4.8365e-07
Loss = 3.3012e-01, PNorm = 98.7237, GNorm = 4.6182, lr_0 = 4.8146e-07
Loss = 3.1125e-01, PNorm = 98.7237, GNorm = 3.7950, lr_0 = 4.7927e-07
Loss = 3.5375e-01, PNorm = 98.7238, GNorm = 19.3352, lr_0 = 4.7710e-07
Loss = 3.5773e-01, PNorm = 98.7238, GNorm = 9.8808, lr_0 = 4.7493e-07
Loss = 3.7981e-01, PNorm = 98.7238, GNorm = 7.2097, lr_0 = 4.7277e-07
Loss = 4.0437e-01, PNorm = 98.7238, GNorm = 7.2327, lr_0 = 4.7063e-07
Loss = 4.1915e-01, PNorm = 98.7238, GNorm = 6.4312, lr_0 = 4.7041e-07
Validation rmse = 66.403760
Epoch 22
Loss = 4.0683e-01, PNorm = 98.7239, GNorm = 3.8497, lr_0 = 4.6828e-07
Loss = 3.6605e-01, PNorm = 98.7239, GNorm = 5.1276, lr_0 = 4.6615e-07
Loss = 3.7276e-01, PNorm = 98.7239, GNorm = 4.4188, lr_0 = 4.6404e-07
Loss = 3.3725e-01, PNorm = 98.7239, GNorm = 4.8914, lr_0 = 4.6193e-07
Loss = 3.2866e-01, PNorm = 98.7240, GNorm = 6.9936, lr_0 = 4.5983e-07
Loss = 3.1599e-01, PNorm = 98.7240, GNorm = 4.3782, lr_0 = 4.5774e-07
Loss = 3.2688e-01, PNorm = 98.7240, GNorm = 14.1725, lr_0 = 4.5567e-07
Loss = 3.4259e-01, PNorm = 98.7240, GNorm = 5.4607, lr_0 = 4.5360e-07
Loss = 3.1877e-01, PNorm = 98.7241, GNorm = 16.8344, lr_0 = 4.5154e-07
Loss = 2.8884e-01, PNorm = 98.7241, GNorm = 13.0514, lr_0 = 4.4949e-07
Loss = 3.5203e-01, PNorm = 98.7241, GNorm = 18.8510, lr_0 = 4.4745e-07
Loss = 3.6063e-01, PNorm = 98.7241, GNorm = 23.4708, lr_0 = 4.4541e-07
Loss = 3.8939e-01, PNorm = 98.7241, GNorm = 8.3876, lr_0 = 4.4339e-07
Loss = 3.6014e-01, PNorm = 98.7242, GNorm = 12.7765, lr_0 = 4.4138e-07
Loss = 3.9122e-01, PNorm = 98.7242, GNorm = 4.4600, lr_0 = 4.3938e-07
Loss = 3.7187e-01, PNorm = 98.7242, GNorm = 4.0188, lr_0 = 4.3738e-07
Loss = 4.0238e-01, PNorm = 98.7242, GNorm = 6.0488, lr_0 = 4.3539e-07
Loss = 4.0717e-01, PNorm = 98.7242, GNorm = 23.3863, lr_0 = 4.3342e-07
Loss = 3.2217e-01, PNorm = 98.7243, GNorm = 3.4232, lr_0 = 4.3145e-07
Loss = 3.6369e-01, PNorm = 98.7243, GNorm = 7.9082, lr_0 = 4.2949e-07
Loss = 3.8761e-01, PNorm = 98.7243, GNorm = 10.8718, lr_0 = 4.2754e-07
Loss = 3.2421e-01, PNorm = 98.7243, GNorm = 4.7452, lr_0 = 4.2560e-07
Loss = 3.5176e-01, PNorm = 98.7243, GNorm = 3.4993, lr_0 = 4.2367e-07
Validation rmse = 66.152465
Epoch 23
Loss = 2.8740e-01, PNorm = 98.7244, GNorm = 5.9340, lr_0 = 4.2174e-07
Loss = 3.4104e-01, PNorm = 98.7244, GNorm = 9.0345, lr_0 = 4.1983e-07
Loss = 3.6127e-01, PNorm = 98.7244, GNorm = 8.5841, lr_0 = 4.1792e-07
Loss = 3.8348e-01, PNorm = 98.7244, GNorm = 45.8439, lr_0 = 4.1603e-07
Loss = 3.4080e-01, PNorm = 98.7245, GNorm = 7.7392, lr_0 = 4.1414e-07
Loss = 3.2347e-01, PNorm = 98.7245, GNorm = 5.3294, lr_0 = 4.1226e-07
Loss = 3.7728e-01, PNorm = 98.7245, GNorm = 17.9426, lr_0 = 4.1039e-07
Loss = 3.6275e-01, PNorm = 98.7245, GNorm = 4.3974, lr_0 = 4.0852e-07
Loss = 3.7643e-01, PNorm = 98.7245, GNorm = 3.2718, lr_0 = 4.0667e-07
Loss = 2.7835e-01, PNorm = 98.7245, GNorm = 8.8676, lr_0 = 4.0482e-07
Loss = 3.7573e-01, PNorm = 98.7245, GNorm = 15.4216, lr_0 = 4.0298e-07
Loss = 3.6826e-01, PNorm = 98.7246, GNorm = 22.5763, lr_0 = 4.0115e-07
Loss = 3.1589e-01, PNorm = 98.7246, GNorm = 4.9118, lr_0 = 3.9933e-07
Loss = 3.9334e-01, PNorm = 98.7246, GNorm = 4.4080, lr_0 = 3.9752e-07
Loss = 4.0573e-01, PNorm = 98.7247, GNorm = 13.0353, lr_0 = 3.9571e-07
Loss = 3.5340e-01, PNorm = 98.7247, GNorm = 11.0635, lr_0 = 3.9392e-07
Loss = 3.7401e-01, PNorm = 98.7247, GNorm = 16.3234, lr_0 = 3.9213e-07
Loss = 3.5777e-01, PNorm = 98.7247, GNorm = 3.7652, lr_0 = 3.9035e-07
Loss = 3.8919e-01, PNorm = 98.7247, GNorm = 7.2215, lr_0 = 3.8858e-07
Loss = 3.5763e-01, PNorm = 98.7247, GNorm = 10.8522, lr_0 = 3.8681e-07
Loss = 3.2573e-01, PNorm = 98.7248, GNorm = 16.3783, lr_0 = 3.8506e-07
Loss = 3.8038e-01, PNorm = 98.7248, GNorm = 10.6539, lr_0 = 3.8331e-07
Loss = 3.2171e-01, PNorm = 98.7248, GNorm = 5.5276, lr_0 = 3.8157e-07
Validation rmse = 66.333639
Epoch 24
Loss = 3.5371e-01, PNorm = 98.7248, GNorm = 9.6620, lr_0 = 3.7966e-07
Loss = 3.9520e-01, PNorm = 98.7248, GNorm = 18.8481, lr_0 = 3.7794e-07
Loss = 3.2628e-01, PNorm = 98.7249, GNorm = 6.2492, lr_0 = 3.7622e-07
Loss = 3.9610e-01, PNorm = 98.7249, GNorm = 4.1953, lr_0 = 3.7452e-07
Loss = 3.3033e-01, PNorm = 98.7249, GNorm = 8.2558, lr_0 = 3.7281e-07
Loss = 3.9303e-01, PNorm = 98.7249, GNorm = 6.1642, lr_0 = 3.7112e-07
Loss = 3.9879e-01, PNorm = 98.7249, GNorm = 5.2325, lr_0 = 3.6944e-07
Loss = 3.1677e-01, PNorm = 98.7250, GNorm = 12.3368, lr_0 = 3.6776e-07
Loss = 3.3028e-01, PNorm = 98.7250, GNorm = 9.4049, lr_0 = 3.6609e-07
Loss = 3.6019e-01, PNorm = 98.7250, GNorm = 8.7255, lr_0 = 3.6443e-07
Loss = 3.3468e-01, PNorm = 98.7250, GNorm = 6.0432, lr_0 = 3.6277e-07
Loss = 3.2756e-01, PNorm = 98.7250, GNorm = 6.2948, lr_0 = 3.6113e-07
Loss = 3.6160e-01, PNorm = 98.7250, GNorm = 4.4695, lr_0 = 3.5949e-07
Loss = 3.6127e-01, PNorm = 98.7251, GNorm = 7.2771, lr_0 = 3.5785e-07
Loss = 3.0210e-01, PNorm = 98.7251, GNorm = 15.1702, lr_0 = 3.5623e-07
Loss = 3.2967e-01, PNorm = 98.7251, GNorm = 7.1412, lr_0 = 3.5461e-07
Loss = 3.1972e-01, PNorm = 98.7251, GNorm = 13.0002, lr_0 = 3.5300e-07
Loss = 3.5306e-01, PNorm = 98.7251, GNorm = 24.1269, lr_0 = 3.5140e-07
Loss = 3.3633e-01, PNorm = 98.7251, GNorm = 4.8587, lr_0 = 3.4980e-07
Loss = 3.1375e-01, PNorm = 98.7251, GNorm = 4.2678, lr_0 = 3.4822e-07
Loss = 4.1097e-01, PNorm = 98.7251, GNorm = 5.0487, lr_0 = 3.4664e-07
Loss = 3.6888e-01, PNorm = 98.7252, GNorm = 17.1230, lr_0 = 3.4506e-07
Loss = 3.9527e-01, PNorm = 98.7252, GNorm = 17.5402, lr_0 = 3.4350e-07
Validation rmse = 65.971061
Epoch 25
Loss = 2.7111e-01, PNorm = 98.7252, GNorm = 8.0672, lr_0 = 3.4178e-07
Loss = 3.5255e-01, PNorm = 98.7252, GNorm = 4.4291, lr_0 = 3.4023e-07
Loss = 3.3042e-01, PNorm = 98.7252, GNorm = 6.8420, lr_0 = 3.3868e-07
Loss = 3.6597e-01, PNorm = 98.7253, GNorm = 10.3126, lr_0 = 3.3715e-07
Loss = 3.3152e-01, PNorm = 98.7253, GNorm = 8.5392, lr_0 = 3.3562e-07
Loss = 2.9895e-01, PNorm = 98.7253, GNorm = 5.9018, lr_0 = 3.3409e-07
Loss = 3.7196e-01, PNorm = 98.7253, GNorm = 11.4099, lr_0 = 3.3257e-07
Loss = 3.7434e-01, PNorm = 98.7253, GNorm = 2.7433, lr_0 = 3.3106e-07
Loss = 3.3982e-01, PNorm = 98.7253, GNorm = 12.1883, lr_0 = 3.2956e-07
Loss = 4.0155e-01, PNorm = 98.7254, GNorm = 8.2897, lr_0 = 3.2807e-07
Loss = 3.6729e-01, PNorm = 98.7254, GNorm = 20.3384, lr_0 = 3.2658e-07
Loss = 3.8594e-01, PNorm = 98.7254, GNorm = 15.9442, lr_0 = 3.2509e-07
Loss = 3.4588e-01, PNorm = 98.7254, GNorm = 20.5178, lr_0 = 3.2362e-07
Loss = 4.1988e-01, PNorm = 98.7254, GNorm = 33.2517, lr_0 = 3.2215e-07
Loss = 3.4130e-01, PNorm = 98.7254, GNorm = 8.5729, lr_0 = 3.2069e-07
Loss = 3.3608e-01, PNorm = 98.7255, GNorm = 11.0499, lr_0 = 3.1923e-07
Loss = 3.0452e-01, PNorm = 98.7255, GNorm = 3.4276, lr_0 = 3.1778e-07
Loss = 3.3628e-01, PNorm = 98.7255, GNorm = 14.7367, lr_0 = 3.1634e-07
Loss = 4.3920e-01, PNorm = 98.7255, GNorm = 6.6662, lr_0 = 3.1490e-07
Loss = 3.9536e-01, PNorm = 98.7255, GNorm = 27.2467, lr_0 = 3.1347e-07
Loss = 3.4799e-01, PNorm = 98.7255, GNorm = 5.4296, lr_0 = 3.1205e-07
Loss = 3.2543e-01, PNorm = 98.7255, GNorm = 4.9375, lr_0 = 3.1063e-07
Loss = 3.2060e-01, PNorm = 98.7256, GNorm = 9.6272, lr_0 = 3.0922e-07
Loss = 2.9914e-01, PNorm = 98.7256, GNorm = 19.5424, lr_0 = 3.0782e-07
Validation rmse = 65.936797
Epoch 26
Loss = 3.7360e-01, PNorm = 98.7256, GNorm = 6.2224, lr_0 = 3.0642e-07
Loss = 3.3261e-01, PNorm = 98.7256, GNorm = 8.2369, lr_0 = 3.0503e-07
Loss = 3.9180e-01, PNorm = 98.7256, GNorm = 29.0192, lr_0 = 3.0364e-07
Loss = 3.7758e-01, PNorm = 98.7256, GNorm = 17.9475, lr_0 = 3.0227e-07
Loss = 2.9222e-01, PNorm = 98.7256, GNorm = 4.5371, lr_0 = 3.0089e-07
Loss = 3.7051e-01, PNorm = 98.7256, GNorm = 12.0228, lr_0 = 2.9953e-07
Loss = 3.8575e-01, PNorm = 98.7257, GNorm = 4.2490, lr_0 = 2.9817e-07
Loss = 3.2017e-01, PNorm = 98.7257, GNorm = 14.2643, lr_0 = 2.9681e-07
Loss = 3.3763e-01, PNorm = 98.7257, GNorm = 11.8541, lr_0 = 2.9547e-07
Loss = 3.9443e-01, PNorm = 98.7257, GNorm = 11.1478, lr_0 = 2.9412e-07
Loss = 3.3107e-01, PNorm = 98.7257, GNorm = 3.1655, lr_0 = 2.9279e-07
Loss = 3.6555e-01, PNorm = 98.7257, GNorm = 28.0824, lr_0 = 2.9146e-07
Loss = 3.7820e-01, PNorm = 98.7257, GNorm = 16.8285, lr_0 = 2.9014e-07
Loss = 3.7181e-01, PNorm = 98.7258, GNorm = 11.6623, lr_0 = 2.8882e-07
Loss = 3.7742e-01, PNorm = 98.7258, GNorm = 8.8793, lr_0 = 2.8751e-07
Loss = 3.5857e-01, PNorm = 98.7258, GNorm = 6.4107, lr_0 = 2.8620e-07
Loss = 3.3217e-01, PNorm = 98.7258, GNorm = 5.7943, lr_0 = 2.8490e-07
Loss = 3.3165e-01, PNorm = 98.7258, GNorm = 17.9248, lr_0 = 2.8361e-07
Loss = 3.0823e-01, PNorm = 98.7258, GNorm = 10.7963, lr_0 = 2.8232e-07
Loss = 3.7967e-01, PNorm = 98.7258, GNorm = 4.2614, lr_0 = 2.8104e-07
Loss = 3.2910e-01, PNorm = 98.7259, GNorm = 4.4042, lr_0 = 2.7976e-07
Loss = 3.5567e-01, PNorm = 98.7259, GNorm = 8.6244, lr_0 = 2.7849e-07
Loss = 3.3322e-01, PNorm = 98.7259, GNorm = 12.8778, lr_0 = 2.7723e-07
Validation rmse = 65.841901
Epoch 27
Loss = 2.8381e-01, PNorm = 98.7259, GNorm = 12.5115, lr_0 = 2.7585e-07
Loss = 3.6564e-01, PNorm = 98.7259, GNorm = 14.0515, lr_0 = 2.7459e-07
Loss = 3.7985e-01, PNorm = 98.7259, GNorm = 10.7864, lr_0 = 2.7335e-07
Loss = 3.1581e-01, PNorm = 98.7259, GNorm = 25.6604, lr_0 = 2.7211e-07
Loss = 3.6198e-01, PNorm = 98.7260, GNorm = 3.7610, lr_0 = 2.7087e-07
Loss = 3.0286e-01, PNorm = 98.7260, GNorm = 3.5924, lr_0 = 2.6964e-07
Loss = 3.6143e-01, PNorm = 98.7260, GNorm = 3.7858, lr_0 = 2.6842e-07
Loss = 3.7634e-01, PNorm = 98.7260, GNorm = 13.9451, lr_0 = 2.6720e-07
Loss = 3.4883e-01, PNorm = 98.7260, GNorm = 9.4049, lr_0 = 2.6598e-07
Loss = 3.5179e-01, PNorm = 98.7260, GNorm = 3.5799, lr_0 = 2.6478e-07
Loss = 3.3961e-01, PNorm = 98.7260, GNorm = 10.9146, lr_0 = 2.6357e-07
Loss = 3.8025e-01, PNorm = 98.7260, GNorm = 9.5338, lr_0 = 2.6238e-07
Loss = 3.2707e-01, PNorm = 98.7261, GNorm = 6.7702, lr_0 = 2.6119e-07
Loss = 3.2828e-01, PNorm = 98.7261, GNorm = 10.9924, lr_0 = 2.6000e-07
Loss = 3.6318e-01, PNorm = 98.7261, GNorm = 6.3589, lr_0 = 2.5882e-07
Loss = 3.7882e-01, PNorm = 98.7261, GNorm = 5.0471, lr_0 = 2.5765e-07
Loss = 4.1155e-01, PNorm = 98.7261, GNorm = 23.3618, lr_0 = 2.5648e-07
Loss = 4.2207e-01, PNorm = 98.7261, GNorm = 25.8197, lr_0 = 2.5531e-07
Loss = 3.1554e-01, PNorm = 98.7261, GNorm = 26.4431, lr_0 = 2.5415e-07
Loss = 3.0163e-01, PNorm = 98.7261, GNorm = 10.0842, lr_0 = 2.5300e-07
Loss = 3.7542e-01, PNorm = 98.7262, GNorm = 17.5697, lr_0 = 2.5185e-07
Loss = 3.1264e-01, PNorm = 98.7262, GNorm = 36.0458, lr_0 = 2.5071e-07
Loss = 3.5882e-01, PNorm = 98.7262, GNorm = 11.9442, lr_0 = 2.4957e-07
Validation rmse = 65.831687
Epoch 28
Loss = 3.6495e-01, PNorm = 98.7262, GNorm = 19.0003, lr_0 = 2.4832e-07
Loss = 3.6556e-01, PNorm = 98.7262, GNorm = 3.3275, lr_0 = 2.4719e-07
Loss = 3.4447e-01, PNorm = 98.7262, GNorm = 14.6523, lr_0 = 2.4607e-07
Loss = 3.7120e-01, PNorm = 98.7262, GNorm = 14.0846, lr_0 = 2.4495e-07
Loss = 3.3493e-01, PNorm = 98.7262, GNorm = 8.1144, lr_0 = 2.4384e-07
Loss = 3.5560e-01, PNorm = 98.7262, GNorm = 13.0095, lr_0 = 2.4274e-07
Loss = 3.0422e-01, PNorm = 98.7262, GNorm = 15.0388, lr_0 = 2.4163e-07
Loss = 3.3619e-01, PNorm = 98.7262, GNorm = 17.0485, lr_0 = 2.4054e-07
Loss = 3.9357e-01, PNorm = 98.7263, GNorm = 2.6358, lr_0 = 2.3944e-07
Loss = 3.8501e-01, PNorm = 98.7263, GNorm = 20.4757, lr_0 = 2.3836e-07
Loss = 3.3990e-01, PNorm = 98.7263, GNorm = 9.8247, lr_0 = 2.3727e-07
Loss = 3.5633e-01, PNorm = 98.7263, GNorm = 6.4695, lr_0 = 2.3620e-07
Loss = 3.5419e-01, PNorm = 98.7263, GNorm = 6.0545, lr_0 = 2.3513e-07
Loss = 3.8204e-01, PNorm = 98.7263, GNorm = 2.8909, lr_0 = 2.3406e-07
Loss = 3.3506e-01, PNorm = 98.7263, GNorm = 4.1181, lr_0 = 2.3300e-07
Loss = 3.2482e-01, PNorm = 98.7263, GNorm = 21.5705, lr_0 = 2.3194e-07
Loss = 3.2473e-01, PNorm = 98.7263, GNorm = 6.5666, lr_0 = 2.3088e-07
Loss = 3.9412e-01, PNorm = 98.7264, GNorm = 50.2647, lr_0 = 2.2984e-07
Loss = 3.1510e-01, PNorm = 98.7264, GNorm = 5.2222, lr_0 = 2.2879e-07
Loss = 3.8001e-01, PNorm = 98.7264, GNorm = 14.8437, lr_0 = 2.2775e-07
Loss = 4.0332e-01, PNorm = 98.7264, GNorm = 15.1664, lr_0 = 2.2672e-07
Loss = 2.8290e-01, PNorm = 98.7264, GNorm = 5.9578, lr_0 = 2.2569e-07
Loss = 3.4099e-01, PNorm = 98.7264, GNorm = 12.9449, lr_0 = 2.2467e-07
Validation rmse = 65.735694
Epoch 29
Loss = 3.1420e-01, PNorm = 98.7264, GNorm = 4.9173, lr_0 = 2.2365e-07
Loss = 3.8298e-01, PNorm = 98.7264, GNorm = 10.9638, lr_0 = 2.2263e-07
Loss = 3.1015e-01, PNorm = 98.7265, GNorm = 23.5227, lr_0 = 2.2162e-07
Loss = 3.6487e-01, PNorm = 98.7265, GNorm = 23.4983, lr_0 = 2.2061e-07
Loss = 3.3471e-01, PNorm = 98.7265, GNorm = 9.0043, lr_0 = 2.1961e-07
Loss = 3.1689e-01, PNorm = 98.7265, GNorm = 5.9485, lr_0 = 2.1861e-07
Loss = 3.8995e-01, PNorm = 98.7265, GNorm = 20.6341, lr_0 = 2.1762e-07
Loss = 4.1349e-01, PNorm = 98.7265, GNorm = 4.8768, lr_0 = 2.1663e-07
Loss = 3.6724e-01, PNorm = 98.7265, GNorm = 14.9328, lr_0 = 2.1565e-07
Loss = 3.6836e-01, PNorm = 98.7265, GNorm = 16.4361, lr_0 = 2.1467e-07
Loss = 3.8381e-01, PNorm = 98.7265, GNorm = 5.5687, lr_0 = 2.1370e-07
Loss = 3.4701e-01, PNorm = 98.7266, GNorm = 9.4069, lr_0 = 2.1273e-07
Loss = 3.1538e-01, PNorm = 98.7266, GNorm = 8.7834, lr_0 = 2.1176e-07
Loss = 3.2943e-01, PNorm = 98.7266, GNorm = 4.8163, lr_0 = 2.1080e-07
Loss = 3.4010e-01, PNorm = 98.7266, GNorm = 21.5450, lr_0 = 2.0984e-07
Loss = 3.1315e-01, PNorm = 98.7266, GNorm = 3.7726, lr_0 = 2.0889e-07
Loss = 2.9545e-01, PNorm = 98.7266, GNorm = 10.6250, lr_0 = 2.0794e-07
Loss = 3.1580e-01, PNorm = 98.7266, GNorm = 5.8880, lr_0 = 2.0700e-07
Loss = 3.4575e-01, PNorm = 98.7266, GNorm = 19.8392, lr_0 = 2.0606e-07
Loss = 3.5451e-01, PNorm = 98.7266, GNorm = 7.5824, lr_0 = 2.0512e-07
Loss = 3.4601e-01, PNorm = 98.7266, GNorm = 7.9366, lr_0 = 2.0419e-07
Loss = 3.6425e-01, PNorm = 98.7267, GNorm = 9.4789, lr_0 = 2.0326e-07
Loss = 3.3226e-01, PNorm = 98.7267, GNorm = 3.3603, lr_0 = 2.0234e-07
Validation rmse = 65.697485
Epoch 30
Loss = 4.3555e-01, PNorm = 98.7267, GNorm = 4.0267, lr_0 = 2.0133e-07
Loss = 3.3660e-01, PNorm = 98.7267, GNorm = 12.7631, lr_0 = 2.0042e-07
Loss = 3.7455e-01, PNorm = 98.7267, GNorm = 11.9612, lr_0 = 1.9951e-07
Loss = 2.7821e-01, PNorm = 98.7267, GNorm = 3.3223, lr_0 = 1.9860e-07
Loss = 3.6311e-01, PNorm = 98.7267, GNorm = 11.3214, lr_0 = 1.9770e-07
Loss = 3.4836e-01, PNorm = 98.7267, GNorm = 9.7850, lr_0 = 1.9680e-07
Loss = 2.8730e-01, PNorm = 98.7267, GNorm = 7.2708, lr_0 = 1.9591e-07
Loss = 3.7579e-01, PNorm = 98.7267, GNorm = 19.7450, lr_0 = 1.9502e-07
Loss = 3.5289e-01, PNorm = 98.7267, GNorm = 18.9732, lr_0 = 1.9413e-07
Loss = 3.6868e-01, PNorm = 98.7267, GNorm = 21.2887, lr_0 = 1.9325e-07
Loss = 3.5921e-01, PNorm = 98.7268, GNorm = 6.7088, lr_0 = 1.9237e-07
Loss = 3.3936e-01, PNorm = 98.7268, GNorm = 21.5664, lr_0 = 1.9150e-07
Loss = 3.0283e-01, PNorm = 98.7268, GNorm = 10.7933, lr_0 = 1.9063e-07
Loss = 3.7057e-01, PNorm = 98.7268, GNorm = 9.4870, lr_0 = 1.8977e-07
Loss = 3.0473e-01, PNorm = 98.7268, GNorm = 6.7470, lr_0 = 1.8890e-07
Loss = 3.7388e-01, PNorm = 98.7268, GNorm = 13.9028, lr_0 = 1.8805e-07
Loss = 3.2595e-01, PNorm = 98.7268, GNorm = 11.7257, lr_0 = 1.8719e-07
Loss = 3.7769e-01, PNorm = 98.7268, GNorm = 3.4867, lr_0 = 1.8634e-07
Loss = 3.4574e-01, PNorm = 98.7268, GNorm = 15.4356, lr_0 = 1.8550e-07
Loss = 3.5191e-01, PNorm = 98.7268, GNorm = 5.9286, lr_0 = 1.8465e-07
Loss = 3.5079e-01, PNorm = 98.7268, GNorm = 3.9586, lr_0 = 1.8382e-07
Loss = 4.0987e-01, PNorm = 98.7268, GNorm = 36.9452, lr_0 = 1.8298e-07
Loss = 4.4639e-01, PNorm = 98.7268, GNorm = 11.1851, lr_0 = 1.8215e-07
Loss = 3.0772e-01, PNorm = 98.7269, GNorm = 3.3793, lr_0 = 1.8132e-07
Validation rmse = 65.859474
Epoch 31
Loss = 3.7099e-01, PNorm = 98.7269, GNorm = 6.3564, lr_0 = 1.8042e-07
Loss = 3.0665e-01, PNorm = 98.7269, GNorm = 6.8618, lr_0 = 1.7960e-07
Loss = 3.0732e-01, PNorm = 98.7269, GNorm = 7.7309, lr_0 = 1.7878e-07
Loss = 3.2350e-01, PNorm = 98.7269, GNorm = 5.4920, lr_0 = 1.7797e-07
Loss = 3.5097e-01, PNorm = 98.7269, GNorm = 4.8491, lr_0 = 1.7716e-07
Loss = 3.8376e-01, PNorm = 98.7269, GNorm = 7.9383, lr_0 = 1.7636e-07
Loss = 3.4962e-01, PNorm = 98.7269, GNorm = 3.9519, lr_0 = 1.7556e-07
Loss = 3.5178e-01, PNorm = 98.7269, GNorm = 14.0017, lr_0 = 1.7476e-07
Loss = 3.0357e-01, PNorm = 98.7269, GNorm = 11.5978, lr_0 = 1.7397e-07
Loss = 3.4044e-01, PNorm = 98.7269, GNorm = 7.8335, lr_0 = 1.7318e-07
Loss = 3.7285e-01, PNorm = 98.7269, GNorm = 5.9797, lr_0 = 1.7239e-07
Loss = 3.3358e-01, PNorm = 98.7270, GNorm = 29.4333, lr_0 = 1.7161e-07
Loss = 3.3808e-01, PNorm = 98.7270, GNorm = 14.6677, lr_0 = 1.7083e-07
Loss = 3.2351e-01, PNorm = 98.7270, GNorm = 6.7286, lr_0 = 1.7006e-07
Loss = 3.6018e-01, PNorm = 98.7270, GNorm = 4.5808, lr_0 = 1.6928e-07
Loss = 3.6217e-01, PNorm = 98.7270, GNorm = 2.6752, lr_0 = 1.6851e-07
Loss = 3.8274e-01, PNorm = 98.7270, GNorm = 14.4246, lr_0 = 1.6775e-07
Loss = 3.6481e-01, PNorm = 98.7270, GNorm = 12.4666, lr_0 = 1.6699e-07
Loss = 3.1832e-01, PNorm = 98.7270, GNorm = 6.0470, lr_0 = 1.6623e-07
Loss = 3.6707e-01, PNorm = 98.7270, GNorm = 6.8951, lr_0 = 1.6548e-07
Loss = 3.5061e-01, PNorm = 98.7270, GNorm = 5.1402, lr_0 = 1.6472e-07
Loss = 4.0312e-01, PNorm = 98.7270, GNorm = 49.5727, lr_0 = 1.6398e-07
Loss = 3.4657e-01, PNorm = 98.7270, GNorm = 15.5593, lr_0 = 1.6323e-07
Validation rmse = 65.702324
Epoch 32
Loss = 3.4735e-01, PNorm = 98.7271, GNorm = 10.3751, lr_0 = 1.6249e-07
Loss = 3.3861e-01, PNorm = 98.7271, GNorm = 4.6915, lr_0 = 1.6175e-07
Loss = 3.3554e-01, PNorm = 98.7271, GNorm = 10.9879, lr_0 = 1.6102e-07
Loss = 3.5742e-01, PNorm = 98.7271, GNorm = 15.6641, lr_0 = 1.6029e-07
Loss = 3.3336e-01, PNorm = 98.7271, GNorm = 8.5528, lr_0 = 1.5956e-07
Loss = 4.1896e-01, PNorm = 98.7271, GNorm = 17.3057, lr_0 = 1.5884e-07
Loss = 3.3501e-01, PNorm = 98.7271, GNorm = 4.8293, lr_0 = 1.5811e-07
Loss = 3.2975e-01, PNorm = 98.7271, GNorm = 10.5788, lr_0 = 1.5740e-07
Loss = 3.2023e-01, PNorm = 98.7271, GNorm = 4.6096, lr_0 = 1.5668e-07
Loss = 3.3615e-01, PNorm = 98.7271, GNorm = 9.4593, lr_0 = 1.5597e-07
Loss = 4.1969e-01, PNorm = 98.7271, GNorm = 9.5175, lr_0 = 1.5526e-07
Loss = 3.6766e-01, PNorm = 98.7271, GNorm = 3.1556, lr_0 = 1.5456e-07
Loss = 3.1443e-01, PNorm = 98.7271, GNorm = 11.3471, lr_0 = 1.5386e-07
Loss = 3.2018e-01, PNorm = 98.7272, GNorm = 3.4178, lr_0 = 1.5316e-07
Loss = 3.2229e-01, PNorm = 98.7272, GNorm = 5.0636, lr_0 = 1.5246e-07
Loss = 3.4564e-01, PNorm = 98.7272, GNorm = 7.9718, lr_0 = 1.5177e-07
Loss = 3.2915e-01, PNorm = 98.7272, GNorm = 5.2616, lr_0 = 1.5108e-07
Loss = 3.4261e-01, PNorm = 98.7272, GNorm = 20.4201, lr_0 = 1.5039e-07
Loss = 3.3181e-01, PNorm = 98.7272, GNorm = 6.5439, lr_0 = 1.4971e-07
Loss = 3.4817e-01, PNorm = 98.7272, GNorm = 20.4261, lr_0 = 1.4903e-07
Loss = 3.4487e-01, PNorm = 98.7272, GNorm = 18.3662, lr_0 = 1.4836e-07
Loss = 3.8710e-01, PNorm = 98.7272, GNorm = 31.1798, lr_0 = 1.4768e-07
Loss = 3.4169e-01, PNorm = 98.7272, GNorm = 32.5611, lr_0 = 1.4701e-07
Validation rmse = 65.709439
Epoch 33
Loss = 2.7969e-01, PNorm = 98.7272, GNorm = 10.6451, lr_0 = 1.4628e-07
Loss = 3.8370e-01, PNorm = 98.7272, GNorm = 10.5602, lr_0 = 1.4561e-07
Loss = 3.3620e-01, PNorm = 98.7272, GNorm = 4.4543, lr_0 = 1.4495e-07
Loss = 3.9089e-01, PNorm = 98.7272, GNorm = 26.3363, lr_0 = 1.4429e-07
Loss = 3.4332e-01, PNorm = 98.7273, GNorm = 6.7801, lr_0 = 1.4364e-07
Loss = 3.4641e-01, PNorm = 98.7273, GNorm = 9.0764, lr_0 = 1.4299e-07
Loss = 3.4497e-01, PNorm = 98.7273, GNorm = 4.8059, lr_0 = 1.4234e-07
Loss = 3.6554e-01, PNorm = 98.7273, GNorm = 2.9751, lr_0 = 1.4169e-07
Loss = 3.6801e-01, PNorm = 98.7273, GNorm = 14.8730, lr_0 = 1.4105e-07
Loss = 3.8274e-01, PNorm = 98.7273, GNorm = 4.5356, lr_0 = 1.4041e-07
Loss = 3.1184e-01, PNorm = 98.7273, GNorm = 3.1247, lr_0 = 1.3977e-07
Loss = 3.3107e-01, PNorm = 98.7273, GNorm = 11.7087, lr_0 = 1.3914e-07
Loss = 3.1575e-01, PNorm = 98.7273, GNorm = 15.2013, lr_0 = 1.3850e-07
Loss = 2.8749e-01, PNorm = 98.7273, GNorm = 24.5605, lr_0 = 1.3788e-07
Loss = 3.9045e-01, PNorm = 98.7273, GNorm = 3.7156, lr_0 = 1.3725e-07
Loss = 3.6690e-01, PNorm = 98.7273, GNorm = 7.0813, lr_0 = 1.3663e-07
Loss = 3.2852e-01, PNorm = 98.7273, GNorm = 3.4112, lr_0 = 1.3601e-07
Loss = 3.5076e-01, PNorm = 98.7273, GNorm = 3.0527, lr_0 = 1.3539e-07
Loss = 2.9371e-01, PNorm = 98.7273, GNorm = 8.0456, lr_0 = 1.3477e-07
Loss = 3.7804e-01, PNorm = 98.7273, GNorm = 11.5050, lr_0 = 1.3416e-07
Loss = 3.6875e-01, PNorm = 98.7274, GNorm = 15.5530, lr_0 = 1.3355e-07
Loss = 3.7587e-01, PNorm = 98.7274, GNorm = 5.3037, lr_0 = 1.3295e-07
Loss = 3.4298e-01, PNorm = 98.7274, GNorm = 12.4313, lr_0 = 1.3234e-07
Validation rmse = 65.526901
Epoch 34
Loss = 4.7799e-01, PNorm = 98.7274, GNorm = 17.4023, lr_0 = 1.3168e-07
Loss = 3.1009e-01, PNorm = 98.7274, GNorm = 2.6340, lr_0 = 1.3108e-07
Loss = 3.8241e-01, PNorm = 98.7274, GNorm = 5.7744, lr_0 = 1.3049e-07
Loss = 3.5206e-01, PNorm = 98.7274, GNorm = 17.3729, lr_0 = 1.2990e-07
Loss = 3.6929e-01, PNorm = 98.7274, GNorm = 10.9728, lr_0 = 1.2931e-07
Loss = 3.4697e-01, PNorm = 98.7274, GNorm = 10.1628, lr_0 = 1.2872e-07
Loss = 2.9134e-01, PNorm = 98.7274, GNorm = 8.6009, lr_0 = 1.2814e-07
Loss = 3.8950e-01, PNorm = 98.7274, GNorm = 14.0027, lr_0 = 1.2755e-07
Loss = 3.8018e-01, PNorm = 98.7274, GNorm = 4.3242, lr_0 = 1.2697e-07
Loss = 3.2180e-01, PNorm = 98.7274, GNorm = 3.0904, lr_0 = 1.2640e-07
Loss = 3.7956e-01, PNorm = 98.7274, GNorm = 6.1849, lr_0 = 1.2582e-07
Loss = 3.2782e-01, PNorm = 98.7274, GNorm = 11.4330, lr_0 = 1.2525e-07
Loss = 3.1272e-01, PNorm = 98.7274, GNorm = 2.7278, lr_0 = 1.2468e-07
Loss = 3.2658e-01, PNorm = 98.7275, GNorm = 8.8743, lr_0 = 1.2412e-07
Loss = 3.0869e-01, PNorm = 98.7275, GNorm = 19.1198, lr_0 = 1.2355e-07
Loss = 3.4122e-01, PNorm = 98.7275, GNorm = 7.2270, lr_0 = 1.2299e-07
Loss = 3.4874e-01, PNorm = 98.7275, GNorm = 9.3599, lr_0 = 1.2243e-07
Loss = 2.6414e-01, PNorm = 98.7275, GNorm = 3.0489, lr_0 = 1.2188e-07
Loss = 3.8972e-01, PNorm = 98.7275, GNorm = 11.6538, lr_0 = 1.2133e-07
Loss = 3.2779e-01, PNorm = 98.7275, GNorm = 9.4662, lr_0 = 1.2077e-07
Loss = 3.6701e-01, PNorm = 98.7275, GNorm = 4.0591, lr_0 = 1.2023e-07
Loss = 3.3360e-01, PNorm = 98.7275, GNorm = 7.6212, lr_0 = 1.1968e-07
Loss = 3.7468e-01, PNorm = 98.7275, GNorm = 8.5803, lr_0 = 1.1914e-07
Loss = 3.9677e-01, PNorm = 98.7275, GNorm = 3.9347, lr_0 = 1.1860e-07
Validation rmse = 65.507469
Epoch 35
Loss = 3.1488e-01, PNorm = 98.7275, GNorm = 12.3881, lr_0 = 1.1806e-07
Loss = 3.5822e-01, PNorm = 98.7275, GNorm = 13.2916, lr_0 = 1.1752e-07
Loss = 3.8558e-01, PNorm = 98.7275, GNorm = 10.8147, lr_0 = 1.1699e-07
Loss = 3.4437e-01, PNorm = 98.7275, GNorm = 5.0144, lr_0 = 1.1646e-07
Loss = 2.8115e-01, PNorm = 98.7275, GNorm = 9.9559, lr_0 = 1.1593e-07
Loss = 3.7358e-01, PNorm = 98.7275, GNorm = 6.9408, lr_0 = 1.1540e-07
Loss = 3.3677e-01, PNorm = 98.7275, GNorm = 4.2928, lr_0 = 1.1488e-07
Loss = 3.4780e-01, PNorm = 98.7275, GNorm = 9.8162, lr_0 = 1.1436e-07
Loss = 3.7264e-01, PNorm = 98.7276, GNorm = 5.1247, lr_0 = 1.1384e-07
Loss = 3.3719e-01, PNorm = 98.7276, GNorm = 12.9848, lr_0 = 1.1332e-07
Loss = 4.1903e-01, PNorm = 98.7276, GNorm = 7.5866, lr_0 = 1.1281e-07
Loss = 3.5628e-01, PNorm = 98.7276, GNorm = 27.9992, lr_0 = 1.1229e-07
Loss = 3.3148e-01, PNorm = 98.7276, GNorm = 2.5191, lr_0 = 1.1178e-07
Loss = 3.2446e-01, PNorm = 98.7276, GNorm = 8.1506, lr_0 = 1.1128e-07
Loss = 3.4662e-01, PNorm = 98.7276, GNorm = 9.4491, lr_0 = 1.1077e-07
Loss = 3.5256e-01, PNorm = 98.7276, GNorm = 4.6814, lr_0 = 1.1027e-07
Loss = 3.3022e-01, PNorm = 98.7276, GNorm = 2.4376, lr_0 = 1.0977e-07
Loss = 4.4376e-01, PNorm = 98.7276, GNorm = 16.1476, lr_0 = 1.0927e-07
Loss = 3.2776e-01, PNorm = 98.7276, GNorm = 16.0498, lr_0 = 1.0877e-07
Loss = 3.3844e-01, PNorm = 98.7276, GNorm = 18.0480, lr_0 = 1.0828e-07
Loss = 3.3635e-01, PNorm = 98.7276, GNorm = 4.8837, lr_0 = 1.0779e-07
Loss = 3.2685e-01, PNorm = 98.7276, GNorm = 9.9204, lr_0 = 1.0730e-07
Loss = 2.7022e-01, PNorm = 98.7276, GNorm = 7.2391, lr_0 = 1.0681e-07
Validation rmse = 65.482639
Epoch 36
Loss = 3.4745e-01, PNorm = 98.7276, GNorm = 17.3317, lr_0 = 1.0628e-07
Loss = 3.7559e-01, PNorm = 98.7276, GNorm = 12.7150, lr_0 = 1.0580e-07
Loss = 3.4498e-01, PNorm = 98.7276, GNorm = 7.0763, lr_0 = 1.0532e-07
Loss = 4.3347e-01, PNorm = 98.7277, GNorm = 18.3028, lr_0 = 1.0484e-07
Loss = 3.1837e-01, PNorm = 98.7277, GNorm = 20.4238, lr_0 = 1.0436e-07
Loss = 3.6036e-01, PNorm = 98.7277, GNorm = 7.2521, lr_0 = 1.0389e-07
Loss = 3.1189e-01, PNorm = 98.7277, GNorm = 4.5205, lr_0 = 1.0342e-07
Loss = 3.2657e-01, PNorm = 98.7277, GNorm = 6.1218, lr_0 = 1.0295e-07
Loss = 3.4634e-01, PNorm = 98.7277, GNorm = 3.4206, lr_0 = 1.0248e-07
Loss = 3.7397e-01, PNorm = 98.7277, GNorm = 14.5128, lr_0 = 1.0201e-07
Loss = 3.3761e-01, PNorm = 98.7277, GNorm = 3.9618, lr_0 = 1.0155e-07
Loss = 3.3139e-01, PNorm = 98.7277, GNorm = 25.7310, lr_0 = 1.0109e-07
Loss = 3.5140e-01, PNorm = 98.7277, GNorm = 6.9104, lr_0 = 1.0063e-07
Loss = 3.2927e-01, PNorm = 98.7277, GNorm = 11.3939, lr_0 = 1.0017e-07
Loss = 3.6478e-01, PNorm = 98.7277, GNorm = 7.0809, lr_0 = 9.9719e-08
Loss = 4.0477e-01, PNorm = 98.7277, GNorm = 4.1277, lr_0 = 9.9266e-08
Loss = 3.1591e-01, PNorm = 98.7277, GNorm = 5.7661, lr_0 = 9.8815e-08
Loss = 3.3116e-01, PNorm = 98.7277, GNorm = 16.8300, lr_0 = 9.8367e-08
Loss = 3.1900e-01, PNorm = 98.7277, GNorm = 18.8282, lr_0 = 9.7920e-08
Loss = 3.9247e-01, PNorm = 98.7277, GNorm = 5.7933, lr_0 = 9.7476e-08
Loss = 2.9360e-01, PNorm = 98.7277, GNorm = 3.0330, lr_0 = 9.7033e-08
Loss = 3.1468e-01, PNorm = 98.7277, GNorm = 8.9121, lr_0 = 9.6592e-08
Loss = 3.2761e-01, PNorm = 98.7277, GNorm = 9.9757, lr_0 = 9.6154e-08
Validation rmse = 65.426091
Epoch 37
Loss = 2.9649e-01, PNorm = 98.7277, GNorm = 5.3161, lr_0 = 9.5674e-08
Loss = 3.7349e-01, PNorm = 98.7277, GNorm = 15.3149, lr_0 = 9.5239e-08
Loss = 3.6803e-01, PNorm = 98.7277, GNorm = 3.1478, lr_0 = 9.4807e-08
Loss = 3.0884e-01, PNorm = 98.7278, GNorm = 6.8197, lr_0 = 9.4377e-08
Loss = 2.9593e-01, PNorm = 98.7278, GNorm = 4.0137, lr_0 = 9.3948e-08
Loss = 3.8317e-01, PNorm = 98.7278, GNorm = 3.3351, lr_0 = 9.3522e-08
Loss = 3.6934e-01, PNorm = 98.7278, GNorm = 11.8307, lr_0 = 9.3097e-08
Loss = 3.5448e-01, PNorm = 98.7278, GNorm = 2.4289, lr_0 = 9.2674e-08
Loss = 4.2126e-01, PNorm = 98.7278, GNorm = 17.6569, lr_0 = 9.2254e-08
Loss = 3.6341e-01, PNorm = 98.7278, GNorm = 21.8969, lr_0 = 9.1835e-08
Loss = 3.2358e-01, PNorm = 98.7278, GNorm = 2.8219, lr_0 = 9.1418e-08
Loss = 3.3353e-01, PNorm = 98.7278, GNorm = 5.2774, lr_0 = 9.1003e-08
Loss = 3.0441e-01, PNorm = 98.7278, GNorm = 12.7792, lr_0 = 9.0590e-08
Loss = 3.1073e-01, PNorm = 98.7278, GNorm = 5.9426, lr_0 = 9.0178e-08
Loss = 3.4769e-01, PNorm = 98.7278, GNorm = 14.4457, lr_0 = 8.9769e-08
Loss = 3.7493e-01, PNorm = 98.7278, GNorm = 10.6487, lr_0 = 8.9361e-08
Loss = 3.2032e-01, PNorm = 98.7278, GNorm = 4.9934, lr_0 = 8.8956e-08
Loss = 2.9684e-01, PNorm = 98.7278, GNorm = 4.5108, lr_0 = 8.8552e-08
Loss = 3.2243e-01, PNorm = 98.7278, GNorm = 2.7109, lr_0 = 8.8150e-08
Loss = 3.1491e-01, PNorm = 98.7278, GNorm = 4.7864, lr_0 = 8.7749e-08
Loss = 3.5100e-01, PNorm = 98.7278, GNorm = 4.9454, lr_0 = 8.7351e-08
Loss = 4.1338e-01, PNorm = 98.7278, GNorm = 28.8255, lr_0 = 8.6954e-08
Loss = 3.8240e-01, PNorm = 98.7278, GNorm = 7.5956, lr_0 = 8.6560e-08
Validation rmse = 65.481108
Epoch 38
Loss = 3.3832e-01, PNorm = 98.7278, GNorm = 6.6715, lr_0 = 8.6167e-08
Loss = 3.8190e-01, PNorm = 98.7278, GNorm = 4.7841, lr_0 = 8.5775e-08
Loss = 3.7282e-01, PNorm = 98.7278, GNorm = 3.1385, lr_0 = 8.5386e-08
Loss = 3.2569e-01, PNorm = 98.7279, GNorm = 8.0045, lr_0 = 8.4998e-08
Loss = 3.1484e-01, PNorm = 98.7279, GNorm = 7.9195, lr_0 = 8.4612e-08
Loss = 3.4773e-01, PNorm = 98.7279, GNorm = 6.4024, lr_0 = 8.4228e-08
Loss = 3.2999e-01, PNorm = 98.7279, GNorm = 10.6312, lr_0 = 8.3846e-08
Loss = 3.2478e-01, PNorm = 98.7279, GNorm = 12.1653, lr_0 = 8.3465e-08
Loss = 3.4700e-01, PNorm = 98.7279, GNorm = 14.9861, lr_0 = 8.3086e-08
Loss = 3.3546e-01, PNorm = 98.7279, GNorm = 9.5905, lr_0 = 8.2709e-08
Loss = 3.1332e-01, PNorm = 98.7279, GNorm = 6.2278, lr_0 = 8.2334e-08
Loss = 3.5302e-01, PNorm = 98.7279, GNorm = 11.5726, lr_0 = 8.1960e-08
Loss = 3.4259e-01, PNorm = 98.7279, GNorm = 13.0255, lr_0 = 8.1588e-08
Loss = 3.9469e-01, PNorm = 98.7279, GNorm = 10.1759, lr_0 = 8.1217e-08
Loss = 3.2641e-01, PNorm = 98.7279, GNorm = 34.8102, lr_0 = 8.0848e-08
Loss = 3.0807e-01, PNorm = 98.7279, GNorm = 10.6606, lr_0 = 8.0481e-08
Loss = 3.8516e-01, PNorm = 98.7279, GNorm = 16.2290, lr_0 = 8.0116e-08
Loss = 3.8275e-01, PNorm = 98.7279, GNorm = 2.8789, lr_0 = 7.9752e-08
Loss = 3.4822e-01, PNorm = 98.7279, GNorm = 5.8259, lr_0 = 7.9390e-08
Loss = 3.1758e-01, PNorm = 98.7279, GNorm = 20.4293, lr_0 = 7.9030e-08
Loss = 3.3822e-01, PNorm = 98.7279, GNorm = 13.2144, lr_0 = 7.8671e-08
Loss = 3.6330e-01, PNorm = 98.7279, GNorm = 13.0205, lr_0 = 7.8314e-08
Loss = 3.4535e-01, PNorm = 98.7279, GNorm = 6.3411, lr_0 = 7.7958e-08
Loss = 3.2298e-01, PNorm = 98.7279, GNorm = 10.3807, lr_0 = 7.7604e-08
Loss = 1.8095e-01, PNorm = 98.7279, GNorm = 34.6408, lr_0 = 7.7569e-08
Validation rmse = 65.419609
Epoch 39
Loss = 3.4334e-01, PNorm = 98.7279, GNorm = 7.9686, lr_0 = 7.7217e-08
Loss = 3.7932e-01, PNorm = 98.7279, GNorm = 18.2380, lr_0 = 7.6866e-08
Loss = 2.9566e-01, PNorm = 98.7279, GNorm = 3.8220, lr_0 = 7.6517e-08
Loss = 3.1631e-01, PNorm = 98.7279, GNorm = 5.7031, lr_0 = 7.6170e-08
Loss = 3.4515e-01, PNorm = 98.7279, GNorm = 2.8062, lr_0 = 7.5824e-08
Loss = 3.6764e-01, PNorm = 98.7280, GNorm = 9.1090, lr_0 = 7.5480e-08
Loss = 3.4664e-01, PNorm = 98.7280, GNorm = 3.7232, lr_0 = 7.5137e-08
Loss = 3.7929e-01, PNorm = 98.7280, GNorm = 7.2600, lr_0 = 7.4796e-08
Loss = 3.5311e-01, PNorm = 98.7280, GNorm = 2.8391, lr_0 = 7.4456e-08
Loss = 3.5444e-01, PNorm = 98.7280, GNorm = 13.4912, lr_0 = 7.4118e-08
Loss = 3.4112e-01, PNorm = 98.7280, GNorm = 7.3751, lr_0 = 7.3782e-08
Loss = 3.9220e-01, PNorm = 98.7280, GNorm = 8.9790, lr_0 = 7.3447e-08
Loss = 3.2397e-01, PNorm = 98.7280, GNorm = 7.0670, lr_0 = 7.3113e-08
Loss = 3.7186e-01, PNorm = 98.7280, GNorm = 4.2762, lr_0 = 7.2781e-08
Loss = 3.0162e-01, PNorm = 98.7280, GNorm = 4.9488, lr_0 = 7.2451e-08
Loss = 3.3693e-01, PNorm = 98.7280, GNorm = 12.5709, lr_0 = 7.2122e-08
Loss = 3.2382e-01, PNorm = 98.7280, GNorm = 9.7832, lr_0 = 7.1795e-08
Loss = 3.0386e-01, PNorm = 98.7280, GNorm = 8.2160, lr_0 = 7.1469e-08
Loss = 3.6316e-01, PNorm = 98.7280, GNorm = 4.2555, lr_0 = 7.1144e-08
Loss = 3.5603e-01, PNorm = 98.7280, GNorm = 10.7445, lr_0 = 7.0821e-08
Loss = 3.3765e-01, PNorm = 98.7280, GNorm = 6.1619, lr_0 = 7.0500e-08
Loss = 2.8373e-01, PNorm = 98.7280, GNorm = 10.5003, lr_0 = 7.0180e-08
Loss = 3.6044e-01, PNorm = 98.7280, GNorm = 25.3051, lr_0 = 6.9861e-08
Validation rmse = 65.388049
Epoch 40
Loss = 3.1706e-01, PNorm = 98.7280, GNorm = 3.1314, lr_0 = 6.9512e-08
Loss = 3.4472e-01, PNorm = 98.7280, GNorm = 4.5773, lr_0 = 6.9196e-08
Loss = 2.6693e-01, PNorm = 98.7280, GNorm = 14.1485, lr_0 = 6.8882e-08
Loss = 3.3235e-01, PNorm = 98.7280, GNorm = 18.9633, lr_0 = 6.8570e-08
Loss = 3.3304e-01, PNorm = 98.7280, GNorm = 5.6589, lr_0 = 6.8258e-08
Loss = 3.4137e-01, PNorm = 98.7280, GNorm = 21.3324, lr_0 = 6.7948e-08
Loss = 3.7191e-01, PNorm = 98.7280, GNorm = 6.4704, lr_0 = 6.7640e-08
Loss = 3.3572e-01, PNorm = 98.7280, GNorm = 8.2201, lr_0 = 6.7333e-08
Loss = 3.0388e-01, PNorm = 98.7280, GNorm = 8.9649, lr_0 = 6.7027e-08
Loss = 3.2341e-01, PNorm = 98.7280, GNorm = 35.1339, lr_0 = 6.6723e-08
Loss = 4.1460e-01, PNorm = 98.7280, GNorm = 14.5380, lr_0 = 6.6420e-08
Loss = 3.7127e-01, PNorm = 98.7280, GNorm = 23.4712, lr_0 = 6.6118e-08
Loss = 3.6528e-01, PNorm = 98.7281, GNorm = 3.2290, lr_0 = 6.5818e-08
Loss = 3.3634e-01, PNorm = 98.7281, GNorm = 3.5585, lr_0 = 6.5519e-08
Loss = 3.0885e-01, PNorm = 98.7281, GNorm = 19.6862, lr_0 = 6.5222e-08
Loss = 3.6845e-01, PNorm = 98.7281, GNorm = 13.2114, lr_0 = 6.4926e-08
Loss = 3.1331e-01, PNorm = 98.7281, GNorm = 23.6092, lr_0 = 6.4631e-08
Loss = 2.7174e-01, PNorm = 98.7281, GNorm = 13.8962, lr_0 = 6.4337e-08
Loss = 3.8774e-01, PNorm = 98.7281, GNorm = 19.2669, lr_0 = 6.4045e-08
Loss = 3.1663e-01, PNorm = 98.7281, GNorm = 14.7080, lr_0 = 6.3755e-08
Loss = 3.5160e-01, PNorm = 98.7281, GNorm = 6.0274, lr_0 = 6.3465e-08
Loss = 3.6646e-01, PNorm = 98.7281, GNorm = 10.1564, lr_0 = 6.3177e-08
Loss = 3.3833e-01, PNorm = 98.7281, GNorm = 8.3430, lr_0 = 6.2890e-08
Validation rmse = 65.487069
Epoch 41
Loss = 3.9426e-01, PNorm = 98.7281, GNorm = 11.9460, lr_0 = 6.2576e-08
Loss = 3.3488e-01, PNorm = 98.7281, GNorm = 19.6502, lr_0 = 6.2292e-08
Loss = 3.5875e-01, PNorm = 98.7281, GNorm = 4.2483, lr_0 = 6.2009e-08
Loss = 3.8129e-01, PNorm = 98.7281, GNorm = 27.3398, lr_0 = 6.1728e-08
Loss = 3.0137e-01, PNorm = 98.7281, GNorm = 6.9552, lr_0 = 6.1447e-08
Loss = 3.0427e-01, PNorm = 98.7281, GNorm = 5.5069, lr_0 = 6.1168e-08
Loss = 4.0810e-01, PNorm = 98.7281, GNorm = 18.1804, lr_0 = 6.0891e-08
Loss = 3.2574e-01, PNorm = 98.7281, GNorm = 9.1178, lr_0 = 6.0614e-08
Loss = 3.4889e-01, PNorm = 98.7281, GNorm = 15.5053, lr_0 = 6.0339e-08
Loss = 3.1832e-01, PNorm = 98.7281, GNorm = 18.4507, lr_0 = 6.0065e-08
Loss = 3.6105e-01, PNorm = 98.7281, GNorm = 9.1864, lr_0 = 5.9792e-08
Loss = 3.2214e-01, PNorm = 98.7281, GNorm = 4.8534, lr_0 = 5.9521e-08
Loss = 3.6207e-01, PNorm = 98.7281, GNorm = 10.3854, lr_0 = 5.9251e-08
Loss = 3.5258e-01, PNorm = 98.7281, GNorm = 26.0415, lr_0 = 5.8982e-08
Loss = 3.4896e-01, PNorm = 98.7281, GNorm = 25.6457, lr_0 = 5.8714e-08
Loss = 3.0597e-01, PNorm = 98.7281, GNorm = 7.4801, lr_0 = 5.8447e-08
Loss = 3.8920e-01, PNorm = 98.7281, GNorm = 15.6934, lr_0 = 5.8182e-08
Loss = 3.6371e-01, PNorm = 98.7281, GNorm = 3.0251, lr_0 = 5.7918e-08
Loss = 3.1108e-01, PNorm = 98.7281, GNorm = 2.7757, lr_0 = 5.7655e-08
Loss = 3.3080e-01, PNorm = 98.7281, GNorm = 8.9832, lr_0 = 5.7393e-08
Loss = 3.9164e-01, PNorm = 98.7281, GNorm = 8.7966, lr_0 = 5.7133e-08
Loss = 2.9242e-01, PNorm = 98.7281, GNorm = 13.3849, lr_0 = 5.6873e-08
Loss = 2.9154e-01, PNorm = 98.7281, GNorm = 3.6053, lr_0 = 5.6615e-08
Validation rmse = 65.345761
Epoch 42
Loss = 2.9136e-01, PNorm = 98.7281, GNorm = 20.1182, lr_0 = 5.6358e-08
Loss = 3.5836e-01, PNorm = 98.7282, GNorm = 12.2700, lr_0 = 5.6102e-08
Loss = 3.2524e-01, PNorm = 98.7282, GNorm = 24.1878, lr_0 = 5.5847e-08
Loss = 2.9354e-01, PNorm = 98.7282, GNorm = 4.0319, lr_0 = 5.5594e-08
Loss = 3.3976e-01, PNorm = 98.7282, GNorm = 18.7048, lr_0 = 5.5341e-08
Loss = 3.4190e-01, PNorm = 98.7282, GNorm = 5.4843, lr_0 = 5.5090e-08
Loss = 3.5864e-01, PNorm = 98.7282, GNorm = 14.2850, lr_0 = 5.4840e-08
Loss = 3.8359e-01, PNorm = 98.7282, GNorm = 3.4769, lr_0 = 5.4591e-08
Loss = 3.9584e-01, PNorm = 98.7282, GNorm = 21.4161, lr_0 = 5.4343e-08
Loss = 3.5910e-01, PNorm = 98.7282, GNorm = 7.0210, lr_0 = 5.4096e-08
Loss = 3.6019e-01, PNorm = 98.7282, GNorm = 15.1376, lr_0 = 5.3851e-08
Loss = 3.0199e-01, PNorm = 98.7282, GNorm = 3.9799, lr_0 = 5.3606e-08
Loss = 3.5730e-01, PNorm = 98.7282, GNorm = 2.8625, lr_0 = 5.3363e-08
Loss = 3.3218e-01, PNorm = 98.7282, GNorm = 13.0401, lr_0 = 5.3121e-08
Loss = 3.7261e-01, PNorm = 98.7282, GNorm = 4.8630, lr_0 = 5.2880e-08
Loss = 3.2818e-01, PNorm = 98.7282, GNorm = 13.3764, lr_0 = 5.2639e-08
Loss = 2.9759e-01, PNorm = 98.7282, GNorm = 6.8024, lr_0 = 5.2400e-08
Loss = 4.0815e-01, PNorm = 98.7282, GNorm = 7.4518, lr_0 = 5.2163e-08
Loss = 3.4184e-01, PNorm = 98.7282, GNorm = 5.0644, lr_0 = 5.1926e-08
Loss = 3.6042e-01, PNorm = 98.7282, GNorm = 10.4230, lr_0 = 5.1690e-08
Loss = 3.0097e-01, PNorm = 98.7282, GNorm = 12.8624, lr_0 = 5.1455e-08
Loss = 3.3635e-01, PNorm = 98.7282, GNorm = 2.3021, lr_0 = 5.1222e-08
Loss = 2.8761e-01, PNorm = 98.7282, GNorm = 18.6039, lr_0 = 5.0989e-08
Validation rmse = 65.345415
Epoch 43
Loss = 2.2160e-01, PNorm = 98.7282, GNorm = 6.9220, lr_0 = 5.0735e-08
Loss = 3.5148e-01, PNorm = 98.7282, GNorm = 4.9650, lr_0 = 5.0504e-08
Loss = 3.0071e-01, PNorm = 98.7282, GNorm = 6.5650, lr_0 = 5.0275e-08
Loss = 3.6651e-01, PNorm = 98.7282, GNorm = 4.2252, lr_0 = 5.0047e-08
Loss = 3.2205e-01, PNorm = 98.7282, GNorm = 13.1246, lr_0 = 4.9819e-08
Loss = 3.0807e-01, PNorm = 98.7282, GNorm = 9.8045, lr_0 = 4.9593e-08
Loss = 3.8604e-01, PNorm = 98.7282, GNorm = 5.3383, lr_0 = 4.9368e-08
Loss = 3.2156e-01, PNorm = 98.7282, GNorm = 18.3956, lr_0 = 4.9144e-08
Loss = 3.1128e-01, PNorm = 98.7282, GNorm = 11.0951, lr_0 = 4.8921e-08
Loss = 3.5331e-01, PNorm = 98.7282, GNorm = 5.1502, lr_0 = 4.8699e-08
Loss = 3.2649e-01, PNorm = 98.7282, GNorm = 14.8541, lr_0 = 4.8478e-08
Loss = 4.0695e-01, PNorm = 98.7282, GNorm = 13.0976, lr_0 = 4.8258e-08
Loss = 3.0899e-01, PNorm = 98.7282, GNorm = 7.9329, lr_0 = 4.8038e-08
Loss = 3.5682e-01, PNorm = 98.7282, GNorm = 21.1511, lr_0 = 4.7820e-08
Loss = 3.9339e-01, PNorm = 98.7282, GNorm = 4.1474, lr_0 = 4.7603e-08
Loss = 3.6758e-01, PNorm = 98.7282, GNorm = 21.9613, lr_0 = 4.7387e-08
Loss = 3.2750e-01, PNorm = 98.7282, GNorm = 18.3256, lr_0 = 4.7172e-08
Loss = 3.2891e-01, PNorm = 98.7282, GNorm = 3.1248, lr_0 = 4.6958e-08
Loss = 3.3016e-01, PNorm = 98.7282, GNorm = 3.2813, lr_0 = 4.6745e-08
Loss = 3.3362e-01, PNorm = 98.7282, GNorm = 25.2612, lr_0 = 4.6532e-08
Loss = 4.0011e-01, PNorm = 98.7282, GNorm = 42.7502, lr_0 = 4.6321e-08
Loss = 3.1343e-01, PNorm = 98.7283, GNorm = 3.4910, lr_0 = 4.6111e-08
Loss = 3.2248e-01, PNorm = 98.7283, GNorm = 5.7372, lr_0 = 4.5901e-08
Loss = 3.6336e-01, PNorm = 98.7283, GNorm = 11.4938, lr_0 = 4.5693e-08
Validation rmse = 65.365440
Epoch 44
Loss = 3.1950e-01, PNorm = 98.7283, GNorm = 3.4713, lr_0 = 4.5465e-08
Loss = 3.3905e-01, PNorm = 98.7283, GNorm = 30.4788, lr_0 = 4.5259e-08
Loss = 3.2494e-01, PNorm = 98.7283, GNorm = 11.0382, lr_0 = 4.5053e-08
Loss = 3.1774e-01, PNorm = 98.7283, GNorm = 2.6911, lr_0 = 4.4848e-08
Loss = 3.5226e-01, PNorm = 98.7283, GNorm = 5.0216, lr_0 = 4.4645e-08
Loss = 2.8436e-01, PNorm = 98.7283, GNorm = 9.9912, lr_0 = 4.4442e-08
Loss = 3.6990e-01, PNorm = 98.7283, GNorm = 15.2343, lr_0 = 4.4240e-08
Loss = 3.2697e-01, PNorm = 98.7283, GNorm = 5.8440, lr_0 = 4.4040e-08
Loss = 3.9568e-01, PNorm = 98.7283, GNorm = 25.2484, lr_0 = 4.3840e-08
Loss = 4.1904e-01, PNorm = 98.7283, GNorm = 2.9034, lr_0 = 4.3641e-08
Loss = 3.7838e-01, PNorm = 98.7283, GNorm = 38.4587, lr_0 = 4.3442e-08
Loss = 3.0991e-01, PNorm = 98.7283, GNorm = 17.7158, lr_0 = 4.3245e-08
Loss = 3.4850e-01, PNorm = 98.7283, GNorm = 4.1976, lr_0 = 4.3049e-08
Loss = 3.4624e-01, PNorm = 98.7283, GNorm = 3.1862, lr_0 = 4.2853e-08
Loss = 3.2904e-01, PNorm = 98.7283, GNorm = 5.3791, lr_0 = 4.2659e-08
Loss = 3.4397e-01, PNorm = 98.7283, GNorm = 50.4229, lr_0 = 4.2465e-08
Loss = 3.1680e-01, PNorm = 98.7283, GNorm = 2.9227, lr_0 = 4.2272e-08
Loss = 3.8289e-01, PNorm = 98.7283, GNorm = 9.4934, lr_0 = 4.2080e-08
Loss = 4.0901e-01, PNorm = 98.7283, GNorm = 11.7921, lr_0 = 4.1889e-08
Loss = 2.8852e-01, PNorm = 98.7283, GNorm = 6.2856, lr_0 = 4.1699e-08
Loss = 3.0738e-01, PNorm = 98.7283, GNorm = 12.4751, lr_0 = 4.1510e-08
Loss = 2.8883e-01, PNorm = 98.7283, GNorm = 2.2910, lr_0 = 4.1321e-08
Loss = 3.4579e-01, PNorm = 98.7283, GNorm = 32.0051, lr_0 = 4.1134e-08
Validation rmse = 65.318916
Epoch 45
Loss = 3.7136e-01, PNorm = 98.7283, GNorm = 12.3012, lr_0 = 4.0947e-08
Loss = 3.3865e-01, PNorm = 98.7283, GNorm = 12.1534, lr_0 = 4.0761e-08
Loss = 3.0306e-01, PNorm = 98.7283, GNorm = 4.1976, lr_0 = 4.0576e-08
Loss = 3.2456e-01, PNorm = 98.7283, GNorm = 5.5746, lr_0 = 4.0392e-08
Loss = 3.7872e-01, PNorm = 98.7283, GNorm = 36.2777, lr_0 = 4.0208e-08
Loss = 3.2556e-01, PNorm = 98.7283, GNorm = 16.8285, lr_0 = 4.0026e-08
Loss = 2.7412e-01, PNorm = 98.7283, GNorm = 8.7933, lr_0 = 3.9844e-08
Loss = 3.3272e-01, PNorm = 98.7283, GNorm = 3.8571, lr_0 = 3.9663e-08
Loss = 3.5179e-01, PNorm = 98.7283, GNorm = 5.3655, lr_0 = 3.9483e-08
Loss = 3.0107e-01, PNorm = 98.7283, GNorm = 13.4310, lr_0 = 3.9304e-08
Loss = 3.5656e-01, PNorm = 98.7283, GNorm = 13.2468, lr_0 = 3.9126e-08
Loss = 3.7071e-01, PNorm = 98.7283, GNorm = 4.8392, lr_0 = 3.8948e-08
Loss = 3.0051e-01, PNorm = 98.7283, GNorm = 17.6973, lr_0 = 3.8771e-08
Loss = 3.6820e-01, PNorm = 98.7283, GNorm = 5.5277, lr_0 = 3.8595e-08
Loss = 3.8331e-01, PNorm = 98.7283, GNorm = 36.5408, lr_0 = 3.8420e-08
Loss = 2.8905e-01, PNorm = 98.7283, GNorm = 14.2707, lr_0 = 3.8245e-08
Loss = 2.9798e-01, PNorm = 98.7283, GNorm = 6.3033, lr_0 = 3.8072e-08
Loss = 3.3490e-01, PNorm = 98.7283, GNorm = 2.9996, lr_0 = 3.7899e-08
Loss = 3.5703e-01, PNorm = 98.7283, GNorm = 9.3505, lr_0 = 3.7727e-08
Loss = 3.3046e-01, PNorm = 98.7283, GNorm = 5.7442, lr_0 = 3.7556e-08
Loss = 3.4249e-01, PNorm = 98.7283, GNorm = 5.2694, lr_0 = 3.7385e-08
Loss = 3.4029e-01, PNorm = 98.7283, GNorm = 13.9991, lr_0 = 3.7215e-08
Loss = 4.4031e-01, PNorm = 98.7283, GNorm = 3.6382, lr_0 = 3.7046e-08
Validation rmse = 65.348896
Epoch 46
Loss = 2.8960e-01, PNorm = 98.7283, GNorm = 3.1053, lr_0 = 3.6861e-08
Loss = 2.6879e-01, PNorm = 98.7283, GNorm = 8.0915, lr_0 = 3.6694e-08
Loss = 3.4078e-01, PNorm = 98.7283, GNorm = 15.9663, lr_0 = 3.6527e-08
Loss = 3.1536e-01, PNorm = 98.7283, GNorm = 8.6623, lr_0 = 3.6362e-08
Loss = 3.2130e-01, PNorm = 98.7284, GNorm = 7.8503, lr_0 = 3.6196e-08
Loss = 3.3918e-01, PNorm = 98.7284, GNorm = 10.9965, lr_0 = 3.6032e-08
Loss = 3.3117e-01, PNorm = 98.7284, GNorm = 4.8881, lr_0 = 3.5869e-08
Loss = 3.8612e-01, PNorm = 98.7284, GNorm = 7.5812, lr_0 = 3.5706e-08
Loss = 3.2667e-01, PNorm = 98.7284, GNorm = 3.7983, lr_0 = 3.5544e-08
Loss = 3.4482e-01, PNorm = 98.7284, GNorm = 13.3829, lr_0 = 3.5382e-08
Loss = 3.8205e-01, PNorm = 98.7284, GNorm = 12.2937, lr_0 = 3.5222e-08
Loss = 3.7314e-01, PNorm = 98.7284, GNorm = 3.8509, lr_0 = 3.5062e-08
Loss = 3.2914e-01, PNorm = 98.7284, GNorm = 7.2382, lr_0 = 3.4902e-08
Loss = 3.3482e-01, PNorm = 98.7284, GNorm = 14.3837, lr_0 = 3.4744e-08
Loss = 3.5850e-01, PNorm = 98.7284, GNorm = 3.9485, lr_0 = 3.4586e-08
Loss = 3.3278e-01, PNorm = 98.7284, GNorm = 4.8637, lr_0 = 3.4429e-08
Loss = 3.1403e-01, PNorm = 98.7284, GNorm = 4.6553, lr_0 = 3.4273e-08
Loss = 3.5925e-01, PNorm = 98.7284, GNorm = 9.2676, lr_0 = 3.4117e-08
Loss = 3.8316e-01, PNorm = 98.7284, GNorm = 18.0100, lr_0 = 3.3962e-08
Loss = 3.3210e-01, PNorm = 98.7284, GNorm = 19.6659, lr_0 = 3.3808e-08
Loss = 3.3302e-01, PNorm = 98.7284, GNorm = 6.2695, lr_0 = 3.3655e-08
Loss = 3.5422e-01, PNorm = 98.7284, GNorm = 5.6963, lr_0 = 3.3502e-08
Loss = 3.4487e-01, PNorm = 98.7284, GNorm = 8.8429, lr_0 = 3.3350e-08
Validation rmse = 65.324709
Epoch 47
Loss = 3.2139e-01, PNorm = 98.7284, GNorm = 14.0026, lr_0 = 3.3183e-08
Loss = 3.3958e-01, PNorm = 98.7284, GNorm = 13.0536, lr_0 = 3.3033e-08
Loss = 2.9270e-01, PNorm = 98.7284, GNorm = 3.4552, lr_0 = 3.2883e-08
Loss = 3.4106e-01, PNorm = 98.7284, GNorm = 16.1679, lr_0 = 3.2733e-08
Loss = 3.4261e-01, PNorm = 98.7284, GNorm = 8.0291, lr_0 = 3.2585e-08
Loss = 3.4300e-01, PNorm = 98.7284, GNorm = 14.7850, lr_0 = 3.2437e-08
Loss = 4.1372e-01, PNorm = 98.7284, GNorm = 23.6593, lr_0 = 3.2290e-08
Loss = 3.7778e-01, PNorm = 98.7284, GNorm = 7.5833, lr_0 = 3.2143e-08
Loss = 2.8838e-01, PNorm = 98.7284, GNorm = 4.3428, lr_0 = 3.1997e-08
Loss = 3.9095e-01, PNorm = 98.7284, GNorm = 13.8660, lr_0 = 3.1852e-08
Loss = 3.4584e-01, PNorm = 98.7284, GNorm = 8.6185, lr_0 = 3.1707e-08
Loss = 3.6482e-01, PNorm = 98.7284, GNorm = 4.4391, lr_0 = 3.1563e-08
Loss = 3.7670e-01, PNorm = 98.7284, GNorm = 8.6941, lr_0 = 3.1420e-08
Loss = 3.2807e-01, PNorm = 98.7284, GNorm = 25.8134, lr_0 = 3.1277e-08
Loss = 3.6071e-01, PNorm = 98.7284, GNorm = 19.0710, lr_0 = 3.1135e-08
Loss = 3.1133e-01, PNorm = 98.7284, GNorm = 21.9279, lr_0 = 3.0994e-08
Loss = 3.1897e-01, PNorm = 98.7284, GNorm = 21.0706, lr_0 = 3.0853e-08
Loss = 2.7615e-01, PNorm = 98.7284, GNorm = 2.8068, lr_0 = 3.0713e-08
Loss = 3.4004e-01, PNorm = 98.7284, GNorm = 17.2727, lr_0 = 3.0574e-08
Loss = 4.2600e-01, PNorm = 98.7284, GNorm = 3.7810, lr_0 = 3.0435e-08
Loss = 3.6376e-01, PNorm = 98.7284, GNorm = 7.5097, lr_0 = 3.0297e-08
Loss = 3.4468e-01, PNorm = 98.7284, GNorm = 12.0555, lr_0 = 3.0159e-08
Loss = 3.2117e-01, PNorm = 98.7284, GNorm = 6.6467, lr_0 = 3.0022e-08
Loss = 3.3552e-01, PNorm = 98.7284, GNorm = 2.3812, lr_0 = 2.9886e-08
Validation rmse = 65.314241
Epoch 48
Loss = 3.3791e-01, PNorm = 98.7284, GNorm = 23.3322, lr_0 = 2.9750e-08
Loss = 3.3836e-01, PNorm = 98.7284, GNorm = 4.6708, lr_0 = 2.9615e-08
Loss = 3.8178e-01, PNorm = 98.7284, GNorm = 14.5534, lr_0 = 2.9481e-08
Loss = 3.1545e-01, PNorm = 98.7284, GNorm = 6.5126, lr_0 = 2.9347e-08
Loss = 3.7970e-01, PNorm = 98.7284, GNorm = 5.4224, lr_0 = 2.9214e-08
Loss = 4.3557e-01, PNorm = 98.7284, GNorm = 7.7072, lr_0 = 2.9081e-08
Loss = 3.2342e-01, PNorm = 98.7284, GNorm = 6.6291, lr_0 = 2.8949e-08
Loss = 3.2319e-01, PNorm = 98.7284, GNorm = 5.9173, lr_0 = 2.8818e-08
Loss = 3.8014e-01, PNorm = 98.7284, GNorm = 19.1777, lr_0 = 2.8687e-08
Loss = 2.8767e-01, PNorm = 98.7284, GNorm = 8.2484, lr_0 = 2.8556e-08
Loss = 3.4744e-01, PNorm = 98.7284, GNorm = 11.6422, lr_0 = 2.8427e-08
Loss = 3.3353e-01, PNorm = 98.7284, GNorm = 13.1904, lr_0 = 2.8298e-08
Loss = 3.5894e-01, PNorm = 98.7284, GNorm = 4.4253, lr_0 = 2.8169e-08
Loss = 2.9967e-01, PNorm = 98.7284, GNorm = 5.4137, lr_0 = 2.8041e-08
Loss = 3.4840e-01, PNorm = 98.7284, GNorm = 12.4178, lr_0 = 2.7914e-08
Loss = 3.6476e-01, PNorm = 98.7284, GNorm = 16.7128, lr_0 = 2.7787e-08
Loss = 2.8504e-01, PNorm = 98.7284, GNorm = 2.9683, lr_0 = 2.7661e-08
Loss = 3.0975e-01, PNorm = 98.7284, GNorm = 3.9047, lr_0 = 2.7536e-08
Loss = 3.3134e-01, PNorm = 98.7284, GNorm = 14.0280, lr_0 = 2.7411e-08
Loss = 4.0344e-01, PNorm = 98.7284, GNorm = 21.7704, lr_0 = 2.7286e-08
Loss = 3.1095e-01, PNorm = 98.7284, GNorm = 11.3491, lr_0 = 2.7162e-08
Loss = 3.2337e-01, PNorm = 98.7284, GNorm = 7.5558, lr_0 = 2.7039e-08
Loss = 3.6885e-01, PNorm = 98.7285, GNorm = 12.7956, lr_0 = 2.6916e-08
Validation rmse = 65.305820
Epoch 49
Loss = 3.5578e-01, PNorm = 98.7285, GNorm = 4.6476, lr_0 = 2.6782e-08
Loss = 3.4488e-01, PNorm = 98.7285, GNorm = 4.9130, lr_0 = 2.6660e-08
Loss = 2.4914e-01, PNorm = 98.7285, GNorm = 2.9069, lr_0 = 2.6539e-08
Loss = 3.5864e-01, PNorm = 98.7285, GNorm = 4.9818, lr_0 = 2.6419e-08
Loss = 3.7122e-01, PNorm = 98.7285, GNorm = 21.3846, lr_0 = 2.6299e-08
Loss = 3.8494e-01, PNorm = 98.7285, GNorm = 19.6347, lr_0 = 2.6179e-08
Loss = 3.0698e-01, PNorm = 98.7285, GNorm = 10.4499, lr_0 = 2.6060e-08
Loss = 3.7372e-01, PNorm = 98.7285, GNorm = 16.0115, lr_0 = 2.5942e-08
Loss = 3.8476e-01, PNorm = 98.7285, GNorm = 19.6113, lr_0 = 2.5824e-08
Loss = 3.3867e-01, PNorm = 98.7285, GNorm = 13.8393, lr_0 = 2.5707e-08
Loss = 3.2510e-01, PNorm = 98.7285, GNorm = 3.6740, lr_0 = 2.5590e-08
Loss = 3.6820e-01, PNorm = 98.7285, GNorm = 13.2382, lr_0 = 2.5474e-08
Loss = 3.6580e-01, PNorm = 98.7285, GNorm = 20.6874, lr_0 = 2.5359e-08
Loss = 3.4256e-01, PNorm = 98.7285, GNorm = 15.6808, lr_0 = 2.5243e-08
Loss = 3.7090e-01, PNorm = 98.7285, GNorm = 19.1028, lr_0 = 2.5129e-08
Loss = 2.9852e-01, PNorm = 98.7285, GNorm = 10.4493, lr_0 = 2.5015e-08
Loss = 3.7614e-01, PNorm = 98.7285, GNorm = 4.8490, lr_0 = 2.4901e-08
Loss = 3.4702e-01, PNorm = 98.7285, GNorm = 9.8536, lr_0 = 2.4788e-08
Loss = 3.3387e-01, PNorm = 98.7285, GNorm = 8.2108, lr_0 = 2.4732e-08
Loss = 2.8257e-01, PNorm = 98.7285, GNorm = 16.4034, lr_0 = 2.4732e-08
Loss = 3.9421e-01, PNorm = 98.7285, GNorm = 14.2004, lr_0 = 2.4732e-08
Loss = 3.1380e-01, PNorm = 98.7285, GNorm = 6.8195, lr_0 = 2.4732e-08
Loss = 3.1942e-01, PNorm = 98.7285, GNorm = 6.2574, lr_0 = 2.4732e-08
Validation rmse = 65.304875
Model 0 best validation rmse = 65.304875 on epoch 49
Loading pretrained parameter "encoder.encoder.0.cached_zero_vector".
Loading pretrained parameter "encoder.encoder.0.W_i.weight".
Loading pretrained parameter "encoder.encoder.0.W_h.weight".
Loading pretrained parameter "encoder.encoder.0.W_o.weight".
Loading pretrained parameter "encoder.encoder.0.W_o.bias".
Loading pretrained parameter "encoder.encoder.1.cached_zero_vector".
Loading pretrained parameter "encoder.encoder.1.W_i.weight".
Loading pretrained parameter "encoder.encoder.1.W_h.weight".
Loading pretrained parameter "encoder.encoder.1.W_o.weight".
Loading pretrained parameter "encoder.encoder.1.W_o.bias".
Loading pretrained parameter "ffn.1.weight".
Loading pretrained parameter "ffn.1.bias".
Loading pretrained parameter "ffn.4.weight".
Loading pretrained parameter "ffn.4.bias".
Moving model to cuda
Model 0 test rmse = 56.681683
Ensemble test rmse = 56.681683
1-fold cross validation
	Seed 0 ==> test rmse = 56.681683
Overall test rmse = 56.681683 +/- 0.000000
Elapsed time = 0:40:58
