Command line
python /home/kpg/chemprop/train.py --data_path ../../../data/splits/lambda_max_abs/deep4chem/group_by_smiles/smiles_target_train.csv --dataset_type regression --save_dir /home/kimele03/uvvisml/uvvisml/models/multitask_peak_stats_checkpoints/random/results/507326/49670594 --config_path /home/kimele03/uvvisml/uvvisml/models/multitask_peak_stats_checkpoints/random/results/507326/49670594/hyperopt.json --metric rmse --epochs 50 --gpu 0 --ensemble_size 1 --separate_val_path ../../../data/splits/lambda_max_abs/deep4chem/group_by_smiles/smiles_target_val.csv --separate_test_path ../../../data/splits/lambda_max_abs/deep4chem/group_by_smiles/smiles_target_test.csv --number_of_molecules 2
Args
{'activation': 'ReLU',
 'aggregation': 'mean',
 'aggregation_norm': 100,
 'atom_descriptor_scaling': True,
 'atom_descriptors': None,
 'atom_descriptors_path': None,
 'atom_descriptors_size': 0,
 'atom_features_size': 0,
 'atom_messages': False,
 'batch_size': 53,
 'bias': False,
 'bond_feature_scaling': True,
 'bond_features_path': None,
 'bond_features_size': 0,
 'cache_cutoff': 10000,
 'checkpoint_dir': None,
 'checkpoint_frzn': None,
 'checkpoint_path': None,
 'checkpoint_paths': None,
 'class_balance': False,
 'config_path': '/home/kimele03/uvvisml/uvvisml/models/multitask_peak_stats_checkpoints/random/results/507326/49670594/hyperopt.json',
 'crossval_index_dir': None,
 'crossval_index_file': None,
 'crossval_index_sets': None,
 'cuda': True,
 'data_path': '../../../data/splits/lambda_max_abs/deep4chem/group_by_smiles/smiles_target_train.csv',
 'data_weights_path': None,
 'dataset_type': 'regression',
 'depth': 5,
 'device': device(type='cuda', index=0),
 'dropout': 0.0,
 'empty_cache': False,
 'ensemble_size': 1,
 'epochs': 50,
 'explicit_h': False,
 'extra_metrics': [],
 'features_generator': None,
 'features_only': False,
 'features_path': None,
 'features_scaling': True,
 'features_size': None,
 'ffn_hidden_size': 302,
 'ffn_num_layers': 3,
 'final_lr': 4.233877806718016e-06,
 'folds_file': None,
 'freeze_first_only': False,
 'frzn_ffn_layers': 0,
 'gpu': 0,
 'grad_clip': None,
 'hidden_size': 1039,
 'ignore_columns': None,
 'init_lr': 5.045164004192246e-07,
 'log_frequency': 10,
 'max_data_size': None,
 'max_lr': 0.0002197796933241957,
 'metric': 'rmse',
 'metrics': ['rmse'],
 'minimize_score': True,
 'mpn_shared': False,
 'multiclass_num_classes': 3,
 'no_atom_descriptor_scaling': False,
 'no_bond_features_scaling': False,
 'no_cache_mol': False,
 'no_cuda': False,
 'no_features_scaling': False,
 'num_folds': 1,
 'num_lrs': 1,
 'num_tasks': 1,
 'num_workers': 8,
 'number_of_molecules': 2,
 'overwrite_default_atom_features': False,
 'overwrite_default_bond_features': False,
 'pytorch_seed': 0,
 'quiet': False,
 'reaction': False,
 'reaction_mode': 'reac_diff',
 'resume_experiment': False,
 'save_dir': '/home/kimele03/uvvisml/uvvisml/models/multitask_peak_stats_checkpoints/random/results/507326/49670594',
 'save_preds': False,
 'save_smiles_splits': False,
 'seed': 0,
 'separate_test_atom_descriptors_path': None,
 'separate_test_bond_features_path': None,
 'separate_test_features_path': None,
 'separate_test_path': '../../../data/splits/lambda_max_abs/deep4chem/group_by_smiles/smiles_target_test.csv',
 'separate_val_atom_descriptors_path': None,
 'separate_val_bond_features_path': None,
 'separate_val_features_path': None,
 'separate_val_path': '../../../data/splits/lambda_max_abs/deep4chem/group_by_smiles/smiles_target_val.csv',
 'show_individual_scores': False,
 'smiles_columns': ['smiles', 'solvent'],
 'split_sizes': (0.8, 0.1, 0.1),
 'split_type': 'random',
 'target_columns': None,
 'target_weights': None,
 'task_names': ['peakwavs_max'],
 'test': False,
 'test_fold_index': None,
 'train_data_size': None,
 'undirected': False,
 'use_input_features': False,
 'val_fold_index': None,
 'warmup_epochs': 3}
Loading data
Number of tasks = 1
Fold 0
Splitting data with seed 0
Total size = 13,242 | train size = 13,242 | val size = 1,633 | test size = 1,710
Fitting scaler
Building model 0
MoleculeModel(
  (encoder): MPN(
    (encoder): ModuleList(
      (0): MPNEncoder(
        (dropout_layer): Dropout(p=0.0, inplace=False)
        (act_func): ReLU()
        (W_i): Linear(in_features=147, out_features=1039, bias=False)
        (W_h): Linear(in_features=1039, out_features=1039, bias=False)
        (W_o): Linear(in_features=1172, out_features=1039, bias=True)
      )
      (1): MPNEncoder(
        (dropout_layer): Dropout(p=0.0, inplace=False)
        (act_func): ReLU()
        (W_i): Linear(in_features=147, out_features=1039, bias=False)
        (W_h): Linear(in_features=1039, out_features=1039, bias=False)
        (W_o): Linear(in_features=1172, out_features=1039, bias=True)
      )
    )
  )
  (ffn): Sequential(
    (0): Dropout(p=0.0, inplace=False)
    (1): Linear(in_features=2078, out_features=302, bias=True)
    (2): ReLU()
    (3): Dropout(p=0.0, inplace=False)
    (4): Linear(in_features=302, out_features=302, bias=True)
    (5): ReLU()
    (6): Dropout(p=0.0, inplace=False)
    (7): Linear(in_features=302, out_features=1, bias=True)
  )
)
Number of parameters = 5,623,747
Moving model to cuda
Epoch 0
Loss = 1.2738e+00, PNorm = 75.0225, GNorm = 2.6466, lr_0 = 3.7335e-06
Loss = 9.0153e-01, PNorm = 75.0225, GNorm = 4.7089, lr_0 = 6.6689e-06
Loss = 8.6909e-01, PNorm = 75.0226, GNorm = 3.7889, lr_0 = 9.6043e-06
Loss = 8.7631e-01, PNorm = 75.0228, GNorm = 2.6163, lr_0 = 1.2540e-05
Loss = 1.0368e+00, PNorm = 75.0232, GNorm = 3.5114, lr_0 = 1.5475e-05
Loss = 9.6098e-01, PNorm = 75.0236, GNorm = 5.4561, lr_0 = 1.8411e-05
Loss = 8.2147e-01, PNorm = 75.0243, GNorm = 2.5151, lr_0 = 2.1346e-05
Loss = 7.6475e-01, PNorm = 75.0252, GNorm = 3.3141, lr_0 = 2.4281e-05
Loss = 6.1763e-01, PNorm = 75.0263, GNorm = 2.5087, lr_0 = 2.7217e-05
Loss = 7.1125e-01, PNorm = 75.0275, GNorm = 6.2421, lr_0 = 3.0152e-05
Loss = 8.1905e-01, PNorm = 75.0288, GNorm = 5.7076, lr_0 = 3.3088e-05
Loss = 7.2482e-01, PNorm = 75.0305, GNorm = 9.3026, lr_0 = 3.6023e-05
Loss = 7.3451e-01, PNorm = 75.0324, GNorm = 8.1476, lr_0 = 3.8958e-05
Loss = 6.6555e-01, PNorm = 75.0353, GNorm = 3.5077, lr_0 = 4.1894e-05
Loss = 5.9585e-01, PNorm = 75.0382, GNorm = 2.2882, lr_0 = 4.4829e-05
Loss = 6.0259e-01, PNorm = 75.0422, GNorm = 16.5278, lr_0 = 4.7765e-05
Loss = 5.5242e-01, PNorm = 75.0448, GNorm = 7.0182, lr_0 = 5.0700e-05
Loss = 6.6425e-01, PNorm = 75.0481, GNorm = 13.6265, lr_0 = 5.3635e-05
Loss = 6.0119e-01, PNorm = 75.0519, GNorm = 6.9615, lr_0 = 5.6571e-05
Loss = 5.7385e-01, PNorm = 75.0553, GNorm = 3.4967, lr_0 = 5.9506e-05
Loss = 5.3730e-01, PNorm = 75.0591, GNorm = 5.2663, lr_0 = 6.2442e-05
Loss = 5.6645e-01, PNorm = 75.0630, GNorm = 27.9853, lr_0 = 6.5377e-05
Loss = 6.2425e-01, PNorm = 75.0674, GNorm = 33.6667, lr_0 = 6.8313e-05
Loss = 4.2811e-01, PNorm = 75.0709, GNorm = 8.4626, lr_0 = 7.1248e-05
Validation rmse = 80.425436
Epoch 1
Loss = 5.0573e-01, PNorm = 75.0753, GNorm = 19.9750, lr_0 = 7.4477e-05
Loss = 4.4292e-01, PNorm = 75.0802, GNorm = 8.7758, lr_0 = 7.7412e-05
Loss = 4.7768e-01, PNorm = 75.0856, GNorm = 23.8538, lr_0 = 8.0348e-05
Loss = 4.6612e-01, PNorm = 75.0911, GNorm = 23.1207, lr_0 = 8.3283e-05
Loss = 5.1545e-01, PNorm = 75.0969, GNorm = 30.2740, lr_0 = 8.6219e-05
Loss = 5.2826e-01, PNorm = 75.1030, GNorm = 19.3932, lr_0 = 8.9154e-05
Loss = 4.8825e-01, PNorm = 75.1089, GNorm = 25.2820, lr_0 = 9.2089e-05
Loss = 4.3715e-01, PNorm = 75.1160, GNorm = 4.1308, lr_0 = 9.5025e-05
Loss = 3.2200e-01, PNorm = 75.1228, GNorm = 2.0593, lr_0 = 9.7960e-05
Loss = 4.3281e-01, PNorm = 75.1283, GNorm = 12.1382, lr_0 = 1.0090e-04
Loss = 3.6469e-01, PNorm = 75.1346, GNorm = 26.2368, lr_0 = 1.0383e-04
Loss = 3.5036e-01, PNorm = 75.1402, GNorm = 6.1631, lr_0 = 1.0677e-04
Loss = 4.1095e-01, PNorm = 75.1466, GNorm = 22.0243, lr_0 = 1.0970e-04
Loss = 4.3419e-01, PNorm = 75.1539, GNorm = 30.6135, lr_0 = 1.1264e-04
Loss = 4.7831e-01, PNorm = 75.1613, GNorm = 9.3568, lr_0 = 1.1557e-04
Loss = 5.7091e-01, PNorm = 75.1706, GNorm = 23.3341, lr_0 = 1.1851e-04
Loss = 3.6709e-01, PNorm = 75.1813, GNorm = 11.6835, lr_0 = 1.2144e-04
Loss = 3.7763e-01, PNorm = 75.1907, GNorm = 17.2920, lr_0 = 1.2438e-04
Loss = 3.8845e-01, PNorm = 75.1989, GNorm = 6.1369, lr_0 = 1.2731e-04
Loss = 4.2115e-01, PNorm = 75.2062, GNorm = 12.5534, lr_0 = 1.3025e-04
Loss = 3.4598e-01, PNorm = 75.2140, GNorm = 8.0246, lr_0 = 1.3319e-04
Loss = 3.0789e-01, PNorm = 75.2219, GNorm = 16.0828, lr_0 = 1.3612e-04
Loss = 4.2810e-01, PNorm = 75.2301, GNorm = 16.1001, lr_0 = 1.3906e-04
Loss = 3.4949e-01, PNorm = 75.2400, GNorm = 8.9862, lr_0 = 1.4199e-04
Loss = 3.4815e-01, PNorm = 75.2495, GNorm = 11.2502, lr_0 = 1.4493e-04
Validation rmse = 65.904014
Epoch 2
Loss = 2.7473e-01, PNorm = 75.2607, GNorm = 10.2244, lr_0 = 1.4786e-04
Loss = 3.0072e-01, PNorm = 75.2696, GNorm = 1.9620, lr_0 = 1.5080e-04
Loss = 2.6699e-01, PNorm = 75.2799, GNorm = 23.8928, lr_0 = 1.5373e-04
Loss = 2.7378e-01, PNorm = 75.2879, GNorm = 5.8100, lr_0 = 1.5667e-04
Loss = 2.3525e-01, PNorm = 75.2958, GNorm = 5.7441, lr_0 = 1.5960e-04
Loss = 2.4990e-01, PNorm = 75.3038, GNorm = 13.3485, lr_0 = 1.6254e-04
Loss = 3.5256e-01, PNorm = 75.3114, GNorm = 11.0831, lr_0 = 1.6547e-04
Loss = 3.4229e-01, PNorm = 75.3215, GNorm = 9.9626, lr_0 = 1.6841e-04
Loss = 2.8792e-01, PNorm = 75.3324, GNorm = 12.4566, lr_0 = 1.7135e-04
Loss = 3.6042e-01, PNorm = 75.3406, GNorm = 11.6086, lr_0 = 1.7428e-04
Loss = 2.8364e-01, PNorm = 75.3516, GNorm = 2.8555, lr_0 = 1.7722e-04
Loss = 3.5563e-01, PNorm = 75.3649, GNorm = 9.8448, lr_0 = 1.8015e-04
Loss = 2.6383e-01, PNorm = 75.3779, GNorm = 12.2749, lr_0 = 1.8309e-04
Loss = 2.8499e-01, PNorm = 75.3909, GNorm = 8.3867, lr_0 = 1.8602e-04
Loss = 2.7602e-01, PNorm = 75.4060, GNorm = 5.3286, lr_0 = 1.8896e-04
Loss = 2.8662e-01, PNorm = 75.4191, GNorm = 7.0151, lr_0 = 1.9189e-04
Loss = 2.7461e-01, PNorm = 75.4311, GNorm = 4.2084, lr_0 = 1.9483e-04
Loss = 3.0870e-01, PNorm = 75.4427, GNorm = 2.1562, lr_0 = 1.9776e-04
Loss = 3.3754e-01, PNorm = 75.4557, GNorm = 14.3416, lr_0 = 2.0070e-04
Loss = 3.2028e-01, PNorm = 75.4689, GNorm = 10.1438, lr_0 = 2.0363e-04
Loss = 3.6435e-01, PNorm = 75.4864, GNorm = 8.4878, lr_0 = 2.0657e-04
Loss = 2.7110e-01, PNorm = 75.4999, GNorm = 4.8795, lr_0 = 2.0951e-04
Loss = 2.4183e-01, PNorm = 75.5111, GNorm = 10.5122, lr_0 = 2.1244e-04
Loss = 3.0582e-01, PNorm = 75.5235, GNorm = 7.0272, lr_0 = 2.1538e-04
Loss = 2.7067e-01, PNorm = 75.5359, GNorm = 8.3862, lr_0 = 2.1831e-04
Validation rmse = 53.117463
Epoch 3
Loss = 1.9533e-01, PNorm = 75.5494, GNorm = 6.3403, lr_0 = 2.1941e-04
Loss = 1.8822e-01, PNorm = 75.5607, GNorm = 2.0588, lr_0 = 2.1867e-04
Loss = 2.0524e-01, PNorm = 75.5730, GNorm = 3.7826, lr_0 = 2.1793e-04
Loss = 1.8252e-01, PNorm = 75.5841, GNorm = 7.7459, lr_0 = 2.1720e-04
Loss = 2.2402e-01, PNorm = 75.5965, GNorm = 6.8006, lr_0 = 2.1647e-04
Loss = 1.9206e-01, PNorm = 75.6106, GNorm = 5.1586, lr_0 = 2.1574e-04
Loss = 2.2664e-01, PNorm = 75.6227, GNorm = 5.7593, lr_0 = 2.1501e-04
Loss = 2.3069e-01, PNorm = 75.6358, GNorm = 2.6815, lr_0 = 2.1429e-04
Loss = 2.0728e-01, PNorm = 75.6499, GNorm = 2.4716, lr_0 = 2.1356e-04
Loss = 2.0754e-01, PNorm = 75.6632, GNorm = 6.1786, lr_0 = 2.1285e-04
Loss = 1.9855e-01, PNorm = 75.6773, GNorm = 2.3959, lr_0 = 2.1213e-04
Loss = 2.0049e-01, PNorm = 75.6913, GNorm = 5.6940, lr_0 = 2.1141e-04
Loss = 1.8230e-01, PNorm = 75.7075, GNorm = 2.5825, lr_0 = 2.1070e-04
Loss = 1.6606e-01, PNorm = 75.7239, GNorm = 2.4810, lr_0 = 2.0999e-04
Loss = 2.0250e-01, PNorm = 75.7377, GNorm = 2.9749, lr_0 = 2.0928e-04
Loss = 1.5533e-01, PNorm = 75.7531, GNorm = 5.3302, lr_0 = 2.0858e-04
Loss = 2.0185e-01, PNorm = 75.7644, GNorm = 3.8776, lr_0 = 2.0788e-04
Loss = 1.8383e-01, PNorm = 75.7776, GNorm = 4.7302, lr_0 = 2.0718e-04
Loss = 1.7801e-01, PNorm = 75.7867, GNorm = 10.7100, lr_0 = 2.0648e-04
Loss = 1.7750e-01, PNorm = 75.7947, GNorm = 6.8906, lr_0 = 2.0578e-04
Loss = 1.8161e-01, PNorm = 75.8042, GNorm = 4.3955, lr_0 = 2.0509e-04
Loss = 2.1403e-01, PNorm = 75.8165, GNorm = 3.9985, lr_0 = 2.0440e-04
Loss = 1.7925e-01, PNorm = 75.8306, GNorm = 8.1572, lr_0 = 2.0371e-04
Loss = 2.3487e-01, PNorm = 75.8449, GNorm = 11.4481, lr_0 = 2.0302e-04
Loss = 2.3520e-01, PNorm = 75.8599, GNorm = 2.7572, lr_0 = 2.0234e-04
Validation rmse = 49.553657
Epoch 4
Loss = 1.1333e-01, PNorm = 75.8769, GNorm = 2.4102, lr_0 = 2.0166e-04
Loss = 1.9780e-01, PNorm = 75.8927, GNorm = 4.8816, lr_0 = 2.0098e-04
Loss = 1.6571e-01, PNorm = 75.9103, GNorm = 7.0944, lr_0 = 2.0030e-04
Loss = 1.6105e-01, PNorm = 75.9247, GNorm = 6.2141, lr_0 = 1.9963e-04
Loss = 1.5892e-01, PNorm = 75.9369, GNorm = 3.7804, lr_0 = 1.9895e-04
Loss = 1.9671e-01, PNorm = 75.9479, GNorm = 4.6681, lr_0 = 1.9828e-04
Loss = 2.1542e-01, PNorm = 75.9600, GNorm = 3.1200, lr_0 = 1.9761e-04
Loss = 1.5205e-01, PNorm = 75.9729, GNorm = 6.7459, lr_0 = 1.9695e-04
Loss = 2.0658e-01, PNorm = 75.9845, GNorm = 2.3212, lr_0 = 1.9629e-04
Loss = 2.0786e-01, PNorm = 75.9972, GNorm = 3.6035, lr_0 = 1.9562e-04
Loss = 1.7422e-01, PNorm = 76.0087, GNorm = 0.8428, lr_0 = 1.9497e-04
Loss = 1.4593e-01, PNorm = 76.0176, GNorm = 2.2267, lr_0 = 1.9431e-04
Loss = 1.5293e-01, PNorm = 76.0246, GNorm = 3.7298, lr_0 = 1.9365e-04
Loss = 1.2763e-01, PNorm = 76.0338, GNorm = 5.4052, lr_0 = 1.9300e-04
Loss = 1.7478e-01, PNorm = 76.0421, GNorm = 2.0238, lr_0 = 1.9235e-04
Loss = 1.4942e-01, PNorm = 76.0542, GNorm = 1.3379, lr_0 = 1.9170e-04
Loss = 1.6167e-01, PNorm = 76.0649, GNorm = 2.4878, lr_0 = 1.9106e-04
Loss = 1.3128e-01, PNorm = 76.0722, GNorm = 1.5128, lr_0 = 1.9041e-04
Loss = 1.4020e-01, PNorm = 76.0799, GNorm = 4.7930, lr_0 = 1.8977e-04
Loss = 1.1267e-01, PNorm = 76.0886, GNorm = 2.9844, lr_0 = 1.8913e-04
Loss = 1.4115e-01, PNorm = 76.0971, GNorm = 3.2536, lr_0 = 1.8850e-04
Loss = 1.4076e-01, PNorm = 76.1044, GNorm = 3.0234, lr_0 = 1.8786e-04
Loss = 1.2235e-01, PNorm = 76.1136, GNorm = 1.9160, lr_0 = 1.8723e-04
Loss = 1.7210e-01, PNorm = 76.1254, GNorm = 4.5449, lr_0 = 1.8660e-04
Loss = 1.3587e-01, PNorm = 76.1357, GNorm = 3.0583, lr_0 = 1.8597e-04
Validation rmse = 43.851832
Epoch 5
Loss = 1.0936e-01, PNorm = 76.1441, GNorm = 2.1736, lr_0 = 1.8534e-04
Loss = 1.2186e-01, PNorm = 76.1558, GNorm = 1.6787, lr_0 = 1.8472e-04
Loss = 1.4343e-01, PNorm = 76.1653, GNorm = 2.1534, lr_0 = 1.8409e-04
Loss = 1.3395e-01, PNorm = 76.1755, GNorm = 1.5725, lr_0 = 1.8347e-04
Loss = 1.8603e-01, PNorm = 76.1844, GNorm = 5.3721, lr_0 = 1.8286e-04
Loss = 1.7096e-01, PNorm = 76.1943, GNorm = 8.1505, lr_0 = 1.8224e-04
Loss = 1.5165e-01, PNorm = 76.2062, GNorm = 2.8657, lr_0 = 1.8163e-04
Loss = 1.4623e-01, PNorm = 76.2178, GNorm = 1.0322, lr_0 = 1.8101e-04
Loss = 1.3353e-01, PNorm = 76.2286, GNorm = 2.7459, lr_0 = 1.8040e-04
Loss = 1.1622e-01, PNorm = 76.2370, GNorm = 3.2473, lr_0 = 1.7980e-04
Loss = 1.4128e-01, PNorm = 76.2453, GNorm = 2.0783, lr_0 = 1.7919e-04
Loss = 1.1893e-01, PNorm = 76.2537, GNorm = 2.5245, lr_0 = 1.7859e-04
Loss = 1.2586e-01, PNorm = 76.2606, GNorm = 3.6336, lr_0 = 1.7799e-04
Loss = 1.5437e-01, PNorm = 76.2687, GNorm = 2.5875, lr_0 = 1.7739e-04
Loss = 1.1425e-01, PNorm = 76.2765, GNorm = 1.5962, lr_0 = 1.7679e-04
Loss = 1.3563e-01, PNorm = 76.2847, GNorm = 0.9536, lr_0 = 1.7619e-04
Loss = 1.4348e-01, PNorm = 76.2927, GNorm = 1.2285, lr_0 = 1.7560e-04
Loss = 1.2431e-01, PNorm = 76.3000, GNorm = 5.7827, lr_0 = 1.7501e-04
Loss = 1.0871e-01, PNorm = 76.3086, GNorm = 2.0478, lr_0 = 1.7442e-04
Loss = 1.1647e-01, PNorm = 76.3168, GNorm = 4.5578, lr_0 = 1.7383e-04
Loss = 1.4771e-01, PNorm = 76.3256, GNorm = 1.9784, lr_0 = 1.7324e-04
Loss = 1.0482e-01, PNorm = 76.3335, GNorm = 1.7573, lr_0 = 1.7266e-04
Loss = 7.9313e-02, PNorm = 76.3410, GNorm = 1.2193, lr_0 = 1.7208e-04
Loss = 8.7295e-02, PNorm = 76.3473, GNorm = 1.0781, lr_0 = 1.7150e-04
Loss = 1.0642e-01, PNorm = 76.3538, GNorm = 1.4818, lr_0 = 1.7092e-04
Validation rmse = 43.143314
Epoch 6
Loss = 1.1282e-01, PNorm = 76.3598, GNorm = 3.3162, lr_0 = 1.7035e-04
Loss = 1.0468e-01, PNorm = 76.3671, GNorm = 1.2043, lr_0 = 1.6977e-04
Loss = 9.9138e-02, PNorm = 76.3746, GNorm = 3.9971, lr_0 = 1.6920e-04
Loss = 1.0091e-01, PNorm = 76.3805, GNorm = 5.5970, lr_0 = 1.6863e-04
Loss = 1.4284e-01, PNorm = 76.3878, GNorm = 2.6858, lr_0 = 1.6806e-04
Loss = 1.2351e-01, PNorm = 76.3979, GNorm = 2.3271, lr_0 = 1.6750e-04
Loss = 1.0214e-01, PNorm = 76.4080, GNorm = 4.0014, lr_0 = 1.6693e-04
Loss = 1.3889e-01, PNorm = 76.4141, GNorm = 2.2280, lr_0 = 1.6637e-04
Loss = 1.1321e-01, PNorm = 76.4213, GNorm = 0.9741, lr_0 = 1.6581e-04
Loss = 1.0137e-01, PNorm = 76.4269, GNorm = 5.3052, lr_0 = 1.6525e-04
Loss = 9.6746e-02, PNorm = 76.4350, GNorm = 1.5098, lr_0 = 1.6469e-04
Loss = 8.1722e-02, PNorm = 76.4430, GNorm = 2.8231, lr_0 = 1.6414e-04
Loss = 1.0515e-01, PNorm = 76.4511, GNorm = 4.6088, lr_0 = 1.6358e-04
Loss = 1.2027e-01, PNorm = 76.4588, GNorm = 1.4939, lr_0 = 1.6303e-04
Loss = 1.0706e-01, PNorm = 76.4663, GNorm = 1.2176, lr_0 = 1.6248e-04
Loss = 1.0681e-01, PNorm = 76.4741, GNorm = 1.4374, lr_0 = 1.6194e-04
Loss = 9.1931e-02, PNorm = 76.4809, GNorm = 1.3712, lr_0 = 1.6139e-04
Loss = 9.9836e-02, PNorm = 76.4873, GNorm = 1.2581, lr_0 = 1.6085e-04
Loss = 8.4088e-02, PNorm = 76.4941, GNorm = 2.0225, lr_0 = 1.6031e-04
Loss = 9.5452e-02, PNorm = 76.5001, GNorm = 4.1650, lr_0 = 1.5977e-04
Loss = 1.0576e-01, PNorm = 76.5074, GNorm = 2.9121, lr_0 = 1.5923e-04
Loss = 9.0022e-02, PNorm = 76.5145, GNorm = 2.4623, lr_0 = 1.5869e-04
Loss = 9.4004e-02, PNorm = 76.5223, GNorm = 1.5470, lr_0 = 1.5816e-04
Loss = 1.0666e-01, PNorm = 76.5290, GNorm = 2.0794, lr_0 = 1.5762e-04
Loss = 9.5464e-02, PNorm = 76.5340, GNorm = 1.1887, lr_0 = 1.5709e-04
Validation rmse = 42.548523
Epoch 7
Loss = 9.9036e-02, PNorm = 76.5413, GNorm = 0.9520, lr_0 = 1.5651e-04
Loss = 7.0568e-02, PNorm = 76.5477, GNorm = 0.9332, lr_0 = 1.5598e-04
Loss = 9.2965e-02, PNorm = 76.5549, GNorm = 4.7080, lr_0 = 1.5546e-04
Loss = 9.3189e-02, PNorm = 76.5630, GNorm = 4.3492, lr_0 = 1.5493e-04
Loss = 1.0384e-01, PNorm = 76.5706, GNorm = 3.3265, lr_0 = 1.5441e-04
Loss = 9.2242e-02, PNorm = 76.5760, GNorm = 3.8068, lr_0 = 1.5389e-04
Loss = 8.0344e-02, PNorm = 76.5820, GNorm = 4.9667, lr_0 = 1.5337e-04
Loss = 1.0103e-01, PNorm = 76.5866, GNorm = 2.2526, lr_0 = 1.5286e-04
Loss = 1.0448e-01, PNorm = 76.5919, GNorm = 7.9466, lr_0 = 1.5234e-04
Loss = 1.1073e-01, PNorm = 76.5985, GNorm = 5.2987, lr_0 = 1.5183e-04
Loss = 9.2600e-02, PNorm = 76.6066, GNorm = 3.5930, lr_0 = 1.5132e-04
Loss = 8.2266e-02, PNorm = 76.6129, GNorm = 1.1600, lr_0 = 1.5081e-04
Loss = 8.1093e-02, PNorm = 76.6196, GNorm = 2.1942, lr_0 = 1.5030e-04
Loss = 9.7719e-02, PNorm = 76.6257, GNorm = 2.5911, lr_0 = 1.4979e-04
Loss = 9.6759e-02, PNorm = 76.6328, GNorm = 1.7026, lr_0 = 1.4929e-04
Loss = 9.7536e-02, PNorm = 76.6405, GNorm = 0.9443, lr_0 = 1.4878e-04
Loss = 1.0907e-01, PNorm = 76.6490, GNorm = 5.3945, lr_0 = 1.4828e-04
Loss = 1.1370e-01, PNorm = 76.6572, GNorm = 5.3993, lr_0 = 1.4778e-04
Loss = 1.1984e-01, PNorm = 76.6662, GNorm = 3.5114, lr_0 = 1.4729e-04
Loss = 9.6019e-02, PNorm = 76.6739, GNorm = 1.3565, lr_0 = 1.4679e-04
Loss = 8.2800e-02, PNorm = 76.6809, GNorm = 5.2800, lr_0 = 1.4630e-04
Loss = 7.0659e-02, PNorm = 76.6867, GNorm = 2.7416, lr_0 = 1.4580e-04
Loss = 1.0417e-01, PNorm = 76.6916, GNorm = 2.1896, lr_0 = 1.4531e-04
Loss = 1.0208e-01, PNorm = 76.6995, GNorm = 2.2902, lr_0 = 1.4482e-04
Loss = 7.2470e-02, PNorm = 76.7060, GNorm = 2.6467, lr_0 = 1.4433e-04
Validation rmse = 37.797145
Epoch 8
Loss = 5.4318e-02, PNorm = 76.7114, GNorm = 3.1362, lr_0 = 1.4385e-04
Loss = 7.1135e-02, PNorm = 76.7161, GNorm = 1.4730, lr_0 = 1.4336e-04
Loss = 6.7703e-02, PNorm = 76.7206, GNorm = 1.2001, lr_0 = 1.4288e-04
Loss = 7.3187e-02, PNorm = 76.7243, GNorm = 2.2982, lr_0 = 1.4240e-04
Loss = 8.1988e-02, PNorm = 76.7279, GNorm = 6.1364, lr_0 = 1.4192e-04
Loss = 1.1041e-01, PNorm = 76.7331, GNorm = 4.6349, lr_0 = 1.4144e-04
Loss = 8.6613e-02, PNorm = 76.7391, GNorm = 4.2512, lr_0 = 1.4096e-04
Loss = 7.8131e-02, PNorm = 76.7454, GNorm = 3.8236, lr_0 = 1.4049e-04
Loss = 6.7689e-02, PNorm = 76.7511, GNorm = 2.9130, lr_0 = 1.4002e-04
Loss = 7.0982e-02, PNorm = 76.7564, GNorm = 5.0439, lr_0 = 1.3954e-04
Loss = 7.3547e-02, PNorm = 76.7623, GNorm = 1.6173, lr_0 = 1.3907e-04
Loss = 8.6982e-02, PNorm = 76.7686, GNorm = 1.4143, lr_0 = 1.3861e-04
Loss = 6.6710e-02, PNorm = 76.7739, GNorm = 3.0548, lr_0 = 1.3814e-04
Loss = 6.7496e-02, PNorm = 76.7780, GNorm = 2.6971, lr_0 = 1.3767e-04
Loss = 8.3764e-02, PNorm = 76.7832, GNorm = 1.8667, lr_0 = 1.3721e-04
Loss = 7.2432e-02, PNorm = 76.7874, GNorm = 2.3943, lr_0 = 1.3675e-04
Loss = 7.2305e-02, PNorm = 76.7912, GNorm = 0.9058, lr_0 = 1.3629e-04
Loss = 7.6769e-02, PNorm = 76.7945, GNorm = 2.3037, lr_0 = 1.3583e-04
Loss = 6.7629e-02, PNorm = 76.7986, GNorm = 1.3625, lr_0 = 1.3537e-04
Loss = 8.2762e-02, PNorm = 76.8038, GNorm = 4.8799, lr_0 = 1.3491e-04
Loss = 7.1299e-02, PNorm = 76.8094, GNorm = 4.2862, lr_0 = 1.3446e-04
Loss = 7.0708e-02, PNorm = 76.8140, GNorm = 2.0294, lr_0 = 1.3401e-04
Loss = 7.5204e-02, PNorm = 76.8195, GNorm = 1.8516, lr_0 = 1.3355e-04
Loss = 9.2335e-02, PNorm = 76.8256, GNorm = 2.8658, lr_0 = 1.3310e-04
Loss = 6.3913e-02, PNorm = 76.8303, GNorm = 1.9859, lr_0 = 1.3266e-04
Validation rmse = 36.659257
Epoch 9
Loss = 5.9559e-02, PNorm = 76.8362, GNorm = 1.6160, lr_0 = 1.3221e-04
Loss = 6.9107e-02, PNorm = 76.8416, GNorm = 2.1497, lr_0 = 1.3176e-04
Loss = 5.7149e-02, PNorm = 76.8463, GNorm = 1.5259, lr_0 = 1.3132e-04
Loss = 8.2286e-02, PNorm = 76.8503, GNorm = 2.5820, lr_0 = 1.3088e-04
Loss = 7.0011e-02, PNorm = 76.8556, GNorm = 2.4174, lr_0 = 1.3044e-04
Loss = 7.5840e-02, PNorm = 76.8601, GNorm = 2.1881, lr_0 = 1.3000e-04
Loss = 6.5238e-02, PNorm = 76.8644, GNorm = 2.3401, lr_0 = 1.2956e-04
Loss = 6.1365e-02, PNorm = 76.8705, GNorm = 2.0478, lr_0 = 1.2912e-04
Loss = 8.3088e-02, PNorm = 76.8746, GNorm = 2.3675, lr_0 = 1.2869e-04
Loss = 6.9457e-02, PNorm = 76.8789, GNorm = 1.4390, lr_0 = 1.2825e-04
Loss = 7.0988e-02, PNorm = 76.8831, GNorm = 3.5197, lr_0 = 1.2782e-04
Loss = 7.2770e-02, PNorm = 76.8892, GNorm = 4.3634, lr_0 = 1.2739e-04
Loss = 6.4011e-02, PNorm = 76.8943, GNorm = 1.2042, lr_0 = 1.2696e-04
Loss = 6.3948e-02, PNorm = 76.8991, GNorm = 3.0458, lr_0 = 1.2653e-04
Loss = 7.3789e-02, PNorm = 76.9029, GNorm = 3.7404, lr_0 = 1.2611e-04
Loss = 5.8147e-02, PNorm = 76.9077, GNorm = 2.0555, lr_0 = 1.2568e-04
Loss = 6.1539e-02, PNorm = 76.9123, GNorm = 2.6999, lr_0 = 1.2526e-04
Loss = 5.7393e-02, PNorm = 76.9141, GNorm = 1.2752, lr_0 = 1.2484e-04
Loss = 6.6859e-02, PNorm = 76.9170, GNorm = 2.0606, lr_0 = 1.2442e-04
Loss = 5.9510e-02, PNorm = 76.9205, GNorm = 1.1102, lr_0 = 1.2400e-04
Loss = 7.4193e-02, PNorm = 76.9247, GNorm = 5.2348, lr_0 = 1.2358e-04
Loss = 7.7654e-02, PNorm = 76.9310, GNorm = 5.0972, lr_0 = 1.2316e-04
Loss = 6.7781e-02, PNorm = 76.9375, GNorm = 2.1330, lr_0 = 1.2275e-04
Loss = 6.2879e-02, PNorm = 76.9439, GNorm = 4.5164, lr_0 = 1.2234e-04
Loss = 7.8239e-02, PNorm = 76.9498, GNorm = 5.3968, lr_0 = 1.2192e-04
Validation rmse = 35.700719
Epoch 10
Loss = 6.1631e-02, PNorm = 76.9542, GNorm = 1.6409, lr_0 = 1.2151e-04
Loss = 6.8015e-02, PNorm = 76.9597, GNorm = 3.3579, lr_0 = 1.2110e-04
Loss = 6.2070e-02, PNorm = 76.9654, GNorm = 1.4972, lr_0 = 1.2069e-04
Loss = 6.6266e-02, PNorm = 76.9690, GNorm = 2.1644, lr_0 = 1.2029e-04
Loss = 7.0395e-02, PNorm = 76.9737, GNorm = 2.1945, lr_0 = 1.1988e-04
Loss = 5.0154e-02, PNorm = 76.9770, GNorm = 3.5926, lr_0 = 1.1948e-04
Loss = 5.6413e-02, PNorm = 76.9811, GNorm = 1.8356, lr_0 = 1.1908e-04
Loss = 5.1122e-02, PNorm = 76.9857, GNorm = 2.7850, lr_0 = 1.1868e-04
Loss = 6.2741e-02, PNorm = 76.9901, GNorm = 2.7212, lr_0 = 1.1828e-04
Loss = 7.5318e-02, PNorm = 76.9932, GNorm = 6.4403, lr_0 = 1.1788e-04
Loss = 5.4259e-02, PNorm = 76.9966, GNorm = 2.9708, lr_0 = 1.1748e-04
Loss = 6.5069e-02, PNorm = 77.0005, GNorm = 2.0800, lr_0 = 1.1708e-04
Loss = 7.3661e-02, PNorm = 77.0052, GNorm = 4.0034, lr_0 = 1.1669e-04
Loss = 7.7360e-02, PNorm = 77.0097, GNorm = 2.1293, lr_0 = 1.1630e-04
Loss = 6.2181e-02, PNorm = 77.0139, GNorm = 1.3162, lr_0 = 1.1590e-04
Loss = 5.6554e-02, PNorm = 77.0187, GNorm = 1.6412, lr_0 = 1.1551e-04
Loss = 8.0161e-02, PNorm = 77.0227, GNorm = 4.0837, lr_0 = 1.1512e-04
Loss = 7.0777e-02, PNorm = 77.0278, GNorm = 4.8910, lr_0 = 1.1474e-04
Loss = 7.8008e-02, PNorm = 77.0322, GNorm = 1.3450, lr_0 = 1.1435e-04
Loss = 7.5017e-02, PNorm = 77.0361, GNorm = 1.0408, lr_0 = 1.1397e-04
Loss = 6.4263e-02, PNorm = 77.0415, GNorm = 1.0902, lr_0 = 1.1358e-04
Loss = 7.7440e-02, PNorm = 77.0472, GNorm = 4.6335, lr_0 = 1.1320e-04
Loss = 5.9771e-02, PNorm = 77.0524, GNorm = 2.0289, lr_0 = 1.1282e-04
Loss = 5.6324e-02, PNorm = 77.0565, GNorm = 1.0556, lr_0 = 1.1244e-04
Loss = 5.2735e-02, PNorm = 77.0598, GNorm = 3.6251, lr_0 = 1.1206e-04
Validation rmse = 33.705748
Epoch 11
Loss = 8.3042e-02, PNorm = 77.0621, GNorm = 1.2458, lr_0 = 1.1168e-04
Loss = 5.3967e-02, PNorm = 77.0658, GNorm = 2.3524, lr_0 = 1.1130e-04
Loss = 4.7425e-02, PNorm = 77.0688, GNorm = 1.1065, lr_0 = 1.1093e-04
Loss = 6.5089e-02, PNorm = 77.0723, GNorm = 1.5507, lr_0 = 1.1056e-04
Loss = 5.4469e-02, PNorm = 77.0771, GNorm = 1.1911, lr_0 = 1.1018e-04
Loss = 5.7877e-02, PNorm = 77.0816, GNorm = 2.4040, lr_0 = 1.0981e-04
Loss = 5.4124e-02, PNorm = 77.0855, GNorm = 1.7385, lr_0 = 1.0944e-04
Loss = 4.2816e-02, PNorm = 77.0887, GNorm = 0.7999, lr_0 = 1.0907e-04
Loss = 6.3857e-02, PNorm = 77.0917, GNorm = 3.4975, lr_0 = 1.0871e-04
Loss = 5.3796e-02, PNorm = 77.0960, GNorm = 3.3155, lr_0 = 1.0834e-04
Loss = 5.7245e-02, PNorm = 77.0995, GNorm = 2.5315, lr_0 = 1.0797e-04
Loss = 5.5574e-02, PNorm = 77.1030, GNorm = 3.2507, lr_0 = 1.0761e-04
Loss = 6.6728e-02, PNorm = 77.1055, GNorm = 1.1078, lr_0 = 1.0725e-04
Loss = 5.2597e-02, PNorm = 77.1091, GNorm = 1.5846, lr_0 = 1.0689e-04
Loss = 5.6240e-02, PNorm = 77.1124, GNorm = 2.3148, lr_0 = 1.0653e-04
Loss = 5.0680e-02, PNorm = 77.1159, GNorm = 1.0929, lr_0 = 1.0617e-04
Loss = 6.9330e-02, PNorm = 77.1199, GNorm = 2.6095, lr_0 = 1.0581e-04
Loss = 4.5741e-02, PNorm = 77.1225, GNorm = 1.4363, lr_0 = 1.0545e-04
Loss = 5.6313e-02, PNorm = 77.1251, GNorm = 2.9537, lr_0 = 1.0510e-04
Loss = 6.1115e-02, PNorm = 77.1301, GNorm = 2.2913, lr_0 = 1.0474e-04
Loss = 5.5491e-02, PNorm = 77.1346, GNorm = 1.5294, lr_0 = 1.0439e-04
Loss = 4.8502e-02, PNorm = 77.1387, GNorm = 2.0164, lr_0 = 1.0404e-04
Loss = 5.1580e-02, PNorm = 77.1407, GNorm = 4.1185, lr_0 = 1.0369e-04
Loss = 4.5312e-02, PNorm = 77.1438, GNorm = 1.1192, lr_0 = 1.0334e-04
Loss = 4.7479e-02, PNorm = 77.1466, GNorm = 1.4021, lr_0 = 1.0299e-04
Validation rmse = 33.975313
Epoch 12
Loss = 7.2286e-02, PNorm = 77.1488, GNorm = 2.3863, lr_0 = 1.0264e-04
Loss = 5.5951e-02, PNorm = 77.1510, GNorm = 2.4607, lr_0 = 1.0230e-04
Loss = 5.3638e-02, PNorm = 77.1539, GNorm = 1.8966, lr_0 = 1.0195e-04
Loss = 6.3341e-02, PNorm = 77.1571, GNorm = 1.0896, lr_0 = 1.0161e-04
Loss = 5.1435e-02, PNorm = 77.1606, GNorm = 2.3743, lr_0 = 1.0127e-04
Loss = 4.2385e-02, PNorm = 77.1643, GNorm = 2.7267, lr_0 = 1.0093e-04
Loss = 5.0429e-02, PNorm = 77.1676, GNorm = 1.9996, lr_0 = 1.0059e-04
Loss = 4.7658e-02, PNorm = 77.1702, GNorm = 0.9814, lr_0 = 1.0025e-04
Loss = 5.5317e-02, PNorm = 77.1742, GNorm = 1.0219, lr_0 = 9.9911e-05
Loss = 5.3116e-02, PNorm = 77.1774, GNorm = 4.1809, lr_0 = 9.9574e-05
Loss = 5.7924e-02, PNorm = 77.1803, GNorm = 1.8004, lr_0 = 9.9239e-05
Loss = 4.7722e-02, PNorm = 77.1837, GNorm = 1.1171, lr_0 = 9.8904e-05
Loss = 5.2707e-02, PNorm = 77.1866, GNorm = 0.9413, lr_0 = 9.8571e-05
Loss = 4.7628e-02, PNorm = 77.1888, GNorm = 1.0353, lr_0 = 9.8239e-05
Loss = 4.7334e-02, PNorm = 77.1917, GNorm = 2.3091, lr_0 = 9.7908e-05
Loss = 5.9773e-02, PNorm = 77.1944, GNorm = 2.4259, lr_0 = 9.7578e-05
Loss = 4.7338e-02, PNorm = 77.1972, GNorm = 0.7375, lr_0 = 9.7249e-05
Loss = 5.2768e-02, PNorm = 77.2005, GNorm = 4.2473, lr_0 = 9.6922e-05
Loss = 4.4180e-02, PNorm = 77.2032, GNorm = 1.1651, lr_0 = 9.6595e-05
Loss = 4.6522e-02, PNorm = 77.2062, GNorm = 0.7588, lr_0 = 9.6270e-05
Loss = 4.7707e-02, PNorm = 77.2093, GNorm = 1.0064, lr_0 = 9.5945e-05
Loss = 6.0469e-02, PNorm = 77.2120, GNorm = 1.7485, lr_0 = 9.5622e-05
Loss = 7.3286e-02, PNorm = 77.2148, GNorm = 1.5362, lr_0 = 9.5300e-05
Loss = 6.3880e-02, PNorm = 77.2189, GNorm = 3.5161, lr_0 = 9.4979e-05
Loss = 5.8555e-02, PNorm = 77.2235, GNorm = 1.3179, lr_0 = 9.4659e-05
Validation rmse = 33.319043
Epoch 13
Loss = 6.6742e-02, PNorm = 77.2278, GNorm = 1.5578, lr_0 = 9.4340e-05
Loss = 4.0243e-02, PNorm = 77.2327, GNorm = 1.4006, lr_0 = 9.4022e-05
Loss = 4.4656e-02, PNorm = 77.2365, GNorm = 1.7368, lr_0 = 9.3705e-05
Loss = 4.4250e-02, PNorm = 77.2386, GNorm = 0.9271, lr_0 = 9.3390e-05
Loss = 4.2527e-02, PNorm = 77.2403, GNorm = 2.0119, lr_0 = 9.3075e-05
Loss = 4.0744e-02, PNorm = 77.2428, GNorm = 0.6802, lr_0 = 9.2761e-05
Loss = 4.6715e-02, PNorm = 77.2447, GNorm = 1.6783, lr_0 = 9.2449e-05
Loss = 4.5162e-02, PNorm = 77.2475, GNorm = 3.6440, lr_0 = 9.2137e-05
Loss = 4.6360e-02, PNorm = 77.2505, GNorm = 1.6286, lr_0 = 9.1827e-05
Loss = 5.3484e-02, PNorm = 77.2527, GNorm = 3.0681, lr_0 = 9.1518e-05
Loss = 4.9095e-02, PNorm = 77.2553, GNorm = 2.2331, lr_0 = 9.1209e-05
Loss = 4.1863e-02, PNorm = 77.2580, GNorm = 1.3264, lr_0 = 9.0902e-05
Loss = 3.9949e-02, PNorm = 77.2612, GNorm = 3.4508, lr_0 = 9.0596e-05
Loss = 3.9821e-02, PNorm = 77.2638, GNorm = 1.5308, lr_0 = 9.0291e-05
Loss = 4.5943e-02, PNorm = 77.2668, GNorm = 3.9655, lr_0 = 8.9986e-05
Loss = 4.2826e-02, PNorm = 77.2694, GNorm = 1.6692, lr_0 = 8.9683e-05
Loss = 6.1829e-02, PNorm = 77.2722, GNorm = 2.6831, lr_0 = 8.9381e-05
Loss = 5.4294e-02, PNorm = 77.2757, GNorm = 4.6431, lr_0 = 8.9080e-05
Loss = 4.8381e-02, PNorm = 77.2794, GNorm = 2.9224, lr_0 = 8.8780e-05
Loss = 6.4212e-02, PNorm = 77.2829, GNorm = 1.1302, lr_0 = 8.8481e-05
Loss = 6.3424e-02, PNorm = 77.2856, GNorm = 5.6210, lr_0 = 8.8183e-05
Loss = 6.4059e-02, PNorm = 77.2881, GNorm = 1.9483, lr_0 = 8.7886e-05
Loss = 4.3660e-02, PNorm = 77.2914, GNorm = 1.1046, lr_0 = 8.7589e-05
Loss = 5.6454e-02, PNorm = 77.2941, GNorm = 5.9293, lr_0 = 8.7294e-05
Loss = 4.7208e-02, PNorm = 77.2974, GNorm = 1.5156, lr_0 = 8.7000e-05
Validation rmse = 33.004280
Epoch 14
Loss = 3.2064e-02, PNorm = 77.3015, GNorm = 2.2821, lr_0 = 8.6678e-05
Loss = 4.2388e-02, PNorm = 77.3045, GNorm = 3.4545, lr_0 = 8.6386e-05
Loss = 4.1154e-02, PNorm = 77.3077, GNorm = 1.7895, lr_0 = 8.6095e-05
Loss = 3.7447e-02, PNorm = 77.3095, GNorm = 2.0032, lr_0 = 8.5805e-05
Loss = 5.2553e-02, PNorm = 77.3128, GNorm = 4.2093, lr_0 = 8.5516e-05
Loss = 5.5783e-02, PNorm = 77.3160, GNorm = 3.4655, lr_0 = 8.5228e-05
Loss = 4.6858e-02, PNorm = 77.3188, GNorm = 2.3934, lr_0 = 8.4940e-05
Loss = 5.2898e-02, PNorm = 77.3223, GNorm = 1.9943, lr_0 = 8.4654e-05
Loss = 4.8520e-02, PNorm = 77.3245, GNorm = 1.5745, lr_0 = 8.4369e-05
Loss = 4.1040e-02, PNorm = 77.3274, GNorm = 0.8824, lr_0 = 8.4085e-05
Loss = 3.6799e-02, PNorm = 77.3293, GNorm = 2.6615, lr_0 = 8.3801e-05
Loss = 3.2294e-02, PNorm = 77.3315, GNorm = 0.9849, lr_0 = 8.3519e-05
Loss = 4.5073e-02, PNorm = 77.3339, GNorm = 2.0330, lr_0 = 8.3238e-05
Loss = 4.2904e-02, PNorm = 77.3363, GNorm = 3.2938, lr_0 = 8.2957e-05
Loss = 3.6259e-02, PNorm = 77.3381, GNorm = 1.0620, lr_0 = 8.2678e-05
Loss = 3.9271e-02, PNorm = 77.3394, GNorm = 1.3957, lr_0 = 8.2399e-05
Loss = 4.4956e-02, PNorm = 77.3416, GNorm = 1.9588, lr_0 = 8.2122e-05
Loss = 4.8688e-02, PNorm = 77.3453, GNorm = 1.9907, lr_0 = 8.1845e-05
Loss = 4.1150e-02, PNorm = 77.3482, GNorm = 0.9951, lr_0 = 8.1569e-05
Loss = 4.7777e-02, PNorm = 77.3506, GNorm = 3.2092, lr_0 = 8.1294e-05
Loss = 5.1672e-02, PNorm = 77.3528, GNorm = 3.1754, lr_0 = 8.1021e-05
Loss = 4.8357e-02, PNorm = 77.3555, GNorm = 2.3633, lr_0 = 8.0748e-05
Loss = 3.9347e-02, PNorm = 77.3576, GNorm = 3.7616, lr_0 = 8.0476e-05
Loss = 3.9388e-02, PNorm = 77.3592, GNorm = 3.0074, lr_0 = 8.0204e-05
Loss = 3.5445e-02, PNorm = 77.3613, GNorm = 0.5781, lr_0 = 7.9934e-05
Validation rmse = 31.393451
Epoch 15
Loss = 4.2217e-02, PNorm = 77.3630, GNorm = 1.8505, lr_0 = 7.9665e-05
Loss = 4.4539e-02, PNorm = 77.3652, GNorm = 1.0318, lr_0 = 7.9396e-05
Loss = 4.1215e-02, PNorm = 77.3675, GNorm = 0.9938, lr_0 = 7.9129e-05
Loss = 4.4329e-02, PNorm = 77.3698, GNorm = 0.7010, lr_0 = 7.8862e-05
Loss = 4.1462e-02, PNorm = 77.3721, GNorm = 0.7144, lr_0 = 7.8597e-05
Loss = 4.1334e-02, PNorm = 77.3742, GNorm = 1.7479, lr_0 = 7.8332e-05
Loss = 4.4301e-02, PNorm = 77.3770, GNorm = 0.9607, lr_0 = 7.8068e-05
Loss = 4.2001e-02, PNorm = 77.3792, GNorm = 2.4982, lr_0 = 7.7805e-05
Loss = 3.5846e-02, PNorm = 77.3811, GNorm = 1.3024, lr_0 = 7.7543e-05
Loss = 3.2390e-02, PNorm = 77.3829, GNorm = 1.0412, lr_0 = 7.7282e-05
Loss = 3.3022e-02, PNorm = 77.3845, GNorm = 1.2580, lr_0 = 7.7021e-05
Loss = 3.4287e-02, PNorm = 77.3859, GNorm = 1.2769, lr_0 = 7.6762e-05
Loss = 4.0562e-02, PNorm = 77.3889, GNorm = 1.0104, lr_0 = 7.6503e-05
Loss = 4.1398e-02, PNorm = 77.3918, GNorm = 3.5218, lr_0 = 7.6245e-05
Loss = 3.4867e-02, PNorm = 77.3941, GNorm = 2.1020, lr_0 = 7.5988e-05
Loss = 4.4734e-02, PNorm = 77.3959, GNorm = 0.7882, lr_0 = 7.5732e-05
Loss = 3.7285e-02, PNorm = 77.3979, GNorm = 0.9239, lr_0 = 7.5477e-05
Loss = 3.7535e-02, PNorm = 77.4004, GNorm = 1.6283, lr_0 = 7.5223e-05
Loss = 3.5032e-02, PNorm = 77.4020, GNorm = 1.0292, lr_0 = 7.4970e-05
Loss = 3.3079e-02, PNorm = 77.4034, GNorm = 0.7643, lr_0 = 7.4717e-05
Loss = 4.1311e-02, PNorm = 77.4057, GNorm = 1.6237, lr_0 = 7.4465e-05
Loss = 3.7353e-02, PNorm = 77.4080, GNorm = 1.2358, lr_0 = 7.4214e-05
Loss = 2.7915e-02, PNorm = 77.4101, GNorm = 0.7690, lr_0 = 7.3964e-05
Loss = 4.1547e-02, PNorm = 77.4121, GNorm = 2.0865, lr_0 = 7.3715e-05
Loss = 4.6875e-02, PNorm = 77.4141, GNorm = 2.4416, lr_0 = 7.3467e-05
Validation rmse = 32.201279
Epoch 16
Loss = 2.5885e-02, PNorm = 77.4161, GNorm = 0.6860, lr_0 = 7.3219e-05
Loss = 3.4747e-02, PNorm = 77.4182, GNorm = 2.2526, lr_0 = 7.2973e-05
Loss = 4.1435e-02, PNorm = 77.4207, GNorm = 1.2141, lr_0 = 7.2727e-05
Loss = 4.1582e-02, PNorm = 77.4228, GNorm = 2.7828, lr_0 = 7.2482e-05
Loss = 2.9893e-02, PNorm = 77.4247, GNorm = 0.8789, lr_0 = 7.2238e-05
Loss = 3.9508e-02, PNorm = 77.4267, GNorm = 0.8745, lr_0 = 7.1994e-05
Loss = 5.1255e-02, PNorm = 77.4291, GNorm = 1.6241, lr_0 = 7.1752e-05
Loss = 3.5141e-02, PNorm = 77.4314, GNorm = 1.6952, lr_0 = 7.1510e-05
Loss = 4.3408e-02, PNorm = 77.4342, GNorm = 2.4638, lr_0 = 7.1269e-05
Loss = 4.4786e-02, PNorm = 77.4374, GNorm = 2.5687, lr_0 = 7.1029e-05
Loss = 4.4638e-02, PNorm = 77.4398, GNorm = 1.5939, lr_0 = 7.0790e-05
Loss = 3.8878e-02, PNorm = 77.4415, GNorm = 2.1374, lr_0 = 7.0551e-05
Loss = 4.1054e-02, PNorm = 77.4440, GNorm = 1.0753, lr_0 = 7.0313e-05
Loss = 4.1716e-02, PNorm = 77.4456, GNorm = 3.4544, lr_0 = 7.0076e-05
Loss = 3.7441e-02, PNorm = 77.4475, GNorm = 2.3798, lr_0 = 6.9840e-05
Loss = 3.4731e-02, PNorm = 77.4496, GNorm = 0.6306, lr_0 = 6.9605e-05
Loss = 4.0205e-02, PNorm = 77.4515, GNorm = 0.6988, lr_0 = 6.9371e-05
Loss = 3.6256e-02, PNorm = 77.4527, GNorm = 2.5281, lr_0 = 6.9137e-05
Loss = 3.9892e-02, PNorm = 77.4545, GNorm = 3.7702, lr_0 = 6.8904e-05
Loss = 3.7787e-02, PNorm = 77.4564, GNorm = 2.3418, lr_0 = 6.8672e-05
Loss = 3.8744e-02, PNorm = 77.4601, GNorm = 1.0900, lr_0 = 6.8440e-05
Loss = 3.4172e-02, PNorm = 77.4622, GNorm = 1.2345, lr_0 = 6.8210e-05
Loss = 3.5528e-02, PNorm = 77.4638, GNorm = 2.1148, lr_0 = 6.7980e-05
Loss = 3.3212e-02, PNorm = 77.4648, GNorm = 0.8923, lr_0 = 6.7751e-05
Loss = 2.9711e-02, PNorm = 77.4660, GNorm = 0.7785, lr_0 = 6.7523e-05
Validation rmse = 31.656591
Epoch 17
Loss = 2.7599e-02, PNorm = 77.4672, GNorm = 0.9895, lr_0 = 6.7295e-05
Loss = 3.5715e-02, PNorm = 77.4686, GNorm = 0.7015, lr_0 = 6.7069e-05
Loss = 2.8102e-02, PNorm = 77.4698, GNorm = 1.3872, lr_0 = 6.6843e-05
Loss = 3.9846e-02, PNorm = 77.4717, GNorm = 0.9097, lr_0 = 6.6617e-05
Loss = 2.4547e-02, PNorm = 77.4737, GNorm = 1.5127, lr_0 = 6.6393e-05
Loss = 2.5381e-02, PNorm = 77.4744, GNorm = 0.6290, lr_0 = 6.6169e-05
Loss = 3.3316e-02, PNorm = 77.4756, GNorm = 1.4459, lr_0 = 6.5946e-05
Loss = 3.0524e-02, PNorm = 77.4774, GNorm = 1.1473, lr_0 = 6.5724e-05
Loss = 2.8673e-02, PNorm = 77.4794, GNorm = 2.8810, lr_0 = 6.5503e-05
Loss = 3.3063e-02, PNorm = 77.4811, GNorm = 0.6338, lr_0 = 6.5282e-05
Loss = 2.9794e-02, PNorm = 77.4822, GNorm = 0.8272, lr_0 = 6.5062e-05
Loss = 2.9349e-02, PNorm = 77.4838, GNorm = 1.2727, lr_0 = 6.4843e-05
Loss = 3.7093e-02, PNorm = 77.4854, GNorm = 1.2683, lr_0 = 6.4624e-05
Loss = 4.3726e-02, PNorm = 77.4869, GNorm = 1.9414, lr_0 = 6.4407e-05
Loss = 3.3377e-02, PNorm = 77.4889, GNorm = 1.3180, lr_0 = 6.4190e-05
Loss = 3.4058e-02, PNorm = 77.4904, GNorm = 0.9996, lr_0 = 6.3973e-05
Loss = 2.8698e-02, PNorm = 77.4923, GNorm = 1.4640, lr_0 = 6.3758e-05
Loss = 3.7283e-02, PNorm = 77.4952, GNorm = 0.9169, lr_0 = 6.3543e-05
Loss = 3.4032e-02, PNorm = 77.4970, GNorm = 0.7564, lr_0 = 6.3329e-05
Loss = 3.2150e-02, PNorm = 77.4988, GNorm = 0.6453, lr_0 = 6.3116e-05
Loss = 3.5153e-02, PNorm = 77.5003, GNorm = 0.9841, lr_0 = 6.2903e-05
Loss = 3.2275e-02, PNorm = 77.5019, GNorm = 1.4802, lr_0 = 6.2691e-05
Loss = 3.7977e-02, PNorm = 77.5041, GNorm = 2.1823, lr_0 = 6.2480e-05
Loss = 3.0299e-02, PNorm = 77.5058, GNorm = 0.4725, lr_0 = 6.2269e-05
Loss = 4.0336e-02, PNorm = 77.5077, GNorm = 2.3832, lr_0 = 6.2060e-05
Validation rmse = 30.987330
Epoch 18
Loss = 3.5506e-02, PNorm = 77.5085, GNorm = 0.8871, lr_0 = 6.1850e-05
Loss = 3.1713e-02, PNorm = 77.5100, GNorm = 1.5468, lr_0 = 6.1642e-05
Loss = 2.9093e-02, PNorm = 77.5118, GNorm = 1.1587, lr_0 = 6.1434e-05
Loss = 3.6294e-02, PNorm = 77.5137, GNorm = 2.4643, lr_0 = 6.1227e-05
Loss = 3.9909e-02, PNorm = 77.5155, GNorm = 2.1853, lr_0 = 6.1021e-05
Loss = 3.7585e-02, PNorm = 77.5178, GNorm = 1.0074, lr_0 = 6.0816e-05
Loss = 4.2896e-02, PNorm = 77.5194, GNorm = 3.0998, lr_0 = 6.0611e-05
Loss = 2.9055e-02, PNorm = 77.5210, GNorm = 2.0163, lr_0 = 6.0406e-05
Loss = 2.9561e-02, PNorm = 77.5222, GNorm = 1.9056, lr_0 = 6.0203e-05
Loss = 3.2024e-02, PNorm = 77.5235, GNorm = 1.5854, lr_0 = 6.0000e-05
Loss = 3.1581e-02, PNorm = 77.5250, GNorm = 1.5369, lr_0 = 5.9798e-05
Loss = 3.7143e-02, PNorm = 77.5265, GNorm = 1.8046, lr_0 = 5.9597e-05
Loss = 4.3707e-02, PNorm = 77.5282, GNorm = 1.4692, lr_0 = 5.9396e-05
Loss = 3.2724e-02, PNorm = 77.5303, GNorm = 1.0391, lr_0 = 5.9196e-05
Loss = 3.5585e-02, PNorm = 77.5314, GNorm = 1.5602, lr_0 = 5.8996e-05
Loss = 2.2981e-02, PNorm = 77.5327, GNorm = 0.8635, lr_0 = 5.8797e-05
Loss = 3.3524e-02, PNorm = 77.5346, GNorm = 1.0074, lr_0 = 5.8599e-05
Loss = 3.5481e-02, PNorm = 77.5364, GNorm = 3.8975, lr_0 = 5.8402e-05
Loss = 4.0405e-02, PNorm = 77.5375, GNorm = 1.9884, lr_0 = 5.8205e-05
Loss = 2.7843e-02, PNorm = 77.5391, GNorm = 1.1566, lr_0 = 5.8009e-05
Loss = 3.0453e-02, PNorm = 77.5407, GNorm = 1.4114, lr_0 = 5.7814e-05
Loss = 2.8321e-02, PNorm = 77.5426, GNorm = 1.4000, lr_0 = 5.7619e-05
Loss = 2.8013e-02, PNorm = 77.5439, GNorm = 1.0725, lr_0 = 5.7425e-05
Loss = 3.0456e-02, PNorm = 77.5449, GNorm = 1.1937, lr_0 = 5.7231e-05
Loss = 2.9733e-02, PNorm = 77.5460, GNorm = 1.2028, lr_0 = 5.7038e-05
Validation rmse = 30.998975
Epoch 19
Loss = 2.2557e-02, PNorm = 77.5464, GNorm = 1.4091, lr_0 = 5.6846e-05
Loss = 3.0734e-02, PNorm = 77.5479, GNorm = 1.1856, lr_0 = 5.6655e-05
Loss = 2.3245e-02, PNorm = 77.5495, GNorm = 1.0471, lr_0 = 5.6464e-05
Loss = 3.0812e-02, PNorm = 77.5507, GNorm = 1.7769, lr_0 = 5.6274e-05
Loss = 3.1981e-02, PNorm = 77.5525, GNorm = 1.0029, lr_0 = 5.6084e-05
Loss = 2.0701e-02, PNorm = 77.5538, GNorm = 1.2369, lr_0 = 5.5895e-05
Loss = 3.4308e-02, PNorm = 77.5549, GNorm = 2.7465, lr_0 = 5.5707e-05
Loss = 3.0495e-02, PNorm = 77.5562, GNorm = 1.4289, lr_0 = 5.5519e-05
Loss = 2.7985e-02, PNorm = 77.5574, GNorm = 0.7423, lr_0 = 5.5332e-05
Loss = 2.7065e-02, PNorm = 77.5584, GNorm = 1.8661, lr_0 = 5.5146e-05
Loss = 3.0571e-02, PNorm = 77.5604, GNorm = 1.1739, lr_0 = 5.4960e-05
Loss = 3.2798e-02, PNorm = 77.5619, GNorm = 1.2147, lr_0 = 5.4775e-05
Loss = 2.5689e-02, PNorm = 77.5629, GNorm = 1.2374, lr_0 = 5.4590e-05
Loss = 3.6303e-02, PNorm = 77.5639, GNorm = 0.6302, lr_0 = 5.4406e-05
Loss = 4.1183e-02, PNorm = 77.5653, GNorm = 2.9178, lr_0 = 5.4223e-05
Loss = 4.1757e-02, PNorm = 77.5680, GNorm = 1.6502, lr_0 = 5.4040e-05
Loss = 3.1768e-02, PNorm = 77.5706, GNorm = 0.6307, lr_0 = 5.3858e-05
Loss = 3.6857e-02, PNorm = 77.5726, GNorm = 0.7957, lr_0 = 5.3677e-05
Loss = 2.6533e-02, PNorm = 77.5743, GNorm = 1.4439, lr_0 = 5.3496e-05
Loss = 4.2734e-02, PNorm = 77.5757, GNorm = 1.2323, lr_0 = 5.3316e-05
Loss = 3.2400e-02, PNorm = 77.5774, GNorm = 0.7167, lr_0 = 5.3136e-05
Loss = 3.6906e-02, PNorm = 77.5792, GNorm = 0.7961, lr_0 = 5.2957e-05
Loss = 3.0390e-02, PNorm = 77.5806, GNorm = 0.9526, lr_0 = 5.2779e-05
Loss = 2.9416e-02, PNorm = 77.5822, GNorm = 0.9318, lr_0 = 5.2601e-05
Loss = 3.0141e-02, PNorm = 77.5831, GNorm = 1.9860, lr_0 = 5.2424e-05
Validation rmse = 31.195701
Epoch 20
Loss = 2.5422e-02, PNorm = 77.5842, GNorm = 0.9904, lr_0 = 5.2229e-05
Loss = 2.5753e-02, PNorm = 77.5850, GNorm = 1.0995, lr_0 = 5.2053e-05
Loss = 2.9711e-02, PNorm = 77.5860, GNorm = 1.4207, lr_0 = 5.1878e-05
Loss = 3.0689e-02, PNorm = 77.5873, GNorm = 1.1786, lr_0 = 5.1703e-05
Loss = 2.5499e-02, PNorm = 77.5891, GNorm = 0.5682, lr_0 = 5.1529e-05
Loss = 3.0775e-02, PNorm = 77.5905, GNorm = 1.3116, lr_0 = 5.1355e-05
Loss = 3.0191e-02, PNorm = 77.5918, GNorm = 0.6740, lr_0 = 5.1182e-05
Loss = 2.6314e-02, PNorm = 77.5930, GNorm = 1.3684, lr_0 = 5.1010e-05
Loss = 2.4490e-02, PNorm = 77.5941, GNorm = 0.7591, lr_0 = 5.0838e-05
Loss = 2.8417e-02, PNorm = 77.5948, GNorm = 0.9832, lr_0 = 5.0667e-05
Loss = 2.6069e-02, PNorm = 77.5959, GNorm = 0.7791, lr_0 = 5.0496e-05
Loss = 2.5794e-02, PNorm = 77.5972, GNorm = 0.4529, lr_0 = 5.0326e-05
Loss = 2.4706e-02, PNorm = 77.5989, GNorm = 0.8112, lr_0 = 5.0156e-05
Loss = 3.1202e-02, PNorm = 77.5997, GNorm = 2.0362, lr_0 = 4.9987e-05
Loss = 3.6311e-02, PNorm = 77.6011, GNorm = 1.3973, lr_0 = 4.9819e-05
Loss = 3.3969e-02, PNorm = 77.6026, GNorm = 2.2041, lr_0 = 4.9651e-05
Loss = 2.8784e-02, PNorm = 77.6037, GNorm = 0.9970, lr_0 = 4.9484e-05
Loss = 2.8491e-02, PNorm = 77.6056, GNorm = 2.7358, lr_0 = 4.9317e-05
Loss = 2.3167e-02, PNorm = 77.6071, GNorm = 0.8441, lr_0 = 4.9151e-05
Loss = 2.4563e-02, PNorm = 77.6086, GNorm = 1.0580, lr_0 = 4.8985e-05
Loss = 3.0935e-02, PNorm = 77.6093, GNorm = 0.6936, lr_0 = 4.8820e-05
Loss = 2.7671e-02, PNorm = 77.6100, GNorm = 1.4273, lr_0 = 4.8656e-05
Loss = 3.0334e-02, PNorm = 77.6107, GNorm = 0.8546, lr_0 = 4.8492e-05
Loss = 2.6743e-02, PNorm = 77.6123, GNorm = 2.1101, lr_0 = 4.8329e-05
Loss = 3.0243e-02, PNorm = 77.6137, GNorm = 2.2729, lr_0 = 4.8166e-05
Validation rmse = 32.146889
Epoch 21
Loss = 2.2451e-02, PNorm = 77.6150, GNorm = 0.9620, lr_0 = 4.8004e-05
Loss = 3.0036e-02, PNorm = 77.6162, GNorm = 0.7875, lr_0 = 4.7842e-05
Loss = 3.1566e-02, PNorm = 77.6182, GNorm = 3.7553, lr_0 = 4.7681e-05
Loss = 2.4866e-02, PNorm = 77.6198, GNorm = 1.5096, lr_0 = 4.7520e-05
Loss = 2.1904e-02, PNorm = 77.6208, GNorm = 0.7240, lr_0 = 4.7360e-05
Loss = 2.2524e-02, PNorm = 77.6215, GNorm = 1.2668, lr_0 = 4.7200e-05
Loss = 2.4177e-02, PNorm = 77.6227, GNorm = 0.6134, lr_0 = 4.7041e-05
Loss = 3.4403e-02, PNorm = 77.6243, GNorm = 0.7723, lr_0 = 4.6883e-05
Loss = 2.2823e-02, PNorm = 77.6253, GNorm = 1.4384, lr_0 = 4.6725e-05
Loss = 2.3509e-02, PNorm = 77.6262, GNorm = 1.5913, lr_0 = 4.6567e-05
Loss = 2.7056e-02, PNorm = 77.6271, GNorm = 1.8924, lr_0 = 4.6411e-05
Loss = 2.6761e-02, PNorm = 77.6280, GNorm = 0.7902, lr_0 = 4.6254e-05
Loss = 2.5203e-02, PNorm = 77.6293, GNorm = 1.7537, lr_0 = 4.6098e-05
Loss = 2.3984e-02, PNorm = 77.6304, GNorm = 1.6089, lr_0 = 4.5943e-05
Loss = 3.1270e-02, PNorm = 77.6313, GNorm = 2.1350, lr_0 = 4.5788e-05
Loss = 3.0855e-02, PNorm = 77.6323, GNorm = 3.2907, lr_0 = 4.5634e-05
Loss = 3.3487e-02, PNorm = 77.6335, GNorm = 1.0328, lr_0 = 4.5480e-05
Loss = 3.1811e-02, PNorm = 77.6349, GNorm = 0.7383, lr_0 = 4.5327e-05
Loss = 2.9635e-02, PNorm = 77.6359, GNorm = 0.9023, lr_0 = 4.5174e-05
Loss = 2.4399e-02, PNorm = 77.6368, GNorm = 0.6255, lr_0 = 4.5022e-05
Loss = 2.3303e-02, PNorm = 77.6377, GNorm = 0.6516, lr_0 = 4.4870e-05
Loss = 2.9324e-02, PNorm = 77.6393, GNorm = 0.7613, lr_0 = 4.4719e-05
Loss = 2.7795e-02, PNorm = 77.6409, GNorm = 1.0318, lr_0 = 4.4569e-05
Loss = 2.7622e-02, PNorm = 77.6424, GNorm = 1.2970, lr_0 = 4.4418e-05
Loss = 2.8820e-02, PNorm = 77.6435, GNorm = 1.6089, lr_0 = 4.4269e-05
Validation rmse = 29.919643
Epoch 22
Loss = 2.6288e-02, PNorm = 77.6442, GNorm = 1.1161, lr_0 = 4.4120e-05
Loss = 2.5774e-02, PNorm = 77.6455, GNorm = 1.5159, lr_0 = 4.3971e-05
Loss = 2.3061e-02, PNorm = 77.6470, GNorm = 1.6101, lr_0 = 4.3823e-05
Loss = 3.1991e-02, PNorm = 77.6483, GNorm = 0.9403, lr_0 = 4.3675e-05
Loss = 2.6000e-02, PNorm = 77.6493, GNorm = 1.2634, lr_0 = 4.3528e-05
Loss = 2.8197e-02, PNorm = 77.6503, GNorm = 1.9225, lr_0 = 4.3381e-05
Loss = 2.1246e-02, PNorm = 77.6512, GNorm = 1.4996, lr_0 = 4.3235e-05
Loss = 2.4214e-02, PNorm = 77.6525, GNorm = 0.9084, lr_0 = 4.3090e-05
Loss = 2.0720e-02, PNorm = 77.6535, GNorm = 1.4933, lr_0 = 4.2944e-05
Loss = 2.4006e-02, PNorm = 77.6547, GNorm = 0.6048, lr_0 = 4.2800e-05
Loss = 2.1955e-02, PNorm = 77.6554, GNorm = 1.9060, lr_0 = 4.2656e-05
Loss = 2.4163e-02, PNorm = 77.6561, GNorm = 1.6409, lr_0 = 4.2512e-05
Loss = 2.2139e-02, PNorm = 77.6573, GNorm = 0.8301, lr_0 = 4.2369e-05
Loss = 2.6695e-02, PNorm = 77.6583, GNorm = 0.7262, lr_0 = 4.2226e-05
Loss = 2.0533e-02, PNorm = 77.6589, GNorm = 0.6759, lr_0 = 4.2084e-05
Loss = 2.4762e-02, PNorm = 77.6596, GNorm = 1.6787, lr_0 = 4.1942e-05
Loss = 2.5692e-02, PNorm = 77.6605, GNorm = 1.9866, lr_0 = 4.1800e-05
Loss = 2.8381e-02, PNorm = 77.6615, GNorm = 1.1484, lr_0 = 4.1660e-05
Loss = 2.9184e-02, PNorm = 77.6625, GNorm = 2.1237, lr_0 = 4.1519e-05
Loss = 3.1419e-02, PNorm = 77.6637, GNorm = 0.9556, lr_0 = 4.1379e-05
Loss = 2.6054e-02, PNorm = 77.6647, GNorm = 0.5942, lr_0 = 4.1240e-05
Loss = 2.2412e-02, PNorm = 77.6658, GNorm = 1.4796, lr_0 = 4.1101e-05
Loss = 2.7126e-02, PNorm = 77.6670, GNorm = 1.4989, lr_0 = 4.0963e-05
Loss = 2.7154e-02, PNorm = 77.6679, GNorm = 1.0503, lr_0 = 4.0825e-05
Loss = 3.3779e-02, PNorm = 77.6690, GNorm = 1.4757, lr_0 = 4.0687e-05
Validation rmse = 29.573229
Epoch 23
Loss = 1.8439e-02, PNorm = 77.6702, GNorm = 0.6863, lr_0 = 4.0550e-05
Loss = 3.0143e-02, PNorm = 77.6708, GNorm = 1.8813, lr_0 = 4.0413e-05
Loss = 2.4931e-02, PNorm = 77.6716, GNorm = 0.9552, lr_0 = 4.0277e-05
Loss = 2.4423e-02, PNorm = 77.6728, GNorm = 0.9969, lr_0 = 4.0141e-05
Loss = 2.4956e-02, PNorm = 77.6742, GNorm = 2.3035, lr_0 = 4.0006e-05
Loss = 2.1042e-02, PNorm = 77.6757, GNorm = 0.5860, lr_0 = 3.9871e-05
Loss = 2.2449e-02, PNorm = 77.6764, GNorm = 0.7405, lr_0 = 3.9737e-05
Loss = 2.6673e-02, PNorm = 77.6774, GNorm = 0.6318, lr_0 = 3.9603e-05
Loss = 2.4943e-02, PNorm = 77.6777, GNorm = 0.9064, lr_0 = 3.9470e-05
Loss = 2.8285e-02, PNorm = 77.6786, GNorm = 1.0859, lr_0 = 3.9337e-05
Loss = 2.3979e-02, PNorm = 77.6799, GNorm = 1.5807, lr_0 = 3.9204e-05
Loss = 1.9153e-02, PNorm = 77.6812, GNorm = 1.0256, lr_0 = 3.9072e-05
Loss = 2.1940e-02, PNorm = 77.6818, GNorm = 1.2848, lr_0 = 3.8941e-05
Loss = 1.9879e-02, PNorm = 77.6823, GNorm = 0.6997, lr_0 = 3.8809e-05
Loss = 2.1915e-02, PNorm = 77.6831, GNorm = 0.7712, lr_0 = 3.8679e-05
Loss = 2.2063e-02, PNorm = 77.6843, GNorm = 0.7563, lr_0 = 3.8548e-05
Loss = 2.4016e-02, PNorm = 77.6851, GNorm = 0.6901, lr_0 = 3.8418e-05
Loss = 2.1633e-02, PNorm = 77.6860, GNorm = 1.1460, lr_0 = 3.8289e-05
Loss = 2.4544e-02, PNorm = 77.6865, GNorm = 2.2222, lr_0 = 3.8160e-05
Loss = 2.8490e-02, PNorm = 77.6878, GNorm = 2.1933, lr_0 = 3.8031e-05
Loss = 2.8768e-02, PNorm = 77.6885, GNorm = 0.8263, lr_0 = 3.7903e-05
Loss = 3.1138e-02, PNorm = 77.6896, GNorm = 1.9191, lr_0 = 3.7776e-05
Loss = 2.7710e-02, PNorm = 77.6912, GNorm = 1.5691, lr_0 = 3.7648e-05
Loss = 2.1367e-02, PNorm = 77.6928, GNorm = 1.0643, lr_0 = 3.7522e-05
Loss = 2.4790e-02, PNorm = 77.6938, GNorm = 1.0140, lr_0 = 3.7395e-05
Validation rmse = 29.141723
Epoch 24
Loss = 2.0736e-02, PNorm = 77.6946, GNorm = 0.6798, lr_0 = 3.7269e-05
Loss = 2.4170e-02, PNorm = 77.6954, GNorm = 1.1338, lr_0 = 3.7144e-05
Loss = 2.4517e-02, PNorm = 77.6966, GNorm = 1.4407, lr_0 = 3.7018e-05
Loss = 2.0811e-02, PNorm = 77.6971, GNorm = 1.4924, lr_0 = 3.6894e-05
Loss = 3.1584e-02, PNorm = 77.6982, GNorm = 1.8386, lr_0 = 3.6769e-05
Loss = 2.5019e-02, PNorm = 77.6990, GNorm = 1.6524, lr_0 = 3.6646e-05
Loss = 2.0329e-02, PNorm = 77.6998, GNorm = 1.2321, lr_0 = 3.6522e-05
Loss = 2.3808e-02, PNorm = 77.7004, GNorm = 0.8013, lr_0 = 3.6399e-05
Loss = 2.4067e-02, PNorm = 77.7011, GNorm = 2.4347, lr_0 = 3.6276e-05
Loss = 2.1961e-02, PNorm = 77.7018, GNorm = 1.0397, lr_0 = 3.6154e-05
Loss = 2.4266e-02, PNorm = 77.7027, GNorm = 0.7809, lr_0 = 3.6032e-05
Loss = 2.8804e-02, PNorm = 77.7041, GNorm = 1.9582, lr_0 = 3.5911e-05
Loss = 2.1808e-02, PNorm = 77.7052, GNorm = 1.3602, lr_0 = 3.5790e-05
Loss = 2.1034e-02, PNorm = 77.7063, GNorm = 1.7032, lr_0 = 3.5669e-05
Loss = 2.3623e-02, PNorm = 77.7073, GNorm = 1.9691, lr_0 = 3.5549e-05
Loss = 2.3400e-02, PNorm = 77.7081, GNorm = 1.0506, lr_0 = 3.5429e-05
Loss = 2.0846e-02, PNorm = 77.7087, GNorm = 1.8323, lr_0 = 3.5310e-05
Loss = 2.7178e-02, PNorm = 77.7093, GNorm = 0.6046, lr_0 = 3.5191e-05
Loss = 2.1247e-02, PNorm = 77.7099, GNorm = 2.6015, lr_0 = 3.5073e-05
Loss = 2.1955e-02, PNorm = 77.7110, GNorm = 0.7762, lr_0 = 3.4954e-05
Loss = 1.9841e-02, PNorm = 77.7121, GNorm = 2.1958, lr_0 = 3.4837e-05
Loss = 2.4474e-02, PNorm = 77.7130, GNorm = 2.4990, lr_0 = 3.4719e-05
Loss = 2.8365e-02, PNorm = 77.7139, GNorm = 1.0909, lr_0 = 3.4602e-05
Loss = 2.6368e-02, PNorm = 77.7148, GNorm = 1.1380, lr_0 = 3.4486e-05
Loss = 2.2195e-02, PNorm = 77.7157, GNorm = 1.6639, lr_0 = 3.4370e-05
Validation rmse = 29.121318
Epoch 25
Loss = 2.1756e-02, PNorm = 77.7164, GNorm = 1.0135, lr_0 = 3.4254e-05
Loss = 2.3356e-02, PNorm = 77.7175, GNorm = 1.5034, lr_0 = 3.4138e-05
Loss = 2.1802e-02, PNorm = 77.7184, GNorm = 0.7238, lr_0 = 3.4023e-05
Loss = 2.1617e-02, PNorm = 77.7192, GNorm = 1.2594, lr_0 = 3.3909e-05
Loss = 2.0581e-02, PNorm = 77.7199, GNorm = 1.1861, lr_0 = 3.3794e-05
Loss = 2.2053e-02, PNorm = 77.7206, GNorm = 0.7539, lr_0 = 3.3681e-05
Loss = 2.2325e-02, PNorm = 77.7218, GNorm = 1.1038, lr_0 = 3.3567e-05
Loss = 2.6847e-02, PNorm = 77.7230, GNorm = 1.5753, lr_0 = 3.3454e-05
Loss = 2.6261e-02, PNorm = 77.7240, GNorm = 1.3442, lr_0 = 3.3341e-05
Loss = 2.2176e-02, PNorm = 77.7248, GNorm = 1.0942, lr_0 = 3.3229e-05
Loss = 2.0227e-02, PNorm = 77.7257, GNorm = 1.9173, lr_0 = 3.3117e-05
Loss = 2.0897e-02, PNorm = 77.7263, GNorm = 1.0504, lr_0 = 3.3005e-05
Loss = 1.9344e-02, PNorm = 77.7269, GNorm = 0.8864, lr_0 = 3.2894e-05
Loss = 1.9711e-02, PNorm = 77.7277, GNorm = 0.6054, lr_0 = 3.2783e-05
Loss = 2.1344e-02, PNorm = 77.7285, GNorm = 0.7078, lr_0 = 3.2673e-05
Loss = 1.8093e-02, PNorm = 77.7290, GNorm = 1.1692, lr_0 = 3.2563e-05
Loss = 2.6983e-02, PNorm = 77.7297, GNorm = 2.9094, lr_0 = 3.2453e-05
Loss = 2.0903e-02, PNorm = 77.7304, GNorm = 0.9800, lr_0 = 3.2344e-05
Loss = 1.9144e-02, PNorm = 77.7309, GNorm = 0.8485, lr_0 = 3.2235e-05
Loss = 1.9768e-02, PNorm = 77.7312, GNorm = 0.8942, lr_0 = 3.2126e-05
Loss = 2.9881e-02, PNorm = 77.7323, GNorm = 2.3011, lr_0 = 3.2018e-05
Loss = 2.5247e-02, PNorm = 77.7330, GNorm = 0.7834, lr_0 = 3.1910e-05
Loss = 2.7539e-02, PNorm = 77.7343, GNorm = 0.9040, lr_0 = 3.1803e-05
Loss = 1.9917e-02, PNorm = 77.7356, GNorm = 0.6029, lr_0 = 3.1696e-05
Loss = 1.9911e-02, PNorm = 77.7366, GNorm = 1.4317, lr_0 = 3.1589e-05
Validation rmse = 29.970780
Epoch 26
Loss = 1.5693e-02, PNorm = 77.7372, GNorm = 0.5905, lr_0 = 3.1482e-05
Loss = 2.3768e-02, PNorm = 77.7380, GNorm = 0.9416, lr_0 = 3.1376e-05
Loss = 2.3312e-02, PNorm = 77.7385, GNorm = 2.6407, lr_0 = 3.1271e-05
Loss = 2.5546e-02, PNorm = 77.7395, GNorm = 1.2313, lr_0 = 3.1165e-05
Loss = 1.9795e-02, PNorm = 77.7405, GNorm = 1.3204, lr_0 = 3.1060e-05
Loss = 2.0721e-02, PNorm = 77.7411, GNorm = 1.8591, lr_0 = 3.0956e-05
Loss = 2.5818e-02, PNorm = 77.7416, GNorm = 1.4458, lr_0 = 3.0851e-05
Loss = 1.7427e-02, PNorm = 77.7423, GNorm = 1.0341, lr_0 = 3.0747e-05
Loss = 2.2211e-02, PNorm = 77.7430, GNorm = 0.7463, lr_0 = 3.0644e-05
Loss = 2.2658e-02, PNorm = 77.7439, GNorm = 1.0561, lr_0 = 3.0540e-05
Loss = 2.2046e-02, PNorm = 77.7443, GNorm = 1.2821, lr_0 = 3.0438e-05
Loss = 1.9545e-02, PNorm = 77.7450, GNorm = 0.8054, lr_0 = 3.0335e-05
Loss = 1.8598e-02, PNorm = 77.7457, GNorm = 1.3754, lr_0 = 3.0233e-05
Loss = 2.3704e-02, PNorm = 77.7467, GNorm = 0.9252, lr_0 = 3.0131e-05
Loss = 2.2045e-02, PNorm = 77.7472, GNorm = 1.8210, lr_0 = 3.0029e-05
Loss = 1.9989e-02, PNorm = 77.7478, GNorm = 0.6285, lr_0 = 2.9928e-05
Loss = 2.3135e-02, PNorm = 77.7487, GNorm = 1.6184, lr_0 = 2.9827e-05
Loss = 1.9370e-02, PNorm = 77.7494, GNorm = 0.9486, lr_0 = 2.9727e-05
Loss = 2.5447e-02, PNorm = 77.7502, GNorm = 1.9940, lr_0 = 2.9627e-05
Loss = 2.0412e-02, PNorm = 77.7508, GNorm = 0.8181, lr_0 = 2.9527e-05
Loss = 1.9091e-02, PNorm = 77.7515, GNorm = 1.1192, lr_0 = 2.9428e-05
Loss = 1.9332e-02, PNorm = 77.7520, GNorm = 1.4910, lr_0 = 2.9328e-05
Loss = 2.2896e-02, PNorm = 77.7521, GNorm = 1.1702, lr_0 = 2.9230e-05
Loss = 2.1715e-02, PNorm = 77.7526, GNorm = 0.9058, lr_0 = 2.9131e-05
Loss = 2.0523e-02, PNorm = 77.7532, GNorm = 0.8750, lr_0 = 2.9033e-05
Validation rmse = 28.847370
Epoch 27
Loss = 1.7490e-02, PNorm = 77.7542, GNorm = 0.7602, lr_0 = 2.8925e-05
Loss = 1.6428e-02, PNorm = 77.7550, GNorm = 0.8174, lr_0 = 2.8828e-05
Loss = 1.9812e-02, PNorm = 77.7557, GNorm = 0.7833, lr_0 = 2.8731e-05
Loss = 2.0674e-02, PNorm = 77.7564, GNorm = 1.1340, lr_0 = 2.8634e-05
Loss = 1.9910e-02, PNorm = 77.7570, GNorm = 1.0930, lr_0 = 2.8538e-05
Loss = 2.1064e-02, PNorm = 77.7578, GNorm = 0.5809, lr_0 = 2.8441e-05
Loss = 2.0958e-02, PNorm = 77.7585, GNorm = 0.7035, lr_0 = 2.8346e-05
Loss = 2.5223e-02, PNorm = 77.7595, GNorm = 0.6217, lr_0 = 2.8250e-05
Loss = 2.0562e-02, PNorm = 77.7607, GNorm = 0.8935, lr_0 = 2.8155e-05
Loss = 1.7598e-02, PNorm = 77.7613, GNorm = 0.7985, lr_0 = 2.8060e-05
Loss = 1.9334e-02, PNorm = 77.7618, GNorm = 0.8512, lr_0 = 2.7965e-05
Loss = 2.6854e-02, PNorm = 77.7623, GNorm = 1.4803, lr_0 = 2.7871e-05
Loss = 2.3479e-02, PNorm = 77.7628, GNorm = 1.4085, lr_0 = 2.7777e-05
Loss = 1.8715e-02, PNorm = 77.7632, GNorm = 0.9393, lr_0 = 2.7684e-05
Loss = 1.6924e-02, PNorm = 77.7637, GNorm = 1.8589, lr_0 = 2.7591e-05
Loss = 1.9491e-02, PNorm = 77.7641, GNorm = 0.9917, lr_0 = 2.7498e-05
Loss = 2.0522e-02, PNorm = 77.7649, GNorm = 1.1018, lr_0 = 2.7405e-05
Loss = 2.6234e-02, PNorm = 77.7656, GNorm = 0.9539, lr_0 = 2.7313e-05
Loss = 2.3974e-02, PNorm = 77.7664, GNorm = 1.1051, lr_0 = 2.7221e-05
Loss = 2.0865e-02, PNorm = 77.7670, GNorm = 1.8805, lr_0 = 2.7129e-05
Loss = 1.5334e-02, PNorm = 77.7677, GNorm = 0.6166, lr_0 = 2.7037e-05
Loss = 1.9214e-02, PNorm = 77.7681, GNorm = 1.7824, lr_0 = 2.6946e-05
Loss = 1.8729e-02, PNorm = 77.7684, GNorm = 1.7635, lr_0 = 2.6856e-05
Loss = 1.9625e-02, PNorm = 77.7687, GNorm = 1.6351, lr_0 = 2.6765e-05
Loss = 2.2119e-02, PNorm = 77.7692, GNorm = 0.7459, lr_0 = 2.6675e-05
Validation rmse = 28.826078
Epoch 28
Loss = 1.4553e-02, PNorm = 77.7698, GNorm = 1.4356, lr_0 = 2.6585e-05
Loss = 2.0194e-02, PNorm = 77.7706, GNorm = 0.8470, lr_0 = 2.6495e-05
Loss = 2.0872e-02, PNorm = 77.7714, GNorm = 1.8383, lr_0 = 2.6406e-05
Loss = 1.8810e-02, PNorm = 77.7722, GNorm = 1.0252, lr_0 = 2.6317e-05
Loss = 2.1798e-02, PNorm = 77.7730, GNorm = 0.7684, lr_0 = 2.6229e-05
Loss = 1.8598e-02, PNorm = 77.7733, GNorm = 0.9199, lr_0 = 2.6140e-05
Loss = 2.2734e-02, PNorm = 77.7738, GNorm = 0.7748, lr_0 = 2.6052e-05
Loss = 1.5817e-02, PNorm = 77.7743, GNorm = 1.1091, lr_0 = 2.5964e-05
Loss = 1.9834e-02, PNorm = 77.7750, GNorm = 1.0988, lr_0 = 2.5877e-05
Loss = 2.1676e-02, PNorm = 77.7758, GNorm = 1.4695, lr_0 = 2.5790e-05
Loss = 1.9748e-02, PNorm = 77.7764, GNorm = 1.7500, lr_0 = 2.5703e-05
Loss = 1.3731e-02, PNorm = 77.7769, GNorm = 0.6170, lr_0 = 2.5616e-05
Loss = 2.2570e-02, PNorm = 77.7774, GNorm = 1.4448, lr_0 = 2.5530e-05
Loss = 1.9917e-02, PNorm = 77.7779, GNorm = 0.8193, lr_0 = 2.5444e-05
Loss = 2.1270e-02, PNorm = 77.7785, GNorm = 1.1647, lr_0 = 2.5358e-05
Loss = 1.6016e-02, PNorm = 77.7791, GNorm = 1.1107, lr_0 = 2.5273e-05
Loss = 1.8710e-02, PNorm = 77.7795, GNorm = 0.9877, lr_0 = 2.5188e-05
Loss = 2.3308e-02, PNorm = 77.7802, GNorm = 0.7338, lr_0 = 2.5103e-05
Loss = 1.9212e-02, PNorm = 77.7807, GNorm = 1.0140, lr_0 = 2.5018e-05
Loss = 2.0492e-02, PNorm = 77.7812, GNorm = 0.5780, lr_0 = 2.4934e-05
Loss = 2.5222e-02, PNorm = 77.7817, GNorm = 0.6337, lr_0 = 2.4850e-05
Loss = 2.0261e-02, PNorm = 77.7825, GNorm = 0.8845, lr_0 = 2.4766e-05
Loss = 2.1198e-02, PNorm = 77.7833, GNorm = 0.5147, lr_0 = 2.4683e-05
Loss = 1.6939e-02, PNorm = 77.7838, GNorm = 1.4845, lr_0 = 2.4600e-05
Loss = 1.9281e-02, PNorm = 77.7843, GNorm = 1.0451, lr_0 = 2.4517e-05
Validation rmse = 29.625602
Epoch 29
Loss = 1.7357e-02, PNorm = 77.7849, GNorm = 1.3694, lr_0 = 2.4434e-05
Loss = 1.8557e-02, PNorm = 77.7854, GNorm = 0.6514, lr_0 = 2.4352e-05
Loss = 1.6935e-02, PNorm = 77.7860, GNorm = 0.6715, lr_0 = 2.4270e-05
Loss = 2.1659e-02, PNorm = 77.7866, GNorm = 2.1067, lr_0 = 2.4188e-05
Loss = 1.8777e-02, PNorm = 77.7876, GNorm = 1.7653, lr_0 = 2.4106e-05
Loss = 1.8161e-02, PNorm = 77.7886, GNorm = 0.5960, lr_0 = 2.4025e-05
Loss = 1.6125e-02, PNorm = 77.7893, GNorm = 1.0168, lr_0 = 2.3944e-05
Loss = 1.8441e-02, PNorm = 77.7898, GNorm = 2.2282, lr_0 = 2.3864e-05
Loss = 1.4845e-02, PNorm = 77.7902, GNorm = 0.4972, lr_0 = 2.3783e-05
Loss = 2.0880e-02, PNorm = 77.7908, GNorm = 0.4748, lr_0 = 2.3703e-05
Loss = 2.2151e-02, PNorm = 77.7914, GNorm = 0.6554, lr_0 = 2.3623e-05
Loss = 1.6091e-02, PNorm = 77.7917, GNorm = 0.8042, lr_0 = 2.3544e-05
Loss = 2.1218e-02, PNorm = 77.7922, GNorm = 1.1305, lr_0 = 2.3464e-05
Loss = 1.6603e-02, PNorm = 77.7927, GNorm = 0.9038, lr_0 = 2.3385e-05
Loss = 2.1865e-02, PNorm = 77.7933, GNorm = 0.9558, lr_0 = 2.3307e-05
Loss = 2.2256e-02, PNorm = 77.7941, GNorm = 0.8614, lr_0 = 2.3228e-05
Loss = 2.0339e-02, PNorm = 77.7946, GNorm = 0.8643, lr_0 = 2.3150e-05
Loss = 1.9983e-02, PNorm = 77.7951, GNorm = 2.2231, lr_0 = 2.3072e-05
Loss = 1.8386e-02, PNorm = 77.7954, GNorm = 0.9006, lr_0 = 2.2994e-05
Loss = 1.6831e-02, PNorm = 77.7959, GNorm = 0.9952, lr_0 = 2.2917e-05
Loss = 2.4298e-02, PNorm = 77.7965, GNorm = 0.8532, lr_0 = 2.2839e-05
Loss = 1.6836e-02, PNorm = 77.7972, GNorm = 0.6624, lr_0 = 2.2762e-05
Loss = 2.1031e-02, PNorm = 77.7979, GNorm = 0.6209, lr_0 = 2.2686e-05
Loss = 1.7726e-02, PNorm = 77.7985, GNorm = 1.0551, lr_0 = 2.2609e-05
Loss = 1.9669e-02, PNorm = 77.7989, GNorm = 1.9233, lr_0 = 2.2533e-05
Validation rmse = 28.709533
Epoch 30
Loss = 1.6508e-02, PNorm = 77.7994, GNorm = 0.9331, lr_0 = 2.2457e-05
Loss = 2.4148e-02, PNorm = 77.7999, GNorm = 1.0680, lr_0 = 2.2382e-05
Loss = 1.6366e-02, PNorm = 77.8004, GNorm = 0.7663, lr_0 = 2.2306e-05
Loss = 1.6335e-02, PNorm = 77.8009, GNorm = 0.5450, lr_0 = 2.2231e-05
Loss = 1.9649e-02, PNorm = 77.8013, GNorm = 0.8782, lr_0 = 2.2156e-05
Loss = 1.4192e-02, PNorm = 77.8017, GNorm = 1.0758, lr_0 = 2.2081e-05
Loss = 1.4212e-02, PNorm = 77.8020, GNorm = 1.4829, lr_0 = 2.2007e-05
Loss = 1.6759e-02, PNorm = 77.8024, GNorm = 0.4870, lr_0 = 2.1933e-05
Loss = 2.1835e-02, PNorm = 77.8030, GNorm = 0.6561, lr_0 = 2.1859e-05
Loss = 2.2376e-02, PNorm = 77.8035, GNorm = 2.0461, lr_0 = 2.1785e-05
Loss = 1.9831e-02, PNorm = 77.8038, GNorm = 1.0415, lr_0 = 2.1712e-05
Loss = 2.3096e-02, PNorm = 77.8044, GNorm = 0.8773, lr_0 = 2.1639e-05
Loss = 1.7768e-02, PNorm = 77.8050, GNorm = 0.7224, lr_0 = 2.1566e-05
Loss = 1.4068e-02, PNorm = 77.8055, GNorm = 1.0475, lr_0 = 2.1493e-05
Loss = 2.3136e-02, PNorm = 77.8061, GNorm = 1.2389, lr_0 = 2.1421e-05
Loss = 1.7433e-02, PNorm = 77.8065, GNorm = 1.0190, lr_0 = 2.1349e-05
Loss = 1.4701e-02, PNorm = 77.8070, GNorm = 0.9545, lr_0 = 2.1277e-05
Loss = 1.6621e-02, PNorm = 77.8073, GNorm = 0.5431, lr_0 = 2.1205e-05
Loss = 1.4537e-02, PNorm = 77.8079, GNorm = 0.6365, lr_0 = 2.1134e-05
Loss = 2.1332e-02, PNorm = 77.8082, GNorm = 0.7540, lr_0 = 2.1062e-05
Loss = 1.6885e-02, PNorm = 77.8084, GNorm = 1.1208, lr_0 = 2.0991e-05
Loss = 1.8084e-02, PNorm = 77.8088, GNorm = 0.9780, lr_0 = 2.0921e-05
Loss = 1.6551e-02, PNorm = 77.8093, GNorm = 0.6894, lr_0 = 2.0850e-05
Loss = 2.0754e-02, PNorm = 77.8096, GNorm = 0.7549, lr_0 = 2.0780e-05
Loss = 1.5842e-02, PNorm = 77.8100, GNorm = 0.5113, lr_0 = 2.0710e-05
Validation rmse = 29.100165
Epoch 31
Loss = 1.3562e-02, PNorm = 77.8106, GNorm = 1.3305, lr_0 = 2.0640e-05
Loss = 1.7042e-02, PNorm = 77.8112, GNorm = 0.7905, lr_0 = 2.0571e-05
Loss = 1.8918e-02, PNorm = 77.8117, GNorm = 1.4253, lr_0 = 2.0501e-05
Loss = 1.6868e-02, PNorm = 77.8120, GNorm = 0.7331, lr_0 = 2.0432e-05
Loss = 1.3477e-02, PNorm = 77.8124, GNorm = 0.6244, lr_0 = 2.0363e-05
Loss = 1.9508e-02, PNorm = 77.8131, GNorm = 0.4696, lr_0 = 2.0295e-05
Loss = 1.5136e-02, PNorm = 77.8138, GNorm = 0.5082, lr_0 = 2.0226e-05
Loss = 1.5870e-02, PNorm = 77.8144, GNorm = 0.5218, lr_0 = 2.0158e-05
Loss = 1.8096e-02, PNorm = 77.8149, GNorm = 1.0246, lr_0 = 2.0090e-05
Loss = 1.9930e-02, PNorm = 77.8153, GNorm = 1.0613, lr_0 = 2.0023e-05
Loss = 1.5912e-02, PNorm = 77.8156, GNorm = 0.9393, lr_0 = 1.9955e-05
Loss = 1.9757e-02, PNorm = 77.8162, GNorm = 0.7698, lr_0 = 1.9888e-05
Loss = 1.8723e-02, PNorm = 77.8166, GNorm = 2.0932, lr_0 = 1.9821e-05
Loss = 1.7794e-02, PNorm = 77.8172, GNorm = 0.6217, lr_0 = 1.9754e-05
Loss = 1.6622e-02, PNorm = 77.8178, GNorm = 0.6292, lr_0 = 1.9688e-05
Loss = 1.7794e-02, PNorm = 77.8183, GNorm = 0.8815, lr_0 = 1.9621e-05
Loss = 1.8899e-02, PNorm = 77.8188, GNorm = 1.5667, lr_0 = 1.9555e-05
Loss = 1.8853e-02, PNorm = 77.8192, GNorm = 0.9241, lr_0 = 1.9489e-05
Loss = 1.8845e-02, PNorm = 77.8197, GNorm = 1.2974, lr_0 = 1.9424e-05
Loss = 1.3882e-02, PNorm = 77.8200, GNorm = 1.0125, lr_0 = 1.9358e-05
Loss = 1.7053e-02, PNorm = 77.8202, GNorm = 1.1369, lr_0 = 1.9293e-05
Loss = 1.8916e-02, PNorm = 77.8206, GNorm = 1.0742, lr_0 = 1.9228e-05
Loss = 1.5489e-02, PNorm = 77.8210, GNorm = 0.7701, lr_0 = 1.9163e-05
Loss = 1.8637e-02, PNorm = 77.8214, GNorm = 3.0354, lr_0 = 1.9099e-05
Loss = 1.9602e-02, PNorm = 77.8220, GNorm = 1.0782, lr_0 = 1.9034e-05
Validation rmse = 28.795459
Epoch 32
Loss = 2.3992e-02, PNorm = 77.8225, GNorm = 1.5638, lr_0 = 1.8970e-05
Loss = 1.5094e-02, PNorm = 77.8230, GNorm = 0.4935, lr_0 = 1.8906e-05
Loss = 1.5897e-02, PNorm = 77.8236, GNorm = 0.6584, lr_0 = 1.8843e-05
Loss = 1.9734e-02, PNorm = 77.8239, GNorm = 1.3938, lr_0 = 1.8779e-05
Loss = 1.9032e-02, PNorm = 77.8243, GNorm = 1.2762, lr_0 = 1.8716e-05
Loss = 2.0020e-02, PNorm = 77.8247, GNorm = 2.1535, lr_0 = 1.8653e-05
Loss = 1.8438e-02, PNorm = 77.8252, GNorm = 1.0675, lr_0 = 1.8590e-05
Loss = 1.8599e-02, PNorm = 77.8257, GNorm = 0.7206, lr_0 = 1.8527e-05
Loss = 1.5726e-02, PNorm = 77.8261, GNorm = 0.6296, lr_0 = 1.8465e-05
Loss = 1.5816e-02, PNorm = 77.8264, GNorm = 0.6161, lr_0 = 1.8403e-05
Loss = 1.6605e-02, PNorm = 77.8269, GNorm = 2.0974, lr_0 = 1.8341e-05
Loss = 2.0087e-02, PNorm = 77.8274, GNorm = 1.6439, lr_0 = 1.8279e-05
Loss = 1.7999e-02, PNorm = 77.8280, GNorm = 2.5077, lr_0 = 1.8217e-05
Loss = 1.7272e-02, PNorm = 77.8283, GNorm = 1.4229, lr_0 = 1.8156e-05
Loss = 1.5289e-02, PNorm = 77.8284, GNorm = 0.9817, lr_0 = 1.8095e-05
Loss = 1.5793e-02, PNorm = 77.8288, GNorm = 0.5929, lr_0 = 1.8034e-05
Loss = 1.3402e-02, PNorm = 77.8292, GNorm = 0.8208, lr_0 = 1.7973e-05
Loss = 1.7101e-02, PNorm = 77.8295, GNorm = 0.9773, lr_0 = 1.7913e-05
Loss = 1.5906e-02, PNorm = 77.8298, GNorm = 0.6487, lr_0 = 1.7852e-05
Loss = 1.7695e-02, PNorm = 77.8303, GNorm = 0.6338, lr_0 = 1.7792e-05
Loss = 1.6517e-02, PNorm = 77.8308, GNorm = 0.7192, lr_0 = 1.7732e-05
Loss = 1.4269e-02, PNorm = 77.8313, GNorm = 1.5241, lr_0 = 1.7672e-05
Loss = 1.6783e-02, PNorm = 77.8316, GNorm = 1.3944, lr_0 = 1.7613e-05
Loss = 2.0116e-02, PNorm = 77.8320, GNorm = 2.0086, lr_0 = 1.7553e-05
Loss = 2.1438e-02, PNorm = 77.8321, GNorm = 1.3090, lr_0 = 1.7494e-05
Validation rmse = 29.024919
Epoch 33
Loss = 1.6340e-02, PNorm = 77.8325, GNorm = 0.9737, lr_0 = 1.7435e-05
Loss = 1.8809e-02, PNorm = 77.8327, GNorm = 1.0836, lr_0 = 1.7377e-05
Loss = 1.3362e-02, PNorm = 77.8333, GNorm = 0.5612, lr_0 = 1.7318e-05
Loss = 1.6428e-02, PNorm = 77.8339, GNorm = 0.7664, lr_0 = 1.7260e-05
Loss = 1.4848e-02, PNorm = 77.8344, GNorm = 0.6023, lr_0 = 1.7202e-05
Loss = 1.5514e-02, PNorm = 77.8348, GNorm = 1.2251, lr_0 = 1.7144e-05
Loss = 1.6982e-02, PNorm = 77.8352, GNorm = 1.2734, lr_0 = 1.7086e-05
Loss = 2.1433e-02, PNorm = 77.8355, GNorm = 0.9173, lr_0 = 1.7028e-05
Loss = 1.6453e-02, PNorm = 77.8358, GNorm = 0.7532, lr_0 = 1.6971e-05
Loss = 1.9609e-02, PNorm = 77.8361, GNorm = 1.7582, lr_0 = 1.6914e-05
Loss = 1.4783e-02, PNorm = 77.8366, GNorm = 0.8894, lr_0 = 1.6857e-05
Loss = 2.2660e-02, PNorm = 77.8370, GNorm = 1.3256, lr_0 = 1.6800e-05
Loss = 1.5184e-02, PNorm = 77.8374, GNorm = 0.8482, lr_0 = 1.6743e-05
Loss = 1.6585e-02, PNorm = 77.8378, GNorm = 0.6294, lr_0 = 1.6687e-05
Loss = 1.5544e-02, PNorm = 77.8379, GNorm = 1.7313, lr_0 = 1.6631e-05
Loss = 1.7534e-02, PNorm = 77.8384, GNorm = 1.3793, lr_0 = 1.6575e-05
Loss = 1.4137e-02, PNorm = 77.8389, GNorm = 1.0661, lr_0 = 1.6519e-05
Loss = 1.5549e-02, PNorm = 77.8393, GNorm = 1.2454, lr_0 = 1.6463e-05
Loss = 1.5332e-02, PNorm = 77.8397, GNorm = 0.5390, lr_0 = 1.6408e-05
Loss = 1.9376e-02, PNorm = 77.8402, GNorm = 1.1804, lr_0 = 1.6353e-05
Loss = 1.6213e-02, PNorm = 77.8407, GNorm = 0.4671, lr_0 = 1.6297e-05
Loss = 1.9305e-02, PNorm = 77.8410, GNorm = 1.3642, lr_0 = 1.6243e-05
Loss = 1.7467e-02, PNorm = 77.8414, GNorm = 0.7592, lr_0 = 1.6188e-05
Loss = 1.8170e-02, PNorm = 77.8417, GNorm = 1.4784, lr_0 = 1.6133e-05
Loss = 1.5510e-02, PNorm = 77.8420, GNorm = 0.5375, lr_0 = 1.6079e-05
Validation rmse = 28.492698
Epoch 34
Loss = 1.6770e-02, PNorm = 77.8423, GNorm = 0.8657, lr_0 = 1.6019e-05
Loss = 2.0341e-02, PNorm = 77.8428, GNorm = 1.6505, lr_0 = 1.5965e-05
Loss = 1.6934e-02, PNorm = 77.8433, GNorm = 1.2052, lr_0 = 1.5912e-05
Loss = 1.5563e-02, PNorm = 77.8435, GNorm = 0.8649, lr_0 = 1.5858e-05
Loss = 1.4085e-02, PNorm = 77.8440, GNorm = 0.4307, lr_0 = 1.5805e-05
Loss = 1.5858e-02, PNorm = 77.8443, GNorm = 0.7869, lr_0 = 1.5751e-05
Loss = 1.8211e-02, PNorm = 77.8446, GNorm = 1.3721, lr_0 = 1.5698e-05
Loss = 1.3987e-02, PNorm = 77.8450, GNorm = 0.7980, lr_0 = 1.5645e-05
Loss = 1.3936e-02, PNorm = 77.8452, GNorm = 0.5283, lr_0 = 1.5593e-05
Loss = 1.7762e-02, PNorm = 77.8454, GNorm = 1.1995, lr_0 = 1.5540e-05
Loss = 1.6007e-02, PNorm = 77.8457, GNorm = 1.3650, lr_0 = 1.5488e-05
Loss = 1.6397e-02, PNorm = 77.8461, GNorm = 0.9009, lr_0 = 1.5436e-05
Loss = 1.4259e-02, PNorm = 77.8464, GNorm = 0.6692, lr_0 = 1.5384e-05
Loss = 1.7306e-02, PNorm = 77.8468, GNorm = 1.0187, lr_0 = 1.5332e-05
Loss = 1.8509e-02, PNorm = 77.8473, GNorm = 0.9663, lr_0 = 1.5280e-05
Loss = 1.5330e-02, PNorm = 77.8477, GNorm = 0.5347, lr_0 = 1.5229e-05
Loss = 1.2578e-02, PNorm = 77.8480, GNorm = 1.5649, lr_0 = 1.5177e-05
Loss = 1.5954e-02, PNorm = 77.8483, GNorm = 1.0852, lr_0 = 1.5126e-05
Loss = 1.7613e-02, PNorm = 77.8487, GNorm = 1.1387, lr_0 = 1.5075e-05
Loss = 1.4924e-02, PNorm = 77.8490, GNorm = 0.6185, lr_0 = 1.5024e-05
Loss = 1.4644e-02, PNorm = 77.8492, GNorm = 0.5593, lr_0 = 1.4974e-05
Loss = 1.4332e-02, PNorm = 77.8495, GNorm = 0.9211, lr_0 = 1.4923e-05
Loss = 1.9076e-02, PNorm = 77.8499, GNorm = 1.3056, lr_0 = 1.4873e-05
Loss = 1.3222e-02, PNorm = 77.8502, GNorm = 0.6018, lr_0 = 1.4823e-05
Loss = 1.7491e-02, PNorm = 77.8506, GNorm = 0.9968, lr_0 = 1.4773e-05
Validation rmse = 29.184681
Epoch 35
Loss = 1.8457e-02, PNorm = 77.8509, GNorm = 1.4617, lr_0 = 1.4723e-05
Loss = 1.3898e-02, PNorm = 77.8511, GNorm = 1.0462, lr_0 = 1.4674e-05
Loss = 1.4087e-02, PNorm = 77.8514, GNorm = 0.7588, lr_0 = 1.4624e-05
Loss = 1.5163e-02, PNorm = 77.8518, GNorm = 0.8096, lr_0 = 1.4575e-05
Loss = 1.7137e-02, PNorm = 77.8523, GNorm = 1.2464, lr_0 = 1.4526e-05
Loss = 1.5707e-02, PNorm = 77.8526, GNorm = 0.9172, lr_0 = 1.4477e-05
Loss = 1.9115e-02, PNorm = 77.8531, GNorm = 0.6773, lr_0 = 1.4428e-05
Loss = 1.8880e-02, PNorm = 77.8536, GNorm = 1.1522, lr_0 = 1.4379e-05
Loss = 1.5854e-02, PNorm = 77.8540, GNorm = 1.5289, lr_0 = 1.4331e-05
Loss = 1.4393e-02, PNorm = 77.8543, GNorm = 0.4301, lr_0 = 1.4283e-05
Loss = 1.4992e-02, PNorm = 77.8543, GNorm = 0.8157, lr_0 = 1.4235e-05
Loss = 1.9081e-02, PNorm = 77.8547, GNorm = 0.9773, lr_0 = 1.4187e-05
Loss = 1.3395e-02, PNorm = 77.8550, GNorm = 0.8506, lr_0 = 1.4139e-05
Loss = 1.5110e-02, PNorm = 77.8553, GNorm = 0.8415, lr_0 = 1.4091e-05
Loss = 1.9144e-02, PNorm = 77.8557, GNorm = 1.0513, lr_0 = 1.4044e-05
Loss = 1.4394e-02, PNorm = 77.8560, GNorm = 2.0936, lr_0 = 1.3996e-05
Loss = 1.4329e-02, PNorm = 77.8563, GNorm = 0.9270, lr_0 = 1.3949e-05
Loss = 1.6271e-02, PNorm = 77.8567, GNorm = 0.7079, lr_0 = 1.3902e-05
Loss = 1.5380e-02, PNorm = 77.8572, GNorm = 0.4783, lr_0 = 1.3855e-05
Loss = 1.5991e-02, PNorm = 77.8575, GNorm = 0.4364, lr_0 = 1.3809e-05
Loss = 1.4697e-02, PNorm = 77.8577, GNorm = 1.3080, lr_0 = 1.3762e-05
Loss = 1.4490e-02, PNorm = 77.8579, GNorm = 1.1322, lr_0 = 1.3716e-05
Loss = 1.5114e-02, PNorm = 77.8580, GNorm = 0.8742, lr_0 = 1.3670e-05
Loss = 1.3314e-02, PNorm = 77.8582, GNorm = 0.5265, lr_0 = 1.3624e-05
Loss = 1.6316e-02, PNorm = 77.8584, GNorm = 0.5362, lr_0 = 1.3578e-05
Validation rmse = 28.152034
Epoch 36
Loss = 1.3773e-02, PNorm = 77.8587, GNorm = 1.0433, lr_0 = 1.3532e-05
Loss = 1.3204e-02, PNorm = 77.8591, GNorm = 0.3586, lr_0 = 1.3486e-05
Loss = 1.2436e-02, PNorm = 77.8596, GNorm = 0.4338, lr_0 = 1.3441e-05
Loss = 2.0508e-02, PNorm = 77.8599, GNorm = 0.9512, lr_0 = 1.3396e-05
Loss = 1.5623e-02, PNorm = 77.8601, GNorm = 0.8081, lr_0 = 1.3351e-05
Loss = 1.4838e-02, PNorm = 77.8604, GNorm = 1.1454, lr_0 = 1.3306e-05
Loss = 1.9050e-02, PNorm = 77.8606, GNorm = 0.8047, lr_0 = 1.3261e-05
Loss = 1.4582e-02, PNorm = 77.8607, GNorm = 1.2074, lr_0 = 1.3216e-05
Loss = 1.4436e-02, PNorm = 77.8610, GNorm = 0.6893, lr_0 = 1.3172e-05
Loss = 1.8612e-02, PNorm = 77.8613, GNorm = 1.5636, lr_0 = 1.3127e-05
Loss = 1.4992e-02, PNorm = 77.8616, GNorm = 0.7490, lr_0 = 1.3083e-05
Loss = 1.4915e-02, PNorm = 77.8619, GNorm = 1.4259, lr_0 = 1.3039e-05
Loss = 1.6558e-02, PNorm = 77.8621, GNorm = 0.9854, lr_0 = 1.2995e-05
Loss = 1.5034e-02, PNorm = 77.8623, GNorm = 0.9077, lr_0 = 1.2951e-05
Loss = 1.2857e-02, PNorm = 77.8626, GNorm = 0.4701, lr_0 = 1.2908e-05
Loss = 1.3153e-02, PNorm = 77.8630, GNorm = 0.6302, lr_0 = 1.2864e-05
Loss = 1.5303e-02, PNorm = 77.8633, GNorm = 0.5554, lr_0 = 1.2821e-05
Loss = 1.4929e-02, PNorm = 77.8636, GNorm = 1.4907, lr_0 = 1.2777e-05
Loss = 1.3982e-02, PNorm = 77.8639, GNorm = 0.9957, lr_0 = 1.2734e-05
Loss = 1.2158e-02, PNorm = 77.8642, GNorm = 0.5712, lr_0 = 1.2692e-05
Loss = 1.4361e-02, PNorm = 77.8645, GNorm = 1.4554, lr_0 = 1.2649e-05
Loss = 1.6526e-02, PNorm = 77.8647, GNorm = 0.5925, lr_0 = 1.2606e-05
Loss = 1.7358e-02, PNorm = 77.8649, GNorm = 0.7312, lr_0 = 1.2564e-05
Loss = 1.2762e-02, PNorm = 77.8652, GNorm = 0.9370, lr_0 = 1.2521e-05
Loss = 1.4804e-02, PNorm = 77.8655, GNorm = 0.5364, lr_0 = 1.2479e-05
Validation rmse = 28.545984
Epoch 37
Loss = 1.1054e-02, PNorm = 77.8659, GNorm = 0.8613, lr_0 = 1.2437e-05
Loss = 1.4181e-02, PNorm = 77.8664, GNorm = 2.2591, lr_0 = 1.2395e-05
Loss = 1.9103e-02, PNorm = 77.8666, GNorm = 0.8534, lr_0 = 1.2353e-05
Loss = 1.2885e-02, PNorm = 77.8669, GNorm = 1.1418, lr_0 = 1.2312e-05
Loss = 1.3766e-02, PNorm = 77.8670, GNorm = 0.6771, lr_0 = 1.2270e-05
Loss = 1.6813e-02, PNorm = 77.8675, GNorm = 0.8414, lr_0 = 1.2229e-05
Loss = 1.4484e-02, PNorm = 77.8678, GNorm = 1.1085, lr_0 = 1.2188e-05
Loss = 1.5342e-02, PNorm = 77.8681, GNorm = 0.5399, lr_0 = 1.2147e-05
Loss = 1.7079e-02, PNorm = 77.8684, GNorm = 1.3141, lr_0 = 1.2106e-05
Loss = 1.6452e-02, PNorm = 77.8687, GNorm = 1.1557, lr_0 = 1.2065e-05
Loss = 1.3555e-02, PNorm = 77.8690, GNorm = 1.0043, lr_0 = 1.2024e-05
Loss = 1.4268e-02, PNorm = 77.8693, GNorm = 0.4029, lr_0 = 1.1984e-05
Loss = 1.6109e-02, PNorm = 77.8695, GNorm = 0.9542, lr_0 = 1.1944e-05
Loss = 1.2392e-02, PNorm = 77.8698, GNorm = 2.0852, lr_0 = 1.1903e-05
Loss = 1.2242e-02, PNorm = 77.8700, GNorm = 1.4090, lr_0 = 1.1863e-05
Loss = 1.6787e-02, PNorm = 77.8702, GNorm = 1.6839, lr_0 = 1.1823e-05
Loss = 1.4671e-02, PNorm = 77.8704, GNorm = 1.4662, lr_0 = 1.1783e-05
Loss = 1.4847e-02, PNorm = 77.8706, GNorm = 0.8450, lr_0 = 1.1744e-05
Loss = 1.5320e-02, PNorm = 77.8708, GNorm = 0.5593, lr_0 = 1.1704e-05
Loss = 1.3108e-02, PNorm = 77.8710, GNorm = 0.7630, lr_0 = 1.1665e-05
Loss = 1.8800e-02, PNorm = 77.8714, GNorm = 1.0725, lr_0 = 1.1625e-05
Loss = 1.3058e-02, PNorm = 77.8717, GNorm = 1.3026, lr_0 = 1.1586e-05
Loss = 1.4657e-02, PNorm = 77.8720, GNorm = 1.6451, lr_0 = 1.1547e-05
Loss = 1.5110e-02, PNorm = 77.8723, GNorm = 1.3989, lr_0 = 1.1508e-05
Loss = 1.8872e-02, PNorm = 77.8725, GNorm = 2.2265, lr_0 = 1.1470e-05
Validation rmse = 28.232355
Epoch 38
Loss = 1.4398e-02, PNorm = 77.8727, GNorm = 0.8879, lr_0 = 1.1431e-05
Loss = 1.1341e-02, PNorm = 77.8731, GNorm = 1.0045, lr_0 = 1.1392e-05
Loss = 1.2429e-02, PNorm = 77.8734, GNorm = 0.8868, lr_0 = 1.1354e-05
Loss = 1.4398e-02, PNorm = 77.8736, GNorm = 1.0236, lr_0 = 1.1316e-05
Loss = 1.5841e-02, PNorm = 77.8739, GNorm = 0.6394, lr_0 = 1.1278e-05
Loss = 1.5366e-02, PNorm = 77.8742, GNorm = 1.5021, lr_0 = 1.1240e-05
Loss = 1.3974e-02, PNorm = 77.8745, GNorm = 0.4125, lr_0 = 1.1202e-05
Loss = 1.3280e-02, PNorm = 77.8747, GNorm = 0.4524, lr_0 = 1.1164e-05
Loss = 1.6862e-02, PNorm = 77.8750, GNorm = 0.9035, lr_0 = 1.1126e-05
Loss = 1.4549e-02, PNorm = 77.8752, GNorm = 1.1423, lr_0 = 1.1089e-05
Loss = 1.6184e-02, PNorm = 77.8756, GNorm = 1.0434, lr_0 = 1.1052e-05
Loss = 1.2215e-02, PNorm = 77.8759, GNorm = 0.8191, lr_0 = 1.1014e-05
Loss = 1.4637e-02, PNorm = 77.8762, GNorm = 1.1109, lr_0 = 1.0977e-05
Loss = 1.2908e-02, PNorm = 77.8764, GNorm = 0.5378, lr_0 = 1.0940e-05
Loss = 1.8633e-02, PNorm = 77.8767, GNorm = 1.9853, lr_0 = 1.0903e-05
Loss = 1.7323e-02, PNorm = 77.8771, GNorm = 0.7804, lr_0 = 1.0867e-05
Loss = 1.5109e-02, PNorm = 77.8773, GNorm = 0.8769, lr_0 = 1.0830e-05
Loss = 1.3259e-02, PNorm = 77.8776, GNorm = 1.1867, lr_0 = 1.0794e-05
Loss = 1.6039e-02, PNorm = 77.8778, GNorm = 0.9762, lr_0 = 1.0757e-05
Loss = 1.2089e-02, PNorm = 77.8782, GNorm = 0.7801, lr_0 = 1.0721e-05
Loss = 1.3302e-02, PNorm = 77.8784, GNorm = 0.8669, lr_0 = 1.0685e-05
Loss = 1.8310e-02, PNorm = 77.8787, GNorm = 0.6672, lr_0 = 1.0649e-05
Loss = 1.5844e-02, PNorm = 77.8789, GNorm = 1.1284, lr_0 = 1.0613e-05
Loss = 1.5919e-02, PNorm = 77.8790, GNorm = 1.8928, lr_0 = 1.0577e-05
Loss = 1.7061e-02, PNorm = 77.8791, GNorm = 0.7971, lr_0 = 1.0542e-05
Validation rmse = 28.230747
Epoch 39
Loss = 1.5858e-02, PNorm = 77.8794, GNorm = 1.1728, lr_0 = 1.0506e-05
Loss = 1.6815e-02, PNorm = 77.8797, GNorm = 0.7264, lr_0 = 1.0471e-05
Loss = 1.0951e-02, PNorm = 77.8800, GNorm = 0.6089, lr_0 = 1.0435e-05
Loss = 1.2021e-02, PNorm = 77.8802, GNorm = 0.7074, lr_0 = 1.0400e-05
Loss = 1.2085e-02, PNorm = 77.8803, GNorm = 0.6817, lr_0 = 1.0365e-05
Loss = 1.3882e-02, PNorm = 77.8805, GNorm = 0.9947, lr_0 = 1.0330e-05
Loss = 1.3084e-02, PNorm = 77.8807, GNorm = 1.3630, lr_0 = 1.0295e-05
Loss = 1.6243e-02, PNorm = 77.8809, GNorm = 0.8439, lr_0 = 1.0261e-05
Loss = 1.6439e-02, PNorm = 77.8810, GNorm = 2.1978, lr_0 = 1.0226e-05
Loss = 1.3634e-02, PNorm = 77.8812, GNorm = 0.6052, lr_0 = 1.0192e-05
Loss = 1.6724e-02, PNorm = 77.8815, GNorm = 0.9042, lr_0 = 1.0157e-05
Loss = 1.4027e-02, PNorm = 77.8817, GNorm = 0.7894, lr_0 = 1.0123e-05
Loss = 1.6524e-02, PNorm = 77.8820, GNorm = 1.0504, lr_0 = 1.0089e-05
Loss = 1.4312e-02, PNorm = 77.8821, GNorm = 0.4556, lr_0 = 1.0055e-05
Loss = 1.7684e-02, PNorm = 77.8823, GNorm = 0.7941, lr_0 = 1.0021e-05
Loss = 1.7384e-02, PNorm = 77.8826, GNorm = 1.3006, lr_0 = 9.9874e-06
Loss = 1.2968e-02, PNorm = 77.8829, GNorm = 0.4535, lr_0 = 9.9538e-06
Loss = 1.3292e-02, PNorm = 77.8831, GNorm = 0.6271, lr_0 = 9.9202e-06
Loss = 1.3936e-02, PNorm = 77.8834, GNorm = 1.5660, lr_0 = 9.8868e-06
Loss = 1.6869e-02, PNorm = 77.8836, GNorm = 2.2225, lr_0 = 9.8535e-06
Loss = 1.4434e-02, PNorm = 77.8839, GNorm = 0.6981, lr_0 = 9.8203e-06
Loss = 1.2502e-02, PNorm = 77.8841, GNorm = 0.5846, lr_0 = 9.7872e-06
Loss = 1.4444e-02, PNorm = 77.8843, GNorm = 0.7204, lr_0 = 9.7542e-06
Loss = 1.1703e-02, PNorm = 77.8846, GNorm = 0.5843, lr_0 = 9.7214e-06
Loss = 1.1754e-02, PNorm = 77.8848, GNorm = 0.3803, lr_0 = 9.6886e-06
Validation rmse = 28.458999
Epoch 40
Loss = 1.3521e-02, PNorm = 77.8851, GNorm = 1.3821, lr_0 = 9.6527e-06
Loss = 1.5141e-02, PNorm = 77.8853, GNorm = 0.4963, lr_0 = 9.6202e-06
Loss = 1.3218e-02, PNorm = 77.8855, GNorm = 1.7810, lr_0 = 9.5878e-06
Loss = 1.5478e-02, PNorm = 77.8858, GNorm = 0.9429, lr_0 = 9.5555e-06
Loss = 1.4414e-02, PNorm = 77.8861, GNorm = 0.7733, lr_0 = 9.5233e-06
Loss = 1.2965e-02, PNorm = 77.8864, GNorm = 1.0636, lr_0 = 9.4912e-06
Loss = 1.0667e-02, PNorm = 77.8865, GNorm = 0.6579, lr_0 = 9.4592e-06
Loss = 1.5601e-02, PNorm = 77.8866, GNorm = 1.0380, lr_0 = 9.4274e-06
Loss = 1.1810e-02, PNorm = 77.8867, GNorm = 0.9490, lr_0 = 9.3956e-06
Loss = 1.2647e-02, PNorm = 77.8870, GNorm = 0.5871, lr_0 = 9.3639e-06
Loss = 1.6605e-02, PNorm = 77.8872, GNorm = 0.7069, lr_0 = 9.3324e-06
Loss = 1.3090e-02, PNorm = 77.8875, GNorm = 0.6719, lr_0 = 9.3010e-06
Loss = 1.5780e-02, PNorm = 77.8877, GNorm = 1.0955, lr_0 = 9.2696e-06
Loss = 1.2669e-02, PNorm = 77.8878, GNorm = 0.8475, lr_0 = 9.2384e-06
Loss = 1.5188e-02, PNorm = 77.8879, GNorm = 1.3527, lr_0 = 9.2073e-06
Loss = 1.1295e-02, PNorm = 77.8880, GNorm = 0.7509, lr_0 = 9.1762e-06
Loss = 1.5095e-02, PNorm = 77.8882, GNorm = 0.6693, lr_0 = 9.1453e-06
Loss = 1.3566e-02, PNorm = 77.8884, GNorm = 0.5778, lr_0 = 9.1145e-06
Loss = 1.5487e-02, PNorm = 77.8885, GNorm = 0.8218, lr_0 = 9.0838e-06
Loss = 1.1749e-02, PNorm = 77.8887, GNorm = 0.7497, lr_0 = 9.0532e-06
Loss = 1.5548e-02, PNorm = 77.8888, GNorm = 1.2114, lr_0 = 9.0227e-06
Loss = 1.3215e-02, PNorm = 77.8889, GNorm = 0.7115, lr_0 = 8.9923e-06
Loss = 1.5500e-02, PNorm = 77.8892, GNorm = 0.9897, lr_0 = 8.9620e-06
Loss = 1.5998e-02, PNorm = 77.8894, GNorm = 1.1267, lr_0 = 8.9318e-06
Loss = 1.3484e-02, PNorm = 77.8897, GNorm = 1.0440, lr_0 = 8.9017e-06
Validation rmse = 28.464530
Epoch 41
Loss = 1.3782e-02, PNorm = 77.8898, GNorm = 0.4963, lr_0 = 8.8717e-06
Loss = 1.2604e-02, PNorm = 77.8901, GNorm = 1.3271, lr_0 = 8.8418e-06
Loss = 1.0643e-02, PNorm = 77.8903, GNorm = 1.0133, lr_0 = 8.8121e-06
Loss = 1.2961e-02, PNorm = 77.8906, GNorm = 0.8357, lr_0 = 8.7824e-06
Loss = 1.0861e-02, PNorm = 77.8908, GNorm = 0.6358, lr_0 = 8.7528e-06
Loss = 1.6252e-02, PNorm = 77.8910, GNorm = 1.1409, lr_0 = 8.7233e-06
Loss = 1.3647e-02, PNorm = 77.8912, GNorm = 0.5329, lr_0 = 8.6939e-06
Loss = 1.3624e-02, PNorm = 77.8914, GNorm = 0.8673, lr_0 = 8.6646e-06
Loss = 1.1083e-02, PNorm = 77.8915, GNorm = 0.3776, lr_0 = 8.6354e-06
Loss = 1.3776e-02, PNorm = 77.8917, GNorm = 0.6459, lr_0 = 8.6063e-06
Loss = 1.2200e-02, PNorm = 77.8917, GNorm = 1.2745, lr_0 = 8.5773e-06
Loss = 1.3908e-02, PNorm = 77.8918, GNorm = 1.3982, lr_0 = 8.5484e-06
Loss = 1.3424e-02, PNorm = 77.8920, GNorm = 1.3142, lr_0 = 8.5196e-06
Loss = 1.0800e-02, PNorm = 77.8921, GNorm = 1.0300, lr_0 = 8.4909e-06
Loss = 1.3550e-02, PNorm = 77.8923, GNorm = 0.5685, lr_0 = 8.4623e-06
Loss = 1.3489e-02, PNorm = 77.8925, GNorm = 0.9181, lr_0 = 8.4338e-06
Loss = 1.9479e-02, PNorm = 77.8927, GNorm = 0.7481, lr_0 = 8.4054e-06
Loss = 1.3044e-02, PNorm = 77.8929, GNorm = 0.8581, lr_0 = 8.3771e-06
Loss = 1.1534e-02, PNorm = 77.8931, GNorm = 0.5272, lr_0 = 8.3489e-06
Loss = 1.3045e-02, PNorm = 77.8933, GNorm = 0.7424, lr_0 = 8.3207e-06
Loss = 1.4197e-02, PNorm = 77.8934, GNorm = 0.7095, lr_0 = 8.2927e-06
Loss = 1.6881e-02, PNorm = 77.8936, GNorm = 0.5663, lr_0 = 8.2648e-06
Loss = 1.5005e-02, PNorm = 77.8939, GNorm = 0.5995, lr_0 = 8.2369e-06
Loss = 1.1529e-02, PNorm = 77.8940, GNorm = 0.7712, lr_0 = 8.2092e-06
Loss = 1.6316e-02, PNorm = 77.8942, GNorm = 1.9071, lr_0 = 8.1815e-06
Validation rmse = 28.500246
Epoch 42
Loss = 1.5133e-02, PNorm = 77.8943, GNorm = 0.6749, lr_0 = 8.1539e-06
Loss = 1.3235e-02, PNorm = 77.8945, GNorm = 0.9439, lr_0 = 8.1265e-06
Loss = 1.4328e-02, PNorm = 77.8946, GNorm = 0.5253, lr_0 = 8.0991e-06
Loss = 9.3015e-03, PNorm = 77.8948, GNorm = 0.4946, lr_0 = 8.0718e-06
Loss = 1.3160e-02, PNorm = 77.8950, GNorm = 0.6617, lr_0 = 8.0446e-06
Loss = 1.3168e-02, PNorm = 77.8952, GNorm = 1.5170, lr_0 = 8.0175e-06
Loss = 1.5468e-02, PNorm = 77.8954, GNorm = 0.9778, lr_0 = 7.9905e-06
Loss = 1.3938e-02, PNorm = 77.8956, GNorm = 1.1717, lr_0 = 7.9636e-06
Loss = 1.5692e-02, PNorm = 77.8958, GNorm = 0.8825, lr_0 = 7.9367e-06
Loss = 1.2439e-02, PNorm = 77.8960, GNorm = 0.4345, lr_0 = 7.9100e-06
Loss = 1.3110e-02, PNorm = 77.8962, GNorm = 0.6235, lr_0 = 7.8834e-06
Loss = 1.5593e-02, PNorm = 77.8963, GNorm = 0.7334, lr_0 = 7.8568e-06
Loss = 1.2408e-02, PNorm = 77.8965, GNorm = 0.6247, lr_0 = 7.8303e-06
Loss = 1.4160e-02, PNorm = 77.8967, GNorm = 0.7600, lr_0 = 7.8039e-06
Loss = 1.1506e-02, PNorm = 77.8969, GNorm = 0.4295, lr_0 = 7.7776e-06
Loss = 1.3524e-02, PNorm = 77.8971, GNorm = 1.0772, lr_0 = 7.7514e-06
Loss = 1.2017e-02, PNorm = 77.8973, GNorm = 0.8824, lr_0 = 7.7253e-06
Loss = 1.0712e-02, PNorm = 77.8975, GNorm = 0.6874, lr_0 = 7.6993e-06
Loss = 1.1771e-02, PNorm = 77.8977, GNorm = 0.5337, lr_0 = 7.6734e-06
Loss = 1.3336e-02, PNorm = 77.8979, GNorm = 0.6254, lr_0 = 7.6475e-06
Loss = 1.4975e-02, PNorm = 77.8981, GNorm = 0.5553, lr_0 = 7.6217e-06
Loss = 1.3433e-02, PNorm = 77.8983, GNorm = 0.9553, lr_0 = 7.5961e-06
Loss = 1.5946e-02, PNorm = 77.8983, GNorm = 1.3081, lr_0 = 7.5705e-06
Loss = 1.2039e-02, PNorm = 77.8985, GNorm = 1.4172, lr_0 = 7.5450e-06
Loss = 1.2379e-02, PNorm = 77.8986, GNorm = 0.8413, lr_0 = 7.5195e-06
Validation rmse = 28.516187
Epoch 43
Loss = 1.3049e-02, PNorm = 77.8988, GNorm = 0.7446, lr_0 = 7.4942e-06
Loss = 1.3124e-02, PNorm = 77.8990, GNorm = 0.7046, lr_0 = 7.4690e-06
Loss = 1.1981e-02, PNorm = 77.8992, GNorm = 0.6649, lr_0 = 7.4438e-06
Loss = 1.1682e-02, PNorm = 77.8993, GNorm = 0.5940, lr_0 = 7.4187e-06
Loss = 1.3406e-02, PNorm = 77.8994, GNorm = 1.2901, lr_0 = 7.3937e-06
Loss = 1.5645e-02, PNorm = 77.8995, GNorm = 0.5579, lr_0 = 7.3688e-06
Loss = 1.1738e-02, PNorm = 77.8997, GNorm = 0.6796, lr_0 = 7.3440e-06
Loss = 1.3508e-02, PNorm = 77.8999, GNorm = 1.0005, lr_0 = 7.3193e-06
Loss = 1.0344e-02, PNorm = 77.9001, GNorm = 0.4902, lr_0 = 7.2946e-06
Loss = 1.4881e-02, PNorm = 77.9003, GNorm = 1.2519, lr_0 = 7.2700e-06
Loss = 1.2058e-02, PNorm = 77.9005, GNorm = 0.8529, lr_0 = 7.2455e-06
Loss = 1.5892e-02, PNorm = 77.9006, GNorm = 1.1110, lr_0 = 7.2211e-06
Loss = 1.0775e-02, PNorm = 77.9007, GNorm = 0.8606, lr_0 = 7.1968e-06
Loss = 1.5037e-02, PNorm = 77.9009, GNorm = 1.4603, lr_0 = 7.1725e-06
Loss = 1.4859e-02, PNorm = 77.9011, GNorm = 1.3240, lr_0 = 7.1484e-06
Loss = 1.5576e-02, PNorm = 77.9013, GNorm = 0.5492, lr_0 = 7.1243e-06
Loss = 1.0272e-02, PNorm = 77.9013, GNorm = 0.9658, lr_0 = 7.1003e-06
Loss = 1.2361e-02, PNorm = 77.9015, GNorm = 0.5162, lr_0 = 7.0764e-06
Loss = 1.6452e-02, PNorm = 77.9017, GNorm = 0.8922, lr_0 = 7.0525e-06
Loss = 1.3338e-02, PNorm = 77.9019, GNorm = 1.1320, lr_0 = 7.0288e-06
Loss = 1.2638e-02, PNorm = 77.9020, GNorm = 0.7204, lr_0 = 7.0051e-06
Loss = 1.4302e-02, PNorm = 77.9022, GNorm = 1.2832, lr_0 = 6.9815e-06
Loss = 1.3281e-02, PNorm = 77.9024, GNorm = 1.1415, lr_0 = 6.9580e-06
Loss = 1.0604e-02, PNorm = 77.9026, GNorm = 0.9914, lr_0 = 6.9345e-06
Loss = 1.2609e-02, PNorm = 77.9027, GNorm = 0.9526, lr_0 = 6.9112e-06
Validation rmse = 28.307422
Epoch 44
Loss = 1.2963e-02, PNorm = 77.9028, GNorm = 0.6805, lr_0 = 6.8879e-06
Loss = 1.2685e-02, PNorm = 77.9031, GNorm = 0.5350, lr_0 = 6.8647e-06
Loss = 1.0995e-02, PNorm = 77.9032, GNorm = 0.7233, lr_0 = 6.8415e-06
Loss = 1.3739e-02, PNorm = 77.9033, GNorm = 0.7092, lr_0 = 6.8185e-06
Loss = 1.3210e-02, PNorm = 77.9034, GNorm = 0.6495, lr_0 = 6.7955e-06
Loss = 1.2652e-02, PNorm = 77.9036, GNorm = 0.4054, lr_0 = 6.7726e-06
Loss = 1.5014e-02, PNorm = 77.9036, GNorm = 1.1955, lr_0 = 6.7498e-06
Loss = 1.6804e-02, PNorm = 77.9037, GNorm = 1.5132, lr_0 = 6.7271e-06
Loss = 1.1589e-02, PNorm = 77.9039, GNorm = 0.5520, lr_0 = 6.7044e-06
Loss = 1.2141e-02, PNorm = 77.9040, GNorm = 0.4761, lr_0 = 6.6818e-06
Loss = 1.2508e-02, PNorm = 77.9042, GNorm = 1.3090, lr_0 = 6.6593e-06
Loss = 1.4215e-02, PNorm = 77.9044, GNorm = 1.0087, lr_0 = 6.6369e-06
Loss = 1.2675e-02, PNorm = 77.9045, GNorm = 0.8913, lr_0 = 6.6145e-06
Loss = 1.2424e-02, PNorm = 77.9047, GNorm = 0.6220, lr_0 = 6.5922e-06
Loss = 1.5252e-02, PNorm = 77.9048, GNorm = 0.6971, lr_0 = 6.5700e-06
Loss = 1.3667e-02, PNorm = 77.9050, GNorm = 0.6962, lr_0 = 6.5479e-06
Loss = 1.2084e-02, PNorm = 77.9052, GNorm = 0.4144, lr_0 = 6.5258e-06
Loss = 1.1541e-02, PNorm = 77.9053, GNorm = 0.5822, lr_0 = 6.5038e-06
Loss = 1.3076e-02, PNorm = 77.9054, GNorm = 0.8728, lr_0 = 6.4819e-06
Loss = 1.2715e-02, PNorm = 77.9055, GNorm = 1.9482, lr_0 = 6.4601e-06
Loss = 1.2323e-02, PNorm = 77.9057, GNorm = 0.3850, lr_0 = 6.4383e-06
Loss = 1.2990e-02, PNorm = 77.9058, GNorm = 0.9223, lr_0 = 6.4166e-06
Loss = 1.3670e-02, PNorm = 77.9060, GNorm = 1.2791, lr_0 = 6.3950e-06
Loss = 1.5141e-02, PNorm = 77.9061, GNorm = 0.9885, lr_0 = 6.3735e-06
Loss = 1.1057e-02, PNorm = 77.9064, GNorm = 0.7182, lr_0 = 6.3520e-06
Validation rmse = 28.320147
Epoch 45
Loss = 1.5663e-02, PNorm = 77.9066, GNorm = 1.1113, lr_0 = 6.3306e-06
Loss = 1.1883e-02, PNorm = 77.9067, GNorm = 0.8397, lr_0 = 6.3093e-06
Loss = 1.2662e-02, PNorm = 77.9068, GNorm = 0.5581, lr_0 = 6.2880e-06
Loss = 1.0801e-02, PNorm = 77.9069, GNorm = 0.4461, lr_0 = 6.2668e-06
Loss = 1.3542e-02, PNorm = 77.9070, GNorm = 0.5802, lr_0 = 6.2457e-06
Loss = 1.2425e-02, PNorm = 77.9070, GNorm = 2.3685, lr_0 = 6.2247e-06
Loss = 9.9001e-03, PNorm = 77.9071, GNorm = 0.6431, lr_0 = 6.2037e-06
Loss = 1.1319e-02, PNorm = 77.9072, GNorm = 0.3475, lr_0 = 6.1828e-06
Loss = 1.2759e-02, PNorm = 77.9074, GNorm = 0.7733, lr_0 = 6.1620e-06
Loss = 1.1069e-02, PNorm = 77.9075, GNorm = 0.5582, lr_0 = 6.1412e-06
Loss = 1.3926e-02, PNorm = 77.9077, GNorm = 0.9203, lr_0 = 6.1205e-06
Loss = 1.2932e-02, PNorm = 77.9079, GNorm = 0.7105, lr_0 = 6.0999e-06
Loss = 1.0616e-02, PNorm = 77.9080, GNorm = 0.6320, lr_0 = 6.0793e-06
Loss = 1.4014e-02, PNorm = 77.9081, GNorm = 0.8685, lr_0 = 6.0589e-06
Loss = 1.1366e-02, PNorm = 77.9082, GNorm = 0.9005, lr_0 = 6.0384e-06
Loss = 1.4821e-02, PNorm = 77.9084, GNorm = 1.3638, lr_0 = 6.0181e-06
Loss = 1.2837e-02, PNorm = 77.9086, GNorm = 1.0408, lr_0 = 5.9978e-06
Loss = 1.2828e-02, PNorm = 77.9087, GNorm = 0.7344, lr_0 = 5.9776e-06
Loss = 1.5164e-02, PNorm = 77.9088, GNorm = 0.5178, lr_0 = 5.9575e-06
Loss = 1.3597e-02, PNorm = 77.9090, GNorm = 0.9187, lr_0 = 5.9374e-06
Loss = 1.2549e-02, PNorm = 77.9092, GNorm = 0.4054, lr_0 = 5.9174e-06
Loss = 1.1975e-02, PNorm = 77.9093, GNorm = 0.4342, lr_0 = 5.8975e-06
Loss = 1.2884e-02, PNorm = 77.9095, GNorm = 1.0892, lr_0 = 5.8776e-06
Loss = 1.3020e-02, PNorm = 77.9097, GNorm = 2.7744, lr_0 = 5.8578e-06
Loss = 1.4740e-02, PNorm = 77.9098, GNorm = 1.7492, lr_0 = 5.8381e-06
Validation rmse = 27.957418
Epoch 46
Loss = 9.0140e-03, PNorm = 77.9099, GNorm = 0.6997, lr_0 = 5.8184e-06
Loss = 1.0279e-02, PNorm = 77.9100, GNorm = 0.5921, lr_0 = 5.7988e-06
Loss = 9.5676e-03, PNorm = 77.9101, GNorm = 1.1287, lr_0 = 5.7792e-06
Loss = 1.4056e-02, PNorm = 77.9103, GNorm = 1.7429, lr_0 = 5.7598e-06
Loss = 1.2071e-02, PNorm = 77.9105, GNorm = 0.3349, lr_0 = 5.7404e-06
Loss = 1.2472e-02, PNorm = 77.9106, GNorm = 1.1331, lr_0 = 5.7210e-06
Loss = 1.4296e-02, PNorm = 77.9107, GNorm = 0.8274, lr_0 = 5.7018e-06
Loss = 1.0837e-02, PNorm = 77.9108, GNorm = 0.5220, lr_0 = 5.6825e-06
Loss = 1.5672e-02, PNorm = 77.9109, GNorm = 0.3799, lr_0 = 5.6634e-06
Loss = 1.1164e-02, PNorm = 77.9110, GNorm = 1.0656, lr_0 = 5.6443e-06
Loss = 1.1968e-02, PNorm = 77.9112, GNorm = 0.8426, lr_0 = 5.6253e-06
Loss = 1.0723e-02, PNorm = 77.9113, GNorm = 0.4011, lr_0 = 5.6064e-06
Loss = 1.5461e-02, PNorm = 77.9115, GNorm = 1.1050, lr_0 = 5.5875e-06
Loss = 1.3637e-02, PNorm = 77.9116, GNorm = 0.4472, lr_0 = 5.5686e-06
Loss = 1.2427e-02, PNorm = 77.9117, GNorm = 1.1901, lr_0 = 5.5499e-06
Loss = 9.7642e-03, PNorm = 77.9118, GNorm = 1.3890, lr_0 = 5.5312e-06
Loss = 1.2952e-02, PNorm = 77.9120, GNorm = 0.6661, lr_0 = 5.5125e-06
Loss = 1.3513e-02, PNorm = 77.9121, GNorm = 0.7412, lr_0 = 5.4940e-06
Loss = 1.5140e-02, PNorm = 77.9121, GNorm = 0.5251, lr_0 = 5.4755e-06
Loss = 1.5081e-02, PNorm = 77.9122, GNorm = 1.2041, lr_0 = 5.4570e-06
Loss = 1.2569e-02, PNorm = 77.9123, GNorm = 1.6692, lr_0 = 5.4386e-06
Loss = 1.2005e-02, PNorm = 77.9125, GNorm = 0.5614, lr_0 = 5.4203e-06
Loss = 1.4815e-02, PNorm = 77.9126, GNorm = 0.6288, lr_0 = 5.4020e-06
Loss = 1.2849e-02, PNorm = 77.9127, GNorm = 0.8815, lr_0 = 5.3838e-06
Loss = 1.2922e-02, PNorm = 77.9128, GNorm = 0.4804, lr_0 = 5.3657e-06
Validation rmse = 27.961848
Epoch 47
Loss = 1.1769e-02, PNorm = 77.9129, GNorm = 0.6722, lr_0 = 5.3458e-06
Loss = 1.0813e-02, PNorm = 77.9131, GNorm = 0.7280, lr_0 = 5.3278e-06
Loss = 1.1094e-02, PNorm = 77.9131, GNorm = 0.9217, lr_0 = 5.3099e-06
Loss = 1.4521e-02, PNorm = 77.9133, GNorm = 0.8229, lr_0 = 5.2920e-06
Loss = 1.2938e-02, PNorm = 77.9135, GNorm = 0.5763, lr_0 = 5.2741e-06
Loss = 1.2581e-02, PNorm = 77.9137, GNorm = 0.4946, lr_0 = 5.2564e-06
Loss = 1.2648e-02, PNorm = 77.9138, GNorm = 0.7969, lr_0 = 5.2387e-06
Loss = 1.3796e-02, PNorm = 77.9140, GNorm = 0.6968, lr_0 = 5.2210e-06
Loss = 1.3223e-02, PNorm = 77.9141, GNorm = 0.7091, lr_0 = 5.2034e-06
Loss = 1.0679e-02, PNorm = 77.9142, GNorm = 0.6999, lr_0 = 5.1859e-06
Loss = 9.5151e-03, PNorm = 77.9143, GNorm = 0.7002, lr_0 = 5.1684e-06
Loss = 9.3620e-03, PNorm = 77.9144, GNorm = 0.5994, lr_0 = 5.1510e-06
Loss = 1.1157e-02, PNorm = 77.9145, GNorm = 0.5368, lr_0 = 5.1337e-06
Loss = 1.3430e-02, PNorm = 77.9145, GNorm = 0.9993, lr_0 = 5.1164e-06
Loss = 1.4384e-02, PNorm = 77.9147, GNorm = 0.6590, lr_0 = 5.0991e-06
Loss = 1.7123e-02, PNorm = 77.9148, GNorm = 0.6419, lr_0 = 5.0819e-06
Loss = 1.1710e-02, PNorm = 77.9148, GNorm = 0.5896, lr_0 = 5.0648e-06
Loss = 1.2689e-02, PNorm = 77.9149, GNorm = 1.0843, lr_0 = 5.0478e-06
Loss = 1.1705e-02, PNorm = 77.9150, GNorm = 1.0706, lr_0 = 5.0308e-06
Loss = 1.3335e-02, PNorm = 77.9151, GNorm = 1.2392, lr_0 = 5.0138e-06
Loss = 1.2820e-02, PNorm = 77.9153, GNorm = 1.3640, lr_0 = 4.9969e-06
Loss = 1.1093e-02, PNorm = 77.9154, GNorm = 0.5470, lr_0 = 4.9801e-06
Loss = 1.3380e-02, PNorm = 77.9155, GNorm = 0.7337, lr_0 = 4.9633e-06
Loss = 1.1488e-02, PNorm = 77.9156, GNorm = 0.7003, lr_0 = 4.9466e-06
Loss = 1.3298e-02, PNorm = 77.9157, GNorm = 0.6225, lr_0 = 4.9299e-06
Validation rmse = 28.136281
Epoch 48
Loss = 1.2932e-02, PNorm = 77.9157, GNorm = 0.8301, lr_0 = 4.9133e-06
Loss = 9.6862e-03, PNorm = 77.9158, GNorm = 0.5196, lr_0 = 4.8967e-06
Loss = 9.4719e-03, PNorm = 77.9159, GNorm = 0.8196, lr_0 = 4.8803e-06
Loss = 9.3032e-03, PNorm = 77.9160, GNorm = 0.3703, lr_0 = 4.8638e-06
Loss = 1.1901e-02, PNorm = 77.9161, GNorm = 0.5083, lr_0 = 4.8474e-06
Loss = 1.4056e-02, PNorm = 77.9161, GNorm = 0.4591, lr_0 = 4.8311e-06
Loss = 1.4733e-02, PNorm = 77.9163, GNorm = 0.8867, lr_0 = 4.8148e-06
Loss = 1.8419e-02, PNorm = 77.9165, GNorm = 0.8382, lr_0 = 4.7986e-06
Loss = 1.1090e-02, PNorm = 77.9166, GNorm = 1.3365, lr_0 = 4.7824e-06
Loss = 1.4683e-02, PNorm = 77.9167, GNorm = 0.8978, lr_0 = 4.7663e-06
Loss = 1.1856e-02, PNorm = 77.9168, GNorm = 1.7012, lr_0 = 4.7503e-06
Loss = 1.0042e-02, PNorm = 77.9170, GNorm = 0.8966, lr_0 = 4.7343e-06
Loss = 9.8566e-03, PNorm = 77.9171, GNorm = 1.4725, lr_0 = 4.7183e-06
Loss = 1.5519e-02, PNorm = 77.9173, GNorm = 0.4873, lr_0 = 4.7024e-06
Loss = 1.5269e-02, PNorm = 77.9174, GNorm = 0.6876, lr_0 = 4.6866e-06
Loss = 1.0633e-02, PNorm = 77.9175, GNorm = 0.9602, lr_0 = 4.6708e-06
Loss = 1.2721e-02, PNorm = 77.9176, GNorm = 0.4945, lr_0 = 4.6550e-06
Loss = 1.5410e-02, PNorm = 77.9177, GNorm = 1.4791, lr_0 = 4.6394e-06
Loss = 1.1330e-02, PNorm = 77.9178, GNorm = 0.5583, lr_0 = 4.6237e-06
Loss = 1.6539e-02, PNorm = 77.9180, GNorm = 1.3303, lr_0 = 4.6081e-06
Loss = 1.1887e-02, PNorm = 77.9181, GNorm = 0.5813, lr_0 = 4.5926e-06
Loss = 1.0306e-02, PNorm = 77.9182, GNorm = 0.8665, lr_0 = 4.5771e-06
Loss = 9.7506e-03, PNorm = 77.9183, GNorm = 0.5845, lr_0 = 4.5617e-06
Loss = 1.1285e-02, PNorm = 77.9184, GNorm = 0.5257, lr_0 = 4.5464e-06
Loss = 1.1669e-02, PNorm = 77.9185, GNorm = 0.8819, lr_0 = 4.5310e-06
Validation rmse = 28.116034
Epoch 49
Loss = 1.2524e-02, PNorm = 77.9186, GNorm = 0.6440, lr_0 = 4.5158e-06
Loss = 1.1237e-02, PNorm = 77.9186, GNorm = 1.2964, lr_0 = 4.5006e-06
Loss = 1.0820e-02, PNorm = 77.9187, GNorm = 0.5812, lr_0 = 4.4854e-06
Loss = 1.1379e-02, PNorm = 77.9188, GNorm = 0.4605, lr_0 = 4.4703e-06
Loss = 1.1111e-02, PNorm = 77.9189, GNorm = 0.4331, lr_0 = 4.4552e-06
Loss = 1.0381e-02, PNorm = 77.9189, GNorm = 0.9661, lr_0 = 4.4402e-06
Loss = 1.1925e-02, PNorm = 77.9190, GNorm = 0.8513, lr_0 = 4.4253e-06
Loss = 1.1411e-02, PNorm = 77.9191, GNorm = 0.5066, lr_0 = 4.4103e-06
Loss = 9.8555e-03, PNorm = 77.9192, GNorm = 0.5426, lr_0 = 4.3955e-06
Loss = 1.5090e-02, PNorm = 77.9193, GNorm = 0.8464, lr_0 = 4.3807e-06
Loss = 1.1077e-02, PNorm = 77.9194, GNorm = 1.0999, lr_0 = 4.3659e-06
Loss = 1.0400e-02, PNorm = 77.9195, GNorm = 0.9623, lr_0 = 4.3512e-06
Loss = 1.4084e-02, PNorm = 77.9196, GNorm = 0.9329, lr_0 = 4.3366e-06
Loss = 1.1636e-02, PNorm = 77.9197, GNorm = 0.4607, lr_0 = 4.3219e-06
Loss = 1.6419e-02, PNorm = 77.9198, GNorm = 1.5712, lr_0 = 4.3074e-06
Loss = 1.1646e-02, PNorm = 77.9199, GNorm = 1.4058, lr_0 = 4.2929e-06
Loss = 8.1183e-03, PNorm = 77.9200, GNorm = 0.4684, lr_0 = 4.2784e-06
Loss = 1.3207e-02, PNorm = 77.9201, GNorm = 0.8330, lr_0 = 4.2640e-06
Loss = 1.3668e-02, PNorm = 77.9202, GNorm = 1.1088, lr_0 = 4.2496e-06
Loss = 1.1372e-02, PNorm = 77.9203, GNorm = 0.5557, lr_0 = 4.2353e-06
Loss = 1.1702e-02, PNorm = 77.9204, GNorm = 0.6018, lr_0 = 4.2339e-06
Loss = 1.2178e-02, PNorm = 77.9205, GNorm = 0.5204, lr_0 = 4.2339e-06
Loss = 1.5309e-02, PNorm = 77.9205, GNorm = 0.8662, lr_0 = 4.2339e-06
Loss = 1.1764e-02, PNorm = 77.9206, GNorm = 0.5190, lr_0 = 4.2339e-06
Loss = 1.1865e-02, PNorm = 77.9207, GNorm = 0.7150, lr_0 = 4.2339e-06
Validation rmse = 28.107713
Model 0 best validation rmse = 27.957418 on epoch 45
Loading pretrained parameter "encoder.encoder.0.cached_zero_vector".
Loading pretrained parameter "encoder.encoder.0.W_i.weight".
Loading pretrained parameter "encoder.encoder.0.W_h.weight".
Loading pretrained parameter "encoder.encoder.0.W_o.weight".
Loading pretrained parameter "encoder.encoder.0.W_o.bias".
Loading pretrained parameter "encoder.encoder.1.cached_zero_vector".
Loading pretrained parameter "encoder.encoder.1.W_i.weight".
Loading pretrained parameter "encoder.encoder.1.W_h.weight".
Loading pretrained parameter "encoder.encoder.1.W_o.weight".
Loading pretrained parameter "encoder.encoder.1.W_o.bias".
Loading pretrained parameter "ffn.1.weight".
Loading pretrained parameter "ffn.1.bias".
Loading pretrained parameter "ffn.4.weight".
Loading pretrained parameter "ffn.4.bias".
Loading pretrained parameter "ffn.7.weight".
Loading pretrained parameter "ffn.7.bias".
Moving model to cuda
Model 0 test rmse = 26.479034
Ensemble test rmse = 26.479034
1-fold cross validation
	Seed 0 ==> test rmse = 26.479034
Overall test rmse = 26.479034 +/- 0.000000
Elapsed time = 0:39:00
