Command line
python /home/kpg/chemprop/train.py --data_path ../../../data/splits/lambda_max_abs/deep4chem/group_by_smiles/smiles_target_train.csv --dataset_type regression --save_dir /home/kimele03/uvvisml/uvvisml/models/abs_all_checkpoints/group_by_smiles/results/506982/49662475 --config_path /home/kimele03/uvvisml/uvvisml/models/abs_all_checkpoints/group_by_smiles/results/506982/49662475/hyperopt.json --metric rmse --epochs 50 --gpu 0 --ensemble_size 1 --separate_val_path ../../../data/splits/lambda_max_abs/deep4chem/group_by_smiles/smiles_target_val.csv --separate_test_path ../../../data/splits/lambda_max_abs/deep4chem/group_by_smiles/smiles_target_test.csv --number_of_molecules 2
Args
{'activation': 'ReLU',
 'aggregation': 'mean',
 'aggregation_norm': 100,
 'atom_descriptor_scaling': True,
 'atom_descriptors': None,
 'atom_descriptors_path': None,
 'atom_descriptors_size': 0,
 'atom_features_size': 0,
 'atom_messages': False,
 'batch_size': 56,
 'bias': False,
 'bond_feature_scaling': True,
 'bond_features_path': None,
 'bond_features_size': 0,
 'cache_cutoff': 10000,
 'checkpoint_dir': None,
 'checkpoint_frzn': None,
 'checkpoint_path': None,
 'checkpoint_paths': None,
 'class_balance': False,
 'config_path': '/home/kimele03/uvvisml/uvvisml/models/abs_all_checkpoints/group_by_smiles/results/506982/49662475/hyperopt.json',
 'crossval_index_dir': None,
 'crossval_index_file': None,
 'crossval_index_sets': None,
 'cuda': True,
 'data_path': '../../../data/splits/lambda_max_abs/deep4chem/group_by_smiles/smiles_target_train.csv',
 'data_weights_path': None,
 'dataset_type': 'regression',
 'depth': 4,
 'device': device(type='cuda', index=0),
 'dropout': 0.1928057617548614,
 'empty_cache': False,
 'ensemble_size': 1,
 'epochs': 50,
 'explicit_h': False,
 'extra_metrics': [],
 'features_generator': None,
 'features_only': False,
 'features_path': None,
 'features_scaling': True,
 'features_size': None,
 'ffn_hidden_size': 1499,
 'ffn_num_layers': 1,
 'final_lr': 6.261842729778017e-06,
 'folds_file': None,
 'freeze_first_only': False,
 'frzn_ffn_layers': 0,
 'gpu': 0,
 'grad_clip': None,
 'hidden_size': 1693,
 'ignore_columns': None,
 'init_lr': 2.268064082623418e-07,
 'log_frequency': 10,
 'max_data_size': None,
 'max_lr': 5.337267796965584e-05,
 'metric': 'rmse',
 'metrics': ['rmse'],
 'minimize_score': True,
 'mpn_shared': False,
 'multiclass_num_classes': 3,
 'no_atom_descriptor_scaling': False,
 'no_bond_features_scaling': False,
 'no_cache_mol': False,
 'no_cuda': False,
 'no_features_scaling': False,
 'num_folds': 1,
 'num_lrs': 1,
 'num_tasks': 1,
 'num_workers': 8,
 'number_of_molecules': 2,
 'overwrite_default_atom_features': False,
 'overwrite_default_bond_features': False,
 'pytorch_seed': 0,
 'quiet': False,
 'reaction': False,
 'reaction_mode': 'reac_diff',
 'resume_experiment': False,
 'save_dir': '/home/kimele03/uvvisml/uvvisml/models/abs_all_checkpoints/group_by_smiles/results/506982/49662475',
 'save_preds': False,
 'save_smiles_splits': False,
 'seed': 0,
 'separate_test_atom_descriptors_path': None,
 'separate_test_bond_features_path': None,
 'separate_test_features_path': None,
 'separate_test_path': '../../../data/splits/lambda_max_abs/deep4chem/group_by_smiles/smiles_target_test.csv',
 'separate_val_atom_descriptors_path': None,
 'separate_val_bond_features_path': None,
 'separate_val_features_path': None,
 'separate_val_path': '../../../data/splits/lambda_max_abs/deep4chem/group_by_smiles/smiles_target_val.csv',
 'show_individual_scores': False,
 'smiles_columns': ['smiles', 'solvent'],
 'split_sizes': (0.8, 0.1, 0.1),
 'split_type': 'random',
 'target_columns': None,
 'target_weights': None,
 'task_names': ['peakwavs_max'],
 'test': False,
 'test_fold_index': None,
 'train_data_size': None,
 'undirected': False,
 'use_input_features': False,
 'val_fold_index': None,
 'warmup_epochs': 3}
Loading data
Number of tasks = 1
Fold 0
Splitting data with seed 0
Total size = 13,242 | train size = 13,242 | val size = 1,633 | test size = 1,710
Fitting scaler
Building model 0
MoleculeModel(
  (encoder): MPN(
    (encoder): ModuleList(
      (0): MPNEncoder(
        (dropout_layer): Dropout(p=0.1928057617548614, inplace=False)
        (act_func): ReLU()
        (W_i): Linear(in_features=147, out_features=1693, bias=False)
        (W_h): Linear(in_features=1693, out_features=1693, bias=False)
        (W_o): Linear(in_features=1826, out_features=1693, bias=True)
      )
      (1): MPNEncoder(
        (dropout_layer): Dropout(p=0.1928057617548614, inplace=False)
        (act_func): ReLU()
        (W_i): Linear(in_features=147, out_features=1693, bias=False)
        (W_h): Linear(in_features=1693, out_features=1693, bias=False)
        (W_o): Linear(in_features=1826, out_features=1693, bias=True)
      )
    )
  )
  (ffn): Sequential(
    (0): Dropout(p=0.1928057617548614, inplace=False)
    (1): Linear(in_features=3386, out_features=1, bias=True)
  )
)
Number of parameters = 12,423,235
Moving model to cuda
Epoch 0
Loss = 1.2223e+00, PNorm = 86.2849, GNorm = 3.5503, lr_0 = 1.0525e-06
Loss = 9.3017e-01, PNorm = 86.2849, GNorm = 3.2077, lr_0 = 1.8032e-06
Loss = 9.4165e-01, PNorm = 86.2849, GNorm = 7.1079, lr_0 = 2.5538e-06
Loss = 9.2794e-01, PNorm = 86.2849, GNorm = 4.2085, lr_0 = 3.3045e-06
Loss = 1.2128e+00, PNorm = 86.2850, GNorm = 3.4757, lr_0 = 4.0551e-06
Loss = 9.9408e-01, PNorm = 86.2850, GNorm = 3.5041, lr_0 = 4.8058e-06
Loss = 9.9161e-01, PNorm = 86.2851, GNorm = 3.7178, lr_0 = 5.5564e-06
Loss = 8.7186e-01, PNorm = 86.2852, GNorm = 3.4110, lr_0 = 6.3071e-06
Loss = 8.1310e-01, PNorm = 86.2853, GNorm = 13.5217, lr_0 = 7.0577e-06
Loss = 8.4602e-01, PNorm = 86.2855, GNorm = 5.5572, lr_0 = 7.8084e-06
Loss = 8.6533e-01, PNorm = 86.2857, GNorm = 2.9504, lr_0 = 8.5590e-06
Loss = 8.4700e-01, PNorm = 86.2860, GNorm = 6.1296, lr_0 = 9.3096e-06
Loss = 9.9601e-01, PNorm = 86.2864, GNorm = 5.7048, lr_0 = 1.0060e-05
Loss = 7.5406e-01, PNorm = 86.2868, GNorm = 2.9658, lr_0 = 1.0811e-05
Loss = 9.3379e-01, PNorm = 86.2873, GNorm = 4.8275, lr_0 = 1.1562e-05
Loss = 7.4548e-01, PNorm = 86.2878, GNorm = 7.6376, lr_0 = 1.2312e-05
Loss = 8.9578e-01, PNorm = 86.2883, GNorm = 12.4758, lr_0 = 1.3063e-05
Loss = 8.2484e-01, PNorm = 86.2888, GNorm = 15.7536, lr_0 = 1.3814e-05
Loss = 8.1296e-01, PNorm = 86.2893, GNorm = 4.7177, lr_0 = 1.4564e-05
Loss = 7.9904e-01, PNorm = 86.2900, GNorm = 3.0872, lr_0 = 1.5315e-05
Loss = 7.9599e-01, PNorm = 86.2908, GNorm = 2.3410, lr_0 = 1.6065e-05
Loss = 7.2092e-01, PNorm = 86.2916, GNorm = 3.8686, lr_0 = 1.6816e-05
Loss = 5.4704e-01, PNorm = 86.2922, GNorm = 3.1339, lr_0 = 1.7567e-05
Validation rmse = 86.029168
Epoch 1
Loss = 8.9547e-01, PNorm = 86.2931, GNorm = 6.3061, lr_0 = 1.8392e-05
Loss = 7.6900e-01, PNorm = 86.2941, GNorm = 2.9279, lr_0 = 1.9143e-05
Loss = 8.2075e-01, PNorm = 86.2950, GNorm = 3.0751, lr_0 = 1.9894e-05
Loss = 7.4141e-01, PNorm = 86.2961, GNorm = 5.0640, lr_0 = 2.0644e-05
Loss = 6.1679e-01, PNorm = 86.2974, GNorm = 4.9523, lr_0 = 2.1395e-05
Loss = 5.6590e-01, PNorm = 86.2987, GNorm = 7.9259, lr_0 = 2.2146e-05
Loss = 7.4444e-01, PNorm = 86.2998, GNorm = 8.1032, lr_0 = 2.2896e-05
Loss = 6.3085e-01, PNorm = 86.3011, GNorm = 3.3584, lr_0 = 2.3647e-05
Loss = 6.0253e-01, PNorm = 86.3027, GNorm = 12.2348, lr_0 = 2.4398e-05
Loss = 6.7303e-01, PNorm = 86.3045, GNorm = 13.7024, lr_0 = 2.5148e-05
Loss = 5.5396e-01, PNorm = 86.3058, GNorm = 3.1106, lr_0 = 2.5899e-05
Loss = 5.9472e-01, PNorm = 86.3071, GNorm = 22.2743, lr_0 = 2.6650e-05
Loss = 5.9402e-01, PNorm = 86.3085, GNorm = 6.8091, lr_0 = 2.7400e-05
Loss = 6.9517e-01, PNorm = 86.3094, GNorm = 18.6419, lr_0 = 2.8151e-05
Loss = 7.6100e-01, PNorm = 86.3104, GNorm = 11.1207, lr_0 = 2.8902e-05
Loss = 5.9170e-01, PNorm = 86.3122, GNorm = 11.0607, lr_0 = 2.9652e-05
Loss = 6.1944e-01, PNorm = 86.3143, GNorm = 8.9043, lr_0 = 3.0403e-05
Loss = 5.7046e-01, PNorm = 86.3162, GNorm = 5.7185, lr_0 = 3.1154e-05
Loss = 7.1422e-01, PNorm = 86.3185, GNorm = 26.5753, lr_0 = 3.1904e-05
Loss = 5.3714e-01, PNorm = 86.3204, GNorm = 7.4482, lr_0 = 3.2655e-05
Loss = 5.5506e-01, PNorm = 86.3222, GNorm = 4.9278, lr_0 = 3.3405e-05
Loss = 6.4729e-01, PNorm = 86.3238, GNorm = 8.7977, lr_0 = 3.4156e-05
Loss = 5.3544e-01, PNorm = 86.3260, GNorm = 5.7508, lr_0 = 3.4907e-05
Loss = 5.6849e-01, PNorm = 86.3287, GNorm = 4.1072, lr_0 = 3.5657e-05
Validation rmse = 74.835421
Epoch 2
Loss = 4.9326e-01, PNorm = 86.3323, GNorm = 7.4437, lr_0 = 3.6483e-05
Loss = 5.2860e-01, PNorm = 86.3353, GNorm = 4.5537, lr_0 = 3.7234e-05
Loss = 4.8831e-01, PNorm = 86.3380, GNorm = 6.1242, lr_0 = 3.7984e-05
Loss = 4.6990e-01, PNorm = 86.3406, GNorm = 8.6273, lr_0 = 3.8735e-05
Loss = 5.0134e-01, PNorm = 86.3425, GNorm = 6.1734, lr_0 = 3.9486e-05
Loss = 5.7829e-01, PNorm = 86.3442, GNorm = 20.1121, lr_0 = 4.0236e-05
Loss = 6.5399e-01, PNorm = 86.3463, GNorm = 18.1685, lr_0 = 4.0987e-05
Loss = 4.8925e-01, PNorm = 86.3483, GNorm = 2.6574, lr_0 = 4.1738e-05
Loss = 4.4153e-01, PNorm = 86.3506, GNorm = 1.7008, lr_0 = 4.2488e-05
Loss = 5.6771e-01, PNorm = 86.3531, GNorm = 3.6223, lr_0 = 4.3239e-05
Loss = 5.8909e-01, PNorm = 86.3560, GNorm = 11.0449, lr_0 = 4.3990e-05
Loss = 4.5105e-01, PNorm = 86.3590, GNorm = 8.8696, lr_0 = 4.4740e-05
Loss = 5.6867e-01, PNorm = 86.3623, GNorm = 13.3368, lr_0 = 4.5491e-05
Loss = 5.2412e-01, PNorm = 86.3656, GNorm = 3.2286, lr_0 = 4.6242e-05
Loss = 4.1141e-01, PNorm = 86.3683, GNorm = 12.3933, lr_0 = 4.6992e-05
Loss = 4.3599e-01, PNorm = 86.3711, GNorm = 7.7023, lr_0 = 4.7743e-05
Loss = 4.6018e-01, PNorm = 86.3743, GNorm = 12.8891, lr_0 = 4.8493e-05
Loss = 4.4532e-01, PNorm = 86.3773, GNorm = 13.7783, lr_0 = 4.9244e-05
Loss = 5.8940e-01, PNorm = 86.3807, GNorm = 10.4890, lr_0 = 4.9995e-05
Loss = 4.3735e-01, PNorm = 86.3840, GNorm = 2.9682, lr_0 = 5.0745e-05
Loss = 4.1831e-01, PNorm = 86.3875, GNorm = 1.8983, lr_0 = 5.1496e-05
Loss = 4.3021e-01, PNorm = 86.3908, GNorm = 22.0559, lr_0 = 5.2247e-05
Loss = 3.8001e-01, PNorm = 86.3941, GNorm = 2.8041, lr_0 = 5.2997e-05
Validation rmse = 76.454779
Epoch 3
Loss = 4.4278e-01, PNorm = 86.3979, GNorm = 28.8403, lr_0 = 5.3321e-05
Loss = 3.8512e-01, PNorm = 86.4007, GNorm = 18.5458, lr_0 = 5.3218e-05
Loss = 4.2262e-01, PNorm = 86.4036, GNorm = 10.8068, lr_0 = 5.3116e-05
Loss = 3.2303e-01, PNorm = 86.4068, GNorm = 3.5821, lr_0 = 5.3013e-05
Loss = 4.0718e-01, PNorm = 86.4099, GNorm = 2.5555, lr_0 = 5.2911e-05
Loss = 4.0657e-01, PNorm = 86.4134, GNorm = 8.5002, lr_0 = 5.2809e-05
Loss = 4.4550e-01, PNorm = 86.4155, GNorm = 23.4178, lr_0 = 5.2707e-05
Loss = 3.5574e-01, PNorm = 86.4194, GNorm = 5.0416, lr_0 = 5.2605e-05
Loss = 4.1552e-01, PNorm = 86.4227, GNorm = 2.1060, lr_0 = 5.2503e-05
Loss = 4.0418e-01, PNorm = 86.4247, GNorm = 8.0405, lr_0 = 5.2402e-05
Loss = 4.1512e-01, PNorm = 86.4274, GNorm = 10.8915, lr_0 = 5.2301e-05
Loss = 3.7784e-01, PNorm = 86.4311, GNorm = 3.4308, lr_0 = 5.2200e-05
Loss = 4.0961e-01, PNorm = 86.4347, GNorm = 25.0475, lr_0 = 5.2099e-05
Loss = 3.7088e-01, PNorm = 86.4375, GNorm = 11.9052, lr_0 = 5.1999e-05
Loss = 3.5458e-01, PNorm = 86.4395, GNorm = 18.4394, lr_0 = 5.1898e-05
Loss = 3.8230e-01, PNorm = 86.4421, GNorm = 8.3455, lr_0 = 5.1798e-05
Loss = 4.7009e-01, PNorm = 86.4446, GNorm = 13.9075, lr_0 = 5.1698e-05
Loss = 4.2213e-01, PNorm = 86.4466, GNorm = 10.6440, lr_0 = 5.1598e-05
Loss = 4.0150e-01, PNorm = 86.4493, GNorm = 3.4794, lr_0 = 5.1499e-05
Loss = 3.8797e-01, PNorm = 86.4524, GNorm = 2.9594, lr_0 = 5.1399e-05
Loss = 4.1385e-01, PNorm = 86.4563, GNorm = 14.0657, lr_0 = 5.1300e-05
Loss = 3.5982e-01, PNorm = 86.4599, GNorm = 9.8276, lr_0 = 5.1201e-05
Loss = 3.6845e-01, PNorm = 86.4630, GNorm = 2.9614, lr_0 = 5.1102e-05
Loss = 3.6749e-01, PNorm = 86.4665, GNorm = 12.2183, lr_0 = 5.1004e-05
Validation rmse = 69.088070
Epoch 4
Loss = 3.5466e-01, PNorm = 86.4696, GNorm = 2.6727, lr_0 = 5.0896e-05
Loss = 3.9171e-01, PNorm = 86.4727, GNorm = 4.2390, lr_0 = 5.0797e-05
Loss = 3.4729e-01, PNorm = 86.4754, GNorm = 9.1017, lr_0 = 5.0699e-05
Loss = 3.1179e-01, PNorm = 86.4785, GNorm = 5.4228, lr_0 = 5.0601e-05
Loss = 3.3451e-01, PNorm = 86.4814, GNorm = 4.3397, lr_0 = 5.0504e-05
Loss = 3.2143e-01, PNorm = 86.4839, GNorm = 9.5244, lr_0 = 5.0406e-05
Loss = 3.7335e-01, PNorm = 86.4860, GNorm = 1.4609, lr_0 = 5.0309e-05
Loss = 4.2115e-01, PNorm = 86.4885, GNorm = 8.5764, lr_0 = 5.0212e-05
Loss = 3.9815e-01, PNorm = 86.4913, GNorm = 3.4832, lr_0 = 5.0115e-05
Loss = 2.9711e-01, PNorm = 86.4941, GNorm = 5.0062, lr_0 = 5.0018e-05
Loss = 2.8288e-01, PNorm = 86.4956, GNorm = 2.6167, lr_0 = 4.9922e-05
Loss = 2.6974e-01, PNorm = 86.4978, GNorm = 3.7182, lr_0 = 4.9825e-05
Loss = 4.0298e-01, PNorm = 86.4999, GNorm = 16.5427, lr_0 = 4.9729e-05
Loss = 3.7534e-01, PNorm = 86.5025, GNorm = 2.8599, lr_0 = 4.9633e-05
Loss = 3.9012e-01, PNorm = 86.5049, GNorm = 3.7458, lr_0 = 4.9537e-05
Loss = 4.3255e-01, PNorm = 86.5075, GNorm = 2.8270, lr_0 = 4.9442e-05
Loss = 3.1632e-01, PNorm = 86.5111, GNorm = 1.3590, lr_0 = 4.9346e-05
Loss = 3.1544e-01, PNorm = 86.5137, GNorm = 3.1879, lr_0 = 4.9251e-05
Loss = 2.9682e-01, PNorm = 86.5163, GNorm = 2.0164, lr_0 = 4.9156e-05
Loss = 2.8747e-01, PNorm = 86.5184, GNorm = 3.8240, lr_0 = 4.9061e-05
Loss = 2.6584e-01, PNorm = 86.5202, GNorm = 9.2648, lr_0 = 4.8967e-05
Loss = 3.2182e-01, PNorm = 86.5230, GNorm = 1.5609, lr_0 = 4.8872e-05
Loss = 2.9121e-01, PNorm = 86.5251, GNorm = 10.7656, lr_0 = 4.8778e-05
Loss = 2.9660e-01, PNorm = 86.5265, GNorm = 22.2935, lr_0 = 4.8684e-05
Validation rmse = 60.980512
Epoch 5
Loss = 3.0943e-01, PNorm = 86.5283, GNorm = 6.2786, lr_0 = 4.8590e-05
Loss = 2.7421e-01, PNorm = 86.5309, GNorm = 3.6391, lr_0 = 4.8496e-05
Loss = 2.9260e-01, PNorm = 86.5331, GNorm = 7.4925, lr_0 = 4.8402e-05
Loss = 3.2245e-01, PNorm = 86.5351, GNorm = 3.0050, lr_0 = 4.8309e-05
Loss = 3.2599e-01, PNorm = 86.5371, GNorm = 3.7312, lr_0 = 4.8216e-05
Loss = 2.5340e-01, PNorm = 86.5396, GNorm = 12.7386, lr_0 = 4.8123e-05
Loss = 3.5179e-01, PNorm = 86.5420, GNorm = 5.0575, lr_0 = 4.8030e-05
Loss = 3.0946e-01, PNorm = 86.5447, GNorm = 7.8499, lr_0 = 4.7937e-05
Loss = 3.1581e-01, PNorm = 86.5463, GNorm = 4.7867, lr_0 = 4.7844e-05
Loss = 3.3196e-01, PNorm = 86.5488, GNorm = 10.0626, lr_0 = 4.7752e-05
Loss = 3.2459e-01, PNorm = 86.5505, GNorm = 4.3405, lr_0 = 4.7660e-05
Loss = 3.5632e-01, PNorm = 86.5530, GNorm = 10.9069, lr_0 = 4.7568e-05
Loss = 2.7972e-01, PNorm = 86.5550, GNorm = 9.4645, lr_0 = 4.7476e-05
Loss = 3.2117e-01, PNorm = 86.5567, GNorm = 5.4236, lr_0 = 4.7385e-05
Loss = 2.8601e-01, PNorm = 86.5585, GNorm = 4.6253, lr_0 = 4.7293e-05
Loss = 2.5689e-01, PNorm = 86.5603, GNorm = 13.1696, lr_0 = 4.7202e-05
Loss = 3.0084e-01, PNorm = 86.5610, GNorm = 8.8485, lr_0 = 4.7111e-05
Loss = 3.0102e-01, PNorm = 86.5630, GNorm = 19.8272, lr_0 = 4.7020e-05
Loss = 3.7402e-01, PNorm = 86.5661, GNorm = 8.2353, lr_0 = 4.6929e-05
Loss = 3.8651e-01, PNorm = 86.5689, GNorm = 9.6324, lr_0 = 4.6838e-05
Loss = 3.1213e-01, PNorm = 86.5704, GNorm = 17.4251, lr_0 = 4.6748e-05
Loss = 2.9467e-01, PNorm = 86.5723, GNorm = 13.5332, lr_0 = 4.6658e-05
Loss = 2.7695e-01, PNorm = 86.5740, GNorm = 3.0640, lr_0 = 4.6568e-05
Validation rmse = 59.157693
Epoch 6
Loss = 2.0361e-01, PNorm = 86.5761, GNorm = 7.8876, lr_0 = 4.6469e-05
Loss = 3.3963e-01, PNorm = 86.5781, GNorm = 12.8989, lr_0 = 4.6379e-05
Loss = 2.3967e-01, PNorm = 86.5800, GNorm = 2.3478, lr_0 = 4.6290e-05
Loss = 2.5196e-01, PNorm = 86.5817, GNorm = 2.5713, lr_0 = 4.6200e-05
Loss = 2.8186e-01, PNorm = 86.5843, GNorm = 4.3465, lr_0 = 4.6111e-05
Loss = 2.5810e-01, PNorm = 86.5864, GNorm = 14.0725, lr_0 = 4.6022e-05
Loss = 2.7483e-01, PNorm = 86.5882, GNorm = 10.4688, lr_0 = 4.5933e-05
Loss = 3.0081e-01, PNorm = 86.5899, GNorm = 8.3129, lr_0 = 4.5845e-05
Loss = 2.1443e-01, PNorm = 86.5919, GNorm = 2.0401, lr_0 = 4.5756e-05
Loss = 2.6666e-01, PNorm = 86.5935, GNorm = 3.1287, lr_0 = 4.5668e-05
Loss = 2.7809e-01, PNorm = 86.5950, GNorm = 2.6559, lr_0 = 4.5580e-05
Loss = 2.7955e-01, PNorm = 86.5977, GNorm = 10.3454, lr_0 = 4.5492e-05
Loss = 3.1230e-01, PNorm = 86.5999, GNorm = 5.1559, lr_0 = 4.5404e-05
Loss = 2.7536e-01, PNorm = 86.6018, GNorm = 21.8102, lr_0 = 4.5316e-05
Loss = 3.1526e-01, PNorm = 86.6038, GNorm = 14.4833, lr_0 = 4.5229e-05
Loss = 2.8083e-01, PNorm = 86.6061, GNorm = 1.9262, lr_0 = 4.5142e-05
Loss = 3.0642e-01, PNorm = 86.6073, GNorm = 10.2213, lr_0 = 4.5055e-05
Loss = 2.7710e-01, PNorm = 86.6089, GNorm = 16.7754, lr_0 = 4.4968e-05
Loss = 2.3358e-01, PNorm = 86.6106, GNorm = 6.9122, lr_0 = 4.4881e-05
Loss = 2.7213e-01, PNorm = 86.6126, GNorm = 14.4659, lr_0 = 4.4794e-05
Loss = 3.2237e-01, PNorm = 86.6142, GNorm = 2.9779, lr_0 = 4.4708e-05
Loss = 2.7070e-01, PNorm = 86.6155, GNorm = 3.2648, lr_0 = 4.4621e-05
Loss = 2.4787e-01, PNorm = 86.6166, GNorm = 2.4775, lr_0 = 4.4535e-05
Loss = 2.4151e-01, PNorm = 86.6179, GNorm = 3.1823, lr_0 = 4.4449e-05
Validation rmse = 55.499910
Epoch 7
Loss = 2.2888e-01, PNorm = 86.6199, GNorm = 14.8220, lr_0 = 4.4364e-05
Loss = 2.6104e-01, PNorm = 86.6215, GNorm = 13.2531, lr_0 = 4.4278e-05
Loss = 2.8925e-01, PNorm = 86.6231, GNorm = 7.8530, lr_0 = 4.4193e-05
Loss = 2.9733e-01, PNorm = 86.6256, GNorm = 7.2979, lr_0 = 4.4107e-05
Loss = 2.3661e-01, PNorm = 86.6277, GNorm = 2.7621, lr_0 = 4.4022e-05
Loss = 2.5161e-01, PNorm = 86.6300, GNorm = 5.5224, lr_0 = 4.3937e-05
Loss = 2.5726e-01, PNorm = 86.6321, GNorm = 5.1152, lr_0 = 4.3852e-05
Loss = 2.6195e-01, PNorm = 86.6336, GNorm = 6.5431, lr_0 = 4.3768e-05
Loss = 2.7725e-01, PNorm = 86.6351, GNorm = 10.6834, lr_0 = 4.3683e-05
Loss = 2.5886e-01, PNorm = 86.6371, GNorm = 3.7887, lr_0 = 4.3599e-05
Loss = 2.3457e-01, PNorm = 86.6389, GNorm = 2.6091, lr_0 = 4.3515e-05
Loss = 2.4515e-01, PNorm = 86.6406, GNorm = 8.5168, lr_0 = 4.3431e-05
Loss = 2.4315e-01, PNorm = 86.6420, GNorm = 5.1910, lr_0 = 4.3347e-05
Loss = 2.6646e-01, PNorm = 86.6443, GNorm = 8.5896, lr_0 = 4.3263e-05
Loss = 2.9389e-01, PNorm = 86.6465, GNorm = 6.2853, lr_0 = 4.3180e-05
Loss = 2.6770e-01, PNorm = 86.6485, GNorm = 14.4258, lr_0 = 4.3096e-05
Loss = 2.7138e-01, PNorm = 86.6506, GNorm = 8.1308, lr_0 = 4.3013e-05
Loss = 2.5098e-01, PNorm = 86.6535, GNorm = 4.3605, lr_0 = 4.2930e-05
Loss = 2.4689e-01, PNorm = 86.6551, GNorm = 7.1257, lr_0 = 4.2847e-05
Loss = 2.2540e-01, PNorm = 86.6561, GNorm = 13.8255, lr_0 = 4.2765e-05
Loss = 3.0813e-01, PNorm = 86.6573, GNorm = 9.3222, lr_0 = 4.2682e-05
Loss = 2.5316e-01, PNorm = 86.6591, GNorm = 9.0067, lr_0 = 4.2600e-05
Loss = 2.2876e-01, PNorm = 86.6609, GNorm = 5.9373, lr_0 = 4.2518e-05
Loss = 2.2631e-01, PNorm = 86.6627, GNorm = 2.3601, lr_0 = 4.2436e-05
Validation rmse = 57.908284
Epoch 8
Loss = 2.5362e-01, PNorm = 86.6644, GNorm = 8.0198, lr_0 = 4.2345e-05
Loss = 2.2587e-01, PNorm = 86.6660, GNorm = 3.5155, lr_0 = 4.2264e-05
Loss = 2.4548e-01, PNorm = 86.6669, GNorm = 9.3724, lr_0 = 4.2182e-05
Loss = 2.4569e-01, PNorm = 86.6678, GNorm = 2.2550, lr_0 = 4.2101e-05
Loss = 2.3765e-01, PNorm = 86.6699, GNorm = 9.4101, lr_0 = 4.2020e-05
Loss = 2.6582e-01, PNorm = 86.6725, GNorm = 3.4884, lr_0 = 4.1938e-05
Loss = 2.1986e-01, PNorm = 86.6743, GNorm = 2.8089, lr_0 = 4.1857e-05
Loss = 2.5721e-01, PNorm = 86.6763, GNorm = 4.1732, lr_0 = 4.1777e-05
Loss = 2.6452e-01, PNorm = 86.6786, GNorm = 9.1859, lr_0 = 4.1696e-05
Loss = 3.1634e-01, PNorm = 86.6804, GNorm = 8.8404, lr_0 = 4.1616e-05
Loss = 2.6575e-01, PNorm = 86.6823, GNorm = 8.1300, lr_0 = 4.1535e-05
Loss = 2.1582e-01, PNorm = 86.6840, GNorm = 3.3704, lr_0 = 4.1455e-05
Loss = 2.6019e-01, PNorm = 86.6858, GNorm = 16.4943, lr_0 = 4.1375e-05
Loss = 2.1975e-01, PNorm = 86.6870, GNorm = 2.3283, lr_0 = 4.1295e-05
Loss = 2.6534e-01, PNorm = 86.6888, GNorm = 6.9069, lr_0 = 4.1216e-05
Loss = 2.3872e-01, PNorm = 86.6910, GNorm = 3.5322, lr_0 = 4.1136e-05
Loss = 2.2794e-01, PNorm = 86.6923, GNorm = 4.6550, lr_0 = 4.1057e-05
Loss = 2.5711e-01, PNorm = 86.6936, GNorm = 3.0549, lr_0 = 4.0977e-05
Loss = 2.6029e-01, PNorm = 86.6952, GNorm = 8.4701, lr_0 = 4.0898e-05
Loss = 2.2415e-01, PNorm = 86.6966, GNorm = 1.6300, lr_0 = 4.0819e-05
Loss = 2.7663e-01, PNorm = 86.6987, GNorm = 9.0077, lr_0 = 4.0741e-05
Loss = 2.8386e-01, PNorm = 86.7007, GNorm = 4.7969, lr_0 = 4.0662e-05
Loss = 2.3523e-01, PNorm = 86.7028, GNorm = 2.6761, lr_0 = 4.0583e-05
Validation rmse = 53.342669
Epoch 9
Loss = 2.5491e-01, PNorm = 86.7040, GNorm = 6.0457, lr_0 = 4.0505e-05
Loss = 2.7442e-01, PNorm = 86.7065, GNorm = 2.4925, lr_0 = 4.0427e-05
Loss = 2.0466e-01, PNorm = 86.7084, GNorm = 12.3383, lr_0 = 4.0349e-05
Loss = 2.4408e-01, PNorm = 86.7100, GNorm = 1.9049, lr_0 = 4.0271e-05
Loss = 2.2331e-01, PNorm = 86.7112, GNorm = 1.2035, lr_0 = 4.0193e-05
Loss = 2.1171e-01, PNorm = 86.7128, GNorm = 2.9059, lr_0 = 4.0116e-05
Loss = 2.0081e-01, PNorm = 86.7136, GNorm = 9.6240, lr_0 = 4.0038e-05
Loss = 2.4865e-01, PNorm = 86.7150, GNorm = 2.5503, lr_0 = 3.9961e-05
Loss = 2.3173e-01, PNorm = 86.7164, GNorm = 5.7643, lr_0 = 3.9884e-05
Loss = 2.1810e-01, PNorm = 86.7173, GNorm = 2.6152, lr_0 = 3.9807e-05
Loss = 2.8484e-01, PNorm = 86.7185, GNorm = 14.7290, lr_0 = 3.9730e-05
Loss = 1.9080e-01, PNorm = 86.7204, GNorm = 3.9269, lr_0 = 3.9653e-05
Loss = 2.0361e-01, PNorm = 86.7221, GNorm = 8.9466, lr_0 = 3.9577e-05
Loss = 2.3156e-01, PNorm = 86.7245, GNorm = 6.2028, lr_0 = 3.9501e-05
Loss = 2.2814e-01, PNorm = 86.7256, GNorm = 5.9232, lr_0 = 3.9424e-05
Loss = 2.5687e-01, PNorm = 86.7275, GNorm = 6.0641, lr_0 = 3.9348e-05
Loss = 2.2263e-01, PNorm = 86.7291, GNorm = 5.1144, lr_0 = 3.9272e-05
Loss = 2.1386e-01, PNorm = 86.7303, GNorm = 3.8828, lr_0 = 3.9196e-05
Loss = 2.0600e-01, PNorm = 86.7320, GNorm = 2.2594, lr_0 = 3.9121e-05
Loss = 2.3120e-01, PNorm = 86.7338, GNorm = 2.2211, lr_0 = 3.9045e-05
Loss = 2.3868e-01, PNorm = 86.7352, GNorm = 7.9245, lr_0 = 3.8970e-05
Loss = 2.8875e-01, PNorm = 86.7373, GNorm = 5.9391, lr_0 = 3.8895e-05
Loss = 2.4018e-01, PNorm = 86.7389, GNorm = 9.6549, lr_0 = 3.8820e-05
Loss = 2.3515e-01, PNorm = 86.7404, GNorm = 4.2091, lr_0 = 3.8745e-05
Validation rmse = 50.376424
Epoch 10
Loss = 2.1089e-01, PNorm = 86.7421, GNorm = 8.3871, lr_0 = 3.8663e-05
Loss = 2.1730e-01, PNorm = 86.7437, GNorm = 3.2526, lr_0 = 3.8588e-05
Loss = 2.4580e-01, PNorm = 86.7455, GNorm = 5.5860, lr_0 = 3.8513e-05
Loss = 2.3460e-01, PNorm = 86.7470, GNorm = 6.8972, lr_0 = 3.8439e-05
Loss = 1.7486e-01, PNorm = 86.7482, GNorm = 4.0272, lr_0 = 3.8365e-05
Loss = 2.2952e-01, PNorm = 86.7492, GNorm = 5.1584, lr_0 = 3.8291e-05
Loss = 2.3214e-01, PNorm = 86.7507, GNorm = 2.0648, lr_0 = 3.8217e-05
Loss = 2.3318e-01, PNorm = 86.7520, GNorm = 5.5380, lr_0 = 3.8143e-05
Loss = 2.1378e-01, PNorm = 86.7535, GNorm = 5.6293, lr_0 = 3.8070e-05
Loss = 2.0763e-01, PNorm = 86.7548, GNorm = 3.5457, lr_0 = 3.7996e-05
Loss = 2.0535e-01, PNorm = 86.7563, GNorm = 11.7894, lr_0 = 3.7923e-05
Loss = 2.2540e-01, PNorm = 86.7578, GNorm = 4.3568, lr_0 = 3.7850e-05
Loss = 2.6491e-01, PNorm = 86.7599, GNorm = 14.8228, lr_0 = 3.7777e-05
Loss = 2.5748e-01, PNorm = 86.7618, GNorm = 5.3736, lr_0 = 3.7704e-05
Loss = 2.2571e-01, PNorm = 86.7643, GNorm = 2.0862, lr_0 = 3.7631e-05
Loss = 2.0334e-01, PNorm = 86.7661, GNorm = 3.5299, lr_0 = 3.7558e-05
Loss = 2.1096e-01, PNorm = 86.7672, GNorm = 7.8295, lr_0 = 3.7486e-05
Loss = 2.2390e-01, PNorm = 86.7682, GNorm = 5.3778, lr_0 = 3.7413e-05
Loss = 1.9895e-01, PNorm = 86.7699, GNorm = 9.0921, lr_0 = 3.7341e-05
Loss = 2.3363e-01, PNorm = 86.7713, GNorm = 3.9760, lr_0 = 3.7269e-05
Loss = 2.3867e-01, PNorm = 86.7731, GNorm = 6.8994, lr_0 = 3.7197e-05
Loss = 1.9451e-01, PNorm = 86.7747, GNorm = 5.1954, lr_0 = 3.7125e-05
Loss = 1.9925e-01, PNorm = 86.7759, GNorm = 1.3996, lr_0 = 3.7054e-05
Loss = 2.1008e-01, PNorm = 86.7769, GNorm = 10.7559, lr_0 = 3.6982e-05
Validation rmse = 50.084591
Epoch 11
Loss = 2.3822e-01, PNorm = 86.7777, GNorm = 12.3129, lr_0 = 3.6911e-05
Loss = 2.0067e-01, PNorm = 86.7788, GNorm = 3.2623, lr_0 = 3.6840e-05
Loss = 2.3033e-01, PNorm = 86.7796, GNorm = 6.0676, lr_0 = 3.6769e-05
Loss = 2.3560e-01, PNorm = 86.7810, GNorm = 1.8889, lr_0 = 3.6698e-05
Loss = 2.2349e-01, PNorm = 86.7830, GNorm = 1.6877, lr_0 = 3.6627e-05
Loss = 1.9554e-01, PNorm = 86.7847, GNorm = 5.8086, lr_0 = 3.6556e-05
Loss = 2.1125e-01, PNorm = 86.7857, GNorm = 2.6973, lr_0 = 3.6485e-05
Loss = 2.0082e-01, PNorm = 86.7875, GNorm = 11.8592, lr_0 = 3.6415e-05
Loss = 2.2838e-01, PNorm = 86.7889, GNorm = 5.5551, lr_0 = 3.6345e-05
Loss = 2.0996e-01, PNorm = 86.7900, GNorm = 1.6145, lr_0 = 3.6275e-05
Loss = 1.8765e-01, PNorm = 86.7914, GNorm = 2.5546, lr_0 = 3.6205e-05
Loss = 1.9850e-01, PNorm = 86.7927, GNorm = 5.8476, lr_0 = 3.6135e-05
Loss = 1.7946e-01, PNorm = 86.7942, GNorm = 2.0606, lr_0 = 3.6065e-05
Loss = 1.8688e-01, PNorm = 86.7960, GNorm = 7.4367, lr_0 = 3.5995e-05
Loss = 2.2184e-01, PNorm = 86.7981, GNorm = 4.2306, lr_0 = 3.5926e-05
Loss = 1.9622e-01, PNorm = 86.7996, GNorm = 1.5706, lr_0 = 3.5857e-05
Loss = 2.1323e-01, PNorm = 86.8009, GNorm = 3.3223, lr_0 = 3.5787e-05
Loss = 2.6168e-01, PNorm = 86.8021, GNorm = 7.3754, lr_0 = 3.5718e-05
Loss = 2.2139e-01, PNorm = 86.8027, GNorm = 5.8914, lr_0 = 3.5649e-05
Loss = 2.1940e-01, PNorm = 86.8037, GNorm = 8.2094, lr_0 = 3.5581e-05
Loss = 2.0439e-01, PNorm = 86.8051, GNorm = 7.8826, lr_0 = 3.5512e-05
Loss = 2.1885e-01, PNorm = 86.8068, GNorm = 1.8334, lr_0 = 3.5443e-05
Loss = 2.0038e-01, PNorm = 86.8082, GNorm = 2.5616, lr_0 = 3.5375e-05
Validation rmse = 49.439762
Epoch 12
Loss = 3.1716e-01, PNorm = 86.8103, GNorm = 4.1279, lr_0 = 3.5300e-05
Loss = 2.0540e-01, PNorm = 86.8120, GNorm = 9.8337, lr_0 = 3.5232e-05
Loss = 2.1246e-01, PNorm = 86.8130, GNorm = 4.8401, lr_0 = 3.5164e-05
Loss = 2.4052e-01, PNorm = 86.8145, GNorm = 8.2355, lr_0 = 3.5096e-05
Loss = 1.9803e-01, PNorm = 86.8162, GNorm = 5.2133, lr_0 = 3.5028e-05
Loss = 2.2809e-01, PNorm = 86.8178, GNorm = 18.0892, lr_0 = 3.4961e-05
Loss = 2.0761e-01, PNorm = 86.8191, GNorm = 4.1799, lr_0 = 3.4893e-05
Loss = 2.2492e-01, PNorm = 86.8207, GNorm = 2.7368, lr_0 = 3.4826e-05
Loss = 2.2004e-01, PNorm = 86.8221, GNorm = 3.3660, lr_0 = 3.4759e-05
Loss = 1.9430e-01, PNorm = 86.8236, GNorm = 8.9424, lr_0 = 3.4691e-05
Loss = 2.0869e-01, PNorm = 86.8252, GNorm = 10.4901, lr_0 = 3.4624e-05
Loss = 2.1443e-01, PNorm = 86.8266, GNorm = 2.4315, lr_0 = 3.4558e-05
Loss = 2.0788e-01, PNorm = 86.8274, GNorm = 2.2403, lr_0 = 3.4491e-05
Loss = 1.9149e-01, PNorm = 86.8286, GNorm = 4.0272, lr_0 = 3.4424e-05
Loss = 2.4223e-01, PNorm = 86.8298, GNorm = 8.1868, lr_0 = 3.4358e-05
Loss = 2.1743e-01, PNorm = 86.8313, GNorm = 4.9816, lr_0 = 3.4292e-05
Loss = 2.5482e-01, PNorm = 86.8335, GNorm = 2.7036, lr_0 = 3.4225e-05
Loss = 1.8415e-01, PNorm = 86.8348, GNorm = 10.3158, lr_0 = 3.4159e-05
Loss = 1.9503e-01, PNorm = 86.8357, GNorm = 19.1401, lr_0 = 3.4093e-05
Loss = 2.0612e-01, PNorm = 86.8366, GNorm = 7.0231, lr_0 = 3.4028e-05
Loss = 2.1714e-01, PNorm = 86.8383, GNorm = 8.0655, lr_0 = 3.3962e-05
Loss = 2.2580e-01, PNorm = 86.8403, GNorm = 5.3894, lr_0 = 3.3896e-05
Loss = 2.2610e-01, PNorm = 86.8418, GNorm = 1.5530, lr_0 = 3.3831e-05
Loss = 2.1889e-01, PNorm = 86.8431, GNorm = 1.1328, lr_0 = 3.3766e-05
Validation rmse = 50.193042
Epoch 13
Loss = 2.3248e-01, PNorm = 86.8444, GNorm = 3.0001, lr_0 = 3.3701e-05
Loss = 2.0868e-01, PNorm = 86.8454, GNorm = 5.8822, lr_0 = 3.3636e-05
Loss = 1.9224e-01, PNorm = 86.8467, GNorm = 3.1602, lr_0 = 3.3571e-05
Loss = 1.7328e-01, PNorm = 86.8483, GNorm = 3.1324, lr_0 = 3.3506e-05
Loss = 2.0312e-01, PNorm = 86.8498, GNorm = 2.4035, lr_0 = 3.3441e-05
Loss = 1.6004e-01, PNorm = 86.8510, GNorm = 4.9469, lr_0 = 3.3377e-05
Loss = 2.2427e-01, PNorm = 86.8519, GNorm = 4.4651, lr_0 = 3.3312e-05
Loss = 1.8693e-01, PNorm = 86.8534, GNorm = 2.0963, lr_0 = 3.3248e-05
Loss = 1.4592e-01, PNorm = 86.8542, GNorm = 1.2735, lr_0 = 3.3184e-05
Loss = 1.6263e-01, PNorm = 86.8551, GNorm = 4.6527, lr_0 = 3.3120e-05
Loss = 1.6882e-01, PNorm = 86.8568, GNorm = 1.4151, lr_0 = 3.3056e-05
Loss = 1.7459e-01, PNorm = 86.8575, GNorm = 1.7186, lr_0 = 3.2992e-05
Loss = 1.6288e-01, PNorm = 86.8580, GNorm = 14.0814, lr_0 = 3.2928e-05
Loss = 2.0602e-01, PNorm = 86.8592, GNorm = 6.9883, lr_0 = 3.2865e-05
Loss = 1.9208e-01, PNorm = 86.8603, GNorm = 2.8008, lr_0 = 3.2801e-05
Loss = 2.3863e-01, PNorm = 86.8622, GNorm = 2.7485, lr_0 = 3.2738e-05
Loss = 2.2165e-01, PNorm = 86.8632, GNorm = 4.4328, lr_0 = 3.2675e-05
Loss = 1.8954e-01, PNorm = 86.8644, GNorm = 6.8527, lr_0 = 3.2612e-05
Loss = 2.1984e-01, PNorm = 86.8651, GNorm = 5.7878, lr_0 = 3.2549e-05
Loss = 1.7988e-01, PNorm = 86.8666, GNorm = 1.8379, lr_0 = 3.2486e-05
Loss = 1.6527e-01, PNorm = 86.8677, GNorm = 9.3022, lr_0 = 3.2423e-05
Loss = 1.9627e-01, PNorm = 86.8685, GNorm = 3.5359, lr_0 = 3.2361e-05
Loss = 2.0553e-01, PNorm = 86.8696, GNorm = 2.5258, lr_0 = 3.2298e-05
Loss = 1.9929e-01, PNorm = 86.8707, GNorm = 8.1143, lr_0 = 3.2236e-05
Loss = 3.3849e-01, PNorm = 86.8708, GNorm = 8.0605, lr_0 = 3.2230e-05
Validation rmse = 51.159169
Epoch 14
Loss = 2.0969e-01, PNorm = 86.8720, GNorm = 11.2587, lr_0 = 3.2168e-05
Loss = 2.2285e-01, PNorm = 86.8737, GNorm = 10.8380, lr_0 = 3.2105e-05
Loss = 1.7738e-01, PNorm = 86.8750, GNorm = 14.0362, lr_0 = 3.2043e-05
Loss = 2.2265e-01, PNorm = 86.8766, GNorm = 11.4265, lr_0 = 3.1982e-05
Loss = 1.7402e-01, PNorm = 86.8773, GNorm = 2.5045, lr_0 = 3.1920e-05
Loss = 1.7953e-01, PNorm = 86.8786, GNorm = 2.1195, lr_0 = 3.1858e-05
Loss = 1.7155e-01, PNorm = 86.8799, GNorm = 2.7982, lr_0 = 3.1797e-05
Loss = 1.6276e-01, PNorm = 86.8816, GNorm = 3.8570, lr_0 = 3.1735e-05
Loss = 1.5956e-01, PNorm = 86.8826, GNorm = 2.0680, lr_0 = 3.1674e-05
Loss = 1.7449e-01, PNorm = 86.8837, GNorm = 10.5897, lr_0 = 3.1613e-05
Loss = 1.8947e-01, PNorm = 86.8851, GNorm = 2.8317, lr_0 = 3.1552e-05
Loss = 1.9464e-01, PNorm = 86.8861, GNorm = 2.7458, lr_0 = 3.1491e-05
Loss = 1.7464e-01, PNorm = 86.8874, GNorm = 7.8261, lr_0 = 3.1430e-05
Loss = 2.1365e-01, PNorm = 86.8890, GNorm = 7.7083, lr_0 = 3.1370e-05
Loss = 1.7696e-01, PNorm = 86.8902, GNorm = 4.1521, lr_0 = 3.1309e-05
Loss = 2.3157e-01, PNorm = 86.8916, GNorm = 4.0458, lr_0 = 3.1249e-05
Loss = 1.6943e-01, PNorm = 86.8924, GNorm = 10.4740, lr_0 = 3.1188e-05
Loss = 2.1733e-01, PNorm = 86.8929, GNorm = 3.5443, lr_0 = 3.1128e-05
Loss = 1.7554e-01, PNorm = 86.8941, GNorm = 2.4604, lr_0 = 3.1068e-05
Loss = 2.0537e-01, PNorm = 86.8959, GNorm = 3.9223, lr_0 = 3.1008e-05
Loss = 1.7325e-01, PNorm = 86.8969, GNorm = 2.3998, lr_0 = 3.0948e-05
Loss = 1.7192e-01, PNorm = 86.8980, GNorm = 6.6739, lr_0 = 3.0889e-05
Loss = 1.7229e-01, PNorm = 86.8993, GNorm = 3.0697, lr_0 = 3.0829e-05
Validation rmse = 50.383637
Epoch 15
Loss = 2.2192e-01, PNorm = 86.8999, GNorm = 7.0256, lr_0 = 3.0764e-05
Loss = 1.9218e-01, PNorm = 86.9014, GNorm = 4.9394, lr_0 = 3.0704e-05
Loss = 1.7571e-01, PNorm = 86.9019, GNorm = 7.7345, lr_0 = 3.0645e-05
Loss = 2.3438e-01, PNorm = 86.9031, GNorm = 1.6961, lr_0 = 3.0586e-05
Loss = 1.9325e-01, PNorm = 86.9044, GNorm = 5.6085, lr_0 = 3.0527e-05
Loss = 2.0095e-01, PNorm = 86.9049, GNorm = 5.0641, lr_0 = 3.0468e-05
Loss = 1.8319e-01, PNorm = 86.9057, GNorm = 12.5528, lr_0 = 3.0409e-05
Loss = 1.6015e-01, PNorm = 86.9067, GNorm = 6.9033, lr_0 = 3.0350e-05
Loss = 1.6348e-01, PNorm = 86.9082, GNorm = 4.6275, lr_0 = 3.0292e-05
Loss = 1.7386e-01, PNorm = 86.9099, GNorm = 2.5841, lr_0 = 3.0233e-05
Loss = 1.8037e-01, PNorm = 86.9110, GNorm = 2.8242, lr_0 = 3.0175e-05
Loss = 2.1427e-01, PNorm = 86.9117, GNorm = 3.9539, lr_0 = 3.0117e-05
Loss = 2.2507e-01, PNorm = 86.9132, GNorm = 11.0879, lr_0 = 3.0059e-05
Loss = 2.1944e-01, PNorm = 86.9145, GNorm = 11.3127, lr_0 = 3.0001e-05
Loss = 1.8362e-01, PNorm = 86.9157, GNorm = 3.8105, lr_0 = 2.9943e-05
Loss = 1.6604e-01, PNorm = 86.9169, GNorm = 6.4523, lr_0 = 2.9885e-05
Loss = 1.4532e-01, PNorm = 86.9187, GNorm = 1.0832, lr_0 = 2.9827e-05
Loss = 1.6945e-01, PNorm = 86.9202, GNorm = 4.1579, lr_0 = 2.9770e-05
Loss = 1.8582e-01, PNorm = 86.9215, GNorm = 3.2510, lr_0 = 2.9712e-05
Loss = 1.9204e-01, PNorm = 86.9222, GNorm = 2.6727, lr_0 = 2.9655e-05
Loss = 1.4595e-01, PNorm = 86.9232, GNorm = 3.7718, lr_0 = 2.9598e-05
Loss = 1.5084e-01, PNorm = 86.9244, GNorm = 3.6775, lr_0 = 2.9540e-05
Loss = 1.4912e-01, PNorm = 86.9258, GNorm = 2.4706, lr_0 = 2.9483e-05
Loss = 1.7305e-01, PNorm = 86.9265, GNorm = 1.3628, lr_0 = 2.9427e-05
Validation rmse = 46.395945
Epoch 16
Loss = 1.8152e-01, PNorm = 86.9279, GNorm = 4.7070, lr_0 = 2.9370e-05
Loss = 1.5956e-01, PNorm = 86.9292, GNorm = 2.0522, lr_0 = 2.9313e-05
Loss = 1.6898e-01, PNorm = 86.9303, GNorm = 2.5362, lr_0 = 2.9257e-05
Loss = 1.9827e-01, PNorm = 86.9312, GNorm = 4.5253, lr_0 = 2.9200e-05
Loss = 1.9628e-01, PNorm = 86.9321, GNorm = 2.7656, lr_0 = 2.9144e-05
Loss = 2.1066e-01, PNorm = 86.9333, GNorm = 3.3877, lr_0 = 2.9087e-05
Loss = 1.5919e-01, PNorm = 86.9347, GNorm = 5.4936, lr_0 = 2.9031e-05
Loss = 1.7281e-01, PNorm = 86.9355, GNorm = 7.2076, lr_0 = 2.8975e-05
Loss = 1.7567e-01, PNorm = 86.9362, GNorm = 4.9814, lr_0 = 2.8919e-05
Loss = 2.0272e-01, PNorm = 86.9373, GNorm = 3.0563, lr_0 = 2.8864e-05
Loss = 1.5880e-01, PNorm = 86.9385, GNorm = 3.1847, lr_0 = 2.8808e-05
Loss = 1.8661e-01, PNorm = 86.9395, GNorm = 5.7393, lr_0 = 2.8752e-05
Loss = 1.6431e-01, PNorm = 86.9405, GNorm = 1.4588, lr_0 = 2.8697e-05
Loss = 1.5772e-01, PNorm = 86.9414, GNorm = 3.5931, lr_0 = 2.8641e-05
Loss = 1.5431e-01, PNorm = 86.9426, GNorm = 3.7322, lr_0 = 2.8586e-05
Loss = 1.4070e-01, PNorm = 86.9438, GNorm = 2.3680, lr_0 = 2.8531e-05
Loss = 1.6889e-01, PNorm = 86.9450, GNorm = 5.3841, lr_0 = 2.8476e-05
Loss = 1.6308e-01, PNorm = 86.9459, GNorm = 2.8137, lr_0 = 2.8421e-05
Loss = 1.9713e-01, PNorm = 86.9463, GNorm = 3.2868, lr_0 = 2.8366e-05
Loss = 1.7836e-01, PNorm = 86.9475, GNorm = 2.3034, lr_0 = 2.8311e-05
Loss = 1.6873e-01, PNorm = 86.9485, GNorm = 6.8926, lr_0 = 2.8257e-05
Loss = 1.6792e-01, PNorm = 86.9495, GNorm = 1.9247, lr_0 = 2.8202e-05
Loss = 1.4246e-01, PNorm = 86.9505, GNorm = 6.5322, lr_0 = 2.8148e-05
Validation rmse = 45.767785
Epoch 17
Loss = 1.5346e-01, PNorm = 86.9510, GNorm = 1.9290, lr_0 = 2.8088e-05
Loss = 1.5451e-01, PNorm = 86.9514, GNorm = 2.0527, lr_0 = 2.8034e-05
Loss = 1.4875e-01, PNorm = 86.9523, GNorm = 3.0384, lr_0 = 2.7980e-05
Loss = 1.4808e-01, PNorm = 86.9530, GNorm = 6.4485, lr_0 = 2.7926e-05
Loss = 1.6702e-01, PNorm = 86.9541, GNorm = 6.1260, lr_0 = 2.7872e-05
Loss = 1.4547e-01, PNorm = 86.9558, GNorm = 2.2342, lr_0 = 2.7818e-05
Loss = 2.0159e-01, PNorm = 86.9572, GNorm = 9.8083, lr_0 = 2.7764e-05
Loss = 1.7260e-01, PNorm = 86.9580, GNorm = 4.0330, lr_0 = 2.7711e-05
Loss = 1.9437e-01, PNorm = 86.9588, GNorm = 17.5736, lr_0 = 2.7657e-05
Loss = 1.8043e-01, PNorm = 86.9602, GNorm = 5.9222, lr_0 = 2.7604e-05
Loss = 1.4584e-01, PNorm = 86.9608, GNorm = 2.7370, lr_0 = 2.7551e-05
Loss = 1.7806e-01, PNorm = 86.9619, GNorm = 2.8355, lr_0 = 2.7497e-05
Loss = 1.6503e-01, PNorm = 86.9632, GNorm = 2.3090, lr_0 = 2.7444e-05
Loss = 1.9900e-01, PNorm = 86.9642, GNorm = 3.4735, lr_0 = 2.7391e-05
Loss = 1.7931e-01, PNorm = 86.9650, GNorm = 7.8273, lr_0 = 2.7338e-05
Loss = 1.7157e-01, PNorm = 86.9659, GNorm = 9.8386, lr_0 = 2.7286e-05
Loss = 1.9567e-01, PNorm = 86.9672, GNorm = 4.4669, lr_0 = 2.7233e-05
Loss = 1.7589e-01, PNorm = 86.9687, GNorm = 5.8808, lr_0 = 2.7180e-05
Loss = 1.7619e-01, PNorm = 86.9696, GNorm = 4.8127, lr_0 = 2.7128e-05
Loss = 1.8433e-01, PNorm = 86.9706, GNorm = 4.2006, lr_0 = 2.7076e-05
Loss = 1.7524e-01, PNorm = 86.9719, GNorm = 2.7278, lr_0 = 2.7023e-05
Loss = 1.7456e-01, PNorm = 86.9733, GNorm = 2.4899, lr_0 = 2.6971e-05
Loss = 1.3763e-01, PNorm = 86.9742, GNorm = 1.2530, lr_0 = 2.6919e-05
Loss = 1.6869e-01, PNorm = 86.9756, GNorm = 10.3640, lr_0 = 2.6867e-05
Validation rmse = 44.909988
Epoch 18
Loss = 2.0144e-01, PNorm = 86.9765, GNorm = 7.3333, lr_0 = 2.6815e-05
Loss = 1.6460e-01, PNorm = 86.9773, GNorm = 2.9992, lr_0 = 2.6764e-05
Loss = 1.5945e-01, PNorm = 86.9784, GNorm = 2.6828, lr_0 = 2.6712e-05
Loss = 1.5073e-01, PNorm = 86.9796, GNorm = 4.0190, lr_0 = 2.6660e-05
Loss = 1.9651e-01, PNorm = 86.9805, GNorm = 1.8153, lr_0 = 2.6609e-05
Loss = 1.7537e-01, PNorm = 86.9817, GNorm = 2.6967, lr_0 = 2.6558e-05
Loss = 1.7180e-01, PNorm = 86.9826, GNorm = 4.0301, lr_0 = 2.6506e-05
Loss = 1.6847e-01, PNorm = 86.9830, GNorm = 7.8932, lr_0 = 2.6455e-05
Loss = 1.5888e-01, PNorm = 86.9841, GNorm = 7.4003, lr_0 = 2.6404e-05
Loss = 1.7405e-01, PNorm = 86.9851, GNorm = 5.0155, lr_0 = 2.6353e-05
Loss = 1.8608e-01, PNorm = 86.9861, GNorm = 6.0825, lr_0 = 2.6302e-05
Loss = 1.8542e-01, PNorm = 86.9873, GNorm = 3.4534, lr_0 = 2.6252e-05
Loss = 1.8471e-01, PNorm = 86.9886, GNorm = 4.0529, lr_0 = 2.6201e-05
Loss = 1.8545e-01, PNorm = 86.9896, GNorm = 2.5761, lr_0 = 2.6150e-05
Loss = 1.4219e-01, PNorm = 86.9904, GNorm = 3.5630, lr_0 = 2.6100e-05
Loss = 1.6532e-01, PNorm = 86.9911, GNorm = 1.4443, lr_0 = 2.6049e-05
Loss = 1.8943e-01, PNorm = 86.9921, GNorm = 6.4638, lr_0 = 2.5999e-05
Loss = 1.7928e-01, PNorm = 86.9932, GNorm = 2.7707, lr_0 = 2.5949e-05
Loss = 1.5324e-01, PNorm = 86.9940, GNorm = 7.6351, lr_0 = 2.5899e-05
Loss = 1.5061e-01, PNorm = 86.9952, GNorm = 3.0866, lr_0 = 2.5849e-05
Loss = 1.4386e-01, PNorm = 86.9963, GNorm = 9.8883, lr_0 = 2.5799e-05
Loss = 1.5061e-01, PNorm = 86.9971, GNorm = 4.2603, lr_0 = 2.5749e-05
Loss = 1.5760e-01, PNorm = 86.9978, GNorm = 3.7442, lr_0 = 2.5700e-05
Loss = 1.5965e-01, PNorm = 86.9987, GNorm = 1.4752, lr_0 = 2.5650e-05
Validation rmse = 45.132573
Epoch 19
Loss = 1.5207e-01, PNorm = 86.9997, GNorm = 2.7626, lr_0 = 2.5596e-05
Loss = 1.7545e-01, PNorm = 87.0012, GNorm = 2.0632, lr_0 = 2.5546e-05
Loss = 1.7473e-01, PNorm = 87.0024, GNorm = 7.3919, lr_0 = 2.5497e-05
Loss = 1.9148e-01, PNorm = 87.0033, GNorm = 2.6171, lr_0 = 2.5448e-05
Loss = 1.3192e-01, PNorm = 87.0042, GNorm = 5.3320, lr_0 = 2.5399e-05
Loss = 1.6547e-01, PNorm = 87.0049, GNorm = 3.0633, lr_0 = 2.5349e-05
Loss = 1.4717e-01, PNorm = 87.0059, GNorm = 4.5060, lr_0 = 2.5301e-05
Loss = 1.5957e-01, PNorm = 87.0070, GNorm = 7.1342, lr_0 = 2.5252e-05
Loss = 1.3333e-01, PNorm = 87.0082, GNorm = 6.9679, lr_0 = 2.5203e-05
Loss = 1.7394e-01, PNorm = 87.0095, GNorm = 6.1978, lr_0 = 2.5154e-05
Loss = 1.4954e-01, PNorm = 87.0104, GNorm = 3.6186, lr_0 = 2.5106e-05
Loss = 1.3839e-01, PNorm = 87.0113, GNorm = 5.6697, lr_0 = 2.5057e-05
Loss = 1.4201e-01, PNorm = 87.0125, GNorm = 2.3807, lr_0 = 2.5009e-05
Loss = 1.5568e-01, PNorm = 87.0132, GNorm = 3.3736, lr_0 = 2.4961e-05
Loss = 1.6498e-01, PNorm = 87.0145, GNorm = 3.2496, lr_0 = 2.4913e-05
Loss = 1.5214e-01, PNorm = 87.0152, GNorm = 6.6621, lr_0 = 2.4864e-05
Loss = 2.2637e-01, PNorm = 87.0167, GNorm = 7.0935, lr_0 = 2.4816e-05
Loss = 1.8516e-01, PNorm = 87.0181, GNorm = 5.4303, lr_0 = 2.4769e-05
Loss = 1.6677e-01, PNorm = 87.0184, GNorm = 4.8351, lr_0 = 2.4721e-05
Loss = 1.6891e-01, PNorm = 87.0187, GNorm = 1.8591, lr_0 = 2.4673e-05
Loss = 1.7442e-01, PNorm = 87.0194, GNorm = 3.3336, lr_0 = 2.4625e-05
Loss = 1.5751e-01, PNorm = 87.0204, GNorm = 2.6061, lr_0 = 2.4578e-05
Loss = 1.7311e-01, PNorm = 87.0215, GNorm = 6.6449, lr_0 = 2.4530e-05
Validation rmse = 48.473687
Epoch 20
Loss = 1.6984e-01, PNorm = 87.0224, GNorm = 6.0823, lr_0 = 2.4483e-05
Loss = 1.4052e-01, PNorm = 87.0232, GNorm = 3.4477, lr_0 = 2.4436e-05
Loss = 1.7648e-01, PNorm = 87.0238, GNorm = 3.4910, lr_0 = 2.4389e-05
Loss = 1.7200e-01, PNorm = 87.0248, GNorm = 7.3372, lr_0 = 2.4342e-05
Loss = 1.7093e-01, PNorm = 87.0263, GNorm = 1.4071, lr_0 = 2.4295e-05
Loss = 1.7186e-01, PNorm = 87.0276, GNorm = 2.6800, lr_0 = 2.4248e-05
Loss = 1.6273e-01, PNorm = 87.0286, GNorm = 10.7948, lr_0 = 2.4201e-05
Loss = 1.3874e-01, PNorm = 87.0292, GNorm = 2.8279, lr_0 = 2.4154e-05
Loss = 1.4516e-01, PNorm = 87.0296, GNorm = 3.5361, lr_0 = 2.4108e-05
Loss = 1.5525e-01, PNorm = 87.0303, GNorm = 2.0991, lr_0 = 2.4061e-05
Loss = 1.5408e-01, PNorm = 87.0312, GNorm = 6.4292, lr_0 = 2.4015e-05
Loss = 1.6117e-01, PNorm = 87.0319, GNorm = 3.4875, lr_0 = 2.3968e-05
Loss = 1.4946e-01, PNorm = 87.0330, GNorm = 9.5471, lr_0 = 2.3922e-05
Loss = 1.6387e-01, PNorm = 87.0344, GNorm = 2.3740, lr_0 = 2.3876e-05
Loss = 1.8894e-01, PNorm = 87.0355, GNorm = 2.2455, lr_0 = 2.3830e-05
Loss = 1.3095e-01, PNorm = 87.0362, GNorm = 3.5067, lr_0 = 2.3784e-05
Loss = 1.6246e-01, PNorm = 87.0372, GNorm = 3.2465, lr_0 = 2.3738e-05
Loss = 1.5153e-01, PNorm = 87.0384, GNorm = 11.0100, lr_0 = 2.3692e-05
Loss = 1.4449e-01, PNorm = 87.0395, GNorm = 2.6262, lr_0 = 2.3646e-05
Loss = 1.7239e-01, PNorm = 87.0404, GNorm = 5.5677, lr_0 = 2.3601e-05
Loss = 1.2624e-01, PNorm = 87.0411, GNorm = 6.6634, lr_0 = 2.3555e-05
Loss = 1.4437e-01, PNorm = 87.0421, GNorm = 4.6643, lr_0 = 2.3510e-05
Loss = 1.4301e-01, PNorm = 87.0428, GNorm = 11.2599, lr_0 = 2.3464e-05
Loss = 1.8126e-01, PNorm = 87.0437, GNorm = 16.4261, lr_0 = 2.3419e-05
Validation rmse = 46.569592
Epoch 21
Loss = 1.4471e-01, PNorm = 87.0443, GNorm = 5.3644, lr_0 = 2.3369e-05
Loss = 1.5814e-01, PNorm = 87.0455, GNorm = 2.0080, lr_0 = 2.3324e-05
Loss = 1.7234e-01, PNorm = 87.0464, GNorm = 3.8617, lr_0 = 2.3279e-05
Loss = 1.1843e-01, PNorm = 87.0475, GNorm = 1.8682, lr_0 = 2.3234e-05
Loss = 1.1800e-01, PNorm = 87.0480, GNorm = 2.0881, lr_0 = 2.3189e-05
Loss = 1.5078e-01, PNorm = 87.0486, GNorm = 3.2142, lr_0 = 2.3145e-05
Loss = 1.7570e-01, PNorm = 87.0493, GNorm = 1.8327, lr_0 = 2.3100e-05
Loss = 1.6159e-01, PNorm = 87.0499, GNorm = 6.7363, lr_0 = 2.3055e-05
Loss = 1.3610e-01, PNorm = 87.0507, GNorm = 4.9446, lr_0 = 2.3011e-05
Loss = 1.6813e-01, PNorm = 87.0519, GNorm = 9.1458, lr_0 = 2.2967e-05
Loss = 1.6850e-01, PNorm = 87.0528, GNorm = 11.3129, lr_0 = 2.2922e-05
Loss = 1.4058e-01, PNorm = 87.0533, GNorm = 3.7303, lr_0 = 2.2878e-05
Loss = 1.6809e-01, PNorm = 87.0543, GNorm = 3.1396, lr_0 = 2.2834e-05
Loss = 1.7392e-01, PNorm = 87.0553, GNorm = 3.6021, lr_0 = 2.2790e-05
Loss = 1.5252e-01, PNorm = 87.0560, GNorm = 2.1991, lr_0 = 2.2746e-05
Loss = 1.6048e-01, PNorm = 87.0569, GNorm = 4.9467, lr_0 = 2.2702e-05
Loss = 1.8625e-01, PNorm = 87.0583, GNorm = 4.9752, lr_0 = 2.2658e-05
Loss = 1.6688e-01, PNorm = 87.0595, GNorm = 6.9855, lr_0 = 2.2614e-05
Loss = 1.4087e-01, PNorm = 87.0602, GNorm = 2.4494, lr_0 = 2.2571e-05
Loss = 1.4444e-01, PNorm = 87.0607, GNorm = 2.8841, lr_0 = 2.2527e-05
Loss = 1.7260e-01, PNorm = 87.0613, GNorm = 2.4795, lr_0 = 2.2484e-05
Loss = 1.6714e-01, PNorm = 87.0620, GNorm = 5.0188, lr_0 = 2.2440e-05
Loss = 1.7751e-01, PNorm = 87.0636, GNorm = 2.7991, lr_0 = 2.2397e-05
Loss = 1.4930e-01, PNorm = 87.0653, GNorm = 1.6320, lr_0 = 2.2354e-05
Validation rmse = 51.150600
Epoch 22
Loss = 1.7976e-01, PNorm = 87.0668, GNorm = 5.1473, lr_0 = 2.2311e-05
Loss = 1.5400e-01, PNorm = 87.0678, GNorm = 3.5406, lr_0 = 2.2268e-05
Loss = 1.6383e-01, PNorm = 87.0687, GNorm = 2.5192, lr_0 = 2.2225e-05
Loss = 1.2920e-01, PNorm = 87.0700, GNorm = 3.9545, lr_0 = 2.2182e-05
Loss = 1.4419e-01, PNorm = 87.0710, GNorm = 4.7878, lr_0 = 2.2139e-05
Loss = 1.3046e-01, PNorm = 87.0718, GNorm = 2.5909, lr_0 = 2.2096e-05
Loss = 1.3280e-01, PNorm = 87.0722, GNorm = 6.0647, lr_0 = 2.2053e-05
Loss = 1.3005e-01, PNorm = 87.0726, GNorm = 2.0880, lr_0 = 2.2011e-05
Loss = 1.5000e-01, PNorm = 87.0739, GNorm = 4.2228, lr_0 = 2.1968e-05
Loss = 1.2720e-01, PNorm = 87.0743, GNorm = 3.7771, lr_0 = 2.1926e-05
Loss = 1.2784e-01, PNorm = 87.0748, GNorm = 1.7021, lr_0 = 2.1884e-05
Loss = 1.3971e-01, PNorm = 87.0753, GNorm = 2.2588, lr_0 = 2.1841e-05
Loss = 1.3376e-01, PNorm = 87.0762, GNorm = 1.7187, lr_0 = 2.1799e-05
Loss = 1.3611e-01, PNorm = 87.0775, GNorm = 2.7700, lr_0 = 2.1757e-05
Loss = 1.7112e-01, PNorm = 87.0788, GNorm = 3.4318, lr_0 = 2.1715e-05
Loss = 1.6938e-01, PNorm = 87.0797, GNorm = 4.8120, lr_0 = 2.1673e-05
Loss = 1.7416e-01, PNorm = 87.0806, GNorm = 2.4717, lr_0 = 2.1632e-05
Loss = 1.7461e-01, PNorm = 87.0819, GNorm = 1.2385, lr_0 = 2.1590e-05
Loss = 1.5646e-01, PNorm = 87.0825, GNorm = 3.1938, lr_0 = 2.1548e-05
Loss = 1.4169e-01, PNorm = 87.0828, GNorm = 1.8225, lr_0 = 2.1507e-05
Loss = 1.6863e-01, PNorm = 87.0839, GNorm = 9.2096, lr_0 = 2.1465e-05
Loss = 1.5916e-01, PNorm = 87.0847, GNorm = 2.6945, lr_0 = 2.1424e-05
Loss = 1.3826e-01, PNorm = 87.0853, GNorm = 3.2205, lr_0 = 2.1382e-05
Validation rmse = 44.371935
Epoch 23
Loss = 1.0765e-01, PNorm = 87.0864, GNorm = 2.0237, lr_0 = 2.1337e-05
Loss = 1.3747e-01, PNorm = 87.0871, GNorm = 3.8589, lr_0 = 2.1296e-05
Loss = 1.3761e-01, PNorm = 87.0879, GNorm = 3.4150, lr_0 = 2.1255e-05
Loss = 1.4774e-01, PNorm = 87.0888, GNorm = 6.3763, lr_0 = 2.1214e-05
Loss = 1.8211e-01, PNorm = 87.0893, GNorm = 8.6458, lr_0 = 2.1173e-05
Loss = 1.2108e-01, PNorm = 87.0899, GNorm = 1.3262, lr_0 = 2.1132e-05
Loss = 1.3610e-01, PNorm = 87.0905, GNorm = 8.9129, lr_0 = 2.1091e-05
Loss = 1.5562e-01, PNorm = 87.0913, GNorm = 2.3176, lr_0 = 2.1050e-05
Loss = 1.5764e-01, PNorm = 87.0922, GNorm = 2.7821, lr_0 = 2.1010e-05
Loss = 1.7227e-01, PNorm = 87.0928, GNorm = 1.8171, lr_0 = 2.0969e-05
Loss = 1.4803e-01, PNorm = 87.0934, GNorm = 1.6446, lr_0 = 2.0929e-05
Loss = 1.5574e-01, PNorm = 87.0940, GNorm = 9.0591, lr_0 = 2.0888e-05
Loss = 1.7963e-01, PNorm = 87.0955, GNorm = 5.6251, lr_0 = 2.0848e-05
Loss = 1.6534e-01, PNorm = 87.0963, GNorm = 2.0719, lr_0 = 2.0808e-05
Loss = 1.8361e-01, PNorm = 87.0975, GNorm = 3.1744, lr_0 = 2.0768e-05
Loss = 1.5189e-01, PNorm = 87.0987, GNorm = 3.0064, lr_0 = 2.0727e-05
Loss = 1.6416e-01, PNorm = 87.0992, GNorm = 2.3250, lr_0 = 2.0687e-05
Loss = 1.4769e-01, PNorm = 87.1003, GNorm = 2.6963, lr_0 = 2.0647e-05
Loss = 1.3594e-01, PNorm = 87.1010, GNorm = 3.2740, lr_0 = 2.0608e-05
Loss = 1.6990e-01, PNorm = 87.1022, GNorm = 10.9278, lr_0 = 2.0568e-05
Loss = 1.4140e-01, PNorm = 87.1029, GNorm = 2.1882, lr_0 = 2.0528e-05
Loss = 1.5767e-01, PNorm = 87.1033, GNorm = 2.2081, lr_0 = 2.0489e-05
Loss = 1.2606e-01, PNorm = 87.1041, GNorm = 4.3892, lr_0 = 2.0449e-05
Loss = 1.3562e-01, PNorm = 87.1051, GNorm = 2.6165, lr_0 = 2.0410e-05
Validation rmse = 44.365697
Epoch 24
Loss = 1.3093e-01, PNorm = 87.1060, GNorm = 2.2624, lr_0 = 2.0370e-05
Loss = 1.8163e-01, PNorm = 87.1070, GNorm = 14.3824, lr_0 = 2.0331e-05
Loss = 1.7529e-01, PNorm = 87.1079, GNorm = 8.9339, lr_0 = 2.0292e-05
Loss = 1.6252e-01, PNorm = 87.1088, GNorm = 2.6405, lr_0 = 2.0252e-05
Loss = 1.7117e-01, PNorm = 87.1097, GNorm = 4.0694, lr_0 = 2.0213e-05
Loss = 1.5174e-01, PNorm = 87.1105, GNorm = 2.1137, lr_0 = 2.0174e-05
Loss = 1.6934e-01, PNorm = 87.1117, GNorm = 2.5631, lr_0 = 2.0135e-05
Loss = 1.3162e-01, PNorm = 87.1122, GNorm = 1.4839, lr_0 = 2.0097e-05
Loss = 1.3422e-01, PNorm = 87.1130, GNorm = 7.8673, lr_0 = 2.0058e-05
Loss = 1.4544e-01, PNorm = 87.1141, GNorm = 4.9105, lr_0 = 2.0019e-05
Loss = 1.4885e-01, PNorm = 87.1147, GNorm = 4.9973, lr_0 = 1.9980e-05
Loss = 1.2232e-01, PNorm = 87.1151, GNorm = 4.0646, lr_0 = 1.9942e-05
Loss = 1.3391e-01, PNorm = 87.1158, GNorm = 4.2159, lr_0 = 1.9903e-05
Loss = 1.3439e-01, PNorm = 87.1166, GNorm = 4.6657, lr_0 = 1.9865e-05
Loss = 1.1793e-01, PNorm = 87.1170, GNorm = 3.9556, lr_0 = 1.9827e-05
Loss = 1.2502e-01, PNorm = 87.1177, GNorm = 3.6661, lr_0 = 1.9788e-05
Loss = 1.4008e-01, PNorm = 87.1186, GNorm = 1.0787, lr_0 = 1.9750e-05
Loss = 1.4196e-01, PNorm = 87.1191, GNorm = 5.3643, lr_0 = 1.9712e-05
Loss = 1.6124e-01, PNorm = 87.1197, GNorm = 1.8296, lr_0 = 1.9674e-05
Loss = 1.5296e-01, PNorm = 87.1203, GNorm = 6.4086, lr_0 = 1.9636e-05
Loss = 1.6296e-01, PNorm = 87.1211, GNorm = 4.8385, lr_0 = 1.9598e-05
Loss = 1.3756e-01, PNorm = 87.1219, GNorm = 4.2076, lr_0 = 1.9560e-05
Loss = 1.6577e-01, PNorm = 87.1227, GNorm = 6.9445, lr_0 = 1.9523e-05
Loss = 1.5981e-01, PNorm = 87.1234, GNorm = 4.2032, lr_0 = 1.9485e-05
Validation rmse = 44.652624
Epoch 25
Loss = 1.3155e-01, PNorm = 87.1242, GNorm = 4.6366, lr_0 = 1.9444e-05
Loss = 1.5554e-01, PNorm = 87.1248, GNorm = 7.2970, lr_0 = 1.9406e-05
Loss = 1.7181e-01, PNorm = 87.1254, GNorm = 2.8515, lr_0 = 1.9369e-05
Loss = 1.3788e-01, PNorm = 87.1259, GNorm = 1.8577, lr_0 = 1.9331e-05
Loss = 1.2916e-01, PNorm = 87.1266, GNorm = 1.5519, lr_0 = 1.9294e-05
Loss = 1.3695e-01, PNorm = 87.1272, GNorm = 6.7646, lr_0 = 1.9257e-05
Loss = 1.6504e-01, PNorm = 87.1281, GNorm = 2.9711, lr_0 = 1.9219e-05
Loss = 1.3964e-01, PNorm = 87.1288, GNorm = 2.1503, lr_0 = 1.9182e-05
Loss = 1.6103e-01, PNorm = 87.1294, GNorm = 5.4145, lr_0 = 1.9145e-05
Loss = 1.3819e-01, PNorm = 87.1303, GNorm = 9.2947, lr_0 = 1.9108e-05
Loss = 1.3693e-01, PNorm = 87.1311, GNorm = 7.1585, lr_0 = 1.9071e-05
Loss = 1.4651e-01, PNorm = 87.1320, GNorm = 6.8563, lr_0 = 1.9035e-05
Loss = 1.4845e-01, PNorm = 87.1328, GNorm = 6.3427, lr_0 = 1.8998e-05
Loss = 1.6684e-01, PNorm = 87.1340, GNorm = 4.0795, lr_0 = 1.8961e-05
Loss = 1.3020e-01, PNorm = 87.1353, GNorm = 2.0100, lr_0 = 1.8925e-05
Loss = 1.3532e-01, PNorm = 87.1364, GNorm = 4.2920, lr_0 = 1.8888e-05
Loss = 1.2121e-01, PNorm = 87.1367, GNorm = 2.4881, lr_0 = 1.8852e-05
Loss = 1.5660e-01, PNorm = 87.1373, GNorm = 18.1258, lr_0 = 1.8815e-05
Loss = 1.8011e-01, PNorm = 87.1385, GNorm = 5.0394, lr_0 = 1.8779e-05
Loss = 1.3959e-01, PNorm = 87.1396, GNorm = 4.1386, lr_0 = 1.8743e-05
Loss = 1.4188e-01, PNorm = 87.1401, GNorm = 3.4053, lr_0 = 1.8707e-05
Loss = 1.5408e-01, PNorm = 87.1408, GNorm = 4.0547, lr_0 = 1.8670e-05
Loss = 1.1652e-01, PNorm = 87.1413, GNorm = 3.7534, lr_0 = 1.8634e-05
Validation rmse = 45.785517
Epoch 26
Loss = 1.9032e-01, PNorm = 87.1418, GNorm = 3.9392, lr_0 = 1.8598e-05
Loss = 1.4163e-01, PNorm = 87.1425, GNorm = 1.6231, lr_0 = 1.8563e-05
Loss = 1.4513e-01, PNorm = 87.1432, GNorm = 5.5019, lr_0 = 1.8527e-05
Loss = 1.7108e-01, PNorm = 87.1438, GNorm = 10.3923, lr_0 = 1.8491e-05
Loss = 1.4140e-01, PNorm = 87.1442, GNorm = 1.7406, lr_0 = 1.8455e-05
Loss = 1.2558e-01, PNorm = 87.1445, GNorm = 3.5482, lr_0 = 1.8420e-05
Loss = 1.6071e-01, PNorm = 87.1456, GNorm = 9.2822, lr_0 = 1.8384e-05
Loss = 1.2878e-01, PNorm = 87.1465, GNorm = 2.7534, lr_0 = 1.8349e-05
Loss = 1.2802e-01, PNorm = 87.1472, GNorm = 2.3132, lr_0 = 1.8313e-05
Loss = 1.2803e-01, PNorm = 87.1481, GNorm = 1.2769, lr_0 = 1.8278e-05
Loss = 1.3612e-01, PNorm = 87.1486, GNorm = 2.4548, lr_0 = 1.8243e-05
Loss = 1.2519e-01, PNorm = 87.1495, GNorm = 2.0389, lr_0 = 1.8207e-05
Loss = 1.4927e-01, PNorm = 87.1501, GNorm = 1.4022, lr_0 = 1.8172e-05
Loss = 1.5449e-01, PNorm = 87.1509, GNorm = 6.6702, lr_0 = 1.8137e-05
Loss = 1.4365e-01, PNorm = 87.1515, GNorm = 7.2864, lr_0 = 1.8102e-05
Loss = 1.5973e-01, PNorm = 87.1522, GNorm = 2.2525, lr_0 = 1.8067e-05
Loss = 1.3610e-01, PNorm = 87.1532, GNorm = 7.2974, lr_0 = 1.8032e-05
Loss = 1.2844e-01, PNorm = 87.1541, GNorm = 2.0044, lr_0 = 1.7998e-05
Loss = 1.2814e-01, PNorm = 87.1545, GNorm = 6.6102, lr_0 = 1.7963e-05
Loss = 1.2270e-01, PNorm = 87.1549, GNorm = 7.9859, lr_0 = 1.7928e-05
Loss = 1.4288e-01, PNorm = 87.1553, GNorm = 3.2183, lr_0 = 1.7894e-05
Loss = 1.3033e-01, PNorm = 87.1558, GNorm = 4.3905, lr_0 = 1.7859e-05
Loss = 1.4196e-01, PNorm = 87.1563, GNorm = 2.9839, lr_0 = 1.7825e-05
Loss = 1.3385e-01, PNorm = 87.1568, GNorm = 2.8203, lr_0 = 1.7790e-05
Validation rmse = 45.027291
Epoch 27
Loss = 1.3237e-01, PNorm = 87.1570, GNorm = 1.5903, lr_0 = 1.7752e-05
Loss = 1.3549e-01, PNorm = 87.1574, GNorm = 6.3595, lr_0 = 1.7718e-05
Loss = 1.4086e-01, PNorm = 87.1581, GNorm = 4.2890, lr_0 = 1.7684e-05
Loss = 1.2663e-01, PNorm = 87.1588, GNorm = 2.2593, lr_0 = 1.7650e-05
Loss = 1.2185e-01, PNorm = 87.1593, GNorm = 3.3230, lr_0 = 1.7616e-05
Loss = 1.5414e-01, PNorm = 87.1605, GNorm = 2.4961, lr_0 = 1.7582e-05
Loss = 1.6203e-01, PNorm = 87.1611, GNorm = 2.8300, lr_0 = 1.7548e-05
Loss = 1.3780e-01, PNorm = 87.1614, GNorm = 5.8885, lr_0 = 1.7514e-05
Loss = 1.3513e-01, PNorm = 87.1626, GNorm = 4.0224, lr_0 = 1.7480e-05
Loss = 1.4170e-01, PNorm = 87.1635, GNorm = 3.2549, lr_0 = 1.7446e-05
Loss = 1.5725e-01, PNorm = 87.1643, GNorm = 2.0785, lr_0 = 1.7413e-05
Loss = 1.3903e-01, PNorm = 87.1650, GNorm = 3.6351, lr_0 = 1.7379e-05
Loss = 1.4844e-01, PNorm = 87.1656, GNorm = 1.9067, lr_0 = 1.7346e-05
Loss = 1.1603e-01, PNorm = 87.1664, GNorm = 1.7658, lr_0 = 1.7312e-05
Loss = 1.3044e-01, PNorm = 87.1670, GNorm = 1.6150, lr_0 = 1.7279e-05
Loss = 1.4384e-01, PNorm = 87.1677, GNorm = 3.0433, lr_0 = 1.7245e-05
Loss = 1.7542e-01, PNorm = 87.1687, GNorm = 4.9131, lr_0 = 1.7212e-05
Loss = 1.7852e-01, PNorm = 87.1700, GNorm = 3.6891, lr_0 = 1.7179e-05
Loss = 1.2376e-01, PNorm = 87.1711, GNorm = 3.3603, lr_0 = 1.7146e-05
Loss = 1.1181e-01, PNorm = 87.1715, GNorm = 3.9686, lr_0 = 1.7113e-05
Loss = 1.4169e-01, PNorm = 87.1717, GNorm = 3.8266, lr_0 = 1.7080e-05
Loss = 1.4564e-01, PNorm = 87.1727, GNorm = 11.1304, lr_0 = 1.7047e-05
Loss = 1.1317e-01, PNorm = 87.1732, GNorm = 5.1567, lr_0 = 1.7014e-05
Loss = 1.4752e-01, PNorm = 87.1733, GNorm = 6.2948, lr_0 = 1.6981e-05
Validation rmse = 43.306357
Epoch 28
Loss = 1.3689e-01, PNorm = 87.1742, GNorm = 9.9949, lr_0 = 1.6948e-05
Loss = 1.4032e-01, PNorm = 87.1748, GNorm = 2.0892, lr_0 = 1.6915e-05
Loss = 1.3373e-01, PNorm = 87.1755, GNorm = 5.7760, lr_0 = 1.6883e-05
Loss = 1.5706e-01, PNorm = 87.1763, GNorm = 5.5301, lr_0 = 1.6850e-05
Loss = 1.2026e-01, PNorm = 87.1771, GNorm = 2.5925, lr_0 = 1.6818e-05
Loss = 1.3314e-01, PNorm = 87.1777, GNorm = 5.3070, lr_0 = 1.6785e-05
Loss = 1.2386e-01, PNorm = 87.1780, GNorm = 2.9135, lr_0 = 1.6753e-05
Loss = 1.5489e-01, PNorm = 87.1784, GNorm = 1.9848, lr_0 = 1.6720e-05
Loss = 1.3523e-01, PNorm = 87.1795, GNorm = 2.3205, lr_0 = 1.6688e-05
Loss = 1.4529e-01, PNorm = 87.1803, GNorm = 8.4091, lr_0 = 1.6656e-05
Loss = 1.3322e-01, PNorm = 87.1807, GNorm = 5.6126, lr_0 = 1.6624e-05
Loss = 1.2096e-01, PNorm = 87.1817, GNorm = 2.4126, lr_0 = 1.6592e-05
Loss = 1.5686e-01, PNorm = 87.1824, GNorm = 18.2264, lr_0 = 1.6560e-05
Loss = 1.3306e-01, PNorm = 87.1835, GNorm = 7.6890, lr_0 = 1.6528e-05
Loss = 1.2832e-01, PNorm = 87.1843, GNorm = 10.9081, lr_0 = 1.6496e-05
Loss = 1.3035e-01, PNorm = 87.1849, GNorm = 6.6288, lr_0 = 1.6464e-05
Loss = 1.3888e-01, PNorm = 87.1854, GNorm = 2.9171, lr_0 = 1.6432e-05
Loss = 1.3828e-01, PNorm = 87.1863, GNorm = 3.8849, lr_0 = 1.6401e-05
Loss = 1.3091e-01, PNorm = 87.1868, GNorm = 1.0185, lr_0 = 1.6369e-05
Loss = 1.4105e-01, PNorm = 87.1872, GNorm = 2.5048, lr_0 = 1.6337e-05
Loss = 1.5535e-01, PNorm = 87.1879, GNorm = 2.1016, lr_0 = 1.6306e-05
Loss = 1.3874e-01, PNorm = 87.1886, GNorm = 3.2815, lr_0 = 1.6274e-05
Loss = 1.3259e-01, PNorm = 87.1890, GNorm = 2.0909, lr_0 = 1.6243e-05
Validation rmse = 43.019814
Epoch 29
Loss = 1.1621e-01, PNorm = 87.1900, GNorm = 4.8368, lr_0 = 1.6208e-05
Loss = 1.3616e-01, PNorm = 87.1909, GNorm = 3.2643, lr_0 = 1.6177e-05
Loss = 1.3238e-01, PNorm = 87.1913, GNorm = 6.7637, lr_0 = 1.6146e-05
Loss = 1.5813e-01, PNorm = 87.1920, GNorm = 7.2950, lr_0 = 1.6115e-05
Loss = 1.4031e-01, PNorm = 87.1929, GNorm = 2.9502, lr_0 = 1.6084e-05
Loss = 1.2626e-01, PNorm = 87.1934, GNorm = 4.1014, lr_0 = 1.6053e-05
Loss = 1.3718e-01, PNorm = 87.1938, GNorm = 2.0532, lr_0 = 1.6022e-05
Loss = 1.7907e-01, PNorm = 87.1944, GNorm = 6.7165, lr_0 = 1.5991e-05
Loss = 1.6027e-01, PNorm = 87.1951, GNorm = 2.3143, lr_0 = 1.5960e-05
Loss = 1.3905e-01, PNorm = 87.1960, GNorm = 5.8888, lr_0 = 1.5929e-05
Loss = 1.4371e-01, PNorm = 87.1968, GNorm = 9.2905, lr_0 = 1.5898e-05
Loss = 1.6509e-01, PNorm = 87.1980, GNorm = 1.7166, lr_0 = 1.5868e-05
Loss = 1.5461e-01, PNorm = 87.1985, GNorm = 13.1505, lr_0 = 1.5837e-05
Loss = 1.5172e-01, PNorm = 87.1990, GNorm = 5.8389, lr_0 = 1.5806e-05
Loss = 1.3583e-01, PNorm = 87.1996, GNorm = 2.1370, lr_0 = 1.5776e-05
Loss = 1.3300e-01, PNorm = 87.2000, GNorm = 2.1022, lr_0 = 1.5745e-05
Loss = 1.1158e-01, PNorm = 87.2006, GNorm = 2.6190, lr_0 = 1.5715e-05
Loss = 1.1101e-01, PNorm = 87.2012, GNorm = 4.9930, lr_0 = 1.5685e-05
Loss = 1.0578e-01, PNorm = 87.2016, GNorm = 1.2997, lr_0 = 1.5654e-05
Loss = 1.7452e-01, PNorm = 87.2023, GNorm = 4.3202, lr_0 = 1.5624e-05
Loss = 1.4736e-01, PNorm = 87.2029, GNorm = 2.7908, lr_0 = 1.5594e-05
Loss = 1.5121e-01, PNorm = 87.2035, GNorm = 8.1210, lr_0 = 1.5564e-05
Loss = 1.4310e-01, PNorm = 87.2037, GNorm = 3.8511, lr_0 = 1.5534e-05
Loss = 1.3495e-01, PNorm = 87.2041, GNorm = 3.3359, lr_0 = 1.5504e-05
Validation rmse = 45.911720
Epoch 30
Loss = 1.2812e-01, PNorm = 87.2049, GNorm = 4.4676, lr_0 = 1.5471e-05
Loss = 1.3557e-01, PNorm = 87.2053, GNorm = 2.4667, lr_0 = 1.5441e-05
Loss = 1.2333e-01, PNorm = 87.2061, GNorm = 3.5758, lr_0 = 1.5411e-05
Loss = 1.3278e-01, PNorm = 87.2068, GNorm = 4.2280, lr_0 = 1.5382e-05
Loss = 1.0073e-01, PNorm = 87.2072, GNorm = 1.3273, lr_0 = 1.5352e-05
Loss = 1.2386e-01, PNorm = 87.2076, GNorm = 2.0904, lr_0 = 1.5322e-05
Loss = 1.3048e-01, PNorm = 87.2081, GNorm = 2.5992, lr_0 = 1.5293e-05
Loss = 1.4081e-01, PNorm = 87.2090, GNorm = 2.0019, lr_0 = 1.5263e-05
Loss = 1.5243e-01, PNorm = 87.2095, GNorm = 4.0965, lr_0 = 1.5234e-05
Loss = 1.4228e-01, PNorm = 87.2102, GNorm = 6.2794, lr_0 = 1.5204e-05
Loss = 1.2747e-01, PNorm = 87.2107, GNorm = 1.3937, lr_0 = 1.5175e-05
Loss = 1.3518e-01, PNorm = 87.2110, GNorm = 4.7916, lr_0 = 1.5146e-05
Loss = 1.3491e-01, PNorm = 87.2113, GNorm = 4.6520, lr_0 = 1.5117e-05
Loss = 1.2566e-01, PNorm = 87.2119, GNorm = 2.8787, lr_0 = 1.5087e-05
Loss = 1.2411e-01, PNorm = 87.2122, GNorm = 2.1959, lr_0 = 1.5058e-05
Loss = 1.3013e-01, PNorm = 87.2127, GNorm = 7.5111, lr_0 = 1.5029e-05
Loss = 1.5877e-01, PNorm = 87.2134, GNorm = 8.4437, lr_0 = 1.5000e-05
Loss = 1.2149e-01, PNorm = 87.2139, GNorm = 1.5595, lr_0 = 1.4971e-05
Loss = 1.3008e-01, PNorm = 87.2145, GNorm = 4.2860, lr_0 = 1.4942e-05
Loss = 1.0296e-01, PNorm = 87.2155, GNorm = 2.1594, lr_0 = 1.4914e-05
Loss = 1.3171e-01, PNorm = 87.2163, GNorm = 3.8168, lr_0 = 1.4885e-05
Loss = 1.3395e-01, PNorm = 87.2169, GNorm = 7.6620, lr_0 = 1.4856e-05
Loss = 1.4172e-01, PNorm = 87.2177, GNorm = 2.9784, lr_0 = 1.4827e-05
Loss = 1.2568e-01, PNorm = 87.2183, GNorm = 1.4698, lr_0 = 1.4799e-05
Validation rmse = 45.784153
Epoch 31
Loss = 1.4372e-01, PNorm = 87.2190, GNorm = 1.7644, lr_0 = 1.4770e-05
Loss = 1.1999e-01, PNorm = 87.2195, GNorm = 5.0587, lr_0 = 1.4742e-05
Loss = 1.2034e-01, PNorm = 87.2196, GNorm = 2.3502, lr_0 = 1.4713e-05
Loss = 1.1434e-01, PNorm = 87.2199, GNorm = 7.6097, lr_0 = 1.4685e-05
Loss = 1.3829e-01, PNorm = 87.2203, GNorm = 4.8389, lr_0 = 1.4656e-05
Loss = 1.6557e-01, PNorm = 87.2209, GNorm = 7.5216, lr_0 = 1.4628e-05
Loss = 1.3446e-01, PNorm = 87.2213, GNorm = 2.4377, lr_0 = 1.4600e-05
Loss = 1.1761e-01, PNorm = 87.2222, GNorm = 2.4294, lr_0 = 1.4572e-05
Loss = 1.1211e-01, PNorm = 87.2228, GNorm = 3.5291, lr_0 = 1.4544e-05
Loss = 1.2869e-01, PNorm = 87.2234, GNorm = 7.6351, lr_0 = 1.4516e-05
Loss = 1.4479e-01, PNorm = 87.2238, GNorm = 1.9987, lr_0 = 1.4488e-05
Loss = 1.2832e-01, PNorm = 87.2245, GNorm = 1.5937, lr_0 = 1.4460e-05
Loss = 1.1766e-01, PNorm = 87.2251, GNorm = 3.2597, lr_0 = 1.4432e-05
Loss = 1.1486e-01, PNorm = 87.2258, GNorm = 2.7271, lr_0 = 1.4404e-05
Loss = 1.3607e-01, PNorm = 87.2266, GNorm = 5.1005, lr_0 = 1.4376e-05
Loss = 1.6285e-01, PNorm = 87.2269, GNorm = 3.8365, lr_0 = 1.4348e-05
Loss = 1.1038e-01, PNorm = 87.2273, GNorm = 4.1574, lr_0 = 1.4321e-05
Loss = 1.1608e-01, PNorm = 87.2280, GNorm = 2.3557, lr_0 = 1.4293e-05
Loss = 1.3620e-01, PNorm = 87.2285, GNorm = 1.6527, lr_0 = 1.4265e-05
Loss = 1.1820e-01, PNorm = 87.2290, GNorm = 8.0128, lr_0 = 1.4238e-05
Loss = 1.1402e-01, PNorm = 87.2294, GNorm = 4.7056, lr_0 = 1.4210e-05
Loss = 1.7279e-01, PNorm = 87.2301, GNorm = 3.0513, lr_0 = 1.4183e-05
Loss = 1.3213e-01, PNorm = 87.2307, GNorm = 2.1517, lr_0 = 1.4156e-05
Validation rmse = 41.390967
Epoch 32
Loss = 1.0233e-01, PNorm = 87.2312, GNorm = 1.5946, lr_0 = 1.4126e-05
Loss = 1.3389e-01, PNorm = 87.2315, GNorm = 2.2394, lr_0 = 1.4098e-05
Loss = 1.2691e-01, PNorm = 87.2321, GNorm = 2.1302, lr_0 = 1.4071e-05
Loss = 1.4049e-01, PNorm = 87.2328, GNorm = 1.7352, lr_0 = 1.4044e-05
Loss = 1.1733e-01, PNorm = 87.2331, GNorm = 5.3523, lr_0 = 1.4017e-05
Loss = 1.4543e-01, PNorm = 87.2336, GNorm = 3.0555, lr_0 = 1.3990e-05
Loss = 1.2807e-01, PNorm = 87.2344, GNorm = 8.1576, lr_0 = 1.3963e-05
Loss = 1.1510e-01, PNorm = 87.2347, GNorm = 1.6507, lr_0 = 1.3936e-05
Loss = 1.0665e-01, PNorm = 87.2353, GNorm = 1.9638, lr_0 = 1.3909e-05
Loss = 1.3018e-01, PNorm = 87.2355, GNorm = 2.5808, lr_0 = 1.3882e-05
Loss = 1.4718e-01, PNorm = 87.2357, GNorm = 8.5843, lr_0 = 1.3855e-05
Loss = 1.6675e-01, PNorm = 87.2366, GNorm = 2.5994, lr_0 = 1.3829e-05
Loss = 1.1486e-01, PNorm = 87.2373, GNorm = 2.3455, lr_0 = 1.3802e-05
Loss = 1.2357e-01, PNorm = 87.2378, GNorm = 10.4940, lr_0 = 1.3775e-05
Loss = 1.3196e-01, PNorm = 87.2383, GNorm = 5.5843, lr_0 = 1.3749e-05
Loss = 1.2849e-01, PNorm = 87.2394, GNorm = 3.4734, lr_0 = 1.3722e-05
Loss = 1.5226e-01, PNorm = 87.2401, GNorm = 3.5317, lr_0 = 1.3696e-05
Loss = 1.2858e-01, PNorm = 87.2407, GNorm = 3.9373, lr_0 = 1.3669e-05
Loss = 1.3961e-01, PNorm = 87.2413, GNorm = 3.7172, lr_0 = 1.3643e-05
Loss = 1.4587e-01, PNorm = 87.2415, GNorm = 6.0209, lr_0 = 1.3616e-05
Loss = 1.3809e-01, PNorm = 87.2419, GNorm = 6.7109, lr_0 = 1.3590e-05
Loss = 1.2090e-01, PNorm = 87.2423, GNorm = 8.1362, lr_0 = 1.3564e-05
Loss = 1.4431e-01, PNorm = 87.2429, GNorm = 2.3730, lr_0 = 1.3538e-05
Loss = 1.3575e-01, PNorm = 87.2437, GNorm = 2.6840, lr_0 = 1.3512e-05
Validation rmse = 42.924209
Epoch 33
Loss = 1.2281e-01, PNorm = 87.2441, GNorm = 4.6248, lr_0 = 1.3486e-05
Loss = 1.2471e-01, PNorm = 87.2447, GNorm = 4.6376, lr_0 = 1.3460e-05
Loss = 1.1582e-01, PNorm = 87.2452, GNorm = 1.6198, lr_0 = 1.3434e-05
Loss = 1.3687e-01, PNorm = 87.2459, GNorm = 2.1952, lr_0 = 1.3408e-05
Loss = 1.2091e-01, PNorm = 87.2465, GNorm = 6.5276, lr_0 = 1.3382e-05
Loss = 1.1791e-01, PNorm = 87.2470, GNorm = 1.6371, lr_0 = 1.3356e-05
Loss = 1.2445e-01, PNorm = 87.2472, GNorm = 2.9730, lr_0 = 1.3330e-05
Loss = 1.1754e-01, PNorm = 87.2477, GNorm = 2.2451, lr_0 = 1.3304e-05
Loss = 1.2391e-01, PNorm = 87.2481, GNorm = 1.7882, lr_0 = 1.3279e-05
Loss = 1.5761e-01, PNorm = 87.2488, GNorm = 1.8847, lr_0 = 1.3253e-05
Loss = 1.0619e-01, PNorm = 87.2490, GNorm = 3.1310, lr_0 = 1.3228e-05
Loss = 1.2711e-01, PNorm = 87.2496, GNorm = 3.0068, lr_0 = 1.3202e-05
Loss = 1.1912e-01, PNorm = 87.2497, GNorm = 3.0199, lr_0 = 1.3177e-05
Loss = 1.0126e-01, PNorm = 87.2500, GNorm = 1.7188, lr_0 = 1.3151e-05
Loss = 1.4292e-01, PNorm = 87.2507, GNorm = 2.3429, lr_0 = 1.3126e-05
Loss = 1.3676e-01, PNorm = 87.2515, GNorm = 2.2705, lr_0 = 1.3100e-05
Loss = 1.2398e-01, PNorm = 87.2522, GNorm = 3.8075, lr_0 = 1.3075e-05
Loss = 1.3148e-01, PNorm = 87.2526, GNorm = 3.0569, lr_0 = 1.3050e-05
Loss = 1.3271e-01, PNorm = 87.2529, GNorm = 2.3811, lr_0 = 1.3025e-05
Loss = 1.2999e-01, PNorm = 87.2531, GNorm = 2.8671, lr_0 = 1.3000e-05
Loss = 1.3314e-01, PNorm = 87.2539, GNorm = 2.0523, lr_0 = 1.2974e-05
Loss = 1.3853e-01, PNorm = 87.2545, GNorm = 2.2301, lr_0 = 1.2949e-05
Loss = 1.4684e-01, PNorm = 87.2550, GNorm = 1.5870, lr_0 = 1.2924e-05
Validation rmse = 44.380180
Epoch 34
Loss = 1.3127e-01, PNorm = 87.2555, GNorm = 4.3387, lr_0 = 1.2897e-05
Loss = 1.3109e-01, PNorm = 87.2559, GNorm = 5.8774, lr_0 = 1.2872e-05
Loss = 1.2987e-01, PNorm = 87.2562, GNorm = 2.5982, lr_0 = 1.2847e-05
Loss = 1.2064e-01, PNorm = 87.2565, GNorm = 2.3692, lr_0 = 1.2822e-05
Loss = 1.2924e-01, PNorm = 87.2571, GNorm = 5.3075, lr_0 = 1.2798e-05
Loss = 1.4258e-01, PNorm = 87.2578, GNorm = 3.7814, lr_0 = 1.2773e-05
Loss = 1.0916e-01, PNorm = 87.2582, GNorm = 1.8158, lr_0 = 1.2748e-05
Loss = 1.5138e-01, PNorm = 87.2590, GNorm = 4.0433, lr_0 = 1.2724e-05
Loss = 1.1561e-01, PNorm = 87.2599, GNorm = 1.6982, lr_0 = 1.2699e-05
Loss = 1.2521e-01, PNorm = 87.2604, GNorm = 2.0789, lr_0 = 1.2675e-05
Loss = 1.3652e-01, PNorm = 87.2606, GNorm = 2.2360, lr_0 = 1.2650e-05
Loss = 1.2499e-01, PNorm = 87.2610, GNorm = 2.9151, lr_0 = 1.2626e-05
Loss = 1.2630e-01, PNorm = 87.2616, GNorm = 2.1520, lr_0 = 1.2601e-05
Loss = 1.2658e-01, PNorm = 87.2618, GNorm = 2.0484, lr_0 = 1.2577e-05
Loss = 1.2129e-01, PNorm = 87.2621, GNorm = 4.8815, lr_0 = 1.2553e-05
Loss = 1.1727e-01, PNorm = 87.2625, GNorm = 3.3257, lr_0 = 1.2529e-05
Loss = 1.0647e-01, PNorm = 87.2629, GNorm = 1.4438, lr_0 = 1.2504e-05
Loss = 1.0223e-01, PNorm = 87.2634, GNorm = 3.4774, lr_0 = 1.2480e-05
Loss = 1.1467e-01, PNorm = 87.2638, GNorm = 4.1055, lr_0 = 1.2456e-05
Loss = 1.4407e-01, PNorm = 87.2645, GNorm = 1.1251, lr_0 = 1.2432e-05
Loss = 1.2088e-01, PNorm = 87.2648, GNorm = 2.3842, lr_0 = 1.2408e-05
Loss = 1.5400e-01, PNorm = 87.2651, GNorm = 1.2672, lr_0 = 1.2384e-05
Loss = 1.1840e-01, PNorm = 87.2655, GNorm = 2.7136, lr_0 = 1.2360e-05
Loss = 1.4870e-01, PNorm = 87.2663, GNorm = 11.7758, lr_0 = 1.2336e-05
Validation rmse = 40.936989
Epoch 35
Loss = 1.1305e-01, PNorm = 87.2669, GNorm = 5.1195, lr_0 = 1.2313e-05
Loss = 1.1492e-01, PNorm = 87.2674, GNorm = 2.1386, lr_0 = 1.2289e-05
Loss = 1.4451e-01, PNorm = 87.2680, GNorm = 7.0023, lr_0 = 1.2265e-05
Loss = 1.5219e-01, PNorm = 87.2686, GNorm = 5.2286, lr_0 = 1.2241e-05
Loss = 1.1991e-01, PNorm = 87.2689, GNorm = 3.7573, lr_0 = 1.2218e-05
Loss = 1.0446e-01, PNorm = 87.2691, GNorm = 2.0854, lr_0 = 1.2194e-05
Loss = 1.3256e-01, PNorm = 87.2696, GNorm = 1.7015, lr_0 = 1.2171e-05
Loss = 1.2807e-01, PNorm = 87.2703, GNorm = 4.0505, lr_0 = 1.2147e-05
Loss = 1.3068e-01, PNorm = 87.2708, GNorm = 3.9706, lr_0 = 1.2124e-05
Loss = 1.1443e-01, PNorm = 87.2714, GNorm = 2.8074, lr_0 = 1.2100e-05
Loss = 1.2463e-01, PNorm = 87.2719, GNorm = 2.2378, lr_0 = 1.2077e-05
Loss = 1.1186e-01, PNorm = 87.2726, GNorm = 2.5290, lr_0 = 1.2054e-05
Loss = 1.4484e-01, PNorm = 87.2731, GNorm = 2.8961, lr_0 = 1.2030e-05
Loss = 1.2291e-01, PNorm = 87.2735, GNorm = 2.9571, lr_0 = 1.2007e-05
Loss = 1.2807e-01, PNorm = 87.2738, GNorm = 9.9851, lr_0 = 1.1984e-05
Loss = 1.5687e-01, PNorm = 87.2737, GNorm = 3.1524, lr_0 = 1.1961e-05
Loss = 1.4389e-01, PNorm = 87.2742, GNorm = 9.3053, lr_0 = 1.1938e-05
Loss = 1.3812e-01, PNorm = 87.2748, GNorm = 8.4973, lr_0 = 1.1915e-05
Loss = 1.4046e-01, PNorm = 87.2757, GNorm = 2.3277, lr_0 = 1.1892e-05
Loss = 1.1896e-01, PNorm = 87.2762, GNorm = 2.8217, lr_0 = 1.1869e-05
Loss = 1.2366e-01, PNorm = 87.2768, GNorm = 3.2752, lr_0 = 1.1846e-05
Loss = 1.0946e-01, PNorm = 87.2768, GNorm = 1.6394, lr_0 = 1.1823e-05
Loss = 1.0803e-01, PNorm = 87.2771, GNorm = 2.6382, lr_0 = 1.1800e-05
Loss = 1.1701e-01, PNorm = 87.2774, GNorm = 2.4808, lr_0 = 1.1778e-05
Validation rmse = 40.942698
Epoch 36
Loss = 1.1766e-01, PNorm = 87.2778, GNorm = 3.7988, lr_0 = 1.1753e-05
Loss = 1.4605e-01, PNorm = 87.2783, GNorm = 5.9251, lr_0 = 1.1730e-05
Loss = 1.1811e-01, PNorm = 87.2788, GNorm = 2.7808, lr_0 = 1.1707e-05
Loss = 1.4743e-01, PNorm = 87.2794, GNorm = 2.1232, lr_0 = 1.1685e-05
Loss = 1.0386e-01, PNorm = 87.2800, GNorm = 7.6983, lr_0 = 1.1662e-05
Loss = 1.2456e-01, PNorm = 87.2805, GNorm = 3.1685, lr_0 = 1.1640e-05
Loss = 1.2442e-01, PNorm = 87.2809, GNorm = 2.0336, lr_0 = 1.1617e-05
Loss = 1.0572e-01, PNorm = 87.2812, GNorm = 2.4294, lr_0 = 1.1595e-05
Loss = 1.3273e-01, PNorm = 87.2816, GNorm = 4.0115, lr_0 = 1.1572e-05
Loss = 1.1738e-01, PNorm = 87.2819, GNorm = 3.3655, lr_0 = 1.1550e-05
Loss = 1.2821e-01, PNorm = 87.2825, GNorm = 3.2766, lr_0 = 1.1528e-05
Loss = 9.4178e-02, PNorm = 87.2828, GNorm = 1.8713, lr_0 = 1.1505e-05
Loss = 1.1532e-01, PNorm = 87.2832, GNorm = 3.3923, lr_0 = 1.1483e-05
Loss = 1.0921e-01, PNorm = 87.2834, GNorm = 2.4660, lr_0 = 1.1461e-05
Loss = 1.1767e-01, PNorm = 87.2838, GNorm = 2.1924, lr_0 = 1.1439e-05
Loss = 1.5293e-01, PNorm = 87.2845, GNorm = 2.8290, lr_0 = 1.1417e-05
Loss = 1.2432e-01, PNorm = 87.2847, GNorm = 3.0224, lr_0 = 1.1395e-05
Loss = 1.1765e-01, PNorm = 87.2851, GNorm = 4.8214, lr_0 = 1.1373e-05
Loss = 1.1464e-01, PNorm = 87.2856, GNorm = 3.7203, lr_0 = 1.1351e-05
Loss = 1.4743e-01, PNorm = 87.2860, GNorm = 1.6419, lr_0 = 1.1329e-05
Loss = 1.2574e-01, PNorm = 87.2865, GNorm = 6.3037, lr_0 = 1.1307e-05
Loss = 1.3261e-01, PNorm = 87.2868, GNorm = 5.2497, lr_0 = 1.1285e-05
Loss = 1.0515e-01, PNorm = 87.2870, GNorm = 2.8120, lr_0 = 1.1264e-05
Validation rmse = 41.804839
Epoch 37
Loss = 9.2007e-02, PNorm = 87.2873, GNorm = 1.5299, lr_0 = 1.1242e-05
Loss = 1.3511e-01, PNorm = 87.2877, GNorm = 2.6756, lr_0 = 1.1220e-05
Loss = 1.4008e-01, PNorm = 87.2885, GNorm = 6.0812, lr_0 = 1.1198e-05
Loss = 1.2113e-01, PNorm = 87.2888, GNorm = 3.1179, lr_0 = 1.1177e-05
Loss = 9.0552e-02, PNorm = 87.2892, GNorm = 2.8367, lr_0 = 1.1155e-05
Loss = 1.3450e-01, PNorm = 87.2894, GNorm = 8.0122, lr_0 = 1.1134e-05
Loss = 1.2236e-01, PNorm = 87.2900, GNorm = 4.0680, lr_0 = 1.1112e-05
Loss = 1.3054e-01, PNorm = 87.2906, GNorm = 3.4926, lr_0 = 1.1091e-05
Loss = 1.4448e-01, PNorm = 87.2911, GNorm = 3.8968, lr_0 = 1.1069e-05
Loss = 1.3761e-01, PNorm = 87.2916, GNorm = 1.8919, lr_0 = 1.1048e-05
Loss = 1.0981e-01, PNorm = 87.2923, GNorm = 3.0529, lr_0 = 1.1027e-05
Loss = 1.1461e-01, PNorm = 87.2928, GNorm = 3.1391, lr_0 = 1.1005e-05
Loss = 1.1525e-01, PNorm = 87.2930, GNorm = 4.2811, lr_0 = 1.0984e-05
Loss = 1.0588e-01, PNorm = 87.2931, GNorm = 1.7208, lr_0 = 1.0963e-05
Loss = 1.0703e-01, PNorm = 87.2934, GNorm = 1.8937, lr_0 = 1.0942e-05
Loss = 1.3386e-01, PNorm = 87.2937, GNorm = 15.9519, lr_0 = 1.0921e-05
Loss = 1.2266e-01, PNorm = 87.2944, GNorm = 1.9882, lr_0 = 1.0900e-05
Loss = 1.2607e-01, PNorm = 87.2948, GNorm = 7.0033, lr_0 = 1.0879e-05
Loss = 1.0286e-01, PNorm = 87.2953, GNorm = 3.7912, lr_0 = 1.0858e-05
Loss = 1.1786e-01, PNorm = 87.2958, GNorm = 1.5662, lr_0 = 1.0837e-05
Loss = 1.3428e-01, PNorm = 87.2963, GNorm = 6.1019, lr_0 = 1.0816e-05
Loss = 1.1733e-01, PNorm = 87.2966, GNorm = 2.8726, lr_0 = 1.0795e-05
Loss = 1.4111e-01, PNorm = 87.2970, GNorm = 2.3154, lr_0 = 1.0774e-05
Loss = 1.2314e-01, PNorm = 87.2973, GNorm = 2.7884, lr_0 = 1.0753e-05
Validation rmse = 40.361299
Epoch 38
Loss = 1.5092e-01, PNorm = 87.2973, GNorm = 3.1972, lr_0 = 1.0730e-05
Loss = 1.1457e-01, PNorm = 87.2978, GNorm = 2.0630, lr_0 = 1.0710e-05
Loss = 1.1791e-01, PNorm = 87.2982, GNorm = 1.5705, lr_0 = 1.0689e-05
Loss = 1.1499e-01, PNorm = 87.2983, GNorm = 2.5066, lr_0 = 1.0668e-05
Loss = 1.1277e-01, PNorm = 87.2986, GNorm = 6.1687, lr_0 = 1.0648e-05
Loss = 1.3053e-01, PNorm = 87.2990, GNorm = 4.0650, lr_0 = 1.0627e-05
Loss = 1.1603e-01, PNorm = 87.2995, GNorm = 2.0225, lr_0 = 1.0607e-05
Loss = 1.0359e-01, PNorm = 87.2998, GNorm = 3.3306, lr_0 = 1.0586e-05
Loss = 1.3945e-01, PNorm = 87.3001, GNorm = 7.2148, lr_0 = 1.0566e-05
Loss = 1.0677e-01, PNorm = 87.3006, GNorm = 1.1399, lr_0 = 1.0545e-05
Loss = 1.2367e-01, PNorm = 87.3011, GNorm = 5.7104, lr_0 = 1.0525e-05
Loss = 1.1117e-01, PNorm = 87.3015, GNorm = 5.7697, lr_0 = 1.0505e-05
Loss = 1.3537e-01, PNorm = 87.3021, GNorm = 6.9287, lr_0 = 1.0484e-05
Loss = 1.2840e-01, PNorm = 87.3026, GNorm = 1.9436, lr_0 = 1.0464e-05
Loss = 1.3741e-01, PNorm = 87.3030, GNorm = 6.7887, lr_0 = 1.0444e-05
Loss = 1.1186e-01, PNorm = 87.3033, GNorm = 3.3995, lr_0 = 1.0424e-05
Loss = 1.2692e-01, PNorm = 87.3039, GNorm = 9.4802, lr_0 = 1.0404e-05
Loss = 1.4138e-01, PNorm = 87.3044, GNorm = 1.7474, lr_0 = 1.0384e-05
Loss = 1.1641e-01, PNorm = 87.3049, GNorm = 4.4578, lr_0 = 1.0364e-05
Loss = 1.2284e-01, PNorm = 87.3052, GNorm = 2.6263, lr_0 = 1.0344e-05
Loss = 1.1326e-01, PNorm = 87.3056, GNorm = 4.7843, lr_0 = 1.0324e-05
Loss = 1.2369e-01, PNorm = 87.3063, GNorm = 2.0924, lr_0 = 1.0304e-05
Loss = 1.1660e-01, PNorm = 87.3071, GNorm = 3.1633, lr_0 = 1.0284e-05
Loss = 1.2777e-01, PNorm = 87.3076, GNorm = 1.8885, lr_0 = 1.0264e-05
Validation rmse = 40.114140
Epoch 39
Loss = 1.0586e-01, PNorm = 87.3078, GNorm = 4.6600, lr_0 = 1.0244e-05
Loss = 1.2384e-01, PNorm = 87.3081, GNorm = 2.2277, lr_0 = 1.0224e-05
Loss = 1.1511e-01, PNorm = 87.3086, GNorm = 1.6183, lr_0 = 1.0205e-05
Loss = 1.2621e-01, PNorm = 87.3091, GNorm = 3.7365, lr_0 = 1.0185e-05
Loss = 1.2304e-01, PNorm = 87.3096, GNorm = 1.9581, lr_0 = 1.0165e-05
Loss = 1.1425e-01, PNorm = 87.3100, GNorm = 3.7224, lr_0 = 1.0146e-05
Loss = 1.2881e-01, PNorm = 87.3100, GNorm = 2.0248, lr_0 = 1.0126e-05
Loss = 1.1107e-01, PNorm = 87.3101, GNorm = 1.7402, lr_0 = 1.0107e-05
Loss = 1.2180e-01, PNorm = 87.3103, GNorm = 3.2874, lr_0 = 1.0087e-05
Loss = 1.2395e-01, PNorm = 87.3107, GNorm = 2.2699, lr_0 = 1.0068e-05
Loss = 1.3105e-01, PNorm = 87.3111, GNorm = 7.8511, lr_0 = 1.0048e-05
Loss = 1.2621e-01, PNorm = 87.3116, GNorm = 2.4784, lr_0 = 1.0029e-05
Loss = 1.4526e-01, PNorm = 87.3120, GNorm = 1.9359, lr_0 = 1.0009e-05
Loss = 1.3329e-01, PNorm = 87.3124, GNorm = 2.2981, lr_0 = 9.9901e-06
Loss = 1.2589e-01, PNorm = 87.3128, GNorm = 2.5835, lr_0 = 9.9709e-06
Loss = 1.0493e-01, PNorm = 87.3132, GNorm = 4.0418, lr_0 = 9.9516e-06
Loss = 1.1921e-01, PNorm = 87.3135, GNorm = 2.9210, lr_0 = 9.9324e-06
Loss = 1.1752e-01, PNorm = 87.3140, GNorm = 2.4525, lr_0 = 9.9132e-06
Loss = 1.2894e-01, PNorm = 87.3144, GNorm = 5.4380, lr_0 = 9.8941e-06
Loss = 1.0322e-01, PNorm = 87.3146, GNorm = 1.4846, lr_0 = 9.8750e-06
Loss = 1.0980e-01, PNorm = 87.3149, GNorm = 2.1178, lr_0 = 9.8560e-06
Loss = 1.1095e-01, PNorm = 87.3151, GNorm = 1.6371, lr_0 = 9.8369e-06
Loss = 1.0668e-01, PNorm = 87.3153, GNorm = 2.5030, lr_0 = 9.8180e-06
Validation rmse = 40.977163
Epoch 40
Loss = 1.0576e-01, PNorm = 87.3157, GNorm = 6.5055, lr_0 = 9.7971e-06
Loss = 1.2199e-01, PNorm = 87.3160, GNorm = 3.7596, lr_0 = 9.7782e-06
Loss = 1.1065e-01, PNorm = 87.3165, GNorm = 3.6651, lr_0 = 9.7593e-06
Loss = 1.2210e-01, PNorm = 87.3167, GNorm = 6.8935, lr_0 = 9.7405e-06
Loss = 1.3273e-01, PNorm = 87.3170, GNorm = 9.0072, lr_0 = 9.7217e-06
Loss = 1.1962e-01, PNorm = 87.3174, GNorm = 1.9547, lr_0 = 9.7029e-06
Loss = 1.1395e-01, PNorm = 87.3179, GNorm = 4.1686, lr_0 = 9.6842e-06
Loss = 1.0236e-01, PNorm = 87.3182, GNorm = 5.2437, lr_0 = 9.6655e-06
Loss = 1.2873e-01, PNorm = 87.3186, GNorm = 2.0194, lr_0 = 9.6469e-06
Loss = 1.0254e-01, PNorm = 87.3189, GNorm = 3.6185, lr_0 = 9.6282e-06
Loss = 1.2623e-01, PNorm = 87.3191, GNorm = 1.6540, lr_0 = 9.6097e-06
Loss = 1.2910e-01, PNorm = 87.3197, GNorm = 4.4804, lr_0 = 9.5911e-06
Loss = 1.3834e-01, PNorm = 87.3202, GNorm = 1.6419, lr_0 = 9.5726e-06
Loss = 1.1909e-01, PNorm = 87.3206, GNorm = 1.9134, lr_0 = 9.5541e-06
Loss = 1.1452e-01, PNorm = 87.3205, GNorm = 1.3672, lr_0 = 9.5357e-06
Loss = 1.4408e-01, PNorm = 87.3205, GNorm = 4.0447, lr_0 = 9.5173e-06
Loss = 1.3124e-01, PNorm = 87.3211, GNorm = 4.5433, lr_0 = 9.4989e-06
Loss = 1.0186e-01, PNorm = 87.3216, GNorm = 1.8767, lr_0 = 9.4806e-06
Loss = 1.1894e-01, PNorm = 87.3220, GNorm = 9.2185, lr_0 = 9.4623e-06
Loss = 1.1926e-01, PNorm = 87.3223, GNorm = 3.3234, lr_0 = 9.4440e-06
Loss = 1.1481e-01, PNorm = 87.3225, GNorm = 1.9116, lr_0 = 9.4258e-06
Loss = 1.0888e-01, PNorm = 87.3229, GNorm = 1.7725, lr_0 = 9.4076e-06
Loss = 1.3404e-01, PNorm = 87.3235, GNorm = 2.7734, lr_0 = 9.3894e-06
Loss = 1.0936e-01, PNorm = 87.3239, GNorm = 3.2401, lr_0 = 9.3713e-06
Validation rmse = 48.492620
Epoch 41
Loss = 1.3673e-01, PNorm = 87.3247, GNorm = 2.4300, lr_0 = 9.3532e-06
Loss = 1.4519e-01, PNorm = 87.3253, GNorm = 5.7632, lr_0 = 9.3352e-06
Loss = 1.0569e-01, PNorm = 87.3259, GNorm = 2.9085, lr_0 = 9.3172e-06
Loss = 1.1154e-01, PNorm = 87.3263, GNorm = 3.9746, lr_0 = 9.2992e-06
Loss = 1.2549e-01, PNorm = 87.3267, GNorm = 4.0479, lr_0 = 9.2812e-06
Loss = 1.1359e-01, PNorm = 87.3271, GNorm = 2.0580, lr_0 = 9.2633e-06
Loss = 1.2162e-01, PNorm = 87.3275, GNorm = 1.8946, lr_0 = 9.2455e-06
Loss = 1.2747e-01, PNorm = 87.3279, GNorm = 1.3486, lr_0 = 9.2276e-06
Loss = 1.1833e-01, PNorm = 87.3281, GNorm = 2.3814, lr_0 = 9.2098e-06
Loss = 1.4810e-01, PNorm = 87.3282, GNorm = 3.7381, lr_0 = 9.1920e-06
Loss = 9.5103e-02, PNorm = 87.3283, GNorm = 7.3597, lr_0 = 9.1743e-06
Loss = 1.2557e-01, PNorm = 87.3288, GNorm = 2.3575, lr_0 = 9.1566e-06
Loss = 1.2942e-01, PNorm = 87.3290, GNorm = 6.5485, lr_0 = 9.1389e-06
Loss = 1.1135e-01, PNorm = 87.3292, GNorm = 2.5237, lr_0 = 9.1213e-06
Loss = 1.2396e-01, PNorm = 87.3295, GNorm = 1.5427, lr_0 = 9.1037e-06
Loss = 1.2853e-01, PNorm = 87.3298, GNorm = 6.1610, lr_0 = 9.0861e-06
Loss = 1.1890e-01, PNorm = 87.3301, GNorm = 5.6207, lr_0 = 9.0686e-06
Loss = 1.3212e-01, PNorm = 87.3308, GNorm = 9.4619, lr_0 = 9.0511e-06
Loss = 1.1468e-01, PNorm = 87.3312, GNorm = 4.6812, lr_0 = 9.0336e-06
Loss = 9.8488e-02, PNorm = 87.3315, GNorm = 1.8589, lr_0 = 9.0161e-06
Loss = 1.3380e-01, PNorm = 87.3318, GNorm = 1.0961, lr_0 = 8.9987e-06
Loss = 1.2576e-01, PNorm = 87.3323, GNorm = 3.8950, lr_0 = 8.9814e-06
Loss = 9.5019e-02, PNorm = 87.3325, GNorm = 2.9915, lr_0 = 8.9640e-06
Loss = 1.2462e-01, PNorm = 87.3326, GNorm = 3.4200, lr_0 = 8.9467e-06
Validation rmse = 40.454520
Epoch 42
Loss = 1.4081e-01, PNorm = 87.3330, GNorm = 3.7875, lr_0 = 8.9278e-06
Loss = 1.0071e-01, PNorm = 87.3334, GNorm = 12.2675, lr_0 = 8.9105e-06
Loss = 1.1201e-01, PNorm = 87.3335, GNorm = 2.5470, lr_0 = 8.8933e-06
Loss = 1.1164e-01, PNorm = 87.3336, GNorm = 2.6043, lr_0 = 8.8762e-06
Loss = 1.1041e-01, PNorm = 87.3339, GNorm = 7.6632, lr_0 = 8.8590e-06
Loss = 1.3418e-01, PNorm = 87.3343, GNorm = 7.9874, lr_0 = 8.8419e-06
Loss = 1.2644e-01, PNorm = 87.3347, GNorm = 8.0208, lr_0 = 8.8249e-06
Loss = 1.2534e-01, PNorm = 87.3351, GNorm = 1.9208, lr_0 = 8.8078e-06
Loss = 1.4372e-01, PNorm = 87.3357, GNorm = 4.3667, lr_0 = 8.7908e-06
Loss = 1.0450e-01, PNorm = 87.3360, GNorm = 1.7422, lr_0 = 8.7739e-06
Loss = 1.1034e-01, PNorm = 87.3363, GNorm = 8.3525, lr_0 = 8.7569e-06
Loss = 1.2177e-01, PNorm = 87.3367, GNorm = 2.2663, lr_0 = 8.7400e-06
Loss = 1.1629e-01, PNorm = 87.3371, GNorm = 3.0350, lr_0 = 8.7232e-06
Loss = 9.9059e-02, PNorm = 87.3375, GNorm = 2.9300, lr_0 = 8.7063e-06
Loss = 1.2291e-01, PNorm = 87.3378, GNorm = 1.8678, lr_0 = 8.6895e-06
Loss = 9.8825e-02, PNorm = 87.3381, GNorm = 4.2815, lr_0 = 8.6728e-06
Loss = 1.0886e-01, PNorm = 87.3384, GNorm = 3.5903, lr_0 = 8.6560e-06
Loss = 1.2417e-01, PNorm = 87.3390, GNorm = 1.6519, lr_0 = 8.6393e-06
Loss = 1.3595e-01, PNorm = 87.3394, GNorm = 2.1429, lr_0 = 8.6226e-06
Loss = 1.0559e-01, PNorm = 87.3397, GNorm = 3.0681, lr_0 = 8.6060e-06
Loss = 1.2019e-01, PNorm = 87.3399, GNorm = 1.5312, lr_0 = 8.5894e-06
Loss = 1.0559e-01, PNorm = 87.3403, GNorm = 2.1452, lr_0 = 8.5728e-06
Loss = 1.1926e-01, PNorm = 87.3406, GNorm = 2.3265, lr_0 = 8.5563e-06
Validation rmse = 41.385776
Epoch 43
Loss = 1.5584e-01, PNorm = 87.3408, GNorm = 2.6737, lr_0 = 8.5381e-06
Loss = 1.1488e-01, PNorm = 87.3412, GNorm = 1.8334, lr_0 = 8.5216e-06
Loss = 8.8519e-02, PNorm = 87.3414, GNorm = 2.3495, lr_0 = 8.5052e-06
Loss = 1.1291e-01, PNorm = 87.3415, GNorm = 2.9541, lr_0 = 8.4888e-06
Loss = 1.1280e-01, PNorm = 87.3418, GNorm = 1.7867, lr_0 = 8.4724e-06
Loss = 1.2465e-01, PNorm = 87.3421, GNorm = 2.4368, lr_0 = 8.4560e-06
Loss = 1.3520e-01, PNorm = 87.3424, GNorm = 5.1394, lr_0 = 8.4397e-06
Loss = 1.2322e-01, PNorm = 87.3426, GNorm = 4.2254, lr_0 = 8.4234e-06
Loss = 1.0705e-01, PNorm = 87.3430, GNorm = 1.8405, lr_0 = 8.4072e-06
Loss = 1.0540e-01, PNorm = 87.3435, GNorm = 2.3292, lr_0 = 8.3909e-06
Loss = 1.2866e-01, PNorm = 87.3437, GNorm = 6.7666, lr_0 = 8.3747e-06
Loss = 1.2736e-01, PNorm = 87.3442, GNorm = 2.7497, lr_0 = 8.3586e-06
Loss = 9.9276e-02, PNorm = 87.3445, GNorm = 3.3572, lr_0 = 8.3424e-06
Loss = 1.1607e-01, PNorm = 87.3447, GNorm = 3.3068, lr_0 = 8.3263e-06
Loss = 1.4980e-01, PNorm = 87.3450, GNorm = 2.5987, lr_0 = 8.3103e-06
Loss = 1.1338e-01, PNorm = 87.3454, GNorm = 2.8643, lr_0 = 8.2942e-06
Loss = 1.1813e-01, PNorm = 87.3459, GNorm = 3.6499, lr_0 = 8.2782e-06
Loss = 1.2759e-01, PNorm = 87.3461, GNorm = 3.5419, lr_0 = 8.2623e-06
Loss = 1.0924e-01, PNorm = 87.3462, GNorm = 7.1391, lr_0 = 8.2463e-06
Loss = 9.6910e-02, PNorm = 87.3464, GNorm = 3.1636, lr_0 = 8.2304e-06
Loss = 1.1289e-01, PNorm = 87.3468, GNorm = 4.9709, lr_0 = 8.2145e-06
Loss = 1.2482e-01, PNorm = 87.3471, GNorm = 3.2008, lr_0 = 8.1987e-06
Loss = 1.0649e-01, PNorm = 87.3473, GNorm = 1.6620, lr_0 = 8.1828e-06
Loss = 1.2705e-01, PNorm = 87.3478, GNorm = 1.4176, lr_0 = 8.1670e-06
Validation rmse = 40.155657
Epoch 44
Loss = 1.1385e-01, PNorm = 87.3480, GNorm = 1.5889, lr_0 = 8.1513e-06
Loss = 1.3416e-01, PNorm = 87.3481, GNorm = 7.3757, lr_0 = 8.1355e-06
Loss = 1.1847e-01, PNorm = 87.3483, GNorm = 3.8239, lr_0 = 8.1198e-06
Loss = 1.0880e-01, PNorm = 87.3483, GNorm = 6.1956, lr_0 = 8.1042e-06
Loss = 1.1548e-01, PNorm = 87.3484, GNorm = 6.2616, lr_0 = 8.0885e-06
Loss = 9.9216e-02, PNorm = 87.3488, GNorm = 4.6406, lr_0 = 8.0729e-06
Loss = 1.5261e-01, PNorm = 87.3490, GNorm = 2.4130, lr_0 = 8.0573e-06
Loss = 1.1725e-01, PNorm = 87.3493, GNorm = 2.1460, lr_0 = 8.0418e-06
Loss = 1.0379e-01, PNorm = 87.3495, GNorm = 2.3268, lr_0 = 8.0263e-06
Loss = 1.3657e-01, PNorm = 87.3499, GNorm = 3.9377, lr_0 = 8.0108e-06
Loss = 1.0036e-01, PNorm = 87.3502, GNorm = 3.5146, lr_0 = 7.9953e-06
Loss = 1.2111e-01, PNorm = 87.3506, GNorm = 2.0548, lr_0 = 7.9799e-06
Loss = 1.0934e-01, PNorm = 87.3510, GNorm = 3.9170, lr_0 = 7.9645e-06
Loss = 1.3911e-01, PNorm = 87.3513, GNorm = 6.1850, lr_0 = 7.9491e-06
Loss = 1.0566e-01, PNorm = 87.3517, GNorm = 1.7094, lr_0 = 7.9338e-06
Loss = 1.2120e-01, PNorm = 87.3520, GNorm = 1.8854, lr_0 = 7.9185e-06
Loss = 1.1583e-01, PNorm = 87.3523, GNorm = 8.2170, lr_0 = 7.9032e-06
Loss = 1.2567e-01, PNorm = 87.3528, GNorm = 2.4894, lr_0 = 7.8879e-06
Loss = 1.2393e-01, PNorm = 87.3531, GNorm = 4.6072, lr_0 = 7.8727e-06
Loss = 1.1783e-01, PNorm = 87.3537, GNorm = 8.1314, lr_0 = 7.8575e-06
Loss = 1.0385e-01, PNorm = 87.3539, GNorm = 2.8738, lr_0 = 7.8423e-06
Loss = 1.1177e-01, PNorm = 87.3541, GNorm = 4.9855, lr_0 = 7.8272e-06
Loss = 1.1534e-01, PNorm = 87.3542, GNorm = 3.0093, lr_0 = 7.8121e-06
Loss = 1.2527e-01, PNorm = 87.3546, GNorm = 2.4571, lr_0 = 7.7970e-06
Loss = 2.4636e-01, PNorm = 87.3546, GNorm = 12.8255, lr_0 = 7.7955e-06
Validation rmse = 46.832420
Epoch 45
Loss = 1.0426e-01, PNorm = 87.3552, GNorm = 4.5620, lr_0 = 7.7805e-06
Loss = 1.2527e-01, PNorm = 87.3554, GNorm = 1.9782, lr_0 = 7.7654e-06
Loss = 9.4506e-02, PNorm = 87.3553, GNorm = 2.5684, lr_0 = 7.7505e-06
Loss = 1.1175e-01, PNorm = 87.3556, GNorm = 1.9586, lr_0 = 7.7355e-06
Loss = 1.0846e-01, PNorm = 87.3557, GNorm = 2.1594, lr_0 = 7.7206e-06
Loss = 9.8742e-02, PNorm = 87.3558, GNorm = 2.5576, lr_0 = 7.7057e-06
Loss = 9.3512e-02, PNorm = 87.3559, GNorm = 2.3889, lr_0 = 7.6908e-06
Loss = 1.2328e-01, PNorm = 87.3561, GNorm = 2.4703, lr_0 = 7.6760e-06
Loss = 9.9443e-02, PNorm = 87.3564, GNorm = 5.8435, lr_0 = 7.6611e-06
Loss = 1.0282e-01, PNorm = 87.3566, GNorm = 3.0573, lr_0 = 7.6464e-06
Loss = 1.3505e-01, PNorm = 87.3570, GNorm = 5.0586, lr_0 = 7.6316e-06
Loss = 1.1571e-01, PNorm = 87.3575, GNorm = 9.0320, lr_0 = 7.6169e-06
Loss = 1.0305e-01, PNorm = 87.3578, GNorm = 6.6469, lr_0 = 7.6022e-06
Loss = 1.2250e-01, PNorm = 87.3579, GNorm = 6.0921, lr_0 = 7.5875e-06
Loss = 1.3238e-01, PNorm = 87.3583, GNorm = 3.7789, lr_0 = 7.5729e-06
Loss = 1.1026e-01, PNorm = 87.3586, GNorm = 1.4258, lr_0 = 7.5582e-06
Loss = 9.3915e-02, PNorm = 87.3590, GNorm = 2.1407, lr_0 = 7.5437e-06
Loss = 1.1247e-01, PNorm = 87.3593, GNorm = 1.3005, lr_0 = 7.5291e-06
Loss = 1.2779e-01, PNorm = 87.3596, GNorm = 2.4029, lr_0 = 7.5146e-06
Loss = 1.0653e-01, PNorm = 87.3600, GNorm = 2.0862, lr_0 = 7.5001e-06
Loss = 1.0733e-01, PNorm = 87.3602, GNorm = 5.1460, lr_0 = 7.4856e-06
Loss = 1.3721e-01, PNorm = 87.3605, GNorm = 3.9772, lr_0 = 7.4711e-06
Loss = 1.3972e-01, PNorm = 87.3612, GNorm = 4.7046, lr_0 = 7.4567e-06
Validation rmse = 39.741560
Epoch 46
Loss = 1.1209e-01, PNorm = 87.3616, GNorm = 4.1781, lr_0 = 7.4423e-06
Loss = 9.8605e-02, PNorm = 87.3615, GNorm = 1.6199, lr_0 = 7.4280e-06
Loss = 1.1794e-01, PNorm = 87.3617, GNorm = 1.3863, lr_0 = 7.4136e-06
Loss = 1.0958e-01, PNorm = 87.3621, GNorm = 2.4296, lr_0 = 7.3993e-06
Loss = 1.2196e-01, PNorm = 87.3621, GNorm = 4.2294, lr_0 = 7.3850e-06
Loss = 9.7237e-02, PNorm = 87.3623, GNorm = 2.4898, lr_0 = 7.3708e-06
Loss = 1.3198e-01, PNorm = 87.3626, GNorm = 2.2668, lr_0 = 7.3566e-06
Loss = 1.2669e-01, PNorm = 87.3629, GNorm = 6.2408, lr_0 = 7.3424e-06
Loss = 1.1034e-01, PNorm = 87.3633, GNorm = 6.8420, lr_0 = 7.3282e-06
Loss = 1.2764e-01, PNorm = 87.3636, GNorm = 3.8883, lr_0 = 7.3140e-06
Loss = 1.1267e-01, PNorm = 87.3639, GNorm = 2.8021, lr_0 = 7.2999e-06
Loss = 1.1590e-01, PNorm = 87.3644, GNorm = 4.9224, lr_0 = 7.2858e-06
Loss = 1.1568e-01, PNorm = 87.3648, GNorm = 4.3863, lr_0 = 7.2718e-06
Loss = 1.3653e-01, PNorm = 87.3649, GNorm = 10.8831, lr_0 = 7.2577e-06
Loss = 1.1485e-01, PNorm = 87.3652, GNorm = 5.8952, lr_0 = 7.2437e-06
Loss = 1.0428e-01, PNorm = 87.3654, GNorm = 1.9211, lr_0 = 7.2298e-06
Loss = 9.7595e-02, PNorm = 87.3655, GNorm = 2.5548, lr_0 = 7.2158e-06
Loss = 1.0858e-01, PNorm = 87.3658, GNorm = 2.0612, lr_0 = 7.2019e-06
Loss = 9.6671e-02, PNorm = 87.3663, GNorm = 5.5934, lr_0 = 7.1880e-06
Loss = 1.2750e-01, PNorm = 87.3666, GNorm = 2.3159, lr_0 = 7.1741e-06
Loss = 1.2346e-01, PNorm = 87.3669, GNorm = 3.6226, lr_0 = 7.1603e-06
Loss = 1.0886e-01, PNorm = 87.3670, GNorm = 5.6258, lr_0 = 7.1464e-06
Loss = 1.2634e-01, PNorm = 87.3673, GNorm = 2.5132, lr_0 = 7.1326e-06
Loss = 1.1454e-01, PNorm = 87.3676, GNorm = 2.3605, lr_0 = 7.1189e-06
Validation rmse = 43.275062
Epoch 47
Loss = 1.2665e-01, PNorm = 87.3680, GNorm = 2.1319, lr_0 = 7.1038e-06
Loss = 1.0537e-01, PNorm = 87.3682, GNorm = 2.6561, lr_0 = 7.0901e-06
Loss = 1.1439e-01, PNorm = 87.3683, GNorm = 7.9071, lr_0 = 7.0764e-06
Loss = 1.3309e-01, PNorm = 87.3686, GNorm = 8.2188, lr_0 = 7.0627e-06
Loss = 9.2734e-02, PNorm = 87.3688, GNorm = 4.5988, lr_0 = 7.0491e-06
Loss = 1.3290e-01, PNorm = 87.3690, GNorm = 1.5542, lr_0 = 7.0355e-06
Loss = 1.1634e-01, PNorm = 87.3693, GNorm = 4.5127, lr_0 = 7.0219e-06
Loss = 9.8516e-02, PNorm = 87.3696, GNorm = 2.2272, lr_0 = 7.0083e-06
Loss = 1.2161e-01, PNorm = 87.3698, GNorm = 4.8019, lr_0 = 6.9948e-06
Loss = 1.4522e-01, PNorm = 87.3701, GNorm = 2.9294, lr_0 = 6.9813e-06
Loss = 1.1201e-01, PNorm = 87.3703, GNorm = 1.7384, lr_0 = 6.9678e-06
Loss = 1.3654e-01, PNorm = 87.3706, GNorm = 4.0870, lr_0 = 6.9544e-06
Loss = 1.2164e-01, PNorm = 87.3710, GNorm = 3.4688, lr_0 = 6.9410e-06
Loss = 1.2007e-01, PNorm = 87.3712, GNorm = 4.5230, lr_0 = 6.9276e-06
Loss = 1.1096e-01, PNorm = 87.3714, GNorm = 4.7907, lr_0 = 6.9142e-06
Loss = 1.0183e-01, PNorm = 87.3716, GNorm = 3.6869, lr_0 = 6.9009e-06
Loss = 1.0336e-01, PNorm = 87.3716, GNorm = 6.3040, lr_0 = 6.8876e-06
Loss = 8.5867e-02, PNorm = 87.3718, GNorm = 3.4442, lr_0 = 6.8743e-06
Loss = 1.3058e-01, PNorm = 87.3723, GNorm = 7.1465, lr_0 = 6.8610e-06
Loss = 1.1597e-01, PNorm = 87.3725, GNorm = 1.6318, lr_0 = 6.8477e-06
Loss = 1.0211e-01, PNorm = 87.3726, GNorm = 2.3511, lr_0 = 6.8345e-06
Loss = 1.1359e-01, PNorm = 87.3729, GNorm = 2.0777, lr_0 = 6.8213e-06
Loss = 1.2444e-01, PNorm = 87.3732, GNorm = 2.4443, lr_0 = 6.8082e-06
Loss = 1.0417e-01, PNorm = 87.3736, GNorm = 4.0523, lr_0 = 6.7950e-06
Validation rmse = 41.885859
Epoch 48
Loss = 1.1329e-01, PNorm = 87.3738, GNorm = 1.5777, lr_0 = 6.7819e-06
Loss = 1.1839e-01, PNorm = 87.3740, GNorm = 3.0106, lr_0 = 6.7688e-06
Loss = 1.2378e-01, PNorm = 87.3743, GNorm = 1.6930, lr_0 = 6.7558e-06
Loss = 9.4634e-02, PNorm = 87.3747, GNorm = 1.6256, lr_0 = 6.7427e-06
Loss = 1.1399e-01, PNorm = 87.3749, GNorm = 6.0460, lr_0 = 6.7297e-06
Loss = 1.5258e-01, PNorm = 87.3751, GNorm = 2.8381, lr_0 = 6.7167e-06
Loss = 1.1661e-01, PNorm = 87.3752, GNorm = 5.0505, lr_0 = 6.7038e-06
Loss = 1.0953e-01, PNorm = 87.3754, GNorm = 4.7941, lr_0 = 6.6908e-06
Loss = 1.0266e-01, PNorm = 87.3758, GNorm = 4.7805, lr_0 = 6.6779e-06
Loss = 1.2194e-01, PNorm = 87.3763, GNorm = 2.3477, lr_0 = 6.6650e-06
Loss = 1.0023e-01, PNorm = 87.3764, GNorm = 3.0615, lr_0 = 6.6522e-06
Loss = 9.2109e-02, PNorm = 87.3768, GNorm = 1.9802, lr_0 = 6.6393e-06
Loss = 1.2491e-01, PNorm = 87.3773, GNorm = 2.6996, lr_0 = 6.6265e-06
Loss = 8.8854e-02, PNorm = 87.3776, GNorm = 1.7019, lr_0 = 6.6137e-06
Loss = 1.1228e-01, PNorm = 87.3777, GNorm = 5.8056, lr_0 = 6.6010e-06
Loss = 1.0550e-01, PNorm = 87.3779, GNorm = 9.9518, lr_0 = 6.5882e-06
Loss = 1.0214e-01, PNorm = 87.3780, GNorm = 2.0582, lr_0 = 6.5755e-06
Loss = 1.0812e-01, PNorm = 87.3779, GNorm = 1.5712, lr_0 = 6.5628e-06
Loss = 1.2164e-01, PNorm = 87.3780, GNorm = 3.8132, lr_0 = 6.5501e-06
Loss = 9.7977e-02, PNorm = 87.3782, GNorm = 2.4215, lr_0 = 6.5375e-06
Loss = 1.1524e-01, PNorm = 87.3785, GNorm = 5.1301, lr_0 = 6.5249e-06
Loss = 1.2831e-01, PNorm = 87.3787, GNorm = 2.7649, lr_0 = 6.5123e-06
Loss = 1.0289e-01, PNorm = 87.3790, GNorm = 5.7757, lr_0 = 6.4997e-06
Validation rmse = 43.529278
Epoch 49
Loss = 1.4085e-01, PNorm = 87.3793, GNorm = 6.4024, lr_0 = 6.4859e-06
Loss = 1.0519e-01, PNorm = 87.3796, GNorm = 3.5283, lr_0 = 6.4734e-06
Loss = 1.0100e-01, PNorm = 87.3798, GNorm = 1.4225, lr_0 = 6.4609e-06
Loss = 1.0131e-01, PNorm = 87.3797, GNorm = 2.0922, lr_0 = 6.4484e-06
Loss = 1.3011e-01, PNorm = 87.3800, GNorm = 3.8117, lr_0 = 6.4360e-06
Loss = 1.1937e-01, PNorm = 87.3801, GNorm = 2.3112, lr_0 = 6.4236e-06
Loss = 9.8129e-02, PNorm = 87.3803, GNorm = 4.5201, lr_0 = 6.4112e-06
Loss = 1.1744e-01, PNorm = 87.3804, GNorm = 6.2874, lr_0 = 6.3988e-06
Loss = 1.3620e-01, PNorm = 87.3808, GNorm = 2.7138, lr_0 = 6.3865e-06
Loss = 1.0749e-01, PNorm = 87.3811, GNorm = 2.6168, lr_0 = 6.3741e-06
Loss = 9.4837e-02, PNorm = 87.3814, GNorm = 1.3329, lr_0 = 6.3618e-06
Loss = 1.0242e-01, PNorm = 87.3815, GNorm = 3.0168, lr_0 = 6.3495e-06
Loss = 1.0445e-01, PNorm = 87.3816, GNorm = 3.5221, lr_0 = 6.3373e-06
Loss = 9.8186e-02, PNorm = 87.3818, GNorm = 5.2398, lr_0 = 6.3251e-06
Loss = 1.3246e-01, PNorm = 87.3820, GNorm = 4.0888, lr_0 = 6.3129e-06
Loss = 9.3276e-02, PNorm = 87.3823, GNorm = 3.6823, lr_0 = 6.3007e-06
Loss = 1.0354e-01, PNorm = 87.3826, GNorm = 4.6355, lr_0 = 6.2885e-06
Loss = 1.3562e-01, PNorm = 87.3829, GNorm = 8.0983, lr_0 = 6.2764e-06
Loss = 1.1980e-01, PNorm = 87.3834, GNorm = 5.8218, lr_0 = 6.2643e-06
Loss = 1.1458e-01, PNorm = 87.3836, GNorm = 2.2281, lr_0 = 6.2618e-06
Loss = 1.0628e-01, PNorm = 87.3838, GNorm = 2.3293, lr_0 = 6.2618e-06
Loss = 1.1881e-01, PNorm = 87.3842, GNorm = 1.8035, lr_0 = 6.2618e-06
Loss = 1.2111e-01, PNorm = 87.3842, GNorm = 6.4026, lr_0 = 6.2618e-06
Loss = 9.5782e-02, PNorm = 87.3844, GNorm = 2.5592, lr_0 = 6.2618e-06
Validation rmse = 40.166601
Model 0 best validation rmse = 39.741560 on epoch 45
Loading pretrained parameter "encoder.encoder.0.cached_zero_vector".
Loading pretrained parameter "encoder.encoder.0.W_i.weight".
Loading pretrained parameter "encoder.encoder.0.W_h.weight".
Loading pretrained parameter "encoder.encoder.0.W_o.weight".
Loading pretrained parameter "encoder.encoder.0.W_o.bias".
Loading pretrained parameter "encoder.encoder.1.cached_zero_vector".
Loading pretrained parameter "encoder.encoder.1.W_i.weight".
Loading pretrained parameter "encoder.encoder.1.W_h.weight".
Loading pretrained parameter "encoder.encoder.1.W_o.weight".
Loading pretrained parameter "encoder.encoder.1.W_o.bias".
Loading pretrained parameter "ffn.1.weight".
Loading pretrained parameter "ffn.1.bias".
Moving model to cuda
Model 0 test rmse = 36.997647
Ensemble test rmse = 36.997647
1-fold cross validation
	Seed 0 ==> test rmse = 36.997647
Overall test rmse = 36.997647 +/- 0.000000
Elapsed time = 0:40:14
