Command line
python /home/kpg/chemprop/train.py --data_path ../../../data/splits/lambda_max_abs/deep4chem/group_by_smiles/smiles_target_train.csv --dataset_type regression --save_dir /home/kimele03/uvvisml/uvvisml/models/both_peaks_checkpoints/scaffold/results/507016/49664167 --config_path /home/kimele03/uvvisml/uvvisml/models/both_peaks_checkpoints/scaffold/results/507016/49664167/hyperopt.json --metric rmse --epochs 50 --gpu 0 --ensemble_size 1 --separate_val_path ../../../data/splits/lambda_max_abs/deep4chem/group_by_smiles/smiles_target_val.csv --separate_test_path ../../../data/splits/lambda_max_abs/deep4chem/group_by_smiles/smiles_target_test.csv --number_of_molecules 2
Args
{'activation': 'ReLU',
 'aggregation': 'mean',
 'aggregation_norm': 100,
 'atom_descriptor_scaling': True,
 'atom_descriptors': None,
 'atom_descriptors_path': None,
 'atom_descriptors_size': 0,
 'atom_features_size': 0,
 'atom_messages': False,
 'batch_size': 55,
 'bias': False,
 'bond_feature_scaling': True,
 'bond_features_path': None,
 'bond_features_size': 0,
 'cache_cutoff': 10000,
 'checkpoint_dir': None,
 'checkpoint_frzn': None,
 'checkpoint_path': None,
 'checkpoint_paths': None,
 'class_balance': False,
 'config_path': '/home/kimele03/uvvisml/uvvisml/models/both_peaks_checkpoints/scaffold/results/507016/49664167/hyperopt.json',
 'crossval_index_dir': None,
 'crossval_index_file': None,
 'crossval_index_sets': None,
 'cuda': True,
 'data_path': '../../../data/splits/lambda_max_abs/deep4chem/group_by_smiles/smiles_target_train.csv',
 'data_weights_path': None,
 'dataset_type': 'regression',
 'depth': 3,
 'device': device(type='cuda', index=0),
 'dropout': 0.2119494546161406,
 'empty_cache': False,
 'ensemble_size': 1,
 'epochs': 50,
 'explicit_h': False,
 'extra_metrics': [],
 'features_generator': None,
 'features_only': False,
 'features_path': None,
 'features_scaling': True,
 'features_size': None,
 'ffn_hidden_size': 2362,
 'ffn_num_layers': 3,
 'final_lr': 3.6555530130564754e-06,
 'folds_file': None,
 'freeze_first_only': False,
 'frzn_ffn_layers': 0,
 'gpu': 0,
 'grad_clip': None,
 'hidden_size': 2111,
 'ignore_columns': None,
 'init_lr': 4.2835988635479044e-05,
 'log_frequency': 10,
 'max_data_size': None,
 'max_lr': 0.0006043059501244907,
 'metric': 'rmse',
 'metrics': ['rmse'],
 'minimize_score': True,
 'mpn_shared': False,
 'multiclass_num_classes': 3,
 'no_atom_descriptor_scaling': False,
 'no_bond_features_scaling': False,
 'no_cache_mol': False,
 'no_cuda': False,
 'no_features_scaling': False,
 'num_folds': 1,
 'num_lrs': 1,
 'num_tasks': 1,
 'num_workers': 8,
 'number_of_molecules': 2,
 'overwrite_default_atom_features': False,
 'overwrite_default_bond_features': False,
 'pytorch_seed': 0,
 'quiet': False,
 'reaction': False,
 'reaction_mode': 'reac_diff',
 'resume_experiment': False,
 'save_dir': '/home/kimele03/uvvisml/uvvisml/models/both_peaks_checkpoints/scaffold/results/507016/49664167',
 'save_preds': False,
 'save_smiles_splits': False,
 'seed': 0,
 'separate_test_atom_descriptors_path': None,
 'separate_test_bond_features_path': None,
 'separate_test_features_path': None,
 'separate_test_path': '../../../data/splits/lambda_max_abs/deep4chem/group_by_smiles/smiles_target_test.csv',
 'separate_val_atom_descriptors_path': None,
 'separate_val_bond_features_path': None,
 'separate_val_features_path': None,
 'separate_val_path': '../../../data/splits/lambda_max_abs/deep4chem/group_by_smiles/smiles_target_val.csv',
 'show_individual_scores': False,
 'smiles_columns': ['smiles', 'solvent'],
 'split_sizes': (0.8, 0.1, 0.1),
 'split_type': 'random',
 'target_columns': None,
 'target_weights': None,
 'task_names': ['peakwavs_max'],
 'test': False,
 'test_fold_index': None,
 'train_data_size': None,
 'undirected': False,
 'use_input_features': False,
 'val_fold_index': None,
 'warmup_epochs': 2}
Loading data
Number of tasks = 1
Fold 0
Splitting data with seed 0
Total size = 13,242 | train size = 13,242 | val size = 1,633 | test size = 1,710
Fitting scaler
Building model 0
MoleculeModel(
  (encoder): MPN(
    (encoder): ModuleList(
      (0): MPNEncoder(
        (dropout_layer): Dropout(p=0.2119494546161406, inplace=False)
        (act_func): ReLU()
        (W_i): Linear(in_features=147, out_features=2111, bias=False)
        (W_h): Linear(in_features=2111, out_features=2111, bias=False)
        (W_o): Linear(in_features=2244, out_features=2111, bias=True)
      )
      (1): MPNEncoder(
        (dropout_layer): Dropout(p=0.2119494546161406, inplace=False)
        (act_func): ReLU()
        (W_i): Linear(in_features=147, out_features=2111, bias=False)
        (W_h): Linear(in_features=2111, out_features=2111, bias=False)
        (W_o): Linear(in_features=2244, out_features=2111, bias=True)
      )
    )
  )
  (ffn): Sequential(
    (0): Dropout(p=0.2119494546161406, inplace=False)
    (1): Linear(in_features=4222, out_features=2362, bias=True)
    (2): ReLU()
    (3): Dropout(p=0.2119494546161406, inplace=False)
    (4): Linear(in_features=2362, out_features=2362, bias=True)
    (5): ReLU()
    (6): Dropout(p=0.2119494546161406, inplace=False)
    (7): Linear(in_features=2362, out_features=1, bias=True)
  )
)
Number of parameters = 34,574,383
Moving model to cuda
Epoch 0
Loss = 1.2933e+00, PNorm = 120.5103, GNorm = 3.4274, lr_0 = 5.5703e-05
Loss = 8.6467e-01, PNorm = 120.5151, GNorm = 3.4881, lr_0 = 6.7400e-05
Loss = 8.4252e-01, PNorm = 120.5218, GNorm = 3.7557, lr_0 = 7.9098e-05
Loss = 9.6197e-01, PNorm = 120.5281, GNorm = 10.3415, lr_0 = 9.0795e-05
Loss = 1.1931e+00, PNorm = 120.5358, GNorm = 8.1489, lr_0 = 1.0249e-04
Loss = 1.0094e+00, PNorm = 120.5458, GNorm = 2.1174, lr_0 = 1.1419e-04
Loss = 8.7704e-01, PNorm = 120.5590, GNorm = 4.8805, lr_0 = 1.2589e-04
Loss = 7.2925e-01, PNorm = 120.5755, GNorm = 7.2601, lr_0 = 1.3758e-04
Loss = 6.4082e-01, PNorm = 120.5925, GNorm = 2.3211, lr_0 = 1.4928e-04
Loss = 7.2690e-01, PNorm = 120.6103, GNorm = 3.7629, lr_0 = 1.6098e-04
Loss = 7.0032e-01, PNorm = 120.6324, GNorm = 3.2675, lr_0 = 1.7268e-04
Loss = 7.4462e-01, PNorm = 120.6552, GNorm = 2.6436, lr_0 = 1.8437e-04
Loss = 8.6410e-01, PNorm = 120.6835, GNorm = 6.7617, lr_0 = 1.9607e-04
Loss = 6.6467e-01, PNorm = 120.7169, GNorm = 2.9584, lr_0 = 2.0777e-04
Loss = 6.4240e-01, PNorm = 120.7534, GNorm = 7.8672, lr_0 = 2.1947e-04
Loss = 5.1470e-01, PNorm = 120.7878, GNorm = 1.2758, lr_0 = 2.3116e-04
Loss = 6.0723e-01, PNorm = 120.8303, GNorm = 2.8824, lr_0 = 2.4286e-04
Loss = 5.9800e-01, PNorm = 120.8691, GNorm = 4.4901, lr_0 = 2.5456e-04
Loss = 5.8789e-01, PNorm = 120.9141, GNorm = 2.6254, lr_0 = 2.6625e-04
Loss = 5.0614e-01, PNorm = 120.9600, GNorm = 6.7758, lr_0 = 2.7795e-04
Loss = 4.8791e-01, PNorm = 121.0084, GNorm = 5.9167, lr_0 = 2.8965e-04
Loss = 5.7951e-01, PNorm = 121.0593, GNorm = 1.8334, lr_0 = 3.0135e-04
Loss = 4.4091e-01, PNorm = 121.1103, GNorm = 1.2027, lr_0 = 3.1304e-04
Loss = 3.2417e-01, PNorm = 121.1563, GNorm = 1.8237, lr_0 = 3.2474e-04
Loss = 2.7557e-01, PNorm = 121.1605, GNorm = 2.0641, lr_0 = 3.2591e-04
Validation rmse = 69.774561
Epoch 1
Loss = 4.6833e-01, PNorm = 121.2036, GNorm = 3.3978, lr_0 = 3.3761e-04
Loss = 3.4507e-01, PNorm = 121.2513, GNorm = 5.8481, lr_0 = 3.4931e-04
Loss = 4.2589e-01, PNorm = 121.3034, GNorm = 1.4668, lr_0 = 3.6100e-04
Loss = 3.6874e-01, PNorm = 121.3632, GNorm = 2.4301, lr_0 = 3.7270e-04
Loss = 3.4358e-01, PNorm = 121.4221, GNorm = 1.6299, lr_0 = 3.8440e-04
Loss = 4.1828e-01, PNorm = 121.4734, GNorm = 2.2726, lr_0 = 3.9609e-04
Loss = 3.5704e-01, PNorm = 121.5310, GNorm = 1.2884, lr_0 = 4.0779e-04
Loss = 3.2996e-01, PNorm = 121.5813, GNorm = 4.5608, lr_0 = 4.1949e-04
Loss = 3.5155e-01, PNorm = 121.6353, GNorm = 4.5521, lr_0 = 4.3119e-04
Loss = 3.6194e-01, PNorm = 121.6839, GNorm = 2.0711, lr_0 = 4.4288e-04
Loss = 3.8080e-01, PNorm = 121.7391, GNorm = 0.9310, lr_0 = 4.5458e-04
Loss = 3.8698e-01, PNorm = 121.7938, GNorm = 0.9940, lr_0 = 4.6628e-04
Loss = 3.2386e-01, PNorm = 121.8514, GNorm = 6.7156, lr_0 = 4.7798e-04
Loss = 3.5621e-01, PNorm = 121.9092, GNorm = 2.6154, lr_0 = 4.8967e-04
Loss = 3.6588e-01, PNorm = 121.9800, GNorm = 7.1895, lr_0 = 5.0137e-04
Loss = 3.1018e-01, PNorm = 122.0448, GNorm = 2.2314, lr_0 = 5.1307e-04
Loss = 3.7795e-01, PNorm = 122.1181, GNorm = 2.0098, lr_0 = 5.2476e-04
Loss = 3.6995e-01, PNorm = 122.1964, GNorm = 3.0002, lr_0 = 5.3646e-04
Loss = 4.3988e-01, PNorm = 122.2987, GNorm = 4.2972, lr_0 = 5.4816e-04
Loss = 4.0529e-01, PNorm = 122.4065, GNorm = 4.7390, lr_0 = 5.5986e-04
Loss = 4.3262e-01, PNorm = 122.4922, GNorm = 3.0282, lr_0 = 5.7155e-04
Loss = 4.7701e-01, PNorm = 122.5950, GNorm = 4.8989, lr_0 = 5.8325e-04
Loss = 3.7863e-01, PNorm = 122.7120, GNorm = 3.3819, lr_0 = 5.9495e-04
Loss = 4.1011e-01, PNorm = 122.8174, GNorm = 1.4737, lr_0 = 6.0377e-04
Validation rmse = 69.300990
Epoch 2
Loss = 3.2535e-01, PNorm = 122.8913, GNorm = 5.6178, lr_0 = 6.0110e-04
Loss = 2.9038e-01, PNorm = 122.9681, GNorm = 1.9496, lr_0 = 5.9844e-04
Loss = 3.1422e-01, PNorm = 123.0467, GNorm = 6.4004, lr_0 = 5.9579e-04
Loss = 3.1963e-01, PNorm = 123.1235, GNorm = 2.7698, lr_0 = 5.9316e-04
Loss = 3.5837e-01, PNorm = 123.2230, GNorm = 1.5303, lr_0 = 5.9053e-04
Loss = 3.2133e-01, PNorm = 123.3024, GNorm = 1.9283, lr_0 = 5.8792e-04
Loss = 3.0105e-01, PNorm = 123.3738, GNorm = 1.8662, lr_0 = 5.8532e-04
Loss = 2.4684e-01, PNorm = 123.4493, GNorm = 0.8046, lr_0 = 5.8273e-04
Loss = 3.3786e-01, PNorm = 123.5176, GNorm = 2.8785, lr_0 = 5.8015e-04
Loss = 2.9435e-01, PNorm = 123.5955, GNorm = 2.2159, lr_0 = 5.7758e-04
Loss = 2.8731e-01, PNorm = 123.6699, GNorm = 1.8448, lr_0 = 5.7503e-04
Loss = 2.2406e-01, PNorm = 123.7319, GNorm = 1.2627, lr_0 = 5.7249e-04
Loss = 2.6145e-01, PNorm = 123.8033, GNorm = 1.8775, lr_0 = 5.6995e-04
Loss = 2.8944e-01, PNorm = 123.8740, GNorm = 2.5207, lr_0 = 5.6743e-04
Loss = 2.5304e-01, PNorm = 123.9463, GNorm = 1.1090, lr_0 = 5.6492e-04
Loss = 2.4456e-01, PNorm = 124.0088, GNorm = 3.1224, lr_0 = 5.6242e-04
Loss = 2.6318e-01, PNorm = 124.0721, GNorm = 1.6917, lr_0 = 5.5993e-04
Loss = 2.8636e-01, PNorm = 124.1572, GNorm = 1.2777, lr_0 = 5.5746e-04
Loss = 2.9750e-01, PNorm = 124.2405, GNorm = 3.5658, lr_0 = 5.5499e-04
Loss = 2.7375e-01, PNorm = 124.3377, GNorm = 0.8294, lr_0 = 5.5253e-04
Loss = 2.1926e-01, PNorm = 124.3940, GNorm = 0.6084, lr_0 = 5.5009e-04
Loss = 2.0258e-01, PNorm = 124.4511, GNorm = 1.6954, lr_0 = 5.4766e-04
Loss = 2.3017e-01, PNorm = 124.4989, GNorm = 0.6609, lr_0 = 5.4523e-04
Loss = 2.3547e-01, PNorm = 124.5506, GNorm = 1.1424, lr_0 = 5.4282e-04
Validation rmse = 51.403581
Epoch 3
Loss = 1.9054e-01, PNorm = 124.5986, GNorm = 1.0040, lr_0 = 5.4042e-04
Loss = 1.9146e-01, PNorm = 124.6473, GNorm = 1.4634, lr_0 = 5.3803e-04
Loss = 1.5331e-01, PNorm = 124.7019, GNorm = 0.7829, lr_0 = 5.3565e-04
Loss = 2.0603e-01, PNorm = 124.7584, GNorm = 1.0964, lr_0 = 5.3328e-04
Loss = 1.9521e-01, PNorm = 124.8230, GNorm = 1.8081, lr_0 = 5.3092e-04
Loss = 2.2875e-01, PNorm = 124.8822, GNorm = 1.9619, lr_0 = 5.2857e-04
Loss = 2.3550e-01, PNorm = 124.9512, GNorm = 0.8998, lr_0 = 5.2623e-04
Loss = 2.3520e-01, PNorm = 125.0181, GNorm = 1.3431, lr_0 = 5.2390e-04
Loss = 1.8822e-01, PNorm = 125.0920, GNorm = 0.8348, lr_0 = 5.2159e-04
Loss = 2.4142e-01, PNorm = 125.1736, GNorm = 1.7192, lr_0 = 5.1928e-04
Loss = 1.9910e-01, PNorm = 125.2687, GNorm = 1.1870, lr_0 = 5.1698e-04
Loss = 1.9174e-01, PNorm = 125.3476, GNorm = 3.6023, lr_0 = 5.1469e-04
Loss = 1.6553e-01, PNorm = 125.4155, GNorm = 0.6801, lr_0 = 5.1242e-04
Loss = 1.9347e-01, PNorm = 125.4782, GNorm = 1.0844, lr_0 = 5.1015e-04
Loss = 1.3747e-01, PNorm = 125.5388, GNorm = 1.6013, lr_0 = 5.0789e-04
Loss = 1.8437e-01, PNorm = 125.6078, GNorm = 1.9327, lr_0 = 5.0565e-04
Loss = 1.7785e-01, PNorm = 125.6732, GNorm = 1.1298, lr_0 = 5.0341e-04
Loss = 1.8595e-01, PNorm = 125.7251, GNorm = 1.5234, lr_0 = 5.0118e-04
Loss = 1.6530e-01, PNorm = 125.7832, GNorm = 1.3145, lr_0 = 4.9897e-04
Loss = 1.6304e-01, PNorm = 125.8426, GNorm = 0.5777, lr_0 = 4.9676e-04
Loss = 1.7129e-01, PNorm = 125.8966, GNorm = 1.4024, lr_0 = 4.9456e-04
Loss = 1.8018e-01, PNorm = 125.9516, GNorm = 1.6756, lr_0 = 4.9237e-04
Loss = 2.0023e-01, PNorm = 126.0179, GNorm = 1.8792, lr_0 = 4.9019e-04
Loss = 1.4692e-01, PNorm = 126.0779, GNorm = 1.5599, lr_0 = 4.8803e-04
Validation rmse = 49.642138
Epoch 4
Loss = 1.8496e-01, PNorm = 126.1369, GNorm = 2.1606, lr_0 = 4.8587e-04
Loss = 1.7965e-01, PNorm = 126.1990, GNorm = 1.9876, lr_0 = 4.8372e-04
Loss = 1.4077e-01, PNorm = 126.2524, GNorm = 2.0854, lr_0 = 4.8158e-04
Loss = 1.5322e-01, PNorm = 126.3045, GNorm = 1.4052, lr_0 = 4.7945e-04
Loss = 1.3751e-01, PNorm = 126.3513, GNorm = 1.8405, lr_0 = 4.7733e-04
Loss = 1.3068e-01, PNorm = 126.3933, GNorm = 1.6790, lr_0 = 4.7521e-04
Loss = 1.4227e-01, PNorm = 126.4397, GNorm = 0.8385, lr_0 = 4.7311e-04
Loss = 1.4502e-01, PNorm = 126.4910, GNorm = 1.1375, lr_0 = 4.7102e-04
Loss = 1.7885e-01, PNorm = 126.5486, GNorm = 0.8441, lr_0 = 4.6893e-04
Loss = 1.7589e-01, PNorm = 126.6121, GNorm = 1.2112, lr_0 = 4.6686e-04
Loss = 1.3536e-01, PNorm = 126.6678, GNorm = 0.8828, lr_0 = 4.6479e-04
Loss = 1.5264e-01, PNorm = 126.7113, GNorm = 1.0058, lr_0 = 4.6274e-04
Loss = 1.1977e-01, PNorm = 126.7505, GNorm = 0.6577, lr_0 = 4.6069e-04
Loss = 1.3598e-01, PNorm = 126.7977, GNorm = 0.4739, lr_0 = 4.5865e-04
Loss = 1.3333e-01, PNorm = 126.8547, GNorm = 1.2214, lr_0 = 4.5662e-04
Loss = 1.3144e-01, PNorm = 126.9057, GNorm = 1.2384, lr_0 = 4.5460e-04
Loss = 1.2866e-01, PNorm = 126.9547, GNorm = 1.5989, lr_0 = 4.5259e-04
Loss = 1.2524e-01, PNorm = 127.0051, GNorm = 0.4446, lr_0 = 4.5059e-04
Loss = 1.0926e-01, PNorm = 127.0502, GNorm = 1.3883, lr_0 = 4.4860e-04
Loss = 1.2146e-01, PNorm = 127.0879, GNorm = 1.5018, lr_0 = 4.4661e-04
Loss = 1.1227e-01, PNorm = 127.1168, GNorm = 0.8857, lr_0 = 4.4464e-04
Loss = 1.3149e-01, PNorm = 127.1541, GNorm = 0.9335, lr_0 = 4.4267e-04
Loss = 1.1670e-01, PNorm = 127.1957, GNorm = 0.8998, lr_0 = 4.4071e-04
Loss = 1.0230e-01, PNorm = 127.2354, GNorm = 1.8598, lr_0 = 4.3876e-04
Validation rmse = 42.031685
Epoch 5
Loss = 1.2693e-01, PNorm = 127.2863, GNorm = 1.4403, lr_0 = 4.3663e-04
Loss = 1.3191e-01, PNorm = 127.3405, GNorm = 0.7472, lr_0 = 4.3469e-04
Loss = 1.3467e-01, PNorm = 127.3871, GNorm = 1.0559, lr_0 = 4.3277e-04
Loss = 1.4040e-01, PNorm = 127.4361, GNorm = 1.6946, lr_0 = 4.3086e-04
Loss = 1.1819e-01, PNorm = 127.4821, GNorm = 1.6184, lr_0 = 4.2895e-04
Loss = 1.1433e-01, PNorm = 127.5252, GNorm = 1.0605, lr_0 = 4.2705e-04
Loss = 1.3307e-01, PNorm = 127.5730, GNorm = 0.8167, lr_0 = 4.2516e-04
Loss = 1.0950e-01, PNorm = 127.6195, GNorm = 0.7229, lr_0 = 4.2328e-04
Loss = 9.7952e-02, PNorm = 127.6498, GNorm = 0.8630, lr_0 = 4.2141e-04
Loss = 1.1965e-01, PNorm = 127.6797, GNorm = 1.8681, lr_0 = 4.1955e-04
Loss = 1.1264e-01, PNorm = 127.7198, GNorm = 0.7320, lr_0 = 4.1769e-04
Loss = 1.2642e-01, PNorm = 127.7542, GNorm = 1.2185, lr_0 = 4.1584e-04
Loss = 1.2433e-01, PNorm = 127.7950, GNorm = 1.4148, lr_0 = 4.1400e-04
Loss = 8.9165e-02, PNorm = 127.8316, GNorm = 0.8082, lr_0 = 4.1217e-04
Loss = 1.0079e-01, PNorm = 127.8668, GNorm = 0.5652, lr_0 = 4.1035e-04
Loss = 1.1481e-01, PNorm = 127.8918, GNorm = 0.5958, lr_0 = 4.0853e-04
Loss = 8.7151e-02, PNorm = 127.9211, GNorm = 0.8935, lr_0 = 4.0672e-04
Loss = 1.0387e-01, PNorm = 127.9546, GNorm = 2.7902, lr_0 = 4.0492e-04
Loss = 1.1549e-01, PNorm = 127.9885, GNorm = 1.4154, lr_0 = 4.0313e-04
Loss = 1.2065e-01, PNorm = 128.0343, GNorm = 0.5545, lr_0 = 4.0135e-04
Loss = 9.9307e-02, PNorm = 128.0739, GNorm = 0.7282, lr_0 = 3.9957e-04
Loss = 8.9885e-02, PNorm = 128.1108, GNorm = 0.8555, lr_0 = 3.9781e-04
Loss = 8.9971e-02, PNorm = 128.1422, GNorm = 0.5502, lr_0 = 3.9605e-04
Loss = 9.9240e-02, PNorm = 128.1788, GNorm = 1.4470, lr_0 = 3.9429e-04
Validation rmse = 39.231804
Epoch 6
Loss = 8.4012e-02, PNorm = 128.2103, GNorm = 1.1587, lr_0 = 3.9255e-04
Loss = 8.6943e-02, PNorm = 128.2495, GNorm = 0.8075, lr_0 = 3.9081e-04
Loss = 8.1094e-02, PNorm = 128.2833, GNorm = 2.0297, lr_0 = 3.8908e-04
Loss = 8.7085e-02, PNorm = 128.3131, GNorm = 0.5221, lr_0 = 3.8736e-04
Loss = 9.1533e-02, PNorm = 128.3420, GNorm = 0.5009, lr_0 = 3.8565e-04
Loss = 1.0746e-01, PNorm = 128.3760, GNorm = 1.1196, lr_0 = 3.8394e-04
Loss = 1.0053e-01, PNorm = 128.4116, GNorm = 1.2119, lr_0 = 3.8224e-04
Loss = 1.0479e-01, PNorm = 128.4463, GNorm = 0.7067, lr_0 = 3.8055e-04
Loss = 8.2264e-02, PNorm = 128.4804, GNorm = 0.6117, lr_0 = 3.7887e-04
Loss = 9.4238e-02, PNorm = 128.5148, GNorm = 1.2521, lr_0 = 3.7719e-04
Loss = 8.4075e-02, PNorm = 128.5586, GNorm = 0.5194, lr_0 = 3.7552e-04
Loss = 9.0983e-02, PNorm = 128.5961, GNorm = 1.1314, lr_0 = 3.7386e-04
Loss = 9.7423e-02, PNorm = 128.6344, GNorm = 0.8913, lr_0 = 3.7221e-04
Loss = 9.1668e-02, PNorm = 128.6663, GNorm = 1.9545, lr_0 = 3.7056e-04
Loss = 9.8776e-02, PNorm = 128.7008, GNorm = 0.7718, lr_0 = 3.6892e-04
Loss = 7.4469e-02, PNorm = 128.7293, GNorm = 0.5112, lr_0 = 3.6729e-04
Loss = 9.0532e-02, PNorm = 128.7577, GNorm = 0.9139, lr_0 = 3.6567e-04
Loss = 7.4273e-02, PNorm = 128.7881, GNorm = 1.2154, lr_0 = 3.6405e-04
Loss = 9.0407e-02, PNorm = 128.8166, GNorm = 0.5262, lr_0 = 3.6244e-04
Loss = 9.2636e-02, PNorm = 128.8424, GNorm = 0.4373, lr_0 = 3.6083e-04
Loss = 8.6004e-02, PNorm = 128.8719, GNorm = 0.6711, lr_0 = 3.5924e-04
Loss = 8.7558e-02, PNorm = 128.8993, GNorm = 0.4556, lr_0 = 3.5765e-04
Loss = 9.2007e-02, PNorm = 128.9324, GNorm = 0.4011, lr_0 = 3.5607e-04
Loss = 8.9293e-02, PNorm = 128.9625, GNorm = 0.7929, lr_0 = 3.5449e-04
Validation rmse = 39.078549
Epoch 7
Loss = 9.0560e-02, PNorm = 128.9954, GNorm = 1.2233, lr_0 = 3.5292e-04
Loss = 7.5335e-02, PNorm = 129.0260, GNorm = 1.2974, lr_0 = 3.5136e-04
Loss = 9.0751e-02, PNorm = 129.0611, GNorm = 1.3619, lr_0 = 3.4981e-04
Loss = 1.0240e-01, PNorm = 129.0975, GNorm = 0.7485, lr_0 = 3.4826e-04
Loss = 8.5698e-02, PNorm = 129.1333, GNorm = 1.1025, lr_0 = 3.4672e-04
Loss = 7.5701e-02, PNorm = 129.1600, GNorm = 0.6950, lr_0 = 3.4519e-04
Loss = 8.2952e-02, PNorm = 129.1871, GNorm = 1.7298, lr_0 = 3.4366e-04
Loss = 6.6885e-02, PNorm = 129.2158, GNorm = 0.8774, lr_0 = 3.4214e-04
Loss = 7.8220e-02, PNorm = 129.2439, GNorm = 0.9162, lr_0 = 3.4062e-04
Loss = 8.0740e-02, PNorm = 129.2694, GNorm = 0.6864, lr_0 = 3.3912e-04
Loss = 7.3759e-02, PNorm = 129.2978, GNorm = 0.7355, lr_0 = 3.3762e-04
Loss = 6.5037e-02, PNorm = 129.3225, GNorm = 0.6454, lr_0 = 3.3612e-04
Loss = 7.9745e-02, PNorm = 129.3526, GNorm = 1.0258, lr_0 = 3.3464e-04
Loss = 7.4560e-02, PNorm = 129.3828, GNorm = 1.4179, lr_0 = 3.3316e-04
Loss = 8.1123e-02, PNorm = 129.4125, GNorm = 0.7102, lr_0 = 3.3168e-04
Loss = 7.9359e-02, PNorm = 129.4437, GNorm = 0.7405, lr_0 = 3.3021e-04
Loss = 7.5587e-02, PNorm = 129.4687, GNorm = 1.5442, lr_0 = 3.2875e-04
Loss = 8.4574e-02, PNorm = 129.4914, GNorm = 0.9549, lr_0 = 3.2730e-04
Loss = 7.7891e-02, PNorm = 129.5223, GNorm = 0.8957, lr_0 = 3.2585e-04
Loss = 7.0962e-02, PNorm = 129.5442, GNorm = 1.0712, lr_0 = 3.2441e-04
Loss = 7.1861e-02, PNorm = 129.5720, GNorm = 0.5520, lr_0 = 3.2297e-04
Loss = 8.6711e-02, PNorm = 129.6000, GNorm = 1.7714, lr_0 = 3.2155e-04
Loss = 7.8194e-02, PNorm = 129.6307, GNorm = 0.6362, lr_0 = 3.2012e-04
Loss = 6.9435e-02, PNorm = 129.6606, GNorm = 1.0401, lr_0 = 3.1871e-04
Validation rmse = 33.768878
Epoch 8
Loss = 5.2656e-02, PNorm = 129.6867, GNorm = 0.4168, lr_0 = 3.1730e-04
Loss = 5.9183e-02, PNorm = 129.7102, GNorm = 0.8247, lr_0 = 3.1589e-04
Loss = 6.5603e-02, PNorm = 129.7325, GNorm = 0.5477, lr_0 = 3.1450e-04
Loss = 6.3119e-02, PNorm = 129.7506, GNorm = 1.0084, lr_0 = 3.1310e-04
Loss = 6.8454e-02, PNorm = 129.7709, GNorm = 2.2707, lr_0 = 3.1172e-04
Loss = 7.5250e-02, PNorm = 129.7988, GNorm = 1.3866, lr_0 = 3.1034e-04
Loss = 6.5230e-02, PNorm = 129.8178, GNorm = 1.0696, lr_0 = 3.0897e-04
Loss = 6.2420e-02, PNorm = 129.8444, GNorm = 1.1487, lr_0 = 3.0760e-04
Loss = 6.5282e-02, PNorm = 129.8692, GNorm = 0.7180, lr_0 = 3.0624e-04
Loss = 6.8121e-02, PNorm = 129.8901, GNorm = 0.6799, lr_0 = 3.0488e-04
Loss = 7.2749e-02, PNorm = 129.9124, GNorm = 0.3531, lr_0 = 3.0354e-04
Loss = 8.8472e-02, PNorm = 129.9380, GNorm = 0.8004, lr_0 = 3.0219e-04
Loss = 7.1468e-02, PNorm = 129.9619, GNorm = 0.5156, lr_0 = 3.0086e-04
Loss = 7.7015e-02, PNorm = 129.9870, GNorm = 1.3339, lr_0 = 2.9952e-04
Loss = 7.5908e-02, PNorm = 130.0108, GNorm = 0.8780, lr_0 = 2.9820e-04
Loss = 7.9803e-02, PNorm = 130.0390, GNorm = 0.4983, lr_0 = 2.9688e-04
Loss = 6.5978e-02, PNorm = 130.0648, GNorm = 0.8988, lr_0 = 2.9557e-04
Loss = 6.1871e-02, PNorm = 130.0840, GNorm = 0.3782, lr_0 = 2.9426e-04
Loss = 6.5585e-02, PNorm = 130.1029, GNorm = 0.8026, lr_0 = 2.9296e-04
Loss = 6.8523e-02, PNorm = 130.1275, GNorm = 0.8598, lr_0 = 2.9166e-04
Loss = 6.4879e-02, PNorm = 130.1490, GNorm = 0.5565, lr_0 = 2.9037e-04
Loss = 6.5442e-02, PNorm = 130.1711, GNorm = 0.7812, lr_0 = 2.8909e-04
Loss = 6.5849e-02, PNorm = 130.1923, GNorm = 0.4458, lr_0 = 2.8781e-04
Loss = 6.3947e-02, PNorm = 130.2114, GNorm = 0.8599, lr_0 = 2.8653e-04
Validation rmse = 34.842372
Epoch 9
Loss = 6.3625e-02, PNorm = 130.2361, GNorm = 0.4235, lr_0 = 2.8514e-04
Loss = 6.4871e-02, PNorm = 130.2596, GNorm = 1.1466, lr_0 = 2.8388e-04
Loss = 5.5457e-02, PNorm = 130.2801, GNorm = 0.9038, lr_0 = 2.8262e-04
Loss = 6.5778e-02, PNorm = 130.3019, GNorm = 0.4467, lr_0 = 2.8137e-04
Loss = 6.2486e-02, PNorm = 130.3227, GNorm = 0.7481, lr_0 = 2.8013e-04
Loss = 7.1437e-02, PNorm = 130.3434, GNorm = 0.6741, lr_0 = 2.7889e-04
Loss = 5.8557e-02, PNorm = 130.3581, GNorm = 0.4436, lr_0 = 2.7765e-04
Loss = 6.0810e-02, PNorm = 130.3808, GNorm = 0.4461, lr_0 = 2.7643e-04
Loss = 5.8171e-02, PNorm = 130.4000, GNorm = 0.3604, lr_0 = 2.7520e-04
Loss = 5.5381e-02, PNorm = 130.4184, GNorm = 0.6188, lr_0 = 2.7399e-04
Loss = 7.1321e-02, PNorm = 130.4416, GNorm = 0.6210, lr_0 = 2.7277e-04
Loss = 6.7482e-02, PNorm = 130.4679, GNorm = 0.4862, lr_0 = 2.7157e-04
Loss = 7.4898e-02, PNorm = 130.4933, GNorm = 1.7559, lr_0 = 2.7037e-04
Loss = 7.0840e-02, PNorm = 130.5129, GNorm = 0.4549, lr_0 = 2.6917e-04
Loss = 5.5424e-02, PNorm = 130.5351, GNorm = 0.8924, lr_0 = 2.6798e-04
Loss = 5.3700e-02, PNorm = 130.5566, GNorm = 0.4636, lr_0 = 2.6679e-04
Loss = 6.2411e-02, PNorm = 130.5714, GNorm = 0.6444, lr_0 = 2.6561e-04
Loss = 5.9771e-02, PNorm = 130.5889, GNorm = 1.2803, lr_0 = 2.6444e-04
Loss = 4.8721e-02, PNorm = 130.6069, GNorm = 0.6525, lr_0 = 2.6327e-04
Loss = 6.4937e-02, PNorm = 130.6211, GNorm = 0.3030, lr_0 = 2.6210e-04
Loss = 6.1042e-02, PNorm = 130.6447, GNorm = 1.2615, lr_0 = 2.6094e-04
Loss = 6.8029e-02, PNorm = 130.6706, GNorm = 0.8760, lr_0 = 2.5979e-04
Loss = 6.3346e-02, PNorm = 130.6916, GNorm = 0.6017, lr_0 = 2.5864e-04
Loss = 6.0458e-02, PNorm = 130.7115, GNorm = 1.1418, lr_0 = 2.5750e-04
Validation rmse = 32.864397
Epoch 10
Loss = 4.7244e-02, PNorm = 130.7270, GNorm = 0.5121, lr_0 = 2.5636e-04
Loss = 7.7113e-02, PNorm = 130.7456, GNorm = 1.3761, lr_0 = 2.5522e-04
Loss = 5.8235e-02, PNorm = 130.7680, GNorm = 1.2861, lr_0 = 2.5409e-04
Loss = 5.0389e-02, PNorm = 130.7894, GNorm = 0.3704, lr_0 = 2.5297e-04
Loss = 4.6517e-02, PNorm = 130.8040, GNorm = 0.5803, lr_0 = 2.5185e-04
Loss = 4.8040e-02, PNorm = 130.8167, GNorm = 0.5471, lr_0 = 2.5074e-04
Loss = 4.6345e-02, PNorm = 130.8323, GNorm = 0.4579, lr_0 = 2.4963e-04
Loss = 5.1974e-02, PNorm = 130.8479, GNorm = 0.6270, lr_0 = 2.4852e-04
Loss = 6.1734e-02, PNorm = 130.8662, GNorm = 0.6272, lr_0 = 2.4742e-04
Loss = 5.4028e-02, PNorm = 130.8856, GNorm = 0.4964, lr_0 = 2.4633e-04
Loss = 4.8468e-02, PNorm = 130.9015, GNorm = 0.7162, lr_0 = 2.4524e-04
Loss = 5.3561e-02, PNorm = 130.9170, GNorm = 0.6045, lr_0 = 2.4415e-04
Loss = 4.7252e-02, PNorm = 130.9354, GNorm = 0.3643, lr_0 = 2.4307e-04
Loss = 6.1632e-02, PNorm = 130.9502, GNorm = 1.2099, lr_0 = 2.4200e-04
Loss = 5.9977e-02, PNorm = 130.9652, GNorm = 1.0643, lr_0 = 2.4093e-04
Loss = 6.5867e-02, PNorm = 130.9855, GNorm = 0.9688, lr_0 = 2.3986e-04
Loss = 5.5998e-02, PNorm = 131.0047, GNorm = 0.3497, lr_0 = 2.3880e-04
Loss = 5.3447e-02, PNorm = 131.0231, GNorm = 0.4749, lr_0 = 2.3774e-04
Loss = 6.7243e-02, PNorm = 131.0426, GNorm = 0.6988, lr_0 = 2.3669e-04
Loss = 6.1956e-02, PNorm = 131.0646, GNorm = 0.3803, lr_0 = 2.3564e-04
Loss = 5.2343e-02, PNorm = 131.0852, GNorm = 0.6122, lr_0 = 2.3460e-04
Loss = 5.5295e-02, PNorm = 131.1054, GNorm = 1.1688, lr_0 = 2.3356e-04
Loss = 5.2362e-02, PNorm = 131.1212, GNorm = 0.4883, lr_0 = 2.3253e-04
Loss = 5.3499e-02, PNorm = 131.1411, GNorm = 0.6140, lr_0 = 2.3150e-04
Validation rmse = 31.969637
Epoch 11
Loss = 5.3404e-02, PNorm = 131.1592, GNorm = 0.6420, lr_0 = 2.3048e-04
Loss = 4.8854e-02, PNorm = 131.1759, GNorm = 0.2368, lr_0 = 2.2946e-04
Loss = 5.2467e-02, PNorm = 131.1896, GNorm = 0.3799, lr_0 = 2.2844e-04
Loss = 5.6283e-02, PNorm = 131.2051, GNorm = 0.5528, lr_0 = 2.2743e-04
Loss = 4.1177e-02, PNorm = 131.2194, GNorm = 0.4685, lr_0 = 2.2643e-04
Loss = 4.8420e-02, PNorm = 131.2305, GNorm = 0.4951, lr_0 = 2.2542e-04
Loss = 5.3415e-02, PNorm = 131.2431, GNorm = 0.9454, lr_0 = 2.2443e-04
Loss = 4.6689e-02, PNorm = 131.2582, GNorm = 0.5611, lr_0 = 2.2343e-04
Loss = 5.6000e-02, PNorm = 131.2705, GNorm = 0.3899, lr_0 = 2.2245e-04
Loss = 4.8803e-02, PNorm = 131.2846, GNorm = 0.6688, lr_0 = 2.2146e-04
Loss = 5.2087e-02, PNorm = 131.2964, GNorm = 0.5801, lr_0 = 2.2048e-04
Loss = 6.1356e-02, PNorm = 131.3123, GNorm = 0.5643, lr_0 = 2.1951e-04
Loss = 5.5624e-02, PNorm = 131.3325, GNorm = 1.1001, lr_0 = 2.1854e-04
Loss = 5.1174e-02, PNorm = 131.3505, GNorm = 0.3853, lr_0 = 2.1757e-04
Loss = 4.8903e-02, PNorm = 131.3665, GNorm = 0.7830, lr_0 = 2.1661e-04
Loss = 4.8442e-02, PNorm = 131.3808, GNorm = 0.9932, lr_0 = 2.1565e-04
Loss = 5.3058e-02, PNorm = 131.3955, GNorm = 0.3961, lr_0 = 2.1469e-04
Loss = 4.2785e-02, PNorm = 131.4110, GNorm = 0.6896, lr_0 = 2.1374e-04
Loss = 5.6001e-02, PNorm = 131.4272, GNorm = 0.4774, lr_0 = 2.1280e-04
Loss = 5.2782e-02, PNorm = 131.4434, GNorm = 0.5351, lr_0 = 2.1186e-04
Loss = 4.8928e-02, PNorm = 131.4585, GNorm = 0.7044, lr_0 = 2.1092e-04
Loss = 4.3670e-02, PNorm = 131.4714, GNorm = 0.4813, lr_0 = 2.0999e-04
Loss = 4.4349e-02, PNorm = 131.4868, GNorm = 0.4365, lr_0 = 2.0906e-04
Loss = 4.5807e-02, PNorm = 131.4996, GNorm = 0.3305, lr_0 = 2.0813e-04
Validation rmse = 31.226103
Epoch 12
Loss = 5.3886e-02, PNorm = 131.5108, GNorm = 0.8124, lr_0 = 2.0721e-04
Loss = 5.1500e-02, PNorm = 131.5232, GNorm = 0.6730, lr_0 = 2.0630e-04
Loss = 4.2571e-02, PNorm = 131.5361, GNorm = 1.0722, lr_0 = 2.0538e-04
Loss = 5.4061e-02, PNorm = 131.5512, GNorm = 0.6107, lr_0 = 2.0447e-04
Loss = 4.7035e-02, PNorm = 131.5682, GNorm = 0.2977, lr_0 = 2.0357e-04
Loss = 4.1151e-02, PNorm = 131.5815, GNorm = 0.6090, lr_0 = 2.0267e-04
Loss = 4.7076e-02, PNorm = 131.5935, GNorm = 0.6876, lr_0 = 2.0177e-04
Loss = 4.1518e-02, PNorm = 131.6056, GNorm = 0.4297, lr_0 = 2.0088e-04
Loss = 4.5533e-02, PNorm = 131.6162, GNorm = 0.5937, lr_0 = 1.9999e-04
Loss = 4.5930e-02, PNorm = 131.6304, GNorm = 0.7340, lr_0 = 1.9911e-04
Loss = 3.9217e-02, PNorm = 131.6421, GNorm = 0.4583, lr_0 = 1.9822e-04
Loss = 4.5028e-02, PNorm = 131.6514, GNorm = 0.6632, lr_0 = 1.9735e-04
Loss = 4.3447e-02, PNorm = 131.6634, GNorm = 0.4718, lr_0 = 1.9647e-04
Loss = 4.2978e-02, PNorm = 131.6755, GNorm = 0.5377, lr_0 = 1.9561e-04
Loss = 3.9575e-02, PNorm = 131.6873, GNorm = 1.1483, lr_0 = 1.9474e-04
Loss = 5.1255e-02, PNorm = 131.6979, GNorm = 0.4722, lr_0 = 1.9388e-04
Loss = 4.5690e-02, PNorm = 131.7101, GNorm = 0.8138, lr_0 = 1.9302e-04
Loss = 4.1634e-02, PNorm = 131.7243, GNorm = 0.3825, lr_0 = 1.9217e-04
Loss = 3.8224e-02, PNorm = 131.7365, GNorm = 0.4169, lr_0 = 1.9132e-04
Loss = 4.3436e-02, PNorm = 131.7458, GNorm = 0.3646, lr_0 = 1.9047e-04
Loss = 5.7352e-02, PNorm = 131.7615, GNorm = 0.6609, lr_0 = 1.8963e-04
Loss = 3.8613e-02, PNorm = 131.7760, GNorm = 0.3521, lr_0 = 1.8879e-04
Loss = 4.7038e-02, PNorm = 131.7901, GNorm = 0.6226, lr_0 = 1.8795e-04
Loss = 4.6492e-02, PNorm = 131.8021, GNorm = 0.5465, lr_0 = 1.8712e-04
Validation rmse = 31.189198
Epoch 13
Loss = 8.1328e-02, PNorm = 131.8165, GNorm = 0.7868, lr_0 = 1.8621e-04
Loss = 4.0300e-02, PNorm = 131.8333, GNorm = 0.4381, lr_0 = 1.8539e-04
Loss = 4.5453e-02, PNorm = 131.8479, GNorm = 0.4007, lr_0 = 1.8457e-04
Loss = 4.6582e-02, PNorm = 131.8596, GNorm = 0.8020, lr_0 = 1.8375e-04
Loss = 4.8658e-02, PNorm = 131.8727, GNorm = 1.6393, lr_0 = 1.8294e-04
Loss = 4.4180e-02, PNorm = 131.8856, GNorm = 0.7775, lr_0 = 1.8213e-04
Loss = 4.6817e-02, PNorm = 131.8965, GNorm = 0.2886, lr_0 = 1.8132e-04
Loss = 3.9374e-02, PNorm = 131.9069, GNorm = 0.5201, lr_0 = 1.8052e-04
Loss = 4.0054e-02, PNorm = 131.9178, GNorm = 0.4438, lr_0 = 1.7972e-04
Loss = 3.7433e-02, PNorm = 131.9282, GNorm = 0.6685, lr_0 = 1.7893e-04
Loss = 3.6827e-02, PNorm = 131.9373, GNorm = 0.3027, lr_0 = 1.7814e-04
Loss = 3.6739e-02, PNorm = 131.9436, GNorm = 0.8304, lr_0 = 1.7735e-04
Loss = 4.3433e-02, PNorm = 131.9544, GNorm = 0.4980, lr_0 = 1.7656e-04
Loss = 4.1397e-02, PNorm = 131.9694, GNorm = 0.4600, lr_0 = 1.7578e-04
Loss = 4.8100e-02, PNorm = 131.9815, GNorm = 0.5276, lr_0 = 1.7500e-04
Loss = 4.7450e-02, PNorm = 131.9942, GNorm = 0.5917, lr_0 = 1.7423e-04
Loss = 4.4471e-02, PNorm = 132.0087, GNorm = 0.4503, lr_0 = 1.7346e-04
Loss = 4.8965e-02, PNorm = 132.0184, GNorm = 0.3308, lr_0 = 1.7269e-04
Loss = 4.6255e-02, PNorm = 132.0327, GNorm = 1.1341, lr_0 = 1.7193e-04
Loss = 4.1088e-02, PNorm = 132.0424, GNorm = 1.2510, lr_0 = 1.7117e-04
Loss = 4.4526e-02, PNorm = 132.0521, GNorm = 0.6037, lr_0 = 1.7041e-04
Loss = 4.0567e-02, PNorm = 132.0665, GNorm = 0.5478, lr_0 = 1.6966e-04
Loss = 4.2708e-02, PNorm = 132.0794, GNorm = 0.4761, lr_0 = 1.6891e-04
Loss = 4.3777e-02, PNorm = 132.0915, GNorm = 0.5623, lr_0 = 1.6816e-04
Loss = 3.9670e-02, PNorm = 132.1039, GNorm = 0.3454, lr_0 = 1.6741e-04
Validation rmse = 30.717232
Epoch 14
Loss = 3.3557e-02, PNorm = 132.1151, GNorm = 0.7370, lr_0 = 1.6667e-04
Loss = 4.6021e-02, PNorm = 132.1245, GNorm = 0.7366, lr_0 = 1.6594e-04
Loss = 3.4498e-02, PNorm = 132.1361, GNorm = 0.4034, lr_0 = 1.6520e-04
Loss = 3.7565e-02, PNorm = 132.1449, GNorm = 0.6654, lr_0 = 1.6447e-04
Loss = 4.3816e-02, PNorm = 132.1543, GNorm = 0.4717, lr_0 = 1.6374e-04
Loss = 3.5264e-02, PNorm = 132.1645, GNorm = 0.4944, lr_0 = 1.6302e-04
Loss = 3.7910e-02, PNorm = 132.1730, GNorm = 0.5739, lr_0 = 1.6230e-04
Loss = 3.9231e-02, PNorm = 132.1818, GNorm = 0.7895, lr_0 = 1.6158e-04
Loss = 3.8995e-02, PNorm = 132.1893, GNorm = 0.7819, lr_0 = 1.6087e-04
Loss = 3.5737e-02, PNorm = 132.1974, GNorm = 0.6272, lr_0 = 1.6015e-04
Loss = 3.7026e-02, PNorm = 132.2097, GNorm = 0.5065, lr_0 = 1.5944e-04
Loss = 3.8697e-02, PNorm = 132.2177, GNorm = 0.4119, lr_0 = 1.5874e-04
Loss = 3.7227e-02, PNorm = 132.2271, GNorm = 0.3347, lr_0 = 1.5804e-04
Loss = 4.1513e-02, PNorm = 132.2372, GNorm = 0.7958, lr_0 = 1.5734e-04
Loss = 4.0628e-02, PNorm = 132.2447, GNorm = 0.4277, lr_0 = 1.5664e-04
Loss = 4.6395e-02, PNorm = 132.2537, GNorm = 0.3374, lr_0 = 1.5595e-04
Loss = 3.9493e-02, PNorm = 132.2660, GNorm = 0.6189, lr_0 = 1.5526e-04
Loss = 3.8046e-02, PNorm = 132.2785, GNorm = 0.3567, lr_0 = 1.5457e-04
Loss = 4.0179e-02, PNorm = 132.2886, GNorm = 0.2999, lr_0 = 1.5389e-04
Loss = 3.7088e-02, PNorm = 132.2995, GNorm = 0.3569, lr_0 = 1.5321e-04
Loss = 3.6312e-02, PNorm = 132.3080, GNorm = 0.7039, lr_0 = 1.5253e-04
Loss = 3.7269e-02, PNorm = 132.3166, GNorm = 0.3452, lr_0 = 1.5185e-04
Loss = 3.8874e-02, PNorm = 132.3241, GNorm = 0.5565, lr_0 = 1.5118e-04
Loss = 3.7076e-02, PNorm = 132.3325, GNorm = 0.2459, lr_0 = 1.5051e-04
Validation rmse = 30.573535
Epoch 15
Loss = 3.3066e-02, PNorm = 132.3431, GNorm = 0.5949, lr_0 = 1.4985e-04
Loss = 3.9953e-02, PNorm = 132.3544, GNorm = 0.3537, lr_0 = 1.4919e-04
Loss = 4.6487e-02, PNorm = 132.3650, GNorm = 0.6270, lr_0 = 1.4853e-04
Loss = 4.1406e-02, PNorm = 132.3776, GNorm = 0.4967, lr_0 = 1.4787e-04
Loss = 3.7252e-02, PNorm = 132.3868, GNorm = 0.3801, lr_0 = 1.4721e-04
Loss = 3.9521e-02, PNorm = 132.3953, GNorm = 0.3965, lr_0 = 1.4656e-04
Loss = 4.2724e-02, PNorm = 132.4053, GNorm = 0.6412, lr_0 = 1.4591e-04
Loss = 3.8683e-02, PNorm = 132.4140, GNorm = 0.5085, lr_0 = 1.4527e-04
Loss = 3.5591e-02, PNorm = 132.4233, GNorm = 0.5821, lr_0 = 1.4463e-04
Loss = 3.6817e-02, PNorm = 132.4329, GNorm = 0.4424, lr_0 = 1.4399e-04
Loss = 3.4886e-02, PNorm = 132.4422, GNorm = 0.6786, lr_0 = 1.4335e-04
Loss = 4.3486e-02, PNorm = 132.4512, GNorm = 0.8378, lr_0 = 1.4272e-04
Loss = 3.9464e-02, PNorm = 132.4587, GNorm = 0.7292, lr_0 = 1.4208e-04
Loss = 4.3097e-02, PNorm = 132.4679, GNorm = 0.4258, lr_0 = 1.4146e-04
Loss = 4.2676e-02, PNorm = 132.4767, GNorm = 0.8925, lr_0 = 1.4083e-04
Loss = 4.1055e-02, PNorm = 132.4865, GNorm = 0.3460, lr_0 = 1.4021e-04
Loss = 3.8244e-02, PNorm = 132.4967, GNorm = 0.4685, lr_0 = 1.3959e-04
Loss = 3.5595e-02, PNorm = 132.5028, GNorm = 0.4021, lr_0 = 1.3897e-04
Loss = 3.5350e-02, PNorm = 132.5146, GNorm = 0.7876, lr_0 = 1.3835e-04
Loss = 3.3450e-02, PNorm = 132.5241, GNorm = 0.8028, lr_0 = 1.3774e-04
Loss = 3.1760e-02, PNorm = 132.5304, GNorm = 0.3823, lr_0 = 1.3713e-04
Loss = 3.5154e-02, PNorm = 132.5382, GNorm = 0.6214, lr_0 = 1.3653e-04
Loss = 4.0902e-02, PNorm = 132.5438, GNorm = 0.5846, lr_0 = 1.3592e-04
Loss = 3.7533e-02, PNorm = 132.5531, GNorm = 0.4892, lr_0 = 1.3532e-04
Validation rmse = 29.910905
Epoch 16
Loss = 3.2505e-02, PNorm = 132.5613, GNorm = 0.3365, lr_0 = 1.3472e-04
Loss = 3.3485e-02, PNorm = 132.5695, GNorm = 0.3530, lr_0 = 1.3413e-04
Loss = 3.5161e-02, PNorm = 132.5782, GNorm = 0.4368, lr_0 = 1.3353e-04
Loss = 3.0913e-02, PNorm = 132.5856, GNorm = 0.2956, lr_0 = 1.3294e-04
Loss = 3.7847e-02, PNorm = 132.5926, GNorm = 0.4692, lr_0 = 1.3235e-04
Loss = 3.5568e-02, PNorm = 132.6007, GNorm = 0.3211, lr_0 = 1.3177e-04
Loss = 3.9067e-02, PNorm = 132.6098, GNorm = 0.5140, lr_0 = 1.3118e-04
Loss = 3.4521e-02, PNorm = 132.6195, GNorm = 0.3478, lr_0 = 1.3060e-04
Loss = 3.5679e-02, PNorm = 132.6288, GNorm = 0.4633, lr_0 = 1.3003e-04
Loss = 3.1254e-02, PNorm = 132.6375, GNorm = 0.5511, lr_0 = 1.2945e-04
Loss = 3.7363e-02, PNorm = 132.6444, GNorm = 0.7479, lr_0 = 1.2888e-04
Loss = 3.3632e-02, PNorm = 132.6539, GNorm = 0.6279, lr_0 = 1.2831e-04
Loss = 3.8731e-02, PNorm = 132.6595, GNorm = 0.6960, lr_0 = 1.2774e-04
Loss = 3.4444e-02, PNorm = 132.6668, GNorm = 0.3634, lr_0 = 1.2718e-04
Loss = 3.1926e-02, PNorm = 132.6742, GNorm = 0.5255, lr_0 = 1.2661e-04
Loss = 3.2364e-02, PNorm = 132.6813, GNorm = 0.3983, lr_0 = 1.2605e-04
Loss = 3.8424e-02, PNorm = 132.6885, GNorm = 0.4536, lr_0 = 1.2550e-04
Loss = 3.8879e-02, PNorm = 132.6959, GNorm = 0.3332, lr_0 = 1.2494e-04
Loss = 3.0745e-02, PNorm = 132.7049, GNorm = 0.3383, lr_0 = 1.2439e-04
Loss = 3.2148e-02, PNorm = 132.7123, GNorm = 0.3267, lr_0 = 1.2384e-04
Loss = 3.3365e-02, PNorm = 132.7177, GNorm = 0.3599, lr_0 = 1.2329e-04
Loss = 3.7459e-02, PNorm = 132.7234, GNorm = 0.3743, lr_0 = 1.2274e-04
Loss = 3.3387e-02, PNorm = 132.7301, GNorm = 0.4494, lr_0 = 1.2220e-04
Loss = 3.3849e-02, PNorm = 132.7378, GNorm = 0.2646, lr_0 = 1.2166e-04
Validation rmse = 29.074981
Epoch 17
Loss = 3.6845e-02, PNorm = 132.7451, GNorm = 0.4084, lr_0 = 1.2107e-04
Loss = 2.6105e-02, PNorm = 132.7515, GNorm = 0.3206, lr_0 = 1.2053e-04
Loss = 3.3819e-02, PNorm = 132.7564, GNorm = 0.6001, lr_0 = 1.2000e-04
Loss = 3.3108e-02, PNorm = 132.7661, GNorm = 0.3630, lr_0 = 1.1947e-04
Loss = 2.7760e-02, PNorm = 132.7721, GNorm = 0.6979, lr_0 = 1.1894e-04
Loss = 3.1151e-02, PNorm = 132.7787, GNorm = 0.6355, lr_0 = 1.1841e-04
Loss = 3.4819e-02, PNorm = 132.7853, GNorm = 0.6507, lr_0 = 1.1789e-04
Loss = 3.1061e-02, PNorm = 132.7937, GNorm = 0.4509, lr_0 = 1.1737e-04
Loss = 3.4439e-02, PNorm = 132.8023, GNorm = 0.5841, lr_0 = 1.1685e-04
Loss = 3.1757e-02, PNorm = 132.8089, GNorm = 0.3299, lr_0 = 1.1633e-04
Loss = 3.3884e-02, PNorm = 132.8134, GNorm = 0.5227, lr_0 = 1.1582e-04
Loss = 3.3708e-02, PNorm = 132.8181, GNorm = 0.6480, lr_0 = 1.1531e-04
Loss = 3.6415e-02, PNorm = 132.8243, GNorm = 0.8246, lr_0 = 1.1480e-04
Loss = 3.3123e-02, PNorm = 132.8324, GNorm = 0.3045, lr_0 = 1.1429e-04
Loss = 2.8601e-02, PNorm = 132.8395, GNorm = 0.3118, lr_0 = 1.1378e-04
Loss = 2.9421e-02, PNorm = 132.8444, GNorm = 0.4833, lr_0 = 1.1328e-04
Loss = 3.5804e-02, PNorm = 132.8524, GNorm = 0.2938, lr_0 = 1.1278e-04
Loss = 3.4286e-02, PNorm = 132.8600, GNorm = 0.3501, lr_0 = 1.1228e-04
Loss = 3.1297e-02, PNorm = 132.8676, GNorm = 0.3257, lr_0 = 1.1178e-04
Loss = 2.9461e-02, PNorm = 132.8738, GNorm = 0.2934, lr_0 = 1.1129e-04
Loss = 3.2933e-02, PNorm = 132.8820, GNorm = 0.4419, lr_0 = 1.1079e-04
Loss = 3.4927e-02, PNorm = 132.8905, GNorm = 0.3861, lr_0 = 1.1030e-04
Loss = 3.1312e-02, PNorm = 132.8963, GNorm = 0.3444, lr_0 = 1.0982e-04
Loss = 4.0830e-02, PNorm = 132.9021, GNorm = 0.5185, lr_0 = 1.0933e-04
Validation rmse = 28.821780
Epoch 18
Loss = 2.2883e-02, PNorm = 132.9073, GNorm = 0.4025, lr_0 = 1.0885e-04
Loss = 2.9978e-02, PNorm = 132.9147, GNorm = 0.3531, lr_0 = 1.0837e-04
Loss = 3.1138e-02, PNorm = 132.9200, GNorm = 0.8002, lr_0 = 1.0789e-04
Loss = 2.4325e-02, PNorm = 132.9269, GNorm = 0.5745, lr_0 = 1.0741e-04
Loss = 3.4153e-02, PNorm = 132.9321, GNorm = 0.4040, lr_0 = 1.0693e-04
Loss = 3.6937e-02, PNorm = 132.9378, GNorm = 0.5749, lr_0 = 1.0646e-04
Loss = 3.2640e-02, PNorm = 132.9455, GNorm = 0.5462, lr_0 = 1.0599e-04
Loss = 3.4368e-02, PNorm = 132.9540, GNorm = 0.9608, lr_0 = 1.0552e-04
Loss = 3.1805e-02, PNorm = 132.9600, GNorm = 0.2975, lr_0 = 1.0505e-04
Loss = 3.0145e-02, PNorm = 132.9681, GNorm = 0.4240, lr_0 = 1.0459e-04
Loss = 3.2415e-02, PNorm = 132.9747, GNorm = 0.2776, lr_0 = 1.0413e-04
Loss = 3.7938e-02, PNorm = 132.9822, GNorm = 0.4578, lr_0 = 1.0367e-04
Loss = 2.6600e-02, PNorm = 132.9894, GNorm = 0.3622, lr_0 = 1.0321e-04
Loss = 3.4799e-02, PNorm = 132.9924, GNorm = 0.4968, lr_0 = 1.0275e-04
Loss = 2.5556e-02, PNorm = 132.9966, GNorm = 0.3712, lr_0 = 1.0230e-04
Loss = 2.9054e-02, PNorm = 133.0006, GNorm = 0.5019, lr_0 = 1.0184e-04
Loss = 3.2068e-02, PNorm = 133.0073, GNorm = 0.4338, lr_0 = 1.0139e-04
Loss = 3.2551e-02, PNorm = 133.0134, GNorm = 0.4506, lr_0 = 1.0094e-04
Loss = 3.0971e-02, PNorm = 133.0208, GNorm = 0.5127, lr_0 = 1.0050e-04
Loss = 2.8798e-02, PNorm = 133.0264, GNorm = 0.8258, lr_0 = 1.0005e-04
Loss = 2.7924e-02, PNorm = 133.0324, GNorm = 0.4548, lr_0 = 9.9610e-05
Loss = 3.0049e-02, PNorm = 133.0398, GNorm = 0.4996, lr_0 = 9.9169e-05
Loss = 3.7140e-02, PNorm = 133.0464, GNorm = 0.4651, lr_0 = 9.8731e-05
Loss = 2.9969e-02, PNorm = 133.0516, GNorm = 0.6470, lr_0 = 9.8294e-05
Validation rmse = 28.679064
Epoch 19
Loss = 2.1607e-02, PNorm = 133.0574, GNorm = 0.2662, lr_0 = 9.7859e-05
Loss = 3.2328e-02, PNorm = 133.0622, GNorm = 0.3856, lr_0 = 9.7426e-05
Loss = 3.1803e-02, PNorm = 133.0656, GNorm = 0.3858, lr_0 = 9.6995e-05
Loss = 2.6620e-02, PNorm = 133.0712, GNorm = 0.7091, lr_0 = 9.6566e-05
Loss = 2.5816e-02, PNorm = 133.0779, GNorm = 0.4136, lr_0 = 9.6139e-05
Loss = 2.6428e-02, PNorm = 133.0827, GNorm = 0.3637, lr_0 = 9.5713e-05
Loss = 2.7214e-02, PNorm = 133.0869, GNorm = 0.5041, lr_0 = 9.5290e-05
Loss = 2.7813e-02, PNorm = 133.0908, GNorm = 0.2767, lr_0 = 9.4868e-05
Loss = 2.7225e-02, PNorm = 133.0948, GNorm = 0.2293, lr_0 = 9.4449e-05
Loss = 2.7875e-02, PNorm = 133.0997, GNorm = 0.3344, lr_0 = 9.4031e-05
Loss = 2.7583e-02, PNorm = 133.1047, GNorm = 0.2440, lr_0 = 9.3615e-05
Loss = 2.7913e-02, PNorm = 133.1098, GNorm = 0.6030, lr_0 = 9.3201e-05
Loss = 2.9942e-02, PNorm = 133.1136, GNorm = 0.4157, lr_0 = 9.2788e-05
Loss = 2.8101e-02, PNorm = 133.1186, GNorm = 0.6106, lr_0 = 9.2378e-05
Loss = 3.8024e-02, PNorm = 133.1247, GNorm = 0.3528, lr_0 = 9.1969e-05
Loss = 3.4270e-02, PNorm = 133.1321, GNorm = 0.4799, lr_0 = 9.1562e-05
Loss = 2.7619e-02, PNorm = 133.1383, GNorm = 0.5450, lr_0 = 9.1157e-05
Loss = 2.3137e-02, PNorm = 133.1444, GNorm = 0.6401, lr_0 = 9.0754e-05
Loss = 3.7818e-02, PNorm = 133.1516, GNorm = 0.9609, lr_0 = 9.0352e-05
Loss = 2.8726e-02, PNorm = 133.1575, GNorm = 0.4541, lr_0 = 8.9953e-05
Loss = 3.1384e-02, PNorm = 133.1628, GNorm = 0.9492, lr_0 = 8.9555e-05
Loss = 3.3784e-02, PNorm = 133.1687, GNorm = 0.4774, lr_0 = 8.9159e-05
Loss = 3.2265e-02, PNorm = 133.1751, GNorm = 0.6729, lr_0 = 8.8764e-05
Loss = 2.6862e-02, PNorm = 133.1800, GNorm = 0.4045, lr_0 = 8.8371e-05
Validation rmse = 28.209503
Epoch 20
Loss = 2.3685e-02, PNorm = 133.1848, GNorm = 0.3076, lr_0 = 8.7980e-05
Loss = 2.8515e-02, PNorm = 133.1900, GNorm = 0.3589, lr_0 = 8.7591e-05
Loss = 2.7450e-02, PNorm = 133.1956, GNorm = 0.3395, lr_0 = 8.7204e-05
Loss = 2.9521e-02, PNorm = 133.2008, GNorm = 0.6964, lr_0 = 8.6818e-05
Loss = 3.0439e-02, PNorm = 133.2057, GNorm = 0.4613, lr_0 = 8.6434e-05
Loss = 3.2803e-02, PNorm = 133.2094, GNorm = 0.2571, lr_0 = 8.6051e-05
Loss = 3.0030e-02, PNorm = 133.2129, GNorm = 0.3453, lr_0 = 8.5671e-05
Loss = 2.9444e-02, PNorm = 133.2181, GNorm = 0.9760, lr_0 = 8.5292e-05
Loss = 2.7955e-02, PNorm = 133.2245, GNorm = 0.3216, lr_0 = 8.4914e-05
Loss = 2.6989e-02, PNorm = 133.2306, GNorm = 0.4569, lr_0 = 8.4539e-05
Loss = 2.8911e-02, PNorm = 133.2361, GNorm = 0.2749, lr_0 = 8.4165e-05
Loss = 2.7674e-02, PNorm = 133.2405, GNorm = 0.3793, lr_0 = 8.3792e-05
Loss = 2.5295e-02, PNorm = 133.2452, GNorm = 0.4395, lr_0 = 8.3422e-05
Loss = 2.8007e-02, PNorm = 133.2496, GNorm = 0.5079, lr_0 = 8.3053e-05
Loss = 3.3970e-02, PNorm = 133.2543, GNorm = 0.4764, lr_0 = 8.2685e-05
Loss = 2.6302e-02, PNorm = 133.2590, GNorm = 0.3967, lr_0 = 8.2319e-05
Loss = 3.0150e-02, PNorm = 133.2640, GNorm = 0.2821, lr_0 = 8.1955e-05
Loss = 2.8034e-02, PNorm = 133.2677, GNorm = 0.3445, lr_0 = 8.1593e-05
Loss = 2.6109e-02, PNorm = 133.2743, GNorm = 0.3758, lr_0 = 8.1232e-05
Loss = 2.8415e-02, PNorm = 133.2787, GNorm = 0.8309, lr_0 = 8.0872e-05
Loss = 2.7023e-02, PNorm = 133.2817, GNorm = 0.3176, lr_0 = 8.0515e-05
Loss = 3.1799e-02, PNorm = 133.2856, GNorm = 0.4112, lr_0 = 8.0158e-05
Loss = 2.4299e-02, PNorm = 133.2913, GNorm = 0.2657, lr_0 = 7.9804e-05
Loss = 2.9014e-02, PNorm = 133.2972, GNorm = 0.5416, lr_0 = 7.9451e-05
Validation rmse = 28.865866
Epoch 21
Loss = 2.3137e-02, PNorm = 133.3023, GNorm = 0.4313, lr_0 = 7.9099e-05
Loss = 2.5333e-02, PNorm = 133.3082, GNorm = 0.5386, lr_0 = 7.8749e-05
Loss = 2.5658e-02, PNorm = 133.3139, GNorm = 0.5032, lr_0 = 7.8401e-05
Loss = 2.2548e-02, PNorm = 133.3164, GNorm = 0.4471, lr_0 = 7.8054e-05
Loss = 2.4866e-02, PNorm = 133.3181, GNorm = 0.4816, lr_0 = 7.7709e-05
Loss = 3.1078e-02, PNorm = 133.3231, GNorm = 0.4417, lr_0 = 7.7365e-05
Loss = 3.4489e-02, PNorm = 133.3265, GNorm = 0.6855, lr_0 = 7.7023e-05
Loss = 2.9806e-02, PNorm = 133.3321, GNorm = 0.5201, lr_0 = 7.6682e-05
Loss = 2.7153e-02, PNorm = 133.3368, GNorm = 0.3461, lr_0 = 7.6343e-05
Loss = 2.8614e-02, PNorm = 133.3425, GNorm = 0.6343, lr_0 = 7.6005e-05
Loss = 2.7475e-02, PNorm = 133.3478, GNorm = 0.2652, lr_0 = 7.5669e-05
Loss = 2.6933e-02, PNorm = 133.3528, GNorm = 0.2839, lr_0 = 7.5334e-05
Loss = 2.6700e-02, PNorm = 133.3581, GNorm = 0.6205, lr_0 = 7.5001e-05
Loss = 2.8146e-02, PNorm = 133.3625, GNorm = 0.3454, lr_0 = 7.4669e-05
Loss = 2.5338e-02, PNorm = 133.3666, GNorm = 0.4016, lr_0 = 7.4338e-05
Loss = 3.4018e-02, PNorm = 133.3701, GNorm = 1.0715, lr_0 = 7.4010e-05
Loss = 2.7785e-02, PNorm = 133.3749, GNorm = 0.3654, lr_0 = 7.3682e-05
Loss = 2.6932e-02, PNorm = 133.3793, GNorm = 0.7472, lr_0 = 7.3356e-05
Loss = 3.4354e-02, PNorm = 133.3829, GNorm = 0.4147, lr_0 = 7.3032e-05
Loss = 2.7218e-02, PNorm = 133.3875, GNorm = 0.3612, lr_0 = 7.2708e-05
Loss = 2.7837e-02, PNorm = 133.3917, GNorm = 0.3326, lr_0 = 7.2387e-05
Loss = 2.6604e-02, PNorm = 133.3940, GNorm = 0.3030, lr_0 = 7.2067e-05
Loss = 2.5351e-02, PNorm = 133.3969, GNorm = 0.3224, lr_0 = 7.1748e-05
Loss = 2.7002e-02, PNorm = 133.4010, GNorm = 0.4401, lr_0 = 7.1430e-05
Validation rmse = 28.551482
Epoch 22
Loss = 2.1898e-02, PNorm = 133.4057, GNorm = 0.5992, lr_0 = 7.1083e-05
Loss = 2.8911e-02, PNorm = 133.4081, GNorm = 0.3476, lr_0 = 7.0768e-05
Loss = 2.1909e-02, PNorm = 133.4119, GNorm = 0.3537, lr_0 = 7.0455e-05
Loss = 2.6809e-02, PNorm = 133.4168, GNorm = 0.3766, lr_0 = 7.0144e-05
Loss = 2.4641e-02, PNorm = 133.4207, GNorm = 0.2932, lr_0 = 6.9833e-05
Loss = 2.6433e-02, PNorm = 133.4246, GNorm = 0.3137, lr_0 = 6.9524e-05
Loss = 2.5605e-02, PNorm = 133.4274, GNorm = 0.4123, lr_0 = 6.9217e-05
Loss = 2.1599e-02, PNorm = 133.4301, GNorm = 0.3096, lr_0 = 6.8910e-05
Loss = 2.5511e-02, PNorm = 133.4327, GNorm = 0.6120, lr_0 = 6.8606e-05
Loss = 2.2696e-02, PNorm = 133.4367, GNorm = 0.3582, lr_0 = 6.8302e-05
Loss = 2.5383e-02, PNorm = 133.4400, GNorm = 0.2964, lr_0 = 6.8000e-05
Loss = 2.4343e-02, PNorm = 133.4426, GNorm = 0.2530, lr_0 = 6.7699e-05
Loss = 2.9580e-02, PNorm = 133.4451, GNorm = 0.5577, lr_0 = 6.7400e-05
Loss = 2.7007e-02, PNorm = 133.4485, GNorm = 0.3826, lr_0 = 6.7101e-05
Loss = 2.3757e-02, PNorm = 133.4537, GNorm = 0.4192, lr_0 = 6.6805e-05
Loss = 2.5436e-02, PNorm = 133.4577, GNorm = 0.3270, lr_0 = 6.6509e-05
Loss = 3.0204e-02, PNorm = 133.4595, GNorm = 0.9114, lr_0 = 6.6215e-05
Loss = 2.7731e-02, PNorm = 133.4629, GNorm = 0.6912, lr_0 = 6.5922e-05
Loss = 2.8437e-02, PNorm = 133.4666, GNorm = 0.5667, lr_0 = 6.5630e-05
Loss = 3.1704e-02, PNorm = 133.4700, GNorm = 0.3150, lr_0 = 6.5340e-05
Loss = 2.3944e-02, PNorm = 133.4746, GNorm = 0.3562, lr_0 = 6.5051e-05
Loss = 2.8419e-02, PNorm = 133.4783, GNorm = 0.7579, lr_0 = 6.4763e-05
Loss = 2.6402e-02, PNorm = 133.4819, GNorm = 0.4326, lr_0 = 6.4476e-05
Loss = 2.9397e-02, PNorm = 133.4860, GNorm = 0.4188, lr_0 = 6.4191e-05
Validation rmse = 28.889184
Epoch 23
Loss = 2.4752e-02, PNorm = 133.4904, GNorm = 0.5630, lr_0 = 6.3907e-05
Loss = 3.0650e-02, PNorm = 133.4919, GNorm = 0.4027, lr_0 = 6.3624e-05
Loss = 2.4177e-02, PNorm = 133.4953, GNorm = 0.5095, lr_0 = 6.3343e-05
Loss = 2.6493e-02, PNorm = 133.4987, GNorm = 0.3872, lr_0 = 6.3063e-05
Loss = 2.4515e-02, PNorm = 133.5024, GNorm = 0.3591, lr_0 = 6.2784e-05
Loss = 2.4938e-02, PNorm = 133.5065, GNorm = 0.3883, lr_0 = 6.2506e-05
Loss = 2.1598e-02, PNorm = 133.5096, GNorm = 0.5288, lr_0 = 6.2229e-05
Loss = 2.0934e-02, PNorm = 133.5121, GNorm = 0.2318, lr_0 = 6.1954e-05
Loss = 2.6216e-02, PNorm = 133.5157, GNorm = 0.2723, lr_0 = 6.1680e-05
Loss = 2.5669e-02, PNorm = 133.5195, GNorm = 0.3288, lr_0 = 6.1407e-05
Loss = 2.3730e-02, PNorm = 133.5235, GNorm = 0.4299, lr_0 = 6.1136e-05
Loss = 2.0348e-02, PNorm = 133.5266, GNorm = 0.3356, lr_0 = 6.0865e-05
Loss = 2.4534e-02, PNorm = 133.5295, GNorm = 0.2777, lr_0 = 6.0596e-05
Loss = 2.5803e-02, PNorm = 133.5339, GNorm = 0.2903, lr_0 = 6.0328e-05
Loss = 2.6134e-02, PNorm = 133.5381, GNorm = 0.3458, lr_0 = 6.0061e-05
Loss = 2.2649e-02, PNorm = 133.5418, GNorm = 0.5935, lr_0 = 5.9795e-05
Loss = 2.2267e-02, PNorm = 133.5444, GNorm = 0.3086, lr_0 = 5.9531e-05
Loss = 2.6016e-02, PNorm = 133.5473, GNorm = 0.2625, lr_0 = 5.9267e-05
Loss = 2.2568e-02, PNorm = 133.5495, GNorm = 0.4859, lr_0 = 5.9005e-05
Loss = 2.5748e-02, PNorm = 133.5529, GNorm = 0.3004, lr_0 = 5.8744e-05
Loss = 2.8259e-02, PNorm = 133.5555, GNorm = 0.4306, lr_0 = 5.8484e-05
Loss = 2.6439e-02, PNorm = 133.5585, GNorm = 0.4185, lr_0 = 5.8225e-05
Loss = 2.2432e-02, PNorm = 133.5616, GNorm = 0.3922, lr_0 = 5.7968e-05
Loss = 2.2798e-02, PNorm = 133.5641, GNorm = 0.5325, lr_0 = 5.7711e-05
Validation rmse = 29.233538
Epoch 24
Loss = 2.1084e-02, PNorm = 133.5669, GNorm = 0.4962, lr_0 = 5.7456e-05
Loss = 2.6285e-02, PNorm = 133.5706, GNorm = 0.4896, lr_0 = 5.7202e-05
Loss = 3.1436e-02, PNorm = 133.5754, GNorm = 0.7258, lr_0 = 5.6949e-05
Loss = 2.1552e-02, PNorm = 133.5794, GNorm = 0.6180, lr_0 = 5.6697e-05
Loss = 2.6992e-02, PNorm = 133.5820, GNorm = 0.3178, lr_0 = 5.6446e-05
Loss = 2.4724e-02, PNorm = 133.5849, GNorm = 0.3843, lr_0 = 5.6196e-05
Loss = 2.1022e-02, PNorm = 133.5883, GNorm = 0.3124, lr_0 = 5.5948e-05
Loss = 2.1682e-02, PNorm = 133.5902, GNorm = 0.4647, lr_0 = 5.5700e-05
Loss = 2.1295e-02, PNorm = 133.5930, GNorm = 0.3579, lr_0 = 5.5454e-05
Loss = 2.6832e-02, PNorm = 133.5957, GNorm = 0.3693, lr_0 = 5.5208e-05
Loss = 2.8030e-02, PNorm = 133.5988, GNorm = 0.3181, lr_0 = 5.4964e-05
Loss = 2.2436e-02, PNorm = 133.6015, GNorm = 0.3422, lr_0 = 5.4721e-05
Loss = 2.2911e-02, PNorm = 133.6046, GNorm = 0.3351, lr_0 = 5.4479e-05
Loss = 2.1799e-02, PNorm = 133.6067, GNorm = 0.6001, lr_0 = 5.4238e-05
Loss = 2.0691e-02, PNorm = 133.6092, GNorm = 0.3066, lr_0 = 5.3998e-05
Loss = 2.5831e-02, PNorm = 133.6109, GNorm = 0.3688, lr_0 = 5.3759e-05
Loss = 2.7299e-02, PNorm = 133.6133, GNorm = 0.4818, lr_0 = 5.3521e-05
Loss = 2.6840e-02, PNorm = 133.6161, GNorm = 0.6409, lr_0 = 5.3284e-05
Loss = 2.5010e-02, PNorm = 133.6185, GNorm = 0.4797, lr_0 = 5.3049e-05
Loss = 2.3273e-02, PNorm = 133.6218, GNorm = 0.2495, lr_0 = 5.2814e-05
Loss = 2.1758e-02, PNorm = 133.6236, GNorm = 0.3396, lr_0 = 5.2580e-05
Loss = 3.0146e-02, PNorm = 133.6254, GNorm = 0.7133, lr_0 = 5.2348e-05
Loss = 2.3993e-02, PNorm = 133.6281, GNorm = 0.4976, lr_0 = 5.2116e-05
Loss = 2.4058e-02, PNorm = 133.6315, GNorm = 0.2948, lr_0 = 5.1886e-05
Validation rmse = 27.550530
Epoch 25
Loss = 1.9373e-02, PNorm = 133.6344, GNorm = 0.2523, lr_0 = 5.1656e-05
Loss = 2.4427e-02, PNorm = 133.6358, GNorm = 0.3397, lr_0 = 5.1427e-05
Loss = 2.3110e-02, PNorm = 133.6385, GNorm = 0.3590, lr_0 = 5.1200e-05
Loss = 2.4138e-02, PNorm = 133.6409, GNorm = 0.3177, lr_0 = 5.0973e-05
Loss = 1.9490e-02, PNorm = 133.6429, GNorm = 0.4437, lr_0 = 5.0748e-05
Loss = 2.4967e-02, PNorm = 133.6456, GNorm = 0.4253, lr_0 = 5.0523e-05
Loss = 2.6425e-02, PNorm = 133.6484, GNorm = 0.4565, lr_0 = 5.0300e-05
Loss = 2.7554e-02, PNorm = 133.6512, GNorm = 0.6114, lr_0 = 5.0077e-05
Loss = 2.6009e-02, PNorm = 133.6537, GNorm = 0.6815, lr_0 = 4.9856e-05
Loss = 2.3519e-02, PNorm = 133.6554, GNorm = 0.5571, lr_0 = 4.9635e-05
Loss = 2.1725e-02, PNorm = 133.6583, GNorm = 0.3826, lr_0 = 4.9416e-05
Loss = 2.0962e-02, PNorm = 133.6605, GNorm = 0.3898, lr_0 = 4.9197e-05
Loss = 2.3422e-02, PNorm = 133.6631, GNorm = 0.2708, lr_0 = 4.8979e-05
Loss = 2.0955e-02, PNorm = 133.6651, GNorm = 0.3463, lr_0 = 4.8763e-05
Loss = 2.1069e-02, PNorm = 133.6681, GNorm = 0.2608, lr_0 = 4.8547e-05
Loss = 2.3655e-02, PNorm = 133.6702, GNorm = 0.2960, lr_0 = 4.8332e-05
Loss = 2.3407e-02, PNorm = 133.6727, GNorm = 0.3470, lr_0 = 4.8118e-05
Loss = 2.1285e-02, PNorm = 133.6760, GNorm = 0.2734, lr_0 = 4.7905e-05
Loss = 2.3300e-02, PNorm = 133.6784, GNorm = 0.4612, lr_0 = 4.7694e-05
Loss = 2.4531e-02, PNorm = 133.6811, GNorm = 0.4386, lr_0 = 4.7483e-05
Loss = 2.8030e-02, PNorm = 133.6846, GNorm = 0.3200, lr_0 = 4.7272e-05
Loss = 2.6819e-02, PNorm = 133.6870, GNorm = 0.2945, lr_0 = 4.7063e-05
Loss = 2.1475e-02, PNorm = 133.6899, GNorm = 0.3952, lr_0 = 4.6855e-05
Loss = 2.4662e-02, PNorm = 133.6919, GNorm = 0.5184, lr_0 = 4.6648e-05
Validation rmse = 28.116767
Epoch 26
Loss = 1.4332e-02, PNorm = 133.6934, GNorm = 0.3832, lr_0 = 4.6421e-05
Loss = 2.2840e-02, PNorm = 133.6961, GNorm = 0.5294, lr_0 = 4.6216e-05
Loss = 2.5699e-02, PNorm = 133.6996, GNorm = 0.3004, lr_0 = 4.6011e-05
Loss = 2.5412e-02, PNorm = 133.7031, GNorm = 0.3636, lr_0 = 4.5807e-05
Loss = 2.0759e-02, PNorm = 133.7063, GNorm = 0.3221, lr_0 = 4.5605e-05
Loss = 1.9195e-02, PNorm = 133.7092, GNorm = 0.4251, lr_0 = 4.5403e-05
Loss = 2.3005e-02, PNorm = 133.7112, GNorm = 0.3441, lr_0 = 4.5202e-05
Loss = 2.0744e-02, PNorm = 133.7132, GNorm = 0.2492, lr_0 = 4.5002e-05
Loss = 2.6698e-02, PNorm = 133.7147, GNorm = 0.4752, lr_0 = 4.4803e-05
Loss = 2.5588e-02, PNorm = 133.7148, GNorm = 0.4177, lr_0 = 4.4605e-05
Loss = 2.2603e-02, PNorm = 133.7162, GNorm = 0.1902, lr_0 = 4.4408e-05
Loss = 2.3819e-02, PNorm = 133.7187, GNorm = 0.2957, lr_0 = 4.4211e-05
Loss = 2.2896e-02, PNorm = 133.7216, GNorm = 0.3125, lr_0 = 4.4016e-05
Loss = 2.4874e-02, PNorm = 133.7249, GNorm = 0.4026, lr_0 = 4.3821e-05
Loss = 2.3717e-02, PNorm = 133.7276, GNorm = 0.3058, lr_0 = 4.3627e-05
Loss = 1.9560e-02, PNorm = 133.7292, GNorm = 0.2878, lr_0 = 4.3434e-05
Loss = 2.1355e-02, PNorm = 133.7312, GNorm = 0.9187, lr_0 = 4.3242e-05
Loss = 2.1156e-02, PNorm = 133.7329, GNorm = 0.4728, lr_0 = 4.3050e-05
Loss = 2.5312e-02, PNorm = 133.7345, GNorm = 0.3689, lr_0 = 4.2860e-05
Loss = 2.0976e-02, PNorm = 133.7374, GNorm = 0.2713, lr_0 = 4.2670e-05
Loss = 1.9651e-02, PNorm = 133.7401, GNorm = 0.3575, lr_0 = 4.2482e-05
Loss = 2.4568e-02, PNorm = 133.7426, GNorm = 0.4379, lr_0 = 4.2294e-05
Loss = 2.4942e-02, PNorm = 133.7451, GNorm = 0.3770, lr_0 = 4.2107e-05
Loss = 2.0861e-02, PNorm = 133.7480, GNorm = 0.3141, lr_0 = 4.1920e-05
Loss = 2.3888e-02, PNorm = 133.7498, GNorm = 0.5483, lr_0 = 4.1735e-05
Validation rmse = 27.480484
Epoch 27
Loss = 1.9204e-02, PNorm = 133.7526, GNorm = 0.2473, lr_0 = 4.1550e-05
Loss = 1.9846e-02, PNorm = 133.7542, GNorm = 0.3554, lr_0 = 4.1366e-05
Loss = 2.3930e-02, PNorm = 133.7555, GNorm = 0.5690, lr_0 = 4.1183e-05
Loss = 1.9111e-02, PNorm = 133.7571, GNorm = 0.3152, lr_0 = 4.1001e-05
Loss = 2.0647e-02, PNorm = 133.7597, GNorm = 0.3289, lr_0 = 4.0820e-05
Loss = 2.2489e-02, PNorm = 133.7614, GNorm = 0.2189, lr_0 = 4.0639e-05
Loss = 2.6696e-02, PNorm = 133.7639, GNorm = 0.3331, lr_0 = 4.0459e-05
Loss = 2.7320e-02, PNorm = 133.7661, GNorm = 0.4581, lr_0 = 4.0280e-05
Loss = 2.1729e-02, PNorm = 133.7672, GNorm = 0.4364, lr_0 = 4.0102e-05
Loss = 2.3285e-02, PNorm = 133.7688, GNorm = 0.3273, lr_0 = 3.9925e-05
Loss = 2.3719e-02, PNorm = 133.7709, GNorm = 0.3893, lr_0 = 3.9748e-05
Loss = 2.3242e-02, PNorm = 133.7727, GNorm = 0.3834, lr_0 = 3.9572e-05
Loss = 2.2220e-02, PNorm = 133.7752, GNorm = 0.5363, lr_0 = 3.9397e-05
Loss = 2.0591e-02, PNorm = 133.7775, GNorm = 0.2932, lr_0 = 3.9223e-05
Loss = 2.1333e-02, PNorm = 133.7794, GNorm = 0.3368, lr_0 = 3.9049e-05
Loss = 2.0644e-02, PNorm = 133.7820, GNorm = 0.4552, lr_0 = 3.8877e-05
Loss = 2.7319e-02, PNorm = 133.7839, GNorm = 0.3119, lr_0 = 3.8705e-05
Loss = 2.4114e-02, PNorm = 133.7863, GNorm = 0.3318, lr_0 = 3.8533e-05
Loss = 2.6164e-02, PNorm = 133.7886, GNorm = 0.4385, lr_0 = 3.8363e-05
Loss = 1.9034e-02, PNorm = 133.7905, GNorm = 0.3122, lr_0 = 3.8193e-05
Loss = 1.7759e-02, PNorm = 133.7916, GNorm = 0.3443, lr_0 = 3.8024e-05
Loss = 2.0345e-02, PNorm = 133.7926, GNorm = 0.4522, lr_0 = 3.7856e-05
Loss = 2.3025e-02, PNorm = 133.7934, GNorm = 0.2680, lr_0 = 3.7689e-05
Loss = 2.3802e-02, PNorm = 133.7944, GNorm = 0.3392, lr_0 = 3.7522e-05
Validation rmse = 27.880536
Epoch 28
Loss = 1.8676e-02, PNorm = 133.7956, GNorm = 0.3559, lr_0 = 3.7356e-05
Loss = 2.1352e-02, PNorm = 133.7980, GNorm = 0.2720, lr_0 = 3.7191e-05
Loss = 2.2042e-02, PNorm = 133.8004, GNorm = 0.2567, lr_0 = 3.7026e-05
Loss = 2.1810e-02, PNorm = 133.8026, GNorm = 0.2638, lr_0 = 3.6862e-05
Loss = 2.0328e-02, PNorm = 133.8045, GNorm = 0.2591, lr_0 = 3.6699e-05
Loss = 2.1140e-02, PNorm = 133.8064, GNorm = 0.5185, lr_0 = 3.6537e-05
Loss = 1.7756e-02, PNorm = 133.8081, GNorm = 0.2946, lr_0 = 3.6375e-05
Loss = 1.8033e-02, PNorm = 133.8094, GNorm = 0.4047, lr_0 = 3.6214e-05
Loss = 2.3103e-02, PNorm = 133.8123, GNorm = 0.2932, lr_0 = 3.6054e-05
Loss = 2.4813e-02, PNorm = 133.8133, GNorm = 0.4052, lr_0 = 3.5894e-05
Loss = 2.3754e-02, PNorm = 133.8141, GNorm = 0.4126, lr_0 = 3.5736e-05
Loss = 2.3039e-02, PNorm = 133.8153, GNorm = 0.2713, lr_0 = 3.5578e-05
Loss = 2.3476e-02, PNorm = 133.8168, GNorm = 0.3388, lr_0 = 3.5420e-05
Loss = 2.3140e-02, PNorm = 133.8193, GNorm = 0.6240, lr_0 = 3.5263e-05
Loss = 1.8077e-02, PNorm = 133.8213, GNorm = 0.2401, lr_0 = 3.5107e-05
Loss = 2.2452e-02, PNorm = 133.8229, GNorm = 0.3715, lr_0 = 3.4952e-05
Loss = 2.5141e-02, PNorm = 133.8242, GNorm = 0.5816, lr_0 = 3.4798e-05
Loss = 2.3301e-02, PNorm = 133.8260, GNorm = 0.2299, lr_0 = 3.4644e-05
Loss = 2.6782e-02, PNorm = 133.8279, GNorm = 1.0781, lr_0 = 3.4490e-05
Loss = 2.3786e-02, PNorm = 133.8309, GNorm = 0.3142, lr_0 = 3.4338e-05
Loss = 2.0234e-02, PNorm = 133.8332, GNorm = 0.3601, lr_0 = 3.4186e-05
Loss = 2.1128e-02, PNorm = 133.8346, GNorm = 0.4656, lr_0 = 3.4035e-05
Loss = 1.8983e-02, PNorm = 133.8357, GNorm = 0.3542, lr_0 = 3.3884e-05
Loss = 2.0035e-02, PNorm = 133.8374, GNorm = 0.3903, lr_0 = 3.3734e-05
Validation rmse = 27.714422
Epoch 29
Loss = 2.0173e-02, PNorm = 133.8382, GNorm = 0.5995, lr_0 = 3.3585e-05
Loss = 2.1429e-02, PNorm = 133.8398, GNorm = 0.3336, lr_0 = 3.3436e-05
Loss = 2.1576e-02, PNorm = 133.8416, GNorm = 0.5410, lr_0 = 3.3288e-05
Loss = 2.1439e-02, PNorm = 133.8438, GNorm = 0.2568, lr_0 = 3.3141e-05
Loss = 1.9785e-02, PNorm = 133.8464, GNorm = 0.2822, lr_0 = 3.2994e-05
Loss = 1.8597e-02, PNorm = 133.8489, GNorm = 0.3142, lr_0 = 3.2849e-05
Loss = 2.1916e-02, PNorm = 133.8504, GNorm = 0.2998, lr_0 = 3.2703e-05
Loss = 1.8397e-02, PNorm = 133.8524, GNorm = 0.2137, lr_0 = 3.2559e-05
Loss = 2.0118e-02, PNorm = 133.8542, GNorm = 0.5865, lr_0 = 3.2414e-05
Loss = 2.3266e-02, PNorm = 133.8554, GNorm = 0.2560, lr_0 = 3.2271e-05
Loss = 1.9192e-02, PNorm = 133.8555, GNorm = 0.2935, lr_0 = 3.2128e-05
Loss = 1.7259e-02, PNorm = 133.8571, GNorm = 0.2706, lr_0 = 3.1986e-05
Loss = 2.1836e-02, PNorm = 133.8588, GNorm = 0.4465, lr_0 = 3.1845e-05
Loss = 2.1428e-02, PNorm = 133.8608, GNorm = 0.2847, lr_0 = 3.1704e-05
Loss = 2.5001e-02, PNorm = 133.8625, GNorm = 0.3170, lr_0 = 3.1563e-05
Loss = 2.1765e-02, PNorm = 133.8642, GNorm = 0.3082, lr_0 = 3.1424e-05
Loss = 2.2188e-02, PNorm = 133.8662, GNorm = 0.3787, lr_0 = 3.1285e-05
Loss = 2.1470e-02, PNorm = 133.8683, GNorm = 0.2969, lr_0 = 3.1146e-05
Loss = 1.9903e-02, PNorm = 133.8705, GNorm = 0.6397, lr_0 = 3.1009e-05
Loss = 2.4169e-02, PNorm = 133.8724, GNorm = 0.4133, lr_0 = 3.0871e-05
Loss = 1.8536e-02, PNorm = 133.8741, GNorm = 0.2408, lr_0 = 3.0735e-05
Loss = 2.4559e-02, PNorm = 133.8751, GNorm = 0.1938, lr_0 = 3.0599e-05
Loss = 2.1581e-02, PNorm = 133.8761, GNorm = 0.2352, lr_0 = 3.0464e-05
Loss = 2.6252e-02, PNorm = 133.8779, GNorm = 0.3923, lr_0 = 3.0329e-05
Validation rmse = 27.980259
Epoch 30
Loss = 2.6357e-02, PNorm = 133.8803, GNorm = 0.2622, lr_0 = 3.0181e-05
Loss = 2.0594e-02, PNorm = 133.8824, GNorm = 0.1558, lr_0 = 3.0048e-05
Loss = 2.0518e-02, PNorm = 133.8840, GNorm = 0.3463, lr_0 = 2.9915e-05
Loss = 1.9841e-02, PNorm = 133.8851, GNorm = 0.4218, lr_0 = 2.9782e-05
Loss = 2.0499e-02, PNorm = 133.8864, GNorm = 0.2218, lr_0 = 2.9651e-05
Loss = 1.7347e-02, PNorm = 133.8878, GNorm = 0.3349, lr_0 = 2.9519e-05
Loss = 1.8309e-02, PNorm = 133.8885, GNorm = 0.2744, lr_0 = 2.9389e-05
Loss = 2.0261e-02, PNorm = 133.8899, GNorm = 0.3410, lr_0 = 2.9259e-05
Loss = 2.7273e-02, PNorm = 133.8918, GNorm = 0.3554, lr_0 = 2.9129e-05
Loss = 2.0347e-02, PNorm = 133.8934, GNorm = 0.2526, lr_0 = 2.9001e-05
Loss = 2.2698e-02, PNorm = 133.8946, GNorm = 0.3321, lr_0 = 2.8872e-05
Loss = 1.9210e-02, PNorm = 133.8958, GNorm = 0.2525, lr_0 = 2.8744e-05
Loss = 1.9162e-02, PNorm = 133.8967, GNorm = 0.6129, lr_0 = 2.8617e-05
Loss = 1.8590e-02, PNorm = 133.8976, GNorm = 0.3370, lr_0 = 2.8491e-05
Loss = 2.0874e-02, PNorm = 133.8991, GNorm = 0.5171, lr_0 = 2.8365e-05
Loss = 1.8595e-02, PNorm = 133.9002, GNorm = 0.2582, lr_0 = 2.8239e-05
Loss = 1.8021e-02, PNorm = 133.9016, GNorm = 0.2740, lr_0 = 2.8114e-05
Loss = 2.0409e-02, PNorm = 133.9033, GNorm = 0.5434, lr_0 = 2.7990e-05
Loss = 2.1510e-02, PNorm = 133.9043, GNorm = 0.2674, lr_0 = 2.7866e-05
Loss = 2.0729e-02, PNorm = 133.9062, GNorm = 0.2779, lr_0 = 2.7743e-05
Loss = 1.9835e-02, PNorm = 133.9071, GNorm = 0.3051, lr_0 = 2.7620e-05
Loss = 1.7463e-02, PNorm = 133.9077, GNorm = 0.2664, lr_0 = 2.7498e-05
Loss = 2.4333e-02, PNorm = 133.9088, GNorm = 0.3919, lr_0 = 2.7376e-05
Loss = 1.9844e-02, PNorm = 133.9095, GNorm = 0.3618, lr_0 = 2.7255e-05
Validation rmse = 27.346633
Epoch 31
Loss = 1.9898e-02, PNorm = 133.9104, GNorm = 0.3409, lr_0 = 2.7134e-05
Loss = 1.9537e-02, PNorm = 133.9120, GNorm = 0.2929, lr_0 = 2.7014e-05
Loss = 1.8646e-02, PNorm = 133.9128, GNorm = 0.2692, lr_0 = 2.6895e-05
Loss = 1.8319e-02, PNorm = 133.9136, GNorm = 0.4564, lr_0 = 2.6776e-05
Loss = 1.8538e-02, PNorm = 133.9148, GNorm = 0.4658, lr_0 = 2.6657e-05
Loss = 2.3273e-02, PNorm = 133.9173, GNorm = 0.2732, lr_0 = 2.6540e-05
Loss = 1.7316e-02, PNorm = 133.9189, GNorm = 0.3261, lr_0 = 2.6422e-05
Loss = 1.8205e-02, PNorm = 133.9204, GNorm = 0.3634, lr_0 = 2.6305e-05
Loss = 2.5177e-02, PNorm = 133.9215, GNorm = 0.4564, lr_0 = 2.6189e-05
Loss = 1.9750e-02, PNorm = 133.9228, GNorm = 0.4164, lr_0 = 2.6073e-05
Loss = 2.1248e-02, PNorm = 133.9239, GNorm = 0.3409, lr_0 = 2.5958e-05
Loss = 2.3041e-02, PNorm = 133.9255, GNorm = 0.4631, lr_0 = 2.5843e-05
Loss = 2.1729e-02, PNorm = 133.9265, GNorm = 0.2562, lr_0 = 2.5728e-05
Loss = 1.8784e-02, PNorm = 133.9277, GNorm = 0.4104, lr_0 = 2.5615e-05
Loss = 2.1298e-02, PNorm = 133.9293, GNorm = 0.4027, lr_0 = 2.5501e-05
Loss = 2.1088e-02, PNorm = 133.9303, GNorm = 0.2934, lr_0 = 2.5389e-05
Loss = 2.0799e-02, PNorm = 133.9317, GNorm = 0.4406, lr_0 = 2.5276e-05
Loss = 2.2394e-02, PNorm = 133.9332, GNorm = 0.3317, lr_0 = 2.5164e-05
Loss = 1.8642e-02, PNorm = 133.9341, GNorm = 0.2660, lr_0 = 2.5053e-05
Loss = 1.8090e-02, PNorm = 133.9344, GNorm = 0.2830, lr_0 = 2.4942e-05
Loss = 1.9700e-02, PNorm = 133.9357, GNorm = 0.5111, lr_0 = 2.4832e-05
Loss = 1.9662e-02, PNorm = 133.9364, GNorm = 0.4187, lr_0 = 2.4722e-05
Loss = 2.3066e-02, PNorm = 133.9375, GNorm = 0.5645, lr_0 = 2.4613e-05
Loss = 1.9972e-02, PNorm = 133.9393, GNorm = 0.2029, lr_0 = 2.4504e-05
Validation rmse = 27.265013
Epoch 32
Loss = 2.0026e-02, PNorm = 133.9409, GNorm = 0.2713, lr_0 = 2.4395e-05
Loss = 1.7051e-02, PNorm = 133.9415, GNorm = 0.3586, lr_0 = 2.4287e-05
Loss = 1.9060e-02, PNorm = 133.9423, GNorm = 0.2199, lr_0 = 2.4180e-05
Loss = 1.9212e-02, PNorm = 133.9437, GNorm = 0.2466, lr_0 = 2.4073e-05
Loss = 2.3114e-02, PNorm = 133.9450, GNorm = 0.5813, lr_0 = 2.3967e-05
Loss = 2.0189e-02, PNorm = 133.9463, GNorm = 0.4522, lr_0 = 2.3860e-05
Loss = 1.8069e-02, PNorm = 133.9480, GNorm = 0.4217, lr_0 = 2.3755e-05
Loss = 1.9595e-02, PNorm = 133.9494, GNorm = 0.3940, lr_0 = 2.3650e-05
Loss = 1.7843e-02, PNorm = 133.9506, GNorm = 0.1928, lr_0 = 2.3545e-05
Loss = 1.7661e-02, PNorm = 133.9515, GNorm = 0.2438, lr_0 = 2.3441e-05
Loss = 1.8486e-02, PNorm = 133.9529, GNorm = 0.2613, lr_0 = 2.3337e-05
Loss = 1.8580e-02, PNorm = 133.9543, GNorm = 0.1790, lr_0 = 2.3234e-05
Loss = 2.0707e-02, PNorm = 133.9558, GNorm = 0.2697, lr_0 = 2.3131e-05
Loss = 1.7970e-02, PNorm = 133.9567, GNorm = 0.3222, lr_0 = 2.3029e-05
Loss = 1.9882e-02, PNorm = 133.9577, GNorm = 0.3135, lr_0 = 2.2927e-05
Loss = 1.6710e-02, PNorm = 133.9593, GNorm = 0.2552, lr_0 = 2.2826e-05
Loss = 2.2170e-02, PNorm = 133.9603, GNorm = 0.4041, lr_0 = 2.2725e-05
Loss = 1.9153e-02, PNorm = 133.9615, GNorm = 0.2319, lr_0 = 2.2624e-05
Loss = 2.1931e-02, PNorm = 133.9632, GNorm = 0.5753, lr_0 = 2.2524e-05
Loss = 2.1725e-02, PNorm = 133.9648, GNorm = 0.3523, lr_0 = 2.2424e-05
Loss = 1.7925e-02, PNorm = 133.9660, GNorm = 0.3330, lr_0 = 2.2325e-05
Loss = 1.9765e-02, PNorm = 133.9666, GNorm = 0.2535, lr_0 = 2.2226e-05
Loss = 2.3206e-02, PNorm = 133.9669, GNorm = 0.2720, lr_0 = 2.2128e-05
Loss = 2.3876e-02, PNorm = 133.9676, GNorm = 0.2266, lr_0 = 2.2030e-05
Validation rmse = 27.460419
Epoch 33
Loss = 1.7583e-02, PNorm = 133.9688, GNorm = 0.3842, lr_0 = 2.1933e-05
Loss = 1.7592e-02, PNorm = 133.9691, GNorm = 0.2925, lr_0 = 2.1836e-05
Loss = 1.6798e-02, PNorm = 133.9697, GNorm = 0.2103, lr_0 = 2.1739e-05
Loss = 1.7877e-02, PNorm = 133.9704, GNorm = 0.3491, lr_0 = 2.1643e-05
Loss = 1.9393e-02, PNorm = 133.9712, GNorm = 0.2463, lr_0 = 2.1547e-05
Loss = 1.7362e-02, PNorm = 133.9722, GNorm = 0.3674, lr_0 = 2.1452e-05
Loss = 2.1882e-02, PNorm = 133.9736, GNorm = 0.3125, lr_0 = 2.1357e-05
Loss = 2.0365e-02, PNorm = 133.9746, GNorm = 0.2080, lr_0 = 2.1262e-05
Loss = 1.8601e-02, PNorm = 133.9755, GNorm = 0.2370, lr_0 = 2.1168e-05
Loss = 2.0708e-02, PNorm = 133.9766, GNorm = 0.1996, lr_0 = 2.1075e-05
Loss = 2.2737e-02, PNorm = 133.9779, GNorm = 0.2305, lr_0 = 2.0981e-05
Loss = 1.8808e-02, PNorm = 133.9790, GNorm = 0.2197, lr_0 = 2.0889e-05
Loss = 1.8583e-02, PNorm = 133.9799, GNorm = 0.5252, lr_0 = 2.0796e-05
Loss = 2.0785e-02, PNorm = 133.9811, GNorm = 0.2479, lr_0 = 2.0704e-05
Loss = 1.8730e-02, PNorm = 133.9820, GNorm = 0.2688, lr_0 = 2.0613e-05
Loss = 1.8931e-02, PNorm = 133.9829, GNorm = 0.3512, lr_0 = 2.0521e-05
Loss = 1.6719e-02, PNorm = 133.9831, GNorm = 0.2510, lr_0 = 2.0431e-05
Loss = 1.9738e-02, PNorm = 133.9838, GNorm = 0.2788, lr_0 = 2.0340e-05
Loss = 1.7840e-02, PNorm = 133.9848, GNorm = 0.3037, lr_0 = 2.0250e-05
Loss = 2.2022e-02, PNorm = 133.9861, GNorm = 0.3157, lr_0 = 2.0161e-05
Loss = 1.6937e-02, PNorm = 133.9873, GNorm = 0.3353, lr_0 = 2.0072e-05
Loss = 2.0549e-02, PNorm = 133.9880, GNorm = 0.3244, lr_0 = 1.9983e-05
Loss = 1.7830e-02, PNorm = 133.9892, GNorm = 0.2033, lr_0 = 1.9894e-05
Loss = 1.5915e-02, PNorm = 133.9904, GNorm = 0.2315, lr_0 = 1.9806e-05
Validation rmse = 27.360830
Epoch 34
Loss = 1.6316e-02, PNorm = 133.9914, GNorm = 0.2016, lr_0 = 1.9710e-05
Loss = 1.9332e-02, PNorm = 133.9922, GNorm = 0.1855, lr_0 = 1.9623e-05
Loss = 1.7939e-02, PNorm = 133.9933, GNorm = 0.4501, lr_0 = 1.9536e-05
Loss = 1.7445e-02, PNorm = 133.9941, GNorm = 0.2703, lr_0 = 1.9449e-05
Loss = 1.8346e-02, PNorm = 133.9947, GNorm = 0.3844, lr_0 = 1.9363e-05
Loss = 2.0585e-02, PNorm = 133.9954, GNorm = 0.2776, lr_0 = 1.9278e-05
Loss = 2.0576e-02, PNorm = 133.9962, GNorm = 0.3524, lr_0 = 1.9193e-05
Loss = 1.5602e-02, PNorm = 133.9975, GNorm = 0.2628, lr_0 = 1.9108e-05
Loss = 1.9676e-02, PNorm = 133.9986, GNorm = 0.5571, lr_0 = 1.9023e-05
Loss = 1.9841e-02, PNorm = 133.9997, GNorm = 0.4495, lr_0 = 1.8939e-05
Loss = 2.0656e-02, PNorm = 134.0002, GNorm = 0.3939, lr_0 = 1.8855e-05
Loss = 1.8206e-02, PNorm = 134.0008, GNorm = 0.2712, lr_0 = 1.8772e-05
Loss = 1.8488e-02, PNorm = 134.0014, GNorm = 0.2795, lr_0 = 1.8689e-05
Loss = 2.1624e-02, PNorm = 134.0023, GNorm = 0.5634, lr_0 = 1.8606e-05
Loss = 2.1200e-02, PNorm = 134.0030, GNorm = 0.4258, lr_0 = 1.8524e-05
Loss = 1.8731e-02, PNorm = 134.0039, GNorm = 0.3461, lr_0 = 1.8442e-05
Loss = 1.7749e-02, PNorm = 134.0050, GNorm = 0.2907, lr_0 = 1.8360e-05
Loss = 1.8996e-02, PNorm = 134.0058, GNorm = 0.3997, lr_0 = 1.8279e-05
Loss = 1.9057e-02, PNorm = 134.0068, GNorm = 0.2210, lr_0 = 1.8198e-05
Loss = 1.7742e-02, PNorm = 134.0081, GNorm = 0.2806, lr_0 = 1.8118e-05
Loss = 1.6773e-02, PNorm = 134.0086, GNorm = 0.2728, lr_0 = 1.8037e-05
Loss = 1.9274e-02, PNorm = 134.0096, GNorm = 0.2192, lr_0 = 1.7958e-05
Loss = 1.7455e-02, PNorm = 134.0105, GNorm = 0.2304, lr_0 = 1.7878e-05
Loss = 1.8535e-02, PNorm = 134.0112, GNorm = 0.3041, lr_0 = 1.7799e-05
Validation rmse = 27.194265
Epoch 35
Loss = 2.1320e-02, PNorm = 134.0122, GNorm = 0.5324, lr_0 = 1.7720e-05
Loss = 1.7132e-02, PNorm = 134.0129, GNorm = 0.2889, lr_0 = 1.7642e-05
Loss = 1.6563e-02, PNorm = 134.0137, GNorm = 0.2817, lr_0 = 1.7564e-05
Loss = 1.7744e-02, PNorm = 134.0144, GNorm = 0.4012, lr_0 = 1.7486e-05
Loss = 1.7850e-02, PNorm = 134.0148, GNorm = 0.3193, lr_0 = 1.7409e-05
Loss = 1.9364e-02, PNorm = 134.0153, GNorm = 0.4450, lr_0 = 1.7332e-05
Loss = 2.0678e-02, PNorm = 134.0162, GNorm = 0.3300, lr_0 = 1.7255e-05
Loss = 1.9874e-02, PNorm = 134.0170, GNorm = 0.3304, lr_0 = 1.7179e-05
Loss = 1.6648e-02, PNorm = 134.0180, GNorm = 0.4323, lr_0 = 1.7103e-05
Loss = 1.7084e-02, PNorm = 134.0188, GNorm = 0.3238, lr_0 = 1.7027e-05
Loss = 1.7622e-02, PNorm = 134.0190, GNorm = 0.5152, lr_0 = 1.6952e-05
Loss = 2.1093e-02, PNorm = 134.0197, GNorm = 0.5919, lr_0 = 1.6877e-05
Loss = 1.7558e-02, PNorm = 134.0201, GNorm = 0.2945, lr_0 = 1.6802e-05
Loss = 1.7597e-02, PNorm = 134.0208, GNorm = 0.2298, lr_0 = 1.6728e-05
Loss = 1.6562e-02, PNorm = 134.0219, GNorm = 0.2698, lr_0 = 1.6654e-05
Loss = 1.8873e-02, PNorm = 134.0228, GNorm = 0.2392, lr_0 = 1.6580e-05
Loss = 2.0173e-02, PNorm = 134.0235, GNorm = 0.2520, lr_0 = 1.6507e-05
Loss = 1.7217e-02, PNorm = 134.0244, GNorm = 0.2035, lr_0 = 1.6434e-05
Loss = 1.9516e-02, PNorm = 134.0253, GNorm = 0.3798, lr_0 = 1.6361e-05
Loss = 1.6782e-02, PNorm = 134.0260, GNorm = 0.5261, lr_0 = 1.6289e-05
Loss = 1.7761e-02, PNorm = 134.0272, GNorm = 0.2743, lr_0 = 1.6217e-05
Loss = 1.8269e-02, PNorm = 134.0280, GNorm = 0.2305, lr_0 = 1.6145e-05
Loss = 1.5960e-02, PNorm = 134.0285, GNorm = 0.2866, lr_0 = 1.6073e-05
Loss = 1.7748e-02, PNorm = 134.0291, GNorm = 0.2992, lr_0 = 1.6002e-05
Validation rmse = 27.131433
Epoch 36
Loss = 1.9732e-02, PNorm = 134.0299, GNorm = 0.4441, lr_0 = 1.5931e-05
Loss = 1.9166e-02, PNorm = 134.0306, GNorm = 0.5845, lr_0 = 1.5861e-05
Loss = 1.7975e-02, PNorm = 134.0318, GNorm = 0.2958, lr_0 = 1.5791e-05
Loss = 2.1196e-02, PNorm = 134.0328, GNorm = 0.3502, lr_0 = 1.5721e-05
Loss = 1.8386e-02, PNorm = 134.0339, GNorm = 0.6109, lr_0 = 1.5651e-05
Loss = 1.5929e-02, PNorm = 134.0345, GNorm = 0.2165, lr_0 = 1.5582e-05
Loss = 2.2692e-02, PNorm = 134.0347, GNorm = 0.3870, lr_0 = 1.5513e-05
Loss = 1.9876e-02, PNorm = 134.0347, GNorm = 0.4393, lr_0 = 1.5445e-05
Loss = 1.9605e-02, PNorm = 134.0351, GNorm = 0.2412, lr_0 = 1.5376e-05
Loss = 2.2503e-02, PNorm = 134.0360, GNorm = 0.2460, lr_0 = 1.5308e-05
Loss = 1.7043e-02, PNorm = 134.0365, GNorm = 0.2468, lr_0 = 1.5241e-05
Loss = 1.6587e-02, PNorm = 134.0371, GNorm = 0.1942, lr_0 = 1.5173e-05
Loss = 2.0283e-02, PNorm = 134.0383, GNorm = 0.3067, lr_0 = 1.5106e-05
Loss = 1.6127e-02, PNorm = 134.0394, GNorm = 0.3250, lr_0 = 1.5039e-05
Loss = 1.5578e-02, PNorm = 134.0401, GNorm = 0.2490, lr_0 = 1.4973e-05
Loss = 1.8705e-02, PNorm = 134.0409, GNorm = 0.5139, lr_0 = 1.4906e-05
Loss = 1.6763e-02, PNorm = 134.0412, GNorm = 0.3247, lr_0 = 1.4840e-05
Loss = 1.8675e-02, PNorm = 134.0415, GNorm = 0.2624, lr_0 = 1.4775e-05
Loss = 1.6924e-02, PNorm = 134.0419, GNorm = 0.1774, lr_0 = 1.4709e-05
Loss = 1.5163e-02, PNorm = 134.0427, GNorm = 0.3175, lr_0 = 1.4644e-05
Loss = 2.1163e-02, PNorm = 134.0438, GNorm = 0.3647, lr_0 = 1.4580e-05
Loss = 1.7695e-02, PNorm = 134.0444, GNorm = 0.2555, lr_0 = 1.4515e-05
Loss = 1.6073e-02, PNorm = 134.0452, GNorm = 0.2023, lr_0 = 1.4451e-05
Loss = 1.8068e-02, PNorm = 134.0458, GNorm = 0.3527, lr_0 = 1.4387e-05
Validation rmse = 27.023292
Epoch 37
Loss = 1.3691e-02, PNorm = 134.0463, GNorm = 0.3144, lr_0 = 1.4323e-05
Loss = 1.6266e-02, PNorm = 134.0472, GNorm = 0.3689, lr_0 = 1.4260e-05
Loss = 1.9569e-02, PNorm = 134.0479, GNorm = 0.3264, lr_0 = 1.4197e-05
Loss = 1.8227e-02, PNorm = 134.0485, GNorm = 0.5263, lr_0 = 1.4134e-05
Loss = 1.6190e-02, PNorm = 134.0489, GNorm = 0.2192, lr_0 = 1.4071e-05
Loss = 1.7167e-02, PNorm = 134.0495, GNorm = 0.2268, lr_0 = 1.4009e-05
Loss = 1.8500e-02, PNorm = 134.0501, GNorm = 0.2508, lr_0 = 1.3947e-05
Loss = 1.9699e-02, PNorm = 134.0506, GNorm = 0.3529, lr_0 = 1.3886e-05
Loss = 1.8718e-02, PNorm = 134.0511, GNorm = 0.3047, lr_0 = 1.3824e-05
Loss = 1.9930e-02, PNorm = 134.0515, GNorm = 0.5521, lr_0 = 1.3763e-05
Loss = 1.6192e-02, PNorm = 134.0523, GNorm = 0.1593, lr_0 = 1.3702e-05
Loss = 1.6517e-02, PNorm = 134.0532, GNorm = 0.3395, lr_0 = 1.3641e-05
Loss = 1.9419e-02, PNorm = 134.0539, GNorm = 0.2239, lr_0 = 1.3581e-05
Loss = 1.6466e-02, PNorm = 134.0546, GNorm = 0.2245, lr_0 = 1.3521e-05
Loss = 1.8119e-02, PNorm = 134.0552, GNorm = 0.2513, lr_0 = 1.3461e-05
Loss = 1.9773e-02, PNorm = 134.0558, GNorm = 0.2292, lr_0 = 1.3402e-05
Loss = 1.6978e-02, PNorm = 134.0561, GNorm = 0.3842, lr_0 = 1.3342e-05
Loss = 1.7107e-02, PNorm = 134.0564, GNorm = 0.2861, lr_0 = 1.3283e-05
Loss = 1.7939e-02, PNorm = 134.0568, GNorm = 0.1665, lr_0 = 1.3225e-05
Loss = 1.8037e-02, PNorm = 134.0573, GNorm = 0.2813, lr_0 = 1.3166e-05
Loss = 1.8867e-02, PNorm = 134.0578, GNorm = 0.2742, lr_0 = 1.3108e-05
Loss = 1.5793e-02, PNorm = 134.0584, GNorm = 0.2607, lr_0 = 1.3050e-05
Loss = 1.9833e-02, PNorm = 134.0589, GNorm = 0.3217, lr_0 = 1.2992e-05
Loss = 1.5098e-02, PNorm = 134.0592, GNorm = 0.2436, lr_0 = 1.2935e-05
Validation rmse = 27.166073
Epoch 38
Loss = 8.1602e-03, PNorm = 134.0597, GNorm = 0.2114, lr_0 = 1.2877e-05
Loss = 1.7931e-02, PNorm = 134.0603, GNorm = 0.2557, lr_0 = 1.2820e-05
Loss = 1.5115e-02, PNorm = 134.0614, GNorm = 0.2900, lr_0 = 1.2764e-05
Loss = 1.6187e-02, PNorm = 134.0622, GNorm = 0.2890, lr_0 = 1.2707e-05
Loss = 1.9008e-02, PNorm = 134.0624, GNorm = 0.4268, lr_0 = 1.2651e-05
Loss = 1.8926e-02, PNorm = 134.0627, GNorm = 0.3398, lr_0 = 1.2595e-05
Loss = 1.9069e-02, PNorm = 134.0629, GNorm = 0.2738, lr_0 = 1.2539e-05
Loss = 1.6308e-02, PNorm = 134.0631, GNorm = 0.1998, lr_0 = 1.2484e-05
Loss = 1.9051e-02, PNorm = 134.0640, GNorm = 0.2791, lr_0 = 1.2429e-05
Loss = 1.6370e-02, PNorm = 134.0644, GNorm = 0.2774, lr_0 = 1.2374e-05
Loss = 1.7744e-02, PNorm = 134.0651, GNorm = 0.3476, lr_0 = 1.2319e-05
Loss = 1.5186e-02, PNorm = 134.0658, GNorm = 0.2750, lr_0 = 1.2264e-05
Loss = 1.7232e-02, PNorm = 134.0663, GNorm = 0.3749, lr_0 = 1.2210e-05
Loss = 1.5727e-02, PNorm = 134.0667, GNorm = 0.3170, lr_0 = 1.2156e-05
Loss = 2.1515e-02, PNorm = 134.0673, GNorm = 0.2932, lr_0 = 1.2102e-05
Loss = 1.8781e-02, PNorm = 134.0679, GNorm = 0.2636, lr_0 = 1.2049e-05
Loss = 1.9679e-02, PNorm = 134.0684, GNorm = 0.2708, lr_0 = 1.1995e-05
Loss = 1.4617e-02, PNorm = 134.0690, GNorm = 0.2786, lr_0 = 1.1942e-05
Loss = 1.8321e-02, PNorm = 134.0697, GNorm = 0.2139, lr_0 = 1.1890e-05
Loss = 1.7098e-02, PNorm = 134.0707, GNorm = 0.2592, lr_0 = 1.1837e-05
Loss = 1.8115e-02, PNorm = 134.0714, GNorm = 0.2971, lr_0 = 1.1785e-05
Loss = 2.1869e-02, PNorm = 134.0721, GNorm = 0.2102, lr_0 = 1.1732e-05
Loss = 1.8667e-02, PNorm = 134.0724, GNorm = 0.4617, lr_0 = 1.1681e-05
Loss = 1.7762e-02, PNorm = 134.0724, GNorm = 0.2020, lr_0 = 1.1629e-05
Validation rmse = 26.951273
Epoch 39
Loss = 2.3707e-02, PNorm = 134.0727, GNorm = 0.3183, lr_0 = 1.1572e-05
Loss = 1.8046e-02, PNorm = 134.0731, GNorm = 0.2193, lr_0 = 1.1521e-05
Loss = 1.6961e-02, PNorm = 134.0736, GNorm = 0.2743, lr_0 = 1.1470e-05
Loss = 1.6180e-02, PNorm = 134.0740, GNorm = 0.2060, lr_0 = 1.1419e-05
Loss = 1.4983e-02, PNorm = 134.0744, GNorm = 0.3018, lr_0 = 1.1369e-05
Loss = 1.7793e-02, PNorm = 134.0749, GNorm = 0.2946, lr_0 = 1.1319e-05
Loss = 1.4301e-02, PNorm = 134.0754, GNorm = 0.2559, lr_0 = 1.1268e-05
Loss = 1.9263e-02, PNorm = 134.0757, GNorm = 0.3480, lr_0 = 1.1219e-05
Loss = 1.8164e-02, PNorm = 134.0760, GNorm = 0.2399, lr_0 = 1.1169e-05
Loss = 1.8757e-02, PNorm = 134.0766, GNorm = 0.3112, lr_0 = 1.1120e-05
Loss = 1.8308e-02, PNorm = 134.0770, GNorm = 0.2820, lr_0 = 1.1070e-05
Loss = 1.5922e-02, PNorm = 134.0774, GNorm = 0.2652, lr_0 = 1.1021e-05
Loss = 1.9203e-02, PNorm = 134.0779, GNorm = 0.2788, lr_0 = 1.0973e-05
Loss = 1.6721e-02, PNorm = 134.0785, GNorm = 0.3665, lr_0 = 1.0924e-05
Loss = 2.2246e-02, PNorm = 134.0794, GNorm = 0.3908, lr_0 = 1.0876e-05
Loss = 1.9239e-02, PNorm = 134.0801, GNorm = 0.6118, lr_0 = 1.0828e-05
Loss = 1.6895e-02, PNorm = 134.0807, GNorm = 0.1959, lr_0 = 1.0780e-05
Loss = 1.7332e-02, PNorm = 134.0811, GNorm = 0.6252, lr_0 = 1.0732e-05
Loss = 1.5065e-02, PNorm = 134.0815, GNorm = 0.2241, lr_0 = 1.0685e-05
Loss = 1.7985e-02, PNorm = 134.0819, GNorm = 0.2606, lr_0 = 1.0637e-05
Loss = 1.7823e-02, PNorm = 134.0823, GNorm = 0.3525, lr_0 = 1.0590e-05
Loss = 1.5526e-02, PNorm = 134.0830, GNorm = 0.2043, lr_0 = 1.0543e-05
Loss = 1.6382e-02, PNorm = 134.0836, GNorm = 0.1631, lr_0 = 1.0497e-05
Loss = 1.8487e-02, PNorm = 134.0839, GNorm = 0.3951, lr_0 = 1.0450e-05
Loss = 1.8682e-02, PNorm = 134.0841, GNorm = 0.2535, lr_0 = 1.0404e-05
Validation rmse = 27.246726
Epoch 40
Loss = 1.5538e-02, PNorm = 134.0847, GNorm = 0.2520, lr_0 = 1.0358e-05
Loss = 1.7317e-02, PNorm = 134.0850, GNorm = 0.1901, lr_0 = 1.0312e-05
Loss = 1.8402e-02, PNorm = 134.0854, GNorm = 0.3627, lr_0 = 1.0267e-05
Loss = 1.5681e-02, PNorm = 134.0859, GNorm = 0.3034, lr_0 = 1.0221e-05
Loss = 1.8839e-02, PNorm = 134.0864, GNorm = 0.3305, lr_0 = 1.0176e-05
Loss = 1.4034e-02, PNorm = 134.0867, GNorm = 0.1786, lr_0 = 1.0131e-05
Loss = 1.8172e-02, PNorm = 134.0873, GNorm = 0.3479, lr_0 = 1.0086e-05
Loss = 1.6531e-02, PNorm = 134.0876, GNorm = 0.3179, lr_0 = 1.0042e-05
Loss = 1.5573e-02, PNorm = 134.0881, GNorm = 0.3577, lr_0 = 9.9971e-06
Loss = 1.8044e-02, PNorm = 134.0884, GNorm = 0.2406, lr_0 = 9.9529e-06
Loss = 1.9347e-02, PNorm = 134.0887, GNorm = 0.3203, lr_0 = 9.9088e-06
Loss = 1.5653e-02, PNorm = 134.0893, GNorm = 0.2273, lr_0 = 9.8650e-06
Loss = 1.7938e-02, PNorm = 134.0899, GNorm = 0.2687, lr_0 = 9.8214e-06
Loss = 1.7103e-02, PNorm = 134.0903, GNorm = 0.2546, lr_0 = 9.7779e-06
Loss = 1.7439e-02, PNorm = 134.0909, GNorm = 0.3527, lr_0 = 9.7347e-06
Loss = 1.8420e-02, PNorm = 134.0912, GNorm = 0.4007, lr_0 = 9.6916e-06
Loss = 1.5629e-02, PNorm = 134.0918, GNorm = 0.2594, lr_0 = 9.6487e-06
Loss = 1.9120e-02, PNorm = 134.0923, GNorm = 0.2391, lr_0 = 9.6060e-06
Loss = 1.6463e-02, PNorm = 134.0926, GNorm = 0.2665, lr_0 = 9.5635e-06
Loss = 2.0492e-02, PNorm = 134.0931, GNorm = 0.3508, lr_0 = 9.5212e-06
Loss = 1.5990e-02, PNorm = 134.0936, GNorm = 0.2065, lr_0 = 9.4791e-06
Loss = 1.8755e-02, PNorm = 134.0942, GNorm = 0.3139, lr_0 = 9.4372e-06
Loss = 1.8199e-02, PNorm = 134.0947, GNorm = 0.2764, lr_0 = 9.3954e-06
Loss = 1.5969e-02, PNorm = 134.0952, GNorm = 0.3498, lr_0 = 9.3538e-06
Validation rmse = 27.179640
Epoch 41
Loss = 1.8971e-02, PNorm = 134.0958, GNorm = 0.2871, lr_0 = 9.3125e-06
Loss = 1.7036e-02, PNorm = 134.0963, GNorm = 0.2801, lr_0 = 9.2713e-06
Loss = 1.7338e-02, PNorm = 134.0967, GNorm = 0.3015, lr_0 = 9.2302e-06
Loss = 1.3866e-02, PNorm = 134.0970, GNorm = 0.2190, lr_0 = 9.1894e-06
Loss = 1.6326e-02, PNorm = 134.0973, GNorm = 0.1989, lr_0 = 9.1488e-06
Loss = 1.7497e-02, PNorm = 134.0975, GNorm = 0.2871, lr_0 = 9.1083e-06
Loss = 1.7557e-02, PNorm = 134.0976, GNorm = 0.2208, lr_0 = 9.0680e-06
Loss = 1.7162e-02, PNorm = 134.0981, GNorm = 0.2891, lr_0 = 9.0279e-06
Loss = 1.7405e-02, PNorm = 134.0986, GNorm = 0.2165, lr_0 = 8.9879e-06
Loss = 1.8156e-02, PNorm = 134.0989, GNorm = 0.2280, lr_0 = 8.9482e-06
Loss = 1.5781e-02, PNorm = 134.0993, GNorm = 0.2381, lr_0 = 8.9086e-06
Loss = 1.6110e-02, PNorm = 134.0999, GNorm = 0.2387, lr_0 = 8.8692e-06
Loss = 1.4877e-02, PNorm = 134.1001, GNorm = 0.2859, lr_0 = 8.8299e-06
Loss = 1.3169e-02, PNorm = 134.1006, GNorm = 0.3046, lr_0 = 8.7909e-06
Loss = 1.9178e-02, PNorm = 134.1011, GNorm = 0.3477, lr_0 = 8.7520e-06
Loss = 2.0587e-02, PNorm = 134.1018, GNorm = 0.2683, lr_0 = 8.7133e-06
Loss = 1.9497e-02, PNorm = 134.1024, GNorm = 0.3382, lr_0 = 8.6747e-06
Loss = 1.5050e-02, PNorm = 134.1027, GNorm = 0.3278, lr_0 = 8.6363e-06
Loss = 1.6597e-02, PNorm = 134.1029, GNorm = 0.1927, lr_0 = 8.5981e-06
Loss = 1.9389e-02, PNorm = 134.1030, GNorm = 0.2720, lr_0 = 8.5601e-06
Loss = 2.3399e-02, PNorm = 134.1036, GNorm = 0.2994, lr_0 = 8.5222e-06
Loss = 1.7731e-02, PNorm = 134.1041, GNorm = 0.2406, lr_0 = 8.4845e-06
Loss = 1.4326e-02, PNorm = 134.1044, GNorm = 0.3748, lr_0 = 8.4470e-06
Loss = 1.7967e-02, PNorm = 134.1046, GNorm = 0.3376, lr_0 = 8.4096e-06
Validation rmse = 27.229668
Epoch 42
Loss = 2.0301e-02, PNorm = 134.1051, GNorm = 0.2059, lr_0 = 8.3724e-06
Loss = 1.8483e-02, PNorm = 134.1057, GNorm = 0.2509, lr_0 = 8.3354e-06
Loss = 1.6071e-02, PNorm = 134.1060, GNorm = 0.1838, lr_0 = 8.2985e-06
Loss = 1.4841e-02, PNorm = 134.1061, GNorm = 0.2374, lr_0 = 8.2618e-06
Loss = 1.7161e-02, PNorm = 134.1066, GNorm = 0.4364, lr_0 = 8.2252e-06
Loss = 1.6090e-02, PNorm = 134.1070, GNorm = 0.3030, lr_0 = 8.1888e-06
Loss = 1.9034e-02, PNorm = 134.1073, GNorm = 0.3111, lr_0 = 8.1526e-06
Loss = 1.9830e-02, PNorm = 134.1077, GNorm = 0.3254, lr_0 = 8.1165e-06
Loss = 1.8931e-02, PNorm = 134.1081, GNorm = 0.3497, lr_0 = 8.0806e-06
Loss = 1.5288e-02, PNorm = 134.1085, GNorm = 0.2656, lr_0 = 8.0449e-06
Loss = 1.7004e-02, PNorm = 134.1088, GNorm = 0.2688, lr_0 = 8.0093e-06
Loss = 1.5794e-02, PNorm = 134.1092, GNorm = 0.1853, lr_0 = 7.9738e-06
Loss = 1.6225e-02, PNorm = 134.1097, GNorm = 0.2684, lr_0 = 7.9386e-06
Loss = 1.5918e-02, PNorm = 134.1100, GNorm = 0.3425, lr_0 = 7.9035e-06
Loss = 1.7387e-02, PNorm = 134.1102, GNorm = 0.3003, lr_0 = 7.8685e-06
Loss = 1.6918e-02, PNorm = 134.1104, GNorm = 0.3170, lr_0 = 7.8337e-06
Loss = 1.5937e-02, PNorm = 134.1108, GNorm = 0.2968, lr_0 = 7.7990e-06
Loss = 1.6064e-02, PNorm = 134.1111, GNorm = 0.2281, lr_0 = 7.7645e-06
Loss = 1.5851e-02, PNorm = 134.1117, GNorm = 0.2019, lr_0 = 7.7302e-06
Loss = 1.7669e-02, PNorm = 134.1123, GNorm = 0.2757, lr_0 = 7.6960e-06
Loss = 1.8339e-02, PNorm = 134.1126, GNorm = 0.3014, lr_0 = 7.6619e-06
Loss = 1.9716e-02, PNorm = 134.1129, GNorm = 0.1784, lr_0 = 7.6280e-06
Loss = 1.6697e-02, PNorm = 134.1134, GNorm = 0.2584, lr_0 = 7.5943e-06
Loss = 1.5965e-02, PNorm = 134.1136, GNorm = 0.2478, lr_0 = 7.5607e-06
Validation rmse = 27.249912
Epoch 43
Loss = 1.6917e-02, PNorm = 134.1138, GNorm = 0.3932, lr_0 = 7.5239e-06
Loss = 1.6603e-02, PNorm = 134.1142, GNorm = 0.2620, lr_0 = 7.4906e-06
Loss = 1.7177e-02, PNorm = 134.1144, GNorm = 0.3220, lr_0 = 7.4575e-06
Loss = 1.5443e-02, PNorm = 134.1146, GNorm = 0.2351, lr_0 = 7.4245e-06
Loss = 2.0514e-02, PNorm = 134.1148, GNorm = 0.3461, lr_0 = 7.3916e-06
Loss = 1.6629e-02, PNorm = 134.1151, GNorm = 0.3156, lr_0 = 7.3589e-06
Loss = 1.4848e-02, PNorm = 134.1157, GNorm = 0.2638, lr_0 = 7.3264e-06
Loss = 1.4990e-02, PNorm = 134.1161, GNorm = 0.2942, lr_0 = 7.2940e-06
Loss = 1.5848e-02, PNorm = 134.1163, GNorm = 0.2354, lr_0 = 7.2617e-06
Loss = 1.5741e-02, PNorm = 134.1165, GNorm = 0.2415, lr_0 = 7.2296e-06
Loss = 1.4285e-02, PNorm = 134.1166, GNorm = 0.2414, lr_0 = 7.1976e-06
Loss = 2.0662e-02, PNorm = 134.1170, GNorm = 0.2542, lr_0 = 7.1657e-06
Loss = 1.5959e-02, PNorm = 134.1174, GNorm = 0.3197, lr_0 = 7.1340e-06
Loss = 1.7687e-02, PNorm = 134.1177, GNorm = 0.2656, lr_0 = 7.1025e-06
Loss = 1.7777e-02, PNorm = 134.1182, GNorm = 0.2634, lr_0 = 7.0711e-06
Loss = 1.5473e-02, PNorm = 134.1185, GNorm = 0.2534, lr_0 = 7.0398e-06
Loss = 1.8182e-02, PNorm = 134.1189, GNorm = 0.2022, lr_0 = 7.0086e-06
Loss = 1.7712e-02, PNorm = 134.1194, GNorm = 0.3227, lr_0 = 6.9776e-06
Loss = 1.5352e-02, PNorm = 134.1197, GNorm = 0.3688, lr_0 = 6.9467e-06
Loss = 1.5972e-02, PNorm = 134.1201, GNorm = 0.3185, lr_0 = 6.9160e-06
Loss = 1.9272e-02, PNorm = 134.1204, GNorm = 0.2166, lr_0 = 6.8854e-06
Loss = 1.8491e-02, PNorm = 134.1207, GNorm = 0.2099, lr_0 = 6.8550e-06
Loss = 1.5116e-02, PNorm = 134.1211, GNorm = 0.2410, lr_0 = 6.8246e-06
Loss = 1.6427e-02, PNorm = 134.1212, GNorm = 0.1792, lr_0 = 6.7944e-06
Validation rmse = 27.214049
Epoch 44
Loss = 1.7381e-02, PNorm = 134.1215, GNorm = 0.3775, lr_0 = 6.7644e-06
Loss = 1.7642e-02, PNorm = 134.1218, GNorm = 0.2342, lr_0 = 6.7345e-06
Loss = 1.5888e-02, PNorm = 134.1222, GNorm = 0.2549, lr_0 = 6.7047e-06
Loss = 1.7905e-02, PNorm = 134.1225, GNorm = 0.2166, lr_0 = 6.6750e-06
Loss = 1.8904e-02, PNorm = 134.1228, GNorm = 0.3077, lr_0 = 6.6455e-06
Loss = 1.6265e-02, PNorm = 134.1231, GNorm = 0.2367, lr_0 = 6.6161e-06
Loss = 2.0587e-02, PNorm = 134.1233, GNorm = 0.2698, lr_0 = 6.5868e-06
Loss = 1.4920e-02, PNorm = 134.1235, GNorm = 0.2633, lr_0 = 6.5577e-06
Loss = 1.5604e-02, PNorm = 134.1237, GNorm = 0.2376, lr_0 = 6.5286e-06
Loss = 1.7539e-02, PNorm = 134.1241, GNorm = 0.2087, lr_0 = 6.4998e-06
Loss = 1.6788e-02, PNorm = 134.1243, GNorm = 0.3054, lr_0 = 6.4710e-06
Loss = 1.7909e-02, PNorm = 134.1247, GNorm = 0.2731, lr_0 = 6.4424e-06
Loss = 1.7385e-02, PNorm = 134.1248, GNorm = 0.2442, lr_0 = 6.4139e-06
Loss = 1.4960e-02, PNorm = 134.1249, GNorm = 0.2029, lr_0 = 6.3855e-06
Loss = 1.7266e-02, PNorm = 134.1253, GNorm = 0.2972, lr_0 = 6.3573e-06
Loss = 1.7820e-02, PNorm = 134.1256, GNorm = 0.2056, lr_0 = 6.3291e-06
Loss = 1.5237e-02, PNorm = 134.1258, GNorm = 0.2794, lr_0 = 6.3011e-06
Loss = 1.3941e-02, PNorm = 134.1259, GNorm = 0.3543, lr_0 = 6.2732e-06
Loss = 1.7942e-02, PNorm = 134.1261, GNorm = 0.2201, lr_0 = 6.2455e-06
Loss = 1.5818e-02, PNorm = 134.1264, GNorm = 0.3494, lr_0 = 6.2179e-06
Loss = 1.7694e-02, PNorm = 134.1266, GNorm = 0.4278, lr_0 = 6.1904e-06
Loss = 1.6033e-02, PNorm = 134.1270, GNorm = 0.5650, lr_0 = 6.1630e-06
Loss = 1.9872e-02, PNorm = 134.1273, GNorm = 0.3188, lr_0 = 6.1357e-06
Loss = 1.7317e-02, PNorm = 134.1275, GNorm = 0.2382, lr_0 = 6.1086e-06
Validation rmse = 27.199323
Epoch 45
Loss = 1.8701e-02, PNorm = 134.1277, GNorm = 0.5271, lr_0 = 6.0815e-06
Loss = 1.8605e-02, PNorm = 134.1278, GNorm = 0.4547, lr_0 = 6.0546e-06
Loss = 1.5186e-02, PNorm = 134.1280, GNorm = 0.2783, lr_0 = 6.0278e-06
Loss = 1.5610e-02, PNorm = 134.1284, GNorm = 0.2425, lr_0 = 6.0012e-06
Loss = 1.4872e-02, PNorm = 134.1286, GNorm = 0.1896, lr_0 = 5.9746e-06
Loss = 1.5411e-02, PNorm = 134.1287, GNorm = 0.2934, lr_0 = 5.9482e-06
Loss = 1.4306e-02, PNorm = 134.1288, GNorm = 0.1737, lr_0 = 5.9219e-06
Loss = 1.5446e-02, PNorm = 134.1290, GNorm = 0.4753, lr_0 = 5.8957e-06
Loss = 1.9087e-02, PNorm = 134.1293, GNorm = 0.2961, lr_0 = 5.8696e-06
Loss = 1.5487e-02, PNorm = 134.1295, GNorm = 0.2807, lr_0 = 5.8436e-06
Loss = 1.7407e-02, PNorm = 134.1299, GNorm = 0.2888, lr_0 = 5.8178e-06
Loss = 1.6927e-02, PNorm = 134.1303, GNorm = 0.2499, lr_0 = 5.7920e-06
Loss = 1.5423e-02, PNorm = 134.1305, GNorm = 0.2827, lr_0 = 5.7664e-06
Loss = 1.6237e-02, PNorm = 134.1307, GNorm = 0.2348, lr_0 = 5.7409e-06
Loss = 1.7840e-02, PNorm = 134.1310, GNorm = 0.4009, lr_0 = 5.7155e-06
Loss = 1.7014e-02, PNorm = 134.1313, GNorm = 0.1482, lr_0 = 5.6902e-06
Loss = 1.6385e-02, PNorm = 134.1316, GNorm = 0.2519, lr_0 = 5.6650e-06
Loss = 1.8563e-02, PNorm = 134.1319, GNorm = 0.3814, lr_0 = 5.6400e-06
Loss = 1.7942e-02, PNorm = 134.1322, GNorm = 0.1629, lr_0 = 5.6150e-06
Loss = 1.7452e-02, PNorm = 134.1326, GNorm = 0.2188, lr_0 = 5.5902e-06
Loss = 1.6106e-02, PNorm = 134.1328, GNorm = 0.3274, lr_0 = 5.5655e-06
Loss = 1.5582e-02, PNorm = 134.1330, GNorm = 0.3914, lr_0 = 5.5408e-06
Loss = 1.7778e-02, PNorm = 134.1335, GNorm = 0.4309, lr_0 = 5.5163e-06
Loss = 1.8227e-02, PNorm = 134.1340, GNorm = 0.3843, lr_0 = 5.4919e-06
Validation rmse = 27.194916
Epoch 46
Loss = 1.4751e-02, PNorm = 134.1344, GNorm = 0.2520, lr_0 = 5.4676e-06
Loss = 1.3824e-02, PNorm = 134.1347, GNorm = 0.2018, lr_0 = 5.4434e-06
Loss = 1.3851e-02, PNorm = 134.1350, GNorm = 0.3292, lr_0 = 5.4194e-06
Loss = 1.7166e-02, PNorm = 134.1352, GNorm = 0.2789, lr_0 = 5.3954e-06
Loss = 1.7268e-02, PNorm = 134.1354, GNorm = 0.2376, lr_0 = 5.3715e-06
Loss = 1.6829e-02, PNorm = 134.1355, GNorm = 0.3682, lr_0 = 5.3477e-06
Loss = 1.7056e-02, PNorm = 134.1357, GNorm = 0.2140, lr_0 = 5.3241e-06
Loss = 1.7443e-02, PNorm = 134.1360, GNorm = 0.2757, lr_0 = 5.3005e-06
Loss = 1.8069e-02, PNorm = 134.1362, GNorm = 0.3325, lr_0 = 5.2771e-06
Loss = 1.4716e-02, PNorm = 134.1364, GNorm = 0.2268, lr_0 = 5.2537e-06
Loss = 1.6029e-02, PNorm = 134.1366, GNorm = 0.2968, lr_0 = 5.2305e-06
Loss = 1.5047e-02, PNorm = 134.1369, GNorm = 0.2845, lr_0 = 5.2074e-06
Loss = 1.9859e-02, PNorm = 134.1371, GNorm = 0.1942, lr_0 = 5.1843e-06
Loss = 1.9463e-02, PNorm = 134.1372, GNorm = 0.4409, lr_0 = 5.1614e-06
Loss = 1.6345e-02, PNorm = 134.1375, GNorm = 0.2210, lr_0 = 5.1385e-06
Loss = 1.3065e-02, PNorm = 134.1378, GNorm = 0.3108, lr_0 = 5.1158e-06
Loss = 1.9041e-02, PNorm = 134.1382, GNorm = 0.3086, lr_0 = 5.0932e-06
Loss = 1.8468e-02, PNorm = 134.1384, GNorm = 0.2905, lr_0 = 5.0706e-06
Loss = 1.8496e-02, PNorm = 134.1385, GNorm = 0.2733, lr_0 = 5.0482e-06
Loss = 1.7198e-02, PNorm = 134.1387, GNorm = 0.2325, lr_0 = 5.0259e-06
Loss = 1.7178e-02, PNorm = 134.1388, GNorm = 0.3229, lr_0 = 5.0036e-06
Loss = 1.9551e-02, PNorm = 134.1391, GNorm = 0.2103, lr_0 = 4.9815e-06
Loss = 1.3858e-02, PNorm = 134.1394, GNorm = 0.1710, lr_0 = 4.9595e-06
Loss = 1.8236e-02, PNorm = 134.1396, GNorm = 0.2809, lr_0 = 4.9375e-06
Validation rmse = 26.990055
Epoch 47
Loss = 1.5334e-02, PNorm = 134.1398, GNorm = 0.2194, lr_0 = 4.9135e-06
Loss = 1.5118e-02, PNorm = 134.1400, GNorm = 0.2248, lr_0 = 4.8918e-06
Loss = 1.4856e-02, PNorm = 134.1401, GNorm = 0.3626, lr_0 = 4.8701e-06
Loss = 1.8547e-02, PNorm = 134.1403, GNorm = 0.4642, lr_0 = 4.8486e-06
Loss = 1.6749e-02, PNorm = 134.1407, GNorm = 0.2470, lr_0 = 4.8271e-06
Loss = 1.6938e-02, PNorm = 134.1409, GNorm = 0.2360, lr_0 = 4.8058e-06
Loss = 1.8086e-02, PNorm = 134.1411, GNorm = 0.2537, lr_0 = 4.7845e-06
Loss = 1.4340e-02, PNorm = 134.1413, GNorm = 0.3622, lr_0 = 4.7633e-06
Loss = 1.7684e-02, PNorm = 134.1416, GNorm = 0.1969, lr_0 = 4.7423e-06
Loss = 1.6446e-02, PNorm = 134.1418, GNorm = 0.2512, lr_0 = 4.7213e-06
Loss = 1.4594e-02, PNorm = 134.1420, GNorm = 0.1724, lr_0 = 4.7004e-06
Loss = 1.4825e-02, PNorm = 134.1423, GNorm = 0.3264, lr_0 = 4.6796e-06
Loss = 1.6412e-02, PNorm = 134.1426, GNorm = 0.3035, lr_0 = 4.6589e-06
Loss = 1.7860e-02, PNorm = 134.1428, GNorm = 0.3468, lr_0 = 4.6383e-06
Loss = 1.9171e-02, PNorm = 134.1430, GNorm = 0.2017, lr_0 = 4.6178e-06
Loss = 1.7716e-02, PNorm = 134.1431, GNorm = 0.2494, lr_0 = 4.5973e-06
Loss = 1.7664e-02, PNorm = 134.1433, GNorm = 0.4667, lr_0 = 4.5770e-06
Loss = 1.5711e-02, PNorm = 134.1434, GNorm = 0.3744, lr_0 = 4.5568e-06
Loss = 1.7614e-02, PNorm = 134.1436, GNorm = 0.3583, lr_0 = 4.5366e-06
Loss = 1.7735e-02, PNorm = 134.1438, GNorm = 0.1952, lr_0 = 4.5165e-06
Loss = 1.5540e-02, PNorm = 134.1440, GNorm = 0.3473, lr_0 = 4.4965e-06
Loss = 1.6427e-02, PNorm = 134.1442, GNorm = 0.2178, lr_0 = 4.4767e-06
Loss = 1.4860e-02, PNorm = 134.1444, GNorm = 0.3329, lr_0 = 4.4568e-06
Loss = 1.5433e-02, PNorm = 134.1446, GNorm = 0.2643, lr_0 = 4.4371e-06
Validation rmse = 27.100243
Epoch 48
Loss = 1.3320e-02, PNorm = 134.1447, GNorm = 0.2805, lr_0 = 4.4175e-06
Loss = 1.4671e-02, PNorm = 134.1448, GNorm = 0.2669, lr_0 = 4.3980e-06
Loss = 1.5727e-02, PNorm = 134.1450, GNorm = 0.3495, lr_0 = 4.3785e-06
Loss = 1.5609e-02, PNorm = 134.1452, GNorm = 0.2094, lr_0 = 4.3591e-06
Loss = 1.5801e-02, PNorm = 134.1454, GNorm = 0.3007, lr_0 = 4.3398e-06
Loss = 1.7759e-02, PNorm = 134.1456, GNorm = 0.4322, lr_0 = 4.3206e-06
Loss = 1.8447e-02, PNorm = 134.1459, GNorm = 0.3232, lr_0 = 4.3015e-06
Loss = 1.9094e-02, PNorm = 134.1463, GNorm = 0.3529, lr_0 = 4.2825e-06
Loss = 1.7628e-02, PNorm = 134.1466, GNorm = 0.1476, lr_0 = 4.2636e-06
Loss = 1.7437e-02, PNorm = 134.1467, GNorm = 0.2429, lr_0 = 4.2447e-06
Loss = 1.3979e-02, PNorm = 134.1469, GNorm = 0.3020, lr_0 = 4.2259e-06
Loss = 1.6298e-02, PNorm = 134.1470, GNorm = 0.4646, lr_0 = 4.2072e-06
Loss = 1.6992e-02, PNorm = 134.1470, GNorm = 0.4866, lr_0 = 4.1886e-06
Loss = 1.8559e-02, PNorm = 134.1472, GNorm = 0.2885, lr_0 = 4.1701e-06
Loss = 1.7110e-02, PNorm = 134.1473, GNorm = 0.3433, lr_0 = 4.1516e-06
Loss = 1.5274e-02, PNorm = 134.1475, GNorm = 0.2191, lr_0 = 4.1333e-06
Loss = 1.7444e-02, PNorm = 134.1476, GNorm = 0.3349, lr_0 = 4.1150e-06
Loss = 1.6067e-02, PNorm = 134.1479, GNorm = 0.2170, lr_0 = 4.0968e-06
Loss = 1.6183e-02, PNorm = 134.1480, GNorm = 0.2494, lr_0 = 4.0786e-06
Loss = 2.0889e-02, PNorm = 134.1481, GNorm = 0.2220, lr_0 = 4.0606e-06
Loss = 1.2737e-02, PNorm = 134.1483, GNorm = 0.1829, lr_0 = 4.0426e-06
Loss = 1.6861e-02, PNorm = 134.1485, GNorm = 0.4359, lr_0 = 4.0247e-06
Loss = 1.5131e-02, PNorm = 134.1487, GNorm = 0.2760, lr_0 = 4.0069e-06
Loss = 1.6034e-02, PNorm = 134.1488, GNorm = 0.2399, lr_0 = 3.9892e-06
Validation rmse = 27.112121
Epoch 49
Loss = 1.4287e-02, PNorm = 134.1489, GNorm = 0.1622, lr_0 = 3.9716e-06
Loss = 1.8489e-02, PNorm = 134.1490, GNorm = 0.3559, lr_0 = 3.9540e-06
Loss = 1.5281e-02, PNorm = 134.1490, GNorm = 0.2675, lr_0 = 3.9365e-06
Loss = 1.3728e-02, PNorm = 134.1491, GNorm = 0.3798, lr_0 = 3.9191e-06
Loss = 1.6793e-02, PNorm = 134.1493, GNorm = 0.5170, lr_0 = 3.9018e-06
Loss = 1.5099e-02, PNorm = 134.1495, GNorm = 0.3049, lr_0 = 3.8845e-06
Loss = 1.8658e-02, PNorm = 134.1498, GNorm = 0.2961, lr_0 = 3.8673e-06
Loss = 1.3013e-02, PNorm = 134.1501, GNorm = 0.3883, lr_0 = 3.8502e-06
Loss = 1.7467e-02, PNorm = 134.1503, GNorm = 0.3221, lr_0 = 3.8332e-06
Loss = 1.8722e-02, PNorm = 134.1505, GNorm = 0.2971, lr_0 = 3.8162e-06
Loss = 1.7064e-02, PNorm = 134.1508, GNorm = 0.4309, lr_0 = 3.7993e-06
Loss = 1.6365e-02, PNorm = 134.1509, GNorm = 0.3237, lr_0 = 3.7825e-06
Loss = 1.7040e-02, PNorm = 134.1510, GNorm = 0.2187, lr_0 = 3.7658e-06
Loss = 1.6486e-02, PNorm = 134.1511, GNorm = 0.1769, lr_0 = 3.7491e-06
Loss = 1.7414e-02, PNorm = 134.1513, GNorm = 0.4894, lr_0 = 3.7325e-06
Loss = 1.7566e-02, PNorm = 134.1514, GNorm = 0.1648, lr_0 = 3.7160e-06
Loss = 1.3395e-02, PNorm = 134.1515, GNorm = 0.2329, lr_0 = 3.6996e-06
Loss = 2.1404e-02, PNorm = 134.1516, GNorm = 1.2123, lr_0 = 3.6832e-06
Loss = 1.6501e-02, PNorm = 134.1517, GNorm = 0.4480, lr_0 = 3.6669e-06
Loss = 1.5408e-02, PNorm = 134.1519, GNorm = 0.2291, lr_0 = 3.6556e-06
Loss = 1.5779e-02, PNorm = 134.1520, GNorm = 0.3672, lr_0 = 3.6556e-06
Loss = 1.7469e-02, PNorm = 134.1523, GNorm = 0.3138, lr_0 = 3.6556e-06
Loss = 1.6039e-02, PNorm = 134.1525, GNorm = 0.2942, lr_0 = 3.6556e-06
Loss = 1.7768e-02, PNorm = 134.1526, GNorm = 0.2403, lr_0 = 3.6556e-06
Validation rmse = 26.997611
Model 0 best validation rmse = 26.951273 on epoch 38
Loading pretrained parameter "encoder.encoder.0.cached_zero_vector".
Loading pretrained parameter "encoder.encoder.0.W_i.weight".
Loading pretrained parameter "encoder.encoder.0.W_h.weight".
Loading pretrained parameter "encoder.encoder.0.W_o.weight".
Loading pretrained parameter "encoder.encoder.0.W_o.bias".
Loading pretrained parameter "encoder.encoder.1.cached_zero_vector".
Loading pretrained parameter "encoder.encoder.1.W_i.weight".
Loading pretrained parameter "encoder.encoder.1.W_h.weight".
Loading pretrained parameter "encoder.encoder.1.W_o.weight".
Loading pretrained parameter "encoder.encoder.1.W_o.bias".
Loading pretrained parameter "ffn.1.weight".
Loading pretrained parameter "ffn.1.bias".
Loading pretrained parameter "ffn.4.weight".
Loading pretrained parameter "ffn.4.bias".
Loading pretrained parameter "ffn.7.weight".
Loading pretrained parameter "ffn.7.bias".
Moving model to cuda
Model 0 test rmse = 24.781841
Ensemble test rmse = 24.781841
1-fold cross validation
	Seed 0 ==> test rmse = 24.781841
Overall test rmse = 24.781841 +/- 0.000000
Elapsed time = 0:42:14
