Command line
python /home/kpg/chemprop/train.py --data_path ../../../data/splits/lambda_max_abs/deep4chem/group_by_smiles/smiles_target_train.csv --dataset_type regression --save_dir /home/kimele03/uvvisml/uvvisml/models/multitask_peak_stats_checkpoints/random/results/507326/49673541 --config_path /home/kimele03/uvvisml/uvvisml/models/multitask_peak_stats_checkpoints/random/results/507326/49673541/hyperopt.json --metric rmse --epochs 50 --gpu 0 --ensemble_size 1 --separate_val_path ../../../data/splits/lambda_max_abs/deep4chem/group_by_smiles/smiles_target_val.csv --separate_test_path ../../../data/splits/lambda_max_abs/deep4chem/group_by_smiles/smiles_target_test.csv --number_of_molecules 2
Args
{'activation': 'ReLU',
 'aggregation': 'mean',
 'aggregation_norm': 100,
 'atom_descriptor_scaling': True,
 'atom_descriptors': None,
 'atom_descriptors_path': None,
 'atom_descriptors_size': 0,
 'atom_features_size': 0,
 'atom_messages': False,
 'batch_size': 75,
 'bias': False,
 'bond_feature_scaling': True,
 'bond_features_path': None,
 'bond_features_size': 0,
 'cache_cutoff': 10000,
 'checkpoint_dir': None,
 'checkpoint_frzn': None,
 'checkpoint_path': None,
 'checkpoint_paths': None,
 'class_balance': False,
 'config_path': '/home/kimele03/uvvisml/uvvisml/models/multitask_peak_stats_checkpoints/random/results/507326/49673541/hyperopt.json',
 'crossval_index_dir': None,
 'crossval_index_file': None,
 'crossval_index_sets': None,
 'cuda': True,
 'data_path': '../../../data/splits/lambda_max_abs/deep4chem/group_by_smiles/smiles_target_train.csv',
 'data_weights_path': None,
 'dataset_type': 'regression',
 'depth': 5,
 'device': device(type='cuda', index=0),
 'dropout': 0.3242193007257728,
 'empty_cache': False,
 'ensemble_size': 1,
 'epochs': 50,
 'explicit_h': False,
 'extra_metrics': [],
 'features_generator': None,
 'features_only': False,
 'features_path': None,
 'features_scaling': True,
 'features_size': None,
 'ffn_hidden_size': 2243,
 'ffn_num_layers': 2,
 'final_lr': 0.00018815331810886798,
 'folds_file': None,
 'freeze_first_only': False,
 'frzn_ffn_layers': 0,
 'gpu': 0,
 'grad_clip': None,
 'hidden_size': 1755,
 'ignore_columns': None,
 'init_lr': 5.835580759833429e-05,
 'log_frequency': 10,
 'max_data_size': None,
 'max_lr': 0.00019164663269038626,
 'metric': 'rmse',
 'metrics': ['rmse'],
 'minimize_score': True,
 'mpn_shared': False,
 'multiclass_num_classes': 3,
 'no_atom_descriptor_scaling': False,
 'no_bond_features_scaling': False,
 'no_cache_mol': False,
 'no_cuda': False,
 'no_features_scaling': False,
 'num_folds': 1,
 'num_lrs': 1,
 'num_tasks': 1,
 'num_workers': 8,
 'number_of_molecules': 2,
 'overwrite_default_atom_features': False,
 'overwrite_default_bond_features': False,
 'pytorch_seed': 0,
 'quiet': False,
 'reaction': False,
 'reaction_mode': 'reac_diff',
 'resume_experiment': False,
 'save_dir': '/home/kimele03/uvvisml/uvvisml/models/multitask_peak_stats_checkpoints/random/results/507326/49673541',
 'save_preds': False,
 'save_smiles_splits': False,
 'seed': 0,
 'separate_test_atom_descriptors_path': None,
 'separate_test_bond_features_path': None,
 'separate_test_features_path': None,
 'separate_test_path': '../../../data/splits/lambda_max_abs/deep4chem/group_by_smiles/smiles_target_test.csv',
 'separate_val_atom_descriptors_path': None,
 'separate_val_bond_features_path': None,
 'separate_val_features_path': None,
 'separate_val_path': '../../../data/splits/lambda_max_abs/deep4chem/group_by_smiles/smiles_target_val.csv',
 'show_individual_scores': False,
 'smiles_columns': ['smiles', 'solvent'],
 'split_sizes': (0.8, 0.1, 0.1),
 'split_type': 'random',
 'target_columns': None,
 'target_weights': None,
 'task_names': ['peakwavs_max'],
 'test': False,
 'test_fold_index': None,
 'train_data_size': None,
 'undirected': False,
 'use_input_features': False,
 'val_fold_index': None,
 'warmup_epochs': 2}
Loading data
Number of tasks = 1
Fold 0
Splitting data with seed 0
Total size = 13,242 | train size = 13,242 | val size = 1,633 | test size = 1,710
Fitting scaler
Building model 0
MoleculeModel(
  (encoder): MPN(
    (encoder): ModuleList(
      (0): MPNEncoder(
        (dropout_layer): Dropout(p=0.3242193007257728, inplace=False)
        (act_func): ReLU()
        (W_i): Linear(in_features=147, out_features=1755, bias=False)
        (W_h): Linear(in_features=1755, out_features=1755, bias=False)
        (W_o): Linear(in_features=1888, out_features=1755, bias=True)
      )
      (1): MPNEncoder(
        (dropout_layer): Dropout(p=0.3242193007257728, inplace=False)
        (act_func): ReLU()
        (W_i): Linear(in_features=147, out_features=1755, bias=False)
        (W_h): Linear(in_features=1755, out_features=1755, bias=False)
        (W_o): Linear(in_features=1888, out_features=1755, bias=True)
      )
    )
  )
  (ffn): Sequential(
    (0): Dropout(p=0.3242193007257728, inplace=False)
    (1): Linear(in_features=3510, out_features=2243, bias=True)
    (2): ReLU()
    (3): Dropout(p=0.3242193007257728, inplace=False)
    (4): Linear(in_features=2243, out_features=1, bias=True)
  )
)
Number of parameters = 21,187,337
Moving model to cuda
Epoch 0
Loss = 1.3462e+00, PNorm = 102.1200, GNorm = 3.3896, lr_0 = 6.2521e-05
Loss = 9.6948e-01, PNorm = 102.1225, GNorm = 5.6869, lr_0 = 6.6308e-05
Loss = 8.6112e-01, PNorm = 102.1258, GNorm = 4.9070, lr_0 = 7.0094e-05
Loss = 1.0066e+00, PNorm = 102.1292, GNorm = 3.3163, lr_0 = 7.3881e-05
Loss = 8.8289e-01, PNorm = 102.1327, GNorm = 3.5310, lr_0 = 7.7668e-05
Loss = 7.7561e-01, PNorm = 102.1367, GNorm = 3.8799, lr_0 = 8.1455e-05
Loss = 7.0735e-01, PNorm = 102.1406, GNorm = 17.4568, lr_0 = 8.5241e-05
Loss = 8.6833e-01, PNorm = 102.1442, GNorm = 2.5748, lr_0 = 8.9028e-05
Loss = 7.8400e-01, PNorm = 102.1488, GNorm = 3.0032, lr_0 = 9.2815e-05
Loss = 8.1460e-01, PNorm = 102.1543, GNorm = 6.4594, lr_0 = 9.6601e-05
Loss = 6.7705e-01, PNorm = 102.1605, GNorm = 2.3535, lr_0 = 1.0039e-04
Loss = 6.5361e-01, PNorm = 102.1670, GNorm = 14.9487, lr_0 = 1.0417e-04
Loss = 7.7221e-01, PNorm = 102.1732, GNorm = 13.6984, lr_0 = 1.0796e-04
Loss = 7.1049e-01, PNorm = 102.1790, GNorm = 11.1463, lr_0 = 1.1175e-04
Loss = 7.3217e-01, PNorm = 102.1860, GNorm = 5.4940, lr_0 = 1.1553e-04
Loss = 7.1970e-01, PNorm = 102.1928, GNorm = 2.6699, lr_0 = 1.1932e-04
Loss = 4.9944e-01, PNorm = 102.2000, GNorm = 5.7738, lr_0 = 1.2311e-04
Validation rmse = 88.488116
Epoch 1
Loss = 6.9117e-01, PNorm = 102.2085, GNorm = 15.1416, lr_0 = 1.2727e-04
Loss = 6.4068e-01, PNorm = 102.2169, GNorm = 6.1813, lr_0 = 1.3106e-04
Loss = 7.5454e-01, PNorm = 102.2255, GNorm = 7.1525, lr_0 = 1.3485e-04
Loss = 5.5720e-01, PNorm = 102.2349, GNorm = 15.5373, lr_0 = 1.3863e-04
Loss = 5.5942e-01, PNorm = 102.2429, GNorm = 7.2704, lr_0 = 1.4242e-04
Loss = 5.4607e-01, PNorm = 102.2517, GNorm = 6.1610, lr_0 = 1.4621e-04
Loss = 4.6657e-01, PNorm = 102.2612, GNorm = 3.5877, lr_0 = 1.4999e-04
Loss = 4.1876e-01, PNorm = 102.2701, GNorm = 4.4769, lr_0 = 1.5378e-04
Loss = 4.4745e-01, PNorm = 102.2770, GNorm = 7.0096, lr_0 = 1.5757e-04
Loss = 4.3740e-01, PNorm = 102.2847, GNorm = 5.4238, lr_0 = 1.6135e-04
Loss = 7.5022e-01, PNorm = 102.2943, GNorm = 5.6662, lr_0 = 1.6514e-04
Loss = 6.4084e-01, PNorm = 102.3114, GNorm = 2.3783, lr_0 = 1.6893e-04
Loss = 5.7134e-01, PNorm = 102.3263, GNorm = 7.8556, lr_0 = 1.7271e-04
Loss = 5.1751e-01, PNorm = 102.3397, GNorm = 7.8206, lr_0 = 1.7650e-04
Loss = 5.1400e-01, PNorm = 102.3534, GNorm = 4.5316, lr_0 = 1.8029e-04
Loss = 4.6332e-01, PNorm = 102.3638, GNorm = 2.1284, lr_0 = 1.8407e-04
Loss = 4.5802e-01, PNorm = 102.3750, GNorm = 8.6697, lr_0 = 1.8786e-04
Loss = 5.2504e-01, PNorm = 102.3878, GNorm = 8.4852, lr_0 = 1.9165e-04
Validation rmse = 78.546721
Epoch 2
Loss = 4.3493e-01, PNorm = 102.4007, GNorm = 10.9611, lr_0 = 1.9164e-04
Loss = 4.1694e-01, PNorm = 102.4116, GNorm = 3.2769, lr_0 = 1.9164e-04
Loss = 4.0957e-01, PNorm = 102.4220, GNorm = 10.0573, lr_0 = 1.9163e-04
Loss = 3.9538e-01, PNorm = 102.4310, GNorm = 1.3010, lr_0 = 1.9163e-04
Loss = 3.6348e-01, PNorm = 102.4418, GNorm = 2.6530, lr_0 = 1.9163e-04
Loss = 5.9123e-01, PNorm = 102.4534, GNorm = 5.0886, lr_0 = 1.9162e-04
Loss = 4.6038e-01, PNorm = 102.4690, GNorm = 3.4966, lr_0 = 1.9162e-04
Loss = 4.1624e-01, PNorm = 102.4834, GNorm = 3.8962, lr_0 = 1.9161e-04
Loss = 4.3961e-01, PNorm = 102.4976, GNorm = 6.0130, lr_0 = 1.9161e-04
Loss = 3.8364e-01, PNorm = 102.5139, GNorm = 4.9875, lr_0 = 1.9160e-04
Loss = 3.7358e-01, PNorm = 102.5251, GNorm = 1.1904, lr_0 = 1.9160e-04
Loss = 4.2569e-01, PNorm = 102.5364, GNorm = 5.7153, lr_0 = 1.9160e-04
Loss = 3.8482e-01, PNorm = 102.5478, GNorm = 6.1958, lr_0 = 1.9159e-04
Loss = 3.5514e-01, PNorm = 102.5565, GNorm = 1.6046, lr_0 = 1.9159e-04
Loss = 3.4705e-01, PNorm = 102.5682, GNorm = 4.8946, lr_0 = 1.9158e-04
Loss = 3.0338e-01, PNorm = 102.5797, GNorm = 2.1174, lr_0 = 1.9158e-04
Loss = 3.6928e-01, PNorm = 102.5883, GNorm = 7.4471, lr_0 = 1.9158e-04
Validation rmse = 61.593985
Epoch 3
Loss = 2.2101e-01, PNorm = 102.6007, GNorm = 2.9751, lr_0 = 1.9157e-04
Loss = 2.9488e-01, PNorm = 102.6090, GNorm = 3.5331, lr_0 = 1.9157e-04
Loss = 2.6657e-01, PNorm = 102.6193, GNorm = 8.4159, lr_0 = 1.9156e-04
Loss = 3.0890e-01, PNorm = 102.6294, GNorm = 1.5238, lr_0 = 1.9156e-04
Loss = 3.2246e-01, PNorm = 102.6393, GNorm = 2.2735, lr_0 = 1.9155e-04
Loss = 3.4161e-01, PNorm = 102.6516, GNorm = 3.0782, lr_0 = 1.9155e-04
Loss = 3.3048e-01, PNorm = 102.6619, GNorm = 3.9722, lr_0 = 1.9155e-04
Loss = 2.7773e-01, PNorm = 102.6724, GNorm = 2.6207, lr_0 = 1.9154e-04
Loss = 2.9057e-01, PNorm = 102.6844, GNorm = 4.8860, lr_0 = 1.9154e-04
Loss = 2.7675e-01, PNorm = 102.6950, GNorm = 1.7040, lr_0 = 1.9153e-04
Loss = 2.6128e-01, PNorm = 102.7040, GNorm = 2.9684, lr_0 = 1.9153e-04
Loss = 2.7666e-01, PNorm = 102.7122, GNorm = 6.8237, lr_0 = 1.9153e-04
Loss = 2.9722e-01, PNorm = 102.7245, GNorm = 3.9204, lr_0 = 1.9152e-04
Loss = 2.6612e-01, PNorm = 102.7327, GNorm = 1.6301, lr_0 = 1.9152e-04
Loss = 2.5188e-01, PNorm = 102.7428, GNorm = 2.5967, lr_0 = 1.9151e-04
Loss = 2.8997e-01, PNorm = 102.7548, GNorm = 1.3444, lr_0 = 1.9151e-04
Loss = 2.6149e-01, PNorm = 102.7663, GNorm = 7.8151, lr_0 = 1.9150e-04
Loss = 2.5483e-01, PNorm = 102.7792, GNorm = 10.0393, lr_0 = 1.9150e-04
Validation rmse = 62.804630
Epoch 4
Loss = 2.8071e-01, PNorm = 102.7900, GNorm = 2.7400, lr_0 = 1.9150e-04
Loss = 2.8243e-01, PNorm = 102.8018, GNorm = 1.2114, lr_0 = 1.9149e-04
Loss = 2.3448e-01, PNorm = 102.8154, GNorm = 2.3099, lr_0 = 1.9149e-04
Loss = 2.2991e-01, PNorm = 102.8286, GNorm = 3.1263, lr_0 = 1.9148e-04
Loss = 2.2680e-01, PNorm = 102.8369, GNorm = 4.7140, lr_0 = 1.9148e-04
Loss = 2.6523e-01, PNorm = 102.8486, GNorm = 5.1995, lr_0 = 1.9148e-04
Loss = 2.8825e-01, PNorm = 102.8610, GNorm = 1.4296, lr_0 = 1.9147e-04
Loss = 2.4325e-01, PNorm = 102.8700, GNorm = 1.5768, lr_0 = 1.9147e-04
Loss = 1.9403e-01, PNorm = 102.8801, GNorm = 1.5710, lr_0 = 1.9146e-04
Loss = 2.2351e-01, PNorm = 102.8919, GNorm = 5.9883, lr_0 = 1.9146e-04
Loss = 2.7273e-01, PNorm = 102.9020, GNorm = 6.0025, lr_0 = 1.9145e-04
Loss = 3.0530e-01, PNorm = 102.9159, GNorm = 2.4993, lr_0 = 1.9145e-04
Loss = 2.5816e-01, PNorm = 102.9269, GNorm = 2.6213, lr_0 = 1.9145e-04
Loss = 1.9444e-01, PNorm = 102.9399, GNorm = 1.6730, lr_0 = 1.9144e-04
Loss = 1.9226e-01, PNorm = 102.9510, GNorm = 3.4272, lr_0 = 1.9144e-04
Loss = 1.7777e-01, PNorm = 102.9583, GNorm = 1.8078, lr_0 = 1.9143e-04
Loss = 2.2919e-01, PNorm = 102.9696, GNorm = 3.3315, lr_0 = 1.9143e-04
Loss = 1.8187e-01, PNorm = 102.9799, GNorm = 3.0233, lr_0 = 1.9143e-04
Validation rmse = 48.807528
Epoch 5
Loss = 2.1503e-01, PNorm = 102.9930, GNorm = 1.5770, lr_0 = 1.9142e-04
Loss = 2.0024e-01, PNorm = 103.0045, GNorm = 4.1349, lr_0 = 1.9142e-04
Loss = 2.4744e-01, PNorm = 103.0133, GNorm = 1.9752, lr_0 = 1.9141e-04
Loss = 2.2437e-01, PNorm = 103.0241, GNorm = 4.9859, lr_0 = 1.9141e-04
Loss = 2.3162e-01, PNorm = 103.0353, GNorm = 2.8927, lr_0 = 1.9140e-04
Loss = 2.0567e-01, PNorm = 103.0479, GNorm = 4.8229, lr_0 = 1.9140e-04
Loss = 1.9351e-01, PNorm = 103.0617, GNorm = 1.2902, lr_0 = 1.9140e-04
Loss = 2.0838e-01, PNorm = 103.0729, GNorm = 1.7933, lr_0 = 1.9139e-04
Loss = 2.2754e-01, PNorm = 103.0852, GNorm = 2.4989, lr_0 = 1.9139e-04
Loss = 2.1972e-01, PNorm = 103.0954, GNorm = 3.6541, lr_0 = 1.9138e-04
Loss = 2.0170e-01, PNorm = 103.1090, GNorm = 3.0053, lr_0 = 1.9138e-04
Loss = 1.8835e-01, PNorm = 103.1216, GNorm = 3.0992, lr_0 = 1.9137e-04
Loss = 1.9385e-01, PNorm = 103.1345, GNorm = 2.9712, lr_0 = 1.9137e-04
Loss = 2.3878e-01, PNorm = 103.1474, GNorm = 2.1170, lr_0 = 1.9137e-04
Loss = 2.3355e-01, PNorm = 103.1614, GNorm = 4.0216, lr_0 = 1.9136e-04
Loss = 1.5928e-01, PNorm = 103.1727, GNorm = 5.5349, lr_0 = 1.9136e-04
Loss = 1.8032e-01, PNorm = 103.1841, GNorm = 2.0636, lr_0 = 1.9135e-04
Validation rmse = 47.448710
Epoch 6
Loss = 1.4477e-01, PNorm = 103.1971, GNorm = 0.7960, lr_0 = 1.9135e-04
Loss = 1.8296e-01, PNorm = 103.2098, GNorm = 2.8825, lr_0 = 1.9135e-04
Loss = 1.9793e-01, PNorm = 103.2204, GNorm = 4.7611, lr_0 = 1.9134e-04
Loss = 1.9346e-01, PNorm = 103.2349, GNorm = 2.8600, lr_0 = 1.9134e-04
Loss = 1.8655e-01, PNorm = 103.2458, GNorm = 4.1596, lr_0 = 1.9133e-04
Loss = 2.0774e-01, PNorm = 103.2585, GNorm = 1.4602, lr_0 = 1.9133e-04
Loss = 1.6905e-01, PNorm = 103.2691, GNorm = 2.4532, lr_0 = 1.9132e-04
Loss = 1.9799e-01, PNorm = 103.2797, GNorm = 1.4538, lr_0 = 1.9132e-04
Loss = 1.7866e-01, PNorm = 103.2960, GNorm = 2.1197, lr_0 = 1.9132e-04
Loss = 1.8349e-01, PNorm = 103.3094, GNorm = 2.7329, lr_0 = 1.9131e-04
Loss = 1.7023e-01, PNorm = 103.3212, GNorm = 1.2192, lr_0 = 1.9131e-04
Loss = 1.6379e-01, PNorm = 103.3355, GNorm = 1.3922, lr_0 = 1.9130e-04
Loss = 1.8430e-01, PNorm = 103.3492, GNorm = 3.4662, lr_0 = 1.9130e-04
Loss = 1.6301e-01, PNorm = 103.3612, GNorm = 2.5056, lr_0 = 1.9130e-04
Loss = 1.6011e-01, PNorm = 103.3740, GNorm = 3.2146, lr_0 = 1.9129e-04
Loss = 1.8034e-01, PNorm = 103.3857, GNorm = 2.9185, lr_0 = 1.9129e-04
Loss = 1.5695e-01, PNorm = 103.3982, GNorm = 3.0913, lr_0 = 1.9128e-04
Loss = 1.3778e-01, PNorm = 103.4078, GNorm = 3.0849, lr_0 = 1.9128e-04
Validation rmse = 44.097431
Epoch 7
Loss = 1.4217e-01, PNorm = 103.4197, GNorm = 3.6854, lr_0 = 1.9127e-04
Loss = 1.4560e-01, PNorm = 103.4307, GNorm = 2.2945, lr_0 = 1.9127e-04
Loss = 1.7954e-01, PNorm = 103.4438, GNorm = 3.4415, lr_0 = 1.9127e-04
Loss = 1.3603e-01, PNorm = 103.4561, GNorm = 2.5984, lr_0 = 1.9126e-04
Loss = 1.4088e-01, PNorm = 103.4671, GNorm = 2.4531, lr_0 = 1.9126e-04
Loss = 1.5374e-01, PNorm = 103.4776, GNorm = 1.2543, lr_0 = 1.9125e-04
Loss = 1.5824e-01, PNorm = 103.4874, GNorm = 1.9295, lr_0 = 1.9125e-04
Loss = 1.5349e-01, PNorm = 103.4997, GNorm = 0.9200, lr_0 = 1.9125e-04
Loss = 1.5097e-01, PNorm = 103.5109, GNorm = 2.0118, lr_0 = 1.9124e-04
Loss = 1.5997e-01, PNorm = 103.5229, GNorm = 2.5130, lr_0 = 1.9124e-04
Loss = 1.4408e-01, PNorm = 103.5354, GNorm = 2.6522, lr_0 = 1.9123e-04
Loss = 1.5231e-01, PNorm = 103.5492, GNorm = 1.1877, lr_0 = 1.9123e-04
Loss = 1.7753e-01, PNorm = 103.5603, GNorm = 3.5463, lr_0 = 1.9122e-04
Loss = 1.5531e-01, PNorm = 103.5723, GNorm = 1.5611, lr_0 = 1.9122e-04
Loss = 1.4754e-01, PNorm = 103.5837, GNorm = 3.3701, lr_0 = 1.9122e-04
Loss = 1.5954e-01, PNorm = 103.5959, GNorm = 2.2405, lr_0 = 1.9121e-04
Loss = 1.7731e-01, PNorm = 103.6113, GNorm = 3.1824, lr_0 = 1.9121e-04
Loss = 1.3285e-01, PNorm = 103.6254, GNorm = 1.1940, lr_0 = 1.9120e-04
Validation rmse = 43.437214
Epoch 8
Loss = 1.2308e-01, PNorm = 103.6373, GNorm = 1.1857, lr_0 = 1.9120e-04
Loss = 1.2881e-01, PNorm = 103.6489, GNorm = 4.3106, lr_0 = 1.9120e-04
Loss = 1.3627e-01, PNorm = 103.6600, GNorm = 1.5474, lr_0 = 1.9119e-04
Loss = 1.6330e-01, PNorm = 103.6725, GNorm = 3.0906, lr_0 = 1.9119e-04
Loss = 1.4171e-01, PNorm = 103.6848, GNorm = 2.9559, lr_0 = 1.9118e-04
Loss = 1.3888e-01, PNorm = 103.6973, GNorm = 3.3160, lr_0 = 1.9118e-04
Loss = 1.3229e-01, PNorm = 103.7105, GNorm = 2.2610, lr_0 = 1.9117e-04
Loss = 1.5029e-01, PNorm = 103.7207, GNorm = 1.1278, lr_0 = 1.9117e-04
Loss = 1.1985e-01, PNorm = 103.7319, GNorm = 1.1856, lr_0 = 1.9117e-04
Loss = 1.4510e-01, PNorm = 103.7442, GNorm = 3.9889, lr_0 = 1.9116e-04
Loss = 1.3085e-01, PNorm = 103.7557, GNorm = 2.9392, lr_0 = 1.9116e-04
Loss = 1.1652e-01, PNorm = 103.7664, GNorm = 0.7824, lr_0 = 1.9115e-04
Loss = 1.2215e-01, PNorm = 103.7751, GNorm = 1.2942, lr_0 = 1.9115e-04
Loss = 1.4065e-01, PNorm = 103.7864, GNorm = 1.1122, lr_0 = 1.9115e-04
Loss = 1.3080e-01, PNorm = 103.7958, GNorm = 2.6564, lr_0 = 1.9114e-04
Loss = 1.4076e-01, PNorm = 103.8094, GNorm = 1.3724, lr_0 = 1.9114e-04
Loss = 1.3999e-01, PNorm = 103.8217, GNorm = 3.2793, lr_0 = 1.9113e-04
Validation rmse = 41.880875
Epoch 9
Loss = 1.2127e-01, PNorm = 103.8310, GNorm = 1.6147, lr_0 = 1.9113e-04
Loss = 1.2754e-01, PNorm = 103.8433, GNorm = 1.5294, lr_0 = 1.9112e-04
Loss = 1.2018e-01, PNorm = 103.8543, GNorm = 2.1953, lr_0 = 1.9112e-04
Loss = 1.1377e-01, PNorm = 103.8680, GNorm = 1.4145, lr_0 = 1.9112e-04
Loss = 1.0758e-01, PNorm = 103.8773, GNorm = 1.5080, lr_0 = 1.9111e-04
Loss = 1.0880e-01, PNorm = 103.8866, GNorm = 1.3355, lr_0 = 1.9111e-04
Loss = 1.3827e-01, PNorm = 103.8975, GNorm = 1.6466, lr_0 = 1.9110e-04
Loss = 1.2741e-01, PNorm = 103.9061, GNorm = 3.7913, lr_0 = 1.9110e-04
Loss = 1.3355e-01, PNorm = 103.9195, GNorm = 1.3946, lr_0 = 1.9110e-04
Loss = 1.1878e-01, PNorm = 103.9291, GNorm = 0.7700, lr_0 = 1.9109e-04
Loss = 1.2778e-01, PNorm = 103.9403, GNorm = 0.8519, lr_0 = 1.9109e-04
Loss = 1.0787e-01, PNorm = 103.9517, GNorm = 1.3296, lr_0 = 1.9108e-04
Loss = 1.2845e-01, PNorm = 103.9620, GNorm = 1.3282, lr_0 = 1.9108e-04
Loss = 1.3803e-01, PNorm = 103.9717, GNorm = 2.8681, lr_0 = 1.9107e-04
Loss = 1.2628e-01, PNorm = 103.9854, GNorm = 5.0846, lr_0 = 1.9107e-04
Loss = 1.4619e-01, PNorm = 103.9986, GNorm = 4.1634, lr_0 = 1.9107e-04
Loss = 1.2469e-01, PNorm = 104.0126, GNorm = 1.1069, lr_0 = 1.9106e-04
Loss = 1.2550e-01, PNorm = 104.0269, GNorm = 1.8062, lr_0 = 1.9106e-04
Validation rmse = 39.889274
Epoch 10
Loss = 1.1314e-01, PNorm = 104.0384, GNorm = 2.1306, lr_0 = 1.9105e-04
Loss = 1.0978e-01, PNorm = 104.0498, GNorm = 2.4230, lr_0 = 1.9105e-04
Loss = 1.2785e-01, PNorm = 104.0601, GNorm = 2.5244, lr_0 = 1.9104e-04
Loss = 1.1090e-01, PNorm = 104.0688, GNorm = 2.2998, lr_0 = 1.9104e-04
Loss = 1.2156e-01, PNorm = 104.0815, GNorm = 1.0566, lr_0 = 1.9104e-04
Loss = 1.1443e-01, PNorm = 104.0941, GNorm = 2.4826, lr_0 = 1.9103e-04
Loss = 1.2969e-01, PNorm = 104.1049, GNorm = 3.9483, lr_0 = 1.9103e-04
Loss = 1.0857e-01, PNorm = 104.1172, GNorm = 2.0908, lr_0 = 1.9102e-04
Loss = 1.1046e-01, PNorm = 104.1283, GNorm = 1.2983, lr_0 = 1.9102e-04
Loss = 1.1040e-01, PNorm = 104.1414, GNorm = 0.8528, lr_0 = 1.9102e-04
Loss = 1.1413e-01, PNorm = 104.1545, GNorm = 5.2388, lr_0 = 1.9101e-04
Loss = 1.2485e-01, PNorm = 104.1662, GNorm = 1.7294, lr_0 = 1.9101e-04
Loss = 1.2275e-01, PNorm = 104.1763, GNorm = 1.8888, lr_0 = 1.9100e-04
Loss = 1.0588e-01, PNorm = 104.1891, GNorm = 2.1018, lr_0 = 1.9100e-04
Loss = 1.1578e-01, PNorm = 104.2001, GNorm = 1.9116, lr_0 = 1.9100e-04
Loss = 1.3378e-01, PNorm = 104.2137, GNorm = 1.2383, lr_0 = 1.9099e-04
Loss = 1.0320e-01, PNorm = 104.2276, GNorm = 1.0407, lr_0 = 1.9099e-04
Loss = 1.0080e-01, PNorm = 104.2385, GNorm = 2.8584, lr_0 = 1.9098e-04
Validation rmse = 40.800715
Epoch 11
Loss = 1.1714e-01, PNorm = 104.2502, GNorm = 1.9409, lr_0 = 1.9098e-04
Loss = 1.0736e-01, PNorm = 104.2629, GNorm = 0.7981, lr_0 = 1.9097e-04
Loss = 1.0806e-01, PNorm = 104.2776, GNorm = 0.8698, lr_0 = 1.9097e-04
Loss = 1.0924e-01, PNorm = 104.2900, GNorm = 2.5555, lr_0 = 1.9097e-04
Loss = 1.1260e-01, PNorm = 104.3018, GNorm = 1.4678, lr_0 = 1.9096e-04
Loss = 1.0033e-01, PNorm = 104.3165, GNorm = 1.8703, lr_0 = 1.9096e-04
Loss = 9.8287e-02, PNorm = 104.3295, GNorm = 1.4309, lr_0 = 1.9095e-04
Loss = 1.0511e-01, PNorm = 104.3419, GNorm = 3.2367, lr_0 = 1.9095e-04
Loss = 1.0093e-01, PNorm = 104.3517, GNorm = 2.1146, lr_0 = 1.9095e-04
Loss = 1.1469e-01, PNorm = 104.3633, GNorm = 2.9591, lr_0 = 1.9094e-04
Loss = 1.0433e-01, PNorm = 104.3752, GNorm = 2.0771, lr_0 = 1.9094e-04
Loss = 1.0438e-01, PNorm = 104.3892, GNorm = 1.4362, lr_0 = 1.9093e-04
Loss = 1.0346e-01, PNorm = 104.3996, GNorm = 1.2960, lr_0 = 1.9093e-04
Loss = 9.9624e-02, PNorm = 104.4093, GNorm = 0.9340, lr_0 = 1.9092e-04
Loss = 9.3272e-02, PNorm = 104.4227, GNorm = 1.0140, lr_0 = 1.9092e-04
Loss = 8.7006e-02, PNorm = 104.4318, GNorm = 0.8692, lr_0 = 1.9092e-04
Loss = 9.5926e-02, PNorm = 104.4413, GNorm = 1.3630, lr_0 = 1.9091e-04
Validation rmse = 37.406791
Epoch 12
Loss = 1.4588e-01, PNorm = 104.4519, GNorm = 1.4131, lr_0 = 1.9091e-04
Loss = 9.9559e-02, PNorm = 104.4625, GNorm = 2.2370, lr_0 = 1.9090e-04
Loss = 1.0631e-01, PNorm = 104.4733, GNorm = 2.3010, lr_0 = 1.9090e-04
Loss = 9.0732e-02, PNorm = 104.4836, GNorm = 1.5856, lr_0 = 1.9089e-04
Loss = 8.3444e-02, PNorm = 104.4965, GNorm = 0.8058, lr_0 = 1.9089e-04
Loss = 9.1803e-02, PNorm = 104.5067, GNorm = 1.7478, lr_0 = 1.9089e-04
Loss = 1.1219e-01, PNorm = 104.5195, GNorm = 1.2331, lr_0 = 1.9088e-04
Loss = 9.0269e-02, PNorm = 104.5295, GNorm = 1.1123, lr_0 = 1.9088e-04
Loss = 1.2878e-01, PNorm = 104.5443, GNorm = 2.2483, lr_0 = 1.9087e-04
Loss = 1.6115e-01, PNorm = 104.5613, GNorm = 6.6303, lr_0 = 1.9087e-04
Loss = 1.3516e-01, PNorm = 104.5785, GNorm = 3.3578, lr_0 = 1.9087e-04
Loss = 1.1572e-01, PNorm = 104.5969, GNorm = 1.7999, lr_0 = 1.9086e-04
Loss = 1.0205e-01, PNorm = 104.6113, GNorm = 1.6750, lr_0 = 1.9086e-04
Loss = 8.3866e-02, PNorm = 104.6216, GNorm = 1.3818, lr_0 = 1.9085e-04
Loss = 8.9372e-02, PNorm = 104.6311, GNorm = 1.0285, lr_0 = 1.9085e-04
Loss = 1.0522e-01, PNorm = 104.6428, GNorm = 3.0634, lr_0 = 1.9084e-04
Loss = 9.1926e-02, PNorm = 104.6524, GNorm = 1.0480, lr_0 = 1.9084e-04
Loss = 1.0421e-01, PNorm = 104.6620, GNorm = 2.9692, lr_0 = 1.9084e-04
Validation rmse = 38.057669
Epoch 13
Loss = 1.0732e-01, PNorm = 104.6731, GNorm = 0.8237, lr_0 = 1.9083e-04
Loss = 9.5493e-02, PNorm = 104.6840, GNorm = 0.9294, lr_0 = 1.9083e-04
Loss = 9.0229e-02, PNorm = 104.6953, GNorm = 1.7639, lr_0 = 1.9082e-04
Loss = 8.1089e-02, PNorm = 104.7060, GNorm = 0.6869, lr_0 = 1.9082e-04
Loss = 8.9743e-02, PNorm = 104.7174, GNorm = 0.7466, lr_0 = 1.9082e-04
Loss = 7.7966e-02, PNorm = 104.7301, GNorm = 1.9790, lr_0 = 1.9081e-04
Loss = 8.6647e-02, PNorm = 104.7400, GNorm = 1.5338, lr_0 = 1.9081e-04
Loss = 8.1205e-02, PNorm = 104.7476, GNorm = 0.6224, lr_0 = 1.9080e-04
Loss = 6.8785e-02, PNorm = 104.7564, GNorm = 1.3411, lr_0 = 1.9080e-04
Loss = 7.8376e-02, PNorm = 104.7653, GNorm = 0.9815, lr_0 = 1.9080e-04
Loss = 9.5272e-02, PNorm = 104.7744, GNorm = 2.3984, lr_0 = 1.9079e-04
Loss = 1.1444e-01, PNorm = 104.7860, GNorm = 1.3997, lr_0 = 1.9079e-04
Loss = 9.4155e-02, PNorm = 104.7983, GNorm = 1.4307, lr_0 = 1.9078e-04
Loss = 8.8716e-02, PNorm = 104.8116, GNorm = 1.1502, lr_0 = 1.9078e-04
Loss = 8.7974e-02, PNorm = 104.8244, GNorm = 2.6458, lr_0 = 1.9077e-04
Loss = 9.0847e-02, PNorm = 104.8363, GNorm = 1.4366, lr_0 = 1.9077e-04
Loss = 9.7793e-02, PNorm = 104.8458, GNorm = 0.9857, lr_0 = 1.9077e-04
Loss = 9.4491e-02, PNorm = 104.8564, GNorm = 2.2110, lr_0 = 1.9076e-04
Validation rmse = 37.917904
Epoch 14
Loss = 9.0091e-02, PNorm = 104.8685, GNorm = 2.5950, lr_0 = 1.9076e-04
Loss = 7.9865e-02, PNorm = 104.8822, GNorm = 0.7244, lr_0 = 1.9075e-04
Loss = 9.3708e-02, PNorm = 104.8964, GNorm = 1.9666, lr_0 = 1.9075e-04
Loss = 9.0617e-02, PNorm = 104.9089, GNorm = 1.9297, lr_0 = 1.9074e-04
Loss = 8.3879e-02, PNorm = 104.9195, GNorm = 0.6814, lr_0 = 1.9074e-04
Loss = 8.6567e-02, PNorm = 104.9317, GNorm = 2.9926, lr_0 = 1.9074e-04
Loss = 7.7758e-02, PNorm = 104.9419, GNorm = 1.9174, lr_0 = 1.9073e-04
Loss = 8.3183e-02, PNorm = 104.9534, GNorm = 1.3217, lr_0 = 1.9073e-04
Loss = 8.1727e-02, PNorm = 104.9647, GNorm = 0.9731, lr_0 = 1.9072e-04
Loss = 8.5862e-02, PNorm = 104.9747, GNorm = 2.1445, lr_0 = 1.9072e-04
Loss = 8.5657e-02, PNorm = 104.9852, GNorm = 1.0603, lr_0 = 1.9072e-04
Loss = 9.6507e-02, PNorm = 104.9959, GNorm = 0.9625, lr_0 = 1.9071e-04
Loss = 8.5226e-02, PNorm = 105.0066, GNorm = 1.9873, lr_0 = 1.9071e-04
Loss = 9.8028e-02, PNorm = 105.0217, GNorm = 2.3184, lr_0 = 1.9070e-04
Loss = 1.0040e-01, PNorm = 105.0352, GNorm = 1.1354, lr_0 = 1.9070e-04
Loss = 7.7026e-02, PNorm = 105.0479, GNorm = 0.8019, lr_0 = 1.9070e-04
Loss = 8.0756e-02, PNorm = 105.0599, GNorm = 0.6656, lr_0 = 1.9069e-04
Validation rmse = 37.774806
Epoch 15
Loss = 8.4871e-02, PNorm = 105.0713, GNorm = 1.1960, lr_0 = 1.9069e-04
Loss = 7.3473e-02, PNorm = 105.0814, GNorm = 0.9745, lr_0 = 1.9068e-04
Loss = 7.8091e-02, PNorm = 105.0915, GNorm = 0.9865, lr_0 = 1.9068e-04
Loss = 8.9834e-02, PNorm = 105.1053, GNorm = 1.1795, lr_0 = 1.9067e-04
Loss = 8.5014e-02, PNorm = 105.1157, GNorm = 1.6658, lr_0 = 1.9067e-04
Loss = 8.8624e-02, PNorm = 105.1286, GNorm = 1.2959, lr_0 = 1.9067e-04
Loss = 6.8380e-02, PNorm = 105.1393, GNorm = 0.6906, lr_0 = 1.9066e-04
Loss = 7.6406e-02, PNorm = 105.1486, GNorm = 0.8298, lr_0 = 1.9066e-04
Loss = 8.6782e-02, PNorm = 105.1583, GNorm = 1.0840, lr_0 = 1.9065e-04
Loss = 8.0317e-02, PNorm = 105.1695, GNorm = 1.9984, lr_0 = 1.9065e-04
Loss = 7.9485e-02, PNorm = 105.1819, GNorm = 0.9907, lr_0 = 1.9065e-04
Loss = 8.4297e-02, PNorm = 105.1940, GNorm = 1.0542, lr_0 = 1.9064e-04
Loss = 8.1369e-02, PNorm = 105.2099, GNorm = 2.2459, lr_0 = 1.9064e-04
Loss = 8.5583e-02, PNorm = 105.2207, GNorm = 1.8629, lr_0 = 1.9063e-04
Loss = 1.0008e-01, PNorm = 105.2316, GNorm = 0.8565, lr_0 = 1.9063e-04
Loss = 7.4333e-02, PNorm = 105.2443, GNorm = 0.5498, lr_0 = 1.9062e-04
Loss = 7.2522e-02, PNorm = 105.2593, GNorm = 1.4198, lr_0 = 1.9062e-04
Loss = 7.5168e-02, PNorm = 105.2685, GNorm = 1.1523, lr_0 = 1.9062e-04
Validation rmse = 35.682614
Epoch 16
Loss = 6.7754e-02, PNorm = 105.2785, GNorm = 0.8851, lr_0 = 1.9061e-04
Loss = 6.7021e-02, PNorm = 105.2906, GNorm = 0.6535, lr_0 = 1.9061e-04
Loss = 7.6017e-02, PNorm = 105.3002, GNorm = 0.9049, lr_0 = 1.9060e-04
Loss = 7.0082e-02, PNorm = 105.3109, GNorm = 1.1374, lr_0 = 1.9060e-04
Loss = 8.2889e-02, PNorm = 105.3227, GNorm = 1.2171, lr_0 = 1.9059e-04
Loss = 8.5215e-02, PNorm = 105.3343, GNorm = 0.5838, lr_0 = 1.9059e-04
Loss = 9.4178e-02, PNorm = 105.3450, GNorm = 1.5546, lr_0 = 1.9059e-04
Loss = 7.8591e-02, PNorm = 105.3543, GNorm = 0.7938, lr_0 = 1.9058e-04
Loss = 7.8500e-02, PNorm = 105.3671, GNorm = 1.4244, lr_0 = 1.9058e-04
Loss = 7.5621e-02, PNorm = 105.3793, GNorm = 0.7932, lr_0 = 1.9057e-04
Loss = 6.9996e-02, PNorm = 105.3899, GNorm = 0.8263, lr_0 = 1.9057e-04
Loss = 7.1871e-02, PNorm = 105.3968, GNorm = 1.7068, lr_0 = 1.9057e-04
Loss = 8.7892e-02, PNorm = 105.4086, GNorm = 1.9849, lr_0 = 1.9056e-04
Loss = 7.2898e-02, PNorm = 105.4153, GNorm = 0.5594, lr_0 = 1.9056e-04
Loss = 9.3471e-02, PNorm = 105.4291, GNorm = 1.2117, lr_0 = 1.9055e-04
Loss = 8.4820e-02, PNorm = 105.4435, GNorm = 2.1320, lr_0 = 1.9055e-04
Loss = 7.2726e-02, PNorm = 105.4553, GNorm = 1.6433, lr_0 = 1.9055e-04
Loss = 5.8295e-02, PNorm = 105.4677, GNorm = 1.0731, lr_0 = 1.9054e-04
Validation rmse = 39.058351
Epoch 17
Loss = 6.9579e-02, PNorm = 105.4777, GNorm = 1.0226, lr_0 = 1.9054e-04
Loss = 6.0749e-02, PNorm = 105.4839, GNorm = 0.6622, lr_0 = 1.9053e-04
Loss = 6.5346e-02, PNorm = 105.4935, GNorm = 1.6723, lr_0 = 1.9053e-04
Loss = 5.9204e-02, PNorm = 105.5033, GNorm = 1.1089, lr_0 = 1.9052e-04
Loss = 6.6973e-02, PNorm = 105.5152, GNorm = 0.8019, lr_0 = 1.9052e-04
Loss = 6.9910e-02, PNorm = 105.5234, GNorm = 1.7298, lr_0 = 1.9052e-04
Loss = 9.1984e-02, PNorm = 105.5355, GNorm = 0.7946, lr_0 = 1.9051e-04
Loss = 7.6724e-02, PNorm = 105.5472, GNorm = 2.5853, lr_0 = 1.9051e-04
Loss = 9.0519e-02, PNorm = 105.5667, GNorm = 3.1185, lr_0 = 1.9050e-04
Loss = 8.4188e-02, PNorm = 105.5815, GNorm = 1.0879, lr_0 = 1.9050e-04
Loss = 7.5829e-02, PNorm = 105.5958, GNorm = 0.6987, lr_0 = 1.9050e-04
Loss = 8.1571e-02, PNorm = 105.6104, GNorm = 1.4574, lr_0 = 1.9049e-04
Loss = 6.9666e-02, PNorm = 105.6275, GNorm = 0.8457, lr_0 = 1.9049e-04
Loss = 7.0222e-02, PNorm = 105.6433, GNorm = 0.8885, lr_0 = 1.9048e-04
Loss = 7.4001e-02, PNorm = 105.6542, GNorm = 1.7970, lr_0 = 1.9048e-04
Loss = 8.5543e-02, PNorm = 105.6677, GNorm = 2.1421, lr_0 = 1.9047e-04
Loss = 8.0497e-02, PNorm = 105.6818, GNorm = 1.3478, lr_0 = 1.9047e-04
Validation rmse = 33.197820
Epoch 18
Loss = 5.9934e-02, PNorm = 105.6957, GNorm = 0.6940, lr_0 = 1.9047e-04
Loss = 5.9409e-02, PNorm = 105.7100, GNorm = 0.6352, lr_0 = 1.9046e-04
Loss = 6.9519e-02, PNorm = 105.7199, GNorm = 1.2703, lr_0 = 1.9046e-04
Loss = 7.1885e-02, PNorm = 105.7320, GNorm = 1.3716, lr_0 = 1.9045e-04
Loss = 7.1026e-02, PNorm = 105.7424, GNorm = 1.4910, lr_0 = 1.9045e-04
Loss = 7.0011e-02, PNorm = 105.7526, GNorm = 0.7464, lr_0 = 1.9045e-04
Loss = 6.2073e-02, PNorm = 105.7642, GNorm = 1.9885, lr_0 = 1.9044e-04
Loss = 6.4582e-02, PNorm = 105.7737, GNorm = 1.3186, lr_0 = 1.9044e-04
Loss = 6.7542e-02, PNorm = 105.7852, GNorm = 1.0407, lr_0 = 1.9043e-04
Loss = 7.1463e-02, PNorm = 105.7963, GNorm = 0.8754, lr_0 = 1.9043e-04
Loss = 7.4647e-02, PNorm = 105.8086, GNorm = 1.1701, lr_0 = 1.9042e-04
Loss = 6.2155e-02, PNorm = 105.8212, GNorm = 0.7933, lr_0 = 1.9042e-04
Loss = 7.1745e-02, PNorm = 105.8374, GNorm = 1.6722, lr_0 = 1.9042e-04
Loss = 8.7914e-02, PNorm = 105.8480, GNorm = 0.8517, lr_0 = 1.9041e-04
Loss = 7.0875e-02, PNorm = 105.8579, GNorm = 1.5446, lr_0 = 1.9041e-04
Loss = 6.1846e-02, PNorm = 105.8708, GNorm = 1.3267, lr_0 = 1.9040e-04
Loss = 6.7341e-02, PNorm = 105.8836, GNorm = 1.0490, lr_0 = 1.9040e-04
Loss = 7.4224e-02, PNorm = 105.8927, GNorm = 1.7302, lr_0 = 1.9040e-04
Validation rmse = 34.469791
Epoch 19
Loss = 6.2476e-02, PNorm = 105.9036, GNorm = 0.9006, lr_0 = 1.9039e-04
Loss = 6.8237e-02, PNorm = 105.9159, GNorm = 2.2501, lr_0 = 1.9039e-04
Loss = 7.5240e-02, PNorm = 105.9258, GNorm = 0.7524, lr_0 = 1.9038e-04
Loss = 6.2033e-02, PNorm = 105.9371, GNorm = 0.7439, lr_0 = 1.9038e-04
Loss = 6.1033e-02, PNorm = 105.9481, GNorm = 0.9673, lr_0 = 1.9037e-04
Loss = 6.3627e-02, PNorm = 105.9567, GNorm = 2.0717, lr_0 = 1.9037e-04
Loss = 5.8971e-02, PNorm = 105.9655, GNorm = 1.8874, lr_0 = 1.9037e-04
Loss = 6.9498e-02, PNorm = 105.9802, GNorm = 0.9362, lr_0 = 1.9036e-04
Loss = 5.3455e-02, PNorm = 105.9888, GNorm = 0.8706, lr_0 = 1.9036e-04
Loss = 6.5841e-02, PNorm = 105.9980, GNorm = 1.1517, lr_0 = 1.9035e-04
Loss = 7.5426e-02, PNorm = 106.0098, GNorm = 0.9073, lr_0 = 1.9035e-04
Loss = 6.9612e-02, PNorm = 106.0246, GNorm = 1.4407, lr_0 = 1.9035e-04
Loss = 6.5149e-02, PNorm = 106.0364, GNorm = 0.5949, lr_0 = 1.9034e-04
Loss = 8.2720e-02, PNorm = 106.0487, GNorm = 2.5598, lr_0 = 1.9034e-04
Loss = 7.7933e-02, PNorm = 106.0657, GNorm = 1.7940, lr_0 = 1.9033e-04
Loss = 6.7955e-02, PNorm = 106.0833, GNorm = 1.1694, lr_0 = 1.9033e-04
Loss = 6.3669e-02, PNorm = 106.0958, GNorm = 0.9779, lr_0 = 1.9032e-04
Loss = 6.2502e-02, PNorm = 106.1065, GNorm = 1.0627, lr_0 = 1.9032e-04
Validation rmse = 32.708935
Epoch 20
Loss = 5.7287e-02, PNorm = 106.1156, GNorm = 0.9775, lr_0 = 1.9032e-04
Loss = 6.6697e-02, PNorm = 106.1277, GNorm = 1.3342, lr_0 = 1.9031e-04
Loss = 6.2278e-02, PNorm = 106.1422, GNorm = 1.4212, lr_0 = 1.9031e-04
Loss = 6.6822e-02, PNorm = 106.1535, GNorm = 2.1952, lr_0 = 1.9030e-04
Loss = 7.0846e-02, PNorm = 106.1649, GNorm = 1.7094, lr_0 = 1.9030e-04
Loss = 6.0505e-02, PNorm = 106.1776, GNorm = 0.5553, lr_0 = 1.9030e-04
Loss = 6.3104e-02, PNorm = 106.1876, GNorm = 0.8906, lr_0 = 1.9029e-04
Loss = 5.9389e-02, PNorm = 106.1988, GNorm = 0.6950, lr_0 = 1.9029e-04
Loss = 5.4309e-02, PNorm = 106.2088, GNorm = 0.7378, lr_0 = 1.9028e-04
Loss = 7.2951e-02, PNorm = 106.2200, GNorm = 2.7591, lr_0 = 1.9028e-04
Loss = 6.5018e-02, PNorm = 106.2331, GNorm = 0.9427, lr_0 = 1.9028e-04
Loss = 6.5119e-02, PNorm = 106.2448, GNorm = 1.8529, lr_0 = 1.9027e-04
Loss = 5.6297e-02, PNorm = 106.2558, GNorm = 0.9966, lr_0 = 1.9027e-04
Loss = 5.8866e-02, PNorm = 106.2693, GNorm = 0.6721, lr_0 = 1.9026e-04
Loss = 5.7189e-02, PNorm = 106.2811, GNorm = 0.8158, lr_0 = 1.9026e-04
Loss = 6.1413e-02, PNorm = 106.2880, GNorm = 0.9338, lr_0 = 1.9025e-04
Loss = 6.1161e-02, PNorm = 106.2957, GNorm = 2.0056, lr_0 = 1.9025e-04
Validation rmse = 32.782688
Epoch 21
Loss = 6.4951e-02, PNorm = 106.3093, GNorm = 1.3865, lr_0 = 1.9025e-04
Loss = 6.5984e-02, PNorm = 106.3210, GNorm = 0.6825, lr_0 = 1.9024e-04
Loss = 5.9526e-02, PNorm = 106.3359, GNorm = 0.6333, lr_0 = 1.9024e-04
Loss = 4.4493e-02, PNorm = 106.3459, GNorm = 1.0366, lr_0 = 1.9023e-04
Loss = 6.3997e-02, PNorm = 106.3544, GNorm = 2.4761, lr_0 = 1.9023e-04
Loss = 6.6456e-02, PNorm = 106.3664, GNorm = 0.9519, lr_0 = 1.9023e-04
Loss = 5.9452e-02, PNorm = 106.3782, GNorm = 0.6915, lr_0 = 1.9022e-04
Loss = 7.2863e-02, PNorm = 106.3900, GNorm = 2.3723, lr_0 = 1.9022e-04
Loss = 7.1552e-02, PNorm = 106.4043, GNorm = 1.3097, lr_0 = 1.9021e-04
Loss = 7.1381e-02, PNorm = 106.4185, GNorm = 0.8085, lr_0 = 1.9021e-04
Loss = 6.1509e-02, PNorm = 106.4319, GNorm = 2.8507, lr_0 = 1.9020e-04
Loss = 8.5265e-02, PNorm = 106.4438, GNorm = 2.4603, lr_0 = 1.9020e-04
Loss = 6.7585e-02, PNorm = 106.4600, GNorm = 1.6889, lr_0 = 1.9020e-04
Loss = 6.1167e-02, PNorm = 106.4710, GNorm = 0.7904, lr_0 = 1.9019e-04
Loss = 6.2036e-02, PNorm = 106.4768, GNorm = 1.7478, lr_0 = 1.9019e-04
Loss = 6.1699e-02, PNorm = 106.4882, GNorm = 0.7644, lr_0 = 1.9018e-04
Loss = 6.1220e-02, PNorm = 106.5008, GNorm = 1.1528, lr_0 = 1.9018e-04
Loss = 6.3111e-02, PNorm = 106.5118, GNorm = 0.8703, lr_0 = 1.9018e-04
Validation rmse = 35.951559
Epoch 22
Loss = 7.3073e-02, PNorm = 106.5247, GNorm = 2.2404, lr_0 = 1.9017e-04
Loss = 5.9575e-02, PNorm = 106.5388, GNorm = 0.6502, lr_0 = 1.9017e-04
Loss = 5.9225e-02, PNorm = 106.5552, GNorm = 0.4700, lr_0 = 1.9016e-04
Loss = 5.8748e-02, PNorm = 106.5676, GNorm = 0.9147, lr_0 = 1.9016e-04
Loss = 5.0170e-02, PNorm = 106.5767, GNorm = 1.4390, lr_0 = 1.9015e-04
Loss = 5.1189e-02, PNorm = 106.5852, GNorm = 0.5784, lr_0 = 1.9015e-04
Loss = 5.4537e-02, PNorm = 106.5969, GNorm = 1.8365, lr_0 = 1.9015e-04
Loss = 5.4463e-02, PNorm = 106.6054, GNorm = 1.0972, lr_0 = 1.9014e-04
Loss = 5.8189e-02, PNorm = 106.6148, GNorm = 0.6569, lr_0 = 1.9014e-04
Loss = 5.6772e-02, PNorm = 106.6271, GNorm = 0.7833, lr_0 = 1.9013e-04
Loss = 5.8881e-02, PNorm = 106.6387, GNorm = 1.2840, lr_0 = 1.9013e-04
Loss = 6.1876e-02, PNorm = 106.6488, GNorm = 1.0531, lr_0 = 1.9013e-04
Loss = 6.8143e-02, PNorm = 106.6619, GNorm = 1.0757, lr_0 = 1.9012e-04
Loss = 6.3997e-02, PNorm = 106.6752, GNorm = 2.1803, lr_0 = 1.9012e-04
Loss = 6.8516e-02, PNorm = 106.6877, GNorm = 1.0852, lr_0 = 1.9011e-04
Loss = 6.3411e-02, PNorm = 106.7008, GNorm = 1.5809, lr_0 = 1.9011e-04
Loss = 6.1134e-02, PNorm = 106.7133, GNorm = 0.5797, lr_0 = 1.9011e-04
Loss = 6.5901e-02, PNorm = 106.7271, GNorm = 0.9893, lr_0 = 1.9010e-04
Loss = 4.4986e-02, PNorm = 106.7283, GNorm = 1.9041, lr_0 = 1.9010e-04
Validation rmse = 33.806647
Epoch 23
Loss = 5.8140e-02, PNorm = 106.7354, GNorm = 0.5752, lr_0 = 1.9010e-04
Loss = 5.1644e-02, PNorm = 106.7481, GNorm = 0.6630, lr_0 = 1.9009e-04
Loss = 5.6275e-02, PNorm = 106.7640, GNorm = 0.6122, lr_0 = 1.9009e-04
Loss = 5.3008e-02, PNorm = 106.7759, GNorm = 0.7428, lr_0 = 1.9008e-04
Loss = 5.4954e-02, PNorm = 106.7853, GNorm = 0.7901, lr_0 = 1.9008e-04
Loss = 5.1673e-02, PNorm = 106.7982, GNorm = 0.7870, lr_0 = 1.9008e-04
Loss = 5.7167e-02, PNorm = 106.8108, GNorm = 0.5858, lr_0 = 1.9007e-04
Loss = 4.8687e-02, PNorm = 106.8216, GNorm = 0.6072, lr_0 = 1.9007e-04
Loss = 5.9004e-02, PNorm = 106.8330, GNorm = 1.6866, lr_0 = 1.9006e-04
Loss = 5.4356e-02, PNorm = 106.8409, GNorm = 1.3056, lr_0 = 1.9006e-04
Loss = 6.8623e-02, PNorm = 106.8520, GNorm = 0.8241, lr_0 = 1.9005e-04
Loss = 6.7616e-02, PNorm = 106.8667, GNorm = 2.6196, lr_0 = 1.9005e-04
Loss = 6.1153e-02, PNorm = 106.8791, GNorm = 0.5042, lr_0 = 1.9005e-04
Loss = 6.7884e-02, PNorm = 106.8917, GNorm = 1.7151, lr_0 = 1.9004e-04
Loss = 6.1509e-02, PNorm = 106.9061, GNorm = 1.2758, lr_0 = 1.9004e-04
Loss = 6.2766e-02, PNorm = 106.9169, GNorm = 1.2703, lr_0 = 1.9003e-04
Loss = 4.9116e-02, PNorm = 106.9278, GNorm = 0.8879, lr_0 = 1.9003e-04
Validation rmse = 33.368432
Epoch 24
Loss = 6.2149e-02, PNorm = 106.9395, GNorm = 1.2190, lr_0 = 1.9003e-04
Loss = 6.1036e-02, PNorm = 106.9496, GNorm = 1.2105, lr_0 = 1.9002e-04
Loss = 5.2538e-02, PNorm = 106.9630, GNorm = 1.4475, lr_0 = 1.9002e-04
Loss = 6.7306e-02, PNorm = 106.9787, GNorm = 1.9391, lr_0 = 1.9001e-04
Loss = 6.2064e-02, PNorm = 106.9945, GNorm = 0.7529, lr_0 = 1.9001e-04
Loss = 6.5217e-02, PNorm = 107.0060, GNorm = 2.2211, lr_0 = 1.9001e-04
Loss = 5.5735e-02, PNorm = 107.0209, GNorm = 1.3557, lr_0 = 1.9000e-04
Loss = 5.8816e-02, PNorm = 107.0377, GNorm = 1.0301, lr_0 = 1.9000e-04
Loss = 5.7284e-02, PNorm = 107.0513, GNorm = 1.3285, lr_0 = 1.8999e-04
Loss = 5.6241e-02, PNorm = 107.0634, GNorm = 1.2550, lr_0 = 1.8999e-04
Loss = 4.4423e-02, PNorm = 107.0760, GNorm = 0.6137, lr_0 = 1.8998e-04
Loss = 4.5352e-02, PNorm = 107.0892, GNorm = 0.6374, lr_0 = 1.8998e-04
Loss = 5.4282e-02, PNorm = 107.0996, GNorm = 0.6330, lr_0 = 1.8998e-04
Loss = 6.3382e-02, PNorm = 107.1105, GNorm = 0.8711, lr_0 = 1.8997e-04
Loss = 5.1508e-02, PNorm = 107.1244, GNorm = 1.8028, lr_0 = 1.8997e-04
Loss = 7.4540e-02, PNorm = 107.1382, GNorm = 1.7977, lr_0 = 1.8996e-04
Loss = 5.8321e-02, PNorm = 107.1563, GNorm = 0.6995, lr_0 = 1.8996e-04
Loss = 6.1084e-02, PNorm = 107.1708, GNorm = 0.8732, lr_0 = 1.8996e-04
Validation rmse = 32.643816
Epoch 25
Loss = 6.2885e-02, PNorm = 107.1842, GNorm = 0.9809, lr_0 = 1.8995e-04
Loss = 5.2330e-02, PNorm = 107.1981, GNorm = 0.5800, lr_0 = 1.8995e-04
Loss = 5.7072e-02, PNorm = 107.2107, GNorm = 0.9198, lr_0 = 1.8994e-04
Loss = 5.6962e-02, PNorm = 107.2246, GNorm = 1.1940, lr_0 = 1.8994e-04
Loss = 5.3355e-02, PNorm = 107.2384, GNorm = 0.9018, lr_0 = 1.8993e-04
Loss = 5.9418e-02, PNorm = 107.2502, GNorm = 0.5172, lr_0 = 1.8993e-04
Loss = 4.7994e-02, PNorm = 107.2607, GNorm = 1.3904, lr_0 = 1.8993e-04
Loss = 5.0834e-02, PNorm = 107.2714, GNorm = 0.7636, lr_0 = 1.8992e-04
Loss = 5.0186e-02, PNorm = 107.2850, GNorm = 0.9210, lr_0 = 1.8992e-04
Loss = 5.5190e-02, PNorm = 107.2979, GNorm = 2.1786, lr_0 = 1.8991e-04
Loss = 4.9783e-02, PNorm = 107.3124, GNorm = 0.6507, lr_0 = 1.8991e-04
Loss = 5.2960e-02, PNorm = 107.3245, GNorm = 1.4165, lr_0 = 1.8991e-04
Loss = 5.3435e-02, PNorm = 107.3341, GNorm = 0.8829, lr_0 = 1.8990e-04
Loss = 5.7074e-02, PNorm = 107.3431, GNorm = 1.6309, lr_0 = 1.8990e-04
Loss = 5.6063e-02, PNorm = 107.3597, GNorm = 0.6798, lr_0 = 1.8989e-04
Loss = 5.4977e-02, PNorm = 107.3706, GNorm = 1.1903, lr_0 = 1.8989e-04
Loss = 4.4097e-02, PNorm = 107.3824, GNorm = 0.5790, lr_0 = 1.8989e-04
Loss = 4.8105e-02, PNorm = 107.3955, GNorm = 0.7969, lr_0 = 1.8988e-04
Loss = 4.1941e-02, PNorm = 107.3966, GNorm = 0.8841, lr_0 = 1.8988e-04
Validation rmse = 33.964713
Epoch 26
Loss = 5.0955e-02, PNorm = 107.4089, GNorm = 0.5359, lr_0 = 1.8988e-04
Loss = 6.6900e-02, PNorm = 107.4213, GNorm = 2.4402, lr_0 = 1.8987e-04
Loss = 5.8863e-02, PNorm = 107.4368, GNorm = 1.1660, lr_0 = 1.8987e-04
Loss = 6.0934e-02, PNorm = 107.4518, GNorm = 1.0306, lr_0 = 1.8986e-04
Loss = 4.7480e-02, PNorm = 107.4677, GNorm = 0.4746, lr_0 = 1.8986e-04
Loss = 5.1926e-02, PNorm = 107.4795, GNorm = 0.6238, lr_0 = 1.8986e-04
Loss = 4.7855e-02, PNorm = 107.4888, GNorm = 0.3468, lr_0 = 1.8985e-04
Loss = 4.7655e-02, PNorm = 107.4983, GNorm = 0.9943, lr_0 = 1.8985e-04
Loss = 5.3058e-02, PNorm = 107.5097, GNorm = 0.7194, lr_0 = 1.8984e-04
Loss = 4.4792e-02, PNorm = 107.5221, GNorm = 0.5440, lr_0 = 1.8984e-04
Loss = 4.7867e-02, PNorm = 107.5324, GNorm = 1.4435, lr_0 = 1.8984e-04
Loss = 4.4975e-02, PNorm = 107.5413, GNorm = 0.6527, lr_0 = 1.8983e-04
Loss = 4.5386e-02, PNorm = 107.5542, GNorm = 0.9358, lr_0 = 1.8983e-04
Loss = 4.5723e-02, PNorm = 107.5672, GNorm = 1.0010, lr_0 = 1.8982e-04
Loss = 4.7204e-02, PNorm = 107.5783, GNorm = 0.8585, lr_0 = 1.8982e-04
Loss = 4.9880e-02, PNorm = 107.5875, GNorm = 1.1449, lr_0 = 1.8981e-04
Loss = 5.3373e-02, PNorm = 107.6005, GNorm = 0.9010, lr_0 = 1.8981e-04
Validation rmse = 30.972642
Epoch 27
Loss = 3.9558e-02, PNorm = 107.6148, GNorm = 0.6220, lr_0 = 1.8981e-04
Loss = 4.4200e-02, PNorm = 107.6280, GNorm = 0.7216, lr_0 = 1.8980e-04
Loss = 5.1451e-02, PNorm = 107.6385, GNorm = 0.4898, lr_0 = 1.8980e-04
Loss = 4.6870e-02, PNorm = 107.6527, GNorm = 0.9415, lr_0 = 1.8979e-04
Loss = 5.1622e-02, PNorm = 107.6668, GNorm = 0.7069, lr_0 = 1.8979e-04
Loss = 5.4930e-02, PNorm = 107.6800, GNorm = 1.0258, lr_0 = 1.8979e-04
Loss = 5.7045e-02, PNorm = 107.6921, GNorm = 0.8425, lr_0 = 1.8978e-04
Loss = 6.3797e-02, PNorm = 107.7074, GNorm = 2.1554, lr_0 = 1.8978e-04
Loss = 5.8668e-02, PNorm = 107.7228, GNorm = 1.0337, lr_0 = 1.8977e-04
Loss = 5.9814e-02, PNorm = 107.7369, GNorm = 1.2320, lr_0 = 1.8977e-04
Loss = 4.3340e-02, PNorm = 107.7550, GNorm = 0.6117, lr_0 = 1.8977e-04
Loss = 4.9584e-02, PNorm = 107.7665, GNorm = 0.5850, lr_0 = 1.8976e-04
Loss = 5.3046e-02, PNorm = 107.7776, GNorm = 0.5939, lr_0 = 1.8976e-04
Loss = 4.7425e-02, PNorm = 107.7899, GNorm = 1.3799, lr_0 = 1.8975e-04
Loss = 5.1785e-02, PNorm = 107.8046, GNorm = 1.1688, lr_0 = 1.8975e-04
Loss = 4.1747e-02, PNorm = 107.8171, GNorm = 0.6282, lr_0 = 1.8974e-04
Loss = 4.5109e-02, PNorm = 107.8279, GNorm = 0.6282, lr_0 = 1.8974e-04
Loss = 5.7046e-02, PNorm = 107.8363, GNorm = 0.8418, lr_0 = 1.8974e-04
Validation rmse = 30.421568
Epoch 28
Loss = 5.1759e-02, PNorm = 107.8505, GNorm = 2.7672, lr_0 = 1.8973e-04
Loss = 5.3061e-02, PNorm = 107.8672, GNorm = 1.1202, lr_0 = 1.8973e-04
Loss = 4.8715e-02, PNorm = 107.8833, GNorm = 0.5711, lr_0 = 1.8972e-04
Loss = 6.0847e-02, PNorm = 107.8974, GNorm = 0.7418, lr_0 = 1.8972e-04
Loss = 5.3350e-02, PNorm = 107.9085, GNorm = 0.6124, lr_0 = 1.8972e-04
Loss = 4.3645e-02, PNorm = 107.9229, GNorm = 0.7819, lr_0 = 1.8971e-04
Loss = 4.7140e-02, PNorm = 107.9346, GNorm = 0.5579, lr_0 = 1.8971e-04
Loss = 4.5450e-02, PNorm = 107.9467, GNorm = 0.6515, lr_0 = 1.8970e-04
Loss = 4.1558e-02, PNorm = 107.9588, GNorm = 0.5099, lr_0 = 1.8970e-04
Loss = 4.9568e-02, PNorm = 107.9714, GNorm = 0.9080, lr_0 = 1.8969e-04
Loss = 4.7484e-02, PNorm = 107.9847, GNorm = 2.1097, lr_0 = 1.8969e-04
Loss = 5.2724e-02, PNorm = 107.9990, GNorm = 0.6374, lr_0 = 1.8969e-04
Loss = 6.7890e-02, PNorm = 108.0173, GNorm = 1.2862, lr_0 = 1.8968e-04
Loss = 5.1900e-02, PNorm = 108.0334, GNorm = 1.0500, lr_0 = 1.8968e-04
Loss = 5.1146e-02, PNorm = 108.0491, GNorm = 0.8056, lr_0 = 1.8967e-04
Loss = 5.4162e-02, PNorm = 108.0631, GNorm = 0.5729, lr_0 = 1.8967e-04
Loss = 5.2323e-02, PNorm = 108.0777, GNorm = 1.5461, lr_0 = 1.8967e-04
Loss = 4.6671e-02, PNorm = 108.0956, GNorm = 0.6851, lr_0 = 1.8966e-04
Validation rmse = 34.117117
Epoch 29
Loss = 4.7217e-02, PNorm = 108.1091, GNorm = 1.5127, lr_0 = 1.8966e-04
Loss = 5.2226e-02, PNorm = 108.1254, GNorm = 2.4461, lr_0 = 1.8965e-04
Loss = 5.6343e-02, PNorm = 108.1422, GNorm = 1.3896, lr_0 = 1.8965e-04
Loss = 4.8427e-02, PNorm = 108.1562, GNorm = 0.7123, lr_0 = 1.8964e-04
Loss = 4.8142e-02, PNorm = 108.1691, GNorm = 0.9736, lr_0 = 1.8964e-04
Loss = 4.7466e-02, PNorm = 108.1781, GNorm = 0.6684, lr_0 = 1.8964e-04
Loss = 5.2506e-02, PNorm = 108.1929, GNorm = 1.4681, lr_0 = 1.8963e-04
Loss = 6.3718e-02, PNorm = 108.2129, GNorm = 1.2418, lr_0 = 1.8963e-04
Loss = 5.6393e-02, PNorm = 108.2372, GNorm = 0.7107, lr_0 = 1.8962e-04
Loss = 5.6403e-02, PNorm = 108.2544, GNorm = 0.5701, lr_0 = 1.8962e-04
Loss = 4.9854e-02, PNorm = 108.2763, GNorm = 0.6650, lr_0 = 1.8962e-04
Loss = 4.3316e-02, PNorm = 108.2892, GNorm = 0.6232, lr_0 = 1.8961e-04
Loss = 4.6135e-02, PNorm = 108.2964, GNorm = 1.1373, lr_0 = 1.8961e-04
Loss = 4.0306e-02, PNorm = 108.3093, GNorm = 0.6263, lr_0 = 1.8960e-04
Loss = 4.8072e-02, PNorm = 108.3224, GNorm = 0.4759, lr_0 = 1.8960e-04
Loss = 4.6827e-02, PNorm = 108.3340, GNorm = 0.9473, lr_0 = 1.8960e-04
Loss = 4.7522e-02, PNorm = 108.3471, GNorm = 0.7734, lr_0 = 1.8959e-04
Validation rmse = 32.140980
Epoch 30
Loss = 5.1775e-02, PNorm = 108.3611, GNorm = 1.2556, lr_0 = 1.8959e-04
Loss = 5.6035e-02, PNorm = 108.3762, GNorm = 1.2202, lr_0 = 1.8958e-04
Loss = 4.4115e-02, PNorm = 108.3916, GNorm = 0.9841, lr_0 = 1.8958e-04
Loss = 5.6112e-02, PNorm = 108.4024, GNorm = 1.4129, lr_0 = 1.8957e-04
Loss = 3.5350e-02, PNorm = 108.4172, GNorm = 0.8471, lr_0 = 1.8957e-04
Loss = 4.4945e-02, PNorm = 108.4280, GNorm = 1.1733, lr_0 = 1.8957e-04
Loss = 4.8242e-02, PNorm = 108.4409, GNorm = 1.2611, lr_0 = 1.8956e-04
Loss = 4.9169e-02, PNorm = 108.4534, GNorm = 0.5814, lr_0 = 1.8956e-04
Loss = 5.1636e-02, PNorm = 108.4642, GNorm = 0.5920, lr_0 = 1.8955e-04
Loss = 4.2125e-02, PNorm = 108.4769, GNorm = 0.6334, lr_0 = 1.8955e-04
Loss = 5.2631e-02, PNorm = 108.4910, GNorm = 1.2749, lr_0 = 1.8955e-04
Loss = 4.6683e-02, PNorm = 108.5036, GNorm = 0.6230, lr_0 = 1.8954e-04
Loss = 4.8935e-02, PNorm = 108.5174, GNorm = 0.8169, lr_0 = 1.8954e-04
Loss = 4.2392e-02, PNorm = 108.5324, GNorm = 0.9664, lr_0 = 1.8953e-04
Loss = 4.2964e-02, PNorm = 108.5500, GNorm = 0.3799, lr_0 = 1.8953e-04
Loss = 5.1062e-02, PNorm = 108.5613, GNorm = 0.3888, lr_0 = 1.8952e-04
Loss = 5.8568e-02, PNorm = 108.5719, GNorm = 3.0248, lr_0 = 1.8952e-04
Loss = 5.6680e-02, PNorm = 108.5887, GNorm = 0.9624, lr_0 = 1.8952e-04
Validation rmse = 37.080820
Epoch 31
Loss = 4.7387e-02, PNorm = 108.6138, GNorm = 0.5147, lr_0 = 1.8951e-04
Loss = 4.4194e-02, PNorm = 108.6287, GNorm = 0.4980, lr_0 = 1.8951e-04
Loss = 4.7545e-02, PNorm = 108.6381, GNorm = 0.4843, lr_0 = 1.8950e-04
Loss = 4.1988e-02, PNorm = 108.6498, GNorm = 1.5192, lr_0 = 1.8950e-04
Loss = 4.4147e-02, PNorm = 108.6614, GNorm = 0.6220, lr_0 = 1.8950e-04
Loss = 4.8123e-02, PNorm = 108.6751, GNorm = 0.9667, lr_0 = 1.8949e-04
Loss = 4.6334e-02, PNorm = 108.6916, GNorm = 0.6741, lr_0 = 1.8949e-04
Loss = 4.7336e-02, PNorm = 108.7098, GNorm = 0.6689, lr_0 = 1.8948e-04
Loss = 4.5761e-02, PNorm = 108.7248, GNorm = 0.9275, lr_0 = 1.8948e-04
Loss = 5.0569e-02, PNorm = 108.7398, GNorm = 0.9742, lr_0 = 1.8948e-04
Loss = 4.2724e-02, PNorm = 108.7516, GNorm = 0.7662, lr_0 = 1.8947e-04
Loss = 5.2151e-02, PNorm = 108.7646, GNorm = 1.2930, lr_0 = 1.8947e-04
Loss = 5.3669e-02, PNorm = 108.7805, GNorm = 1.4850, lr_0 = 1.8946e-04
Loss = 4.2976e-02, PNorm = 108.7905, GNorm = 0.8536, lr_0 = 1.8946e-04
Loss = 5.7603e-02, PNorm = 108.8016, GNorm = 1.6118, lr_0 = 1.8945e-04
Loss = 4.2847e-02, PNorm = 108.8146, GNorm = 0.5931, lr_0 = 1.8945e-04
Loss = 6.2632e-02, PNorm = 108.8264, GNorm = 0.9334, lr_0 = 1.8945e-04
Validation rmse = 34.360110
Epoch 32
Loss = 4.3627e-02, PNorm = 108.8456, GNorm = 1.0899, lr_0 = 1.8944e-04
Loss = 4.4762e-02, PNorm = 108.8611, GNorm = 0.5832, lr_0 = 1.8944e-04
Loss = 4.2527e-02, PNorm = 108.8750, GNorm = 0.3847, lr_0 = 1.8943e-04
Loss = 4.4343e-02, PNorm = 108.8899, GNorm = 1.3913, lr_0 = 1.8943e-04
Loss = 5.0236e-02, PNorm = 108.9045, GNorm = 1.1819, lr_0 = 1.8943e-04
Loss = 4.5680e-02, PNorm = 108.9206, GNorm = 0.7089, lr_0 = 1.8942e-04
Loss = 3.7647e-02, PNorm = 108.9370, GNorm = 0.6978, lr_0 = 1.8942e-04
Loss = 3.8556e-02, PNorm = 108.9508, GNorm = 1.3490, lr_0 = 1.8941e-04
Loss = 4.7911e-02, PNorm = 108.9668, GNorm = 0.6396, lr_0 = 1.8941e-04
Loss = 5.2661e-02, PNorm = 108.9840, GNorm = 1.3793, lr_0 = 1.8940e-04
Loss = 4.5437e-02, PNorm = 109.0017, GNorm = 0.5435, lr_0 = 1.8940e-04
Loss = 4.0746e-02, PNorm = 109.0183, GNorm = 0.9972, lr_0 = 1.8940e-04
Loss = 4.7851e-02, PNorm = 109.0284, GNorm = 0.6482, lr_0 = 1.8939e-04
Loss = 4.7334e-02, PNorm = 109.0423, GNorm = 0.8400, lr_0 = 1.8939e-04
Loss = 4.7140e-02, PNorm = 109.0556, GNorm = 1.0831, lr_0 = 1.8938e-04
Loss = 4.5178e-02, PNorm = 109.0683, GNorm = 0.6600, lr_0 = 1.8938e-04
Loss = 4.3407e-02, PNorm = 109.0817, GNorm = 0.4644, lr_0 = 1.8938e-04
Loss = 4.9529e-02, PNorm = 109.0918, GNorm = 0.5277, lr_0 = 1.8937e-04
Validation rmse = 32.312047
Epoch 33
Loss = 3.7167e-02, PNorm = 109.1048, GNorm = 1.0091, lr_0 = 1.8937e-04
Loss = 4.3684e-02, PNorm = 109.1178, GNorm = 0.3906, lr_0 = 1.8936e-04
Loss = 4.3275e-02, PNorm = 109.1305, GNorm = 0.7348, lr_0 = 1.8936e-04
Loss = 4.1010e-02, PNorm = 109.1461, GNorm = 0.8048, lr_0 = 1.8936e-04
Loss = 4.2875e-02, PNorm = 109.1595, GNorm = 1.0467, lr_0 = 1.8935e-04
Loss = 4.4924e-02, PNorm = 109.1717, GNorm = 0.5330, lr_0 = 1.8935e-04
Loss = 3.9855e-02, PNorm = 109.1849, GNorm = 0.6231, lr_0 = 1.8934e-04
Loss = 4.4145e-02, PNorm = 109.1976, GNorm = 0.5559, lr_0 = 1.8934e-04
Loss = 4.6691e-02, PNorm = 109.2085, GNorm = 0.5246, lr_0 = 1.8933e-04
Loss = 4.5812e-02, PNorm = 109.2204, GNorm = 0.7384, lr_0 = 1.8933e-04
Loss = 4.8749e-02, PNorm = 109.2323, GNorm = 0.7480, lr_0 = 1.8933e-04
Loss = 4.8016e-02, PNorm = 109.2538, GNorm = 0.5798, lr_0 = 1.8932e-04
Loss = 4.3307e-02, PNorm = 109.2701, GNorm = 0.9262, lr_0 = 1.8932e-04
Loss = 4.6071e-02, PNorm = 109.2855, GNorm = 0.8159, lr_0 = 1.8931e-04
Loss = 4.5557e-02, PNorm = 109.3067, GNorm = 0.5597, lr_0 = 1.8931e-04
Loss = 4.6795e-02, PNorm = 109.3204, GNorm = 0.9161, lr_0 = 1.8931e-04
Loss = 4.3673e-02, PNorm = 109.3319, GNorm = 0.9973, lr_0 = 1.8930e-04
Loss = 3.9653e-02, PNorm = 109.3427, GNorm = 0.6373, lr_0 = 1.8930e-04
Validation rmse = 31.940983
Epoch 34
Loss = 4.4944e-02, PNorm = 109.3513, GNorm = 0.6626, lr_0 = 1.8929e-04
Loss = 4.2901e-02, PNorm = 109.3674, GNorm = 1.0361, lr_0 = 1.8929e-04
Loss = 4.2114e-02, PNorm = 109.3808, GNorm = 0.6483, lr_0 = 1.8929e-04
Loss = 4.1263e-02, PNorm = 109.3992, GNorm = 0.5681, lr_0 = 1.8928e-04
Loss = 4.0574e-02, PNorm = 109.4144, GNorm = 0.9090, lr_0 = 1.8928e-04
Loss = 3.6443e-02, PNorm = 109.4260, GNorm = 0.5668, lr_0 = 1.8927e-04
Loss = 4.9099e-02, PNorm = 109.4405, GNorm = 1.3986, lr_0 = 1.8927e-04
Loss = 4.3823e-02, PNorm = 109.4527, GNorm = 1.5815, lr_0 = 1.8926e-04
Loss = 4.1604e-02, PNorm = 109.4666, GNorm = 0.6811, lr_0 = 1.8926e-04
Loss = 4.2960e-02, PNorm = 109.4818, GNorm = 0.5719, lr_0 = 1.8926e-04
Loss = 4.2520e-02, PNorm = 109.4955, GNorm = 1.0167, lr_0 = 1.8925e-04
Loss = 4.5393e-02, PNorm = 109.5128, GNorm = 0.5614, lr_0 = 1.8925e-04
Loss = 4.3029e-02, PNorm = 109.5246, GNorm = 0.6273, lr_0 = 1.8924e-04
Loss = 4.1519e-02, PNorm = 109.5397, GNorm = 0.5194, lr_0 = 1.8924e-04
Loss = 3.7001e-02, PNorm = 109.5513, GNorm = 0.5363, lr_0 = 1.8924e-04
Loss = 4.7005e-02, PNorm = 109.5672, GNorm = 1.8483, lr_0 = 1.8923e-04
Loss = 4.2238e-02, PNorm = 109.5812, GNorm = 1.0125, lr_0 = 1.8923e-04
Validation rmse = 31.335074
Epoch 35
Loss = 4.9543e-02, PNorm = 109.5961, GNorm = 0.6388, lr_0 = 1.8922e-04
Loss = 3.6983e-02, PNorm = 109.6107, GNorm = 0.7406, lr_0 = 1.8922e-04
Loss = 3.8791e-02, PNorm = 109.6248, GNorm = 0.5966, lr_0 = 1.8921e-04
Loss = 4.7141e-02, PNorm = 109.6412, GNorm = 1.0968, lr_0 = 1.8921e-04
Loss = 4.1073e-02, PNorm = 109.6569, GNorm = 0.3811, lr_0 = 1.8921e-04
Loss = 4.6866e-02, PNorm = 109.6711, GNorm = 1.0013, lr_0 = 1.8920e-04
Loss = 4.6402e-02, PNorm = 109.6836, GNorm = 0.4129, lr_0 = 1.8920e-04
Loss = 4.8960e-02, PNorm = 109.7078, GNorm = 2.0927, lr_0 = 1.8919e-04
Loss = 5.5649e-02, PNorm = 109.7234, GNorm = 1.5624, lr_0 = 1.8919e-04
Loss = 4.5717e-02, PNorm = 109.7434, GNorm = 0.8278, lr_0 = 1.8919e-04
Loss = 4.5638e-02, PNorm = 109.7617, GNorm = 1.0153, lr_0 = 1.8918e-04
Loss = 3.9063e-02, PNorm = 109.7769, GNorm = 0.8396, lr_0 = 1.8918e-04
Loss = 4.0108e-02, PNorm = 109.7865, GNorm = 0.6897, lr_0 = 1.8917e-04
Loss = 3.8515e-02, PNorm = 109.7991, GNorm = 0.5248, lr_0 = 1.8917e-04
Loss = 3.6161e-02, PNorm = 109.8132, GNorm = 0.8666, lr_0 = 1.8917e-04
Loss = 3.7055e-02, PNorm = 109.8257, GNorm = 0.7742, lr_0 = 1.8916e-04
Loss = 4.3118e-02, PNorm = 109.8353, GNorm = 1.2025, lr_0 = 1.8916e-04
Loss = 4.5008e-02, PNorm = 109.8469, GNorm = 0.5268, lr_0 = 1.8915e-04
Validation rmse = 32.204530
Epoch 36
Loss = 4.6337e-02, PNorm = 109.8631, GNorm = 0.9388, lr_0 = 1.8915e-04
Loss = 3.9238e-02, PNorm = 109.8821, GNorm = 0.5624, lr_0 = 1.8914e-04
Loss = 3.8665e-02, PNorm = 109.8960, GNorm = 0.7796, lr_0 = 1.8914e-04
Loss = 4.7302e-02, PNorm = 109.9130, GNorm = 0.6435, lr_0 = 1.8914e-04
Loss = 4.0469e-02, PNorm = 109.9286, GNorm = 0.2954, lr_0 = 1.8913e-04
Loss = 4.3933e-02, PNorm = 109.9412, GNorm = 1.0693, lr_0 = 1.8913e-04
Loss = 4.1232e-02, PNorm = 109.9541, GNorm = 0.8845, lr_0 = 1.8912e-04
Loss = 4.8683e-02, PNorm = 109.9695, GNorm = 1.8946, lr_0 = 1.8912e-04
Loss = 4.0745e-02, PNorm = 109.9844, GNorm = 0.7146, lr_0 = 1.8912e-04
Loss = 3.9334e-02, PNorm = 109.9986, GNorm = 0.5754, lr_0 = 1.8911e-04
Loss = 3.6317e-02, PNorm = 110.0103, GNorm = 0.8248, lr_0 = 1.8911e-04
Loss = 3.8215e-02, PNorm = 110.0261, GNorm = 0.5347, lr_0 = 1.8910e-04
Loss = 3.8177e-02, PNorm = 110.0433, GNorm = 0.4408, lr_0 = 1.8910e-04
Loss = 4.3103e-02, PNorm = 110.0593, GNorm = 0.6417, lr_0 = 1.8910e-04
Loss = 3.8779e-02, PNorm = 110.0731, GNorm = 1.3023, lr_0 = 1.8909e-04
Loss = 4.6804e-02, PNorm = 110.0878, GNorm = 0.4228, lr_0 = 1.8909e-04
Loss = 4.3791e-02, PNorm = 110.1053, GNorm = 2.5523, lr_0 = 1.8908e-04
Loss = 4.1168e-02, PNorm = 110.1206, GNorm = 1.0719, lr_0 = 1.8908e-04
Validation rmse = 31.419365
Epoch 37
Loss = 4.4135e-02, PNorm = 110.1394, GNorm = 0.7416, lr_0 = 1.8907e-04
Loss = 4.4002e-02, PNorm = 110.1542, GNorm = 0.7351, lr_0 = 1.8907e-04
Loss = 4.0086e-02, PNorm = 110.1674, GNorm = 0.5645, lr_0 = 1.8907e-04
Loss = 4.3131e-02, PNorm = 110.1856, GNorm = 1.1873, lr_0 = 1.8906e-04
Loss = 3.9247e-02, PNorm = 110.2020, GNorm = 0.5988, lr_0 = 1.8906e-04
Loss = 4.0418e-02, PNorm = 110.2198, GNorm = 0.4364, lr_0 = 1.8905e-04
Loss = 4.4968e-02, PNorm = 110.2295, GNorm = 0.6308, lr_0 = 1.8905e-04
Loss = 4.5338e-02, PNorm = 110.2490, GNorm = 0.5245, lr_0 = 1.8905e-04
Loss = 3.6870e-02, PNorm = 110.2642, GNorm = 0.7210, lr_0 = 1.8904e-04
Loss = 3.6588e-02, PNorm = 110.2806, GNorm = 0.8102, lr_0 = 1.8904e-04
Loss = 4.1681e-02, PNorm = 110.2983, GNorm = 1.3542, lr_0 = 1.8903e-04
Loss = 4.3057e-02, PNorm = 110.3144, GNorm = 0.5917, lr_0 = 1.8903e-04
Loss = 3.5898e-02, PNorm = 110.3300, GNorm = 0.4501, lr_0 = 1.8902e-04
Loss = 3.3304e-02, PNorm = 110.3411, GNorm = 0.4787, lr_0 = 1.8902e-04
Loss = 4.2534e-02, PNorm = 110.3531, GNorm = 1.0077, lr_0 = 1.8902e-04
Loss = 3.4080e-02, PNorm = 110.3655, GNorm = 0.4910, lr_0 = 1.8901e-04
Loss = 4.5977e-02, PNorm = 110.3828, GNorm = 1.3613, lr_0 = 1.8901e-04
Validation rmse = 33.004496
Epoch 38
Loss = 4.5331e-02, PNorm = 110.3927, GNorm = 0.7791, lr_0 = 1.8900e-04
Loss = 3.6173e-02, PNorm = 110.4114, GNorm = 0.6301, lr_0 = 1.8900e-04
Loss = 3.7808e-02, PNorm = 110.4287, GNorm = 0.8176, lr_0 = 1.8900e-04
Loss = 3.6105e-02, PNorm = 110.4423, GNorm = 0.4049, lr_0 = 1.8899e-04
Loss = 3.6987e-02, PNorm = 110.4546, GNorm = 1.0278, lr_0 = 1.8899e-04
Loss = 3.7989e-02, PNorm = 110.4678, GNorm = 0.3829, lr_0 = 1.8898e-04
Loss = 3.9831e-02, PNorm = 110.4847, GNorm = 0.6470, lr_0 = 1.8898e-04
Loss = 3.7297e-02, PNorm = 110.4974, GNorm = 0.4027, lr_0 = 1.8898e-04
Loss = 3.3858e-02, PNorm = 110.5116, GNorm = 0.6344, lr_0 = 1.8897e-04
Loss = 3.9946e-02, PNorm = 110.5264, GNorm = 1.2293, lr_0 = 1.8897e-04
Loss = 4.2641e-02, PNorm = 110.5429, GNorm = 1.5645, lr_0 = 1.8896e-04
Loss = 4.8914e-02, PNorm = 110.5562, GNorm = 1.3398, lr_0 = 1.8896e-04
Loss = 3.9908e-02, PNorm = 110.5729, GNorm = 0.5512, lr_0 = 1.8895e-04
Loss = 3.9659e-02, PNorm = 110.5929, GNorm = 0.7514, lr_0 = 1.8895e-04
Loss = 3.5886e-02, PNorm = 110.6127, GNorm = 0.8705, lr_0 = 1.8895e-04
Loss = 3.9795e-02, PNorm = 110.6284, GNorm = 0.5289, lr_0 = 1.8894e-04
Loss = 4.2549e-02, PNorm = 110.6417, GNorm = 1.1826, lr_0 = 1.8894e-04
Loss = 3.9701e-02, PNorm = 110.6568, GNorm = 0.6080, lr_0 = 1.8893e-04
Validation rmse = 29.836443
Epoch 39
Loss = 3.5678e-02, PNorm = 110.6715, GNorm = 0.7546, lr_0 = 1.8893e-04
Loss = 3.5684e-02, PNorm = 110.6886, GNorm = 0.4593, lr_0 = 1.8893e-04
Loss = 3.1870e-02, PNorm = 110.7012, GNorm = 0.5743, lr_0 = 1.8892e-04
Loss = 4.5169e-02, PNorm = 110.7175, GNorm = 0.5484, lr_0 = 1.8892e-04
Loss = 4.0362e-02, PNorm = 110.7335, GNorm = 1.0024, lr_0 = 1.8891e-04
Loss = 4.2167e-02, PNorm = 110.7489, GNorm = 1.3018, lr_0 = 1.8891e-04
Loss = 4.6789e-02, PNorm = 110.7639, GNorm = 0.6167, lr_0 = 1.8891e-04
Loss = 3.9160e-02, PNorm = 110.7816, GNorm = 0.9770, lr_0 = 1.8890e-04
Loss = 4.3446e-02, PNorm = 110.7993, GNorm = 0.6494, lr_0 = 1.8890e-04
Loss = 4.3215e-02, PNorm = 110.8153, GNorm = 0.5130, lr_0 = 1.8889e-04
Loss = 4.7013e-02, PNorm = 110.8344, GNorm = 0.8952, lr_0 = 1.8889e-04
Loss = 3.6073e-02, PNorm = 110.8532, GNorm = 0.4942, lr_0 = 1.8888e-04
Loss = 4.1297e-02, PNorm = 110.8645, GNorm = 0.4177, lr_0 = 1.8888e-04
Loss = 3.5104e-02, PNorm = 110.8810, GNorm = 0.4525, lr_0 = 1.8888e-04
Loss = 3.7825e-02, PNorm = 110.8941, GNorm = 0.5813, lr_0 = 1.8887e-04
Loss = 3.3673e-02, PNorm = 110.9075, GNorm = 0.5944, lr_0 = 1.8887e-04
Loss = 3.4226e-02, PNorm = 110.9238, GNorm = 0.9360, lr_0 = 1.8886e-04
Loss = 3.7912e-02, PNorm = 110.9381, GNorm = 0.5723, lr_0 = 1.8886e-04
Validation rmse = 32.043061
Epoch 40
Loss = 3.9158e-02, PNorm = 110.9511, GNorm = 0.6491, lr_0 = 1.8886e-04
Loss = 3.6078e-02, PNorm = 110.9674, GNorm = 0.4515, lr_0 = 1.8885e-04
Loss = 3.9893e-02, PNorm = 110.9852, GNorm = 1.4520, lr_0 = 1.8885e-04
Loss = 3.5040e-02, PNorm = 111.0010, GNorm = 0.5492, lr_0 = 1.8884e-04
Loss = 3.6399e-02, PNorm = 111.0113, GNorm = 0.4421, lr_0 = 1.8884e-04
Loss = 3.2693e-02, PNorm = 111.0242, GNorm = 0.4675, lr_0 = 1.8884e-04
Loss = 3.2356e-02, PNorm = 111.0404, GNorm = 0.9455, lr_0 = 1.8883e-04
Loss = 4.4623e-02, PNorm = 111.0520, GNorm = 0.7949, lr_0 = 1.8883e-04
Loss = 3.6864e-02, PNorm = 111.0669, GNorm = 0.4232, lr_0 = 1.8882e-04
Loss = 3.5831e-02, PNorm = 111.0784, GNorm = 0.9536, lr_0 = 1.8882e-04
Loss = 3.3814e-02, PNorm = 111.0925, GNorm = 0.8079, lr_0 = 1.8881e-04
Loss = 3.5948e-02, PNorm = 111.1076, GNorm = 0.6585, lr_0 = 1.8881e-04
Loss = 3.5329e-02, PNorm = 111.1223, GNorm = 0.7566, lr_0 = 1.8881e-04
Loss = 3.6711e-02, PNorm = 111.1384, GNorm = 0.3795, lr_0 = 1.8880e-04
Loss = 3.9933e-02, PNorm = 111.1525, GNorm = 0.4479, lr_0 = 1.8880e-04
Loss = 3.4720e-02, PNorm = 111.1685, GNorm = 1.1524, lr_0 = 1.8879e-04
Loss = 4.0210e-02, PNorm = 111.1851, GNorm = 0.9709, lr_0 = 1.8879e-04
Validation rmse = 30.944724
Epoch 41
Loss = 4.3612e-02, PNorm = 111.1981, GNorm = 0.9242, lr_0 = 1.8879e-04
Loss = 3.7650e-02, PNorm = 111.2143, GNorm = 0.7656, lr_0 = 1.8878e-04
Loss = 2.9955e-02, PNorm = 111.2328, GNorm = 0.5754, lr_0 = 1.8878e-04
Loss = 3.2060e-02, PNorm = 111.2508, GNorm = 0.5499, lr_0 = 1.8877e-04
Loss = 4.0740e-02, PNorm = 111.2641, GNorm = 0.5786, lr_0 = 1.8877e-04
Loss = 4.4371e-02, PNorm = 111.2841, GNorm = 0.7347, lr_0 = 1.8876e-04
Loss = 3.4154e-02, PNorm = 111.3025, GNorm = 0.4167, lr_0 = 1.8876e-04
Loss = 4.3102e-02, PNorm = 111.3242, GNorm = 0.8281, lr_0 = 1.8876e-04
Loss = 3.2267e-02, PNorm = 111.3374, GNorm = 0.5610, lr_0 = 1.8875e-04
Loss = 3.0286e-02, PNorm = 111.3512, GNorm = 0.3762, lr_0 = 1.8875e-04
Loss = 3.0809e-02, PNorm = 111.3647, GNorm = 0.6601, lr_0 = 1.8874e-04
Loss = 3.5988e-02, PNorm = 111.3770, GNorm = 0.5743, lr_0 = 1.8874e-04
Loss = 4.0091e-02, PNorm = 111.3927, GNorm = 0.4120, lr_0 = 1.8874e-04
Loss = 3.6667e-02, PNorm = 111.4109, GNorm = 0.8404, lr_0 = 1.8873e-04
Loss = 3.4110e-02, PNorm = 111.4284, GNorm = 0.6925, lr_0 = 1.8873e-04
Loss = 3.5759e-02, PNorm = 111.4474, GNorm = 0.4957, lr_0 = 1.8872e-04
Loss = 3.5408e-02, PNorm = 111.4642, GNorm = 1.2824, lr_0 = 1.8872e-04
Loss = 3.5067e-02, PNorm = 111.4748, GNorm = 1.2657, lr_0 = 1.8872e-04
Validation rmse = 30.285707
Epoch 42
Loss = 4.0890e-02, PNorm = 111.4887, GNorm = 0.7737, lr_0 = 1.8871e-04
Loss = 3.1624e-02, PNorm = 111.5032, GNorm = 0.4937, lr_0 = 1.8871e-04
Loss = 2.8069e-02, PNorm = 111.5155, GNorm = 0.3565, lr_0 = 1.8870e-04
Loss = 3.2643e-02, PNorm = 111.5310, GNorm = 0.4938, lr_0 = 1.8870e-04
Loss = 3.6189e-02, PNorm = 111.5458, GNorm = 0.8677, lr_0 = 1.8869e-04
Loss = 3.8396e-02, PNorm = 111.5566, GNorm = 0.3387, lr_0 = 1.8869e-04
Loss = 4.1409e-02, PNorm = 111.5777, GNorm = 0.8406, lr_0 = 1.8869e-04
Loss = 3.2272e-02, PNorm = 111.5956, GNorm = 1.0500, lr_0 = 1.8868e-04
Loss = 3.7520e-02, PNorm = 111.6137, GNorm = 0.3553, lr_0 = 1.8868e-04
Loss = 3.1123e-02, PNorm = 111.6268, GNorm = 0.3998, lr_0 = 1.8867e-04
Loss = 3.0105e-02, PNorm = 111.6423, GNorm = 0.6990, lr_0 = 1.8867e-04
Loss = 3.6803e-02, PNorm = 111.6573, GNorm = 0.7832, lr_0 = 1.8867e-04
Loss = 3.2488e-02, PNorm = 111.6724, GNorm = 0.8768, lr_0 = 1.8866e-04
Loss = 3.5891e-02, PNorm = 111.6884, GNorm = 0.8854, lr_0 = 1.8866e-04
Loss = 3.6267e-02, PNorm = 111.7069, GNorm = 0.4658, lr_0 = 1.8865e-04
Loss = 3.5523e-02, PNorm = 111.7242, GNorm = 0.4685, lr_0 = 1.8865e-04
Loss = 3.2082e-02, PNorm = 111.7412, GNorm = 0.3757, lr_0 = 1.8865e-04
Loss = 3.4684e-02, PNorm = 111.7582, GNorm = 0.6772, lr_0 = 1.8864e-04
Validation rmse = 30.073803
Epoch 43
Loss = 2.9991e-02, PNorm = 111.7723, GNorm = 0.6290, lr_0 = 1.8864e-04
Loss = 3.1387e-02, PNorm = 111.7856, GNorm = 0.5828, lr_0 = 1.8863e-04
Loss = 3.4836e-02, PNorm = 111.8022, GNorm = 0.5299, lr_0 = 1.8863e-04
Loss = 3.3839e-02, PNorm = 111.8170, GNorm = 0.6489, lr_0 = 1.8863e-04
Loss = 3.3775e-02, PNorm = 111.8360, GNorm = 0.6911, lr_0 = 1.8862e-04
Loss = 3.0735e-02, PNorm = 111.8531, GNorm = 0.4839, lr_0 = 1.8862e-04
Loss = 3.3361e-02, PNorm = 111.8717, GNorm = 1.1331, lr_0 = 1.8861e-04
Loss = 3.6524e-02, PNorm = 111.8880, GNorm = 0.5583, lr_0 = 1.8861e-04
Loss = 4.0268e-02, PNorm = 111.9057, GNorm = 0.8096, lr_0 = 1.8860e-04
Loss = 3.8542e-02, PNorm = 111.9214, GNorm = 0.9955, lr_0 = 1.8860e-04
Loss = 3.6399e-02, PNorm = 111.9348, GNorm = 0.3645, lr_0 = 1.8860e-04
Loss = 3.0262e-02, PNorm = 111.9474, GNorm = 0.5473, lr_0 = 1.8859e-04
Loss = 3.3023e-02, PNorm = 111.9640, GNorm = 0.6520, lr_0 = 1.8859e-04
Loss = 3.4059e-02, PNorm = 111.9803, GNorm = 0.5701, lr_0 = 1.8858e-04
Loss = 3.2704e-02, PNorm = 111.9911, GNorm = 0.8864, lr_0 = 1.8858e-04
Loss = 3.6199e-02, PNorm = 112.0035, GNorm = 0.7364, lr_0 = 1.8858e-04
Loss = 3.9022e-02, PNorm = 112.0222, GNorm = 0.8413, lr_0 = 1.8857e-04
Validation rmse = 32.453335
Epoch 44
Loss = 5.2574e-02, PNorm = 112.0420, GNorm = 0.4309, lr_0 = 1.8857e-04
Loss = 3.3321e-02, PNorm = 112.0620, GNorm = 0.7746, lr_0 = 1.8856e-04
Loss = 3.1108e-02, PNorm = 112.0847, GNorm = 0.7641, lr_0 = 1.8856e-04
Loss = 2.8932e-02, PNorm = 112.0982, GNorm = 0.3543, lr_0 = 1.8855e-04
Loss = 3.0490e-02, PNorm = 112.1127, GNorm = 0.8408, lr_0 = 1.8855e-04
Loss = 3.8745e-02, PNorm = 112.1267, GNorm = 1.5003, lr_0 = 1.8855e-04
Loss = 3.2244e-02, PNorm = 112.1419, GNorm = 0.3833, lr_0 = 1.8854e-04
Loss = 3.2808e-02, PNorm = 112.1581, GNorm = 0.4309, lr_0 = 1.8854e-04
Loss = 3.8933e-02, PNorm = 112.1769, GNorm = 1.0068, lr_0 = 1.8853e-04
Loss = 3.8125e-02, PNorm = 112.1971, GNorm = 1.1659, lr_0 = 1.8853e-04
Loss = 4.1270e-02, PNorm = 112.2173, GNorm = 1.2342, lr_0 = 1.8853e-04
Loss = 3.7664e-02, PNorm = 112.2374, GNorm = 0.5566, lr_0 = 1.8852e-04
Loss = 3.3008e-02, PNorm = 112.2585, GNorm = 0.4123, lr_0 = 1.8852e-04
Loss = 3.2064e-02, PNorm = 112.2725, GNorm = 0.5303, lr_0 = 1.8851e-04
Loss = 3.3107e-02, PNorm = 112.2882, GNorm = 0.4136, lr_0 = 1.8851e-04
Loss = 3.2170e-02, PNorm = 112.3004, GNorm = 0.5752, lr_0 = 1.8851e-04
Loss = 3.4297e-02, PNorm = 112.3144, GNorm = 0.5702, lr_0 = 1.8850e-04
Loss = 3.7097e-02, PNorm = 112.3318, GNorm = 0.6047, lr_0 = 1.8850e-04
Validation rmse = 30.224240
Epoch 45
Loss = 3.3323e-02, PNorm = 112.3468, GNorm = 0.4065, lr_0 = 1.8849e-04
Loss = 3.8256e-02, PNorm = 112.3664, GNorm = 0.7353, lr_0 = 1.8849e-04
Loss = 3.2523e-02, PNorm = 112.3837, GNorm = 0.8542, lr_0 = 1.8849e-04
Loss = 3.1242e-02, PNorm = 112.3951, GNorm = 0.4931, lr_0 = 1.8848e-04
Loss = 2.6695e-02, PNorm = 112.4112, GNorm = 0.3241, lr_0 = 1.8848e-04
Loss = 2.9232e-02, PNorm = 112.4224, GNorm = 0.3823, lr_0 = 1.8847e-04
Loss = 2.9064e-02, PNorm = 112.4376, GNorm = 0.4968, lr_0 = 1.8847e-04
Loss = 3.2628e-02, PNorm = 112.4520, GNorm = 1.4495, lr_0 = 1.8846e-04
Loss = 4.0147e-02, PNorm = 112.4737, GNorm = 0.7273, lr_0 = 1.8846e-04
Loss = 3.7436e-02, PNorm = 112.4912, GNorm = 0.6363, lr_0 = 1.8846e-04
Loss = 3.3742e-02, PNorm = 112.5057, GNorm = 0.6185, lr_0 = 1.8845e-04
Loss = 3.3407e-02, PNorm = 112.5213, GNorm = 0.9209, lr_0 = 1.8845e-04
Loss = 3.5562e-02, PNorm = 112.5372, GNorm = 0.7292, lr_0 = 1.8844e-04
Loss = 2.9906e-02, PNorm = 112.5497, GNorm = 0.4469, lr_0 = 1.8844e-04
Loss = 3.4246e-02, PNorm = 112.5611, GNorm = 0.8407, lr_0 = 1.8844e-04
Loss = 3.1339e-02, PNorm = 112.5770, GNorm = 0.4654, lr_0 = 1.8843e-04
Loss = 3.3299e-02, PNorm = 112.5941, GNorm = 0.5134, lr_0 = 1.8843e-04
Loss = 4.0281e-02, PNorm = 112.6062, GNorm = 0.5467, lr_0 = 1.8842e-04
Validation rmse = 29.981539
Epoch 46
Loss = 2.7669e-02, PNorm = 112.6218, GNorm = 0.8219, lr_0 = 1.8842e-04
Loss = 3.4076e-02, PNorm = 112.6446, GNorm = 0.8000, lr_0 = 1.8841e-04
Loss = 3.4831e-02, PNorm = 112.6654, GNorm = 1.0473, lr_0 = 1.8841e-04
Loss = 3.7350e-02, PNorm = 112.6845, GNorm = 1.5854, lr_0 = 1.8841e-04
Loss = 5.1775e-02, PNorm = 112.7038, GNorm = 0.6103, lr_0 = 1.8840e-04
Loss = 4.2550e-02, PNorm = 112.7286, GNorm = 0.3834, lr_0 = 1.8840e-04
Loss = 3.1753e-02, PNorm = 112.7496, GNorm = 0.7948, lr_0 = 1.8839e-04
Loss = 3.9693e-02, PNorm = 112.7706, GNorm = 0.6524, lr_0 = 1.8839e-04
Loss = 3.7473e-02, PNorm = 112.7911, GNorm = 0.8767, lr_0 = 1.8839e-04
Loss = 3.8808e-02, PNorm = 112.8102, GNorm = 0.6922, lr_0 = 1.8838e-04
Loss = 3.2259e-02, PNorm = 112.8268, GNorm = 0.7091, lr_0 = 1.8838e-04
Loss = 3.3252e-02, PNorm = 112.8463, GNorm = 0.3264, lr_0 = 1.8837e-04
Loss = 3.6380e-02, PNorm = 112.8613, GNorm = 1.2569, lr_0 = 1.8837e-04
Loss = 3.4874e-02, PNorm = 112.8731, GNorm = 0.4048, lr_0 = 1.8837e-04
Loss = 3.1564e-02, PNorm = 112.8951, GNorm = 0.3285, lr_0 = 1.8836e-04
Loss = 3.5542e-02, PNorm = 112.9138, GNorm = 0.7115, lr_0 = 1.8836e-04
Loss = 3.6809e-02, PNorm = 112.9275, GNorm = 0.5308, lr_0 = 1.8835e-04
Validation rmse = 29.908943
Epoch 47
Loss = 2.7702e-02, PNorm = 112.9435, GNorm = 0.5026, lr_0 = 1.8835e-04
Loss = 2.7112e-02, PNorm = 112.9610, GNorm = 0.4651, lr_0 = 1.8835e-04
Loss = 3.1572e-02, PNorm = 112.9725, GNorm = 0.9896, lr_0 = 1.8834e-04
Loss = 3.5473e-02, PNorm = 112.9884, GNorm = 0.3585, lr_0 = 1.8834e-04
Loss = 3.3326e-02, PNorm = 113.0082, GNorm = 0.5340, lr_0 = 1.8833e-04
Loss = 3.4741e-02, PNorm = 113.0310, GNorm = 0.5967, lr_0 = 1.8833e-04
Loss = 4.5035e-02, PNorm = 113.0464, GNorm = 1.2159, lr_0 = 1.8832e-04
Loss = 3.0181e-02, PNorm = 113.0677, GNorm = 0.8710, lr_0 = 1.8832e-04
Loss = 3.3698e-02, PNorm = 113.0879, GNorm = 0.6703, lr_0 = 1.8832e-04
Loss = 3.4999e-02, PNorm = 113.1034, GNorm = 1.2252, lr_0 = 1.8831e-04
Loss = 4.3722e-02, PNorm = 113.1234, GNorm = 1.3749, lr_0 = 1.8831e-04
Loss = 3.8242e-02, PNorm = 113.1417, GNorm = 0.4968, lr_0 = 1.8830e-04
Loss = 2.9142e-02, PNorm = 113.1591, GNorm = 0.5492, lr_0 = 1.8830e-04
Loss = 3.0447e-02, PNorm = 113.1754, GNorm = 0.9318, lr_0 = 1.8830e-04
Loss = 3.1144e-02, PNorm = 113.1921, GNorm = 0.6202, lr_0 = 1.8829e-04
Loss = 3.1758e-02, PNorm = 113.2101, GNorm = 0.4554, lr_0 = 1.8829e-04
Loss = 3.5989e-02, PNorm = 113.2288, GNorm = 0.3417, lr_0 = 1.8828e-04
Loss = 3.1252e-02, PNorm = 113.2466, GNorm = 0.3229, lr_0 = 1.8828e-04
Validation rmse = 29.661534
Epoch 48
Loss = 2.5520e-02, PNorm = 113.2596, GNorm = 0.3934, lr_0 = 1.8828e-04
Loss = 2.7265e-02, PNorm = 113.2744, GNorm = 1.2743, lr_0 = 1.8827e-04
Loss = 2.9474e-02, PNorm = 113.2913, GNorm = 0.5764, lr_0 = 1.8827e-04
Loss = 3.1014e-02, PNorm = 113.3055, GNorm = 0.3248, lr_0 = 1.8826e-04
Loss = 3.9870e-02, PNorm = 113.3252, GNorm = 1.2926, lr_0 = 1.8826e-04
Loss = 3.7350e-02, PNorm = 113.3474, GNorm = 0.4932, lr_0 = 1.8825e-04
Loss = 3.3027e-02, PNorm = 113.3674, GNorm = 0.5732, lr_0 = 1.8825e-04
Loss = 2.8419e-02, PNorm = 113.3783, GNorm = 0.4868, lr_0 = 1.8825e-04
Loss = 2.8018e-02, PNorm = 113.3894, GNorm = 0.5902, lr_0 = 1.8824e-04
Loss = 3.0275e-02, PNorm = 113.4063, GNorm = 0.4742, lr_0 = 1.8824e-04
Loss = 3.6981e-02, PNorm = 113.4226, GNorm = 0.8407, lr_0 = 1.8823e-04
Loss = 3.2150e-02, PNorm = 113.4421, GNorm = 0.6573, lr_0 = 1.8823e-04
Loss = 3.7696e-02, PNorm = 113.4597, GNorm = 0.3989, lr_0 = 1.8823e-04
Loss = 3.4601e-02, PNorm = 113.4797, GNorm = 0.5282, lr_0 = 1.8822e-04
Loss = 3.3400e-02, PNorm = 113.4978, GNorm = 0.5037, lr_0 = 1.8822e-04
Loss = 3.5738e-02, PNorm = 113.5134, GNorm = 0.8822, lr_0 = 1.8821e-04
Loss = 3.2685e-02, PNorm = 113.5346, GNorm = 0.2956, lr_0 = 1.8821e-04
Loss = 2.6781e-02, PNorm = 113.5531, GNorm = 0.5933, lr_0 = 1.8821e-04
Validation rmse = 29.778465
Epoch 49
Loss = 2.9243e-02, PNorm = 113.5727, GNorm = 0.4857, lr_0 = 1.8820e-04
Loss = 2.6136e-02, PNorm = 113.5894, GNorm = 0.4216, lr_0 = 1.8820e-04
Loss = 3.1056e-02, PNorm = 113.6058, GNorm = 0.3130, lr_0 = 1.8819e-04
Loss = 3.0912e-02, PNorm = 113.6218, GNorm = 1.3203, lr_0 = 1.8819e-04
Loss = 3.3121e-02, PNorm = 113.6409, GNorm = 0.5802, lr_0 = 1.8818e-04
Loss = 2.9086e-02, PNorm = 113.6526, GNorm = 0.5785, lr_0 = 1.8818e-04
Loss = 3.5989e-02, PNorm = 113.6689, GNorm = 0.5135, lr_0 = 1.8818e-04
Loss = 2.7571e-02, PNorm = 113.6860, GNorm = 0.8292, lr_0 = 1.8817e-04
Loss = 3.1823e-02, PNorm = 113.7005, GNorm = 0.4375, lr_0 = 1.8817e-04
Loss = 2.8742e-02, PNorm = 113.7174, GNorm = 0.7244, lr_0 = 1.8816e-04
Loss = 3.6265e-02, PNorm = 113.7357, GNorm = 0.4914, lr_0 = 1.8816e-04
Loss = 2.8986e-02, PNorm = 113.7537, GNorm = 1.0610, lr_0 = 1.8816e-04
Loss = 3.7151e-02, PNorm = 113.7717, GNorm = 0.9701, lr_0 = 1.8815e-04
Loss = 2.9129e-02, PNorm = 113.7901, GNorm = 0.6047, lr_0 = 1.8815e-04
Loss = 2.9738e-02, PNorm = 113.8048, GNorm = 0.4850, lr_0 = 1.8815e-04
Loss = 3.1522e-02, PNorm = 113.8227, GNorm = 0.4032, lr_0 = 1.8815e-04
Loss = 2.8348e-02, PNorm = 113.8368, GNorm = 0.4908, lr_0 = 1.8815e-04
Validation rmse = 29.893040
Model 0 best validation rmse = 29.661534 on epoch 47
Loading pretrained parameter "encoder.encoder.0.cached_zero_vector".
Loading pretrained parameter "encoder.encoder.0.W_i.weight".
Loading pretrained parameter "encoder.encoder.0.W_h.weight".
Loading pretrained parameter "encoder.encoder.0.W_o.weight".
Loading pretrained parameter "encoder.encoder.0.W_o.bias".
Loading pretrained parameter "encoder.encoder.1.cached_zero_vector".
Loading pretrained parameter "encoder.encoder.1.W_i.weight".
Loading pretrained parameter "encoder.encoder.1.W_h.weight".
Loading pretrained parameter "encoder.encoder.1.W_o.weight".
Loading pretrained parameter "encoder.encoder.1.W_o.bias".
Loading pretrained parameter "ffn.1.weight".
Loading pretrained parameter "ffn.1.bias".
Loading pretrained parameter "ffn.4.weight".
Loading pretrained parameter "ffn.4.bias".
Moving model to cuda
Model 0 test rmse = 26.186551
Ensemble test rmse = 26.186551
1-fold cross validation
	Seed 0 ==> test rmse = 26.186551
Overall test rmse = 26.186551 +/- 0.000000
Elapsed time = 0:40:20
