Command line
python /home/kpg/chemprop/train.py --data_path ../../../data/splits/lambda_max_abs/deep4chem/group_by_smiles/smiles_target_train.csv --dataset_type regression --save_dir /home/kimele03/uvvisml/uvvisml/models/emi_all_checkpoints/group_by_smiles/results/507015/49669534 --config_path /home/kimele03/uvvisml/uvvisml/models/emi_all_checkpoints/group_by_smiles/results/507015/49669534/hyperopt.json --metric rmse --epochs 50 --gpu 0 --ensemble_size 1 --separate_val_path ../../../data/splits/lambda_max_abs/deep4chem/group_by_smiles/smiles_target_val.csv --separate_test_path ../../../data/splits/lambda_max_abs/deep4chem/group_by_smiles/smiles_target_test.csv --number_of_molecules 2
Args
{'activation': 'ReLU',
 'aggregation': 'mean',
 'aggregation_norm': 100,
 'atom_descriptor_scaling': True,
 'atom_descriptors': None,
 'atom_descriptors_path': None,
 'atom_descriptors_size': 0,
 'atom_features_size': 0,
 'atom_messages': False,
 'batch_size': 70,
 'bias': False,
 'bond_feature_scaling': True,
 'bond_features_path': None,
 'bond_features_size': 0,
 'cache_cutoff': 10000,
 'checkpoint_dir': None,
 'checkpoint_frzn': None,
 'checkpoint_path': None,
 'checkpoint_paths': None,
 'class_balance': False,
 'config_path': '/home/kimele03/uvvisml/uvvisml/models/emi_all_checkpoints/group_by_smiles/results/507015/49669534/hyperopt.json',
 'crossval_index_dir': None,
 'crossval_index_file': None,
 'crossval_index_sets': None,
 'cuda': True,
 'data_path': '../../../data/splits/lambda_max_abs/deep4chem/group_by_smiles/smiles_target_train.csv',
 'data_weights_path': None,
 'dataset_type': 'regression',
 'depth': 3,
 'device': device(type='cuda', index=0),
 'dropout': 0.3008804785334143,
 'empty_cache': False,
 'ensemble_size': 1,
 'epochs': 50,
 'explicit_h': False,
 'extra_metrics': [],
 'features_generator': None,
 'features_only': False,
 'features_path': None,
 'features_scaling': True,
 'features_size': None,
 'ffn_hidden_size': 1520,
 'ffn_num_layers': 3,
 'final_lr': 0.0004241584903570773,
 'folds_file': None,
 'freeze_first_only': False,
 'frzn_ffn_layers': 0,
 'gpu': 0,
 'grad_clip': None,
 'hidden_size': 1522,
 'ignore_columns': None,
 'init_lr': 8.42097729562659e-05,
 'log_frequency': 10,
 'max_data_size': None,
 'max_lr': 0.001,
 'metric': 'rmse',
 'metrics': ['rmse'],
 'minimize_score': True,
 'mpn_shared': False,
 'multiclass_num_classes': 3,
 'no_atom_descriptor_scaling': False,
 'no_bond_features_scaling': False,
 'no_cache_mol': False,
 'no_cuda': False,
 'no_features_scaling': False,
 'num_folds': 1,
 'num_lrs': 1,
 'num_tasks': 1,
 'num_workers': 8,
 'number_of_molecules': 2,
 'overwrite_default_atom_features': False,
 'overwrite_default_bond_features': False,
 'pytorch_seed': 0,
 'quiet': False,
 'reaction': False,
 'reaction_mode': 'reac_diff',
 'resume_experiment': False,
 'save_dir': '/home/kimele03/uvvisml/uvvisml/models/emi_all_checkpoints/group_by_smiles/results/507015/49669534',
 'save_preds': False,
 'save_smiles_splits': False,
 'seed': 0,
 'separate_test_atom_descriptors_path': None,
 'separate_test_bond_features_path': None,
 'separate_test_features_path': None,
 'separate_test_path': '../../../data/splits/lambda_max_abs/deep4chem/group_by_smiles/smiles_target_test.csv',
 'separate_val_atom_descriptors_path': None,
 'separate_val_bond_features_path': None,
 'separate_val_features_path': None,
 'separate_val_path': '../../../data/splits/lambda_max_abs/deep4chem/group_by_smiles/smiles_target_val.csv',
 'show_individual_scores': False,
 'smiles_columns': ['smiles', 'solvent'],
 'split_sizes': (0.8, 0.1, 0.1),
 'split_type': 'random',
 'target_columns': None,
 'target_weights': None,
 'task_names': ['peakwavs_max'],
 'test': False,
 'test_fold_index': None,
 'train_data_size': None,
 'undirected': False,
 'use_input_features': False,
 'val_fold_index': None,
 'warmup_epochs': 4}
Loading data
Number of tasks = 1
Fold 0
Splitting data with seed 0
Total size = 13,242 | train size = 13,242 | val size = 1,633 | test size = 1,710
Fitting scaler
Building model 0
MoleculeModel(
  (encoder): MPN(
    (encoder): ModuleList(
      (0): MPNEncoder(
        (dropout_layer): Dropout(p=0.3008804785334143, inplace=False)
        (act_func): ReLU()
        (W_i): Linear(in_features=147, out_features=1522, bias=False)
        (W_h): Linear(in_features=1522, out_features=1522, bias=False)
        (W_o): Linear(in_features=1655, out_features=1522, bias=True)
      )
      (1): MPNEncoder(
        (dropout_layer): Dropout(p=0.3008804785334143, inplace=False)
        (act_func): ReLU()
        (W_i): Linear(in_features=147, out_features=1522, bias=False)
        (W_h): Linear(in_features=1522, out_features=1522, bias=False)
        (W_o): Linear(in_features=1655, out_features=1522, bias=True)
      )
    )
  )
  (ffn): Sequential(
    (0): Dropout(p=0.3008804785334143, inplace=False)
    (1): Linear(in_features=3044, out_features=1520, bias=True)
    (2): ReLU()
    (3): Dropout(p=0.3008804785334143, inplace=False)
    (4): Linear(in_features=1520, out_features=1520, bias=True)
    (5): ReLU()
    (6): Dropout(p=0.3008804785334143, inplace=False)
    (7): Linear(in_features=1520, out_features=1, bias=True)
  )
)
Number of parameters = 17,066,185
Moving model to cuda
Epoch 0
Loss = 1.2524e+00, PNorm = 101.4952, GNorm = 3.3829, lr_0 = 9.7535e-05
Loss = 8.9683e-01, PNorm = 101.5030, GNorm = 4.2969, lr_0 = 1.0965e-04
Loss = 9.5030e-01, PNorm = 101.5117, GNorm = 4.2880, lr_0 = 1.2176e-04
Loss = 1.0401e+00, PNorm = 101.5218, GNorm = 4.9202, lr_0 = 1.3388e-04
Loss = 9.5377e-01, PNorm = 101.5329, GNorm = 4.2449, lr_0 = 1.4599e-04
Loss = 9.2757e-01, PNorm = 101.5459, GNorm = 5.3164, lr_0 = 1.5810e-04
Loss = 6.8272e-01, PNorm = 101.5612, GNorm = 4.6917, lr_0 = 1.7022e-04
Loss = 8.8939e-01, PNorm = 101.5753, GNorm = 3.5458, lr_0 = 1.8233e-04
Loss = 8.6460e-01, PNorm = 101.5922, GNorm = 3.0296, lr_0 = 1.9444e-04
Loss = 8.2266e-01, PNorm = 101.6120, GNorm = 3.9847, lr_0 = 2.0656e-04
Loss = 7.4080e-01, PNorm = 101.6329, GNorm = 2.2804, lr_0 = 2.1867e-04
Loss = 7.0339e-01, PNorm = 101.6600, GNorm = 3.6532, lr_0 = 2.3078e-04
Loss = 6.7618e-01, PNorm = 101.6844, GNorm = 6.8663, lr_0 = 2.4290e-04
Loss = 7.2281e-01, PNorm = 101.7183, GNorm = 1.3168, lr_0 = 2.5501e-04
Loss = 7.0176e-01, PNorm = 101.7485, GNorm = 3.3813, lr_0 = 2.6713e-04
Loss = 6.4951e-01, PNorm = 101.7839, GNorm = 2.2498, lr_0 = 2.7924e-04
Loss = 6.5662e-01, PNorm = 101.8188, GNorm = 1.3820, lr_0 = 2.9135e-04
Loss = 6.0115e-01, PNorm = 101.8544, GNorm = 4.5475, lr_0 = 3.0347e-04
Validation rmse = 77.030672
Epoch 1
Loss = 5.4670e-01, PNorm = 101.8921, GNorm = 2.2769, lr_0 = 3.1679e-04
Loss = 4.8485e-01, PNorm = 101.9317, GNorm = 5.1533, lr_0 = 3.2891e-04
Loss = 4.6461e-01, PNorm = 101.9711, GNorm = 4.9019, lr_0 = 3.4102e-04
Loss = 4.5254e-01, PNorm = 102.0168, GNorm = 4.2423, lr_0 = 3.5313e-04
Loss = 3.8387e-01, PNorm = 102.0648, GNorm = 2.4320, lr_0 = 3.6525e-04
Loss = 5.2885e-01, PNorm = 102.1096, GNorm = 1.5498, lr_0 = 3.7736e-04
Loss = 4.0803e-01, PNorm = 102.1637, GNorm = 7.9461, lr_0 = 3.8947e-04
Loss = 4.4321e-01, PNorm = 102.2125, GNorm = 1.2554, lr_0 = 4.0159e-04
Loss = 4.5176e-01, PNorm = 102.2629, GNorm = 1.9599, lr_0 = 4.1370e-04
Loss = 4.2242e-01, PNorm = 102.3040, GNorm = 2.5223, lr_0 = 4.2581e-04
Loss = 3.7427e-01, PNorm = 102.3502, GNorm = 3.0217, lr_0 = 4.3793e-04
Loss = 5.0415e-01, PNorm = 102.4009, GNorm = 5.5093, lr_0 = 4.5004e-04
Loss = 4.4525e-01, PNorm = 102.4718, GNorm = 1.5645, lr_0 = 4.6215e-04
Loss = 5.2618e-01, PNorm = 102.5444, GNorm = 6.2747, lr_0 = 4.7427e-04
Loss = 4.4266e-01, PNorm = 102.6032, GNorm = 1.9995, lr_0 = 4.8638e-04
Loss = 4.2297e-01, PNorm = 102.6683, GNorm = 2.3885, lr_0 = 4.9850e-04
Loss = 3.6457e-01, PNorm = 102.7245, GNorm = 3.0961, lr_0 = 5.1061e-04
Loss = 4.0417e-01, PNorm = 102.7720, GNorm = 1.7825, lr_0 = 5.2272e-04
Loss = 3.4737e-01, PNorm = 102.8326, GNorm = 3.0010, lr_0 = 5.3484e-04
Validation rmse = 65.100068
Epoch 2
Loss = 3.7294e-01, PNorm = 102.8987, GNorm = 2.7363, lr_0 = 5.4816e-04
Loss = 3.2007e-01, PNorm = 102.9529, GNorm = 2.1153, lr_0 = 5.6028e-04
Loss = 3.7055e-01, PNorm = 103.0147, GNorm = 1.5446, lr_0 = 5.7239e-04
Loss = 3.2141e-01, PNorm = 103.0680, GNorm = 1.1809, lr_0 = 5.8450e-04
Loss = 3.4746e-01, PNorm = 103.1261, GNorm = 2.7251, lr_0 = 5.9662e-04
Loss = 3.0216e-01, PNorm = 103.1871, GNorm = 2.1560, lr_0 = 6.0873e-04
Loss = 3.4903e-01, PNorm = 103.2499, GNorm = 3.3469, lr_0 = 6.2084e-04
Loss = 3.0961e-01, PNorm = 103.3176, GNorm = 4.5825, lr_0 = 6.3296e-04
Loss = 2.7794e-01, PNorm = 103.3875, GNorm = 1.2503, lr_0 = 6.4507e-04
Loss = 2.7909e-01, PNorm = 103.4577, GNorm = 1.8389, lr_0 = 6.5718e-04
Loss = 3.2889e-01, PNorm = 103.5333, GNorm = 2.0172, lr_0 = 6.6930e-04
Loss = 3.4013e-01, PNorm = 103.6242, GNorm = 0.9481, lr_0 = 6.8141e-04
Loss = 3.4199e-01, PNorm = 103.7016, GNorm = 3.5836, lr_0 = 6.9353e-04
Loss = 3.1792e-01, PNorm = 103.7874, GNorm = 1.7185, lr_0 = 7.0564e-04
Loss = 3.2751e-01, PNorm = 103.8678, GNorm = 1.8778, lr_0 = 7.1775e-04
Loss = 3.4536e-01, PNorm = 103.9659, GNorm = 1.8298, lr_0 = 7.2987e-04
Loss = 2.8324e-01, PNorm = 104.0563, GNorm = 3.4674, lr_0 = 7.4198e-04
Loss = 2.4376e-01, PNorm = 104.1557, GNorm = 1.1128, lr_0 = 7.5409e-04
Loss = 3.0569e-01, PNorm = 104.2370, GNorm = 1.9038, lr_0 = 7.6621e-04
Validation rmse = 58.227992
Epoch 3
Loss = 2.6688e-01, PNorm = 104.3338, GNorm = 2.5082, lr_0 = 7.7953e-04
Loss = 2.3668e-01, PNorm = 104.4130, GNorm = 2.6668, lr_0 = 7.9165e-04
Loss = 2.3449e-01, PNorm = 104.4915, GNorm = 1.3359, lr_0 = 8.0376e-04
Loss = 2.6237e-01, PNorm = 104.5884, GNorm = 2.0287, lr_0 = 8.1587e-04
Loss = 2.8708e-01, PNorm = 104.6794, GNorm = 5.3982, lr_0 = 8.2799e-04
Loss = 3.0803e-01, PNorm = 104.7842, GNorm = 3.3523, lr_0 = 8.4010e-04
Loss = 2.7529e-01, PNorm = 104.8812, GNorm = 2.2536, lr_0 = 8.5221e-04
Loss = 2.6909e-01, PNorm = 104.9948, GNorm = 1.0026, lr_0 = 8.6433e-04
Loss = 2.7363e-01, PNorm = 105.1247, GNorm = 2.3296, lr_0 = 8.7644e-04
Loss = 2.7688e-01, PNorm = 105.2627, GNorm = 1.9389, lr_0 = 8.8855e-04
Loss = 2.3694e-01, PNorm = 105.3897, GNorm = 2.1478, lr_0 = 9.0067e-04
Loss = 2.2217e-01, PNorm = 105.5039, GNorm = 1.1153, lr_0 = 9.1278e-04
Loss = 2.5819e-01, PNorm = 105.6158, GNorm = 0.6935, lr_0 = 9.2490e-04
Loss = 2.7280e-01, PNorm = 105.7389, GNorm = 1.3230, lr_0 = 9.3701e-04
Loss = 2.2758e-01, PNorm = 105.8441, GNorm = 2.0684, lr_0 = 9.4912e-04
Loss = 2.0635e-01, PNorm = 105.9696, GNorm = 2.5384, lr_0 = 9.6124e-04
Loss = 2.3876e-01, PNorm = 106.0941, GNorm = 1.9618, lr_0 = 9.7335e-04
Loss = 2.5004e-01, PNorm = 106.2220, GNorm = 1.5673, lr_0 = 9.8546e-04
Loss = 3.5525e-01, PNorm = 106.3963, GNorm = 0.6273, lr_0 = 9.9758e-04
Validation rmse = 60.608287
Epoch 4
Loss = 3.0148e-01, PNorm = 106.6254, GNorm = 3.2165, lr_0 = 9.9911e-04
Loss = 3.1777e-01, PNorm = 106.8418, GNorm = 1.6675, lr_0 = 9.9813e-04
Loss = 2.3494e-01, PNorm = 107.0184, GNorm = 1.9679, lr_0 = 9.9714e-04
Loss = 2.0062e-01, PNorm = 107.1558, GNorm = 0.7430, lr_0 = 9.9616e-04
Loss = 2.1258e-01, PNorm = 107.2667, GNorm = 1.0433, lr_0 = 9.9518e-04
Loss = 2.0971e-01, PNorm = 107.3756, GNorm = 2.8946, lr_0 = 9.9420e-04
Loss = 2.6416e-01, PNorm = 107.4998, GNorm = 1.7530, lr_0 = 9.9322e-04
Loss = 2.5413e-01, PNorm = 107.6472, GNorm = 2.7573, lr_0 = 9.9224e-04
Loss = 1.8668e-01, PNorm = 107.7834, GNorm = 0.8643, lr_0 = 9.9126e-04
Loss = 2.3802e-01, PNorm = 107.8992, GNorm = 1.7893, lr_0 = 9.9028e-04
Loss = 1.9081e-01, PNorm = 108.0174, GNorm = 2.6066, lr_0 = 9.8930e-04
Loss = 2.1300e-01, PNorm = 108.1264, GNorm = 0.9718, lr_0 = 9.8833e-04
Loss = 1.9496e-01, PNorm = 108.2271, GNorm = 1.2948, lr_0 = 9.8736e-04
Loss = 1.9062e-01, PNorm = 108.3254, GNorm = 2.5013, lr_0 = 9.8638e-04
Loss = 1.7120e-01, PNorm = 108.4280, GNorm = 1.1299, lr_0 = 9.8541e-04
Loss = 1.7516e-01, PNorm = 108.5234, GNorm = 1.2422, lr_0 = 9.8444e-04
Loss = 1.5667e-01, PNorm = 108.6035, GNorm = 0.9073, lr_0 = 9.8347e-04
Loss = 1.7558e-01, PNorm = 108.6991, GNorm = 0.5697, lr_0 = 9.8250e-04
Loss = 1.6196e-01, PNorm = 108.7908, GNorm = 2.6273, lr_0 = 9.8153e-04
Validation rmse = 50.855544
Epoch 5
Loss = 2.2600e-01, PNorm = 108.8989, GNorm = 2.1204, lr_0 = 9.8046e-04
Loss = 1.7886e-01, PNorm = 109.0418, GNorm = 2.3333, lr_0 = 9.7950e-04
Loss = 2.0068e-01, PNorm = 109.1607, GNorm = 1.0565, lr_0 = 9.7853e-04
Loss = 2.2189e-01, PNorm = 109.2766, GNorm = 2.0342, lr_0 = 9.7757e-04
Loss = 1.7333e-01, PNorm = 109.4012, GNorm = 1.0566, lr_0 = 9.7660e-04
Loss = 1.9274e-01, PNorm = 109.5168, GNorm = 1.1391, lr_0 = 9.7564e-04
Loss = 1.9239e-01, PNorm = 109.6244, GNorm = 0.9895, lr_0 = 9.7468e-04
Loss = 1.7103e-01, PNorm = 109.7240, GNorm = 0.8392, lr_0 = 9.7372e-04
Loss = 1.6712e-01, PNorm = 109.8291, GNorm = 3.2185, lr_0 = 9.7276e-04
Loss = 1.9957e-01, PNorm = 109.9280, GNorm = 1.0885, lr_0 = 9.7180e-04
Loss = 1.6707e-01, PNorm = 110.0399, GNorm = 2.3438, lr_0 = 9.7084e-04
Loss = 1.6323e-01, PNorm = 110.1483, GNorm = 1.1722, lr_0 = 9.6988e-04
Loss = 1.7602e-01, PNorm = 110.2407, GNorm = 0.9280, lr_0 = 9.6893e-04
Loss = 1.6812e-01, PNorm = 110.3471, GNorm = 2.2096, lr_0 = 9.6797e-04
Loss = 1.9231e-01, PNorm = 110.4621, GNorm = 1.8308, lr_0 = 9.6702e-04
Loss = 1.9724e-01, PNorm = 110.5795, GNorm = 0.9012, lr_0 = 9.6606e-04
Loss = 1.6483e-01, PNorm = 110.6753, GNorm = 1.1851, lr_0 = 9.6511e-04
Loss = 1.3668e-01, PNorm = 110.7730, GNorm = 1.7367, lr_0 = 9.6416e-04
Loss = 1.5975e-01, PNorm = 110.8697, GNorm = 2.0145, lr_0 = 9.6321e-04
Validation rmse = 42.809639
Epoch 6
Loss = 1.2504e-01, PNorm = 110.9597, GNorm = 0.8406, lr_0 = 9.6226e-04
Loss = 1.2957e-01, PNorm = 111.0585, GNorm = 0.9760, lr_0 = 9.6131e-04
Loss = 1.3706e-01, PNorm = 111.1525, GNorm = 1.6793, lr_0 = 9.6036e-04
Loss = 1.4319e-01, PNorm = 111.2451, GNorm = 0.9928, lr_0 = 9.5941e-04
Loss = 1.5025e-01, PNorm = 111.3402, GNorm = 0.8399, lr_0 = 9.5847e-04
Loss = 1.5218e-01, PNorm = 111.4392, GNorm = 0.7415, lr_0 = 9.5752e-04
Loss = 1.3345e-01, PNorm = 111.5431, GNorm = 1.4563, lr_0 = 9.5658e-04
Loss = 1.4594e-01, PNorm = 111.6355, GNorm = 1.1140, lr_0 = 9.5564e-04
Loss = 1.2683e-01, PNorm = 111.7456, GNorm = 0.9148, lr_0 = 9.5469e-04
Loss = 1.5141e-01, PNorm = 111.8448, GNorm = 1.2369, lr_0 = 9.5375e-04
Loss = 1.4371e-01, PNorm = 111.9445, GNorm = 0.9821, lr_0 = 9.5281e-04
Loss = 1.3261e-01, PNorm = 112.0491, GNorm = 0.8756, lr_0 = 9.5187e-04
Loss = 1.4355e-01, PNorm = 112.1390, GNorm = 1.2032, lr_0 = 9.5093e-04
Loss = 1.3990e-01, PNorm = 112.2326, GNorm = 1.2813, lr_0 = 9.5000e-04
Loss = 1.2061e-01, PNorm = 112.3224, GNorm = 0.8917, lr_0 = 9.4906e-04
Loss = 1.4421e-01, PNorm = 112.4012, GNorm = 0.9283, lr_0 = 9.4812e-04
Loss = 1.4205e-01, PNorm = 112.4926, GNorm = 0.6952, lr_0 = 9.4719e-04
Loss = 1.1863e-01, PNorm = 112.5756, GNorm = 1.0380, lr_0 = 9.4626e-04
Loss = 1.1910e-01, PNorm = 112.6552, GNorm = 0.7489, lr_0 = 9.4532e-04
Validation rmse = 40.904590
Epoch 7
Loss = 1.2515e-01, PNorm = 112.7431, GNorm = 0.5850, lr_0 = 9.4430e-04
Loss = 1.3356e-01, PNorm = 112.8300, GNorm = 1.1976, lr_0 = 9.4337e-04
Loss = 1.6334e-01, PNorm = 112.9264, GNorm = 1.0909, lr_0 = 9.4244e-04
Loss = 1.2669e-01, PNorm = 113.0340, GNorm = 0.5705, lr_0 = 9.4151e-04
Loss = 1.0182e-01, PNorm = 113.1176, GNorm = 1.3670, lr_0 = 9.4058e-04
Loss = 1.1680e-01, PNorm = 113.1961, GNorm = 0.9343, lr_0 = 9.3965e-04
Loss = 1.1846e-01, PNorm = 113.2832, GNorm = 0.6851, lr_0 = 9.3872e-04
Loss = 1.2097e-01, PNorm = 113.3733, GNorm = 0.6746, lr_0 = 9.3780e-04
Loss = 1.2203e-01, PNorm = 113.4512, GNorm = 0.9261, lr_0 = 9.3687e-04
Loss = 1.1712e-01, PNorm = 113.5361, GNorm = 0.9787, lr_0 = 9.3595e-04
Loss = 1.1606e-01, PNorm = 113.6248, GNorm = 1.3338, lr_0 = 9.3503e-04
Loss = 1.2594e-01, PNorm = 113.7122, GNorm = 1.1106, lr_0 = 9.3411e-04
Loss = 1.0871e-01, PNorm = 113.8027, GNorm = 1.0221, lr_0 = 9.3318e-04
Loss = 1.3240e-01, PNorm = 113.8955, GNorm = 0.6381, lr_0 = 9.3226e-04
Loss = 1.2186e-01, PNorm = 113.9930, GNorm = 0.8951, lr_0 = 9.3135e-04
Loss = 1.0923e-01, PNorm = 114.0693, GNorm = 0.6232, lr_0 = 9.3043e-04
Loss = 1.4877e-01, PNorm = 114.1657, GNorm = 1.8533, lr_0 = 9.2951e-04
Loss = 1.4025e-01, PNorm = 114.2728, GNorm = 1.6888, lr_0 = 9.2859e-04
Loss = 1.1777e-01, PNorm = 114.3709, GNorm = 1.0120, lr_0 = 9.2768e-04
Validation rmse = 44.881404
Epoch 8
Loss = 1.3829e-01, PNorm = 114.4571, GNorm = 1.8193, lr_0 = 9.2667e-04
Loss = 1.2140e-01, PNorm = 114.5689, GNorm = 1.0493, lr_0 = 9.2576e-04
Loss = 1.0833e-01, PNorm = 114.6531, GNorm = 0.7675, lr_0 = 9.2484e-04
Loss = 1.2325e-01, PNorm = 114.7380, GNorm = 1.0205, lr_0 = 9.2393e-04
Loss = 1.1850e-01, PNorm = 114.8405, GNorm = 1.6225, lr_0 = 9.2302e-04
Loss = 1.0095e-01, PNorm = 114.9159, GNorm = 0.5597, lr_0 = 9.2211e-04
Loss = 1.0831e-01, PNorm = 115.0045, GNorm = 1.3464, lr_0 = 9.2120e-04
Loss = 1.0193e-01, PNorm = 115.0830, GNorm = 0.8232, lr_0 = 9.2029e-04
Loss = 1.4470e-01, PNorm = 115.1701, GNorm = 1.3685, lr_0 = 9.1939e-04
Loss = 1.3756e-01, PNorm = 115.2664, GNorm = 1.8930, lr_0 = 9.1848e-04
Loss = 9.6827e-02, PNorm = 115.3630, GNorm = 0.8132, lr_0 = 9.1757e-04
Loss = 1.1780e-01, PNorm = 115.4506, GNorm = 0.8662, lr_0 = 9.1667e-04
Loss = 9.8997e-02, PNorm = 115.5309, GNorm = 0.9571, lr_0 = 9.1577e-04
Loss = 1.1087e-01, PNorm = 115.5976, GNorm = 0.7429, lr_0 = 9.1486e-04
Loss = 1.1460e-01, PNorm = 115.6679, GNorm = 1.3151, lr_0 = 9.1396e-04
Loss = 1.1711e-01, PNorm = 115.7520, GNorm = 0.7891, lr_0 = 9.1306e-04
Loss = 1.1832e-01, PNorm = 115.8514, GNorm = 1.0228, lr_0 = 9.1216e-04
Loss = 1.1829e-01, PNorm = 115.9601, GNorm = 3.0284, lr_0 = 9.1126e-04
Loss = 1.1319e-01, PNorm = 116.0537, GNorm = 0.7670, lr_0 = 9.1036e-04
Validation rmse = 39.576882
Epoch 9
Loss = 1.0358e-01, PNorm = 116.1611, GNorm = 0.6346, lr_0 = 9.0937e-04
Loss = 9.1237e-02, PNorm = 116.2576, GNorm = 1.1112, lr_0 = 9.0848e-04
Loss = 1.1305e-01, PNorm = 116.3437, GNorm = 1.3372, lr_0 = 9.0758e-04
Loss = 9.6310e-02, PNorm = 116.4216, GNorm = 0.5858, lr_0 = 9.0669e-04
Loss = 1.0565e-01, PNorm = 116.4848, GNorm = 1.0314, lr_0 = 9.0579e-04
Loss = 9.9447e-02, PNorm = 116.5635, GNorm = 0.4783, lr_0 = 9.0490e-04
Loss = 9.0880e-02, PNorm = 116.6374, GNorm = 0.9629, lr_0 = 9.0401e-04
Loss = 9.4850e-02, PNorm = 116.7178, GNorm = 1.6023, lr_0 = 9.0312e-04
Loss = 1.0206e-01, PNorm = 116.8022, GNorm = 1.1767, lr_0 = 9.0223e-04
Loss = 1.0095e-01, PNorm = 116.8760, GNorm = 1.2308, lr_0 = 9.0134e-04
Loss = 1.0339e-01, PNorm = 116.9531, GNorm = 0.5927, lr_0 = 9.0045e-04
Loss = 8.1765e-02, PNorm = 117.0206, GNorm = 0.8220, lr_0 = 8.9956e-04
Loss = 8.2023e-02, PNorm = 117.0845, GNorm = 0.7016, lr_0 = 8.9867e-04
Loss = 1.0071e-01, PNorm = 117.1641, GNorm = 0.6872, lr_0 = 8.9779e-04
Loss = 8.3725e-02, PNorm = 117.2450, GNorm = 1.0387, lr_0 = 8.9690e-04
Loss = 1.0761e-01, PNorm = 117.3238, GNorm = 0.6259, lr_0 = 8.9602e-04
Loss = 9.7154e-02, PNorm = 117.4107, GNorm = 0.5490, lr_0 = 8.9513e-04
Loss = 9.4013e-02, PNorm = 117.4907, GNorm = 0.5975, lr_0 = 8.9425e-04
Loss = 9.5772e-02, PNorm = 117.5618, GNorm = 0.8693, lr_0 = 8.9337e-04
Validation rmse = 37.719215
Epoch 10
Loss = 9.5323e-02, PNorm = 117.6709, GNorm = 0.8719, lr_0 = 8.9240e-04
Loss = 8.5626e-02, PNorm = 117.7655, GNorm = 0.8696, lr_0 = 8.9152e-04
Loss = 8.4375e-02, PNorm = 117.8489, GNorm = 0.5073, lr_0 = 8.9064e-04
Loss = 8.4508e-02, PNorm = 117.9140, GNorm = 0.6676, lr_0 = 8.8976e-04
Loss = 8.8285e-02, PNorm = 118.0035, GNorm = 0.5742, lr_0 = 8.8889e-04
Loss = 9.8752e-02, PNorm = 118.0766, GNorm = 0.9948, lr_0 = 8.8801e-04
Loss = 9.9109e-02, PNorm = 118.1446, GNorm = 0.7202, lr_0 = 8.8713e-04
Loss = 8.6927e-02, PNorm = 118.2121, GNorm = 0.8498, lr_0 = 8.8626e-04
Loss = 8.3036e-02, PNorm = 118.2784, GNorm = 1.1951, lr_0 = 8.8539e-04
Loss = 1.0481e-01, PNorm = 118.3689, GNorm = 0.6235, lr_0 = 8.8451e-04
Loss = 1.0407e-01, PNorm = 118.4694, GNorm = 1.1695, lr_0 = 8.8364e-04
Loss = 9.2098e-02, PNorm = 118.5687, GNorm = 0.9042, lr_0 = 8.8277e-04
Loss = 1.2206e-01, PNorm = 118.6646, GNorm = 0.8403, lr_0 = 8.8190e-04
Loss = 9.7662e-02, PNorm = 118.7525, GNorm = 0.5734, lr_0 = 8.8103e-04
Loss = 8.6218e-02, PNorm = 118.8259, GNorm = 0.7236, lr_0 = 8.8016e-04
Loss = 1.0280e-01, PNorm = 118.9057, GNorm = 0.8898, lr_0 = 8.7929e-04
Loss = 9.0254e-02, PNorm = 118.9862, GNorm = 0.8383, lr_0 = 8.7843e-04
Loss = 9.0576e-02, PNorm = 119.0666, GNorm = 0.7993, lr_0 = 8.7756e-04
Loss = 7.9619e-02, PNorm = 119.1429, GNorm = 0.4176, lr_0 = 8.7669e-04
Loss = 4.7354e-02, PNorm = 119.1500, GNorm = 0.9618, lr_0 = 8.7661e-04
Validation rmse = 35.808800
Epoch 11
Loss = 8.7158e-02, PNorm = 119.2238, GNorm = 0.5471, lr_0 = 8.7574e-04
Loss = 8.2900e-02, PNorm = 119.2993, GNorm = 0.7356, lr_0 = 8.7488e-04
Loss = 8.4437e-02, PNorm = 119.3764, GNorm = 1.1691, lr_0 = 8.7402e-04
Loss = 7.5821e-02, PNorm = 119.4381, GNorm = 1.3048, lr_0 = 8.7316e-04
Loss = 7.7701e-02, PNorm = 119.5017, GNorm = 0.8927, lr_0 = 8.7229e-04
Loss = 7.0872e-02, PNorm = 119.5682, GNorm = 0.7407, lr_0 = 8.7143e-04
Loss = 8.5294e-02, PNorm = 119.6197, GNorm = 0.4723, lr_0 = 8.7058e-04
Loss = 8.2221e-02, PNorm = 119.6796, GNorm = 0.5731, lr_0 = 8.6972e-04
Loss = 9.4602e-02, PNorm = 119.7503, GNorm = 0.5355, lr_0 = 8.6886e-04
Loss = 7.6993e-02, PNorm = 119.8264, GNorm = 0.7872, lr_0 = 8.6800e-04
Loss = 7.9227e-02, PNorm = 119.8943, GNorm = 0.5792, lr_0 = 8.6715e-04
Loss = 8.2183e-02, PNorm = 119.9615, GNorm = 0.8381, lr_0 = 8.6629e-04
Loss = 7.5753e-02, PNorm = 120.0301, GNorm = 0.6838, lr_0 = 8.6544e-04
Loss = 9.1516e-02, PNorm = 120.1013, GNorm = 1.0355, lr_0 = 8.6458e-04
Loss = 8.5738e-02, PNorm = 120.1845, GNorm = 0.7819, lr_0 = 8.6373e-04
Loss = 8.4675e-02, PNorm = 120.2653, GNorm = 1.3817, lr_0 = 8.6288e-04
Loss = 7.5376e-02, PNorm = 120.3360, GNorm = 0.4330, lr_0 = 8.6203e-04
Loss = 8.3917e-02, PNorm = 120.4011, GNorm = 0.7713, lr_0 = 8.6118e-04
Loss = 8.6286e-02, PNorm = 120.4815, GNorm = 1.3742, lr_0 = 8.6033e-04
Validation rmse = 33.295509
Epoch 12
Loss = 1.0987e-01, PNorm = 120.5673, GNorm = 1.9584, lr_0 = 8.5948e-04
Loss = 8.7459e-02, PNorm = 120.6636, GNorm = 0.7526, lr_0 = 8.5863e-04
Loss = 8.6369e-02, PNorm = 120.7491, GNorm = 0.5703, lr_0 = 8.5779e-04
Loss = 6.3389e-02, PNorm = 120.8264, GNorm = 0.4313, lr_0 = 8.5694e-04
Loss = 8.1177e-02, PNorm = 120.8866, GNorm = 0.7374, lr_0 = 8.5610e-04
Loss = 6.8159e-02, PNorm = 120.9497, GNorm = 0.5065, lr_0 = 8.5525e-04
Loss = 8.0568e-02, PNorm = 121.0159, GNorm = 0.9380, lr_0 = 8.5441e-04
Loss = 8.3189e-02, PNorm = 121.0850, GNorm = 1.1186, lr_0 = 8.5357e-04
Loss = 9.0864e-02, PNorm = 121.1638, GNorm = 0.4860, lr_0 = 8.5273e-04
Loss = 7.3993e-02, PNorm = 121.2391, GNorm = 0.3743, lr_0 = 8.5189e-04
Loss = 6.9983e-02, PNorm = 121.3009, GNorm = 0.7603, lr_0 = 8.5105e-04
Loss = 6.8512e-02, PNorm = 121.3594, GNorm = 0.3070, lr_0 = 8.5021e-04
Loss = 7.2527e-02, PNorm = 121.4143, GNorm = 0.5228, lr_0 = 8.4937e-04
Loss = 6.6437e-02, PNorm = 121.4746, GNorm = 0.4446, lr_0 = 8.4853e-04
Loss = 6.5854e-02, PNorm = 121.5354, GNorm = 0.3816, lr_0 = 8.4769e-04
Loss = 8.9815e-02, PNorm = 121.5980, GNorm = 1.2839, lr_0 = 8.4686e-04
Loss = 7.0422e-02, PNorm = 121.6668, GNorm = 0.6225, lr_0 = 8.4602e-04
Loss = 8.5038e-02, PNorm = 121.7357, GNorm = 0.6954, lr_0 = 8.4519e-04
Validation rmse = 34.588732
Epoch 13
Loss = 1.1469e-01, PNorm = 121.8281, GNorm = 0.8552, lr_0 = 8.4427e-04
Loss = 7.6121e-02, PNorm = 121.9364, GNorm = 0.7014, lr_0 = 8.4344e-04
Loss = 7.9234e-02, PNorm = 122.0440, GNorm = 0.4547, lr_0 = 8.4261e-04
Loss = 7.7558e-02, PNorm = 122.1187, GNorm = 0.5789, lr_0 = 8.4178e-04
Loss = 6.3331e-02, PNorm = 122.1919, GNorm = 0.5630, lr_0 = 8.4095e-04
Loss = 7.9951e-02, PNorm = 122.2632, GNorm = 1.0467, lr_0 = 8.4012e-04
Loss = 7.0092e-02, PNorm = 122.3347, GNorm = 0.5727, lr_0 = 8.3929e-04
Loss = 7.4319e-02, PNorm = 122.4080, GNorm = 0.5770, lr_0 = 8.3846e-04
Loss = 7.1027e-02, PNorm = 122.4869, GNorm = 0.5516, lr_0 = 8.3764e-04
Loss = 6.6697e-02, PNorm = 122.5474, GNorm = 0.6862, lr_0 = 8.3681e-04
Loss = 6.8772e-02, PNorm = 122.6142, GNorm = 0.5896, lr_0 = 8.3598e-04
Loss = 7.7284e-02, PNorm = 122.6782, GNorm = 0.4976, lr_0 = 8.3516e-04
Loss = 7.5186e-02, PNorm = 122.7407, GNorm = 0.5234, lr_0 = 8.3434e-04
Loss = 7.8302e-02, PNorm = 122.8165, GNorm = 0.8140, lr_0 = 8.3351e-04
Loss = 6.1991e-02, PNorm = 122.8858, GNorm = 0.4035, lr_0 = 8.3269e-04
Loss = 7.6965e-02, PNorm = 122.9505, GNorm = 0.4954, lr_0 = 8.3187e-04
Loss = 7.6163e-02, PNorm = 123.0169, GNorm = 0.5705, lr_0 = 8.3105e-04
Loss = 6.6593e-02, PNorm = 123.0936, GNorm = 0.7586, lr_0 = 8.3023e-04
Loss = 8.3597e-02, PNorm = 123.1681, GNorm = 0.6345, lr_0 = 8.2941e-04
Validation rmse = 35.019388
Epoch 14
Loss = 5.9517e-02, PNorm = 123.2558, GNorm = 1.0355, lr_0 = 8.2851e-04
Loss = 6.6093e-02, PNorm = 123.3324, GNorm = 0.5964, lr_0 = 8.2770e-04
Loss = 6.4555e-02, PNorm = 123.4021, GNorm = 0.9979, lr_0 = 8.2688e-04
Loss = 6.5532e-02, PNorm = 123.4809, GNorm = 0.4189, lr_0 = 8.2607e-04
Loss = 7.0439e-02, PNorm = 123.5544, GNorm = 0.5316, lr_0 = 8.2525e-04
Loss = 6.9893e-02, PNorm = 123.6186, GNorm = 0.6267, lr_0 = 8.2444e-04
Loss = 6.4266e-02, PNorm = 123.6841, GNorm = 0.6867, lr_0 = 8.2362e-04
Loss = 6.0641e-02, PNorm = 123.7365, GNorm = 0.3493, lr_0 = 8.2281e-04
Loss = 6.7666e-02, PNorm = 123.8029, GNorm = 0.6766, lr_0 = 8.2200e-04
Loss = 6.2772e-02, PNorm = 123.8664, GNorm = 0.7519, lr_0 = 8.2119e-04
Loss = 6.1375e-02, PNorm = 123.9345, GNorm = 0.7495, lr_0 = 8.2038e-04
Loss = 7.5784e-02, PNorm = 124.0062, GNorm = 0.6268, lr_0 = 8.1957e-04
Loss = 6.7993e-02, PNorm = 124.0724, GNorm = 0.7156, lr_0 = 8.1876e-04
Loss = 8.6584e-02, PNorm = 124.1368, GNorm = 0.8013, lr_0 = 8.1796e-04
Loss = 7.1890e-02, PNorm = 124.2084, GNorm = 0.5308, lr_0 = 8.1715e-04
Loss = 7.3127e-02, PNorm = 124.2838, GNorm = 0.6105, lr_0 = 8.1634e-04
Loss = 8.3812e-02, PNorm = 124.3614, GNorm = 0.6369, lr_0 = 8.1554e-04
Loss = 6.4535e-02, PNorm = 124.4519, GNorm = 1.1608, lr_0 = 8.1473e-04
Loss = 6.8125e-02, PNorm = 124.5263, GNorm = 0.5943, lr_0 = 8.1393e-04
Validation rmse = 36.401872
Epoch 15
Loss = 8.0995e-02, PNorm = 124.6082, GNorm = 0.5425, lr_0 = 8.1305e-04
Loss = 6.9930e-02, PNorm = 124.6837, GNorm = 0.3714, lr_0 = 8.1225e-04
Loss = 6.7700e-02, PNorm = 124.7592, GNorm = 0.6254, lr_0 = 8.1145e-04
Loss = 6.5743e-02, PNorm = 124.8302, GNorm = 0.6334, lr_0 = 8.1065e-04
Loss = 6.7588e-02, PNorm = 124.8927, GNorm = 0.6231, lr_0 = 8.0985e-04
Loss = 7.0602e-02, PNorm = 124.9674, GNorm = 1.0976, lr_0 = 8.0905e-04
Loss = 7.7346e-02, PNorm = 125.0411, GNorm = 0.7369, lr_0 = 8.0825e-04
Loss = 7.2475e-02, PNorm = 125.1068, GNorm = 1.3078, lr_0 = 8.0745e-04
Loss = 5.9061e-02, PNorm = 125.1676, GNorm = 0.8346, lr_0 = 8.0666e-04
Loss = 6.9897e-02, PNorm = 125.2444, GNorm = 0.5515, lr_0 = 8.0586e-04
Loss = 6.4200e-02, PNorm = 125.3064, GNorm = 0.4439, lr_0 = 8.0507e-04
Loss = 6.9870e-02, PNorm = 125.3680, GNorm = 0.6568, lr_0 = 8.0427e-04
Loss = 7.2901e-02, PNorm = 125.4401, GNorm = 0.9677, lr_0 = 8.0348e-04
Loss = 7.0248e-02, PNorm = 125.5116, GNorm = 0.4427, lr_0 = 8.0269e-04
Loss = 7.1729e-02, PNorm = 125.5827, GNorm = 0.5493, lr_0 = 8.0190e-04
Loss = 6.6449e-02, PNorm = 125.6599, GNorm = 0.4633, lr_0 = 8.0111e-04
Loss = 6.1508e-02, PNorm = 125.7254, GNorm = 0.6067, lr_0 = 8.0032e-04
Loss = 5.6911e-02, PNorm = 125.7883, GNorm = 0.6077, lr_0 = 7.9953e-04
Loss = 7.1201e-02, PNorm = 125.8490, GNorm = 0.4404, lr_0 = 7.9874e-04
Validation rmse = 33.147751
Epoch 16
Loss = 6.0962e-02, PNorm = 125.9097, GNorm = 0.4909, lr_0 = 7.9787e-04
Loss = 5.6003e-02, PNorm = 125.9614, GNorm = 0.3124, lr_0 = 7.9709e-04
Loss = 5.9084e-02, PNorm = 126.0187, GNorm = 0.6241, lr_0 = 7.9630e-04
Loss = 5.8748e-02, PNorm = 126.0762, GNorm = 0.3075, lr_0 = 7.9552e-04
Loss = 6.6732e-02, PNorm = 126.1423, GNorm = 1.1411, lr_0 = 7.9473e-04
Loss = 8.0333e-02, PNorm = 126.2108, GNorm = 0.9577, lr_0 = 7.9395e-04
Loss = 6.3591e-02, PNorm = 126.2889, GNorm = 0.4801, lr_0 = 7.9316e-04
Loss = 6.2686e-02, PNorm = 126.3783, GNorm = 0.6826, lr_0 = 7.9238e-04
Loss = 6.3026e-02, PNorm = 126.4572, GNorm = 0.5756, lr_0 = 7.9160e-04
Loss = 6.1132e-02, PNorm = 126.5235, GNorm = 0.5949, lr_0 = 7.9082e-04
Loss = 6.4242e-02, PNorm = 126.5830, GNorm = 0.5256, lr_0 = 7.9004e-04
Loss = 5.4554e-02, PNorm = 126.6422, GNorm = 0.3388, lr_0 = 7.8926e-04
Loss = 5.4912e-02, PNorm = 126.7085, GNorm = 0.6941, lr_0 = 7.8848e-04
Loss = 6.2983e-02, PNorm = 126.7746, GNorm = 0.7751, lr_0 = 7.8771e-04
Loss = 5.7765e-02, PNorm = 126.8421, GNorm = 0.6503, lr_0 = 7.8693e-04
Loss = 6.2331e-02, PNorm = 126.9115, GNorm = 0.4370, lr_0 = 7.8615e-04
Loss = 5.5065e-02, PNorm = 126.9708, GNorm = 0.7682, lr_0 = 7.8538e-04
Loss = 6.7060e-02, PNorm = 127.0267, GNorm = 0.4599, lr_0 = 7.8460e-04
Loss = 5.8791e-02, PNorm = 127.0983, GNorm = 0.6216, lr_0 = 7.8383e-04
Validation rmse = 33.895513
Epoch 17
Loss = 6.3250e-02, PNorm = 127.1741, GNorm = 0.6832, lr_0 = 7.8298e-04
Loss = 4.8471e-02, PNorm = 127.2504, GNorm = 0.4436, lr_0 = 7.8221e-04
Loss = 6.2492e-02, PNorm = 127.3072, GNorm = 0.4167, lr_0 = 7.8144e-04
Loss = 5.2697e-02, PNorm = 127.3630, GNorm = 0.3763, lr_0 = 7.8067e-04
Loss = 5.4528e-02, PNorm = 127.4152, GNorm = 0.5903, lr_0 = 7.7990e-04
Loss = 6.1524e-02, PNorm = 127.4792, GNorm = 0.3327, lr_0 = 7.7913e-04
Loss = 4.7400e-02, PNorm = 127.5424, GNorm = 0.3759, lr_0 = 7.7836e-04
Loss = 5.2231e-02, PNorm = 127.5950, GNorm = 0.4132, lr_0 = 7.7759e-04
Loss = 6.2461e-02, PNorm = 127.6425, GNorm = 0.4508, lr_0 = 7.7683e-04
Loss = 5.6361e-02, PNorm = 127.6929, GNorm = 0.5934, lr_0 = 7.7606e-04
Loss = 5.8756e-02, PNorm = 127.7600, GNorm = 0.4704, lr_0 = 7.7529e-04
Loss = 5.6760e-02, PNorm = 127.8237, GNorm = 0.4134, lr_0 = 7.7453e-04
Loss = 6.0776e-02, PNorm = 127.8816, GNorm = 0.3951, lr_0 = 7.7377e-04
Loss = 6.1205e-02, PNorm = 127.9721, GNorm = 0.2957, lr_0 = 7.7300e-04
Loss = 6.4178e-02, PNorm = 128.0537, GNorm = 0.4950, lr_0 = 7.7224e-04
Loss = 5.2888e-02, PNorm = 128.1301, GNorm = 0.3749, lr_0 = 7.7148e-04
Loss = 5.7079e-02, PNorm = 128.2062, GNorm = 0.4294, lr_0 = 7.7072e-04
Loss = 5.5543e-02, PNorm = 128.2786, GNorm = 0.7426, lr_0 = 7.6996e-04
Loss = 6.4407e-02, PNorm = 128.3386, GNorm = 0.5617, lr_0 = 7.6920e-04
Validation rmse = 31.308146
Epoch 18
Loss = 4.2995e-02, PNorm = 128.3935, GNorm = 0.4134, lr_0 = 7.6844e-04
Loss = 4.8396e-02, PNorm = 128.4534, GNorm = 0.4251, lr_0 = 7.6768e-04
Loss = 5.9903e-02, PNorm = 128.5074, GNorm = 0.3834, lr_0 = 7.6693e-04
Loss = 5.9222e-02, PNorm = 128.5793, GNorm = 1.1420, lr_0 = 7.6617e-04
Loss = 6.1785e-02, PNorm = 128.6491, GNorm = 0.7761, lr_0 = 7.6542e-04
Loss = 5.7522e-02, PNorm = 128.7237, GNorm = 1.0312, lr_0 = 7.6466e-04
Loss = 6.0173e-02, PNorm = 128.8031, GNorm = 0.3347, lr_0 = 7.6391e-04
Loss = 6.8111e-02, PNorm = 128.8785, GNorm = 0.6262, lr_0 = 7.6315e-04
Loss = 5.5948e-02, PNorm = 128.9401, GNorm = 0.7683, lr_0 = 7.6240e-04
Loss = 5.6807e-02, PNorm = 129.0035, GNorm = 0.6833, lr_0 = 7.6165e-04
Loss = 5.7725e-02, PNorm = 129.0689, GNorm = 0.7845, lr_0 = 7.6090e-04
Loss = 5.9551e-02, PNorm = 129.1284, GNorm = 0.4252, lr_0 = 7.6015e-04
Loss = 5.8427e-02, PNorm = 129.1981, GNorm = 0.5905, lr_0 = 7.5940e-04
Loss = 5.4223e-02, PNorm = 129.2689, GNorm = 0.5026, lr_0 = 7.5865e-04
Loss = 6.3054e-02, PNorm = 129.3362, GNorm = 0.5418, lr_0 = 7.5790e-04
Loss = 5.6359e-02, PNorm = 129.3944, GNorm = 0.8621, lr_0 = 7.5715e-04
Loss = 6.2000e-02, PNorm = 129.4619, GNorm = 0.5575, lr_0 = 7.5641e-04
Loss = 5.8474e-02, PNorm = 129.5300, GNorm = 0.8950, lr_0 = 7.5566e-04
Loss = 5.7135e-02, PNorm = 129.5912, GNorm = 0.4434, lr_0 = 7.5492e-04
Validation rmse = 31.104080
Epoch 19
Loss = 4.7643e-02, PNorm = 129.6526, GNorm = 0.3966, lr_0 = 7.5410e-04
Loss = 6.2999e-02, PNorm = 129.7064, GNorm = 1.0941, lr_0 = 7.5335e-04
Loss = 5.5511e-02, PNorm = 129.7746, GNorm = 0.5198, lr_0 = 7.5261e-04
Loss = 5.2830e-02, PNorm = 129.8550, GNorm = 0.6670, lr_0 = 7.5187e-04
Loss = 4.8687e-02, PNorm = 129.9180, GNorm = 0.6592, lr_0 = 7.5113e-04
Loss = 4.9292e-02, PNorm = 129.9736, GNorm = 0.4837, lr_0 = 7.5039e-04
Loss = 5.4338e-02, PNorm = 130.0286, GNorm = 0.3056, lr_0 = 7.4965e-04
Loss = 6.3657e-02, PNorm = 130.0779, GNorm = 0.7849, lr_0 = 7.4891e-04
Loss = 4.3480e-02, PNorm = 130.1363, GNorm = 0.5034, lr_0 = 7.4817e-04
Loss = 4.7141e-02, PNorm = 130.1849, GNorm = 0.3436, lr_0 = 7.4743e-04
Loss = 4.8778e-02, PNorm = 130.2351, GNorm = 0.4017, lr_0 = 7.4670e-04
Loss = 5.4274e-02, PNorm = 130.2926, GNorm = 0.6743, lr_0 = 7.4596e-04
Loss = 5.3185e-02, PNorm = 130.3541, GNorm = 0.4597, lr_0 = 7.4522e-04
Loss = 5.2625e-02, PNorm = 130.4160, GNorm = 0.5307, lr_0 = 7.4449e-04
Loss = 5.8981e-02, PNorm = 130.4805, GNorm = 0.5342, lr_0 = 7.4376e-04
Loss = 6.4823e-02, PNorm = 130.5560, GNorm = 0.8666, lr_0 = 7.4302e-04
Loss = 6.1406e-02, PNorm = 130.6284, GNorm = 0.4658, lr_0 = 7.4229e-04
Loss = 5.0382e-02, PNorm = 130.6982, GNorm = 0.5151, lr_0 = 7.4156e-04
Loss = 5.3385e-02, PNorm = 130.7634, GNorm = 0.3894, lr_0 = 7.4083e-04
Validation rmse = 31.084536
Epoch 20
Loss = 5.0338e-02, PNorm = 130.8229, GNorm = 0.3638, lr_0 = 7.4002e-04
Loss = 5.3545e-02, PNorm = 130.8884, GNorm = 0.6934, lr_0 = 7.3929e-04
Loss = 4.6082e-02, PNorm = 130.9604, GNorm = 0.4553, lr_0 = 7.3856e-04
Loss = 5.3574e-02, PNorm = 131.0185, GNorm = 0.7903, lr_0 = 7.3784e-04
Loss = 5.8827e-02, PNorm = 131.0768, GNorm = 0.6299, lr_0 = 7.3711e-04
Loss = 4.8425e-02, PNorm = 131.1519, GNorm = 0.6046, lr_0 = 7.3638e-04
Loss = 4.8386e-02, PNorm = 131.2142, GNorm = 0.3409, lr_0 = 7.3566e-04
Loss = 4.3485e-02, PNorm = 131.2681, GNorm = 0.5687, lr_0 = 7.3493e-04
Loss = 4.8077e-02, PNorm = 131.3239, GNorm = 0.3384, lr_0 = 7.3421e-04
Loss = 4.9870e-02, PNorm = 131.3750, GNorm = 0.8833, lr_0 = 7.3348e-04
Loss = 5.1019e-02, PNorm = 131.4280, GNorm = 0.3877, lr_0 = 7.3276e-04
Loss = 5.0796e-02, PNorm = 131.4874, GNorm = 0.3954, lr_0 = 7.3204e-04
Loss = 4.9987e-02, PNorm = 131.5428, GNorm = 0.4919, lr_0 = 7.3131e-04
Loss = 4.9135e-02, PNorm = 131.6014, GNorm = 0.3359, lr_0 = 7.3059e-04
Loss = 4.6573e-02, PNorm = 131.6628, GNorm = 0.7210, lr_0 = 7.2987e-04
Loss = 4.6102e-02, PNorm = 131.7051, GNorm = 0.4124, lr_0 = 7.2915e-04
Loss = 4.4496e-02, PNorm = 131.7520, GNorm = 0.3654, lr_0 = 7.2843e-04
Loss = 4.1296e-02, PNorm = 131.8063, GNorm = 0.3384, lr_0 = 7.2772e-04
Loss = 5.8268e-02, PNorm = 131.8632, GNorm = 0.7461, lr_0 = 7.2700e-04
Validation rmse = 30.970972
Epoch 21
Loss = 5.4108e-02, PNorm = 131.9305, GNorm = 0.7338, lr_0 = 7.2621e-04
Loss = 5.2988e-02, PNorm = 131.9991, GNorm = 0.4472, lr_0 = 7.2549e-04
Loss = 4.7808e-02, PNorm = 132.0770, GNorm = 0.3337, lr_0 = 7.2478e-04
Loss = 4.0942e-02, PNorm = 132.1292, GNorm = 0.5142, lr_0 = 7.2406e-04
Loss = 4.7067e-02, PNorm = 132.1839, GNorm = 0.3876, lr_0 = 7.2335e-04
Loss = 4.9417e-02, PNorm = 132.2481, GNorm = 0.5403, lr_0 = 7.2264e-04
Loss = 4.8301e-02, PNorm = 132.3054, GNorm = 0.5000, lr_0 = 7.2192e-04
Loss = 4.8554e-02, PNorm = 132.3655, GNorm = 0.4629, lr_0 = 7.2121e-04
Loss = 4.5693e-02, PNorm = 132.4290, GNorm = 0.3434, lr_0 = 7.2050e-04
Loss = 4.6467e-02, PNorm = 132.4804, GNorm = 0.3641, lr_0 = 7.1979e-04
Loss = 4.6450e-02, PNorm = 132.5418, GNorm = 0.6066, lr_0 = 7.1908e-04
Loss = 5.2311e-02, PNorm = 132.5972, GNorm = 0.7017, lr_0 = 7.1837e-04
Loss = 5.5061e-02, PNorm = 132.6640, GNorm = 0.5336, lr_0 = 7.1766e-04
Loss = 5.8457e-02, PNorm = 132.7359, GNorm = 0.3879, lr_0 = 7.1696e-04
Loss = 5.0168e-02, PNorm = 132.8155, GNorm = 0.3993, lr_0 = 7.1625e-04
Loss = 3.9356e-02, PNorm = 132.8792, GNorm = 0.3533, lr_0 = 7.1554e-04
Loss = 4.3082e-02, PNorm = 132.9245, GNorm = 0.3243, lr_0 = 7.1484e-04
Loss = 4.5894e-02, PNorm = 132.9810, GNorm = 0.3928, lr_0 = 7.1413e-04
Loss = 5.0326e-02, PNorm = 133.0426, GNorm = 0.7264, lr_0 = 7.1343e-04
Validation rmse = 30.953305
Epoch 22
Loss = 5.2311e-02, PNorm = 133.1059, GNorm = 0.5760, lr_0 = 7.1265e-04
Loss = 4.9195e-02, PNorm = 133.1693, GNorm = 0.4093, lr_0 = 7.1195e-04
Loss = 4.5068e-02, PNorm = 133.2326, GNorm = 0.3688, lr_0 = 7.1125e-04
Loss = 4.7128e-02, PNorm = 133.3054, GNorm = 0.4761, lr_0 = 7.1055e-04
Loss = 4.6031e-02, PNorm = 133.3712, GNorm = 0.6038, lr_0 = 7.0985e-04
Loss = 4.0230e-02, PNorm = 133.4196, GNorm = 0.2044, lr_0 = 7.0915e-04
Loss = 4.8502e-02, PNorm = 133.4758, GNorm = 0.3764, lr_0 = 7.0845e-04
Loss = 4.5532e-02, PNorm = 133.5355, GNorm = 0.3137, lr_0 = 7.0775e-04
Loss = 4.1416e-02, PNorm = 133.5919, GNorm = 0.4960, lr_0 = 7.0705e-04
Loss = 5.0584e-02, PNorm = 133.6385, GNorm = 0.3428, lr_0 = 7.0636e-04
Loss = 4.8598e-02, PNorm = 133.7068, GNorm = 0.3598, lr_0 = 7.0566e-04
Loss = 5.4727e-02, PNorm = 133.7719, GNorm = 0.4401, lr_0 = 7.0496e-04
Loss = 5.1521e-02, PNorm = 133.8338, GNorm = 0.8586, lr_0 = 7.0427e-04
Loss = 4.7956e-02, PNorm = 133.9043, GNorm = 0.4322, lr_0 = 7.0357e-04
Loss = 5.4856e-02, PNorm = 133.9646, GNorm = 0.2629, lr_0 = 7.0288e-04
Loss = 3.8723e-02, PNorm = 134.0311, GNorm = 0.2372, lr_0 = 7.0219e-04
Loss = 4.8237e-02, PNorm = 134.0954, GNorm = 0.4869, lr_0 = 7.0149e-04
Loss = 5.3267e-02, PNorm = 134.1560, GNorm = 0.5479, lr_0 = 7.0080e-04
Loss = 4.3160e-02, PNorm = 134.2260, GNorm = 0.3923, lr_0 = 7.0011e-04
Loss = 1.3951e-02, PNorm = 134.2325, GNorm = 0.6303, lr_0 = 7.0004e-04
Validation rmse = 31.884259
Epoch 23
Loss = 4.8918e-02, PNorm = 134.2840, GNorm = 0.3492, lr_0 = 6.9935e-04
Loss = 4.8957e-02, PNorm = 134.3393, GNorm = 0.3329, lr_0 = 6.9866e-04
Loss = 5.5304e-02, PNorm = 134.4076, GNorm = 0.5400, lr_0 = 6.9797e-04
Loss = 4.6909e-02, PNorm = 134.4756, GNorm = 0.4066, lr_0 = 6.9729e-04
Loss = 3.2930e-02, PNorm = 134.5376, GNorm = 0.3313, lr_0 = 6.9660e-04
Loss = 3.8662e-02, PNorm = 134.5881, GNorm = 0.3825, lr_0 = 6.9591e-04
Loss = 4.9596e-02, PNorm = 134.6324, GNorm = 0.4557, lr_0 = 6.9523e-04
Loss = 4.5071e-02, PNorm = 134.6935, GNorm = 0.3602, lr_0 = 6.9454e-04
Loss = 4.4073e-02, PNorm = 134.7551, GNorm = 0.6262, lr_0 = 6.9386e-04
Loss = 4.7613e-02, PNorm = 134.8133, GNorm = 0.3554, lr_0 = 6.9317e-04
Loss = 4.5397e-02, PNorm = 134.8706, GNorm = 0.8379, lr_0 = 6.9249e-04
Loss = 4.8436e-02, PNorm = 134.9273, GNorm = 0.5109, lr_0 = 6.9180e-04
Loss = 4.4746e-02, PNorm = 134.9965, GNorm = 0.4647, lr_0 = 6.9112e-04
Loss = 4.3993e-02, PNorm = 135.0605, GNorm = 0.6714, lr_0 = 6.9044e-04
Loss = 4.6953e-02, PNorm = 135.1170, GNorm = 0.6297, lr_0 = 6.8976e-04
Loss = 5.0271e-02, PNorm = 135.1742, GNorm = 0.3662, lr_0 = 6.8908e-04
Loss = 4.5642e-02, PNorm = 135.2315, GNorm = 0.6996, lr_0 = 6.8840e-04
Loss = 4.0816e-02, PNorm = 135.2869, GNorm = 0.5951, lr_0 = 6.8772e-04
Loss = 3.8667e-02, PNorm = 135.3399, GNorm = 0.5290, lr_0 = 6.8704e-04
Validation rmse = 29.976992
Epoch 24
Loss = 4.1769e-02, PNorm = 135.3886, GNorm = 0.3458, lr_0 = 6.8637e-04
Loss = 4.7407e-02, PNorm = 135.4463, GNorm = 0.4675, lr_0 = 6.8569e-04
Loss = 4.8384e-02, PNorm = 135.5148, GNorm = 0.4113, lr_0 = 6.8501e-04
Loss = 4.3573e-02, PNorm = 135.5711, GNorm = 0.4567, lr_0 = 6.8434e-04
Loss = 4.1720e-02, PNorm = 135.6296, GNorm = 0.3409, lr_0 = 6.8366e-04
Loss = 4.1542e-02, PNorm = 135.6852, GNorm = 0.5591, lr_0 = 6.8299e-04
Loss = 5.3647e-02, PNorm = 135.7475, GNorm = 0.5271, lr_0 = 6.8232e-04
Loss = 4.6443e-02, PNorm = 135.8212, GNorm = 0.5844, lr_0 = 6.8164e-04
Loss = 3.9373e-02, PNorm = 135.8797, GNorm = 0.3193, lr_0 = 6.8097e-04
Loss = 4.2014e-02, PNorm = 135.9415, GNorm = 0.3788, lr_0 = 6.8030e-04
Loss = 4.1921e-02, PNorm = 136.0022, GNorm = 0.3697, lr_0 = 6.7963e-04
Loss = 3.8642e-02, PNorm = 136.0598, GNorm = 0.3550, lr_0 = 6.7896e-04
Loss = 4.3505e-02, PNorm = 136.1119, GNorm = 0.3651, lr_0 = 6.7829e-04
Loss = 4.7678e-02, PNorm = 136.1634, GNorm = 0.3808, lr_0 = 6.7762e-04
Loss = 4.6576e-02, PNorm = 136.2254, GNorm = 0.5064, lr_0 = 6.7695e-04
Loss = 3.8953e-02, PNorm = 136.2887, GNorm = 0.2394, lr_0 = 6.7629e-04
Loss = 5.4765e-02, PNorm = 136.3554, GNorm = 0.4899, lr_0 = 6.7562e-04
Loss = 4.5313e-02, PNorm = 136.4305, GNorm = 0.2638, lr_0 = 6.7495e-04
Validation rmse = 28.865427
Epoch 25
Loss = 3.0355e-02, PNorm = 136.5031, GNorm = 0.1821, lr_0 = 6.7422e-04
Loss = 4.0167e-02, PNorm = 136.5900, GNorm = 0.2387, lr_0 = 6.7356e-04
Loss = 4.0063e-02, PNorm = 136.6627, GNorm = 0.4073, lr_0 = 6.7289e-04
Loss = 3.5232e-02, PNorm = 136.7230, GNorm = 0.1931, lr_0 = 6.7223e-04
Loss = 4.0863e-02, PNorm = 136.7868, GNorm = 0.3875, lr_0 = 6.7157e-04
Loss = 4.2639e-02, PNorm = 136.8466, GNorm = 0.5181, lr_0 = 6.7090e-04
Loss = 5.2041e-02, PNorm = 136.9082, GNorm = 0.6767, lr_0 = 6.7024e-04
Loss = 4.1768e-02, PNorm = 136.9744, GNorm = 0.4402, lr_0 = 6.6958e-04
Loss = 4.2093e-02, PNorm = 137.0338, GNorm = 0.3195, lr_0 = 6.6892e-04
Loss = 4.1194e-02, PNorm = 137.0843, GNorm = 0.9576, lr_0 = 6.6826e-04
Loss = 3.7681e-02, PNorm = 137.1438, GNorm = 0.3939, lr_0 = 6.6760e-04
Loss = 4.4863e-02, PNorm = 137.1953, GNorm = 0.3281, lr_0 = 6.6694e-04
Loss = 3.9815e-02, PNorm = 137.2554, GNorm = 0.4118, lr_0 = 6.6629e-04
Loss = 4.0304e-02, PNorm = 137.3179, GNorm = 0.2971, lr_0 = 6.6563e-04
Loss = 3.7066e-02, PNorm = 137.3745, GNorm = 0.2317, lr_0 = 6.6497e-04
Loss = 4.6596e-02, PNorm = 137.4282, GNorm = 0.4447, lr_0 = 6.6432e-04
Loss = 4.2537e-02, PNorm = 137.4774, GNorm = 0.2152, lr_0 = 6.6366e-04
Loss = 4.7525e-02, PNorm = 137.5363, GNorm = 0.1989, lr_0 = 6.6301e-04
Loss = 4.1869e-02, PNorm = 137.6095, GNorm = 0.3997, lr_0 = 6.6235e-04
Validation rmse = 30.384874
Epoch 26
Loss = 4.0905e-02, PNorm = 137.6690, GNorm = 0.5116, lr_0 = 6.6164e-04
Loss = 4.2534e-02, PNorm = 137.7346, GNorm = 0.3466, lr_0 = 6.6098e-04
Loss = 4.3454e-02, PNorm = 137.7927, GNorm = 0.3243, lr_0 = 6.6033e-04
Loss = 4.2367e-02, PNorm = 137.8470, GNorm = 0.4147, lr_0 = 6.5968e-04
Loss = 3.4718e-02, PNorm = 137.8975, GNorm = 0.2012, lr_0 = 6.5903e-04
Loss = 4.1235e-02, PNorm = 137.9491, GNorm = 0.2757, lr_0 = 6.5838e-04
Loss = 3.9386e-02, PNorm = 138.0006, GNorm = 0.2537, lr_0 = 6.5773e-04
Loss = 3.9330e-02, PNorm = 138.0506, GNorm = 0.2909, lr_0 = 6.5708e-04
Loss = 4.2093e-02, PNorm = 138.0962, GNorm = 0.4242, lr_0 = 6.5643e-04
Loss = 3.8355e-02, PNorm = 138.1473, GNorm = 0.3673, lr_0 = 6.5579e-04
Loss = 4.5148e-02, PNorm = 138.1995, GNorm = 0.3958, lr_0 = 6.5514e-04
Loss = 4.3519e-02, PNorm = 138.2459, GNorm = 0.5095, lr_0 = 6.5449e-04
Loss = 3.6913e-02, PNorm = 138.3001, GNorm = 0.4500, lr_0 = 6.5385e-04
Loss = 3.4750e-02, PNorm = 138.3560, GNorm = 0.2646, lr_0 = 6.5320e-04
Loss = 4.2491e-02, PNorm = 138.4046, GNorm = 0.3525, lr_0 = 6.5256e-04
Loss = 3.6059e-02, PNorm = 138.4575, GNorm = 0.5075, lr_0 = 6.5192e-04
Loss = 3.8422e-02, PNorm = 138.5167, GNorm = 0.2971, lr_0 = 6.5127e-04
Loss = 3.6644e-02, PNorm = 138.5670, GNorm = 0.1931, lr_0 = 6.5063e-04
Loss = 3.5896e-02, PNorm = 138.6215, GNorm = 0.2194, lr_0 = 6.4999e-04
Validation rmse = 28.816709
Epoch 27
Loss = 3.0010e-02, PNorm = 138.6844, GNorm = 0.3380, lr_0 = 6.4929e-04
Loss = 3.5582e-02, PNorm = 138.7528, GNorm = 0.2462, lr_0 = 6.4865e-04
Loss = 3.9788e-02, PNorm = 138.8086, GNorm = 0.4075, lr_0 = 6.4801e-04
Loss = 4.1282e-02, PNorm = 138.8731, GNorm = 0.4090, lr_0 = 6.4737e-04
Loss = 4.6166e-02, PNorm = 138.9398, GNorm = 0.7318, lr_0 = 6.4673e-04
Loss = 4.4859e-02, PNorm = 139.0149, GNorm = 0.5243, lr_0 = 6.4609e-04
Loss = 4.0721e-02, PNorm = 139.0820, GNorm = 0.7642, lr_0 = 6.4545e-04
Loss = 3.7998e-02, PNorm = 139.1379, GNorm = 0.4034, lr_0 = 6.4482e-04
Loss = 4.0519e-02, PNorm = 139.1880, GNorm = 0.4604, lr_0 = 6.4418e-04
Loss = 4.3036e-02, PNorm = 139.2488, GNorm = 0.5663, lr_0 = 6.4355e-04
Loss = 3.4717e-02, PNorm = 139.3034, GNorm = 0.5461, lr_0 = 6.4291e-04
Loss = 3.4461e-02, PNorm = 139.3612, GNorm = 0.2668, lr_0 = 6.4228e-04
Loss = 3.9406e-02, PNorm = 139.4225, GNorm = 0.7910, lr_0 = 6.4165e-04
Loss = 5.0969e-02, PNorm = 139.4852, GNorm = 0.3835, lr_0 = 6.4101e-04
Loss = 5.1436e-02, PNorm = 139.5528, GNorm = 0.4614, lr_0 = 6.4038e-04
Loss = 4.3140e-02, PNorm = 139.6191, GNorm = 0.2679, lr_0 = 6.3975e-04
Loss = 3.6104e-02, PNorm = 139.6808, GNorm = 0.5280, lr_0 = 6.3912e-04
Loss = 3.5667e-02, PNorm = 139.7336, GNorm = 0.2794, lr_0 = 6.3849e-04
Loss = 4.0848e-02, PNorm = 139.7841, GNorm = 0.4493, lr_0 = 6.3786e-04
Validation rmse = 29.738335
Epoch 28
Loss = 3.3157e-02, PNorm = 139.8464, GNorm = 0.3288, lr_0 = 6.3717e-04
Loss = 3.9035e-02, PNorm = 139.9004, GNorm = 0.3311, lr_0 = 6.3654e-04
Loss = 3.2404e-02, PNorm = 139.9496, GNorm = 0.3214, lr_0 = 6.3591e-04
Loss = 4.6700e-02, PNorm = 139.9990, GNorm = 0.6307, lr_0 = 6.3528e-04
Loss = 4.1707e-02, PNorm = 140.0532, GNorm = 0.3342, lr_0 = 6.3466e-04
Loss = 3.8280e-02, PNorm = 140.1061, GNorm = 0.4275, lr_0 = 6.3403e-04
Loss = 3.5308e-02, PNorm = 140.1559, GNorm = 0.2919, lr_0 = 6.3341e-04
Loss = 4.5832e-02, PNorm = 140.2182, GNorm = 0.4131, lr_0 = 6.3278e-04
Loss = 3.7844e-02, PNorm = 140.2760, GNorm = 0.2510, lr_0 = 6.3216e-04
Loss = 3.5967e-02, PNorm = 140.3290, GNorm = 0.3670, lr_0 = 6.3153e-04
Loss = 3.8966e-02, PNorm = 140.3749, GNorm = 0.3777, lr_0 = 6.3091e-04
Loss = 3.3949e-02, PNorm = 140.4191, GNorm = 0.2837, lr_0 = 6.3029e-04
Loss = 4.1515e-02, PNorm = 140.4712, GNorm = 0.3484, lr_0 = 6.2967e-04
Loss = 4.3251e-02, PNorm = 140.5231, GNorm = 0.3387, lr_0 = 6.2905e-04
Loss = 3.5249e-02, PNorm = 140.5698, GNorm = 0.2529, lr_0 = 6.2843e-04
Loss = 3.9982e-02, PNorm = 140.6197, GNorm = 0.3076, lr_0 = 6.2781e-04
Loss = 3.8643e-02, PNorm = 140.6695, GNorm = 0.3638, lr_0 = 6.2719e-04
Loss = 4.5911e-02, PNorm = 140.7259, GNorm = 0.3747, lr_0 = 6.2657e-04
Loss = 3.3186e-02, PNorm = 140.7794, GNorm = 0.2733, lr_0 = 6.2595e-04
Validation rmse = 30.430157
Epoch 29
Loss = 3.7980e-02, PNorm = 140.8333, GNorm = 0.3665, lr_0 = 6.2527e-04
Loss = 3.4318e-02, PNorm = 140.8887, GNorm = 0.2151, lr_0 = 6.2466e-04
Loss = 3.8766e-02, PNorm = 140.9454, GNorm = 0.4423, lr_0 = 6.2404e-04
Loss = 3.7860e-02, PNorm = 140.9998, GNorm = 0.4421, lr_0 = 6.2343e-04
Loss = 3.2672e-02, PNorm = 141.0571, GNorm = 0.4054, lr_0 = 6.2281e-04
Loss = 3.6575e-02, PNorm = 141.0996, GNorm = 0.4882, lr_0 = 6.2220e-04
Loss = 4.4179e-02, PNorm = 141.1542, GNorm = 0.4480, lr_0 = 6.2158e-04
Loss = 4.4868e-02, PNorm = 141.2142, GNorm = 0.3703, lr_0 = 6.2097e-04
Loss = 3.9837e-02, PNorm = 141.2742, GNorm = 0.2926, lr_0 = 6.2036e-04
Loss = 3.5985e-02, PNorm = 141.3326, GNorm = 0.3317, lr_0 = 6.1975e-04
Loss = 3.6426e-02, PNorm = 141.3981, GNorm = 0.3386, lr_0 = 6.1914e-04
Loss = 4.1382e-02, PNorm = 141.4616, GNorm = 0.4772, lr_0 = 6.1853e-04
Loss = 3.5910e-02, PNorm = 141.5221, GNorm = 0.2016, lr_0 = 6.1792e-04
Loss = 3.8891e-02, PNorm = 141.5817, GNorm = 0.2548, lr_0 = 6.1731e-04
Loss = 3.6273e-02, PNorm = 141.6339, GNorm = 0.2142, lr_0 = 6.1670e-04
Loss = 3.7983e-02, PNorm = 141.6826, GNorm = 0.2830, lr_0 = 6.1609e-04
Loss = 4.4653e-02, PNorm = 141.7396, GNorm = 0.3465, lr_0 = 6.1548e-04
Loss = 3.7949e-02, PNorm = 141.7861, GNorm = 0.3155, lr_0 = 6.1488e-04
Loss = 3.4964e-02, PNorm = 141.8361, GNorm = 0.3293, lr_0 = 6.1427e-04
Validation rmse = 28.745286
Epoch 30
Loss = 4.0906e-02, PNorm = 141.8846, GNorm = 0.4893, lr_0 = 6.1366e-04
Loss = 3.5851e-02, PNorm = 141.9435, GNorm = 0.3641, lr_0 = 6.1306e-04
Loss = 3.3769e-02, PNorm = 142.0035, GNorm = 0.2702, lr_0 = 6.1245e-04
Loss = 3.9763e-02, PNorm = 142.0597, GNorm = 0.2343, lr_0 = 6.1185e-04
Loss = 3.2069e-02, PNorm = 142.1130, GNorm = 0.2904, lr_0 = 6.1125e-04
Loss = 3.3813e-02, PNorm = 142.1663, GNorm = 0.3615, lr_0 = 6.1064e-04
Loss = 3.6875e-02, PNorm = 142.2209, GNorm = 0.1936, lr_0 = 6.1004e-04
Loss = 3.8056e-02, PNorm = 142.2786, GNorm = 0.6330, lr_0 = 6.0944e-04
Loss = 4.1277e-02, PNorm = 142.3302, GNorm = 0.3211, lr_0 = 6.0884e-04
Loss = 3.6224e-02, PNorm = 142.3891, GNorm = 0.3511, lr_0 = 6.0824e-04
Loss = 3.2921e-02, PNorm = 142.4444, GNorm = 0.5069, lr_0 = 6.0764e-04
Loss = 3.2290e-02, PNorm = 142.4977, GNorm = 0.2303, lr_0 = 6.0704e-04
Loss = 3.6129e-02, PNorm = 142.5597, GNorm = 0.2418, lr_0 = 6.0644e-04
Loss = 3.5286e-02, PNorm = 142.6115, GNorm = 0.4209, lr_0 = 6.0584e-04
Loss = 3.3050e-02, PNorm = 142.6587, GNorm = 0.3230, lr_0 = 6.0525e-04
Loss = 3.8306e-02, PNorm = 142.7073, GNorm = 0.4759, lr_0 = 6.0465e-04
Loss = 3.7620e-02, PNorm = 142.7552, GNorm = 0.2284, lr_0 = 6.0405e-04
Loss = 3.6436e-02, PNorm = 142.8067, GNorm = 0.2867, lr_0 = 6.0346e-04
Loss = 4.4131e-02, PNorm = 142.8619, GNorm = 0.3899, lr_0 = 6.0286e-04
Validation rmse = 29.219119
Epoch 31
Loss = 3.5623e-02, PNorm = 142.9235, GNorm = 0.2963, lr_0 = 6.0221e-04
Loss = 3.4315e-02, PNorm = 142.9693, GNorm = 0.2818, lr_0 = 6.0162e-04
Loss = 3.6703e-02, PNorm = 143.0117, GNorm = 0.3193, lr_0 = 6.0102e-04
Loss = 2.7035e-02, PNorm = 143.0534, GNorm = 0.2327, lr_0 = 6.0043e-04
Loss = 3.8981e-02, PNorm = 143.1051, GNorm = 0.3073, lr_0 = 5.9984e-04
Loss = 3.7665e-02, PNorm = 143.1572, GNorm = 0.5126, lr_0 = 5.9925e-04
Loss = 3.3002e-02, PNorm = 143.2042, GNorm = 0.3327, lr_0 = 5.9866e-04
Loss = 3.2684e-02, PNorm = 143.2557, GNorm = 0.3744, lr_0 = 5.9806e-04
Loss = 3.9097e-02, PNorm = 143.3030, GNorm = 0.4695, lr_0 = 5.9748e-04
Loss = 3.5894e-02, PNorm = 143.3476, GNorm = 0.4142, lr_0 = 5.9689e-04
Loss = 3.3303e-02, PNorm = 143.3966, GNorm = 0.1929, lr_0 = 5.9630e-04
Loss = 3.2568e-02, PNorm = 143.4462, GNorm = 0.3214, lr_0 = 5.9571e-04
Loss = 3.9660e-02, PNorm = 143.4874, GNorm = 0.2896, lr_0 = 5.9512e-04
Loss = 3.5318e-02, PNorm = 143.5440, GNorm = 0.3656, lr_0 = 5.9454e-04
Loss = 3.1573e-02, PNorm = 143.5917, GNorm = 0.3501, lr_0 = 5.9395e-04
Loss = 3.3226e-02, PNorm = 143.6343, GNorm = 0.3383, lr_0 = 5.9336e-04
Loss = 3.0097e-02, PNorm = 143.6842, GNorm = 0.3925, lr_0 = 5.9278e-04
Loss = 3.8357e-02, PNorm = 143.7359, GNorm = 0.2890, lr_0 = 5.9219e-04
Loss = 3.5257e-02, PNorm = 143.7927, GNorm = 0.4307, lr_0 = 5.9161e-04
Validation rmse = 29.652819
Epoch 32
Loss = 3.2529e-02, PNorm = 143.8485, GNorm = 0.5124, lr_0 = 5.9097e-04
Loss = 3.1103e-02, PNorm = 143.9037, GNorm = 0.2334, lr_0 = 5.9039e-04
Loss = 3.2050e-02, PNorm = 143.9509, GNorm = 0.4987, lr_0 = 5.8980e-04
Loss = 3.4760e-02, PNorm = 143.9968, GNorm = 0.2944, lr_0 = 5.8922e-04
Loss = 3.1022e-02, PNorm = 144.0401, GNorm = 0.3249, lr_0 = 5.8864e-04
Loss = 3.1307e-02, PNorm = 144.0833, GNorm = 0.3486, lr_0 = 5.8806e-04
Loss = 3.4285e-02, PNorm = 144.1292, GNorm = 0.2498, lr_0 = 5.8748e-04
Loss = 3.0405e-02, PNorm = 144.1738, GNorm = 0.1927, lr_0 = 5.8690e-04
Loss = 3.3976e-02, PNorm = 144.2192, GNorm = 0.3146, lr_0 = 5.8632e-04
Loss = 3.1293e-02, PNorm = 144.2658, GNorm = 0.3318, lr_0 = 5.8574e-04
Loss = 3.2729e-02, PNorm = 144.3107, GNorm = 0.3281, lr_0 = 5.8517e-04
Loss = 3.7475e-02, PNorm = 144.3608, GNorm = 0.4234, lr_0 = 5.8459e-04
Loss = 3.5652e-02, PNorm = 144.4105, GNorm = 0.4165, lr_0 = 5.8401e-04
Loss = 3.2406e-02, PNorm = 144.4666, GNorm = 0.2615, lr_0 = 5.8344e-04
Loss = 3.4395e-02, PNorm = 144.5156, GNorm = 0.3817, lr_0 = 5.8286e-04
Loss = 3.1792e-02, PNorm = 144.5654, GNorm = 0.4340, lr_0 = 5.8229e-04
Loss = 3.0056e-02, PNorm = 144.6088, GNorm = 0.2062, lr_0 = 5.8171e-04
Loss = 4.2470e-02, PNorm = 144.6556, GNorm = 0.2673, lr_0 = 5.8114e-04
Loss = 4.5132e-02, PNorm = 144.7155, GNorm = 0.3698, lr_0 = 5.8057e-04
Validation rmse = 28.255351
Epoch 33
Loss = 2.9942e-02, PNorm = 144.7773, GNorm = 0.3132, lr_0 = 5.7994e-04
Loss = 3.4838e-02, PNorm = 144.8383, GNorm = 0.3853, lr_0 = 5.7937e-04
Loss = 3.4586e-02, PNorm = 144.8976, GNorm = 0.2806, lr_0 = 5.7879e-04
Loss = 3.1776e-02, PNorm = 144.9482, GNorm = 0.3319, lr_0 = 5.7822e-04
Loss = 3.1584e-02, PNorm = 144.9943, GNorm = 0.3244, lr_0 = 5.7765e-04
Loss = 3.1117e-02, PNorm = 145.0407, GNorm = 0.2773, lr_0 = 5.7708e-04
Loss = 3.0008e-02, PNorm = 145.0875, GNorm = 0.1867, lr_0 = 5.7652e-04
Loss = 3.1393e-02, PNorm = 145.1342, GNorm = 0.1780, lr_0 = 5.7595e-04
Loss = 3.8004e-02, PNorm = 145.1786, GNorm = 0.2603, lr_0 = 5.7538e-04
Loss = 2.9050e-02, PNorm = 145.2276, GNorm = 0.4500, lr_0 = 5.7481e-04
Loss = 3.6618e-02, PNorm = 145.2791, GNorm = 0.7897, lr_0 = 5.7424e-04
Loss = 4.1288e-02, PNorm = 145.3443, GNorm = 0.3150, lr_0 = 5.7368e-04
Loss = 3.4684e-02, PNorm = 145.3941, GNorm = 0.3178, lr_0 = 5.7311e-04
Loss = 2.9273e-02, PNorm = 145.4443, GNorm = 0.2485, lr_0 = 5.7255e-04
Loss = 3.6581e-02, PNorm = 145.4939, GNorm = 0.3432, lr_0 = 5.7198e-04
Loss = 2.8820e-02, PNorm = 145.5382, GNorm = 0.3889, lr_0 = 5.7142e-04
Loss = 3.4344e-02, PNorm = 145.5767, GNorm = 0.5515, lr_0 = 5.7086e-04
Loss = 3.9765e-02, PNorm = 145.6326, GNorm = 0.5685, lr_0 = 5.7029e-04
Loss = 3.2160e-02, PNorm = 145.6916, GNorm = 0.3832, lr_0 = 5.6973e-04
Validation rmse = 29.311978
Epoch 34
Loss = 3.0662e-02, PNorm = 145.7454, GNorm = 0.3850, lr_0 = 5.6911e-04
Loss = 3.4527e-02, PNorm = 145.7930, GNorm = 0.1534, lr_0 = 5.6855e-04
Loss = 3.4924e-02, PNorm = 145.8392, GNorm = 0.4277, lr_0 = 5.6799e-04
Loss = 3.2362e-02, PNorm = 145.8821, GNorm = 0.3071, lr_0 = 5.6743e-04
Loss = 3.4996e-02, PNorm = 145.9361, GNorm = 0.3018, lr_0 = 5.6687e-04
Loss = 3.1569e-02, PNorm = 145.9935, GNorm = 0.3896, lr_0 = 5.6631e-04
Loss = 3.3361e-02, PNorm = 146.0442, GNorm = 0.2260, lr_0 = 5.6575e-04
Loss = 2.7250e-02, PNorm = 146.0896, GNorm = 0.1651, lr_0 = 5.6520e-04
Loss = 3.2323e-02, PNorm = 146.1296, GNorm = 0.3200, lr_0 = 5.6464e-04
Loss = 3.3036e-02, PNorm = 146.1734, GNorm = 0.3551, lr_0 = 5.6408e-04
Loss = 2.8778e-02, PNorm = 146.2186, GNorm = 0.2150, lr_0 = 5.6353e-04
Loss = 2.9721e-02, PNorm = 146.2630, GNorm = 0.2597, lr_0 = 5.6297e-04
Loss = 2.4805e-02, PNorm = 146.3061, GNorm = 0.2849, lr_0 = 5.6242e-04
Loss = 2.5076e-02, PNorm = 146.3472, GNorm = 0.1561, lr_0 = 5.6186e-04
Loss = 2.8657e-02, PNorm = 146.3853, GNorm = 0.2246, lr_0 = 5.6131e-04
Loss = 2.8321e-02, PNorm = 146.4267, GNorm = 0.2992, lr_0 = 5.6075e-04
Loss = 2.9000e-02, PNorm = 146.4743, GNorm = 0.2864, lr_0 = 5.6020e-04
Loss = 3.1389e-02, PNorm = 146.5221, GNorm = 0.4612, lr_0 = 5.5965e-04
Loss = 3.7032e-02, PNorm = 146.5698, GNorm = 0.3535, lr_0 = 5.5910e-04
Validation rmse = 27.499122
Epoch 35
Loss = 2.8817e-02, PNorm = 146.6182, GNorm = 0.2500, lr_0 = 5.5855e-04
Loss = 2.7064e-02, PNorm = 146.6689, GNorm = 0.5758, lr_0 = 5.5799e-04
Loss = 2.9034e-02, PNorm = 146.7184, GNorm = 0.2287, lr_0 = 5.5744e-04
Loss = 3.0913e-02, PNorm = 146.7695, GNorm = 0.2102, lr_0 = 5.5689e-04
Loss = 3.7299e-02, PNorm = 146.8117, GNorm = 0.2340, lr_0 = 5.5635e-04
Loss = 2.9930e-02, PNorm = 146.8585, GNorm = 0.3467, lr_0 = 5.5580e-04
Loss = 2.4991e-02, PNorm = 146.9033, GNorm = 0.2159, lr_0 = 5.5525e-04
Loss = 2.8947e-02, PNorm = 146.9414, GNorm = 0.2315, lr_0 = 5.5470e-04
Loss = 3.4695e-02, PNorm = 146.9862, GNorm = 0.2486, lr_0 = 5.5415e-04
Loss = 3.4054e-02, PNorm = 147.0384, GNorm = 0.3090, lr_0 = 5.5361e-04
Loss = 2.6305e-02, PNorm = 147.0854, GNorm = 0.2961, lr_0 = 5.5306e-04
Loss = 3.1599e-02, PNorm = 147.1299, GNorm = 0.4681, lr_0 = 5.5252e-04
Loss = 3.9810e-02, PNorm = 147.1794, GNorm = 0.4362, lr_0 = 5.5197e-04
Loss = 3.1244e-02, PNorm = 147.2432, GNorm = 0.8680, lr_0 = 5.5143e-04
Loss = 3.9354e-02, PNorm = 147.3047, GNorm = 0.2858, lr_0 = 5.5088e-04
Loss = 3.2032e-02, PNorm = 147.3617, GNorm = 0.3048, lr_0 = 5.5034e-04
Loss = 3.0652e-02, PNorm = 147.4123, GNorm = 0.2248, lr_0 = 5.4980e-04
Loss = 2.5529e-02, PNorm = 147.4608, GNorm = 0.2592, lr_0 = 5.4926e-04
Loss = 3.7629e-02, PNorm = 147.5009, GNorm = 0.1843, lr_0 = 5.4871e-04
Loss = 3.0889e-02, PNorm = 147.5053, GNorm = 0.5523, lr_0 = 5.4866e-04
Validation rmse = 27.845699
Epoch 36
Loss = 3.5551e-02, PNorm = 147.5709, GNorm = 0.2904, lr_0 = 5.4812e-04
Loss = 3.1642e-02, PNorm = 147.6375, GNorm = 0.2548, lr_0 = 5.4758e-04
Loss = 3.6525e-02, PNorm = 147.6918, GNorm = 0.4505, lr_0 = 5.4704e-04
Loss = 3.7174e-02, PNorm = 147.7449, GNorm = 0.2568, lr_0 = 5.4650e-04
Loss = 3.6902e-02, PNorm = 147.7936, GNorm = 0.2376, lr_0 = 5.4596e-04
Loss = 2.6507e-02, PNorm = 147.8435, GNorm = 0.2492, lr_0 = 5.4542e-04
Loss = 2.6299e-02, PNorm = 147.8926, GNorm = 0.1843, lr_0 = 5.4489e-04
Loss = 3.0189e-02, PNorm = 147.9338, GNorm = 0.3154, lr_0 = 5.4435e-04
Loss = 2.5611e-02, PNorm = 147.9695, GNorm = 0.3487, lr_0 = 5.4381e-04
Loss = 3.0522e-02, PNorm = 148.0111, GNorm = 0.2472, lr_0 = 5.4328e-04
Loss = 2.4150e-02, PNorm = 148.0509, GNorm = 0.2212, lr_0 = 5.4274e-04
Loss = 2.9225e-02, PNorm = 148.0897, GNorm = 0.2538, lr_0 = 5.4220e-04
Loss = 3.1112e-02, PNorm = 148.1375, GNorm = 0.4587, lr_0 = 5.4167e-04
Loss = 3.4336e-02, PNorm = 148.1847, GNorm = 0.2791, lr_0 = 5.4114e-04
Loss = 3.2215e-02, PNorm = 148.2449, GNorm = 0.6434, lr_0 = 5.4060e-04
Loss = 3.3315e-02, PNorm = 148.3004, GNorm = 0.3146, lr_0 = 5.4007e-04
Loss = 3.0785e-02, PNorm = 148.3468, GNorm = 0.1850, lr_0 = 5.3954e-04
Loss = 2.8934e-02, PNorm = 148.3944, GNorm = 0.2267, lr_0 = 5.3900e-04
Validation rmse = 27.591839
Epoch 37
Loss = 3.1301e-02, PNorm = 148.4462, GNorm = 0.4199, lr_0 = 5.3842e-04
Loss = 2.7028e-02, PNorm = 148.5013, GNorm = 0.1857, lr_0 = 5.3789e-04
Loss = 3.1456e-02, PNorm = 148.5466, GNorm = 0.1842, lr_0 = 5.3736e-04
Loss = 2.4715e-02, PNorm = 148.5890, GNorm = 0.1795, lr_0 = 5.3683e-04
Loss = 2.9099e-02, PNorm = 148.6364, GNorm = 0.3423, lr_0 = 5.3630e-04
Loss = 2.7294e-02, PNorm = 148.6791, GNorm = 0.2208, lr_0 = 5.3577e-04
Loss = 3.1695e-02, PNorm = 148.7205, GNorm = 0.3785, lr_0 = 5.3524e-04
Loss = 3.0137e-02, PNorm = 148.7667, GNorm = 0.2417, lr_0 = 5.3471e-04
Loss = 2.7757e-02, PNorm = 148.8173, GNorm = 0.2684, lr_0 = 5.3419e-04
Loss = 3.1508e-02, PNorm = 148.8567, GNorm = 0.3293, lr_0 = 5.3366e-04
Loss = 3.5820e-02, PNorm = 148.9105, GNorm = 0.3664, lr_0 = 5.3313e-04
Loss = 2.9260e-02, PNorm = 148.9623, GNorm = 0.2265, lr_0 = 5.3261e-04
Loss = 3.1369e-02, PNorm = 149.0055, GNorm = 0.5731, lr_0 = 5.3208e-04
Loss = 3.0912e-02, PNorm = 149.0459, GNorm = 0.2294, lr_0 = 5.3156e-04
Loss = 3.0473e-02, PNorm = 149.0937, GNorm = 0.3270, lr_0 = 5.3104e-04
Loss = 2.5745e-02, PNorm = 149.1365, GNorm = 0.2221, lr_0 = 5.3051e-04
Loss = 2.8555e-02, PNorm = 149.1769, GNorm = 0.1957, lr_0 = 5.2999e-04
Loss = 3.1300e-02, PNorm = 149.2221, GNorm = 0.2224, lr_0 = 5.2947e-04
Loss = 2.9238e-02, PNorm = 149.2708, GNorm = 0.1957, lr_0 = 5.2894e-04
Validation rmse = 28.099657
Epoch 38
Loss = 2.5520e-02, PNorm = 149.3258, GNorm = 0.3899, lr_0 = 5.2837e-04
Loss = 2.8289e-02, PNorm = 149.3869, GNorm = 0.2732, lr_0 = 5.2785e-04
Loss = 2.6285e-02, PNorm = 149.4408, GNorm = 0.1510, lr_0 = 5.2733e-04
Loss = 3.2091e-02, PNorm = 149.4868, GNorm = 0.3828, lr_0 = 5.2681e-04
Loss = 3.0613e-02, PNorm = 149.5353, GNorm = 0.3787, lr_0 = 5.2629e-04
Loss = 2.6748e-02, PNorm = 149.5816, GNorm = 0.4271, lr_0 = 5.2577e-04
Loss = 2.8138e-02, PNorm = 149.6272, GNorm = 0.3863, lr_0 = 5.2525e-04
Loss = 2.5744e-02, PNorm = 149.6687, GNorm = 0.2897, lr_0 = 5.2473e-04
Loss = 2.8604e-02, PNorm = 149.7072, GNorm = 0.1973, lr_0 = 5.2422e-04
Loss = 3.0869e-02, PNorm = 149.7490, GNorm = 0.3383, lr_0 = 5.2370e-04
Loss = 2.8540e-02, PNorm = 149.7961, GNorm = 0.4209, lr_0 = 5.2318e-04
Loss = 3.0718e-02, PNorm = 149.8396, GNorm = 0.3678, lr_0 = 5.2267e-04
Loss = 2.4992e-02, PNorm = 149.8820, GNorm = 0.2536, lr_0 = 5.2215e-04
Loss = 2.7266e-02, PNorm = 149.9288, GNorm = 0.3409, lr_0 = 5.2164e-04
Loss = 2.6332e-02, PNorm = 149.9742, GNorm = 0.2009, lr_0 = 5.2112e-04
Loss = 2.8743e-02, PNorm = 150.0131, GNorm = 0.2951, lr_0 = 5.2061e-04
Loss = 3.2233e-02, PNorm = 150.0532, GNorm = 0.5517, lr_0 = 5.2010e-04
Loss = 2.8999e-02, PNorm = 150.1007, GNorm = 0.2166, lr_0 = 5.1958e-04
Loss = 3.1442e-02, PNorm = 150.1504, GNorm = 0.3213, lr_0 = 5.1907e-04
Validation rmse = 27.065454
Epoch 39
Loss = 2.5529e-02, PNorm = 150.1998, GNorm = 0.2436, lr_0 = 5.1851e-04
Loss = 2.9263e-02, PNorm = 150.2554, GNorm = 0.2350, lr_0 = 5.1800e-04
Loss = 2.6305e-02, PNorm = 150.3041, GNorm = 0.3101, lr_0 = 5.1749e-04
Loss = 2.9348e-02, PNorm = 150.3522, GNorm = 0.3193, lr_0 = 5.1698e-04
Loss = 2.6541e-02, PNorm = 150.3930, GNorm = 0.4657, lr_0 = 5.1647e-04
Loss = 3.2070e-02, PNorm = 150.4266, GNorm = 0.3399, lr_0 = 5.1596e-04
Loss = 3.0114e-02, PNorm = 150.4684, GNorm = 0.2573, lr_0 = 5.1545e-04
Loss = 2.8456e-02, PNorm = 150.5148, GNorm = 0.4569, lr_0 = 5.1494e-04
Loss = 2.7183e-02, PNorm = 150.5569, GNorm = 0.2465, lr_0 = 5.1443e-04
Loss = 2.5284e-02, PNorm = 150.5998, GNorm = 0.2408, lr_0 = 5.1392e-04
Loss = 2.6429e-02, PNorm = 150.6396, GNorm = 0.2506, lr_0 = 5.1342e-04
Loss = 3.5076e-02, PNorm = 150.6953, GNorm = 0.5544, lr_0 = 5.1291e-04
Loss = 2.5179e-02, PNorm = 150.7442, GNorm = 0.3827, lr_0 = 5.1241e-04
Loss = 2.7115e-02, PNorm = 150.7838, GNorm = 0.2103, lr_0 = 5.1190e-04
Loss = 3.0290e-02, PNorm = 150.8279, GNorm = 0.3371, lr_0 = 5.1140e-04
Loss = 2.8558e-02, PNorm = 150.8743, GNorm = 0.6694, lr_0 = 5.1089e-04
Loss = 2.9479e-02, PNorm = 150.9275, GNorm = 0.1944, lr_0 = 5.1039e-04
Loss = 3.2411e-02, PNorm = 150.9813, GNorm = 0.2512, lr_0 = 5.0988e-04
Loss = 2.7732e-02, PNorm = 151.0239, GNorm = 0.3770, lr_0 = 5.0938e-04
Validation rmse = 29.265984
Epoch 40
Loss = 3.2263e-02, PNorm = 151.0796, GNorm = 0.2632, lr_0 = 5.0883e-04
Loss = 3.0291e-02, PNorm = 151.1285, GNorm = 0.6332, lr_0 = 5.0833e-04
Loss = 2.5493e-02, PNorm = 151.1808, GNorm = 0.3296, lr_0 = 5.0783e-04
Loss = 2.7241e-02, PNorm = 151.2229, GNorm = 0.2251, lr_0 = 5.0733e-04
Loss = 2.6166e-02, PNorm = 151.2573, GNorm = 0.2051, lr_0 = 5.0683e-04
Loss = 2.6782e-02, PNorm = 151.2975, GNorm = 0.3085, lr_0 = 5.0633e-04
Loss = 2.8461e-02, PNorm = 151.3418, GNorm = 0.3661, lr_0 = 5.0583e-04
Loss = 2.2703e-02, PNorm = 151.3835, GNorm = 0.2651, lr_0 = 5.0533e-04
Loss = 2.7127e-02, PNorm = 151.4236, GNorm = 0.4173, lr_0 = 5.0483e-04
Loss = 2.6640e-02, PNorm = 151.4691, GNorm = 0.1332, lr_0 = 5.0433e-04
Loss = 2.8470e-02, PNorm = 151.5095, GNorm = 0.3117, lr_0 = 5.0383e-04
Loss = 3.0982e-02, PNorm = 151.5527, GNorm = 0.2767, lr_0 = 5.0334e-04
Loss = 2.8859e-02, PNorm = 151.5951, GNorm = 0.3596, lr_0 = 5.0284e-04
Loss = 2.8638e-02, PNorm = 151.6406, GNorm = 0.2026, lr_0 = 5.0235e-04
Loss = 2.6699e-02, PNorm = 151.6799, GNorm = 0.2488, lr_0 = 5.0185e-04
Loss = 3.4708e-02, PNorm = 151.7138, GNorm = 0.3088, lr_0 = 5.0136e-04
Loss = 2.7750e-02, PNorm = 151.7605, GNorm = 0.2737, lr_0 = 5.0086e-04
Loss = 2.8252e-02, PNorm = 151.8127, GNorm = 0.3834, lr_0 = 5.0037e-04
Loss = 3.1217e-02, PNorm = 151.8547, GNorm = 0.1440, lr_0 = 4.9987e-04
Validation rmse = 27.562267
Epoch 41
Loss = 3.0037e-02, PNorm = 151.8976, GNorm = 0.3211, lr_0 = 4.9938e-04
Loss = 2.7201e-02, PNorm = 151.9475, GNorm = 0.2690, lr_0 = 4.9889e-04
Loss = 2.6297e-02, PNorm = 151.9935, GNorm = 0.2308, lr_0 = 4.9840e-04
Loss = 2.8438e-02, PNorm = 152.0429, GNorm = 0.2949, lr_0 = 4.9791e-04
Loss = 2.9326e-02, PNorm = 152.0853, GNorm = 0.3411, lr_0 = 4.9741e-04
Loss = 3.0503e-02, PNorm = 152.1291, GNorm = 0.2285, lr_0 = 4.9692e-04
Loss = 2.6357e-02, PNorm = 152.1684, GNorm = 0.2601, lr_0 = 4.9643e-04
Loss = 2.8789e-02, PNorm = 152.2100, GNorm = 0.3966, lr_0 = 4.9594e-04
Loss = 2.8407e-02, PNorm = 152.2540, GNorm = 0.3910, lr_0 = 4.9546e-04
Loss = 2.6790e-02, PNorm = 152.2943, GNorm = 0.3568, lr_0 = 4.9497e-04
Loss = 2.5110e-02, PNorm = 152.3355, GNorm = 0.3276, lr_0 = 4.9448e-04
Loss = 2.8882e-02, PNorm = 152.3736, GNorm = 0.4105, lr_0 = 4.9399e-04
Loss = 3.2710e-02, PNorm = 152.4192, GNorm = 0.2716, lr_0 = 4.9350e-04
Loss = 3.2010e-02, PNorm = 152.4736, GNorm = 0.3493, lr_0 = 4.9302e-04
Loss = 2.7177e-02, PNorm = 152.5184, GNorm = 0.2282, lr_0 = 4.9253e-04
Loss = 2.7301e-02, PNorm = 152.5537, GNorm = 0.2557, lr_0 = 4.9205e-04
Loss = 3.0348e-02, PNorm = 152.5990, GNorm = 0.2813, lr_0 = 4.9156e-04
Loss = 2.7565e-02, PNorm = 152.6479, GNorm = 0.2870, lr_0 = 4.9108e-04
Loss = 2.6184e-02, PNorm = 152.6896, GNorm = 0.3565, lr_0 = 4.9059e-04
Validation rmse = 27.464173
Epoch 42
Loss = 2.8831e-02, PNorm = 152.7369, GNorm = 0.4529, lr_0 = 4.9006e-04
Loss = 2.4323e-02, PNorm = 152.7754, GNorm = 0.2231, lr_0 = 4.8958e-04
Loss = 2.4051e-02, PNorm = 152.8138, GNorm = 0.2923, lr_0 = 4.8909e-04
Loss = 2.1099e-02, PNorm = 152.8524, GNorm = 0.2026, lr_0 = 4.8861e-04
Loss = 2.4554e-02, PNorm = 152.8865, GNorm = 0.4549, lr_0 = 4.8813e-04
Loss = 2.1911e-02, PNorm = 152.9169, GNorm = 0.1991, lr_0 = 4.8765e-04
Loss = 2.5846e-02, PNorm = 152.9516, GNorm = 0.3127, lr_0 = 4.8717e-04
Loss = 2.5908e-02, PNorm = 152.9918, GNorm = 0.1423, lr_0 = 4.8669e-04
Loss = 2.4398e-02, PNorm = 153.0302, GNorm = 0.2630, lr_0 = 4.8621e-04
Loss = 2.7413e-02, PNorm = 153.0701, GNorm = 0.4475, lr_0 = 4.8573e-04
Loss = 2.6382e-02, PNorm = 153.1072, GNorm = 0.3381, lr_0 = 4.8525e-04
Loss = 2.3744e-02, PNorm = 153.1393, GNorm = 0.2281, lr_0 = 4.8477e-04
Loss = 2.5435e-02, PNorm = 153.1843, GNorm = 0.2405, lr_0 = 4.8429e-04
Loss = 2.2808e-02, PNorm = 153.2311, GNorm = 0.2349, lr_0 = 4.8382e-04
Loss = 2.3207e-02, PNorm = 153.2685, GNorm = 0.1555, lr_0 = 4.8334e-04
Loss = 2.5139e-02, PNorm = 153.3031, GNorm = 0.2097, lr_0 = 4.8286e-04
Loss = 2.5452e-02, PNorm = 153.3438, GNorm = 0.2819, lr_0 = 4.8239e-04
Loss = 2.7905e-02, PNorm = 153.3828, GNorm = 0.2671, lr_0 = 4.8191e-04
Loss = 2.6261e-02, PNorm = 153.4283, GNorm = 0.2147, lr_0 = 4.8144e-04
Validation rmse = 27.304046
Epoch 43
Loss = 2.4497e-02, PNorm = 153.4754, GNorm = 0.2791, lr_0 = 4.8091e-04
Loss = 2.5377e-02, PNorm = 153.5205, GNorm = 0.1932, lr_0 = 4.8044e-04
Loss = 2.0687e-02, PNorm = 153.5632, GNorm = 0.2118, lr_0 = 4.7997e-04
Loss = 2.5002e-02, PNorm = 153.5924, GNorm = 0.2448, lr_0 = 4.7949e-04
Loss = 2.5176e-02, PNorm = 153.6308, GNorm = 0.2637, lr_0 = 4.7902e-04
Loss = 2.3045e-02, PNorm = 153.6768, GNorm = 0.2254, lr_0 = 4.7855e-04
Loss = 1.8457e-02, PNorm = 153.7145, GNorm = 0.1039, lr_0 = 4.7807e-04
Loss = 2.1378e-02, PNorm = 153.7480, GNorm = 0.3682, lr_0 = 4.7760e-04
Loss = 2.2808e-02, PNorm = 153.7850, GNorm = 0.1541, lr_0 = 4.7713e-04
Loss = 2.6121e-02, PNorm = 153.8210, GNorm = 0.1273, lr_0 = 4.7666e-04
Loss = 2.2885e-02, PNorm = 153.8603, GNorm = 0.1765, lr_0 = 4.7619e-04
Loss = 2.6445e-02, PNorm = 153.8915, GNorm = 0.5231, lr_0 = 4.7572e-04
Loss = 2.4200e-02, PNorm = 153.9278, GNorm = 0.3014, lr_0 = 4.7525e-04
Loss = 2.5572e-02, PNorm = 153.9623, GNorm = 0.2141, lr_0 = 4.7479e-04
Loss = 2.5211e-02, PNorm = 154.0034, GNorm = 0.4073, lr_0 = 4.7432e-04
Loss = 2.0923e-02, PNorm = 154.0423, GNorm = 0.3026, lr_0 = 4.7385e-04
Loss = 2.9579e-02, PNorm = 154.0783, GNorm = 0.1792, lr_0 = 4.7338e-04
Loss = 2.6740e-02, PNorm = 154.1213, GNorm = 0.3353, lr_0 = 4.7292e-04
Loss = 2.7252e-02, PNorm = 154.1656, GNorm = 0.3241, lr_0 = 4.7245e-04
Validation rmse = 27.975995
Epoch 44
Loss = 2.8270e-02, PNorm = 154.2271, GNorm = 0.4480, lr_0 = 4.7194e-04
Loss = 2.3494e-02, PNorm = 154.2840, GNorm = 0.2822, lr_0 = 4.7147e-04
Loss = 2.7184e-02, PNorm = 154.3345, GNorm = 0.5610, lr_0 = 4.7101e-04
Loss = 2.5664e-02, PNorm = 154.3815, GNorm = 0.3279, lr_0 = 4.7054e-04
Loss = 2.5416e-02, PNorm = 154.4270, GNorm = 0.2364, lr_0 = 4.7008e-04
Loss = 2.8135e-02, PNorm = 154.4656, GNorm = 0.1673, lr_0 = 4.6961e-04
Loss = 2.9533e-02, PNorm = 154.5160, GNorm = 0.7606, lr_0 = 4.6915e-04
Loss = 2.4504e-02, PNorm = 154.5600, GNorm = 0.4179, lr_0 = 4.6869e-04
Loss = 2.6593e-02, PNorm = 154.6072, GNorm = 0.3602, lr_0 = 4.6823e-04
Loss = 2.7646e-02, PNorm = 154.6568, GNorm = 0.2513, lr_0 = 4.6777e-04
Loss = 2.5726e-02, PNorm = 154.7046, GNorm = 0.2457, lr_0 = 4.6730e-04
Loss = 2.4528e-02, PNorm = 154.7526, GNorm = 0.3885, lr_0 = 4.6684e-04
Loss = 2.3605e-02, PNorm = 154.7942, GNorm = 0.2373, lr_0 = 4.6638e-04
Loss = 2.4205e-02, PNorm = 154.8317, GNorm = 0.2810, lr_0 = 4.6592e-04
Loss = 2.5631e-02, PNorm = 154.8765, GNorm = 0.2038, lr_0 = 4.6546e-04
Loss = 2.3484e-02, PNorm = 154.9191, GNorm = 0.2814, lr_0 = 4.6500e-04
Loss = 2.3342e-02, PNorm = 154.9564, GNorm = 0.2188, lr_0 = 4.6455e-04
Loss = 2.9041e-02, PNorm = 154.9891, GNorm = 0.2314, lr_0 = 4.6409e-04
Loss = 2.5212e-02, PNorm = 155.0215, GNorm = 0.2555, lr_0 = 4.6363e-04
Validation rmse = 27.461079
Epoch 45
Loss = 2.6764e-02, PNorm = 155.0649, GNorm = 0.2868, lr_0 = 4.6313e-04
Loss = 2.4420e-02, PNorm = 155.1095, GNorm = 0.2822, lr_0 = 4.6267e-04
Loss = 2.4651e-02, PNorm = 155.1490, GNorm = 0.2668, lr_0 = 4.6221e-04
Loss = 2.4221e-02, PNorm = 155.1886, GNorm = 0.1570, lr_0 = 4.6176e-04
Loss = 2.3281e-02, PNorm = 155.2317, GNorm = 0.2691, lr_0 = 4.6130e-04
Loss = 2.4177e-02, PNorm = 155.2657, GNorm = 0.2661, lr_0 = 4.6085e-04
Loss = 2.7537e-02, PNorm = 155.2961, GNorm = 0.2305, lr_0 = 4.6039e-04
Loss = 2.3575e-02, PNorm = 155.3361, GNorm = 0.3325, lr_0 = 4.5994e-04
Loss = 2.5550e-02, PNorm = 155.3778, GNorm = 0.2978, lr_0 = 4.5949e-04
Loss = 2.0285e-02, PNorm = 155.4175, GNorm = 0.3228, lr_0 = 4.5903e-04
Loss = 2.1546e-02, PNorm = 155.4592, GNorm = 0.2520, lr_0 = 4.5858e-04
Loss = 2.7734e-02, PNorm = 155.4978, GNorm = 0.2498, lr_0 = 4.5813e-04
Loss = 2.2003e-02, PNorm = 155.5391, GNorm = 0.1133, lr_0 = 4.5768e-04
Loss = 2.4613e-02, PNorm = 155.5769, GNorm = 0.3448, lr_0 = 4.5723e-04
Loss = 2.5370e-02, PNorm = 155.6114, GNorm = 0.2384, lr_0 = 4.5678e-04
Loss = 2.4189e-02, PNorm = 155.6457, GNorm = 0.2002, lr_0 = 4.5633e-04
Loss = 2.2211e-02, PNorm = 155.6861, GNorm = 0.2760, lr_0 = 4.5588e-04
Loss = 2.3142e-02, PNorm = 155.7258, GNorm = 0.2114, lr_0 = 4.5543e-04
Loss = 2.8758e-02, PNorm = 155.7674, GNorm = 0.1565, lr_0 = 4.5498e-04
Validation rmse = 27.615515
Epoch 46
Loss = 2.2555e-02, PNorm = 155.8156, GNorm = 0.1881, lr_0 = 4.5448e-04
Loss = 2.2536e-02, PNorm = 155.8550, GNorm = 0.2197, lr_0 = 4.5404e-04
Loss = 2.4423e-02, PNorm = 155.8979, GNorm = 0.2323, lr_0 = 4.5359e-04
Loss = 2.1678e-02, PNorm = 155.9354, GNorm = 0.2154, lr_0 = 4.5314e-04
Loss = 2.9332e-02, PNorm = 155.9724, GNorm = 0.4002, lr_0 = 4.5269e-04
Loss = 2.3789e-02, PNorm = 156.0154, GNorm = 0.4333, lr_0 = 4.5225e-04
Loss = 2.5820e-02, PNorm = 156.0595, GNorm = 0.3492, lr_0 = 4.5180e-04
Loss = 2.3511e-02, PNorm = 156.0959, GNorm = 0.2457, lr_0 = 4.5136e-04
Loss = 2.5233e-02, PNorm = 156.1375, GNorm = 0.2230, lr_0 = 4.5091e-04
Loss = 2.2496e-02, PNorm = 156.1768, GNorm = 0.2128, lr_0 = 4.5047e-04
Loss = 2.4493e-02, PNorm = 156.2144, GNorm = 0.1503, lr_0 = 4.5002e-04
Loss = 2.1946e-02, PNorm = 156.2594, GNorm = 0.1309, lr_0 = 4.4958e-04
Loss = 2.3901e-02, PNorm = 156.2972, GNorm = 0.2273, lr_0 = 4.4913e-04
Loss = 2.4038e-02, PNorm = 156.3302, GNorm = 0.3497, lr_0 = 4.4869e-04
Loss = 2.4717e-02, PNorm = 156.3627, GNorm = 0.1852, lr_0 = 4.4825e-04
Loss = 2.3201e-02, PNorm = 156.3972, GNorm = 0.2775, lr_0 = 4.4781e-04
Loss = 2.5876e-02, PNorm = 156.4319, GNorm = 0.3350, lr_0 = 4.4737e-04
Loss = 2.7801e-02, PNorm = 156.4763, GNorm = 0.2120, lr_0 = 4.4692e-04
Loss = 2.3087e-02, PNorm = 156.5186, GNorm = 0.1656, lr_0 = 4.4648e-04
Validation rmse = 27.162167
Epoch 47
Loss = 2.3209e-02, PNorm = 156.5555, GNorm = 0.3097, lr_0 = 4.4604e-04
Loss = 1.9723e-02, PNorm = 156.5894, GNorm = 0.4397, lr_0 = 4.4560e-04
Loss = 2.7029e-02, PNorm = 156.6242, GNorm = 0.3056, lr_0 = 4.4516e-04
Loss = 2.3323e-02, PNorm = 156.6637, GNorm = 0.3701, lr_0 = 4.4473e-04
Loss = 2.5933e-02, PNorm = 156.7006, GNorm = 0.3681, lr_0 = 4.4429e-04
Loss = 2.3862e-02, PNorm = 156.7382, GNorm = 0.2185, lr_0 = 4.4385e-04
Loss = 2.4642e-02, PNorm = 156.7732, GNorm = 0.2729, lr_0 = 4.4341e-04
Loss = 2.1820e-02, PNorm = 156.8149, GNorm = 0.2837, lr_0 = 4.4297e-04
Loss = 2.3547e-02, PNorm = 156.8448, GNorm = 0.2274, lr_0 = 4.4254e-04
Loss = 2.2089e-02, PNorm = 156.8776, GNorm = 0.4149, lr_0 = 4.4210e-04
Loss = 2.4632e-02, PNorm = 156.9136, GNorm = 0.2227, lr_0 = 4.4167e-04
Loss = 2.5686e-02, PNorm = 156.9510, GNorm = 0.3179, lr_0 = 4.4123e-04
Loss = 2.5240e-02, PNorm = 156.9916, GNorm = 0.3017, lr_0 = 4.4080e-04
Loss = 2.2388e-02, PNorm = 157.0342, GNorm = 0.3041, lr_0 = 4.4036e-04
Loss = 2.5838e-02, PNorm = 157.0723, GNorm = 0.1602, lr_0 = 4.3993e-04
Loss = 2.5928e-02, PNorm = 157.1103, GNorm = 0.3542, lr_0 = 4.3949e-04
Loss = 2.2654e-02, PNorm = 157.1472, GNorm = 0.3803, lr_0 = 4.3906e-04
Loss = 2.6067e-02, PNorm = 157.1854, GNorm = 0.1578, lr_0 = 4.3863e-04
Loss = 2.1967e-02, PNorm = 157.2205, GNorm = 0.1990, lr_0 = 4.3819e-04
Loss = 1.3799e-02, PNorm = 157.2233, GNorm = 0.3342, lr_0 = 4.3815e-04
Validation rmse = 27.146577
Epoch 48
Loss = 1.9712e-02, PNorm = 157.2530, GNorm = 0.2096, lr_0 = 4.3772e-04
Loss = 2.1610e-02, PNorm = 157.2838, GNorm = 0.1935, lr_0 = 4.3729e-04
Loss = 2.0613e-02, PNorm = 157.3209, GNorm = 0.2915, lr_0 = 4.3686e-04
Loss = 2.0127e-02, PNorm = 157.3627, GNorm = 0.4680, lr_0 = 4.3642e-04
Loss = 2.5495e-02, PNorm = 157.3986, GNorm = 0.1879, lr_0 = 4.3599e-04
Loss = 2.2970e-02, PNorm = 157.4355, GNorm = 0.1813, lr_0 = 4.3556e-04
Loss = 2.1620e-02, PNorm = 157.4719, GNorm = 0.1591, lr_0 = 4.3514e-04
Loss = 1.9834e-02, PNorm = 157.5017, GNorm = 0.1888, lr_0 = 4.3471e-04
Loss = 2.2179e-02, PNorm = 157.5304, GNorm = 0.2762, lr_0 = 4.3428e-04
Loss = 2.4215e-02, PNorm = 157.5550, GNorm = 0.3157, lr_0 = 4.3385e-04
Loss = 2.2673e-02, PNorm = 157.5867, GNorm = 0.1535, lr_0 = 4.3342e-04
Loss = 2.3619e-02, PNorm = 157.6165, GNorm = 0.1925, lr_0 = 4.3299e-04
Loss = 2.7063e-02, PNorm = 157.6552, GNorm = 0.3562, lr_0 = 4.3257e-04
Loss = 2.0896e-02, PNorm = 157.7006, GNorm = 0.3653, lr_0 = 4.3214e-04
Loss = 2.2372e-02, PNorm = 157.7417, GNorm = 0.2430, lr_0 = 4.3171e-04
Loss = 2.6103e-02, PNorm = 157.7808, GNorm = 0.2797, lr_0 = 4.3129e-04
Loss = 2.2548e-02, PNorm = 157.8208, GNorm = 0.1837, lr_0 = 4.3086e-04
Loss = 1.7828e-02, PNorm = 157.8532, GNorm = 0.2319, lr_0 = 4.3044e-04
Validation rmse = 26.901593
Epoch 49
Loss = 2.4161e-02, PNorm = 157.8886, GNorm = 0.3188, lr_0 = 4.2997e-04
Loss = 2.0590e-02, PNorm = 157.9269, GNorm = 0.2890, lr_0 = 4.2955e-04
Loss = 1.9018e-02, PNorm = 157.9611, GNorm = 0.3255, lr_0 = 4.2912e-04
Loss = 2.2160e-02, PNorm = 157.9946, GNorm = 0.2962, lr_0 = 4.2870e-04
Loss = 2.2993e-02, PNorm = 158.0292, GNorm = 0.2119, lr_0 = 4.2828e-04
Loss = 2.2582e-02, PNorm = 158.0659, GNorm = 0.1862, lr_0 = 4.2786e-04
Loss = 2.2741e-02, PNorm = 158.1004, GNorm = 0.2615, lr_0 = 4.2743e-04
Loss = 2.5318e-02, PNorm = 158.1322, GNorm = 0.2673, lr_0 = 4.2701e-04
Loss = 2.0448e-02, PNorm = 158.1643, GNorm = 0.1493, lr_0 = 4.2659e-04
Loss = 2.2502e-02, PNorm = 158.1989, GNorm = 0.3536, lr_0 = 4.2617e-04
Loss = 2.2407e-02, PNorm = 158.2318, GNorm = 0.2985, lr_0 = 4.2575e-04
Loss = 2.2091e-02, PNorm = 158.2697, GNorm = 0.1475, lr_0 = 4.2533e-04
Loss = 2.2159e-02, PNorm = 158.3041, GNorm = 0.5745, lr_0 = 4.2491e-04
Loss = 1.9518e-02, PNorm = 158.3341, GNorm = 0.4039, lr_0 = 4.2449e-04
Loss = 2.2115e-02, PNorm = 158.3677, GNorm = 0.2732, lr_0 = 4.2416e-04
Loss = 2.2752e-02, PNorm = 158.4092, GNorm = 0.4198, lr_0 = 4.2416e-04
Loss = 2.3847e-02, PNorm = 158.4537, GNorm = 0.3442, lr_0 = 4.2416e-04
Loss = 2.6396e-02, PNorm = 158.5066, GNorm = 0.1317, lr_0 = 4.2416e-04
Loss = 2.2990e-02, PNorm = 158.5510, GNorm = 0.2030, lr_0 = 4.2416e-04
Validation rmse = 27.490571
Model 0 best validation rmse = 26.901593 on epoch 48
Loading pretrained parameter "encoder.encoder.0.cached_zero_vector".
Loading pretrained parameter "encoder.encoder.0.W_i.weight".
Loading pretrained parameter "encoder.encoder.0.W_h.weight".
Loading pretrained parameter "encoder.encoder.0.W_o.weight".
Loading pretrained parameter "encoder.encoder.0.W_o.bias".
Loading pretrained parameter "encoder.encoder.1.cached_zero_vector".
Loading pretrained parameter "encoder.encoder.1.W_i.weight".
Loading pretrained parameter "encoder.encoder.1.W_h.weight".
Loading pretrained parameter "encoder.encoder.1.W_o.weight".
Loading pretrained parameter "encoder.encoder.1.W_o.bias".
Loading pretrained parameter "ffn.1.weight".
Loading pretrained parameter "ffn.1.bias".
Loading pretrained parameter "ffn.4.weight".
Loading pretrained parameter "ffn.4.bias".
Loading pretrained parameter "ffn.7.weight".
Loading pretrained parameter "ffn.7.bias".
Moving model to cuda
Model 0 test rmse = 24.281675
Ensemble test rmse = 24.281675
1-fold cross validation
	Seed 0 ==> test rmse = 24.281675
Overall test rmse = 24.281675 +/- 0.000000
Elapsed time = 0:35:52
