Command line
python /home/kpg/chemprop/train.py --data_path ../../../data/splits/lambda_max_abs/deep4chem/group_by_smiles/smiles_target_train.csv --dataset_type regression --save_dir /home/kimele03/uvvisml/uvvisml/models/quantum_yield_checkpoints/scaffold/results/507331/49669022 --config_path /home/kimele03/uvvisml/uvvisml/models/quantum_yield_checkpoints/scaffold/results/507331/49669022/hyperopt.json --metric rmse --epochs 50 --gpu 0 --ensemble_size 1 --separate_val_path ../../../data/splits/lambda_max_abs/deep4chem/group_by_smiles/smiles_target_val.csv --separate_test_path ../../../data/splits/lambda_max_abs/deep4chem/group_by_smiles/smiles_target_test.csv --number_of_molecules 2
Args
{'activation': 'ReLU',
 'aggregation': 'mean',
 'aggregation_norm': 100,
 'atom_descriptor_scaling': True,
 'atom_descriptors': None,
 'atom_descriptors_path': None,
 'atom_descriptors_size': 0,
 'atom_features_size': 0,
 'atom_messages': False,
 'batch_size': 86,
 'bias': False,
 'bond_feature_scaling': True,
 'bond_features_path': None,
 'bond_features_size': 0,
 'cache_cutoff': 10000,
 'checkpoint_dir': None,
 'checkpoint_frzn': None,
 'checkpoint_path': None,
 'checkpoint_paths': None,
 'class_balance': False,
 'config_path': '/home/kimele03/uvvisml/uvvisml/models/quantum_yield_checkpoints/scaffold/results/507331/49669022/hyperopt.json',
 'crossval_index_dir': None,
 'crossval_index_file': None,
 'crossval_index_sets': None,
 'cuda': True,
 'data_path': '../../../data/splits/lambda_max_abs/deep4chem/group_by_smiles/smiles_target_train.csv',
 'data_weights_path': None,
 'dataset_type': 'regression',
 'depth': 3,
 'device': device(type='cuda', index=0),
 'dropout': 0.18422090211576675,
 'empty_cache': False,
 'ensemble_size': 1,
 'epochs': 50,
 'explicit_h': False,
 'extra_metrics': [],
 'features_generator': None,
 'features_only': False,
 'features_path': None,
 'features_scaling': True,
 'features_size': None,
 'ffn_hidden_size': 632,
 'ffn_num_layers': 2,
 'final_lr': 1.8584570725347845e-07,
 'folds_file': None,
 'freeze_first_only': False,
 'frzn_ffn_layers': 0,
 'gpu': 0,
 'grad_clip': None,
 'hidden_size': 2217,
 'ignore_columns': None,
 'init_lr': 2.5073770145307542e-09,
 'log_frequency': 10,
 'max_data_size': None,
 'max_lr': 1.307289450173195e-06,
 'metric': 'rmse',
 'metrics': ['rmse'],
 'minimize_score': True,
 'mpn_shared': False,
 'multiclass_num_classes': 3,
 'no_atom_descriptor_scaling': False,
 'no_bond_features_scaling': False,
 'no_cache_mol': False,
 'no_cuda': False,
 'no_features_scaling': False,
 'num_folds': 1,
 'num_lrs': 1,
 'num_tasks': 1,
 'num_workers': 8,
 'number_of_molecules': 2,
 'overwrite_default_atom_features': False,
 'overwrite_default_bond_features': False,
 'pytorch_seed': 0,
 'quiet': False,
 'reaction': False,
 'reaction_mode': 'reac_diff',
 'resume_experiment': False,
 'save_dir': '/home/kimele03/uvvisml/uvvisml/models/quantum_yield_checkpoints/scaffold/results/507331/49669022',
 'save_preds': False,
 'save_smiles_splits': False,
 'seed': 0,
 'separate_test_atom_descriptors_path': None,
 'separate_test_bond_features_path': None,
 'separate_test_features_path': None,
 'separate_test_path': '../../../data/splits/lambda_max_abs/deep4chem/group_by_smiles/smiles_target_test.csv',
 'separate_val_atom_descriptors_path': None,
 'separate_val_bond_features_path': None,
 'separate_val_features_path': None,
 'separate_val_path': '../../../data/splits/lambda_max_abs/deep4chem/group_by_smiles/smiles_target_val.csv',
 'show_individual_scores': False,
 'smiles_columns': ['smiles', 'solvent'],
 'split_sizes': (0.8, 0.1, 0.1),
 'split_type': 'random',
 'target_columns': None,
 'target_weights': None,
 'task_names': ['peakwavs_max'],
 'test': False,
 'test_fold_index': None,
 'train_data_size': None,
 'undirected': False,
 'use_input_features': False,
 'val_fold_index': None,
 'warmup_epochs': 4}
Loading data
Number of tasks = 1
Fold 0
Splitting data with seed 0
Total size = 13,242 | train size = 13,242 | val size = 1,633 | test size = 1,710
Fitting scaler
Building model 0
MoleculeModel(
  (encoder): MPN(
    (encoder): ModuleList(
      (0): MPNEncoder(
        (dropout_layer): Dropout(p=0.18422090211576675, inplace=False)
        (act_func): ReLU()
        (W_i): Linear(in_features=147, out_features=2217, bias=False)
        (W_h): Linear(in_features=2217, out_features=2217, bias=False)
        (W_o): Linear(in_features=2350, out_features=2217, bias=True)
      )
      (1): MPNEncoder(
        (dropout_layer): Dropout(p=0.18422090211576675, inplace=False)
        (act_func): ReLU()
        (W_i): Linear(in_features=147, out_features=2217, bias=False)
        (W_h): Linear(in_features=2217, out_features=2217, bias=False)
        (W_o): Linear(in_features=2350, out_features=2217, bias=True)
      )
    )
  )
  (ffn): Sequential(
    (0): Dropout(p=0.18422090211576675, inplace=False)
    (1): Linear(in_features=4434, out_features=632, bias=True)
    (2): ReLU()
    (3): Dropout(p=0.18422090211576675, inplace=False)
    (4): Linear(in_features=632, out_features=1, bias=True)
  )
)
Number of parameters = 23,714,297
Moving model to cuda
Epoch 0
Loss = 1.1637e+00, PNorm = 103.2432, GNorm = 5.2731, lr_0 = 2.5959e-08
Loss = 9.6375e-01, PNorm = 103.2432, GNorm = 3.3262, lr_0 = 4.7279e-08
Loss = 1.0540e+00, PNorm = 103.2432, GNorm = 5.3689, lr_0 = 6.8599e-08
Loss = 1.1055e+00, PNorm = 103.2432, GNorm = 8.1743, lr_0 = 8.9919e-08
Loss = 1.0573e+00, PNorm = 103.2432, GNorm = 3.7241, lr_0 = 1.1124e-07
Loss = 9.1690e-01, PNorm = 103.2432, GNorm = 6.5005, lr_0 = 1.3256e-07
Loss = 1.0032e+00, PNorm = 103.2432, GNorm = 3.7460, lr_0 = 1.5388e-07
Loss = 1.0242e+00, PNorm = 103.2432, GNorm = 4.7029, lr_0 = 1.7520e-07
Loss = 1.0539e+00, PNorm = 103.2432, GNorm = 5.2956, lr_0 = 1.9652e-07
Loss = 1.0802e+00, PNorm = 103.2432, GNorm = 3.1946, lr_0 = 2.1784e-07
Loss = 1.0091e+00, PNorm = 103.2432, GNorm = 2.7447, lr_0 = 2.3916e-07
Loss = 9.9657e-01, PNorm = 103.2432, GNorm = 3.6500, lr_0 = 2.6048e-07
Loss = 1.0773e+00, PNorm = 103.2432, GNorm = 4.4999, lr_0 = 2.8180e-07
Loss = 1.0930e+00, PNorm = 103.2432, GNorm = 4.9720, lr_0 = 3.0312e-07
Loss = 8.4126e-01, PNorm = 103.2432, GNorm = 3.2663, lr_0 = 3.2444e-07
Validation rmse = 103.708102
Epoch 1
Loss = 1.0491e+00, PNorm = 103.2432, GNorm = 3.2937, lr_0 = 3.4789e-07
Loss = 1.0591e+00, PNorm = 103.2432, GNorm = 4.2492, lr_0 = 3.6921e-07
Loss = 1.0235e+00, PNorm = 103.2432, GNorm = 2.8539, lr_0 = 3.9053e-07
Loss = 9.7724e-01, PNorm = 103.2432, GNorm = 3.1952, lr_0 = 4.1185e-07
Loss = 1.0279e+00, PNorm = 103.2432, GNorm = 4.2200, lr_0 = 4.3317e-07
Loss = 9.7642e-01, PNorm = 103.2432, GNorm = 6.2760, lr_0 = 4.5449e-07
Loss = 9.4832e-01, PNorm = 103.2432, GNorm = 3.1112, lr_0 = 4.7581e-07
Loss = 9.3735e-01, PNorm = 103.2432, GNorm = 3.1666, lr_0 = 4.9713e-07
Loss = 9.0573e-01, PNorm = 103.2432, GNorm = 3.4321, lr_0 = 5.1845e-07
Loss = 1.0257e+00, PNorm = 103.2432, GNorm = 2.9906, lr_0 = 5.3977e-07
Loss = 9.9765e-01, PNorm = 103.2432, GNorm = 3.4290, lr_0 = 5.6109e-07
Loss = 1.0287e+00, PNorm = 103.2432, GNorm = 3.3400, lr_0 = 5.8241e-07
Loss = 9.8081e-01, PNorm = 103.2432, GNorm = 2.6104, lr_0 = 6.0373e-07
Loss = 9.4815e-01, PNorm = 103.2432, GNorm = 2.7304, lr_0 = 6.2505e-07
Loss = 1.0197e+00, PNorm = 103.2433, GNorm = 3.5187, lr_0 = 6.4637e-07
Validation rmse = 101.678491
Epoch 2
Loss = 1.0706e+00, PNorm = 103.2433, GNorm = 4.0458, lr_0 = 6.6769e-07
Loss = 9.8998e-01, PNorm = 103.2433, GNorm = 4.3155, lr_0 = 6.8901e-07
Loss = 9.5590e-01, PNorm = 103.2433, GNorm = 2.4712, lr_0 = 7.1033e-07
Loss = 8.7880e-01, PNorm = 103.2433, GNorm = 2.9502, lr_0 = 7.3165e-07
Loss = 9.5824e-01, PNorm = 103.2433, GNorm = 3.8254, lr_0 = 7.5297e-07
Loss = 9.3256e-01, PNorm = 103.2433, GNorm = 3.6226, lr_0 = 7.7429e-07
Loss = 8.9639e-01, PNorm = 103.2433, GNorm = 7.3757, lr_0 = 7.9561e-07
Loss = 1.0356e+00, PNorm = 103.2434, GNorm = 3.3622, lr_0 = 8.1693e-07
Loss = 9.1069e-01, PNorm = 103.2434, GNorm = 2.9380, lr_0 = 8.3825e-07
Loss = 9.3660e-01, PNorm = 103.2434, GNorm = 2.7630, lr_0 = 8.5957e-07
Loss = 9.4537e-01, PNorm = 103.2434, GNorm = 4.2074, lr_0 = 8.8089e-07
Loss = 1.0179e+00, PNorm = 103.2434, GNorm = 3.6321, lr_0 = 9.0221e-07
Loss = 1.0511e+00, PNorm = 103.2435, GNorm = 3.3120, lr_0 = 9.2353e-07
Loss = 9.2811e-01, PNorm = 103.2435, GNorm = 4.2111, lr_0 = 9.4485e-07
Loss = 9.4557e-01, PNorm = 103.2435, GNorm = 4.4341, lr_0 = 9.6617e-07
Loss = 1.0045e+00, PNorm = 103.2435, GNorm = 3.2047, lr_0 = 9.8749e-07
Validation rmse = 98.787252
Epoch 3
Loss = 8.3361e-01, PNorm = 103.2436, GNorm = 2.6769, lr_0 = 1.0088e-06
Loss = 8.5490e-01, PNorm = 103.2436, GNorm = 2.4670, lr_0 = 1.0301e-06
Loss = 1.0453e+00, PNorm = 103.2436, GNorm = 7.0162, lr_0 = 1.0514e-06
Loss = 9.0661e-01, PNorm = 103.2437, GNorm = 2.9171, lr_0 = 1.0728e-06
Loss = 1.1056e+00, PNorm = 103.2437, GNorm = 4.2120, lr_0 = 1.0941e-06
Loss = 9.1219e-01, PNorm = 103.2438, GNorm = 3.8789, lr_0 = 1.1154e-06
Loss = 9.2745e-01, PNorm = 103.2438, GNorm = 5.9764, lr_0 = 1.1367e-06
Loss = 1.0330e+00, PNorm = 103.2438, GNorm = 3.3148, lr_0 = 1.1580e-06
Loss = 8.6808e-01, PNorm = 103.2439, GNorm = 3.0077, lr_0 = 1.1794e-06
Loss = 8.6296e-01, PNorm = 103.2439, GNorm = 4.0492, lr_0 = 1.2007e-06
Loss = 8.3647e-01, PNorm = 103.2440, GNorm = 6.5538, lr_0 = 1.2220e-06
Loss = 8.5336e-01, PNorm = 103.2440, GNorm = 2.9735, lr_0 = 1.2433e-06
Loss = 9.1092e-01, PNorm = 103.2441, GNorm = 4.2136, lr_0 = 1.2646e-06
Loss = 8.4559e-01, PNorm = 103.2442, GNorm = 3.4809, lr_0 = 1.2860e-06
Loss = 9.4632e-01, PNorm = 103.2442, GNorm = 4.6753, lr_0 = 1.3073e-06
Validation rmse = 95.540348
Epoch 4
Loss = 9.8059e-01, PNorm = 103.2443, GNorm = 5.0867, lr_0 = 1.3037e-06
Loss = 9.4569e-01, PNorm = 103.2444, GNorm = 3.8335, lr_0 = 1.3001e-06
Loss = 8.9317e-01, PNorm = 103.2444, GNorm = 5.1185, lr_0 = 1.2965e-06
Loss = 8.8132e-01, PNorm = 103.2445, GNorm = 2.8375, lr_0 = 1.2929e-06
Loss = 8.9797e-01, PNorm = 103.2446, GNorm = 3.2455, lr_0 = 1.2893e-06
Loss = 9.5887e-01, PNorm = 103.2446, GNorm = 3.4147, lr_0 = 1.2857e-06
Loss = 7.7483e-01, PNorm = 103.2447, GNorm = 4.8966, lr_0 = 1.2822e-06
Loss = 8.2252e-01, PNorm = 103.2448, GNorm = 4.2605, lr_0 = 1.2786e-06
Loss = 8.5823e-01, PNorm = 103.2448, GNorm = 5.5326, lr_0 = 1.2751e-06
Loss = 8.6130e-01, PNorm = 103.2449, GNorm = 3.1870, lr_0 = 1.2716e-06
Loss = 8.9489e-01, PNorm = 103.2450, GNorm = 3.8119, lr_0 = 1.2680e-06
Loss = 7.6755e-01, PNorm = 103.2451, GNorm = 2.7082, lr_0 = 1.2645e-06
Loss = 7.7751e-01, PNorm = 103.2451, GNorm = 2.9205, lr_0 = 1.2610e-06
Loss = 8.1109e-01, PNorm = 103.2452, GNorm = 3.1344, lr_0 = 1.2575e-06
Loss = 8.7337e-01, PNorm = 103.2453, GNorm = 2.8070, lr_0 = 1.2541e-06
Validation rmse = 92.638595
Epoch 5
Loss = 9.1018e-01, PNorm = 103.2454, GNorm = 3.3824, lr_0 = 1.2506e-06
Loss = 7.7002e-01, PNorm = 103.2455, GNorm = 2.7770, lr_0 = 1.2471e-06
Loss = 7.6357e-01, PNorm = 103.2455, GNorm = 3.6098, lr_0 = 1.2437e-06
Loss = 8.8012e-01, PNorm = 103.2456, GNorm = 4.8416, lr_0 = 1.2402e-06
Loss = 8.8026e-01, PNorm = 103.2457, GNorm = 3.0571, lr_0 = 1.2368e-06
Loss = 8.5677e-01, PNorm = 103.2458, GNorm = 4.0133, lr_0 = 1.2334e-06
Loss = 8.0824e-01, PNorm = 103.2459, GNorm = 3.4051, lr_0 = 1.2300e-06
Loss = 9.1430e-01, PNorm = 103.2460, GNorm = 4.6830, lr_0 = 1.2265e-06
Loss = 9.4725e-01, PNorm = 103.2461, GNorm = 8.1399, lr_0 = 1.2232e-06
Loss = 8.4017e-01, PNorm = 103.2461, GNorm = 2.8823, lr_0 = 1.2198e-06
Loss = 8.9060e-01, PNorm = 103.2462, GNorm = 2.4602, lr_0 = 1.2164e-06
Loss = 7.2183e-01, PNorm = 103.2463, GNorm = 2.9269, lr_0 = 1.2130e-06
Loss = 8.7801e-01, PNorm = 103.2464, GNorm = 3.8926, lr_0 = 1.2097e-06
Loss = 8.5017e-01, PNorm = 103.2465, GNorm = 3.3090, lr_0 = 1.2063e-06
Loss = 6.7634e-01, PNorm = 103.2465, GNorm = 3.3806, lr_0 = 1.2030e-06
Loss = 7.3375e-01, PNorm = 103.2466, GNorm = 3.3586, lr_0 = 1.1997e-06
Validation rmse = 89.797656
Epoch 6
Loss = 7.2420e-01, PNorm = 103.2467, GNorm = 3.2045, lr_0 = 1.1963e-06
Loss = 6.8915e-01, PNorm = 103.2468, GNorm = 4.0751, lr_0 = 1.1930e-06
Loss = 8.4904e-01, PNorm = 103.2468, GNorm = 2.4877, lr_0 = 1.1897e-06
Loss = 7.6616e-01, PNorm = 103.2469, GNorm = 5.1504, lr_0 = 1.1864e-06
Loss = 8.4732e-01, PNorm = 103.2470, GNorm = 2.9608, lr_0 = 1.1831e-06
Loss = 7.7632e-01, PNorm = 103.2471, GNorm = 2.6746, lr_0 = 1.1799e-06
Loss = 8.8681e-01, PNorm = 103.2472, GNorm = 3.1565, lr_0 = 1.1766e-06
Loss = 8.5219e-01, PNorm = 103.2473, GNorm = 3.5101, lr_0 = 1.1733e-06
Loss = 7.8476e-01, PNorm = 103.2474, GNorm = 2.8004, lr_0 = 1.1701e-06
Loss = 8.7768e-01, PNorm = 103.2474, GNorm = 5.4968, lr_0 = 1.1669e-06
Loss = 8.1085e-01, PNorm = 103.2475, GNorm = 4.8456, lr_0 = 1.1636e-06
Loss = 7.4616e-01, PNorm = 103.2476, GNorm = 2.5699, lr_0 = 1.1604e-06
Loss = 8.9545e-01, PNorm = 103.2477, GNorm = 5.6346, lr_0 = 1.1572e-06
Loss = 7.4090e-01, PNorm = 103.2478, GNorm = 4.0010, lr_0 = 1.1540e-06
Loss = 6.7588e-01, PNorm = 103.2479, GNorm = 2.6820, lr_0 = 1.1508e-06
Validation rmse = 88.756257
Epoch 7
Loss = 6.0083e-01, PNorm = 103.2480, GNorm = 2.9446, lr_0 = 1.1476e-06
Loss = 7.1629e-01, PNorm = 103.2480, GNorm = 2.8575, lr_0 = 1.1444e-06
Loss = 8.6458e-01, PNorm = 103.2482, GNorm = 3.9748, lr_0 = 1.1413e-06
Loss = 7.2591e-01, PNorm = 103.2482, GNorm = 3.6356, lr_0 = 1.1381e-06
Loss = 7.7544e-01, PNorm = 103.2483, GNorm = 2.6923, lr_0 = 1.1350e-06
Loss = 7.7077e-01, PNorm = 103.2484, GNorm = 3.6122, lr_0 = 1.1318e-06
Loss = 7.5711e-01, PNorm = 103.2485, GNorm = 6.7766, lr_0 = 1.1287e-06
Loss = 8.0026e-01, PNorm = 103.2485, GNorm = 3.0195, lr_0 = 1.1256e-06
Loss = 7.8420e-01, PNorm = 103.2486, GNorm = 2.9480, lr_0 = 1.1224e-06
Loss = 8.0835e-01, PNorm = 103.2487, GNorm = 3.7662, lr_0 = 1.1193e-06
Loss = 8.1953e-01, PNorm = 103.2488, GNorm = 2.6194, lr_0 = 1.1162e-06
Loss = 9.0289e-01, PNorm = 103.2489, GNorm = 7.2918, lr_0 = 1.1131e-06
Loss = 7.1984e-01, PNorm = 103.2490, GNorm = 4.2136, lr_0 = 1.1101e-06
Loss = 6.8976e-01, PNorm = 103.2490, GNorm = 3.6404, lr_0 = 1.1070e-06
Loss = 7.7038e-01, PNorm = 103.2491, GNorm = 2.8956, lr_0 = 1.1039e-06
Loss = 6.8489e-01, PNorm = 103.2492, GNorm = 4.7085, lr_0 = 1.1009e-06
Validation rmse = 87.764375
Epoch 8
Loss = 6.9191e-01, PNorm = 103.2493, GNorm = 2.7636, lr_0 = 1.0978e-06
Loss = 6.9785e-01, PNorm = 103.2493, GNorm = 4.4523, lr_0 = 1.0948e-06
Loss = 7.6621e-01, PNorm = 103.2494, GNorm = 5.6454, lr_0 = 1.0918e-06
Loss = 8.3066e-01, PNorm = 103.2495, GNorm = 4.5844, lr_0 = 1.0887e-06
Loss = 7.1901e-01, PNorm = 103.2496, GNorm = 5.9381, lr_0 = 1.0857e-06
Loss = 8.1223e-01, PNorm = 103.2497, GNorm = 3.3306, lr_0 = 1.0827e-06
Loss = 8.3657e-01, PNorm = 103.2498, GNorm = 6.5789, lr_0 = 1.0797e-06
Loss = 7.4145e-01, PNorm = 103.2498, GNorm = 3.6435, lr_0 = 1.0767e-06
Loss = 6.7567e-01, PNorm = 103.2499, GNorm = 2.5344, lr_0 = 1.0738e-06
Loss = 7.4994e-01, PNorm = 103.2500, GNorm = 3.5931, lr_0 = 1.0708e-06
Loss = 7.3310e-01, PNorm = 103.2501, GNorm = 5.9553, lr_0 = 1.0678e-06
Loss = 7.7098e-01, PNorm = 103.2502, GNorm = 4.4537, lr_0 = 1.0649e-06
Loss = 7.9162e-01, PNorm = 103.2503, GNorm = 5.1371, lr_0 = 1.0619e-06
Loss = 6.7012e-01, PNorm = 103.2503, GNorm = 3.6646, lr_0 = 1.0590e-06
Loss = 7.2534e-01, PNorm = 103.2504, GNorm = 3.2080, lr_0 = 1.0560e-06
Validation rmse = 87.674780
Epoch 9
Loss = 8.3903e-01, PNorm = 103.2505, GNorm = 6.5729, lr_0 = 1.0531e-06
Loss = 7.4088e-01, PNorm = 103.2505, GNorm = 2.9888, lr_0 = 1.0502e-06
Loss = 7.1202e-01, PNorm = 103.2506, GNorm = 2.5910, lr_0 = 1.0473e-06
Loss = 7.1273e-01, PNorm = 103.2507, GNorm = 5.2802, lr_0 = 1.0444e-06
Loss = 6.4096e-01, PNorm = 103.2508, GNorm = 2.8648, lr_0 = 1.0415e-06
Loss = 7.0246e-01, PNorm = 103.2508, GNorm = 3.0653, lr_0 = 1.0386e-06
Loss = 7.3164e-01, PNorm = 103.2509, GNorm = 3.1824, lr_0 = 1.0357e-06
Loss = 6.9806e-01, PNorm = 103.2510, GNorm = 5.2723, lr_0 = 1.0329e-06
Loss = 7.4541e-01, PNorm = 103.2511, GNorm = 4.5927, lr_0 = 1.0300e-06
Loss = 6.7836e-01, PNorm = 103.2511, GNorm = 6.1853, lr_0 = 1.0272e-06
Loss = 7.6215e-01, PNorm = 103.2512, GNorm = 4.2683, lr_0 = 1.0243e-06
Loss = 6.8227e-01, PNorm = 103.2513, GNorm = 3.2031, lr_0 = 1.0215e-06
Loss = 7.7352e-01, PNorm = 103.2513, GNorm = 8.9431, lr_0 = 1.0187e-06
Loss = 8.2575e-01, PNorm = 103.2514, GNorm = 3.2281, lr_0 = 1.0158e-06
Loss = 7.5766e-01, PNorm = 103.2515, GNorm = 2.9585, lr_0 = 1.0130e-06
Validation rmse = 87.439255
Epoch 10
Loss = 4.6110e-01, PNorm = 103.2516, GNorm = 4.1803, lr_0 = 1.0102e-06
Loss = 6.7527e-01, PNorm = 103.2516, GNorm = 4.1817, lr_0 = 1.0074e-06
Loss = 7.6775e-01, PNorm = 103.2517, GNorm = 3.8132, lr_0 = 1.0046e-06
Loss = 6.3559e-01, PNorm = 103.2518, GNorm = 4.1085, lr_0 = 1.0019e-06
Loss = 6.6702e-01, PNorm = 103.2519, GNorm = 3.8213, lr_0 = 9.9909e-07
Loss = 7.8983e-01, PNorm = 103.2519, GNorm = 4.7937, lr_0 = 9.9633e-07
Loss = 6.9378e-01, PNorm = 103.2520, GNorm = 6.1099, lr_0 = 9.9357e-07
Loss = 7.3253e-01, PNorm = 103.2521, GNorm = 5.2392, lr_0 = 9.9082e-07
Loss = 8.1383e-01, PNorm = 103.2521, GNorm = 3.4087, lr_0 = 9.8808e-07
Loss = 7.7836e-01, PNorm = 103.2522, GNorm = 2.8582, lr_0 = 9.8534e-07
Loss = 7.0150e-01, PNorm = 103.2523, GNorm = 3.4592, lr_0 = 9.8261e-07
Loss = 6.8882e-01, PNorm = 103.2524, GNorm = 4.5319, lr_0 = 9.7989e-07
Loss = 7.6173e-01, PNorm = 103.2525, GNorm = 4.8675, lr_0 = 9.7718e-07
Loss = 7.3136e-01, PNorm = 103.2525, GNorm = 2.7685, lr_0 = 9.7448e-07
Loss = 7.3525e-01, PNorm = 103.2526, GNorm = 4.5678, lr_0 = 9.7178e-07
Loss = 6.8128e-01, PNorm = 103.2527, GNorm = 2.5469, lr_0 = 9.6909e-07
Validation rmse = 86.808657
Epoch 11
Loss = 7.8036e-01, PNorm = 103.2528, GNorm = 3.1721, lr_0 = 9.6641e-07
Loss = 6.3049e-01, PNorm = 103.2528, GNorm = 2.7728, lr_0 = 9.6373e-07
Loss = 6.9472e-01, PNorm = 103.2529, GNorm = 3.7872, lr_0 = 9.6106e-07
Loss = 6.9486e-01, PNorm = 103.2529, GNorm = 2.6872, lr_0 = 9.5840e-07
Loss = 7.5999e-01, PNorm = 103.2530, GNorm = 3.2395, lr_0 = 9.5575e-07
Loss = 7.2171e-01, PNorm = 103.2530, GNorm = 2.9492, lr_0 = 9.5311e-07
Loss = 6.9156e-01, PNorm = 103.2531, GNorm = 6.6294, lr_0 = 9.5047e-07
Loss = 7.0009e-01, PNorm = 103.2532, GNorm = 3.1777, lr_0 = 9.4784e-07
Loss = 6.7542e-01, PNorm = 103.2533, GNorm = 4.2909, lr_0 = 9.4521e-07
Loss = 6.6947e-01, PNorm = 103.2533, GNorm = 4.1570, lr_0 = 9.4260e-07
Loss = 7.2997e-01, PNorm = 103.2534, GNorm = 3.0901, lr_0 = 9.3999e-07
Loss = 8.8800e-01, PNorm = 103.2535, GNorm = 3.6186, lr_0 = 9.3739e-07
Loss = 6.2822e-01, PNorm = 103.2536, GNorm = 2.4045, lr_0 = 9.3479e-07
Loss = 6.0324e-01, PNorm = 103.2536, GNorm = 2.9349, lr_0 = 9.3220e-07
Loss = 7.4372e-01, PNorm = 103.2537, GNorm = 2.8520, lr_0 = 9.2962e-07
Validation rmse = 87.420630
Epoch 12
Loss = 8.9427e-01, PNorm = 103.2538, GNorm = 5.2031, lr_0 = 9.2705e-07
Loss = 5.6125e-01, PNorm = 103.2539, GNorm = 5.2247, lr_0 = 9.2448e-07
Loss = 7.7944e-01, PNorm = 103.2539, GNorm = 4.9227, lr_0 = 9.2193e-07
Loss = 7.2229e-01, PNorm = 103.2540, GNorm = 2.8266, lr_0 = 9.1937e-07
Loss = 6.9129e-01, PNorm = 103.2541, GNorm = 5.7365, lr_0 = 9.1683e-07
Loss = 7.2103e-01, PNorm = 103.2541, GNorm = 4.6882, lr_0 = 9.1429e-07
Loss = 6.7946e-01, PNorm = 103.2542, GNorm = 2.5755, lr_0 = 9.1176e-07
Loss = 6.9499e-01, PNorm = 103.2543, GNorm = 4.5049, lr_0 = 9.0924e-07
Loss = 7.0969e-01, PNorm = 103.2543, GNorm = 4.4903, lr_0 = 9.0672e-07
Loss = 6.3459e-01, PNorm = 103.2544, GNorm = 4.9841, lr_0 = 9.0421e-07
Loss = 6.7885e-01, PNorm = 103.2544, GNorm = 3.6898, lr_0 = 9.0171e-07
Loss = 8.0031e-01, PNorm = 103.2545, GNorm = 3.3345, lr_0 = 8.9921e-07
Loss = 6.6293e-01, PNorm = 103.2545, GNorm = 3.5166, lr_0 = 8.9672e-07
Loss = 6.6411e-01, PNorm = 103.2546, GNorm = 3.1578, lr_0 = 8.9424e-07
Loss = 6.3761e-01, PNorm = 103.2547, GNorm = 5.0665, lr_0 = 8.9176e-07
Loss = 7.1299e-01, PNorm = 103.2548, GNorm = 3.9191, lr_0 = 8.8930e-07
Validation rmse = 86.784721
Epoch 13
Loss = 7.5908e-01, PNorm = 103.2549, GNorm = 5.2729, lr_0 = 8.8683e-07
Loss = 6.6338e-01, PNorm = 103.2549, GNorm = 3.8453, lr_0 = 8.8438e-07
Loss = 7.4643e-01, PNorm = 103.2550, GNorm = 3.4550, lr_0 = 8.8193e-07
Loss = 6.8554e-01, PNorm = 103.2551, GNorm = 2.6287, lr_0 = 8.7949e-07
Loss = 6.8170e-01, PNorm = 103.2551, GNorm = 3.1833, lr_0 = 8.7706e-07
Loss = 6.2221e-01, PNorm = 103.2552, GNorm = 3.4425, lr_0 = 8.7463e-07
Loss = 6.8604e-01, PNorm = 103.2552, GNorm = 4.0548, lr_0 = 8.7221e-07
Loss = 5.7509e-01, PNorm = 103.2553, GNorm = 5.9180, lr_0 = 8.6979e-07
Loss = 6.7717e-01, PNorm = 103.2554, GNorm = 4.4893, lr_0 = 8.6739e-07
Loss = 7.6868e-01, PNorm = 103.2554, GNorm = 5.7429, lr_0 = 8.6499e-07
Loss = 7.7479e-01, PNorm = 103.2555, GNorm = 3.5750, lr_0 = 8.6259e-07
Loss = 6.1742e-01, PNorm = 103.2555, GNorm = 5.0666, lr_0 = 8.6020e-07
Loss = 7.1331e-01, PNorm = 103.2556, GNorm = 3.6579, lr_0 = 8.5782e-07
Loss = 6.3013e-01, PNorm = 103.2557, GNorm = 7.0424, lr_0 = 8.5545e-07
Loss = 6.8537e-01, PNorm = 103.2557, GNorm = 2.9518, lr_0 = 8.5308e-07
Validation rmse = 86.196881
Epoch 14
Loss = 6.7556e-01, PNorm = 103.2558, GNorm = 3.8849, lr_0 = 8.5072e-07
Loss = 7.3702e-01, PNorm = 103.2559, GNorm = 3.7733, lr_0 = 8.4836e-07
Loss = 7.3705e-01, PNorm = 103.2559, GNorm = 3.9740, lr_0 = 8.4602e-07
Loss = 6.0337e-01, PNorm = 103.2560, GNorm = 2.8385, lr_0 = 8.4367e-07
Loss = 6.5901e-01, PNorm = 103.2561, GNorm = 3.6755, lr_0 = 8.4134e-07
Loss = 6.4582e-01, PNorm = 103.2561, GNorm = 4.5725, lr_0 = 8.3901e-07
Loss = 6.2432e-01, PNorm = 103.2562, GNorm = 7.8411, lr_0 = 8.3669e-07
Loss = 6.6571e-01, PNorm = 103.2563, GNorm = 4.2707, lr_0 = 8.3437e-07
Loss = 6.9718e-01, PNorm = 103.2563, GNorm = 3.4884, lr_0 = 8.3206e-07
Loss = 6.7077e-01, PNorm = 103.2564, GNorm = 5.3537, lr_0 = 8.2976e-07
Loss = 7.0059e-01, PNorm = 103.2565, GNorm = 3.8122, lr_0 = 8.2746e-07
Loss = 6.6607e-01, PNorm = 103.2565, GNorm = 3.6073, lr_0 = 8.2517e-07
Loss = 6.3751e-01, PNorm = 103.2566, GNorm = 3.8398, lr_0 = 8.2289e-07
Loss = 6.9245e-01, PNorm = 103.2566, GNorm = 2.7081, lr_0 = 8.2061e-07
Loss = 7.0224e-01, PNorm = 103.2567, GNorm = 5.5042, lr_0 = 8.1834e-07
Validation rmse = 84.852086
Epoch 15
Loss = 6.6322e-01, PNorm = 103.2567, GNorm = 3.0785, lr_0 = 8.1607e-07
Loss = 7.0738e-01, PNorm = 103.2568, GNorm = 7.5362, lr_0 = 8.1381e-07
Loss = 6.4227e-01, PNorm = 103.2569, GNorm = 4.8030, lr_0 = 8.1156e-07
Loss = 6.4174e-01, PNorm = 103.2569, GNorm = 2.6409, lr_0 = 8.0932e-07
Loss = 6.3195e-01, PNorm = 103.2570, GNorm = 5.3389, lr_0 = 8.0708e-07
Loss = 6.9407e-01, PNorm = 103.2571, GNorm = 7.8323, lr_0 = 8.0484e-07
Loss = 6.7662e-01, PNorm = 103.2571, GNorm = 4.2015, lr_0 = 8.0261e-07
Loss = 6.5904e-01, PNorm = 103.2572, GNorm = 3.0291, lr_0 = 8.0039e-07
Loss = 7.6204e-01, PNorm = 103.2573, GNorm = 5.8565, lr_0 = 7.9818e-07
Loss = 6.5965e-01, PNorm = 103.2573, GNorm = 4.8264, lr_0 = 7.9597e-07
Loss = 6.4471e-01, PNorm = 103.2574, GNorm = 7.0605, lr_0 = 7.9376e-07
Loss = 6.1864e-01, PNorm = 103.2574, GNorm = 3.4042, lr_0 = 7.9157e-07
Loss = 7.0508e-01, PNorm = 103.2575, GNorm = 5.8572, lr_0 = 7.8938e-07
Loss = 6.1578e-01, PNorm = 103.2575, GNorm = 3.8986, lr_0 = 7.8719e-07
Loss = 6.5591e-01, PNorm = 103.2576, GNorm = 2.8299, lr_0 = 7.8501e-07
Loss = 6.5107e-01, PNorm = 103.2576, GNorm = 6.3919, lr_0 = 7.8284e-07
Validation rmse = 84.427859
Epoch 16
Loss = 7.0076e-01, PNorm = 103.2577, GNorm = 5.9465, lr_0 = 7.8067e-07
Loss = 6.1388e-01, PNorm = 103.2578, GNorm = 3.3882, lr_0 = 7.7851e-07
Loss = 6.8415e-01, PNorm = 103.2578, GNorm = 3.2969, lr_0 = 7.7636e-07
Loss = 7.4745e-01, PNorm = 103.2579, GNorm = 6.1852, lr_0 = 7.7421e-07
Loss = 6.5220e-01, PNorm = 103.2580, GNorm = 2.7443, lr_0 = 7.7206e-07
Loss = 6.0299e-01, PNorm = 103.2580, GNorm = 2.6927, lr_0 = 7.6993e-07
Loss = 6.8672e-01, PNorm = 103.2581, GNorm = 3.6937, lr_0 = 7.6780e-07
Loss = 6.3746e-01, PNorm = 103.2581, GNorm = 3.1480, lr_0 = 7.6567e-07
Loss = 6.2377e-01, PNorm = 103.2582, GNorm = 2.8825, lr_0 = 7.6355e-07
Loss = 6.1887e-01, PNorm = 103.2582, GNorm = 3.4897, lr_0 = 7.6144e-07
Loss = 6.4672e-01, PNorm = 103.2583, GNorm = 2.8614, lr_0 = 7.5933e-07
Loss = 6.0904e-01, PNorm = 103.2583, GNorm = 4.2797, lr_0 = 7.5723e-07
Loss = 7.3493e-01, PNorm = 103.2584, GNorm = 2.6710, lr_0 = 7.5513e-07
Loss = 6.9262e-01, PNorm = 103.2585, GNorm = 12.9276, lr_0 = 7.5304e-07
Loss = 6.3528e-01, PNorm = 103.2585, GNorm = 3.9414, lr_0 = 7.5096e-07
Validation rmse = 83.627366
Epoch 17
Loss = 5.7038e-01, PNorm = 103.2586, GNorm = 5.2720, lr_0 = 7.4888e-07
Loss = 5.9029e-01, PNorm = 103.2586, GNorm = 3.9885, lr_0 = 7.4681e-07
Loss = 5.6935e-01, PNorm = 103.2587, GNorm = 2.3303, lr_0 = 7.4474e-07
Loss = 6.6715e-01, PNorm = 103.2587, GNorm = 2.8877, lr_0 = 7.4268e-07
Loss = 6.8166e-01, PNorm = 103.2588, GNorm = 4.1300, lr_0 = 7.4062e-07
Loss = 6.6984e-01, PNorm = 103.2588, GNorm = 5.3358, lr_0 = 7.3857e-07
Loss = 6.3395e-01, PNorm = 103.2589, GNorm = 7.2720, lr_0 = 7.3653e-07
Loss = 5.9173e-01, PNorm = 103.2589, GNorm = 3.5195, lr_0 = 7.3449e-07
Loss = 6.9364e-01, PNorm = 103.2590, GNorm = 6.3502, lr_0 = 7.3246e-07
Loss = 6.2345e-01, PNorm = 103.2590, GNorm = 3.6091, lr_0 = 7.3043e-07
Loss = 6.4295e-01, PNorm = 103.2591, GNorm = 6.0905, lr_0 = 7.2841e-07
Loss = 7.1521e-01, PNorm = 103.2592, GNorm = 3.2610, lr_0 = 7.2639e-07
Loss = 6.0237e-01, PNorm = 103.2592, GNorm = 2.5126, lr_0 = 7.2438e-07
Loss = 7.2031e-01, PNorm = 103.2593, GNorm = 4.1818, lr_0 = 7.2238e-07
Loss = 6.9114e-01, PNorm = 103.2594, GNorm = 4.2143, lr_0 = 7.2038e-07
Loss = 6.2327e-01, PNorm = 103.2594, GNorm = 3.9028, lr_0 = 7.1838e-07
Validation rmse = 84.594834
Epoch 18
Loss = 6.1597e-01, PNorm = 103.2595, GNorm = 5.8288, lr_0 = 7.1639e-07
Loss = 6.6250e-01, PNorm = 103.2595, GNorm = 7.0357, lr_0 = 7.1441e-07
Loss = 7.2253e-01, PNorm = 103.2596, GNorm = 3.7192, lr_0 = 7.1243e-07
Loss = 6.8300e-01, PNorm = 103.2596, GNorm = 4.7761, lr_0 = 7.1046e-07
Loss = 6.4880e-01, PNorm = 103.2597, GNorm = 9.4802, lr_0 = 7.0849e-07
Loss = 6.0492e-01, PNorm = 103.2597, GNorm = 3.8657, lr_0 = 7.0653e-07
Loss = 6.3772e-01, PNorm = 103.2598, GNorm = 2.5351, lr_0 = 7.0458e-07
Loss = 6.4723e-01, PNorm = 103.2598, GNorm = 2.9458, lr_0 = 7.0263e-07
Loss = 6.5257e-01, PNorm = 103.2599, GNorm = 4.9379, lr_0 = 7.0068e-07
Loss = 5.6715e-01, PNorm = 103.2599, GNorm = 4.1248, lr_0 = 6.9874e-07
Loss = 6.9708e-01, PNorm = 103.2600, GNorm = 3.4882, lr_0 = 6.9681e-07
Loss = 6.7057e-01, PNorm = 103.2601, GNorm = 3.2130, lr_0 = 6.9488e-07
Loss = 6.0193e-01, PNorm = 103.2601, GNorm = 3.2805, lr_0 = 6.9296e-07
Loss = 5.8418e-01, PNorm = 103.2602, GNorm = 3.4907, lr_0 = 6.9104e-07
Loss = 6.4774e-01, PNorm = 103.2602, GNorm = 2.8620, lr_0 = 6.8913e-07
Validation rmse = 84.288542
Epoch 19
Loss = 6.4473e-01, PNorm = 103.2603, GNorm = 8.5395, lr_0 = 6.8722e-07
Loss = 6.6166e-01, PNorm = 103.2603, GNorm = 9.1399, lr_0 = 6.8532e-07
Loss = 7.1529e-01, PNorm = 103.2604, GNorm = 6.4340, lr_0 = 6.8342e-07
Loss = 5.5865e-01, PNorm = 103.2605, GNorm = 4.4397, lr_0 = 6.8153e-07
Loss = 6.0986e-01, PNorm = 103.2605, GNorm = 9.9230, lr_0 = 6.7964e-07
Loss = 6.3773e-01, PNorm = 103.2606, GNorm = 2.4484, lr_0 = 6.7776e-07
Loss = 5.9385e-01, PNorm = 103.2606, GNorm = 3.1324, lr_0 = 6.7588e-07
Loss = 5.6091e-01, PNorm = 103.2607, GNorm = 4.1110, lr_0 = 6.7401e-07
Loss = 5.5054e-01, PNorm = 103.2607, GNorm = 5.4430, lr_0 = 6.7215e-07
Loss = 6.9379e-01, PNorm = 103.2608, GNorm = 3.4633, lr_0 = 6.7029e-07
Loss = 6.5235e-01, PNorm = 103.2608, GNorm = 2.8799, lr_0 = 6.6843e-07
Loss = 7.5157e-01, PNorm = 103.2609, GNorm = 7.7988, lr_0 = 6.6658e-07
Loss = 6.1831e-01, PNorm = 103.2609, GNorm = 2.9141, lr_0 = 6.6474e-07
Loss = 5.7855e-01, PNorm = 103.2610, GNorm = 3.5563, lr_0 = 6.6290e-07
Loss = 6.6593e-01, PNorm = 103.2610, GNorm = 4.0026, lr_0 = 6.6106e-07
Validation rmse = 83.740988
Epoch 20
Loss = 5.2710e-01, PNorm = 103.2611, GNorm = 7.3008, lr_0 = 6.5923e-07
Loss = 6.0339e-01, PNorm = 103.2611, GNorm = 7.9108, lr_0 = 6.5741e-07
Loss = 6.3070e-01, PNorm = 103.2612, GNorm = 10.5265, lr_0 = 6.5559e-07
Loss = 7.7678e-01, PNorm = 103.2612, GNorm = 10.0052, lr_0 = 6.5377e-07
Loss = 6.5917e-01, PNorm = 103.2613, GNorm = 9.3436, lr_0 = 6.5196e-07
Loss = 5.5029e-01, PNorm = 103.2614, GNorm = 2.3039, lr_0 = 6.5016e-07
Loss = 6.3243e-01, PNorm = 103.2614, GNorm = 2.7602, lr_0 = 6.4836e-07
Loss = 6.3622e-01, PNorm = 103.2614, GNorm = 2.9882, lr_0 = 6.4656e-07
Loss = 6.1315e-01, PNorm = 103.2615, GNorm = 2.5577, lr_0 = 6.4478e-07
Loss = 6.5305e-01, PNorm = 103.2615, GNorm = 4.0138, lr_0 = 6.4299e-07
Loss = 5.8015e-01, PNorm = 103.2616, GNorm = 4.6618, lr_0 = 6.4121e-07
Loss = 6.1718e-01, PNorm = 103.2616, GNorm = 3.3964, lr_0 = 6.3944e-07
Loss = 6.0348e-01, PNorm = 103.2617, GNorm = 5.2452, lr_0 = 6.3767e-07
Loss = 5.5006e-01, PNorm = 103.2617, GNorm = 6.5343, lr_0 = 6.3590e-07
Loss = 5.9681e-01, PNorm = 103.2618, GNorm = 2.1983, lr_0 = 6.3414e-07
Loss = 6.6451e-01, PNorm = 103.2618, GNorm = 8.1942, lr_0 = 6.3239e-07
Validation rmse = 83.316551
Epoch 21
Loss = 6.5565e-01, PNorm = 103.2619, GNorm = 4.7204, lr_0 = 6.3063e-07
Loss = 6.3246e-01, PNorm = 103.2619, GNorm = 2.6955, lr_0 = 6.2889e-07
Loss = 5.2289e-01, PNorm = 103.2620, GNorm = 4.3713, lr_0 = 6.2715e-07
Loss = 6.4468e-01, PNorm = 103.2620, GNorm = 5.2738, lr_0 = 6.2541e-07
Loss = 6.5631e-01, PNorm = 103.2621, GNorm = 12.4686, lr_0 = 6.2368e-07
Loss = 6.0232e-01, PNorm = 103.2621, GNorm = 4.3251, lr_0 = 6.2196e-07
Loss = 6.4577e-01, PNorm = 103.2622, GNorm = 2.5848, lr_0 = 6.2023e-07
Loss = 5.7563e-01, PNorm = 103.2622, GNorm = 3.9278, lr_0 = 6.1852e-07
Loss = 6.3774e-01, PNorm = 103.2623, GNorm = 3.4315, lr_0 = 6.1680e-07
Loss = 6.0755e-01, PNorm = 103.2623, GNorm = 3.5164, lr_0 = 6.1510e-07
Loss = 6.5795e-01, PNorm = 103.2624, GNorm = 3.3072, lr_0 = 6.1340e-07
Loss = 6.0407e-01, PNorm = 103.2624, GNorm = 2.5289, lr_0 = 6.1170e-07
Loss = 5.6646e-01, PNorm = 103.2625, GNorm = 6.5942, lr_0 = 6.1000e-07
Loss = 6.2127e-01, PNorm = 103.2625, GNorm = 2.8760, lr_0 = 6.0832e-07
Loss = 6.3594e-01, PNorm = 103.2626, GNorm = 4.5442, lr_0 = 6.0663e-07
Validation rmse = 82.040020
Epoch 22
Loss = 7.3981e-01, PNorm = 103.2626, GNorm = 6.4541, lr_0 = 6.0495e-07
Loss = 6.6883e-01, PNorm = 103.2627, GNorm = 3.9494, lr_0 = 6.0328e-07
Loss = 6.5040e-01, PNorm = 103.2627, GNorm = 2.5445, lr_0 = 6.0161e-07
Loss = 5.7827e-01, PNorm = 103.2628, GNorm = 2.6756, lr_0 = 5.9994e-07
Loss = 5.8298e-01, PNorm = 103.2628, GNorm = 5.8026, lr_0 = 5.9828e-07
Loss = 5.9314e-01, PNorm = 103.2629, GNorm = 5.3723, lr_0 = 5.9663e-07
Loss = 5.6073e-01, PNorm = 103.2629, GNorm = 2.8287, lr_0 = 5.9497e-07
Loss = 5.9313e-01, PNorm = 103.2629, GNorm = 3.4348, lr_0 = 5.9333e-07
Loss = 5.9351e-01, PNorm = 103.2630, GNorm = 3.2711, lr_0 = 5.9169e-07
Loss = 6.5673e-01, PNorm = 103.2630, GNorm = 9.7344, lr_0 = 5.9005e-07
Loss = 6.6168e-01, PNorm = 103.2631, GNorm = 3.8460, lr_0 = 5.8841e-07
Loss = 6.4623e-01, PNorm = 103.2631, GNorm = 3.4968, lr_0 = 5.8679e-07
Loss = 6.3543e-01, PNorm = 103.2632, GNorm = 7.5351, lr_0 = 5.8516e-07
Loss = 5.6017e-01, PNorm = 103.2632, GNorm = 6.2007, lr_0 = 5.8354e-07
Loss = 5.8067e-01, PNorm = 103.2633, GNorm = 2.8522, lr_0 = 5.8193e-07
Loss = 5.8684e-01, PNorm = 103.2633, GNorm = 3.6016, lr_0 = 5.8032e-07
Validation rmse = 81.651386
Epoch 23
Loss = 5.6302e-01, PNorm = 103.2634, GNorm = 4.6368, lr_0 = 5.7871e-07
Loss = 6.2248e-01, PNorm = 103.2634, GNorm = 6.7029, lr_0 = 5.7711e-07
Loss = 6.5221e-01, PNorm = 103.2635, GNorm = 6.1319, lr_0 = 5.7551e-07
Loss = 5.8472e-01, PNorm = 103.2635, GNorm = 5.4072, lr_0 = 5.7392e-07
Loss = 6.0719e-01, PNorm = 103.2636, GNorm = 5.8025, lr_0 = 5.7233e-07
Loss = 5.7230e-01, PNorm = 103.2636, GNorm = 3.2024, lr_0 = 5.7074e-07
Loss = 5.3014e-01, PNorm = 103.2636, GNorm = 5.5736, lr_0 = 5.6917e-07
Loss = 6.9686e-01, PNorm = 103.2637, GNorm = 5.4375, lr_0 = 5.6759e-07
Loss = 6.2760e-01, PNorm = 103.2637, GNorm = 7.2121, lr_0 = 5.6602e-07
Loss = 6.4496e-01, PNorm = 103.2638, GNorm = 5.3368, lr_0 = 5.6445e-07
Loss = 5.8433e-01, PNorm = 103.2638, GNorm = 5.3005, lr_0 = 5.6289e-07
Loss = 6.1905e-01, PNorm = 103.2639, GNorm = 4.1183, lr_0 = 5.6133e-07
Loss = 6.5952e-01, PNorm = 103.2639, GNorm = 8.3011, lr_0 = 5.5978e-07
Loss = 6.3133e-01, PNorm = 103.2640, GNorm = 8.6174, lr_0 = 5.5823e-07
Loss = 5.3063e-01, PNorm = 103.2640, GNorm = 7.8222, lr_0 = 5.5668e-07
Validation rmse = 80.715348
Epoch 24
Loss = 6.9794e-01, PNorm = 103.2640, GNorm = 7.7840, lr_0 = 5.5514e-07
Loss = 6.0907e-01, PNorm = 103.2641, GNorm = 2.6033, lr_0 = 5.5361e-07
Loss = 6.1946e-01, PNorm = 103.2641, GNorm = 5.6171, lr_0 = 5.5207e-07
Loss = 6.1585e-01, PNorm = 103.2642, GNorm = 5.5623, lr_0 = 5.5055e-07
Loss = 6.5102e-01, PNorm = 103.2642, GNorm = 5.3364, lr_0 = 5.4902e-07
Loss = 5.3181e-01, PNorm = 103.2643, GNorm = 5.4866, lr_0 = 5.4750e-07
Loss = 6.2699e-01, PNorm = 103.2643, GNorm = 8.5022, lr_0 = 5.4599e-07
Loss = 5.7107e-01, PNorm = 103.2644, GNorm = 9.5266, lr_0 = 5.4447e-07
Loss = 5.9706e-01, PNorm = 103.2644, GNorm = 4.7397, lr_0 = 5.4297e-07
Loss = 5.1955e-01, PNorm = 103.2645, GNorm = 2.6918, lr_0 = 5.4146e-07
Loss = 5.3655e-01, PNorm = 103.2645, GNorm = 2.4181, lr_0 = 5.3997e-07
Loss = 5.3472e-01, PNorm = 103.2645, GNorm = 2.6587, lr_0 = 5.3847e-07
Loss = 5.5139e-01, PNorm = 103.2646, GNorm = 4.5544, lr_0 = 5.3698e-07
Loss = 6.7581e-01, PNorm = 103.2646, GNorm = 3.6653, lr_0 = 5.3549e-07
Loss = 6.5867e-01, PNorm = 103.2646, GNorm = 3.3714, lr_0 = 5.3401e-07
Validation rmse = 82.076135
Epoch 25
Loss = 4.0535e-01, PNorm = 103.2647, GNorm = 8.2458, lr_0 = 5.3253e-07
Loss = 5.5654e-01, PNorm = 103.2647, GNorm = 2.7252, lr_0 = 5.3106e-07
Loss = 6.2235e-01, PNorm = 103.2648, GNorm = 3.4711, lr_0 = 5.2959e-07
Loss = 5.5266e-01, PNorm = 103.2648, GNorm = 2.7894, lr_0 = 5.2812e-07
Loss = 6.3586e-01, PNorm = 103.2648, GNorm = 8.8402, lr_0 = 5.2666e-07
Loss = 6.0113e-01, PNorm = 103.2649, GNorm = 7.2031, lr_0 = 5.2520e-07
Loss = 6.5700e-01, PNorm = 103.2649, GNorm = 4.6618, lr_0 = 5.2375e-07
Loss = 5.9348e-01, PNorm = 103.2650, GNorm = 4.5000, lr_0 = 5.2230e-07
Loss = 6.1486e-01, PNorm = 103.2650, GNorm = 6.9846, lr_0 = 5.2086e-07
Loss = 6.4549e-01, PNorm = 103.2651, GNorm = 8.4041, lr_0 = 5.1941e-07
Loss = 5.3700e-01, PNorm = 103.2651, GNorm = 3.7184, lr_0 = 5.1798e-07
Loss = 4.9097e-01, PNorm = 103.2651, GNorm = 5.8986, lr_0 = 5.1654e-07
Loss = 6.7917e-01, PNorm = 103.2652, GNorm = 17.0338, lr_0 = 5.1511e-07
Loss = 6.0241e-01, PNorm = 103.2652, GNorm = 2.7015, lr_0 = 5.1369e-07
Loss = 6.0113e-01, PNorm = 103.2653, GNorm = 11.7782, lr_0 = 5.1226e-07
Loss = 5.7604e-01, PNorm = 103.2653, GNorm = 2.7503, lr_0 = 5.1085e-07
Validation rmse = 80.417331
Epoch 26
Loss = 5.9560e-01, PNorm = 103.2653, GNorm = 2.7063, lr_0 = 5.0943e-07
Loss = 6.4697e-01, PNorm = 103.2654, GNorm = 7.4791, lr_0 = 5.0802e-07
Loss = 5.7992e-01, PNorm = 103.2654, GNorm = 9.7514, lr_0 = 5.0662e-07
Loss = 5.8196e-01, PNorm = 103.2655, GNorm = 5.1440, lr_0 = 5.0521e-07
Loss = 6.1734e-01, PNorm = 103.2655, GNorm = 4.5204, lr_0 = 5.0382e-07
Loss = 5.8616e-01, PNorm = 103.2655, GNorm = 7.5960, lr_0 = 5.0242e-07
Loss = 5.7965e-01, PNorm = 103.2656, GNorm = 3.1274, lr_0 = 5.0103e-07
Loss = 5.9597e-01, PNorm = 103.2656, GNorm = 6.2892, lr_0 = 4.9964e-07
Loss = 6.5706e-01, PNorm = 103.2657, GNorm = 2.8530, lr_0 = 4.9826e-07
Loss = 5.8905e-01, PNorm = 103.2657, GNorm = 4.0498, lr_0 = 4.9688e-07
Loss = 6.3765e-01, PNorm = 103.2657, GNorm = 5.2132, lr_0 = 4.9551e-07
Loss = 5.5375e-01, PNorm = 103.2658, GNorm = 3.9679, lr_0 = 4.9413e-07
Loss = 5.5046e-01, PNorm = 103.2658, GNorm = 3.0269, lr_0 = 4.9277e-07
Loss = 5.5765e-01, PNorm = 103.2659, GNorm = 6.1932, lr_0 = 4.9140e-07
Loss = 6.1194e-01, PNorm = 103.2659, GNorm = 3.9447, lr_0 = 4.9004e-07
Validation rmse = 80.624190
Epoch 27
Loss = 5.1654e-01, PNorm = 103.2659, GNorm = 6.0369, lr_0 = 4.8869e-07
Loss = 5.8587e-01, PNorm = 103.2660, GNorm = 3.7668, lr_0 = 4.8733e-07
Loss = 6.0150e-01, PNorm = 103.2660, GNorm = 3.3768, lr_0 = 4.8599e-07
Loss = 5.6882e-01, PNorm = 103.2660, GNorm = 4.9888, lr_0 = 4.8464e-07
Loss = 5.8500e-01, PNorm = 103.2661, GNorm = 4.4339, lr_0 = 4.8330e-07
Loss = 6.5787e-01, PNorm = 103.2661, GNorm = 8.8309, lr_0 = 4.8196e-07
Loss = 6.1271e-01, PNorm = 103.2662, GNorm = 7.6624, lr_0 = 4.8063e-07
Loss = 5.6721e-01, PNorm = 103.2662, GNorm = 4.9115, lr_0 = 4.7930e-07
Loss = 5.9737e-01, PNorm = 103.2662, GNorm = 7.2018, lr_0 = 4.7797e-07
Loss = 5.6454e-01, PNorm = 103.2663, GNorm = 5.4464, lr_0 = 4.7665e-07
Loss = 5.8962e-01, PNorm = 103.2663, GNorm = 4.6199, lr_0 = 4.7533e-07
Loss = 6.9487e-01, PNorm = 103.2664, GNorm = 9.7834, lr_0 = 4.7401e-07
Loss = 6.3132e-01, PNorm = 103.2664, GNorm = 5.1370, lr_0 = 4.7270e-07
Loss = 5.0458e-01, PNorm = 103.2664, GNorm = 3.6010, lr_0 = 4.7139e-07
Loss = 5.4120e-01, PNorm = 103.2665, GNorm = 3.2309, lr_0 = 4.7009e-07
Loss = 5.5003e-01, PNorm = 103.2665, GNorm = 2.6316, lr_0 = 4.6879e-07
Validation rmse = 80.063806
Epoch 28
Loss = 5.9419e-01, PNorm = 103.2665, GNorm = 3.5256, lr_0 = 4.6749e-07
Loss = 5.7614e-01, PNorm = 103.2666, GNorm = 4.0218, lr_0 = 4.6619e-07
Loss = 5.8031e-01, PNorm = 103.2666, GNorm = 4.2686, lr_0 = 4.6490e-07
Loss = 5.8067e-01, PNorm = 103.2666, GNorm = 3.4524, lr_0 = 4.6362e-07
Loss = 5.0291e-01, PNorm = 103.2667, GNorm = 6.4156, lr_0 = 4.6233e-07
Loss = 6.2879e-01, PNorm = 103.2667, GNorm = 7.6804, lr_0 = 4.6105e-07
Loss = 5.8623e-01, PNorm = 103.2668, GNorm = 10.8765, lr_0 = 4.5978e-07
Loss = 6.0562e-01, PNorm = 103.2668, GNorm = 2.6555, lr_0 = 4.5850e-07
Loss = 6.1693e-01, PNorm = 103.2668, GNorm = 8.2588, lr_0 = 4.5724e-07
Loss = 5.5217e-01, PNorm = 103.2669, GNorm = 6.6744, lr_0 = 4.5597e-07
Loss = 5.8957e-01, PNorm = 103.2669, GNorm = 4.5735, lr_0 = 4.5471e-07
Loss = 5.7243e-01, PNorm = 103.2669, GNorm = 5.7551, lr_0 = 4.5345e-07
Loss = 5.9126e-01, PNorm = 103.2670, GNorm = 5.4668, lr_0 = 4.5219e-07
Loss = 6.3968e-01, PNorm = 103.2670, GNorm = 2.8997, lr_0 = 4.5094e-07
Loss = 5.2716e-01, PNorm = 103.2670, GNorm = 3.7164, lr_0 = 4.4969e-07
Validation rmse = 80.341798
Epoch 29
Loss = 6.4729e-01, PNorm = 103.2671, GNorm = 12.3098, lr_0 = 4.4845e-07
Loss = 6.0155e-01, PNorm = 103.2671, GNorm = 10.9627, lr_0 = 4.4721e-07
Loss = 5.2953e-01, PNorm = 103.2672, GNorm = 2.8045, lr_0 = 4.4597e-07
Loss = 5.2901e-01, PNorm = 103.2672, GNorm = 5.1367, lr_0 = 4.4474e-07
Loss = 6.4524e-01, PNorm = 103.2672, GNorm = 2.8366, lr_0 = 4.4350e-07
Loss = 6.4131e-01, PNorm = 103.2673, GNorm = 3.0597, lr_0 = 4.4228e-07
Loss = 6.7086e-01, PNorm = 103.2673, GNorm = 5.8947, lr_0 = 4.4105e-07
Loss = 5.8426e-01, PNorm = 103.2673, GNorm = 2.5812, lr_0 = 4.3983e-07
Loss = 5.5430e-01, PNorm = 103.2674, GNorm = 2.6890, lr_0 = 4.3861e-07
Loss = 5.3476e-01, PNorm = 103.2674, GNorm = 5.2325, lr_0 = 4.3740e-07
Loss = 5.7260e-01, PNorm = 103.2674, GNorm = 8.3852, lr_0 = 4.3619e-07
Loss = 5.0853e-01, PNorm = 103.2675, GNorm = 5.5685, lr_0 = 4.3498e-07
Loss = 6.0293e-01, PNorm = 103.2675, GNorm = 5.7787, lr_0 = 4.3378e-07
Loss = 5.4381e-01, PNorm = 103.2675, GNorm = 7.2828, lr_0 = 4.3258e-07
Loss = 5.8359e-01, PNorm = 103.2676, GNorm = 9.1206, lr_0 = 4.3138e-07
Validation rmse = 80.200284
Epoch 30
Loss = 6.9023e-01, PNorm = 103.2676, GNorm = 3.7560, lr_0 = 4.3019e-07
Loss = 5.2911e-01, PNorm = 103.2676, GNorm = 2.9924, lr_0 = 4.2900e-07
Loss = 5.7107e-01, PNorm = 103.2677, GNorm = 7.4069, lr_0 = 4.2781e-07
Loss = 5.3510e-01, PNorm = 103.2677, GNorm = 3.0639, lr_0 = 4.2662e-07
Loss = 5.6143e-01, PNorm = 103.2678, GNorm = 3.1276, lr_0 = 4.2544e-07
Loss = 5.8900e-01, PNorm = 103.2678, GNorm = 9.3407, lr_0 = 4.2427e-07
Loss = 5.4546e-01, PNorm = 103.2678, GNorm = 3.2455, lr_0 = 4.2309e-07
Loss = 5.6192e-01, PNorm = 103.2679, GNorm = 3.2435, lr_0 = 4.2192e-07
Loss = 5.2081e-01, PNorm = 103.2679, GNorm = 6.8290, lr_0 = 4.2075e-07
Loss = 5.7543e-01, PNorm = 103.2679, GNorm = 2.8393, lr_0 = 4.1959e-07
Loss = 5.8105e-01, PNorm = 103.2680, GNorm = 3.3004, lr_0 = 4.1843e-07
Loss = 5.4643e-01, PNorm = 103.2680, GNorm = 11.5992, lr_0 = 4.1727e-07
Loss = 5.6323e-01, PNorm = 103.2680, GNorm = 4.8087, lr_0 = 4.1611e-07
Loss = 5.4934e-01, PNorm = 103.2680, GNorm = 2.7553, lr_0 = 4.1496e-07
Loss = 6.3736e-01, PNorm = 103.2681, GNorm = 2.7828, lr_0 = 4.1381e-07
Loss = 6.6445e-01, PNorm = 103.2681, GNorm = 6.9965, lr_0 = 4.1267e-07
Validation rmse = 81.175157
Epoch 31
Loss = 5.8997e-01, PNorm = 103.2682, GNorm = 10.0500, lr_0 = 4.1152e-07
Loss = 4.9679e-01, PNorm = 103.2682, GNorm = 3.5064, lr_0 = 4.1039e-07
Loss = 5.5744e-01, PNorm = 103.2682, GNorm = 3.0123, lr_0 = 4.0925e-07
Loss = 5.6881e-01, PNorm = 103.2683, GNorm = 4.7468, lr_0 = 4.0812e-07
Loss = 5.8477e-01, PNorm = 103.2683, GNorm = 3.6199, lr_0 = 4.0699e-07
Loss = 5.2273e-01, PNorm = 103.2683, GNorm = 2.5473, lr_0 = 4.0586e-07
Loss = 5.6536e-01, PNorm = 103.2684, GNorm = 4.3883, lr_0 = 4.0474e-07
Loss = 6.1928e-01, PNorm = 103.2684, GNorm = 3.8476, lr_0 = 4.0362e-07
Loss = 5.4312e-01, PNorm = 103.2684, GNorm = 4.4493, lr_0 = 4.0250e-07
Loss = 5.7924e-01, PNorm = 103.2685, GNorm = 3.3147, lr_0 = 4.0139e-07
Loss = 5.9521e-01, PNorm = 103.2685, GNorm = 9.1732, lr_0 = 4.0027e-07
Loss = 6.1659e-01, PNorm = 103.2685, GNorm = 3.9715, lr_0 = 3.9917e-07
Loss = 5.4545e-01, PNorm = 103.2686, GNorm = 5.5834, lr_0 = 3.9806e-07
Loss = 5.5010e-01, PNorm = 103.2686, GNorm = 8.0783, lr_0 = 3.9696e-07
Loss = 6.4280e-01, PNorm = 103.2686, GNorm = 4.1602, lr_0 = 3.9586e-07
Validation rmse = 80.368011
Epoch 32
Loss = 5.3483e-01, PNorm = 103.2686, GNorm = 6.9404, lr_0 = 3.9477e-07
Loss = 5.7111e-01, PNorm = 103.2687, GNorm = 3.3136, lr_0 = 3.9367e-07
Loss = 5.4647e-01, PNorm = 103.2687, GNorm = 2.5685, lr_0 = 3.9258e-07
Loss = 5.6104e-01, PNorm = 103.2687, GNorm = 5.3253, lr_0 = 3.9150e-07
Loss = 6.2537e-01, PNorm = 103.2688, GNorm = 5.3384, lr_0 = 3.9041e-07
Loss = 5.3560e-01, PNorm = 103.2688, GNorm = 9.5390, lr_0 = 3.8933e-07
Loss = 5.2881e-01, PNorm = 103.2688, GNorm = 5.2440, lr_0 = 3.8825e-07
Loss = 6.4102e-01, PNorm = 103.2689, GNorm = 4.3985, lr_0 = 3.8718e-07
Loss = 5.6919e-01, PNorm = 103.2689, GNorm = 3.1474, lr_0 = 3.8611e-07
Loss = 5.2350e-01, PNorm = 103.2689, GNorm = 3.1820, lr_0 = 3.8504e-07
Loss = 5.7511e-01, PNorm = 103.2689, GNorm = 4.6479, lr_0 = 3.8397e-07
Loss = 5.2697e-01, PNorm = 103.2690, GNorm = 3.5752, lr_0 = 3.8291e-07
Loss = 5.4822e-01, PNorm = 103.2690, GNorm = 3.3180, lr_0 = 3.8185e-07
Loss = 5.7189e-01, PNorm = 103.2690, GNorm = 9.3933, lr_0 = 3.8079e-07
Loss = 6.0693e-01, PNorm = 103.2691, GNorm = 4.7808, lr_0 = 3.7974e-07
Loss = 6.1265e-01, PNorm = 103.2691, GNorm = 5.3830, lr_0 = 3.7869e-07
Validation rmse = 80.121939
Epoch 33
Loss = 5.7039e-01, PNorm = 103.2691, GNorm = 3.0587, lr_0 = 3.7764e-07
Loss = 5.5908e-01, PNorm = 103.2692, GNorm = 9.3020, lr_0 = 3.7660e-07
Loss = 6.3063e-01, PNorm = 103.2692, GNorm = 2.6187, lr_0 = 3.7555e-07
Loss = 5.0908e-01, PNorm = 103.2692, GNorm = 4.2036, lr_0 = 3.7451e-07
Loss = 5.6337e-01, PNorm = 103.2693, GNorm = 8.7143, lr_0 = 3.7348e-07
Loss = 5.8259e-01, PNorm = 103.2693, GNorm = 4.4819, lr_0 = 3.7244e-07
Loss = 5.4211e-01, PNorm = 103.2693, GNorm = 2.9407, lr_0 = 3.7141e-07
Loss = 5.3226e-01, PNorm = 103.2693, GNorm = 2.5974, lr_0 = 3.7038e-07
Loss = 4.8769e-01, PNorm = 103.2694, GNorm = 9.1419, lr_0 = 3.6936e-07
Loss = 6.1315e-01, PNorm = 103.2694, GNorm = 2.5657, lr_0 = 3.6834e-07
Loss = 5.2371e-01, PNorm = 103.2694, GNorm = 4.8265, lr_0 = 3.6732e-07
Loss = 5.6581e-01, PNorm = 103.2695, GNorm = 3.3872, lr_0 = 3.6630e-07
Loss = 5.6635e-01, PNorm = 103.2695, GNorm = 2.7764, lr_0 = 3.6529e-07
Loss = 6.4944e-01, PNorm = 103.2695, GNorm = 4.0195, lr_0 = 3.6428e-07
Loss = 5.3427e-01, PNorm = 103.2696, GNorm = 4.3523, lr_0 = 3.6327e-07
Validation rmse = 79.491533
Epoch 34
Loss = 5.6765e-01, PNorm = 103.2696, GNorm = 7.9557, lr_0 = 3.6226e-07
Loss = 5.5437e-01, PNorm = 103.2696, GNorm = 4.9556, lr_0 = 3.6126e-07
Loss = 6.0403e-01, PNorm = 103.2696, GNorm = 9.1596, lr_0 = 3.6026e-07
Loss = 6.1465e-01, PNorm = 103.2697, GNorm = 10.2466, lr_0 = 3.5926e-07
Loss = 5.3187e-01, PNorm = 103.2697, GNorm = 3.2611, lr_0 = 3.5827e-07
Loss = 6.2137e-01, PNorm = 103.2697, GNorm = 5.3884, lr_0 = 3.5728e-07
Loss = 5.3074e-01, PNorm = 103.2698, GNorm = 2.5778, lr_0 = 3.5629e-07
Loss = 5.6446e-01, PNorm = 103.2698, GNorm = 5.6328, lr_0 = 3.5530e-07
Loss = 5.2457e-01, PNorm = 103.2698, GNorm = 4.6723, lr_0 = 3.5432e-07
Loss = 5.4733e-01, PNorm = 103.2698, GNorm = 7.1630, lr_0 = 3.5334e-07
Loss = 5.3251e-01, PNorm = 103.2699, GNorm = 10.1508, lr_0 = 3.5236e-07
Loss = 5.0354e-01, PNorm = 103.2699, GNorm = 4.1555, lr_0 = 3.5138e-07
Loss = 6.1888e-01, PNorm = 103.2699, GNorm = 5.6920, lr_0 = 3.5041e-07
Loss = 5.6439e-01, PNorm = 103.2699, GNorm = 6.0273, lr_0 = 3.4944e-07
Loss = 5.2004e-01, PNorm = 103.2700, GNorm = 4.0260, lr_0 = 3.4847e-07
Validation rmse = 79.302187
Epoch 35
Loss = 6.8934e-01, PNorm = 103.2700, GNorm = 3.2518, lr_0 = 3.4751e-07
Loss = 5.5167e-01, PNorm = 103.2700, GNorm = 7.6113, lr_0 = 3.4655e-07
Loss = 5.6798e-01, PNorm = 103.2701, GNorm = 3.6149, lr_0 = 3.4559e-07
Loss = 4.7122e-01, PNorm = 103.2701, GNorm = 5.5352, lr_0 = 3.4463e-07
Loss = 5.8346e-01, PNorm = 103.2701, GNorm = 8.5961, lr_0 = 3.4368e-07
Loss = 5.2745e-01, PNorm = 103.2701, GNorm = 3.1234, lr_0 = 3.4273e-07
Loss = 5.4291e-01, PNorm = 103.2702, GNorm = 2.9494, lr_0 = 3.4178e-07
Loss = 6.7740e-01, PNorm = 103.2702, GNorm = 4.2318, lr_0 = 3.4083e-07
Loss = 5.8889e-01, PNorm = 103.2702, GNorm = 4.1987, lr_0 = 3.3989e-07
Loss = 5.0218e-01, PNorm = 103.2702, GNorm = 5.1372, lr_0 = 3.3895e-07
Loss = 5.9679e-01, PNorm = 103.2703, GNorm = 3.1439, lr_0 = 3.3801e-07
Loss = 5.4800e-01, PNorm = 103.2703, GNorm = 6.5716, lr_0 = 3.3707e-07
Loss = 6.4182e-01, PNorm = 103.2703, GNorm = 6.3001, lr_0 = 3.3614e-07
Loss = 5.8401e-01, PNorm = 103.2704, GNorm = 2.3402, lr_0 = 3.3521e-07
Loss = 4.8272e-01, PNorm = 103.2704, GNorm = 4.4242, lr_0 = 3.3428e-07
Loss = 4.9481e-01, PNorm = 103.2704, GNorm = 4.4145, lr_0 = 3.3336e-07
Validation rmse = 78.597394
Epoch 36
Loss = 6.2751e-01, PNorm = 103.2704, GNorm = 7.5753, lr_0 = 3.3243e-07
Loss = 5.9834e-01, PNorm = 103.2705, GNorm = 3.2948, lr_0 = 3.3151e-07
Loss = 5.9631e-01, PNorm = 103.2705, GNorm = 4.8311, lr_0 = 3.3060e-07
Loss = 5.5658e-01, PNorm = 103.2705, GNorm = 2.8232, lr_0 = 3.2968e-07
Loss = 5.3344e-01, PNorm = 103.2705, GNorm = 9.5009, lr_0 = 3.2877e-07
Loss = 5.4572e-01, PNorm = 103.2706, GNorm = 3.6431, lr_0 = 3.2786e-07
Loss = 5.7491e-01, PNorm = 103.2706, GNorm = 3.1204, lr_0 = 3.2695e-07
Loss = 4.9731e-01, PNorm = 103.2706, GNorm = 4.0610, lr_0 = 3.2605e-07
Loss = 5.1757e-01, PNorm = 103.2707, GNorm = 12.1425, lr_0 = 3.2514e-07
Loss = 5.9026e-01, PNorm = 103.2707, GNorm = 3.4655, lr_0 = 3.2424e-07
Loss = 5.7075e-01, PNorm = 103.2707, GNorm = 5.9066, lr_0 = 3.2335e-07
Loss = 5.3831e-01, PNorm = 103.2707, GNorm = 5.7854, lr_0 = 3.2245e-07
Loss = 5.5729e-01, PNorm = 103.2707, GNorm = 5.6900, lr_0 = 3.2156e-07
Loss = 5.1579e-01, PNorm = 103.2708, GNorm = 3.5120, lr_0 = 3.2067e-07
Loss = 5.2077e-01, PNorm = 103.2708, GNorm = 5.8679, lr_0 = 3.1978e-07
Validation rmse = 78.433821
Epoch 37
Loss = 5.3730e-01, PNorm = 103.2708, GNorm = 5.2920, lr_0 = 3.1890e-07
Loss = 5.6556e-01, PNorm = 103.2709, GNorm = 3.9037, lr_0 = 3.1801e-07
Loss = 5.7814e-01, PNorm = 103.2709, GNorm = 9.1753, lr_0 = 3.1713e-07
Loss = 5.3343e-01, PNorm = 103.2709, GNorm = 4.0740, lr_0 = 3.1625e-07
Loss = 5.7124e-01, PNorm = 103.2709, GNorm = 2.5337, lr_0 = 3.1538e-07
Loss = 6.3785e-01, PNorm = 103.2710, GNorm = 3.9887, lr_0 = 3.1451e-07
Loss = 5.9000e-01, PNorm = 103.2710, GNorm = 6.7316, lr_0 = 3.1364e-07
Loss = 5.7969e-01, PNorm = 103.2710, GNorm = 5.5616, lr_0 = 3.1277e-07
Loss = 4.9648e-01, PNorm = 103.2710, GNorm = 4.1315, lr_0 = 3.1190e-07
Loss = 5.5612e-01, PNorm = 103.2711, GNorm = 4.2313, lr_0 = 3.1104e-07
Loss = 5.5887e-01, PNorm = 103.2711, GNorm = 9.3615, lr_0 = 3.1018e-07
Loss = 5.1404e-01, PNorm = 103.2711, GNorm = 3.3645, lr_0 = 3.0932e-07
Loss = 4.9869e-01, PNorm = 103.2711, GNorm = 2.1268, lr_0 = 3.0846e-07
Loss = 5.2142e-01, PNorm = 103.2712, GNorm = 2.6234, lr_0 = 3.0761e-07
Loss = 6.2862e-01, PNorm = 103.2712, GNorm = 7.1964, lr_0 = 3.0676e-07
Loss = 5.1971e-01, PNorm = 103.2712, GNorm = 6.0529, lr_0 = 3.0591e-07
Validation rmse = 79.972845
Epoch 38
Loss = 5.9310e-01, PNorm = 103.2712, GNorm = 6.0702, lr_0 = 3.0506e-07
Loss = 5.2995e-01, PNorm = 103.2712, GNorm = 2.7008, lr_0 = 3.0422e-07
Loss = 5.4669e-01, PNorm = 103.2713, GNorm = 3.1166, lr_0 = 3.0338e-07
Loss = 5.7956e-01, PNorm = 103.2713, GNorm = 3.1821, lr_0 = 3.0254e-07
Loss = 5.0197e-01, PNorm = 103.2713, GNorm = 9.3740, lr_0 = 3.0170e-07
Loss = 5.6005e-01, PNorm = 103.2713, GNorm = 5.4283, lr_0 = 3.0086e-07
Loss = 4.7910e-01, PNorm = 103.2714, GNorm = 3.2078, lr_0 = 3.0003e-07
Loss = 5.8199e-01, PNorm = 103.2714, GNorm = 6.9775, lr_0 = 2.9920e-07
Loss = 6.0245e-01, PNorm = 103.2714, GNorm = 5.7286, lr_0 = 2.9837e-07
Loss = 5.1181e-01, PNorm = 103.2714, GNorm = 2.5292, lr_0 = 2.9755e-07
Loss = 5.7300e-01, PNorm = 103.2715, GNorm = 8.7784, lr_0 = 2.9672e-07
Loss = 6.0241e-01, PNorm = 103.2715, GNorm = 4.1548, lr_0 = 2.9590e-07
Loss = 4.6159e-01, PNorm = 103.2715, GNorm = 6.5061, lr_0 = 2.9508e-07
Loss = 5.8263e-01, PNorm = 103.2715, GNorm = 6.3059, lr_0 = 2.9427e-07
Loss = 5.4657e-01, PNorm = 103.2716, GNorm = 2.6997, lr_0 = 2.9345e-07
Validation rmse = 78.671582
Epoch 39
Loss = 5.1889e-01, PNorm = 103.2716, GNorm = 2.4558, lr_0 = 2.9264e-07
Loss = 5.5311e-01, PNorm = 103.2716, GNorm = 3.8366, lr_0 = 2.9183e-07
Loss = 5.0885e-01, PNorm = 103.2716, GNorm = 5.3333, lr_0 = 2.9102e-07
Loss = 5.4311e-01, PNorm = 103.2716, GNorm = 7.1390, lr_0 = 2.9022e-07
Loss = 5.8751e-01, PNorm = 103.2717, GNorm = 3.3157, lr_0 = 2.8941e-07
Loss = 5.3340e-01, PNorm = 103.2717, GNorm = 2.6623, lr_0 = 2.8861e-07
Loss = 5.8638e-01, PNorm = 103.2717, GNorm = 3.6351, lr_0 = 2.8781e-07
Loss = 5.6811e-01, PNorm = 103.2717, GNorm = 7.8886, lr_0 = 2.8702e-07
Loss = 5.3771e-01, PNorm = 103.2718, GNorm = 3.0462, lr_0 = 2.8622e-07
Loss = 5.8826e-01, PNorm = 103.2718, GNorm = 2.8606, lr_0 = 2.8543e-07
Loss = 5.1771e-01, PNorm = 103.2718, GNorm = 3.4445, lr_0 = 2.8464e-07
Loss = 5.5099e-01, PNorm = 103.2718, GNorm = 4.8627, lr_0 = 2.8385e-07
Loss = 5.5734e-01, PNorm = 103.2719, GNorm = 3.3414, lr_0 = 2.8306e-07
Loss = 5.5341e-01, PNorm = 103.2719, GNorm = 2.8798, lr_0 = 2.8228e-07
Loss = 4.9968e-01, PNorm = 103.2719, GNorm = 2.3262, lr_0 = 2.8150e-07
Validation rmse = 78.556141
Epoch 40
Loss = 3.9255e-01, PNorm = 103.2719, GNorm = 6.7859, lr_0 = 2.8072e-07
Loss = 5.3750e-01, PNorm = 103.2719, GNorm = 3.4296, lr_0 = 2.7994e-07
Loss = 5.0216e-01, PNorm = 103.2720, GNorm = 8.4809, lr_0 = 2.7917e-07
Loss = 5.0806e-01, PNorm = 103.2720, GNorm = 3.5961, lr_0 = 2.7840e-07
Loss = 5.5056e-01, PNorm = 103.2720, GNorm = 4.6485, lr_0 = 2.7763e-07
Loss = 5.6725e-01, PNorm = 103.2720, GNorm = 4.0864, lr_0 = 2.7686e-07
Loss = 5.0448e-01, PNorm = 103.2720, GNorm = 2.7361, lr_0 = 2.7609e-07
Loss = 5.9982e-01, PNorm = 103.2721, GNorm = 6.0739, lr_0 = 2.7533e-07
Loss = 5.7084e-01, PNorm = 103.2721, GNorm = 5.7598, lr_0 = 2.7456e-07
Loss = 6.0357e-01, PNorm = 103.2721, GNorm = 5.7553, lr_0 = 2.7380e-07
Loss = 5.0106e-01, PNorm = 103.2721, GNorm = 2.8785, lr_0 = 2.7305e-07
Loss = 6.0817e-01, PNorm = 103.2722, GNorm = 7.1687, lr_0 = 2.7229e-07
Loss = 4.8927e-01, PNorm = 103.2722, GNorm = 4.4558, lr_0 = 2.7154e-07
Loss = 5.3902e-01, PNorm = 103.2722, GNorm = 5.0022, lr_0 = 2.7079e-07
Loss = 5.5001e-01, PNorm = 103.2722, GNorm = 3.9363, lr_0 = 2.7004e-07
Loss = 5.4704e-01, PNorm = 103.2722, GNorm = 2.9930, lr_0 = 2.6929e-07
Validation rmse = 78.891468
Epoch 41
Loss = 5.7983e-01, PNorm = 103.2723, GNorm = 10.5339, lr_0 = 2.6854e-07
Loss = 5.5601e-01, PNorm = 103.2723, GNorm = 4.4584, lr_0 = 2.6780e-07
Loss = 5.7644e-01, PNorm = 103.2723, GNorm = 5.0294, lr_0 = 2.6706e-07
Loss = 5.0661e-01, PNorm = 103.2723, GNorm = 2.3417, lr_0 = 2.6632e-07
Loss = 6.1085e-01, PNorm = 103.2724, GNorm = 3.4817, lr_0 = 2.6558e-07
Loss = 5.2078e-01, PNorm = 103.2724, GNorm = 6.0203, lr_0 = 2.6485e-07
Loss = 5.0022e-01, PNorm = 103.2724, GNorm = 3.2668, lr_0 = 2.6411e-07
Loss = 5.2784e-01, PNorm = 103.2724, GNorm = 2.8552, lr_0 = 2.6338e-07
Loss = 5.6211e-01, PNorm = 103.2724, GNorm = 3.3698, lr_0 = 2.6265e-07
Loss = 5.4538e-01, PNorm = 103.2725, GNorm = 5.8418, lr_0 = 2.6193e-07
Loss = 5.2709e-01, PNorm = 103.2725, GNorm = 11.8572, lr_0 = 2.6120e-07
Loss = 5.9472e-01, PNorm = 103.2725, GNorm = 2.9814, lr_0 = 2.6048e-07
Loss = 4.8132e-01, PNorm = 103.2725, GNorm = 7.0069, lr_0 = 2.5976e-07
Loss = 5.9427e-01, PNorm = 103.2725, GNorm = 2.7567, lr_0 = 2.5904e-07
Loss = 4.7437e-01, PNorm = 103.2725, GNorm = 3.5500, lr_0 = 2.5832e-07
Validation rmse = 78.132205
Epoch 42
Loss = 4.7777e-01, PNorm = 103.2726, GNorm = 5.1785, lr_0 = 2.5761e-07
Loss = 5.6838e-01, PNorm = 103.2726, GNorm = 5.0620, lr_0 = 2.5689e-07
Loss = 4.8374e-01, PNorm = 103.2726, GNorm = 4.5488, lr_0 = 2.5618e-07
Loss = 5.1736e-01, PNorm = 103.2726, GNorm = 5.4707, lr_0 = 2.5547e-07
Loss = 5.7610e-01, PNorm = 103.2726, GNorm = 7.3816, lr_0 = 2.5477e-07
Loss = 6.7073e-01, PNorm = 103.2727, GNorm = 6.7725, lr_0 = 2.5406e-07
Loss = 5.6430e-01, PNorm = 103.2727, GNorm = 3.0145, lr_0 = 2.5336e-07
Loss = 5.1372e-01, PNorm = 103.2727, GNorm = 5.8228, lr_0 = 2.5266e-07
Loss = 5.2770e-01, PNorm = 103.2727, GNorm = 9.4559, lr_0 = 2.5196e-07
Loss = 6.1279e-01, PNorm = 103.2727, GNorm = 8.6505, lr_0 = 2.5126e-07
Loss = 5.2867e-01, PNorm = 103.2728, GNorm = 6.2345, lr_0 = 2.5056e-07
Loss = 5.1140e-01, PNorm = 103.2728, GNorm = 3.1494, lr_0 = 2.4987e-07
Loss = 5.0986e-01, PNorm = 103.2728, GNorm = 3.9773, lr_0 = 2.4918e-07
Loss = 5.2511e-01, PNorm = 103.2728, GNorm = 10.1067, lr_0 = 2.4849e-07
Loss = 5.3118e-01, PNorm = 103.2728, GNorm = 3.3796, lr_0 = 2.4780e-07
Loss = 4.7546e-01, PNorm = 103.2729, GNorm = 3.1070, lr_0 = 2.4712e-07
Validation rmse = 78.125718
Epoch 43
Loss = 5.2758e-01, PNorm = 103.2729, GNorm = 4.6819, lr_0 = 2.4643e-07
Loss = 5.4280e-01, PNorm = 103.2729, GNorm = 9.0525, lr_0 = 2.4575e-07
Loss = 5.1625e-01, PNorm = 103.2729, GNorm = 6.9020, lr_0 = 2.4507e-07
Loss = 5.5431e-01, PNorm = 103.2729, GNorm = 4.7402, lr_0 = 2.4439e-07
Loss = 5.1859e-01, PNorm = 103.2730, GNorm = 3.1283, lr_0 = 2.4371e-07
Loss = 4.8238e-01, PNorm = 103.2730, GNorm = 10.1208, lr_0 = 2.4304e-07
Loss = 5.0878e-01, PNorm = 103.2730, GNorm = 2.4264, lr_0 = 2.4237e-07
Loss = 5.9321e-01, PNorm = 103.2730, GNorm = 3.4649, lr_0 = 2.4170e-07
Loss = 5.3254e-01, PNorm = 103.2730, GNorm = 4.4568, lr_0 = 2.4103e-07
Loss = 6.0674e-01, PNorm = 103.2730, GNorm = 2.7957, lr_0 = 2.4036e-07
Loss = 5.6243e-01, PNorm = 103.2731, GNorm = 7.4061, lr_0 = 2.3970e-07
Loss = 4.6781e-01, PNorm = 103.2731, GNorm = 3.4596, lr_0 = 2.3903e-07
Loss = 5.1598e-01, PNorm = 103.2731, GNorm = 5.5768, lr_0 = 2.3837e-07
Loss = 6.1488e-01, PNorm = 103.2731, GNorm = 7.6198, lr_0 = 2.3771e-07
Loss = 6.2107e-01, PNorm = 103.2731, GNorm = 7.2260, lr_0 = 2.3705e-07
Validation rmse = 78.557583
Epoch 44
Loss = 4.9467e-01, PNorm = 103.2732, GNorm = 5.6415, lr_0 = 2.3633e-07
Loss = 5.3544e-01, PNorm = 103.2732, GNorm = 2.9440, lr_0 = 2.3568e-07
Loss = 5.0701e-01, PNorm = 103.2732, GNorm = 2.7429, lr_0 = 2.3502e-07
Loss = 5.0556e-01, PNorm = 103.2732, GNorm = 6.0466, lr_0 = 2.3437e-07
Loss = 5.3932e-01, PNorm = 103.2732, GNorm = 15.2367, lr_0 = 2.3372e-07
Loss = 5.2960e-01, PNorm = 103.2732, GNorm = 2.7993, lr_0 = 2.3308e-07
Loss = 6.5154e-01, PNorm = 103.2733, GNorm = 2.7193, lr_0 = 2.3243e-07
Loss = 5.7086e-01, PNorm = 103.2733, GNorm = 5.2850, lr_0 = 2.3179e-07
Loss = 5.4524e-01, PNorm = 103.2733, GNorm = 5.2401, lr_0 = 2.3115e-07
Loss = 5.1997e-01, PNorm = 103.2733, GNorm = 2.8243, lr_0 = 2.3051e-07
Loss = 5.3512e-01, PNorm = 103.2733, GNorm = 16.5503, lr_0 = 2.2987e-07
Loss = 5.6552e-01, PNorm = 103.2734, GNorm = 3.1926, lr_0 = 2.2923e-07
Loss = 6.2088e-01, PNorm = 103.2734, GNorm = 3.3235, lr_0 = 2.2860e-07
Loss = 4.9318e-01, PNorm = 103.2734, GNorm = 3.0401, lr_0 = 2.2797e-07
Loss = 4.5692e-01, PNorm = 103.2734, GNorm = 3.0287, lr_0 = 2.2734e-07
Validation rmse = 77.744410
Epoch 45
Loss = 5.9992e-01, PNorm = 103.2734, GNorm = 2.9019, lr_0 = 2.2671e-07
Loss = 5.5354e-01, PNorm = 103.2734, GNorm = 3.7777, lr_0 = 2.2608e-07
Loss = 5.0107e-01, PNorm = 103.2735, GNorm = 7.2159, lr_0 = 2.2545e-07
Loss = 5.2212e-01, PNorm = 103.2735, GNorm = 5.8646, lr_0 = 2.2483e-07
Loss = 4.8440e-01, PNorm = 103.2735, GNorm = 4.1622, lr_0 = 2.2421e-07
Loss = 5.5062e-01, PNorm = 103.2735, GNorm = 3.9523, lr_0 = 2.2359e-07
Loss = 5.0881e-01, PNorm = 103.2735, GNorm = 10.7141, lr_0 = 2.2297e-07
Loss = 5.6552e-01, PNorm = 103.2735, GNorm = 4.2480, lr_0 = 2.2235e-07
Loss = 5.0731e-01, PNorm = 103.2736, GNorm = 3.0841, lr_0 = 2.2173e-07
Loss = 5.6505e-01, PNorm = 103.2736, GNorm = 6.7332, lr_0 = 2.2112e-07
Loss = 5.2204e-01, PNorm = 103.2736, GNorm = 5.7178, lr_0 = 2.2051e-07
Loss = 4.9679e-01, PNorm = 103.2736, GNorm = 4.9092, lr_0 = 2.1990e-07
Loss = 5.7308e-01, PNorm = 103.2736, GNorm = 3.3839, lr_0 = 2.1929e-07
Loss = 4.8728e-01, PNorm = 103.2737, GNorm = 2.6655, lr_0 = 2.1868e-07
Loss = 5.4972e-01, PNorm = 103.2737, GNorm = 6.5227, lr_0 = 2.1808e-07
Loss = 6.8582e-01, PNorm = 103.2737, GNorm = 2.7073, lr_0 = 2.1747e-07
Validation rmse = 78.691753
Epoch 46
Loss = 4.2475e-01, PNorm = 103.2737, GNorm = 9.4998, lr_0 = 2.1687e-07
Loss = 5.2764e-01, PNorm = 103.2737, GNorm = 3.0853, lr_0 = 2.1627e-07
Loss = 5.1389e-01, PNorm = 103.2737, GNorm = 6.3752, lr_0 = 2.1567e-07
Loss = 5.1847e-01, PNorm = 103.2737, GNorm = 2.5715, lr_0 = 2.1508e-07
Loss = 5.2976e-01, PNorm = 103.2738, GNorm = 3.4303, lr_0 = 2.1448e-07
Loss = 5.5467e-01, PNorm = 103.2738, GNorm = 7.2480, lr_0 = 2.1389e-07
Loss = 5.9256e-01, PNorm = 103.2738, GNorm = 4.1645, lr_0 = 2.1329e-07
Loss = 5.4956e-01, PNorm = 103.2738, GNorm = 5.1855, lr_0 = 2.1270e-07
Loss = 5.2772e-01, PNorm = 103.2738, GNorm = 4.9292, lr_0 = 2.1212e-07
Loss = 5.3440e-01, PNorm = 103.2739, GNorm = 4.6218, lr_0 = 2.1153e-07
Loss = 4.8033e-01, PNorm = 103.2739, GNorm = 4.3784, lr_0 = 2.1094e-07
Loss = 5.5295e-01, PNorm = 103.2739, GNorm = 6.5012, lr_0 = 2.1036e-07
Loss = 5.3809e-01, PNorm = 103.2739, GNorm = 8.4584, lr_0 = 2.0978e-07
Loss = 5.7297e-01, PNorm = 103.2739, GNorm = 4.7055, lr_0 = 2.0920e-07
Loss = 5.5170e-01, PNorm = 103.2739, GNorm = 3.8492, lr_0 = 2.0862e-07
Validation rmse = 77.737320
Epoch 47
Loss = 4.5835e-01, PNorm = 103.2740, GNorm = 3.2853, lr_0 = 2.0804e-07
Loss = 4.9570e-01, PNorm = 103.2740, GNorm = 8.3515, lr_0 = 2.0746e-07
Loss = 5.1617e-01, PNorm = 103.2740, GNorm = 4.4883, lr_0 = 2.0689e-07
Loss = 4.8037e-01, PNorm = 103.2740, GNorm = 3.4306, lr_0 = 2.0632e-07
Loss = 6.1580e-01, PNorm = 103.2740, GNorm = 7.2780, lr_0 = 2.0575e-07
Loss = 5.0583e-01, PNorm = 103.2740, GNorm = 3.5927, lr_0 = 2.0518e-07
Loss = 6.1605e-01, PNorm = 103.2740, GNorm = 6.7684, lr_0 = 2.0461e-07
Loss = 5.3114e-01, PNorm = 103.2741, GNorm = 11.9522, lr_0 = 2.0404e-07
Loss = 5.7233e-01, PNorm = 103.2741, GNorm = 2.7117, lr_0 = 2.0348e-07
Loss = 5.5058e-01, PNorm = 103.2741, GNorm = 3.8891, lr_0 = 2.0291e-07
Loss = 4.9515e-01, PNorm = 103.2741, GNorm = 7.9470, lr_0 = 2.0235e-07
Loss = 4.6070e-01, PNorm = 103.2741, GNorm = 9.9253, lr_0 = 2.0179e-07
Loss = 6.1872e-01, PNorm = 103.2741, GNorm = 15.1488, lr_0 = 2.0123e-07
Loss = 5.6743e-01, PNorm = 103.2742, GNorm = 5.4576, lr_0 = 2.0068e-07
Loss = 5.2480e-01, PNorm = 103.2742, GNorm = 2.8393, lr_0 = 2.0012e-07
Loss = 5.0762e-01, PNorm = 103.2742, GNorm = 6.6762, lr_0 = 1.9957e-07
Validation rmse = 77.650413
Epoch 48
Loss = 4.9514e-01, PNorm = 103.2742, GNorm = 3.8707, lr_0 = 1.9902e-07
Loss = 5.6157e-01, PNorm = 103.2742, GNorm = 5.2599, lr_0 = 1.9846e-07
Loss = 5.5099e-01, PNorm = 103.2742, GNorm = 6.1125, lr_0 = 1.9791e-07
Loss = 6.0094e-01, PNorm = 103.2743, GNorm = 3.8527, lr_0 = 1.9737e-07
Loss = 5.0286e-01, PNorm = 103.2743, GNorm = 5.6721, lr_0 = 1.9682e-07
Loss = 5.6765e-01, PNorm = 103.2743, GNorm = 5.6551, lr_0 = 1.9628e-07
Loss = 4.7586e-01, PNorm = 103.2743, GNorm = 5.8516, lr_0 = 1.9573e-07
Loss = 5.5112e-01, PNorm = 103.2743, GNorm = 7.9622, lr_0 = 1.9519e-07
Loss = 5.2681e-01, PNorm = 103.2743, GNorm = 2.5573, lr_0 = 1.9465e-07
Loss = 5.4934e-01, PNorm = 103.2743, GNorm = 3.7765, lr_0 = 1.9411e-07
Loss = 4.8056e-01, PNorm = 103.2744, GNorm = 3.6775, lr_0 = 1.9357e-07
Loss = 5.0259e-01, PNorm = 103.2744, GNorm = 2.8160, lr_0 = 1.9304e-07
Loss = 5.1852e-01, PNorm = 103.2744, GNorm = 7.4197, lr_0 = 1.9250e-07
Loss = 5.1593e-01, PNorm = 103.2744, GNorm = 7.5094, lr_0 = 1.9197e-07
Loss = 5.7510e-01, PNorm = 103.2744, GNorm = 5.2411, lr_0 = 1.9144e-07
Validation rmse = 77.823316
Epoch 49
Loss = 5.7339e-01, PNorm = 103.2744, GNorm = 11.4421, lr_0 = 1.9091e-07
Loss = 4.6450e-01, PNorm = 103.2744, GNorm = 5.6701, lr_0 = 1.9038e-07
Loss = 5.6543e-01, PNorm = 103.2745, GNorm = 13.8771, lr_0 = 1.8985e-07
Loss = 5.1277e-01, PNorm = 103.2745, GNorm = 6.8410, lr_0 = 1.8933e-07
Loss = 5.6778e-01, PNorm = 103.2745, GNorm = 6.6775, lr_0 = 1.8881e-07
Loss = 6.0528e-01, PNorm = 103.2745, GNorm = 7.5401, lr_0 = 1.8828e-07
Loss = 5.1591e-01, PNorm = 103.2745, GNorm = 3.1223, lr_0 = 1.8776e-07
Loss = 5.3635e-01, PNorm = 103.2745, GNorm = 4.5496, lr_0 = 1.8724e-07
Loss = 5.5898e-01, PNorm = 103.2745, GNorm = 5.1575, lr_0 = 1.8672e-07
Loss = 5.2884e-01, PNorm = 103.2746, GNorm = 7.1302, lr_0 = 1.8621e-07
Loss = 4.5996e-01, PNorm = 103.2746, GNorm = 5.1779, lr_0 = 1.8585e-07
Loss = 5.5773e-01, PNorm = 103.2746, GNorm = 2.8254, lr_0 = 1.8585e-07
Loss = 4.9497e-01, PNorm = 103.2746, GNorm = 3.0977, lr_0 = 1.8585e-07
Loss = 5.4829e-01, PNorm = 103.2746, GNorm = 5.1464, lr_0 = 1.8585e-07
Loss = 5.0336e-01, PNorm = 103.2746, GNorm = 3.7863, lr_0 = 1.8585e-07
Validation rmse = 77.710983
Model 0 best validation rmse = 77.650413 on epoch 47
Loading pretrained parameter "encoder.encoder.0.cached_zero_vector".
Loading pretrained parameter "encoder.encoder.0.W_i.weight".
Loading pretrained parameter "encoder.encoder.0.W_h.weight".
Loading pretrained parameter "encoder.encoder.0.W_o.weight".
Loading pretrained parameter "encoder.encoder.0.W_o.bias".
Loading pretrained parameter "encoder.encoder.1.cached_zero_vector".
Loading pretrained parameter "encoder.encoder.1.W_i.weight".
Loading pretrained parameter "encoder.encoder.1.W_h.weight".
Loading pretrained parameter "encoder.encoder.1.W_o.weight".
Loading pretrained parameter "encoder.encoder.1.W_o.bias".
Loading pretrained parameter "ffn.1.weight".
Loading pretrained parameter "ffn.1.bias".
Loading pretrained parameter "ffn.4.weight".
Loading pretrained parameter "ffn.4.bias".
Moving model to cuda
Model 0 test rmse = 68.153990
Ensemble test rmse = 68.153990
1-fold cross validation
	Seed 0 ==> test rmse = 68.153990
Overall test rmse = 68.153990 +/- 0.000000
Elapsed time = 0:40:03
