Command line
python /home/kpg/chemprop/train.py --data_path ../../../data/splits/lambda_max_abs/deep4chem/group_by_smiles/smiles_target_train.csv --dataset_type regression --save_dir /home/kimele03/uvvisml/uvvisml/models/emi_all_checkpoints/group_by_smiles/results/507015/49673821 --config_path /home/kimele03/uvvisml/uvvisml/models/emi_all_checkpoints/group_by_smiles/results/507015/49673821/hyperopt.json --metric rmse --epochs 50 --gpu 0 --ensemble_size 1 --separate_val_path ../../../data/splits/lambda_max_abs/deep4chem/group_by_smiles/smiles_target_val.csv --separate_test_path ../../../data/splits/lambda_max_abs/deep4chem/group_by_smiles/smiles_target_test.csv --number_of_molecules 2
Args
{'activation': 'ReLU',
 'aggregation': 'mean',
 'aggregation_norm': 100,
 'atom_descriptor_scaling': True,
 'atom_descriptors': None,
 'atom_descriptors_path': None,
 'atom_descriptors_size': 0,
 'atom_features_size': 0,
 'atom_messages': False,
 'batch_size': 73,
 'bias': False,
 'bond_feature_scaling': True,
 'bond_features_path': None,
 'bond_features_size': 0,
 'cache_cutoff': 10000,
 'checkpoint_dir': None,
 'checkpoint_frzn': None,
 'checkpoint_path': None,
 'checkpoint_paths': None,
 'class_balance': False,
 'config_path': '/home/kimele03/uvvisml/uvvisml/models/emi_all_checkpoints/group_by_smiles/results/507015/49673821/hyperopt.json',
 'crossval_index_dir': None,
 'crossval_index_file': None,
 'crossval_index_sets': None,
 'cuda': True,
 'data_path': '../../../data/splits/lambda_max_abs/deep4chem/group_by_smiles/smiles_target_train.csv',
 'data_weights_path': None,
 'dataset_type': 'regression',
 'depth': 3,
 'device': device(type='cuda', index=0),
 'dropout': 0.0,
 'empty_cache': False,
 'ensemble_size': 1,
 'epochs': 50,
 'explicit_h': False,
 'extra_metrics': [],
 'features_generator': None,
 'features_only': False,
 'features_path': None,
 'features_scaling': True,
 'features_size': None,
 'ffn_hidden_size': 854,
 'ffn_num_layers': 3,
 'final_lr': 8.568442131481083e-05,
 'folds_file': None,
 'freeze_first_only': False,
 'frzn_ffn_layers': 0,
 'gpu': 0,
 'grad_clip': None,
 'hidden_size': 2400,
 'ignore_columns': None,
 'init_lr': 2.518357020837013e-05,
 'log_frequency': 10,
 'max_data_size': None,
 'max_lr': 0.0007563094690882481,
 'metric': 'rmse',
 'metrics': ['rmse'],
 'minimize_score': True,
 'mpn_shared': False,
 'multiclass_num_classes': 3,
 'no_atom_descriptor_scaling': False,
 'no_bond_features_scaling': False,
 'no_cache_mol': False,
 'no_cuda': False,
 'no_features_scaling': False,
 'num_folds': 1,
 'num_lrs': 1,
 'num_tasks': 1,
 'num_workers': 8,
 'number_of_molecules': 2,
 'overwrite_default_atom_features': False,
 'overwrite_default_bond_features': False,
 'pytorch_seed': 0,
 'quiet': False,
 'reaction': False,
 'reaction_mode': 'reac_diff',
 'resume_experiment': False,
 'save_dir': '/home/kimele03/uvvisml/uvvisml/models/emi_all_checkpoints/group_by_smiles/results/507015/49673821',
 'save_preds': False,
 'save_smiles_splits': False,
 'seed': 0,
 'separate_test_atom_descriptors_path': None,
 'separate_test_bond_features_path': None,
 'separate_test_features_path': None,
 'separate_test_path': '../../../data/splits/lambda_max_abs/deep4chem/group_by_smiles/smiles_target_test.csv',
 'separate_val_atom_descriptors_path': None,
 'separate_val_bond_features_path': None,
 'separate_val_features_path': None,
 'separate_val_path': '../../../data/splits/lambda_max_abs/deep4chem/group_by_smiles/smiles_target_val.csv',
 'show_individual_scores': False,
 'smiles_columns': ['smiles', 'solvent'],
 'split_sizes': (0.8, 0.1, 0.1),
 'split_type': 'random',
 'target_columns': None,
 'target_weights': None,
 'task_names': ['peakwavs_max'],
 'test': False,
 'test_fold_index': None,
 'train_data_size': None,
 'undirected': False,
 'use_input_features': False,
 'val_fold_index': None,
 'warmup_epochs': 3}
Loading data
Number of tasks = 1
Fold 0
Splitting data with seed 0
Total size = 13,242 | train size = 13,242 | val size = 1,633 | test size = 1,710
Fitting scaler
Building model 0
MoleculeModel(
  (encoder): MPN(
    (encoder): ModuleList(
      (0): MPNEncoder(
        (dropout_layer): Dropout(p=0.0, inplace=False)
        (act_func): ReLU()
        (W_i): Linear(in_features=147, out_features=2400, bias=False)
        (W_h): Linear(in_features=2400, out_features=2400, bias=False)
        (W_o): Linear(in_features=2533, out_features=2400, bias=True)
      )
      (1): MPNEncoder(
        (dropout_layer): Dropout(p=0.0, inplace=False)
        (act_func): ReLU()
        (W_i): Linear(in_features=147, out_features=2400, bias=False)
        (W_h): Linear(in_features=2400, out_features=2400, bias=False)
        (W_o): Linear(in_features=2533, out_features=2400, bias=True)
      )
    )
  )
  (ffn): Sequential(
    (0): Dropout(p=0.0, inplace=False)
    (1): Linear(in_features=4800, out_features=854, bias=True)
    (2): ReLU()
    (3): Dropout(p=0.0, inplace=False)
    (4): Linear(in_features=854, out_features=854, bias=True)
    (5): ReLU()
    (6): Dropout(p=0.0, inplace=False)
    (7): Linear(in_features=854, out_features=1, bias=True)
  )
)
Number of parameters = 29,224,679
Moving model to cuda
Epoch 0
Loss = 1.1442e+00, PNorm = 112.2033, GNorm = 1.0817, lr_0 = 3.9995e-05
Loss = 8.5224e-01, PNorm = 112.2065, GNorm = 2.0295, lr_0 = 5.3459e-05
Loss = 8.6095e-01, PNorm = 112.2115, GNorm = 2.7017, lr_0 = 6.6924e-05
Loss = 1.0008e+00, PNorm = 112.2184, GNorm = 2.6942, lr_0 = 8.0388e-05
Loss = 8.2695e-01, PNorm = 112.2295, GNorm = 2.0323, lr_0 = 9.3853e-05
Loss = 7.6641e-01, PNorm = 112.2436, GNorm = 5.6920, lr_0 = 1.0732e-04
Loss = 6.5545e-01, PNorm = 112.2607, GNorm = 8.6642, lr_0 = 1.2078e-04
Loss = 7.4687e-01, PNorm = 112.2815, GNorm = 5.0168, lr_0 = 1.3425e-04
Loss = 6.3165e-01, PNorm = 112.3096, GNorm = 3.6534, lr_0 = 1.4771e-04
Loss = 7.9590e-01, PNorm = 112.3405, GNorm = 8.1328, lr_0 = 1.6118e-04
Loss = 6.3122e-01, PNorm = 112.3807, GNorm = 2.9615, lr_0 = 1.7464e-04
Loss = 5.8017e-01, PNorm = 112.4253, GNorm = 2.6444, lr_0 = 1.8810e-04
Loss = 6.4633e-01, PNorm = 112.4750, GNorm = 5.0036, lr_0 = 2.0157e-04
Loss = 5.2233e-01, PNorm = 112.5272, GNorm = 0.9304, lr_0 = 2.1503e-04
Loss = 4.8300e-01, PNorm = 112.5809, GNorm = 4.2153, lr_0 = 2.2850e-04
Loss = 5.0184e-01, PNorm = 112.6341, GNorm = 3.4172, lr_0 = 2.4196e-04
Loss = 5.7248e-01, PNorm = 112.6872, GNorm = 5.5513, lr_0 = 2.5543e-04
Loss = 3.5494e-01, PNorm = 112.7450, GNorm = 1.1152, lr_0 = 2.6889e-04
Validation rmse = 74.809816
Epoch 1
Loss = 4.3714e-01, PNorm = 112.8082, GNorm = 1.5606, lr_0 = 2.8370e-04
Loss = 4.1367e-01, PNorm = 112.8620, GNorm = 3.6136, lr_0 = 2.9717e-04
Loss = 4.2096e-01, PNorm = 112.9356, GNorm = 1.8554, lr_0 = 3.1063e-04
Loss = 3.4679e-01, PNorm = 112.9996, GNorm = 6.0208, lr_0 = 3.2410e-04
Loss = 4.1030e-01, PNorm = 113.0573, GNorm = 10.9319, lr_0 = 3.3756e-04
Loss = 3.5890e-01, PNorm = 113.1218, GNorm = 1.4760, lr_0 = 3.5103e-04
Loss = 2.9050e-01, PNorm = 113.1721, GNorm = 1.5541, lr_0 = 3.6449e-04
Loss = 3.5288e-01, PNorm = 113.2209, GNorm = 2.5249, lr_0 = 3.7796e-04
Loss = 3.7333e-01, PNorm = 113.2787, GNorm = 0.9438, lr_0 = 3.9142e-04
Loss = 2.9541e-01, PNorm = 113.3441, GNorm = 3.0374, lr_0 = 4.0488e-04
Loss = 3.5504e-01, PNorm = 113.4061, GNorm = 3.1800, lr_0 = 4.1835e-04
Loss = 3.7587e-01, PNorm = 113.4862, GNorm = 5.3508, lr_0 = 4.3181e-04
Loss = 3.7723e-01, PNorm = 113.5716, GNorm = 2.3757, lr_0 = 4.4528e-04
Loss = 3.8408e-01, PNorm = 113.6529, GNorm = 3.4764, lr_0 = 4.5874e-04
Loss = 4.1201e-01, PNorm = 113.7601, GNorm = 3.2673, lr_0 = 4.7221e-04
Loss = 3.8475e-01, PNorm = 113.8707, GNorm = 1.1160, lr_0 = 4.8567e-04
Loss = 3.7486e-01, PNorm = 113.9837, GNorm = 3.7755, lr_0 = 4.9914e-04
Loss = 2.9280e-01, PNorm = 114.0983, GNorm = 1.3469, lr_0 = 5.1260e-04
Validation rmse = 63.731989
Epoch 2
Loss = 2.6821e-01, PNorm = 114.1958, GNorm = 1.4956, lr_0 = 5.2741e-04
Loss = 2.5960e-01, PNorm = 114.2778, GNorm = 4.1619, lr_0 = 5.4088e-04
Loss = 2.9870e-01, PNorm = 114.3604, GNorm = 0.7000, lr_0 = 5.5434e-04
Loss = 3.9466e-01, PNorm = 114.4808, GNorm = 2.7613, lr_0 = 5.6781e-04
Loss = 3.1174e-01, PNorm = 114.6067, GNorm = 1.8899, lr_0 = 5.8127e-04
Loss = 3.4114e-01, PNorm = 114.7351, GNorm = 1.7243, lr_0 = 5.9473e-04
Loss = 3.0225e-01, PNorm = 114.8701, GNorm = 3.4740, lr_0 = 6.0820e-04
Loss = 2.9232e-01, PNorm = 115.0036, GNorm = 5.1742, lr_0 = 6.2166e-04
Loss = 2.9362e-01, PNorm = 115.1343, GNorm = 3.5949, lr_0 = 6.3513e-04
Loss = 2.5440e-01, PNorm = 115.2888, GNorm = 1.1844, lr_0 = 6.4859e-04
Loss = 2.7113e-01, PNorm = 115.4414, GNorm = 0.8370, lr_0 = 6.6206e-04
Loss = 3.0379e-01, PNorm = 115.5765, GNorm = 3.0844, lr_0 = 6.7552e-04
Loss = 2.8994e-01, PNorm = 115.7274, GNorm = 0.9271, lr_0 = 6.8899e-04
Loss = 2.4663e-01, PNorm = 115.8638, GNorm = 2.6225, lr_0 = 7.0245e-04
Loss = 2.7811e-01, PNorm = 116.0055, GNorm = 1.1127, lr_0 = 7.1592e-04
Loss = 1.9912e-01, PNorm = 116.1274, GNorm = 0.7631, lr_0 = 7.2938e-04
Loss = 2.0860e-01, PNorm = 116.2529, GNorm = 1.6881, lr_0 = 7.4284e-04
Loss = 2.3525e-01, PNorm = 116.3957, GNorm = 1.6301, lr_0 = 7.5631e-04
Validation rmse = 57.919924
Epoch 3
Loss = 2.1553e-01, PNorm = 116.5607, GNorm = 0.9419, lr_0 = 7.5438e-04
Loss = 2.0777e-01, PNorm = 116.7198, GNorm = 1.1772, lr_0 = 7.5245e-04
Loss = 1.6051e-01, PNorm = 116.8454, GNorm = 0.7628, lr_0 = 7.5052e-04
Loss = 2.0279e-01, PNorm = 116.9805, GNorm = 0.7994, lr_0 = 7.4860e-04
Loss = 2.6502e-01, PNorm = 117.1332, GNorm = 1.9630, lr_0 = 7.4669e-04
Loss = 2.7140e-01, PNorm = 117.2946, GNorm = 1.5369, lr_0 = 7.4478e-04
Loss = 2.0536e-01, PNorm = 117.4365, GNorm = 1.7261, lr_0 = 7.4288e-04
Loss = 1.9479e-01, PNorm = 117.5818, GNorm = 1.1359, lr_0 = 7.4098e-04
Loss = 1.5426e-01, PNorm = 117.7123, GNorm = 1.6728, lr_0 = 7.3908e-04
Loss = 1.7486e-01, PNorm = 117.8233, GNorm = 2.2026, lr_0 = 7.3719e-04
Loss = 1.7122e-01, PNorm = 117.9454, GNorm = 0.4893, lr_0 = 7.3531e-04
Loss = 1.6809e-01, PNorm = 118.0571, GNorm = 1.8023, lr_0 = 7.3343e-04
Loss = 1.8240e-01, PNorm = 118.1831, GNorm = 1.5039, lr_0 = 7.3155e-04
Loss = 1.7858e-01, PNorm = 118.3162, GNorm = 0.7554, lr_0 = 7.2968e-04
Loss = 1.6445e-01, PNorm = 118.4429, GNorm = 0.7944, lr_0 = 7.2782e-04
Loss = 1.6328e-01, PNorm = 118.5624, GNorm = 0.8925, lr_0 = 7.2596e-04
Loss = 1.5032e-01, PNorm = 118.6594, GNorm = 0.4027, lr_0 = 7.2410e-04
Loss = 1.7645e-01, PNorm = 118.7691, GNorm = 2.8808, lr_0 = 7.2225e-04
Validation rmse = 50.834371
Epoch 4
Loss = 1.3782e-01, PNorm = 118.9110, GNorm = 0.6681, lr_0 = 7.2022e-04
Loss = 1.4873e-01, PNorm = 119.0540, GNorm = 1.6276, lr_0 = 7.1838e-04
Loss = 1.4937e-01, PNorm = 119.1799, GNorm = 1.9908, lr_0 = 7.1654e-04
Loss = 1.3651e-01, PNorm = 119.2837, GNorm = 0.5761, lr_0 = 7.1471e-04
Loss = 1.3175e-01, PNorm = 119.3636, GNorm = 1.3187, lr_0 = 7.1288e-04
Loss = 1.3290e-01, PNorm = 119.4549, GNorm = 1.2503, lr_0 = 7.1106e-04
Loss = 1.5210e-01, PNorm = 119.5512, GNorm = 2.6752, lr_0 = 7.0924e-04
Loss = 1.5733e-01, PNorm = 119.6661, GNorm = 2.3988, lr_0 = 7.0743e-04
Loss = 1.3842e-01, PNorm = 119.7754, GNorm = 2.5983, lr_0 = 7.0562e-04
Loss = 1.2197e-01, PNorm = 119.8705, GNorm = 1.1134, lr_0 = 7.0381e-04
Loss = 1.5064e-01, PNorm = 119.9823, GNorm = 0.3053, lr_0 = 7.0202e-04
Loss = 1.3456e-01, PNorm = 120.0903, GNorm = 1.1169, lr_0 = 7.0022e-04
Loss = 1.0659e-01, PNorm = 120.1666, GNorm = 0.7251, lr_0 = 6.9843e-04
Loss = 9.1188e-02, PNorm = 120.2454, GNorm = 0.6228, lr_0 = 6.9664e-04
Loss = 1.1188e-01, PNorm = 120.3211, GNorm = 0.7491, lr_0 = 6.9486e-04
Loss = 1.0235e-01, PNorm = 120.3899, GNorm = 0.4001, lr_0 = 6.9309e-04
Loss = 1.0929e-01, PNorm = 120.4717, GNorm = 1.0639, lr_0 = 6.9131e-04
Loss = 9.2196e-02, PNorm = 120.5371, GNorm = 0.5154, lr_0 = 6.8955e-04
Validation rmse = 39.325325
Epoch 5
Loss = 1.1311e-01, PNorm = 120.6234, GNorm = 0.6582, lr_0 = 6.8761e-04
Loss = 8.7564e-02, PNorm = 120.7161, GNorm = 0.4908, lr_0 = 6.8585e-04
Loss = 9.9299e-02, PNorm = 120.7917, GNorm = 0.8629, lr_0 = 6.8410e-04
Loss = 1.2264e-01, PNorm = 120.8600, GNorm = 2.8726, lr_0 = 6.8235e-04
Loss = 1.1544e-01, PNorm = 120.9428, GNorm = 1.2886, lr_0 = 6.8060e-04
Loss = 1.2679e-01, PNorm = 121.0556, GNorm = 2.0287, lr_0 = 6.7886e-04
Loss = 1.2741e-01, PNorm = 121.1563, GNorm = 1.6313, lr_0 = 6.7713e-04
Loss = 1.2240e-01, PNorm = 121.2598, GNorm = 1.0275, lr_0 = 6.7540e-04
Loss = 1.0192e-01, PNorm = 121.3532, GNorm = 0.4004, lr_0 = 6.7367e-04
Loss = 1.1116e-01, PNorm = 121.4290, GNorm = 1.0978, lr_0 = 6.7195e-04
Loss = 8.2805e-02, PNorm = 121.5018, GNorm = 1.5301, lr_0 = 6.7023e-04
Loss = 9.4564e-02, PNorm = 121.5700, GNorm = 0.5286, lr_0 = 6.6852e-04
Loss = 8.4846e-02, PNorm = 121.6196, GNorm = 0.4439, lr_0 = 6.6681e-04
Loss = 9.3587e-02, PNorm = 121.6904, GNorm = 0.9859, lr_0 = 6.6510e-04
Loss = 8.6361e-02, PNorm = 121.7663, GNorm = 0.9416, lr_0 = 6.6340e-04
Loss = 7.7933e-02, PNorm = 121.8377, GNorm = 1.1674, lr_0 = 6.6170e-04
Loss = 6.8059e-02, PNorm = 121.8910, GNorm = 0.8539, lr_0 = 6.6001e-04
Loss = 7.9507e-02, PNorm = 121.9420, GNorm = 1.8153, lr_0 = 6.5833e-04
Validation rmse = 38.496646
Epoch 6
Loss = 7.7773e-02, PNorm = 122.0179, GNorm = 1.6473, lr_0 = 6.5664e-04
Loss = 7.0986e-02, PNorm = 122.0934, GNorm = 0.4470, lr_0 = 6.5496e-04
Loss = 7.5613e-02, PNorm = 122.1667, GNorm = 1.2327, lr_0 = 6.5329e-04
Loss = 7.6760e-02, PNorm = 122.2323, GNorm = 0.3345, lr_0 = 6.5162e-04
Loss = 7.0172e-02, PNorm = 122.2976, GNorm = 0.5789, lr_0 = 6.4995e-04
Loss = 7.5544e-02, PNorm = 122.3620, GNorm = 0.6510, lr_0 = 6.4829e-04
Loss = 6.8668e-02, PNorm = 122.4328, GNorm = 0.4295, lr_0 = 6.4663e-04
Loss = 7.0583e-02, PNorm = 122.4942, GNorm = 0.7671, lr_0 = 6.4498e-04
Loss = 5.5055e-02, PNorm = 122.5663, GNorm = 0.4146, lr_0 = 6.4333e-04
Loss = 8.1758e-02, PNorm = 122.6299, GNorm = 0.9315, lr_0 = 6.4169e-04
Loss = 7.3511e-02, PNorm = 122.6872, GNorm = 1.4714, lr_0 = 6.4005e-04
Loss = 7.5627e-02, PNorm = 122.7567, GNorm = 1.3176, lr_0 = 6.3841e-04
Loss = 7.4415e-02, PNorm = 122.8126, GNorm = 0.8233, lr_0 = 6.3678e-04
Loss = 6.0663e-02, PNorm = 122.8696, GNorm = 1.5766, lr_0 = 6.3515e-04
Loss = 7.1027e-02, PNorm = 122.9255, GNorm = 1.0906, lr_0 = 6.3353e-04
Loss = 6.0636e-02, PNorm = 122.9777, GNorm = 0.6312, lr_0 = 6.3191e-04
Loss = 7.5794e-02, PNorm = 123.0348, GNorm = 0.9379, lr_0 = 6.3029e-04
Loss = 7.9341e-02, PNorm = 123.1000, GNorm = 0.8013, lr_0 = 6.2868e-04
Validation rmse = 35.711922
Epoch 7
Loss = 8.0739e-02, PNorm = 123.1620, GNorm = 0.4434, lr_0 = 6.2691e-04
Loss = 5.6806e-02, PNorm = 123.2221, GNorm = 0.6414, lr_0 = 6.2531e-04
Loss = 6.4113e-02, PNorm = 123.2852, GNorm = 0.6766, lr_0 = 6.2371e-04
Loss = 6.9009e-02, PNorm = 123.3497, GNorm = 0.4760, lr_0 = 6.2211e-04
Loss = 6.0968e-02, PNorm = 123.4043, GNorm = 0.3228, lr_0 = 6.2052e-04
Loss = 6.3442e-02, PNorm = 123.4581, GNorm = 0.5174, lr_0 = 6.1894e-04
Loss = 5.6560e-02, PNorm = 123.5156, GNorm = 0.8453, lr_0 = 6.1735e-04
Loss = 7.2045e-02, PNorm = 123.5828, GNorm = 1.6369, lr_0 = 6.1578e-04
Loss = 6.3501e-02, PNorm = 123.6447, GNorm = 0.7797, lr_0 = 6.1420e-04
Loss = 6.4633e-02, PNorm = 123.7069, GNorm = 1.7313, lr_0 = 6.1263e-04
Loss = 6.7977e-02, PNorm = 123.7738, GNorm = 1.2424, lr_0 = 6.1107e-04
Loss = 7.0227e-02, PNorm = 123.8360, GNorm = 0.8626, lr_0 = 6.0950e-04
Loss = 6.5587e-02, PNorm = 123.8957, GNorm = 0.4144, lr_0 = 6.0794e-04
Loss = 6.0132e-02, PNorm = 123.9482, GNorm = 0.8836, lr_0 = 6.0639e-04
Loss = 5.1529e-02, PNorm = 123.9983, GNorm = 0.3399, lr_0 = 6.0484e-04
Loss = 5.4768e-02, PNorm = 124.0512, GNorm = 0.3861, lr_0 = 6.0329e-04
Loss = 6.0629e-02, PNorm = 124.0965, GNorm = 0.3825, lr_0 = 6.0175e-04
Loss = 6.4301e-02, PNorm = 124.1547, GNorm = 0.3559, lr_0 = 6.0021e-04
Loss = 5.0216e-02, PNorm = 124.2080, GNorm = 0.2747, lr_0 = 5.9868e-04
Validation rmse = 34.002712
Epoch 8
Loss = 4.6741e-02, PNorm = 124.2565, GNorm = 1.0598, lr_0 = 5.9715e-04
Loss = 5.3042e-02, PNorm = 124.3060, GNorm = 0.4718, lr_0 = 5.9562e-04
Loss = 5.0697e-02, PNorm = 124.3482, GNorm = 0.3524, lr_0 = 5.9410e-04
Loss = 5.6269e-02, PNorm = 124.3989, GNorm = 0.5820, lr_0 = 5.9258e-04
Loss = 5.3508e-02, PNorm = 124.4532, GNorm = 0.4944, lr_0 = 5.9106e-04
Loss = 5.4919e-02, PNorm = 124.5053, GNorm = 0.4261, lr_0 = 5.8955e-04
Loss = 4.8780e-02, PNorm = 124.5683, GNorm = 0.9821, lr_0 = 5.8805e-04
Loss = 5.7754e-02, PNorm = 124.6275, GNorm = 0.5974, lr_0 = 5.8654e-04
Loss = 5.7209e-02, PNorm = 124.6883, GNorm = 1.3427, lr_0 = 5.8504e-04
Loss = 5.1285e-02, PNorm = 124.7388, GNorm = 0.8847, lr_0 = 5.8355e-04
Loss = 5.9896e-02, PNorm = 124.7941, GNorm = 0.5150, lr_0 = 5.8205e-04
Loss = 4.9467e-02, PNorm = 124.8524, GNorm = 0.5856, lr_0 = 5.8057e-04
Loss = 5.1059e-02, PNorm = 124.8972, GNorm = 0.4566, lr_0 = 5.7908e-04
Loss = 5.2044e-02, PNorm = 124.9424, GNorm = 0.8689, lr_0 = 5.7760e-04
Loss = 4.7776e-02, PNorm = 124.9810, GNorm = 0.5519, lr_0 = 5.7612e-04
Loss = 4.7279e-02, PNorm = 125.0301, GNorm = 0.3241, lr_0 = 5.7465e-04
Loss = 5.2516e-02, PNorm = 125.0812, GNorm = 0.3025, lr_0 = 5.7318e-04
Loss = 4.7902e-02, PNorm = 125.1249, GNorm = 0.5002, lr_0 = 5.7172e-04
Validation rmse = 32.842933
Epoch 9
Loss = 4.4786e-02, PNorm = 125.1894, GNorm = 0.3615, lr_0 = 5.7011e-04
Loss = 4.3216e-02, PNorm = 125.2388, GNorm = 0.3722, lr_0 = 5.6865e-04
Loss = 4.2524e-02, PNorm = 125.2871, GNorm = 0.3296, lr_0 = 5.6720e-04
Loss = 4.8031e-02, PNorm = 125.3169, GNorm = 0.4438, lr_0 = 5.6575e-04
Loss = 4.2003e-02, PNorm = 125.3476, GNorm = 0.2090, lr_0 = 5.6430e-04
Loss = 4.2683e-02, PNorm = 125.3902, GNorm = 0.2125, lr_0 = 5.6286e-04
Loss = 4.1726e-02, PNorm = 125.4327, GNorm = 0.2829, lr_0 = 5.6142e-04
Loss = 4.7229e-02, PNorm = 125.4802, GNorm = 0.4013, lr_0 = 5.5998e-04
Loss = 5.0477e-02, PNorm = 125.5334, GNorm = 0.2612, lr_0 = 5.5855e-04
Loss = 4.8537e-02, PNorm = 125.5812, GNorm = 0.2755, lr_0 = 5.5712e-04
Loss = 3.7513e-02, PNorm = 125.6216, GNorm = 0.3303, lr_0 = 5.5570e-04
Loss = 3.8291e-02, PNorm = 125.6650, GNorm = 0.3268, lr_0 = 5.5428e-04
Loss = 3.7865e-02, PNorm = 125.7049, GNorm = 0.3401, lr_0 = 5.5286e-04
Loss = 4.3340e-02, PNorm = 125.7490, GNorm = 0.2142, lr_0 = 5.5145e-04
Loss = 5.0094e-02, PNorm = 125.7932, GNorm = 0.4434, lr_0 = 5.5004e-04
Loss = 4.7449e-02, PNorm = 125.8606, GNorm = 0.2352, lr_0 = 5.4863e-04
Loss = 5.4682e-02, PNorm = 125.9161, GNorm = 0.7073, lr_0 = 5.4723e-04
Loss = 5.0234e-02, PNorm = 125.9509, GNorm = 0.5623, lr_0 = 5.4583e-04
Validation rmse = 32.188613
Epoch 10
Loss = 4.7953e-02, PNorm = 126.0059, GNorm = 0.4459, lr_0 = 5.4430e-04
Loss = 4.1984e-02, PNorm = 126.0639, GNorm = 0.7084, lr_0 = 5.4290e-04
Loss = 3.6357e-02, PNorm = 126.1117, GNorm = 0.4816, lr_0 = 5.4152e-04
Loss = 3.4877e-02, PNorm = 126.1440, GNorm = 0.3463, lr_0 = 5.4013e-04
Loss = 3.4243e-02, PNorm = 126.1853, GNorm = 0.3490, lr_0 = 5.3875e-04
Loss = 3.5665e-02, PNorm = 126.2225, GNorm = 0.6278, lr_0 = 5.3737e-04
Loss = 4.3667e-02, PNorm = 126.2630, GNorm = 0.3140, lr_0 = 5.3600e-04
Loss = 3.2958e-02, PNorm = 126.3009, GNorm = 0.3775, lr_0 = 5.3463e-04
Loss = 3.8315e-02, PNorm = 126.3465, GNorm = 0.3766, lr_0 = 5.3326e-04
Loss = 5.3992e-02, PNorm = 126.3901, GNorm = 0.9239, lr_0 = 5.3190e-04
Loss = 5.6050e-02, PNorm = 126.4540, GNorm = 1.5308, lr_0 = 5.3054e-04
Loss = 5.9342e-02, PNorm = 126.5174, GNorm = 0.7054, lr_0 = 5.2918e-04
Loss = 4.2416e-02, PNorm = 126.5704, GNorm = 1.1020, lr_0 = 5.2783e-04
Loss = 4.6581e-02, PNorm = 126.6175, GNorm = 0.3257, lr_0 = 5.2648e-04
Loss = 3.4782e-02, PNorm = 126.6591, GNorm = 0.3030, lr_0 = 5.2513e-04
Loss = 4.1061e-02, PNorm = 126.7020, GNorm = 0.2560, lr_0 = 5.2379e-04
Loss = 3.8745e-02, PNorm = 126.7374, GNorm = 0.4737, lr_0 = 5.2245e-04
Loss = 4.2912e-02, PNorm = 126.7674, GNorm = 0.3127, lr_0 = 5.2112e-04
Validation rmse = 31.921463
Epoch 11
Loss = 4.4914e-02, PNorm = 126.8027, GNorm = 0.5993, lr_0 = 5.1978e-04
Loss = 3.3955e-02, PNorm = 126.8325, GNorm = 0.3088, lr_0 = 5.1845e-04
Loss = 3.9332e-02, PNorm = 126.8815, GNorm = 0.5994, lr_0 = 5.1713e-04
Loss = 3.6037e-02, PNorm = 126.9260, GNorm = 0.3053, lr_0 = 5.1581e-04
Loss = 3.6572e-02, PNorm = 126.9642, GNorm = 0.2336, lr_0 = 5.1449e-04
Loss = 2.5831e-02, PNorm = 127.0005, GNorm = 0.4270, lr_0 = 5.1317e-04
Loss = 3.1137e-02, PNorm = 127.0294, GNorm = 0.4624, lr_0 = 5.1186e-04
Loss = 3.1254e-02, PNorm = 127.0556, GNorm = 0.1958, lr_0 = 5.1055e-04
Loss = 4.2275e-02, PNorm = 127.0810, GNorm = 0.4109, lr_0 = 5.0925e-04
Loss = 3.4115e-02, PNorm = 127.1248, GNorm = 0.6764, lr_0 = 5.0794e-04
Loss = 3.8215e-02, PNorm = 127.1650, GNorm = 0.4086, lr_0 = 5.0665e-04
Loss = 3.9397e-02, PNorm = 127.2004, GNorm = 0.2678, lr_0 = 5.0535e-04
Loss = 3.4191e-02, PNorm = 127.2333, GNorm = 0.7575, lr_0 = 5.0406e-04
Loss = 3.8793e-02, PNorm = 127.2691, GNorm = 0.9362, lr_0 = 5.0277e-04
Loss = 3.6401e-02, PNorm = 127.3147, GNorm = 1.1180, lr_0 = 5.0148e-04
Loss = 3.1735e-02, PNorm = 127.3589, GNorm = 0.8579, lr_0 = 5.0020e-04
Loss = 3.9059e-02, PNorm = 127.3986, GNorm = 1.0424, lr_0 = 4.9892e-04
Loss = 4.2978e-02, PNorm = 127.4455, GNorm = 0.5986, lr_0 = 4.9765e-04
Validation rmse = 30.545967
Epoch 12
Loss = 4.4530e-02, PNorm = 127.4885, GNorm = 0.5610, lr_0 = 4.9625e-04
Loss = 3.0626e-02, PNorm = 127.5284, GNorm = 0.6398, lr_0 = 4.9498e-04
Loss = 4.5252e-02, PNorm = 127.5731, GNorm = 0.8283, lr_0 = 4.9371e-04
Loss = 3.4590e-02, PNorm = 127.6229, GNorm = 0.3191, lr_0 = 4.9245e-04
Loss = 3.2897e-02, PNorm = 127.6622, GNorm = 0.1274, lr_0 = 4.9119e-04
Loss = 3.7239e-02, PNorm = 127.6929, GNorm = 0.2237, lr_0 = 4.8994e-04
Loss = 2.9639e-02, PNorm = 127.7328, GNorm = 0.3220, lr_0 = 4.8868e-04
Loss = 2.8200e-02, PNorm = 127.7576, GNorm = 0.2046, lr_0 = 4.8744e-04
Loss = 3.2930e-02, PNorm = 127.7910, GNorm = 0.4127, lr_0 = 4.8619e-04
Loss = 3.0280e-02, PNorm = 127.8270, GNorm = 0.5817, lr_0 = 4.8495e-04
Loss = 2.8404e-02, PNorm = 127.8581, GNorm = 0.3905, lr_0 = 4.8371e-04
Loss = 3.4580e-02, PNorm = 127.8948, GNorm = 0.1861, lr_0 = 4.8247e-04
Loss = 2.9330e-02, PNorm = 127.9311, GNorm = 0.2522, lr_0 = 4.8124e-04
Loss = 2.5695e-02, PNorm = 127.9615, GNorm = 0.2624, lr_0 = 4.8001e-04
Loss = 2.7796e-02, PNorm = 127.9904, GNorm = 0.1955, lr_0 = 4.7878e-04
Loss = 3.5166e-02, PNorm = 128.0209, GNorm = 0.5074, lr_0 = 4.7755e-04
Loss = 3.2068e-02, PNorm = 128.0498, GNorm = 0.4118, lr_0 = 4.7633e-04
Loss = 3.2448e-02, PNorm = 128.0837, GNorm = 0.3467, lr_0 = 4.7512e-04
Validation rmse = 32.004049
Epoch 13
Loss = 3.7862e-02, PNorm = 128.1202, GNorm = 0.6177, lr_0 = 4.7390e-04
Loss = 3.2625e-02, PNorm = 128.1574, GNorm = 1.2542, lr_0 = 4.7269e-04
Loss = 2.8453e-02, PNorm = 128.1917, GNorm = 0.3408, lr_0 = 4.7148e-04
Loss = 2.8384e-02, PNorm = 128.2218, GNorm = 0.3516, lr_0 = 4.7027e-04
Loss = 2.8695e-02, PNorm = 128.2485, GNorm = 0.5199, lr_0 = 4.6907e-04
Loss = 2.5097e-02, PNorm = 128.2785, GNorm = 0.2510, lr_0 = 4.6787e-04
Loss = 2.7267e-02, PNorm = 128.3047, GNorm = 0.7916, lr_0 = 4.6668e-04
Loss = 2.1405e-02, PNorm = 128.3317, GNorm = 0.4335, lr_0 = 4.6548e-04
Loss = 2.4719e-02, PNorm = 128.3545, GNorm = 0.3688, lr_0 = 4.6429e-04
Loss = 2.2850e-02, PNorm = 128.3802, GNorm = 0.2748, lr_0 = 4.6311e-04
Loss = 2.4319e-02, PNorm = 128.4102, GNorm = 0.4120, lr_0 = 4.6192e-04
Loss = 2.8324e-02, PNorm = 128.4370, GNorm = 0.4457, lr_0 = 4.6074e-04
Loss = 2.8158e-02, PNorm = 128.4674, GNorm = 0.4342, lr_0 = 4.5956e-04
Loss = 2.6605e-02, PNorm = 128.4955, GNorm = 0.3937, lr_0 = 4.5839e-04
Loss = 2.4686e-02, PNorm = 128.5215, GNorm = 0.5012, lr_0 = 4.5722e-04
Loss = 2.9689e-02, PNorm = 128.5460, GNorm = 0.4588, lr_0 = 4.5605e-04
Loss = 2.6416e-02, PNorm = 128.5827, GNorm = 0.2716, lr_0 = 4.5488e-04
Loss = 3.1380e-02, PNorm = 128.6169, GNorm = 0.5009, lr_0 = 4.5372e-04
Validation rmse = 31.290801
Epoch 14
Loss = 1.8590e-02, PNorm = 128.6625, GNorm = 0.4028, lr_0 = 4.5244e-04
Loss = 2.8534e-02, PNorm = 128.7041, GNorm = 0.5749, lr_0 = 4.5129e-04
Loss = 2.5337e-02, PNorm = 128.7449, GNorm = 0.2981, lr_0 = 4.5013e-04
Loss = 2.3935e-02, PNorm = 128.7739, GNorm = 0.2999, lr_0 = 4.4898e-04
Loss = 2.4513e-02, PNorm = 128.8019, GNorm = 0.3123, lr_0 = 4.4783e-04
Loss = 2.1318e-02, PNorm = 128.8271, GNorm = 0.1961, lr_0 = 4.4669e-04
Loss = 2.0760e-02, PNorm = 128.8527, GNorm = 0.2325, lr_0 = 4.4555e-04
Loss = 1.8016e-02, PNorm = 128.8729, GNorm = 0.1863, lr_0 = 4.4441e-04
Loss = 1.9091e-02, PNorm = 128.8930, GNorm = 0.3619, lr_0 = 4.4327e-04
Loss = 2.3361e-02, PNorm = 128.9135, GNorm = 0.4299, lr_0 = 4.4214e-04
Loss = 2.5143e-02, PNorm = 128.9413, GNorm = 0.5971, lr_0 = 4.4101e-04
Loss = 2.3427e-02, PNorm = 128.9681, GNorm = 0.2785, lr_0 = 4.3988e-04
Loss = 2.9288e-02, PNorm = 128.9953, GNorm = 0.1798, lr_0 = 4.3876e-04
Loss = 2.4950e-02, PNorm = 129.0308, GNorm = 0.3850, lr_0 = 4.3763e-04
Loss = 2.4232e-02, PNorm = 129.0634, GNorm = 0.2137, lr_0 = 4.3651e-04
Loss = 2.5974e-02, PNorm = 129.0890, GNorm = 0.2942, lr_0 = 4.3540e-04
Loss = 2.6068e-02, PNorm = 129.1118, GNorm = 0.3339, lr_0 = 4.3429e-04
Loss = 2.6722e-02, PNorm = 129.1343, GNorm = 0.6918, lr_0 = 4.3318e-04
Loss = 2.4791e-02, PNorm = 129.1648, GNorm = 0.4197, lr_0 = 4.3207e-04
Loss = 2.8590e-02, PNorm = 129.1681, GNorm = 0.4868, lr_0 = 4.3196e-04
Validation rmse = 29.943274
Epoch 15
Loss = 2.5405e-02, PNorm = 129.2011, GNorm = 0.5332, lr_0 = 4.3085e-04
Loss = 2.7648e-02, PNorm = 129.2299, GNorm = 0.4737, lr_0 = 4.2975e-04
Loss = 2.1069e-02, PNorm = 129.2584, GNorm = 0.2565, lr_0 = 4.2865e-04
Loss = 2.1159e-02, PNorm = 129.2804, GNorm = 0.3286, lr_0 = 4.2756e-04
Loss = 1.8516e-02, PNorm = 129.3065, GNorm = 0.2185, lr_0 = 4.2646e-04
Loss = 2.1117e-02, PNorm = 129.3309, GNorm = 0.1928, lr_0 = 4.2537e-04
Loss = 2.3454e-02, PNorm = 129.3552, GNorm = 0.3369, lr_0 = 4.2429e-04
Loss = 1.7306e-02, PNorm = 129.3773, GNorm = 0.2485, lr_0 = 4.2320e-04
Loss = 2.4822e-02, PNorm = 129.3964, GNorm = 0.2542, lr_0 = 4.2212e-04
Loss = 2.2669e-02, PNorm = 129.4216, GNorm = 0.5544, lr_0 = 4.2104e-04
Loss = 2.7930e-02, PNorm = 129.4491, GNorm = 0.5002, lr_0 = 4.1996e-04
Loss = 2.2966e-02, PNorm = 129.4786, GNorm = 0.2476, lr_0 = 4.1889e-04
Loss = 2.1931e-02, PNorm = 129.5049, GNorm = 0.3320, lr_0 = 4.1782e-04
Loss = 2.3136e-02, PNorm = 129.5356, GNorm = 0.2467, lr_0 = 4.1675e-04
Loss = 2.0774e-02, PNorm = 129.5652, GNorm = 0.2608, lr_0 = 4.1568e-04
Loss = 2.0117e-02, PNorm = 129.5896, GNorm = 0.2665, lr_0 = 4.1462e-04
Loss = 2.1568e-02, PNorm = 129.6127, GNorm = 0.2256, lr_0 = 4.1356e-04
Loss = 2.1968e-02, PNorm = 129.6313, GNorm = 0.4124, lr_0 = 4.1250e-04
Validation rmse = 29.075097
Epoch 16
Loss = 2.0544e-02, PNorm = 129.6558, GNorm = 0.4341, lr_0 = 4.1145e-04
Loss = 2.0309e-02, PNorm = 129.6831, GNorm = 0.3174, lr_0 = 4.1040e-04
Loss = 1.8976e-02, PNorm = 129.7063, GNorm = 0.2606, lr_0 = 4.0935e-04
Loss = 1.9462e-02, PNorm = 129.7296, GNorm = 0.8553, lr_0 = 4.0830e-04
Loss = 2.7373e-02, PNorm = 129.7576, GNorm = 0.7490, lr_0 = 4.0726e-04
Loss = 2.3184e-02, PNorm = 129.7867, GNorm = 0.2847, lr_0 = 4.0622e-04
Loss = 2.8836e-02, PNorm = 129.8192, GNorm = 0.2792, lr_0 = 4.0518e-04
Loss = 2.9516e-02, PNorm = 129.8585, GNorm = 0.6871, lr_0 = 4.0414e-04
Loss = 2.0455e-02, PNorm = 129.8963, GNorm = 0.2785, lr_0 = 4.0311e-04
Loss = 2.5919e-02, PNorm = 129.9228, GNorm = 0.3510, lr_0 = 4.0208e-04
Loss = 1.9446e-02, PNorm = 129.9492, GNorm = 0.3021, lr_0 = 4.0105e-04
Loss = 1.9050e-02, PNorm = 129.9683, GNorm = 0.1591, lr_0 = 4.0002e-04
Loss = 1.8221e-02, PNorm = 129.9895, GNorm = 0.3313, lr_0 = 3.9900e-04
Loss = 2.0758e-02, PNorm = 130.0090, GNorm = 0.1626, lr_0 = 3.9798e-04
Loss = 1.9013e-02, PNorm = 130.0345, GNorm = 0.1697, lr_0 = 3.9696e-04
Loss = 1.6503e-02, PNorm = 130.0599, GNorm = 0.2260, lr_0 = 3.9595e-04
Loss = 2.0510e-02, PNorm = 130.0792, GNorm = 0.4785, lr_0 = 3.9494e-04
Loss = 1.6452e-02, PNorm = 130.0966, GNorm = 0.2420, lr_0 = 3.9393e-04
Validation rmse = 28.217897
Epoch 17
Loss = 2.0311e-02, PNorm = 130.1172, GNorm = 0.2734, lr_0 = 3.9282e-04
Loss = 1.3965e-02, PNorm = 130.1381, GNorm = 0.1510, lr_0 = 3.9182e-04
Loss = 1.8819e-02, PNorm = 130.1616, GNorm = 0.1972, lr_0 = 3.9081e-04
Loss = 1.6387e-02, PNorm = 130.1778, GNorm = 0.5064, lr_0 = 3.8981e-04
Loss = 2.0441e-02, PNorm = 130.1955, GNorm = 0.2353, lr_0 = 3.8882e-04
Loss = 1.8617e-02, PNorm = 130.2174, GNorm = 0.1726, lr_0 = 3.8782e-04
Loss = 1.8260e-02, PNorm = 130.2425, GNorm = 0.1709, lr_0 = 3.8683e-04
Loss = 1.5956e-02, PNorm = 130.2663, GNorm = 0.3066, lr_0 = 3.8584e-04
Loss = 2.0894e-02, PNorm = 130.2895, GNorm = 0.2504, lr_0 = 3.8486e-04
Loss = 1.9130e-02, PNorm = 130.3115, GNorm = 0.3397, lr_0 = 3.8387e-04
Loss = 1.8020e-02, PNorm = 130.3320, GNorm = 0.1499, lr_0 = 3.8289e-04
Loss = 1.4734e-02, PNorm = 130.3537, GNorm = 0.2689, lr_0 = 3.8191e-04
Loss = 1.7181e-02, PNorm = 130.3783, GNorm = 0.3425, lr_0 = 3.8094e-04
Loss = 1.5174e-02, PNorm = 130.4041, GNorm = 0.1540, lr_0 = 3.7996e-04
Loss = 1.7584e-02, PNorm = 130.4224, GNorm = 0.2437, lr_0 = 3.7899e-04
Loss = 1.6908e-02, PNorm = 130.4413, GNorm = 0.2570, lr_0 = 3.7802e-04
Loss = 1.5934e-02, PNorm = 130.4613, GNorm = 0.1248, lr_0 = 3.7705e-04
Loss = 2.1862e-02, PNorm = 130.4825, GNorm = 0.5666, lr_0 = 3.7609e-04
Validation rmse = 28.051758
Epoch 18
Loss = 1.5196e-02, PNorm = 130.5049, GNorm = 0.2156, lr_0 = 3.7513e-04
Loss = 1.8615e-02, PNorm = 130.5330, GNorm = 0.3345, lr_0 = 3.7417e-04
Loss = 1.7083e-02, PNorm = 130.5546, GNorm = 0.4019, lr_0 = 3.7321e-04
Loss = 1.6825e-02, PNorm = 130.5789, GNorm = 0.3867, lr_0 = 3.7226e-04
Loss = 1.9360e-02, PNorm = 130.5994, GNorm = 0.3338, lr_0 = 3.7131e-04
Loss = 1.6503e-02, PNorm = 130.6224, GNorm = 0.1511, lr_0 = 3.7036e-04
Loss = 2.3113e-02, PNorm = 130.6461, GNorm = 0.3951, lr_0 = 3.6941e-04
Loss = 2.0155e-02, PNorm = 130.6695, GNorm = 0.5071, lr_0 = 3.6847e-04
Loss = 1.7147e-02, PNorm = 130.6943, GNorm = 0.2962, lr_0 = 3.6752e-04
Loss = 1.5898e-02, PNorm = 130.7122, GNorm = 0.2015, lr_0 = 3.6659e-04
Loss = 1.9930e-02, PNorm = 130.7294, GNorm = 0.3387, lr_0 = 3.6565e-04
Loss = 1.6310e-02, PNorm = 130.7497, GNorm = 0.2594, lr_0 = 3.6471e-04
Loss = 1.8552e-02, PNorm = 130.7716, GNorm = 0.1679, lr_0 = 3.6378e-04
Loss = 1.9349e-02, PNorm = 130.7955, GNorm = 0.2767, lr_0 = 3.6285e-04
Loss = 2.0101e-02, PNorm = 130.8190, GNorm = 0.5267, lr_0 = 3.6192e-04
Loss = 1.7704e-02, PNorm = 130.8461, GNorm = 0.3230, lr_0 = 3.6100e-04
Loss = 1.6509e-02, PNorm = 130.8713, GNorm = 0.2717, lr_0 = 3.6007e-04
Loss = 2.1199e-02, PNorm = 130.8901, GNorm = 0.2903, lr_0 = 3.5915e-04
Validation rmse = 28.196834
Epoch 19
Loss = 1.1912e-02, PNorm = 130.9091, GNorm = 0.1429, lr_0 = 3.5814e-04
Loss = 1.6305e-02, PNorm = 130.9291, GNorm = 0.2775, lr_0 = 3.5723e-04
Loss = 1.4288e-02, PNorm = 130.9523, GNorm = 0.2559, lr_0 = 3.5631e-04
Loss = 1.3077e-02, PNorm = 130.9769, GNorm = 0.1196, lr_0 = 3.5540e-04
Loss = 1.2130e-02, PNorm = 130.9901, GNorm = 0.2260, lr_0 = 3.5450e-04
Loss = 1.3143e-02, PNorm = 131.0009, GNorm = 0.1713, lr_0 = 3.5359e-04
Loss = 1.3705e-02, PNorm = 131.0143, GNorm = 0.1075, lr_0 = 3.5268e-04
Loss = 1.3608e-02, PNorm = 131.0296, GNorm = 0.3560, lr_0 = 3.5178e-04
Loss = 1.5233e-02, PNorm = 131.0463, GNorm = 0.1224, lr_0 = 3.5088e-04
Loss = 1.9283e-02, PNorm = 131.0664, GNorm = 0.4465, lr_0 = 3.4999e-04
Loss = 2.0956e-02, PNorm = 131.0899, GNorm = 0.2144, lr_0 = 3.4909e-04
Loss = 1.6623e-02, PNorm = 131.1196, GNorm = 0.2651, lr_0 = 3.4820e-04
Loss = 1.8861e-02, PNorm = 131.1406, GNorm = 0.3323, lr_0 = 3.4731e-04
Loss = 1.4069e-02, PNorm = 131.1600, GNorm = 0.3002, lr_0 = 3.4642e-04
Loss = 1.9242e-02, PNorm = 131.1803, GNorm = 0.3460, lr_0 = 3.4554e-04
Loss = 2.0530e-02, PNorm = 131.2059, GNorm = 0.3888, lr_0 = 3.4465e-04
Loss = 1.6110e-02, PNorm = 131.2360, GNorm = 0.3476, lr_0 = 3.4377e-04
Loss = 1.8598e-02, PNorm = 131.2582, GNorm = 0.2187, lr_0 = 3.4289e-04
Validation rmse = 28.262079
Epoch 20
Loss = 1.5812e-02, PNorm = 131.2784, GNorm = 0.3284, lr_0 = 3.4193e-04
Loss = 1.3875e-02, PNorm = 131.2999, GNorm = 0.1404, lr_0 = 3.4105e-04
Loss = 1.4435e-02, PNorm = 131.3181, GNorm = 0.2091, lr_0 = 3.4018e-04
Loss = 1.5439e-02, PNorm = 131.3312, GNorm = 0.2699, lr_0 = 3.3931e-04
Loss = 1.4789e-02, PNorm = 131.3501, GNorm = 0.1848, lr_0 = 3.3844e-04
Loss = 1.3030e-02, PNorm = 131.3697, GNorm = 0.3255, lr_0 = 3.3758e-04
Loss = 1.3777e-02, PNorm = 131.3902, GNorm = 0.2232, lr_0 = 3.3672e-04
Loss = 1.2574e-02, PNorm = 131.4079, GNorm = 0.2615, lr_0 = 3.3585e-04
Loss = 1.4573e-02, PNorm = 131.4230, GNorm = 0.2166, lr_0 = 3.3500e-04
Loss = 1.1328e-02, PNorm = 131.4422, GNorm = 0.2135, lr_0 = 3.3414e-04
Loss = 1.5898e-02, PNorm = 131.4568, GNorm = 0.1353, lr_0 = 3.3329e-04
Loss = 1.5813e-02, PNorm = 131.4789, GNorm = 0.1789, lr_0 = 3.3243e-04
Loss = 1.5891e-02, PNorm = 131.4965, GNorm = 0.1274, lr_0 = 3.3158e-04
Loss = 1.5589e-02, PNorm = 131.5173, GNorm = 0.3133, lr_0 = 3.3074e-04
Loss = 1.2895e-02, PNorm = 131.5376, GNorm = 0.2286, lr_0 = 3.2989e-04
Loss = 1.5786e-02, PNorm = 131.5510, GNorm = 0.3027, lr_0 = 3.2905e-04
Loss = 1.4962e-02, PNorm = 131.5690, GNorm = 0.1666, lr_0 = 3.2821e-04
Loss = 1.2454e-02, PNorm = 131.5893, GNorm = 0.2630, lr_0 = 3.2737e-04
Validation rmse = 27.747798
Epoch 21
Loss = 1.2531e-02, PNorm = 131.6042, GNorm = 0.2862, lr_0 = 3.2653e-04
Loss = 1.5207e-02, PNorm = 131.6223, GNorm = 0.3767, lr_0 = 3.2569e-04
Loss = 1.2937e-02, PNorm = 131.6450, GNorm = 0.5403, lr_0 = 3.2486e-04
Loss = 1.1639e-02, PNorm = 131.6659, GNorm = 0.1356, lr_0 = 3.2403e-04
Loss = 1.1574e-02, PNorm = 131.6820, GNorm = 0.1843, lr_0 = 3.2320e-04
Loss = 1.3669e-02, PNorm = 131.6914, GNorm = 0.2598, lr_0 = 3.2238e-04
Loss = 1.1881e-02, PNorm = 131.7085, GNorm = 0.1853, lr_0 = 3.2155e-04
Loss = 1.2606e-02, PNorm = 131.7244, GNorm = 0.2131, lr_0 = 3.2073e-04
Loss = 1.4388e-02, PNorm = 131.7399, GNorm = 0.2460, lr_0 = 3.1991e-04
Loss = 1.2151e-02, PNorm = 131.7545, GNorm = 0.2656, lr_0 = 3.1909e-04
Loss = 1.1616e-02, PNorm = 131.7687, GNorm = 0.1840, lr_0 = 3.1828e-04
Loss = 1.2789e-02, PNorm = 131.7816, GNorm = 0.1262, lr_0 = 3.1746e-04
Loss = 1.6625e-02, PNorm = 131.8013, GNorm = 0.4403, lr_0 = 3.1665e-04
Loss = 1.4171e-02, PNorm = 131.8199, GNorm = 0.1580, lr_0 = 3.1584e-04
Loss = 1.3741e-02, PNorm = 131.8460, GNorm = 0.1734, lr_0 = 3.1503e-04
Loss = 1.3774e-02, PNorm = 131.8637, GNorm = 0.2723, lr_0 = 3.1423e-04
Loss = 1.5594e-02, PNorm = 131.8787, GNorm = 0.2355, lr_0 = 3.1342e-04
Loss = 1.5367e-02, PNorm = 131.9004, GNorm = 0.3054, lr_0 = 3.1262e-04
Loss = 1.6616e-02, PNorm = 131.9214, GNorm = 0.2446, lr_0 = 3.1182e-04
Loss = 7.7309e-03, PNorm = 131.9239, GNorm = 0.1677, lr_0 = 3.1174e-04
Validation rmse = 27.479181
Epoch 22
Loss = 1.2151e-02, PNorm = 131.9460, GNorm = 0.3059, lr_0 = 3.1095e-04
Loss = 1.0725e-02, PNorm = 131.9631, GNorm = 0.2668, lr_0 = 3.1015e-04
Loss = 1.1130e-02, PNorm = 131.9811, GNorm = 0.3464, lr_0 = 3.0936e-04
Loss = 1.2312e-02, PNorm = 131.9979, GNorm = 0.1485, lr_0 = 3.0857e-04
Loss = 9.7595e-03, PNorm = 132.0126, GNorm = 0.1084, lr_0 = 3.0778e-04
Loss = 9.7647e-03, PNorm = 132.0223, GNorm = 0.1684, lr_0 = 3.0699e-04
Loss = 1.0024e-02, PNorm = 132.0348, GNorm = 0.3966, lr_0 = 3.0621e-04
Loss = 9.8740e-03, PNorm = 132.0474, GNorm = 0.3122, lr_0 = 3.0542e-04
Loss = 1.1975e-02, PNorm = 132.0581, GNorm = 0.5141, lr_0 = 3.0464e-04
Loss = 1.1768e-02, PNorm = 132.0736, GNorm = 0.1168, lr_0 = 3.0387e-04
Loss = 1.1670e-02, PNorm = 132.0861, GNorm = 0.1204, lr_0 = 3.0309e-04
Loss = 1.2014e-02, PNorm = 132.1016, GNorm = 0.1919, lr_0 = 3.0231e-04
Loss = 1.4783e-02, PNorm = 132.1188, GNorm = 0.3148, lr_0 = 3.0154e-04
Loss = 1.3301e-02, PNorm = 132.1383, GNorm = 0.2477, lr_0 = 3.0077e-04
Loss = 1.2338e-02, PNorm = 132.1534, GNorm = 0.1161, lr_0 = 3.0000e-04
Loss = 1.3289e-02, PNorm = 132.1720, GNorm = 0.3416, lr_0 = 2.9923e-04
Loss = 1.2086e-02, PNorm = 132.1869, GNorm = 0.1040, lr_0 = 2.9847e-04
Loss = 1.3905e-02, PNorm = 132.2050, GNorm = 0.1843, lr_0 = 2.9771e-04
Validation rmse = 26.924127
Epoch 23
Loss = 1.1210e-02, PNorm = 132.2216, GNorm = 0.2944, lr_0 = 2.9694e-04
Loss = 1.2618e-02, PNorm = 132.2389, GNorm = 0.3326, lr_0 = 2.9618e-04
Loss = 1.1197e-02, PNorm = 132.2539, GNorm = 0.3350, lr_0 = 2.9543e-04
Loss = 1.1344e-02, PNorm = 132.2741, GNorm = 0.1812, lr_0 = 2.9467e-04
Loss = 9.6736e-03, PNorm = 132.2880, GNorm = 0.1061, lr_0 = 2.9392e-04
Loss = 1.1834e-02, PNorm = 132.2997, GNorm = 0.1189, lr_0 = 2.9317e-04
Loss = 1.1205e-02, PNorm = 132.3157, GNorm = 0.1720, lr_0 = 2.9242e-04
Loss = 9.4116e-03, PNorm = 132.3297, GNorm = 0.1653, lr_0 = 2.9167e-04
Loss = 1.0918e-02, PNorm = 132.3421, GNorm = 0.2267, lr_0 = 2.9092e-04
Loss = 1.1229e-02, PNorm = 132.3556, GNorm = 0.2374, lr_0 = 2.9018e-04
Loss = 1.2112e-02, PNorm = 132.3724, GNorm = 0.2066, lr_0 = 2.8944e-04
Loss = 1.0563e-02, PNorm = 132.3834, GNorm = 0.1477, lr_0 = 2.8870e-04
Loss = 1.0229e-02, PNorm = 132.3935, GNorm = 0.2758, lr_0 = 2.8796e-04
Loss = 9.6463e-03, PNorm = 132.4078, GNorm = 0.2032, lr_0 = 2.8722e-04
Loss = 1.1112e-02, PNorm = 132.4236, GNorm = 0.1436, lr_0 = 2.8649e-04
Loss = 1.4065e-02, PNorm = 132.4395, GNorm = 0.3984, lr_0 = 2.8576e-04
Loss = 1.0775e-02, PNorm = 132.4568, GNorm = 0.2308, lr_0 = 2.8503e-04
Loss = 1.2178e-02, PNorm = 132.4720, GNorm = 0.3861, lr_0 = 2.8430e-04
Validation rmse = 27.230063
Epoch 24
Loss = 1.0739e-02, PNorm = 132.4887, GNorm = 0.1640, lr_0 = 2.8350e-04
Loss = 1.1776e-02, PNorm = 132.5029, GNorm = 0.2027, lr_0 = 2.8277e-04
Loss = 8.2838e-03, PNorm = 132.5167, GNorm = 0.1420, lr_0 = 2.8205e-04
Loss = 1.2012e-02, PNorm = 132.5308, GNorm = 0.3125, lr_0 = 2.8133e-04
Loss = 1.1700e-02, PNorm = 132.5453, GNorm = 0.2151, lr_0 = 2.8061e-04
Loss = 1.1339e-02, PNorm = 132.5613, GNorm = 0.2507, lr_0 = 2.7989e-04
Loss = 1.0626e-02, PNorm = 132.5784, GNorm = 0.1744, lr_0 = 2.7918e-04
Loss = 1.2893e-02, PNorm = 132.5928, GNorm = 0.2172, lr_0 = 2.7846e-04
Loss = 9.2133e-03, PNorm = 132.6101, GNorm = 0.3079, lr_0 = 2.7775e-04
Loss = 8.5864e-03, PNorm = 132.6244, GNorm = 0.1265, lr_0 = 2.7704e-04
Loss = 8.6064e-03, PNorm = 132.6349, GNorm = 0.0674, lr_0 = 2.7633e-04
Loss = 1.0452e-02, PNorm = 132.6458, GNorm = 0.2255, lr_0 = 2.7563e-04
Loss = 1.2881e-02, PNorm = 132.6602, GNorm = 0.1848, lr_0 = 2.7492e-04
Loss = 8.2903e-03, PNorm = 132.6729, GNorm = 0.1746, lr_0 = 2.7422e-04
Loss = 9.1479e-03, PNorm = 132.6857, GNorm = 0.2271, lr_0 = 2.7352e-04
Loss = 1.2031e-02, PNorm = 132.6994, GNorm = 0.3884, lr_0 = 2.7282e-04
Loss = 1.0231e-02, PNorm = 132.7176, GNorm = 0.1886, lr_0 = 2.7212e-04
Loss = 1.2974e-02, PNorm = 132.7326, GNorm = 0.2078, lr_0 = 2.7143e-04
Validation rmse = 27.053740
Epoch 25
Loss = 9.7487e-03, PNorm = 132.7489, GNorm = 0.2183, lr_0 = 2.7066e-04
Loss = 1.0417e-02, PNorm = 132.7616, GNorm = 0.2786, lr_0 = 2.6997e-04
Loss = 9.1868e-03, PNorm = 132.7711, GNorm = 0.1990, lr_0 = 2.6928e-04
Loss = 1.0697e-02, PNorm = 132.7845, GNorm = 0.2278, lr_0 = 2.6859e-04
Loss = 1.0182e-02, PNorm = 132.8012, GNorm = 0.1937, lr_0 = 2.6791e-04
Loss = 1.0591e-02, PNorm = 132.8185, GNorm = 0.1566, lr_0 = 2.6722e-04
Loss = 1.0478e-02, PNorm = 132.8339, GNorm = 0.1478, lr_0 = 2.6654e-04
Loss = 1.0524e-02, PNorm = 132.8475, GNorm = 0.1882, lr_0 = 2.6586e-04
Loss = 9.5871e-03, PNorm = 132.8620, GNorm = 0.1832, lr_0 = 2.6518e-04
Loss = 8.9684e-03, PNorm = 132.8740, GNorm = 0.1567, lr_0 = 2.6450e-04
Loss = 9.9589e-03, PNorm = 132.8867, GNorm = 0.1301, lr_0 = 2.6382e-04
Loss = 1.0263e-02, PNorm = 132.8991, GNorm = 0.1409, lr_0 = 2.6315e-04
Loss = 9.7853e-03, PNorm = 132.9125, GNorm = 0.1305, lr_0 = 2.6247e-04
Loss = 1.1201e-02, PNorm = 132.9244, GNorm = 0.2219, lr_0 = 2.6180e-04
Loss = 1.0597e-02, PNorm = 132.9375, GNorm = 0.2242, lr_0 = 2.6113e-04
Loss = 1.0387e-02, PNorm = 132.9479, GNorm = 0.1786, lr_0 = 2.6047e-04
Loss = 1.0983e-02, PNorm = 132.9660, GNorm = 0.1216, lr_0 = 2.5980e-04
Loss = 1.1018e-02, PNorm = 132.9817, GNorm = 0.2526, lr_0 = 2.5914e-04
Validation rmse = 26.862831
Epoch 26
Loss = 8.5645e-03, PNorm = 132.9918, GNorm = 0.1643, lr_0 = 2.5847e-04
Loss = 9.4101e-03, PNorm = 133.0067, GNorm = 0.1867, lr_0 = 2.5781e-04
Loss = 9.8726e-03, PNorm = 133.0216, GNorm = 0.1086, lr_0 = 2.5715e-04
Loss = 7.8797e-03, PNorm = 133.0326, GNorm = 0.2568, lr_0 = 2.5650e-04
Loss = 9.8073e-03, PNorm = 133.0425, GNorm = 0.0862, lr_0 = 2.5584e-04
Loss = 7.7736e-03, PNorm = 133.0532, GNorm = 0.1904, lr_0 = 2.5519e-04
Loss = 9.3513e-03, PNorm = 133.0632, GNorm = 0.1662, lr_0 = 2.5453e-04
Loss = 9.5994e-03, PNorm = 133.0763, GNorm = 0.0872, lr_0 = 2.5388e-04
Loss = 8.8291e-03, PNorm = 133.0862, GNorm = 0.1307, lr_0 = 2.5323e-04
Loss = 7.9938e-03, PNorm = 133.0989, GNorm = 0.1153, lr_0 = 2.5259e-04
Loss = 1.0691e-02, PNorm = 133.1110, GNorm = 0.2158, lr_0 = 2.5194e-04
Loss = 9.2178e-03, PNorm = 133.1274, GNorm = 0.1332, lr_0 = 2.5130e-04
Loss = 9.6525e-03, PNorm = 133.1401, GNorm = 0.1547, lr_0 = 2.5065e-04
Loss = 1.0116e-02, PNorm = 133.1542, GNorm = 0.1141, lr_0 = 2.5001e-04
Loss = 1.0709e-02, PNorm = 133.1700, GNorm = 0.1554, lr_0 = 2.4937e-04
Loss = 8.2405e-03, PNorm = 133.1846, GNorm = 0.1113, lr_0 = 2.4874e-04
Loss = 9.0312e-03, PNorm = 133.1972, GNorm = 0.1597, lr_0 = 2.4810e-04
Loss = 8.1252e-03, PNorm = 133.2103, GNorm = 0.1122, lr_0 = 2.4747e-04
Validation rmse = 26.657421
Epoch 27
Loss = 5.6195e-03, PNorm = 133.2219, GNorm = 0.1738, lr_0 = 2.4677e-04
Loss = 7.1303e-03, PNorm = 133.2329, GNorm = 0.1161, lr_0 = 2.4614e-04
Loss = 7.6885e-03, PNorm = 133.2458, GNorm = 0.0967, lr_0 = 2.4551e-04
Loss = 7.5144e-03, PNorm = 133.2587, GNorm = 0.2191, lr_0 = 2.4488e-04
Loss = 8.9903e-03, PNorm = 133.2729, GNorm = 0.0959, lr_0 = 2.4426e-04
Loss = 8.3920e-03, PNorm = 133.2852, GNorm = 0.1940, lr_0 = 2.4363e-04
Loss = 7.2106e-03, PNorm = 133.2986, GNorm = 0.1576, lr_0 = 2.4301e-04
Loss = 8.1200e-03, PNorm = 133.3073, GNorm = 0.2180, lr_0 = 2.4239e-04
Loss = 8.4514e-03, PNorm = 133.3180, GNorm = 0.2210, lr_0 = 2.4177e-04
Loss = 9.4981e-03, PNorm = 133.3311, GNorm = 0.1167, lr_0 = 2.4115e-04
Loss = 8.3288e-03, PNorm = 133.3448, GNorm = 0.0928, lr_0 = 2.4053e-04
Loss = 8.2263e-03, PNorm = 133.3510, GNorm = 0.1581, lr_0 = 2.3992e-04
Loss = 9.1416e-03, PNorm = 133.3629, GNorm = 0.2408, lr_0 = 2.3930e-04
Loss = 1.1230e-02, PNorm = 133.3842, GNorm = 0.3890, lr_0 = 2.3869e-04
Loss = 1.2225e-02, PNorm = 133.4002, GNorm = 0.2135, lr_0 = 2.3808e-04
Loss = 8.0715e-03, PNorm = 133.4113, GNorm = 0.1163, lr_0 = 2.3747e-04
Loss = 6.7669e-03, PNorm = 133.4252, GNorm = 0.0896, lr_0 = 2.3687e-04
Loss = 8.5726e-03, PNorm = 133.4389, GNorm = 0.1659, lr_0 = 2.3626e-04
Validation rmse = 26.839869
Epoch 28
Loss = 5.4251e-03, PNorm = 133.4523, GNorm = 0.1181, lr_0 = 2.3566e-04
Loss = 8.1435e-03, PNorm = 133.4665, GNorm = 0.1074, lr_0 = 2.3505e-04
Loss = 7.2662e-03, PNorm = 133.4808, GNorm = 0.1302, lr_0 = 2.3445e-04
Loss = 6.5509e-03, PNorm = 133.4899, GNorm = 0.1589, lr_0 = 2.3385e-04
Loss = 7.7350e-03, PNorm = 133.4994, GNorm = 0.1388, lr_0 = 2.3326e-04
Loss = 7.6668e-03, PNorm = 133.5125, GNorm = 0.1335, lr_0 = 2.3266e-04
Loss = 6.8984e-03, PNorm = 133.5244, GNorm = 0.1509, lr_0 = 2.3206e-04
Loss = 6.8737e-03, PNorm = 133.5344, GNorm = 0.1201, lr_0 = 2.3147e-04
Loss = 6.7494e-03, PNorm = 133.5414, GNorm = 0.1383, lr_0 = 2.3088e-04
Loss = 8.0538e-03, PNorm = 133.5509, GNorm = 0.2446, lr_0 = 2.3029e-04
Loss = 8.3780e-03, PNorm = 133.5599, GNorm = 0.1383, lr_0 = 2.2970e-04
Loss = 6.6044e-03, PNorm = 133.5741, GNorm = 0.1158, lr_0 = 2.2911e-04
Loss = 1.0662e-02, PNorm = 133.5868, GNorm = 0.2537, lr_0 = 2.2853e-04
Loss = 1.1405e-02, PNorm = 133.5971, GNorm = 0.1351, lr_0 = 2.2794e-04
Loss = 7.4309e-03, PNorm = 133.6052, GNorm = 0.1915, lr_0 = 2.2736e-04
Loss = 9.2501e-03, PNorm = 133.6162, GNorm = 0.2204, lr_0 = 2.2678e-04
Loss = 8.1232e-03, PNorm = 133.6274, GNorm = 0.1766, lr_0 = 2.2620e-04
Loss = 7.5652e-03, PNorm = 133.6400, GNorm = 0.3593, lr_0 = 2.2562e-04
Loss = 8.0962e-03, PNorm = 133.6558, GNorm = 0.1370, lr_0 = 2.2504e-04
Loss = 5.2985e-03, PNorm = 133.6573, GNorm = 0.1685, lr_0 = 2.2499e-04
Validation rmse = 25.986073
Epoch 29
Loss = 7.1829e-03, PNorm = 133.6705, GNorm = 0.2844, lr_0 = 2.2441e-04
Loss = 7.9637e-03, PNorm = 133.6817, GNorm = 0.3661, lr_0 = 2.2384e-04
Loss = 7.8176e-03, PNorm = 133.6929, GNorm = 0.2011, lr_0 = 2.2327e-04
Loss = 7.9952e-03, PNorm = 133.7042, GNorm = 0.1738, lr_0 = 2.2269e-04
Loss = 7.4585e-03, PNorm = 133.7139, GNorm = 0.2396, lr_0 = 2.2213e-04
Loss = 7.2027e-03, PNorm = 133.7226, GNorm = 0.1185, lr_0 = 2.2156e-04
Loss = 8.5031e-03, PNorm = 133.7347, GNorm = 0.1978, lr_0 = 2.2099e-04
Loss = 9.0483e-03, PNorm = 133.7502, GNorm = 0.1593, lr_0 = 2.2043e-04
Loss = 6.4291e-03, PNorm = 133.7626, GNorm = 0.1170, lr_0 = 2.1986e-04
Loss = 7.2021e-03, PNorm = 133.7736, GNorm = 0.0967, lr_0 = 2.1930e-04
Loss = 8.7020e-03, PNorm = 133.7855, GNorm = 0.1790, lr_0 = 2.1874e-04
Loss = 8.2243e-03, PNorm = 133.7992, GNorm = 0.1492, lr_0 = 2.1818e-04
Loss = 7.9255e-03, PNorm = 133.8134, GNorm = 0.2087, lr_0 = 2.1762e-04
Loss = 7.4559e-03, PNorm = 133.8290, GNorm = 0.2211, lr_0 = 2.1707e-04
Loss = 7.3927e-03, PNorm = 133.8452, GNorm = 0.1778, lr_0 = 2.1651e-04
Loss = 9.0894e-03, PNorm = 133.8556, GNorm = 0.1098, lr_0 = 2.1596e-04
Loss = 1.0054e-02, PNorm = 133.8686, GNorm = 0.1237, lr_0 = 2.1541e-04
Loss = 7.8594e-03, PNorm = 133.8780, GNorm = 0.1607, lr_0 = 2.1485e-04
Validation rmse = 26.575495
Epoch 30
Loss = 7.3354e-03, PNorm = 133.8907, GNorm = 0.1866, lr_0 = 2.1425e-04
Loss = 6.2121e-03, PNorm = 133.8999, GNorm = 0.1915, lr_0 = 2.1370e-04
Loss = 7.7137e-03, PNorm = 133.9064, GNorm = 0.2164, lr_0 = 2.1316e-04
Loss = 6.4075e-03, PNorm = 133.9167, GNorm = 0.1273, lr_0 = 2.1261e-04
Loss = 5.4437e-03, PNorm = 133.9235, GNorm = 0.1015, lr_0 = 2.1207e-04
Loss = 5.9163e-03, PNorm = 133.9342, GNorm = 0.1392, lr_0 = 2.1153e-04
Loss = 8.2201e-03, PNorm = 133.9460, GNorm = 0.2315, lr_0 = 2.1098e-04
Loss = 8.1143e-03, PNorm = 133.9563, GNorm = 0.1670, lr_0 = 2.1045e-04
Loss = 8.7172e-03, PNorm = 133.9675, GNorm = 0.3376, lr_0 = 2.0991e-04
Loss = 6.2062e-03, PNorm = 133.9774, GNorm = 0.3768, lr_0 = 2.0937e-04
Loss = 8.3347e-03, PNorm = 133.9851, GNorm = 0.1921, lr_0 = 2.0884e-04
Loss = 7.1685e-03, PNorm = 133.9973, GNorm = 0.1265, lr_0 = 2.0830e-04
Loss = 6.9806e-03, PNorm = 134.0077, GNorm = 0.1203, lr_0 = 2.0777e-04
Loss = 7.2860e-03, PNorm = 134.0185, GNorm = 0.1187, lr_0 = 2.0724e-04
Loss = 6.2839e-03, PNorm = 134.0262, GNorm = 0.1269, lr_0 = 2.0671e-04
Loss = 6.8004e-03, PNorm = 134.0316, GNorm = 0.1152, lr_0 = 2.0618e-04
Loss = 8.7042e-03, PNorm = 134.0372, GNorm = 0.1702, lr_0 = 2.0565e-04
Loss = 7.4379e-03, PNorm = 134.0478, GNorm = 0.1053, lr_0 = 2.0513e-04
Validation rmse = 26.528626
Epoch 31
Loss = 8.0635e-03, PNorm = 134.0581, GNorm = 0.1809, lr_0 = 2.0460e-04
Loss = 6.7046e-03, PNorm = 134.0670, GNorm = 0.1975, lr_0 = 2.0408e-04
Loss = 6.3295e-03, PNorm = 134.0770, GNorm = 0.2620, lr_0 = 2.0356e-04
Loss = 6.5745e-03, PNorm = 134.0853, GNorm = 0.1674, lr_0 = 2.0304e-04
Loss = 6.5229e-03, PNorm = 134.0939, GNorm = 0.3141, lr_0 = 2.0252e-04
Loss = 6.4719e-03, PNorm = 134.1028, GNorm = 0.1078, lr_0 = 2.0200e-04
Loss = 7.8872e-03, PNorm = 134.1119, GNorm = 0.1253, lr_0 = 2.0148e-04
Loss = 5.9468e-03, PNorm = 134.1208, GNorm = 0.1014, lr_0 = 2.0097e-04
Loss = 7.5736e-03, PNorm = 134.1312, GNorm = 0.1661, lr_0 = 2.0045e-04
Loss = 6.1351e-03, PNorm = 134.1391, GNorm = 0.2909, lr_0 = 1.9994e-04
Loss = 6.4331e-03, PNorm = 134.1474, GNorm = 0.1264, lr_0 = 1.9943e-04
Loss = 7.0657e-03, PNorm = 134.1563, GNorm = 0.1054, lr_0 = 1.9892e-04
Loss = 8.6474e-03, PNorm = 134.1674, GNorm = 0.3662, lr_0 = 1.9841e-04
Loss = 7.5797e-03, PNorm = 134.1807, GNorm = 0.0819, lr_0 = 1.9790e-04
Loss = 5.9843e-03, PNorm = 134.1917, GNorm = 0.0896, lr_0 = 1.9740e-04
Loss = 5.9768e-03, PNorm = 134.2011, GNorm = 0.1342, lr_0 = 1.9689e-04
Loss = 6.8566e-03, PNorm = 134.2085, GNorm = 0.2822, lr_0 = 1.9639e-04
Loss = 7.1029e-03, PNorm = 134.2198, GNorm = 0.3797, lr_0 = 1.9589e-04
Validation rmse = 26.901755
Epoch 32
Loss = 5.3363e-03, PNorm = 134.2336, GNorm = 0.1841, lr_0 = 1.9534e-04
Loss = 6.0569e-03, PNorm = 134.2453, GNorm = 0.1126, lr_0 = 1.9484e-04
Loss = 7.4465e-03, PNorm = 134.2562, GNorm = 0.0667, lr_0 = 1.9434e-04
Loss = 6.4638e-03, PNorm = 134.2657, GNorm = 0.2238, lr_0 = 1.9384e-04
Loss = 7.1034e-03, PNorm = 134.2764, GNorm = 0.2625, lr_0 = 1.9335e-04
Loss = 7.0748e-03, PNorm = 134.2885, GNorm = 0.2079, lr_0 = 1.9285e-04
Loss = 9.1531e-03, PNorm = 134.2995, GNorm = 0.2298, lr_0 = 1.9236e-04
Loss = 5.8564e-03, PNorm = 134.3106, GNorm = 0.1076, lr_0 = 1.9187e-04
Loss = 5.9424e-03, PNorm = 134.3222, GNorm = 0.0779, lr_0 = 1.9138e-04
Loss = 6.2972e-03, PNorm = 134.3301, GNorm = 0.0800, lr_0 = 1.9089e-04
Loss = 6.0819e-03, PNorm = 134.3358, GNorm = 0.1118, lr_0 = 1.9040e-04
Loss = 5.8376e-03, PNorm = 134.3440, GNorm = 0.1929, lr_0 = 1.8991e-04
Loss = 6.2851e-03, PNorm = 134.3524, GNorm = 0.1048, lr_0 = 1.8943e-04
Loss = 5.3062e-03, PNorm = 134.3618, GNorm = 0.1177, lr_0 = 1.8894e-04
Loss = 6.2732e-03, PNorm = 134.3695, GNorm = 0.1431, lr_0 = 1.8846e-04
Loss = 5.6168e-03, PNorm = 134.3759, GNorm = 0.2028, lr_0 = 1.8798e-04
Loss = 6.4832e-03, PNorm = 134.3836, GNorm = 0.1235, lr_0 = 1.8750e-04
Loss = 8.9060e-03, PNorm = 134.3930, GNorm = 0.2939, lr_0 = 1.8702e-04
Validation rmse = 26.813049
Epoch 33
Loss = 6.2578e-03, PNorm = 134.4013, GNorm = 0.2972, lr_0 = 1.8654e-04
Loss = 6.0722e-03, PNorm = 134.4131, GNorm = 0.0797, lr_0 = 1.8606e-04
Loss = 6.2759e-03, PNorm = 134.4251, GNorm = 0.1177, lr_0 = 1.8559e-04
Loss = 5.5010e-03, PNorm = 134.4342, GNorm = 0.1093, lr_0 = 1.8511e-04
Loss = 6.3179e-03, PNorm = 134.4419, GNorm = 0.1450, lr_0 = 1.8464e-04
Loss = 6.6120e-03, PNorm = 134.4512, GNorm = 0.1190, lr_0 = 1.8417e-04
Loss = 7.5579e-03, PNorm = 134.4612, GNorm = 0.1988, lr_0 = 1.8370e-04
Loss = 5.9635e-03, PNorm = 134.4709, GNorm = 0.0913, lr_0 = 1.8323e-04
Loss = 6.2634e-03, PNorm = 134.4795, GNorm = 0.1028, lr_0 = 1.8276e-04
Loss = 6.9463e-03, PNorm = 134.4881, GNorm = 0.1971, lr_0 = 1.8229e-04
Loss = 7.8933e-03, PNorm = 134.4953, GNorm = 0.1720, lr_0 = 1.8183e-04
Loss = 7.3975e-03, PNorm = 134.5051, GNorm = 0.1036, lr_0 = 1.8136e-04
Loss = 5.5278e-03, PNorm = 134.5155, GNorm = 0.0882, lr_0 = 1.8090e-04
Loss = 5.6848e-03, PNorm = 134.5238, GNorm = 0.1880, lr_0 = 1.8044e-04
Loss = 6.8582e-03, PNorm = 134.5318, GNorm = 0.1358, lr_0 = 1.7997e-04
Loss = 4.7522e-03, PNorm = 134.5379, GNorm = 0.0721, lr_0 = 1.7951e-04
Loss = 6.2086e-03, PNorm = 134.5430, GNorm = 0.2382, lr_0 = 1.7905e-04
Loss = 5.4962e-03, PNorm = 134.5506, GNorm = 0.0788, lr_0 = 1.7860e-04
Validation rmse = 26.748938
Epoch 34
Loss = 3.2791e-03, PNorm = 134.5578, GNorm = 0.0935, lr_0 = 1.7809e-04
Loss = 5.1404e-03, PNorm = 134.5654, GNorm = 0.1048, lr_0 = 1.7764e-04
Loss = 5.4143e-03, PNorm = 134.5725, GNorm = 0.1464, lr_0 = 1.7719e-04
Loss = 5.2390e-03, PNorm = 134.5804, GNorm = 0.0975, lr_0 = 1.7673e-04
Loss = 4.5032e-03, PNorm = 134.5898, GNorm = 0.1334, lr_0 = 1.7628e-04
Loss = 4.5717e-03, PNorm = 134.5978, GNorm = 0.1123, lr_0 = 1.7583e-04
Loss = 4.8248e-03, PNorm = 134.6040, GNorm = 0.0718, lr_0 = 1.7538e-04
Loss = 5.2010e-03, PNorm = 134.6100, GNorm = 0.2200, lr_0 = 1.7493e-04
Loss = 5.7202e-03, PNorm = 134.6191, GNorm = 0.0875, lr_0 = 1.7448e-04
Loss = 5.0351e-03, PNorm = 134.6268, GNorm = 0.0860, lr_0 = 1.7404e-04
Loss = 6.4007e-03, PNorm = 134.6356, GNorm = 0.0690, lr_0 = 1.7359e-04
Loss = 6.3299e-03, PNorm = 134.6420, GNorm = 0.1322, lr_0 = 1.7315e-04
Loss = 6.4430e-03, PNorm = 134.6480, GNorm = 0.1175, lr_0 = 1.7271e-04
Loss = 5.6170e-03, PNorm = 134.6581, GNorm = 0.1248, lr_0 = 1.7227e-04
Loss = 4.4725e-03, PNorm = 134.6653, GNorm = 0.0922, lr_0 = 1.7182e-04
Loss = 4.7826e-03, PNorm = 134.6714, GNorm = 0.0717, lr_0 = 1.7139e-04
Loss = 6.0990e-03, PNorm = 134.6770, GNorm = 0.0989, lr_0 = 1.7095e-04
Loss = 6.1538e-03, PNorm = 134.6850, GNorm = 0.1518, lr_0 = 1.7051e-04
Validation rmse = 26.380401
Epoch 35
Loss = 3.5859e-03, PNorm = 134.6914, GNorm = 0.1690, lr_0 = 1.7003e-04
Loss = 4.0845e-03, PNorm = 134.6968, GNorm = 0.1887, lr_0 = 1.6960e-04
Loss = 4.0596e-03, PNorm = 134.7026, GNorm = 0.0672, lr_0 = 1.6916e-04
Loss = 4.5931e-03, PNorm = 134.7074, GNorm = 0.0871, lr_0 = 1.6873e-04
Loss = 4.1458e-03, PNorm = 134.7145, GNorm = 0.1090, lr_0 = 1.6830e-04
Loss = 4.7325e-03, PNorm = 134.7223, GNorm = 0.1107, lr_0 = 1.6787e-04
Loss = 5.1891e-03, PNorm = 134.7307, GNorm = 0.0824, lr_0 = 1.6744e-04
Loss = 4.3131e-03, PNorm = 134.7368, GNorm = 0.1030, lr_0 = 1.6701e-04
Loss = 5.3537e-03, PNorm = 134.7428, GNorm = 0.0956, lr_0 = 1.6658e-04
Loss = 4.7197e-03, PNorm = 134.7480, GNorm = 0.1280, lr_0 = 1.6616e-04
Loss = 4.5781e-03, PNorm = 134.7543, GNorm = 0.1025, lr_0 = 1.6573e-04
Loss = 4.4112e-03, PNorm = 134.7619, GNorm = 0.1361, lr_0 = 1.6531e-04
Loss = 5.8428e-03, PNorm = 134.7708, GNorm = 0.1915, lr_0 = 1.6489e-04
Loss = 6.4110e-03, PNorm = 134.7793, GNorm = 0.0742, lr_0 = 1.6447e-04
Loss = 7.5881e-03, PNorm = 134.7853, GNorm = 0.1479, lr_0 = 1.6404e-04
Loss = 5.5222e-03, PNorm = 134.7913, GNorm = 0.0721, lr_0 = 1.6363e-04
Loss = 4.9164e-03, PNorm = 134.8009, GNorm = 0.0793, lr_0 = 1.6321e-04
Loss = 4.3212e-03, PNorm = 134.8082, GNorm = 0.0665, lr_0 = 1.6279e-04
Loss = 4.0981e-03, PNorm = 134.8136, GNorm = 0.1296, lr_0 = 1.6237e-04
Validation rmse = 26.082040
Epoch 36
Loss = 4.2840e-03, PNorm = 134.8201, GNorm = 0.1042, lr_0 = 1.6196e-04
Loss = 3.9699e-03, PNorm = 134.8277, GNorm = 0.0777, lr_0 = 1.6154e-04
Loss = 7.1415e-03, PNorm = 134.8365, GNorm = 0.1984, lr_0 = 1.6113e-04
Loss = 4.1676e-03, PNorm = 134.8433, GNorm = 0.1203, lr_0 = 1.6072e-04
Loss = 8.1917e-03, PNorm = 134.8509, GNorm = 0.1078, lr_0 = 1.6031e-04
Loss = 5.2468e-03, PNorm = 134.8583, GNorm = 0.1274, lr_0 = 1.5990e-04
Loss = 5.3434e-03, PNorm = 134.8675, GNorm = 0.1306, lr_0 = 1.5949e-04
Loss = 5.5093e-03, PNorm = 134.8764, GNorm = 0.1617, lr_0 = 1.5908e-04
Loss = 4.5664e-03, PNorm = 134.8837, GNorm = 0.2231, lr_0 = 1.5868e-04
Loss = 4.7606e-03, PNorm = 134.8916, GNorm = 0.0738, lr_0 = 1.5827e-04
Loss = 4.8077e-03, PNorm = 134.8982, GNorm = 0.1208, lr_0 = 1.5786e-04
Loss = 5.2769e-03, PNorm = 134.9046, GNorm = 0.0724, lr_0 = 1.5746e-04
Loss = 4.6188e-03, PNorm = 134.9112, GNorm = 0.0771, lr_0 = 1.5706e-04
Loss = 4.4721e-03, PNorm = 134.9164, GNorm = 0.1081, lr_0 = 1.5666e-04
Loss = 4.0366e-03, PNorm = 134.9239, GNorm = 0.1853, lr_0 = 1.5626e-04
Loss = 6.0602e-03, PNorm = 134.9298, GNorm = 0.1044, lr_0 = 1.5586e-04
Loss = 4.8234e-03, PNorm = 134.9363, GNorm = 0.1028, lr_0 = 1.5546e-04
Loss = 4.9340e-03, PNorm = 134.9428, GNorm = 0.0758, lr_0 = 1.5506e-04
Validation rmse = 26.669267
Epoch 37
Loss = 4.1706e-03, PNorm = 134.9524, GNorm = 0.0886, lr_0 = 1.5463e-04
Loss = 4.8745e-03, PNorm = 134.9602, GNorm = 0.1266, lr_0 = 1.5423e-04
Loss = 4.1536e-03, PNorm = 134.9649, GNorm = 0.0892, lr_0 = 1.5384e-04
Loss = 4.4534e-03, PNorm = 134.9707, GNorm = 0.1469, lr_0 = 1.5344e-04
Loss = 5.7278e-03, PNorm = 134.9802, GNorm = 0.2311, lr_0 = 1.5305e-04
Loss = 5.3824e-03, PNorm = 134.9896, GNorm = 0.1468, lr_0 = 1.5266e-04
Loss = 5.2147e-03, PNorm = 134.9973, GNorm = 0.0788, lr_0 = 1.5227e-04
Loss = 4.6420e-03, PNorm = 135.0029, GNorm = 0.1471, lr_0 = 1.5188e-04
Loss = 4.7999e-03, PNorm = 135.0086, GNorm = 0.0849, lr_0 = 1.5149e-04
Loss = 3.7937e-03, PNorm = 135.0162, GNorm = 0.1767, lr_0 = 1.5110e-04
Loss = 5.7950e-03, PNorm = 135.0231, GNorm = 0.1678, lr_0 = 1.5072e-04
Loss = 5.8141e-03, PNorm = 135.0295, GNorm = 0.2211, lr_0 = 1.5033e-04
Loss = 4.4601e-03, PNorm = 135.0361, GNorm = 0.1502, lr_0 = 1.4995e-04
Loss = 4.5859e-03, PNorm = 135.0434, GNorm = 0.1250, lr_0 = 1.4956e-04
Loss = 4.9364e-03, PNorm = 135.0503, GNorm = 0.0798, lr_0 = 1.4918e-04
Loss = 3.9158e-03, PNorm = 135.0572, GNorm = 0.1024, lr_0 = 1.4880e-04
Loss = 5.0005e-03, PNorm = 135.0647, GNorm = 0.1279, lr_0 = 1.4842e-04
Loss = 4.5305e-03, PNorm = 135.0685, GNorm = 0.0870, lr_0 = 1.4804e-04
Validation rmse = 26.635650
Epoch 38
Loss = 4.2674e-03, PNorm = 135.0755, GNorm = 0.1357, lr_0 = 1.4766e-04
Loss = 3.4335e-03, PNorm = 135.0801, GNorm = 0.0711, lr_0 = 1.4728e-04
Loss = 3.6575e-03, PNorm = 135.0858, GNorm = 0.1124, lr_0 = 1.4691e-04
Loss = 3.7750e-03, PNorm = 135.0933, GNorm = 0.1417, lr_0 = 1.4653e-04
Loss = 3.3043e-03, PNorm = 135.0987, GNorm = 0.0752, lr_0 = 1.4616e-04
Loss = 3.3577e-03, PNorm = 135.1030, GNorm = 0.0836, lr_0 = 1.4578e-04
Loss = 4.4807e-03, PNorm = 135.1073, GNorm = 0.0980, lr_0 = 1.4541e-04
Loss = 3.8566e-03, PNorm = 135.1140, GNorm = 0.1079, lr_0 = 1.4504e-04
Loss = 4.1601e-03, PNorm = 135.1189, GNorm = 0.0954, lr_0 = 1.4467e-04
Loss = 3.7200e-03, PNorm = 135.1217, GNorm = 0.0905, lr_0 = 1.4430e-04
Loss = 5.8526e-03, PNorm = 135.1258, GNorm = 0.1451, lr_0 = 1.4393e-04
Loss = 4.2595e-03, PNorm = 135.1322, GNorm = 0.2175, lr_0 = 1.4356e-04
Loss = 3.8270e-03, PNorm = 135.1399, GNorm = 0.1092, lr_0 = 1.4319e-04
Loss = 4.0979e-03, PNorm = 135.1471, GNorm = 0.0698, lr_0 = 1.4283e-04
Loss = 3.6239e-03, PNorm = 135.1530, GNorm = 0.0928, lr_0 = 1.4246e-04
Loss = 4.9228e-03, PNorm = 135.1593, GNorm = 0.1230, lr_0 = 1.4210e-04
Loss = 4.8269e-03, PNorm = 135.1671, GNorm = 0.0790, lr_0 = 1.4174e-04
Loss = 5.3780e-03, PNorm = 135.1742, GNorm = 0.1121, lr_0 = 1.4137e-04
Validation rmse = 27.431105
Epoch 39
Loss = 6.7389e-03, PNorm = 135.1832, GNorm = 0.1300, lr_0 = 1.4098e-04
Loss = 4.4517e-03, PNorm = 135.1897, GNorm = 0.1803, lr_0 = 1.4062e-04
Loss = 3.4844e-03, PNorm = 135.1964, GNorm = 0.1272, lr_0 = 1.4026e-04
Loss = 3.0607e-03, PNorm = 135.2044, GNorm = 0.0750, lr_0 = 1.3990e-04
Loss = 3.8920e-03, PNorm = 135.2102, GNorm = 0.2317, lr_0 = 1.3954e-04
Loss = 5.1979e-03, PNorm = 135.2155, GNorm = 0.1877, lr_0 = 1.3918e-04
Loss = 5.5693e-03, PNorm = 135.2238, GNorm = 0.1812, lr_0 = 1.3883e-04
Loss = 4.0313e-03, PNorm = 135.2306, GNorm = 0.1734, lr_0 = 1.3847e-04
Loss = 4.4728e-03, PNorm = 135.2356, GNorm = 0.1415, lr_0 = 1.3812e-04
Loss = 3.7664e-03, PNorm = 135.2410, GNorm = 0.1080, lr_0 = 1.3776e-04
Loss = 4.4597e-03, PNorm = 135.2472, GNorm = 0.0899, lr_0 = 1.3741e-04
Loss = 3.6656e-03, PNorm = 135.2554, GNorm = 0.1757, lr_0 = 1.3706e-04
Loss = 4.7145e-03, PNorm = 135.2613, GNorm = 0.1283, lr_0 = 1.3671e-04
Loss = 4.2520e-03, PNorm = 135.2658, GNorm = 0.1520, lr_0 = 1.3636e-04
Loss = 4.5619e-03, PNorm = 135.2725, GNorm = 0.1607, lr_0 = 1.3601e-04
Loss = 4.0882e-03, PNorm = 135.2780, GNorm = 0.0746, lr_0 = 1.3566e-04
Loss = 4.1924e-03, PNorm = 135.2844, GNorm = 0.0771, lr_0 = 1.3532e-04
Loss = 3.7939e-03, PNorm = 135.2911, GNorm = 0.0850, lr_0 = 1.3497e-04
Validation rmse = 26.531807
Epoch 40
Loss = 2.6578e-03, PNorm = 135.2980, GNorm = 0.1111, lr_0 = 1.3459e-04
Loss = 3.2591e-03, PNorm = 135.3008, GNorm = 0.0783, lr_0 = 1.3425e-04
Loss = 2.9758e-03, PNorm = 135.3049, GNorm = 0.1086, lr_0 = 1.3391e-04
Loss = 3.2240e-03, PNorm = 135.3095, GNorm = 0.0983, lr_0 = 1.3356e-04
Loss = 3.1443e-03, PNorm = 135.3120, GNorm = 0.1351, lr_0 = 1.3322e-04
Loss = 3.4507e-03, PNorm = 135.3176, GNorm = 0.0967, lr_0 = 1.3288e-04
Loss = 3.4237e-03, PNorm = 135.3233, GNorm = 0.1103, lr_0 = 1.3254e-04
Loss = 3.5366e-03, PNorm = 135.3275, GNorm = 0.1105, lr_0 = 1.3220e-04
Loss = 4.9563e-03, PNorm = 135.3326, GNorm = 0.0754, lr_0 = 1.3186e-04
Loss = 3.2618e-03, PNorm = 135.3393, GNorm = 0.0899, lr_0 = 1.3153e-04
Loss = 4.7589e-03, PNorm = 135.3451, GNorm = 0.0986, lr_0 = 1.3119e-04
Loss = 3.3872e-03, PNorm = 135.3514, GNorm = 0.1426, lr_0 = 1.3086e-04
Loss = 5.5397e-03, PNorm = 135.3578, GNorm = 0.2215, lr_0 = 1.3052e-04
Loss = 4.3918e-03, PNorm = 135.3647, GNorm = 0.0891, lr_0 = 1.3019e-04
Loss = 4.2659e-03, PNorm = 135.3697, GNorm = 0.1007, lr_0 = 1.2985e-04
Loss = 3.4469e-03, PNorm = 135.3746, GNorm = 0.0682, lr_0 = 1.2952e-04
Loss = 4.8040e-03, PNorm = 135.3787, GNorm = 0.1623, lr_0 = 1.2919e-04
Loss = 4.6510e-03, PNorm = 135.3849, GNorm = 0.1212, lr_0 = 1.2886e-04
Validation rmse = 27.097622
Epoch 41
Loss = 4.4670e-03, PNorm = 135.3918, GNorm = 0.0883, lr_0 = 1.2853e-04
Loss = 3.2578e-03, PNorm = 135.3981, GNorm = 0.1296, lr_0 = 1.2820e-04
Loss = 4.7001e-03, PNorm = 135.4039, GNorm = 0.1150, lr_0 = 1.2787e-04
Loss = 2.9427e-03, PNorm = 135.4085, GNorm = 0.0909, lr_0 = 1.2755e-04
Loss = 3.2832e-03, PNorm = 135.4118, GNorm = 0.0784, lr_0 = 1.2722e-04
Loss = 3.5035e-03, PNorm = 135.4167, GNorm = 0.0999, lr_0 = 1.2690e-04
Loss = 3.0279e-03, PNorm = 135.4215, GNorm = 0.0898, lr_0 = 1.2657e-04
Loss = 3.9488e-03, PNorm = 135.4263, GNorm = 0.0691, lr_0 = 1.2625e-04
Loss = 2.9907e-03, PNorm = 135.4312, GNorm = 0.0948, lr_0 = 1.2593e-04
Loss = 3.3968e-03, PNorm = 135.4343, GNorm = 0.1176, lr_0 = 1.2560e-04
Loss = 3.1468e-03, PNorm = 135.4403, GNorm = 0.0523, lr_0 = 1.2528e-04
Loss = 4.2436e-03, PNorm = 135.4468, GNorm = 0.1144, lr_0 = 1.2496e-04
Loss = 3.9478e-03, PNorm = 135.4551, GNorm = 0.1023, lr_0 = 1.2464e-04
Loss = 3.7764e-03, PNorm = 135.4606, GNorm = 0.1061, lr_0 = 1.2432e-04
Loss = 4.1507e-03, PNorm = 135.4631, GNorm = 0.1580, lr_0 = 1.2401e-04
Loss = 4.7156e-03, PNorm = 135.4684, GNorm = 0.1319, lr_0 = 1.2369e-04
Loss = 4.7031e-03, PNorm = 135.4759, GNorm = 0.1448, lr_0 = 1.2337e-04
Loss = 3.4691e-03, PNorm = 135.4821, GNorm = 0.0915, lr_0 = 1.2306e-04
Validation rmse = 26.747350
Epoch 42
Loss = 3.6570e-03, PNorm = 135.4884, GNorm = 0.1286, lr_0 = 1.2271e-04
Loss = 4.2199e-03, PNorm = 135.4950, GNorm = 0.1816, lr_0 = 1.2240e-04
Loss = 4.1515e-03, PNorm = 135.5021, GNorm = 0.0981, lr_0 = 1.2208e-04
Loss = 3.3175e-03, PNorm = 135.5083, GNorm = 0.1055, lr_0 = 1.2177e-04
Loss = 3.0977e-03, PNorm = 135.5142, GNorm = 0.0971, lr_0 = 1.2146e-04
Loss = 3.0096e-03, PNorm = 135.5181, GNorm = 0.0918, lr_0 = 1.2115e-04
Loss = 3.6599e-03, PNorm = 135.5218, GNorm = 0.1121, lr_0 = 1.2084e-04
Loss = 3.2529e-03, PNorm = 135.5259, GNorm = 0.0722, lr_0 = 1.2053e-04
Loss = 2.8641e-03, PNorm = 135.5304, GNorm = 0.1744, lr_0 = 1.2022e-04
Loss = 3.1506e-03, PNorm = 135.5361, GNorm = 0.0729, lr_0 = 1.1992e-04
Loss = 4.9864e-03, PNorm = 135.5399, GNorm = 0.1367, lr_0 = 1.1961e-04
Loss = 3.4461e-03, PNorm = 135.5433, GNorm = 0.0849, lr_0 = 1.1930e-04
Loss = 2.6075e-03, PNorm = 135.5480, GNorm = 0.0881, lr_0 = 1.1900e-04
Loss = 2.7908e-03, PNorm = 135.5528, GNorm = 0.0424, lr_0 = 1.1869e-04
Loss = 3.6182e-03, PNorm = 135.5568, GNorm = 0.0797, lr_0 = 1.1839e-04
Loss = 2.5209e-03, PNorm = 135.5614, GNorm = 0.0449, lr_0 = 1.1809e-04
Loss = 4.1786e-03, PNorm = 135.5652, GNorm = 0.1193, lr_0 = 1.1779e-04
Loss = 3.6996e-03, PNorm = 135.5701, GNorm = 0.0954, lr_0 = 1.1749e-04
Loss = 3.6071e-03, PNorm = 135.5760, GNorm = 0.1100, lr_0 = 1.1719e-04
Validation rmse = 26.421401
Epoch 43
Loss = 3.4333e-03, PNorm = 135.5811, GNorm = 0.0655, lr_0 = 1.1689e-04
Loss = 2.7444e-03, PNorm = 135.5859, GNorm = 0.0629, lr_0 = 1.1659e-04
Loss = 3.6982e-03, PNorm = 135.5891, GNorm = 0.1239, lr_0 = 1.1629e-04
Loss = 3.6218e-03, PNorm = 135.5952, GNorm = 0.1587, lr_0 = 1.1599e-04
Loss = 3.2441e-03, PNorm = 135.6021, GNorm = 0.1026, lr_0 = 1.1569e-04
Loss = 2.4435e-03, PNorm = 135.6075, GNorm = 0.0606, lr_0 = 1.1540e-04
Loss = 2.6621e-03, PNorm = 135.6110, GNorm = 0.1142, lr_0 = 1.1510e-04
Loss = 3.6102e-03, PNorm = 135.6149, GNorm = 0.1583, lr_0 = 1.1481e-04
Loss = 3.6689e-03, PNorm = 135.6216, GNorm = 0.0904, lr_0 = 1.1452e-04
Loss = 2.5658e-03, PNorm = 135.6268, GNorm = 0.0573, lr_0 = 1.1422e-04
Loss = 3.9631e-03, PNorm = 135.6306, GNorm = 0.0724, lr_0 = 1.1393e-04
Loss = 3.5188e-03, PNorm = 135.6342, GNorm = 0.1085, lr_0 = 1.1364e-04
Loss = 3.5009e-03, PNorm = 135.6386, GNorm = 0.0974, lr_0 = 1.1335e-04
Loss = 3.2460e-03, PNorm = 135.6427, GNorm = 0.1167, lr_0 = 1.1306e-04
Loss = 2.8038e-03, PNorm = 135.6493, GNorm = 0.0453, lr_0 = 1.1277e-04
Loss = 2.9265e-03, PNorm = 135.6543, GNorm = 0.0768, lr_0 = 1.1248e-04
Loss = 3.0065e-03, PNorm = 135.6592, GNorm = 0.1445, lr_0 = 1.1219e-04
Loss = 3.2068e-03, PNorm = 135.6623, GNorm = 0.0449, lr_0 = 1.1191e-04
Validation rmse = 26.282696
Epoch 44
Loss = 2.5948e-03, PNorm = 135.6679, GNorm = 0.1142, lr_0 = 1.1159e-04
Loss = 2.7767e-03, PNorm = 135.6713, GNorm = 0.0942, lr_0 = 1.1131e-04
Loss = 3.0605e-03, PNorm = 135.6752, GNorm = 0.1133, lr_0 = 1.1102e-04
Loss = 2.9236e-03, PNorm = 135.6795, GNorm = 0.0760, lr_0 = 1.1074e-04
Loss = 3.6633e-03, PNorm = 135.6833, GNorm = 0.0999, lr_0 = 1.1046e-04
Loss = 3.3625e-03, PNorm = 135.6875, GNorm = 0.1171, lr_0 = 1.1017e-04
Loss = 3.1270e-03, PNorm = 135.6914, GNorm = 0.0787, lr_0 = 1.0989e-04
Loss = 2.8095e-03, PNorm = 135.6959, GNorm = 0.0890, lr_0 = 1.0961e-04
Loss = 3.0514e-03, PNorm = 135.7004, GNorm = 0.0950, lr_0 = 1.0933e-04
Loss = 3.2954e-03, PNorm = 135.7043, GNorm = 0.1368, lr_0 = 1.0905e-04
Loss = 2.9840e-03, PNorm = 135.7092, GNorm = 0.0743, lr_0 = 1.0877e-04
Loss = 3.3650e-03, PNorm = 135.7139, GNorm = 0.0573, lr_0 = 1.0849e-04
Loss = 3.4468e-03, PNorm = 135.7166, GNorm = 0.0768, lr_0 = 1.0822e-04
Loss = 3.3019e-03, PNorm = 135.7216, GNorm = 0.0751, lr_0 = 1.0794e-04
Loss = 2.5824e-03, PNorm = 135.7250, GNorm = 0.0674, lr_0 = 1.0766e-04
Loss = 2.5482e-03, PNorm = 135.7288, GNorm = 0.1510, lr_0 = 1.0739e-04
Loss = 4.8335e-03, PNorm = 135.7333, GNorm = 0.0597, lr_0 = 1.0711e-04
Loss = 2.9318e-03, PNorm = 135.7378, GNorm = 0.1459, lr_0 = 1.0684e-04
Validation rmse = 26.859615
Epoch 45
Loss = 3.3679e-03, PNorm = 135.7434, GNorm = 0.1015, lr_0 = 1.0654e-04
Loss = 2.9708e-03, PNorm = 135.7472, GNorm = 0.0710, lr_0 = 1.0627e-04
Loss = 2.3171e-03, PNorm = 135.7518, GNorm = 0.0642, lr_0 = 1.0600e-04
Loss = 2.4961e-03, PNorm = 135.7569, GNorm = 0.0692, lr_0 = 1.0573e-04
Loss = 2.5082e-03, PNorm = 135.7596, GNorm = 0.0618, lr_0 = 1.0546e-04
Loss = 2.6073e-03, PNorm = 135.7626, GNorm = 0.0585, lr_0 = 1.0519e-04
Loss = 3.5618e-03, PNorm = 135.7668, GNorm = 0.1299, lr_0 = 1.0492e-04
Loss = 2.4731e-03, PNorm = 135.7704, GNorm = 0.0574, lr_0 = 1.0465e-04
Loss = 3.3864e-03, PNorm = 135.7745, GNorm = 0.1083, lr_0 = 1.0438e-04
Loss = 2.7360e-03, PNorm = 135.7794, GNorm = 0.1121, lr_0 = 1.0411e-04
Loss = 2.4265e-03, PNorm = 135.7838, GNorm = 0.0715, lr_0 = 1.0385e-04
Loss = 3.9237e-03, PNorm = 135.7904, GNorm = 0.1345, lr_0 = 1.0358e-04
Loss = 3.0772e-03, PNorm = 135.7942, GNorm = 0.1291, lr_0 = 1.0332e-04
Loss = 2.9951e-03, PNorm = 135.7983, GNorm = 0.0565, lr_0 = 1.0305e-04
Loss = 3.7477e-03, PNorm = 135.8012, GNorm = 0.0997, lr_0 = 1.0279e-04
Loss = 2.9300e-03, PNorm = 135.8050, GNorm = 0.1054, lr_0 = 1.0253e-04
Loss = 2.8355e-03, PNorm = 135.8089, GNorm = 0.0649, lr_0 = 1.0226e-04
Loss = 3.3182e-03, PNorm = 135.8123, GNorm = 0.1465, lr_0 = 1.0200e-04
Validation rmse = 26.554791
Epoch 46
Loss = 2.1901e-03, PNorm = 135.8170, GNorm = 0.0682, lr_0 = 1.0174e-04
Loss = 2.6477e-03, PNorm = 135.8217, GNorm = 0.1291, lr_0 = 1.0148e-04
Loss = 2.4605e-03, PNorm = 135.8269, GNorm = 0.0773, lr_0 = 1.0122e-04
Loss = 3.4547e-03, PNorm = 135.8320, GNorm = 0.1212, lr_0 = 1.0096e-04
Loss = 2.6040e-03, PNorm = 135.8361, GNorm = 0.1581, lr_0 = 1.0071e-04
Loss = 2.9459e-03, PNorm = 135.8411, GNorm = 0.0581, lr_0 = 1.0045e-04
Loss = 2.7689e-03, PNorm = 135.8466, GNorm = 0.0862, lr_0 = 1.0019e-04
Loss = 2.1710e-03, PNorm = 135.8508, GNorm = 0.0847, lr_0 = 9.9936e-05
Loss = 2.3644e-03, PNorm = 135.8547, GNorm = 0.1126, lr_0 = 9.9680e-05
Loss = 3.0279e-03, PNorm = 135.8596, GNorm = 0.0786, lr_0 = 9.9425e-05
Loss = 3.2096e-03, PNorm = 135.8646, GNorm = 0.1459, lr_0 = 9.9171e-05
Loss = 2.9605e-03, PNorm = 135.8689, GNorm = 0.2119, lr_0 = 9.8918e-05
Loss = 3.6862e-03, PNorm = 135.8740, GNorm = 0.1676, lr_0 = 9.8665e-05
Loss = 4.0076e-03, PNorm = 135.8790, GNorm = 0.0703, lr_0 = 9.8412e-05
Loss = 2.9792e-03, PNorm = 135.8829, GNorm = 0.0572, lr_0 = 9.8161e-05
Loss = 3.2985e-03, PNorm = 135.8870, GNorm = 0.0779, lr_0 = 9.7910e-05
Loss = 3.9637e-03, PNorm = 135.8899, GNorm = 0.0648, lr_0 = 9.7659e-05
Loss = 3.4587e-03, PNorm = 135.8929, GNorm = 0.0546, lr_0 = 9.7410e-05
Validation rmse = 26.620149
Epoch 47
Loss = 2.5012e-03, PNorm = 135.8960, GNorm = 0.0842, lr_0 = 9.7136e-05
Loss = 2.2860e-03, PNorm = 135.8989, GNorm = 0.0841, lr_0 = 9.6887e-05
Loss = 2.8194e-03, PNorm = 135.9023, GNorm = 0.0804, lr_0 = 9.6640e-05
Loss = 2.2695e-03, PNorm = 135.9071, GNorm = 0.0722, lr_0 = 9.6393e-05
Loss = 3.5813e-03, PNorm = 135.9113, GNorm = 0.1544, lr_0 = 9.6146e-05
Loss = 2.7930e-03, PNorm = 135.9151, GNorm = 0.0888, lr_0 = 9.5900e-05
Loss = 2.5846e-03, PNorm = 135.9195, GNorm = 0.1065, lr_0 = 9.5655e-05
Loss = 2.3012e-03, PNorm = 135.9236, GNorm = 0.0403, lr_0 = 9.5411e-05
Loss = 2.0992e-03, PNorm = 135.9266, GNorm = 0.0768, lr_0 = 9.5167e-05
Loss = 2.7485e-03, PNorm = 135.9301, GNorm = 0.0722, lr_0 = 9.4923e-05
Loss = 2.9058e-03, PNorm = 135.9333, GNorm = 0.1449, lr_0 = 9.4681e-05
Loss = 3.9778e-03, PNorm = 135.9371, GNorm = 0.1167, lr_0 = 9.4439e-05
Loss = 2.6689e-03, PNorm = 135.9402, GNorm = 0.0567, lr_0 = 9.4197e-05
Loss = 2.5413e-03, PNorm = 135.9432, GNorm = 0.0834, lr_0 = 9.3956e-05
Loss = 3.0760e-03, PNorm = 135.9467, GNorm = 0.0800, lr_0 = 9.3716e-05
Loss = 2.9386e-03, PNorm = 135.9504, GNorm = 0.0458, lr_0 = 9.3477e-05
Loss = 3.0265e-03, PNorm = 135.9554, GNorm = 0.0729, lr_0 = 9.3238e-05
Loss = 2.5425e-03, PNorm = 135.9604, GNorm = 0.0981, lr_0 = 9.2999e-05
Validation rmse = 26.287942
Epoch 48
Loss = 1.5753e-03, PNorm = 135.9646, GNorm = 0.0794, lr_0 = 9.2761e-05
Loss = 2.0357e-03, PNorm = 135.9691, GNorm = 0.0588, lr_0 = 9.2524e-05
Loss = 2.3892e-03, PNorm = 135.9710, GNorm = 0.0518, lr_0 = 9.2288e-05
Loss = 2.0708e-03, PNorm = 135.9716, GNorm = 0.0798, lr_0 = 9.2052e-05
Loss = 3.0398e-03, PNorm = 135.9737, GNorm = 0.0707, lr_0 = 9.1816e-05
Loss = 2.8660e-03, PNorm = 135.9770, GNorm = 0.1000, lr_0 = 9.1582e-05
Loss = 3.5118e-03, PNorm = 135.9812, GNorm = 0.0750, lr_0 = 9.1347e-05
Loss = 2.5487e-03, PNorm = 135.9868, GNorm = 0.0875, lr_0 = 9.1114e-05
Loss = 2.3472e-03, PNorm = 135.9906, GNorm = 0.0843, lr_0 = 9.0881e-05
Loss = 2.1423e-03, PNorm = 135.9924, GNorm = 0.0574, lr_0 = 9.0649e-05
Loss = 2.8076e-03, PNorm = 135.9960, GNorm = 0.1122, lr_0 = 9.0417e-05
Loss = 2.9333e-03, PNorm = 135.9984, GNorm = 0.0775, lr_0 = 9.0186e-05
Loss = 2.8021e-03, PNorm = 136.0012, GNorm = 0.1033, lr_0 = 8.9955e-05
Loss = 2.2684e-03, PNorm = 136.0059, GNorm = 0.1261, lr_0 = 8.9725e-05
Loss = 2.4546e-03, PNorm = 136.0099, GNorm = 0.0984, lr_0 = 8.9496e-05
Loss = 3.1445e-03, PNorm = 136.0135, GNorm = 0.0539, lr_0 = 8.9267e-05
Loss = 2.4654e-03, PNorm = 136.0155, GNorm = 0.0502, lr_0 = 8.9039e-05
Loss = 2.0109e-03, PNorm = 136.0182, GNorm = 0.0574, lr_0 = 8.8811e-05
Validation rmse = 26.448689
Epoch 49
Loss = 1.6261e-03, PNorm = 136.0215, GNorm = 0.0608, lr_0 = 8.8561e-05
Loss = 2.1629e-03, PNorm = 136.0248, GNorm = 0.0879, lr_0 = 8.8335e-05
Loss = 2.3663e-03, PNorm = 136.0276, GNorm = 0.0732, lr_0 = 8.8109e-05
Loss = 1.8430e-03, PNorm = 136.0304, GNorm = 0.0886, lr_0 = 8.7884e-05
Loss = 2.1680e-03, PNorm = 136.0331, GNorm = 0.0665, lr_0 = 8.7659e-05
Loss = 3.0441e-03, PNorm = 136.0364, GNorm = 0.0788, lr_0 = 8.7435e-05
Loss = 2.1585e-03, PNorm = 136.0384, GNorm = 0.1314, lr_0 = 8.7211e-05
Loss = 3.2693e-03, PNorm = 136.0420, GNorm = 0.0813, lr_0 = 8.6988e-05
Loss = 2.2161e-03, PNorm = 136.0461, GNorm = 0.0505, lr_0 = 8.6766e-05
Loss = 2.6257e-03, PNorm = 136.0492, GNorm = 0.1047, lr_0 = 8.6544e-05
Loss = 2.2264e-03, PNorm = 136.0525, GNorm = 0.0987, lr_0 = 8.6323e-05
Loss = 2.1586e-03, PNorm = 136.0556, GNorm = 0.1136, lr_0 = 8.6102e-05
Loss = 2.9151e-03, PNorm = 136.0588, GNorm = 0.0724, lr_0 = 8.5882e-05
Loss = 2.5891e-03, PNorm = 136.0617, GNorm = 0.0516, lr_0 = 8.5684e-05
Loss = 2.5679e-03, PNorm = 136.0647, GNorm = 0.1819, lr_0 = 8.5684e-05
Loss = 1.9776e-03, PNorm = 136.0672, GNorm = 0.1330, lr_0 = 8.5684e-05
Loss = 3.1476e-03, PNorm = 136.0705, GNorm = 0.0610, lr_0 = 8.5684e-05
Loss = 2.7407e-03, PNorm = 136.0725, GNorm = 0.0663, lr_0 = 8.5684e-05
Validation rmse = 26.483798
Model 0 best validation rmse = 25.986073 on epoch 28
Loading pretrained parameter "encoder.encoder.0.cached_zero_vector".
Loading pretrained parameter "encoder.encoder.0.W_i.weight".
Loading pretrained parameter "encoder.encoder.0.W_h.weight".
Loading pretrained parameter "encoder.encoder.0.W_o.weight".
Loading pretrained parameter "encoder.encoder.0.W_o.bias".
Loading pretrained parameter "encoder.encoder.1.cached_zero_vector".
Loading pretrained parameter "encoder.encoder.1.W_i.weight".
Loading pretrained parameter "encoder.encoder.1.W_h.weight".
Loading pretrained parameter "encoder.encoder.1.W_o.weight".
Loading pretrained parameter "encoder.encoder.1.W_o.bias".
Loading pretrained parameter "ffn.1.weight".
Loading pretrained parameter "ffn.1.bias".
Loading pretrained parameter "ffn.4.weight".
Loading pretrained parameter "ffn.4.bias".
Loading pretrained parameter "ffn.7.weight".
Loading pretrained parameter "ffn.7.bias".
Moving model to cuda
Model 0 test rmse = 23.860359
Ensemble test rmse = 23.860359
1-fold cross validation
	Seed 0 ==> test rmse = 23.860359
Overall test rmse = 23.860359 +/- 0.000000
Elapsed time = 0:36:20
