Command line
python /home/kpg/chemprop/train.py --data_path ../../../data/splits/lambda_max_abs/deep4chem/group_by_smiles/smiles_target_train.csv --dataset_type regression --save_dir /home/kimele03/uvvisml/uvvisml/models/multitask_peak_stats_checkpoints/scaffold/results/507320/49703884 --config_path /home/kimele03/uvvisml/uvvisml/models/multitask_peak_stats_checkpoints/scaffold/results/507320/49703884/hyperopt.json --metric rmse --epochs 50 --gpu 0 --ensemble_size 1 --separate_val_path ../../../data/splits/lambda_max_abs/deep4chem/group_by_smiles/smiles_target_val.csv --separate_test_path ../../../data/splits/lambda_max_abs/deep4chem/group_by_smiles/smiles_target_test.csv --number_of_molecules 2
Args
{'activation': 'ReLU',
 'aggregation': 'mean',
 'aggregation_norm': 100,
 'atom_descriptor_scaling': True,
 'atom_descriptors': None,
 'atom_descriptors_path': None,
 'atom_descriptors_size': 0,
 'atom_features_size': 0,
 'atom_messages': False,
 'batch_size': 85,
 'bias': False,
 'bond_feature_scaling': True,
 'bond_features_path': None,
 'bond_features_size': 0,
 'cache_cutoff': 10000,
 'checkpoint_dir': None,
 'checkpoint_frzn': None,
 'checkpoint_path': None,
 'checkpoint_paths': None,
 'class_balance': False,
 'config_path': '/home/kimele03/uvvisml/uvvisml/models/multitask_peak_stats_checkpoints/scaffold/results/507320/49703884/hyperopt.json',
 'crossval_index_dir': None,
 'crossval_index_file': None,
 'crossval_index_sets': None,
 'cuda': True,
 'data_path': '../../../data/splits/lambda_max_abs/deep4chem/group_by_smiles/smiles_target_train.csv',
 'data_weights_path': None,
 'dataset_type': 'regression',
 'depth': 5,
 'device': device(type='cuda', index=0),
 'dropout': 0.11993324221375763,
 'empty_cache': False,
 'ensemble_size': 1,
 'epochs': 50,
 'explicit_h': False,
 'extra_metrics': [],
 'features_generator': None,
 'features_only': False,
 'features_path': None,
 'features_scaling': True,
 'features_size': None,
 'ffn_hidden_size': 2088,
 'ffn_num_layers': 2,
 'final_lr': 0.0003570143179825334,
 'folds_file': None,
 'freeze_first_only': False,
 'frzn_ffn_layers': 0,
 'gpu': 0,
 'grad_clip': None,
 'hidden_size': 2400,
 'ignore_columns': None,
 'init_lr': 0.00044952075081002653,
 'log_frequency': 10,
 'max_data_size': None,
 'max_lr': 0.00044952075081002653,
 'metric': 'rmse',
 'metrics': ['rmse'],
 'minimize_score': True,
 'mpn_shared': False,
 'multiclass_num_classes': 3,
 'no_atom_descriptor_scaling': False,
 'no_bond_features_scaling': False,
 'no_cache_mol': False,
 'no_cuda': False,
 'no_features_scaling': False,
 'num_folds': 1,
 'num_lrs': 1,
 'num_tasks': 1,
 'num_workers': 8,
 'number_of_molecules': 2,
 'overwrite_default_atom_features': False,
 'overwrite_default_bond_features': False,
 'pytorch_seed': 0,
 'quiet': False,
 'reaction': False,
 'reaction_mode': 'reac_diff',
 'resume_experiment': False,
 'save_dir': '/home/kimele03/uvvisml/uvvisml/models/multitask_peak_stats_checkpoints/scaffold/results/507320/49703884',
 'save_preds': False,
 'save_smiles_splits': False,
 'seed': 0,
 'separate_test_atom_descriptors_path': None,
 'separate_test_bond_features_path': None,
 'separate_test_features_path': None,
 'separate_test_path': '../../../data/splits/lambda_max_abs/deep4chem/group_by_smiles/smiles_target_test.csv',
 'separate_val_atom_descriptors_path': None,
 'separate_val_bond_features_path': None,
 'separate_val_features_path': None,
 'separate_val_path': '../../../data/splits/lambda_max_abs/deep4chem/group_by_smiles/smiles_target_val.csv',
 'show_individual_scores': False,
 'smiles_columns': ['smiles', 'solvent'],
 'split_sizes': (0.8, 0.1, 0.1),
 'split_type': 'random',
 'target_columns': None,
 'target_weights': None,
 'task_names': ['peakwavs_max'],
 'test': False,
 'test_fold_index': None,
 'train_data_size': None,
 'undirected': False,
 'use_input_features': False,
 'val_fold_index': None,
 'warmup_epochs': 3}
Loading data
Number of tasks = 1
Fold 0
Splitting data with seed 0
Total size = 13,242 | train size = 13,242 | val size = 1,633 | test size = 1,710
Fitting scaler
Building model 0
MoleculeModel(
  (encoder): MPN(
    (encoder): ModuleList(
      (0): MPNEncoder(
        (dropout_layer): Dropout(p=0.11993324221375763, inplace=False)
        (act_func): ReLU()
        (W_i): Linear(in_features=147, out_features=2400, bias=False)
        (W_h): Linear(in_features=2400, out_features=2400, bias=False)
        (W_o): Linear(in_features=2533, out_features=2400, bias=True)
      )
      (1): MPNEncoder(
        (dropout_layer): Dropout(p=0.11993324221375763, inplace=False)
        (act_func): ReLU()
        (W_i): Linear(in_features=147, out_features=2400, bias=False)
        (W_h): Linear(in_features=2400, out_features=2400, bias=False)
        (W_o): Linear(in_features=2533, out_features=2400, bias=True)
      )
    )
  )
  (ffn): Sequential(
    (0): Dropout(p=0.11993324221375763, inplace=False)
    (1): Linear(in_features=4800, out_features=2088, bias=True)
    (2): ReLU()
    (3): Dropout(p=0.11993324221375763, inplace=False)
    (4): Linear(in_features=2088, out_features=1, bias=True)
  )
)
Number of parameters = 34,420,177
Moving model to cuda
Epoch 0
Loss = 1.8009e+01, PNorm = 115.2292, GNorm = 5.6374, lr_0 = 4.4952e-04
Loss = 9.3388e-01, PNorm = 115.5101, GNorm = 3.1773, lr_0 = 4.4952e-04
Loss = 8.9825e-01, PNorm = 115.6547, GNorm = 1.1959, lr_0 = 4.4952e-04
Loss = 1.1085e+00, PNorm = 115.7241, GNorm = 2.1480, lr_0 = 4.4952e-04
Loss = 9.4310e-01, PNorm = 115.7660, GNorm = 0.7363, lr_0 = 4.4952e-04
Loss = 6.9627e-01, PNorm = 115.7996, GNorm = 0.5830, lr_0 = 4.4952e-04
Loss = 9.0173e-01, PNorm = 115.8222, GNorm = 2.3520, lr_0 = 4.4952e-04
Loss = 8.3943e-01, PNorm = 115.8476, GNorm = 1.0301, lr_0 = 4.4952e-04
Loss = 8.3343e-01, PNorm = 115.8786, GNorm = 0.7199, lr_0 = 4.4952e-04
Loss = 7.6934e-01, PNorm = 115.9156, GNorm = 2.7207, lr_0 = 4.4952e-04
Loss = 7.3423e-01, PNorm = 115.9509, GNorm = 0.8538, lr_0 = 4.4952e-04
Loss = 7.3397e-01, PNorm = 115.9931, GNorm = 2.3177, lr_0 = 4.4952e-04
Loss = 6.7997e-01, PNorm = 116.0352, GNorm = 1.3592, lr_0 = 4.4952e-04
Loss = 5.9457e-01, PNorm = 116.0842, GNorm = 5.6376, lr_0 = 4.4952e-04
Loss = 6.1617e-01, PNorm = 116.1212, GNorm = 6.0771, lr_0 = 4.4952e-04
Validation rmse = 80.109878
Epoch 1
Loss = 6.1982e-01, PNorm = 116.1730, GNorm = 3.5516, lr_0 = 4.4952e-04
Loss = 6.4384e-01, PNorm = 116.2220, GNorm = 6.0813, lr_0 = 4.4952e-04
Loss = 5.0698e-01, PNorm = 116.2768, GNorm = 2.0948, lr_0 = 4.4952e-04
Loss = 4.3359e-01, PNorm = 116.3186, GNorm = 2.8554, lr_0 = 4.4952e-04
Loss = 4.5372e-01, PNorm = 116.3628, GNorm = 2.2814, lr_0 = 4.4952e-04
Loss = 3.9829e-01, PNorm = 116.4028, GNorm = 3.6190, lr_0 = 4.4952e-04
Loss = 3.6912e-01, PNorm = 116.4413, GNorm = 5.0795, lr_0 = 4.4952e-04
Loss = 3.9000e-01, PNorm = 116.4856, GNorm = 1.2137, lr_0 = 4.4952e-04
Loss = 3.7160e-01, PNorm = 116.5296, GNorm = 3.6769, lr_0 = 4.4952e-04
Loss = 6.7765e-01, PNorm = 116.5850, GNorm = 3.5880, lr_0 = 4.4952e-04
Loss = 5.0556e-01, PNorm = 116.6524, GNorm = 1.9303, lr_0 = 4.4952e-04
Loss = 4.6335e-01, PNorm = 116.7099, GNorm = 1.7413, lr_0 = 4.4952e-04
Loss = 4.3890e-01, PNorm = 116.7559, GNorm = 2.2920, lr_0 = 4.4952e-04
Loss = 4.0070e-01, PNorm = 116.7956, GNorm = 0.7608, lr_0 = 4.4952e-04
Loss = 3.9318e-01, PNorm = 116.8392, GNorm = 1.9406, lr_0 = 4.4952e-04
Loss = 3.7365e-01, PNorm = 116.8789, GNorm = 1.3990, lr_0 = 4.4952e-04
Validation rmse = 65.158018
Epoch 2
Loss = 3.1257e-01, PNorm = 116.9197, GNorm = 3.5047, lr_0 = 4.4952e-04
Loss = 3.1834e-01, PNorm = 116.9660, GNorm = 3.7290, lr_0 = 4.4952e-04
Loss = 2.8798e-01, PNorm = 117.0082, GNorm = 5.1208, lr_0 = 4.4952e-04
Loss = 2.9784e-01, PNorm = 117.0516, GNorm = 2.0688, lr_0 = 4.4952e-04
Loss = 3.4289e-01, PNorm = 117.0967, GNorm = 1.1892, lr_0 = 4.4952e-04
Loss = 3.4114e-01, PNorm = 117.1390, GNorm = 4.4459, lr_0 = 4.4952e-04
Loss = 3.6562e-01, PNorm = 117.1834, GNorm = 1.8455, lr_0 = 4.4952e-04
Loss = 2.9930e-01, PNorm = 117.2437, GNorm = 2.4760, lr_0 = 4.4952e-04
Loss = 2.9372e-01, PNorm = 117.2986, GNorm = 3.2033, lr_0 = 4.4952e-04
Loss = 3.0022e-01, PNorm = 117.3472, GNorm = 7.4367, lr_0 = 4.4952e-04
Loss = 3.3603e-01, PNorm = 117.3946, GNorm = 1.9287, lr_0 = 4.4952e-04
Loss = 3.1522e-01, PNorm = 117.4429, GNorm = 1.8972, lr_0 = 4.4952e-04
Loss = 3.3604e-01, PNorm = 117.5016, GNorm = 0.8772, lr_0 = 4.4952e-04
Loss = 2.7244e-01, PNorm = 117.5541, GNorm = 5.7379, lr_0 = 4.4952e-04
Loss = 3.5978e-01, PNorm = 117.5987, GNorm = 3.9291, lr_0 = 4.4952e-04
Validation rmse = 58.134866
Epoch 3
Loss = 2.3069e-01, PNorm = 117.6538, GNorm = 2.2923, lr_0 = 4.4942e-04
Loss = 2.3433e-01, PNorm = 117.7030, GNorm = 2.8659, lr_0 = 4.4928e-04
Loss = 2.6072e-01, PNorm = 117.7476, GNorm = 4.6255, lr_0 = 4.4914e-04
Loss = 2.4022e-01, PNorm = 117.7953, GNorm = 5.2034, lr_0 = 4.4900e-04
Loss = 2.9572e-01, PNorm = 117.8452, GNorm = 1.2259, lr_0 = 4.4885e-04
Loss = 2.5797e-01, PNorm = 117.8999, GNorm = 4.1758, lr_0 = 4.4871e-04
Loss = 2.4874e-01, PNorm = 117.9584, GNorm = 1.4571, lr_0 = 4.4857e-04
Loss = 2.2184e-01, PNorm = 118.0268, GNorm = 1.7615, lr_0 = 4.4843e-04
Loss = 2.1101e-01, PNorm = 118.0914, GNorm = 1.9219, lr_0 = 4.4829e-04
Loss = 1.8475e-01, PNorm = 118.1368, GNorm = 1.2467, lr_0 = 4.4814e-04
Loss = 2.3702e-01, PNorm = 118.1848, GNorm = 3.7078, lr_0 = 4.4800e-04
Loss = 2.2037e-01, PNorm = 118.2376, GNorm = 1.6244, lr_0 = 4.4786e-04
Loss = 2.1372e-01, PNorm = 118.2906, GNorm = 5.4165, lr_0 = 4.4772e-04
Loss = 2.6162e-01, PNorm = 118.3545, GNorm = 1.9277, lr_0 = 4.4758e-04
Loss = 1.9754e-01, PNorm = 118.4241, GNorm = 0.8095, lr_0 = 4.4744e-04
Loss = 2.3849e-01, PNorm = 118.4778, GNorm = 2.9563, lr_0 = 4.4729e-04
Validation rmse = 55.758907
Epoch 4
Loss = 2.1516e-01, PNorm = 118.5417, GNorm = 3.4520, lr_0 = 4.4715e-04
Loss = 2.1408e-01, PNorm = 118.6128, GNorm = 1.6413, lr_0 = 4.4701e-04
Loss = 1.8872e-01, PNorm = 118.6767, GNorm = 1.1369, lr_0 = 4.4687e-04
Loss = 1.9361e-01, PNorm = 118.7338, GNorm = 3.3760, lr_0 = 4.4673e-04
Loss = 2.2769e-01, PNorm = 118.7919, GNorm = 4.8808, lr_0 = 4.4659e-04
Loss = 2.1053e-01, PNorm = 118.8621, GNorm = 2.5639, lr_0 = 4.4645e-04
Loss = 1.8500e-01, PNorm = 118.9193, GNorm = 1.6344, lr_0 = 4.4631e-04
Loss = 1.6514e-01, PNorm = 118.9732, GNorm = 1.5418, lr_0 = 4.4616e-04
Loss = 1.7992e-01, PNorm = 119.0398, GNorm = 4.0853, lr_0 = 4.4602e-04
Loss = 2.1197e-01, PNorm = 119.1037, GNorm = 3.0328, lr_0 = 4.4588e-04
Loss = 1.7235e-01, PNorm = 119.1567, GNorm = 1.5531, lr_0 = 4.4574e-04
Loss = 1.4444e-01, PNorm = 119.2141, GNorm = 1.5131, lr_0 = 4.4560e-04
Loss = 1.5696e-01, PNorm = 119.2710, GNorm = 2.0987, lr_0 = 4.4546e-04
Loss = 1.3954e-01, PNorm = 119.3171, GNorm = 0.9962, lr_0 = 4.4532e-04
Loss = 1.6540e-01, PNorm = 119.3775, GNorm = 1.1568, lr_0 = 4.4518e-04
Validation rmse = 49.253949
Epoch 5
Loss = 1.6942e-01, PNorm = 119.4416, GNorm = 3.1966, lr_0 = 4.4502e-04
Loss = 1.5472e-01, PNorm = 119.5013, GNorm = 4.1763, lr_0 = 4.4488e-04
Loss = 1.7438e-01, PNorm = 119.5579, GNorm = 3.8938, lr_0 = 4.4474e-04
Loss = 1.6510e-01, PNorm = 119.6195, GNorm = 2.7666, lr_0 = 4.4460e-04
Loss = 1.8138e-01, PNorm = 119.6720, GNorm = 3.6033, lr_0 = 4.4446e-04
Loss = 1.4912e-01, PNorm = 119.7360, GNorm = 1.2900, lr_0 = 4.4432e-04
Loss = 1.5110e-01, PNorm = 119.7993, GNorm = 3.9669, lr_0 = 4.4418e-04
Loss = 1.5546e-01, PNorm = 119.8754, GNorm = 1.1741, lr_0 = 4.4404e-04
Loss = 1.6561e-01, PNorm = 119.9435, GNorm = 1.1205, lr_0 = 4.4390e-04
Loss = 1.4443e-01, PNorm = 120.0043, GNorm = 1.3997, lr_0 = 4.4376e-04
Loss = 1.3391e-01, PNorm = 120.0661, GNorm = 1.6986, lr_0 = 4.4362e-04
Loss = 1.3270e-01, PNorm = 120.1190, GNorm = 1.5905, lr_0 = 4.4348e-04
Loss = 1.4977e-01, PNorm = 120.1763, GNorm = 1.3524, lr_0 = 4.4334e-04
Loss = 1.2698e-01, PNorm = 120.2427, GNorm = 1.1110, lr_0 = 4.4320e-04
Loss = 1.0418e-01, PNorm = 120.2988, GNorm = 0.8948, lr_0 = 4.4306e-04
Loss = 1.4561e-01, PNorm = 120.3521, GNorm = 1.1951, lr_0 = 4.4292e-04
Validation rmse = 43.906176
Epoch 6
Loss = 1.1154e-01, PNorm = 120.4065, GNorm = 1.7426, lr_0 = 4.4278e-04
Loss = 1.0573e-01, PNorm = 120.4601, GNorm = 1.1172, lr_0 = 4.4264e-04
Loss = 1.2623e-01, PNorm = 120.5127, GNorm = 1.2760, lr_0 = 4.4250e-04
Loss = 1.2954e-01, PNorm = 120.5656, GNorm = 3.8597, lr_0 = 4.4236e-04
Loss = 1.5070e-01, PNorm = 120.6230, GNorm = 3.6254, lr_0 = 4.4222e-04
Loss = 1.3016e-01, PNorm = 120.6768, GNorm = 0.7691, lr_0 = 4.4208e-04
Loss = 1.2022e-01, PNorm = 120.7414, GNorm = 3.5100, lr_0 = 4.4194e-04
Loss = 1.2374e-01, PNorm = 120.8087, GNorm = 3.2502, lr_0 = 4.4180e-04
Loss = 1.3301e-01, PNorm = 120.8739, GNorm = 3.6081, lr_0 = 4.4166e-04
Loss = 1.0945e-01, PNorm = 120.9416, GNorm = 3.5347, lr_0 = 4.4152e-04
Loss = 1.2495e-01, PNorm = 121.0014, GNorm = 2.3451, lr_0 = 4.4138e-04
Loss = 1.1868e-01, PNorm = 121.0579, GNorm = 2.1601, lr_0 = 4.4124e-04
Loss = 1.2289e-01, PNorm = 121.1159, GNorm = 0.7662, lr_0 = 4.4110e-04
Loss = 1.0565e-01, PNorm = 121.1753, GNorm = 0.9824, lr_0 = 4.4096e-04
Loss = 1.0311e-01, PNorm = 121.2286, GNorm = 1.3188, lr_0 = 4.4082e-04
Loss = 1.0931e-01, PNorm = 121.2797, GNorm = 0.5203, lr_0 = 4.4068e-04
Validation rmse = 41.304536
Epoch 7
Loss = 8.5230e-02, PNorm = 121.3215, GNorm = 0.8198, lr_0 = 4.4054e-04
Loss = 1.2068e-01, PNorm = 121.3729, GNorm = 3.1657, lr_0 = 4.4040e-04
Loss = 9.5894e-02, PNorm = 121.4259, GNorm = 1.0212, lr_0 = 4.4026e-04
Loss = 9.3233e-02, PNorm = 121.4742, GNorm = 0.7501, lr_0 = 4.4012e-04
Loss = 1.0416e-01, PNorm = 121.5263, GNorm = 2.1682, lr_0 = 4.3998e-04
Loss = 1.0220e-01, PNorm = 121.5780, GNorm = 0.8565, lr_0 = 4.3984e-04
Loss = 9.5965e-02, PNorm = 121.6343, GNorm = 0.4757, lr_0 = 4.3971e-04
Loss = 9.2127e-02, PNorm = 121.6891, GNorm = 1.1763, lr_0 = 4.3957e-04
Loss = 1.0903e-01, PNorm = 121.7491, GNorm = 2.2963, lr_0 = 4.3943e-04
Loss = 1.0900e-01, PNorm = 121.8283, GNorm = 2.6279, lr_0 = 4.3929e-04
Loss = 1.3616e-01, PNorm = 121.9011, GNorm = 1.4463, lr_0 = 4.3915e-04
Loss = 1.3583e-01, PNorm = 121.9635, GNorm = 0.7993, lr_0 = 4.3901e-04
Loss = 1.0086e-01, PNorm = 122.0222, GNorm = 0.7628, lr_0 = 4.3887e-04
Loss = 1.1575e-01, PNorm = 122.0808, GNorm = 0.8976, lr_0 = 4.3873e-04
Loss = 1.0802e-01, PNorm = 122.1445, GNorm = 1.2898, lr_0 = 4.3859e-04
Validation rmse = 40.331163
Epoch 8
Loss = 7.1078e-02, PNorm = 122.1987, GNorm = 1.6083, lr_0 = 4.3846e-04
Loss = 8.7221e-02, PNorm = 122.2488, GNorm = 1.1694, lr_0 = 4.3832e-04
Loss = 7.3319e-02, PNorm = 122.2988, GNorm = 0.8850, lr_0 = 4.3818e-04
Loss = 1.0219e-01, PNorm = 122.3418, GNorm = 3.2958, lr_0 = 4.3804e-04
Loss = 9.0412e-02, PNorm = 122.3886, GNorm = 1.7327, lr_0 = 4.3790e-04
Loss = 9.3033e-02, PNorm = 122.4369, GNorm = 2.9399, lr_0 = 4.3776e-04
Loss = 9.1569e-02, PNorm = 122.4847, GNorm = 0.7032, lr_0 = 4.3762e-04
Loss = 9.3765e-02, PNorm = 122.5376, GNorm = 1.0085, lr_0 = 4.3749e-04
Loss = 7.6861e-02, PNorm = 122.5877, GNorm = 1.7907, lr_0 = 4.3735e-04
Loss = 8.4512e-02, PNorm = 122.6367, GNorm = 0.5442, lr_0 = 4.3721e-04
Loss = 8.5580e-02, PNorm = 122.6810, GNorm = 0.8871, lr_0 = 4.3707e-04
Loss = 9.5205e-02, PNorm = 122.7245, GNorm = 1.0725, lr_0 = 4.3693e-04
Loss = 9.9994e-02, PNorm = 122.7710, GNorm = 1.1795, lr_0 = 4.3680e-04
Loss = 9.6449e-02, PNorm = 122.8244, GNorm = 1.2394, lr_0 = 4.3666e-04
Loss = 9.7325e-02, PNorm = 122.8822, GNorm = 1.9909, lr_0 = 4.3652e-04
Loss = 8.1619e-02, PNorm = 122.9298, GNorm = 1.3263, lr_0 = 4.3638e-04
Validation rmse = 39.396245
Epoch 9
Loss = 8.3389e-02, PNorm = 122.9819, GNorm = 0.7590, lr_0 = 4.3624e-04
Loss = 7.0415e-02, PNorm = 123.0260, GNorm = 0.6068, lr_0 = 4.3610e-04
Loss = 7.8201e-02, PNorm = 123.0725, GNorm = 2.3993, lr_0 = 4.3597e-04
Loss = 6.7028e-02, PNorm = 123.1141, GNorm = 1.2714, lr_0 = 4.3583e-04
Loss = 7.6316e-02, PNorm = 123.1594, GNorm = 0.6042, lr_0 = 4.3569e-04
Loss = 7.4823e-02, PNorm = 123.1987, GNorm = 2.1738, lr_0 = 4.3555e-04
Loss = 8.3279e-02, PNorm = 123.2451, GNorm = 0.7309, lr_0 = 4.3542e-04
Loss = 7.4282e-02, PNorm = 123.2928, GNorm = 2.6840, lr_0 = 4.3528e-04
Loss = 8.8808e-02, PNorm = 123.3380, GNorm = 1.0851, lr_0 = 4.3514e-04
Loss = 6.4797e-02, PNorm = 123.3862, GNorm = 1.5901, lr_0 = 4.3500e-04
Loss = 7.9660e-02, PNorm = 123.4294, GNorm = 2.8949, lr_0 = 4.3487e-04
Loss = 8.9715e-02, PNorm = 123.4758, GNorm = 2.1391, lr_0 = 4.3473e-04
Loss = 1.1470e-01, PNorm = 123.5289, GNorm = 2.7963, lr_0 = 4.3459e-04
Loss = 8.2086e-02, PNorm = 123.5857, GNorm = 0.7548, lr_0 = 4.3445e-04
Loss = 7.6835e-02, PNorm = 123.6430, GNorm = 1.3246, lr_0 = 4.3432e-04
Validation rmse = 37.095225
Epoch 10
Loss = 6.3677e-02, PNorm = 123.6919, GNorm = 1.2479, lr_0 = 4.3416e-04
Loss = 7.4409e-02, PNorm = 123.7419, GNorm = 1.0727, lr_0 = 4.3403e-04
Loss = 7.9384e-02, PNorm = 123.7927, GNorm = 0.5865, lr_0 = 4.3389e-04
Loss = 6.0440e-02, PNorm = 123.8337, GNorm = 1.0770, lr_0 = 4.3375e-04
Loss = 6.4309e-02, PNorm = 123.8754, GNorm = 0.7928, lr_0 = 4.3362e-04
Loss = 6.6484e-02, PNorm = 123.9112, GNorm = 0.4788, lr_0 = 4.3348e-04
Loss = 5.7414e-02, PNorm = 123.9483, GNorm = 0.5813, lr_0 = 4.3334e-04
Loss = 6.2709e-02, PNorm = 123.9822, GNorm = 0.7646, lr_0 = 4.3320e-04
Loss = 6.2488e-02, PNorm = 124.0175, GNorm = 1.2516, lr_0 = 4.3307e-04
Loss = 6.9480e-02, PNorm = 124.0636, GNorm = 1.0983, lr_0 = 4.3293e-04
Loss = 8.0332e-02, PNorm = 124.1115, GNorm = 0.6960, lr_0 = 4.3279e-04
Loss = 8.0014e-02, PNorm = 124.1510, GNorm = 1.3407, lr_0 = 4.3266e-04
Loss = 6.6888e-02, PNorm = 124.1915, GNorm = 0.9082, lr_0 = 4.3252e-04
Loss = 7.8662e-02, PNorm = 124.2387, GNorm = 0.7144, lr_0 = 4.3238e-04
Loss = 6.4017e-02, PNorm = 124.2765, GNorm = 0.4492, lr_0 = 4.3225e-04
Loss = 7.3102e-02, PNorm = 124.3076, GNorm = 0.4303, lr_0 = 4.3211e-04
Validation rmse = 36.102801
Epoch 11
Loss = 6.4469e-02, PNorm = 124.3531, GNorm = 0.9266, lr_0 = 4.3197e-04
Loss = 6.0976e-02, PNorm = 124.3942, GNorm = 0.8165, lr_0 = 4.3184e-04
Loss = 6.4491e-02, PNorm = 124.4387, GNorm = 1.0481, lr_0 = 4.3170e-04
Loss = 6.1358e-02, PNorm = 124.4744, GNorm = 0.9964, lr_0 = 4.3156e-04
Loss = 6.2788e-02, PNorm = 124.5173, GNorm = 1.2153, lr_0 = 4.3143e-04
Loss = 6.9641e-02, PNorm = 124.5630, GNorm = 0.7789, lr_0 = 4.3129e-04
Loss = 6.7207e-02, PNorm = 124.6067, GNorm = 0.5525, lr_0 = 4.3115e-04
Loss = 8.0040e-02, PNorm = 124.6555, GNorm = 0.5165, lr_0 = 4.3102e-04
Loss = 7.5215e-02, PNorm = 124.7048, GNorm = 1.8643, lr_0 = 4.3088e-04
Loss = 6.5434e-02, PNorm = 124.7619, GNorm = 0.8500, lr_0 = 4.3075e-04
Loss = 6.4272e-02, PNorm = 124.8087, GNorm = 0.6716, lr_0 = 4.3061e-04
Loss = 7.2594e-02, PNorm = 124.8515, GNorm = 0.8127, lr_0 = 4.3047e-04
Loss = 6.4577e-02, PNorm = 124.9045, GNorm = 0.9080, lr_0 = 4.3034e-04
Loss = 4.8647e-02, PNorm = 124.9485, GNorm = 0.5794, lr_0 = 4.3020e-04
Loss = 6.1474e-02, PNorm = 124.9894, GNorm = 1.0013, lr_0 = 4.3006e-04
Validation rmse = 34.842163
Epoch 12
Loss = 6.7810e-02, PNorm = 125.0254, GNorm = 1.8620, lr_0 = 4.2993e-04
Loss = 6.6848e-02, PNorm = 125.0600, GNorm = 1.3933, lr_0 = 4.2979e-04
Loss = 6.9733e-02, PNorm = 125.1013, GNorm = 0.5353, lr_0 = 4.2966e-04
Loss = 6.4247e-02, PNorm = 125.1462, GNorm = 1.1753, lr_0 = 4.2952e-04
Loss = 7.0891e-02, PNorm = 125.1923, GNorm = 0.6133, lr_0 = 4.2938e-04
Loss = 5.7451e-02, PNorm = 125.2327, GNorm = 0.4247, lr_0 = 4.2925e-04
Loss = 6.7791e-02, PNorm = 125.2780, GNorm = 0.8540, lr_0 = 4.2911e-04
Loss = 7.3627e-02, PNorm = 125.3198, GNorm = 1.3578, lr_0 = 4.2898e-04
Loss = 6.7761e-02, PNorm = 125.3787, GNorm = 1.2589, lr_0 = 4.2884e-04
Loss = 6.3529e-02, PNorm = 125.4315, GNorm = 0.6001, lr_0 = 4.2871e-04
Loss = 6.3275e-02, PNorm = 125.4791, GNorm = 0.7195, lr_0 = 4.2857e-04
Loss = 5.9007e-02, PNorm = 125.5215, GNorm = 0.5649, lr_0 = 4.2844e-04
Loss = 5.1871e-02, PNorm = 125.5663, GNorm = 0.6505, lr_0 = 4.2830e-04
Loss = 7.2803e-02, PNorm = 125.6045, GNorm = 0.7090, lr_0 = 4.2816e-04
Loss = 5.6897e-02, PNorm = 125.6384, GNorm = 0.5183, lr_0 = 4.2803e-04
Loss = 6.0204e-02, PNorm = 125.6780, GNorm = 1.6564, lr_0 = 4.2789e-04
Validation rmse = 36.665395
Epoch 13
Loss = 5.7544e-02, PNorm = 125.7249, GNorm = 0.7375, lr_0 = 4.2776e-04
Loss = 5.0167e-02, PNorm = 125.7699, GNorm = 1.0435, lr_0 = 4.2762e-04
Loss = 4.8978e-02, PNorm = 125.8003, GNorm = 1.3647, lr_0 = 4.2749e-04
Loss = 5.0226e-02, PNorm = 125.8330, GNorm = 0.6947, lr_0 = 4.2735e-04
Loss = 5.2546e-02, PNorm = 125.8762, GNorm = 0.6451, lr_0 = 4.2722e-04
Loss = 5.2043e-02, PNorm = 125.9140, GNorm = 0.6753, lr_0 = 4.2708e-04
Loss = 4.5059e-02, PNorm = 125.9445, GNorm = 0.3719, lr_0 = 4.2695e-04
Loss = 4.0208e-02, PNorm = 125.9763, GNorm = 0.6132, lr_0 = 4.2681e-04
Loss = 4.8373e-02, PNorm = 126.0165, GNorm = 1.0580, lr_0 = 4.2668e-04
Loss = 5.1764e-02, PNorm = 126.0494, GNorm = 1.4747, lr_0 = 4.2654e-04
Loss = 5.6170e-02, PNorm = 126.0842, GNorm = 1.8901, lr_0 = 4.2641e-04
Loss = 5.7123e-02, PNorm = 126.1230, GNorm = 1.0063, lr_0 = 4.2627e-04
Loss = 5.7471e-02, PNorm = 126.1647, GNorm = 1.0164, lr_0 = 4.2614e-04
Loss = 4.7442e-02, PNorm = 126.2039, GNorm = 0.4928, lr_0 = 4.2600e-04
Loss = 5.0657e-02, PNorm = 126.2384, GNorm = 1.0204, lr_0 = 4.2587e-04
Loss = 5.4203e-02, PNorm = 126.2694, GNorm = 1.5142, lr_0 = 4.2573e-04
Validation rmse = 36.471075
Epoch 14
Loss = 5.6783e-02, PNorm = 126.3036, GNorm = 0.7971, lr_0 = 4.2560e-04
Loss = 4.8615e-02, PNorm = 126.3472, GNorm = 0.7780, lr_0 = 4.2546e-04
Loss = 4.6575e-02, PNorm = 126.3846, GNorm = 0.6296, lr_0 = 4.2533e-04
Loss = 4.9482e-02, PNorm = 126.4223, GNorm = 0.9385, lr_0 = 4.2520e-04
Loss = 4.2658e-02, PNorm = 126.4585, GNorm = 0.4754, lr_0 = 4.2506e-04
Loss = 4.9064e-02, PNorm = 126.4941, GNorm = 0.9624, lr_0 = 4.2493e-04
Loss = 3.9384e-02, PNorm = 126.5296, GNorm = 0.4051, lr_0 = 4.2479e-04
Loss = 4.3543e-02, PNorm = 126.5564, GNorm = 0.6354, lr_0 = 4.2466e-04
Loss = 4.3894e-02, PNorm = 126.5840, GNorm = 0.5267, lr_0 = 4.2452e-04
Loss = 5.2265e-02, PNorm = 126.6119, GNorm = 0.9167, lr_0 = 4.2439e-04
Loss = 6.3131e-02, PNorm = 126.6538, GNorm = 0.5387, lr_0 = 4.2426e-04
Loss = 5.5563e-02, PNorm = 126.7004, GNorm = 1.2763, lr_0 = 4.2412e-04
Loss = 5.2050e-02, PNorm = 126.7450, GNorm = 0.6309, lr_0 = 4.2399e-04
Loss = 6.1654e-02, PNorm = 126.7852, GNorm = 0.8560, lr_0 = 4.2385e-04
Loss = 4.7590e-02, PNorm = 126.8252, GNorm = 1.0632, lr_0 = 4.2372e-04
Validation rmse = 34.700650
Epoch 15
Loss = 4.2568e-02, PNorm = 126.8703, GNorm = 0.4392, lr_0 = 4.2357e-04
Loss = 4.4863e-02, PNorm = 126.9089, GNorm = 1.1255, lr_0 = 4.2344e-04
Loss = 5.5715e-02, PNorm = 126.9493, GNorm = 0.9103, lr_0 = 4.2330e-04
Loss = 4.5062e-02, PNorm = 126.9823, GNorm = 0.9074, lr_0 = 4.2317e-04
Loss = 4.2620e-02, PNorm = 127.0209, GNorm = 0.5278, lr_0 = 4.2304e-04
Loss = 4.5363e-02, PNorm = 127.0513, GNorm = 1.1337, lr_0 = 4.2290e-04
Loss = 4.1242e-02, PNorm = 127.0838, GNorm = 0.9339, lr_0 = 4.2277e-04
Loss = 4.6566e-02, PNorm = 127.1189, GNorm = 1.0510, lr_0 = 4.2263e-04
Loss = 4.7271e-02, PNorm = 127.1519, GNorm = 0.8519, lr_0 = 4.2250e-04
Loss = 5.5432e-02, PNorm = 127.1880, GNorm = 0.9660, lr_0 = 4.2237e-04
Loss = 4.6568e-02, PNorm = 127.2298, GNorm = 1.2196, lr_0 = 4.2223e-04
Loss = 5.6944e-02, PNorm = 127.2692, GNorm = 2.2645, lr_0 = 4.2210e-04
Loss = 6.1666e-02, PNorm = 127.3192, GNorm = 1.0571, lr_0 = 4.2197e-04
Loss = 4.8452e-02, PNorm = 127.3638, GNorm = 0.6136, lr_0 = 4.2183e-04
Loss = 4.6565e-02, PNorm = 127.4080, GNorm = 0.7444, lr_0 = 4.2170e-04
Loss = 4.0826e-02, PNorm = 127.4459, GNorm = 0.3272, lr_0 = 4.2157e-04
Validation rmse = 33.678641
Epoch 16
Loss = 4.0694e-02, PNorm = 127.4744, GNorm = 0.5397, lr_0 = 4.2143e-04
Loss = 4.0027e-02, PNorm = 127.5049, GNorm = 0.7092, lr_0 = 4.2130e-04
Loss = 3.7479e-02, PNorm = 127.5363, GNorm = 0.6009, lr_0 = 4.2117e-04
Loss = 4.7030e-02, PNorm = 127.5744, GNorm = 0.7656, lr_0 = 4.2103e-04
Loss = 5.4684e-02, PNorm = 127.6188, GNorm = 0.9947, lr_0 = 4.2090e-04
Loss = 5.9169e-02, PNorm = 127.6672, GNorm = 0.7996, lr_0 = 4.2077e-04
Loss = 5.3243e-02, PNorm = 127.7079, GNorm = 0.9189, lr_0 = 4.2063e-04
Loss = 4.7384e-02, PNorm = 127.7484, GNorm = 1.0057, lr_0 = 4.2050e-04
Loss = 4.4092e-02, PNorm = 127.7815, GNorm = 0.4334, lr_0 = 4.2037e-04
Loss = 3.8253e-02, PNorm = 127.8123, GNorm = 0.4060, lr_0 = 4.2024e-04
Loss = 3.9535e-02, PNorm = 127.8444, GNorm = 0.4530, lr_0 = 4.2010e-04
Loss = 4.0264e-02, PNorm = 127.8779, GNorm = 0.3511, lr_0 = 4.1997e-04
Loss = 4.5307e-02, PNorm = 127.9214, GNorm = 0.6050, lr_0 = 4.1984e-04
Loss = 4.0421e-02, PNorm = 127.9538, GNorm = 0.3711, lr_0 = 4.1970e-04
Loss = 3.8275e-02, PNorm = 127.9826, GNorm = 0.8506, lr_0 = 4.1957e-04
Validation rmse = 32.753797
Epoch 17
Loss = 4.4748e-02, PNorm = 128.0069, GNorm = 0.4065, lr_0 = 4.1944e-04
Loss = 3.5391e-02, PNorm = 128.0360, GNorm = 0.6136, lr_0 = 4.1931e-04
Loss = 4.3089e-02, PNorm = 128.0646, GNorm = 0.6750, lr_0 = 4.1917e-04
Loss = 3.1612e-02, PNorm = 128.0922, GNorm = 0.7466, lr_0 = 4.1904e-04
Loss = 3.8551e-02, PNorm = 128.1243, GNorm = 1.5691, lr_0 = 4.1891e-04
Loss = 4.5287e-02, PNorm = 128.1569, GNorm = 0.8755, lr_0 = 4.1878e-04
Loss = 4.6888e-02, PNorm = 128.1948, GNorm = 0.5849, lr_0 = 4.1864e-04
Loss = 4.8825e-02, PNorm = 128.2402, GNorm = 1.0174, lr_0 = 4.1851e-04
Loss = 4.1671e-02, PNorm = 128.2808, GNorm = 0.6047, lr_0 = 4.1838e-04
Loss = 4.7050e-02, PNorm = 128.3174, GNorm = 1.1550, lr_0 = 4.1825e-04
Loss = 3.8581e-02, PNorm = 128.3568, GNorm = 0.8260, lr_0 = 4.1811e-04
Loss = 3.9643e-02, PNorm = 128.3927, GNorm = 0.3326, lr_0 = 4.1798e-04
Loss = 4.0966e-02, PNorm = 128.4288, GNorm = 0.5594, lr_0 = 4.1785e-04
Loss = 3.3806e-02, PNorm = 128.4617, GNorm = 0.5211, lr_0 = 4.1772e-04
Loss = 4.4270e-02, PNorm = 128.5020, GNorm = 1.0194, lr_0 = 4.1759e-04
Loss = 5.0301e-02, PNorm = 128.5420, GNorm = 1.5962, lr_0 = 4.1745e-04
Validation rmse = 32.590071
Epoch 18
Loss = 4.0301e-02, PNorm = 128.5801, GNorm = 1.6225, lr_0 = 4.1732e-04
Loss = 4.4711e-02, PNorm = 128.6152, GNorm = 1.5289, lr_0 = 4.1719e-04
Loss = 3.7902e-02, PNorm = 128.6550, GNorm = 0.4159, lr_0 = 4.1706e-04
Loss = 5.0034e-02, PNorm = 128.6861, GNorm = 0.6588, lr_0 = 4.1693e-04
Loss = 3.8321e-02, PNorm = 128.7251, GNorm = 1.0716, lr_0 = 4.1679e-04
Loss = 4.9291e-02, PNorm = 128.7622, GNorm = 1.4904, lr_0 = 4.1666e-04
Loss = 4.1896e-02, PNorm = 128.8002, GNorm = 0.7626, lr_0 = 4.1653e-04
Loss = 4.4865e-02, PNorm = 128.8435, GNorm = 1.4120, lr_0 = 4.1640e-04
Loss = 3.9156e-02, PNorm = 128.8836, GNorm = 0.4163, lr_0 = 4.1627e-04
Loss = 3.5455e-02, PNorm = 128.9116, GNorm = 0.5033, lr_0 = 4.1614e-04
Loss = 4.0935e-02, PNorm = 128.9453, GNorm = 0.7341, lr_0 = 4.1600e-04
Loss = 3.9847e-02, PNorm = 128.9798, GNorm = 0.3956, lr_0 = 4.1587e-04
Loss = 3.8134e-02, PNorm = 129.0084, GNorm = 0.8256, lr_0 = 4.1574e-04
Loss = 4.4380e-02, PNorm = 129.0396, GNorm = 0.4893, lr_0 = 4.1561e-04
Loss = 4.5650e-02, PNorm = 129.0799, GNorm = 1.2423, lr_0 = 4.1548e-04
Validation rmse = 33.944828
Epoch 19
Loss = 2.1234e-02, PNorm = 129.1219, GNorm = 0.4414, lr_0 = 4.1533e-04
Loss = 3.9633e-02, PNorm = 129.1630, GNorm = 0.3555, lr_0 = 4.1520e-04
Loss = 3.7478e-02, PNorm = 129.1997, GNorm = 1.3527, lr_0 = 4.1507e-04
Loss = 3.0995e-02, PNorm = 129.2343, GNorm = 0.7252, lr_0 = 4.1494e-04
Loss = 3.2771e-02, PNorm = 129.2626, GNorm = 0.8827, lr_0 = 4.1481e-04
Loss = 3.1893e-02, PNorm = 129.2897, GNorm = 0.5269, lr_0 = 4.1468e-04
Loss = 3.5035e-02, PNorm = 129.3140, GNorm = 1.0860, lr_0 = 4.1455e-04
Loss = 4.0170e-02, PNorm = 129.3434, GNorm = 0.6369, lr_0 = 4.1441e-04
Loss = 3.6064e-02, PNorm = 129.3756, GNorm = 1.0320, lr_0 = 4.1428e-04
Loss = 3.8743e-02, PNorm = 129.4060, GNorm = 0.7532, lr_0 = 4.1415e-04
Loss = 3.8007e-02, PNorm = 129.4517, GNorm = 0.9158, lr_0 = 4.1402e-04
Loss = 4.1353e-02, PNorm = 129.4862, GNorm = 0.5522, lr_0 = 4.1389e-04
Loss = 4.6484e-02, PNorm = 129.5189, GNorm = 1.1899, lr_0 = 4.1376e-04
Loss = 4.8821e-02, PNorm = 129.5609, GNorm = 0.7453, lr_0 = 4.1363e-04
Loss = 3.7134e-02, PNorm = 129.6019, GNorm = 0.9849, lr_0 = 4.1350e-04
Loss = 3.8327e-02, PNorm = 129.6351, GNorm = 0.6091, lr_0 = 4.1337e-04
Validation rmse = 33.264847
Epoch 20
Loss = 3.0683e-02, PNorm = 129.6657, GNorm = 0.5674, lr_0 = 4.1324e-04
Loss = 2.9780e-02, PNorm = 129.6909, GNorm = 0.3148, lr_0 = 4.1311e-04
Loss = 3.6874e-02, PNorm = 129.7291, GNorm = 1.2300, lr_0 = 4.1298e-04
Loss = 4.0553e-02, PNorm = 129.7752, GNorm = 1.0547, lr_0 = 4.1285e-04
Loss = 3.4654e-02, PNorm = 129.8082, GNorm = 1.4297, lr_0 = 4.1271e-04
Loss = 3.3702e-02, PNorm = 129.8371, GNorm = 0.6560, lr_0 = 4.1258e-04
Loss = 3.0740e-02, PNorm = 129.8669, GNorm = 0.6251, lr_0 = 4.1245e-04
Loss = 2.9371e-02, PNorm = 129.8955, GNorm = 0.3900, lr_0 = 4.1232e-04
Loss = 3.8417e-02, PNorm = 129.9272, GNorm = 1.1087, lr_0 = 4.1219e-04
Loss = 3.5253e-02, PNorm = 129.9643, GNorm = 0.3806, lr_0 = 4.1206e-04
Loss = 3.6456e-02, PNorm = 129.9991, GNorm = 0.4925, lr_0 = 4.1193e-04
Loss = 3.3547e-02, PNorm = 130.0324, GNorm = 0.4477, lr_0 = 4.1180e-04
Loss = 3.2597e-02, PNorm = 130.0705, GNorm = 0.4467, lr_0 = 4.1167e-04
Loss = 3.3894e-02, PNorm = 130.1008, GNorm = 1.0820, lr_0 = 4.1154e-04
Loss = 3.4853e-02, PNorm = 130.1291, GNorm = 0.6950, lr_0 = 4.1141e-04
Loss = 3.6931e-02, PNorm = 130.1574, GNorm = 1.1522, lr_0 = 4.1128e-04
Validation rmse = 32.356302
Epoch 21
Loss = 3.4529e-02, PNorm = 130.1861, GNorm = 0.7186, lr_0 = 4.1115e-04
Loss = 3.2025e-02, PNorm = 130.2267, GNorm = 0.9764, lr_0 = 4.1102e-04
Loss = 2.8742e-02, PNorm = 130.2627, GNorm = 0.6931, lr_0 = 4.1089e-04
Loss = 3.5236e-02, PNorm = 130.2904, GNorm = 0.7027, lr_0 = 4.1076e-04
Loss = 3.3276e-02, PNorm = 130.3290, GNorm = 0.7189, lr_0 = 4.1063e-04
Loss = 3.1618e-02, PNorm = 130.3633, GNorm = 0.4346, lr_0 = 4.1050e-04
Loss = 3.8016e-02, PNorm = 130.3950, GNorm = 0.4647, lr_0 = 4.1037e-04
Loss = 2.9745e-02, PNorm = 130.4299, GNorm = 0.4562, lr_0 = 4.1024e-04
Loss = 3.3214e-02, PNorm = 130.4709, GNorm = 0.5821, lr_0 = 4.1011e-04
Loss = 3.7127e-02, PNorm = 130.5073, GNorm = 0.5809, lr_0 = 4.0998e-04
Loss = 3.9420e-02, PNorm = 130.5496, GNorm = 0.4246, lr_0 = 4.0985e-04
Loss = 3.4746e-02, PNorm = 130.5793, GNorm = 0.8357, lr_0 = 4.0972e-04
Loss = 2.6822e-02, PNorm = 130.6131, GNorm = 1.1109, lr_0 = 4.0959e-04
Loss = 3.4701e-02, PNorm = 130.6442, GNorm = 0.3758, lr_0 = 4.0946e-04
Loss = 3.6301e-02, PNorm = 130.6812, GNorm = 0.6050, lr_0 = 4.0933e-04
Validation rmse = 33.447551
Epoch 22
Loss = 3.2539e-02, PNorm = 130.7120, GNorm = 0.5954, lr_0 = 4.0921e-04
Loss = 3.1041e-02, PNorm = 130.7493, GNorm = 0.2704, lr_0 = 4.0908e-04
Loss = 3.0867e-02, PNorm = 130.7811, GNorm = 0.2841, lr_0 = 4.0895e-04
Loss = 3.4904e-02, PNorm = 130.8182, GNorm = 0.7514, lr_0 = 4.0882e-04
Loss = 3.0185e-02, PNorm = 130.8488, GNorm = 0.4567, lr_0 = 4.0869e-04
Loss = 2.8179e-02, PNorm = 130.8801, GNorm = 0.3446, lr_0 = 4.0856e-04
Loss = 2.9297e-02, PNorm = 130.9155, GNorm = 0.3656, lr_0 = 4.0843e-04
Loss = 3.7375e-02, PNorm = 130.9502, GNorm = 0.7065, lr_0 = 4.0830e-04
Loss = 3.8037e-02, PNorm = 130.9823, GNorm = 0.4301, lr_0 = 4.0817e-04
Loss = 3.6052e-02, PNorm = 131.0250, GNorm = 0.3301, lr_0 = 4.0804e-04
Loss = 3.3491e-02, PNorm = 131.0619, GNorm = 0.4786, lr_0 = 4.0791e-04
Loss = 4.0755e-02, PNorm = 131.0972, GNorm = 0.5733, lr_0 = 4.0778e-04
Loss = 4.0640e-02, PNorm = 131.1386, GNorm = 0.7138, lr_0 = 4.0766e-04
Loss = 3.3636e-02, PNorm = 131.1793, GNorm = 0.3394, lr_0 = 4.0753e-04
Loss = 3.9351e-02, PNorm = 131.2167, GNorm = 1.6663, lr_0 = 4.0740e-04
Loss = 3.5455e-02, PNorm = 131.2561, GNorm = 0.3733, lr_0 = 4.0727e-04
Validation rmse = 32.833109
Epoch 23
Loss = 3.0575e-02, PNorm = 131.2944, GNorm = 0.2942, lr_0 = 4.0714e-04
Loss = 3.1472e-02, PNorm = 131.3309, GNorm = 0.4334, lr_0 = 4.0701e-04
Loss = 4.1270e-02, PNorm = 131.3688, GNorm = 1.3618, lr_0 = 4.0688e-04
Loss = 2.8288e-02, PNorm = 131.4109, GNorm = 0.5909, lr_0 = 4.0675e-04
Loss = 2.6939e-02, PNorm = 131.4482, GNorm = 0.5973, lr_0 = 4.0662e-04
Loss = 3.0254e-02, PNorm = 131.4755, GNorm = 0.9837, lr_0 = 4.0650e-04
Loss = 3.3105e-02, PNorm = 131.5098, GNorm = 0.7863, lr_0 = 4.0637e-04
Loss = 3.3515e-02, PNorm = 131.5454, GNorm = 1.4670, lr_0 = 4.0624e-04
Loss = 3.9845e-02, PNorm = 131.5894, GNorm = 1.1867, lr_0 = 4.0611e-04
Loss = 3.7001e-02, PNorm = 131.6270, GNorm = 1.4869, lr_0 = 4.0598e-04
Loss = 3.1101e-02, PNorm = 131.6618, GNorm = 0.7192, lr_0 = 4.0585e-04
Loss = 2.8812e-02, PNorm = 131.6929, GNorm = 0.5510, lr_0 = 4.0573e-04
Loss = 3.5440e-02, PNorm = 131.7301, GNorm = 0.3437, lr_0 = 4.0560e-04
Loss = 3.3647e-02, PNorm = 131.7584, GNorm = 0.7401, lr_0 = 4.0547e-04
Loss = 2.8216e-02, PNorm = 131.7970, GNorm = 0.7100, lr_0 = 4.0534e-04
Validation rmse = 31.238360
Epoch 24
Loss = 3.2455e-02, PNorm = 131.8262, GNorm = 0.4670, lr_0 = 4.0520e-04
Loss = 3.0096e-02, PNorm = 131.8560, GNorm = 0.7127, lr_0 = 4.0507e-04
Loss = 2.5668e-02, PNorm = 131.8878, GNorm = 0.4589, lr_0 = 4.0494e-04
Loss = 3.2045e-02, PNorm = 131.9175, GNorm = 0.7618, lr_0 = 4.0482e-04
Loss = 3.1182e-02, PNorm = 131.9514, GNorm = 1.1146, lr_0 = 4.0469e-04
Loss = 4.1430e-02, PNorm = 131.9899, GNorm = 1.3006, lr_0 = 4.0456e-04
Loss = 3.7295e-02, PNorm = 132.0356, GNorm = 0.5641, lr_0 = 4.0443e-04
Loss = 3.7468e-02, PNorm = 132.0795, GNorm = 0.8394, lr_0 = 4.0430e-04
Loss = 2.9687e-02, PNorm = 132.1144, GNorm = 0.5296, lr_0 = 4.0418e-04
Loss = 2.8137e-02, PNorm = 132.1438, GNorm = 0.2510, lr_0 = 4.0405e-04
Loss = 2.7913e-02, PNorm = 132.1678, GNorm = 0.6363, lr_0 = 4.0392e-04
Loss = 2.7495e-02, PNorm = 132.1926, GNorm = 0.7863, lr_0 = 4.0379e-04
Loss = 3.5048e-02, PNorm = 132.2355, GNorm = 0.4411, lr_0 = 4.0367e-04
Loss = 3.3026e-02, PNorm = 132.2723, GNorm = 0.6130, lr_0 = 4.0354e-04
Loss = 3.6281e-02, PNorm = 132.3091, GNorm = 0.7321, lr_0 = 4.0341e-04
Loss = 3.4300e-02, PNorm = 132.3490, GNorm = 0.5862, lr_0 = 4.0328e-04
Validation rmse = 33.148337
Epoch 25
Loss = 3.2609e-02, PNorm = 132.3890, GNorm = 0.2082, lr_0 = 4.0315e-04
Loss = 2.5428e-02, PNorm = 132.4255, GNorm = 0.6546, lr_0 = 4.0303e-04
Loss = 3.0205e-02, PNorm = 132.4489, GNorm = 1.0041, lr_0 = 4.0290e-04
Loss = 3.3962e-02, PNorm = 132.4805, GNorm = 0.5184, lr_0 = 4.0277e-04
Loss = 3.6531e-02, PNorm = 132.5136, GNorm = 0.8652, lr_0 = 4.0264e-04
Loss = 3.8167e-02, PNorm = 132.5567, GNorm = 0.6457, lr_0 = 4.0252e-04
Loss = 3.3366e-02, PNorm = 132.5978, GNorm = 0.5756, lr_0 = 4.0239e-04
Loss = 2.9115e-02, PNorm = 132.6316, GNorm = 0.2845, lr_0 = 4.0226e-04
Loss = 2.5454e-02, PNorm = 132.6714, GNorm = 0.5919, lr_0 = 4.0214e-04
Loss = 2.4466e-02, PNorm = 132.7065, GNorm = 0.5070, lr_0 = 4.0201e-04
Loss = 3.5827e-02, PNorm = 132.7415, GNorm = 0.7986, lr_0 = 4.0188e-04
Loss = 2.6447e-02, PNorm = 132.7665, GNorm = 0.4925, lr_0 = 4.0175e-04
Loss = 3.3963e-02, PNorm = 132.7990, GNorm = 0.4630, lr_0 = 4.0163e-04
Loss = 3.1189e-02, PNorm = 132.8305, GNorm = 0.3231, lr_0 = 4.0150e-04
Loss = 2.5468e-02, PNorm = 132.8675, GNorm = 0.3063, lr_0 = 4.0137e-04
Loss = 3.4273e-02, PNorm = 132.9065, GNorm = 0.4451, lr_0 = 4.0125e-04
Validation rmse = 33.382544
Epoch 26
Loss = 3.1749e-02, PNorm = 132.9428, GNorm = 1.1955, lr_0 = 4.0112e-04
Loss = 3.1001e-02, PNorm = 132.9826, GNorm = 0.6699, lr_0 = 4.0099e-04
Loss = 2.4358e-02, PNorm = 133.0224, GNorm = 0.3482, lr_0 = 4.0087e-04
Loss = 3.2249e-02, PNorm = 133.0490, GNorm = 0.4955, lr_0 = 4.0074e-04
Loss = 3.2155e-02, PNorm = 133.0874, GNorm = 0.6480, lr_0 = 4.0061e-04
Loss = 2.9783e-02, PNorm = 133.1173, GNorm = 0.5761, lr_0 = 4.0049e-04
Loss = 3.0666e-02, PNorm = 133.1500, GNorm = 0.2610, lr_0 = 4.0036e-04
Loss = 3.3751e-02, PNorm = 133.1856, GNorm = 0.2969, lr_0 = 4.0023e-04
Loss = 3.4233e-02, PNorm = 133.2308, GNorm = 0.7982, lr_0 = 4.0011e-04
Loss = 2.9498e-02, PNorm = 133.2693, GNorm = 0.4618, lr_0 = 3.9998e-04
Loss = 3.0384e-02, PNorm = 133.3033, GNorm = 0.9814, lr_0 = 3.9985e-04
Loss = 2.6850e-02, PNorm = 133.3429, GNorm = 0.3757, lr_0 = 3.9973e-04
Loss = 2.5647e-02, PNorm = 133.3767, GNorm = 0.3660, lr_0 = 3.9960e-04
Loss = 2.8443e-02, PNorm = 133.4014, GNorm = 0.5777, lr_0 = 3.9947e-04
Loss = 3.0135e-02, PNorm = 133.4333, GNorm = 0.5835, lr_0 = 3.9935e-04
Validation rmse = 31.478996
Epoch 27
Loss = 2.3322e-02, PNorm = 133.4709, GNorm = 0.5623, lr_0 = 3.9922e-04
Loss = 2.0955e-02, PNorm = 133.5030, GNorm = 0.4364, lr_0 = 3.9909e-04
Loss = 2.5316e-02, PNorm = 133.5247, GNorm = 0.3039, lr_0 = 3.9897e-04
Loss = 2.9748e-02, PNorm = 133.5609, GNorm = 0.2541, lr_0 = 3.9884e-04
Loss = 2.6682e-02, PNorm = 133.5996, GNorm = 0.3560, lr_0 = 3.9872e-04
Loss = 3.4125e-02, PNorm = 133.6327, GNorm = 0.8711, lr_0 = 3.9859e-04
Loss = 2.6977e-02, PNorm = 133.6629, GNorm = 0.5108, lr_0 = 3.9846e-04
Loss = 2.8311e-02, PNorm = 133.6908, GNorm = 0.9324, lr_0 = 3.9834e-04
Loss = 2.6039e-02, PNorm = 133.7285, GNorm = 0.8611, lr_0 = 3.9821e-04
Loss = 2.8584e-02, PNorm = 133.7688, GNorm = 1.1146, lr_0 = 3.9809e-04
Loss = 2.7444e-02, PNorm = 133.8008, GNorm = 0.5015, lr_0 = 3.9796e-04
Loss = 3.1484e-02, PNorm = 133.8412, GNorm = 0.5587, lr_0 = 3.9783e-04
Loss = 2.6820e-02, PNorm = 133.8770, GNorm = 0.4497, lr_0 = 3.9771e-04
Loss = 2.1641e-02, PNorm = 133.9070, GNorm = 0.4218, lr_0 = 3.9758e-04
Loss = 2.2936e-02, PNorm = 133.9420, GNorm = 0.4347, lr_0 = 3.9746e-04
Loss = 2.8667e-02, PNorm = 133.9714, GNorm = 0.7403, lr_0 = 3.9733e-04
Validation rmse = 31.988310
Epoch 28
Loss = 2.4165e-02, PNorm = 134.0057, GNorm = 0.4507, lr_0 = 3.9721e-04
Loss = 2.2568e-02, PNorm = 134.0432, GNorm = 0.4198, lr_0 = 3.9708e-04
Loss = 2.7684e-02, PNorm = 134.0730, GNorm = 0.2743, lr_0 = 3.9695e-04
Loss = 2.4600e-02, PNorm = 134.1032, GNorm = 0.3557, lr_0 = 3.9683e-04
Loss = 2.3490e-02, PNorm = 134.1279, GNorm = 0.2063, lr_0 = 3.9670e-04
Loss = 2.7943e-02, PNorm = 134.1611, GNorm = 0.2414, lr_0 = 3.9658e-04
Loss = 2.4496e-02, PNorm = 134.1932, GNorm = 0.6486, lr_0 = 3.9645e-04
Loss = 2.5043e-02, PNorm = 134.2260, GNorm = 0.6504, lr_0 = 3.9633e-04
Loss = 2.7502e-02, PNorm = 134.2561, GNorm = 0.5107, lr_0 = 3.9620e-04
Loss = 2.5252e-02, PNorm = 134.2836, GNorm = 0.4952, lr_0 = 3.9608e-04
Loss = 2.8473e-02, PNorm = 134.3185, GNorm = 0.5538, lr_0 = 3.9595e-04
Loss = 2.5352e-02, PNorm = 134.3491, GNorm = 0.2709, lr_0 = 3.9583e-04
Loss = 3.1271e-02, PNorm = 134.3831, GNorm = 0.6553, lr_0 = 3.9570e-04
Loss = 2.7051e-02, PNorm = 134.4239, GNorm = 1.0241, lr_0 = 3.9558e-04
Loss = 2.8933e-02, PNorm = 134.4557, GNorm = 0.7109, lr_0 = 3.9545e-04
Validation rmse = 32.092986
Epoch 29
Loss = 2.4081e-02, PNorm = 134.5021, GNorm = 0.4019, lr_0 = 3.9531e-04
Loss = 2.7736e-02, PNorm = 134.5389, GNorm = 0.6180, lr_0 = 3.9519e-04
Loss = 2.5372e-02, PNorm = 134.5800, GNorm = 0.5400, lr_0 = 3.9506e-04
Loss = 2.2783e-02, PNorm = 134.6186, GNorm = 0.5524, lr_0 = 3.9494e-04
Loss = 2.2983e-02, PNorm = 134.6502, GNorm = 0.3250, lr_0 = 3.9481e-04
Loss = 3.1714e-02, PNorm = 134.6818, GNorm = 0.9731, lr_0 = 3.9469e-04
Loss = 3.6901e-02, PNorm = 134.7233, GNorm = 0.3614, lr_0 = 3.9456e-04
Loss = 3.0654e-02, PNorm = 134.7703, GNorm = 0.2303, lr_0 = 3.9444e-04
Loss = 2.4448e-02, PNorm = 134.8134, GNorm = 0.3470, lr_0 = 3.9431e-04
Loss = 2.2534e-02, PNorm = 134.8484, GNorm = 0.5421, lr_0 = 3.9419e-04
Loss = 3.0544e-02, PNorm = 134.8787, GNorm = 0.5945, lr_0 = 3.9407e-04
Loss = 2.5222e-02, PNorm = 134.9099, GNorm = 0.3858, lr_0 = 3.9394e-04
Loss = 2.4747e-02, PNorm = 134.9446, GNorm = 0.3262, lr_0 = 3.9382e-04
Loss = 3.0456e-02, PNorm = 134.9796, GNorm = 0.2969, lr_0 = 3.9369e-04
Loss = 3.1550e-02, PNorm = 135.0169, GNorm = 0.5533, lr_0 = 3.9357e-04
Loss = 2.9504e-02, PNorm = 135.0467, GNorm = 1.1635, lr_0 = 3.9344e-04
Validation rmse = 31.973241
Epoch 30
Loss = 2.7916e-02, PNorm = 135.0834, GNorm = 0.5198, lr_0 = 3.9332e-04
Loss = 2.6331e-02, PNorm = 135.1257, GNorm = 0.4759, lr_0 = 3.9319e-04
Loss = 2.8074e-02, PNorm = 135.1665, GNorm = 0.6625, lr_0 = 3.9307e-04
Loss = 2.4533e-02, PNorm = 135.2020, GNorm = 0.4372, lr_0 = 3.9295e-04
Loss = 2.4820e-02, PNorm = 135.2378, GNorm = 0.7279, lr_0 = 3.9282e-04
Loss = 2.9793e-02, PNorm = 135.2797, GNorm = 1.0994, lr_0 = 3.9270e-04
Loss = 3.1162e-02, PNorm = 135.3138, GNorm = 0.9916, lr_0 = 3.9257e-04
Loss = 3.1780e-02, PNorm = 135.3508, GNorm = 0.3521, lr_0 = 3.9245e-04
Loss = 1.9502e-02, PNorm = 135.3824, GNorm = 0.2793, lr_0 = 3.9232e-04
Loss = 2.2161e-02, PNorm = 135.4118, GNorm = 0.2318, lr_0 = 3.9220e-04
Loss = 2.5056e-02, PNorm = 135.4428, GNorm = 0.3352, lr_0 = 3.9208e-04
Loss = 2.5397e-02, PNorm = 135.4789, GNorm = 0.4066, lr_0 = 3.9195e-04
Loss = 2.6816e-02, PNorm = 135.5090, GNorm = 0.2490, lr_0 = 3.9183e-04
Loss = 2.4772e-02, PNorm = 135.5431, GNorm = 0.4102, lr_0 = 3.9170e-04
Loss = 3.6421e-02, PNorm = 135.5729, GNorm = 0.4877, lr_0 = 3.9158e-04
Validation rmse = 31.916333
Epoch 31
Loss = 2.1532e-02, PNorm = 135.6089, GNorm = 0.4810, lr_0 = 3.9146e-04
Loss = 2.2704e-02, PNorm = 135.6462, GNorm = 0.4649, lr_0 = 3.9133e-04
Loss = 2.3295e-02, PNorm = 135.6768, GNorm = 0.2556, lr_0 = 3.9121e-04
Loss = 2.3472e-02, PNorm = 135.7071, GNorm = 1.0509, lr_0 = 3.9109e-04
Loss = 2.5315e-02, PNorm = 135.7448, GNorm = 0.8120, lr_0 = 3.9096e-04
Loss = 2.5070e-02, PNorm = 135.7827, GNorm = 0.5215, lr_0 = 3.9084e-04
Loss = 2.5804e-02, PNorm = 135.8209, GNorm = 0.3118, lr_0 = 3.9071e-04
Loss = 2.4443e-02, PNorm = 135.8612, GNorm = 0.5361, lr_0 = 3.9059e-04
Loss = 2.3885e-02, PNorm = 135.8941, GNorm = 0.4845, lr_0 = 3.9047e-04
Loss = 2.4243e-02, PNorm = 135.9259, GNorm = 0.2348, lr_0 = 3.9034e-04
Loss = 2.5830e-02, PNorm = 135.9654, GNorm = 0.4097, lr_0 = 3.9022e-04
Loss = 2.8139e-02, PNorm = 135.9925, GNorm = 0.4619, lr_0 = 3.9010e-04
Loss = 2.2628e-02, PNorm = 136.0169, GNorm = 0.2359, lr_0 = 3.8997e-04
Loss = 2.4601e-02, PNorm = 136.0467, GNorm = 0.2727, lr_0 = 3.8985e-04
Loss = 2.3246e-02, PNorm = 136.0773, GNorm = 0.4876, lr_0 = 3.8973e-04
Loss = 3.7489e-02, PNorm = 136.1187, GNorm = 0.4329, lr_0 = 3.8960e-04
Validation rmse = 30.556064
Epoch 32
Loss = 2.3702e-02, PNorm = 136.1690, GNorm = 0.5320, lr_0 = 3.8948e-04
Loss = 2.3474e-02, PNorm = 136.2186, GNorm = 0.5907, lr_0 = 3.8936e-04
Loss = 2.4127e-02, PNorm = 136.2680, GNorm = 0.4432, lr_0 = 3.8923e-04
Loss = 2.6813e-02, PNorm = 136.3022, GNorm = 1.5166, lr_0 = 3.8911e-04
Loss = 2.4980e-02, PNorm = 136.3376, GNorm = 0.4309, lr_0 = 3.8899e-04
Loss = 2.2673e-02, PNorm = 136.3732, GNorm = 0.2166, lr_0 = 3.8887e-04
Loss = 1.8880e-02, PNorm = 136.4016, GNorm = 0.1715, lr_0 = 3.8874e-04
Loss = 2.5478e-02, PNorm = 136.4299, GNorm = 0.2337, lr_0 = 3.8862e-04
Loss = 2.3383e-02, PNorm = 136.4651, GNorm = 0.6075, lr_0 = 3.8850e-04
Loss = 2.1839e-02, PNorm = 136.5011, GNorm = 0.4298, lr_0 = 3.8837e-04
Loss = 2.3015e-02, PNorm = 136.5321, GNorm = 0.3574, lr_0 = 3.8825e-04
Loss = 2.3912e-02, PNorm = 136.5647, GNorm = 0.4968, lr_0 = 3.8813e-04
Loss = 2.4345e-02, PNorm = 136.6029, GNorm = 0.6254, lr_0 = 3.8801e-04
Loss = 2.6889e-02, PNorm = 136.6416, GNorm = 0.5721, lr_0 = 3.8788e-04
Loss = 3.0934e-02, PNorm = 136.6795, GNorm = 1.0732, lr_0 = 3.8776e-04
Loss = 3.7271e-02, PNorm = 136.7278, GNorm = 0.9952, lr_0 = 3.8764e-04
Validation rmse = 32.110095
Epoch 33
Loss = 2.8455e-02, PNorm = 136.7721, GNorm = 0.2369, lr_0 = 3.8751e-04
Loss = 2.4233e-02, PNorm = 136.8115, GNorm = 0.4988, lr_0 = 3.8739e-04
Loss = 3.2093e-02, PNorm = 136.8537, GNorm = 0.7070, lr_0 = 3.8727e-04
Loss = 2.6381e-02, PNorm = 136.8980, GNorm = 0.4018, lr_0 = 3.8715e-04
Loss = 2.2560e-02, PNorm = 136.9355, GNorm = 0.2952, lr_0 = 3.8702e-04
Loss = 2.9111e-02, PNorm = 136.9660, GNorm = 0.8477, lr_0 = 3.8690e-04
Loss = 2.4090e-02, PNorm = 136.9969, GNorm = 0.2235, lr_0 = 3.8678e-04
Loss = 2.3150e-02, PNorm = 137.0267, GNorm = 0.4297, lr_0 = 3.8666e-04
Loss = 2.3989e-02, PNorm = 137.0577, GNorm = 0.8332, lr_0 = 3.8654e-04
Loss = 2.4206e-02, PNorm = 137.0932, GNorm = 0.3214, lr_0 = 3.8641e-04
Loss = 2.1099e-02, PNorm = 137.1298, GNorm = 0.5390, lr_0 = 3.8629e-04
Loss = 2.2266e-02, PNorm = 137.1638, GNorm = 0.3422, lr_0 = 3.8617e-04
Loss = 2.8835e-02, PNorm = 137.1975, GNorm = 1.2438, lr_0 = 3.8605e-04
Loss = 2.7237e-02, PNorm = 137.2288, GNorm = 0.4651, lr_0 = 3.8592e-04
Loss = 2.2562e-02, PNorm = 137.2654, GNorm = 0.1958, lr_0 = 3.8580e-04
Validation rmse = 32.153585
Epoch 34
Loss = 2.3765e-02, PNorm = 137.3050, GNorm = 0.6149, lr_0 = 3.8567e-04
Loss = 2.8012e-02, PNorm = 137.3393, GNorm = 0.9967, lr_0 = 3.8555e-04
Loss = 2.5493e-02, PNorm = 137.3734, GNorm = 0.5619, lr_0 = 3.8542e-04
Loss = 2.7754e-02, PNorm = 137.4068, GNorm = 0.5557, lr_0 = 3.8530e-04
Loss = 2.2822e-02, PNorm = 137.4352, GNorm = 0.3452, lr_0 = 3.8518e-04
Loss = 2.4410e-02, PNorm = 137.4736, GNorm = 0.8433, lr_0 = 3.8506e-04
Loss = 2.5964e-02, PNorm = 137.5155, GNorm = 0.6053, lr_0 = 3.8494e-04
Loss = 2.6817e-02, PNorm = 137.5551, GNorm = 0.4721, lr_0 = 3.8482e-04
Loss = 2.1160e-02, PNorm = 137.5920, GNorm = 0.5622, lr_0 = 3.8469e-04
Loss = 2.4499e-02, PNorm = 137.6268, GNorm = 0.7030, lr_0 = 3.8457e-04
Loss = 2.3818e-02, PNorm = 137.6681, GNorm = 0.4130, lr_0 = 3.8445e-04
Loss = 2.3971e-02, PNorm = 137.7044, GNorm = 0.2733, lr_0 = 3.8433e-04
Loss = 2.1922e-02, PNorm = 137.7389, GNorm = 0.6356, lr_0 = 3.8421e-04
Loss = 2.2019e-02, PNorm = 137.7713, GNorm = 0.4259, lr_0 = 3.8409e-04
Loss = 2.0937e-02, PNorm = 137.8081, GNorm = 0.3196, lr_0 = 3.8396e-04
Loss = 2.1535e-02, PNorm = 137.8338, GNorm = 0.2332, lr_0 = 3.8384e-04
Validation rmse = 30.320552
Epoch 35
Loss = 2.1198e-02, PNorm = 137.8644, GNorm = 0.3779, lr_0 = 3.8372e-04
Loss = 2.0523e-02, PNorm = 137.8958, GNorm = 1.1059, lr_0 = 3.8360e-04
Loss = 2.4076e-02, PNorm = 137.9297, GNorm = 0.4636, lr_0 = 3.8348e-04
Loss = 2.4060e-02, PNorm = 137.9627, GNorm = 0.6101, lr_0 = 3.8336e-04
Loss = 2.6033e-02, PNorm = 138.0081, GNorm = 1.0472, lr_0 = 3.8324e-04
Loss = 2.0766e-02, PNorm = 138.0466, GNorm = 0.3917, lr_0 = 3.8312e-04
Loss = 2.3917e-02, PNorm = 138.0780, GNorm = 0.4160, lr_0 = 3.8299e-04
Loss = 2.6267e-02, PNorm = 138.1135, GNorm = 0.4457, lr_0 = 3.8287e-04
Loss = 2.4266e-02, PNorm = 138.1550, GNorm = 0.2465, lr_0 = 3.8275e-04
Loss = 2.0893e-02, PNorm = 138.1868, GNorm = 0.2766, lr_0 = 3.8263e-04
Loss = 2.6954e-02, PNorm = 138.2216, GNorm = 0.4937, lr_0 = 3.8251e-04
Loss = 2.7099e-02, PNorm = 138.2640, GNorm = 0.2766, lr_0 = 3.8239e-04
Loss = 1.9025e-02, PNorm = 138.3081, GNorm = 0.2710, lr_0 = 3.8227e-04
Loss = 2.3501e-02, PNorm = 138.3427, GNorm = 0.3331, lr_0 = 3.8215e-04
Loss = 2.1725e-02, PNorm = 138.3742, GNorm = 0.3701, lr_0 = 3.8203e-04
Validation rmse = 31.329028
Epoch 36
Loss = 1.9384e-02, PNorm = 138.4017, GNorm = 0.2871, lr_0 = 3.8191e-04
Loss = 2.2172e-02, PNorm = 138.4332, GNorm = 0.6954, lr_0 = 3.8179e-04
Loss = 2.3749e-02, PNorm = 138.4707, GNorm = 0.5283, lr_0 = 3.8166e-04
Loss = 2.5166e-02, PNorm = 138.5136, GNorm = 0.3876, lr_0 = 3.8154e-04
Loss = 2.8859e-02, PNorm = 138.5540, GNorm = 0.5315, lr_0 = 3.8142e-04
Loss = 2.1746e-02, PNorm = 138.5840, GNorm = 0.1942, lr_0 = 3.8130e-04
Loss = 2.4042e-02, PNorm = 138.6156, GNorm = 0.5007, lr_0 = 3.8118e-04
Loss = 1.9543e-02, PNorm = 138.6483, GNorm = 0.2976, lr_0 = 3.8106e-04
Loss = 2.3027e-02, PNorm = 138.6833, GNorm = 0.2672, lr_0 = 3.8094e-04
Loss = 2.1416e-02, PNorm = 138.7133, GNorm = 0.5372, lr_0 = 3.8082e-04
Loss = 2.2221e-02, PNorm = 138.7490, GNorm = 0.2112, lr_0 = 3.8070e-04
Loss = 2.1238e-02, PNorm = 138.7920, GNorm = 0.4176, lr_0 = 3.8058e-04
Loss = 1.9416e-02, PNorm = 138.8254, GNorm = 0.3573, lr_0 = 3.8046e-04
Loss = 2.4438e-02, PNorm = 138.8606, GNorm = 0.3736, lr_0 = 3.8034e-04
Loss = 2.2497e-02, PNorm = 138.8894, GNorm = 0.3838, lr_0 = 3.8022e-04
Loss = 1.9801e-02, PNorm = 138.9244, GNorm = 0.3566, lr_0 = 3.8010e-04
Validation rmse = 30.935828
Epoch 37
Loss = 2.0812e-02, PNorm = 138.9605, GNorm = 0.3946, lr_0 = 3.7998e-04
Loss = 2.3936e-02, PNorm = 138.9907, GNorm = 0.4031, lr_0 = 3.7986e-04
Loss = 1.9938e-02, PNorm = 139.0225, GNorm = 0.3494, lr_0 = 3.7974e-04
Loss = 1.8810e-02, PNorm = 139.0538, GNorm = 0.2339, lr_0 = 3.7962e-04
Loss = 2.4414e-02, PNorm = 139.0939, GNorm = 0.3929, lr_0 = 3.7950e-04
Loss = 2.5118e-02, PNorm = 139.1259, GNorm = 0.3842, lr_0 = 3.7938e-04
Loss = 2.1498e-02, PNorm = 139.1572, GNorm = 0.4422, lr_0 = 3.7926e-04
Loss = 2.3093e-02, PNorm = 139.1920, GNorm = 0.5860, lr_0 = 3.7914e-04
Loss = 2.2455e-02, PNorm = 139.2272, GNorm = 0.5100, lr_0 = 3.7902e-04
Loss = 2.0833e-02, PNorm = 139.2600, GNorm = 0.2202, lr_0 = 3.7890e-04
Loss = 2.2365e-02, PNorm = 139.2947, GNorm = 0.6656, lr_0 = 3.7878e-04
Loss = 2.2119e-02, PNorm = 139.3262, GNorm = 0.9285, lr_0 = 3.7866e-04
Loss = 2.4486e-02, PNorm = 139.3677, GNorm = 0.2327, lr_0 = 3.7854e-04
Loss = 2.0874e-02, PNorm = 139.4065, GNorm = 0.2930, lr_0 = 3.7842e-04
Loss = 2.1729e-02, PNorm = 139.4408, GNorm = 0.4354, lr_0 = 3.7830e-04
Validation rmse = 30.949253
Epoch 38
Loss = 2.0742e-02, PNorm = 139.4695, GNorm = 0.2810, lr_0 = 3.7817e-04
Loss = 2.2618e-02, PNorm = 139.5097, GNorm = 0.6047, lr_0 = 3.7805e-04
Loss = 2.2209e-02, PNorm = 139.5470, GNorm = 0.2762, lr_0 = 3.7793e-04
Loss = 2.2851e-02, PNorm = 139.5873, GNorm = 0.3742, lr_0 = 3.7781e-04
Loss = 1.8663e-02, PNorm = 139.6262, GNorm = 0.4659, lr_0 = 3.7769e-04
Loss = 2.1019e-02, PNorm = 139.6614, GNorm = 0.5194, lr_0 = 3.7757e-04
Loss = 2.1681e-02, PNorm = 139.6999, GNorm = 0.2259, lr_0 = 3.7745e-04
Loss = 1.8280e-02, PNorm = 139.7307, GNorm = 0.3149, lr_0 = 3.7733e-04
Loss = 1.8408e-02, PNorm = 139.7625, GNorm = 0.4378, lr_0 = 3.7721e-04
Loss = 2.0758e-02, PNorm = 139.7941, GNorm = 0.4391, lr_0 = 3.7709e-04
Loss = 1.8002e-02, PNorm = 139.8200, GNorm = 0.2278, lr_0 = 3.7697e-04
Loss = 1.6842e-02, PNorm = 139.8473, GNorm = 0.2297, lr_0 = 3.7685e-04
Loss = 2.3977e-02, PNorm = 139.8883, GNorm = 0.4224, lr_0 = 3.7674e-04
Loss = 2.4147e-02, PNorm = 139.9248, GNorm = 0.8059, lr_0 = 3.7662e-04
Loss = 2.4822e-02, PNorm = 139.9691, GNorm = 0.8408, lr_0 = 3.7650e-04
Loss = 2.2859e-02, PNorm = 140.0109, GNorm = 0.8028, lr_0 = 3.7638e-04
Validation rmse = 30.804627
Epoch 39
Loss = 2.6254e-02, PNorm = 140.0468, GNorm = 0.4123, lr_0 = 3.7626e-04
Loss = 2.1115e-02, PNorm = 140.0724, GNorm = 0.3682, lr_0 = 3.7614e-04
Loss = 2.0492e-02, PNorm = 140.1031, GNorm = 0.2256, lr_0 = 3.7602e-04
Loss = 1.9001e-02, PNorm = 140.1358, GNorm = 0.5658, lr_0 = 3.7590e-04
Loss = 2.1304e-02, PNorm = 140.1737, GNorm = 0.3876, lr_0 = 3.7578e-04
Loss = 2.2034e-02, PNorm = 140.2159, GNorm = 0.3040, lr_0 = 3.7566e-04
Loss = 2.0835e-02, PNorm = 140.2552, GNorm = 0.1665, lr_0 = 3.7555e-04
Loss = 2.2078e-02, PNorm = 140.2890, GNorm = 0.8084, lr_0 = 3.7543e-04
Loss = 2.1674e-02, PNorm = 140.3163, GNorm = 0.4852, lr_0 = 3.7531e-04
Loss = 2.6471e-02, PNorm = 140.3493, GNorm = 0.5482, lr_0 = 3.7519e-04
Loss = 2.2126e-02, PNorm = 140.3914, GNorm = 0.3042, lr_0 = 3.7507e-04
Loss = 2.1408e-02, PNorm = 140.4238, GNorm = 0.1991, lr_0 = 3.7495e-04
Loss = 2.0193e-02, PNorm = 140.4649, GNorm = 0.3280, lr_0 = 3.7483e-04
Loss = 1.9476e-02, PNorm = 140.5013, GNorm = 0.2789, lr_0 = 3.7472e-04
Loss = 2.1532e-02, PNorm = 140.5392, GNorm = 0.6713, lr_0 = 3.7460e-04
Loss = 1.9032e-02, PNorm = 140.5724, GNorm = 0.5458, lr_0 = 3.7448e-04
Validation rmse = 32.117851
Epoch 40
Loss = 1.9794e-02, PNorm = 140.6060, GNorm = 0.5731, lr_0 = 3.7436e-04
Loss = 1.9167e-02, PNorm = 140.6391, GNorm = 0.2188, lr_0 = 3.7424e-04
Loss = 2.1628e-02, PNorm = 140.6703, GNorm = 0.2111, lr_0 = 3.7412e-04
Loss = 1.4892e-02, PNorm = 140.6925, GNorm = 0.1642, lr_0 = 3.7400e-04
Loss = 1.8998e-02, PNorm = 140.7201, GNorm = 0.4764, lr_0 = 3.7389e-04
Loss = 1.7741e-02, PNorm = 140.7417, GNorm = 0.5260, lr_0 = 3.7377e-04
Loss = 2.0301e-02, PNorm = 140.7766, GNorm = 0.3383, lr_0 = 3.7365e-04
Loss = 1.8692e-02, PNorm = 140.8073, GNorm = 0.4412, lr_0 = 3.7353e-04
Loss = 2.1623e-02, PNorm = 140.8342, GNorm = 0.7545, lr_0 = 3.7341e-04
Loss = 2.2484e-02, PNorm = 140.8704, GNorm = 0.4311, lr_0 = 3.7330e-04
Loss = 2.2565e-02, PNorm = 140.9143, GNorm = 0.4592, lr_0 = 3.7318e-04
Loss = 1.6418e-02, PNorm = 140.9507, GNorm = 0.2326, lr_0 = 3.7306e-04
Loss = 1.8820e-02, PNorm = 140.9816, GNorm = 0.3082, lr_0 = 3.7294e-04
Loss = 1.7816e-02, PNorm = 141.0197, GNorm = 0.1690, lr_0 = 3.7282e-04
Loss = 2.1052e-02, PNorm = 141.0528, GNorm = 0.2154, lr_0 = 3.7271e-04
Validation rmse = 32.454652
Epoch 41
Loss = 1.8949e-02, PNorm = 141.0800, GNorm = 0.3202, lr_0 = 3.7259e-04
Loss = 1.6796e-02, PNorm = 141.1031, GNorm = 0.1850, lr_0 = 3.7247e-04
Loss = 1.6816e-02, PNorm = 141.1286, GNorm = 0.1591, lr_0 = 3.7235e-04
Loss = 1.5612e-02, PNorm = 141.1561, GNorm = 0.1624, lr_0 = 3.7223e-04
Loss = 2.4673e-02, PNorm = 141.1890, GNorm = 0.2745, lr_0 = 3.7212e-04
Loss = 2.0712e-02, PNorm = 141.2242, GNorm = 0.3963, lr_0 = 3.7200e-04
Loss = 1.8605e-02, PNorm = 141.2640, GNorm = 0.2874, lr_0 = 3.7188e-04
Loss = 1.7543e-02, PNorm = 141.2974, GNorm = 0.5605, lr_0 = 3.7176e-04
Loss = 1.6242e-02, PNorm = 141.3208, GNorm = 0.2072, lr_0 = 3.7165e-04
Loss = 1.7309e-02, PNorm = 141.3463, GNorm = 0.3260, lr_0 = 3.7153e-04
Loss = 2.4850e-02, PNorm = 141.3794, GNorm = 0.8397, lr_0 = 3.7141e-04
Loss = 1.8407e-02, PNorm = 141.4201, GNorm = 0.4993, lr_0 = 3.7129e-04
Loss = 1.7251e-02, PNorm = 141.4494, GNorm = 0.1731, lr_0 = 3.7118e-04
Loss = 2.5239e-02, PNorm = 141.4793, GNorm = 0.6417, lr_0 = 3.7106e-04
Loss = 1.8107e-02, PNorm = 141.5163, GNorm = 0.2636, lr_0 = 3.7094e-04
Loss = 1.7816e-02, PNorm = 141.5449, GNorm = 0.4894, lr_0 = 3.7082e-04
Validation rmse = 32.293200
Epoch 42
Loss = 2.3127e-02, PNorm = 141.5851, GNorm = 0.5001, lr_0 = 3.7071e-04
Loss = 2.3931e-02, PNorm = 141.6277, GNorm = 0.2826, lr_0 = 3.7059e-04
Loss = 1.5758e-02, PNorm = 141.6585, GNorm = 0.2918, lr_0 = 3.7047e-04
Loss = 1.9851e-02, PNorm = 141.6896, GNorm = 0.3809, lr_0 = 3.7036e-04
Loss = 1.9077e-02, PNorm = 141.7315, GNorm = 0.2880, lr_0 = 3.7024e-04
Loss = 2.0361e-02, PNorm = 141.7714, GNorm = 0.4453, lr_0 = 3.7012e-04
Loss = 1.7453e-02, PNorm = 141.8055, GNorm = 0.8383, lr_0 = 3.7000e-04
Loss = 2.4838e-02, PNorm = 141.8374, GNorm = 0.3869, lr_0 = 3.6989e-04
Loss = 2.3784e-02, PNorm = 141.8732, GNorm = 0.2934, lr_0 = 3.6977e-04
Loss = 2.1031e-02, PNorm = 141.9095, GNorm = 0.4924, lr_0 = 3.6965e-04
Loss = 1.6412e-02, PNorm = 141.9474, GNorm = 0.2551, lr_0 = 3.6954e-04
Loss = 1.7863e-02, PNorm = 141.9867, GNorm = 0.4521, lr_0 = 3.6942e-04
Loss = 1.8042e-02, PNorm = 142.0139, GNorm = 0.4083, lr_0 = 3.6930e-04
Loss = 1.9285e-02, PNorm = 142.0477, GNorm = 0.6074, lr_0 = 3.6919e-04
Loss = 2.1031e-02, PNorm = 142.0856, GNorm = 0.3823, lr_0 = 3.6907e-04
Validation rmse = 31.364567
Epoch 43
Loss = 1.4494e-02, PNorm = 142.1197, GNorm = 0.3462, lr_0 = 3.6894e-04
Loss = 1.7889e-02, PNorm = 142.1511, GNorm = 0.2738, lr_0 = 3.6882e-04
Loss = 1.7256e-02, PNorm = 142.1801, GNorm = 0.3599, lr_0 = 3.6871e-04
Loss = 1.7721e-02, PNorm = 142.2062, GNorm = 0.1618, lr_0 = 3.6859e-04
Loss = 2.1009e-02, PNorm = 142.2364, GNorm = 0.4318, lr_0 = 3.6847e-04
Loss = 2.1130e-02, PNorm = 142.2733, GNorm = 0.8043, lr_0 = 3.6836e-04
Loss = 1.5588e-02, PNorm = 142.3164, GNorm = 0.5535, lr_0 = 3.6824e-04
Loss = 2.5080e-02, PNorm = 142.3555, GNorm = 0.8168, lr_0 = 3.6813e-04
Loss = 2.4285e-02, PNorm = 142.4059, GNorm = 0.6936, lr_0 = 3.6801e-04
Loss = 2.1473e-02, PNorm = 142.4454, GNorm = 0.2708, lr_0 = 3.6789e-04
Loss = 2.0940e-02, PNorm = 142.4871, GNorm = 0.2733, lr_0 = 3.6778e-04
Loss = 1.8184e-02, PNorm = 142.5258, GNorm = 0.3483, lr_0 = 3.6766e-04
Loss = 2.0045e-02, PNorm = 142.5671, GNorm = 0.2175, lr_0 = 3.6754e-04
Loss = 2.1704e-02, PNorm = 142.5968, GNorm = 1.0039, lr_0 = 3.6743e-04
Loss = 2.0040e-02, PNorm = 142.6199, GNorm = 0.4212, lr_0 = 3.6731e-04
Loss = 1.9425e-02, PNorm = 142.6577, GNorm = 0.2217, lr_0 = 3.6719e-04
Validation rmse = 31.684593
Epoch 44
Loss = 1.7121e-02, PNorm = 142.6981, GNorm = 0.1856, lr_0 = 3.6708e-04
Loss = 1.5334e-02, PNorm = 142.7283, GNorm = 0.6451, lr_0 = 3.6696e-04
Loss = 1.6801e-02, PNorm = 142.7604, GNorm = 0.2703, lr_0 = 3.6685e-04
Loss = 1.6852e-02, PNorm = 142.7943, GNorm = 0.3774, lr_0 = 3.6673e-04
Loss = 2.0669e-02, PNorm = 142.8230, GNorm = 0.2263, lr_0 = 3.6661e-04
Loss = 2.1003e-02, PNorm = 142.8555, GNorm = 0.5760, lr_0 = 3.6650e-04
Loss = 2.2715e-02, PNorm = 142.8999, GNorm = 0.5770, lr_0 = 3.6638e-04
Loss = 2.2770e-02, PNorm = 142.9439, GNorm = 0.3456, lr_0 = 3.6627e-04
Loss = 2.0423e-02, PNorm = 142.9974, GNorm = 0.5889, lr_0 = 3.6615e-04
Loss = 2.0096e-02, PNorm = 143.0415, GNorm = 0.3120, lr_0 = 3.6604e-04
Loss = 1.9500e-02, PNorm = 143.0720, GNorm = 0.5667, lr_0 = 3.6592e-04
Loss = 1.8034e-02, PNorm = 143.0995, GNorm = 0.3234, lr_0 = 3.6580e-04
Loss = 1.8895e-02, PNorm = 143.1255, GNorm = 0.3918, lr_0 = 3.6569e-04
Loss = 1.7933e-02, PNorm = 143.1536, GNorm = 0.4568, lr_0 = 3.6557e-04
Loss = 2.1809e-02, PNorm = 143.1855, GNorm = 0.4753, lr_0 = 3.6546e-04
Loss = 1.9039e-02, PNorm = 143.2237, GNorm = 0.2602, lr_0 = 3.6534e-04
Validation rmse = 30.423018
Epoch 45
Loss = 2.1259e-02, PNorm = 143.2660, GNorm = 0.2863, lr_0 = 3.6523e-04
Loss = 1.6624e-02, PNorm = 143.2957, GNorm = 0.2777, lr_0 = 3.6511e-04
Loss = 1.4625e-02, PNorm = 143.3235, GNorm = 0.3794, lr_0 = 3.6499e-04
Loss = 1.8115e-02, PNorm = 143.3545, GNorm = 0.4865, lr_0 = 3.6488e-04
Loss = 1.8241e-02, PNorm = 143.3886, GNorm = 0.3083, lr_0 = 3.6476e-04
Loss = 1.7091e-02, PNorm = 143.4154, GNorm = 0.3426, lr_0 = 3.6465e-04
Loss = 2.0203e-02, PNorm = 143.4488, GNorm = 0.3498, lr_0 = 3.6453e-04
Loss = 1.8754e-02, PNorm = 143.4943, GNorm = 0.2810, lr_0 = 3.6442e-04
Loss = 1.7058e-02, PNorm = 143.5290, GNorm = 0.6210, lr_0 = 3.6430e-04
Loss = 2.2368e-02, PNorm = 143.5683, GNorm = 0.6368, lr_0 = 3.6419e-04
Loss = 2.0936e-02, PNorm = 143.6105, GNorm = 0.4591, lr_0 = 3.6407e-04
Loss = 1.8098e-02, PNorm = 143.6501, GNorm = 0.5315, lr_0 = 3.6396e-04
Loss = 1.8761e-02, PNorm = 143.6932, GNorm = 0.2996, lr_0 = 3.6384e-04
Loss = 1.8481e-02, PNorm = 143.7256, GNorm = 0.7508, lr_0 = 3.6373e-04
Loss = 2.4987e-02, PNorm = 143.7566, GNorm = 0.8684, lr_0 = 3.6361e-04
Validation rmse = 31.486661
Epoch 46
Loss = 1.9143e-02, PNorm = 143.7928, GNorm = 0.4576, lr_0 = 3.6350e-04
Loss = 1.8551e-02, PNorm = 143.8351, GNorm = 0.1760, lr_0 = 3.6338e-04
Loss = 1.7159e-02, PNorm = 143.8768, GNorm = 0.2062, lr_0 = 3.6327e-04
Loss = 1.6603e-02, PNorm = 143.9149, GNorm = 0.1682, lr_0 = 3.6315e-04
Loss = 2.3446e-02, PNorm = 143.9554, GNorm = 0.3647, lr_0 = 3.6304e-04
Loss = 2.6404e-02, PNorm = 143.9996, GNorm = 0.2677, lr_0 = 3.6292e-04
Loss = 2.0992e-02, PNorm = 144.0442, GNorm = 0.6464, lr_0 = 3.6281e-04
Loss = 1.8163e-02, PNorm = 144.0896, GNorm = 0.3777, lr_0 = 3.6269e-04
Loss = 2.0083e-02, PNorm = 144.1322, GNorm = 0.3952, lr_0 = 3.6258e-04
Loss = 1.8862e-02, PNorm = 144.1751, GNorm = 0.8482, lr_0 = 3.6246e-04
Loss = 2.7870e-02, PNorm = 144.2268, GNorm = 0.7860, lr_0 = 3.6235e-04
Loss = 2.2464e-02, PNorm = 144.2775, GNorm = 0.5497, lr_0 = 3.6223e-04
Loss = 2.0917e-02, PNorm = 144.3118, GNorm = 0.4965, lr_0 = 3.6212e-04
Loss = 2.0285e-02, PNorm = 144.3546, GNorm = 0.4436, lr_0 = 3.6201e-04
Loss = 2.1044e-02, PNorm = 144.3989, GNorm = 0.6203, lr_0 = 3.6189e-04
Loss = 1.5686e-02, PNorm = 144.4307, GNorm = 0.3410, lr_0 = 3.6178e-04
Validation rmse = 30.874304
Epoch 47
Loss = 1.7689e-02, PNorm = 144.4729, GNorm = 0.4226, lr_0 = 3.6166e-04
Loss = 1.6285e-02, PNorm = 144.5099, GNorm = 0.3219, lr_0 = 3.6155e-04
Loss = 2.1185e-02, PNorm = 144.5534, GNorm = 0.4177, lr_0 = 3.6143e-04
Loss = 1.7123e-02, PNorm = 144.5915, GNorm = 0.1872, lr_0 = 3.6132e-04
Loss = 1.9842e-02, PNorm = 144.6257, GNorm = 0.2243, lr_0 = 3.6121e-04
Loss = 1.8984e-02, PNorm = 144.6559, GNorm = 0.4357, lr_0 = 3.6109e-04
Loss = 1.4439e-02, PNorm = 144.6840, GNorm = 0.2872, lr_0 = 3.6098e-04
Loss = 1.4893e-02, PNorm = 144.7152, GNorm = 0.5016, lr_0 = 3.6086e-04
Loss = 1.9082e-02, PNorm = 144.7449, GNorm = 0.3873, lr_0 = 3.6075e-04
Loss = 1.8715e-02, PNorm = 144.7737, GNorm = 0.3350, lr_0 = 3.6063e-04
Loss = 2.1570e-02, PNorm = 144.8103, GNorm = 0.6209, lr_0 = 3.6052e-04
Loss = 1.7830e-02, PNorm = 144.8466, GNorm = 0.9689, lr_0 = 3.6041e-04
Loss = 2.3587e-02, PNorm = 144.8879, GNorm = 0.2639, lr_0 = 3.6029e-04
Loss = 1.6229e-02, PNorm = 144.9297, GNorm = 0.2958, lr_0 = 3.6018e-04
Loss = 1.8247e-02, PNorm = 144.9700, GNorm = 0.2177, lr_0 = 3.6006e-04
Validation rmse = 30.317925
Epoch 48
Loss = 1.5181e-02, PNorm = 145.0096, GNorm = 0.3996, lr_0 = 3.5994e-04
Loss = 1.3140e-02, PNorm = 145.0416, GNorm = 0.1915, lr_0 = 3.5983e-04
Loss = 1.5133e-02, PNorm = 145.0702, GNorm = 0.1873, lr_0 = 3.5971e-04
Loss = 1.5665e-02, PNorm = 145.0916, GNorm = 0.3684, lr_0 = 3.5960e-04
Loss = 1.8284e-02, PNorm = 145.1140, GNorm = 0.6709, lr_0 = 3.5948e-04
Loss = 2.1948e-02, PNorm = 145.1530, GNorm = 0.3259, lr_0 = 3.5937e-04
Loss = 2.1137e-02, PNorm = 145.1959, GNorm = 0.3211, lr_0 = 3.5926e-04
Loss = 1.7535e-02, PNorm = 145.2347, GNorm = 0.3839, lr_0 = 3.5914e-04
Loss = 1.7379e-02, PNorm = 145.2690, GNorm = 0.1671, lr_0 = 3.5903e-04
Loss = 2.0089e-02, PNorm = 145.3050, GNorm = 0.3763, lr_0 = 3.5892e-04
Loss = 1.5699e-02, PNorm = 145.3429, GNorm = 0.2252, lr_0 = 3.5880e-04
Loss = 1.6000e-02, PNorm = 145.3818, GNorm = 0.2872, lr_0 = 3.5869e-04
Loss = 1.7692e-02, PNorm = 145.4138, GNorm = 0.2215, lr_0 = 3.5858e-04
Loss = 1.7663e-02, PNorm = 145.4451, GNorm = 0.3290, lr_0 = 3.5846e-04
Loss = 1.8707e-02, PNorm = 145.4820, GNorm = 0.3571, lr_0 = 3.5835e-04
Loss = 1.4081e-02, PNorm = 145.5108, GNorm = 0.3329, lr_0 = 3.5824e-04
Validation rmse = 30.572557
Epoch 49
Loss = 1.7858e-02, PNorm = 145.5423, GNorm = 0.2432, lr_0 = 3.5812e-04
Loss = 1.4891e-02, PNorm = 145.5710, GNorm = 0.2631, lr_0 = 3.5801e-04
Loss = 1.6342e-02, PNorm = 145.6043, GNorm = 0.3469, lr_0 = 3.5790e-04
Loss = 1.6136e-02, PNorm = 145.6406, GNorm = 0.3109, lr_0 = 3.5778e-04
Loss = 1.5119e-02, PNorm = 145.6762, GNorm = 0.3053, lr_0 = 3.5767e-04
Loss = 2.3315e-02, PNorm = 145.7052, GNorm = 0.7709, lr_0 = 3.5756e-04
Loss = 1.6827e-02, PNorm = 145.7499, GNorm = 0.3555, lr_0 = 3.5744e-04
Loss = 1.6150e-02, PNorm = 145.7845, GNorm = 0.1529, lr_0 = 3.5733e-04
Loss = 1.7958e-02, PNorm = 145.8169, GNorm = 0.6508, lr_0 = 3.5722e-04
Loss = 1.9112e-02, PNorm = 145.8508, GNorm = 0.2271, lr_0 = 3.5710e-04
Loss = 1.5386e-02, PNorm = 145.8838, GNorm = 0.6623, lr_0 = 3.5701e-04
Loss = 1.9432e-02, PNorm = 145.9123, GNorm = 0.3288, lr_0 = 3.5701e-04
Loss = 1.9403e-02, PNorm = 145.9476, GNorm = 0.6593, lr_0 = 3.5701e-04
Loss = 1.6006e-02, PNorm = 145.9876, GNorm = 0.2533, lr_0 = 3.5701e-04
Loss = 1.6949e-02, PNorm = 146.0224, GNorm = 0.3445, lr_0 = 3.5701e-04
Validation rmse = 30.491538
Model 0 best validation rmse = 30.317925 on epoch 47
Loading pretrained parameter "encoder.encoder.0.cached_zero_vector".
Loading pretrained parameter "encoder.encoder.0.W_i.weight".
Loading pretrained parameter "encoder.encoder.0.W_h.weight".
Loading pretrained parameter "encoder.encoder.0.W_o.weight".
Loading pretrained parameter "encoder.encoder.0.W_o.bias".
Loading pretrained parameter "encoder.encoder.1.cached_zero_vector".
Loading pretrained parameter "encoder.encoder.1.W_i.weight".
Loading pretrained parameter "encoder.encoder.1.W_h.weight".
Loading pretrained parameter "encoder.encoder.1.W_o.weight".
Loading pretrained parameter "encoder.encoder.1.W_o.bias".
Loading pretrained parameter "ffn.1.weight".
Loading pretrained parameter "ffn.1.bias".
Loading pretrained parameter "ffn.4.weight".
Loading pretrained parameter "ffn.4.bias".
Moving model to cuda
Model 0 test rmse = 25.612185
Ensemble test rmse = 25.612185
1-fold cross validation
	Seed 0 ==> test rmse = 25.612185
Overall test rmse = 25.612185 +/- 0.000000
Elapsed time = 0:48:18
