Command line
python /home/kpg/chemprop/train.py --data_path ../../../data/splits/lambda_max_abs/deep4chem/group_by_smiles/smiles_target_train.csv --dataset_type regression --save_dir /home/kimele03/uvvisml/uvvisml/models/emi_all_checkpoints/group_by_smiles/results/507015/49670513 --config_path /home/kimele03/uvvisml/uvvisml/models/emi_all_checkpoints/group_by_smiles/results/507015/49670513/hyperopt.json --metric rmse --epochs 50 --gpu 0 --ensemble_size 1 --separate_val_path ../../../data/splits/lambda_max_abs/deep4chem/group_by_smiles/smiles_target_val.csv --separate_test_path ../../../data/splits/lambda_max_abs/deep4chem/group_by_smiles/smiles_target_test.csv --number_of_molecules 2
Args
{'activation': 'ReLU',
 'aggregation': 'mean',
 'aggregation_norm': 100,
 'atom_descriptor_scaling': True,
 'atom_descriptors': None,
 'atom_descriptors_path': None,
 'atom_descriptors_size': 0,
 'atom_features_size': 0,
 'atom_messages': False,
 'batch_size': 97,
 'bias': False,
 'bond_feature_scaling': True,
 'bond_features_path': None,
 'bond_features_size': 0,
 'cache_cutoff': 10000,
 'checkpoint_dir': None,
 'checkpoint_frzn': None,
 'checkpoint_path': None,
 'checkpoint_paths': None,
 'class_balance': False,
 'config_path': '/home/kimele03/uvvisml/uvvisml/models/emi_all_checkpoints/group_by_smiles/results/507015/49670513/hyperopt.json',
 'crossval_index_dir': None,
 'crossval_index_file': None,
 'crossval_index_sets': None,
 'cuda': True,
 'data_path': '../../../data/splits/lambda_max_abs/deep4chem/group_by_smiles/smiles_target_train.csv',
 'data_weights_path': None,
 'dataset_type': 'regression',
 'depth': 5,
 'device': device(type='cuda', index=0),
 'dropout': 0.21393308967648758,
 'empty_cache': False,
 'ensemble_size': 1,
 'epochs': 50,
 'explicit_h': False,
 'extra_metrics': [],
 'features_generator': None,
 'features_only': False,
 'features_path': None,
 'features_scaling': True,
 'features_size': None,
 'ffn_hidden_size': 869,
 'ffn_num_layers': 2,
 'final_lr': 0.0001788545478152534,
 'folds_file': None,
 'freeze_first_only': False,
 'frzn_ffn_layers': 0,
 'gpu': 0,
 'grad_clip': None,
 'hidden_size': 1919,
 'ignore_columns': None,
 'init_lr': 4.359309751967183e-05,
 'log_frequency': 10,
 'max_data_size': None,
 'max_lr': 0.0008708205586379834,
 'metric': 'rmse',
 'metrics': ['rmse'],
 'minimize_score': True,
 'mpn_shared': False,
 'multiclass_num_classes': 3,
 'no_atom_descriptor_scaling': False,
 'no_bond_features_scaling': False,
 'no_cache_mol': False,
 'no_cuda': False,
 'no_features_scaling': False,
 'num_folds': 1,
 'num_lrs': 1,
 'num_tasks': 1,
 'num_workers': 8,
 'number_of_molecules': 2,
 'overwrite_default_atom_features': False,
 'overwrite_default_bond_features': False,
 'pytorch_seed': 0,
 'quiet': False,
 'reaction': False,
 'reaction_mode': 'reac_diff',
 'resume_experiment': False,
 'save_dir': '/home/kimele03/uvvisml/uvvisml/models/emi_all_checkpoints/group_by_smiles/results/507015/49670513',
 'save_preds': False,
 'save_smiles_splits': False,
 'seed': 0,
 'separate_test_atom_descriptors_path': None,
 'separate_test_bond_features_path': None,
 'separate_test_features_path': None,
 'separate_test_path': '../../../data/splits/lambda_max_abs/deep4chem/group_by_smiles/smiles_target_test.csv',
 'separate_val_atom_descriptors_path': None,
 'separate_val_bond_features_path': None,
 'separate_val_features_path': None,
 'separate_val_path': '../../../data/splits/lambda_max_abs/deep4chem/group_by_smiles/smiles_target_val.csv',
 'show_individual_scores': False,
 'smiles_columns': ['smiles', 'solvent'],
 'split_sizes': (0.8, 0.1, 0.1),
 'split_type': 'random',
 'target_columns': None,
 'target_weights': None,
 'task_names': ['peakwavs_max'],
 'test': False,
 'test_fold_index': None,
 'train_data_size': None,
 'undirected': False,
 'use_input_features': False,
 'val_fold_index': None,
 'warmup_epochs': 4}
Loading data
Number of tasks = 1
Fold 0
Splitting data with seed 0
Total size = 13,242 | train size = 13,242 | val size = 1,633 | test size = 1,710
Fitting scaler
Building model 0
MoleculeModel(
  (encoder): MPN(
    (encoder): ModuleList(
      (0): MPNEncoder(
        (dropout_layer): Dropout(p=0.21393308967648758, inplace=False)
        (act_func): ReLU()
        (W_i): Linear(in_features=147, out_features=1919, bias=False)
        (W_h): Linear(in_features=1919, out_features=1919, bias=False)
        (W_o): Linear(in_features=2052, out_features=1919, bias=True)
      )
      (1): MPNEncoder(
        (dropout_layer): Dropout(p=0.21393308967648758, inplace=False)
        (act_func): ReLU()
        (W_i): Linear(in_features=147, out_features=1919, bias=False)
        (W_h): Linear(in_features=1919, out_features=1919, bias=False)
        (W_o): Linear(in_features=2052, out_features=1919, bias=True)
      )
    )
  )
  (ffn): Sequential(
    (0): Dropout(p=0.21393308967648758, inplace=False)
    (1): Linear(in_features=3838, out_features=869, bias=True)
    (2): ReLU()
    (3): Dropout(p=0.21393308967648758, inplace=False)
    (4): Linear(in_features=869, out_features=1, bias=True)
  )
)
Number of parameters = 19,149,521
Moving model to cuda
Epoch 0
Loss = 1.2425e+00, PNorm = 98.8454, GNorm = 7.3557, lr_0 = 6.0320e-05
Loss = 8.9656e-01, PNorm = 98.8482, GNorm = 6.7382, lr_0 = 7.5527e-05
Loss = 1.0746e+00, PNorm = 98.8524, GNorm = 7.1724, lr_0 = 9.0733e-05
Loss = 8.9510e-01, PNorm = 98.8576, GNorm = 2.7963, lr_0 = 1.0594e-04
Loss = 7.0115e-01, PNorm = 98.8645, GNorm = 1.7143, lr_0 = 1.2115e-04
Loss = 7.8680e-01, PNorm = 98.8729, GNorm = 6.1544, lr_0 = 1.3635e-04
Loss = 7.6240e-01, PNorm = 98.8822, GNorm = 2.4999, lr_0 = 1.5156e-04
Loss = 7.1249e-01, PNorm = 98.8966, GNorm = 7.6494, lr_0 = 1.6676e-04
Loss = 6.6171e-01, PNorm = 98.9133, GNorm = 11.9470, lr_0 = 1.8197e-04
Loss = 7.7222e-01, PNorm = 98.9308, GNorm = 6.4986, lr_0 = 1.9718e-04
Loss = 5.4888e-01, PNorm = 98.9517, GNorm = 1.6350, lr_0 = 2.1238e-04
Loss = 5.5362e-01, PNorm = 98.9722, GNorm = 3.3788, lr_0 = 2.2759e-04
Loss = 4.9754e-01, PNorm = 98.9931, GNorm = 1.8868, lr_0 = 2.4280e-04
Validation rmse = 76.080707
Epoch 1
Loss = 5.7388e-01, PNorm = 99.0176, GNorm = 16.8379, lr_0 = 2.5952e-04
Loss = 4.7573e-01, PNorm = 99.0413, GNorm = 7.6364, lr_0 = 2.7473e-04
Loss = 5.4311e-01, PNorm = 99.0692, GNorm = 15.2111, lr_0 = 2.8994e-04
Loss = 4.7229e-01, PNorm = 99.0990, GNorm = 3.6220, lr_0 = 3.0514e-04
Loss = 3.7736e-01, PNorm = 99.1262, GNorm = 4.7152, lr_0 = 3.2035e-04
Loss = 3.8266e-01, PNorm = 99.1517, GNorm = 2.5172, lr_0 = 3.3556e-04
Loss = 3.7924e-01, PNorm = 99.1772, GNorm = 9.5600, lr_0 = 3.5076e-04
Loss = 3.9635e-01, PNorm = 99.2077, GNorm = 5.2972, lr_0 = 3.6597e-04
Loss = 1.0332e+00, PNorm = 99.2588, GNorm = 0.9220, lr_0 = 3.8117e-04
Loss = 9.0884e-01, PNorm = 99.3296, GNorm = 2.0785, lr_0 = 3.9638e-04
Loss = 7.9414e-01, PNorm = 99.3942, GNorm = 13.2656, lr_0 = 4.1159e-04
Loss = 7.6473e-01, PNorm = 99.4556, GNorm = 16.8372, lr_0 = 4.2679e-04
Loss = 8.2706e-01, PNorm = 99.5193, GNorm = 1.1306, lr_0 = 4.4200e-04
Loss = 5.4621e-01, PNorm = 99.5786, GNorm = 2.0517, lr_0 = 4.5721e-04
Validation rmse = 74.543086
Epoch 2
Loss = 3.7377e-01, PNorm = 99.6235, GNorm = 1.1489, lr_0 = 4.7241e-04
Loss = 4.3976e-01, PNorm = 99.6608, GNorm = 4.6634, lr_0 = 4.8762e-04
Loss = 4.6865e-01, PNorm = 99.7002, GNorm = 6.2220, lr_0 = 5.0283e-04
Loss = 3.8006e-01, PNorm = 99.7401, GNorm = 3.0329, lr_0 = 5.1803e-04
Loss = 4.8824e-01, PNorm = 99.7739, GNorm = 2.5618, lr_0 = 5.3324e-04
Loss = 3.7686e-01, PNorm = 99.8251, GNorm = 2.2457, lr_0 = 5.4845e-04
Loss = 3.3507e-01, PNorm = 99.8617, GNorm = 2.5507, lr_0 = 5.6365e-04
Loss = 3.2710e-01, PNorm = 99.9021, GNorm = 4.2825, lr_0 = 5.7886e-04
Loss = 3.8051e-01, PNorm = 99.9352, GNorm = 3.8517, lr_0 = 5.9406e-04
Loss = 4.0114e-01, PNorm = 99.9781, GNorm = 4.3515, lr_0 = 6.0927e-04
Loss = 3.7603e-01, PNorm = 100.0194, GNorm = 1.2916, lr_0 = 6.2448e-04
Loss = 3.7305e-01, PNorm = 100.0728, GNorm = 4.4233, lr_0 = 6.3968e-04
Loss = 3.3361e-01, PNorm = 100.1160, GNorm = 4.3073, lr_0 = 6.5489e-04
Validation rmse = 62.342733
Epoch 3
Loss = 2.8209e-01, PNorm = 100.1711, GNorm = 3.6959, lr_0 = 6.7162e-04
Loss = 2.7757e-01, PNorm = 100.2174, GNorm = 4.4225, lr_0 = 6.8682e-04
Loss = 2.9570e-01, PNorm = 100.2634, GNorm = 3.2865, lr_0 = 7.0203e-04
Loss = 2.8966e-01, PNorm = 100.3185, GNorm = 3.6675, lr_0 = 7.1724e-04
Loss = 3.2052e-01, PNorm = 100.3794, GNorm = 2.8079, lr_0 = 7.3244e-04
Loss = 3.0275e-01, PNorm = 100.4434, GNorm = 1.2360, lr_0 = 7.4765e-04
Loss = 2.7523e-01, PNorm = 100.5156, GNorm = 2.3957, lr_0 = 7.6286e-04
Loss = 2.2631e-01, PNorm = 100.5895, GNorm = 2.6823, lr_0 = 7.7806e-04
Loss = 2.4800e-01, PNorm = 100.6651, GNorm = 3.5585, lr_0 = 7.9327e-04
Loss = 2.6901e-01, PNorm = 100.7580, GNorm = 2.1025, lr_0 = 8.0847e-04
Loss = 2.5376e-01, PNorm = 100.8562, GNorm = 1.2364, lr_0 = 8.2368e-04
Loss = 2.5796e-01, PNorm = 100.9726, GNorm = 3.4285, lr_0 = 8.3889e-04
Loss = 2.6743e-01, PNorm = 101.0850, GNorm = 3.9740, lr_0 = 8.5409e-04
Loss = 2.4696e-01, PNorm = 101.1895, GNorm = 3.4004, lr_0 = 8.6930e-04
Validation rmse = 57.762661
Epoch 4
Loss = 3.1304e-01, PNorm = 101.2939, GNorm = 1.2855, lr_0 = 8.6884e-04
Loss = 3.0803e-01, PNorm = 101.4058, GNorm = 1.7459, lr_0 = 8.6664e-04
Loss = 2.2221e-01, PNorm = 101.5092, GNorm = 0.8486, lr_0 = 8.6445e-04
Loss = 2.3748e-01, PNorm = 101.5935, GNorm = 3.3213, lr_0 = 8.6227e-04
Loss = 2.2614e-01, PNorm = 101.6757, GNorm = 2.9178, lr_0 = 8.6009e-04
Loss = 2.3734e-01, PNorm = 101.7574, GNorm = 0.8910, lr_0 = 8.5792e-04
Loss = 1.9592e-01, PNorm = 101.8341, GNorm = 1.8198, lr_0 = 8.5575e-04
Loss = 1.5456e-01, PNorm = 101.9091, GNorm = 0.6815, lr_0 = 8.5359e-04
Loss = 2.1380e-01, PNorm = 101.9852, GNorm = 2.3909, lr_0 = 8.5143e-04
Loss = 1.9627e-01, PNorm = 102.0686, GNorm = 1.6908, lr_0 = 8.4928e-04
Loss = 1.5747e-01, PNorm = 102.1568, GNorm = 1.2872, lr_0 = 8.4713e-04
Loss = 1.5931e-01, PNorm = 102.2383, GNorm = 0.9903, lr_0 = 8.4499e-04
Loss = 1.5135e-01, PNorm = 102.3125, GNorm = 1.4143, lr_0 = 8.4286e-04
Loss = 1.4361e-01, PNorm = 102.3867, GNorm = 1.5173, lr_0 = 8.4073e-04
Validation rmse = 49.777151
Epoch 5
Loss = 1.7520e-01, PNorm = 102.4795, GNorm = 2.4136, lr_0 = 8.3839e-04
Loss = 1.6304e-01, PNorm = 102.5604, GNorm = 2.2843, lr_0 = 8.3627e-04
Loss = 1.7116e-01, PNorm = 102.6413, GNorm = 2.2834, lr_0 = 8.3416e-04
Loss = 1.6123e-01, PNorm = 102.7260, GNorm = 1.4299, lr_0 = 8.3205e-04
Loss = 1.4457e-01, PNorm = 102.8050, GNorm = 0.9776, lr_0 = 8.2995e-04
Loss = 1.5916e-01, PNorm = 102.8876, GNorm = 2.0169, lr_0 = 8.2785e-04
Loss = 1.4443e-01, PNorm = 102.9743, GNorm = 0.9052, lr_0 = 8.2576e-04
Loss = 1.3407e-01, PNorm = 103.0537, GNorm = 1.1998, lr_0 = 8.2367e-04
Loss = 1.3745e-01, PNorm = 103.1232, GNorm = 1.9809, lr_0 = 8.2159e-04
Loss = 1.3562e-01, PNorm = 103.1898, GNorm = 2.9034, lr_0 = 8.1951e-04
Loss = 1.7110e-01, PNorm = 103.2727, GNorm = 2.1311, lr_0 = 8.1744e-04
Loss = 1.2109e-01, PNorm = 103.3539, GNorm = 0.9989, lr_0 = 8.1538e-04
Loss = 1.1708e-01, PNorm = 103.4211, GNorm = 1.3204, lr_0 = 8.1332e-04
Validation rmse = 42.486626
Epoch 6
Loss = 8.4695e-02, PNorm = 103.4860, GNorm = 1.9818, lr_0 = 8.1126e-04
Loss = 1.2786e-01, PNorm = 103.5665, GNorm = 2.0165, lr_0 = 8.0921e-04
Loss = 1.0713e-01, PNorm = 103.6437, GNorm = 1.4021, lr_0 = 8.0717e-04
Loss = 1.1251e-01, PNorm = 103.7002, GNorm = 0.8661, lr_0 = 8.0513e-04
Loss = 1.2355e-01, PNorm = 103.7578, GNorm = 2.5419, lr_0 = 8.0309e-04
Loss = 9.9831e-02, PNorm = 103.8115, GNorm = 0.9285, lr_0 = 8.0106e-04
Loss = 1.1762e-01, PNorm = 103.8816, GNorm = 0.9473, lr_0 = 7.9904e-04
Loss = 1.2277e-01, PNorm = 103.9536, GNorm = 0.8120, lr_0 = 7.9702e-04
Loss = 9.8245e-02, PNorm = 104.0228, GNorm = 0.5771, lr_0 = 7.9501e-04
Loss = 1.0936e-01, PNorm = 104.0869, GNorm = 1.7466, lr_0 = 7.9300e-04
Loss = 9.4973e-02, PNorm = 104.1522, GNorm = 1.7765, lr_0 = 7.9099e-04
Loss = 1.0361e-01, PNorm = 104.2091, GNorm = 2.7065, lr_0 = 7.8900e-04
Loss = 1.1666e-01, PNorm = 104.2704, GNorm = 1.4757, lr_0 = 7.8700e-04
Loss = 1.0584e-01, PNorm = 104.3236, GNorm = 1.0613, lr_0 = 7.8501e-04
Validation rmse = 40.289545
Epoch 7
Loss = 8.2967e-02, PNorm = 104.3953, GNorm = 1.2357, lr_0 = 7.8283e-04
Loss = 1.1203e-01, PNorm = 104.4477, GNorm = 1.0681, lr_0 = 7.8085e-04
Loss = 9.9102e-02, PNorm = 104.5111, GNorm = 1.8448, lr_0 = 7.7888e-04
Loss = 8.1015e-02, PNorm = 104.5634, GNorm = 0.4664, lr_0 = 7.7691e-04
Loss = 1.0298e-01, PNorm = 104.6130, GNorm = 1.2409, lr_0 = 7.7495e-04
Loss = 1.2043e-01, PNorm = 104.6818, GNorm = 0.8501, lr_0 = 7.7299e-04
Loss = 8.9857e-02, PNorm = 104.7440, GNorm = 0.7902, lr_0 = 7.7104e-04
Loss = 8.9746e-02, PNorm = 104.8009, GNorm = 0.7815, lr_0 = 7.6909e-04
Loss = 1.0290e-01, PNorm = 104.8696, GNorm = 1.4611, lr_0 = 7.6714e-04
Loss = 8.6053e-02, PNorm = 104.9428, GNorm = 1.3300, lr_0 = 7.6521e-04
Loss = 9.3728e-02, PNorm = 105.0042, GNorm = 0.6018, lr_0 = 7.6327e-04
Loss = 8.3189e-02, PNorm = 105.0567, GNorm = 0.4615, lr_0 = 7.6134e-04
Loss = 1.1205e-01, PNorm = 105.1116, GNorm = 1.6549, lr_0 = 7.5942e-04
Loss = 1.0144e-01, PNorm = 105.1716, GNorm = 3.0404, lr_0 = 7.5750e-04
Validation rmse = 38.832397
Epoch 8
Loss = 7.8006e-02, PNorm = 105.2349, GNorm = 1.0867, lr_0 = 7.5559e-04
Loss = 8.6068e-02, PNorm = 105.2988, GNorm = 0.5536, lr_0 = 7.5368e-04
Loss = 9.3713e-02, PNorm = 105.3591, GNorm = 0.7381, lr_0 = 7.5177e-04
Loss = 9.0992e-02, PNorm = 105.4160, GNorm = 1.0303, lr_0 = 7.4987e-04
Loss = 8.4675e-02, PNorm = 105.4647, GNorm = 2.9711, lr_0 = 7.4798e-04
Loss = 8.4069e-02, PNorm = 105.5160, GNorm = 1.5761, lr_0 = 7.4609e-04
Loss = 8.6401e-02, PNorm = 105.5621, GNorm = 1.2718, lr_0 = 7.4420e-04
Loss = 9.1800e-02, PNorm = 105.6199, GNorm = 1.2995, lr_0 = 7.4232e-04
Loss = 9.1988e-02, PNorm = 105.6728, GNorm = 0.7450, lr_0 = 7.4045e-04
Loss = 7.3545e-02, PNorm = 105.7217, GNorm = 0.9380, lr_0 = 7.3858e-04
Loss = 8.6754e-02, PNorm = 105.7725, GNorm = 0.8566, lr_0 = 7.3671e-04
Loss = 8.7294e-02, PNorm = 105.8294, GNorm = 0.7116, lr_0 = 7.3485e-04
Loss = 8.7772e-02, PNorm = 105.8948, GNorm = 2.7798, lr_0 = 7.3299e-04
Validation rmse = 36.231637
Epoch 9
Loss = 9.3921e-02, PNorm = 105.9636, GNorm = 2.8923, lr_0 = 7.3095e-04
Loss = 7.9754e-02, PNorm = 106.0319, GNorm = 0.8054, lr_0 = 7.2911e-04
Loss = 7.0389e-02, PNorm = 106.0881, GNorm = 0.7474, lr_0 = 7.2726e-04
Loss = 6.6757e-02, PNorm = 106.1349, GNorm = 0.5474, lr_0 = 7.2543e-04
Loss = 7.5501e-02, PNorm = 106.1760, GNorm = 0.9479, lr_0 = 7.2359e-04
Loss = 7.1882e-02, PNorm = 106.2156, GNorm = 0.9196, lr_0 = 7.2176e-04
Loss = 9.0987e-02, PNorm = 106.2657, GNorm = 0.9377, lr_0 = 7.1994e-04
Loss = 7.9502e-02, PNorm = 106.3169, GNorm = 0.5866, lr_0 = 7.1812e-04
Loss = 8.6982e-02, PNorm = 106.3681, GNorm = 0.4839, lr_0 = 7.1631e-04
Loss = 7.0256e-02, PNorm = 106.4224, GNorm = 1.1385, lr_0 = 7.1450e-04
Loss = 7.8475e-02, PNorm = 106.4702, GNorm = 0.9994, lr_0 = 7.1269e-04
Loss = 8.1325e-02, PNorm = 106.5160, GNorm = 1.8049, lr_0 = 7.1089e-04
Loss = 7.8441e-02, PNorm = 106.5657, GNorm = 1.2158, lr_0 = 7.0909e-04
Loss = 7.3049e-02, PNorm = 106.6137, GNorm = 1.2267, lr_0 = 7.0730e-04
Validation rmse = 35.075101
Epoch 10
Loss = 8.3124e-02, PNorm = 106.6564, GNorm = 0.4279, lr_0 = 7.0551e-04
Loss = 7.8583e-02, PNorm = 106.7103, GNorm = 0.9631, lr_0 = 7.0373e-04
Loss = 7.8222e-02, PNorm = 106.7633, GNorm = 1.7668, lr_0 = 7.0195e-04
Loss = 7.2458e-02, PNorm = 106.8120, GNorm = 1.1844, lr_0 = 7.0018e-04
Loss = 6.9656e-02, PNorm = 106.8629, GNorm = 1.4642, lr_0 = 6.9841e-04
Loss = 6.3791e-02, PNorm = 106.9048, GNorm = 0.5134, lr_0 = 6.9665e-04
Loss = 5.9582e-02, PNorm = 106.9403, GNorm = 0.4048, lr_0 = 6.9489e-04
Loss = 6.1692e-02, PNorm = 106.9745, GNorm = 0.8806, lr_0 = 6.9313e-04
Loss = 7.4134e-02, PNorm = 107.0075, GNorm = 1.2664, lr_0 = 6.9138e-04
Loss = 6.8664e-02, PNorm = 107.0542, GNorm = 0.6496, lr_0 = 6.8963e-04
Loss = 6.6109e-02, PNorm = 107.1056, GNorm = 1.0688, lr_0 = 6.8789e-04
Loss = 7.0453e-02, PNorm = 107.1544, GNorm = 0.8121, lr_0 = 6.8615e-04
Loss = 6.6662e-02, PNorm = 107.1940, GNorm = 1.3579, lr_0 = 6.8442e-04
Loss = 6.6642e-02, PNorm = 107.2367, GNorm = 0.9977, lr_0 = 6.8269e-04
Validation rmse = 32.871613
Epoch 11
Loss = 6.9588e-02, PNorm = 107.2899, GNorm = 0.8964, lr_0 = 6.8079e-04
Loss = 7.2496e-02, PNorm = 107.3398, GNorm = 0.8851, lr_0 = 6.7907e-04
Loss = 5.9876e-02, PNorm = 107.3906, GNorm = 0.3840, lr_0 = 6.7735e-04
Loss = 5.8335e-02, PNorm = 107.4326, GNorm = 0.7404, lr_0 = 6.7564e-04
Loss = 5.8468e-02, PNorm = 107.4653, GNorm = 0.5882, lr_0 = 6.7393e-04
Loss = 6.6324e-02, PNorm = 107.4955, GNorm = 0.4134, lr_0 = 6.7223e-04
Loss = 7.0136e-02, PNorm = 107.5348, GNorm = 0.6841, lr_0 = 6.7053e-04
Loss = 7.6507e-02, PNorm = 107.5907, GNorm = 0.6259, lr_0 = 6.6884e-04
Loss = 6.5603e-02, PNorm = 107.6433, GNorm = 0.7464, lr_0 = 6.6715e-04
Loss = 6.2960e-02, PNorm = 107.6868, GNorm = 2.0433, lr_0 = 6.6546e-04
Loss = 6.6010e-02, PNorm = 107.7257, GNorm = 1.3840, lr_0 = 6.6378e-04
Loss = 5.3821e-02, PNorm = 107.7634, GNorm = 0.9653, lr_0 = 6.6210e-04
Loss = 5.9134e-02, PNorm = 107.8055, GNorm = 0.5839, lr_0 = 6.6043e-04
Validation rmse = 33.195561
Epoch 12
Loss = 7.5096e-02, PNorm = 107.8521, GNorm = 0.8959, lr_0 = 6.5876e-04
Loss = 5.2095e-02, PNorm = 107.8984, GNorm = 1.1241, lr_0 = 6.5710e-04
Loss = 6.4999e-02, PNorm = 107.9391, GNorm = 1.1979, lr_0 = 6.5544e-04
Loss = 5.5087e-02, PNorm = 107.9785, GNorm = 1.7555, lr_0 = 6.5378e-04
Loss = 6.1389e-02, PNorm = 108.0196, GNorm = 0.9807, lr_0 = 6.5213e-04
Loss = 5.7430e-02, PNorm = 108.0638, GNorm = 0.5161, lr_0 = 6.5048e-04
Loss = 5.7219e-02, PNorm = 108.0976, GNorm = 0.6803, lr_0 = 6.4884e-04
Loss = 6.5234e-02, PNorm = 108.1315, GNorm = 0.8350, lr_0 = 6.4720e-04
Loss = 6.0424e-02, PNorm = 108.1806, GNorm = 0.5842, lr_0 = 6.4556e-04
Loss = 5.0826e-02, PNorm = 108.2269, GNorm = 0.8072, lr_0 = 6.4393e-04
Loss = 6.5802e-02, PNorm = 108.2693, GNorm = 1.0492, lr_0 = 6.4230e-04
Loss = 7.3710e-02, PNorm = 108.3141, GNorm = 0.7211, lr_0 = 6.4068e-04
Loss = 6.3079e-02, PNorm = 108.3636, GNorm = 1.6979, lr_0 = 6.3906e-04
Loss = 6.6347e-02, PNorm = 108.4080, GNorm = 1.2627, lr_0 = 6.3745e-04
Validation rmse = 33.867875
Epoch 13
Loss = 5.1880e-02, PNorm = 108.4588, GNorm = 0.7984, lr_0 = 6.3567e-04
Loss = 6.8767e-02, PNorm = 108.5071, GNorm = 0.8046, lr_0 = 6.3407e-04
Loss = 6.6689e-02, PNorm = 108.5433, GNorm = 0.5910, lr_0 = 6.3246e-04
Loss = 6.6029e-02, PNorm = 108.5808, GNorm = 0.7670, lr_0 = 6.3087e-04
Loss = 5.1248e-02, PNorm = 108.6257, GNorm = 0.7215, lr_0 = 6.2927e-04
Loss = 5.6673e-02, PNorm = 108.6602, GNorm = 1.2402, lr_0 = 6.2768e-04
Loss = 4.8162e-02, PNorm = 108.6943, GNorm = 0.3752, lr_0 = 6.2610e-04
Loss = 5.5506e-02, PNorm = 108.7328, GNorm = 0.8322, lr_0 = 6.2451e-04
Loss = 6.0386e-02, PNorm = 108.7701, GNorm = 0.5699, lr_0 = 6.2294e-04
Loss = 7.2656e-02, PNorm = 108.8185, GNorm = 1.4032, lr_0 = 6.2136e-04
Loss = 6.3046e-02, PNorm = 108.8656, GNorm = 0.7839, lr_0 = 6.1979e-04
Loss = 5.9460e-02, PNorm = 108.9142, GNorm = 1.3192, lr_0 = 6.1823e-04
Loss = 4.8518e-02, PNorm = 108.9571, GNorm = 0.4634, lr_0 = 6.1666e-04
Loss = 5.4911e-02, PNorm = 108.9954, GNorm = 0.6177, lr_0 = 6.1511e-04
Validation rmse = 33.409602
Epoch 14
Loss = 4.5257e-02, PNorm = 109.0317, GNorm = 0.4984, lr_0 = 6.1355e-04
Loss = 4.9996e-02, PNorm = 109.0689, GNorm = 0.3459, lr_0 = 6.1200e-04
Loss = 5.0046e-02, PNorm = 109.1056, GNorm = 0.7760, lr_0 = 6.1045e-04
Loss = 4.8550e-02, PNorm = 109.1360, GNorm = 0.4020, lr_0 = 6.0891e-04
Loss = 4.6279e-02, PNorm = 109.1700, GNorm = 0.5492, lr_0 = 6.0737e-04
Loss = 4.9056e-02, PNorm = 109.1968, GNorm = 0.4220, lr_0 = 6.0584e-04
Loss = 4.7420e-02, PNorm = 109.2326, GNorm = 0.3785, lr_0 = 6.0431e-04
Loss = 4.5371e-02, PNorm = 109.2666, GNorm = 0.4259, lr_0 = 6.0278e-04
Loss = 5.5438e-02, PNorm = 109.2990, GNorm = 0.9384, lr_0 = 6.0126e-04
Loss = 6.0764e-02, PNorm = 109.3342, GNorm = 0.3984, lr_0 = 5.9974e-04
Loss = 6.4546e-02, PNorm = 109.3849, GNorm = 0.4720, lr_0 = 5.9822e-04
Loss = 5.6813e-02, PNorm = 109.4300, GNorm = 0.8572, lr_0 = 5.9671e-04
Loss = 5.1650e-02, PNorm = 109.4691, GNorm = 0.7459, lr_0 = 5.9520e-04
Validation rmse = 32.862482
Epoch 15
Loss = 4.7631e-02, PNorm = 109.5131, GNorm = 0.4648, lr_0 = 5.9355e-04
Loss = 4.8980e-02, PNorm = 109.5456, GNorm = 1.2633, lr_0 = 5.9205e-04
Loss = 5.1709e-02, PNorm = 109.5925, GNorm = 0.4319, lr_0 = 5.9055e-04
Loss = 4.2541e-02, PNorm = 109.6274, GNorm = 0.9445, lr_0 = 5.8906e-04
Loss = 4.5665e-02, PNorm = 109.6623, GNorm = 0.5488, lr_0 = 5.8757e-04
Loss = 4.7847e-02, PNorm = 109.6968, GNorm = 0.3607, lr_0 = 5.8609e-04
Loss = 4.9381e-02, PNorm = 109.7305, GNorm = 0.6437, lr_0 = 5.8461e-04
Loss = 4.6338e-02, PNorm = 109.7665, GNorm = 0.9629, lr_0 = 5.8313e-04
Loss = 5.0755e-02, PNorm = 109.8011, GNorm = 1.0097, lr_0 = 5.8165e-04
Loss = 5.6204e-02, PNorm = 109.8357, GNorm = 0.7567, lr_0 = 5.8018e-04
Loss = 5.9305e-02, PNorm = 109.8834, GNorm = 1.1815, lr_0 = 5.7872e-04
Loss = 5.2747e-02, PNorm = 109.9318, GNorm = 0.8469, lr_0 = 5.7726e-04
Loss = 4.0654e-02, PNorm = 109.9746, GNorm = 0.3884, lr_0 = 5.7580e-04
Loss = 5.0517e-02, PNorm = 110.0041, GNorm = 0.6347, lr_0 = 5.7434e-04
Validation rmse = 33.975213
Epoch 16
Loss = 5.1448e-02, PNorm = 110.0377, GNorm = 0.8303, lr_0 = 5.7289e-04
Loss = 5.2915e-02, PNorm = 110.0792, GNorm = 0.5456, lr_0 = 5.7144e-04
Loss = 4.7398e-02, PNorm = 110.1216, GNorm = 0.4590, lr_0 = 5.7000e-04
Loss = 6.0625e-02, PNorm = 110.1662, GNorm = 1.0131, lr_0 = 5.6856e-04
Loss = 4.9898e-02, PNorm = 110.2121, GNorm = 0.4574, lr_0 = 5.6712e-04
Loss = 5.4085e-02, PNorm = 110.2474, GNorm = 1.2502, lr_0 = 5.6569e-04
Loss = 5.8511e-02, PNorm = 110.2881, GNorm = 0.7267, lr_0 = 5.6426e-04
Loss = 7.2375e-02, PNorm = 110.3468, GNorm = 1.0608, lr_0 = 5.6283e-04
Loss = 5.2049e-02, PNorm = 110.3968, GNorm = 0.8199, lr_0 = 5.6141e-04
Loss = 5.3873e-02, PNorm = 110.4431, GNorm = 0.9751, lr_0 = 5.5999e-04
Loss = 5.1500e-02, PNorm = 110.4824, GNorm = 0.9179, lr_0 = 5.5858e-04
Loss = 5.1852e-02, PNorm = 110.5278, GNorm = 0.9443, lr_0 = 5.5717e-04
Loss = 4.5368e-02, PNorm = 110.5705, GNorm = 0.3230, lr_0 = 5.5576e-04
Loss = 4.1508e-02, PNorm = 110.6047, GNorm = 0.3984, lr_0 = 5.5435e-04
Loss = 3.8257e-02, PNorm = 110.6082, GNorm = 0.5251, lr_0 = 5.5421e-04
Validation rmse = 33.015922
Epoch 17
Loss = 4.5114e-02, PNorm = 110.6415, GNorm = 0.6062, lr_0 = 5.5281e-04
Loss = 4.2679e-02, PNorm = 110.6745, GNorm = 1.0752, lr_0 = 5.5142e-04
Loss = 3.7355e-02, PNorm = 110.7042, GNorm = 0.5433, lr_0 = 5.5002e-04
Loss = 4.8971e-02, PNorm = 110.7318, GNorm = 0.7213, lr_0 = 5.4863e-04
Loss = 3.9456e-02, PNorm = 110.7643, GNorm = 0.6543, lr_0 = 5.4725e-04
Loss = 4.4607e-02, PNorm = 110.7995, GNorm = 0.3603, lr_0 = 5.4586e-04
Loss = 8.8040e-02, PNorm = 110.8585, GNorm = 0.8944, lr_0 = 5.4448e-04
Loss = 6.9443e-02, PNorm = 110.9362, GNorm = 0.9434, lr_0 = 5.4311e-04
Loss = 6.2281e-02, PNorm = 111.0072, GNorm = 1.0646, lr_0 = 5.4174e-04
Loss = 5.6465e-02, PNorm = 111.0704, GNorm = 0.8238, lr_0 = 5.4037e-04
Loss = 5.5066e-02, PNorm = 111.1260, GNorm = 0.6587, lr_0 = 5.3900e-04
Loss = 5.6074e-02, PNorm = 111.1762, GNorm = 0.5752, lr_0 = 5.3764e-04
Loss = 5.1265e-02, PNorm = 111.2225, GNorm = 1.2825, lr_0 = 5.3628e-04
Validation rmse = 31.846982
Epoch 18
Loss = 3.0538e-02, PNorm = 111.2622, GNorm = 0.3158, lr_0 = 5.3493e-04
Loss = 4.5033e-02, PNorm = 111.2959, GNorm = 0.4471, lr_0 = 5.3357e-04
Loss = 4.3886e-02, PNorm = 111.3401, GNorm = 0.5467, lr_0 = 5.3223e-04
Loss = 5.0885e-02, PNorm = 111.3766, GNorm = 0.3881, lr_0 = 5.3088e-04
Loss = 5.0259e-02, PNorm = 111.4138, GNorm = 1.4528, lr_0 = 5.2954e-04
Loss = 5.0546e-02, PNorm = 111.4468, GNorm = 0.6017, lr_0 = 5.2820e-04
Loss = 4.9523e-02, PNorm = 111.4888, GNorm = 1.0070, lr_0 = 5.2687e-04
Loss = 4.5147e-02, PNorm = 111.5259, GNorm = 0.4358, lr_0 = 5.2554e-04
Loss = 4.0590e-02, PNorm = 111.5597, GNorm = 0.4001, lr_0 = 5.2421e-04
Loss = 4.6632e-02, PNorm = 111.5907, GNorm = 0.7364, lr_0 = 5.2288e-04
Loss = 4.9453e-02, PNorm = 111.6263, GNorm = 0.7370, lr_0 = 5.2156e-04
Loss = 4.9851e-02, PNorm = 111.6552, GNorm = 0.8074, lr_0 = 5.2024e-04
Loss = 4.3051e-02, PNorm = 111.6880, GNorm = 0.5572, lr_0 = 5.1893e-04
Loss = 4.4841e-02, PNorm = 111.7213, GNorm = 0.9176, lr_0 = 5.1762e-04
Validation rmse = 31.204625
Epoch 19
Loss = 4.4664e-02, PNorm = 111.7539, GNorm = 0.7655, lr_0 = 5.1618e-04
Loss = 4.4752e-02, PNorm = 111.7832, GNorm = 0.4583, lr_0 = 5.1487e-04
Loss = 4.0971e-02, PNorm = 111.8186, GNorm = 0.8323, lr_0 = 5.1357e-04
Loss = 4.6459e-02, PNorm = 111.8510, GNorm = 1.0619, lr_0 = 5.1228e-04
Loss = 4.4136e-02, PNorm = 111.8878, GNorm = 0.4858, lr_0 = 5.1098e-04
Loss = 4.2151e-02, PNorm = 111.9218, GNorm = 0.9270, lr_0 = 5.0969e-04
Loss = 3.7931e-02, PNorm = 111.9511, GNorm = 0.5355, lr_0 = 5.0840e-04
Loss = 4.5780e-02, PNorm = 111.9790, GNorm = 0.6044, lr_0 = 5.0712e-04
Loss = 4.5364e-02, PNorm = 112.0108, GNorm = 0.4605, lr_0 = 5.0584e-04
Loss = 4.4022e-02, PNorm = 112.0410, GNorm = 0.4346, lr_0 = 5.0456e-04
Loss = 5.3977e-02, PNorm = 112.0696, GNorm = 0.8255, lr_0 = 5.0328e-04
Loss = 5.0464e-02, PNorm = 112.1052, GNorm = 0.7545, lr_0 = 5.0201e-04
Loss = 4.0805e-02, PNorm = 112.1435, GNorm = 0.3504, lr_0 = 5.0074e-04
Loss = 4.1930e-02, PNorm = 112.1699, GNorm = 0.8893, lr_0 = 4.9948e-04
Validation rmse = 30.143128
Epoch 20
Loss = 3.7448e-02, PNorm = 112.1965, GNorm = 0.3679, lr_0 = 4.9821e-04
Loss = 4.4460e-02, PNorm = 112.2221, GNorm = 0.5196, lr_0 = 4.9696e-04
Loss = 5.0315e-02, PNorm = 112.2521, GNorm = 0.5292, lr_0 = 4.9570e-04
Loss = 4.0723e-02, PNorm = 112.2810, GNorm = 0.5754, lr_0 = 4.9445e-04
Loss = 3.8066e-02, PNorm = 112.3090, GNorm = 0.3699, lr_0 = 4.9320e-04
Loss = 3.7623e-02, PNorm = 112.3356, GNorm = 0.3505, lr_0 = 4.9195e-04
Loss = 3.7892e-02, PNorm = 112.3609, GNorm = 1.1134, lr_0 = 4.9071e-04
Loss = 4.5709e-02, PNorm = 112.3861, GNorm = 0.3988, lr_0 = 4.8947e-04
Loss = 3.8952e-02, PNorm = 112.4143, GNorm = 0.5758, lr_0 = 4.8823e-04
Loss = 3.3047e-02, PNorm = 112.4458, GNorm = 0.9303, lr_0 = 4.8700e-04
Loss = 3.3309e-02, PNorm = 112.4721, GNorm = 0.4791, lr_0 = 4.8577e-04
Loss = 4.2090e-02, PNorm = 112.4941, GNorm = 0.4172, lr_0 = 4.8454e-04
Loss = 4.1431e-02, PNorm = 112.5110, GNorm = 0.5939, lr_0 = 4.8332e-04
Validation rmse = 30.997219
Epoch 21
Loss = 4.0404e-02, PNorm = 112.5435, GNorm = 0.7644, lr_0 = 4.8197e-04
Loss = 4.5371e-02, PNorm = 112.5742, GNorm = 0.7996, lr_0 = 4.8075e-04
Loss = 3.2739e-02, PNorm = 112.6071, GNorm = 0.5770, lr_0 = 4.7954e-04
Loss = 3.1624e-02, PNorm = 112.6340, GNorm = 0.6527, lr_0 = 4.7833e-04
Loss = 4.0634e-02, PNorm = 112.6593, GNorm = 0.6189, lr_0 = 4.7712e-04
Loss = 3.8892e-02, PNorm = 112.6878, GNorm = 0.6740, lr_0 = 4.7591e-04
Loss = 3.6389e-02, PNorm = 112.7083, GNorm = 0.3974, lr_0 = 4.7471e-04
Loss = 3.3890e-02, PNorm = 112.7348, GNorm = 0.5437, lr_0 = 4.7351e-04
Loss = 3.6743e-02, PNorm = 112.7605, GNorm = 0.4684, lr_0 = 4.7231e-04
Loss = 3.9793e-02, PNorm = 112.7814, GNorm = 0.9315, lr_0 = 4.7112e-04
Loss = 4.1121e-02, PNorm = 112.8094, GNorm = 0.4955, lr_0 = 4.6993e-04
Loss = 3.6726e-02, PNorm = 112.8411, GNorm = 1.0617, lr_0 = 4.6874e-04
Loss = 4.3919e-02, PNorm = 112.8718, GNorm = 0.7916, lr_0 = 4.6756e-04
Loss = 4.3196e-02, PNorm = 112.9095, GNorm = 0.4275, lr_0 = 4.6638e-04
Validation rmse = 30.865010
Epoch 22
Loss = 3.5653e-02, PNorm = 112.9339, GNorm = 0.5245, lr_0 = 4.6520e-04
Loss = 3.7985e-02, PNorm = 112.9583, GNorm = 0.9798, lr_0 = 4.6402e-04
Loss = 3.1590e-02, PNorm = 112.9832, GNorm = 0.2800, lr_0 = 4.6285e-04
Loss = 3.3727e-02, PNorm = 113.0069, GNorm = 0.3284, lr_0 = 4.6168e-04
Loss = 2.8869e-02, PNorm = 113.0299, GNorm = 0.2409, lr_0 = 4.6051e-04
Loss = 3.1659e-02, PNorm = 113.0540, GNorm = 0.4101, lr_0 = 4.5935e-04
Loss = 3.1837e-02, PNorm = 113.0713, GNorm = 0.2901, lr_0 = 4.5819e-04
Loss = 3.4677e-02, PNorm = 113.0953, GNorm = 0.4277, lr_0 = 4.5703e-04
Loss = 3.4026e-02, PNorm = 113.1188, GNorm = 0.3928, lr_0 = 4.5588e-04
Loss = 3.7166e-02, PNorm = 113.1408, GNorm = 0.5621, lr_0 = 4.5473e-04
Loss = 4.1591e-02, PNorm = 113.1652, GNorm = 0.2555, lr_0 = 4.5358e-04
Loss = 3.1895e-02, PNorm = 113.1901, GNorm = 0.3606, lr_0 = 4.5243e-04
Loss = 4.0415e-02, PNorm = 113.2106, GNorm = 0.4906, lr_0 = 4.5129e-04
Validation rmse = 30.852709
Epoch 23
Loss = 3.8023e-02, PNorm = 113.2403, GNorm = 0.4425, lr_0 = 4.5003e-04
Loss = 3.6819e-02, PNorm = 113.2631, GNorm = 0.5314, lr_0 = 4.4890e-04
Loss = 4.0360e-02, PNorm = 113.2923, GNorm = 0.3660, lr_0 = 4.4776e-04
Loss = 3.4942e-02, PNorm = 113.3276, GNorm = 0.1877, lr_0 = 4.4663e-04
Loss = 2.8803e-02, PNorm = 113.3569, GNorm = 0.6714, lr_0 = 4.4550e-04
Loss = 3.4436e-02, PNorm = 113.3832, GNorm = 0.2791, lr_0 = 4.4437e-04
Loss = 3.1888e-02, PNorm = 113.4053, GNorm = 0.3395, lr_0 = 4.4325e-04
Loss = 3.4909e-02, PNorm = 113.4281, GNorm = 0.4427, lr_0 = 4.4213e-04
Loss = 3.5532e-02, PNorm = 113.4507, GNorm = 0.5044, lr_0 = 4.4101e-04
Loss = 3.4265e-02, PNorm = 113.4671, GNorm = 0.4138, lr_0 = 4.3990e-04
Loss = 3.3262e-02, PNorm = 113.4926, GNorm = 0.4662, lr_0 = 4.3879e-04
Loss = 3.7564e-02, PNorm = 113.5135, GNorm = 0.4051, lr_0 = 4.3768e-04
Loss = 3.7831e-02, PNorm = 113.5352, GNorm = 0.3166, lr_0 = 4.3657e-04
Loss = 3.4235e-02, PNorm = 113.5639, GNorm = 0.7423, lr_0 = 4.3547e-04
Validation rmse = 30.317307
Epoch 24
Loss = 2.8573e-02, PNorm = 113.5903, GNorm = 0.4005, lr_0 = 4.3437e-04
Loss = 3.4449e-02, PNorm = 113.6158, GNorm = 0.5073, lr_0 = 4.3327e-04
Loss = 3.4694e-02, PNorm = 113.6417, GNorm = 0.5070, lr_0 = 4.3218e-04
Loss = 3.2244e-02, PNorm = 113.6661, GNorm = 0.4860, lr_0 = 4.3109e-04
Loss = 3.6632e-02, PNorm = 113.6844, GNorm = 0.4622, lr_0 = 4.3000e-04
Loss = 3.3869e-02, PNorm = 113.7090, GNorm = 0.5608, lr_0 = 4.2891e-04
Loss = 3.8859e-02, PNorm = 113.7323, GNorm = 1.1074, lr_0 = 4.2783e-04
Loss = 3.0888e-02, PNorm = 113.7552, GNorm = 0.3249, lr_0 = 4.2674e-04
Loss = 3.0436e-02, PNorm = 113.7778, GNorm = 0.4564, lr_0 = 4.2567e-04
Loss = 3.4174e-02, PNorm = 113.8028, GNorm = 0.5004, lr_0 = 4.2459e-04
Loss = 3.3799e-02, PNorm = 113.8328, GNorm = 0.3488, lr_0 = 4.2352e-04
Loss = 2.9727e-02, PNorm = 113.8555, GNorm = 1.1439, lr_0 = 4.2245e-04
Loss = 3.4890e-02, PNorm = 113.8836, GNorm = 0.7241, lr_0 = 4.2138e-04
Loss = 3.3602e-02, PNorm = 113.9109, GNorm = 0.7019, lr_0 = 4.2032e-04
Validation rmse = 30.033396
Epoch 25
Loss = 3.2252e-02, PNorm = 113.9433, GNorm = 0.5342, lr_0 = 4.1915e-04
Loss = 3.2531e-02, PNorm = 113.9650, GNorm = 0.4193, lr_0 = 4.1809e-04
Loss = 3.3834e-02, PNorm = 113.9883, GNorm = 0.7277, lr_0 = 4.1703e-04
Loss = 3.9547e-02, PNorm = 114.0150, GNorm = 0.7276, lr_0 = 4.1598e-04
Loss = 3.7686e-02, PNorm = 114.0430, GNorm = 0.8218, lr_0 = 4.1493e-04
Loss = 3.2420e-02, PNorm = 114.0698, GNorm = 0.4613, lr_0 = 4.1388e-04
Loss = 3.1152e-02, PNorm = 114.0883, GNorm = 0.4082, lr_0 = 4.1283e-04
Loss = 2.9526e-02, PNorm = 114.1087, GNorm = 0.6194, lr_0 = 4.1179e-04
Loss = 3.0381e-02, PNorm = 114.1254, GNorm = 0.5616, lr_0 = 4.1075e-04
Loss = 3.1937e-02, PNorm = 114.1468, GNorm = 0.2936, lr_0 = 4.0971e-04
Loss = 3.2349e-02, PNorm = 114.1709, GNorm = 0.2650, lr_0 = 4.0868e-04
Loss = 3.7949e-02, PNorm = 114.1968, GNorm = 0.6251, lr_0 = 4.0764e-04
Loss = 3.3542e-02, PNorm = 114.2192, GNorm = 0.5754, lr_0 = 4.0661e-04
Validation rmse = 30.458465
Epoch 26
Loss = 3.1396e-02, PNorm = 114.2477, GNorm = 0.3169, lr_0 = 4.0558e-04
Loss = 3.3118e-02, PNorm = 114.2750, GNorm = 0.3089, lr_0 = 4.0456e-04
Loss = 3.0506e-02, PNorm = 114.3025, GNorm = 0.7674, lr_0 = 4.0354e-04
Loss = 3.6241e-02, PNorm = 114.3243, GNorm = 0.9368, lr_0 = 4.0252e-04
Loss = 2.7946e-02, PNorm = 114.3457, GNorm = 0.2706, lr_0 = 4.0150e-04
Loss = 3.6498e-02, PNorm = 114.3669, GNorm = 0.2980, lr_0 = 4.0049e-04
Loss = 3.6661e-02, PNorm = 114.3878, GNorm = 0.4423, lr_0 = 3.9947e-04
Loss = 3.1081e-02, PNorm = 114.4100, GNorm = 0.4641, lr_0 = 3.9846e-04
Loss = 3.2336e-02, PNorm = 114.4393, GNorm = 0.4523, lr_0 = 3.9746e-04
Loss = 2.9085e-02, PNorm = 114.4629, GNorm = 0.6452, lr_0 = 3.9645e-04
Loss = 3.2884e-02, PNorm = 114.4848, GNorm = 0.2153, lr_0 = 3.9545e-04
Loss = 2.9896e-02, PNorm = 114.5058, GNorm = 0.3611, lr_0 = 3.9445e-04
Loss = 2.9768e-02, PNorm = 114.5270, GNorm = 0.3438, lr_0 = 3.9346e-04
Loss = 2.8181e-02, PNorm = 114.5469, GNorm = 0.4516, lr_0 = 3.9246e-04
Validation rmse = 29.353734
Epoch 27
Loss = 2.7829e-02, PNorm = 114.5722, GNorm = 0.5982, lr_0 = 3.9137e-04
Loss = 2.6565e-02, PNorm = 114.5933, GNorm = 0.3977, lr_0 = 3.9038e-04
Loss = 2.9074e-02, PNorm = 114.6221, GNorm = 0.3645, lr_0 = 3.8940e-04
Loss = 2.8671e-02, PNorm = 114.6470, GNorm = 0.3464, lr_0 = 3.8841e-04
Loss = 3.2240e-02, PNorm = 114.6715, GNorm = 0.7517, lr_0 = 3.8743e-04
Loss = 2.8129e-02, PNorm = 114.6909, GNorm = 0.6284, lr_0 = 3.8645e-04
Loss = 3.3901e-02, PNorm = 114.7080, GNorm = 0.6328, lr_0 = 3.8547e-04
Loss = 3.1051e-02, PNorm = 114.7311, GNorm = 0.2625, lr_0 = 3.8450e-04
Loss = 2.8302e-02, PNorm = 114.7536, GNorm = 0.4773, lr_0 = 3.8353e-04
Loss = 3.4100e-02, PNorm = 114.7773, GNorm = 0.4322, lr_0 = 3.8256e-04
Loss = 4.1035e-02, PNorm = 114.8010, GNorm = 0.5512, lr_0 = 3.8159e-04
Loss = 2.9364e-02, PNorm = 114.8257, GNorm = 0.5123, lr_0 = 3.8063e-04
Loss = 3.3900e-02, PNorm = 114.8552, GNorm = 0.6549, lr_0 = 3.7967e-04
Loss = 3.1739e-02, PNorm = 114.8817, GNorm = 0.5322, lr_0 = 3.7871e-04
Validation rmse = 29.428797
Epoch 28
Loss = 2.9157e-02, PNorm = 114.9070, GNorm = 0.3594, lr_0 = 3.7775e-04
Loss = 2.8896e-02, PNorm = 114.9285, GNorm = 0.3570, lr_0 = 3.7680e-04
Loss = 3.0122e-02, PNorm = 114.9526, GNorm = 0.3475, lr_0 = 3.7584e-04
Loss = 3.5940e-02, PNorm = 114.9744, GNorm = 0.4805, lr_0 = 3.7489e-04
Loss = 3.3605e-02, PNorm = 114.9865, GNorm = 0.2933, lr_0 = 3.7395e-04
Loss = 2.7886e-02, PNorm = 115.0103, GNorm = 0.3762, lr_0 = 3.7300e-04
Loss = 2.7319e-02, PNorm = 115.0320, GNorm = 0.7651, lr_0 = 3.7206e-04
Loss = 2.7231e-02, PNorm = 115.0570, GNorm = 0.4906, lr_0 = 3.7112e-04
Loss = 2.8011e-02, PNorm = 115.0812, GNorm = 0.3228, lr_0 = 3.7018e-04
Loss = 3.2509e-02, PNorm = 115.1005, GNorm = 0.6092, lr_0 = 3.6925e-04
Loss = 3.2259e-02, PNorm = 115.1174, GNorm = 0.3678, lr_0 = 3.6831e-04
Loss = 2.7708e-02, PNorm = 115.1367, GNorm = 0.2906, lr_0 = 3.6738e-04
Loss = 3.0705e-02, PNorm = 115.1511, GNorm = 0.2808, lr_0 = 3.6645e-04
Validation rmse = 29.305835
Epoch 29
Loss = 2.8118e-02, PNorm = 115.1769, GNorm = 0.3997, lr_0 = 3.6543e-04
Loss = 3.2410e-02, PNorm = 115.1979, GNorm = 0.4699, lr_0 = 3.6451e-04
Loss = 2.9273e-02, PNorm = 115.2244, GNorm = 0.6118, lr_0 = 3.6359e-04
Loss = 2.6387e-02, PNorm = 115.2499, GNorm = 0.2922, lr_0 = 3.6267e-04
Loss = 3.0056e-02, PNorm = 115.2707, GNorm = 0.9382, lr_0 = 3.6176e-04
Loss = 3.3933e-02, PNorm = 115.2927, GNorm = 0.8366, lr_0 = 3.6084e-04
Loss = 3.1511e-02, PNorm = 115.3177, GNorm = 0.5932, lr_0 = 3.5993e-04
Loss = 2.5578e-02, PNorm = 115.3432, GNorm = 0.3857, lr_0 = 3.5902e-04
Loss = 2.7247e-02, PNorm = 115.3704, GNorm = 0.7680, lr_0 = 3.5811e-04
Loss = 3.1635e-02, PNorm = 115.3947, GNorm = 0.2632, lr_0 = 3.5721e-04
Loss = 2.8832e-02, PNorm = 115.4169, GNorm = 0.3457, lr_0 = 3.5630e-04
Loss = 3.0400e-02, PNorm = 115.4406, GNorm = 0.5503, lr_0 = 3.5540e-04
Loss = 3.4102e-02, PNorm = 115.4623, GNorm = 0.4594, lr_0 = 3.5451e-04
Loss = 3.0195e-02, PNorm = 115.4835, GNorm = 0.3151, lr_0 = 3.5361e-04
Validation rmse = 28.696167
Epoch 30
Loss = 3.2087e-02, PNorm = 115.5041, GNorm = 0.3902, lr_0 = 3.5272e-04
Loss = 2.7848e-02, PNorm = 115.5254, GNorm = 0.3158, lr_0 = 3.5183e-04
Loss = 2.7498e-02, PNorm = 115.5455, GNorm = 0.4573, lr_0 = 3.5094e-04
Loss = 2.1458e-02, PNorm = 115.5633, GNorm = 0.3396, lr_0 = 3.5005e-04
Loss = 3.0521e-02, PNorm = 115.5796, GNorm = 0.4944, lr_0 = 3.4917e-04
Loss = 3.5008e-02, PNorm = 115.6024, GNorm = 0.9720, lr_0 = 3.4828e-04
Loss = 3.8565e-02, PNorm = 115.6287, GNorm = 0.4779, lr_0 = 3.4740e-04
Loss = 2.7808e-02, PNorm = 115.6523, GNorm = 0.5418, lr_0 = 3.4652e-04
Loss = 2.8639e-02, PNorm = 115.6738, GNorm = 0.3415, lr_0 = 3.4565e-04
Loss = 2.8092e-02, PNorm = 115.6969, GNorm = 0.6128, lr_0 = 3.4478e-04
Loss = 3.0657e-02, PNorm = 115.7182, GNorm = 0.8680, lr_0 = 3.4390e-04
Loss = 2.4563e-02, PNorm = 115.7396, GNorm = 0.5693, lr_0 = 3.4304e-04
Loss = 3.0152e-02, PNorm = 115.7582, GNorm = 1.0476, lr_0 = 3.4217e-04
Loss = 2.8414e-02, PNorm = 115.7765, GNorm = 0.1950, lr_0 = 3.4130e-04
Validation rmse = 29.823978
Epoch 31
Loss = 2.2160e-02, PNorm = 115.8035, GNorm = 0.3509, lr_0 = 3.4036e-04
Loss = 2.3079e-02, PNorm = 115.8230, GNorm = 0.2659, lr_0 = 3.3950e-04
Loss = 2.6083e-02, PNorm = 115.8351, GNorm = 0.3438, lr_0 = 3.3864e-04
Loss = 2.8042e-02, PNorm = 115.8542, GNorm = 0.3586, lr_0 = 3.3778e-04
Loss = 2.6464e-02, PNorm = 115.8744, GNorm = 0.2842, lr_0 = 3.3693e-04
Loss = 3.0521e-02, PNorm = 115.8962, GNorm = 0.3197, lr_0 = 3.3608e-04
Loss = 3.2810e-02, PNorm = 115.9196, GNorm = 1.1211, lr_0 = 3.3523e-04
Loss = 3.1489e-02, PNorm = 115.9437, GNorm = 0.4503, lr_0 = 3.3438e-04
Loss = 3.0398e-02, PNorm = 115.9700, GNorm = 0.4546, lr_0 = 3.3354e-04
Loss = 3.8515e-02, PNorm = 115.9969, GNorm = 0.8125, lr_0 = 3.3269e-04
Loss = 2.9004e-02, PNorm = 116.0210, GNorm = 0.6544, lr_0 = 3.3185e-04
Loss = 2.7755e-02, PNorm = 116.0427, GNorm = 0.2569, lr_0 = 3.3101e-04
Loss = 3.1501e-02, PNorm = 116.0627, GNorm = 0.6101, lr_0 = 3.3018e-04
Validation rmse = 30.512398
Epoch 32
Loss = 2.9968e-02, PNorm = 116.0812, GNorm = 0.5252, lr_0 = 3.2934e-04
Loss = 2.5494e-02, PNorm = 116.0995, GNorm = 0.6375, lr_0 = 3.2851e-04
Loss = 2.7634e-02, PNorm = 116.1248, GNorm = 0.5899, lr_0 = 3.2768e-04
Loss = 2.8575e-02, PNorm = 116.1423, GNorm = 0.2336, lr_0 = 3.2685e-04
Loss = 2.5175e-02, PNorm = 116.1603, GNorm = 0.2560, lr_0 = 3.2603e-04
Loss = 2.5934e-02, PNorm = 116.1728, GNorm = 0.4224, lr_0 = 3.2520e-04
Loss = 2.5678e-02, PNorm = 116.1904, GNorm = 0.9053, lr_0 = 3.2438e-04
Loss = 2.6864e-02, PNorm = 116.2081, GNorm = 0.3985, lr_0 = 3.2356e-04
Loss = 2.6755e-02, PNorm = 116.2167, GNorm = 0.2475, lr_0 = 3.2274e-04
Loss = 3.1575e-02, PNorm = 116.2279, GNorm = 0.7901, lr_0 = 3.2193e-04
Loss = 2.7412e-02, PNorm = 116.2474, GNorm = 0.6122, lr_0 = 3.2111e-04
Loss = 2.7353e-02, PNorm = 116.2679, GNorm = 0.2441, lr_0 = 3.2030e-04
Loss = 2.4734e-02, PNorm = 116.2905, GNorm = 0.2084, lr_0 = 3.1949e-04
Loss = 3.0166e-02, PNorm = 116.3063, GNorm = 0.4127, lr_0 = 3.1869e-04
Validation rmse = 28.603937
Epoch 33
Loss = 2.0808e-02, PNorm = 116.3217, GNorm = 0.1946, lr_0 = 3.1788e-04
Loss = 2.1996e-02, PNorm = 116.3388, GNorm = 0.3530, lr_0 = 3.1708e-04
Loss = 2.8572e-02, PNorm = 116.3574, GNorm = 0.3555, lr_0 = 3.1628e-04
Loss = 2.3902e-02, PNorm = 116.3763, GNorm = 0.3517, lr_0 = 3.1548e-04
Loss = 2.8063e-02, PNorm = 116.3951, GNorm = 0.3077, lr_0 = 3.1468e-04
Loss = 2.6621e-02, PNorm = 116.4146, GNorm = 0.2315, lr_0 = 3.1388e-04
Loss = 2.4545e-02, PNorm = 116.4317, GNorm = 0.2011, lr_0 = 3.1309e-04
Loss = 2.3330e-02, PNorm = 116.4498, GNorm = 0.3238, lr_0 = 3.1230e-04
Loss = 2.5117e-02, PNorm = 116.4663, GNorm = 0.7444, lr_0 = 3.1151e-04
Loss = 2.4204e-02, PNorm = 116.4862, GNorm = 0.5470, lr_0 = 3.1072e-04
Loss = 3.1492e-02, PNorm = 116.5036, GNorm = 0.4118, lr_0 = 3.0994e-04
Loss = 2.7949e-02, PNorm = 116.5237, GNorm = 0.4709, lr_0 = 3.0916e-04
Loss = 3.0263e-02, PNorm = 116.5424, GNorm = 0.7090, lr_0 = 3.0837e-04
Loss = 2.7500e-02, PNorm = 116.5628, GNorm = 0.7822, lr_0 = 3.0760e-04
Validation rmse = 28.718063
Epoch 34
Loss = 2.1601e-02, PNorm = 116.5865, GNorm = 0.4486, lr_0 = 3.0674e-04
Loss = 2.5816e-02, PNorm = 116.6024, GNorm = 0.2942, lr_0 = 3.0597e-04
Loss = 2.6741e-02, PNorm = 116.6171, GNorm = 0.5264, lr_0 = 3.0519e-04
Loss = 2.3882e-02, PNorm = 116.6346, GNorm = 0.3417, lr_0 = 3.0442e-04
Loss = 2.4928e-02, PNorm = 116.6525, GNorm = 0.6083, lr_0 = 3.0365e-04
Loss = 2.4561e-02, PNorm = 116.6694, GNorm = 0.5012, lr_0 = 3.0288e-04
Loss = 2.4081e-02, PNorm = 116.6849, GNorm = 0.7482, lr_0 = 3.0212e-04
Loss = 2.8983e-02, PNorm = 116.7012, GNorm = 0.6377, lr_0 = 3.0136e-04
Loss = 2.6583e-02, PNorm = 116.7177, GNorm = 0.4764, lr_0 = 3.0059e-04
Loss = 2.7258e-02, PNorm = 116.7384, GNorm = 0.7005, lr_0 = 2.9983e-04
Loss = 2.2529e-02, PNorm = 116.7563, GNorm = 0.2318, lr_0 = 2.9908e-04
Loss = 2.4828e-02, PNorm = 116.7722, GNorm = 0.3596, lr_0 = 2.9832e-04
Loss = 2.2526e-02, PNorm = 116.7888, GNorm = 0.2905, lr_0 = 2.9757e-04
Validation rmse = 28.543657
Epoch 35
Loss = 2.1355e-02, PNorm = 116.8008, GNorm = 0.1796, lr_0 = 2.9682e-04
Loss = 2.4767e-02, PNorm = 116.8182, GNorm = 0.2547, lr_0 = 2.9607e-04
Loss = 2.4091e-02, PNorm = 116.8324, GNorm = 0.3946, lr_0 = 2.9532e-04
Loss = 2.7245e-02, PNorm = 116.8486, GNorm = 0.6580, lr_0 = 2.9457e-04
Loss = 3.0026e-02, PNorm = 116.8696, GNorm = 0.3884, lr_0 = 2.9383e-04
Loss = 2.0823e-02, PNorm = 116.8905, GNorm = 0.2959, lr_0 = 2.9308e-04
Loss = 2.6560e-02, PNorm = 116.9053, GNorm = 0.3088, lr_0 = 2.9234e-04
Loss = 2.3869e-02, PNorm = 116.9206, GNorm = 0.2033, lr_0 = 2.9160e-04
Loss = 2.2799e-02, PNorm = 116.9336, GNorm = 0.3564, lr_0 = 2.9087e-04
Loss = 2.6390e-02, PNorm = 116.9498, GNorm = 0.6958, lr_0 = 2.9013e-04
Loss = 2.6225e-02, PNorm = 116.9691, GNorm = 0.6154, lr_0 = 2.8940e-04
Loss = 2.4677e-02, PNorm = 116.9860, GNorm = 0.4832, lr_0 = 2.8867e-04
Loss = 2.6807e-02, PNorm = 117.0074, GNorm = 0.5115, lr_0 = 2.8794e-04
Loss = 2.1716e-02, PNorm = 117.0232, GNorm = 0.3948, lr_0 = 2.8721e-04
Validation rmse = 29.546455
Epoch 36
Loss = 2.5278e-02, PNorm = 117.0406, GNorm = 0.3127, lr_0 = 2.8641e-04
Loss = 2.3805e-02, PNorm = 117.0630, GNorm = 0.2815, lr_0 = 2.8569e-04
Loss = 2.4242e-02, PNorm = 117.0797, GNorm = 0.2293, lr_0 = 2.8497e-04
Loss = 2.5390e-02, PNorm = 117.0936, GNorm = 0.7202, lr_0 = 2.8425e-04
Loss = 2.2994e-02, PNorm = 117.1091, GNorm = 0.5906, lr_0 = 2.8353e-04
Loss = 2.4877e-02, PNorm = 117.1254, GNorm = 0.4643, lr_0 = 2.8281e-04
Loss = 2.1391e-02, PNorm = 117.1417, GNorm = 0.5306, lr_0 = 2.8210e-04
Loss = 2.4040e-02, PNorm = 117.1576, GNorm = 0.2650, lr_0 = 2.8138e-04
Loss = 2.4832e-02, PNorm = 117.1771, GNorm = 0.2347, lr_0 = 2.8067e-04
Loss = 2.5671e-02, PNorm = 117.2003, GNorm = 0.4720, lr_0 = 2.7996e-04
Loss = 2.5880e-02, PNorm = 117.2173, GNorm = 0.3192, lr_0 = 2.7926e-04
Loss = 2.4700e-02, PNorm = 117.2338, GNorm = 0.1761, lr_0 = 2.7855e-04
Loss = 2.7027e-02, PNorm = 117.2482, GNorm = 0.2879, lr_0 = 2.7785e-04
Loss = 2.4808e-02, PNorm = 117.2619, GNorm = 0.3373, lr_0 = 2.7715e-04
Validation rmse = 28.315654
Epoch 37
Loss = 2.3030e-02, PNorm = 117.2811, GNorm = 0.3487, lr_0 = 2.7645e-04
Loss = 2.9970e-02, PNorm = 117.3023, GNorm = 0.4094, lr_0 = 2.7575e-04
Loss = 2.4322e-02, PNorm = 117.3196, GNorm = 0.3275, lr_0 = 2.7505e-04
Loss = 2.2807e-02, PNorm = 117.3424, GNorm = 0.5735, lr_0 = 2.7435e-04
Loss = 2.6713e-02, PNorm = 117.3602, GNorm = 0.2031, lr_0 = 2.7366e-04
Loss = 2.4179e-02, PNorm = 117.3769, GNorm = 0.4057, lr_0 = 2.7297e-04
Loss = 2.2553e-02, PNorm = 117.3970, GNorm = 0.2755, lr_0 = 2.7228e-04
Loss = 1.9579e-02, PNorm = 117.4128, GNorm = 0.2345, lr_0 = 2.7159e-04
Loss = 2.3959e-02, PNorm = 117.4260, GNorm = 0.3758, lr_0 = 2.7091e-04
Loss = 2.2362e-02, PNorm = 117.4440, GNorm = 0.5034, lr_0 = 2.7022e-04
Loss = 2.3312e-02, PNorm = 117.4570, GNorm = 0.2566, lr_0 = 2.6954e-04
Loss = 2.1431e-02, PNorm = 117.4726, GNorm = 0.2126, lr_0 = 2.6886e-04
Loss = 2.6913e-02, PNorm = 117.4860, GNorm = 0.2564, lr_0 = 2.6818e-04
Validation rmse = 29.458075
Epoch 38
Loss = 3.0010e-02, PNorm = 117.4990, GNorm = 0.4136, lr_0 = 2.6743e-04
Loss = 2.3801e-02, PNorm = 117.5208, GNorm = 0.4809, lr_0 = 2.6676e-04
Loss = 2.4153e-02, PNorm = 117.5403, GNorm = 0.3024, lr_0 = 2.6608e-04
Loss = 2.7914e-02, PNorm = 117.5583, GNorm = 0.7562, lr_0 = 2.6541e-04
Loss = 2.1507e-02, PNorm = 117.5786, GNorm = 0.2095, lr_0 = 2.6474e-04
Loss = 2.1927e-02, PNorm = 117.5956, GNorm = 0.3689, lr_0 = 2.6407e-04
Loss = 1.9199e-02, PNorm = 117.6114, GNorm = 0.2862, lr_0 = 2.6340e-04
Loss = 2.3723e-02, PNorm = 117.6281, GNorm = 0.3386, lr_0 = 2.6274e-04
Loss = 2.7508e-02, PNorm = 117.6422, GNorm = 0.5691, lr_0 = 2.6207e-04
Loss = 2.0423e-02, PNorm = 117.6559, GNorm = 0.5193, lr_0 = 2.6141e-04
Loss = 2.4671e-02, PNorm = 117.6695, GNorm = 0.5758, lr_0 = 2.6075e-04
Loss = 2.1569e-02, PNorm = 117.6849, GNorm = 0.3507, lr_0 = 2.6009e-04
Loss = 2.4962e-02, PNorm = 117.6988, GNorm = 0.4860, lr_0 = 2.5943e-04
Loss = 2.2298e-02, PNorm = 117.7126, GNorm = 0.3361, lr_0 = 2.5878e-04
Validation rmse = 28.417048
Epoch 39
Loss = 2.3034e-02, PNorm = 117.7284, GNorm = 0.2963, lr_0 = 2.5813e-04
Loss = 2.3658e-02, PNorm = 117.7449, GNorm = 0.1902, lr_0 = 2.5747e-04
Loss = 2.2502e-02, PNorm = 117.7636, GNorm = 0.4971, lr_0 = 2.5682e-04
Loss = 2.3455e-02, PNorm = 117.7857, GNorm = 0.6951, lr_0 = 2.5617e-04
Loss = 2.8863e-02, PNorm = 117.8029, GNorm = 0.4576, lr_0 = 2.5553e-04
Loss = 2.1492e-02, PNorm = 117.8220, GNorm = 0.2177, lr_0 = 2.5488e-04
Loss = 2.5746e-02, PNorm = 117.8405, GNorm = 0.4287, lr_0 = 2.5424e-04
Loss = 2.5241e-02, PNorm = 117.8593, GNorm = 0.5192, lr_0 = 2.5359e-04
Loss = 2.6905e-02, PNorm = 117.8735, GNorm = 0.3903, lr_0 = 2.5295e-04
Loss = 2.3738e-02, PNorm = 117.8883, GNorm = 0.3929, lr_0 = 2.5231e-04
Loss = 2.1357e-02, PNorm = 117.9010, GNorm = 0.2072, lr_0 = 2.5168e-04
Loss = 2.4081e-02, PNorm = 117.9187, GNorm = 0.2842, lr_0 = 2.5104e-04
Loss = 2.0654e-02, PNorm = 117.9300, GNorm = 0.2126, lr_0 = 2.5041e-04
Loss = 2.0001e-02, PNorm = 117.9379, GNorm = 0.2221, lr_0 = 2.4977e-04
Loss = 2.0188e-02, PNorm = 117.9386, GNorm = 0.2344, lr_0 = 2.4971e-04
Validation rmse = 28.050077
Epoch 40
Loss = 2.1765e-02, PNorm = 117.9487, GNorm = 0.4754, lr_0 = 2.4908e-04
Loss = 2.0268e-02, PNorm = 117.9621, GNorm = 0.2145, lr_0 = 2.4845e-04
Loss = 2.2151e-02, PNorm = 117.9763, GNorm = 0.2812, lr_0 = 2.4782e-04
Loss = 2.2941e-02, PNorm = 117.9904, GNorm = 0.3100, lr_0 = 2.4720e-04
Loss = 2.1493e-02, PNorm = 118.0063, GNorm = 0.4002, lr_0 = 2.4657e-04
Loss = 2.3259e-02, PNorm = 118.0213, GNorm = 0.3282, lr_0 = 2.4595e-04
Loss = 2.1639e-02, PNorm = 118.0390, GNorm = 0.2765, lr_0 = 2.4533e-04
Loss = 2.5558e-02, PNorm = 118.0522, GNorm = 0.6575, lr_0 = 2.4471e-04
Loss = 2.5086e-02, PNorm = 118.0678, GNorm = 0.6422, lr_0 = 2.4409e-04
Loss = 2.2157e-02, PNorm = 118.0880, GNorm = 0.1702, lr_0 = 2.4347e-04
Loss = 2.2823e-02, PNorm = 118.1010, GNorm = 0.3365, lr_0 = 2.4286e-04
Loss = 2.2184e-02, PNorm = 118.1144, GNorm = 0.2754, lr_0 = 2.4224e-04
Loss = 2.3725e-02, PNorm = 118.1277, GNorm = 0.4621, lr_0 = 2.4163e-04
Validation rmse = 28.789230
Epoch 41
Loss = 1.9785e-02, PNorm = 118.1416, GNorm = 0.5328, lr_0 = 2.4102e-04
Loss = 1.9372e-02, PNorm = 118.1539, GNorm = 0.2412, lr_0 = 2.4041e-04
Loss = 2.1379e-02, PNorm = 118.1689, GNorm = 0.2924, lr_0 = 2.3980e-04
Loss = 2.0570e-02, PNorm = 118.1809, GNorm = 0.4867, lr_0 = 2.3920e-04
Loss = 2.2441e-02, PNorm = 118.1981, GNorm = 0.1921, lr_0 = 2.3859e-04
Loss = 1.6501e-02, PNorm = 118.2132, GNorm = 0.2195, lr_0 = 2.3799e-04
Loss = 1.8405e-02, PNorm = 118.2244, GNorm = 0.3882, lr_0 = 2.3739e-04
Loss = 2.0522e-02, PNorm = 118.2350, GNorm = 0.2707, lr_0 = 2.3679e-04
Loss = 2.4514e-02, PNorm = 118.2481, GNorm = 0.4184, lr_0 = 2.3619e-04
Loss = 2.4157e-02, PNorm = 118.2650, GNorm = 0.4910, lr_0 = 2.3559e-04
Loss = 2.6416e-02, PNorm = 118.2800, GNorm = 0.3098, lr_0 = 2.3500e-04
Loss = 2.2299e-02, PNorm = 118.2945, GNorm = 0.2806, lr_0 = 2.3440e-04
Loss = 2.5375e-02, PNorm = 118.3082, GNorm = 0.3741, lr_0 = 2.3381e-04
Loss = 2.1652e-02, PNorm = 118.3229, GNorm = 0.1535, lr_0 = 2.3322e-04
Validation rmse = 28.486527
Epoch 42
Loss = 2.0605e-02, PNorm = 118.3404, GNorm = 0.1969, lr_0 = 2.3257e-04
Loss = 2.1510e-02, PNorm = 118.3501, GNorm = 0.2372, lr_0 = 2.3198e-04
Loss = 1.8651e-02, PNorm = 118.3620, GNorm = 0.2051, lr_0 = 2.3140e-04
Loss = 2.4131e-02, PNorm = 118.3747, GNorm = 0.2823, lr_0 = 2.3081e-04
Loss = 2.5582e-02, PNorm = 118.3890, GNorm = 0.7368, lr_0 = 2.3023e-04
Loss = 1.8667e-02, PNorm = 118.4063, GNorm = 0.5453, lr_0 = 2.2965e-04
Loss = 2.5715e-02, PNorm = 118.4204, GNorm = 0.2343, lr_0 = 2.2907e-04
Loss = 1.9712e-02, PNorm = 118.4327, GNorm = 0.2649, lr_0 = 2.2849e-04
Loss = 2.3527e-02, PNorm = 118.4463, GNorm = 0.1899, lr_0 = 2.2791e-04
Loss = 1.7694e-02, PNorm = 118.4602, GNorm = 0.3718, lr_0 = 2.2734e-04
Loss = 2.0749e-02, PNorm = 118.4748, GNorm = 0.3031, lr_0 = 2.2676e-04
Loss = 2.0614e-02, PNorm = 118.4883, GNorm = 0.2778, lr_0 = 2.2619e-04
Loss = 2.5694e-02, PNorm = 118.5013, GNorm = 0.3998, lr_0 = 2.2562e-04
Loss = 1.9700e-02, PNorm = 118.5138, GNorm = 0.4104, lr_0 = 2.2505e-04
Validation rmse = 28.288135
Epoch 43
Loss = 1.5483e-02, PNorm = 118.5222, GNorm = 0.1824, lr_0 = 2.2448e-04
Loss = 2.0314e-02, PNorm = 118.5345, GNorm = 0.4043, lr_0 = 2.2391e-04
Loss = 2.1452e-02, PNorm = 118.5472, GNorm = 0.2094, lr_0 = 2.2335e-04
Loss = 1.9122e-02, PNorm = 118.5600, GNorm = 0.3392, lr_0 = 2.2278e-04
Loss = 1.7116e-02, PNorm = 118.5731, GNorm = 0.3618, lr_0 = 2.2222e-04
Loss = 2.2350e-02, PNorm = 118.5899, GNorm = 0.8313, lr_0 = 2.2166e-04
Loss = 2.1927e-02, PNorm = 118.6030, GNorm = 0.2356, lr_0 = 2.2110e-04
Loss = 2.1488e-02, PNorm = 118.6159, GNorm = 0.4409, lr_0 = 2.2054e-04
Loss = 2.7484e-02, PNorm = 118.6303, GNorm = 0.2396, lr_0 = 2.1998e-04
Loss = 2.3529e-02, PNorm = 118.6444, GNorm = 0.4577, lr_0 = 2.1942e-04
Loss = 1.9228e-02, PNorm = 118.6605, GNorm = 0.2181, lr_0 = 2.1887e-04
Loss = 2.0613e-02, PNorm = 118.6728, GNorm = 0.1872, lr_0 = 2.1832e-04
Loss = 2.0139e-02, PNorm = 118.6919, GNorm = 0.5134, lr_0 = 2.1777e-04
Validation rmse = 30.017354
Epoch 44
Loss = 2.6453e-02, PNorm = 118.7092, GNorm = 0.2932, lr_0 = 2.1716e-04
Loss = 2.1711e-02, PNorm = 118.7194, GNorm = 0.4754, lr_0 = 2.1661e-04
Loss = 1.9243e-02, PNorm = 118.7309, GNorm = 0.2366, lr_0 = 2.1606e-04
Loss = 2.2927e-02, PNorm = 118.7437, GNorm = 0.5032, lr_0 = 2.1552e-04
Loss = 2.4218e-02, PNorm = 118.7591, GNorm = 0.2188, lr_0 = 2.1497e-04
Loss = 2.3114e-02, PNorm = 118.7742, GNorm = 0.4359, lr_0 = 2.1443e-04
Loss = 2.8896e-02, PNorm = 118.7949, GNorm = 0.6977, lr_0 = 2.1389e-04
Loss = 2.0922e-02, PNorm = 118.8108, GNorm = 0.1889, lr_0 = 2.1335e-04
Loss = 2.4758e-02, PNorm = 118.8314, GNorm = 0.2325, lr_0 = 2.1281e-04
Loss = 1.9756e-02, PNorm = 118.8440, GNorm = 0.3428, lr_0 = 2.1227e-04
Loss = 1.7709e-02, PNorm = 118.8553, GNorm = 0.2042, lr_0 = 2.1173e-04
Loss = 1.9149e-02, PNorm = 118.8648, GNorm = 0.4351, lr_0 = 2.1120e-04
Loss = 1.8500e-02, PNorm = 118.8735, GNorm = 0.6618, lr_0 = 2.1067e-04
Loss = 2.2469e-02, PNorm = 118.8863, GNorm = 0.4589, lr_0 = 2.1013e-04
Validation rmse = 28.605727
Epoch 45
Loss = 2.1120e-02, PNorm = 118.8961, GNorm = 0.1435, lr_0 = 2.0960e-04
Loss = 2.1973e-02, PNorm = 118.9118, GNorm = 0.2288, lr_0 = 2.0907e-04
Loss = 2.0576e-02, PNorm = 118.9222, GNorm = 0.5121, lr_0 = 2.0854e-04
Loss = 2.0494e-02, PNorm = 118.9283, GNorm = 0.2103, lr_0 = 2.0802e-04
Loss = 1.8127e-02, PNorm = 118.9406, GNorm = 0.1918, lr_0 = 2.0749e-04
Loss = 1.9351e-02, PNorm = 118.9511, GNorm = 0.1460, lr_0 = 2.0697e-04
Loss = 2.1137e-02, PNorm = 118.9630, GNorm = 0.4507, lr_0 = 2.0644e-04
Loss = 1.9696e-02, PNorm = 118.9747, GNorm = 0.4469, lr_0 = 2.0592e-04
Loss = 2.5152e-02, PNorm = 118.9840, GNorm = 0.3838, lr_0 = 2.0540e-04
Loss = 1.9925e-02, PNorm = 118.9964, GNorm = 0.3914, lr_0 = 2.0488e-04
Loss = 1.9275e-02, PNorm = 119.0116, GNorm = 0.4482, lr_0 = 2.0437e-04
Loss = 1.9754e-02, PNorm = 119.0205, GNorm = 0.1755, lr_0 = 2.0385e-04
Loss = 1.8923e-02, PNorm = 119.0310, GNorm = 0.4058, lr_0 = 2.0333e-04
Validation rmse = 28.463189
Epoch 46
Loss = 1.4864e-02, PNorm = 119.0476, GNorm = 0.2548, lr_0 = 2.0277e-04
Loss = 1.6637e-02, PNorm = 119.0623, GNorm = 0.2916, lr_0 = 2.0226e-04
Loss = 1.7774e-02, PNorm = 119.0741, GNorm = 0.2103, lr_0 = 2.0175e-04
Loss = 1.8948e-02, PNorm = 119.0813, GNorm = 0.3347, lr_0 = 2.0124e-04
Loss = 2.1709e-02, PNorm = 119.0935, GNorm = 0.4218, lr_0 = 2.0073e-04
Loss = 2.3230e-02, PNorm = 119.1089, GNorm = 0.3622, lr_0 = 2.0022e-04
Loss = 2.1318e-02, PNorm = 119.1190, GNorm = 0.3042, lr_0 = 1.9971e-04
Loss = 2.1804e-02, PNorm = 119.1328, GNorm = 0.2607, lr_0 = 1.9921e-04
Loss = 2.2861e-02, PNorm = 119.1475, GNorm = 0.2453, lr_0 = 1.9871e-04
Loss = 1.9039e-02, PNorm = 119.1616, GNorm = 0.3866, lr_0 = 1.9820e-04
Loss = 2.1600e-02, PNorm = 119.1744, GNorm = 0.1461, lr_0 = 1.9770e-04
Loss = 2.0097e-02, PNorm = 119.1826, GNorm = 0.3442, lr_0 = 1.9720e-04
Loss = 2.0891e-02, PNorm = 119.1878, GNorm = 0.4009, lr_0 = 1.9671e-04
Loss = 2.3601e-02, PNorm = 119.2022, GNorm = 0.3658, lr_0 = 1.9621e-04
Validation rmse = 28.462200
Epoch 47
Loss = 2.3102e-02, PNorm = 119.2153, GNorm = 0.2506, lr_0 = 1.9571e-04
Loss = 1.7006e-02, PNorm = 119.2293, GNorm = 0.3331, lr_0 = 1.9522e-04
Loss = 2.2007e-02, PNorm = 119.2393, GNorm = 0.1926, lr_0 = 1.9472e-04
Loss = 1.6200e-02, PNorm = 119.2483, GNorm = 0.2686, lr_0 = 1.9423e-04
Loss = 2.1316e-02, PNorm = 119.2607, GNorm = 0.2489, lr_0 = 1.9374e-04
Loss = 2.1429e-02, PNorm = 119.2717, GNorm = 0.2863, lr_0 = 1.9325e-04
Loss = 1.7742e-02, PNorm = 119.2800, GNorm = 0.4594, lr_0 = 1.9276e-04
Loss = 2.2481e-02, PNorm = 119.2898, GNorm = 0.3659, lr_0 = 1.9228e-04
Loss = 2.0439e-02, PNorm = 119.3019, GNorm = 0.2726, lr_0 = 1.9179e-04
Loss = 1.8446e-02, PNorm = 119.3139, GNorm = 0.2588, lr_0 = 1.9131e-04
Loss = 1.9885e-02, PNorm = 119.3214, GNorm = 0.6971, lr_0 = 1.9082e-04
Loss = 2.1358e-02, PNorm = 119.3314, GNorm = 0.2317, lr_0 = 1.9034e-04
Loss = 2.0025e-02, PNorm = 119.3453, GNorm = 0.4728, lr_0 = 1.8986e-04
Loss = 2.0672e-02, PNorm = 119.3594, GNorm = 0.3585, lr_0 = 1.8938e-04
Validation rmse = 28.238737
Epoch 48
Loss = 1.5383e-02, PNorm = 119.3663, GNorm = 0.2790, lr_0 = 1.8885e-04
Loss = 1.7940e-02, PNorm = 119.3741, GNorm = 0.1891, lr_0 = 1.8838e-04
Loss = 1.8478e-02, PNorm = 119.3821, GNorm = 0.1431, lr_0 = 1.8790e-04
Loss = 2.1289e-02, PNorm = 119.3915, GNorm = 0.2665, lr_0 = 1.8743e-04
Loss = 1.9335e-02, PNorm = 119.4062, GNorm = 0.2002, lr_0 = 1.8695e-04
Loss = 2.2948e-02, PNorm = 119.4184, GNorm = 0.3116, lr_0 = 1.8648e-04
Loss = 1.6567e-02, PNorm = 119.4281, GNorm = 0.1567, lr_0 = 1.8601e-04
Loss = 2.0208e-02, PNorm = 119.4415, GNorm = 0.6171, lr_0 = 1.8554e-04
Loss = 2.1372e-02, PNorm = 119.4535, GNorm = 0.2708, lr_0 = 1.8507e-04
Loss = 1.9066e-02, PNorm = 119.4646, GNorm = 0.1715, lr_0 = 1.8460e-04
Loss = 1.8309e-02, PNorm = 119.4751, GNorm = 0.3531, lr_0 = 1.8414e-04
Loss = 1.9561e-02, PNorm = 119.4861, GNorm = 0.1536, lr_0 = 1.8367e-04
Loss = 1.9984e-02, PNorm = 119.4952, GNorm = 0.4055, lr_0 = 1.8321e-04
Validation rmse = 28.208965
Epoch 49
Loss = 1.4444e-02, PNorm = 119.5056, GNorm = 0.2900, lr_0 = 1.8274e-04
Loss = 1.8954e-02, PNorm = 119.5157, GNorm = 0.3015, lr_0 = 1.8228e-04
Loss = 1.8937e-02, PNorm = 119.5247, GNorm = 0.1959, lr_0 = 1.8182e-04
Loss = 1.8253e-02, PNorm = 119.5342, GNorm = 0.2114, lr_0 = 1.8136e-04
Loss = 1.7658e-02, PNorm = 119.5464, GNorm = 0.1713, lr_0 = 1.8090e-04
Loss = 2.1156e-02, PNorm = 119.5559, GNorm = 0.4317, lr_0 = 1.8045e-04
Loss = 1.7631e-02, PNorm = 119.5647, GNorm = 0.4715, lr_0 = 1.7999e-04
Loss = 1.8379e-02, PNorm = 119.5754, GNorm = 0.2785, lr_0 = 1.7953e-04
Loss = 2.0889e-02, PNorm = 119.5877, GNorm = 0.3994, lr_0 = 1.7908e-04
Loss = 1.6878e-02, PNorm = 119.6007, GNorm = 0.1683, lr_0 = 1.7885e-04
Loss = 2.1927e-02, PNorm = 119.6114, GNorm = 0.5169, lr_0 = 1.7885e-04
Loss = 1.6072e-02, PNorm = 119.6222, GNorm = 0.2348, lr_0 = 1.7885e-04
Loss = 1.8137e-02, PNorm = 119.6329, GNorm = 0.2694, lr_0 = 1.7885e-04
Loss = 1.8138e-02, PNorm = 119.6432, GNorm = 0.1577, lr_0 = 1.7885e-04
Validation rmse = 28.090572
Model 0 best validation rmse = 28.050077 on epoch 39
Loading pretrained parameter "encoder.encoder.0.cached_zero_vector".
Loading pretrained parameter "encoder.encoder.0.W_i.weight".
Loading pretrained parameter "encoder.encoder.0.W_h.weight".
Loading pretrained parameter "encoder.encoder.0.W_o.weight".
Loading pretrained parameter "encoder.encoder.0.W_o.bias".
Loading pretrained parameter "encoder.encoder.1.cached_zero_vector".
Loading pretrained parameter "encoder.encoder.1.W_i.weight".
Loading pretrained parameter "encoder.encoder.1.W_h.weight".
Loading pretrained parameter "encoder.encoder.1.W_o.weight".
Loading pretrained parameter "encoder.encoder.1.W_o.bias".
Loading pretrained parameter "ffn.1.weight".
Loading pretrained parameter "ffn.1.bias".
Loading pretrained parameter "ffn.4.weight".
Loading pretrained parameter "ffn.4.bias".
Moving model to cuda
Model 0 test rmse = 25.913155
Ensemble test rmse = 25.913155
1-fold cross validation
	Seed 0 ==> test rmse = 25.913155
Overall test rmse = 25.913155 +/- 0.000000
Elapsed time = 0:37:02
