Command line
python /home/kpg/chemprop/train.py --data_path ../../../data/splits/lambda_max_abs/deep4chem/group_by_smiles/smiles_target_train.csv --dataset_type regression --save_dir /home/kimele03/uvvisml/uvvisml/models/lambda_max_emi_checkpoints/random/results/507111/49667815 --config_path /home/kimele03/uvvisml/uvvisml/models/lambda_max_emi_checkpoints/random/results/507111/49667815/hyperopt.json --metric rmse --epochs 50 --gpu 0 --ensemble_size 1 --separate_val_path ../../../data/splits/lambda_max_abs/deep4chem/group_by_smiles/smiles_target_val.csv --separate_test_path ../../../data/splits/lambda_max_abs/deep4chem/group_by_smiles/smiles_target_test.csv --number_of_molecules 2
Args
{'activation': 'ReLU',
 'aggregation': 'mean',
 'aggregation_norm': 100,
 'atom_descriptor_scaling': True,
 'atom_descriptors': None,
 'atom_descriptors_path': None,
 'atom_descriptors_size': 0,
 'atom_features_size': 0,
 'atom_messages': False,
 'batch_size': 61,
 'bias': False,
 'bond_feature_scaling': True,
 'bond_features_path': None,
 'bond_features_size': 0,
 'cache_cutoff': 10000,
 'checkpoint_dir': None,
 'checkpoint_frzn': None,
 'checkpoint_path': None,
 'checkpoint_paths': None,
 'class_balance': False,
 'config_path': '/home/kimele03/uvvisml/uvvisml/models/lambda_max_emi_checkpoints/random/results/507111/49667815/hyperopt.json',
 'crossval_index_dir': None,
 'crossval_index_file': None,
 'crossval_index_sets': None,
 'cuda': True,
 'data_path': '../../../data/splits/lambda_max_abs/deep4chem/group_by_smiles/smiles_target_train.csv',
 'data_weights_path': None,
 'dataset_type': 'regression',
 'depth': 5,
 'device': device(type='cuda', index=0),
 'dropout': 0.21797013800519938,
 'empty_cache': False,
 'ensemble_size': 1,
 'epochs': 50,
 'explicit_h': False,
 'extra_metrics': [],
 'features_generator': None,
 'features_only': False,
 'features_path': None,
 'features_scaling': True,
 'features_size': None,
 'ffn_hidden_size': 1345,
 'ffn_num_layers': 3,
 'final_lr': 4.2416880223868323e-05,
 'folds_file': None,
 'freeze_first_only': False,
 'frzn_ffn_layers': 0,
 'gpu': 0,
 'grad_clip': None,
 'hidden_size': 1635,
 'ignore_columns': None,
 'init_lr': 0.0002466625648406738,
 'log_frequency': 10,
 'max_data_size': None,
 'max_lr': 0.000991029574415288,
 'metric': 'rmse',
 'metrics': ['rmse'],
 'minimize_score': True,
 'mpn_shared': False,
 'multiclass_num_classes': 3,
 'no_atom_descriptor_scaling': False,
 'no_bond_features_scaling': False,
 'no_cache_mol': False,
 'no_cuda': False,
 'no_features_scaling': False,
 'num_folds': 1,
 'num_lrs': 1,
 'num_tasks': 1,
 'num_workers': 8,
 'number_of_molecules': 2,
 'overwrite_default_atom_features': False,
 'overwrite_default_bond_features': False,
 'pytorch_seed': 0,
 'quiet': False,
 'reaction': False,
 'reaction_mode': 'reac_diff',
 'resume_experiment': False,
 'save_dir': '/home/kimele03/uvvisml/uvvisml/models/lambda_max_emi_checkpoints/random/results/507111/49667815',
 'save_preds': False,
 'save_smiles_splits': False,
 'seed': 0,
 'separate_test_atom_descriptors_path': None,
 'separate_test_bond_features_path': None,
 'separate_test_features_path': None,
 'separate_test_path': '../../../data/splits/lambda_max_abs/deep4chem/group_by_smiles/smiles_target_test.csv',
 'separate_val_atom_descriptors_path': None,
 'separate_val_bond_features_path': None,
 'separate_val_features_path': None,
 'separate_val_path': '../../../data/splits/lambda_max_abs/deep4chem/group_by_smiles/smiles_target_val.csv',
 'show_individual_scores': False,
 'smiles_columns': ['smiles', 'solvent'],
 'split_sizes': (0.8, 0.1, 0.1),
 'split_type': 'random',
 'target_columns': None,
 'target_weights': None,
 'task_names': ['peakwavs_max'],
 'test': False,
 'test_fold_index': None,
 'train_data_size': None,
 'undirected': False,
 'use_input_features': False,
 'val_fold_index': None,
 'warmup_epochs': 2}
Loading data
Number of tasks = 1
Fold 0
Splitting data with seed 0
Total size = 13,242 | train size = 13,242 | val size = 1,633 | test size = 1,710
Fitting scaler
Building model 0
MoleculeModel(
  (encoder): MPN(
    (encoder): ModuleList(
      (0): MPNEncoder(
        (dropout_layer): Dropout(p=0.21797013800519938, inplace=False)
        (act_func): ReLU()
        (W_i): Linear(in_features=147, out_features=1635, bias=False)
        (W_h): Linear(in_features=1635, out_features=1635, bias=False)
        (W_o): Linear(in_features=1768, out_features=1635, bias=True)
      )
      (1): MPNEncoder(
        (dropout_layer): Dropout(p=0.21797013800519938, inplace=False)
        (act_func): ReLU()
        (W_i): Linear(in_features=147, out_features=1635, bias=False)
        (W_h): Linear(in_features=1635, out_features=1635, bias=False)
        (W_o): Linear(in_features=1768, out_features=1635, bias=True)
      )
    )
  )
  (ffn): Sequential(
    (0): Dropout(p=0.21797013800519938, inplace=False)
    (1): Linear(in_features=3270, out_features=1345, bias=True)
    (2): ReLU()
    (3): Dropout(p=0.21797013800519938, inplace=False)
    (4): Linear(in_features=1345, out_features=1345, bias=True)
    (5): ReLU()
    (6): Dropout(p=0.21797013800519938, inplace=False)
    (7): Linear(in_features=1345, out_features=1, bias=True)
  )
)
Number of parameters = 17,826,251
Moving model to cuda
Epoch 0
Loss = 2.1173e+00, PNorm = 102.3416, GNorm = 2.0645, lr_0 = 2.6553e-04
Loss = 9.2175e-01, PNorm = 102.3981, GNorm = 2.7478, lr_0 = 2.8268e-04
Loss = 8.3670e-01, PNorm = 102.4352, GNorm = 5.2385, lr_0 = 2.9983e-04
Loss = 8.4341e-01, PNorm = 102.4592, GNorm = 3.4830, lr_0 = 3.1698e-04
Loss = 1.1305e+00, PNorm = 102.4789, GNorm = 1.3367, lr_0 = 3.3413e-04
Loss = 8.7724e-01, PNorm = 102.4994, GNorm = 2.2082, lr_0 = 3.5129e-04
Loss = 7.9206e-01, PNorm = 102.5226, GNorm = 2.8240, lr_0 = 3.6844e-04
Loss = 5.6455e-01, PNorm = 102.5461, GNorm = 2.9456, lr_0 = 3.8559e-04
Loss = 6.4714e-01, PNorm = 102.5757, GNorm = 1.8976, lr_0 = 4.0274e-04
Loss = 6.3372e-01, PNorm = 102.6091, GNorm = 8.3822, lr_0 = 4.1989e-04
Loss = 6.7091e-01, PNorm = 102.6414, GNorm = 5.5658, lr_0 = 4.3704e-04
Loss = 6.8152e-01, PNorm = 102.6811, GNorm = 5.1447, lr_0 = 4.5419e-04
Loss = 5.2183e-01, PNorm = 102.7243, GNorm = 3.3215, lr_0 = 4.7134e-04
Loss = 4.6705e-01, PNorm = 102.7650, GNorm = 5.8561, lr_0 = 4.8850e-04
Loss = 4.8746e-01, PNorm = 102.8019, GNorm = 2.3124, lr_0 = 5.0565e-04
Loss = 5.0317e-01, PNorm = 102.8456, GNorm = 5.0432, lr_0 = 5.2280e-04
Loss = 4.0354e-01, PNorm = 102.8873, GNorm = 9.4697, lr_0 = 5.3995e-04
Loss = 5.1673e-01, PNorm = 102.9342, GNorm = 5.0231, lr_0 = 5.5710e-04
Loss = 4.3888e-01, PNorm = 102.9848, GNorm = 9.4480, lr_0 = 5.7425e-04
Loss = 4.7263e-01, PNorm = 103.0403, GNorm = 6.1434, lr_0 = 5.9140e-04
Loss = 4.0145e-01, PNorm = 103.0918, GNorm = 4.8687, lr_0 = 6.0856e-04
Validation rmse = 81.742628
Epoch 1
Loss = 5.6367e-01, PNorm = 103.1648, GNorm = 6.5596, lr_0 = 6.2742e-04
Loss = 6.5470e-01, PNorm = 103.2332, GNorm = 2.4260, lr_0 = 6.4457e-04
Loss = 4.1687e-01, PNorm = 103.3065, GNorm = 0.6909, lr_0 = 6.6172e-04
Loss = 3.9627e-01, PNorm = 103.3854, GNorm = 2.6388, lr_0 = 6.7888e-04
Loss = 4.0966e-01, PNorm = 103.4551, GNorm = 10.2837, lr_0 = 6.9603e-04
Loss = 3.7223e-01, PNorm = 103.5211, GNorm = 1.4916, lr_0 = 7.1318e-04
Loss = 3.9691e-01, PNorm = 103.5879, GNorm = 3.8532, lr_0 = 7.3033e-04
Loss = 3.3577e-01, PNorm = 103.6478, GNorm = 3.6196, lr_0 = 7.4748e-04
Loss = 2.8694e-01, PNorm = 103.7072, GNorm = 0.7698, lr_0 = 7.6463e-04
Loss = 3.4138e-01, PNorm = 103.7621, GNorm = 6.6493, lr_0 = 7.8178e-04
Loss = 3.7573e-01, PNorm = 103.8260, GNorm = 4.7442, lr_0 = 7.9893e-04
Loss = 3.2772e-01, PNorm = 103.9004, GNorm = 3.0550, lr_0 = 8.1609e-04
Loss = 3.0335e-01, PNorm = 103.9762, GNorm = 0.9815, lr_0 = 8.3324e-04
Loss = 3.8243e-01, PNorm = 104.0629, GNorm = 0.7944, lr_0 = 8.5039e-04
Loss = 2.9895e-01, PNorm = 104.1594, GNorm = 3.8476, lr_0 = 8.6754e-04
Loss = 3.8317e-01, PNorm = 104.2487, GNorm = 1.9819, lr_0 = 8.8469e-04
Loss = 3.4888e-01, PNorm = 104.3448, GNorm = 5.0622, lr_0 = 9.0184e-04
Loss = 3.7800e-01, PNorm = 104.4614, GNorm = 1.9338, lr_0 = 9.1899e-04
Loss = 3.6034e-01, PNorm = 104.5768, GNorm = 1.1742, lr_0 = 9.3615e-04
Loss = 3.6513e-01, PNorm = 104.6806, GNorm = 1.9825, lr_0 = 9.5330e-04
Loss = 2.9401e-01, PNorm = 104.8124, GNorm = 1.6418, lr_0 = 9.7045e-04
Loss = 3.3938e-01, PNorm = 104.9492, GNorm = 1.2178, lr_0 = 9.8760e-04
Validation rmse = 56.705952
Epoch 2
Loss = 3.5730e-01, PNorm = 105.0982, GNorm = 1.8696, lr_0 = 9.8833e-04
Loss = 2.3847e-01, PNorm = 105.2242, GNorm = 6.5729, lr_0 = 9.8535e-04
Loss = 2.8983e-01, PNorm = 105.3355, GNorm = 4.5574, lr_0 = 9.8237e-04
Loss = 2.6769e-01, PNorm = 105.4310, GNorm = 2.8319, lr_0 = 9.7941e-04
Loss = 2.6330e-01, PNorm = 105.5365, GNorm = 1.8406, lr_0 = 9.7645e-04
Loss = 2.7356e-01, PNorm = 105.6329, GNorm = 2.9304, lr_0 = 9.7350e-04
Loss = 2.3704e-01, PNorm = 105.7302, GNorm = 1.0586, lr_0 = 9.7056e-04
Loss = 2.6781e-01, PNorm = 105.8192, GNorm = 0.9210, lr_0 = 9.6762e-04
Loss = 2.1229e-01, PNorm = 105.9050, GNorm = 1.0433, lr_0 = 9.6470e-04
Loss = 2.7127e-01, PNorm = 106.0084, GNorm = 2.5805, lr_0 = 9.6179e-04
Loss = 2.0244e-01, PNorm = 106.1158, GNorm = 1.8078, lr_0 = 9.5888e-04
Loss = 2.5185e-01, PNorm = 106.2324, GNorm = 0.8918, lr_0 = 9.5599e-04
Loss = 3.1527e-01, PNorm = 106.3486, GNorm = 8.4799, lr_0 = 9.5310e-04
Loss = 2.6149e-01, PNorm = 106.4706, GNorm = 1.3311, lr_0 = 9.5022e-04
Loss = 2.2054e-01, PNorm = 106.5785, GNorm = 2.8053, lr_0 = 9.4735e-04
Loss = 2.2143e-01, PNorm = 106.6663, GNorm = 2.7964, lr_0 = 9.4449e-04
Loss = 1.7332e-01, PNorm = 106.7465, GNorm = 1.2914, lr_0 = 9.4163e-04
Loss = 1.8896e-01, PNorm = 106.8399, GNorm = 4.3993, lr_0 = 9.3879e-04
Loss = 2.2285e-01, PNorm = 106.9231, GNorm = 1.6723, lr_0 = 9.3595e-04
Loss = 1.9531e-01, PNorm = 107.0019, GNorm = 3.1167, lr_0 = 9.3313e-04
Loss = 2.4946e-01, PNorm = 107.0750, GNorm = 3.6583, lr_0 = 9.3031e-04
Loss = 2.2843e-01, PNorm = 107.1622, GNorm = 1.7228, lr_0 = 9.2750e-04
Validation rmse = 45.802121
Epoch 3
Loss = 1.5770e-01, PNorm = 107.2589, GNorm = 1.3887, lr_0 = 9.2442e-04
Loss = 1.6637e-01, PNorm = 107.3397, GNorm = 1.3618, lr_0 = 9.2162e-04
Loss = 1.4760e-01, PNorm = 107.4168, GNorm = 0.8209, lr_0 = 9.1884e-04
Loss = 1.8046e-01, PNorm = 107.5015, GNorm = 1.7392, lr_0 = 9.1606e-04
Loss = 1.4787e-01, PNorm = 107.5873, GNorm = 0.7586, lr_0 = 9.1330e-04
Loss = 2.1298e-01, PNorm = 107.6632, GNorm = 1.6732, lr_0 = 9.1054e-04
Loss = 1.7569e-01, PNorm = 107.7518, GNorm = 1.7313, lr_0 = 9.0779e-04
Loss = 1.6821e-01, PNorm = 107.8335, GNorm = 1.5084, lr_0 = 9.0504e-04
Loss = 1.9177e-01, PNorm = 107.9240, GNorm = 0.8757, lr_0 = 9.0231e-04
Loss = 1.6354e-01, PNorm = 108.0184, GNorm = 3.0559, lr_0 = 8.9958e-04
Loss = 1.6549e-01, PNorm = 108.1116, GNorm = 2.0988, lr_0 = 8.9687e-04
Loss = 1.5014e-01, PNorm = 108.1982, GNorm = 0.5945, lr_0 = 8.9416e-04
Loss = 1.3031e-01, PNorm = 108.2831, GNorm = 0.5080, lr_0 = 8.9146e-04
Loss = 1.4901e-01, PNorm = 108.3673, GNorm = 1.4766, lr_0 = 8.8876e-04
Loss = 1.5207e-01, PNorm = 108.4558, GNorm = 1.2485, lr_0 = 8.8608e-04
Loss = 1.4097e-01, PNorm = 108.5305, GNorm = 0.7711, lr_0 = 8.8340e-04
Loss = 1.5922e-01, PNorm = 108.6044, GNorm = 1.5080, lr_0 = 8.8073e-04
Loss = 1.3830e-01, PNorm = 108.6743, GNorm = 1.3501, lr_0 = 8.7807e-04
Loss = 1.5607e-01, PNorm = 108.7384, GNorm = 2.2356, lr_0 = 8.7542e-04
Loss = 2.1795e-01, PNorm = 108.8175, GNorm = 0.9401, lr_0 = 8.7278e-04
Loss = 2.1213e-01, PNorm = 108.9158, GNorm = 1.7480, lr_0 = 8.7014e-04
Validation rmse = 129.744961
Epoch 4
Loss = 8.6711e-01, PNorm = 109.0490, GNorm = 4.8695, lr_0 = 8.6725e-04
Loss = 4.0698e-01, PNorm = 109.3383, GNorm = 4.8987, lr_0 = 8.6463e-04
Loss = 2.5700e-01, PNorm = 109.6046, GNorm = 4.5397, lr_0 = 8.6202e-04
Loss = 1.7612e-01, PNorm = 109.7780, GNorm = 0.9288, lr_0 = 8.5941e-04
Loss = 1.9792e-01, PNorm = 109.8994, GNorm = 0.7571, lr_0 = 8.5682e-04
Loss = 2.0652e-01, PNorm = 110.0105, GNorm = 2.7452, lr_0 = 8.5423e-04
Loss = 1.6390e-01, PNorm = 110.1040, GNorm = 1.5190, lr_0 = 8.5165e-04
Loss = 1.8727e-01, PNorm = 110.1932, GNorm = 0.9021, lr_0 = 8.4908e-04
Loss = 1.8310e-01, PNorm = 110.2779, GNorm = 0.8357, lr_0 = 8.4651e-04
Loss = 1.3129e-01, PNorm = 110.3382, GNorm = 0.5048, lr_0 = 8.4395e-04
Loss = 1.4522e-01, PNorm = 110.3965, GNorm = 0.9699, lr_0 = 8.4141e-04
Loss = 1.1360e-01, PNorm = 110.4516, GNorm = 0.6340, lr_0 = 8.3886e-04
Loss = 1.2545e-01, PNorm = 110.5021, GNorm = 1.2204, lr_0 = 8.3633e-04
Loss = 1.5175e-01, PNorm = 110.5604, GNorm = 1.4824, lr_0 = 8.3380e-04
Loss = 1.3606e-01, PNorm = 110.6245, GNorm = 1.3782, lr_0 = 8.3128e-04
Loss = 1.3494e-01, PNorm = 110.6792, GNorm = 0.9064, lr_0 = 8.2877e-04
Loss = 1.0272e-01, PNorm = 110.7293, GNorm = 0.5420, lr_0 = 8.2627e-04
Loss = 1.0025e-01, PNorm = 110.7834, GNorm = 0.6748, lr_0 = 8.2377e-04
Loss = 1.2699e-01, PNorm = 110.8356, GNorm = 0.9255, lr_0 = 8.2129e-04
Loss = 1.1416e-01, PNorm = 110.8888, GNorm = 1.0921, lr_0 = 8.1880e-04
Loss = 1.1502e-01, PNorm = 110.9493, GNorm = 0.6094, lr_0 = 8.1633e-04
Loss = 1.0315e-01, PNorm = 111.0007, GNorm = 0.8781, lr_0 = 8.1386e-04
Validation rmse = 58.307311
Epoch 5
Loss = 2.4974e-01, PNorm = 111.0954, GNorm = 3.7250, lr_0 = 8.1116e-04
Loss = 2.0026e-01, PNorm = 111.2379, GNorm = 0.8634, lr_0 = 8.0871e-04
Loss = 1.7354e-01, PNorm = 111.3456, GNorm = 2.0767, lr_0 = 8.0627e-04
Loss = 1.4538e-01, PNorm = 111.4326, GNorm = 0.7285, lr_0 = 8.0383e-04
Loss = 1.3483e-01, PNorm = 111.5046, GNorm = 1.4140, lr_0 = 8.0140e-04
Loss = 1.0701e-01, PNorm = 111.5651, GNorm = 0.5872, lr_0 = 7.9898e-04
Loss = 1.1703e-01, PNorm = 111.6183, GNorm = 1.1809, lr_0 = 7.9657e-04
Loss = 1.1049e-01, PNorm = 111.6692, GNorm = 1.0937, lr_0 = 7.9416e-04
Loss = 1.2174e-01, PNorm = 111.7176, GNorm = 1.9319, lr_0 = 7.9176e-04
Loss = 1.2461e-01, PNorm = 111.7770, GNorm = 1.0931, lr_0 = 7.8937e-04
Loss = 1.3168e-01, PNorm = 111.8325, GNorm = 2.3884, lr_0 = 7.8699e-04
Loss = 1.2038e-01, PNorm = 111.8949, GNorm = 0.8345, lr_0 = 7.8461e-04
Loss = 1.0566e-01, PNorm = 111.9509, GNorm = 0.6854, lr_0 = 7.8224e-04
Loss = 9.3991e-02, PNorm = 112.0070, GNorm = 0.6096, lr_0 = 7.7988e-04
Loss = 1.1034e-01, PNorm = 112.0426, GNorm = 0.8366, lr_0 = 7.7752e-04
Loss = 9.9227e-02, PNorm = 112.0874, GNorm = 0.6876, lr_0 = 7.7517e-04
Loss = 1.2239e-01, PNorm = 112.1335, GNorm = 1.5184, lr_0 = 7.7283e-04
Loss = 1.2674e-01, PNorm = 112.1907, GNorm = 1.2516, lr_0 = 7.7050e-04
Loss = 9.9663e-02, PNorm = 112.2457, GNorm = 0.8905, lr_0 = 7.6817e-04
Loss = 7.5764e-02, PNorm = 112.2851, GNorm = 0.5848, lr_0 = 7.6585e-04
Loss = 8.2188e-02, PNorm = 112.3208, GNorm = 0.6364, lr_0 = 7.6354e-04
Loss = 1.0285e-01, PNorm = 112.3699, GNorm = 0.4974, lr_0 = 7.6123e-04
Validation rmse = 37.763326
Epoch 6
Loss = 8.3483e-02, PNorm = 112.4198, GNorm = 0.6947, lr_0 = 7.5870e-04
Loss = 8.0633e-02, PNorm = 112.4616, GNorm = 0.7925, lr_0 = 7.5641e-04
Loss = 7.9662e-02, PNorm = 112.4932, GNorm = 0.4914, lr_0 = 7.5412e-04
Loss = 9.8137e-02, PNorm = 112.5310, GNorm = 0.8822, lr_0 = 7.5185e-04
Loss = 8.5969e-02, PNorm = 112.5731, GNorm = 0.4876, lr_0 = 7.4957e-04
Loss = 8.3031e-02, PNorm = 112.6083, GNorm = 1.1364, lr_0 = 7.4731e-04
Loss = 8.6366e-02, PNorm = 112.6534, GNorm = 0.9670, lr_0 = 7.4505e-04
Loss = 7.4664e-02, PNorm = 112.6978, GNorm = 0.5727, lr_0 = 7.4280e-04
Loss = 1.0510e-01, PNorm = 112.7413, GNorm = 1.7674, lr_0 = 7.4056e-04
Loss = 8.3152e-02, PNorm = 112.7958, GNorm = 0.8929, lr_0 = 7.3832e-04
Loss = 8.4987e-02, PNorm = 112.8421, GNorm = 0.8013, lr_0 = 7.3609e-04
Loss = 7.4071e-02, PNorm = 112.8789, GNorm = 0.6047, lr_0 = 7.3387e-04
Loss = 8.7925e-02, PNorm = 112.9161, GNorm = 1.0207, lr_0 = 7.3165e-04
Loss = 8.2846e-02, PNorm = 112.9654, GNorm = 0.5641, lr_0 = 7.2944e-04
Loss = 9.2833e-02, PNorm = 113.0040, GNorm = 1.0656, lr_0 = 7.2724e-04
Loss = 7.4889e-02, PNorm = 113.0467, GNorm = 0.7286, lr_0 = 7.2504e-04
Loss = 7.3137e-02, PNorm = 113.0850, GNorm = 0.6294, lr_0 = 7.2285e-04
Loss = 9.3742e-02, PNorm = 113.1323, GNorm = 0.7510, lr_0 = 7.2067e-04
Loss = 8.5470e-02, PNorm = 113.1679, GNorm = 0.6715, lr_0 = 7.1849e-04
Loss = 1.0558e-01, PNorm = 113.2074, GNorm = 1.3378, lr_0 = 7.1632e-04
Loss = 8.5228e-02, PNorm = 113.2541, GNorm = 1.3458, lr_0 = 7.1415e-04
Validation rmse = 35.382923
Epoch 7
Loss = 1.7097e-01, PNorm = 113.3159, GNorm = 2.0081, lr_0 = 7.1178e-04
Loss = 1.0252e-01, PNorm = 113.3940, GNorm = 1.5044, lr_0 = 7.0963e-04
Loss = 1.1085e-01, PNorm = 113.4664, GNorm = 0.7016, lr_0 = 7.0749e-04
Loss = 1.0567e-01, PNorm = 113.5537, GNorm = 1.5086, lr_0 = 7.0535e-04
Loss = 9.2209e-02, PNorm = 113.6371, GNorm = 0.4686, lr_0 = 7.0322e-04
Loss = 7.4622e-02, PNorm = 113.6986, GNorm = 0.7190, lr_0 = 7.0110e-04
Loss = 7.9567e-02, PNorm = 113.7417, GNorm = 0.5732, lr_0 = 6.9898e-04
Loss = 6.5081e-02, PNorm = 113.7817, GNorm = 0.4419, lr_0 = 6.9687e-04
Loss = 9.0585e-02, PNorm = 113.8221, GNorm = 1.8943, lr_0 = 6.9476e-04
Loss = 8.2348e-02, PNorm = 113.8682, GNorm = 1.2359, lr_0 = 6.9266e-04
Loss = 8.3105e-02, PNorm = 113.9101, GNorm = 1.3612, lr_0 = 6.9057e-04
Loss = 7.7852e-02, PNorm = 113.9501, GNorm = 0.6700, lr_0 = 6.8848e-04
Loss = 8.2596e-02, PNorm = 113.9885, GNorm = 0.9985, lr_0 = 6.8640e-04
Loss = 7.9945e-02, PNorm = 114.0285, GNorm = 1.1857, lr_0 = 6.8433e-04
Loss = 8.7929e-02, PNorm = 114.0735, GNorm = 1.1780, lr_0 = 6.8226e-04
Loss = 7.6813e-02, PNorm = 114.1077, GNorm = 0.9588, lr_0 = 6.8020e-04
Loss = 8.2261e-02, PNorm = 114.1493, GNorm = 2.0486, lr_0 = 6.7815e-04
Loss = 7.1536e-02, PNorm = 114.1826, GNorm = 0.6790, lr_0 = 6.7610e-04
Loss = 6.7608e-02, PNorm = 114.2118, GNorm = 0.5506, lr_0 = 6.7406e-04
Loss = 8.3261e-02, PNorm = 114.2402, GNorm = 1.3712, lr_0 = 6.7202e-04
Loss = 8.6069e-02, PNorm = 114.2764, GNorm = 0.5539, lr_0 = 6.6999e-04
Loss = 5.8444e-02, PNorm = 114.3166, GNorm = 0.8084, lr_0 = 6.6797e-04
Validation rmse = 34.677412
Epoch 8
Loss = 5.1092e-02, PNorm = 114.3575, GNorm = 0.5735, lr_0 = 6.6575e-04
Loss = 6.5423e-02, PNorm = 114.3897, GNorm = 0.7390, lr_0 = 6.6374e-04
Loss = 7.9679e-02, PNorm = 114.4178, GNorm = 0.7660, lr_0 = 6.6173e-04
Loss = 6.5837e-02, PNorm = 114.4496, GNorm = 0.5445, lr_0 = 6.5973e-04
Loss = 6.4193e-02, PNorm = 114.4852, GNorm = 0.4758, lr_0 = 6.5774e-04
Loss = 7.4004e-02, PNorm = 114.5230, GNorm = 0.7950, lr_0 = 6.5575e-04
Loss = 6.8615e-02, PNorm = 114.5547, GNorm = 0.5824, lr_0 = 6.5377e-04
Loss = 6.4821e-02, PNorm = 114.5822, GNorm = 0.4737, lr_0 = 6.5180e-04
Loss = 6.5568e-02, PNorm = 114.6131, GNorm = 0.8471, lr_0 = 6.4983e-04
Loss = 7.2427e-02, PNorm = 114.6553, GNorm = 0.6012, lr_0 = 6.4787e-04
Loss = 7.9715e-02, PNorm = 114.6950, GNorm = 0.4267, lr_0 = 6.4591e-04
Loss = 6.3985e-02, PNorm = 114.7283, GNorm = 0.3634, lr_0 = 6.4396e-04
Loss = 7.2383e-02, PNorm = 114.7636, GNorm = 0.5529, lr_0 = 6.4201e-04
Loss = 6.9908e-02, PNorm = 114.7990, GNorm = 0.4217, lr_0 = 6.4007e-04
Loss = 6.6198e-02, PNorm = 114.8365, GNorm = 0.6666, lr_0 = 6.3814e-04
Loss = 6.8961e-02, PNorm = 114.8704, GNorm = 0.6450, lr_0 = 6.3621e-04
Loss = 6.9560e-02, PNorm = 114.9041, GNorm = 0.7673, lr_0 = 6.3429e-04
Loss = 6.7465e-02, PNorm = 114.9424, GNorm = 0.4858, lr_0 = 6.3237e-04
Loss = 8.1061e-02, PNorm = 114.9755, GNorm = 0.8131, lr_0 = 6.3046e-04
Loss = 7.2310e-02, PNorm = 115.0157, GNorm = 0.8072, lr_0 = 6.2856e-04
Loss = 7.2472e-02, PNorm = 115.0599, GNorm = 1.3628, lr_0 = 6.2666e-04
Loss = 6.1740e-02, PNorm = 115.0967, GNorm = 1.0077, lr_0 = 6.2477e-04
Validation rmse = 34.117785
Epoch 9
Loss = 6.2067e-02, PNorm = 115.1380, GNorm = 1.1708, lr_0 = 6.2269e-04
Loss = 5.9842e-02, PNorm = 115.1779, GNorm = 0.9406, lr_0 = 6.2081e-04
Loss = 5.4885e-02, PNorm = 115.2110, GNorm = 0.7231, lr_0 = 6.1894e-04
Loss = 6.3629e-02, PNorm = 115.2401, GNorm = 0.6075, lr_0 = 6.1707e-04
Loss = 6.5671e-02, PNorm = 115.2689, GNorm = 1.2473, lr_0 = 6.1520e-04
Loss = 7.1624e-02, PNorm = 115.2974, GNorm = 0.8395, lr_0 = 6.1334e-04
Loss = 6.2430e-02, PNorm = 115.3312, GNorm = 0.5214, lr_0 = 6.1149e-04
Loss = 5.7400e-02, PNorm = 115.3622, GNorm = 0.6869, lr_0 = 6.0964e-04
Loss = 6.5508e-02, PNorm = 115.3968, GNorm = 0.8167, lr_0 = 6.0780e-04
Loss = 7.7307e-02, PNorm = 115.4347, GNorm = 0.4185, lr_0 = 6.0597e-04
Loss = 6.0869e-02, PNorm = 115.4698, GNorm = 0.4223, lr_0 = 6.0414e-04
Loss = 6.7545e-02, PNorm = 115.4947, GNorm = 0.6853, lr_0 = 6.0231e-04
Loss = 5.3484e-02, PNorm = 115.5248, GNorm = 0.4950, lr_0 = 6.0049e-04
Loss = 4.6749e-02, PNorm = 115.5568, GNorm = 0.4869, lr_0 = 5.9868e-04
Loss = 6.2219e-02, PNorm = 115.5913, GNorm = 0.7480, lr_0 = 5.9687e-04
Loss = 7.6544e-02, PNorm = 115.6313, GNorm = 1.4702, lr_0 = 5.9507e-04
Loss = 5.8449e-02, PNorm = 115.6648, GNorm = 0.4027, lr_0 = 5.9327e-04
Loss = 7.0680e-02, PNorm = 115.6943, GNorm = 0.8693, lr_0 = 5.9148e-04
Loss = 6.5200e-02, PNorm = 115.7266, GNorm = 1.1749, lr_0 = 5.8969e-04
Loss = 6.9862e-02, PNorm = 115.7697, GNorm = 0.6496, lr_0 = 5.8791e-04
Loss = 7.0891e-02, PNorm = 115.8090, GNorm = 1.3192, lr_0 = 5.8613e-04
Loss = 5.6557e-02, PNorm = 115.8374, GNorm = 0.7486, lr_0 = 5.8436e-04
Loss = 2.2709e-02, PNorm = 115.8397, GNorm = 1.3411, lr_0 = 5.8418e-04
Validation rmse = 32.614954
Epoch 10
Loss = 5.7971e-02, PNorm = 115.8693, GNorm = 0.9497, lr_0 = 5.8242e-04
Loss = 5.9579e-02, PNorm = 115.9005, GNorm = 0.4656, lr_0 = 5.8066e-04
Loss = 5.8703e-02, PNorm = 115.9298, GNorm = 0.4033, lr_0 = 5.7891e-04
Loss = 5.3211e-02, PNorm = 115.9521, GNorm = 0.3546, lr_0 = 5.7716e-04
Loss = 5.2054e-02, PNorm = 115.9782, GNorm = 0.5908, lr_0 = 5.7541e-04
Loss = 4.8921e-02, PNorm = 116.0076, GNorm = 0.6886, lr_0 = 5.7368e-04
Loss = 5.5354e-02, PNorm = 116.0327, GNorm = 0.5263, lr_0 = 5.7194e-04
Loss = 6.0284e-02, PNorm = 116.0609, GNorm = 0.8983, lr_0 = 5.7022e-04
Loss = 5.7083e-02, PNorm = 116.0913, GNorm = 1.1780, lr_0 = 5.6849e-04
Loss = 5.3707e-02, PNorm = 116.1191, GNorm = 0.8712, lr_0 = 5.6678e-04
Loss = 5.1241e-02, PNorm = 116.1468, GNorm = 0.5046, lr_0 = 5.6506e-04
Loss = 7.0159e-02, PNorm = 116.1733, GNorm = 0.8088, lr_0 = 5.6336e-04
Loss = 7.2194e-02, PNorm = 116.2144, GNorm = 0.7594, lr_0 = 5.6165e-04
Loss = 7.3856e-02, PNorm = 116.2571, GNorm = 1.1302, lr_0 = 5.5996e-04
Loss = 6.2661e-02, PNorm = 116.2874, GNorm = 0.8293, lr_0 = 5.5827e-04
Loss = 6.8006e-02, PNorm = 116.3210, GNorm = 0.4260, lr_0 = 5.5658e-04
Loss = 5.2303e-02, PNorm = 116.3499, GNorm = 0.5402, lr_0 = 5.5490e-04
Loss = 6.0652e-02, PNorm = 116.3817, GNorm = 0.6695, lr_0 = 5.5322e-04
Loss = 7.1471e-02, PNorm = 116.4127, GNorm = 0.6746, lr_0 = 5.5155e-04
Loss = 5.4185e-02, PNorm = 116.4375, GNorm = 0.5429, lr_0 = 5.4989e-04
Loss = 5.5749e-02, PNorm = 116.4646, GNorm = 0.6711, lr_0 = 5.4822e-04
Validation rmse = 31.368747
Epoch 11
Loss = 8.0066e-02, PNorm = 116.4999, GNorm = 1.3329, lr_0 = 5.4640e-04
Loss = 5.0185e-02, PNorm = 116.5357, GNorm = 0.6692, lr_0 = 5.4475e-04
Loss = 5.6369e-02, PNorm = 116.5711, GNorm = 0.9425, lr_0 = 5.4311e-04
Loss = 6.3938e-02, PNorm = 116.6104, GNorm = 0.5339, lr_0 = 5.4147e-04
Loss = 5.5164e-02, PNorm = 116.6416, GNorm = 0.4283, lr_0 = 5.3983e-04
Loss = 6.4420e-02, PNorm = 116.6686, GNorm = 0.4702, lr_0 = 5.3820e-04
Loss = 5.6962e-02, PNorm = 116.7070, GNorm = 0.3520, lr_0 = 5.3657e-04
Loss = 5.8686e-02, PNorm = 116.7387, GNorm = 0.9898, lr_0 = 5.3495e-04
Loss = 5.0119e-02, PNorm = 116.7701, GNorm = 0.5981, lr_0 = 5.3334e-04
Loss = 5.1787e-02, PNorm = 116.7994, GNorm = 1.0741, lr_0 = 5.3173e-04
Loss = 6.1991e-02, PNorm = 116.8254, GNorm = 0.7416, lr_0 = 5.3012e-04
Loss = 6.1841e-02, PNorm = 116.8543, GNorm = 0.3672, lr_0 = 5.2852e-04
Loss = 6.1353e-02, PNorm = 116.8836, GNorm = 0.6982, lr_0 = 5.2692e-04
Loss = 5.4960e-02, PNorm = 116.9179, GNorm = 0.5363, lr_0 = 5.2533e-04
Loss = 5.2677e-02, PNorm = 116.9520, GNorm = 0.7469, lr_0 = 5.2374e-04
Loss = 5.1926e-02, PNorm = 116.9829, GNorm = 0.6325, lr_0 = 5.2216e-04
Loss = 5.3045e-02, PNorm = 117.0119, GNorm = 0.5571, lr_0 = 5.2058e-04
Loss = 4.5843e-02, PNorm = 117.0371, GNorm = 0.4738, lr_0 = 5.1901e-04
Loss = 4.3745e-02, PNorm = 117.0595, GNorm = 0.6806, lr_0 = 5.1744e-04
Loss = 4.5143e-02, PNorm = 117.0822, GNorm = 1.3314, lr_0 = 5.1588e-04
Loss = 4.8989e-02, PNorm = 117.1129, GNorm = 0.4612, lr_0 = 5.1432e-04
Loss = 5.1160e-02, PNorm = 117.1380, GNorm = 0.3921, lr_0 = 5.1277e-04
Validation rmse = 32.430851
Epoch 12
Loss = 7.7949e-02, PNorm = 117.1661, GNorm = 1.1585, lr_0 = 5.1106e-04
Loss = 5.0929e-02, PNorm = 117.2004, GNorm = 0.6260, lr_0 = 5.0952e-04
Loss = 5.7002e-02, PNorm = 117.2311, GNorm = 0.4856, lr_0 = 5.0798e-04
Loss = 5.6076e-02, PNorm = 117.2698, GNorm = 0.3369, lr_0 = 5.0645e-04
Loss = 4.8952e-02, PNorm = 117.3031, GNorm = 0.6060, lr_0 = 5.0492e-04
Loss = 6.0013e-02, PNorm = 117.3259, GNorm = 0.9232, lr_0 = 5.0339e-04
Loss = 5.8713e-02, PNorm = 117.3496, GNorm = 0.5954, lr_0 = 5.0187e-04
Loss = 5.5371e-02, PNorm = 117.3759, GNorm = 0.4502, lr_0 = 5.0036e-04
Loss = 5.6940e-02, PNorm = 117.4048, GNorm = 0.6427, lr_0 = 4.9884e-04
Loss = 5.5631e-02, PNorm = 117.4334, GNorm = 1.4487, lr_0 = 4.9734e-04
Loss = 6.1199e-02, PNorm = 117.4642, GNorm = 0.9182, lr_0 = 4.9583e-04
Loss = 4.9295e-02, PNorm = 117.4931, GNorm = 0.3948, lr_0 = 4.9434e-04
Loss = 4.7268e-02, PNorm = 117.5217, GNorm = 0.9540, lr_0 = 4.9284e-04
Loss = 5.2719e-02, PNorm = 117.5478, GNorm = 0.2609, lr_0 = 4.9136e-04
Loss = 5.0110e-02, PNorm = 117.5696, GNorm = 0.8296, lr_0 = 4.8987e-04
Loss = 4.6004e-02, PNorm = 117.5976, GNorm = 0.2602, lr_0 = 4.8839e-04
Loss = 4.6958e-02, PNorm = 117.6257, GNorm = 0.8216, lr_0 = 4.8692e-04
Loss = 4.9606e-02, PNorm = 117.6494, GNorm = 0.3055, lr_0 = 4.8544e-04
Loss = 5.5136e-02, PNorm = 117.6815, GNorm = 0.3537, lr_0 = 4.8398e-04
Loss = 4.3599e-02, PNorm = 117.7063, GNorm = 0.8200, lr_0 = 4.8252e-04
Loss = 5.1807e-02, PNorm = 117.7266, GNorm = 1.1722, lr_0 = 4.8106e-04
Loss = 4.9128e-02, PNorm = 117.7526, GNorm = 0.4979, lr_0 = 4.7961e-04
Validation rmse = 30.339851
Epoch 13
Loss = 4.8588e-02, PNorm = 117.7808, GNorm = 0.5115, lr_0 = 4.7816e-04
Loss = 5.9253e-02, PNorm = 117.8133, GNorm = 0.3968, lr_0 = 4.7671e-04
Loss = 5.3544e-02, PNorm = 117.8471, GNorm = 0.4130, lr_0 = 4.7527e-04
Loss = 4.3400e-02, PNorm = 117.8748, GNorm = 0.3324, lr_0 = 4.7384e-04
Loss = 4.4526e-02, PNorm = 117.8917, GNorm = 0.5369, lr_0 = 4.7241e-04
Loss = 4.7041e-02, PNorm = 117.9152, GNorm = 0.3252, lr_0 = 4.7098e-04
Loss = 3.9382e-02, PNorm = 117.9390, GNorm = 0.5311, lr_0 = 4.6956e-04
Loss = 4.5770e-02, PNorm = 117.9571, GNorm = 0.7688, lr_0 = 4.6814e-04
Loss = 4.0412e-02, PNorm = 117.9761, GNorm = 0.8276, lr_0 = 4.6672e-04
Loss = 4.2053e-02, PNorm = 117.9981, GNorm = 0.6167, lr_0 = 4.6531e-04
Loss = 3.9745e-02, PNorm = 118.0190, GNorm = 0.5120, lr_0 = 4.6391e-04
Loss = 5.1509e-02, PNorm = 118.0407, GNorm = 0.6626, lr_0 = 4.6251e-04
Loss = 5.2805e-02, PNorm = 118.0651, GNorm = 0.6575, lr_0 = 4.6111e-04
Loss = 4.9262e-02, PNorm = 118.0883, GNorm = 0.4810, lr_0 = 4.5972e-04
Loss = 4.9573e-02, PNorm = 118.1187, GNorm = 0.6934, lr_0 = 4.5833e-04
Loss = 4.2270e-02, PNorm = 118.1382, GNorm = 0.4605, lr_0 = 4.5694e-04
Loss = 4.1693e-02, PNorm = 118.1608, GNorm = 0.5108, lr_0 = 4.5556e-04
Loss = 4.0701e-02, PNorm = 118.1779, GNorm = 0.5586, lr_0 = 4.5419e-04
Loss = 4.9286e-02, PNorm = 118.2016, GNorm = 0.6206, lr_0 = 4.5281e-04
Loss = 4.7152e-02, PNorm = 118.2229, GNorm = 0.5486, lr_0 = 4.5145e-04
Loss = 3.8120e-02, PNorm = 118.2448, GNorm = 0.5664, lr_0 = 4.5008e-04
Validation rmse = 31.034222
Epoch 14
Loss = 2.8918e-02, PNorm = 118.2767, GNorm = 0.4696, lr_0 = 4.4859e-04
Loss = 3.7962e-02, PNorm = 118.3032, GNorm = 0.7866, lr_0 = 4.4723e-04
Loss = 4.4831e-02, PNorm = 118.3267, GNorm = 0.4657, lr_0 = 4.4588e-04
Loss = 4.4218e-02, PNorm = 118.3487, GNorm = 0.4964, lr_0 = 4.4453e-04
Loss = 4.1808e-02, PNorm = 118.3719, GNorm = 0.4291, lr_0 = 4.4319e-04
Loss = 4.4827e-02, PNorm = 118.3975, GNorm = 0.3188, lr_0 = 4.4185e-04
Loss = 3.9769e-02, PNorm = 118.4186, GNorm = 0.4830, lr_0 = 4.4052e-04
Loss = 4.1664e-02, PNorm = 118.4390, GNorm = 0.7138, lr_0 = 4.3919e-04
Loss = 4.2475e-02, PNorm = 118.4578, GNorm = 1.3011, lr_0 = 4.3786e-04
Loss = 3.6517e-02, PNorm = 118.4782, GNorm = 0.4020, lr_0 = 4.3654e-04
Loss = 3.7546e-02, PNorm = 118.4959, GNorm = 0.5446, lr_0 = 4.3522e-04
Loss = 4.0688e-02, PNorm = 118.5155, GNorm = 0.6151, lr_0 = 4.3390e-04
Loss = 3.7444e-02, PNorm = 118.5384, GNorm = 0.7868, lr_0 = 4.3259e-04
Loss = 3.7858e-02, PNorm = 118.5541, GNorm = 0.5713, lr_0 = 4.3129e-04
Loss = 4.3042e-02, PNorm = 118.5721, GNorm = 0.7704, lr_0 = 4.2998e-04
Loss = 5.8994e-02, PNorm = 118.5968, GNorm = 0.8609, lr_0 = 4.2869e-04
Loss = 4.0009e-02, PNorm = 118.6225, GNorm = 0.3148, lr_0 = 4.2739e-04
Loss = 4.6473e-02, PNorm = 118.6521, GNorm = 0.6849, lr_0 = 4.2610e-04
Loss = 4.7924e-02, PNorm = 118.6744, GNorm = 0.7241, lr_0 = 4.2481e-04
Loss = 4.8065e-02, PNorm = 118.6975, GNorm = 0.3924, lr_0 = 4.2353e-04
Loss = 4.1054e-02, PNorm = 118.7204, GNorm = 0.4872, lr_0 = 4.2225e-04
Loss = 4.0356e-02, PNorm = 118.7411, GNorm = 0.5444, lr_0 = 4.2097e-04
Validation rmse = 31.315965
Epoch 15
Loss = 4.1302e-02, PNorm = 118.7712, GNorm = 0.6574, lr_0 = 4.1958e-04
Loss = 4.6072e-02, PNorm = 118.7984, GNorm = 0.5473, lr_0 = 4.1831e-04
Loss = 4.9031e-02, PNorm = 118.8218, GNorm = 0.8910, lr_0 = 4.1704e-04
Loss = 4.4872e-02, PNorm = 118.8503, GNorm = 0.6347, lr_0 = 4.1578e-04
Loss = 4.2366e-02, PNorm = 118.8694, GNorm = 0.5761, lr_0 = 4.1453e-04
Loss = 4.3266e-02, PNorm = 118.8913, GNorm = 0.6859, lr_0 = 4.1328e-04
Loss = 3.9238e-02, PNorm = 118.9167, GNorm = 0.5610, lr_0 = 4.1203e-04
Loss = 4.3330e-02, PNorm = 118.9358, GNorm = 0.3735, lr_0 = 4.1078e-04
Loss = 3.6973e-02, PNorm = 118.9538, GNorm = 0.4504, lr_0 = 4.0954e-04
Loss = 3.3270e-02, PNorm = 118.9736, GNorm = 0.2803, lr_0 = 4.0831e-04
Loss = 4.4560e-02, PNorm = 118.9940, GNorm = 0.3975, lr_0 = 4.0707e-04
Loss = 4.5443e-02, PNorm = 119.0138, GNorm = 0.4432, lr_0 = 4.0584e-04
Loss = 3.9071e-02, PNorm = 119.0332, GNorm = 0.3876, lr_0 = 4.0462e-04
Loss = 4.2263e-02, PNorm = 119.0531, GNorm = 0.4964, lr_0 = 4.0339e-04
Loss = 4.0624e-02, PNorm = 119.0745, GNorm = 0.8761, lr_0 = 4.0218e-04
Loss = 4.5220e-02, PNorm = 119.0982, GNorm = 0.8294, lr_0 = 4.0096e-04
Loss = 3.6873e-02, PNorm = 119.1176, GNorm = 0.2438, lr_0 = 3.9975e-04
Loss = 3.6330e-02, PNorm = 119.1373, GNorm = 0.5179, lr_0 = 3.9854e-04
Loss = 4.0013e-02, PNorm = 119.1580, GNorm = 0.3559, lr_0 = 3.9734e-04
Loss = 3.2258e-02, PNorm = 119.1788, GNorm = 0.2961, lr_0 = 3.9614e-04
Loss = 4.6188e-02, PNorm = 119.1940, GNorm = 0.5250, lr_0 = 3.9494e-04
Loss = 3.9364e-02, PNorm = 119.2120, GNorm = 0.2451, lr_0 = 3.9375e-04
Validation rmse = 30.531334
Epoch 16
Loss = 3.7571e-02, PNorm = 119.2329, GNorm = 0.4039, lr_0 = 3.9244e-04
Loss = 3.3407e-02, PNorm = 119.2539, GNorm = 0.3450, lr_0 = 3.9125e-04
Loss = 3.8689e-02, PNorm = 119.2714, GNorm = 0.4764, lr_0 = 3.9007e-04
Loss = 3.8319e-02, PNorm = 119.2914, GNorm = 0.5097, lr_0 = 3.8889e-04
Loss = 3.9204e-02, PNorm = 119.3111, GNorm = 0.8291, lr_0 = 3.8772e-04
Loss = 4.5935e-02, PNorm = 119.3340, GNorm = 0.5052, lr_0 = 3.8655e-04
Loss = 3.6889e-02, PNorm = 119.3576, GNorm = 0.4343, lr_0 = 3.8538e-04
Loss = 4.4226e-02, PNorm = 119.3750, GNorm = 0.5468, lr_0 = 3.8422e-04
Loss = 3.8525e-02, PNorm = 119.3925, GNorm = 0.5770, lr_0 = 3.8306e-04
Loss = 4.0440e-02, PNorm = 119.4139, GNorm = 0.6556, lr_0 = 3.8190e-04
Loss = 3.4259e-02, PNorm = 119.4300, GNorm = 0.3878, lr_0 = 3.8075e-04
Loss = 4.0829e-02, PNorm = 119.4441, GNorm = 0.3832, lr_0 = 3.7960e-04
Loss = 3.2757e-02, PNorm = 119.4604, GNorm = 0.3359, lr_0 = 3.7845e-04
Loss = 3.1710e-02, PNorm = 119.4739, GNorm = 0.4398, lr_0 = 3.7731e-04
Loss = 3.4267e-02, PNorm = 119.4876, GNorm = 0.3862, lr_0 = 3.7617e-04
Loss = 3.5516e-02, PNorm = 119.5080, GNorm = 0.6080, lr_0 = 3.7503e-04
Loss = 4.0188e-02, PNorm = 119.5236, GNorm = 0.4154, lr_0 = 3.7390e-04
Loss = 4.3732e-02, PNorm = 119.5443, GNorm = 0.6940, lr_0 = 3.7277e-04
Loss = 3.6389e-02, PNorm = 119.5644, GNorm = 0.3304, lr_0 = 3.7164e-04
Loss = 3.5234e-02, PNorm = 119.5822, GNorm = 0.3815, lr_0 = 3.7052e-04
Loss = 3.3819e-02, PNorm = 119.5985, GNorm = 0.6554, lr_0 = 3.6940e-04
Loss = 3.7170e-02, PNorm = 119.6170, GNorm = 0.6123, lr_0 = 3.6828e-04
Loss = 1.0290e-01, PNorm = 119.6194, GNorm = 3.2457, lr_0 = 3.6817e-04
Validation rmse = 30.179337
Epoch 17
Loss = 4.5275e-02, PNorm = 119.6514, GNorm = 0.5577, lr_0 = 3.6706e-04
Loss = 3.3076e-02, PNorm = 119.6761, GNorm = 0.4870, lr_0 = 3.6595e-04
Loss = 4.1679e-02, PNorm = 119.7004, GNorm = 0.4785, lr_0 = 3.6485e-04
Loss = 3.5410e-02, PNorm = 119.7212, GNorm = 1.2539, lr_0 = 3.6374e-04
Loss = 3.4087e-02, PNorm = 119.7386, GNorm = 0.2840, lr_0 = 3.6264e-04
Loss = 3.6604e-02, PNorm = 119.7556, GNorm = 0.2886, lr_0 = 3.6155e-04
Loss = 3.1938e-02, PNorm = 119.7723, GNorm = 0.4398, lr_0 = 3.6046e-04
Loss = 4.1609e-02, PNorm = 119.7904, GNorm = 0.3450, lr_0 = 3.5937e-04
Loss = 3.6161e-02, PNorm = 119.8094, GNorm = 0.3884, lr_0 = 3.5828e-04
Loss = 3.5337e-02, PNorm = 119.8270, GNorm = 0.9611, lr_0 = 3.5720e-04
Loss = 3.1212e-02, PNorm = 119.8466, GNorm = 0.3399, lr_0 = 3.5612e-04
Loss = 4.0420e-02, PNorm = 119.8638, GNorm = 0.4625, lr_0 = 3.5505e-04
Loss = 3.8522e-02, PNorm = 119.8846, GNorm = 0.5054, lr_0 = 3.5397e-04
Loss = 3.6582e-02, PNorm = 119.9051, GNorm = 0.4924, lr_0 = 3.5290e-04
Loss = 3.8794e-02, PNorm = 119.9260, GNorm = 0.4395, lr_0 = 3.5184e-04
Loss = 3.3314e-02, PNorm = 119.9447, GNorm = 0.4903, lr_0 = 3.5077e-04
Loss = 3.3350e-02, PNorm = 119.9611, GNorm = 0.5466, lr_0 = 3.4972e-04
Loss = 2.6757e-02, PNorm = 119.9728, GNorm = 0.4070, lr_0 = 3.4866e-04
Loss = 3.5895e-02, PNorm = 119.9900, GNorm = 0.2176, lr_0 = 3.4761e-04
Loss = 3.7783e-02, PNorm = 120.0044, GNorm = 0.4376, lr_0 = 3.4656e-04
Loss = 2.9542e-02, PNorm = 120.0226, GNorm = 0.2670, lr_0 = 3.4551e-04
Validation rmse = 29.281629
Epoch 18
Loss = 1.7723e-02, PNorm = 120.0429, GNorm = 0.2055, lr_0 = 3.4436e-04
Loss = 3.3493e-02, PNorm = 120.0584, GNorm = 0.5893, lr_0 = 3.4332e-04
Loss = 3.4079e-02, PNorm = 120.0759, GNorm = 0.6440, lr_0 = 3.4228e-04
Loss = 3.3890e-02, PNorm = 120.0943, GNorm = 0.3040, lr_0 = 3.4125e-04
Loss = 3.2866e-02, PNorm = 120.1112, GNorm = 0.4182, lr_0 = 3.4022e-04
Loss = 3.8277e-02, PNorm = 120.1241, GNorm = 0.3423, lr_0 = 3.3919e-04
Loss = 3.0232e-02, PNorm = 120.1406, GNorm = 0.2424, lr_0 = 3.3817e-04
Loss = 3.0853e-02, PNorm = 120.1544, GNorm = 0.3018, lr_0 = 3.3714e-04
Loss = 3.9391e-02, PNorm = 120.1692, GNorm = 0.7677, lr_0 = 3.3613e-04
Loss = 3.6643e-02, PNorm = 120.1908, GNorm = 0.3362, lr_0 = 3.3511e-04
Loss = 3.7481e-02, PNorm = 120.2077, GNorm = 0.7604, lr_0 = 3.3410e-04
Loss = 3.4580e-02, PNorm = 120.2232, GNorm = 0.3180, lr_0 = 3.3309e-04
Loss = 3.4603e-02, PNorm = 120.2406, GNorm = 0.4050, lr_0 = 3.3208e-04
Loss = 2.8812e-02, PNorm = 120.2588, GNorm = 0.3088, lr_0 = 3.3108e-04
Loss = 4.0182e-02, PNorm = 120.2745, GNorm = 0.4714, lr_0 = 3.3008e-04
Loss = 3.5427e-02, PNorm = 120.2901, GNorm = 0.6901, lr_0 = 3.2908e-04
Loss = 3.8279e-02, PNorm = 120.3078, GNorm = 0.6477, lr_0 = 3.2809e-04
Loss = 3.1043e-02, PNorm = 120.3252, GNorm = 0.3554, lr_0 = 3.2710e-04
Loss = 3.6788e-02, PNorm = 120.3386, GNorm = 0.4004, lr_0 = 3.2611e-04
Loss = 3.4116e-02, PNorm = 120.3544, GNorm = 0.3554, lr_0 = 3.2512e-04
Loss = 3.7540e-02, PNorm = 120.3693, GNorm = 0.9014, lr_0 = 3.2414e-04
Loss = 3.6086e-02, PNorm = 120.3839, GNorm = 0.3746, lr_0 = 3.2316e-04
Validation rmse = 28.924903
Epoch 19
Loss = 3.3928e-02, PNorm = 120.4010, GNorm = 0.2828, lr_0 = 3.2209e-04
Loss = 3.4697e-02, PNorm = 120.4162, GNorm = 0.8094, lr_0 = 3.2112e-04
Loss = 4.1895e-02, PNorm = 120.4267, GNorm = 1.1483, lr_0 = 3.2015e-04
Loss = 3.1865e-02, PNorm = 120.4439, GNorm = 0.3386, lr_0 = 3.1918e-04
Loss = 2.2557e-02, PNorm = 120.4637, GNorm = 0.2718, lr_0 = 3.1822e-04
Loss = 2.4088e-02, PNorm = 120.4780, GNorm = 0.3295, lr_0 = 3.1725e-04
Loss = 2.9119e-02, PNorm = 120.4901, GNorm = 0.2347, lr_0 = 3.1630e-04
Loss = 3.2625e-02, PNorm = 120.5054, GNorm = 0.2804, lr_0 = 3.1534e-04
Loss = 2.7940e-02, PNorm = 120.5188, GNorm = 0.3395, lr_0 = 3.1439e-04
Loss = 3.0562e-02, PNorm = 120.5345, GNorm = 0.4378, lr_0 = 3.1344e-04
Loss = 2.7542e-02, PNorm = 120.5462, GNorm = 0.3371, lr_0 = 3.1249e-04
Loss = 3.0066e-02, PNorm = 120.5577, GNorm = 0.4134, lr_0 = 3.1155e-04
Loss = 3.1680e-02, PNorm = 120.5733, GNorm = 0.3138, lr_0 = 3.1061e-04
Loss = 3.7091e-02, PNorm = 120.5919, GNorm = 0.6526, lr_0 = 3.0967e-04
Loss = 3.9306e-02, PNorm = 120.6098, GNorm = 0.3497, lr_0 = 3.0873e-04
Loss = 2.8038e-02, PNorm = 120.6291, GNorm = 0.4760, lr_0 = 3.0780e-04
Loss = 3.4853e-02, PNorm = 120.6466, GNorm = 0.3259, lr_0 = 3.0687e-04
Loss = 4.0795e-02, PNorm = 120.6638, GNorm = 0.2871, lr_0 = 3.0594e-04
Loss = 3.8897e-02, PNorm = 120.6810, GNorm = 0.4546, lr_0 = 3.0502e-04
Loss = 3.0772e-02, PNorm = 120.6990, GNorm = 0.5480, lr_0 = 3.0410e-04
Loss = 3.1714e-02, PNorm = 120.7158, GNorm = 0.3802, lr_0 = 3.0318e-04
Loss = 3.5059e-02, PNorm = 120.7270, GNorm = 0.4492, lr_0 = 3.0226e-04
Validation rmse = 29.520710
Epoch 20
Loss = 3.5994e-02, PNorm = 120.7450, GNorm = 0.2234, lr_0 = 3.0126e-04
Loss = 3.8006e-02, PNorm = 120.7654, GNorm = 0.4231, lr_0 = 3.0035e-04
Loss = 2.4908e-02, PNorm = 120.7829, GNorm = 0.2525, lr_0 = 2.9944e-04
Loss = 3.4234e-02, PNorm = 120.7963, GNorm = 0.5209, lr_0 = 2.9854e-04
Loss = 2.9591e-02, PNorm = 120.8104, GNorm = 0.3299, lr_0 = 2.9763e-04
Loss = 2.9638e-02, PNorm = 120.8254, GNorm = 0.3308, lr_0 = 2.9674e-04
Loss = 3.1306e-02, PNorm = 120.8409, GNorm = 0.5312, lr_0 = 2.9584e-04
Loss = 2.7666e-02, PNorm = 120.8539, GNorm = 0.2395, lr_0 = 2.9495e-04
Loss = 2.6993e-02, PNorm = 120.8658, GNorm = 0.2582, lr_0 = 2.9405e-04
Loss = 2.4475e-02, PNorm = 120.8732, GNorm = 0.3463, lr_0 = 2.9317e-04
Loss = 2.9031e-02, PNorm = 120.8808, GNorm = 0.3123, lr_0 = 2.9228e-04
Loss = 3.3628e-02, PNorm = 120.8924, GNorm = 0.4752, lr_0 = 2.9140e-04
Loss = 3.6690e-02, PNorm = 120.9053, GNorm = 0.7824, lr_0 = 2.9052e-04
Loss = 2.7939e-02, PNorm = 120.9204, GNorm = 0.7319, lr_0 = 2.8964e-04
Loss = 2.9475e-02, PNorm = 120.9347, GNorm = 0.2667, lr_0 = 2.8877e-04
Loss = 2.7031e-02, PNorm = 120.9463, GNorm = 0.2752, lr_0 = 2.8789e-04
Loss = 2.6254e-02, PNorm = 120.9612, GNorm = 0.3462, lr_0 = 2.8702e-04
Loss = 2.8664e-02, PNorm = 120.9735, GNorm = 0.2404, lr_0 = 2.8616e-04
Loss = 2.6318e-02, PNorm = 120.9838, GNorm = 0.2380, lr_0 = 2.8529e-04
Loss = 2.8884e-02, PNorm = 120.9962, GNorm = 0.3130, lr_0 = 2.8443e-04
Loss = 2.9095e-02, PNorm = 121.0096, GNorm = 0.5993, lr_0 = 2.8357e-04
Validation rmse = 29.599275
Epoch 21
Loss = 2.5969e-02, PNorm = 121.0225, GNorm = 0.5912, lr_0 = 2.8263e-04
Loss = 3.2755e-02, PNorm = 121.0420, GNorm = 0.6095, lr_0 = 2.8178e-04
Loss = 2.7651e-02, PNorm = 121.0641, GNorm = 0.2874, lr_0 = 2.8092e-04
Loss = 3.3211e-02, PNorm = 121.0817, GNorm = 0.2012, lr_0 = 2.8008e-04
Loss = 2.3733e-02, PNorm = 121.0962, GNorm = 0.3078, lr_0 = 2.7923e-04
Loss = 2.7793e-02, PNorm = 121.1089, GNorm = 0.5004, lr_0 = 2.7839e-04
Loss = 3.4101e-02, PNorm = 121.1225, GNorm = 0.2779, lr_0 = 2.7754e-04
Loss = 2.7853e-02, PNorm = 121.1345, GNorm = 0.4546, lr_0 = 2.7671e-04
Loss = 2.5238e-02, PNorm = 121.1486, GNorm = 0.2504, lr_0 = 2.7587e-04
Loss = 3.2305e-02, PNorm = 121.1573, GNorm = 0.2294, lr_0 = 2.7504e-04
Loss = 2.9848e-02, PNorm = 121.1692, GNorm = 0.2412, lr_0 = 2.7421e-04
Loss = 2.5326e-02, PNorm = 121.1804, GNorm = 0.3345, lr_0 = 2.7338e-04
Loss = 2.8896e-02, PNorm = 121.1909, GNorm = 0.3108, lr_0 = 2.7255e-04
Loss = 3.1436e-02, PNorm = 121.2037, GNorm = 0.6748, lr_0 = 2.7173e-04
Loss = 3.2657e-02, PNorm = 121.2200, GNorm = 0.4031, lr_0 = 2.7091e-04
Loss = 3.0718e-02, PNorm = 121.2363, GNorm = 0.4140, lr_0 = 2.7009e-04
Loss = 3.4482e-02, PNorm = 121.2505, GNorm = 0.7369, lr_0 = 2.6927e-04
Loss = 3.0246e-02, PNorm = 121.2648, GNorm = 0.2385, lr_0 = 2.6846e-04
Loss = 3.1152e-02, PNorm = 121.2800, GNorm = 0.8923, lr_0 = 2.6765e-04
Loss = 2.8359e-02, PNorm = 121.2924, GNorm = 0.6458, lr_0 = 2.6684e-04
Loss = 3.0104e-02, PNorm = 121.3065, GNorm = 0.2121, lr_0 = 2.6603e-04
Loss = 2.6916e-02, PNorm = 121.3223, GNorm = 0.4147, lr_0 = 2.6523e-04
Validation rmse = 29.381253
Epoch 22
Loss = 2.8109e-02, PNorm = 121.3383, GNorm = 0.4615, lr_0 = 2.6435e-04
Loss = 2.7777e-02, PNorm = 121.3522, GNorm = 0.2518, lr_0 = 2.6355e-04
Loss = 2.4403e-02, PNorm = 121.3628, GNorm = 0.6899, lr_0 = 2.6276e-04
Loss = 2.5321e-02, PNorm = 121.3726, GNorm = 0.4566, lr_0 = 2.6196e-04
Loss = 2.9679e-02, PNorm = 121.3845, GNorm = 0.4748, lr_0 = 2.6117e-04
Loss = 2.3505e-02, PNorm = 121.3935, GNorm = 0.3889, lr_0 = 2.6038e-04
Loss = 2.8508e-02, PNorm = 121.4027, GNorm = 0.3318, lr_0 = 2.5959e-04
Loss = 2.1903e-02, PNorm = 121.4166, GNorm = 0.2841, lr_0 = 2.5881e-04
Loss = 2.4759e-02, PNorm = 121.4298, GNorm = 0.7505, lr_0 = 2.5803e-04
Loss = 2.5354e-02, PNorm = 121.4377, GNorm = 0.3457, lr_0 = 2.5725e-04
Loss = 3.0972e-02, PNorm = 121.4475, GNorm = 0.4831, lr_0 = 2.5647e-04
Loss = 3.1321e-02, PNorm = 121.4562, GNorm = 0.4188, lr_0 = 2.5570e-04
Loss = 2.6058e-02, PNorm = 121.4684, GNorm = 0.4740, lr_0 = 2.5493e-04
Loss = 3.0996e-02, PNorm = 121.4809, GNorm = 0.2307, lr_0 = 2.5416e-04
Loss = 2.7070e-02, PNorm = 121.4926, GNorm = 0.2757, lr_0 = 2.5339e-04
Loss = 3.1083e-02, PNorm = 121.5046, GNorm = 0.3216, lr_0 = 2.5262e-04
Loss = 2.9412e-02, PNorm = 121.5169, GNorm = 0.3122, lr_0 = 2.5186e-04
Loss = 3.0497e-02, PNorm = 121.5276, GNorm = 0.3003, lr_0 = 2.5110e-04
Loss = 2.3271e-02, PNorm = 121.5406, GNorm = 0.1824, lr_0 = 2.5034e-04
Loss = 2.6539e-02, PNorm = 121.5523, GNorm = 0.1891, lr_0 = 2.4958e-04
Loss = 2.9278e-02, PNorm = 121.5619, GNorm = 0.5357, lr_0 = 2.4883e-04
Loss = 2.6551e-02, PNorm = 121.5741, GNorm = 0.4139, lr_0 = 2.4808e-04
Validation rmse = 27.939420
Epoch 23
Loss = 2.5844e-02, PNorm = 121.5871, GNorm = 0.3236, lr_0 = 2.4725e-04
Loss = 3.2294e-02, PNorm = 121.6007, GNorm = 0.3036, lr_0 = 2.4651e-04
Loss = 2.3155e-02, PNorm = 121.6116, GNorm = 0.3835, lr_0 = 2.4576e-04
Loss = 2.7803e-02, PNorm = 121.6244, GNorm = 0.4124, lr_0 = 2.4502e-04
Loss = 2.2320e-02, PNorm = 121.6372, GNorm = 0.4700, lr_0 = 2.4428e-04
Loss = 2.1574e-02, PNorm = 121.6460, GNorm = 0.2164, lr_0 = 2.4354e-04
Loss = 2.5289e-02, PNorm = 121.6533, GNorm = 0.2546, lr_0 = 2.4281e-04
Loss = 3.0258e-02, PNorm = 121.6616, GNorm = 0.3689, lr_0 = 2.4207e-04
Loss = 2.8098e-02, PNorm = 121.6774, GNorm = 0.4783, lr_0 = 2.4134e-04
Loss = 2.2810e-02, PNorm = 121.6908, GNorm = 0.5521, lr_0 = 2.4061e-04
Loss = 2.9252e-02, PNorm = 121.7018, GNorm = 0.4812, lr_0 = 2.3989e-04
Loss = 2.7603e-02, PNorm = 121.7138, GNorm = 0.4803, lr_0 = 2.3916e-04
Loss = 2.7075e-02, PNorm = 121.7267, GNorm = 0.3497, lr_0 = 2.3844e-04
Loss = 2.7301e-02, PNorm = 121.7382, GNorm = 0.2876, lr_0 = 2.3772e-04
Loss = 2.5547e-02, PNorm = 121.7495, GNorm = 0.5221, lr_0 = 2.3700e-04
Loss = 2.9827e-02, PNorm = 121.7576, GNorm = 0.6171, lr_0 = 2.3628e-04
Loss = 2.6189e-02, PNorm = 121.7694, GNorm = 0.3851, lr_0 = 2.3557e-04
Loss = 2.7272e-02, PNorm = 121.7816, GNorm = 0.3630, lr_0 = 2.3486e-04
Loss = 2.8435e-02, PNorm = 121.7910, GNorm = 0.3378, lr_0 = 2.3415e-04
Loss = 2.5485e-02, PNorm = 121.8000, GNorm = 0.2476, lr_0 = 2.3344e-04
Loss = 2.3996e-02, PNorm = 121.8092, GNorm = 0.3143, lr_0 = 2.3274e-04
Validation rmse = 29.311937
Epoch 24
Loss = 2.5084e-02, PNorm = 121.8202, GNorm = 0.4213, lr_0 = 2.3196e-04
Loss = 2.5041e-02, PNorm = 121.8278, GNorm = 0.6492, lr_0 = 2.3126e-04
Loss = 2.8125e-02, PNorm = 121.8425, GNorm = 0.2993, lr_0 = 2.3056e-04
Loss = 2.4439e-02, PNorm = 121.8524, GNorm = 0.3351, lr_0 = 2.2987e-04
Loss = 2.6113e-02, PNorm = 121.8636, GNorm = 0.3490, lr_0 = 2.2917e-04
Loss = 2.3578e-02, PNorm = 121.8726, GNorm = 0.2805, lr_0 = 2.2848e-04
Loss = 2.5983e-02, PNorm = 121.8827, GNorm = 0.2829, lr_0 = 2.2779e-04
Loss = 2.5324e-02, PNorm = 121.8935, GNorm = 0.3613, lr_0 = 2.2710e-04
Loss = 2.3589e-02, PNorm = 121.9027, GNorm = 0.2866, lr_0 = 2.2642e-04
Loss = 3.1289e-02, PNorm = 121.9115, GNorm = 0.3368, lr_0 = 2.2573e-04
Loss = 2.5626e-02, PNorm = 121.9208, GNorm = 0.7080, lr_0 = 2.2505e-04
Loss = 2.4505e-02, PNorm = 121.9314, GNorm = 0.4121, lr_0 = 2.2437e-04
Loss = 2.4578e-02, PNorm = 121.9424, GNorm = 0.3752, lr_0 = 2.2369e-04
Loss = 2.3020e-02, PNorm = 121.9529, GNorm = 0.2464, lr_0 = 2.2302e-04
Loss = 2.2696e-02, PNorm = 121.9638, GNorm = 0.1743, lr_0 = 2.2234e-04
Loss = 3.2152e-02, PNorm = 121.9739, GNorm = 0.3989, lr_0 = 2.2167e-04
Loss = 2.2170e-02, PNorm = 121.9838, GNorm = 0.3875, lr_0 = 2.2100e-04
Loss = 2.9600e-02, PNorm = 121.9916, GNorm = 0.3194, lr_0 = 2.2033e-04
Loss = 2.3100e-02, PNorm = 122.0024, GNorm = 0.3720, lr_0 = 2.1967e-04
Loss = 3.0889e-02, PNorm = 122.0114, GNorm = 0.5680, lr_0 = 2.1901e-04
Loss = 3.0135e-02, PNorm = 122.0229, GNorm = 0.7385, lr_0 = 2.1834e-04
Loss = 2.4948e-02, PNorm = 122.0347, GNorm = 0.3516, lr_0 = 2.1768e-04
Validation rmse = 28.547673
Epoch 25
Loss = 3.8780e-02, PNorm = 122.0525, GNorm = 0.6546, lr_0 = 2.1703e-04
Loss = 3.4567e-02, PNorm = 122.0764, GNorm = 0.4319, lr_0 = 2.1637e-04
Loss = 3.2561e-02, PNorm = 122.0950, GNorm = 0.3619, lr_0 = 2.1572e-04
Loss = 3.1296e-02, PNorm = 122.1094, GNorm = 0.3866, lr_0 = 2.1507e-04
Loss = 2.8129e-02, PNorm = 122.1215, GNorm = 0.3462, lr_0 = 2.1442e-04
Loss = 2.7643e-02, PNorm = 122.1332, GNorm = 0.7423, lr_0 = 2.1377e-04
Loss = 3.0108e-02, PNorm = 122.1470, GNorm = 0.5610, lr_0 = 2.1312e-04
Loss = 4.0333e-02, PNorm = 122.1579, GNorm = 1.6362, lr_0 = 2.1248e-04
Loss = 2.6920e-02, PNorm = 122.1647, GNorm = 0.2408, lr_0 = 2.1184e-04
Loss = 2.9714e-02, PNorm = 122.1734, GNorm = 0.1563, lr_0 = 2.1120e-04
Loss = 3.1252e-02, PNorm = 122.1834, GNorm = 0.3954, lr_0 = 2.1056e-04
Loss = 2.8525e-02, PNorm = 122.1972, GNorm = 0.5028, lr_0 = 2.0992e-04
Loss = 2.5871e-02, PNorm = 122.2081, GNorm = 0.2932, lr_0 = 2.0929e-04
Loss = 2.0723e-02, PNorm = 122.2171, GNorm = 0.4043, lr_0 = 2.0866e-04
Loss = 2.6927e-02, PNorm = 122.2263, GNorm = 0.3664, lr_0 = 2.0803e-04
Loss = 2.4675e-02, PNorm = 122.2362, GNorm = 0.2439, lr_0 = 2.0740e-04
Loss = 2.3908e-02, PNorm = 122.2443, GNorm = 0.4131, lr_0 = 2.0677e-04
Loss = 2.5611e-02, PNorm = 122.2532, GNorm = 0.8015, lr_0 = 2.0615e-04
Loss = 2.7391e-02, PNorm = 122.2630, GNorm = 0.3383, lr_0 = 2.0552e-04
Loss = 2.9313e-02, PNorm = 122.2713, GNorm = 0.2330, lr_0 = 2.0490e-04
Loss = 2.6850e-02, PNorm = 122.2808, GNorm = 0.3830, lr_0 = 2.0428e-04
Loss = 2.5624e-02, PNorm = 122.2905, GNorm = 0.2162, lr_0 = 2.0367e-04
Validation rmse = 28.877919
Epoch 26
Loss = 2.3540e-02, PNorm = 122.3006, GNorm = 0.3479, lr_0 = 2.0299e-04
Loss = 2.4763e-02, PNorm = 122.3107, GNorm = 0.3348, lr_0 = 2.0238e-04
Loss = 2.7461e-02, PNorm = 122.3227, GNorm = 0.3589, lr_0 = 2.0177e-04
Loss = 2.2937e-02, PNorm = 122.3309, GNorm = 0.4451, lr_0 = 2.0116e-04
Loss = 2.1447e-02, PNorm = 122.3389, GNorm = 0.2536, lr_0 = 2.0055e-04
Loss = 2.2154e-02, PNorm = 122.3493, GNorm = 0.1955, lr_0 = 1.9994e-04
Loss = 2.6031e-02, PNorm = 122.3573, GNorm = 0.4673, lr_0 = 1.9934e-04
Loss = 2.2399e-02, PNorm = 122.3634, GNorm = 0.4202, lr_0 = 1.9874e-04
Loss = 2.7035e-02, PNorm = 122.3704, GNorm = 0.4341, lr_0 = 1.9814e-04
Loss = 2.5305e-02, PNorm = 122.3787, GNorm = 0.3349, lr_0 = 1.9754e-04
Loss = 2.1842e-02, PNorm = 122.3875, GNorm = 0.4391, lr_0 = 1.9694e-04
Loss = 2.7756e-02, PNorm = 122.3963, GNorm = 0.5121, lr_0 = 1.9635e-04
Loss = 3.4113e-02, PNorm = 122.4084, GNorm = 0.5041, lr_0 = 1.9575e-04
Loss = 1.9425e-02, PNorm = 122.4204, GNorm = 0.2525, lr_0 = 1.9516e-04
Loss = 2.6390e-02, PNorm = 122.4304, GNorm = 0.4570, lr_0 = 1.9457e-04
Loss = 2.2924e-02, PNorm = 122.4392, GNorm = 0.2650, lr_0 = 1.9399e-04
Loss = 2.2944e-02, PNorm = 122.4490, GNorm = 0.3241, lr_0 = 1.9340e-04
Loss = 2.2725e-02, PNorm = 122.4586, GNorm = 0.6165, lr_0 = 1.9281e-04
Loss = 2.2704e-02, PNorm = 122.4661, GNorm = 0.3967, lr_0 = 1.9223e-04
Loss = 2.5509e-02, PNorm = 122.4749, GNorm = 0.3722, lr_0 = 1.9165e-04
Loss = 2.3959e-02, PNorm = 122.4847, GNorm = 0.3141, lr_0 = 1.9107e-04
Loss = 2.3496e-02, PNorm = 122.4927, GNorm = 0.7064, lr_0 = 1.9050e-04
Validation rmse = 28.212479
Epoch 27
Loss = 2.5181e-02, PNorm = 122.5035, GNorm = 0.3134, lr_0 = 1.8986e-04
Loss = 2.4952e-02, PNorm = 122.5130, GNorm = 0.4400, lr_0 = 1.8929e-04
Loss = 2.4637e-02, PNorm = 122.5244, GNorm = 0.3140, lr_0 = 1.8872e-04
Loss = 2.0886e-02, PNorm = 122.5350, GNorm = 0.3705, lr_0 = 1.8815e-04
Loss = 2.2793e-02, PNorm = 122.5458, GNorm = 0.5402, lr_0 = 1.8758e-04
Loss = 2.4606e-02, PNorm = 122.5534, GNorm = 0.5755, lr_0 = 1.8701e-04
Loss = 2.5609e-02, PNorm = 122.5617, GNorm = 0.4168, lr_0 = 1.8645e-04
Loss = 2.4057e-02, PNorm = 122.5711, GNorm = 0.3483, lr_0 = 1.8588e-04
Loss = 2.4114e-02, PNorm = 122.5782, GNorm = 0.3110, lr_0 = 1.8532e-04
Loss = 2.2143e-02, PNorm = 122.5859, GNorm = 0.4728, lr_0 = 1.8476e-04
Loss = 2.4511e-02, PNorm = 122.5935, GNorm = 0.4164, lr_0 = 1.8420e-04
Loss = 1.9916e-02, PNorm = 122.5984, GNorm = 0.2488, lr_0 = 1.8365e-04
Loss = 1.9964e-02, PNorm = 122.6044, GNorm = 0.2750, lr_0 = 1.8309e-04
Loss = 2.1530e-02, PNorm = 122.6122, GNorm = 0.2251, lr_0 = 1.8254e-04
Loss = 3.2100e-02, PNorm = 122.6199, GNorm = 0.9626, lr_0 = 1.8199e-04
Loss = 2.7342e-02, PNorm = 122.6293, GNorm = 0.8808, lr_0 = 1.8144e-04
Loss = 2.9674e-02, PNorm = 122.6398, GNorm = 0.3222, lr_0 = 1.8089e-04
Loss = 1.9299e-02, PNorm = 122.6486, GNorm = 0.2057, lr_0 = 1.8034e-04
Loss = 1.9593e-02, PNorm = 122.6544, GNorm = 0.3451, lr_0 = 1.7980e-04
Loss = 1.9429e-02, PNorm = 122.6603, GNorm = 0.2931, lr_0 = 1.7926e-04
Loss = 2.0823e-02, PNorm = 122.6663, GNorm = 0.2341, lr_0 = 1.7872e-04
Validation rmse = 29.783812
Epoch 28
Loss = 2.1624e-02, PNorm = 122.6743, GNorm = 0.5934, lr_0 = 1.7812e-04
Loss = 2.4391e-02, PNorm = 122.6829, GNorm = 0.3524, lr_0 = 1.7758e-04
Loss = 2.3161e-02, PNorm = 122.6927, GNorm = 0.6952, lr_0 = 1.7705e-04
Loss = 2.1489e-02, PNorm = 122.7026, GNorm = 0.2734, lr_0 = 1.7651e-04
Loss = 2.3199e-02, PNorm = 122.7131, GNorm = 0.3885, lr_0 = 1.7598e-04
Loss = 2.1689e-02, PNorm = 122.7213, GNorm = 0.5795, lr_0 = 1.7545e-04
Loss = 2.2914e-02, PNorm = 122.7306, GNorm = 0.2662, lr_0 = 1.7492e-04
Loss = 1.9900e-02, PNorm = 122.7394, GNorm = 0.3906, lr_0 = 1.7439e-04
Loss = 2.4403e-02, PNorm = 122.7483, GNorm = 0.1977, lr_0 = 1.7386e-04
Loss = 2.3830e-02, PNorm = 122.7533, GNorm = 0.4233, lr_0 = 1.7334e-04
Loss = 2.1039e-02, PNorm = 122.7578, GNorm = 0.4000, lr_0 = 1.7281e-04
Loss = 2.1751e-02, PNorm = 122.7627, GNorm = 0.3902, lr_0 = 1.7229e-04
Loss = 2.2980e-02, PNorm = 122.7687, GNorm = 0.2544, lr_0 = 1.7177e-04
Loss = 1.8621e-02, PNorm = 122.7762, GNorm = 0.2611, lr_0 = 1.7125e-04
Loss = 2.2895e-02, PNorm = 122.7840, GNorm = 0.4051, lr_0 = 1.7073e-04
Loss = 2.6209e-02, PNorm = 122.7927, GNorm = 0.6688, lr_0 = 1.7022e-04
Loss = 2.2750e-02, PNorm = 122.8000, GNorm = 0.3424, lr_0 = 1.6970e-04
Loss = 3.0037e-02, PNorm = 122.8075, GNorm = 0.5207, lr_0 = 1.6919e-04
Loss = 2.4745e-02, PNorm = 122.8158, GNorm = 0.3856, lr_0 = 1.6868e-04
Loss = 2.5781e-02, PNorm = 122.8246, GNorm = 0.4420, lr_0 = 1.6817e-04
Loss = 2.2178e-02, PNorm = 122.8310, GNorm = 0.3744, lr_0 = 1.6766e-04
Loss = 2.1983e-02, PNorm = 122.8382, GNorm = 0.2895, lr_0 = 1.6716e-04
Validation rmse = 28.088450
Epoch 29
Loss = 1.9130e-02, PNorm = 122.8480, GNorm = 0.4217, lr_0 = 1.6660e-04
Loss = 2.1464e-02, PNorm = 122.8561, GNorm = 0.3937, lr_0 = 1.6610e-04
Loss = 2.1925e-02, PNorm = 122.8643, GNorm = 0.3002, lr_0 = 1.6560e-04
Loss = 2.0198e-02, PNorm = 122.8728, GNorm = 0.2910, lr_0 = 1.6510e-04
Loss = 2.0870e-02, PNorm = 122.8815, GNorm = 0.4472, lr_0 = 1.6460e-04
Loss = 1.8800e-02, PNorm = 122.8891, GNorm = 0.2661, lr_0 = 1.6410e-04
Loss = 2.1063e-02, PNorm = 122.8948, GNorm = 0.2092, lr_0 = 1.6360e-04
Loss = 2.0838e-02, PNorm = 122.9016, GNorm = 0.3562, lr_0 = 1.6311e-04
Loss = 2.8172e-02, PNorm = 122.9083, GNorm = 0.3837, lr_0 = 1.6262e-04
Loss = 1.9522e-02, PNorm = 122.9144, GNorm = 0.3231, lr_0 = 1.6213e-04
Loss = 2.2141e-02, PNorm = 122.9200, GNorm = 0.4426, lr_0 = 1.6164e-04
Loss = 2.2258e-02, PNorm = 122.9261, GNorm = 0.2187, lr_0 = 1.6115e-04
Loss = 1.9197e-02, PNorm = 122.9353, GNorm = 0.1862, lr_0 = 1.6066e-04
Loss = 2.3392e-02, PNorm = 122.9447, GNorm = 0.2536, lr_0 = 1.6018e-04
Loss = 1.9051e-02, PNorm = 122.9531, GNorm = 0.2391, lr_0 = 1.5969e-04
Loss = 2.1950e-02, PNorm = 122.9593, GNorm = 0.2301, lr_0 = 1.5921e-04
Loss = 2.1911e-02, PNorm = 122.9672, GNorm = 0.2133, lr_0 = 1.5873e-04
Loss = 2.5695e-02, PNorm = 122.9743, GNorm = 0.4271, lr_0 = 1.5825e-04
Loss = 2.0967e-02, PNorm = 122.9821, GNorm = 0.3110, lr_0 = 1.5777e-04
Loss = 2.5307e-02, PNorm = 122.9882, GNorm = 0.2575, lr_0 = 1.5730e-04
Loss = 1.8668e-02, PNorm = 122.9951, GNorm = 0.2905, lr_0 = 1.5682e-04
Loss = 2.4797e-02, PNorm = 123.0016, GNorm = 0.3340, lr_0 = 1.5635e-04
Validation rmse = 28.882602
Epoch 30
Loss = 2.5833e-02, PNorm = 123.0094, GNorm = 0.5465, lr_0 = 1.5583e-04
Loss = 2.0191e-02, PNorm = 123.0161, GNorm = 0.4403, lr_0 = 1.5536e-04
Loss = 2.0451e-02, PNorm = 123.0220, GNorm = 0.1927, lr_0 = 1.5489e-04
Loss = 2.2918e-02, PNorm = 123.0296, GNorm = 0.3376, lr_0 = 1.5442e-04
Loss = 2.0472e-02, PNorm = 123.0361, GNorm = 0.1873, lr_0 = 1.5395e-04
Loss = 1.9330e-02, PNorm = 123.0429, GNorm = 0.2503, lr_0 = 1.5349e-04
Loss = 2.0416e-02, PNorm = 123.0494, GNorm = 0.4151, lr_0 = 1.5302e-04
Loss = 2.6547e-02, PNorm = 123.0582, GNorm = 0.2667, lr_0 = 1.5256e-04
Loss = 2.2095e-02, PNorm = 123.0687, GNorm = 0.2066, lr_0 = 1.5210e-04
Loss = 2.6003e-02, PNorm = 123.0771, GNorm = 0.2935, lr_0 = 1.5164e-04
Loss = 2.6132e-02, PNorm = 123.0860, GNorm = 0.3627, lr_0 = 1.5118e-04
Loss = 2.0431e-02, PNorm = 123.0936, GNorm = 0.5858, lr_0 = 1.5073e-04
Loss = 1.9255e-02, PNorm = 123.1005, GNorm = 0.2982, lr_0 = 1.5027e-04
Loss = 1.8126e-02, PNorm = 123.1066, GNorm = 0.3197, lr_0 = 1.4982e-04
Loss = 2.0894e-02, PNorm = 123.1133, GNorm = 0.2763, lr_0 = 1.4936e-04
Loss = 1.8838e-02, PNorm = 123.1207, GNorm = 0.2836, lr_0 = 1.4891e-04
Loss = 2.1321e-02, PNorm = 123.1260, GNorm = 0.2751, lr_0 = 1.4846e-04
Loss = 1.9004e-02, PNorm = 123.1309, GNorm = 0.3099, lr_0 = 1.4802e-04
Loss = 1.9635e-02, PNorm = 123.1356, GNorm = 0.2499, lr_0 = 1.4757e-04
Loss = 2.0971e-02, PNorm = 123.1409, GNorm = 0.2179, lr_0 = 1.4712e-04
Loss = 2.5022e-02, PNorm = 123.1485, GNorm = 0.2578, lr_0 = 1.4668e-04
Validation rmse = 28.712564
Epoch 31
Loss = 1.6328e-02, PNorm = 123.1558, GNorm = 0.2727, lr_0 = 1.4619e-04
Loss = 1.9134e-02, PNorm = 123.1621, GNorm = 0.2482, lr_0 = 1.4575e-04
Loss = 1.5401e-02, PNorm = 123.1669, GNorm = 0.1833, lr_0 = 1.4531e-04
Loss = 1.7063e-02, PNorm = 123.1715, GNorm = 0.2024, lr_0 = 1.4487e-04
Loss = 1.5937e-02, PNorm = 123.1769, GNorm = 0.3765, lr_0 = 1.4443e-04
Loss = 2.4056e-02, PNorm = 123.1831, GNorm = 0.6166, lr_0 = 1.4400e-04
Loss = 1.7695e-02, PNorm = 123.1888, GNorm = 0.2863, lr_0 = 1.4356e-04
Loss = 2.0153e-02, PNorm = 123.1947, GNorm = 0.3303, lr_0 = 1.4313e-04
Loss = 2.0960e-02, PNorm = 123.2024, GNorm = 0.3235, lr_0 = 1.4269e-04
Loss = 1.8829e-02, PNorm = 123.2075, GNorm = 0.2345, lr_0 = 1.4226e-04
Loss = 1.9884e-02, PNorm = 123.2135, GNorm = 0.2269, lr_0 = 1.4183e-04
Loss = 1.9826e-02, PNorm = 123.2193, GNorm = 0.1923, lr_0 = 1.4141e-04
Loss = 2.1228e-02, PNorm = 123.2236, GNorm = 0.3534, lr_0 = 1.4098e-04
Loss = 1.8737e-02, PNorm = 123.2289, GNorm = 0.2638, lr_0 = 1.4055e-04
Loss = 1.9253e-02, PNorm = 123.2345, GNorm = 0.2188, lr_0 = 1.4013e-04
Loss = 2.0589e-02, PNorm = 123.2398, GNorm = 0.3593, lr_0 = 1.3970e-04
Loss = 2.3589e-02, PNorm = 123.2451, GNorm = 0.2614, lr_0 = 1.3928e-04
Loss = 1.7112e-02, PNorm = 123.2525, GNorm = 0.2097, lr_0 = 1.3886e-04
Loss = 2.0436e-02, PNorm = 123.2593, GNorm = 0.3507, lr_0 = 1.3844e-04
Loss = 1.9700e-02, PNorm = 123.2645, GNorm = 0.1741, lr_0 = 1.3802e-04
Loss = 2.2636e-02, PNorm = 123.2707, GNorm = 0.2194, lr_0 = 1.3761e-04
Loss = 2.3016e-02, PNorm = 123.2777, GNorm = 0.5745, lr_0 = 1.3719e-04
Validation rmse = 28.971844
Epoch 32
Loss = 1.8485e-02, PNorm = 123.2863, GNorm = 0.2475, lr_0 = 1.3674e-04
Loss = 2.3019e-02, PNorm = 123.2962, GNorm = 0.3483, lr_0 = 1.3632e-04
Loss = 2.2865e-02, PNorm = 123.3039, GNorm = 0.3741, lr_0 = 1.3591e-04
Loss = 2.0961e-02, PNorm = 123.3102, GNorm = 0.2971, lr_0 = 1.3550e-04
Loss = 2.0682e-02, PNorm = 123.3175, GNorm = 0.5738, lr_0 = 1.3509e-04
Loss = 1.9472e-02, PNorm = 123.3245, GNorm = 0.2863, lr_0 = 1.3468e-04
Loss = 1.8494e-02, PNorm = 123.3302, GNorm = 0.2555, lr_0 = 1.3428e-04
Loss = 1.8471e-02, PNorm = 123.3352, GNorm = 0.2389, lr_0 = 1.3387e-04
Loss = 1.7081e-02, PNorm = 123.3399, GNorm = 0.2547, lr_0 = 1.3347e-04
Loss = 1.6842e-02, PNorm = 123.3448, GNorm = 0.5542, lr_0 = 1.3306e-04
Loss = 2.0135e-02, PNorm = 123.3509, GNorm = 0.2449, lr_0 = 1.3266e-04
Loss = 1.9600e-02, PNorm = 123.3560, GNorm = 0.4577, lr_0 = 1.3226e-04
Loss = 1.8052e-02, PNorm = 123.3596, GNorm = 0.2736, lr_0 = 1.3186e-04
Loss = 2.2209e-02, PNorm = 123.3636, GNorm = 0.2375, lr_0 = 1.3146e-04
Loss = 1.9153e-02, PNorm = 123.3670, GNorm = 0.3749, lr_0 = 1.3107e-04
Loss = 1.9236e-02, PNorm = 123.3700, GNorm = 0.2151, lr_0 = 1.3067e-04
Loss = 2.0844e-02, PNorm = 123.3748, GNorm = 0.3635, lr_0 = 1.3027e-04
Loss = 2.0449e-02, PNorm = 123.3803, GNorm = 0.2407, lr_0 = 1.2988e-04
Loss = 1.7145e-02, PNorm = 123.3871, GNorm = 0.2111, lr_0 = 1.2949e-04
Loss = 2.2016e-02, PNorm = 123.3923, GNorm = 0.4317, lr_0 = 1.2910e-04
Loss = 2.1135e-02, PNorm = 123.3964, GNorm = 0.3489, lr_0 = 1.2871e-04
Loss = 2.5704e-02, PNorm = 123.4016, GNorm = 0.2916, lr_0 = 1.2832e-04
Validation rmse = 28.647579
Epoch 33
Loss = 1.9691e-02, PNorm = 123.4083, GNorm = 0.4448, lr_0 = 1.2789e-04
Loss = 1.7941e-02, PNorm = 123.4152, GNorm = 0.1839, lr_0 = 1.2751e-04
Loss = 1.7806e-02, PNorm = 123.4223, GNorm = 0.3001, lr_0 = 1.2712e-04
Loss = 2.0823e-02, PNorm = 123.4287, GNorm = 0.1874, lr_0 = 1.2674e-04
Loss = 1.8380e-02, PNorm = 123.4360, GNorm = 0.1996, lr_0 = 1.2635e-04
Loss = 1.7679e-02, PNorm = 123.4420, GNorm = 0.2038, lr_0 = 1.2597e-04
Loss = 2.1351e-02, PNorm = 123.4480, GNorm = 0.3740, lr_0 = 1.2559e-04
Loss = 1.8917e-02, PNorm = 123.4523, GNorm = 0.3433, lr_0 = 1.2521e-04
Loss = 2.1318e-02, PNorm = 123.4597, GNorm = 0.2519, lr_0 = 1.2483e-04
Loss = 2.1239e-02, PNorm = 123.4659, GNorm = 0.2374, lr_0 = 1.2446e-04
Loss = 1.7639e-02, PNorm = 123.4713, GNorm = 0.2619, lr_0 = 1.2408e-04
Loss = 2.0511e-02, PNorm = 123.4753, GNorm = 0.1405, lr_0 = 1.2371e-04
Loss = 1.9350e-02, PNorm = 123.4792, GNorm = 0.2860, lr_0 = 1.2333e-04
Loss = 1.8050e-02, PNorm = 123.4857, GNorm = 0.2999, lr_0 = 1.2296e-04
Loss = 1.7001e-02, PNorm = 123.4916, GNorm = 0.2965, lr_0 = 1.2259e-04
Loss = 1.5148e-02, PNorm = 123.4959, GNorm = 0.2348, lr_0 = 1.2222e-04
Loss = 1.8249e-02, PNorm = 123.4989, GNorm = 0.3254, lr_0 = 1.2185e-04
Loss = 1.9263e-02, PNorm = 123.5033, GNorm = 0.2836, lr_0 = 1.2148e-04
Loss = 1.9795e-02, PNorm = 123.5085, GNorm = 0.3063, lr_0 = 1.2111e-04
Loss = 2.2880e-02, PNorm = 123.5144, GNorm = 0.1727, lr_0 = 1.2075e-04
Loss = 1.7415e-02, PNorm = 123.5190, GNorm = 0.3248, lr_0 = 1.2038e-04
Loss = 1.8347e-02, PNorm = 123.5233, GNorm = 0.1548, lr_0 = 1.2002e-04
Loss = 1.6649e-03, PNorm = 123.5237, GNorm = 0.3343, lr_0 = 1.1998e-04
Validation rmse = 27.877238
Epoch 34
Loss = 1.4610e-02, PNorm = 123.5286, GNorm = 0.2272, lr_0 = 1.1962e-04
Loss = 1.8831e-02, PNorm = 123.5342, GNorm = 0.4566, lr_0 = 1.1926e-04
Loss = 1.8079e-02, PNorm = 123.5371, GNorm = 0.3663, lr_0 = 1.1890e-04
Loss = 1.8771e-02, PNorm = 123.5406, GNorm = 0.1740, lr_0 = 1.1854e-04
Loss = 1.9013e-02, PNorm = 123.5463, GNorm = 0.2215, lr_0 = 1.1818e-04
Loss = 2.3525e-02, PNorm = 123.5507, GNorm = 0.3079, lr_0 = 1.1783e-04
Loss = 1.5686e-02, PNorm = 123.5568, GNorm = 0.2066, lr_0 = 1.1747e-04
Loss = 2.0704e-02, PNorm = 123.5641, GNorm = 0.1713, lr_0 = 1.1711e-04
Loss = 1.7369e-02, PNorm = 123.5696, GNorm = 0.2147, lr_0 = 1.1676e-04
Loss = 2.0319e-02, PNorm = 123.5732, GNorm = 0.4152, lr_0 = 1.1641e-04
Loss = 1.7453e-02, PNorm = 123.5774, GNorm = 0.3492, lr_0 = 1.1606e-04
Loss = 1.8814e-02, PNorm = 123.5828, GNorm = 0.2581, lr_0 = 1.1571e-04
Loss = 1.7735e-02, PNorm = 123.5871, GNorm = 0.3606, lr_0 = 1.1536e-04
Loss = 1.8860e-02, PNorm = 123.5918, GNorm = 0.2315, lr_0 = 1.1501e-04
Loss = 1.6669e-02, PNorm = 123.5960, GNorm = 0.2770, lr_0 = 1.1466e-04
Loss = 1.8654e-02, PNorm = 123.6005, GNorm = 0.2193, lr_0 = 1.1431e-04
Loss = 1.6324e-02, PNorm = 123.6051, GNorm = 0.2762, lr_0 = 1.1397e-04
Loss = 1.8810e-02, PNorm = 123.6088, GNorm = 0.2501, lr_0 = 1.1362e-04
Loss = 1.7663e-02, PNorm = 123.6127, GNorm = 0.4036, lr_0 = 1.1328e-04
Loss = 1.7269e-02, PNorm = 123.6179, GNorm = 0.2745, lr_0 = 1.1294e-04
Loss = 1.8590e-02, PNorm = 123.6227, GNorm = 0.2414, lr_0 = 1.1260e-04
Validation rmse = 27.706809
Epoch 35
Loss = 1.8437e-02, PNorm = 123.6284, GNorm = 0.2659, lr_0 = 1.1222e-04
Loss = 1.5912e-02, PNorm = 123.6336, GNorm = 0.2762, lr_0 = 1.1189e-04
Loss = 1.6118e-02, PNorm = 123.6374, GNorm = 0.1929, lr_0 = 1.1155e-04
Loss = 1.6880e-02, PNorm = 123.6407, GNorm = 0.2746, lr_0 = 1.1121e-04
Loss = 1.8925e-02, PNorm = 123.6429, GNorm = 0.2694, lr_0 = 1.1087e-04
Loss = 1.9522e-02, PNorm = 123.6463, GNorm = 0.4941, lr_0 = 1.1054e-04
Loss = 1.8437e-02, PNorm = 123.6531, GNorm = 0.2682, lr_0 = 1.1021e-04
Loss = 1.6060e-02, PNorm = 123.6591, GNorm = 0.1633, lr_0 = 1.0987e-04
Loss = 1.7000e-02, PNorm = 123.6639, GNorm = 0.1714, lr_0 = 1.0954e-04
Loss = 1.5802e-02, PNorm = 123.6673, GNorm = 0.3140, lr_0 = 1.0921e-04
Loss = 2.0812e-02, PNorm = 123.6713, GNorm = 0.3275, lr_0 = 1.0888e-04
Loss = 2.0187e-02, PNorm = 123.6757, GNorm = 0.3381, lr_0 = 1.0855e-04
Loss = 1.6256e-02, PNorm = 123.6798, GNorm = 0.3812, lr_0 = 1.0822e-04
Loss = 1.5959e-02, PNorm = 123.6854, GNorm = 0.2432, lr_0 = 1.0790e-04
Loss = 2.1825e-02, PNorm = 123.6884, GNorm = 0.4064, lr_0 = 1.0757e-04
Loss = 2.0624e-02, PNorm = 123.6930, GNorm = 0.2368, lr_0 = 1.0725e-04
Loss = 1.9596e-02, PNorm = 123.6995, GNorm = 0.2378, lr_0 = 1.0692e-04
Loss = 1.6028e-02, PNorm = 123.7045, GNorm = 0.2760, lr_0 = 1.0660e-04
Loss = 1.8732e-02, PNorm = 123.7083, GNorm = 0.2754, lr_0 = 1.0628e-04
Loss = 1.6213e-02, PNorm = 123.7116, GNorm = 0.2043, lr_0 = 1.0596e-04
Loss = 1.4518e-02, PNorm = 123.7142, GNorm = 0.1736, lr_0 = 1.0564e-04
Loss = 1.7525e-02, PNorm = 123.7184, GNorm = 0.2582, lr_0 = 1.0532e-04
Validation rmse = 27.611162
Epoch 36
Loss = 1.8242e-02, PNorm = 123.7241, GNorm = 0.3143, lr_0 = 1.0497e-04
Loss = 1.6824e-02, PNorm = 123.7288, GNorm = 0.4434, lr_0 = 1.0465e-04
Loss = 1.4969e-02, PNorm = 123.7337, GNorm = 0.2370, lr_0 = 1.0433e-04
Loss = 2.0916e-02, PNorm = 123.7396, GNorm = 0.2223, lr_0 = 1.0402e-04
Loss = 1.5742e-02, PNorm = 123.7438, GNorm = 0.3839, lr_0 = 1.0370e-04
Loss = 1.8987e-02, PNorm = 123.7464, GNorm = 0.4268, lr_0 = 1.0339e-04
Loss = 1.7242e-02, PNorm = 123.7486, GNorm = 0.2725, lr_0 = 1.0308e-04
Loss = 1.5440e-02, PNorm = 123.7515, GNorm = 0.1777, lr_0 = 1.0277e-04
Loss = 1.9401e-02, PNorm = 123.7556, GNorm = 0.3028, lr_0 = 1.0246e-04
Loss = 1.7893e-02, PNorm = 123.7584, GNorm = 0.3255, lr_0 = 1.0215e-04
Loss = 1.4581e-02, PNorm = 123.7600, GNorm = 0.2329, lr_0 = 1.0184e-04
Loss = 1.8680e-02, PNorm = 123.7638, GNorm = 0.3521, lr_0 = 1.0153e-04
Loss = 1.4771e-02, PNorm = 123.7678, GNorm = 0.2612, lr_0 = 1.0122e-04
Loss = 1.6004e-02, PNorm = 123.7724, GNorm = 0.1872, lr_0 = 1.0092e-04
Loss = 1.7690e-02, PNorm = 123.7779, GNorm = 0.2430, lr_0 = 1.0061e-04
Loss = 2.0557e-02, PNorm = 123.7829, GNorm = 0.2300, lr_0 = 1.0031e-04
Loss = 1.4757e-02, PNorm = 123.7867, GNorm = 0.2898, lr_0 = 1.0001e-04
Loss = 1.6566e-02, PNorm = 123.7905, GNorm = 0.2250, lr_0 = 9.9704e-05
Loss = 1.8847e-02, PNorm = 123.7947, GNorm = 0.2853, lr_0 = 9.9403e-05
Loss = 1.9866e-02, PNorm = 123.7987, GNorm = 0.2464, lr_0 = 9.9103e-05
Loss = 1.4411e-02, PNorm = 123.8021, GNorm = 0.1774, lr_0 = 9.8803e-05
Loss = 1.8439e-02, PNorm = 123.8048, GNorm = 0.2568, lr_0 = 9.8505e-05
Validation rmse = 27.728147
Epoch 37
Loss = 1.3995e-02, PNorm = 123.8083, GNorm = 0.1829, lr_0 = 9.8207e-05
Loss = 1.7993e-02, PNorm = 123.8125, GNorm = 0.4546, lr_0 = 9.7911e-05
Loss = 1.7348e-02, PNorm = 123.8165, GNorm = 0.2345, lr_0 = 9.7615e-05
Loss = 1.5468e-02, PNorm = 123.8202, GNorm = 0.1531, lr_0 = 9.7320e-05
Loss = 1.7940e-02, PNorm = 123.8246, GNorm = 0.2321, lr_0 = 9.7026e-05
Loss = 1.7407e-02, PNorm = 123.8295, GNorm = 0.2798, lr_0 = 9.6733e-05
Loss = 1.9714e-02, PNorm = 123.8338, GNorm = 0.2227, lr_0 = 9.6441e-05
Loss = 1.8891e-02, PNorm = 123.8359, GNorm = 0.2610, lr_0 = 9.6149e-05
Loss = 1.7093e-02, PNorm = 123.8386, GNorm = 0.3623, lr_0 = 9.5859e-05
Loss = 1.5530e-02, PNorm = 123.8440, GNorm = 0.2020, lr_0 = 9.5569e-05
Loss = 1.7441e-02, PNorm = 123.8483, GNorm = 0.1828, lr_0 = 9.5281e-05
Loss = 1.5699e-02, PNorm = 123.8512, GNorm = 0.3531, lr_0 = 9.4993e-05
Loss = 1.6878e-02, PNorm = 123.8540, GNorm = 0.2897, lr_0 = 9.4706e-05
Loss = 1.9525e-02, PNorm = 123.8579, GNorm = 0.3070, lr_0 = 9.4420e-05
Loss = 1.9091e-02, PNorm = 123.8620, GNorm = 0.6315, lr_0 = 9.4134e-05
Loss = 1.6712e-02, PNorm = 123.8650, GNorm = 0.5094, lr_0 = 9.3850e-05
Loss = 1.4782e-02, PNorm = 123.8685, GNorm = 0.4728, lr_0 = 9.3567e-05
Loss = 1.7298e-02, PNorm = 123.8723, GNorm = 0.2274, lr_0 = 9.3284e-05
Loss = 1.7374e-02, PNorm = 123.8768, GNorm = 0.2600, lr_0 = 9.3002e-05
Loss = 1.7594e-02, PNorm = 123.8803, GNorm = 0.3109, lr_0 = 9.2721e-05
Loss = 1.6673e-02, PNorm = 123.8835, GNorm = 0.3043, lr_0 = 9.2441e-05
Validation rmse = 28.667222
Epoch 38
Loss = 1.1727e-02, PNorm = 123.8863, GNorm = 0.2368, lr_0 = 9.2134e-05
Loss = 1.6496e-02, PNorm = 123.8900, GNorm = 0.2854, lr_0 = 9.1856e-05
Loss = 1.4275e-02, PNorm = 123.8941, GNorm = 0.1703, lr_0 = 9.1578e-05
Loss = 1.6218e-02, PNorm = 123.8979, GNorm = 0.4115, lr_0 = 9.1302e-05
Loss = 1.6245e-02, PNorm = 123.9007, GNorm = 0.3089, lr_0 = 9.1026e-05
Loss = 1.8184e-02, PNorm = 123.9038, GNorm = 0.5108, lr_0 = 9.0751e-05
Loss = 1.7693e-02, PNorm = 123.9074, GNorm = 0.2125, lr_0 = 9.0477e-05
Loss = 1.5288e-02, PNorm = 123.9106, GNorm = 0.3829, lr_0 = 9.0203e-05
Loss = 1.7521e-02, PNorm = 123.9140, GNorm = 0.1871, lr_0 = 8.9931e-05
Loss = 1.4485e-02, PNorm = 123.9183, GNorm = 0.2174, lr_0 = 8.9659e-05
Loss = 1.5003e-02, PNorm = 123.9222, GNorm = 0.2531, lr_0 = 8.9388e-05
Loss = 1.7492e-02, PNorm = 123.9261, GNorm = 0.1721, lr_0 = 8.9118e-05
Loss = 1.7244e-02, PNorm = 123.9301, GNorm = 0.2844, lr_0 = 8.8849e-05
Loss = 1.7371e-02, PNorm = 123.9333, GNorm = 0.2146, lr_0 = 8.8581e-05
Loss = 1.5747e-02, PNorm = 123.9362, GNorm = 0.1998, lr_0 = 8.8313e-05
Loss = 1.4226e-02, PNorm = 123.9401, GNorm = 0.3023, lr_0 = 8.8046e-05
Loss = 1.7484e-02, PNorm = 123.9436, GNorm = 0.3057, lr_0 = 8.7780e-05
Loss = 1.2791e-02, PNorm = 123.9474, GNorm = 0.2464, lr_0 = 8.7515e-05
Loss = 1.6526e-02, PNorm = 123.9509, GNorm = 0.2167, lr_0 = 8.7251e-05
Loss = 2.0328e-02, PNorm = 123.9548, GNorm = 0.5862, lr_0 = 8.6987e-05
Loss = 1.7693e-02, PNorm = 123.9584, GNorm = 0.2360, lr_0 = 8.6725e-05
Loss = 1.7115e-02, PNorm = 123.9625, GNorm = 0.2820, lr_0 = 8.6463e-05
Validation rmse = 27.843526
Epoch 39
Loss = 1.6964e-02, PNorm = 123.9665, GNorm = 0.1775, lr_0 = 8.6175e-05
Loss = 1.7124e-02, PNorm = 123.9691, GNorm = 0.3151, lr_0 = 8.5915e-05
Loss = 1.2800e-02, PNorm = 123.9721, GNorm = 0.1314, lr_0 = 8.5656e-05
Loss = 1.6745e-02, PNorm = 123.9748, GNorm = 0.3089, lr_0 = 8.5397e-05
Loss = 1.4319e-02, PNorm = 123.9776, GNorm = 0.3967, lr_0 = 8.5139e-05
Loss = 1.5407e-02, PNorm = 123.9802, GNorm = 0.2318, lr_0 = 8.4882e-05
Loss = 1.8528e-02, PNorm = 123.9831, GNorm = 0.2416, lr_0 = 8.4625e-05
Loss = 1.6687e-02, PNorm = 123.9859, GNorm = 0.2491, lr_0 = 8.4370e-05
Loss = 1.5242e-02, PNorm = 123.9887, GNorm = 0.1755, lr_0 = 8.4115e-05
Loss = 1.6176e-02, PNorm = 123.9916, GNorm = 0.2960, lr_0 = 8.3861e-05
Loss = 1.6863e-02, PNorm = 123.9965, GNorm = 0.1945, lr_0 = 8.3607e-05
Loss = 1.5064e-02, PNorm = 123.9999, GNorm = 0.1430, lr_0 = 8.3355e-05
Loss = 1.8302e-02, PNorm = 124.0032, GNorm = 0.3744, lr_0 = 8.3103e-05
Loss = 1.6575e-02, PNorm = 124.0068, GNorm = 0.4759, lr_0 = 8.2852e-05
Loss = 1.4026e-02, PNorm = 124.0106, GNorm = 0.2293, lr_0 = 8.2602e-05
Loss = 1.7574e-02, PNorm = 124.0134, GNorm = 0.3028, lr_0 = 8.2352e-05
Loss = 1.3816e-02, PNorm = 124.0170, GNorm = 0.2942, lr_0 = 8.2103e-05
Loss = 1.6084e-02, PNorm = 124.0198, GNorm = 0.2336, lr_0 = 8.1855e-05
Loss = 1.6256e-02, PNorm = 124.0233, GNorm = 0.1949, lr_0 = 8.1608e-05
Loss = 1.5728e-02, PNorm = 124.0268, GNorm = 0.3208, lr_0 = 8.1362e-05
Loss = 1.4066e-02, PNorm = 124.0289, GNorm = 0.1906, lr_0 = 8.1116e-05
Loss = 1.5105e-02, PNorm = 124.0303, GNorm = 0.1637, lr_0 = 8.0871e-05
Validation rmse = 27.886888
Epoch 40
Loss = 1.5327e-02, PNorm = 124.0329, GNorm = 0.2696, lr_0 = 8.0602e-05
Loss = 1.6629e-02, PNorm = 124.0367, GNorm = 0.2319, lr_0 = 8.0359e-05
Loss = 1.7555e-02, PNorm = 124.0408, GNorm = 0.2280, lr_0 = 8.0116e-05
Loss = 1.8029e-02, PNorm = 124.0438, GNorm = 0.4104, lr_0 = 7.9874e-05
Loss = 1.2992e-02, PNorm = 124.0472, GNorm = 0.1742, lr_0 = 7.9633e-05
Loss = 1.3226e-02, PNorm = 124.0502, GNorm = 0.3387, lr_0 = 7.9392e-05
Loss = 1.7684e-02, PNorm = 124.0540, GNorm = 0.2222, lr_0 = 7.9152e-05
Loss = 1.2871e-02, PNorm = 124.0579, GNorm = 0.2234, lr_0 = 7.8913e-05
Loss = 1.6049e-02, PNorm = 124.0608, GNorm = 0.1980, lr_0 = 7.8675e-05
Loss = 1.8772e-02, PNorm = 124.0635, GNorm = 0.2217, lr_0 = 7.8437e-05
Loss = 1.5020e-02, PNorm = 124.0666, GNorm = 0.3720, lr_0 = 7.8200e-05
Loss = 1.6696e-02, PNorm = 124.0706, GNorm = 0.1800, lr_0 = 7.7964e-05
Loss = 1.5369e-02, PNorm = 124.0737, GNorm = 0.1471, lr_0 = 7.7728e-05
Loss = 1.5548e-02, PNorm = 124.0759, GNorm = 0.2886, lr_0 = 7.7494e-05
Loss = 1.8939e-02, PNorm = 124.0793, GNorm = 0.2696, lr_0 = 7.7259e-05
Loss = 1.7691e-02, PNorm = 124.0834, GNorm = 0.2582, lr_0 = 7.7026e-05
Loss = 1.5877e-02, PNorm = 124.0869, GNorm = 0.2837, lr_0 = 7.6793e-05
Loss = 1.8016e-02, PNorm = 124.0890, GNorm = 0.3341, lr_0 = 7.6561e-05
Loss = 1.4501e-02, PNorm = 124.0922, GNorm = 0.2656, lr_0 = 7.6330e-05
Loss = 1.7868e-02, PNorm = 124.0961, GNorm = 0.2733, lr_0 = 7.6100e-05
Loss = 1.9275e-02, PNorm = 124.0995, GNorm = 0.2564, lr_0 = 7.5870e-05
Loss = 1.4472e-02, PNorm = 124.1030, GNorm = 0.2025, lr_0 = 7.5641e-05
Loss = 2.4347e-02, PNorm = 124.1035, GNorm = 1.0722, lr_0 = 7.5618e-05
Validation rmse = 28.300936
Epoch 41
Loss = 1.6908e-02, PNorm = 124.1083, GNorm = 0.1879, lr_0 = 7.5389e-05
Loss = 1.2891e-02, PNorm = 124.1109, GNorm = 0.1767, lr_0 = 7.5161e-05
Loss = 1.7436e-02, PNorm = 124.1135, GNorm = 0.2535, lr_0 = 7.4934e-05
Loss = 1.3311e-02, PNorm = 124.1171, GNorm = 0.4964, lr_0 = 7.4708e-05
Loss = 1.7363e-02, PNorm = 124.1205, GNorm = 0.2360, lr_0 = 7.4482e-05
Loss = 1.5595e-02, PNorm = 124.1227, GNorm = 0.2466, lr_0 = 7.4257e-05
Loss = 1.3972e-02, PNorm = 124.1243, GNorm = 0.1864, lr_0 = 7.4033e-05
Loss = 1.3916e-02, PNorm = 124.1260, GNorm = 0.2255, lr_0 = 7.3809e-05
Loss = 1.5023e-02, PNorm = 124.1292, GNorm = 0.2808, lr_0 = 7.3586e-05
Loss = 1.2573e-02, PNorm = 124.1314, GNorm = 0.2005, lr_0 = 7.3364e-05
Loss = 1.4714e-02, PNorm = 124.1346, GNorm = 0.2466, lr_0 = 7.3143e-05
Loss = 1.4155e-02, PNorm = 124.1368, GNorm = 0.1343, lr_0 = 7.2922e-05
Loss = 1.6773e-02, PNorm = 124.1393, GNorm = 0.2043, lr_0 = 7.2701e-05
Loss = 2.0441e-02, PNorm = 124.1424, GNorm = 0.3925, lr_0 = 7.2482e-05
Loss = 1.5124e-02, PNorm = 124.1456, GNorm = 0.2233, lr_0 = 7.2263e-05
Loss = 1.4679e-02, PNorm = 124.1490, GNorm = 0.3528, lr_0 = 7.2045e-05
Loss = 1.5418e-02, PNorm = 124.1519, GNorm = 0.2045, lr_0 = 7.1827e-05
Loss = 1.6436e-02, PNorm = 124.1551, GNorm = 0.3235, lr_0 = 7.1610e-05
Loss = 1.7788e-02, PNorm = 124.1567, GNorm = 0.2847, lr_0 = 7.1394e-05
Loss = 1.7067e-02, PNorm = 124.1591, GNorm = 0.4662, lr_0 = 7.1178e-05
Loss = 1.7487e-02, PNorm = 124.1618, GNorm = 0.2294, lr_0 = 7.0963e-05
Validation rmse = 27.948130
Epoch 42
Loss = 1.6923e-02, PNorm = 124.1652, GNorm = 0.2803, lr_0 = 7.0727e-05
Loss = 1.5748e-02, PNorm = 124.1688, GNorm = 0.2343, lr_0 = 7.0513e-05
Loss = 1.6050e-02, PNorm = 124.1721, GNorm = 0.3440, lr_0 = 7.0300e-05
Loss = 1.1767e-02, PNorm = 124.1752, GNorm = 0.1915, lr_0 = 7.0088e-05
Loss = 1.4783e-02, PNorm = 124.1779, GNorm = 0.3612, lr_0 = 6.9876e-05
Loss = 1.5188e-02, PNorm = 124.1808, GNorm = 0.2081, lr_0 = 6.9665e-05
Loss = 1.6573e-02, PNorm = 124.1839, GNorm = 0.3085, lr_0 = 6.9455e-05
Loss = 1.8122e-02, PNorm = 124.1869, GNorm = 0.3385, lr_0 = 6.9245e-05
Loss = 1.6175e-02, PNorm = 124.1902, GNorm = 0.1670, lr_0 = 6.9036e-05
Loss = 1.5270e-02, PNorm = 124.1935, GNorm = 0.4861, lr_0 = 6.8827e-05
Loss = 1.8333e-02, PNorm = 124.1965, GNorm = 0.1897, lr_0 = 6.8619e-05
Loss = 1.4178e-02, PNorm = 124.1988, GNorm = 0.2219, lr_0 = 6.8412e-05
Loss = 1.6649e-02, PNorm = 124.2008, GNorm = 0.2478, lr_0 = 6.8206e-05
Loss = 1.6904e-02, PNorm = 124.2024, GNorm = 0.2426, lr_0 = 6.7999e-05
Loss = 1.6765e-02, PNorm = 124.2055, GNorm = 0.2201, lr_0 = 6.7794e-05
Loss = 1.2946e-02, PNorm = 124.2084, GNorm = 0.2059, lr_0 = 6.7589e-05
Loss = 1.4686e-02, PNorm = 124.2112, GNorm = 0.2741, lr_0 = 6.7385e-05
Loss = 1.4355e-02, PNorm = 124.2145, GNorm = 0.2565, lr_0 = 6.7182e-05
Loss = 1.3461e-02, PNorm = 124.2169, GNorm = 0.2519, lr_0 = 6.6979e-05
Loss = 1.6224e-02, PNorm = 124.2184, GNorm = 0.2959, lr_0 = 6.6776e-05
Loss = 1.5011e-02, PNorm = 124.2209, GNorm = 0.1821, lr_0 = 6.6575e-05
Loss = 1.2490e-02, PNorm = 124.2238, GNorm = 0.2679, lr_0 = 6.6373e-05
Validation rmse = 27.786132
Epoch 43
Loss = 1.6160e-02, PNorm = 124.2266, GNorm = 0.2485, lr_0 = 6.6153e-05
Loss = 1.4142e-02, PNorm = 124.2302, GNorm = 0.3000, lr_0 = 6.5953e-05
Loss = 1.4935e-02, PNorm = 124.2337, GNorm = 0.1599, lr_0 = 6.5754e-05
Loss = 1.6373e-02, PNorm = 124.2365, GNorm = 0.2713, lr_0 = 6.5555e-05
Loss = 1.6814e-02, PNorm = 124.2384, GNorm = 0.1337, lr_0 = 6.5357e-05
Loss = 1.8122e-02, PNorm = 124.2406, GNorm = 0.2690, lr_0 = 6.5160e-05
Loss = 1.5786e-02, PNorm = 124.2431, GNorm = 0.2295, lr_0 = 6.4963e-05
Loss = 1.3781e-02, PNorm = 124.2460, GNorm = 0.2515, lr_0 = 6.4767e-05
Loss = 1.4127e-02, PNorm = 124.2480, GNorm = 0.1198, lr_0 = 6.4571e-05
Loss = 1.3243e-02, PNorm = 124.2499, GNorm = 0.3694, lr_0 = 6.4376e-05
Loss = 1.6502e-02, PNorm = 124.2520, GNorm = 0.2024, lr_0 = 6.4182e-05
Loss = 1.4408e-02, PNorm = 124.2542, GNorm = 0.1894, lr_0 = 6.3988e-05
Loss = 1.6775e-02, PNorm = 124.2578, GNorm = 0.2144, lr_0 = 6.3794e-05
Loss = 1.6171e-02, PNorm = 124.2613, GNorm = 0.1545, lr_0 = 6.3602e-05
Loss = 1.3783e-02, PNorm = 124.2638, GNorm = 0.1791, lr_0 = 6.3410e-05
Loss = 1.4738e-02, PNorm = 124.2659, GNorm = 0.1505, lr_0 = 6.3218e-05
Loss = 1.7478e-02, PNorm = 124.2685, GNorm = 0.2801, lr_0 = 6.3027e-05
Loss = 1.4293e-02, PNorm = 124.2705, GNorm = 0.1924, lr_0 = 6.2837e-05
Loss = 1.4852e-02, PNorm = 124.2730, GNorm = 0.1908, lr_0 = 6.2647e-05
Loss = 1.7120e-02, PNorm = 124.2752, GNorm = 0.1374, lr_0 = 6.2458e-05
Loss = 1.3225e-02, PNorm = 124.2778, GNorm = 0.1420, lr_0 = 6.2269e-05
Loss = 1.5062e-02, PNorm = 124.2807, GNorm = 0.2716, lr_0 = 6.2081e-05
Validation rmse = 27.564848
Epoch 44
Loss = 1.8973e-02, PNorm = 124.2840, GNorm = 0.2651, lr_0 = 6.1875e-05
Loss = 1.2183e-02, PNorm = 124.2862, GNorm = 0.2272, lr_0 = 6.1688e-05
Loss = 1.5620e-02, PNorm = 124.2880, GNorm = 0.3679, lr_0 = 6.1501e-05
Loss = 1.6685e-02, PNorm = 124.2907, GNorm = 0.2487, lr_0 = 6.1316e-05
Loss = 1.3984e-02, PNorm = 124.2933, GNorm = 0.2183, lr_0 = 6.1130e-05
Loss = 1.4637e-02, PNorm = 124.2953, GNorm = 0.3452, lr_0 = 6.0946e-05
Loss = 1.6905e-02, PNorm = 124.2972, GNorm = 0.2719, lr_0 = 6.0762e-05
Loss = 1.2929e-02, PNorm = 124.2992, GNorm = 0.2038, lr_0 = 6.0578e-05
Loss = 1.5624e-02, PNorm = 124.3019, GNorm = 0.2623, lr_0 = 6.0395e-05
Loss = 1.5679e-02, PNorm = 124.3043, GNorm = 0.3214, lr_0 = 6.0213e-05
Loss = 1.6001e-02, PNorm = 124.3075, GNorm = 0.2509, lr_0 = 6.0031e-05
Loss = 1.6698e-02, PNorm = 124.3102, GNorm = 0.2614, lr_0 = 5.9849e-05
Loss = 1.8395e-02, PNorm = 124.3122, GNorm = 0.2002, lr_0 = 5.9669e-05
Loss = 1.3983e-02, PNorm = 124.3139, GNorm = 0.2018, lr_0 = 5.9488e-05
Loss = 1.3140e-02, PNorm = 124.3157, GNorm = 0.2378, lr_0 = 5.9309e-05
Loss = 1.2638e-02, PNorm = 124.3177, GNorm = 0.1976, lr_0 = 5.9129e-05
Loss = 1.3929e-02, PNorm = 124.3194, GNorm = 0.1524, lr_0 = 5.8951e-05
Loss = 1.5139e-02, PNorm = 124.3209, GNorm = 0.1580, lr_0 = 5.8773e-05
Loss = 1.3837e-02, PNorm = 124.3226, GNorm = 0.2225, lr_0 = 5.8595e-05
Loss = 1.6689e-02, PNorm = 124.3244, GNorm = 0.1622, lr_0 = 5.8418e-05
Loss = 1.4395e-02, PNorm = 124.3266, GNorm = 0.2808, lr_0 = 5.8242e-05
Validation rmse = 27.607865
Epoch 45
Loss = 1.5623e-02, PNorm = 124.3282, GNorm = 0.2244, lr_0 = 5.8048e-05
Loss = 1.6369e-02, PNorm = 124.3303, GNorm = 0.2138, lr_0 = 5.7873e-05
Loss = 1.4390e-02, PNorm = 124.3318, GNorm = 0.2892, lr_0 = 5.7698e-05
Loss = 1.3363e-02, PNorm = 124.3340, GNorm = 0.1740, lr_0 = 5.7524e-05
Loss = 1.3941e-02, PNorm = 124.3367, GNorm = 0.1992, lr_0 = 5.7350e-05
Loss = 1.3297e-02, PNorm = 124.3385, GNorm = 0.1662, lr_0 = 5.7177e-05
Loss = 1.2029e-02, PNorm = 124.3401, GNorm = 0.3511, lr_0 = 5.7004e-05
Loss = 1.4617e-02, PNorm = 124.3420, GNorm = 0.2668, lr_0 = 5.6832e-05
Loss = 1.3259e-02, PNorm = 124.3437, GNorm = 0.1627, lr_0 = 5.6660e-05
Loss = 1.3771e-02, PNorm = 124.3456, GNorm = 0.2958, lr_0 = 5.6489e-05
Loss = 1.4508e-02, PNorm = 124.3481, GNorm = 0.1363, lr_0 = 5.6318e-05
Loss = 1.3194e-02, PNorm = 124.3508, GNorm = 0.1576, lr_0 = 5.6148e-05
Loss = 1.3582e-02, PNorm = 124.3528, GNorm = 0.2435, lr_0 = 5.5979e-05
Loss = 1.8157e-02, PNorm = 124.3541, GNorm = 0.3532, lr_0 = 5.5810e-05
Loss = 1.6548e-02, PNorm = 124.3571, GNorm = 0.2266, lr_0 = 5.5641e-05
Loss = 1.2228e-02, PNorm = 124.3593, GNorm = 0.1614, lr_0 = 5.5473e-05
Loss = 1.7022e-02, PNorm = 124.3610, GNorm = 0.1433, lr_0 = 5.5305e-05
Loss = 1.4985e-02, PNorm = 124.3631, GNorm = 0.1896, lr_0 = 5.5138e-05
Loss = 1.3869e-02, PNorm = 124.3651, GNorm = 0.1603, lr_0 = 5.4972e-05
Loss = 1.3445e-02, PNorm = 124.3670, GNorm = 0.2397, lr_0 = 5.4806e-05
Loss = 1.3448e-02, PNorm = 124.3697, GNorm = 0.2651, lr_0 = 5.4640e-05
Loss = 1.3516e-02, PNorm = 124.3722, GNorm = 0.2490, lr_0 = 5.4475e-05
Validation rmse = 28.386892
Epoch 46
Loss = 1.0623e-02, PNorm = 124.3739, GNorm = 0.2227, lr_0 = 5.4294e-05
Loss = 1.3086e-02, PNorm = 124.3759, GNorm = 0.1837, lr_0 = 5.4130e-05
Loss = 1.0914e-02, PNorm = 124.3778, GNorm = 0.2290, lr_0 = 5.3967e-05
Loss = 1.3384e-02, PNorm = 124.3798, GNorm = 0.2042, lr_0 = 5.3803e-05
Loss = 1.6116e-02, PNorm = 124.3817, GNorm = 0.1566, lr_0 = 5.3641e-05
Loss = 1.6902e-02, PNorm = 124.3832, GNorm = 0.2233, lr_0 = 5.3479e-05
Loss = 1.2512e-02, PNorm = 124.3840, GNorm = 0.1968, lr_0 = 5.3317e-05
Loss = 1.5989e-02, PNorm = 124.3856, GNorm = 0.1674, lr_0 = 5.3156e-05
Loss = 1.2316e-02, PNorm = 124.3865, GNorm = 0.2459, lr_0 = 5.2996e-05
Loss = 1.3504e-02, PNorm = 124.3875, GNorm = 0.2476, lr_0 = 5.2836e-05
Loss = 1.2169e-02, PNorm = 124.3895, GNorm = 0.1930, lr_0 = 5.2676e-05
Loss = 1.6487e-02, PNorm = 124.3916, GNorm = 0.2331, lr_0 = 5.2517e-05
Loss = 1.4241e-02, PNorm = 124.3940, GNorm = 0.2947, lr_0 = 5.2358e-05
Loss = 1.2597e-02, PNorm = 124.3960, GNorm = 0.2978, lr_0 = 5.2200e-05
Loss = 1.3291e-02, PNorm = 124.3978, GNorm = 0.1920, lr_0 = 5.2042e-05
Loss = 1.3400e-02, PNorm = 124.3993, GNorm = 0.1687, lr_0 = 5.1885e-05
Loss = 1.6390e-02, PNorm = 124.4009, GNorm = 0.2126, lr_0 = 5.1729e-05
Loss = 1.5704e-02, PNorm = 124.4028, GNorm = 0.2130, lr_0 = 5.1572e-05
Loss = 1.3586e-02, PNorm = 124.4051, GNorm = 0.1999, lr_0 = 5.1416e-05
Loss = 1.4679e-02, PNorm = 124.4068, GNorm = 0.1793, lr_0 = 5.1261e-05
Loss = 1.3126e-02, PNorm = 124.4088, GNorm = 0.2102, lr_0 = 5.1106e-05
Loss = 1.3129e-02, PNorm = 124.4106, GNorm = 0.1456, lr_0 = 5.0952e-05
Validation rmse = 27.935969
Epoch 47
Loss = 1.4208e-02, PNorm = 124.4120, GNorm = 0.2062, lr_0 = 5.0783e-05
Loss = 1.1959e-02, PNorm = 124.4139, GNorm = 0.1744, lr_0 = 5.0629e-05
Loss = 1.4507e-02, PNorm = 124.4159, GNorm = 0.1851, lr_0 = 5.0476e-05
Loss = 1.5272e-02, PNorm = 124.4179, GNorm = 0.1984, lr_0 = 5.0324e-05
Loss = 1.4561e-02, PNorm = 124.4202, GNorm = 0.3014, lr_0 = 5.0172e-05
Loss = 1.4291e-02, PNorm = 124.4211, GNorm = 0.1902, lr_0 = 5.0020e-05
Loss = 1.6166e-02, PNorm = 124.4223, GNorm = 0.2368, lr_0 = 4.9869e-05
Loss = 1.4691e-02, PNorm = 124.4243, GNorm = 0.3290, lr_0 = 4.9718e-05
Loss = 1.3585e-02, PNorm = 124.4267, GNorm = 0.1773, lr_0 = 4.9568e-05
Loss = 1.0538e-02, PNorm = 124.4286, GNorm = 0.1830, lr_0 = 4.9419e-05
Loss = 1.1900e-02, PNorm = 124.4304, GNorm = 0.1565, lr_0 = 4.9269e-05
Loss = 1.5659e-02, PNorm = 124.4328, GNorm = 0.2023, lr_0 = 4.9120e-05
Loss = 1.2682e-02, PNorm = 124.4348, GNorm = 0.2617, lr_0 = 4.8972e-05
Loss = 1.7458e-02, PNorm = 124.4371, GNorm = 0.2154, lr_0 = 4.8824e-05
Loss = 1.4242e-02, PNorm = 124.4390, GNorm = 0.2230, lr_0 = 4.8677e-05
Loss = 1.3432e-02, PNorm = 124.4404, GNorm = 0.2055, lr_0 = 4.8530e-05
Loss = 1.2554e-02, PNorm = 124.4416, GNorm = 0.2337, lr_0 = 4.8383e-05
Loss = 1.7014e-02, PNorm = 124.4432, GNorm = 0.1738, lr_0 = 4.8237e-05
Loss = 1.3493e-02, PNorm = 124.4452, GNorm = 0.2104, lr_0 = 4.8091e-05
Loss = 1.4113e-02, PNorm = 124.4470, GNorm = 0.2540, lr_0 = 4.7946e-05
Loss = 1.2521e-02, PNorm = 124.4490, GNorm = 0.2164, lr_0 = 4.7801e-05
Validation rmse = 27.762798
Epoch 48
Loss = 1.0926e-02, PNorm = 124.4504, GNorm = 0.1731, lr_0 = 4.7642e-05
Loss = 1.2401e-02, PNorm = 124.4518, GNorm = 0.1722, lr_0 = 4.7498e-05
Loss = 1.5425e-02, PNorm = 124.4544, GNorm = 0.3316, lr_0 = 4.7355e-05
Loss = 1.1160e-02, PNorm = 124.4565, GNorm = 0.4243, lr_0 = 4.7212e-05
Loss = 1.2263e-02, PNorm = 124.4581, GNorm = 0.3734, lr_0 = 4.7069e-05
Loss = 1.4577e-02, PNorm = 124.4595, GNorm = 0.3170, lr_0 = 4.6927e-05
Loss = 1.3512e-02, PNorm = 124.4616, GNorm = 0.2027, lr_0 = 4.6785e-05
Loss = 1.5197e-02, PNorm = 124.4638, GNorm = 0.2225, lr_0 = 4.6644e-05
Loss = 1.5796e-02, PNorm = 124.4660, GNorm = 0.2787, lr_0 = 4.6503e-05
Loss = 1.3176e-02, PNorm = 124.4680, GNorm = 0.1831, lr_0 = 4.6363e-05
Loss = 1.1776e-02, PNorm = 124.4701, GNorm = 0.2070, lr_0 = 4.6222e-05
Loss = 1.2261e-02, PNorm = 124.4713, GNorm = 0.1535, lr_0 = 4.6083e-05
Loss = 1.8661e-02, PNorm = 124.4730, GNorm = 0.2484, lr_0 = 4.5944e-05
Loss = 1.4510e-02, PNorm = 124.4753, GNorm = 0.1858, lr_0 = 4.5805e-05
Loss = 1.4276e-02, PNorm = 124.4769, GNorm = 0.2190, lr_0 = 4.5666e-05
Loss = 1.4734e-02, PNorm = 124.4783, GNorm = 0.2161, lr_0 = 4.5529e-05
Loss = 1.2167e-02, PNorm = 124.4800, GNorm = 0.1442, lr_0 = 4.5391e-05
Loss = 1.5841e-02, PNorm = 124.4811, GNorm = 0.1980, lr_0 = 4.5254e-05
Loss = 1.4937e-02, PNorm = 124.4826, GNorm = 0.3043, lr_0 = 4.5117e-05
Loss = 1.3706e-02, PNorm = 124.4840, GNorm = 0.1618, lr_0 = 4.4981e-05
Loss = 1.2889e-02, PNorm = 124.4853, GNorm = 0.1443, lr_0 = 4.4845e-05
Loss = 1.2067e-02, PNorm = 124.4868, GNorm = 0.1668, lr_0 = 4.4710e-05
Validation rmse = 27.448756
Epoch 49
Loss = 1.2942e-02, PNorm = 124.4883, GNorm = 0.1764, lr_0 = 4.4575e-05
Loss = 1.4842e-02, PNorm = 124.4902, GNorm = 0.2840, lr_0 = 4.4440e-05
Loss = 1.3659e-02, PNorm = 124.4917, GNorm = 0.1393, lr_0 = 4.4306e-05
Loss = 1.4087e-02, PNorm = 124.4930, GNorm = 0.2672, lr_0 = 4.4172e-05
Loss = 1.0895e-02, PNorm = 124.4948, GNorm = 0.1645, lr_0 = 4.4038e-05
Loss = 1.6628e-02, PNorm = 124.4966, GNorm = 0.2019, lr_0 = 4.3905e-05
Loss = 1.0983e-02, PNorm = 124.4983, GNorm = 0.1527, lr_0 = 4.3773e-05
Loss = 1.3247e-02, PNorm = 124.4991, GNorm = 0.2661, lr_0 = 4.3640e-05
Loss = 1.4603e-02, PNorm = 124.5000, GNorm = 0.1937, lr_0 = 4.3509e-05
Loss = 1.2879e-02, PNorm = 124.5014, GNorm = 0.1488, lr_0 = 4.3377e-05
Loss = 1.3084e-02, PNorm = 124.5026, GNorm = 0.1725, lr_0 = 4.3246e-05
Loss = 1.3762e-02, PNorm = 124.5037, GNorm = 0.1851, lr_0 = 4.3116e-05
Loss = 1.2681e-02, PNorm = 124.5047, GNorm = 0.1849, lr_0 = 4.2985e-05
Loss = 1.4040e-02, PNorm = 124.5066, GNorm = 0.1576, lr_0 = 4.2855e-05
Loss = 1.3261e-02, PNorm = 124.5081, GNorm = 0.1365, lr_0 = 4.2726e-05
Loss = 1.2638e-02, PNorm = 124.5094, GNorm = 0.1804, lr_0 = 4.2597e-05
Loss = 1.4149e-02, PNorm = 124.5099, GNorm = 0.1845, lr_0 = 4.2468e-05
Loss = 1.2037e-02, PNorm = 124.5112, GNorm = 0.1575, lr_0 = 4.2417e-05
Loss = 1.4466e-02, PNorm = 124.5120, GNorm = 0.1567, lr_0 = 4.2417e-05
Loss = 1.5324e-02, PNorm = 124.5134, GNorm = 0.2933, lr_0 = 4.2417e-05
Loss = 1.4567e-02, PNorm = 124.5150, GNorm = 0.2814, lr_0 = 4.2417e-05
Loss = 1.3535e-02, PNorm = 124.5171, GNorm = 0.1791, lr_0 = 4.2417e-05
Validation rmse = 27.506764
Model 0 best validation rmse = 27.448756 on epoch 48
Loading pretrained parameter "encoder.encoder.0.cached_zero_vector".
Loading pretrained parameter "encoder.encoder.0.W_i.weight".
Loading pretrained parameter "encoder.encoder.0.W_h.weight".
Loading pretrained parameter "encoder.encoder.0.W_o.weight".
Loading pretrained parameter "encoder.encoder.0.W_o.bias".
Loading pretrained parameter "encoder.encoder.1.cached_zero_vector".
Loading pretrained parameter "encoder.encoder.1.W_i.weight".
Loading pretrained parameter "encoder.encoder.1.W_h.weight".
Loading pretrained parameter "encoder.encoder.1.W_o.weight".
Loading pretrained parameter "encoder.encoder.1.W_o.bias".
Loading pretrained parameter "ffn.1.weight".
Loading pretrained parameter "ffn.1.bias".
Loading pretrained parameter "ffn.4.weight".
Loading pretrained parameter "ffn.4.bias".
Loading pretrained parameter "ffn.7.weight".
Loading pretrained parameter "ffn.7.bias".
Moving model to cuda
Model 0 test rmse = 25.159706
Ensemble test rmse = 25.159706
1-fold cross validation
	Seed 0 ==> test rmse = 25.159706
Overall test rmse = 25.159706 +/- 0.000000
Elapsed time = 0:43:52
