Command line
python /home/kpg/chemprop/train.py --data_path ../../../data/splits/lambda_max_abs/deep4chem/group_by_smiles/smiles_target_train.csv --dataset_type regression --save_dir /home/kimele03/uvvisml/uvvisml/models/multitask_all_checkpoints/random/results/507329/49779211 --config_path /home/kimele03/uvvisml/uvvisml/models/multitask_all_checkpoints/random/results/507329/49779211/hyperopt.json --metric rmse --epochs 50 --gpu 0 --ensemble_size 1 --separate_val_path ../../../data/splits/lambda_max_abs/deep4chem/group_by_smiles/smiles_target_val.csv --separate_test_path ../../../data/splits/lambda_max_abs/deep4chem/group_by_smiles/smiles_target_test.csv --number_of_molecules 2
Args
{'activation': 'ReLU',
 'aggregation': 'mean',
 'aggregation_norm': 100,
 'atom_descriptor_scaling': True,
 'atom_descriptors': None,
 'atom_descriptors_path': None,
 'atom_descriptors_size': 0,
 'atom_features_size': 0,
 'atom_messages': False,
 'batch_size': 60,
 'bias': False,
 'bond_feature_scaling': True,
 'bond_features_path': None,
 'bond_features_size': 0,
 'cache_cutoff': 10000,
 'checkpoint_dir': None,
 'checkpoint_frzn': None,
 'checkpoint_path': None,
 'checkpoint_paths': None,
 'class_balance': False,
 'config_path': '/home/kimele03/uvvisml/uvvisml/models/multitask_all_checkpoints/random/results/507329/49779211/hyperopt.json',
 'crossval_index_dir': None,
 'crossval_index_file': None,
 'crossval_index_sets': None,
 'cuda': True,
 'data_path': '../../../data/splits/lambda_max_abs/deep4chem/group_by_smiles/smiles_target_train.csv',
 'data_weights_path': None,
 'dataset_type': 'regression',
 'depth': 5,
 'device': device(type='cuda', index=0),
 'dropout': 0.0,
 'empty_cache': False,
 'ensemble_size': 1,
 'epochs': 50,
 'explicit_h': False,
 'extra_metrics': [],
 'features_generator': None,
 'features_only': False,
 'features_path': None,
 'features_scaling': True,
 'features_size': None,
 'ffn_hidden_size': 300,
 'ffn_num_layers': 2,
 'final_lr': 0.00013884453324537852,
 'folds_file': None,
 'freeze_first_only': False,
 'frzn_ffn_layers': 0,
 'gpu': 0,
 'grad_clip': None,
 'hidden_size': 2400,
 'ignore_columns': None,
 'init_lr': 2.6720090831046624e-07,
 'log_frequency': 10,
 'max_data_size': None,
 'max_lr': 0.00013884453324537852,
 'metric': 'rmse',
 'metrics': ['rmse'],
 'minimize_score': True,
 'mpn_shared': False,
 'multiclass_num_classes': 3,
 'no_atom_descriptor_scaling': False,
 'no_bond_features_scaling': False,
 'no_cache_mol': False,
 'no_cuda': False,
 'no_features_scaling': False,
 'num_folds': 1,
 'num_lrs': 1,
 'num_tasks': 1,
 'num_workers': 8,
 'number_of_molecules': 2,
 'overwrite_default_atom_features': False,
 'overwrite_default_bond_features': False,
 'pytorch_seed': 0,
 'quiet': False,
 'reaction': False,
 'reaction_mode': 'reac_diff',
 'resume_experiment': False,
 'save_dir': '/home/kimele03/uvvisml/uvvisml/models/multitask_all_checkpoints/random/results/507329/49779211',
 'save_preds': False,
 'save_smiles_splits': False,
 'seed': 0,
 'separate_test_atom_descriptors_path': None,
 'separate_test_bond_features_path': None,
 'separate_test_features_path': None,
 'separate_test_path': '../../../data/splits/lambda_max_abs/deep4chem/group_by_smiles/smiles_target_test.csv',
 'separate_val_atom_descriptors_path': None,
 'separate_val_bond_features_path': None,
 'separate_val_features_path': None,
 'separate_val_path': '../../../data/splits/lambda_max_abs/deep4chem/group_by_smiles/smiles_target_val.csv',
 'show_individual_scores': False,
 'smiles_columns': ['smiles', 'solvent'],
 'split_sizes': (0.8, 0.1, 0.1),
 'split_type': 'random',
 'target_columns': None,
 'target_weights': None,
 'task_names': ['peakwavs_max'],
 'test': False,
 'test_fold_index': None,
 'train_data_size': None,
 'undirected': False,
 'use_input_features': False,
 'val_fold_index': None,
 'warmup_epochs': 4}
Loading data
Number of tasks = 1
Fold 0
Splitting data with seed 0
Total size = 13,242 | train size = 13,242 | val size = 1,633 | test size = 1,710
Fitting scaler
Building model 0
MoleculeModel(
  (encoder): MPN(
    (encoder): ModuleList(
      (0): MPNEncoder(
        (dropout_layer): Dropout(p=0.0, inplace=False)
        (act_func): ReLU()
        (W_i): Linear(in_features=147, out_features=2400, bias=False)
        (W_h): Linear(in_features=2400, out_features=2400, bias=False)
        (W_o): Linear(in_features=2533, out_features=2400, bias=True)
      )
      (1): MPNEncoder(
        (dropout_layer): Dropout(p=0.0, inplace=False)
        (act_func): ReLU()
        (W_i): Linear(in_features=147, out_features=2400, bias=False)
        (W_h): Linear(in_features=2400, out_features=2400, bias=False)
        (W_o): Linear(in_features=2533, out_features=2400, bias=True)
      )
    )
  )
  (ffn): Sequential(
    (0): Dropout(p=0.0, inplace=False)
    (1): Linear(in_features=4800, out_features=300, bias=True)
    (2): ReLU()
    (3): Dropout(p=0.0, inplace=False)
    (4): Linear(in_features=300, out_features=1, bias=True)
  )
)
Number of parameters = 25,834,201
Moving model to cuda
Epoch 0
Loss = 1.1787e+00, PNorm = 104.1588, GNorm = 2.4204, lr_0 = 1.9994e-06
Loss = 9.3343e-01, PNorm = 104.1588, GNorm = 4.7666, lr_0 = 3.5742e-06
Loss = 8.5144e-01, PNorm = 104.1589, GNorm = 5.2463, lr_0 = 5.1489e-06
Loss = 8.4131e-01, PNorm = 104.1591, GNorm = 8.7388, lr_0 = 6.7236e-06
Loss = 1.0557e+00, PNorm = 104.1594, GNorm = 10.9284, lr_0 = 8.2984e-06
Loss = 8.6333e-01, PNorm = 104.1598, GNorm = 4.8193, lr_0 = 9.8731e-06
Loss = 7.9852e-01, PNorm = 104.1604, GNorm = 5.5014, lr_0 = 1.1448e-05
Loss = 5.8724e-01, PNorm = 104.1612, GNorm = 5.8285, lr_0 = 1.3023e-05
Loss = 7.4000e-01, PNorm = 104.1620, GNorm = 21.2494, lr_0 = 1.4597e-05
Loss = 7.7267e-01, PNorm = 104.1629, GNorm = 8.2128, lr_0 = 1.6172e-05
Loss = 7.0166e-01, PNorm = 104.1640, GNorm = 21.6063, lr_0 = 1.7747e-05
Loss = 7.3639e-01, PNorm = 104.1655, GNorm = 2.4253, lr_0 = 1.9322e-05
Loss = 6.1517e-01, PNorm = 104.1675, GNorm = 12.3615, lr_0 = 2.0896e-05
Loss = 6.1839e-01, PNorm = 104.1699, GNorm = 6.6539, lr_0 = 2.2471e-05
Loss = 5.7662e-01, PNorm = 104.1717, GNorm = 7.6515, lr_0 = 2.4046e-05
Loss = 7.2988e-01, PNorm = 104.1737, GNorm = 11.0776, lr_0 = 2.5621e-05
Loss = 5.6016e-01, PNorm = 104.1761, GNorm = 2.3301, lr_0 = 2.7195e-05
Loss = 5.7995e-01, PNorm = 104.1785, GNorm = 8.8030, lr_0 = 2.8770e-05
Loss = 5.6008e-01, PNorm = 104.1815, GNorm = 18.2388, lr_0 = 3.0345e-05
Loss = 5.8305e-01, PNorm = 104.1845, GNorm = 32.1429, lr_0 = 3.1920e-05
Loss = 6.1954e-01, PNorm = 104.1869, GNorm = 12.0049, lr_0 = 3.3494e-05
Loss = 4.8490e-01, PNorm = 104.1895, GNorm = 7.6221, lr_0 = 3.5069e-05
Loss = 3.1110e-01, PNorm = 104.1898, GNorm = 11.4836, lr_0 = 3.5226e-05
Validation rmse = 85.637428
Epoch 1
Loss = 6.5031e-01, PNorm = 104.1934, GNorm = 3.1202, lr_0 = 3.6801e-05
Loss = 6.1123e-01, PNorm = 104.1972, GNorm = 28.4818, lr_0 = 3.8376e-05
Loss = 5.9220e-01, PNorm = 104.2012, GNorm = 4.0956, lr_0 = 3.9951e-05
Loss = 4.4345e-01, PNorm = 104.2060, GNorm = 9.9985, lr_0 = 4.1525e-05
Loss = 3.9722e-01, PNorm = 104.2111, GNorm = 6.6859, lr_0 = 4.3100e-05
Loss = 4.9502e-01, PNorm = 104.2159, GNorm = 12.0293, lr_0 = 4.4675e-05
Loss = 4.0292e-01, PNorm = 104.2214, GNorm = 15.6386, lr_0 = 4.6250e-05
Loss = 4.7543e-01, PNorm = 104.2258, GNorm = 24.8839, lr_0 = 4.7824e-05
Loss = 5.3350e-01, PNorm = 104.2309, GNorm = 15.6432, lr_0 = 4.9399e-05
Loss = 4.6700e-01, PNorm = 104.2362, GNorm = 7.8476, lr_0 = 5.0974e-05
Loss = 4.6660e-01, PNorm = 104.2418, GNorm = 15.1310, lr_0 = 5.2549e-05
Loss = 3.8752e-01, PNorm = 104.2477, GNorm = 5.1231, lr_0 = 5.4123e-05
Loss = 4.6680e-01, PNorm = 104.2545, GNorm = 22.4663, lr_0 = 5.5698e-05
Loss = 5.1391e-01, PNorm = 104.2620, GNorm = 16.4344, lr_0 = 5.7273e-05
Loss = 4.0546e-01, PNorm = 104.2696, GNorm = 13.8364, lr_0 = 5.8848e-05
Loss = 4.3659e-01, PNorm = 104.2765, GNorm = 12.3681, lr_0 = 6.0422e-05
Loss = 4.1622e-01, PNorm = 104.2835, GNorm = 10.4726, lr_0 = 6.1997e-05
Loss = 3.5358e-01, PNorm = 104.2895, GNorm = 4.4586, lr_0 = 6.3572e-05
Loss = 3.1372e-01, PNorm = 104.2953, GNorm = 5.7069, lr_0 = 6.5147e-05
Loss = 4.0393e-01, PNorm = 104.3019, GNorm = 17.8938, lr_0 = 6.6721e-05
Loss = 3.7652e-01, PNorm = 104.3101, GNorm = 17.6837, lr_0 = 6.8296e-05
Loss = 4.2307e-01, PNorm = 104.3187, GNorm = 14.8649, lr_0 = 6.9871e-05
Validation rmse = 63.854227
Epoch 2
Loss = 3.2786e-01, PNorm = 104.3268, GNorm = 13.7524, lr_0 = 7.1446e-05
Loss = 3.1009e-01, PNorm = 104.3348, GNorm = 3.9385, lr_0 = 7.3020e-05
Loss = 2.7573e-01, PNorm = 104.3427, GNorm = 11.8951, lr_0 = 7.4595e-05
Loss = 2.4046e-01, PNorm = 104.3494, GNorm = 6.2512, lr_0 = 7.6170e-05
Loss = 3.2320e-01, PNorm = 104.3568, GNorm = 19.5414, lr_0 = 7.7745e-05
Loss = 3.5457e-01, PNorm = 104.3643, GNorm = 3.9615, lr_0 = 7.9319e-05
Loss = 3.4814e-01, PNorm = 104.3724, GNorm = 2.7878, lr_0 = 8.0894e-05
Loss = 3.7025e-01, PNorm = 104.3804, GNorm = 3.3165, lr_0 = 8.2469e-05
Loss = 3.0927e-01, PNorm = 104.3899, GNorm = 12.7545, lr_0 = 8.4043e-05
Loss = 3.3254e-01, PNorm = 104.3997, GNorm = 6.3397, lr_0 = 8.5618e-05
Loss = 2.5750e-01, PNorm = 104.4085, GNorm = 7.0950, lr_0 = 8.7193e-05
Loss = 2.7666e-01, PNorm = 104.4194, GNorm = 9.0613, lr_0 = 8.8768e-05
Loss = 2.7885e-01, PNorm = 104.4288, GNorm = 4.2918, lr_0 = 9.0342e-05
Loss = 2.7594e-01, PNorm = 104.4375, GNorm = 12.3501, lr_0 = 9.1917e-05
Loss = 2.9536e-01, PNorm = 104.4459, GNorm = 14.3031, lr_0 = 9.3492e-05
Loss = 2.9481e-01, PNorm = 104.4553, GNorm = 3.9676, lr_0 = 9.5067e-05
Loss = 3.2606e-01, PNorm = 104.4646, GNorm = 26.9196, lr_0 = 9.6641e-05
Loss = 3.3249e-01, PNorm = 104.4769, GNorm = 11.8639, lr_0 = 9.8216e-05
Loss = 2.8138e-01, PNorm = 104.4864, GNorm = 12.4594, lr_0 = 9.9791e-05
Loss = 2.6348e-01, PNorm = 104.4962, GNorm = 1.9342, lr_0 = 1.0137e-04
Loss = 2.9191e-01, PNorm = 104.5042, GNorm = 2.7182, lr_0 = 1.0294e-04
Loss = 2.8407e-01, PNorm = 104.5140, GNorm = 2.8864, lr_0 = 1.0452e-04
Validation rmse = 54.431536
Epoch 3
Loss = 1.9636e-01, PNorm = 104.5225, GNorm = 5.6826, lr_0 = 1.0609e-04
Loss = 2.0613e-01, PNorm = 104.5318, GNorm = 4.8582, lr_0 = 1.0766e-04
Loss = 1.8628e-01, PNorm = 104.5405, GNorm = 3.6240, lr_0 = 1.0924e-04
Loss = 2.2342e-01, PNorm = 104.5497, GNorm = 4.1752, lr_0 = 1.1081e-04
Loss = 2.1320e-01, PNorm = 104.5597, GNorm = 6.5811, lr_0 = 1.1239e-04
Loss = 2.7024e-01, PNorm = 104.5690, GNorm = 5.2833, lr_0 = 1.1396e-04
Loss = 2.3958e-01, PNorm = 104.5791, GNorm = 7.8061, lr_0 = 1.1554e-04
Loss = 2.5325e-01, PNorm = 104.5912, GNorm = 10.8172, lr_0 = 1.1711e-04
Loss = 2.1124e-01, PNorm = 104.6022, GNorm = 3.8905, lr_0 = 1.1869e-04
Loss = 2.1056e-01, PNorm = 104.6144, GNorm = 5.8117, lr_0 = 1.2026e-04
Loss = 2.1207e-01, PNorm = 104.6268, GNorm = 10.8049, lr_0 = 1.2184e-04
Loss = 2.2741e-01, PNorm = 104.6400, GNorm = 4.2818, lr_0 = 1.2341e-04
Loss = 2.1646e-01, PNorm = 104.6534, GNorm = 2.3781, lr_0 = 1.2499e-04
Loss = 1.7759e-01, PNorm = 104.6660, GNorm = 3.5167, lr_0 = 1.2656e-04
Loss = 2.1735e-01, PNorm = 104.6789, GNorm = 6.2214, lr_0 = 1.2814e-04
Loss = 2.0635e-01, PNorm = 104.6902, GNorm = 7.6676, lr_0 = 1.2971e-04
Loss = 1.8867e-01, PNorm = 104.7007, GNorm = 2.1441, lr_0 = 1.3129e-04
Loss = 1.7612e-01, PNorm = 104.7116, GNorm = 3.0600, lr_0 = 1.3286e-04
Loss = 2.2141e-01, PNorm = 104.7235, GNorm = 2.4055, lr_0 = 1.3444e-04
Loss = 2.1295e-01, PNorm = 104.7363, GNorm = 11.0055, lr_0 = 1.3601e-04
Loss = 3.3306e-01, PNorm = 104.7543, GNorm = 13.4203, lr_0 = 1.3758e-04
Loss = 3.0943e-01, PNorm = 104.7757, GNorm = 6.6151, lr_0 = 1.3884e-04
Validation rmse = 51.440889
Epoch 4
Loss = 2.1554e-01, PNorm = 104.7967, GNorm = 7.7116, lr_0 = 1.3884e-04
Loss = 2.3370e-01, PNorm = 104.8166, GNorm = 7.2590, lr_0 = 1.3884e-04
Loss = 1.7278e-01, PNorm = 104.8330, GNorm = 2.1884, lr_0 = 1.3884e-04
Loss = 1.7396e-01, PNorm = 104.8480, GNorm = 1.7725, lr_0 = 1.3884e-04
Loss = 1.9184e-01, PNorm = 104.8613, GNorm = 13.8776, lr_0 = 1.3884e-04
Loss = 1.8399e-01, PNorm = 104.8729, GNorm = 2.9533, lr_0 = 1.3884e-04
Loss = 1.7444e-01, PNorm = 104.8879, GNorm = 3.3312, lr_0 = 1.3884e-04
Loss = 2.0634e-01, PNorm = 104.9009, GNorm = 6.2051, lr_0 = 1.3884e-04
Loss = 2.1926e-01, PNorm = 104.9159, GNorm = 5.1238, lr_0 = 1.3884e-04
Loss = 1.9634e-01, PNorm = 104.9318, GNorm = 2.3084, lr_0 = 1.3884e-04
Loss = 1.6860e-01, PNorm = 104.9424, GNorm = 1.4908, lr_0 = 1.3884e-04
Loss = 1.4702e-01, PNorm = 104.9537, GNorm = 3.4276, lr_0 = 1.3884e-04
Loss = 2.2780e-01, PNorm = 104.9659, GNorm = 4.4071, lr_0 = 1.3884e-04
Loss = 1.9916e-01, PNorm = 104.9822, GNorm = 6.5387, lr_0 = 1.3884e-04
Loss = 1.4863e-01, PNorm = 104.9966, GNorm = 3.5867, lr_0 = 1.3884e-04
Loss = 1.6590e-01, PNorm = 105.0122, GNorm = 1.9243, lr_0 = 1.3884e-04
Loss = 1.4053e-01, PNorm = 105.0264, GNorm = 4.6489, lr_0 = 1.3884e-04
Loss = 1.4293e-01, PNorm = 105.0391, GNorm = 4.5096, lr_0 = 1.3884e-04
Loss = 1.6949e-01, PNorm = 105.0477, GNorm = 1.9204, lr_0 = 1.3884e-04
Loss = 1.4612e-01, PNorm = 105.0600, GNorm = 4.4760, lr_0 = 1.3884e-04
Loss = 1.7728e-01, PNorm = 105.0718, GNorm = 7.6988, lr_0 = 1.3884e-04
Loss = 1.4762e-01, PNorm = 105.0849, GNorm = 4.3411, lr_0 = 1.3884e-04
Validation rmse = 46.020879
Epoch 5
Loss = 1.4180e-01, PNorm = 105.0986, GNorm = 2.2530, lr_0 = 1.3884e-04
Loss = 1.2682e-01, PNorm = 105.1112, GNorm = 2.0620, lr_0 = 1.3884e-04
Loss = 1.2604e-01, PNorm = 105.1210, GNorm = 2.2904, lr_0 = 1.3884e-04
Loss = 1.7874e-01, PNorm = 105.1311, GNorm = 4.5434, lr_0 = 1.3884e-04
Loss = 1.6673e-01, PNorm = 105.1425, GNorm = 7.5089, lr_0 = 1.3884e-04
Loss = 1.7349e-01, PNorm = 105.1567, GNorm = 1.6393, lr_0 = 1.3884e-04
Loss = 1.6119e-01, PNorm = 105.1710, GNorm = 3.6579, lr_0 = 1.3884e-04
Loss = 1.3958e-01, PNorm = 105.1855, GNorm = 4.5205, lr_0 = 1.3884e-04
Loss = 1.4623e-01, PNorm = 105.1990, GNorm = 3.0158, lr_0 = 1.3884e-04
Loss = 1.4828e-01, PNorm = 105.2105, GNorm = 2.8188, lr_0 = 1.3884e-04
Loss = 1.3771e-01, PNorm = 105.2215, GNorm = 5.4363, lr_0 = 1.3884e-04
Loss = 1.6237e-01, PNorm = 105.2351, GNorm = 2.1948, lr_0 = 1.3884e-04
Loss = 1.2695e-01, PNorm = 105.2453, GNorm = 1.9785, lr_0 = 1.3884e-04
Loss = 1.3835e-01, PNorm = 105.2562, GNorm = 1.4373, lr_0 = 1.3884e-04
Loss = 1.3723e-01, PNorm = 105.2626, GNorm = 3.6557, lr_0 = 1.3884e-04
Loss = 1.1938e-01, PNorm = 105.2721, GNorm = 3.8675, lr_0 = 1.3884e-04
Loss = 1.2891e-01, PNorm = 105.2815, GNorm = 1.3189, lr_0 = 1.3884e-04
Loss = 1.5315e-01, PNorm = 105.2933, GNorm = 3.9520, lr_0 = 1.3884e-04
Loss = 1.1508e-01, PNorm = 105.3030, GNorm = 2.0407, lr_0 = 1.3884e-04
Loss = 8.1249e-02, PNorm = 105.3118, GNorm = 2.8433, lr_0 = 1.3884e-04
Loss = 1.2733e-01, PNorm = 105.3173, GNorm = 4.9846, lr_0 = 1.3884e-04
Loss = 1.4164e-01, PNorm = 105.3285, GNorm = 4.5105, lr_0 = 1.3884e-04
Validation rmse = 45.014446
Epoch 6
Loss = 1.4602e-01, PNorm = 105.3391, GNorm = 1.7387, lr_0 = 1.3884e-04
Loss = 1.0510e-01, PNorm = 105.3525, GNorm = 3.7522, lr_0 = 1.3884e-04
Loss = 1.0334e-01, PNorm = 105.3623, GNorm = 6.5450, lr_0 = 1.3884e-04
Loss = 1.2523e-01, PNorm = 105.3733, GNorm = 5.7737, lr_0 = 1.3884e-04
Loss = 1.6220e-01, PNorm = 105.3864, GNorm = 7.1500, lr_0 = 1.3884e-04
Loss = 1.2197e-01, PNorm = 105.3992, GNorm = 5.5016, lr_0 = 1.3884e-04
Loss = 1.5280e-01, PNorm = 105.4099, GNorm = 2.2552, lr_0 = 1.3884e-04
Loss = 1.0652e-01, PNorm = 105.4205, GNorm = 0.9383, lr_0 = 1.3884e-04
Loss = 1.2525e-01, PNorm = 105.4298, GNorm = 4.4896, lr_0 = 1.3884e-04
Loss = 9.4063e-02, PNorm = 105.4442, GNorm = 2.7110, lr_0 = 1.3884e-04
Loss = 1.0324e-01, PNorm = 105.4570, GNorm = 1.5328, lr_0 = 1.3884e-04
Loss = 1.2906e-01, PNorm = 105.4665, GNorm = 1.6430, lr_0 = 1.3884e-04
Loss = 1.2281e-01, PNorm = 105.4738, GNorm = 1.3805, lr_0 = 1.3884e-04
Loss = 1.1563e-01, PNorm = 105.4853, GNorm = 1.8236, lr_0 = 1.3884e-04
Loss = 1.1273e-01, PNorm = 105.4964, GNorm = 3.9502, lr_0 = 1.3884e-04
Loss = 1.0399e-01, PNorm = 105.5087, GNorm = 3.1038, lr_0 = 1.3884e-04
Loss = 1.0529e-01, PNorm = 105.5191, GNorm = 2.4129, lr_0 = 1.3884e-04
Loss = 1.3533e-01, PNorm = 105.5289, GNorm = 1.5151, lr_0 = 1.3884e-04
Loss = 1.2694e-01, PNorm = 105.5406, GNorm = 5.4749, lr_0 = 1.3884e-04
Loss = 1.1496e-01, PNorm = 105.5553, GNorm = 4.2963, lr_0 = 1.3884e-04
Loss = 1.4473e-01, PNorm = 105.5649, GNorm = 3.8347, lr_0 = 1.3884e-04
Loss = 1.5194e-01, PNorm = 105.5743, GNorm = 6.4459, lr_0 = 1.3884e-04
Validation rmse = 39.773361
Epoch 7
Loss = 1.2315e-01, PNorm = 105.5889, GNorm = 2.5710, lr_0 = 1.3884e-04
Loss = 9.3042e-02, PNorm = 105.6019, GNorm = 2.6167, lr_0 = 1.3884e-04
Loss = 1.0375e-01, PNorm = 105.6156, GNorm = 1.2607, lr_0 = 1.3884e-04
Loss = 1.0496e-01, PNorm = 105.6274, GNorm = 1.5649, lr_0 = 1.3884e-04
Loss = 1.0980e-01, PNorm = 105.6353, GNorm = 5.6818, lr_0 = 1.3884e-04
Loss = 1.0904e-01, PNorm = 105.6470, GNorm = 3.9327, lr_0 = 1.3884e-04
Loss = 9.9236e-02, PNorm = 105.6585, GNorm = 1.2448, lr_0 = 1.3884e-04
Loss = 9.7608e-02, PNorm = 105.6671, GNorm = 2.8752, lr_0 = 1.3884e-04
Loss = 1.1512e-01, PNorm = 105.6782, GNorm = 4.3389, lr_0 = 1.3884e-04
Loss = 9.3978e-02, PNorm = 105.6885, GNorm = 2.2896, lr_0 = 1.3884e-04
Loss = 7.6971e-02, PNorm = 105.6978, GNorm = 2.1162, lr_0 = 1.3884e-04
Loss = 1.0527e-01, PNorm = 105.7098, GNorm = 1.3500, lr_0 = 1.3884e-04
Loss = 1.3813e-01, PNorm = 105.7198, GNorm = 6.9771, lr_0 = 1.3884e-04
Loss = 2.3153e-01, PNorm = 105.7410, GNorm = 7.4990, lr_0 = 1.3884e-04
Loss = 1.4759e-01, PNorm = 105.7658, GNorm = 8.1619, lr_0 = 1.3884e-04
Loss = 1.6897e-01, PNorm = 105.7851, GNorm = 1.5641, lr_0 = 1.3884e-04
Loss = 1.4087e-01, PNorm = 105.8038, GNorm = 2.0410, lr_0 = 1.3884e-04
Loss = 1.0900e-01, PNorm = 105.8180, GNorm = 1.5316, lr_0 = 1.3884e-04
Loss = 9.1200e-02, PNorm = 105.8289, GNorm = 1.6294, lr_0 = 1.3884e-04
Loss = 1.3518e-01, PNorm = 105.8391, GNorm = 2.6014, lr_0 = 1.3884e-04
Loss = 1.2769e-01, PNorm = 105.8517, GNorm = 2.3624, lr_0 = 1.3884e-04
Loss = 9.1468e-02, PNorm = 105.8636, GNorm = 2.1661, lr_0 = 1.3884e-04
Validation rmse = 40.915013
Epoch 8
Loss = 9.2242e-02, PNorm = 105.8746, GNorm = 6.4063, lr_0 = 1.3884e-04
Loss = 8.7620e-02, PNorm = 105.8856, GNorm = 1.7243, lr_0 = 1.3884e-04
Loss = 9.0363e-02, PNorm = 105.8930, GNorm = 1.6377, lr_0 = 1.3884e-04
Loss = 8.0880e-02, PNorm = 105.9001, GNorm = 0.6825, lr_0 = 1.3884e-04
Loss = 1.0818e-01, PNorm = 105.9085, GNorm = 2.6844, lr_0 = 1.3884e-04
Loss = 9.3254e-02, PNorm = 105.9183, GNorm = 1.6994, lr_0 = 1.3884e-04
Loss = 8.7405e-02, PNorm = 105.9275, GNorm = 1.8699, lr_0 = 1.3884e-04
Loss = 8.3003e-02, PNorm = 105.9377, GNorm = 2.6401, lr_0 = 1.3884e-04
Loss = 7.1624e-02, PNorm = 105.9482, GNorm = 4.1092, lr_0 = 1.3884e-04
Loss = 9.1074e-02, PNorm = 105.9593, GNorm = 1.4665, lr_0 = 1.3884e-04
Loss = 9.3217e-02, PNorm = 105.9695, GNorm = 2.3308, lr_0 = 1.3884e-04
Loss = 8.7599e-02, PNorm = 105.9764, GNorm = 1.8056, lr_0 = 1.3884e-04
Loss = 8.9200e-02, PNorm = 105.9851, GNorm = 0.9050, lr_0 = 1.3884e-04
Loss = 8.1155e-02, PNorm = 105.9942, GNorm = 4.8618, lr_0 = 1.3884e-04
Loss = 8.1226e-02, PNorm = 106.0018, GNorm = 3.8661, lr_0 = 1.3884e-04
Loss = 9.1032e-02, PNorm = 106.0108, GNorm = 2.2363, lr_0 = 1.3884e-04
Loss = 9.3408e-02, PNorm = 106.0212, GNorm = 5.1005, lr_0 = 1.3884e-04
Loss = 9.2595e-02, PNorm = 106.0310, GNorm = 3.2547, lr_0 = 1.3884e-04
Loss = 8.5670e-02, PNorm = 106.0392, GNorm = 1.0255, lr_0 = 1.3884e-04
Loss = 8.7852e-02, PNorm = 106.0515, GNorm = 3.5605, lr_0 = 1.3884e-04
Loss = 1.0524e-01, PNorm = 106.0638, GNorm = 4.6085, lr_0 = 1.3884e-04
Loss = 7.0251e-02, PNorm = 106.0711, GNorm = 2.3487, lr_0 = 1.3884e-04
Validation rmse = 38.259824
Epoch 9
Loss = 7.6286e-02, PNorm = 106.0824, GNorm = 4.1485, lr_0 = 1.3884e-04
Loss = 8.1566e-02, PNorm = 106.0914, GNorm = 0.8977, lr_0 = 1.3884e-04
Loss = 7.3179e-02, PNorm = 106.1014, GNorm = 4.4202, lr_0 = 1.3884e-04
Loss = 8.7480e-02, PNorm = 106.1098, GNorm = 1.8307, lr_0 = 1.3884e-04
Loss = 7.3126e-02, PNorm = 106.1194, GNorm = 1.0811, lr_0 = 1.3884e-04
Loss = 6.9462e-02, PNorm = 106.1272, GNorm = 1.0845, lr_0 = 1.3884e-04
Loss = 7.3179e-02, PNorm = 106.1352, GNorm = 1.0216, lr_0 = 1.3884e-04
Loss = 8.6531e-02, PNorm = 106.1415, GNorm = 2.4076, lr_0 = 1.3884e-04
Loss = 7.7391e-02, PNorm = 106.1493, GNorm = 3.5798, lr_0 = 1.3884e-04
Loss = 1.0017e-01, PNorm = 106.1599, GNorm = 1.1440, lr_0 = 1.3884e-04
Loss = 8.5121e-02, PNorm = 106.1719, GNorm = 1.0704, lr_0 = 1.3884e-04
Loss = 6.5355e-02, PNorm = 106.1834, GNorm = 0.8060, lr_0 = 1.3884e-04
Loss = 7.9225e-02, PNorm = 106.1919, GNorm = 1.8563, lr_0 = 1.3884e-04
Loss = 6.9396e-02, PNorm = 106.2028, GNorm = 1.2898, lr_0 = 1.3884e-04
Loss = 7.1016e-02, PNorm = 106.2131, GNorm = 2.3555, lr_0 = 1.3884e-04
Loss = 7.5117e-02, PNorm = 106.2189, GNorm = 2.2609, lr_0 = 1.3884e-04
Loss = 7.5601e-02, PNorm = 106.2271, GNorm = 2.8979, lr_0 = 1.3884e-04
Loss = 7.9599e-02, PNorm = 106.2369, GNorm = 3.7873, lr_0 = 1.3884e-04
Loss = 9.4759e-02, PNorm = 106.2492, GNorm = 2.0522, lr_0 = 1.3884e-04
Loss = 8.3595e-02, PNorm = 106.2621, GNorm = 2.0860, lr_0 = 1.3884e-04
Loss = 8.0315e-02, PNorm = 106.2738, GNorm = 1.4489, lr_0 = 1.3884e-04
Loss = 9.0421e-02, PNorm = 106.2865, GNorm = 4.1458, lr_0 = 1.3884e-04
Validation rmse = 41.054507
Epoch 10
Loss = 7.5490e-02, PNorm = 106.2985, GNorm = 1.3583, lr_0 = 1.3884e-04
Loss = 7.7862e-02, PNorm = 106.3109, GNorm = 1.1574, lr_0 = 1.3884e-04
Loss = 6.6792e-02, PNorm = 106.3209, GNorm = 0.8771, lr_0 = 1.3884e-04
Loss = 6.7160e-02, PNorm = 106.3289, GNorm = 1.0297, lr_0 = 1.3884e-04
Loss = 5.8812e-02, PNorm = 106.3359, GNorm = 2.8616, lr_0 = 1.3884e-04
Loss = 6.4034e-02, PNorm = 106.3444, GNorm = 1.1243, lr_0 = 1.3884e-04
Loss = 5.6640e-02, PNorm = 106.3545, GNorm = 2.5049, lr_0 = 1.3884e-04
Loss = 6.7378e-02, PNorm = 106.3648, GNorm = 2.5968, lr_0 = 1.3884e-04
Loss = 7.6597e-02, PNorm = 106.3733, GNorm = 2.4894, lr_0 = 1.3884e-04
Loss = 5.8055e-02, PNorm = 106.3814, GNorm = 1.3464, lr_0 = 1.3884e-04
Loss = 7.4219e-02, PNorm = 106.3905, GNorm = 2.1707, lr_0 = 1.3884e-04
Loss = 8.4944e-02, PNorm = 106.4019, GNorm = 0.6877, lr_0 = 1.3884e-04
Loss = 8.8857e-02, PNorm = 106.4100, GNorm = 1.0639, lr_0 = 1.3884e-04
Loss = 6.4401e-02, PNorm = 106.4201, GNorm = 0.9267, lr_0 = 1.3884e-04
Loss = 7.6920e-02, PNorm = 106.4278, GNorm = 3.5375, lr_0 = 1.3884e-04
Loss = 6.8216e-02, PNorm = 106.4374, GNorm = 0.7303, lr_0 = 1.3884e-04
Loss = 9.4359e-02, PNorm = 106.4442, GNorm = 1.0674, lr_0 = 1.3884e-04
Loss = 6.8148e-02, PNorm = 106.4536, GNorm = 1.9831, lr_0 = 1.3884e-04
Loss = 7.2056e-02, PNorm = 106.4645, GNorm = 2.9480, lr_0 = 1.3884e-04
Loss = 8.4078e-02, PNorm = 106.4756, GNorm = 2.8050, lr_0 = 1.3884e-04
Loss = 6.6518e-02, PNorm = 106.4869, GNorm = 1.2891, lr_0 = 1.3884e-04
Loss = 5.8527e-02, PNorm = 106.4968, GNorm = 0.8003, lr_0 = 1.3884e-04
Validation rmse = 35.426095
Epoch 11
Loss = 9.2076e-02, PNorm = 106.5063, GNorm = 1.6340, lr_0 = 1.3884e-04
Loss = 5.4266e-02, PNorm = 106.5150, GNorm = 0.8311, lr_0 = 1.3884e-04
Loss = 5.7385e-02, PNorm = 106.5227, GNorm = 0.7604, lr_0 = 1.3884e-04
Loss = 7.4202e-02, PNorm = 106.5308, GNorm = 1.1556, lr_0 = 1.3884e-04
Loss = 5.8921e-02, PNorm = 106.5402, GNorm = 2.1676, lr_0 = 1.3884e-04
Loss = 5.8483e-02, PNorm = 106.5495, GNorm = 0.7820, lr_0 = 1.3884e-04
Loss = 5.0528e-02, PNorm = 106.5580, GNorm = 1.5879, lr_0 = 1.3884e-04
Loss = 6.4910e-02, PNorm = 106.5656, GNorm = 1.4858, lr_0 = 1.3884e-04
Loss = 6.2793e-02, PNorm = 106.5749, GNorm = 3.5471, lr_0 = 1.3884e-04
Loss = 5.2512e-02, PNorm = 106.5818, GNorm = 0.8654, lr_0 = 1.3884e-04
Loss = 7.3097e-02, PNorm = 106.5875, GNorm = 2.5689, lr_0 = 1.3884e-04
Loss = 6.0214e-02, PNorm = 106.5948, GNorm = 4.4212, lr_0 = 1.3884e-04
Loss = 6.2678e-02, PNorm = 106.6023, GNorm = 2.3730, lr_0 = 1.3884e-04
Loss = 6.0305e-02, PNorm = 106.6112, GNorm = 2.0885, lr_0 = 1.3884e-04
Loss = 8.6758e-02, PNorm = 106.6200, GNorm = 1.5239, lr_0 = 1.3884e-04
Loss = 5.3039e-02, PNorm = 106.6276, GNorm = 1.5446, lr_0 = 1.3884e-04
Loss = 6.4669e-02, PNorm = 106.6366, GNorm = 0.6618, lr_0 = 1.3884e-04
Loss = 6.1002e-02, PNorm = 106.6477, GNorm = 2.0434, lr_0 = 1.3884e-04
Loss = 5.2611e-02, PNorm = 106.6590, GNorm = 2.2405, lr_0 = 1.3884e-04
Loss = 5.2707e-02, PNorm = 106.6664, GNorm = 1.2291, lr_0 = 1.3884e-04
Loss = 5.6819e-02, PNorm = 106.6747, GNorm = 1.5739, lr_0 = 1.3884e-04
Loss = 5.6481e-02, PNorm = 106.6830, GNorm = 0.4628, lr_0 = 1.3884e-04
Validation rmse = 35.049032
Epoch 12
Loss = 6.7513e-02, PNorm = 106.6905, GNorm = 2.2674, lr_0 = 1.3884e-04
Loss = 6.6166e-02, PNorm = 106.6983, GNorm = 2.6935, lr_0 = 1.3884e-04
Loss = 6.3960e-02, PNorm = 106.7055, GNorm = 3.8574, lr_0 = 1.3884e-04
Loss = 6.2100e-02, PNorm = 106.7165, GNorm = 1.2033, lr_0 = 1.3884e-04
Loss = 5.2806e-02, PNorm = 106.7260, GNorm = 0.6233, lr_0 = 1.3884e-04
Loss = 5.8686e-02, PNorm = 106.7365, GNorm = 0.8021, lr_0 = 1.3884e-04
Loss = 5.5815e-02, PNorm = 106.7458, GNorm = 2.0338, lr_0 = 1.3884e-04
Loss = 6.1802e-02, PNorm = 106.7560, GNorm = 1.1289, lr_0 = 1.3884e-04
Loss = 6.7190e-02, PNorm = 106.7665, GNorm = 3.5143, lr_0 = 1.3884e-04
Loss = 5.7293e-02, PNorm = 106.7751, GNorm = 2.6108, lr_0 = 1.3884e-04
Loss = 5.3553e-02, PNorm = 106.7831, GNorm = 0.9388, lr_0 = 1.3884e-04
Loss = 5.6118e-02, PNorm = 106.7904, GNorm = 1.0573, lr_0 = 1.3884e-04
Loss = 5.1064e-02, PNorm = 106.7985, GNorm = 1.0437, lr_0 = 1.3884e-04
Loss = 5.9621e-02, PNorm = 106.8061, GNorm = 1.5673, lr_0 = 1.3884e-04
Loss = 5.3734e-02, PNorm = 106.8147, GNorm = 0.7033, lr_0 = 1.3884e-04
Loss = 4.8230e-02, PNorm = 106.8232, GNorm = 1.9046, lr_0 = 1.3884e-04
Loss = 4.9214e-02, PNorm = 106.8319, GNorm = 1.2805, lr_0 = 1.3884e-04
Loss = 4.6687e-02, PNorm = 106.8396, GNorm = 1.2418, lr_0 = 1.3884e-04
Loss = 5.9405e-02, PNorm = 106.8497, GNorm = 1.6062, lr_0 = 1.3884e-04
Loss = 7.6537e-02, PNorm = 106.8562, GNorm = 3.9222, lr_0 = 1.3884e-04
Loss = 5.9098e-02, PNorm = 106.8676, GNorm = 1.0226, lr_0 = 1.3884e-04
Loss = 6.6499e-02, PNorm = 106.8786, GNorm = 1.9578, lr_0 = 1.3884e-04
Validation rmse = 36.045268
Epoch 13
Loss = 1.1391e-01, PNorm = 106.8907, GNorm = 2.6360, lr_0 = 1.3884e-04
Loss = 5.4802e-02, PNorm = 106.9025, GNorm = 2.0561, lr_0 = 1.3884e-04
Loss = 5.8914e-02, PNorm = 106.9126, GNorm = 1.8711, lr_0 = 1.3884e-04
Loss = 4.8153e-02, PNorm = 106.9206, GNorm = 1.7043, lr_0 = 1.3884e-04
Loss = 4.6529e-02, PNorm = 106.9287, GNorm = 0.8789, lr_0 = 1.3884e-04
Loss = 4.9004e-02, PNorm = 106.9351, GNorm = 1.2694, lr_0 = 1.3884e-04
Loss = 4.9427e-02, PNorm = 106.9417, GNorm = 0.5864, lr_0 = 1.3884e-04
Loss = 5.2006e-02, PNorm = 106.9482, GNorm = 1.9676, lr_0 = 1.3884e-04
Loss = 5.3930e-02, PNorm = 106.9529, GNorm = 0.9100, lr_0 = 1.3884e-04
Loss = 4.8637e-02, PNorm = 106.9592, GNorm = 0.8357, lr_0 = 1.3884e-04
Loss = 3.7803e-02, PNorm = 106.9675, GNorm = 1.2437, lr_0 = 1.3884e-04
Loss = 4.1298e-02, PNorm = 106.9768, GNorm = 0.8531, lr_0 = 1.3884e-04
Loss = 4.8916e-02, PNorm = 106.9837, GNorm = 1.4083, lr_0 = 1.3884e-04
Loss = 4.9323e-02, PNorm = 106.9910, GNorm = 0.5909, lr_0 = 1.3884e-04
Loss = 5.6779e-02, PNorm = 106.9978, GNorm = 3.3876, lr_0 = 1.3884e-04
Loss = 6.5240e-02, PNorm = 107.0093, GNorm = 3.3250, lr_0 = 1.3884e-04
Loss = 6.4273e-02, PNorm = 107.0227, GNorm = 3.9086, lr_0 = 1.3884e-04
Loss = 6.6714e-02, PNorm = 107.0339, GNorm = 3.4915, lr_0 = 1.3884e-04
Loss = 5.9218e-02, PNorm = 107.0452, GNorm = 1.6214, lr_0 = 1.3884e-04
Loss = 6.8682e-02, PNorm = 107.0550, GNorm = 0.9156, lr_0 = 1.3884e-04
Loss = 5.8049e-02, PNorm = 107.0638, GNorm = 0.6164, lr_0 = 1.3884e-04
Loss = 6.4259e-02, PNorm = 107.0744, GNorm = 0.8519, lr_0 = 1.3884e-04
Validation rmse = 33.316855
Epoch 14
Loss = 2.1746e-02, PNorm = 107.0862, GNorm = 0.6049, lr_0 = 1.3884e-04
Loss = 4.6685e-02, PNorm = 107.0960, GNorm = 1.6289, lr_0 = 1.3884e-04
Loss = 4.5187e-02, PNorm = 107.1055, GNorm = 1.0056, lr_0 = 1.3884e-04
Loss = 4.3805e-02, PNorm = 107.1117, GNorm = 1.0926, lr_0 = 1.3884e-04
Loss = 5.5543e-02, PNorm = 107.1221, GNorm = 1.2764, lr_0 = 1.3884e-04
Loss = 6.4033e-02, PNorm = 107.1324, GNorm = 2.6181, lr_0 = 1.3884e-04
Loss = 5.3760e-02, PNorm = 107.1420, GNorm = 1.6971, lr_0 = 1.3884e-04
Loss = 4.3064e-02, PNorm = 107.1486, GNorm = 1.5883, lr_0 = 1.3884e-04
Loss = 5.0291e-02, PNorm = 107.1555, GNorm = 1.6273, lr_0 = 1.3884e-04
Loss = 3.7184e-02, PNorm = 107.1608, GNorm = 0.9162, lr_0 = 1.3884e-04
Loss = 3.8376e-02, PNorm = 107.1667, GNorm = 0.6909, lr_0 = 1.3884e-04
Loss = 4.6837e-02, PNorm = 107.1747, GNorm = 1.5512, lr_0 = 1.3884e-04
Loss = 4.1936e-02, PNorm = 107.1813, GNorm = 1.3623, lr_0 = 1.3884e-04
Loss = 4.1174e-02, PNorm = 107.1861, GNorm = 1.6242, lr_0 = 1.3884e-04
Loss = 4.7361e-02, PNorm = 107.1914, GNorm = 0.9458, lr_0 = 1.3884e-04
Loss = 6.3370e-02, PNorm = 107.2002, GNorm = 0.7589, lr_0 = 1.3884e-04
Loss = 6.5658e-02, PNorm = 107.2111, GNorm = 3.0000, lr_0 = 1.3884e-04
Loss = 5.4217e-02, PNorm = 107.2233, GNorm = 1.3939, lr_0 = 1.3884e-04
Loss = 6.7012e-02, PNorm = 107.2342, GNorm = 2.9986, lr_0 = 1.3884e-04
Loss = 5.7168e-02, PNorm = 107.2439, GNorm = 1.4079, lr_0 = 1.3884e-04
Loss = 3.9129e-02, PNorm = 107.2522, GNorm = 1.9949, lr_0 = 1.3884e-04
Loss = 4.8552e-02, PNorm = 107.2611, GNorm = 0.7060, lr_0 = 1.3884e-04
Loss = 3.7221e-02, PNorm = 107.2660, GNorm = 0.8639, lr_0 = 1.3884e-04
Validation rmse = 32.090824
Epoch 15
Loss = 4.8978e-02, PNorm = 107.2737, GNorm = 1.5734, lr_0 = 1.3884e-04
Loss = 4.6009e-02, PNorm = 107.2806, GNorm = 1.5379, lr_0 = 1.3884e-04
Loss = 5.0399e-02, PNorm = 107.2889, GNorm = 1.4885, lr_0 = 1.3884e-04
Loss = 4.7475e-02, PNorm = 107.2980, GNorm = 1.3475, lr_0 = 1.3884e-04
Loss = 4.7813e-02, PNorm = 107.3075, GNorm = 0.7047, lr_0 = 1.3884e-04
Loss = 5.4845e-02, PNorm = 107.3171, GNorm = 3.1082, lr_0 = 1.3884e-04
Loss = 4.1344e-02, PNorm = 107.3240, GNorm = 0.5508, lr_0 = 1.3884e-04
Loss = 3.1490e-02, PNorm = 107.3297, GNorm = 0.8406, lr_0 = 1.3884e-04
Loss = 4.0540e-02, PNorm = 107.3350, GNorm = 2.2138, lr_0 = 1.3884e-04
Loss = 4.3583e-02, PNorm = 107.3431, GNorm = 0.7952, lr_0 = 1.3884e-04
Loss = 5.6542e-02, PNorm = 107.3542, GNorm = 3.5560, lr_0 = 1.3884e-04
Loss = 5.9061e-02, PNorm = 107.3674, GNorm = 2.3172, lr_0 = 1.3884e-04
Loss = 5.1408e-02, PNorm = 107.3780, GNorm = 1.3081, lr_0 = 1.3884e-04
Loss = 5.6617e-02, PNorm = 107.3893, GNorm = 1.3414, lr_0 = 1.3884e-04
Loss = 5.1951e-02, PNorm = 107.3990, GNorm = 2.6028, lr_0 = 1.3884e-04
Loss = 4.2435e-02, PNorm = 107.4065, GNorm = 0.7863, lr_0 = 1.3884e-04
Loss = 4.0175e-02, PNorm = 107.4150, GNorm = 1.4288, lr_0 = 1.3884e-04
Loss = 5.2570e-02, PNorm = 107.4268, GNorm = 1.0683, lr_0 = 1.3884e-04
Loss = 3.7737e-02, PNorm = 107.4367, GNorm = 0.8151, lr_0 = 1.3884e-04
Loss = 3.7085e-02, PNorm = 107.4462, GNorm = 1.5092, lr_0 = 1.3884e-04
Loss = 5.0609e-02, PNorm = 107.4537, GNorm = 2.6468, lr_0 = 1.3884e-04
Loss = 4.1845e-02, PNorm = 107.4606, GNorm = 0.9480, lr_0 = 1.3884e-04
Validation rmse = 33.384869
Epoch 16
Loss = 4.1424e-02, PNorm = 107.4697, GNorm = 2.2777, lr_0 = 1.3884e-04
Loss = 5.4763e-02, PNorm = 107.4788, GNorm = 1.8174, lr_0 = 1.3884e-04
Loss = 5.0929e-02, PNorm = 107.4869, GNorm = 3.3590, lr_0 = 1.3884e-04
Loss = 4.1917e-02, PNorm = 107.4955, GNorm = 1.8057, lr_0 = 1.3884e-04
Loss = 4.4652e-02, PNorm = 107.5051, GNorm = 1.7912, lr_0 = 1.3884e-04
Loss = 5.7099e-02, PNorm = 107.5159, GNorm = 0.8014, lr_0 = 1.3884e-04
Loss = 5.1094e-02, PNorm = 107.5284, GNorm = 1.3301, lr_0 = 1.3884e-04
Loss = 5.4245e-02, PNorm = 107.5425, GNorm = 0.8455, lr_0 = 1.3884e-04
Loss = 4.0039e-02, PNorm = 107.5556, GNorm = 1.0296, lr_0 = 1.3884e-04
Loss = 4.2508e-02, PNorm = 107.5630, GNorm = 1.0643, lr_0 = 1.3884e-04
Loss = 4.4693e-02, PNorm = 107.5707, GNorm = 0.9185, lr_0 = 1.3884e-04
Loss = 5.0327e-02, PNorm = 107.5776, GNorm = 0.9481, lr_0 = 1.3884e-04
Loss = 4.0552e-02, PNorm = 107.5854, GNorm = 1.8415, lr_0 = 1.3884e-04
Loss = 3.8615e-02, PNorm = 107.5938, GNorm = 1.6317, lr_0 = 1.3884e-04
Loss = 4.0583e-02, PNorm = 107.6002, GNorm = 1.4241, lr_0 = 1.3884e-04
Loss = 4.4606e-02, PNorm = 107.6066, GNorm = 1.1688, lr_0 = 1.3884e-04
Loss = 4.0120e-02, PNorm = 107.6146, GNorm = 0.6447, lr_0 = 1.3884e-04
Loss = 4.4084e-02, PNorm = 107.6268, GNorm = 2.3352, lr_0 = 1.3884e-04
Loss = 4.9988e-02, PNorm = 107.6374, GNorm = 1.2556, lr_0 = 1.3884e-04
Loss = 4.5650e-02, PNorm = 107.6471, GNorm = 0.6175, lr_0 = 1.3884e-04
Loss = 4.0438e-02, PNorm = 107.6545, GNorm = 0.5850, lr_0 = 1.3884e-04
Loss = 3.9576e-02, PNorm = 107.6606, GNorm = 1.3680, lr_0 = 1.3884e-04
Validation rmse = 32.798119
Epoch 17
Loss = 4.5223e-02, PNorm = 107.6689, GNorm = 1.0356, lr_0 = 1.3884e-04
Loss = 3.3575e-02, PNorm = 107.6752, GNorm = 0.7109, lr_0 = 1.3884e-04
Loss = 3.7473e-02, PNorm = 107.6817, GNorm = 0.6902, lr_0 = 1.3884e-04
Loss = 2.7960e-02, PNorm = 107.6881, GNorm = 0.5140, lr_0 = 1.3884e-04
Loss = 2.7180e-02, PNorm = 107.6929, GNorm = 0.5126, lr_0 = 1.3884e-04
Loss = 3.5075e-02, PNorm = 107.6986, GNorm = 0.3488, lr_0 = 1.3884e-04
Loss = 3.3004e-02, PNorm = 107.7061, GNorm = 0.6403, lr_0 = 1.3884e-04
Loss = 3.5953e-02, PNorm = 107.7134, GNorm = 0.6677, lr_0 = 1.3884e-04
Loss = 3.1521e-02, PNorm = 107.7202, GNorm = 0.4871, lr_0 = 1.3884e-04
Loss = 3.9032e-02, PNorm = 107.7263, GNorm = 1.2291, lr_0 = 1.3884e-04
Loss = 4.5019e-02, PNorm = 107.7355, GNorm = 2.7289, lr_0 = 1.3884e-04
Loss = 5.2424e-02, PNorm = 107.7432, GNorm = 1.6287, lr_0 = 1.3884e-04
Loss = 4.0231e-02, PNorm = 107.7544, GNorm = 0.5395, lr_0 = 1.3884e-04
Loss = 3.2018e-02, PNorm = 107.7631, GNorm = 0.3830, lr_0 = 1.3884e-04
Loss = 4.2643e-02, PNorm = 107.7731, GNorm = 1.4393, lr_0 = 1.3884e-04
Loss = 6.2867e-02, PNorm = 107.7869, GNorm = 3.9151, lr_0 = 1.3884e-04
Loss = 4.3838e-02, PNorm = 107.7996, GNorm = 2.3135, lr_0 = 1.3884e-04
Loss = 3.9094e-02, PNorm = 107.8084, GNorm = 0.8322, lr_0 = 1.3884e-04
Loss = 4.0756e-02, PNorm = 107.8192, GNorm = 0.7566, lr_0 = 1.3884e-04
Loss = 3.9735e-02, PNorm = 107.8326, GNorm = 0.7507, lr_0 = 1.3884e-04
Loss = 3.5451e-02, PNorm = 107.8409, GNorm = 0.7114, lr_0 = 1.3884e-04
Loss = 4.2994e-02, PNorm = 107.8479, GNorm = 1.0866, lr_0 = 1.3884e-04
Validation rmse = 33.410695
Epoch 18
Loss = 3.7847e-02, PNorm = 107.8543, GNorm = 1.3125, lr_0 = 1.3884e-04
Loss = 3.4054e-02, PNorm = 107.8615, GNorm = 0.6881, lr_0 = 1.3884e-04
Loss = 3.2419e-02, PNorm = 107.8684, GNorm = 1.2941, lr_0 = 1.3884e-04
Loss = 3.9066e-02, PNorm = 107.8761, GNorm = 1.3799, lr_0 = 1.3884e-04
Loss = 4.2765e-02, PNorm = 107.8842, GNorm = 1.0404, lr_0 = 1.3884e-04
Loss = 4.0266e-02, PNorm = 107.8934, GNorm = 1.2366, lr_0 = 1.3884e-04
Loss = 3.7842e-02, PNorm = 107.9043, GNorm = 1.1553, lr_0 = 1.3884e-04
Loss = 3.9809e-02, PNorm = 107.9149, GNorm = 0.5305, lr_0 = 1.3884e-04
Loss = 4.0906e-02, PNorm = 107.9245, GNorm = 1.1310, lr_0 = 1.3884e-04
Loss = 4.5429e-02, PNorm = 107.9341, GNorm = 1.1676, lr_0 = 1.3884e-04
Loss = 5.4013e-02, PNorm = 107.9410, GNorm = 1.1843, lr_0 = 1.3884e-04
Loss = 5.1314e-02, PNorm = 107.9501, GNorm = 1.0244, lr_0 = 1.3884e-04
Loss = 4.4179e-02, PNorm = 107.9583, GNorm = 1.7014, lr_0 = 1.3884e-04
Loss = 3.6140e-02, PNorm = 107.9671, GNorm = 0.5021, lr_0 = 1.3884e-04
Loss = 4.2153e-02, PNorm = 107.9760, GNorm = 1.0174, lr_0 = 1.3884e-04
Loss = 3.5058e-02, PNorm = 107.9851, GNorm = 0.6895, lr_0 = 1.3884e-04
Loss = 4.2036e-02, PNorm = 107.9947, GNorm = 2.1459, lr_0 = 1.3884e-04
Loss = 3.4318e-02, PNorm = 108.0031, GNorm = 1.3752, lr_0 = 1.3884e-04
Loss = 3.9084e-02, PNorm = 108.0105, GNorm = 1.9229, lr_0 = 1.3884e-04
Loss = 4.3592e-02, PNorm = 108.0200, GNorm = 2.1044, lr_0 = 1.3884e-04
Loss = 4.0716e-02, PNorm = 108.0285, GNorm = 0.7116, lr_0 = 1.3884e-04
Loss = 3.3325e-02, PNorm = 108.0377, GNorm = 0.4260, lr_0 = 1.3884e-04
Validation rmse = 31.888276
Epoch 19
Loss = 2.8309e-02, PNorm = 108.0425, GNorm = 0.3300, lr_0 = 1.3884e-04
Loss = 3.5373e-02, PNorm = 108.0509, GNorm = 0.7621, lr_0 = 1.3884e-04
Loss = 2.9393e-02, PNorm = 108.0591, GNorm = 1.2351, lr_0 = 1.3884e-04
Loss = 3.4224e-02, PNorm = 108.0679, GNorm = 0.5178, lr_0 = 1.3884e-04
Loss = 2.6792e-02, PNorm = 108.0748, GNorm = 0.6487, lr_0 = 1.3884e-04
Loss = 2.7860e-02, PNorm = 108.0791, GNorm = 1.2101, lr_0 = 1.3884e-04
Loss = 3.1566e-02, PNorm = 108.0854, GNorm = 0.6860, lr_0 = 1.3884e-04
Loss = 3.6611e-02, PNorm = 108.0940, GNorm = 0.9046, lr_0 = 1.3884e-04
Loss = 3.2881e-02, PNorm = 108.1029, GNorm = 1.2879, lr_0 = 1.3884e-04
Loss = 3.5899e-02, PNorm = 108.1135, GNorm = 0.4449, lr_0 = 1.3884e-04
Loss = 2.5884e-02, PNorm = 108.1192, GNorm = 0.4063, lr_0 = 1.3884e-04
Loss = 3.4476e-02, PNorm = 108.1249, GNorm = 0.6461, lr_0 = 1.3884e-04
Loss = 3.9355e-02, PNorm = 108.1311, GNorm = 0.3008, lr_0 = 1.3884e-04
Loss = 3.5125e-02, PNorm = 108.1405, GNorm = 0.7719, lr_0 = 1.3884e-04
Loss = 3.2283e-02, PNorm = 108.1502, GNorm = 0.8198, lr_0 = 1.3884e-04
Loss = 3.4219e-02, PNorm = 108.1588, GNorm = 0.5513, lr_0 = 1.3884e-04
Loss = 4.2545e-02, PNorm = 108.1657, GNorm = 1.1420, lr_0 = 1.3884e-04
Loss = 4.8099e-02, PNorm = 108.1760, GNorm = 0.9164, lr_0 = 1.3884e-04
Loss = 4.8844e-02, PNorm = 108.1869, GNorm = 0.7116, lr_0 = 1.3884e-04
Loss = 3.8368e-02, PNorm = 108.1972, GNorm = 1.0128, lr_0 = 1.3884e-04
Loss = 3.9155e-02, PNorm = 108.2064, GNorm = 1.0826, lr_0 = 1.3884e-04
Loss = 3.2369e-02, PNorm = 108.2152, GNorm = 1.7465, lr_0 = 1.3884e-04
Validation rmse = 32.928873
Epoch 20
Loss = 3.7213e-02, PNorm = 108.2236, GNorm = 0.5760, lr_0 = 1.3884e-04
Loss = 3.5057e-02, PNorm = 108.2315, GNorm = 1.0330, lr_0 = 1.3884e-04
Loss = 3.9202e-02, PNorm = 108.2385, GNorm = 1.0052, lr_0 = 1.3884e-04
Loss = 3.3722e-02, PNorm = 108.2486, GNorm = 0.9472, lr_0 = 1.3884e-04
Loss = 4.1571e-02, PNorm = 108.2591, GNorm = 1.2422, lr_0 = 1.3884e-04
Loss = 3.5962e-02, PNorm = 108.2713, GNorm = 1.2802, lr_0 = 1.3884e-04
Loss = 3.2719e-02, PNorm = 108.2821, GNorm = 0.7171, lr_0 = 1.3884e-04
Loss = 3.0409e-02, PNorm = 108.2885, GNorm = 0.6033, lr_0 = 1.3884e-04
Loss = 3.4422e-02, PNorm = 108.2951, GNorm = 0.8269, lr_0 = 1.3884e-04
Loss = 2.9592e-02, PNorm = 108.3011, GNorm = 0.4311, lr_0 = 1.3884e-04
Loss = 2.6233e-02, PNorm = 108.3081, GNorm = 0.8107, lr_0 = 1.3884e-04
Loss = 2.9894e-02, PNorm = 108.3143, GNorm = 0.6341, lr_0 = 1.3884e-04
Loss = 3.6526e-02, PNorm = 108.3197, GNorm = 1.5571, lr_0 = 1.3884e-04
Loss = 3.2179e-02, PNorm = 108.3275, GNorm = 0.3848, lr_0 = 1.3884e-04
Loss = 3.8179e-02, PNorm = 108.3324, GNorm = 1.6035, lr_0 = 1.3884e-04
Loss = 2.7673e-02, PNorm = 108.3400, GNorm = 0.6652, lr_0 = 1.3884e-04
Loss = 2.6691e-02, PNorm = 108.3482, GNorm = 0.3902, lr_0 = 1.3884e-04
Loss = 2.6498e-02, PNorm = 108.3555, GNorm = 0.4627, lr_0 = 1.3884e-04
Loss = 3.7138e-02, PNorm = 108.3610, GNorm = 0.4716, lr_0 = 1.3884e-04
Loss = 2.9660e-02, PNorm = 108.3665, GNorm = 1.3758, lr_0 = 1.3884e-04
Loss = 2.9807e-02, PNorm = 108.3719, GNorm = 0.9356, lr_0 = 1.3884e-04
Loss = 3.5118e-02, PNorm = 108.3805, GNorm = 0.7900, lr_0 = 1.3884e-04
Validation rmse = 31.419419
Epoch 21
Loss = 2.7580e-02, PNorm = 108.3911, GNorm = 0.9051, lr_0 = 1.3884e-04
Loss = 3.6321e-02, PNorm = 108.3994, GNorm = 1.0770, lr_0 = 1.3884e-04
Loss = 3.2340e-02, PNorm = 108.4086, GNorm = 1.4427, lr_0 = 1.3884e-04
Loss = 2.6828e-02, PNorm = 108.4161, GNorm = 1.1487, lr_0 = 1.3884e-04
Loss = 3.0029e-02, PNorm = 108.4218, GNorm = 1.2114, lr_0 = 1.3884e-04
Loss = 3.6447e-02, PNorm = 108.4306, GNorm = 0.5822, lr_0 = 1.3884e-04
Loss = 3.7553e-02, PNorm = 108.4413, GNorm = 0.6416, lr_0 = 1.3884e-04
Loss = 2.8094e-02, PNorm = 108.4510, GNorm = 0.5618, lr_0 = 1.3884e-04
Loss = 2.5493e-02, PNorm = 108.4576, GNorm = 0.6467, lr_0 = 1.3884e-04
Loss = 3.3706e-02, PNorm = 108.4643, GNorm = 0.4378, lr_0 = 1.3884e-04
Loss = 3.2749e-02, PNorm = 108.4750, GNorm = 0.4979, lr_0 = 1.3884e-04
Loss = 3.2130e-02, PNorm = 108.4853, GNorm = 0.9401, lr_0 = 1.3884e-04
Loss = 2.9540e-02, PNorm = 108.4927, GNorm = 1.2842, lr_0 = 1.3884e-04
Loss = 3.6949e-02, PNorm = 108.4997, GNorm = 0.7211, lr_0 = 1.3884e-04
Loss = 4.4611e-02, PNorm = 108.5091, GNorm = 1.1095, lr_0 = 1.3884e-04
Loss = 3.9432e-02, PNorm = 108.5188, GNorm = 0.6700, lr_0 = 1.3884e-04
Loss = 3.2443e-02, PNorm = 108.5289, GNorm = 0.6780, lr_0 = 1.3884e-04
Loss = 2.5929e-02, PNorm = 108.5392, GNorm = 0.6342, lr_0 = 1.3884e-04
Loss = 3.4694e-02, PNorm = 108.5463, GNorm = 0.6434, lr_0 = 1.3884e-04
Loss = 3.2604e-02, PNorm = 108.5547, GNorm = 0.9115, lr_0 = 1.3884e-04
Loss = 3.4222e-02, PNorm = 108.5666, GNorm = 1.3393, lr_0 = 1.3884e-04
Loss = 3.5273e-02, PNorm = 108.5767, GNorm = 1.0204, lr_0 = 1.3884e-04
Validation rmse = 32.395475
Epoch 22
Loss = 2.7696e-02, PNorm = 108.5861, GNorm = 0.5840, lr_0 = 1.3884e-04
Loss = 3.1991e-02, PNorm = 108.5964, GNorm = 1.9643, lr_0 = 1.3884e-04
Loss = 3.3400e-02, PNorm = 108.6051, GNorm = 2.3747, lr_0 = 1.3884e-04
Loss = 3.1230e-02, PNorm = 108.6141, GNorm = 0.5305, lr_0 = 1.3884e-04
Loss = 2.9877e-02, PNorm = 108.6225, GNorm = 0.7744, lr_0 = 1.3884e-04
Loss = 2.7413e-02, PNorm = 108.6322, GNorm = 0.6512, lr_0 = 1.3884e-04
Loss = 2.7365e-02, PNorm = 108.6427, GNorm = 1.4167, lr_0 = 1.3884e-04
Loss = 2.3767e-02, PNorm = 108.6485, GNorm = 0.7334, lr_0 = 1.3884e-04
Loss = 2.5494e-02, PNorm = 108.6529, GNorm = 1.4081, lr_0 = 1.3884e-04
Loss = 2.4661e-02, PNorm = 108.6568, GNorm = 1.0194, lr_0 = 1.3884e-04
Loss = 2.5177e-02, PNorm = 108.6624, GNorm = 0.7638, lr_0 = 1.3884e-04
Loss = 3.3651e-02, PNorm = 108.6701, GNorm = 1.2686, lr_0 = 1.3884e-04
Loss = 2.8586e-02, PNorm = 108.6798, GNorm = 0.3645, lr_0 = 1.3884e-04
Loss = 2.7963e-02, PNorm = 108.6877, GNorm = 0.4370, lr_0 = 1.3884e-04
Loss = 3.0636e-02, PNorm = 108.6977, GNorm = 1.1772, lr_0 = 1.3884e-04
Loss = 4.0212e-02, PNorm = 108.7062, GNorm = 1.8634, lr_0 = 1.3884e-04
Loss = 3.1950e-02, PNorm = 108.7158, GNorm = 0.7118, lr_0 = 1.3884e-04
Loss = 3.9754e-02, PNorm = 108.7226, GNorm = 1.4051, lr_0 = 1.3884e-04
Loss = 2.8646e-02, PNorm = 108.7328, GNorm = 1.4188, lr_0 = 1.3884e-04
Loss = 3.3230e-02, PNorm = 108.7412, GNorm = 1.3880, lr_0 = 1.3884e-04
Loss = 4.0300e-02, PNorm = 108.7489, GNorm = 0.7591, lr_0 = 1.3884e-04
Loss = 3.7349e-02, PNorm = 108.7596, GNorm = 0.6230, lr_0 = 1.3884e-04
Validation rmse = 32.026860
Epoch 23
Loss = 2.6405e-02, PNorm = 108.7683, GNorm = 2.0090, lr_0 = 1.3884e-04
Loss = 4.0864e-02, PNorm = 108.7772, GNorm = 2.0062, lr_0 = 1.3884e-04
Loss = 3.3112e-02, PNorm = 108.7862, GNorm = 0.5611, lr_0 = 1.3884e-04
Loss = 3.5810e-02, PNorm = 108.7997, GNorm = 0.4579, lr_0 = 1.3884e-04
Loss = 3.9795e-02, PNorm = 108.8185, GNorm = 1.4927, lr_0 = 1.3884e-04
Loss = 3.9956e-02, PNorm = 108.8347, GNorm = 1.9774, lr_0 = 1.3884e-04
Loss = 3.6621e-02, PNorm = 108.8483, GNorm = 1.5880, lr_0 = 1.3884e-04
Loss = 3.9665e-02, PNorm = 108.8579, GNorm = 1.3131, lr_0 = 1.3884e-04
Loss = 4.3102e-02, PNorm = 108.8685, GNorm = 0.3292, lr_0 = 1.3884e-04
Loss = 3.5269e-02, PNorm = 108.8809, GNorm = 1.1394, lr_0 = 1.3884e-04
Loss = 2.9547e-02, PNorm = 108.8866, GNorm = 1.1529, lr_0 = 1.3884e-04
Loss = 3.2685e-02, PNorm = 108.8958, GNorm = 0.5222, lr_0 = 1.3884e-04
Loss = 2.9248e-02, PNorm = 108.9039, GNorm = 0.3454, lr_0 = 1.3884e-04
Loss = 3.2012e-02, PNorm = 108.9126, GNorm = 1.4456, lr_0 = 1.3884e-04
Loss = 2.8488e-02, PNorm = 108.9215, GNorm = 1.0250, lr_0 = 1.3884e-04
Loss = 2.7141e-02, PNorm = 108.9312, GNorm = 0.3590, lr_0 = 1.3884e-04
Loss = 3.1081e-02, PNorm = 108.9415, GNorm = 1.1951, lr_0 = 1.3884e-04
Loss = 4.2870e-02, PNorm = 108.9537, GNorm = 0.9190, lr_0 = 1.3884e-04
Loss = 3.9284e-02, PNorm = 108.9658, GNorm = 0.8610, lr_0 = 1.3884e-04
Loss = 4.2496e-02, PNorm = 108.9778, GNorm = 0.6374, lr_0 = 1.3884e-04
Loss = 2.9141e-02, PNorm = 108.9927, GNorm = 0.9776, lr_0 = 1.3884e-04
Loss = 3.0482e-02, PNorm = 109.0035, GNorm = 0.4841, lr_0 = 1.3884e-04
Validation rmse = 31.196915
Epoch 24
Loss = 2.7565e-02, PNorm = 109.0111, GNorm = 0.4101, lr_0 = 1.3884e-04
Loss = 2.9803e-02, PNorm = 109.0181, GNorm = 0.3925, lr_0 = 1.3884e-04
Loss = 3.5195e-02, PNorm = 109.0234, GNorm = 1.2846, lr_0 = 1.3884e-04
Loss = 3.2345e-02, PNorm = 109.0325, GNorm = 0.6431, lr_0 = 1.3884e-04
Loss = 3.3829e-02, PNorm = 109.0443, GNorm = 0.5460, lr_0 = 1.3884e-04
Loss = 2.7591e-02, PNorm = 109.0530, GNorm = 0.5464, lr_0 = 1.3884e-04
Loss = 2.9595e-02, PNorm = 109.0591, GNorm = 1.0878, lr_0 = 1.3884e-04
Loss = 3.4335e-02, PNorm = 109.0674, GNorm = 1.7767, lr_0 = 1.3884e-04
Loss = 3.1800e-02, PNorm = 109.0767, GNorm = 1.9553, lr_0 = 1.3884e-04
Loss = 3.1103e-02, PNorm = 109.0863, GNorm = 0.6620, lr_0 = 1.3884e-04
Loss = 2.4367e-02, PNorm = 109.0936, GNorm = 0.4048, lr_0 = 1.3884e-04
Loss = 2.5359e-02, PNorm = 109.1019, GNorm = 0.5340, lr_0 = 1.3884e-04
Loss = 2.6288e-02, PNorm = 109.1101, GNorm = 0.3633, lr_0 = 1.3884e-04
Loss = 2.1544e-02, PNorm = 109.1190, GNorm = 0.5473, lr_0 = 1.3884e-04
Loss = 2.4361e-02, PNorm = 109.1257, GNorm = 0.4152, lr_0 = 1.3884e-04
Loss = 2.7928e-02, PNorm = 109.1336, GNorm = 0.4382, lr_0 = 1.3884e-04
Loss = 2.4434e-02, PNorm = 109.1395, GNorm = 1.1440, lr_0 = 1.3884e-04
Loss = 2.0107e-02, PNorm = 109.1480, GNorm = 0.6022, lr_0 = 1.3884e-04
Loss = 2.2465e-02, PNorm = 109.1549, GNorm = 1.3663, lr_0 = 1.3884e-04
Loss = 3.6804e-02, PNorm = 109.1616, GNorm = 1.2992, lr_0 = 1.3884e-04
Loss = 2.9950e-02, PNorm = 109.1697, GNorm = 0.4279, lr_0 = 1.3884e-04
Loss = 3.3814e-02, PNorm = 109.1795, GNorm = 0.5610, lr_0 = 1.3884e-04
Validation rmse = 29.270923
Epoch 25
Loss = 2.0548e-02, PNorm = 109.1881, GNorm = 0.5161, lr_0 = 1.3884e-04
Loss = 2.1889e-02, PNorm = 109.1960, GNorm = 0.6014, lr_0 = 1.3884e-04
Loss = 2.6916e-02, PNorm = 109.2008, GNorm = 1.4782, lr_0 = 1.3884e-04
Loss = 2.7189e-02, PNorm = 109.2080, GNorm = 0.6750, lr_0 = 1.3884e-04
Loss = 2.5957e-02, PNorm = 109.2149, GNorm = 0.4074, lr_0 = 1.3884e-04
Loss = 2.6387e-02, PNorm = 109.2252, GNorm = 0.4732, lr_0 = 1.3884e-04
Loss = 2.5570e-02, PNorm = 109.2366, GNorm = 0.5712, lr_0 = 1.3884e-04
Loss = 2.6138e-02, PNorm = 109.2447, GNorm = 0.4322, lr_0 = 1.3884e-04
Loss = 2.1753e-02, PNorm = 109.2536, GNorm = 0.4631, lr_0 = 1.3884e-04
Loss = 2.3756e-02, PNorm = 109.2613, GNorm = 0.5545, lr_0 = 1.3884e-04
Loss = 2.9256e-02, PNorm = 109.2689, GNorm = 1.7913, lr_0 = 1.3884e-04
Loss = 2.4197e-02, PNorm = 109.2765, GNorm = 0.5882, lr_0 = 1.3884e-04
Loss = 2.7001e-02, PNorm = 109.2823, GNorm = 1.0704, lr_0 = 1.3884e-04
Loss = 2.2324e-02, PNorm = 109.2896, GNorm = 1.0649, lr_0 = 1.3884e-04
Loss = 2.9021e-02, PNorm = 109.2969, GNorm = 0.7376, lr_0 = 1.3884e-04
Loss = 3.9578e-02, PNorm = 109.3071, GNorm = 2.7989, lr_0 = 1.3884e-04
Loss = 3.6248e-02, PNorm = 109.3190, GNorm = 0.9449, lr_0 = 1.3884e-04
Loss = 4.4418e-02, PNorm = 109.3333, GNorm = 1.7838, lr_0 = 1.3884e-04
Loss = 5.8713e-02, PNorm = 109.3476, GNorm = 0.4575, lr_0 = 1.3884e-04
Loss = 4.3813e-02, PNorm = 109.3628, GNorm = 1.2187, lr_0 = 1.3884e-04
Loss = 3.9121e-02, PNorm = 109.3817, GNorm = 1.6937, lr_0 = 1.3884e-04
Loss = 4.3094e-02, PNorm = 109.3930, GNorm = 1.2899, lr_0 = 1.3884e-04
Validation rmse = 30.585344
Epoch 26
Loss = 2.7328e-02, PNorm = 109.4063, GNorm = 0.8440, lr_0 = 1.3884e-04
Loss = 2.9675e-02, PNorm = 109.4186, GNorm = 0.8441, lr_0 = 1.3884e-04
Loss = 3.3862e-02, PNorm = 109.4285, GNorm = 1.1687, lr_0 = 1.3884e-04
Loss = 2.9860e-02, PNorm = 109.4438, GNorm = 0.7921, lr_0 = 1.3884e-04
Loss = 2.2752e-02, PNorm = 109.4555, GNorm = 0.3000, lr_0 = 1.3884e-04
Loss = 3.3848e-02, PNorm = 109.4650, GNorm = 1.6951, lr_0 = 1.3884e-04
Loss = 2.1924e-02, PNorm = 109.4721, GNorm = 0.4518, lr_0 = 1.3884e-04
Loss = 2.2899e-02, PNorm = 109.4778, GNorm = 0.6656, lr_0 = 1.3884e-04
Loss = 2.1126e-02, PNorm = 109.4828, GNorm = 0.4745, lr_0 = 1.3884e-04
Loss = 2.6230e-02, PNorm = 109.4880, GNorm = 0.4037, lr_0 = 1.3884e-04
Loss = 2.4321e-02, PNorm = 109.4968, GNorm = 1.0509, lr_0 = 1.3884e-04
Loss = 3.0254e-02, PNorm = 109.5048, GNorm = 1.5342, lr_0 = 1.3884e-04
Loss = 2.4813e-02, PNorm = 109.5108, GNorm = 0.5353, lr_0 = 1.3884e-04
Loss = 2.6799e-02, PNorm = 109.5194, GNorm = 0.6649, lr_0 = 1.3884e-04
Loss = 2.0871e-02, PNorm = 109.5296, GNorm = 0.4459, lr_0 = 1.3884e-04
Loss = 2.9155e-02, PNorm = 109.5361, GNorm = 1.2632, lr_0 = 1.3884e-04
Loss = 2.6497e-02, PNorm = 109.5425, GNorm = 0.4731, lr_0 = 1.3884e-04
Loss = 2.3972e-02, PNorm = 109.5516, GNorm = 0.6172, lr_0 = 1.3884e-04
Loss = 2.0692e-02, PNorm = 109.5589, GNorm = 0.4813, lr_0 = 1.3884e-04
Loss = 2.5266e-02, PNorm = 109.5656, GNorm = 1.3480, lr_0 = 1.3884e-04
Loss = 2.5532e-02, PNorm = 109.5725, GNorm = 0.8975, lr_0 = 1.3884e-04
Loss = 2.1720e-02, PNorm = 109.5791, GNorm = 0.2473, lr_0 = 1.3884e-04
Validation rmse = 30.121245
Epoch 27
Loss = 1.5100e-02, PNorm = 109.5876, GNorm = 0.3861, lr_0 = 1.3884e-04
Loss = 1.9102e-02, PNorm = 109.5944, GNorm = 0.3139, lr_0 = 1.3884e-04
Loss = 2.1539e-02, PNorm = 109.6011, GNorm = 0.5115, lr_0 = 1.3884e-04
Loss = 2.3021e-02, PNorm = 109.6089, GNorm = 0.6753, lr_0 = 1.3884e-04
Loss = 2.1899e-02, PNorm = 109.6157, GNorm = 0.8062, lr_0 = 1.3884e-04
Loss = 2.9189e-02, PNorm = 109.6230, GNorm = 0.6368, lr_0 = 1.3884e-04
Loss = 2.7403e-02, PNorm = 109.6313, GNorm = 0.4616, lr_0 = 1.3884e-04
Loss = 2.3518e-02, PNorm = 109.6415, GNorm = 0.8252, lr_0 = 1.3884e-04
Loss = 2.1530e-02, PNorm = 109.6523, GNorm = 0.8529, lr_0 = 1.3884e-04
Loss = 2.9389e-02, PNorm = 109.6591, GNorm = 0.8577, lr_0 = 1.3884e-04
Loss = 2.8104e-02, PNorm = 109.6680, GNorm = 0.4015, lr_0 = 1.3884e-04
Loss = 2.7806e-02, PNorm = 109.6755, GNorm = 0.3414, lr_0 = 1.3884e-04
Loss = 2.7324e-02, PNorm = 109.6854, GNorm = 1.1689, lr_0 = 1.3884e-04
Loss = 2.0843e-02, PNorm = 109.6964, GNorm = 0.7596, lr_0 = 1.3884e-04
Loss = 2.2979e-02, PNorm = 109.7061, GNorm = 0.9961, lr_0 = 1.3884e-04
Loss = 3.4426e-02, PNorm = 109.7148, GNorm = 2.0114, lr_0 = 1.3884e-04
Loss = 3.3543e-02, PNorm = 109.7253, GNorm = 0.8659, lr_0 = 1.3884e-04
Loss = 3.4376e-02, PNorm = 109.7375, GNorm = 1.5131, lr_0 = 1.3884e-04
Loss = 3.0353e-02, PNorm = 109.7495, GNorm = 1.1148, lr_0 = 1.3884e-04
Loss = 2.5098e-02, PNorm = 109.7612, GNorm = 0.5159, lr_0 = 1.3884e-04
Loss = 2.2483e-02, PNorm = 109.7707, GNorm = 0.4014, lr_0 = 1.3884e-04
Loss = 3.1102e-02, PNorm = 109.7781, GNorm = 0.9256, lr_0 = 1.3884e-04
Validation rmse = 29.935551
Epoch 28
Loss = 1.9763e-02, PNorm = 109.7881, GNorm = 0.4303, lr_0 = 1.3884e-04
Loss = 2.3505e-02, PNorm = 109.7973, GNorm = 1.0096, lr_0 = 1.3884e-04
Loss = 1.9974e-02, PNorm = 109.8042, GNorm = 0.5290, lr_0 = 1.3884e-04
Loss = 2.1670e-02, PNorm = 109.8106, GNorm = 0.7722, lr_0 = 1.3884e-04
Loss = 2.6346e-02, PNorm = 109.8180, GNorm = 0.4535, lr_0 = 1.3884e-04
Loss = 1.9540e-02, PNorm = 109.8246, GNorm = 1.0731, lr_0 = 1.3884e-04
Loss = 2.5802e-02, PNorm = 109.8331, GNorm = 0.7569, lr_0 = 1.3884e-04
Loss = 1.6972e-02, PNorm = 109.8412, GNorm = 0.3536, lr_0 = 1.3884e-04
Loss = 2.9121e-02, PNorm = 109.8515, GNorm = 0.7928, lr_0 = 1.3884e-04
Loss = 2.3500e-02, PNorm = 109.8585, GNorm = 0.3592, lr_0 = 1.3884e-04
Loss = 2.3239e-02, PNorm = 109.8683, GNorm = 0.7343, lr_0 = 1.3884e-04
Loss = 2.4012e-02, PNorm = 109.8763, GNorm = 0.5666, lr_0 = 1.3884e-04
Loss = 2.5869e-02, PNorm = 109.8835, GNorm = 0.8712, lr_0 = 1.3884e-04
Loss = 2.1024e-02, PNorm = 109.8925, GNorm = 0.5409, lr_0 = 1.3884e-04
Loss = 2.4512e-02, PNorm = 109.9024, GNorm = 0.3417, lr_0 = 1.3884e-04
Loss = 2.5071e-02, PNorm = 109.9122, GNorm = 0.4770, lr_0 = 1.3884e-04
Loss = 2.3724e-02, PNorm = 109.9218, GNorm = 0.3219, lr_0 = 1.3884e-04
Loss = 2.2866e-02, PNorm = 109.9295, GNorm = 0.5394, lr_0 = 1.3884e-04
Loss = 3.6342e-02, PNorm = 109.9367, GNorm = 0.5874, lr_0 = 1.3884e-04
Loss = 2.4744e-02, PNorm = 109.9480, GNorm = 0.4595, lr_0 = 1.3884e-04
Loss = 2.6244e-02, PNorm = 109.9595, GNorm = 0.2844, lr_0 = 1.3884e-04
Loss = 2.0386e-02, PNorm = 109.9694, GNorm = 0.3030, lr_0 = 1.3884e-04
Loss = 2.4427e-02, PNorm = 109.9819, GNorm = 0.8335, lr_0 = 1.3884e-04
Validation rmse = 30.939292
Epoch 29
Loss = 2.3119e-02, PNorm = 109.9914, GNorm = 0.7611, lr_0 = 1.3884e-04
Loss = 2.0491e-02, PNorm = 110.0012, GNorm = 0.5799, lr_0 = 1.3884e-04
Loss = 1.8723e-02, PNorm = 110.0103, GNorm = 0.7108, lr_0 = 1.3884e-04
Loss = 1.8026e-02, PNorm = 110.0185, GNorm = 0.5459, lr_0 = 1.3884e-04
Loss = 1.7223e-02, PNorm = 110.0237, GNorm = 1.5575, lr_0 = 1.3884e-04
Loss = 1.9871e-02, PNorm = 110.0296, GNorm = 0.7831, lr_0 = 1.3884e-04
Loss = 1.9602e-02, PNorm = 110.0367, GNorm = 0.4128, lr_0 = 1.3884e-04
Loss = 1.9361e-02, PNorm = 110.0439, GNorm = 0.3368, lr_0 = 1.3884e-04
Loss = 2.4766e-02, PNorm = 110.0492, GNorm = 0.2666, lr_0 = 1.3884e-04
Loss = 1.8684e-02, PNorm = 110.0541, GNorm = 0.5174, lr_0 = 1.3884e-04
Loss = 1.7015e-02, PNorm = 110.0589, GNorm = 0.3749, lr_0 = 1.3884e-04
Loss = 1.8275e-02, PNorm = 110.0644, GNorm = 0.6814, lr_0 = 1.3884e-04
Loss = 2.0291e-02, PNorm = 110.0720, GNorm = 1.1160, lr_0 = 1.3884e-04
Loss = 2.7266e-02, PNorm = 110.0806, GNorm = 1.3983, lr_0 = 1.3884e-04
Loss = 2.3388e-02, PNorm = 110.0890, GNorm = 1.2941, lr_0 = 1.3884e-04
Loss = 2.4633e-02, PNorm = 110.0986, GNorm = 1.0296, lr_0 = 1.3884e-04
Loss = 2.0769e-02, PNorm = 110.1109, GNorm = 0.5341, lr_0 = 1.3884e-04
Loss = 2.2655e-02, PNorm = 110.1189, GNorm = 0.4578, lr_0 = 1.3884e-04
Loss = 1.8141e-02, PNorm = 110.1263, GNorm = 0.7377, lr_0 = 1.3884e-04
Loss = 2.2644e-02, PNorm = 110.1344, GNorm = 0.3196, lr_0 = 1.3884e-04
Loss = 2.0059e-02, PNorm = 110.1413, GNorm = 0.9950, lr_0 = 1.3884e-04
Loss = 3.2141e-02, PNorm = 110.1517, GNorm = 1.3031, lr_0 = 1.3884e-04
Validation rmse = 29.846459
Epoch 30
Loss = 2.5392e-02, PNorm = 110.1623, GNorm = 0.2134, lr_0 = 1.3884e-04
Loss = 1.9700e-02, PNorm = 110.1697, GNorm = 0.3224, lr_0 = 1.3884e-04
Loss = 1.8035e-02, PNorm = 110.1756, GNorm = 0.4429, lr_0 = 1.3884e-04
Loss = 2.2017e-02, PNorm = 110.1865, GNorm = 0.2967, lr_0 = 1.3884e-04
Loss = 1.6261e-02, PNorm = 110.1936, GNorm = 0.5511, lr_0 = 1.3884e-04
Loss = 1.7625e-02, PNorm = 110.2008, GNorm = 0.4748, lr_0 = 1.3884e-04
Loss = 2.1219e-02, PNorm = 110.2069, GNorm = 0.4006, lr_0 = 1.3884e-04
Loss = 2.3121e-02, PNorm = 110.2142, GNorm = 0.5773, lr_0 = 1.3884e-04
Loss = 2.1989e-02, PNorm = 110.2186, GNorm = 0.4866, lr_0 = 1.3884e-04
Loss = 2.2354e-02, PNorm = 110.2283, GNorm = 0.4986, lr_0 = 1.3884e-04
Loss = 2.4101e-02, PNorm = 110.2387, GNorm = 0.5267, lr_0 = 1.3884e-04
Loss = 1.6470e-02, PNorm = 110.2484, GNorm = 0.4411, lr_0 = 1.3884e-04
Loss = 2.4867e-02, PNorm = 110.2565, GNorm = 0.6845, lr_0 = 1.3884e-04
Loss = 1.7297e-02, PNorm = 110.2648, GNorm = 0.5516, lr_0 = 1.3884e-04
Loss = 2.4028e-02, PNorm = 110.2716, GNorm = 1.0198, lr_0 = 1.3884e-04
Loss = 2.5615e-02, PNorm = 110.2813, GNorm = 0.4147, lr_0 = 1.3884e-04
Loss = 2.2282e-02, PNorm = 110.2922, GNorm = 1.1743, lr_0 = 1.3884e-04
Loss = 2.3136e-02, PNorm = 110.3040, GNorm = 0.4272, lr_0 = 1.3884e-04
Loss = 1.8619e-02, PNorm = 110.3125, GNorm = 0.6882, lr_0 = 1.3884e-04
Loss = 2.4820e-02, PNorm = 110.3201, GNorm = 0.7716, lr_0 = 1.3884e-04
Loss = 2.8389e-02, PNorm = 110.3289, GNorm = 0.5701, lr_0 = 1.3884e-04
Loss = 2.4773e-02, PNorm = 110.3376, GNorm = 0.8500, lr_0 = 1.3884e-04
Validation rmse = 31.183658
Epoch 31
Loss = 2.1800e-02, PNorm = 110.3517, GNorm = 0.5195, lr_0 = 1.3884e-04
Loss = 2.0274e-02, PNorm = 110.3624, GNorm = 0.3749, lr_0 = 1.3884e-04
Loss = 2.0478e-02, PNorm = 110.3696, GNorm = 0.3963, lr_0 = 1.3884e-04
Loss = 1.4537e-02, PNorm = 110.3772, GNorm = 0.5933, lr_0 = 1.3884e-04
Loss = 1.8441e-02, PNorm = 110.3862, GNorm = 0.5314, lr_0 = 1.3884e-04
Loss = 1.9076e-02, PNorm = 110.3942, GNorm = 0.3594, lr_0 = 1.3884e-04
Loss = 2.0832e-02, PNorm = 110.4024, GNorm = 0.8853, lr_0 = 1.3884e-04
Loss = 2.2378e-02, PNorm = 110.4107, GNorm = 0.7637, lr_0 = 1.3884e-04
Loss = 1.8745e-02, PNorm = 110.4181, GNorm = 0.9895, lr_0 = 1.3884e-04
Loss = 2.0685e-02, PNorm = 110.4284, GNorm = 0.5469, lr_0 = 1.3884e-04
Loss = 2.2850e-02, PNorm = 110.4385, GNorm = 0.3702, lr_0 = 1.3884e-04
Loss = 2.0103e-02, PNorm = 110.4460, GNorm = 0.7508, lr_0 = 1.3884e-04
Loss = 1.9195e-02, PNorm = 110.4540, GNorm = 0.8563, lr_0 = 1.3884e-04
Loss = 2.4284e-02, PNorm = 110.4638, GNorm = 0.3853, lr_0 = 1.3884e-04
Loss = 2.2870e-02, PNorm = 110.4739, GNorm = 0.2502, lr_0 = 1.3884e-04
Loss = 2.6954e-02, PNorm = 110.4821, GNorm = 0.3830, lr_0 = 1.3884e-04
Loss = 2.1659e-02, PNorm = 110.4915, GNorm = 0.9105, lr_0 = 1.3884e-04
Loss = 2.3806e-02, PNorm = 110.5014, GNorm = 1.1814, lr_0 = 1.3884e-04
Loss = 2.1944e-02, PNorm = 110.5108, GNorm = 0.4195, lr_0 = 1.3884e-04
Loss = 1.7356e-02, PNorm = 110.5207, GNorm = 0.3523, lr_0 = 1.3884e-04
Loss = 2.3470e-02, PNorm = 110.5315, GNorm = 0.8451, lr_0 = 1.3884e-04
Loss = 2.6239e-02, PNorm = 110.5402, GNorm = 0.6740, lr_0 = 1.3884e-04
Validation rmse = 30.007743
Epoch 32
Loss = 2.5280e-02, PNorm = 110.5493, GNorm = 0.2459, lr_0 = 1.3884e-04
Loss = 1.9393e-02, PNorm = 110.5645, GNorm = 0.2947, lr_0 = 1.3884e-04
Loss = 1.8993e-02, PNorm = 110.5775, GNorm = 0.2958, lr_0 = 1.3884e-04
Loss = 2.5026e-02, PNorm = 110.5884, GNorm = 0.8810, lr_0 = 1.3884e-04
Loss = 2.3612e-02, PNorm = 110.5995, GNorm = 0.8082, lr_0 = 1.3884e-04
Loss = 2.2570e-02, PNorm = 110.6129, GNorm = 0.4637, lr_0 = 1.3884e-04
Loss = 2.0069e-02, PNorm = 110.6276, GNorm = 0.5801, lr_0 = 1.3884e-04
Loss = 2.3949e-02, PNorm = 110.6368, GNorm = 0.3980, lr_0 = 1.3884e-04
Loss = 2.1075e-02, PNorm = 110.6487, GNorm = 0.5684, lr_0 = 1.3884e-04
Loss = 1.8444e-02, PNorm = 110.6594, GNorm = 0.5866, lr_0 = 1.3884e-04
Loss = 2.9861e-02, PNorm = 110.6705, GNorm = 0.6770, lr_0 = 1.3884e-04
Loss = 1.9712e-02, PNorm = 110.6878, GNorm = 0.4169, lr_0 = 1.3884e-04
Loss = 1.9480e-02, PNorm = 110.7016, GNorm = 0.4655, lr_0 = 1.3884e-04
Loss = 2.2910e-02, PNorm = 110.7160, GNorm = 0.2609, lr_0 = 1.3884e-04
Loss = 1.9914e-02, PNorm = 110.7284, GNorm = 0.6579, lr_0 = 1.3884e-04
Loss = 1.9228e-02, PNorm = 110.7420, GNorm = 0.7524, lr_0 = 1.3884e-04
Loss = 1.7432e-02, PNorm = 110.7536, GNorm = 0.5796, lr_0 = 1.3884e-04
Loss = 2.4129e-02, PNorm = 110.7663, GNorm = 1.2192, lr_0 = 1.3884e-04
Loss = 1.8542e-02, PNorm = 110.7782, GNorm = 0.3360, lr_0 = 1.3884e-04
Loss = 2.2621e-02, PNorm = 110.7879, GNorm = 0.4257, lr_0 = 1.3884e-04
Loss = 2.3497e-02, PNorm = 110.7964, GNorm = 0.8520, lr_0 = 1.3884e-04
Loss = 2.6820e-02, PNorm = 110.8067, GNorm = 0.5976, lr_0 = 1.3884e-04
Validation rmse = 34.664739
Epoch 33
Loss = 2.9462e-02, PNorm = 110.8200, GNorm = 0.3168, lr_0 = 1.3884e-04
Loss = 2.8428e-02, PNorm = 110.8357, GNorm = 0.3770, lr_0 = 1.3884e-04
Loss = 2.7238e-02, PNorm = 110.8509, GNorm = 0.4026, lr_0 = 1.3884e-04
Loss = 2.9664e-02, PNorm = 110.8659, GNorm = 0.3634, lr_0 = 1.3884e-04
Loss = 2.7237e-02, PNorm = 110.8779, GNorm = 1.2096, lr_0 = 1.3884e-04
Loss = 2.0648e-02, PNorm = 110.8904, GNorm = 0.4870, lr_0 = 1.3884e-04
Loss = 2.6398e-02, PNorm = 110.9011, GNorm = 0.7639, lr_0 = 1.3884e-04
Loss = 1.9234e-02, PNorm = 110.9086, GNorm = 0.3742, lr_0 = 1.3884e-04
Loss = 2.2208e-02, PNorm = 110.9185, GNorm = 0.5457, lr_0 = 1.3884e-04
Loss = 2.2007e-02, PNorm = 110.9291, GNorm = 0.7830, lr_0 = 1.3884e-04
Loss = 2.0400e-02, PNorm = 110.9390, GNorm = 0.3158, lr_0 = 1.3884e-04
Loss = 2.0843e-02, PNorm = 110.9467, GNorm = 0.6852, lr_0 = 1.3884e-04
Loss = 1.7154e-02, PNorm = 110.9549, GNorm = 0.4576, lr_0 = 1.3884e-04
Loss = 2.1340e-02, PNorm = 110.9638, GNorm = 0.4585, lr_0 = 1.3884e-04
Loss = 1.8505e-02, PNorm = 110.9746, GNorm = 0.4256, lr_0 = 1.3884e-04
Loss = 1.8428e-02, PNorm = 110.9855, GNorm = 0.2279, lr_0 = 1.3884e-04
Loss = 2.0874e-02, PNorm = 110.9932, GNorm = 0.5139, lr_0 = 1.3884e-04
Loss = 2.1032e-02, PNorm = 111.0024, GNorm = 0.4036, lr_0 = 1.3884e-04
Loss = 1.9520e-02, PNorm = 111.0121, GNorm = 0.4521, lr_0 = 1.3884e-04
Loss = 2.5817e-02, PNorm = 111.0228, GNorm = 1.3956, lr_0 = 1.3884e-04
Loss = 2.5518e-02, PNorm = 111.0337, GNorm = 0.3373, lr_0 = 1.3884e-04
Loss = 1.7616e-02, PNorm = 111.0438, GNorm = 0.4398, lr_0 = 1.3884e-04
Validation rmse = 30.655784
Epoch 34
Loss = 1.7251e-02, PNorm = 111.0530, GNorm = 0.5341, lr_0 = 1.3884e-04
Loss = 1.8361e-02, PNorm = 111.0606, GNorm = 0.4505, lr_0 = 1.3884e-04
Loss = 1.9761e-02, PNorm = 111.0700, GNorm = 0.3368, lr_0 = 1.3884e-04
Loss = 1.8904e-02, PNorm = 111.0788, GNorm = 0.4676, lr_0 = 1.3884e-04
Loss = 1.9657e-02, PNorm = 111.0857, GNorm = 0.4083, lr_0 = 1.3884e-04
Loss = 2.2427e-02, PNorm = 111.0947, GNorm = 1.0496, lr_0 = 1.3884e-04
Loss = 2.0409e-02, PNorm = 111.1050, GNorm = 1.0508, lr_0 = 1.3884e-04
Loss = 1.5474e-02, PNorm = 111.1145, GNorm = 0.5762, lr_0 = 1.3884e-04
Loss = 1.9789e-02, PNorm = 111.1249, GNorm = 0.5396, lr_0 = 1.3884e-04
Loss = 1.9456e-02, PNorm = 111.1366, GNorm = 0.4715, lr_0 = 1.3884e-04
Loss = 1.5019e-02, PNorm = 111.1436, GNorm = 0.2271, lr_0 = 1.3884e-04
Loss = 1.6250e-02, PNorm = 111.1490, GNorm = 0.4028, lr_0 = 1.3884e-04
Loss = 2.0751e-02, PNorm = 111.1543, GNorm = 0.5468, lr_0 = 1.3884e-04
Loss = 2.3156e-02, PNorm = 111.1627, GNorm = 0.2971, lr_0 = 1.3884e-04
Loss = 1.5667e-02, PNorm = 111.1718, GNorm = 0.6782, lr_0 = 1.3884e-04
Loss = 1.9582e-02, PNorm = 111.1819, GNorm = 0.4040, lr_0 = 1.3884e-04
Loss = 1.5091e-02, PNorm = 111.1910, GNorm = 0.3706, lr_0 = 1.3884e-04
Loss = 1.5311e-02, PNorm = 111.1977, GNorm = 0.6375, lr_0 = 1.3884e-04
Loss = 1.8422e-02, PNorm = 111.2035, GNorm = 0.5345, lr_0 = 1.3884e-04
Loss = 1.7700e-02, PNorm = 111.2116, GNorm = 0.2964, lr_0 = 1.3884e-04
Loss = 1.7372e-02, PNorm = 111.2203, GNorm = 0.2620, lr_0 = 1.3884e-04
Loss = 2.1791e-02, PNorm = 111.2330, GNorm = 0.6746, lr_0 = 1.3884e-04
Validation rmse = 30.306368
Epoch 35
Loss = 1.7086e-02, PNorm = 111.2468, GNorm = 0.3348, lr_0 = 1.3884e-04
Loss = 1.9814e-02, PNorm = 111.2552, GNorm = 0.4298, lr_0 = 1.3884e-04
Loss = 1.5510e-02, PNorm = 111.2644, GNorm = 0.5701, lr_0 = 1.3884e-04
Loss = 1.5644e-02, PNorm = 111.2719, GNorm = 0.4680, lr_0 = 1.3884e-04
Loss = 1.5463e-02, PNorm = 111.2792, GNorm = 0.3629, lr_0 = 1.3884e-04
Loss = 2.2615e-02, PNorm = 111.2881, GNorm = 0.5640, lr_0 = 1.3884e-04
Loss = 1.7999e-02, PNorm = 111.2954, GNorm = 0.4502, lr_0 = 1.3884e-04
Loss = 1.5998e-02, PNorm = 111.3014, GNorm = 0.3050, lr_0 = 1.3884e-04
Loss = 1.3684e-02, PNorm = 111.3072, GNorm = 0.3740, lr_0 = 1.3884e-04
Loss = 1.7106e-02, PNorm = 111.3125, GNorm = 0.3682, lr_0 = 1.3884e-04
Loss = 1.8313e-02, PNorm = 111.3205, GNorm = 0.5061, lr_0 = 1.3884e-04
Loss = 1.7859e-02, PNorm = 111.3312, GNorm = 0.2263, lr_0 = 1.3884e-04
Loss = 1.7010e-02, PNorm = 111.3416, GNorm = 0.5410, lr_0 = 1.3884e-04
Loss = 1.7190e-02, PNorm = 111.3506, GNorm = 0.3309, lr_0 = 1.3884e-04
Loss = 2.0726e-02, PNorm = 111.3615, GNorm = 0.5267, lr_0 = 1.3884e-04
Loss = 1.8280e-02, PNorm = 111.3726, GNorm = 0.4312, lr_0 = 1.3884e-04
Loss = 1.8334e-02, PNorm = 111.3837, GNorm = 0.7829, lr_0 = 1.3884e-04
Loss = 2.0445e-02, PNorm = 111.3922, GNorm = 1.0462, lr_0 = 1.3884e-04
Loss = 1.9021e-02, PNorm = 111.4042, GNorm = 0.6328, lr_0 = 1.3884e-04
Loss = 2.2460e-02, PNorm = 111.4142, GNorm = 0.4385, lr_0 = 1.3884e-04
Loss = 1.6970e-02, PNorm = 111.4238, GNorm = 0.2752, lr_0 = 1.3884e-04
Loss = 1.8312e-02, PNorm = 111.4317, GNorm = 0.5421, lr_0 = 1.3884e-04
Validation rmse = 30.169815
Epoch 36
Loss = 2.1286e-02, PNorm = 111.4402, GNorm = 0.6902, lr_0 = 1.3884e-04
Loss = 1.9827e-02, PNorm = 111.4506, GNorm = 0.6008, lr_0 = 1.3884e-04
Loss = 1.4282e-02, PNorm = 111.4652, GNorm = 0.2504, lr_0 = 1.3884e-04
Loss = 2.3697e-02, PNorm = 111.4770, GNorm = 0.3564, lr_0 = 1.3884e-04
Loss = 1.5616e-02, PNorm = 111.4898, GNorm = 0.4802, lr_0 = 1.3884e-04
Loss = 1.9595e-02, PNorm = 111.4983, GNorm = 0.3478, lr_0 = 1.3884e-04
Loss = 2.1477e-02, PNorm = 111.5055, GNorm = 0.4760, lr_0 = 1.3884e-04
Loss = 1.9526e-02, PNorm = 111.5133, GNorm = 1.1843, lr_0 = 1.3884e-04
Loss = 2.5845e-02, PNorm = 111.5227, GNorm = 1.2600, lr_0 = 1.3884e-04
Loss = 1.9529e-02, PNorm = 111.5326, GNorm = 0.4456, lr_0 = 1.3884e-04
Loss = 1.5352e-02, PNorm = 111.5413, GNorm = 0.6269, lr_0 = 1.3884e-04
Loss = 1.8888e-02, PNorm = 111.5529, GNorm = 0.3260, lr_0 = 1.3884e-04
Loss = 1.2589e-02, PNorm = 111.5616, GNorm = 0.4642, lr_0 = 1.3884e-04
Loss = 1.8010e-02, PNorm = 111.5676, GNorm = 0.3852, lr_0 = 1.3884e-04
Loss = 1.6333e-02, PNorm = 111.5758, GNorm = 0.3590, lr_0 = 1.3884e-04
Loss = 1.6172e-02, PNorm = 111.5843, GNorm = 0.5669, lr_0 = 1.3884e-04
Loss = 1.8342e-02, PNorm = 111.5931, GNorm = 0.5875, lr_0 = 1.3884e-04
Loss = 1.2409e-02, PNorm = 111.6013, GNorm = 0.2642, lr_0 = 1.3884e-04
Loss = 2.0517e-02, PNorm = 111.6114, GNorm = 0.9346, lr_0 = 1.3884e-04
Loss = 1.9468e-02, PNorm = 111.6198, GNorm = 0.7200, lr_0 = 1.3884e-04
Loss = 1.6310e-02, PNorm = 111.6294, GNorm = 0.3329, lr_0 = 1.3884e-04
Loss = 1.7743e-02, PNorm = 111.6376, GNorm = 0.2624, lr_0 = 1.3884e-04
Validation rmse = 29.302685
Epoch 37
Loss = 1.3820e-02, PNorm = 111.6479, GNorm = 0.2595, lr_0 = 1.3884e-04
Loss = 1.5028e-02, PNorm = 111.6605, GNorm = 0.4522, lr_0 = 1.3884e-04
Loss = 1.9414e-02, PNorm = 111.6685, GNorm = 0.2939, lr_0 = 1.3884e-04
Loss = 1.5920e-02, PNorm = 111.6738, GNorm = 0.5923, lr_0 = 1.3884e-04
Loss = 1.5935e-02, PNorm = 111.6798, GNorm = 0.2198, lr_0 = 1.3884e-04
Loss = 1.5748e-02, PNorm = 111.6887, GNorm = 0.4602, lr_0 = 1.3884e-04
Loss = 1.8834e-02, PNorm = 111.6945, GNorm = 0.5153, lr_0 = 1.3884e-04
Loss = 1.9366e-02, PNorm = 111.7039, GNorm = 0.6532, lr_0 = 1.3884e-04
Loss = 1.5870e-02, PNorm = 111.7167, GNorm = 0.2607, lr_0 = 1.3884e-04
Loss = 1.1834e-02, PNorm = 111.7265, GNorm = 0.2734, lr_0 = 1.3884e-04
Loss = 1.3899e-02, PNorm = 111.7333, GNorm = 0.3135, lr_0 = 1.3884e-04
Loss = 1.6663e-02, PNorm = 111.7412, GNorm = 0.5639, lr_0 = 1.3884e-04
Loss = 1.6104e-02, PNorm = 111.7476, GNorm = 0.4960, lr_0 = 1.3884e-04
Loss = 1.6183e-02, PNorm = 111.7545, GNorm = 0.5252, lr_0 = 1.3884e-04
Loss = 1.9850e-02, PNorm = 111.7619, GNorm = 1.0222, lr_0 = 1.3884e-04
Loss = 1.7810e-02, PNorm = 111.7697, GNorm = 0.9235, lr_0 = 1.3884e-04
Loss = 1.6513e-02, PNorm = 111.7784, GNorm = 0.4171, lr_0 = 1.3884e-04
Loss = 1.3577e-02, PNorm = 111.7860, GNorm = 0.5131, lr_0 = 1.3884e-04
Loss = 1.4844e-02, PNorm = 111.7934, GNorm = 0.3575, lr_0 = 1.3884e-04
Loss = 1.3539e-02, PNorm = 111.8017, GNorm = 0.3921, lr_0 = 1.3884e-04
Loss = 1.5399e-02, PNorm = 111.8110, GNorm = 0.7525, lr_0 = 1.3884e-04
Loss = 1.3121e-02, PNorm = 111.8208, GNorm = 0.3328, lr_0 = 1.3884e-04
Validation rmse = 31.331957
Epoch 38
Loss = 1.9041e-02, PNorm = 111.8302, GNorm = 0.6113, lr_0 = 1.3884e-04
Loss = 1.3648e-02, PNorm = 111.8399, GNorm = 0.2616, lr_0 = 1.3884e-04
Loss = 1.3694e-02, PNorm = 111.8472, GNorm = 0.5619, lr_0 = 1.3884e-04
Loss = 1.6644e-02, PNorm = 111.8552, GNorm = 0.5134, lr_0 = 1.3884e-04
Loss = 1.6890e-02, PNorm = 111.8622, GNorm = 0.2745, lr_0 = 1.3884e-04
Loss = 1.7008e-02, PNorm = 111.8693, GNorm = 0.7432, lr_0 = 1.3884e-04
Loss = 1.5171e-02, PNorm = 111.8782, GNorm = 0.3646, lr_0 = 1.3884e-04
Loss = 1.6953e-02, PNorm = 111.8874, GNorm = 0.2975, lr_0 = 1.3884e-04
Loss = 1.2420e-02, PNorm = 111.8986, GNorm = 0.3909, lr_0 = 1.3884e-04
Loss = 1.4546e-02, PNorm = 111.9064, GNorm = 0.2184, lr_0 = 1.3884e-04
Loss = 1.3776e-02, PNorm = 111.9137, GNorm = 0.3097, lr_0 = 1.3884e-04
Loss = 1.5452e-02, PNorm = 111.9208, GNorm = 0.9206, lr_0 = 1.3884e-04
Loss = 1.4652e-02, PNorm = 111.9266, GNorm = 0.4786, lr_0 = 1.3884e-04
Loss = 1.9600e-02, PNorm = 111.9340, GNorm = 0.6441, lr_0 = 1.3884e-04
Loss = 1.5938e-02, PNorm = 111.9421, GNorm = 0.4203, lr_0 = 1.3884e-04
Loss = 1.4215e-02, PNorm = 111.9494, GNorm = 0.6555, lr_0 = 1.3884e-04
Loss = 2.2922e-02, PNorm = 111.9618, GNorm = 1.1826, lr_0 = 1.3884e-04
Loss = 1.8713e-02, PNorm = 111.9768, GNorm = 0.6026, lr_0 = 1.3884e-04
Loss = 2.0117e-02, PNorm = 111.9878, GNorm = 0.3773, lr_0 = 1.3884e-04
Loss = 2.7247e-02, PNorm = 112.0029, GNorm = 0.6839, lr_0 = 1.3884e-04
Loss = 2.3829e-02, PNorm = 112.0186, GNorm = 0.4594, lr_0 = 1.3884e-04
Loss = 2.3508e-02, PNorm = 112.0344, GNorm = 1.1693, lr_0 = 1.3884e-04
Validation rmse = 29.141314
Epoch 39
Loss = 2.4009e-02, PNorm = 112.0533, GNorm = 1.1121, lr_0 = 1.3884e-04
Loss = 2.9536e-02, PNorm = 112.0724, GNorm = 0.8906, lr_0 = 1.3884e-04
Loss = 1.9741e-02, PNorm = 112.0890, GNorm = 0.8926, lr_0 = 1.3884e-04
Loss = 1.7942e-02, PNorm = 112.0999, GNorm = 1.0170, lr_0 = 1.3884e-04
Loss = 2.1988e-02, PNorm = 112.1125, GNorm = 0.5210, lr_0 = 1.3884e-04
Loss = 1.7747e-02, PNorm = 112.1248, GNorm = 0.8483, lr_0 = 1.3884e-04
Loss = 2.0386e-02, PNorm = 112.1369, GNorm = 0.3574, lr_0 = 1.3884e-04
Loss = 1.8130e-02, PNorm = 112.1458, GNorm = 0.6777, lr_0 = 1.3884e-04
Loss = 1.9335e-02, PNorm = 112.1567, GNorm = 0.5799, lr_0 = 1.3884e-04
Loss = 1.8012e-02, PNorm = 112.1685, GNorm = 0.5164, lr_0 = 1.3884e-04
Loss = 1.5323e-02, PNorm = 112.1795, GNorm = 0.3546, lr_0 = 1.3884e-04
Loss = 1.7955e-02, PNorm = 112.1876, GNorm = 0.3076, lr_0 = 1.3884e-04
Loss = 2.3508e-02, PNorm = 112.1983, GNorm = 0.3184, lr_0 = 1.3884e-04
Loss = 2.7105e-02, PNorm = 112.2115, GNorm = 1.2135, lr_0 = 1.3884e-04
Loss = 2.4224e-02, PNorm = 112.2218, GNorm = 0.9208, lr_0 = 1.3884e-04
Loss = 2.2338e-02, PNorm = 112.2303, GNorm = 0.7195, lr_0 = 1.3884e-04
Loss = 1.7469e-02, PNorm = 112.2410, GNorm = 0.2479, lr_0 = 1.3884e-04
Loss = 1.4570e-02, PNorm = 112.2485, GNorm = 0.2860, lr_0 = 1.3884e-04
Loss = 1.6760e-02, PNorm = 112.2595, GNorm = 0.3266, lr_0 = 1.3884e-04
Loss = 1.2616e-02, PNorm = 112.2674, GNorm = 0.2879, lr_0 = 1.3884e-04
Loss = 1.4218e-02, PNorm = 112.2747, GNorm = 0.4310, lr_0 = 1.3884e-04
Loss = 1.3569e-02, PNorm = 112.2831, GNorm = 0.2722, lr_0 = 1.3884e-04
Validation rmse = 29.398489
Epoch 40
Loss = 6.8137e-03, PNorm = 112.2908, GNorm = 0.2424, lr_0 = 1.3884e-04
Loss = 1.5794e-02, PNorm = 112.2991, GNorm = 0.2023, lr_0 = 1.3884e-04
Loss = 1.6878e-02, PNorm = 112.3059, GNorm = 0.4231, lr_0 = 1.3884e-04
Loss = 1.7078e-02, PNorm = 112.3133, GNorm = 0.2804, lr_0 = 1.3884e-04
Loss = 1.0795e-02, PNorm = 112.3193, GNorm = 0.2009, lr_0 = 1.3884e-04
Loss = 1.1761e-02, PNorm = 112.3230, GNorm = 0.2498, lr_0 = 1.3884e-04
Loss = 1.1288e-02, PNorm = 112.3289, GNorm = 0.4694, lr_0 = 1.3884e-04
Loss = 1.4273e-02, PNorm = 112.3348, GNorm = 0.6278, lr_0 = 1.3884e-04
Loss = 1.2678e-02, PNorm = 112.3413, GNorm = 0.3050, lr_0 = 1.3884e-04
Loss = 1.1577e-02, PNorm = 112.3473, GNorm = 0.3077, lr_0 = 1.3884e-04
Loss = 1.6080e-02, PNorm = 112.3547, GNorm = 0.3597, lr_0 = 1.3884e-04
Loss = 1.8746e-02, PNorm = 112.3641, GNorm = 0.6291, lr_0 = 1.3884e-04
Loss = 1.6089e-02, PNorm = 112.3737, GNorm = 1.3361, lr_0 = 1.3884e-04
Loss = 3.0310e-02, PNorm = 112.3853, GNorm = 0.2993, lr_0 = 1.3884e-04
Loss = 2.0052e-02, PNorm = 112.3987, GNorm = 0.1943, lr_0 = 1.3884e-04
Loss = 1.9552e-02, PNorm = 112.4120, GNorm = 0.3832, lr_0 = 1.3884e-04
Loss = 1.4856e-02, PNorm = 112.4221, GNorm = 0.4580, lr_0 = 1.3884e-04
Loss = 1.7287e-02, PNorm = 112.4301, GNorm = 0.3346, lr_0 = 1.3884e-04
Loss = 1.4333e-02, PNorm = 112.4377, GNorm = 0.2561, lr_0 = 1.3884e-04
Loss = 1.2989e-02, PNorm = 112.4448, GNorm = 0.3631, lr_0 = 1.3884e-04
Loss = 1.5372e-02, PNorm = 112.4525, GNorm = 0.4358, lr_0 = 1.3884e-04
Loss = 1.7205e-02, PNorm = 112.4622, GNorm = 0.6575, lr_0 = 1.3884e-04
Validation rmse = 29.234644
Epoch 41
Loss = 1.1086e-02, PNorm = 112.4749, GNorm = 0.4171, lr_0 = 1.3884e-04
Loss = 1.4587e-02, PNorm = 112.4880, GNorm = 0.2178, lr_0 = 1.3884e-04
Loss = 1.2017e-02, PNorm = 112.4972, GNorm = 0.6633, lr_0 = 1.3884e-04
Loss = 1.2991e-02, PNorm = 112.5057, GNorm = 0.2756, lr_0 = 1.3884e-04
Loss = 1.0146e-02, PNorm = 112.5132, GNorm = 0.3130, lr_0 = 1.3884e-04
Loss = 1.5350e-02, PNorm = 112.5222, GNorm = 0.1727, lr_0 = 1.3884e-04
Loss = 1.6084e-02, PNorm = 112.5307, GNorm = 0.2830, lr_0 = 1.3884e-04
Loss = 1.4158e-02, PNorm = 112.5403, GNorm = 0.2351, lr_0 = 1.3884e-04
Loss = 1.6822e-02, PNorm = 112.5496, GNorm = 0.2686, lr_0 = 1.3884e-04
Loss = 1.6064e-02, PNorm = 112.5611, GNorm = 0.3699, lr_0 = 1.3884e-04
Loss = 1.3670e-02, PNorm = 112.5719, GNorm = 0.3790, lr_0 = 1.3884e-04
Loss = 1.3747e-02, PNorm = 112.5819, GNorm = 0.3340, lr_0 = 1.3884e-04
Loss = 1.0945e-02, PNorm = 112.5902, GNorm = 0.1855, lr_0 = 1.3884e-04
Loss = 1.5062e-02, PNorm = 112.5974, GNorm = 0.4752, lr_0 = 1.3884e-04
Loss = 1.4380e-02, PNorm = 112.6049, GNorm = 0.2888, lr_0 = 1.3884e-04
Loss = 2.0624e-02, PNorm = 112.6146, GNorm = 0.3584, lr_0 = 1.3884e-04
Loss = 1.4620e-02, PNorm = 112.6253, GNorm = 0.2556, lr_0 = 1.3884e-04
Loss = 1.2183e-02, PNorm = 112.6339, GNorm = 0.3127, lr_0 = 1.3884e-04
Loss = 1.5710e-02, PNorm = 112.6427, GNorm = 0.2136, lr_0 = 1.3884e-04
Loss = 1.9634e-02, PNorm = 112.6539, GNorm = 0.6531, lr_0 = 1.3884e-04
Loss = 1.9266e-02, PNorm = 112.6667, GNorm = 0.4788, lr_0 = 1.3884e-04
Loss = 1.3779e-02, PNorm = 112.6802, GNorm = 0.6670, lr_0 = 1.3884e-04
Validation rmse = 29.139595
Epoch 42
Loss = 1.2782e-02, PNorm = 112.6917, GNorm = 0.2835, lr_0 = 1.3884e-04
Loss = 1.4250e-02, PNorm = 112.7008, GNorm = 0.1470, lr_0 = 1.3884e-04
Loss = 1.6433e-02, PNorm = 112.7069, GNorm = 0.4517, lr_0 = 1.3884e-04
Loss = 1.0131e-02, PNorm = 112.7123, GNorm = 0.2205, lr_0 = 1.3884e-04
Loss = 1.0781e-02, PNorm = 112.7185, GNorm = 0.1727, lr_0 = 1.3884e-04
Loss = 1.3048e-02, PNorm = 112.7255, GNorm = 0.7773, lr_0 = 1.3884e-04
Loss = 1.3273e-02, PNorm = 112.7334, GNorm = 0.4008, lr_0 = 1.3884e-04
Loss = 1.5555e-02, PNorm = 112.7405, GNorm = 0.7959, lr_0 = 1.3884e-04
Loss = 1.6441e-02, PNorm = 112.7489, GNorm = 0.3050, lr_0 = 1.3884e-04
Loss = 1.8169e-02, PNorm = 112.7593, GNorm = 0.4555, lr_0 = 1.3884e-04
Loss = 2.0581e-02, PNorm = 112.7673, GNorm = 0.2348, lr_0 = 1.3884e-04
Loss = 2.1711e-02, PNorm = 112.7788, GNorm = 0.4722, lr_0 = 1.3884e-04
Loss = 2.1630e-02, PNorm = 112.7915, GNorm = 0.6736, lr_0 = 1.3884e-04
Loss = 1.6139e-02, PNorm = 112.8017, GNorm = 0.4866, lr_0 = 1.3884e-04
Loss = 1.5600e-02, PNorm = 112.8153, GNorm = 0.6799, lr_0 = 1.3884e-04
Loss = 1.4056e-02, PNorm = 112.8251, GNorm = 0.5774, lr_0 = 1.3884e-04
Loss = 1.3877e-02, PNorm = 112.8379, GNorm = 0.6645, lr_0 = 1.3884e-04
Loss = 1.8649e-02, PNorm = 112.8510, GNorm = 0.3459, lr_0 = 1.3884e-04
Loss = 1.5303e-02, PNorm = 112.8638, GNorm = 0.2538, lr_0 = 1.3884e-04
Loss = 1.3882e-02, PNorm = 112.8727, GNorm = 0.2617, lr_0 = 1.3884e-04
Loss = 1.7322e-02, PNorm = 112.8794, GNorm = 0.3285, lr_0 = 1.3884e-04
Loss = 1.5362e-02, PNorm = 112.8888, GNorm = 0.5691, lr_0 = 1.3884e-04
Loss = 1.6208e-02, PNorm = 112.9000, GNorm = 0.6447, lr_0 = 1.3884e-04
Validation rmse = 29.369078
Epoch 43
Loss = 1.3557e-02, PNorm = 112.9107, GNorm = 0.3806, lr_0 = 1.3884e-04
Loss = 1.3446e-02, PNorm = 112.9219, GNorm = 0.4299, lr_0 = 1.3884e-04
Loss = 1.0693e-02, PNorm = 112.9307, GNorm = 0.2800, lr_0 = 1.3884e-04
Loss = 1.3865e-02, PNorm = 112.9385, GNorm = 0.1798, lr_0 = 1.3884e-04
Loss = 1.3191e-02, PNorm = 112.9470, GNorm = 0.2617, lr_0 = 1.3884e-04
Loss = 1.0339e-02, PNorm = 112.9559, GNorm = 0.3239, lr_0 = 1.3884e-04
Loss = 1.1850e-02, PNorm = 112.9674, GNorm = 0.2179, lr_0 = 1.3884e-04
Loss = 1.2827e-02, PNorm = 112.9742, GNorm = 0.9302, lr_0 = 1.3884e-04
Loss = 1.6291e-02, PNorm = 112.9831, GNorm = 0.5431, lr_0 = 1.3884e-04
Loss = 2.0677e-02, PNorm = 112.9956, GNorm = 1.1716, lr_0 = 1.3884e-04
Loss = 2.7308e-02, PNorm = 113.0121, GNorm = 0.8945, lr_0 = 1.3884e-04
Loss = 2.8678e-02, PNorm = 113.0283, GNorm = 1.3939, lr_0 = 1.3884e-04
Loss = 1.9395e-02, PNorm = 113.0451, GNorm = 0.7151, lr_0 = 1.3884e-04
Loss = 1.9397e-02, PNorm = 113.0596, GNorm = 0.1777, lr_0 = 1.3884e-04
Loss = 1.8076e-02, PNorm = 113.0736, GNorm = 0.6907, lr_0 = 1.3884e-04
Loss = 2.0174e-02, PNorm = 113.0954, GNorm = 0.4208, lr_0 = 1.3884e-04
Loss = 1.6900e-02, PNorm = 113.1164, GNorm = 0.3252, lr_0 = 1.3884e-04
Loss = 1.4166e-02, PNorm = 113.1311, GNorm = 0.3395, lr_0 = 1.3884e-04
Loss = 1.6594e-02, PNorm = 113.1416, GNorm = 0.5234, lr_0 = 1.3884e-04
Loss = 1.5250e-02, PNorm = 113.1541, GNorm = 0.2396, lr_0 = 1.3884e-04
Loss = 1.2697e-02, PNorm = 113.1664, GNorm = 0.2076, lr_0 = 1.3884e-04
Loss = 1.2122e-02, PNorm = 113.1778, GNorm = 0.2568, lr_0 = 1.3884e-04
Loss = 2.7351e-02, PNorm = 113.1790, GNorm = 0.6201, lr_0 = 1.3884e-04
Validation rmse = 29.336595
Epoch 44
Loss = 1.4275e-02, PNorm = 113.1897, GNorm = 0.4175, lr_0 = 1.3884e-04
Loss = 1.2983e-02, PNorm = 113.1990, GNorm = 0.3429, lr_0 = 1.3884e-04
Loss = 1.6864e-02, PNorm = 113.2064, GNorm = 0.3747, lr_0 = 1.3884e-04
Loss = 1.2994e-02, PNorm = 113.2128, GNorm = 0.4328, lr_0 = 1.3884e-04
Loss = 1.2717e-02, PNorm = 113.2199, GNorm = 0.2449, lr_0 = 1.3884e-04
Loss = 1.3562e-02, PNorm = 113.2253, GNorm = 0.2286, lr_0 = 1.3884e-04
Loss = 1.4381e-02, PNorm = 113.2327, GNorm = 0.2210, lr_0 = 1.3884e-04
Loss = 1.1144e-02, PNorm = 113.2395, GNorm = 0.3519, lr_0 = 1.3884e-04
Loss = 1.1981e-02, PNorm = 113.2469, GNorm = 0.1937, lr_0 = 1.3884e-04
Loss = 1.4525e-02, PNorm = 113.2582, GNorm = 0.3141, lr_0 = 1.3884e-04
Loss = 2.0319e-02, PNorm = 113.2696, GNorm = 0.7781, lr_0 = 1.3884e-04
Loss = 1.5985e-02, PNorm = 113.2811, GNorm = 0.4538, lr_0 = 1.3884e-04
Loss = 1.7357e-02, PNorm = 113.2919, GNorm = 0.5033, lr_0 = 1.3884e-04
Loss = 1.5189e-02, PNorm = 113.3016, GNorm = 0.6391, lr_0 = 1.3884e-04
Loss = 1.5990e-02, PNorm = 113.3115, GNorm = 0.4821, lr_0 = 1.3884e-04
Loss = 1.4233e-02, PNorm = 113.3204, GNorm = 0.5632, lr_0 = 1.3884e-04
Loss = 1.2966e-02, PNorm = 113.3291, GNorm = 0.3452, lr_0 = 1.3884e-04
Loss = 1.6120e-02, PNorm = 113.3350, GNorm = 0.7862, lr_0 = 1.3884e-04
Loss = 1.6714e-02, PNorm = 113.3424, GNorm = 0.9484, lr_0 = 1.3884e-04
Loss = 1.4959e-02, PNorm = 113.3542, GNorm = 0.3642, lr_0 = 1.3884e-04
Loss = 1.4996e-02, PNorm = 113.3652, GNorm = 0.3078, lr_0 = 1.3884e-04
Loss = 1.7973e-02, PNorm = 113.3765, GNorm = 0.6411, lr_0 = 1.3884e-04
Validation rmse = 29.742164
Epoch 45
Loss = 1.9646e-02, PNorm = 113.3888, GNorm = 0.3997, lr_0 = 1.3884e-04
Loss = 1.6906e-02, PNorm = 113.4013, GNorm = 0.7574, lr_0 = 1.3884e-04
Loss = 1.4192e-02, PNorm = 113.4139, GNorm = 0.8478, lr_0 = 1.3884e-04
Loss = 1.1451e-02, PNorm = 113.4250, GNorm = 0.3893, lr_0 = 1.3884e-04
Loss = 3.4952e-02, PNorm = 113.4377, GNorm = 1.0372, lr_0 = 1.3884e-04
Loss = 2.9169e-02, PNorm = 113.4662, GNorm = 1.5044, lr_0 = 1.3884e-04
Loss = 3.5013e-02, PNorm = 113.4937, GNorm = 0.7500, lr_0 = 1.3884e-04
Loss = 2.9139e-02, PNorm = 113.5222, GNorm = 0.4201, lr_0 = 1.3884e-04
Loss = 2.1975e-02, PNorm = 113.5439, GNorm = 0.5202, lr_0 = 1.3884e-04
Loss = 1.8614e-02, PNorm = 113.5640, GNorm = 0.5465, lr_0 = 1.3884e-04
Loss = 1.4719e-02, PNorm = 113.5783, GNorm = 0.3025, lr_0 = 1.3884e-04
Loss = 1.8024e-02, PNorm = 113.5924, GNorm = 0.4386, lr_0 = 1.3884e-04
Loss = 1.8086e-02, PNorm = 113.6064, GNorm = 0.5646, lr_0 = 1.3884e-04
Loss = 3.0028e-02, PNorm = 113.6245, GNorm = 0.4999, lr_0 = 1.3884e-04
Loss = 2.7487e-02, PNorm = 113.6452, GNorm = 1.0862, lr_0 = 1.3884e-04
Loss = 2.5150e-02, PNorm = 113.6666, GNorm = 1.0180, lr_0 = 1.3884e-04
Loss = 2.6803e-02, PNorm = 113.6804, GNorm = 0.6808, lr_0 = 1.3884e-04
Loss = 1.9709e-02, PNorm = 113.6972, GNorm = 0.5354, lr_0 = 1.3884e-04
Loss = 1.6459e-02, PNorm = 113.7103, GNorm = 0.3812, lr_0 = 1.3884e-04
Loss = 2.0926e-02, PNorm = 113.7247, GNorm = 0.4203, lr_0 = 1.3884e-04
Loss = 2.0800e-02, PNorm = 113.7408, GNorm = 0.6729, lr_0 = 1.3884e-04
Loss = 1.9508e-02, PNorm = 113.7577, GNorm = 0.2441, lr_0 = 1.3884e-04
Validation rmse = 30.079941
Epoch 46
Loss = 1.2625e-02, PNorm = 113.7722, GNorm = 0.1749, lr_0 = 1.3884e-04
Loss = 1.2274e-02, PNorm = 113.7823, GNorm = 0.1782, lr_0 = 1.3884e-04
Loss = 9.2692e-03, PNorm = 113.7897, GNorm = 0.2787, lr_0 = 1.3884e-04
Loss = 1.2501e-02, PNorm = 113.7963, GNorm = 0.4036, lr_0 = 1.3884e-04
Loss = 1.5600e-02, PNorm = 113.8031, GNorm = 0.1911, lr_0 = 1.3884e-04
Loss = 1.7476e-02, PNorm = 113.8128, GNorm = 0.2705, lr_0 = 1.3884e-04
Loss = 1.4529e-02, PNorm = 113.8245, GNorm = 0.4042, lr_0 = 1.3884e-04
Loss = 1.4983e-02, PNorm = 113.8330, GNorm = 0.2189, lr_0 = 1.3884e-04
Loss = 1.4597e-02, PNorm = 113.8400, GNorm = 0.5615, lr_0 = 1.3884e-04
Loss = 1.3201e-02, PNorm = 113.8478, GNorm = 0.4041, lr_0 = 1.3884e-04
Loss = 1.1730e-02, PNorm = 113.8587, GNorm = 0.3597, lr_0 = 1.3884e-04
Loss = 1.5223e-02, PNorm = 113.8691, GNorm = 0.2828, lr_0 = 1.3884e-04
Loss = 1.4216e-02, PNorm = 113.8783, GNorm = 0.4407, lr_0 = 1.3884e-04
Loss = 1.1004e-02, PNorm = 113.8881, GNorm = 0.2005, lr_0 = 1.3884e-04
Loss = 1.5401e-02, PNorm = 113.8977, GNorm = 0.1899, lr_0 = 1.3884e-04
Loss = 1.6229e-02, PNorm = 113.9075, GNorm = 0.2420, lr_0 = 1.3884e-04
Loss = 1.6452e-02, PNorm = 113.9169, GNorm = 0.3558, lr_0 = 1.3884e-04
Loss = 1.5402e-02, PNorm = 113.9258, GNorm = 0.2990, lr_0 = 1.3884e-04
Loss = 1.4016e-02, PNorm = 113.9349, GNorm = 0.3769, lr_0 = 1.3884e-04
Loss = 1.6629e-02, PNorm = 113.9460, GNorm = 0.6002, lr_0 = 1.3884e-04
Loss = 1.2725e-02, PNorm = 113.9553, GNorm = 0.5118, lr_0 = 1.3884e-04
Loss = 1.0265e-02, PNorm = 113.9614, GNorm = 0.2906, lr_0 = 1.3884e-04
Validation rmse = 27.975827
Epoch 47
Loss = 9.5932e-03, PNorm = 113.9686, GNorm = 0.3674, lr_0 = 1.3884e-04
Loss = 8.8124e-03, PNorm = 113.9762, GNorm = 0.1773, lr_0 = 1.3884e-04
Loss = 1.0862e-02, PNorm = 113.9822, GNorm = 0.2697, lr_0 = 1.3884e-04
Loss = 9.8610e-03, PNorm = 113.9895, GNorm = 0.1716, lr_0 = 1.3884e-04
Loss = 1.1344e-02, PNorm = 113.9976, GNorm = 0.3481, lr_0 = 1.3884e-04
Loss = 1.1842e-02, PNorm = 114.0010, GNorm = 0.3709, lr_0 = 1.3884e-04
Loss = 1.2072e-02, PNorm = 114.0089, GNorm = 0.4041, lr_0 = 1.3884e-04
Loss = 1.2180e-02, PNorm = 114.0162, GNorm = 0.2416, lr_0 = 1.3884e-04
Loss = 1.1460e-02, PNorm = 114.0254, GNorm = 0.5033, lr_0 = 1.3884e-04
Loss = 1.0103e-02, PNorm = 114.0323, GNorm = 0.2619, lr_0 = 1.3884e-04
Loss = 9.5884e-03, PNorm = 114.0412, GNorm = 0.2103, lr_0 = 1.3884e-04
Loss = 1.0952e-02, PNorm = 114.0508, GNorm = 0.1760, lr_0 = 1.3884e-04
Loss = 1.2991e-02, PNorm = 114.0587, GNorm = 0.2671, lr_0 = 1.3884e-04
Loss = 1.4610e-02, PNorm = 114.0685, GNorm = 0.4734, lr_0 = 1.3884e-04
Loss = 1.2458e-02, PNorm = 114.0765, GNorm = 0.9276, lr_0 = 1.3884e-04
Loss = 1.4851e-02, PNorm = 114.0838, GNorm = 0.3119, lr_0 = 1.3884e-04
Loss = 1.1175e-02, PNorm = 114.0908, GNorm = 0.4793, lr_0 = 1.3884e-04
Loss = 1.7849e-02, PNorm = 114.1000, GNorm = 1.2425, lr_0 = 1.3884e-04
Loss = 1.6927e-02, PNorm = 114.1140, GNorm = 0.7102, lr_0 = 1.3884e-04
Loss = 1.5966e-02, PNorm = 114.1263, GNorm = 0.5484, lr_0 = 1.3884e-04
Loss = 1.5298e-02, PNorm = 114.1370, GNorm = 0.4265, lr_0 = 1.3884e-04
Loss = 1.1632e-02, PNorm = 114.1460, GNorm = 0.2588, lr_0 = 1.3884e-04
Validation rmse = 28.795797
Epoch 48
Loss = 9.6205e-03, PNorm = 114.1562, GNorm = 0.2964, lr_0 = 1.3884e-04
Loss = 9.3559e-03, PNorm = 114.1645, GNorm = 0.6485, lr_0 = 1.3884e-04
Loss = 1.1823e-02, PNorm = 114.1746, GNorm = 0.9741, lr_0 = 1.3884e-04
Loss = 1.1020e-02, PNorm = 114.1807, GNorm = 0.6528, lr_0 = 1.3884e-04
Loss = 1.2675e-02, PNorm = 114.1885, GNorm = 0.2776, lr_0 = 1.3884e-04
Loss = 1.7839e-02, PNorm = 114.1993, GNorm = 0.3012, lr_0 = 1.3884e-04
Loss = 1.5849e-02, PNorm = 114.2130, GNorm = 0.7023, lr_0 = 1.3884e-04
Loss = 1.5017e-02, PNorm = 114.2241, GNorm = 0.2230, lr_0 = 1.3884e-04
Loss = 1.8202e-02, PNorm = 114.2372, GNorm = 0.3633, lr_0 = 1.3884e-04
Loss = 1.2490e-02, PNorm = 114.2466, GNorm = 0.2395, lr_0 = 1.3884e-04
Loss = 1.0927e-02, PNorm = 114.2548, GNorm = 0.3296, lr_0 = 1.3884e-04
Loss = 1.3434e-02, PNorm = 114.2624, GNorm = 0.2968, lr_0 = 1.3884e-04
Loss = 1.3746e-02, PNorm = 114.2710, GNorm = 0.3353, lr_0 = 1.3884e-04
Loss = 1.4247e-02, PNorm = 114.2798, GNorm = 0.4506, lr_0 = 1.3884e-04
Loss = 1.3599e-02, PNorm = 114.2894, GNorm = 0.2454, lr_0 = 1.3884e-04
Loss = 1.1909e-02, PNorm = 114.2997, GNorm = 0.3643, lr_0 = 1.3884e-04
Loss = 1.2385e-02, PNorm = 114.3069, GNorm = 0.4633, lr_0 = 1.3884e-04
Loss = 1.4770e-02, PNorm = 114.3146, GNorm = 0.2830, lr_0 = 1.3884e-04
Loss = 1.0383e-02, PNorm = 114.3227, GNorm = 0.3794, lr_0 = 1.3884e-04
Loss = 1.0003e-02, PNorm = 114.3278, GNorm = 0.3292, lr_0 = 1.3884e-04
Loss = 1.1442e-02, PNorm = 114.3330, GNorm = 0.1876, lr_0 = 1.3884e-04
Loss = 8.7671e-03, PNorm = 114.3390, GNorm = 0.2530, lr_0 = 1.3884e-04
Validation rmse = 27.839299
Epoch 49
Loss = 1.2011e-02, PNorm = 114.3468, GNorm = 0.2672, lr_0 = 1.3884e-04
Loss = 1.0530e-02, PNorm = 114.3532, GNorm = 0.2277, lr_0 = 1.3884e-04
Loss = 8.8630e-03, PNorm = 114.3608, GNorm = 0.5474, lr_0 = 1.3884e-04
Loss = 1.2089e-02, PNorm = 114.3708, GNorm = 0.1993, lr_0 = 1.3884e-04
Loss = 1.2988e-02, PNorm = 114.3798, GNorm = 0.2241, lr_0 = 1.3884e-04
Loss = 1.3973e-02, PNorm = 114.3963, GNorm = 0.3197, lr_0 = 1.3884e-04
Loss = 1.0959e-02, PNorm = 114.4084, GNorm = 0.5894, lr_0 = 1.3884e-04
Loss = 1.4445e-02, PNorm = 114.4168, GNorm = 0.5058, lr_0 = 1.3884e-04
Loss = 1.4926e-02, PNorm = 114.4309, GNorm = 0.2052, lr_0 = 1.3884e-04
Loss = 1.0805e-02, PNorm = 114.4402, GNorm = 0.9137, lr_0 = 1.3884e-04
Loss = 1.3691e-02, PNorm = 114.4486, GNorm = 0.9070, lr_0 = 1.3884e-04
Loss = 1.6214e-02, PNorm = 114.4600, GNorm = 0.5146, lr_0 = 1.3884e-04
Loss = 1.4277e-02, PNorm = 114.4710, GNorm = 0.4982, lr_0 = 1.3884e-04
Loss = 1.5826e-02, PNorm = 114.4813, GNorm = 0.3311, lr_0 = 1.3884e-04
Loss = 1.0268e-02, PNorm = 114.4900, GNorm = 0.1754, lr_0 = 1.3884e-04
Loss = 9.5242e-03, PNorm = 114.4977, GNorm = 0.4446, lr_0 = 1.3884e-04
Loss = 1.2696e-02, PNorm = 114.5058, GNorm = 0.2996, lr_0 = 1.3884e-04
Loss = 1.1888e-02, PNorm = 114.5166, GNorm = 0.6701, lr_0 = 1.3884e-04
Loss = 1.2463e-02, PNorm = 114.5278, GNorm = 0.1792, lr_0 = 1.3884e-04
Loss = 1.2049e-02, PNorm = 114.5377, GNorm = 0.3333, lr_0 = 1.3884e-04
Loss = 1.4214e-02, PNorm = 114.5470, GNorm = 0.6850, lr_0 = 1.3884e-04
Loss = 1.3694e-02, PNorm = 114.5538, GNorm = 0.2752, lr_0 = 1.3884e-04
Validation rmse = 28.768463
Model 0 best validation rmse = 27.839299 on epoch 48
Loading pretrained parameter "encoder.encoder.0.cached_zero_vector".
Loading pretrained parameter "encoder.encoder.0.W_i.weight".
Loading pretrained parameter "encoder.encoder.0.W_h.weight".
Loading pretrained parameter "encoder.encoder.0.W_o.weight".
Loading pretrained parameter "encoder.encoder.0.W_o.bias".
Loading pretrained parameter "encoder.encoder.1.cached_zero_vector".
Loading pretrained parameter "encoder.encoder.1.W_i.weight".
Loading pretrained parameter "encoder.encoder.1.W_h.weight".
Loading pretrained parameter "encoder.encoder.1.W_o.weight".
Loading pretrained parameter "encoder.encoder.1.W_o.bias".
Loading pretrained parameter "ffn.1.weight".
Loading pretrained parameter "ffn.1.bias".
Loading pretrained parameter "ffn.4.weight".
Loading pretrained parameter "ffn.4.bias".
Moving model to cuda
Model 0 test rmse = 26.982941
Ensemble test rmse = 26.982941
1-fold cross validation
	Seed 0 ==> test rmse = 26.982941
Overall test rmse = 26.982941 +/- 0.000000
Elapsed time = 0:45:51
