Command line
python /home/kpg/chemprop/train.py --data_path ../../../data/splits/lambda_max_abs/deep4chem/group_by_smiles/smiles_target_train.csv --dataset_type regression --save_dir /home/kimele03/uvvisml/uvvisml/models/log_lifetime_checkpoints/scaffold/results/507324/49668945 --config_path /home/kimele03/uvvisml/uvvisml/models/log_lifetime_checkpoints/scaffold/results/507324/49668945/hyperopt.json --metric rmse --epochs 50 --gpu 0 --ensemble_size 1 --separate_val_path ../../../data/splits/lambda_max_abs/deep4chem/group_by_smiles/smiles_target_val.csv --separate_test_path ../../../data/splits/lambda_max_abs/deep4chem/group_by_smiles/smiles_target_test.csv --number_of_molecules 2
Args
{'activation': 'ReLU',
 'aggregation': 'mean',
 'aggregation_norm': 100,
 'atom_descriptor_scaling': True,
 'atom_descriptors': None,
 'atom_descriptors_path': None,
 'atom_descriptors_size': 0,
 'atom_features_size': 0,
 'atom_messages': False,
 'batch_size': 56,
 'bias': False,
 'bond_feature_scaling': True,
 'bond_features_path': None,
 'bond_features_size': 0,
 'cache_cutoff': 10000,
 'checkpoint_dir': None,
 'checkpoint_frzn': None,
 'checkpoint_path': None,
 'checkpoint_paths': None,
 'class_balance': False,
 'config_path': '/home/kimele03/uvvisml/uvvisml/models/log_lifetime_checkpoints/scaffold/results/507324/49668945/hyperopt.json',
 'crossval_index_dir': None,
 'crossval_index_file': None,
 'crossval_index_sets': None,
 'cuda': True,
 'data_path': '../../../data/splits/lambda_max_abs/deep4chem/group_by_smiles/smiles_target_train.csv',
 'data_weights_path': None,
 'dataset_type': 'regression',
 'depth': 4,
 'device': device(type='cuda', index=0),
 'dropout': 0.08609152556123903,
 'empty_cache': False,
 'ensemble_size': 1,
 'epochs': 50,
 'explicit_h': False,
 'extra_metrics': [],
 'features_generator': None,
 'features_only': False,
 'features_path': None,
 'features_scaling': True,
 'features_size': None,
 'ffn_hidden_size': 1257,
 'ffn_num_layers': 3,
 'final_lr': 5.613379951259682e-09,
 'folds_file': None,
 'freeze_first_only': False,
 'frzn_ffn_layers': 0,
 'gpu': 0,
 'grad_clip': None,
 'hidden_size': 1740,
 'ignore_columns': None,
 'init_lr': 1.2982643838792988e-06,
 'log_frequency': 10,
 'max_data_size': None,
 'max_lr': 3.321362901733817e-06,
 'metric': 'rmse',
 'metrics': ['rmse'],
 'minimize_score': True,
 'mpn_shared': False,
 'multiclass_num_classes': 3,
 'no_atom_descriptor_scaling': False,
 'no_bond_features_scaling': False,
 'no_cache_mol': False,
 'no_cuda': False,
 'no_features_scaling': False,
 'num_folds': 1,
 'num_lrs': 1,
 'num_tasks': 1,
 'num_workers': 8,
 'number_of_molecules': 2,
 'overwrite_default_atom_features': False,
 'overwrite_default_bond_features': False,
 'pytorch_seed': 0,
 'quiet': False,
 'reaction': False,
 'reaction_mode': 'reac_diff',
 'resume_experiment': False,
 'save_dir': '/home/kimele03/uvvisml/uvvisml/models/log_lifetime_checkpoints/scaffold/results/507324/49668945',
 'save_preds': False,
 'save_smiles_splits': False,
 'seed': 0,
 'separate_test_atom_descriptors_path': None,
 'separate_test_bond_features_path': None,
 'separate_test_features_path': None,
 'separate_test_path': '../../../data/splits/lambda_max_abs/deep4chem/group_by_smiles/smiles_target_test.csv',
 'separate_val_atom_descriptors_path': None,
 'separate_val_bond_features_path': None,
 'separate_val_features_path': None,
 'separate_val_path': '../../../data/splits/lambda_max_abs/deep4chem/group_by_smiles/smiles_target_val.csv',
 'show_individual_scores': False,
 'smiles_columns': ['smiles', 'solvent'],
 'split_sizes': (0.8, 0.1, 0.1),
 'split_type': 'random',
 'target_columns': None,
 'target_weights': None,
 'task_names': ['peakwavs_max'],
 'test': False,
 'test_fold_index': None,
 'train_data_size': None,
 'undirected': False,
 'use_input_features': False,
 'val_fold_index': None,
 'warmup_epochs': 6}
Loading data
Number of tasks = 1
Fold 0
Splitting data with seed 0
Total size = 13,242 | train size = 13,242 | val size = 1,633 | test size = 1,710
Fitting scaler
Building model 0
MoleculeModel(
  (encoder): MPN(
    (encoder): ModuleList(
      (0): MPNEncoder(
        (dropout_layer): Dropout(p=0.08609152556123903, inplace=False)
        (act_func): ReLU()
        (W_i): Linear(in_features=147, out_features=1740, bias=False)
        (W_h): Linear(in_features=1740, out_features=1740, bias=False)
        (W_o): Linear(in_features=1873, out_features=1740, bias=True)
      )
      (1): MPNEncoder(
        (dropout_layer): Dropout(p=0.08609152556123903, inplace=False)
        (act_func): ReLU()
        (W_i): Linear(in_features=147, out_features=1740, bias=False)
        (W_h): Linear(in_features=1740, out_features=1740, bias=False)
        (W_o): Linear(in_features=1873, out_features=1740, bias=True)
      )
    )
  )
  (ffn): Sequential(
    (0): Dropout(p=0.08609152556123903, inplace=False)
    (1): Linear(in_features=3480, out_features=1257, bias=True)
    (2): ReLU()
    (3): Dropout(p=0.08609152556123903, inplace=False)
    (4): Linear(in_features=1257, out_features=1257, bias=True)
    (5): ReLU()
    (6): Dropout(p=0.08609152556123903, inplace=False)
    (7): Linear(in_features=1257, out_features=1, bias=True)
  )
)
Number of parameters = 19,049,941
Moving model to cuda
Epoch 0
Loss = 1.2416e+00, PNorm = 103.6431, GNorm = 3.8404, lr_0 = 1.3140e-06
Loss = 9.0998e-01, PNorm = 103.6431, GNorm = 2.6811, lr_0 = 1.3283e-06
Loss = 9.3166e-01, PNorm = 103.6431, GNorm = 3.7876, lr_0 = 1.3426e-06
Loss = 9.3163e-01, PNorm = 103.6431, GNorm = 3.4078, lr_0 = 1.3568e-06
Loss = 1.2352e+00, PNorm = 103.6431, GNorm = 3.8620, lr_0 = 1.3711e-06
Loss = 1.0084e+00, PNorm = 103.6431, GNorm = 2.7645, lr_0 = 1.3854e-06
Loss = 1.0120e+00, PNorm = 103.6431, GNorm = 3.8137, lr_0 = 1.3997e-06
Loss = 8.7987e-01, PNorm = 103.6431, GNorm = 3.2137, lr_0 = 1.4140e-06
Loss = 8.5411e-01, PNorm = 103.6432, GNorm = 7.1383, lr_0 = 1.4283e-06
Loss = 8.9026e-01, PNorm = 103.6432, GNorm = 4.7546, lr_0 = 1.4426e-06
Loss = 9.6052e-01, PNorm = 103.6432, GNorm = 3.1045, lr_0 = 1.4569e-06
Loss = 9.2263e-01, PNorm = 103.6432, GNorm = 3.7403, lr_0 = 1.4711e-06
Loss = 1.1179e+00, PNorm = 103.6433, GNorm = 7.0568, lr_0 = 1.4854e-06
Loss = 8.0937e-01, PNorm = 103.6433, GNorm = 6.1496, lr_0 = 1.4997e-06
Loss = 1.0543e+00, PNorm = 103.6433, GNorm = 3.3241, lr_0 = 1.5140e-06
Loss = 8.4097e-01, PNorm = 103.6434, GNorm = 3.7069, lr_0 = 1.5283e-06
Loss = 9.8363e-01, PNorm = 103.6434, GNorm = 4.2790, lr_0 = 1.5426e-06
Loss = 9.6518e-01, PNorm = 103.6434, GNorm = 3.9673, lr_0 = 1.5569e-06
Loss = 9.3224e-01, PNorm = 103.6435, GNorm = 3.9699, lr_0 = 1.5712e-06
Loss = 9.9213e-01, PNorm = 103.6435, GNorm = 4.6740, lr_0 = 1.5854e-06
Loss = 9.2325e-01, PNorm = 103.6436, GNorm = 2.9246, lr_0 = 1.5997e-06
Loss = 9.1284e-01, PNorm = 103.6437, GNorm = 4.9669, lr_0 = 1.6140e-06
Loss = 7.0021e-01, PNorm = 103.6437, GNorm = 3.3548, lr_0 = 1.6283e-06
Validation rmse = 96.503551
Epoch 1
Loss = 1.0743e+00, PNorm = 103.6438, GNorm = 4.6128, lr_0 = 1.6440e-06
Loss = 8.8442e-01, PNorm = 103.6439, GNorm = 3.9569, lr_0 = 1.6583e-06
Loss = 9.8449e-01, PNorm = 103.6439, GNorm = 5.7264, lr_0 = 1.6726e-06
Loss = 9.1646e-01, PNorm = 103.6440, GNorm = 3.4348, lr_0 = 1.6869e-06
Loss = 7.9563e-01, PNorm = 103.6441, GNorm = 3.4889, lr_0 = 1.7012e-06
Loss = 7.8369e-01, PNorm = 103.6441, GNorm = 3.6578, lr_0 = 1.7155e-06
Loss = 9.3241e-01, PNorm = 103.6442, GNorm = 2.9939, lr_0 = 1.7297e-06
Loss = 8.1891e-01, PNorm = 103.6443, GNorm = 2.7282, lr_0 = 1.7440e-06
Loss = 8.2619e-01, PNorm = 103.6444, GNorm = 4.6229, lr_0 = 1.7583e-06
Loss = 8.8686e-01, PNorm = 103.6445, GNorm = 3.3674, lr_0 = 1.7726e-06
Loss = 7.8864e-01, PNorm = 103.6446, GNorm = 3.6318, lr_0 = 1.7869e-06
Loss = 7.8496e-01, PNorm = 103.6447, GNorm = 10.4589, lr_0 = 1.8012e-06
Loss = 7.7383e-01, PNorm = 103.6448, GNorm = 6.5921, lr_0 = 1.8155e-06
Loss = 7.2622e-01, PNorm = 103.6448, GNorm = 5.2515, lr_0 = 1.8298e-06
Loss = 8.9064e-01, PNorm = 103.6449, GNorm = 4.4183, lr_0 = 1.8440e-06
Loss = 7.9316e-01, PNorm = 103.6450, GNorm = 3.3290, lr_0 = 1.8583e-06
Loss = 8.1652e-01, PNorm = 103.6451, GNorm = 3.0982, lr_0 = 1.8726e-06
Loss = 7.8594e-01, PNorm = 103.6452, GNorm = 5.2994, lr_0 = 1.8869e-06
Loss = 9.6101e-01, PNorm = 103.6453, GNorm = 4.6982, lr_0 = 1.9012e-06
Loss = 7.6266e-01, PNorm = 103.6454, GNorm = 2.3547, lr_0 = 1.9155e-06
Loss = 7.7753e-01, PNorm = 103.6455, GNorm = 3.2996, lr_0 = 1.9298e-06
Loss = 8.4484e-01, PNorm = 103.6456, GNorm = 3.8422, lr_0 = 1.9441e-06
Loss = 7.6413e-01, PNorm = 103.6457, GNorm = 2.7796, lr_0 = 1.9583e-06
Loss = 8.3726e-01, PNorm = 103.6458, GNorm = 3.5814, lr_0 = 1.9726e-06
Validation rmse = 88.768542
Epoch 2
Loss = 8.0687e-01, PNorm = 103.6459, GNorm = 2.3388, lr_0 = 1.9883e-06
Loss = 8.1336e-01, PNorm = 103.6461, GNorm = 8.6990, lr_0 = 2.0026e-06
Loss = 7.2871e-01, PNorm = 103.6462, GNorm = 6.0748, lr_0 = 2.0169e-06
Loss = 7.2894e-01, PNorm = 103.6463, GNorm = 3.5298, lr_0 = 2.0312e-06
Loss = 7.3363e-01, PNorm = 103.6463, GNorm = 4.0249, lr_0 = 2.0455e-06
Loss = 7.6238e-01, PNorm = 103.6464, GNorm = 3.2115, lr_0 = 2.0598e-06
Loss = 8.1194e-01, PNorm = 103.6465, GNorm = 5.2369, lr_0 = 2.0741e-06
Loss = 6.9938e-01, PNorm = 103.6466, GNorm = 3.8975, lr_0 = 2.0884e-06
Loss = 6.4137e-01, PNorm = 103.6467, GNorm = 4.7810, lr_0 = 2.1026e-06
Loss = 8.0052e-01, PNorm = 103.6468, GNorm = 3.0833, lr_0 = 2.1169e-06
Loss = 7.8892e-01, PNorm = 103.6470, GNorm = 3.4702, lr_0 = 2.1312e-06
Loss = 7.1971e-01, PNorm = 103.6471, GNorm = 3.2023, lr_0 = 2.1455e-06
Loss = 8.4028e-01, PNorm = 103.6472, GNorm = 3.4870, lr_0 = 2.1598e-06
Loss = 7.7547e-01, PNorm = 103.6473, GNorm = 4.1910, lr_0 = 2.1741e-06
Loss = 6.2133e-01, PNorm = 103.6474, GNorm = 3.9514, lr_0 = 2.1884e-06
Loss = 6.8287e-01, PNorm = 103.6475, GNorm = 2.8742, lr_0 = 2.2027e-06
Loss = 8.5926e-01, PNorm = 103.6477, GNorm = 8.5875, lr_0 = 2.2169e-06
Loss = 6.7297e-01, PNorm = 103.6478, GNorm = 3.6175, lr_0 = 2.2312e-06
Loss = 9.0698e-01, PNorm = 103.6480, GNorm = 3.6375, lr_0 = 2.2455e-06
Loss = 6.9439e-01, PNorm = 103.6481, GNorm = 3.9240, lr_0 = 2.2598e-06
Loss = 7.3494e-01, PNorm = 103.6482, GNorm = 6.7345, lr_0 = 2.2741e-06
Loss = 7.3378e-01, PNorm = 103.6483, GNorm = 13.9587, lr_0 = 2.2884e-06
Loss = 6.9544e-01, PNorm = 103.6484, GNorm = 3.1063, lr_0 = 2.3027e-06
Validation rmse = 86.790201
Epoch 3
Loss = 6.0605e-01, PNorm = 103.6486, GNorm = 15.1646, lr_0 = 2.3170e-06
Loss = 6.2360e-01, PNorm = 103.6487, GNorm = 3.8735, lr_0 = 2.3312e-06
Loss = 7.1915e-01, PNorm = 103.6488, GNorm = 6.8840, lr_0 = 2.3455e-06
Loss = 6.3937e-01, PNorm = 103.6489, GNorm = 3.4829, lr_0 = 2.3598e-06
Loss = 7.5752e-01, PNorm = 103.6490, GNorm = 3.7957, lr_0 = 2.3741e-06
Loss = 7.2428e-01, PNorm = 103.6492, GNorm = 4.3457, lr_0 = 2.3884e-06
Loss = 7.2567e-01, PNorm = 103.6493, GNorm = 9.7051, lr_0 = 2.4027e-06
Loss = 7.7159e-01, PNorm = 103.6496, GNorm = 8.5907, lr_0 = 2.4170e-06
Loss = 7.2380e-01, PNorm = 103.6497, GNorm = 2.7992, lr_0 = 2.4313e-06
Loss = 7.2367e-01, PNorm = 103.6499, GNorm = 12.4638, lr_0 = 2.4455e-06
Loss = 7.5091e-01, PNorm = 103.6501, GNorm = 3.8597, lr_0 = 2.4598e-06
Loss = 6.4969e-01, PNorm = 103.6502, GNorm = 9.8000, lr_0 = 2.4741e-06
Loss = 8.2015e-01, PNorm = 103.6503, GNorm = 16.9892, lr_0 = 2.4884e-06
Loss = 6.7866e-01, PNorm = 103.6505, GNorm = 5.1598, lr_0 = 2.5027e-06
Loss = 6.1128e-01, PNorm = 103.6506, GNorm = 6.7062, lr_0 = 2.5170e-06
Loss = 6.7108e-01, PNorm = 103.6507, GNorm = 11.6657, lr_0 = 2.5313e-06
Loss = 6.5175e-01, PNorm = 103.6508, GNorm = 3.6632, lr_0 = 2.5456e-06
Loss = 5.6902e-01, PNorm = 103.6510, GNorm = 7.1214, lr_0 = 2.5598e-06
Loss = 5.8269e-01, PNorm = 103.6511, GNorm = 6.2162, lr_0 = 2.5741e-06
Loss = 6.7501e-01, PNorm = 103.6513, GNorm = 3.5158, lr_0 = 2.5884e-06
Loss = 6.9447e-01, PNorm = 103.6514, GNorm = 2.3344, lr_0 = 2.6027e-06
Loss = 6.8014e-01, PNorm = 103.6515, GNorm = 6.3910, lr_0 = 2.6170e-06
Loss = 6.9741e-01, PNorm = 103.6517, GNorm = 3.4504, lr_0 = 2.6313e-06
Loss = 7.2132e-01, PNorm = 103.6518, GNorm = 3.4679, lr_0 = 2.6456e-06
Validation rmse = 84.178763
Epoch 4
Loss = 7.2515e-01, PNorm = 103.6519, GNorm = 6.4826, lr_0 = 2.6613e-06
Loss = 7.6517e-01, PNorm = 103.6521, GNorm = 3.9579, lr_0 = 2.6756e-06
Loss = 6.4672e-01, PNorm = 103.6523, GNorm = 3.1517, lr_0 = 2.6899e-06
Loss = 6.7440e-01, PNorm = 103.6525, GNorm = 8.2570, lr_0 = 2.7041e-06
Loss = 6.7221e-01, PNorm = 103.6527, GNorm = 3.8679, lr_0 = 2.7184e-06
Loss = 6.1395e-01, PNorm = 103.6528, GNorm = 8.6495, lr_0 = 2.7327e-06
Loss = 6.8605e-01, PNorm = 103.6530, GNorm = 6.8026, lr_0 = 2.7470e-06
Loss = 6.8361e-01, PNorm = 103.6532, GNorm = 8.6714, lr_0 = 2.7613e-06
Loss = 7.5287e-01, PNorm = 103.6534, GNorm = 17.2956, lr_0 = 2.7756e-06
Loss = 6.4146e-01, PNorm = 103.6536, GNorm = 3.1488, lr_0 = 2.7899e-06
Loss = 5.1358e-01, PNorm = 103.6537, GNorm = 4.1938, lr_0 = 2.8042e-06
Loss = 6.0195e-01, PNorm = 103.6539, GNorm = 12.4439, lr_0 = 2.8184e-06
Loss = 6.2205e-01, PNorm = 103.6540, GNorm = 4.0943, lr_0 = 2.8327e-06
Loss = 6.1138e-01, PNorm = 103.6542, GNorm = 3.9045, lr_0 = 2.8470e-06
Loss = 6.4595e-01, PNorm = 103.6544, GNorm = 4.9692, lr_0 = 2.8613e-06
Loss = 7.0901e-01, PNorm = 103.6545, GNorm = 9.2944, lr_0 = 2.8756e-06
Loss = 6.2894e-01, PNorm = 103.6547, GNorm = 3.1115, lr_0 = 2.8899e-06
Loss = 5.5758e-01, PNorm = 103.6549, GNorm = 6.2894, lr_0 = 2.9042e-06
Loss = 6.0135e-01, PNorm = 103.6551, GNorm = 7.0594, lr_0 = 2.9185e-06
Loss = 5.1990e-01, PNorm = 103.6552, GNorm = 3.7785, lr_0 = 2.9327e-06
Loss = 5.6394e-01, PNorm = 103.6554, GNorm = 9.8641, lr_0 = 2.9470e-06
Loss = 6.4986e-01, PNorm = 103.6556, GNorm = 4.9343, lr_0 = 2.9613e-06
Loss = 5.9532e-01, PNorm = 103.6559, GNorm = 13.9437, lr_0 = 2.9756e-06
Loss = 5.6485e-01, PNorm = 103.6561, GNorm = 7.1276, lr_0 = 2.9899e-06
Validation rmse = 81.728313
Epoch 5
Loss = 6.0125e-01, PNorm = 103.6564, GNorm = 4.5459, lr_0 = 3.0042e-06
Loss = 5.3167e-01, PNorm = 103.6566, GNorm = 16.3314, lr_0 = 3.0185e-06
Loss = 5.7820e-01, PNorm = 103.6567, GNorm = 2.9235, lr_0 = 3.0328e-06
Loss = 5.6910e-01, PNorm = 103.6569, GNorm = 5.1707, lr_0 = 3.0470e-06
Loss = 6.2730e-01, PNorm = 103.6571, GNorm = 6.8456, lr_0 = 3.0613e-06
Loss = 5.9343e-01, PNorm = 103.6573, GNorm = 4.3275, lr_0 = 3.0756e-06
Loss = 6.4628e-01, PNorm = 103.6576, GNorm = 4.3412, lr_0 = 3.0899e-06
Loss = 5.9546e-01, PNorm = 103.6578, GNorm = 3.0627, lr_0 = 3.1042e-06
Loss = 5.3392e-01, PNorm = 103.6580, GNorm = 13.6726, lr_0 = 3.1185e-06
Loss = 5.9202e-01, PNorm = 103.6582, GNorm = 6.2506, lr_0 = 3.1328e-06
Loss = 6.2758e-01, PNorm = 103.6585, GNorm = 11.3049, lr_0 = 3.1471e-06
Loss = 7.1109e-01, PNorm = 103.6588, GNorm = 6.4100, lr_0 = 3.1613e-06
Loss = 5.3779e-01, PNorm = 103.6591, GNorm = 26.1455, lr_0 = 3.1756e-06
Loss = 6.2065e-01, PNorm = 103.6593, GNorm = 8.0316, lr_0 = 3.1899e-06
Loss = 5.8190e-01, PNorm = 103.6595, GNorm = 7.6312, lr_0 = 3.2042e-06
Loss = 5.2048e-01, PNorm = 103.6598, GNorm = 3.1707, lr_0 = 3.2185e-06
Loss = 4.7799e-01, PNorm = 103.6599, GNorm = 11.3550, lr_0 = 3.2328e-06
Loss = 5.7388e-01, PNorm = 103.6601, GNorm = 16.0088, lr_0 = 3.2471e-06
Loss = 6.3834e-01, PNorm = 103.6604, GNorm = 6.7367, lr_0 = 3.2614e-06
Loss = 6.4444e-01, PNorm = 103.6607, GNorm = 15.7528, lr_0 = 3.2756e-06
Loss = 4.5145e-01, PNorm = 103.6609, GNorm = 16.3117, lr_0 = 3.2899e-06
Loss = 4.7766e-01, PNorm = 103.6611, GNorm = 9.8957, lr_0 = 3.3042e-06
Loss = 4.4821e-01, PNorm = 103.6613, GNorm = 9.8366, lr_0 = 3.3185e-06
Validation rmse = 77.110811
Epoch 6
Loss = 4.3593e-01, PNorm = 103.6615, GNorm = 4.5477, lr_0 = 3.3030e-06
Loss = 5.2690e-01, PNorm = 103.6617, GNorm = 5.3658, lr_0 = 3.2828e-06
Loss = 4.7226e-01, PNorm = 103.6619, GNorm = 2.4433, lr_0 = 3.2627e-06
Loss = 4.8891e-01, PNorm = 103.6621, GNorm = 4.7938, lr_0 = 3.2427e-06
Loss = 5.5257e-01, PNorm = 103.6623, GNorm = 5.8688, lr_0 = 3.2228e-06
Loss = 4.7690e-01, PNorm = 103.6626, GNorm = 2.5878, lr_0 = 3.2031e-06
Loss = 5.4326e-01, PNorm = 103.6628, GNorm = 6.3423, lr_0 = 3.1834e-06
Loss = 5.9687e-01, PNorm = 103.6630, GNorm = 6.6867, lr_0 = 3.1639e-06
Loss = 4.6365e-01, PNorm = 103.6632, GNorm = 13.8045, lr_0 = 3.1445e-06
Loss = 5.6698e-01, PNorm = 103.6635, GNorm = 11.4183, lr_0 = 3.1253e-06
Loss = 5.7429e-01, PNorm = 103.6638, GNorm = 22.0821, lr_0 = 3.1061e-06
Loss = 5.4403e-01, PNorm = 103.6640, GNorm = 27.9678, lr_0 = 3.0871e-06
Loss = 6.2210e-01, PNorm = 103.6642, GNorm = 7.7989, lr_0 = 3.0682e-06
Loss = 4.9463e-01, PNorm = 103.6645, GNorm = 27.3049, lr_0 = 3.0494e-06
Loss = 5.2466e-01, PNorm = 103.6646, GNorm = 11.2990, lr_0 = 3.0307e-06
Loss = 4.9554e-01, PNorm = 103.6649, GNorm = 16.0432, lr_0 = 3.0121e-06
Loss = 6.4540e-01, PNorm = 103.6651, GNorm = 14.6648, lr_0 = 2.9936e-06
Loss = 5.2587e-01, PNorm = 103.6653, GNorm = 18.2043, lr_0 = 2.9753e-06
Loss = 4.5411e-01, PNorm = 103.6654, GNorm = 16.6214, lr_0 = 2.9571e-06
Loss = 5.2301e-01, PNorm = 103.6656, GNorm = 15.4911, lr_0 = 2.9389e-06
Loss = 5.3748e-01, PNorm = 103.6658, GNorm = 19.2406, lr_0 = 2.9209e-06
Loss = 4.5421e-01, PNorm = 103.6660, GNorm = 11.2172, lr_0 = 2.9030e-06
Loss = 4.4514e-01, PNorm = 103.6662, GNorm = 3.4635, lr_0 = 2.8852e-06
Loss = 4.1193e-01, PNorm = 103.6663, GNorm = 13.4558, lr_0 = 2.8676e-06
Validation rmse = 76.916495
Epoch 7
Loss = 4.2100e-01, PNorm = 103.6664, GNorm = 10.4210, lr_0 = 2.8500e-06
Loss = 4.0610e-01, PNorm = 103.6666, GNorm = 3.7295, lr_0 = 2.8325e-06
Loss = 4.8857e-01, PNorm = 103.6668, GNorm = 6.9592, lr_0 = 2.8152e-06
Loss = 5.1397e-01, PNorm = 103.6670, GNorm = 5.9094, lr_0 = 2.7979e-06
Loss = 4.4183e-01, PNorm = 103.6672, GNorm = 3.1165, lr_0 = 2.7808e-06
Loss = 5.0213e-01, PNorm = 103.6673, GNorm = 7.1974, lr_0 = 2.7637e-06
Loss = 5.2033e-01, PNorm = 103.6675, GNorm = 5.2460, lr_0 = 2.7468e-06
Loss = 4.6881e-01, PNorm = 103.6676, GNorm = 6.9364, lr_0 = 2.7300e-06
Loss = 4.9993e-01, PNorm = 103.6678, GNorm = 5.1492, lr_0 = 2.7132e-06
Loss = 4.6059e-01, PNorm = 103.6680, GNorm = 14.0457, lr_0 = 2.6966e-06
Loss = 4.7202e-01, PNorm = 103.6682, GNorm = 11.7887, lr_0 = 2.6801e-06
Loss = 4.9076e-01, PNorm = 103.6684, GNorm = 15.6763, lr_0 = 2.6637e-06
Loss = 4.8956e-01, PNorm = 103.6686, GNorm = 12.6515, lr_0 = 2.6473e-06
Loss = 5.2278e-01, PNorm = 103.6687, GNorm = 7.6533, lr_0 = 2.6311e-06
Loss = 5.2345e-01, PNorm = 103.6689, GNorm = 5.4229, lr_0 = 2.6150e-06
Loss = 5.2443e-01, PNorm = 103.6691, GNorm = 5.8987, lr_0 = 2.5990e-06
Loss = 4.9971e-01, PNorm = 103.6693, GNorm = 8.0857, lr_0 = 2.5830e-06
Loss = 5.4183e-01, PNorm = 103.6694, GNorm = 5.1962, lr_0 = 2.5672e-06
Loss = 4.7391e-01, PNorm = 103.6696, GNorm = 4.9479, lr_0 = 2.5515e-06
Loss = 3.5817e-01, PNorm = 103.6698, GNorm = 2.8133, lr_0 = 2.5358e-06
Loss = 4.8516e-01, PNorm = 103.6699, GNorm = 11.5846, lr_0 = 2.5203e-06
Loss = 4.4013e-01, PNorm = 103.6700, GNorm = 4.3646, lr_0 = 2.5049e-06
Loss = 4.0226e-01, PNorm = 103.6701, GNorm = 9.0088, lr_0 = 2.4895e-06
Loss = 4.4502e-01, PNorm = 103.6703, GNorm = 6.3689, lr_0 = 2.4742e-06
Validation rmse = 72.884565
Epoch 8
Loss = 4.1673e-01, PNorm = 103.6704, GNorm = 8.0937, lr_0 = 2.4576e-06
Loss = 4.2687e-01, PNorm = 103.6705, GNorm = 3.5328, lr_0 = 2.4425e-06
Loss = 4.0956e-01, PNorm = 103.6706, GNorm = 6.7132, lr_0 = 2.4275e-06
Loss = 4.1484e-01, PNorm = 103.6708, GNorm = 4.8566, lr_0 = 2.4127e-06
Loss = 4.6740e-01, PNorm = 103.6709, GNorm = 25.3733, lr_0 = 2.3979e-06
Loss = 4.6610e-01, PNorm = 103.6711, GNorm = 5.4848, lr_0 = 2.3832e-06
Loss = 4.1756e-01, PNorm = 103.6713, GNorm = 3.1098, lr_0 = 2.3686e-06
Loss = 4.9412e-01, PNorm = 103.6714, GNorm = 15.3427, lr_0 = 2.3541e-06
Loss = 4.3706e-01, PNorm = 103.6716, GNorm = 5.7716, lr_0 = 2.3396e-06
Loss = 5.4538e-01, PNorm = 103.6717, GNorm = 11.2734, lr_0 = 2.3253e-06
Loss = 4.2696e-01, PNorm = 103.6719, GNorm = 5.6563, lr_0 = 2.3111e-06
Loss = 4.2728e-01, PNorm = 103.6720, GNorm = 8.3458, lr_0 = 2.2969e-06
Loss = 4.5332e-01, PNorm = 103.6722, GNorm = 7.1763, lr_0 = 2.2828e-06
Loss = 3.9264e-01, PNorm = 103.6723, GNorm = 3.7529, lr_0 = 2.2688e-06
Loss = 4.9171e-01, PNorm = 103.6724, GNorm = 13.3098, lr_0 = 2.2549e-06
Loss = 4.5534e-01, PNorm = 103.6726, GNorm = 10.4089, lr_0 = 2.2411e-06
Loss = 3.6364e-01, PNorm = 103.6727, GNorm = 7.6919, lr_0 = 2.2274e-06
Loss = 4.7477e-01, PNorm = 103.6728, GNorm = 15.3885, lr_0 = 2.2137e-06
Loss = 5.0134e-01, PNorm = 103.6730, GNorm = 5.3995, lr_0 = 2.2002e-06
Loss = 3.8747e-01, PNorm = 103.6731, GNorm = 8.1334, lr_0 = 2.1867e-06
Loss = 4.4637e-01, PNorm = 103.6732, GNorm = 11.1383, lr_0 = 2.1733e-06
Loss = 4.6526e-01, PNorm = 103.6733, GNorm = 4.7967, lr_0 = 2.1600e-06
Loss = 3.8324e-01, PNorm = 103.6734, GNorm = 3.5801, lr_0 = 2.1467e-06
Validation rmse = 73.606471
Epoch 9
Loss = 4.6210e-01, PNorm = 103.6735, GNorm = 35.8819, lr_0 = 2.1336e-06
Loss = 4.9315e-01, PNorm = 103.6736, GNorm = 3.6081, lr_0 = 2.1205e-06
Loss = 3.8692e-01, PNorm = 103.6737, GNorm = 4.3403, lr_0 = 2.1075e-06
Loss = 4.3274e-01, PNorm = 103.6738, GNorm = 21.6888, lr_0 = 2.0946e-06
Loss = 3.9767e-01, PNorm = 103.6739, GNorm = 4.4422, lr_0 = 2.0817e-06
Loss = 3.9292e-01, PNorm = 103.6741, GNorm = 12.1751, lr_0 = 2.0690e-06
Loss = 3.7938e-01, PNorm = 103.6741, GNorm = 6.3244, lr_0 = 2.0563e-06
Loss = 4.2501e-01, PNorm = 103.6742, GNorm = 4.7067, lr_0 = 2.0437e-06
Loss = 4.1592e-01, PNorm = 103.6743, GNorm = 10.8405, lr_0 = 2.0312e-06
Loss = 3.9555e-01, PNorm = 103.6744, GNorm = 5.3417, lr_0 = 2.0187e-06
Loss = 5.0751e-01, PNorm = 103.6745, GNorm = 19.1815, lr_0 = 2.0064e-06
Loss = 3.8304e-01, PNorm = 103.6746, GNorm = 17.4456, lr_0 = 1.9941e-06
Loss = 4.3718e-01, PNorm = 103.6747, GNorm = 9.3133, lr_0 = 1.9819e-06
Loss = 4.6413e-01, PNorm = 103.6748, GNorm = 13.6922, lr_0 = 1.9697e-06
Loss = 3.9469e-01, PNorm = 103.6749, GNorm = 2.9930, lr_0 = 1.9576e-06
Loss = 4.9884e-01, PNorm = 103.6750, GNorm = 15.5786, lr_0 = 1.9456e-06
Loss = 3.7235e-01, PNorm = 103.6751, GNorm = 17.1000, lr_0 = 1.9337e-06
Loss = 4.0455e-01, PNorm = 103.6752, GNorm = 4.2457, lr_0 = 1.9219e-06
Loss = 4.1790e-01, PNorm = 103.6753, GNorm = 3.4799, lr_0 = 1.9101e-06
Loss = 4.5004e-01, PNorm = 103.6754, GNorm = 10.7875, lr_0 = 1.8984e-06
Loss = 4.4469e-01, PNorm = 103.6756, GNorm = 18.6050, lr_0 = 1.8868e-06
Loss = 4.9630e-01, PNorm = 103.6757, GNorm = 3.8801, lr_0 = 1.8752e-06
Loss = 4.6150e-01, PNorm = 103.6758, GNorm = 12.5721, lr_0 = 1.8637e-06
Loss = 4.0362e-01, PNorm = 103.6758, GNorm = 4.5113, lr_0 = 1.8523e-06
Validation rmse = 70.559236
Epoch 10
Loss = 3.2561e-01, PNorm = 103.6759, GNorm = 13.4516, lr_0 = 1.8398e-06
Loss = 4.1172e-01, PNorm = 103.6760, GNorm = 4.9528, lr_0 = 1.8285e-06
Loss = 4.8407e-01, PNorm = 103.6761, GNorm = 8.4149, lr_0 = 1.8173e-06
Loss = 3.9936e-01, PNorm = 103.6762, GNorm = 8.6530, lr_0 = 1.8062e-06
Loss = 3.6106e-01, PNorm = 103.6763, GNorm = 16.0573, lr_0 = 1.7951e-06
Loss = 4.1788e-01, PNorm = 103.6764, GNorm = 8.4284, lr_0 = 1.7841e-06
Loss = 4.0220e-01, PNorm = 103.6764, GNorm = 15.6504, lr_0 = 1.7732e-06
Loss = 4.1919e-01, PNorm = 103.6765, GNorm = 21.2229, lr_0 = 1.7623e-06
Loss = 4.4528e-01, PNorm = 103.6766, GNorm = 16.7503, lr_0 = 1.7515e-06
Loss = 3.9756e-01, PNorm = 103.6767, GNorm = 6.8158, lr_0 = 1.7408e-06
Loss = 3.8535e-01, PNorm = 103.6768, GNorm = 24.6617, lr_0 = 1.7301e-06
Loss = 4.4024e-01, PNorm = 103.6769, GNorm = 6.7788, lr_0 = 1.7195e-06
Loss = 4.4111e-01, PNorm = 103.6770, GNorm = 7.9772, lr_0 = 1.7090e-06
Loss = 4.3938e-01, PNorm = 103.6771, GNorm = 10.4366, lr_0 = 1.6985e-06
Loss = 3.9967e-01, PNorm = 103.6772, GNorm = 12.6999, lr_0 = 1.6881e-06
Loss = 3.6829e-01, PNorm = 103.6773, GNorm = 11.4752, lr_0 = 1.6777e-06
Loss = 4.0984e-01, PNorm = 103.6774, GNorm = 13.3402, lr_0 = 1.6675e-06
Loss = 3.8551e-01, PNorm = 103.6775, GNorm = 4.6054, lr_0 = 1.6572e-06
Loss = 4.1621e-01, PNorm = 103.6775, GNorm = 5.1451, lr_0 = 1.6471e-06
Loss = 4.4818e-01, PNorm = 103.6776, GNorm = 14.6030, lr_0 = 1.6370e-06
Loss = 4.3570e-01, PNorm = 103.6777, GNorm = 20.0519, lr_0 = 1.6270e-06
Loss = 3.8777e-01, PNorm = 103.6778, GNorm = 24.3140, lr_0 = 1.6170e-06
Loss = 4.1089e-01, PNorm = 103.6779, GNorm = 8.8811, lr_0 = 1.6071e-06
Loss = 3.7619e-01, PNorm = 103.6779, GNorm = 2.5844, lr_0 = 1.5972e-06
Validation rmse = 70.493075
Epoch 11
Loss = 4.5850e-01, PNorm = 103.6780, GNorm = 10.5805, lr_0 = 1.5874e-06
Loss = 3.7487e-01, PNorm = 103.6781, GNorm = 16.6362, lr_0 = 1.5777e-06
Loss = 3.5627e-01, PNorm = 103.6781, GNorm = 15.3971, lr_0 = 1.5681e-06
Loss = 4.3518e-01, PNorm = 103.6782, GNorm = 7.0124, lr_0 = 1.5584e-06
Loss = 4.3298e-01, PNorm = 103.6783, GNorm = 7.1112, lr_0 = 1.5489e-06
Loss = 4.1318e-01, PNorm = 103.6783, GNorm = 10.0925, lr_0 = 1.5394e-06
Loss = 3.6248e-01, PNorm = 103.6784, GNorm = 4.8850, lr_0 = 1.5300e-06
Loss = 3.8356e-01, PNorm = 103.6785, GNorm = 5.5501, lr_0 = 1.5206e-06
Loss = 4.1849e-01, PNorm = 103.6786, GNorm = 8.0012, lr_0 = 1.5113e-06
Loss = 3.7777e-01, PNorm = 103.6787, GNorm = 4.0985, lr_0 = 1.5020e-06
Loss = 4.0502e-01, PNorm = 103.6787, GNorm = 11.2363, lr_0 = 1.4928e-06
Loss = 3.9202e-01, PNorm = 103.6788, GNorm = 10.3667, lr_0 = 1.4837e-06
Loss = 3.5049e-01, PNorm = 103.6789, GNorm = 6.3068, lr_0 = 1.4746e-06
Loss = 4.1354e-01, PNorm = 103.6789, GNorm = 12.7674, lr_0 = 1.4655e-06
Loss = 4.0683e-01, PNorm = 103.6790, GNorm = 18.8602, lr_0 = 1.4566e-06
Loss = 4.3424e-01, PNorm = 103.6791, GNorm = 5.5261, lr_0 = 1.4476e-06
Loss = 4.7271e-01, PNorm = 103.6792, GNorm = 12.1624, lr_0 = 1.4388e-06
Loss = 4.4329e-01, PNorm = 103.6793, GNorm = 15.9282, lr_0 = 1.4299e-06
Loss = 3.4299e-01, PNorm = 103.6793, GNorm = 11.5831, lr_0 = 1.4212e-06
Loss = 3.8509e-01, PNorm = 103.6794, GNorm = 3.0395, lr_0 = 1.4125e-06
Loss = 3.9432e-01, PNorm = 103.6794, GNorm = 4.4694, lr_0 = 1.4038e-06
Loss = 4.1223e-01, PNorm = 103.6794, GNorm = 14.0455, lr_0 = 1.3952e-06
Loss = 3.8961e-01, PNorm = 103.6795, GNorm = 4.2909, lr_0 = 1.3867e-06
Validation rmse = 69.080147
Epoch 12
Loss = 6.3320e-01, PNorm = 103.6796, GNorm = 24.0297, lr_0 = 1.3773e-06
Loss = 3.4825e-01, PNorm = 103.6797, GNorm = 7.5373, lr_0 = 1.3689e-06
Loss = 3.2879e-01, PNorm = 103.6797, GNorm = 7.3481, lr_0 = 1.3605e-06
Loss = 4.7304e-01, PNorm = 103.6798, GNorm = 8.7103, lr_0 = 1.3521e-06
Loss = 3.4492e-01, PNorm = 103.6798, GNorm = 3.3480, lr_0 = 1.3439e-06
Loss = 4.7347e-01, PNorm = 103.6799, GNorm = 8.4401, lr_0 = 1.3356e-06
Loss = 3.5630e-01, PNorm = 103.6800, GNorm = 15.9129, lr_0 = 1.3274e-06
Loss = 4.1907e-01, PNorm = 103.6800, GNorm = 8.5799, lr_0 = 1.3193e-06
Loss = 4.0124e-01, PNorm = 103.6801, GNorm = 17.9320, lr_0 = 1.3112e-06
Loss = 3.7416e-01, PNorm = 103.6801, GNorm = 23.2693, lr_0 = 1.3032e-06
Loss = 4.2036e-01, PNorm = 103.6802, GNorm = 6.1347, lr_0 = 1.2952e-06
Loss = 3.4315e-01, PNorm = 103.6802, GNorm = 3.7603, lr_0 = 1.2873e-06
Loss = 3.9223e-01, PNorm = 103.6803, GNorm = 23.4259, lr_0 = 1.2794e-06
Loss = 3.9292e-01, PNorm = 103.6803, GNorm = 6.6293, lr_0 = 1.2715e-06
Loss = 3.6816e-01, PNorm = 103.6804, GNorm = 18.5930, lr_0 = 1.2637e-06
Loss = 3.5239e-01, PNorm = 103.6804, GNorm = 25.9206, lr_0 = 1.2560e-06
Loss = 5.1124e-01, PNorm = 103.6805, GNorm = 4.5971, lr_0 = 1.2483e-06
Loss = 3.8771e-01, PNorm = 103.6806, GNorm = 3.6122, lr_0 = 1.2407e-06
Loss = 3.8432e-01, PNorm = 103.6806, GNorm = 26.0309, lr_0 = 1.2330e-06
Loss = 3.7323e-01, PNorm = 103.6807, GNorm = 7.1872, lr_0 = 1.2255e-06
Loss = 3.8049e-01, PNorm = 103.6807, GNorm = 7.1807, lr_0 = 1.2180e-06
Loss = 3.7694e-01, PNorm = 103.6808, GNorm = 17.2460, lr_0 = 1.2105e-06
Loss = 3.6542e-01, PNorm = 103.6808, GNorm = 10.5410, lr_0 = 1.2031e-06
Loss = 4.3504e-01, PNorm = 103.6809, GNorm = 30.2197, lr_0 = 1.1957e-06
Validation rmse = 68.753533
Epoch 13
Loss = 4.4866e-01, PNorm = 103.6810, GNorm = 5.4339, lr_0 = 1.1884e-06
Loss = 4.2370e-01, PNorm = 103.6810, GNorm = 11.4451, lr_0 = 1.1811e-06
Loss = 3.8595e-01, PNorm = 103.6811, GNorm = 4.3303, lr_0 = 1.1739e-06
Loss = 3.4982e-01, PNorm = 103.6811, GNorm = 7.7096, lr_0 = 1.1667e-06
Loss = 4.6195e-01, PNorm = 103.6812, GNorm = 4.6366, lr_0 = 1.1595e-06
Loss = 3.4136e-01, PNorm = 103.6812, GNorm = 10.9186, lr_0 = 1.1524e-06
Loss = 4.2775e-01, PNorm = 103.6813, GNorm = 10.4390, lr_0 = 1.1454e-06
Loss = 4.0656e-01, PNorm = 103.6813, GNorm = 5.9430, lr_0 = 1.1383e-06
Loss = 3.2305e-01, PNorm = 103.6814, GNorm = 12.8668, lr_0 = 1.1314e-06
Loss = 3.7012e-01, PNorm = 103.6814, GNorm = 16.2788, lr_0 = 1.1244e-06
Loss = 3.7010e-01, PNorm = 103.6815, GNorm = 17.0960, lr_0 = 1.1175e-06
Loss = 3.4756e-01, PNorm = 103.6815, GNorm = 5.4653, lr_0 = 1.1107e-06
Loss = 3.0633e-01, PNorm = 103.6816, GNorm = 8.5112, lr_0 = 1.1039e-06
Loss = 3.9474e-01, PNorm = 103.6816, GNorm = 7.6431, lr_0 = 1.0971e-06
Loss = 3.9400e-01, PNorm = 103.6816, GNorm = 4.1824, lr_0 = 1.0904e-06
Loss = 4.6071e-01, PNorm = 103.6817, GNorm = 7.1091, lr_0 = 1.0837e-06
Loss = 4.3693e-01, PNorm = 103.6818, GNorm = 13.6978, lr_0 = 1.0771e-06
Loss = 3.9638e-01, PNorm = 103.6818, GNorm = 5.1943, lr_0 = 1.0705e-06
Loss = 4.0862e-01, PNorm = 103.6818, GNorm = 9.0000, lr_0 = 1.0639e-06
Loss = 3.6466e-01, PNorm = 103.6819, GNorm = 13.6727, lr_0 = 1.0574e-06
Loss = 2.9719e-01, PNorm = 103.6819, GNorm = 2.9771, lr_0 = 1.0509e-06
Loss = 4.2798e-01, PNorm = 103.6820, GNorm = 20.0112, lr_0 = 1.0445e-06
Loss = 3.8635e-01, PNorm = 103.6820, GNorm = 16.0485, lr_0 = 1.0381e-06
Loss = 3.4178e-01, PNorm = 103.6821, GNorm = 5.0738, lr_0 = 1.0317e-06
Loss = 4.2008e-01, PNorm = 103.6821, GNorm = 39.2518, lr_0 = 1.0311e-06
Validation rmse = 68.289359
Epoch 14
Loss = 3.6982e-01, PNorm = 103.6821, GNorm = 4.6786, lr_0 = 1.0248e-06
Loss = 4.0672e-01, PNorm = 103.6822, GNorm = 3.5597, lr_0 = 1.0185e-06
Loss = 3.7765e-01, PNorm = 103.6822, GNorm = 23.0536, lr_0 = 1.0122e-06
Loss = 3.8671e-01, PNorm = 103.6823, GNorm = 3.9670, lr_0 = 1.0060e-06
Loss = 3.3578e-01, PNorm = 103.6823, GNorm = 3.7382, lr_0 = 9.9988e-07
Loss = 3.8372e-01, PNorm = 103.6824, GNorm = 6.7227, lr_0 = 9.9375e-07
Loss = 3.4017e-01, PNorm = 103.6824, GNorm = 7.2905, lr_0 = 9.8766e-07
Loss = 4.0166e-01, PNorm = 103.6825, GNorm = 4.1495, lr_0 = 9.8161e-07
Loss = 3.3593e-01, PNorm = 103.6825, GNorm = 4.5675, lr_0 = 9.7559e-07
Loss = 3.5655e-01, PNorm = 103.6825, GNorm = 8.0564, lr_0 = 9.6962e-07
Loss = 3.5339e-01, PNorm = 103.6826, GNorm = 3.1823, lr_0 = 9.6367e-07
Loss = 3.6632e-01, PNorm = 103.6826, GNorm = 3.4621, lr_0 = 9.5777e-07
Loss = 3.8057e-01, PNorm = 103.6827, GNorm = 5.5974, lr_0 = 9.5190e-07
Loss = 4.0525e-01, PNorm = 103.6827, GNorm = 5.0295, lr_0 = 9.4607e-07
Loss = 3.6412e-01, PNorm = 103.6827, GNorm = 7.1606, lr_0 = 9.4027e-07
Loss = 4.7980e-01, PNorm = 103.6828, GNorm = 6.0014, lr_0 = 9.3451e-07
Loss = 3.5129e-01, PNorm = 103.6828, GNorm = 15.9479, lr_0 = 9.2878e-07
Loss = 4.1349e-01, PNorm = 103.6828, GNorm = 15.0192, lr_0 = 9.2309e-07
Loss = 3.4765e-01, PNorm = 103.6829, GNorm = 8.8625, lr_0 = 9.1743e-07
Loss = 4.2225e-01, PNorm = 103.6829, GNorm = 8.6148, lr_0 = 9.1181e-07
Loss = 3.2559e-01, PNorm = 103.6829, GNorm = 5.6220, lr_0 = 9.0622e-07
Loss = 4.0338e-01, PNorm = 103.6830, GNorm = 4.2399, lr_0 = 9.0067e-07
Loss = 3.8582e-01, PNorm = 103.6830, GNorm = 19.5227, lr_0 = 8.9515e-07
Validation rmse = 67.938932
Epoch 15
Loss = 4.4628e-01, PNorm = 103.6831, GNorm = 12.6643, lr_0 = 8.8912e-07
Loss = 4.1141e-01, PNorm = 103.6831, GNorm = 10.7488, lr_0 = 8.8367e-07
Loss = 3.4891e-01, PNorm = 103.6831, GNorm = 18.3289, lr_0 = 8.7825e-07
Loss = 4.2849e-01, PNorm = 103.6832, GNorm = 14.3864, lr_0 = 8.7287e-07
Loss = 3.8969e-01, PNorm = 103.6832, GNorm = 4.4034, lr_0 = 8.6752e-07
Loss = 3.3405e-01, PNorm = 103.6832, GNorm = 7.0176, lr_0 = 8.6220e-07
Loss = 3.2615e-01, PNorm = 103.6832, GNorm = 4.6997, lr_0 = 8.5692e-07
Loss = 3.7097e-01, PNorm = 103.6833, GNorm = 6.6390, lr_0 = 8.5167e-07
Loss = 3.7341e-01, PNorm = 103.6833, GNorm = 8.3394, lr_0 = 8.4645e-07
Loss = 3.7529e-01, PNorm = 103.6834, GNorm = 10.5493, lr_0 = 8.4126e-07
Loss = 3.8916e-01, PNorm = 103.6834, GNorm = 12.6418, lr_0 = 8.3611e-07
Loss = 3.9178e-01, PNorm = 103.6835, GNorm = 6.4969, lr_0 = 8.3098e-07
Loss = 4.1342e-01, PNorm = 103.6835, GNorm = 13.0303, lr_0 = 8.2589e-07
Loss = 4.0250e-01, PNorm = 103.6835, GNorm = 5.8004, lr_0 = 8.2083e-07
Loss = 3.7156e-01, PNorm = 103.6836, GNorm = 4.0249, lr_0 = 8.1580e-07
Loss = 3.6272e-01, PNorm = 103.6836, GNorm = 5.0461, lr_0 = 8.1080e-07
Loss = 4.0726e-01, PNorm = 103.6836, GNorm = 9.1970, lr_0 = 8.0583e-07
Loss = 3.6339e-01, PNorm = 103.6836, GNorm = 4.1198, lr_0 = 8.0089e-07
Loss = 3.8033e-01, PNorm = 103.6837, GNorm = 10.5568, lr_0 = 7.9599e-07
Loss = 3.7393e-01, PNorm = 103.6837, GNorm = 7.4908, lr_0 = 7.9111e-07
Loss = 3.4502e-01, PNorm = 103.6837, GNorm = 3.0071, lr_0 = 7.8626e-07
Loss = 3.7630e-01, PNorm = 103.6838, GNorm = 7.2481, lr_0 = 7.8144e-07
Loss = 3.9009e-01, PNorm = 103.6838, GNorm = 19.2484, lr_0 = 7.7665e-07
Loss = 3.4048e-01, PNorm = 103.6838, GNorm = 15.4938, lr_0 = 7.7189e-07
Validation rmse = 67.081192
Epoch 16
Loss = 4.1746e-01, PNorm = 103.6839, GNorm = 14.3567, lr_0 = 7.6716e-07
Loss = 3.6837e-01, PNorm = 103.6839, GNorm = 16.8255, lr_0 = 7.6246e-07
Loss = 3.4245e-01, PNorm = 103.6839, GNorm = 5.9032, lr_0 = 7.5779e-07
Loss = 3.8209e-01, PNorm = 103.6840, GNorm = 9.6511, lr_0 = 7.5315e-07
Loss = 4.1735e-01, PNorm = 103.6840, GNorm = 5.0392, lr_0 = 7.4853e-07
Loss = 4.4086e-01, PNorm = 103.6840, GNorm = 5.5612, lr_0 = 7.4394e-07
Loss = 3.4943e-01, PNorm = 103.6841, GNorm = 17.9571, lr_0 = 7.3939e-07
Loss = 3.7998e-01, PNorm = 103.6841, GNorm = 3.4582, lr_0 = 7.3485e-07
Loss = 3.1804e-01, PNorm = 103.6841, GNorm = 4.3882, lr_0 = 7.3035e-07
Loss = 4.1915e-01, PNorm = 103.6841, GNorm = 9.5840, lr_0 = 7.2588e-07
Loss = 3.3690e-01, PNorm = 103.6842, GNorm = 4.3147, lr_0 = 7.2143e-07
Loss = 4.3448e-01, PNorm = 103.6842, GNorm = 9.6749, lr_0 = 7.1701e-07
Loss = 3.3599e-01, PNorm = 103.6842, GNorm = 5.7679, lr_0 = 7.1261e-07
Loss = 3.6939e-01, PNorm = 103.6842, GNorm = 11.2348, lr_0 = 7.0825e-07
Loss = 3.4952e-01, PNorm = 103.6843, GNorm = 12.7525, lr_0 = 7.0391e-07
Loss = 3.3264e-01, PNorm = 103.6843, GNorm = 6.3640, lr_0 = 6.9959e-07
Loss = 3.7950e-01, PNorm = 103.6843, GNorm = 3.6959, lr_0 = 6.9530e-07
Loss = 3.4125e-01, PNorm = 103.6844, GNorm = 4.5280, lr_0 = 6.9104e-07
Loss = 3.6518e-01, PNorm = 103.6844, GNorm = 8.7933, lr_0 = 6.8681e-07
Loss = 4.1981e-01, PNorm = 103.6844, GNorm = 3.4936, lr_0 = 6.8260e-07
Loss = 3.9120e-01, PNorm = 103.6845, GNorm = 6.0860, lr_0 = 6.7842e-07
Loss = 3.5900e-01, PNorm = 103.6845, GNorm = 11.8981, lr_0 = 6.7426e-07
Loss = 3.3014e-01, PNorm = 103.6845, GNorm = 16.1390, lr_0 = 6.7013e-07
Validation rmse = 67.357488
Epoch 17
Loss = 3.1877e-01, PNorm = 103.6845, GNorm = 3.6565, lr_0 = 6.6561e-07
Loss = 3.4057e-01, PNorm = 103.6846, GNorm = 23.2249, lr_0 = 6.6153e-07
Loss = 3.2805e-01, PNorm = 103.6846, GNorm = 4.4277, lr_0 = 6.5748e-07
Loss = 2.9831e-01, PNorm = 103.6846, GNorm = 3.3383, lr_0 = 6.5345e-07
Loss = 4.1527e-01, PNorm = 103.6846, GNorm = 8.5381, lr_0 = 6.4945e-07
Loss = 3.3781e-01, PNorm = 103.6846, GNorm = 6.2946, lr_0 = 6.4547e-07
Loss = 3.9258e-01, PNorm = 103.6847, GNorm = 23.9625, lr_0 = 6.4151e-07
Loss = 3.8664e-01, PNorm = 103.6847, GNorm = 3.5890, lr_0 = 6.3758e-07
Loss = 3.8054e-01, PNorm = 103.6847, GNorm = 18.5142, lr_0 = 6.3367e-07
Loss = 3.9866e-01, PNorm = 103.6847, GNorm = 2.9478, lr_0 = 6.2979e-07
Loss = 3.0641e-01, PNorm = 103.6848, GNorm = 4.2768, lr_0 = 6.2593e-07
Loss = 3.5771e-01, PNorm = 103.6848, GNorm = 8.6060, lr_0 = 6.2209e-07
Loss = 3.7998e-01, PNorm = 103.6848, GNorm = 4.0075, lr_0 = 6.1828e-07
Loss = 4.1267e-01, PNorm = 103.6849, GNorm = 8.6776, lr_0 = 6.1449e-07
Loss = 3.5031e-01, PNorm = 103.6849, GNorm = 10.5338, lr_0 = 6.1073e-07
Loss = 3.4324e-01, PNorm = 103.6849, GNorm = 33.4919, lr_0 = 6.0698e-07
Loss = 4.0467e-01, PNorm = 103.6849, GNorm = 8.7066, lr_0 = 6.0326e-07
Loss = 3.8791e-01, PNorm = 103.6850, GNorm = 8.4476, lr_0 = 5.9957e-07
Loss = 3.5759e-01, PNorm = 103.6850, GNorm = 4.4629, lr_0 = 5.9589e-07
Loss = 3.8540e-01, PNorm = 103.6850, GNorm = 12.2756, lr_0 = 5.9224e-07
Loss = 3.6969e-01, PNorm = 103.6850, GNorm = 10.0867, lr_0 = 5.8861e-07
Loss = 4.3043e-01, PNorm = 103.6851, GNorm = 15.0989, lr_0 = 5.8501e-07
Loss = 3.3956e-01, PNorm = 103.6851, GNorm = 3.2623, lr_0 = 5.8142e-07
Loss = 3.6987e-01, PNorm = 103.6851, GNorm = 19.7435, lr_0 = 5.7786e-07
Validation rmse = 67.072808
Epoch 18
Loss = 3.6378e-01, PNorm = 103.6852, GNorm = 4.1693, lr_0 = 5.7432e-07
Loss = 3.6150e-01, PNorm = 103.6852, GNorm = 5.6438, lr_0 = 5.7080e-07
Loss = 3.6428e-01, PNorm = 103.6852, GNorm = 10.5883, lr_0 = 5.6730e-07
Loss = 3.6954e-01, PNorm = 103.6852, GNorm = 9.0460, lr_0 = 5.6382e-07
Loss = 4.4130e-01, PNorm = 103.6853, GNorm = 5.2533, lr_0 = 5.6037e-07
Loss = 3.6703e-01, PNorm = 103.6853, GNorm = 9.3881, lr_0 = 5.5693e-07
Loss = 3.6136e-01, PNorm = 103.6853, GNorm = 8.2162, lr_0 = 5.5352e-07
Loss = 3.4559e-01, PNorm = 103.6853, GNorm = 7.1387, lr_0 = 5.5013e-07
Loss = 3.4974e-01, PNorm = 103.6854, GNorm = 9.1497, lr_0 = 5.4676e-07
Loss = 3.5315e-01, PNorm = 103.6854, GNorm = 17.7225, lr_0 = 5.4341e-07
Loss = 3.8820e-01, PNorm = 103.6854, GNorm = 6.2840, lr_0 = 5.4008e-07
Loss = 3.7968e-01, PNorm = 103.6854, GNorm = 5.5114, lr_0 = 5.3677e-07
Loss = 3.4989e-01, PNorm = 103.6854, GNorm = 9.5407, lr_0 = 5.3348e-07
Loss = 3.8693e-01, PNorm = 103.6855, GNorm = 12.0649, lr_0 = 5.3021e-07
Loss = 3.3973e-01, PNorm = 103.6855, GNorm = 3.0593, lr_0 = 5.2696e-07
Loss = 3.5352e-01, PNorm = 103.6855, GNorm = 4.1976, lr_0 = 5.2373e-07
Loss = 3.7651e-01, PNorm = 103.6855, GNorm = 7.1647, lr_0 = 5.2052e-07
Loss = 3.7137e-01, PNorm = 103.6856, GNorm = 6.3148, lr_0 = 5.1733e-07
Loss = 3.6583e-01, PNorm = 103.6856, GNorm = 14.3468, lr_0 = 5.1416e-07
Loss = 3.6306e-01, PNorm = 103.6856, GNorm = 7.3110, lr_0 = 5.1101e-07
Loss = 3.2550e-01, PNorm = 103.6856, GNorm = 7.7549, lr_0 = 5.0788e-07
Loss = 3.3421e-01, PNorm = 103.6856, GNorm = 4.5967, lr_0 = 5.0477e-07
Loss = 3.5280e-01, PNorm = 103.6857, GNorm = 23.1720, lr_0 = 5.0167e-07
Loss = 3.6265e-01, PNorm = 103.6857, GNorm = 9.5644, lr_0 = 4.9860e-07
Validation rmse = 66.905100
Epoch 19
Loss = 3.9709e-01, PNorm = 103.6857, GNorm = 4.5340, lr_0 = 4.9524e-07
Loss = 3.8170e-01, PNorm = 103.6857, GNorm = 11.3189, lr_0 = 4.9220e-07
Loss = 3.7610e-01, PNorm = 103.6857, GNorm = 4.0641, lr_0 = 4.8919e-07
Loss = 3.6260e-01, PNorm = 103.6858, GNorm = 5.0241, lr_0 = 4.8619e-07
Loss = 3.2261e-01, PNorm = 103.6858, GNorm = 8.8656, lr_0 = 4.8321e-07
Loss = 3.2425e-01, PNorm = 103.6858, GNorm = 12.2715, lr_0 = 4.8025e-07
Loss = 3.5680e-01, PNorm = 103.6858, GNorm = 15.1532, lr_0 = 4.7731e-07
Loss = 4.1073e-01, PNorm = 103.6858, GNorm = 6.7847, lr_0 = 4.7438e-07
Loss = 3.2217e-01, PNorm = 103.6859, GNorm = 11.1967, lr_0 = 4.7147e-07
Loss = 3.6802e-01, PNorm = 103.6859, GNorm = 12.7022, lr_0 = 4.6858e-07
Loss = 3.2803e-01, PNorm = 103.6859, GNorm = 28.1804, lr_0 = 4.6571e-07
Loss = 3.3235e-01, PNorm = 103.6859, GNorm = 3.9575, lr_0 = 4.6286e-07
Loss = 3.3467e-01, PNorm = 103.6859, GNorm = 3.9809, lr_0 = 4.6002e-07
Loss = 3.4405e-01, PNorm = 103.6859, GNorm = 8.0045, lr_0 = 4.5720e-07
Loss = 4.0633e-01, PNorm = 103.6859, GNorm = 3.7956, lr_0 = 4.5440e-07
Loss = 3.6676e-01, PNorm = 103.6860, GNorm = 3.9010, lr_0 = 4.5162e-07
Loss = 4.5889e-01, PNorm = 103.6860, GNorm = 3.9404, lr_0 = 4.4885e-07
Loss = 3.1627e-01, PNorm = 103.6860, GNorm = 9.7194, lr_0 = 4.4610e-07
Loss = 3.2640e-01, PNorm = 103.6860, GNorm = 6.6396, lr_0 = 4.4337e-07
Loss = 3.4880e-01, PNorm = 103.6861, GNorm = 11.0831, lr_0 = 4.4065e-07
Loss = 3.9341e-01, PNorm = 103.6861, GNorm = 4.2039, lr_0 = 4.3795e-07
Loss = 3.9023e-01, PNorm = 103.6861, GNorm = 18.0948, lr_0 = 4.3526e-07
Loss = 3.9237e-01, PNorm = 103.6861, GNorm = 14.3145, lr_0 = 4.3260e-07
Validation rmse = 66.686014
Epoch 20
Loss = 3.1935e-01, PNorm = 103.6861, GNorm = 9.7455, lr_0 = 4.2995e-07
Loss = 3.4669e-01, PNorm = 103.6861, GNorm = 9.8797, lr_0 = 4.2731e-07
Loss = 3.3917e-01, PNorm = 103.6862, GNorm = 14.6338, lr_0 = 4.2469e-07
Loss = 3.7324e-01, PNorm = 103.6862, GNorm = 5.9113, lr_0 = 4.2209e-07
Loss = 3.7080e-01, PNorm = 103.6862, GNorm = 10.5601, lr_0 = 4.1950e-07
Loss = 4.2766e-01, PNorm = 103.6862, GNorm = 9.5810, lr_0 = 4.1693e-07
Loss = 4.0012e-01, PNorm = 103.6863, GNorm = 6.9457, lr_0 = 4.1438e-07
Loss = 3.3942e-01, PNorm = 103.6863, GNorm = 4.8123, lr_0 = 4.1184e-07
Loss = 2.9873e-01, PNorm = 103.6863, GNorm = 24.8160, lr_0 = 4.0931e-07
Loss = 3.5837e-01, PNorm = 103.6863, GNorm = 6.8648, lr_0 = 4.0681e-07
Loss = 3.7627e-01, PNorm = 103.6863, GNorm = 4.5007, lr_0 = 4.0431e-07
Loss = 3.2111e-01, PNorm = 103.6863, GNorm = 5.0148, lr_0 = 4.0184e-07
Loss = 3.5791e-01, PNorm = 103.6863, GNorm = 4.4829, lr_0 = 3.9937e-07
Loss = 3.7062e-01, PNorm = 103.6864, GNorm = 6.8840, lr_0 = 3.9693e-07
Loss = 3.8064e-01, PNorm = 103.6864, GNorm = 10.0595, lr_0 = 3.9449e-07
Loss = 3.2440e-01, PNorm = 103.6864, GNorm = 6.7392, lr_0 = 3.9208e-07
Loss = 3.7102e-01, PNorm = 103.6864, GNorm = 8.8482, lr_0 = 3.8967e-07
Loss = 3.5518e-01, PNorm = 103.6864, GNorm = 4.0009, lr_0 = 3.8729e-07
Loss = 3.5081e-01, PNorm = 103.6864, GNorm = 3.8630, lr_0 = 3.8491e-07
Loss = 3.7983e-01, PNorm = 103.6864, GNorm = 12.9821, lr_0 = 3.8255e-07
Loss = 2.9395e-01, PNorm = 103.6865, GNorm = 10.4314, lr_0 = 3.8021e-07
Loss = 3.5745e-01, PNorm = 103.6865, GNorm = 5.4341, lr_0 = 3.7788e-07
Loss = 3.7904e-01, PNorm = 103.6865, GNorm = 9.0239, lr_0 = 3.7556e-07
Loss = 3.9152e-01, PNorm = 103.6865, GNorm = 12.5349, lr_0 = 3.7326e-07
Validation rmse = 67.012189
Epoch 21
Loss = 3.4722e-01, PNorm = 103.6865, GNorm = 12.8001, lr_0 = 3.7075e-07
Loss = 3.3715e-01, PNorm = 103.6865, GNorm = 7.7744, lr_0 = 3.6847e-07
Loss = 4.2744e-01, PNorm = 103.6865, GNorm = 10.6084, lr_0 = 3.6622e-07
Loss = 3.1902e-01, PNorm = 103.6866, GNorm = 20.3322, lr_0 = 3.6397e-07
Loss = 2.9809e-01, PNorm = 103.6866, GNorm = 5.3426, lr_0 = 3.6174e-07
Loss = 3.7340e-01, PNorm = 103.6866, GNorm = 14.3697, lr_0 = 3.5953e-07
Loss = 4.1277e-01, PNorm = 103.6866, GNorm = 8.5607, lr_0 = 3.5732e-07
Loss = 3.7881e-01, PNorm = 103.6866, GNorm = 11.4317, lr_0 = 3.5513e-07
Loss = 3.4717e-01, PNorm = 103.6866, GNorm = 21.2754, lr_0 = 3.5296e-07
Loss = 3.8906e-01, PNorm = 103.6866, GNorm = 20.3461, lr_0 = 3.5079e-07
Loss = 3.9133e-01, PNorm = 103.6866, GNorm = 23.8171, lr_0 = 3.4864e-07
Loss = 2.9561e-01, PNorm = 103.6867, GNorm = 11.3095, lr_0 = 3.4651e-07
Loss = 3.7273e-01, PNorm = 103.6867, GNorm = 11.4638, lr_0 = 3.4438e-07
Loss = 3.4995e-01, PNorm = 103.6867, GNorm = 13.4503, lr_0 = 3.4227e-07
Loss = 3.5640e-01, PNorm = 103.6867, GNorm = 24.4784, lr_0 = 3.4018e-07
Loss = 3.9624e-01, PNorm = 103.6867, GNorm = 5.5700, lr_0 = 3.3809e-07
Loss = 3.8262e-01, PNorm = 103.6867, GNorm = 19.7214, lr_0 = 3.3602e-07
Loss = 3.6947e-01, PNorm = 103.6867, GNorm = 3.0667, lr_0 = 3.3396e-07
Loss = 3.2215e-01, PNorm = 103.6868, GNorm = 9.1809, lr_0 = 3.3191e-07
Loss = 3.1652e-01, PNorm = 103.6868, GNorm = 9.5883, lr_0 = 3.2988e-07
Loss = 3.5800e-01, PNorm = 103.6868, GNorm = 5.3124, lr_0 = 3.2786e-07
Loss = 3.6436e-01, PNorm = 103.6868, GNorm = 4.8162, lr_0 = 3.2585e-07
Loss = 3.6276e-01, PNorm = 103.6868, GNorm = 11.2609, lr_0 = 3.2385e-07
Loss = 3.9358e-01, PNorm = 103.6868, GNorm = 7.3549, lr_0 = 3.2187e-07
Validation rmse = 66.397749
Epoch 22
Loss = 4.3110e-01, PNorm = 103.6868, GNorm = 9.7647, lr_0 = 3.1989e-07
Loss = 3.5778e-01, PNorm = 103.6868, GNorm = 12.9053, lr_0 = 3.1793e-07
Loss = 3.9369e-01, PNorm = 103.6869, GNorm = 13.3728, lr_0 = 3.1599e-07
Loss = 3.0948e-01, PNorm = 103.6869, GNorm = 3.7819, lr_0 = 3.1405e-07
Loss = 3.3174e-01, PNorm = 103.6869, GNorm = 4.6664, lr_0 = 3.1213e-07
Loss = 3.3453e-01, PNorm = 103.6869, GNorm = 4.3889, lr_0 = 3.1021e-07
Loss = 3.2794e-01, PNorm = 103.6869, GNorm = 5.9562, lr_0 = 3.0831e-07
Loss = 3.1411e-01, PNorm = 103.6869, GNorm = 4.6443, lr_0 = 3.0642e-07
Loss = 3.8160e-01, PNorm = 103.6869, GNorm = 4.3888, lr_0 = 3.0454e-07
Loss = 3.0155e-01, PNorm = 103.6870, GNorm = 5.9094, lr_0 = 3.0268e-07
Loss = 3.0772e-01, PNorm = 103.6870, GNorm = 3.1601, lr_0 = 3.0082e-07
Loss = 3.5441e-01, PNorm = 103.6870, GNorm = 4.3003, lr_0 = 2.9898e-07
Loss = 3.7486e-01, PNorm = 103.6870, GNorm = 11.8047, lr_0 = 2.9715e-07
Loss = 3.4536e-01, PNorm = 103.6870, GNorm = 14.8167, lr_0 = 2.9533e-07
Loss = 3.8557e-01, PNorm = 103.6870, GNorm = 14.2821, lr_0 = 2.9352e-07
Loss = 3.7382e-01, PNorm = 103.6870, GNorm = 10.4275, lr_0 = 2.9172e-07
Loss = 3.6224e-01, PNorm = 103.6870, GNorm = 13.5978, lr_0 = 2.8993e-07
Loss = 4.3693e-01, PNorm = 103.6871, GNorm = 25.2611, lr_0 = 2.8815e-07
Loss = 3.2874e-01, PNorm = 103.6871, GNorm = 3.7407, lr_0 = 2.8639e-07
Loss = 3.2649e-01, PNorm = 103.6871, GNorm = 12.6584, lr_0 = 2.8463e-07
Loss = 3.8210e-01, PNorm = 103.6871, GNorm = 3.8941, lr_0 = 2.8289e-07
Loss = 3.6463e-01, PNorm = 103.6871, GNorm = 10.5449, lr_0 = 2.8116e-07
Loss = 3.0463e-01, PNorm = 103.6871, GNorm = 21.2851, lr_0 = 2.7943e-07
Validation rmse = 66.176037
Epoch 23
Loss = 3.0062e-01, PNorm = 103.6871, GNorm = 3.9424, lr_0 = 2.7755e-07
Loss = 2.9816e-01, PNorm = 103.6871, GNorm = 11.4202, lr_0 = 2.7585e-07
Loss = 3.5760e-01, PNorm = 103.6871, GNorm = 8.4014, lr_0 = 2.7416e-07
Loss = 3.8376e-01, PNorm = 103.6872, GNorm = 13.1276, lr_0 = 2.7248e-07
Loss = 3.8423e-01, PNorm = 103.6872, GNorm = 13.2282, lr_0 = 2.7081e-07
Loss = 2.9892e-01, PNorm = 103.6872, GNorm = 9.4189, lr_0 = 2.6915e-07
Loss = 3.1089e-01, PNorm = 103.6872, GNorm = 10.1820, lr_0 = 2.6750e-07
Loss = 3.4090e-01, PNorm = 103.6872, GNorm = 14.2997, lr_0 = 2.6586e-07
Loss = 3.7308e-01, PNorm = 103.6872, GNorm = 8.2326, lr_0 = 2.6423e-07
Loss = 3.6307e-01, PNorm = 103.6872, GNorm = 10.1995, lr_0 = 2.6261e-07
Loss = 3.1085e-01, PNorm = 103.6872, GNorm = 7.5703, lr_0 = 2.6100e-07
Loss = 3.6891e-01, PNorm = 103.6872, GNorm = 11.9857, lr_0 = 2.5940e-07
Loss = 3.7596e-01, PNorm = 103.6872, GNorm = 12.1185, lr_0 = 2.5781e-07
Loss = 3.2698e-01, PNorm = 103.6873, GNorm = 8.7000, lr_0 = 2.5623e-07
Loss = 4.2597e-01, PNorm = 103.6873, GNorm = 6.0946, lr_0 = 2.5466e-07
Loss = 3.6512e-01, PNorm = 103.6873, GNorm = 6.7377, lr_0 = 2.5310e-07
Loss = 3.7680e-01, PNorm = 103.6873, GNorm = 11.2402, lr_0 = 2.5155e-07
Loss = 3.3736e-01, PNorm = 103.6873, GNorm = 7.4201, lr_0 = 2.5001e-07
Loss = 3.4687e-01, PNorm = 103.6873, GNorm = 5.7613, lr_0 = 2.4848e-07
Loss = 3.9249e-01, PNorm = 103.6873, GNorm = 19.6571, lr_0 = 2.4696e-07
Loss = 3.6980e-01, PNorm = 103.6873, GNorm = 15.0171, lr_0 = 2.4544e-07
Loss = 3.4162e-01, PNorm = 103.6873, GNorm = 26.8687, lr_0 = 2.4394e-07
Loss = 3.6623e-01, PNorm = 103.6874, GNorm = 7.4319, lr_0 = 2.4244e-07
Loss = 3.4064e-01, PNorm = 103.6874, GNorm = 4.5596, lr_0 = 2.4096e-07
Validation rmse = 66.606179
Epoch 24
Loss = 3.1783e-01, PNorm = 103.6874, GNorm = 2.8495, lr_0 = 2.3948e-07
Loss = 3.8902e-01, PNorm = 103.6874, GNorm = 8.0568, lr_0 = 2.3801e-07
Loss = 3.2770e-01, PNorm = 103.6874, GNorm = 4.6763, lr_0 = 2.3655e-07
Loss = 4.0026e-01, PNorm = 103.6874, GNorm = 16.9964, lr_0 = 2.3510e-07
Loss = 3.3296e-01, PNorm = 103.6874, GNorm = 19.0658, lr_0 = 2.3366e-07
Loss = 3.8096e-01, PNorm = 103.6874, GNorm = 4.9931, lr_0 = 2.3223e-07
Loss = 4.2086e-01, PNorm = 103.6874, GNorm = 15.0221, lr_0 = 2.3081e-07
Loss = 3.3870e-01, PNorm = 103.6874, GNorm = 6.2866, lr_0 = 2.2939e-07
Loss = 3.3853e-01, PNorm = 103.6874, GNorm = 4.9226, lr_0 = 2.2799e-07
Loss = 3.4032e-01, PNorm = 103.6875, GNorm = 4.1032, lr_0 = 2.2659e-07
Loss = 3.3246e-01, PNorm = 103.6875, GNorm = 4.9996, lr_0 = 2.2520e-07
Loss = 3.2256e-01, PNorm = 103.6875, GNorm = 4.9213, lr_0 = 2.2382e-07
Loss = 3.4979e-01, PNorm = 103.6875, GNorm = 11.6944, lr_0 = 2.2245e-07
Loss = 3.7039e-01, PNorm = 103.6875, GNorm = 12.3122, lr_0 = 2.2109e-07
Loss = 2.9943e-01, PNorm = 103.6875, GNorm = 10.8696, lr_0 = 2.1973e-07
Loss = 3.2809e-01, PNorm = 103.6875, GNorm = 5.2707, lr_0 = 2.1839e-07
Loss = 3.7565e-01, PNorm = 103.6875, GNorm = 5.3825, lr_0 = 2.1705e-07
Loss = 2.9531e-01, PNorm = 103.6875, GNorm = 7.1175, lr_0 = 2.1572e-07
Loss = 3.5008e-01, PNorm = 103.6875, GNorm = 5.7208, lr_0 = 2.1440e-07
Loss = 3.1545e-01, PNorm = 103.6875, GNorm = 9.6945, lr_0 = 2.1308e-07
Loss = 3.9617e-01, PNorm = 103.6875, GNorm = 20.0041, lr_0 = 2.1178e-07
Loss = 3.4073e-01, PNorm = 103.6875, GNorm = 3.7798, lr_0 = 2.1048e-07
Loss = 4.3020e-01, PNorm = 103.6875, GNorm = 12.3461, lr_0 = 2.0919e-07
Loss = 3.9444e-01, PNorm = 103.6876, GNorm = 13.9146, lr_0 = 2.0791e-07
Validation rmse = 66.130061
Epoch 25
Loss = 2.9572e-01, PNorm = 103.6876, GNorm = 2.7537, lr_0 = 2.0651e-07
Loss = 3.3183e-01, PNorm = 103.6876, GNorm = 12.3483, lr_0 = 2.0524e-07
Loss = 3.8350e-01, PNorm = 103.6876, GNorm = 16.3254, lr_0 = 2.0398e-07
Loss = 3.4623e-01, PNorm = 103.6876, GNorm = 5.6059, lr_0 = 2.0273e-07
Loss = 3.3492e-01, PNorm = 103.6876, GNorm = 14.4065, lr_0 = 2.0149e-07
Loss = 3.3250e-01, PNorm = 103.6876, GNorm = 14.9076, lr_0 = 2.0026e-07
Loss = 3.8809e-01, PNorm = 103.6876, GNorm = 16.7454, lr_0 = 1.9903e-07
Loss = 3.4585e-01, PNorm = 103.6876, GNorm = 21.5777, lr_0 = 1.9781e-07
Loss = 4.0759e-01, PNorm = 103.6876, GNorm = 4.8461, lr_0 = 1.9660e-07
Loss = 3.6097e-01, PNorm = 103.6877, GNorm = 8.2555, lr_0 = 1.9539e-07
Loss = 3.3901e-01, PNorm = 103.6877, GNorm = 9.3594, lr_0 = 1.9419e-07
Loss = 3.9585e-01, PNorm = 103.6877, GNorm = 4.7219, lr_0 = 1.9300e-07
Loss = 3.4728e-01, PNorm = 103.6877, GNorm = 16.0255, lr_0 = 1.9182e-07
Loss = 3.9282e-01, PNorm = 103.6877, GNorm = 4.7502, lr_0 = 1.9065e-07
Loss = 3.5354e-01, PNorm = 103.6877, GNorm = 12.8721, lr_0 = 1.8948e-07
Loss = 3.5345e-01, PNorm = 103.6877, GNorm = 11.6869, lr_0 = 1.8832e-07
Loss = 2.8843e-01, PNorm = 103.6877, GNorm = 11.9865, lr_0 = 1.8716e-07
Loss = 3.8658e-01, PNorm = 103.6877, GNorm = 29.7877, lr_0 = 1.8602e-07
Loss = 4.1567e-01, PNorm = 103.6877, GNorm = 13.7000, lr_0 = 1.8488e-07
Loss = 3.6080e-01, PNorm = 103.6877, GNorm = 8.1618, lr_0 = 1.8374e-07
Loss = 3.5979e-01, PNorm = 103.6877, GNorm = 3.9523, lr_0 = 1.8262e-07
Loss = 3.2833e-01, PNorm = 103.6877, GNorm = 16.3973, lr_0 = 1.8150e-07
Loss = 2.7782e-01, PNorm = 103.6877, GNorm = 6.2574, lr_0 = 1.8039e-07
Validation rmse = 66.110780
Epoch 26
Loss = 3.3037e-01, PNorm = 103.6877, GNorm = 14.5389, lr_0 = 1.7928e-07
Loss = 3.4458e-01, PNorm = 103.6878, GNorm = 4.3533, lr_0 = 1.7818e-07
Loss = 3.6340e-01, PNorm = 103.6878, GNorm = 11.4460, lr_0 = 1.7709e-07
Loss = 4.0351e-01, PNorm = 103.6878, GNorm = 23.7246, lr_0 = 1.7600e-07
Loss = 3.5737e-01, PNorm = 103.6878, GNorm = 5.2399, lr_0 = 1.7493e-07
Loss = 3.0221e-01, PNorm = 103.6878, GNorm = 4.5921, lr_0 = 1.7385e-07
Loss = 3.9290e-01, PNorm = 103.6878, GNorm = 16.1340, lr_0 = 1.7279e-07
Loss = 3.5840e-01, PNorm = 103.6878, GNorm = 7.3514, lr_0 = 1.7173e-07
Loss = 3.3068e-01, PNorm = 103.6878, GNorm = 10.4388, lr_0 = 1.7068e-07
Loss = 3.3864e-01, PNorm = 103.6878, GNorm = 9.5030, lr_0 = 1.6963e-07
Loss = 4.1135e-01, PNorm = 103.6878, GNorm = 4.6201, lr_0 = 1.6859e-07
Loss = 3.3673e-01, PNorm = 103.6878, GNorm = 3.4366, lr_0 = 1.6756e-07
Loss = 3.6200e-01, PNorm = 103.6878, GNorm = 26.4895, lr_0 = 1.6653e-07
Loss = 3.8008e-01, PNorm = 103.6878, GNorm = 8.6323, lr_0 = 1.6551e-07
Loss = 3.6263e-01, PNorm = 103.6878, GNorm = 11.3840, lr_0 = 1.6450e-07
Loss = 3.8177e-01, PNorm = 103.6878, GNorm = 4.4693, lr_0 = 1.6349e-07
Loss = 3.5059e-01, PNorm = 103.6879, GNorm = 14.7264, lr_0 = 1.6249e-07
Loss = 3.5228e-01, PNorm = 103.6879, GNorm = 14.8997, lr_0 = 1.6149e-07
Loss = 3.4456e-01, PNorm = 103.6879, GNorm = 12.6328, lr_0 = 1.6050e-07
Loss = 3.2459e-01, PNorm = 103.6879, GNorm = 10.2840, lr_0 = 1.5952e-07
Loss = 3.3649e-01, PNorm = 103.6879, GNorm = 8.3877, lr_0 = 1.5854e-07
Loss = 3.3248e-01, PNorm = 103.6879, GNorm = 15.6630, lr_0 = 1.5757e-07
Loss = 3.7330e-01, PNorm = 103.6879, GNorm = 25.5619, lr_0 = 1.5660e-07
Loss = 3.3198e-01, PNorm = 103.6879, GNorm = 6.3642, lr_0 = 1.5564e-07
Validation rmse = 66.004215
Epoch 27
Loss = 2.8810e-01, PNorm = 103.6879, GNorm = 12.0713, lr_0 = 1.5460e-07
Loss = 3.4449e-01, PNorm = 103.6879, GNorm = 12.1189, lr_0 = 1.5365e-07
Loss = 3.6918e-01, PNorm = 103.6879, GNorm = 9.0791, lr_0 = 1.5271e-07
Loss = 3.3271e-01, PNorm = 103.6879, GNorm = 4.0304, lr_0 = 1.5177e-07
Loss = 3.3178e-01, PNorm = 103.6879, GNorm = 21.7523, lr_0 = 1.5084e-07
Loss = 3.5934e-01, PNorm = 103.6879, GNorm = 10.1471, lr_0 = 1.4992e-07
Loss = 3.4965e-01, PNorm = 103.6879, GNorm = 15.2398, lr_0 = 1.4900e-07
Loss = 3.5735e-01, PNorm = 103.6879, GNorm = 4.4222, lr_0 = 1.4808e-07
Loss = 3.7529e-01, PNorm = 103.6880, GNorm = 6.5251, lr_0 = 1.4718e-07
Loss = 3.6334e-01, PNorm = 103.6880, GNorm = 12.1804, lr_0 = 1.4627e-07
Loss = 3.2362e-01, PNorm = 103.6880, GNorm = 10.2968, lr_0 = 1.4538e-07
Loss = 3.8456e-01, PNorm = 103.6880, GNorm = 3.2917, lr_0 = 1.4449e-07
Loss = 3.4406e-01, PNorm = 103.6880, GNorm = 11.2723, lr_0 = 1.4360e-07
Loss = 3.3763e-01, PNorm = 103.6880, GNorm = 6.3593, lr_0 = 1.4272e-07
Loss = 3.4306e-01, PNorm = 103.6880, GNorm = 33.9386, lr_0 = 1.4185e-07
Loss = 3.5177e-01, PNorm = 103.6880, GNorm = 24.9939, lr_0 = 1.4098e-07
Loss = 4.3286e-01, PNorm = 103.6880, GNorm = 11.4746, lr_0 = 1.4011e-07
Loss = 4.5322e-01, PNorm = 103.6880, GNorm = 6.3761, lr_0 = 1.3926e-07
Loss = 2.9835e-01, PNorm = 103.6880, GNorm = 4.1711, lr_0 = 1.3840e-07
Loss = 3.0061e-01, PNorm = 103.6880, GNorm = 4.1960, lr_0 = 1.3755e-07
Loss = 3.4656e-01, PNorm = 103.6880, GNorm = 4.9926, lr_0 = 1.3671e-07
Loss = 3.7269e-01, PNorm = 103.6880, GNorm = 22.9571, lr_0 = 1.3587e-07
Loss = 3.1532e-01, PNorm = 103.6880, GNorm = 4.9506, lr_0 = 1.3504e-07
Loss = 3.3999e-01, PNorm = 103.6880, GNorm = 10.0104, lr_0 = 1.3421e-07
Validation rmse = 66.002438
Epoch 28
Loss = 3.5955e-01, PNorm = 103.6880, GNorm = 4.0857, lr_0 = 1.3339e-07
Loss = 3.6119e-01, PNorm = 103.6880, GNorm = 16.8853, lr_0 = 1.3257e-07
Loss = 3.2391e-01, PNorm = 103.6880, GNorm = 6.4946, lr_0 = 1.3176e-07
Loss = 3.6287e-01, PNorm = 103.6880, GNorm = 24.9323, lr_0 = 1.3095e-07
Loss = 3.3132e-01, PNorm = 103.6881, GNorm = 6.9207, lr_0 = 1.3015e-07
Loss = 3.5554e-01, PNorm = 103.6881, GNorm = 9.5463, lr_0 = 1.2935e-07
Loss = 3.0956e-01, PNorm = 103.6881, GNorm = 18.8427, lr_0 = 1.2856e-07
Loss = 3.5760e-01, PNorm = 103.6881, GNorm = 7.7729, lr_0 = 1.2777e-07
Loss = 3.9383e-01, PNorm = 103.6881, GNorm = 4.2535, lr_0 = 1.2699e-07
Loss = 3.9491e-01, PNorm = 103.6881, GNorm = 8.5548, lr_0 = 1.2621e-07
Loss = 3.4753e-01, PNorm = 103.6881, GNorm = 12.8286, lr_0 = 1.2544e-07
Loss = 3.6461e-01, PNorm = 103.6881, GNorm = 8.9813, lr_0 = 1.2467e-07
Loss = 3.4819e-01, PNorm = 103.6881, GNorm = 8.0845, lr_0 = 1.2391e-07
Loss = 3.7785e-01, PNorm = 103.6881, GNorm = 11.3970, lr_0 = 1.2315e-07
Loss = 3.2654e-01, PNorm = 103.6881, GNorm = 16.0304, lr_0 = 1.2239e-07
Loss = 3.2963e-01, PNorm = 103.6881, GNorm = 6.0004, lr_0 = 1.2164e-07
Loss = 3.3589e-01, PNorm = 103.6881, GNorm = 13.0401, lr_0 = 1.2090e-07
Loss = 3.8996e-01, PNorm = 103.6881, GNorm = 31.9813, lr_0 = 1.2016e-07
Loss = 3.2318e-01, PNorm = 103.6881, GNorm = 6.4326, lr_0 = 1.1942e-07
Loss = 3.5155e-01, PNorm = 103.6881, GNorm = 7.1929, lr_0 = 1.1869e-07
Loss = 4.0668e-01, PNorm = 103.6881, GNorm = 11.4931, lr_0 = 1.1796e-07
Loss = 3.0897e-01, PNorm = 103.6881, GNorm = 7.2097, lr_0 = 1.1724e-07
Loss = 3.1778e-01, PNorm = 103.6881, GNorm = 5.6318, lr_0 = 1.1652e-07
Validation rmse = 65.966434
Epoch 29
Loss = 2.8812e-01, PNorm = 103.6881, GNorm = 10.6635, lr_0 = 1.1573e-07
Loss = 3.8745e-01, PNorm = 103.6882, GNorm = 9.2793, lr_0 = 1.1502e-07
Loss = 3.0774e-01, PNorm = 103.6882, GNorm = 34.0403, lr_0 = 1.1432e-07
Loss = 3.6551e-01, PNorm = 103.6882, GNorm = 6.0800, lr_0 = 1.1362e-07
Loss = 3.2293e-01, PNorm = 103.6882, GNorm = 17.5345, lr_0 = 1.1292e-07
Loss = 3.1302e-01, PNorm = 103.6882, GNorm = 7.4378, lr_0 = 1.1223e-07
Loss = 3.8788e-01, PNorm = 103.6882, GNorm = 6.6046, lr_0 = 1.1154e-07
Loss = 4.2396e-01, PNorm = 103.6882, GNorm = 22.7234, lr_0 = 1.1086e-07
Loss = 3.6441e-01, PNorm = 103.6882, GNorm = 8.7913, lr_0 = 1.1018e-07
Loss = 3.9722e-01, PNorm = 103.6882, GNorm = 3.7923, lr_0 = 1.0950e-07
Loss = 3.7676e-01, PNorm = 103.6882, GNorm = 12.4346, lr_0 = 1.0883e-07
Loss = 3.8684e-01, PNorm = 103.6882, GNorm = 9.5502, lr_0 = 1.0817e-07
Loss = 3.0943e-01, PNorm = 103.6882, GNorm = 11.2374, lr_0 = 1.0750e-07
Loss = 3.3492e-01, PNorm = 103.6882, GNorm = 5.6387, lr_0 = 1.0684e-07
Loss = 3.2217e-01, PNorm = 103.6882, GNorm = 3.7822, lr_0 = 1.0619e-07
Loss = 3.5301e-01, PNorm = 103.6882, GNorm = 7.5633, lr_0 = 1.0554e-07
Loss = 2.9825e-01, PNorm = 103.6882, GNorm = 3.2037, lr_0 = 1.0489e-07
Loss = 3.1631e-01, PNorm = 103.6882, GNorm = 8.9321, lr_0 = 1.0425e-07
Loss = 2.7475e-01, PNorm = 103.6882, GNorm = 21.4978, lr_0 = 1.0361e-07
Loss = 3.9857e-01, PNorm = 103.6882, GNorm = 3.3708, lr_0 = 1.0298e-07
Loss = 3.3828e-01, PNorm = 103.6882, GNorm = 11.0241, lr_0 = 1.0235e-07
Loss = 3.6806e-01, PNorm = 103.6882, GNorm = 9.3523, lr_0 = 1.0172e-07
Loss = 3.6057e-01, PNorm = 103.6882, GNorm = 22.0658, lr_0 = 1.0109e-07
Loss = 3.7044e-01, PNorm = 103.6882, GNorm = 10.3652, lr_0 = 1.0048e-07
Validation rmse = 65.831115
Epoch 30
Loss = 3.2800e-01, PNorm = 103.6882, GNorm = 3.8916, lr_0 = 9.9798e-08
Loss = 3.8136e-01, PNorm = 103.6882, GNorm = 7.3869, lr_0 = 9.9186e-08
Loss = 3.5711e-01, PNorm = 103.6882, GNorm = 3.7547, lr_0 = 9.8579e-08
Loss = 3.4976e-01, PNorm = 103.6883, GNorm = 10.6935, lr_0 = 9.7975e-08
Loss = 3.0595e-01, PNorm = 103.6883, GNorm = 6.0337, lr_0 = 9.7374e-08
Loss = 3.2317e-01, PNorm = 103.6883, GNorm = 7.1375, lr_0 = 9.6777e-08
Loss = 3.3581e-01, PNorm = 103.6883, GNorm = 3.5413, lr_0 = 9.6184e-08
Loss = 3.8789e-01, PNorm = 103.6883, GNorm = 10.7735, lr_0 = 9.5595e-08
Loss = 3.9603e-01, PNorm = 103.6883, GNorm = 17.8076, lr_0 = 9.5009e-08
Loss = 3.1638e-01, PNorm = 103.6883, GNorm = 15.8417, lr_0 = 9.4427e-08
Loss = 3.6218e-01, PNorm = 103.6883, GNorm = 7.4381, lr_0 = 9.3848e-08
Loss = 3.3352e-01, PNorm = 103.6883, GNorm = 4.3866, lr_0 = 9.3273e-08
Loss = 3.0084e-01, PNorm = 103.6883, GNorm = 3.4817, lr_0 = 9.2702e-08
Loss = 3.6629e-01, PNorm = 103.6883, GNorm = 6.4757, lr_0 = 9.2133e-08
Loss = 3.2427e-01, PNorm = 103.6883, GNorm = 10.8148, lr_0 = 9.1569e-08
Loss = 3.3463e-01, PNorm = 103.6883, GNorm = 8.8890, lr_0 = 9.1008e-08
Loss = 3.5535e-01, PNorm = 103.6883, GNorm = 22.6821, lr_0 = 9.0450e-08
Loss = 3.3733e-01, PNorm = 103.6883, GNorm = 10.1575, lr_0 = 8.9896e-08
Loss = 3.6967e-01, PNorm = 103.6883, GNorm = 8.1837, lr_0 = 8.9345e-08
Loss = 3.5036e-01, PNorm = 103.6883, GNorm = 11.5150, lr_0 = 8.8797e-08
Loss = 3.6245e-01, PNorm = 103.6883, GNorm = 25.9087, lr_0 = 8.8253e-08
Loss = 4.1382e-01, PNorm = 103.6883, GNorm = 19.0528, lr_0 = 8.7712e-08
Loss = 4.2883e-01, PNorm = 103.6883, GNorm = 7.7039, lr_0 = 8.7175e-08
Loss = 3.2462e-01, PNorm = 103.6883, GNorm = 9.9143, lr_0 = 8.6641e-08
Validation rmse = 66.118713
Epoch 31
Loss = 3.7031e-01, PNorm = 103.6883, GNorm = 7.4029, lr_0 = 8.6110e-08
Loss = 3.1391e-01, PNorm = 103.6883, GNorm = 3.3183, lr_0 = 8.5582e-08
Loss = 3.0883e-01, PNorm = 103.6883, GNorm = 5.2578, lr_0 = 8.5058e-08
Loss = 3.1850e-01, PNorm = 103.6883, GNorm = 4.1435, lr_0 = 8.4536e-08
Loss = 3.5277e-01, PNorm = 103.6883, GNorm = 4.5856, lr_0 = 8.4018e-08
Loss = 3.9519e-01, PNorm = 103.6883, GNorm = 13.6945, lr_0 = 8.3503e-08
Loss = 3.4879e-01, PNorm = 103.6883, GNorm = 4.1518, lr_0 = 8.2992e-08
Loss = 3.3806e-01, PNorm = 103.6884, GNorm = 14.9494, lr_0 = 8.2483e-08
Loss = 2.9231e-01, PNorm = 103.6884, GNorm = 7.1691, lr_0 = 8.1978e-08
Loss = 3.4859e-01, PNorm = 103.6884, GNorm = 23.0822, lr_0 = 8.1475e-08
Loss = 3.4820e-01, PNorm = 103.6884, GNorm = 5.4963, lr_0 = 8.0976e-08
Loss = 3.5327e-01, PNorm = 103.6884, GNorm = 5.1101, lr_0 = 8.0480e-08
Loss = 3.4175e-01, PNorm = 103.6884, GNorm = 17.9624, lr_0 = 7.9987e-08
Loss = 3.2539e-01, PNorm = 103.6884, GNorm = 5.8305, lr_0 = 7.9496e-08
Loss = 3.5252e-01, PNorm = 103.6884, GNorm = 13.1594, lr_0 = 7.9009e-08
Loss = 3.6195e-01, PNorm = 103.6884, GNorm = 8.1319, lr_0 = 7.8525e-08
Loss = 3.5860e-01, PNorm = 103.6884, GNorm = 11.2389, lr_0 = 7.8044e-08
Loss = 3.9309e-01, PNorm = 103.6884, GNorm = 15.6403, lr_0 = 7.7566e-08
Loss = 3.3068e-01, PNorm = 103.6884, GNorm = 3.6018, lr_0 = 7.7090e-08
Loss = 3.3947e-01, PNorm = 103.6884, GNorm = 4.7001, lr_0 = 7.6618e-08
Loss = 3.3499e-01, PNorm = 103.6884, GNorm = 11.5198, lr_0 = 7.6148e-08
Loss = 4.4103e-01, PNorm = 103.6884, GNorm = 6.9220, lr_0 = 7.5682e-08
Loss = 3.5663e-01, PNorm = 103.6884, GNorm = 10.7932, lr_0 = 7.5218e-08
Validation rmse = 65.875939
Epoch 32
Loss = 3.2370e-01, PNorm = 103.6884, GNorm = 3.4433, lr_0 = 7.4711e-08
Loss = 3.5508e-01, PNorm = 103.6884, GNorm = 4.4596, lr_0 = 7.4253e-08
Loss = 3.0693e-01, PNorm = 103.6884, GNorm = 17.2618, lr_0 = 7.3798e-08
Loss = 3.8791e-01, PNorm = 103.6884, GNorm = 13.3797, lr_0 = 7.3346e-08
Loss = 3.2382e-01, PNorm = 103.6884, GNorm = 4.2256, lr_0 = 7.2896e-08
Loss = 3.9273e-01, PNorm = 103.6884, GNorm = 4.5785, lr_0 = 7.2450e-08
Loss = 3.5572e-01, PNorm = 103.6884, GNorm = 4.4553, lr_0 = 7.2006e-08
Loss = 3.0905e-01, PNorm = 103.6884, GNorm = 3.9972, lr_0 = 7.1564e-08
Loss = 3.0668e-01, PNorm = 103.6884, GNorm = 10.9295, lr_0 = 7.1126e-08
Loss = 3.3490e-01, PNorm = 103.6884, GNorm = 6.2093, lr_0 = 7.0690e-08
Loss = 3.9381e-01, PNorm = 103.6884, GNorm = 12.6255, lr_0 = 7.0257e-08
Loss = 4.3170e-01, PNorm = 103.6884, GNorm = 5.6906, lr_0 = 6.9826e-08
Loss = 3.3896e-01, PNorm = 103.6884, GNorm = 6.3370, lr_0 = 6.9398e-08
Loss = 3.2993e-01, PNorm = 103.6884, GNorm = 9.7802, lr_0 = 6.8973e-08
Loss = 3.1433e-01, PNorm = 103.6884, GNorm = 12.5005, lr_0 = 6.8550e-08
Loss = 3.3209e-01, PNorm = 103.6884, GNorm = 8.7834, lr_0 = 6.8130e-08
Loss = 3.1787e-01, PNorm = 103.6885, GNorm = 16.8477, lr_0 = 6.7713e-08
Loss = 3.4229e-01, PNorm = 103.6885, GNorm = 10.9692, lr_0 = 6.7298e-08
Loss = 3.5682e-01, PNorm = 103.6885, GNorm = 9.6500, lr_0 = 6.6886e-08
Loss = 3.3835e-01, PNorm = 103.6885, GNorm = 7.6319, lr_0 = 6.6476e-08
Loss = 3.6131e-01, PNorm = 103.6885, GNorm = 8.6046, lr_0 = 6.6068e-08
Loss = 3.4297e-01, PNorm = 103.6885, GNorm = 6.8929, lr_0 = 6.5663e-08
Loss = 3.8289e-01, PNorm = 103.6885, GNorm = 5.0380, lr_0 = 6.5261e-08
Loss = 3.8372e-01, PNorm = 103.6885, GNorm = 17.4646, lr_0 = 6.4861e-08
Validation rmse = 65.826622
Epoch 33
Loss = 2.9514e-01, PNorm = 103.6885, GNorm = 19.1221, lr_0 = 6.4464e-08
Loss = 4.2266e-01, PNorm = 103.6885, GNorm = 14.7217, lr_0 = 6.4069e-08
Loss = 3.2605e-01, PNorm = 103.6885, GNorm = 4.6351, lr_0 = 6.3676e-08
Loss = 3.5725e-01, PNorm = 103.6885, GNorm = 4.5114, lr_0 = 6.3286e-08
Loss = 3.4435e-01, PNorm = 103.6885, GNorm = 3.5206, lr_0 = 6.2898e-08
Loss = 3.3366e-01, PNorm = 103.6885, GNorm = 20.1025, lr_0 = 6.2512e-08
Loss = 3.3767e-01, PNorm = 103.6885, GNorm = 21.3453, lr_0 = 6.2129e-08
Loss = 3.7247e-01, PNorm = 103.6885, GNorm = 9.5987, lr_0 = 6.1749e-08
Loss = 3.7440e-01, PNorm = 103.6885, GNorm = 5.5822, lr_0 = 6.1370e-08
Loss = 3.7267e-01, PNorm = 103.6885, GNorm = 8.8578, lr_0 = 6.0994e-08
Loss = 3.1559e-01, PNorm = 103.6885, GNorm = 16.8650, lr_0 = 6.0620e-08
Loss = 3.3758e-01, PNorm = 103.6885, GNorm = 5.3088, lr_0 = 6.0249e-08
Loss = 3.0745e-01, PNorm = 103.6885, GNorm = 8.3298, lr_0 = 5.9880e-08
Loss = 2.9549e-01, PNorm = 103.6885, GNorm = 25.8939, lr_0 = 5.9513e-08
Loss = 3.6843e-01, PNorm = 103.6885, GNorm = 16.3250, lr_0 = 5.9148e-08
Loss = 3.6325e-01, PNorm = 103.6885, GNorm = 7.0549, lr_0 = 5.8786e-08
Loss = 3.2241e-01, PNorm = 103.6885, GNorm = 3.4426, lr_0 = 5.8425e-08
Loss = 3.5914e-01, PNorm = 103.6885, GNorm = 4.1461, lr_0 = 5.8067e-08
Loss = 3.0554e-01, PNorm = 103.6885, GNorm = 3.8620, lr_0 = 5.7711e-08
Loss = 4.0000e-01, PNorm = 103.6885, GNorm = 17.5590, lr_0 = 5.7358e-08
Loss = 3.6288e-01, PNorm = 103.6885, GNorm = 9.8106, lr_0 = 5.7006e-08
Loss = 3.9628e-01, PNorm = 103.6885, GNorm = 9.1837, lr_0 = 5.6657e-08
Loss = 3.5888e-01, PNorm = 103.6885, GNorm = 7.6102, lr_0 = 5.6310e-08
Validation rmse = 65.824393
Epoch 34
Loss = 5.8799e-01, PNorm = 103.6885, GNorm = 12.9889, lr_0 = 5.5930e-08
Loss = 3.1703e-01, PNorm = 103.6885, GNorm = 4.3436, lr_0 = 5.5588e-08
Loss = 3.8816e-01, PNorm = 103.6885, GNorm = 6.9053, lr_0 = 5.5247e-08
Loss = 3.5327e-01, PNorm = 103.6885, GNorm = 6.8638, lr_0 = 5.4908e-08
Loss = 3.4699e-01, PNorm = 103.6885, GNorm = 7.6152, lr_0 = 5.4572e-08
Loss = 3.7631e-01, PNorm = 103.6885, GNorm = 10.0101, lr_0 = 5.4237e-08
Loss = 2.8724e-01, PNorm = 103.6885, GNorm = 6.5961, lr_0 = 5.3905e-08
Loss = 3.8592e-01, PNorm = 103.6885, GNorm = 19.8908, lr_0 = 5.3575e-08
Loss = 3.6661e-01, PNorm = 103.6885, GNorm = 9.6184, lr_0 = 5.3246e-08
Loss = 3.5573e-01, PNorm = 103.6885, GNorm = 8.4314, lr_0 = 5.2920e-08
Loss = 3.4873e-01, PNorm = 103.6885, GNorm = 9.3176, lr_0 = 5.2596e-08
Loss = 3.2945e-01, PNorm = 103.6885, GNorm = 13.6569, lr_0 = 5.2274e-08
Loss = 3.5474e-01, PNorm = 103.6886, GNorm = 23.3809, lr_0 = 5.1953e-08
Loss = 3.1695e-01, PNorm = 103.6886, GNorm = 3.5960, lr_0 = 5.1635e-08
Loss = 3.3234e-01, PNorm = 103.6886, GNorm = 5.0401, lr_0 = 5.1318e-08
Loss = 3.5663e-01, PNorm = 103.6886, GNorm = 8.6664, lr_0 = 5.1004e-08
Loss = 3.3608e-01, PNorm = 103.6886, GNorm = 3.3127, lr_0 = 5.0691e-08
Loss = 3.2490e-01, PNorm = 103.6886, GNorm = 11.1049, lr_0 = 5.0381e-08
Loss = 3.1311e-01, PNorm = 103.6886, GNorm = 17.1863, lr_0 = 5.0072e-08
Loss = 3.7400e-01, PNorm = 103.6886, GNorm = 5.0658, lr_0 = 4.9765e-08
Loss = 3.4506e-01, PNorm = 103.6886, GNorm = 16.2321, lr_0 = 4.9460e-08
Loss = 3.6664e-01, PNorm = 103.6886, GNorm = 3.4407, lr_0 = 4.9157e-08
Loss = 3.1321e-01, PNorm = 103.6886, GNorm = 6.6915, lr_0 = 4.8856e-08
Loss = 4.1673e-01, PNorm = 103.6886, GNorm = 15.0994, lr_0 = 4.8556e-08
Validation rmse = 65.772464
Epoch 35
Loss = 3.5621e-01, PNorm = 103.6886, GNorm = 6.9306, lr_0 = 4.8259e-08
Loss = 3.0739e-01, PNorm = 103.6886, GNorm = 8.7345, lr_0 = 4.7963e-08
Loss = 3.7031e-01, PNorm = 103.6886, GNorm = 9.6278, lr_0 = 4.7669e-08
Loss = 3.8258e-01, PNorm = 103.6886, GNorm = 9.6335, lr_0 = 4.7377e-08
Loss = 3.3045e-01, PNorm = 103.6886, GNorm = 12.7897, lr_0 = 4.7087e-08
Loss = 3.1803e-01, PNorm = 103.6886, GNorm = 6.1286, lr_0 = 4.6798e-08
Loss = 3.6981e-01, PNorm = 103.6886, GNorm = 3.1068, lr_0 = 4.6511e-08
Loss = 3.3911e-01, PNorm = 103.6886, GNorm = 20.8945, lr_0 = 4.6226e-08
Loss = 3.3942e-01, PNorm = 103.6886, GNorm = 5.8810, lr_0 = 4.5943e-08
Loss = 3.5086e-01, PNorm = 103.6886, GNorm = 5.6727, lr_0 = 4.5662e-08
Loss = 3.5628e-01, PNorm = 103.6886, GNorm = 2.7277, lr_0 = 4.5382e-08
Loss = 3.9444e-01, PNorm = 103.6886, GNorm = 17.6613, lr_0 = 4.5104e-08
Loss = 3.7673e-01, PNorm = 103.6886, GNorm = 3.7673, lr_0 = 4.4827e-08
Loss = 2.9288e-01, PNorm = 103.6886, GNorm = 21.3935, lr_0 = 4.4553e-08
Loss = 3.3029e-01, PNorm = 103.6886, GNorm = 3.0596, lr_0 = 4.4280e-08
Loss = 3.8090e-01, PNorm = 103.6886, GNorm = 3.9867, lr_0 = 4.4008e-08
Loss = 3.3880e-01, PNorm = 103.6886, GNorm = 10.4948, lr_0 = 4.3739e-08
Loss = 3.8202e-01, PNorm = 103.6886, GNorm = 15.8667, lr_0 = 4.3470e-08
Loss = 3.7704e-01, PNorm = 103.6886, GNorm = 8.5277, lr_0 = 4.3204e-08
Loss = 3.5074e-01, PNorm = 103.6886, GNorm = 4.3838, lr_0 = 4.2939e-08
Loss = 3.4061e-01, PNorm = 103.6886, GNorm = 3.9076, lr_0 = 4.2676e-08
Loss = 3.4277e-01, PNorm = 103.6886, GNorm = 3.3543, lr_0 = 4.2415e-08
Loss = 3.1300e-01, PNorm = 103.6886, GNorm = 2.9257, lr_0 = 4.2155e-08
Loss = 2.7176e-01, PNorm = 103.6886, GNorm = 3.2958, lr_0 = 4.1896e-08
Validation rmse = 65.749690
Epoch 36
Loss = 3.7619e-01, PNorm = 103.6886, GNorm = 5.8581, lr_0 = 4.1614e-08
Loss = 3.9419e-01, PNorm = 103.6886, GNorm = 30.7490, lr_0 = 4.1359e-08
Loss = 3.4823e-01, PNorm = 103.6886, GNorm = 30.7694, lr_0 = 4.1106e-08
Loss = 4.0620e-01, PNorm = 103.6886, GNorm = 18.9995, lr_0 = 4.0854e-08
Loss = 3.2736e-01, PNorm = 103.6886, GNorm = 17.5741, lr_0 = 4.0603e-08
Loss = 3.5290e-01, PNorm = 103.6886, GNorm = 8.9165, lr_0 = 4.0355e-08
Loss = 3.0892e-01, PNorm = 103.6886, GNorm = 14.0735, lr_0 = 4.0107e-08
Loss = 3.3392e-01, PNorm = 103.6886, GNorm = 10.2253, lr_0 = 3.9861e-08
Loss = 3.3145e-01, PNorm = 103.6886, GNorm = 12.5205, lr_0 = 3.9617e-08
Loss = 3.7560e-01, PNorm = 103.6886, GNorm = 7.6484, lr_0 = 3.9374e-08
Loss = 3.1495e-01, PNorm = 103.6886, GNorm = 3.3215, lr_0 = 3.9133e-08
Loss = 2.9303e-01, PNorm = 103.6886, GNorm = 6.6822, lr_0 = 3.8893e-08
Loss = 3.8493e-01, PNorm = 103.6886, GNorm = 4.4996, lr_0 = 3.8655e-08
Loss = 3.3322e-01, PNorm = 103.6886, GNorm = 11.0607, lr_0 = 3.8418e-08
Loss = 3.4540e-01, PNorm = 103.6886, GNorm = 4.1506, lr_0 = 3.8183e-08
Loss = 4.2677e-01, PNorm = 103.6886, GNorm = 11.8714, lr_0 = 3.7949e-08
Loss = 3.3609e-01, PNorm = 103.6886, GNorm = 8.6295, lr_0 = 3.7716e-08
Loss = 3.5195e-01, PNorm = 103.6886, GNorm = 8.8160, lr_0 = 3.7485e-08
Loss = 3.1502e-01, PNorm = 103.6886, GNorm = 13.2010, lr_0 = 3.7255e-08
Loss = 4.1497e-01, PNorm = 103.6886, GNorm = 15.8805, lr_0 = 3.7027e-08
Loss = 3.1122e-01, PNorm = 103.6886, GNorm = 10.2227, lr_0 = 3.6800e-08
Loss = 3.2478e-01, PNorm = 103.6887, GNorm = 6.0011, lr_0 = 3.6575e-08
Loss = 3.0679e-01, PNorm = 103.6887, GNorm = 16.5932, lr_0 = 3.6350e-08
Validation rmse = 65.730028
Epoch 37
Loss = 3.4229e-01, PNorm = 103.6887, GNorm = 5.2570, lr_0 = 3.6128e-08
Loss = 3.7321e-01, PNorm = 103.6887, GNorm = 4.8276, lr_0 = 3.5906e-08
Loss = 3.5160e-01, PNorm = 103.6887, GNorm = 4.5808, lr_0 = 3.5686e-08
Loss = 3.5779e-01, PNorm = 103.6887, GNorm = 7.9595, lr_0 = 3.5468e-08
Loss = 3.4284e-01, PNorm = 103.6887, GNorm = 14.4972, lr_0 = 3.5250e-08
Loss = 3.6053e-01, PNorm = 103.6887, GNorm = 5.8873, lr_0 = 3.5034e-08
Loss = 3.6644e-01, PNorm = 103.6887, GNorm = 17.3225, lr_0 = 3.4820e-08
Loss = 3.5304e-01, PNorm = 103.6887, GNorm = 11.4135, lr_0 = 3.4606e-08
Loss = 4.1185e-01, PNorm = 103.6887, GNorm = 8.0002, lr_0 = 3.4394e-08
Loss = 3.6459e-01, PNorm = 103.6887, GNorm = 10.3456, lr_0 = 3.4183e-08
Loss = 3.7145e-01, PNorm = 103.6887, GNorm = 9.7591, lr_0 = 3.3974e-08
Loss = 3.4982e-01, PNorm = 103.6887, GNorm = 5.5729, lr_0 = 3.3766e-08
Loss = 3.0719e-01, PNorm = 103.6887, GNorm = 19.8317, lr_0 = 3.3559e-08
Loss = 3.0820e-01, PNorm = 103.6887, GNorm = 11.4186, lr_0 = 3.3353e-08
Loss = 3.3626e-01, PNorm = 103.6887, GNorm = 5.3520, lr_0 = 3.3149e-08
Loss = 3.5856e-01, PNorm = 103.6887, GNorm = 23.4663, lr_0 = 3.2946e-08
Loss = 3.1983e-01, PNorm = 103.6887, GNorm = 9.6900, lr_0 = 3.2744e-08
Loss = 3.1692e-01, PNorm = 103.6887, GNorm = 8.7554, lr_0 = 3.2543e-08
Loss = 3.0760e-01, PNorm = 103.6887, GNorm = 3.2043, lr_0 = 3.2344e-08
Loss = 3.1304e-01, PNorm = 103.6887, GNorm = 9.1090, lr_0 = 3.2145e-08
Loss = 3.6533e-01, PNorm = 103.6887, GNorm = 4.2349, lr_0 = 3.1948e-08
Loss = 3.2343e-01, PNorm = 103.6887, GNorm = 8.8165, lr_0 = 3.1753e-08
Loss = 4.3705e-01, PNorm = 103.6887, GNorm = 9.4756, lr_0 = 3.1558e-08
Loss = 3.4207e-01, PNorm = 103.6887, GNorm = 3.7362, lr_0 = 3.1365e-08
Validation rmse = 65.771690
Epoch 38
Loss = 3.5163e-01, PNorm = 103.6887, GNorm = 4.5934, lr_0 = 3.1153e-08
Loss = 3.9585e-01, PNorm = 103.6887, GNorm = 29.7297, lr_0 = 3.0962e-08
Loss = 3.5275e-01, PNorm = 103.6887, GNorm = 7.4580, lr_0 = 3.0773e-08
Loss = 3.5977e-01, PNorm = 103.6887, GNorm = 7.3736, lr_0 = 3.0584e-08
Loss = 3.2482e-01, PNorm = 103.6887, GNorm = 19.6375, lr_0 = 3.0397e-08
Loss = 3.6204e-01, PNorm = 103.6887, GNorm = 21.1744, lr_0 = 3.0210e-08
Loss = 3.3628e-01, PNorm = 103.6887, GNorm = 9.5867, lr_0 = 3.0025e-08
Loss = 3.0298e-01, PNorm = 103.6887, GNorm = 13.8551, lr_0 = 2.9841e-08
Loss = 3.7184e-01, PNorm = 103.6887, GNorm = 9.9515, lr_0 = 2.9658e-08
Loss = 3.2199e-01, PNorm = 103.6887, GNorm = 6.4330, lr_0 = 2.9477e-08
Loss = 3.3223e-01, PNorm = 103.6887, GNorm = 10.9078, lr_0 = 2.9296e-08
Loss = 3.6335e-01, PNorm = 103.6887, GNorm = 15.2512, lr_0 = 2.9116e-08
Loss = 3.2321e-01, PNorm = 103.6887, GNorm = 7.6533, lr_0 = 2.8938e-08
Loss = 4.0028e-01, PNorm = 103.6887, GNorm = 5.1863, lr_0 = 2.8761e-08
Loss = 3.2854e-01, PNorm = 103.6887, GNorm = 3.0662, lr_0 = 2.8584e-08
Loss = 3.1079e-01, PNorm = 103.6887, GNorm = 8.7671, lr_0 = 2.8409e-08
Loss = 4.0050e-01, PNorm = 103.6887, GNorm = 17.7578, lr_0 = 2.8235e-08
Loss = 3.7203e-01, PNorm = 103.6887, GNorm = 3.8667, lr_0 = 2.8062e-08
Loss = 3.7080e-01, PNorm = 103.6887, GNorm = 7.8536, lr_0 = 2.7890e-08
Loss = 3.1031e-01, PNorm = 103.6887, GNorm = 15.1635, lr_0 = 2.7719e-08
Loss = 3.4358e-01, PNorm = 103.6887, GNorm = 16.9608, lr_0 = 2.7549e-08
Loss = 3.6548e-01, PNorm = 103.6887, GNorm = 17.8152, lr_0 = 2.7381e-08
Loss = 3.6153e-01, PNorm = 103.6887, GNorm = 11.7363, lr_0 = 2.7213e-08
Loss = 3.1986e-01, PNorm = 103.6887, GNorm = 19.9640, lr_0 = 2.7046e-08
Validation rmse = 65.728785
Epoch 39
Loss = 3.4939e-01, PNorm = 103.6887, GNorm = 9.9195, lr_0 = 2.6880e-08
Loss = 3.7244e-01, PNorm = 103.6887, GNorm = 5.1642, lr_0 = 2.6716e-08
Loss = 2.9615e-01, PNorm = 103.6887, GNorm = 26.3935, lr_0 = 2.6552e-08
Loss = 3.6511e-01, PNorm = 103.6887, GNorm = 7.2240, lr_0 = 2.6389e-08
Loss = 3.1567e-01, PNorm = 103.6887, GNorm = 12.4057, lr_0 = 2.6227e-08
Loss = 3.6581e-01, PNorm = 103.6887, GNorm = 5.4700, lr_0 = 2.6067e-08
Loss = 3.8342e-01, PNorm = 103.6887, GNorm = 5.8141, lr_0 = 2.5907e-08
Loss = 3.4779e-01, PNorm = 103.6887, GNorm = 6.9456, lr_0 = 2.5748e-08
Loss = 3.5725e-01, PNorm = 103.6887, GNorm = 9.1721, lr_0 = 2.5590e-08
Loss = 3.7972e-01, PNorm = 103.6887, GNorm = 8.8261, lr_0 = 2.5434e-08
Loss = 3.3441e-01, PNorm = 103.6887, GNorm = 11.5265, lr_0 = 2.5278e-08
Loss = 3.8602e-01, PNorm = 103.6887, GNorm = 8.8701, lr_0 = 2.5123e-08
Loss = 3.7373e-01, PNorm = 103.6887, GNorm = 6.8939, lr_0 = 2.4969e-08
Loss = 3.3442e-01, PNorm = 103.6887, GNorm = 3.6704, lr_0 = 2.4816e-08
Loss = 3.7311e-01, PNorm = 103.6887, GNorm = 8.9623, lr_0 = 2.4664e-08
Loss = 2.7621e-01, PNorm = 103.6887, GNorm = 8.1281, lr_0 = 2.4513e-08
Loss = 3.5048e-01, PNorm = 103.6887, GNorm = 4.5131, lr_0 = 2.4362e-08
Loss = 3.2178e-01, PNorm = 103.6887, GNorm = 7.9873, lr_0 = 2.4213e-08
Loss = 3.6900e-01, PNorm = 103.6887, GNorm = 8.1758, lr_0 = 2.4065e-08
Loss = 3.4689e-01, PNorm = 103.6887, GNorm = 2.8544, lr_0 = 2.3917e-08
Loss = 3.5609e-01, PNorm = 103.6887, GNorm = 16.8072, lr_0 = 2.3771e-08
Loss = 3.2249e-01, PNorm = 103.6887, GNorm = 6.3541, lr_0 = 2.3625e-08
Loss = 2.8797e-01, PNorm = 103.6887, GNorm = 13.1314, lr_0 = 2.3480e-08
Validation rmse = 65.689113
Epoch 40
Loss = 2.4202e-01, PNorm = 103.6887, GNorm = 21.2635, lr_0 = 2.3322e-08
Loss = 3.3630e-01, PNorm = 103.6887, GNorm = 5.7879, lr_0 = 2.3179e-08
Loss = 3.1472e-01, PNorm = 103.6887, GNorm = 5.9100, lr_0 = 2.3037e-08
Loss = 2.8716e-01, PNorm = 103.6887, GNorm = 20.0261, lr_0 = 2.2896e-08
Loss = 3.5962e-01, PNorm = 103.6887, GNorm = 8.4261, lr_0 = 2.2756e-08
Loss = 3.4348e-01, PNorm = 103.6887, GNorm = 3.4802, lr_0 = 2.2616e-08
Loss = 3.4763e-01, PNorm = 103.6887, GNorm = 4.1148, lr_0 = 2.2478e-08
Loss = 3.5272e-01, PNorm = 103.6887, GNorm = 5.6259, lr_0 = 2.2340e-08
Loss = 3.5943e-01, PNorm = 103.6887, GNorm = 7.4631, lr_0 = 2.2203e-08
Loss = 2.9804e-01, PNorm = 103.6887, GNorm = 10.1100, lr_0 = 2.2067e-08
Loss = 3.6204e-01, PNorm = 103.6887, GNorm = 21.1222, lr_0 = 2.1932e-08
Loss = 3.5679e-01, PNorm = 103.6887, GNorm = 7.1357, lr_0 = 2.1797e-08
Loss = 4.2094e-01, PNorm = 103.6887, GNorm = 18.2478, lr_0 = 2.1664e-08
Loss = 3.5329e-01, PNorm = 103.6887, GNorm = 7.0832, lr_0 = 2.1531e-08
Loss = 3.3818e-01, PNorm = 103.6887, GNorm = 4.0219, lr_0 = 2.1399e-08
Loss = 3.2651e-01, PNorm = 103.6887, GNorm = 9.2568, lr_0 = 2.1268e-08
Loss = 3.9993e-01, PNorm = 103.6887, GNorm = 9.9189, lr_0 = 2.1137e-08
Loss = 3.0098e-01, PNorm = 103.6887, GNorm = 11.9652, lr_0 = 2.1008e-08
Loss = 3.0477e-01, PNorm = 103.6887, GNorm = 5.3876, lr_0 = 2.0879e-08
Loss = 3.9687e-01, PNorm = 103.6887, GNorm = 8.4660, lr_0 = 2.0751e-08
Loss = 3.3078e-01, PNorm = 103.6888, GNorm = 9.1353, lr_0 = 2.0624e-08
Loss = 3.4250e-01, PNorm = 103.6888, GNorm = 10.6348, lr_0 = 2.0498e-08
Loss = 3.7160e-01, PNorm = 103.6888, GNorm = 15.1603, lr_0 = 2.0372e-08
Loss = 3.3448e-01, PNorm = 103.6888, GNorm = 14.0119, lr_0 = 2.0247e-08
Validation rmse = 65.695049
Epoch 41
Loss = 4.1468e-01, PNorm = 103.6888, GNorm = 29.4212, lr_0 = 2.0123e-08
Loss = 3.5224e-01, PNorm = 103.6888, GNorm = 12.3988, lr_0 = 2.0000e-08
Loss = 3.7165e-01, PNorm = 103.6888, GNorm = 15.7787, lr_0 = 1.9877e-08
Loss = 3.6468e-01, PNorm = 103.6888, GNorm = 19.1007, lr_0 = 1.9755e-08
Loss = 3.1074e-01, PNorm = 103.6888, GNorm = 4.9390, lr_0 = 1.9634e-08
Loss = 3.3752e-01, PNorm = 103.6888, GNorm = 3.2490, lr_0 = 1.9514e-08
Loss = 3.8693e-01, PNorm = 103.6888, GNorm = 14.4844, lr_0 = 1.9395e-08
Loss = 3.2336e-01, PNorm = 103.6888, GNorm = 4.4957, lr_0 = 1.9276e-08
Loss = 3.1666e-01, PNorm = 103.6888, GNorm = 4.7536, lr_0 = 1.9158e-08
Loss = 3.6226e-01, PNorm = 103.6888, GNorm = 4.5093, lr_0 = 1.9040e-08
Loss = 3.2767e-01, PNorm = 103.6888, GNorm = 7.6498, lr_0 = 1.8923e-08
Loss = 3.6220e-01, PNorm = 103.6888, GNorm = 5.8030, lr_0 = 1.8807e-08
Loss = 3.7809e-01, PNorm = 103.6888, GNorm = 8.6491, lr_0 = 1.8692e-08
Loss = 3.0611e-01, PNorm = 103.6888, GNorm = 5.2879, lr_0 = 1.8578e-08
Loss = 3.5931e-01, PNorm = 103.6888, GNorm = 3.9041, lr_0 = 1.8464e-08
Loss = 3.1661e-01, PNorm = 103.6888, GNorm = 4.3651, lr_0 = 1.8351e-08
Loss = 3.5254e-01, PNorm = 103.6888, GNorm = 28.9227, lr_0 = 1.8238e-08
Loss = 4.2261e-01, PNorm = 103.6888, GNorm = 11.4728, lr_0 = 1.8126e-08
Loss = 3.4715e-01, PNorm = 103.6888, GNorm = 18.3495, lr_0 = 1.8015e-08
Loss = 2.8504e-01, PNorm = 103.6888, GNorm = 13.6910, lr_0 = 1.7905e-08
Loss = 3.6830e-01, PNorm = 103.6888, GNorm = 10.0725, lr_0 = 1.7795e-08
Loss = 3.9401e-01, PNorm = 103.6888, GNorm = 5.4257, lr_0 = 1.7686e-08
Loss = 2.7171e-01, PNorm = 103.6888, GNorm = 13.3764, lr_0 = 1.7578e-08
Loss = 3.6992e-01, PNorm = 103.6888, GNorm = 5.6428, lr_0 = 1.7470e-08
Validation rmse = 65.673462
Epoch 42
Loss = 3.6143e-01, PNorm = 103.6888, GNorm = 6.5498, lr_0 = 1.7352e-08
Loss = 3.3871e-01, PNorm = 103.6888, GNorm = 31.7593, lr_0 = 1.7246e-08
Loss = 3.2087e-01, PNorm = 103.6888, GNorm = 7.4499, lr_0 = 1.7140e-08
Loss = 2.9226e-01, PNorm = 103.6888, GNorm = 5.7460, lr_0 = 1.7035e-08
Loss = 3.7301e-01, PNorm = 103.6888, GNorm = 15.7229, lr_0 = 1.6931e-08
Loss = 3.4235e-01, PNorm = 103.6888, GNorm = 15.9246, lr_0 = 1.6827e-08
Loss = 3.7512e-01, PNorm = 103.6888, GNorm = 12.6608, lr_0 = 1.6724e-08
Loss = 4.0893e-01, PNorm = 103.6888, GNorm = 4.8672, lr_0 = 1.6622e-08
Loss = 3.8439e-01, PNorm = 103.6888, GNorm = 5.6022, lr_0 = 1.6520e-08
Loss = 3.4165e-01, PNorm = 103.6888, GNorm = 4.3440, lr_0 = 1.6418e-08
Loss = 3.3816e-01, PNorm = 103.6888, GNorm = 4.4280, lr_0 = 1.6318e-08
Loss = 3.5299e-01, PNorm = 103.6888, GNorm = 3.3293, lr_0 = 1.6218e-08
Loss = 3.3940e-01, PNorm = 103.6888, GNorm = 16.8961, lr_0 = 1.6118e-08
Loss = 3.6516e-01, PNorm = 103.6888, GNorm = 13.8826, lr_0 = 1.6020e-08
Loss = 3.7270e-01, PNorm = 103.6888, GNorm = 12.6836, lr_0 = 1.5922e-08
Loss = 3.2822e-01, PNorm = 103.6888, GNorm = 20.7403, lr_0 = 1.5824e-08
Loss = 3.4690e-01, PNorm = 103.6888, GNorm = 11.4800, lr_0 = 1.5727e-08
Loss = 3.9426e-01, PNorm = 103.6888, GNorm = 3.5661, lr_0 = 1.5631e-08
Loss = 3.3622e-01, PNorm = 103.6888, GNorm = 11.0940, lr_0 = 1.5535e-08
Loss = 3.4648e-01, PNorm = 103.6888, GNorm = 7.9297, lr_0 = 1.5440e-08
Loss = 3.3289e-01, PNorm = 103.6888, GNorm = 5.6777, lr_0 = 1.5345e-08
Loss = 2.8923e-01, PNorm = 103.6888, GNorm = 11.0111, lr_0 = 1.5251e-08
Loss = 3.0492e-01, PNorm = 103.6888, GNorm = 4.8736, lr_0 = 1.5158e-08
Validation rmse = 65.678004
Epoch 43
Loss = 4.1272e-01, PNorm = 103.6888, GNorm = 14.6592, lr_0 = 1.5055e-08
Loss = 3.4029e-01, PNorm = 103.6888, GNorm = 4.9999, lr_0 = 1.4963e-08
Loss = 3.0543e-01, PNorm = 103.6888, GNorm = 7.6423, lr_0 = 1.4871e-08
Loss = 3.7629e-01, PNorm = 103.6888, GNorm = 9.4757, lr_0 = 1.4780e-08
Loss = 3.2859e-01, PNorm = 103.6888, GNorm = 3.3443, lr_0 = 1.4690e-08
Loss = 3.4065e-01, PNorm = 103.6888, GNorm = 10.7703, lr_0 = 1.4600e-08
Loss = 3.8919e-01, PNorm = 103.6888, GNorm = 27.6296, lr_0 = 1.4510e-08
Loss = 3.1701e-01, PNorm = 103.6888, GNorm = 11.3733, lr_0 = 1.4421e-08
Loss = 3.0309e-01, PNorm = 103.6888, GNorm = 6.1362, lr_0 = 1.4333e-08
Loss = 3.6105e-01, PNorm = 103.6888, GNorm = 13.2771, lr_0 = 1.4245e-08
Loss = 3.3057e-01, PNorm = 103.6888, GNorm = 6.9939, lr_0 = 1.4158e-08
Loss = 3.8994e-01, PNorm = 103.6888, GNorm = 8.5817, lr_0 = 1.4071e-08
Loss = 2.9590e-01, PNorm = 103.6888, GNorm = 12.0470, lr_0 = 1.3985e-08
Loss = 3.5479e-01, PNorm = 103.6888, GNorm = 21.8647, lr_0 = 1.3899e-08
Loss = 4.2294e-01, PNorm = 103.6888, GNorm = 8.5332, lr_0 = 1.3814e-08
Loss = 3.4752e-01, PNorm = 103.6888, GNorm = 8.0447, lr_0 = 1.3729e-08
Loss = 3.5696e-01, PNorm = 103.6888, GNorm = 10.1476, lr_0 = 1.3645e-08
Loss = 3.5751e-01, PNorm = 103.6888, GNorm = 8.5612, lr_0 = 1.3562e-08
Loss = 3.2208e-01, PNorm = 103.6888, GNorm = 16.0786, lr_0 = 1.3478e-08
Loss = 3.1124e-01, PNorm = 103.6888, GNorm = 13.1633, lr_0 = 1.3396e-08
Loss = 3.9619e-01, PNorm = 103.6888, GNorm = 10.4438, lr_0 = 1.3314e-08
Loss = 3.5567e-01, PNorm = 103.6888, GNorm = 16.8499, lr_0 = 1.3232e-08
Loss = 2.8903e-01, PNorm = 103.6888, GNorm = 12.2124, lr_0 = 1.3151e-08
Loss = 4.0604e-01, PNorm = 103.6888, GNorm = 22.2860, lr_0 = 1.3070e-08
Validation rmse = 65.671646
Epoch 44
Loss = 2.9104e-01, PNorm = 103.6888, GNorm = 3.3780, lr_0 = 1.2990e-08
Loss = 3.7003e-01, PNorm = 103.6888, GNorm = 11.5157, lr_0 = 1.2911e-08
Loss = 3.2751e-01, PNorm = 103.6888, GNorm = 9.3072, lr_0 = 1.2832e-08
Loss = 3.1909e-01, PNorm = 103.6888, GNorm = 10.4934, lr_0 = 1.2753e-08
Loss = 3.6796e-01, PNorm = 103.6888, GNorm = 29.6624, lr_0 = 1.2675e-08
Loss = 3.2622e-01, PNorm = 103.6888, GNorm = 12.1717, lr_0 = 1.2597e-08
Loss = 3.7227e-01, PNorm = 103.6888, GNorm = 9.8770, lr_0 = 1.2520e-08
Loss = 3.4308e-01, PNorm = 103.6888, GNorm = 8.1792, lr_0 = 1.2443e-08
Loss = 3.1817e-01, PNorm = 103.6888, GNorm = 10.5021, lr_0 = 1.2367e-08
Loss = 4.2358e-01, PNorm = 103.6888, GNorm = 25.6909, lr_0 = 1.2291e-08
Loss = 3.2681e-01, PNorm = 103.6888, GNorm = 7.4002, lr_0 = 1.2216e-08
Loss = 4.1729e-01, PNorm = 103.6888, GNorm = 3.8162, lr_0 = 1.2141e-08
Loss = 3.1204e-01, PNorm = 103.6888, GNorm = 5.7738, lr_0 = 1.2067e-08
Loss = 3.9791e-01, PNorm = 103.6888, GNorm = 4.8642, lr_0 = 1.1993e-08
Loss = 3.0366e-01, PNorm = 103.6888, GNorm = 3.0937, lr_0 = 1.1919e-08
Loss = 3.2658e-01, PNorm = 103.6888, GNorm = 12.9583, lr_0 = 1.1846e-08
Loss = 3.7297e-01, PNorm = 103.6888, GNorm = 4.8102, lr_0 = 1.1774e-08
Loss = 3.4079e-01, PNorm = 103.6888, GNorm = 10.9723, lr_0 = 1.1701e-08
Loss = 3.8285e-01, PNorm = 103.6888, GNorm = 25.5381, lr_0 = 1.1630e-08
Loss = 3.7809e-01, PNorm = 103.6888, GNorm = 21.7902, lr_0 = 1.1558e-08
Loss = 3.0741e-01, PNorm = 103.6888, GNorm = 6.5629, lr_0 = 1.1488e-08
Loss = 3.2650e-01, PNorm = 103.6888, GNorm = 14.4067, lr_0 = 1.1417e-08
Loss = 3.1155e-01, PNorm = 103.6888, GNorm = 24.2930, lr_0 = 1.1347e-08
Loss = 3.7722e-01, PNorm = 103.6888, GNorm = 9.4960, lr_0 = 1.1278e-08
Loss = 3.8297e-01, PNorm = 103.6888, GNorm = 6.4099, lr_0 = 1.1271e-08
Validation rmse = 65.654060
Epoch 45
Loss = 3.7870e-01, PNorm = 103.6888, GNorm = 10.9289, lr_0 = 1.1202e-08
Loss = 3.4828e-01, PNorm = 103.6888, GNorm = 3.8754, lr_0 = 1.1133e-08
Loss = 3.2066e-01, PNorm = 103.6888, GNorm = 3.4316, lr_0 = 1.1065e-08
Loss = 3.6300e-01, PNorm = 103.6888, GNorm = 5.3162, lr_0 = 1.0997e-08
Loss = 3.5839e-01, PNorm = 103.6888, GNorm = 5.6614, lr_0 = 1.0930e-08
Loss = 3.1829e-01, PNorm = 103.6888, GNorm = 13.2446, lr_0 = 1.0863e-08
Loss = 3.1426e-01, PNorm = 103.6888, GNorm = 8.2884, lr_0 = 1.0796e-08
Loss = 3.7018e-01, PNorm = 103.6888, GNorm = 7.9033, lr_0 = 1.0730e-08
Loss = 3.1176e-01, PNorm = 103.6888, GNorm = 8.7804, lr_0 = 1.0664e-08
Loss = 3.3142e-01, PNorm = 103.6888, GNorm = 11.0302, lr_0 = 1.0599e-08
Loss = 3.8148e-01, PNorm = 103.6888, GNorm = 5.2947, lr_0 = 1.0534e-08
Loss = 3.6453e-01, PNorm = 103.6888, GNorm = 16.6279, lr_0 = 1.0469e-08
Loss = 3.0486e-01, PNorm = 103.6888, GNorm = 9.5164, lr_0 = 1.0405e-08
Loss = 4.0048e-01, PNorm = 103.6888, GNorm = 16.8809, lr_0 = 1.0341e-08
Loss = 3.4947e-01, PNorm = 103.6888, GNorm = 4.6848, lr_0 = 1.0278e-08
Loss = 3.0551e-01, PNorm = 103.6888, GNorm = 15.9523, lr_0 = 1.0215e-08
Loss = 3.0881e-01, PNorm = 103.6888, GNorm = 29.8655, lr_0 = 1.0152e-08
Loss = 3.4264e-01, PNorm = 103.6888, GNorm = 3.7485, lr_0 = 1.0090e-08
Loss = 3.7986e-01, PNorm = 103.6888, GNorm = 7.3570, lr_0 = 1.0028e-08
Loss = 2.9516e-01, PNorm = 103.6888, GNorm = 8.4485, lr_0 = 9.9670e-09
Loss = 3.4039e-01, PNorm = 103.6888, GNorm = 3.8274, lr_0 = 9.9059e-09
Loss = 3.5973e-01, PNorm = 103.6888, GNorm = 3.5815, lr_0 = 9.8452e-09
Loss = 4.5888e-01, PNorm = 103.6888, GNorm = 3.4922, lr_0 = 9.7849e-09
Validation rmse = 65.655694
Epoch 46
Loss = 2.8131e-01, PNorm = 103.6888, GNorm = 3.4064, lr_0 = 9.7249e-09
Loss = 2.8684e-01, PNorm = 103.6888, GNorm = 3.1727, lr_0 = 9.6653e-09
Loss = 3.7218e-01, PNorm = 103.6888, GNorm = 7.6051, lr_0 = 9.6061e-09
Loss = 3.1525e-01, PNorm = 103.6888, GNorm = 14.2574, lr_0 = 9.5472e-09
Loss = 3.2515e-01, PNorm = 103.6888, GNorm = 23.1598, lr_0 = 9.4887e-09
Loss = 3.2227e-01, PNorm = 103.6888, GNorm = 5.9774, lr_0 = 9.4305e-09
Loss = 3.7437e-01, PNorm = 103.6888, GNorm = 5.9087, lr_0 = 9.3728e-09
Loss = 3.5483e-01, PNorm = 103.6888, GNorm = 8.6792, lr_0 = 9.3153e-09
Loss = 3.0918e-01, PNorm = 103.6888, GNorm = 6.9211, lr_0 = 9.2582e-09
Loss = 4.0171e-01, PNorm = 103.6888, GNorm = 12.4247, lr_0 = 9.2015e-09
Loss = 3.8479e-01, PNorm = 103.6888, GNorm = 14.7331, lr_0 = 9.1451e-09
Loss = 3.8016e-01, PNorm = 103.6888, GNorm = 4.0430, lr_0 = 9.0891e-09
Loss = 3.2764e-01, PNorm = 103.6888, GNorm = 7.8069, lr_0 = 9.0334e-09
Loss = 3.3965e-01, PNorm = 103.6888, GNorm = 27.0352, lr_0 = 8.9780e-09
Loss = 3.3403e-01, PNorm = 103.6888, GNorm = 10.2195, lr_0 = 8.9230e-09
Loss = 3.4801e-01, PNorm = 103.6888, GNorm = 3.6935, lr_0 = 8.8683e-09
Loss = 3.0381e-01, PNorm = 103.6888, GNorm = 23.9699, lr_0 = 8.8140e-09
Loss = 3.6273e-01, PNorm = 103.6888, GNorm = 9.7878, lr_0 = 8.7600e-09
Loss = 3.9047e-01, PNorm = 103.6888, GNorm = 20.2319, lr_0 = 8.7063e-09
Loss = 3.2591e-01, PNorm = 103.6888, GNorm = 6.8034, lr_0 = 8.6529e-09
Loss = 3.7891e-01, PNorm = 103.6888, GNorm = 14.7818, lr_0 = 8.5999e-09
Loss = 3.5743e-01, PNorm = 103.6888, GNorm = 10.5999, lr_0 = 8.5472e-09
Loss = 3.5144e-01, PNorm = 103.6888, GNorm = 3.3136, lr_0 = 8.4948e-09
Loss = 3.6110e-01, PNorm = 103.6888, GNorm = 20.6384, lr_0 = 8.4428e-09
Validation rmse = 65.645085
Epoch 47
Loss = 3.3373e-01, PNorm = 103.6888, GNorm = 8.0301, lr_0 = 8.3859e-09
Loss = 3.3018e-01, PNorm = 103.6888, GNorm = 3.2182, lr_0 = 8.3345e-09
Loss = 3.0277e-01, PNorm = 103.6888, GNorm = 24.3826, lr_0 = 8.2834e-09
Loss = 3.6450e-01, PNorm = 103.6888, GNorm = 6.1609, lr_0 = 8.2326e-09
Loss = 2.9847e-01, PNorm = 103.6888, GNorm = 17.0663, lr_0 = 8.1822e-09
Loss = 4.0159e-01, PNorm = 103.6888, GNorm = 18.6067, lr_0 = 8.1321e-09
Loss = 4.0537e-01, PNorm = 103.6888, GNorm = 9.6914, lr_0 = 8.0822e-09
Loss = 3.1852e-01, PNorm = 103.6888, GNorm = 6.6708, lr_0 = 8.0327e-09
Loss = 3.3353e-01, PNorm = 103.6888, GNorm = 16.0320, lr_0 = 7.9835e-09
Loss = 4.0995e-01, PNorm = 103.6888, GNorm = 4.3846, lr_0 = 7.9345e-09
Loss = 3.1279e-01, PNorm = 103.6888, GNorm = 15.5113, lr_0 = 7.8859e-09
Loss = 3.9240e-01, PNorm = 103.6888, GNorm = 4.3869, lr_0 = 7.8376e-09
Loss = 3.6454e-01, PNorm = 103.6888, GNorm = 9.9207, lr_0 = 7.7896e-09
Loss = 3.4231e-01, PNorm = 103.6888, GNorm = 16.8420, lr_0 = 7.7418e-09
Loss = 3.4789e-01, PNorm = 103.6888, GNorm = 27.4081, lr_0 = 7.6944e-09
Loss = 2.9663e-01, PNorm = 103.6888, GNorm = 3.3300, lr_0 = 7.6472e-09
Loss = 3.0610e-01, PNorm = 103.6888, GNorm = 3.7015, lr_0 = 7.6004e-09
Loss = 2.9188e-01, PNorm = 103.6888, GNorm = 15.4632, lr_0 = 7.5538e-09
Loss = 4.1112e-01, PNorm = 103.6888, GNorm = 16.8896, lr_0 = 7.5075e-09
Loss = 3.9848e-01, PNorm = 103.6888, GNorm = 6.6107, lr_0 = 7.4615e-09
Loss = 3.4582e-01, PNorm = 103.6888, GNorm = 10.0964, lr_0 = 7.4158e-09
Loss = 3.5363e-01, PNorm = 103.6888, GNorm = 7.2495, lr_0 = 7.3703e-09
Loss = 3.1651e-01, PNorm = 103.6888, GNorm = 4.7690, lr_0 = 7.3252e-09
Loss = 3.2879e-01, PNorm = 103.6888, GNorm = 14.4632, lr_0 = 7.2803e-09
Validation rmse = 65.642691
Epoch 48
Loss = 3.2631e-01, PNorm = 103.6888, GNorm = 4.2783, lr_0 = 7.2357e-09
Loss = 3.4872e-01, PNorm = 103.6888, GNorm = 9.0671, lr_0 = 7.1913e-09
Loss = 3.7791e-01, PNorm = 103.6888, GNorm = 5.7285, lr_0 = 7.1472e-09
Loss = 3.3007e-01, PNorm = 103.6888, GNorm = 11.7325, lr_0 = 7.1035e-09
Loss = 3.6783e-01, PNorm = 103.6888, GNorm = 3.8587, lr_0 = 7.0599e-09
Loss = 4.3524e-01, PNorm = 103.6888, GNorm = 4.8935, lr_0 = 7.0167e-09
Loss = 3.1346e-01, PNorm = 103.6888, GNorm = 3.0416, lr_0 = 6.9737e-09
Loss = 3.3259e-01, PNorm = 103.6888, GNorm = 7.1317, lr_0 = 6.9309e-09
Loss = 3.9884e-01, PNorm = 103.6888, GNorm = 14.3751, lr_0 = 6.8884e-09
Loss = 2.8964e-01, PNorm = 103.6888, GNorm = 5.7150, lr_0 = 6.8462e-09
Loss = 3.5757e-01, PNorm = 103.6888, GNorm = 4.0068, lr_0 = 6.8043e-09
Loss = 3.3475e-01, PNorm = 103.6888, GNorm = 17.4452, lr_0 = 6.7626e-09
Loss = 3.5373e-01, PNorm = 103.6888, GNorm = 4.1714, lr_0 = 6.7211e-09
Loss = 3.0531e-01, PNorm = 103.6888, GNorm = 7.3753, lr_0 = 6.6800e-09
Loss = 3.6188e-01, PNorm = 103.6888, GNorm = 20.3003, lr_0 = 6.6390e-09
Loss = 3.5820e-01, PNorm = 103.6888, GNorm = 12.4573, lr_0 = 6.5983e-09
Loss = 2.9943e-01, PNorm = 103.6888, GNorm = 3.5478, lr_0 = 6.5579e-09
Loss = 3.3055e-01, PNorm = 103.6888, GNorm = 4.8299, lr_0 = 6.5177e-09
Loss = 3.3613e-01, PNorm = 103.6888, GNorm = 11.5802, lr_0 = 6.4778e-09
Loss = 3.6275e-01, PNorm = 103.6888, GNorm = 22.1155, lr_0 = 6.4381e-09
Loss = 3.6269e-01, PNorm = 103.6888, GNorm = 3.7607, lr_0 = 6.3986e-09
Loss = 3.6814e-01, PNorm = 103.6888, GNorm = 9.8360, lr_0 = 6.3594e-09
Loss = 3.1535e-01, PNorm = 103.6888, GNorm = 4.6103, lr_0 = 6.3204e-09
Validation rmse = 65.635908
Epoch 49
Loss = 3.6516e-01, PNorm = 103.6888, GNorm = 14.8989, lr_0 = 6.2778e-09
Loss = 3.4110e-01, PNorm = 103.6888, GNorm = 9.6354, lr_0 = 6.2394e-09
Loss = 2.8870e-01, PNorm = 103.6888, GNorm = 13.8155, lr_0 = 6.2011e-09
Loss = 3.2577e-01, PNorm = 103.6888, GNorm = 14.7439, lr_0 = 6.1631e-09
Loss = 3.8101e-01, PNorm = 103.6888, GNorm = 8.9525, lr_0 = 6.1254e-09
Loss = 3.5219e-01, PNorm = 103.6888, GNorm = 9.0860, lr_0 = 6.0878e-09
Loss = 3.7451e-01, PNorm = 103.6888, GNorm = 12.7201, lr_0 = 6.0505e-09
Loss = 3.3304e-01, PNorm = 103.6888, GNorm = 14.4332, lr_0 = 6.0135e-09
Loss = 4.2362e-01, PNorm = 103.6888, GNorm = 8.9920, lr_0 = 5.9766e-09
Loss = 3.7628e-01, PNorm = 103.6888, GNorm = 7.3618, lr_0 = 5.9400e-09
Loss = 3.0568e-01, PNorm = 103.6888, GNorm = 11.0422, lr_0 = 5.9036e-09
Loss = 3.5735e-01, PNorm = 103.6888, GNorm = 9.3397, lr_0 = 5.8674e-09
Loss = 3.4751e-01, PNorm = 103.6888, GNorm = 18.7233, lr_0 = 5.8314e-09
Loss = 3.5308e-01, PNorm = 103.6888, GNorm = 12.3981, lr_0 = 5.7957e-09
Loss = 3.9004e-01, PNorm = 103.6888, GNorm = 15.8583, lr_0 = 5.7602e-09
Loss = 3.6917e-01, PNorm = 103.6888, GNorm = 24.8012, lr_0 = 5.7249e-09
Loss = 2.8003e-01, PNorm = 103.6888, GNorm = 17.1748, lr_0 = 5.6898e-09
Loss = 4.1019e-01, PNorm = 103.6888, GNorm = 9.1541, lr_0 = 5.6549e-09
Loss = 3.3610e-01, PNorm = 103.6888, GNorm = 7.5157, lr_0 = 5.6203e-09
Loss = 3.1066e-01, PNorm = 103.6888, GNorm = 9.4467, lr_0 = 5.6134e-09
Loss = 3.3300e-01, PNorm = 103.6888, GNorm = 5.0231, lr_0 = 5.6134e-09
Loss = 3.5613e-01, PNorm = 103.6888, GNorm = 8.6481, lr_0 = 5.6134e-09
Loss = 3.2269e-01, PNorm = 103.6888, GNorm = 15.2993, lr_0 = 5.6134e-09
Loss = 3.0456e-01, PNorm = 103.6888, GNorm = 3.6728, lr_0 = 5.6134e-09
Validation rmse = 65.640724
Model 0 best validation rmse = 65.635908 on epoch 48
Loading pretrained parameter "encoder.encoder.0.cached_zero_vector".
Loading pretrained parameter "encoder.encoder.0.W_i.weight".
Loading pretrained parameter "encoder.encoder.0.W_h.weight".
Loading pretrained parameter "encoder.encoder.0.W_o.weight".
Loading pretrained parameter "encoder.encoder.0.W_o.bias".
Loading pretrained parameter "encoder.encoder.1.cached_zero_vector".
Loading pretrained parameter "encoder.encoder.1.W_i.weight".
Loading pretrained parameter "encoder.encoder.1.W_h.weight".
Loading pretrained parameter "encoder.encoder.1.W_o.weight".
Loading pretrained parameter "encoder.encoder.1.W_o.bias".
Loading pretrained parameter "ffn.1.weight".
Loading pretrained parameter "ffn.1.bias".
Loading pretrained parameter "ffn.4.weight".
Loading pretrained parameter "ffn.4.bias".
Loading pretrained parameter "ffn.7.weight".
Loading pretrained parameter "ffn.7.bias".
Moving model to cuda
Model 0 test rmse = 56.670913
Ensemble test rmse = 56.670913
1-fold cross validation
	Seed 0 ==> test rmse = 56.670913
Overall test rmse = 56.670913 +/- 0.000000
Elapsed time = 0:40:52
