Command line
python /home/kpg/chemprop/train.py --data_path ../../../data/splits/lambda_max_abs/deep4chem/group_by_smiles/smiles_target_train.csv --dataset_type regression --save_dir /home/kimele03/uvvisml/uvvisml/models/log_lifetime_checkpoints/group_by_smiles/results/507328/49675237 --config_path /home/kimele03/uvvisml/uvvisml/models/log_lifetime_checkpoints/group_by_smiles/results/507328/49675237/hyperopt.json --metric rmse --epochs 50 --gpu 0 --ensemble_size 1 --separate_val_path ../../../data/splits/lambda_max_abs/deep4chem/group_by_smiles/smiles_target_val.csv --separate_test_path ../../../data/splits/lambda_max_abs/deep4chem/group_by_smiles/smiles_target_test.csv --number_of_molecules 2
Args
{'activation': 'ReLU',
 'aggregation': 'mean',
 'aggregation_norm': 100,
 'atom_descriptor_scaling': True,
 'atom_descriptors': None,
 'atom_descriptors_path': None,
 'atom_descriptors_size': 0,
 'atom_features_size': 0,
 'atom_messages': False,
 'batch_size': 53,
 'bias': False,
 'bond_feature_scaling': True,
 'bond_features_path': None,
 'bond_features_size': 0,
 'cache_cutoff': 10000,
 'checkpoint_dir': None,
 'checkpoint_frzn': None,
 'checkpoint_path': None,
 'checkpoint_paths': None,
 'class_balance': False,
 'config_path': '/home/kimele03/uvvisml/uvvisml/models/log_lifetime_checkpoints/group_by_smiles/results/507328/49675237/hyperopt.json',
 'crossval_index_dir': None,
 'crossval_index_file': None,
 'crossval_index_sets': None,
 'cuda': True,
 'data_path': '../../../data/splits/lambda_max_abs/deep4chem/group_by_smiles/smiles_target_train.csv',
 'data_weights_path': None,
 'dataset_type': 'regression',
 'depth': 3,
 'device': device(type='cuda', index=0),
 'dropout': 0.39676431732729583,
 'empty_cache': False,
 'ensemble_size': 1,
 'epochs': 50,
 'explicit_h': False,
 'extra_metrics': [],
 'features_generator': None,
 'features_only': False,
 'features_path': None,
 'features_scaling': True,
 'features_size': None,
 'ffn_hidden_size': 1763,
 'ffn_num_layers': 3,
 'final_lr': 0.00019504268651271504,
 'folds_file': None,
 'freeze_first_only': False,
 'frzn_ffn_layers': 0,
 'gpu': 0,
 'grad_clip': None,
 'hidden_size': 2366,
 'ignore_columns': None,
 'init_lr': 0.00014600124784381818,
 'log_frequency': 10,
 'max_data_size': None,
 'max_lr': 0.0006209659922575138,
 'metric': 'rmse',
 'metrics': ['rmse'],
 'minimize_score': True,
 'mpn_shared': False,
 'multiclass_num_classes': 3,
 'no_atom_descriptor_scaling': False,
 'no_bond_features_scaling': False,
 'no_cache_mol': False,
 'no_cuda': False,
 'no_features_scaling': False,
 'num_folds': 1,
 'num_lrs': 1,
 'num_tasks': 1,
 'num_workers': 8,
 'number_of_molecules': 2,
 'overwrite_default_atom_features': False,
 'overwrite_default_bond_features': False,
 'pytorch_seed': 0,
 'quiet': False,
 'reaction': False,
 'reaction_mode': 'reac_diff',
 'resume_experiment': False,
 'save_dir': '/home/kimele03/uvvisml/uvvisml/models/log_lifetime_checkpoints/group_by_smiles/results/507328/49675237',
 'save_preds': False,
 'save_smiles_splits': False,
 'seed': 0,
 'separate_test_atom_descriptors_path': None,
 'separate_test_bond_features_path': None,
 'separate_test_features_path': None,
 'separate_test_path': '../../../data/splits/lambda_max_abs/deep4chem/group_by_smiles/smiles_target_test.csv',
 'separate_val_atom_descriptors_path': None,
 'separate_val_bond_features_path': None,
 'separate_val_features_path': None,
 'separate_val_path': '../../../data/splits/lambda_max_abs/deep4chem/group_by_smiles/smiles_target_val.csv',
 'show_individual_scores': False,
 'smiles_columns': ['smiles', 'solvent'],
 'split_sizes': (0.8, 0.1, 0.1),
 'split_type': 'random',
 'target_columns': None,
 'target_weights': None,
 'task_names': ['peakwavs_max'],
 'test': False,
 'test_fold_index': None,
 'train_data_size': None,
 'undirected': False,
 'use_input_features': False,
 'val_fold_index': None,
 'warmup_epochs': 5}
Loading data
Number of tasks = 1
Fold 0
Splitting data with seed 0
Total size = 13,242 | train size = 13,242 | val size = 1,633 | test size = 1,710
Fitting scaler
Building model 0
MoleculeModel(
  (encoder): MPN(
    (encoder): ModuleList(
      (0): MPNEncoder(
        (dropout_layer): Dropout(p=0.39676431732729583, inplace=False)
        (act_func): ReLU()
        (W_i): Linear(in_features=147, out_features=2366, bias=False)
        (W_h): Linear(in_features=2366, out_features=2366, bias=False)
        (W_o): Linear(in_features=2499, out_features=2366, bias=True)
      )
      (1): MPNEncoder(
        (dropout_layer): Dropout(p=0.39676431732729583, inplace=False)
        (act_func): ReLU()
        (W_i): Linear(in_features=147, out_features=2366, bias=False)
        (W_h): Linear(in_features=2366, out_features=2366, bias=False)
        (W_o): Linear(in_features=2499, out_features=2366, bias=True)
      )
    )
  )
  (ffn): Sequential(
    (0): Dropout(p=0.39676431732729583, inplace=False)
    (1): Linear(in_features=4732, out_features=1763, bias=True)
    (2): ReLU()
    (3): Dropout(p=0.39676431732729583, inplace=False)
    (4): Linear(in_features=1763, out_features=1763, bias=True)
    (5): ReLU()
    (6): Dropout(p=0.39676431732729583, inplace=False)
    (7): Linear(in_features=1763, out_features=1, bias=True)
  )
)
Number of parameters = 35,182,223
Moving model to cuda
Epoch 0
Loss = 1.6287e+00, PNorm = 120.3750, GNorm = 4.6637, lr_0 = 1.5020e-04
Loss = 9.7878e-01, PNorm = 120.4045, GNorm = 3.5686, lr_0 = 1.5401e-04
Loss = 9.2733e-01, PNorm = 120.4264, GNorm = 3.0070, lr_0 = 1.5783e-04
Loss = 9.2564e-01, PNorm = 120.4445, GNorm = 3.0881, lr_0 = 1.6164e-04
Loss = 1.1188e+00, PNorm = 120.4619, GNorm = 4.9771, lr_0 = 1.6546e-04
Loss = 1.0559e+00, PNorm = 120.4789, GNorm = 4.4341, lr_0 = 1.6927e-04
Loss = 8.9922e-01, PNorm = 120.4983, GNorm = 2.6115, lr_0 = 1.7309e-04
Loss = 8.5987e-01, PNorm = 120.5178, GNorm = 2.0214, lr_0 = 1.7690e-04
Loss = 6.6393e-01, PNorm = 120.5395, GNorm = 1.7262, lr_0 = 1.8072e-04
Loss = 6.9459e-01, PNorm = 120.5612, GNorm = 6.1648, lr_0 = 1.8453e-04
Loss = 7.9848e-01, PNorm = 120.5835, GNorm = 4.1718, lr_0 = 1.8835e-04
Loss = 7.4136e-01, PNorm = 120.6100, GNorm = 5.5355, lr_0 = 1.9216e-04
Loss = 8.4746e-01, PNorm = 120.6343, GNorm = 5.5560, lr_0 = 1.9598e-04
Loss = 8.3646e-01, PNorm = 120.6630, GNorm = 1.9702, lr_0 = 1.9979e-04
Loss = 6.0223e-01, PNorm = 120.6928, GNorm = 2.8184, lr_0 = 2.0361e-04
Loss = 5.9124e-01, PNorm = 120.7240, GNorm = 4.0026, lr_0 = 2.0742e-04
Loss = 5.5957e-01, PNorm = 120.7520, GNorm = 6.8816, lr_0 = 2.1124e-04
Loss = 5.9425e-01, PNorm = 120.7844, GNorm = 2.8261, lr_0 = 2.1505e-04
Loss = 6.6807e-01, PNorm = 120.8122, GNorm = 3.3466, lr_0 = 2.1887e-04
Loss = 6.2184e-01, PNorm = 120.8424, GNorm = 1.8093, lr_0 = 2.2268e-04
Loss = 5.4813e-01, PNorm = 120.8715, GNorm = 2.7988, lr_0 = 2.2650e-04
Loss = 5.4640e-01, PNorm = 120.9026, GNorm = 7.2120, lr_0 = 2.3031e-04
Loss = 6.4254e-01, PNorm = 120.9328, GNorm = 7.6853, lr_0 = 2.3413e-04
Loss = 3.6766e-01, PNorm = 120.9598, GNorm = 1.8336, lr_0 = 2.3794e-04
Validation rmse = 72.976598
Epoch 1
Loss = 4.4441e-01, PNorm = 120.9924, GNorm = 1.6943, lr_0 = 2.4214e-04
Loss = 4.6400e-01, PNorm = 121.0225, GNorm = 2.7866, lr_0 = 2.4595e-04
Loss = 3.9874e-01, PNorm = 121.0566, GNorm = 7.3109, lr_0 = 2.4977e-04
Loss = 5.2183e-01, PNorm = 121.0873, GNorm = 2.5842, lr_0 = 2.5358e-04
Loss = 4.4752e-01, PNorm = 121.1224, GNorm = 4.2507, lr_0 = 2.5740e-04
Loss = 3.6199e-01, PNorm = 121.1602, GNorm = 3.4603, lr_0 = 2.6121e-04
Loss = 4.2773e-01, PNorm = 121.1905, GNorm = 1.9366, lr_0 = 2.6503e-04
Loss = 4.5572e-01, PNorm = 121.2269, GNorm = 2.4463, lr_0 = 2.6884e-04
Loss = 4.0894e-01, PNorm = 121.2622, GNorm = 5.0928, lr_0 = 2.7266e-04
Loss = 3.6182e-01, PNorm = 121.3005, GNorm = 1.2798, lr_0 = 2.7647e-04
Loss = 4.3699e-01, PNorm = 121.3356, GNorm = 4.1685, lr_0 = 2.8029e-04
Loss = 3.6022e-01, PNorm = 121.3699, GNorm = 2.0677, lr_0 = 2.8410e-04
Loss = 3.7354e-01, PNorm = 121.4066, GNorm = 3.2642, lr_0 = 2.8792e-04
Loss = 3.5055e-01, PNorm = 121.4451, GNorm = 8.5108, lr_0 = 2.9173e-04
Loss = 4.1874e-01, PNorm = 121.4819, GNorm = 1.3457, lr_0 = 2.9555e-04
Loss = 5.1926e-01, PNorm = 121.5290, GNorm = 4.2910, lr_0 = 2.9936e-04
Loss = 3.5867e-01, PNorm = 121.5854, GNorm = 2.2194, lr_0 = 3.0318e-04
Loss = 3.9403e-01, PNorm = 121.6309, GNorm = 4.1423, lr_0 = 3.0699e-04
Loss = 3.9253e-01, PNorm = 121.6809, GNorm = 5.8686, lr_0 = 3.1081e-04
Loss = 4.6362e-01, PNorm = 121.7325, GNorm = 5.8097, lr_0 = 3.1462e-04
Loss = 3.9346e-01, PNorm = 121.7874, GNorm = 2.2392, lr_0 = 3.1844e-04
Loss = 3.6138e-01, PNorm = 121.8340, GNorm = 2.5442, lr_0 = 3.2225e-04
Loss = 3.9703e-01, PNorm = 121.8713, GNorm = 5.8264, lr_0 = 3.2607e-04
Loss = 3.7413e-01, PNorm = 121.9192, GNorm = 1.6963, lr_0 = 3.2988e-04
Loss = 3.3914e-01, PNorm = 121.9680, GNorm = 0.9955, lr_0 = 3.3370e-04
Validation rmse = 67.839235
Epoch 2
Loss = 3.1429e-01, PNorm = 122.0175, GNorm = 1.5458, lr_0 = 3.3751e-04
Loss = 3.2423e-01, PNorm = 122.0560, GNorm = 1.3714, lr_0 = 3.4133e-04
Loss = 3.1282e-01, PNorm = 122.1007, GNorm = 5.0825, lr_0 = 3.4514e-04
Loss = 3.3156e-01, PNorm = 122.1456, GNorm = 4.9887, lr_0 = 3.4896e-04
Loss = 3.8218e-01, PNorm = 122.1919, GNorm = 3.6691, lr_0 = 3.5277e-04
Loss = 3.6723e-01, PNorm = 122.2460, GNorm = 1.6920, lr_0 = 3.5659e-04
Loss = 3.7169e-01, PNorm = 122.2930, GNorm = 2.3923, lr_0 = 3.6040e-04
Loss = 4.0282e-01, PNorm = 122.3403, GNorm = 4.8187, lr_0 = 3.6422e-04
Loss = 3.5322e-01, PNorm = 122.3896, GNorm = 2.6823, lr_0 = 3.6803e-04
Loss = 3.3301e-01, PNorm = 122.4417, GNorm = 5.1701, lr_0 = 3.7185e-04
Loss = 2.6120e-01, PNorm = 122.4887, GNorm = 2.0996, lr_0 = 3.7566e-04
Loss = 3.5919e-01, PNorm = 122.5353, GNorm = 2.5997, lr_0 = 3.7948e-04
Loss = 2.7762e-01, PNorm = 122.5844, GNorm = 2.2622, lr_0 = 3.8329e-04
Loss = 3.6861e-01, PNorm = 122.6399, GNorm = 1.2096, lr_0 = 3.8711e-04
Loss = 3.1688e-01, PNorm = 122.6952, GNorm = 1.7276, lr_0 = 3.9092e-04
Loss = 3.3799e-01, PNorm = 122.7500, GNorm = 3.9382, lr_0 = 3.9474e-04
Loss = 3.5086e-01, PNorm = 122.8088, GNorm = 2.6340, lr_0 = 3.9855e-04
Loss = 3.2059e-01, PNorm = 122.8639, GNorm = 3.7236, lr_0 = 4.0237e-04
Loss = 3.7387e-01, PNorm = 122.9234, GNorm = 3.6781, lr_0 = 4.0618e-04
Loss = 3.1730e-01, PNorm = 122.9806, GNorm = 1.5634, lr_0 = 4.1000e-04
Loss = 3.6053e-01, PNorm = 123.0519, GNorm = 3.7720, lr_0 = 4.1381e-04
Loss = 2.6888e-01, PNorm = 123.1149, GNorm = 2.8394, lr_0 = 4.1763e-04
Loss = 2.7127e-01, PNorm = 123.1658, GNorm = 3.7376, lr_0 = 4.2144e-04
Loss = 2.7008e-01, PNorm = 123.2213, GNorm = 2.0840, lr_0 = 4.2526e-04
Loss = 2.7792e-01, PNorm = 123.2698, GNorm = 5.2053, lr_0 = 4.2907e-04
Validation rmse = 58.302478
Epoch 3
Loss = 2.2898e-01, PNorm = 123.3234, GNorm = 2.4748, lr_0 = 4.3289e-04
Loss = 2.1589e-01, PNorm = 123.3741, GNorm = 1.2640, lr_0 = 4.3670e-04
Loss = 2.4211e-01, PNorm = 123.4277, GNorm = 1.3311, lr_0 = 4.4052e-04
Loss = 2.1522e-01, PNorm = 123.4768, GNorm = 2.5825, lr_0 = 4.4433e-04
Loss = 2.7390e-01, PNorm = 123.5355, GNorm = 2.7849, lr_0 = 4.4815e-04
Loss = 2.2613e-01, PNorm = 123.6035, GNorm = 2.5130, lr_0 = 4.5196e-04
Loss = 2.9154e-01, PNorm = 123.6654, GNorm = 2.3685, lr_0 = 4.5578e-04
Loss = 3.0929e-01, PNorm = 123.7333, GNorm = 4.2452, lr_0 = 4.5959e-04
Loss = 2.6162e-01, PNorm = 123.7966, GNorm = 1.4710, lr_0 = 4.6341e-04
Loss = 2.8609e-01, PNorm = 123.8663, GNorm = 2.0316, lr_0 = 4.6722e-04
Loss = 3.3938e-01, PNorm = 123.9410, GNorm = 4.0948, lr_0 = 4.7104e-04
Loss = 2.9820e-01, PNorm = 124.0338, GNorm = 1.9256, lr_0 = 4.7485e-04
Loss = 2.4878e-01, PNorm = 124.1132, GNorm = 6.0306, lr_0 = 4.7867e-04
Loss = 2.5218e-01, PNorm = 124.1873, GNorm = 1.5033, lr_0 = 4.8248e-04
Loss = 2.2682e-01, PNorm = 124.2603, GNorm = 1.0967, lr_0 = 4.8630e-04
Loss = 1.9992e-01, PNorm = 124.3274, GNorm = 3.7544, lr_0 = 4.9011e-04
Loss = 2.9961e-01, PNorm = 124.3965, GNorm = 1.6674, lr_0 = 4.9393e-04
Loss = 2.9572e-01, PNorm = 124.4741, GNorm = 1.2672, lr_0 = 4.9774e-04
Loss = 2.4519e-01, PNorm = 124.5487, GNorm = 1.5149, lr_0 = 5.0156e-04
Loss = 2.1798e-01, PNorm = 124.6188, GNorm = 1.0516, lr_0 = 5.0537e-04
Loss = 2.2281e-01, PNorm = 124.6897, GNorm = 1.3586, lr_0 = 5.0919e-04
Loss = 2.4618e-01, PNorm = 124.7597, GNorm = 1.4085, lr_0 = 5.1300e-04
Loss = 2.1238e-01, PNorm = 124.8291, GNorm = 2.1262, lr_0 = 5.1682e-04
Loss = 2.9046e-01, PNorm = 124.9070, GNorm = 3.5296, lr_0 = 5.2063e-04
Loss = 2.5630e-01, PNorm = 125.0017, GNorm = 1.9826, lr_0 = 5.2445e-04
Validation rmse = 58.715934
Epoch 4
Loss = 2.1364e-01, PNorm = 125.0907, GNorm = 3.0111, lr_0 = 5.2826e-04
Loss = 2.4819e-01, PNorm = 125.1875, GNorm = 1.4157, lr_0 = 5.3208e-04
Loss = 2.1177e-01, PNorm = 125.2835, GNorm = 1.2749, lr_0 = 5.3589e-04
Loss = 2.0853e-01, PNorm = 125.3780, GNorm = 2.8607, lr_0 = 5.3971e-04
Loss = 2.0142e-01, PNorm = 125.4644, GNorm = 0.9270, lr_0 = 5.4352e-04
Loss = 2.0742e-01, PNorm = 125.5380, GNorm = 1.1396, lr_0 = 5.4734e-04
Loss = 1.9704e-01, PNorm = 125.6120, GNorm = 1.2031, lr_0 = 5.5115e-04
Loss = 1.8723e-01, PNorm = 125.6916, GNorm = 0.9478, lr_0 = 5.5497e-04
Loss = 2.4045e-01, PNorm = 125.7632, GNorm = 2.2305, lr_0 = 5.5878e-04
Loss = 2.7372e-01, PNorm = 125.8632, GNorm = 1.0062, lr_0 = 5.6260e-04
Loss = 2.0227e-01, PNorm = 125.9569, GNorm = 1.4310, lr_0 = 5.6641e-04
Loss = 2.0998e-01, PNorm = 126.0511, GNorm = 1.3768, lr_0 = 5.7023e-04
Loss = 2.1992e-01, PNorm = 126.1428, GNorm = 1.5109, lr_0 = 5.7404e-04
Loss = 1.8558e-01, PNorm = 126.2290, GNorm = 1.1006, lr_0 = 5.7786e-04
Loss = 2.1396e-01, PNorm = 126.3085, GNorm = 1.1490, lr_0 = 5.8167e-04
Loss = 2.2777e-01, PNorm = 126.3950, GNorm = 1.4901, lr_0 = 5.8549e-04
Loss = 2.1450e-01, PNorm = 126.4848, GNorm = 1.6682, lr_0 = 5.8930e-04
Loss = 1.9040e-01, PNorm = 126.5707, GNorm = 1.1903, lr_0 = 5.9312e-04
Loss = 2.1991e-01, PNorm = 126.6694, GNorm = 4.4780, lr_0 = 5.9693e-04
Loss = 1.8422e-01, PNorm = 126.7703, GNorm = 1.4638, lr_0 = 6.0075e-04
Loss = 1.5595e-01, PNorm = 126.8673, GNorm = 0.7942, lr_0 = 6.0456e-04
Loss = 1.8083e-01, PNorm = 126.9565, GNorm = 0.7832, lr_0 = 6.0838e-04
Loss = 1.5961e-01, PNorm = 127.0557, GNorm = 1.3769, lr_0 = 6.1219e-04
Loss = 1.9826e-01, PNorm = 127.1559, GNorm = 1.3871, lr_0 = 6.1601e-04
Loss = 1.7570e-01, PNorm = 127.2650, GNorm = 1.0606, lr_0 = 6.1982e-04
Validation rmse = 51.997823
Epoch 5
Loss = 2.0258e-01, PNorm = 127.3801, GNorm = 3.1928, lr_0 = 6.2052e-04
Loss = 1.6434e-01, PNorm = 127.4906, GNorm = 0.7993, lr_0 = 6.1988e-04
Loss = 2.0226e-01, PNorm = 127.5922, GNorm = 1.5746, lr_0 = 6.1924e-04
Loss = 1.8030e-01, PNorm = 127.6871, GNorm = 1.4767, lr_0 = 6.1860e-04
Loss = 2.3635e-01, PNorm = 127.7896, GNorm = 1.8119, lr_0 = 6.1796e-04
Loss = 1.9254e-01, PNorm = 127.8922, GNorm = 1.6230, lr_0 = 6.1732e-04
Loss = 1.6312e-01, PNorm = 127.9824, GNorm = 2.2697, lr_0 = 6.1668e-04
Loss = 1.8928e-01, PNorm = 128.0824, GNorm = 1.1366, lr_0 = 6.1604e-04
Loss = 1.7515e-01, PNorm = 128.1826, GNorm = 1.5973, lr_0 = 6.1541e-04
Loss = 1.5749e-01, PNorm = 128.2660, GNorm = 1.7319, lr_0 = 6.1477e-04
Loss = 2.0316e-01, PNorm = 128.3690, GNorm = 1.2584, lr_0 = 6.1414e-04
Loss = 1.9886e-01, PNorm = 128.4668, GNorm = 1.9049, lr_0 = 6.1350e-04
Loss = 2.0319e-01, PNorm = 128.5669, GNorm = 2.2925, lr_0 = 6.1287e-04
Loss = 1.8573e-01, PNorm = 128.6834, GNorm = 0.8496, lr_0 = 6.1224e-04
Loss = 1.6667e-01, PNorm = 128.7924, GNorm = 1.0649, lr_0 = 6.1160e-04
Loss = 1.6348e-01, PNorm = 128.8925, GNorm = 1.0759, lr_0 = 6.1097e-04
Loss = 1.9782e-01, PNorm = 128.9838, GNorm = 1.6554, lr_0 = 6.1034e-04
Loss = 2.0329e-01, PNorm = 129.0835, GNorm = 0.9651, lr_0 = 6.0971e-04
Loss = 2.1155e-01, PNorm = 129.1921, GNorm = 0.7880, lr_0 = 6.0908e-04
Loss = 2.3164e-01, PNorm = 129.2926, GNorm = 1.3461, lr_0 = 6.0845e-04
Loss = 2.9677e-01, PNorm = 129.4095, GNorm = 1.2360, lr_0 = 6.0782e-04
Loss = 1.7680e-01, PNorm = 129.5200, GNorm = 2.2619, lr_0 = 6.0719e-04
Loss = 1.8039e-01, PNorm = 129.6086, GNorm = 1.0032, lr_0 = 6.0657e-04
Loss = 1.4589e-01, PNorm = 129.6908, GNorm = 1.4668, lr_0 = 6.0594e-04
Loss = 1.5466e-01, PNorm = 129.7789, GNorm = 0.7915, lr_0 = 6.0531e-04
Validation rmse = 44.244927
Epoch 6
Loss = 1.4755e-01, PNorm = 129.8607, GNorm = 1.1274, lr_0 = 6.0469e-04
Loss = 1.3303e-01, PNorm = 129.9341, GNorm = 1.0189, lr_0 = 6.0406e-04
Loss = 1.4147e-01, PNorm = 130.0095, GNorm = 1.4422, lr_0 = 6.0344e-04
Loss = 1.2864e-01, PNorm = 130.0772, GNorm = 0.9085, lr_0 = 6.0282e-04
Loss = 1.5458e-01, PNorm = 130.1506, GNorm = 1.3138, lr_0 = 6.0219e-04
Loss = 1.3993e-01, PNorm = 130.2244, GNorm = 1.8154, lr_0 = 6.0157e-04
Loss = 1.2954e-01, PNorm = 130.3028, GNorm = 0.9408, lr_0 = 6.0095e-04
Loss = 1.7378e-01, PNorm = 130.3832, GNorm = 0.8356, lr_0 = 6.0033e-04
Loss = 1.6426e-01, PNorm = 130.4726, GNorm = 0.7585, lr_0 = 5.9971e-04
Loss = 1.4037e-01, PNorm = 130.5495, GNorm = 1.6044, lr_0 = 5.9909e-04
Loss = 1.6975e-01, PNorm = 130.6284, GNorm = 2.1395, lr_0 = 5.9847e-04
Loss = 1.2045e-01, PNorm = 130.7249, GNorm = 0.7412, lr_0 = 5.9785e-04
Loss = 1.5623e-01, PNorm = 130.8066, GNorm = 1.1860, lr_0 = 5.9724e-04
Loss = 1.4822e-01, PNorm = 130.9001, GNorm = 1.5897, lr_0 = 5.9662e-04
Loss = 1.6080e-01, PNorm = 131.0066, GNorm = 0.7687, lr_0 = 5.9600e-04
Loss = 1.6419e-01, PNorm = 131.1240, GNorm = 1.2185, lr_0 = 5.9539e-04
Loss = 1.7854e-01, PNorm = 131.2366, GNorm = 1.3160, lr_0 = 5.9477e-04
Loss = 1.6159e-01, PNorm = 131.3400, GNorm = 0.6389, lr_0 = 5.9416e-04
Loss = 1.4905e-01, PNorm = 131.4412, GNorm = 1.6074, lr_0 = 5.9354e-04
Loss = 1.5272e-01, PNorm = 131.5293, GNorm = 2.4471, lr_0 = 5.9293e-04
Loss = 1.4965e-01, PNorm = 131.6123, GNorm = 2.3767, lr_0 = 5.9232e-04
Loss = 1.4002e-01, PNorm = 131.6964, GNorm = 0.8598, lr_0 = 5.9171e-04
Loss = 1.1055e-01, PNorm = 131.7693, GNorm = 0.7861, lr_0 = 5.9110e-04
Loss = 1.3621e-01, PNorm = 131.8419, GNorm = 1.4036, lr_0 = 5.9048e-04
Loss = 1.3110e-01, PNorm = 131.9218, GNorm = 0.9191, lr_0 = 5.8987e-04
Validation rmse = 40.738257
Epoch 7
Loss = 1.5629e-01, PNorm = 132.0164, GNorm = 1.3357, lr_0 = 5.8920e-04
Loss = 1.0747e-01, PNorm = 132.1004, GNorm = 0.6584, lr_0 = 5.8860e-04
Loss = 1.3029e-01, PNorm = 132.1792, GNorm = 1.5502, lr_0 = 5.8799e-04
Loss = 1.2824e-01, PNorm = 132.2577, GNorm = 1.1523, lr_0 = 5.8738e-04
Loss = 1.4508e-01, PNorm = 132.3348, GNorm = 1.0736, lr_0 = 5.8677e-04
Loss = 1.1714e-01, PNorm = 132.3987, GNorm = 1.1617, lr_0 = 5.8617e-04
Loss = 1.1463e-01, PNorm = 132.4608, GNorm = 1.2671, lr_0 = 5.8556e-04
Loss = 1.4367e-01, PNorm = 132.5325, GNorm = 0.8986, lr_0 = 5.8496e-04
Loss = 1.1197e-01, PNorm = 132.6108, GNorm = 1.3557, lr_0 = 5.8435e-04
Loss = 1.4936e-01, PNorm = 132.6832, GNorm = 1.4845, lr_0 = 5.8375e-04
Loss = 1.2816e-01, PNorm = 132.7653, GNorm = 1.0195, lr_0 = 5.8315e-04
Loss = 1.2977e-01, PNorm = 132.8486, GNorm = 0.6340, lr_0 = 5.8254e-04
Loss = 1.3947e-01, PNorm = 132.9185, GNorm = 1.5119, lr_0 = 5.8194e-04
Loss = 1.2418e-01, PNorm = 132.9970, GNorm = 0.7986, lr_0 = 5.8134e-04
Loss = 1.3421e-01, PNorm = 133.0755, GNorm = 0.7569, lr_0 = 5.8074e-04
Loss = 1.4451e-01, PNorm = 133.1642, GNorm = 0.7576, lr_0 = 5.8014e-04
Loss = 1.3793e-01, PNorm = 133.2472, GNorm = 1.7498, lr_0 = 5.7954e-04
Loss = 1.1912e-01, PNorm = 133.3139, GNorm = 0.9690, lr_0 = 5.7894e-04
Loss = 1.5328e-01, PNorm = 133.4015, GNorm = 1.0538, lr_0 = 5.7834e-04
Loss = 1.3432e-01, PNorm = 133.4753, GNorm = 1.2688, lr_0 = 5.7775e-04
Loss = 1.3534e-01, PNorm = 133.5372, GNorm = 1.9422, lr_0 = 5.7715e-04
Loss = 1.0899e-01, PNorm = 133.6029, GNorm = 0.5349, lr_0 = 5.7655e-04
Loss = 1.5043e-01, PNorm = 133.6706, GNorm = 2.8084, lr_0 = 5.7596e-04
Loss = 1.5578e-01, PNorm = 133.7515, GNorm = 1.3309, lr_0 = 5.7536e-04
Loss = 1.0316e-01, PNorm = 133.8343, GNorm = 1.2431, lr_0 = 5.7477e-04
Validation rmse = 40.269159
Epoch 8
Loss = 8.0526e-02, PNorm = 133.9130, GNorm = 1.2775, lr_0 = 5.7418e-04
Loss = 1.3525e-01, PNorm = 133.9840, GNorm = 1.4710, lr_0 = 5.7358e-04
Loss = 1.1306e-01, PNorm = 134.0589, GNorm = 1.0990, lr_0 = 5.7299e-04
Loss = 1.2405e-01, PNorm = 134.1216, GNorm = 1.1463, lr_0 = 5.7240e-04
Loss = 1.1376e-01, PNorm = 134.1819, GNorm = 1.1416, lr_0 = 5.7181e-04
Loss = 1.4091e-01, PNorm = 134.2544, GNorm = 1.0602, lr_0 = 5.7122e-04
Loss = 1.4378e-01, PNorm = 134.3272, GNorm = 1.1332, lr_0 = 5.7063e-04
Loss = 1.2213e-01, PNorm = 134.3987, GNorm = 1.6839, lr_0 = 5.7004e-04
Loss = 1.0373e-01, PNorm = 134.4654, GNorm = 2.1142, lr_0 = 5.6945e-04
Loss = 1.2637e-01, PNorm = 134.5303, GNorm = 1.0499, lr_0 = 5.6886e-04
Loss = 1.1571e-01, PNorm = 134.5917, GNorm = 0.8670, lr_0 = 5.6827e-04
Loss = 1.5540e-01, PNorm = 134.6595, GNorm = 1.7763, lr_0 = 5.6769e-04
Loss = 1.0832e-01, PNorm = 134.7308, GNorm = 1.2987, lr_0 = 5.6710e-04
Loss = 1.0308e-01, PNorm = 134.7911, GNorm = 0.7142, lr_0 = 5.6651e-04
Loss = 1.1863e-01, PNorm = 134.8512, GNorm = 1.3448, lr_0 = 5.6593e-04
Loss = 1.0602e-01, PNorm = 134.9116, GNorm = 1.6191, lr_0 = 5.6534e-04
Loss = 1.1826e-01, PNorm = 134.9736, GNorm = 0.8906, lr_0 = 5.6476e-04
Loss = 1.2480e-01, PNorm = 135.0335, GNorm = 2.1987, lr_0 = 5.6418e-04
Loss = 1.0927e-01, PNorm = 135.1058, GNorm = 0.8877, lr_0 = 5.6359e-04
Loss = 1.1720e-01, PNorm = 135.1736, GNorm = 1.4194, lr_0 = 5.6301e-04
Loss = 1.2839e-01, PNorm = 135.2440, GNorm = 2.2459, lr_0 = 5.6243e-04
Loss = 1.4240e-01, PNorm = 135.3132, GNorm = 2.2027, lr_0 = 5.6185e-04
Loss = 1.0634e-01, PNorm = 135.3850, GNorm = 1.0514, lr_0 = 5.6127e-04
Loss = 1.4173e-01, PNorm = 135.4563, GNorm = 0.8727, lr_0 = 5.6069e-04
Loss = 1.1419e-01, PNorm = 135.5282, GNorm = 1.6982, lr_0 = 5.6011e-04
Validation rmse = 39.293290
Epoch 9
Loss = 1.0272e-01, PNorm = 135.6074, GNorm = 0.9511, lr_0 = 5.5953e-04
Loss = 1.1797e-01, PNorm = 135.6926, GNorm = 1.1267, lr_0 = 5.5895e-04
Loss = 1.1334e-01, PNorm = 135.7689, GNorm = 1.1618, lr_0 = 5.5837e-04
Loss = 1.0062e-01, PNorm = 135.8289, GNorm = 0.9110, lr_0 = 5.5780e-04
Loss = 9.5670e-02, PNorm = 135.8908, GNorm = 0.6217, lr_0 = 5.5722e-04
Loss = 1.0016e-01, PNorm = 135.9424, GNorm = 0.7547, lr_0 = 5.5665e-04
Loss = 9.0377e-02, PNorm = 135.9868, GNorm = 0.8104, lr_0 = 5.5607e-04
Loss = 1.0905e-01, PNorm = 136.0450, GNorm = 1.5190, lr_0 = 5.5550e-04
Loss = 1.1281e-01, PNorm = 136.1065, GNorm = 2.4215, lr_0 = 5.5492e-04
Loss = 1.0614e-01, PNorm = 136.1676, GNorm = 1.1243, lr_0 = 5.5435e-04
Loss = 1.2179e-01, PNorm = 136.2297, GNorm = 1.7268, lr_0 = 5.5378e-04
Loss = 1.0886e-01, PNorm = 136.2909, GNorm = 0.7984, lr_0 = 5.5321e-04
Loss = 1.0355e-01, PNorm = 136.3505, GNorm = 0.9214, lr_0 = 5.5263e-04
Loss = 1.0605e-01, PNorm = 136.4076, GNorm = 0.8405, lr_0 = 5.5206e-04
Loss = 1.0366e-01, PNorm = 136.4709, GNorm = 1.3064, lr_0 = 5.5149e-04
Loss = 8.5930e-02, PNorm = 136.5284, GNorm = 0.6741, lr_0 = 5.5092e-04
Loss = 9.2793e-02, PNorm = 136.5816, GNorm = 1.2811, lr_0 = 5.5035e-04
Loss = 9.3142e-02, PNorm = 136.6364, GNorm = 0.6243, lr_0 = 5.4979e-04
Loss = 9.8824e-02, PNorm = 136.6910, GNorm = 0.5757, lr_0 = 5.4922e-04
Loss = 9.0288e-02, PNorm = 136.7472, GNorm = 1.4455, lr_0 = 5.4865e-04
Loss = 1.1669e-01, PNorm = 136.8044, GNorm = 1.0732, lr_0 = 5.4808e-04
Loss = 1.1130e-01, PNorm = 136.8826, GNorm = 0.9033, lr_0 = 5.4752e-04
Loss = 1.1746e-01, PNorm = 136.9588, GNorm = 1.2893, lr_0 = 5.4695e-04
Loss = 1.0898e-01, PNorm = 137.0333, GNorm = 0.7065, lr_0 = 5.4639e-04
Loss = 9.7812e-02, PNorm = 137.1076, GNorm = 0.9092, lr_0 = 5.4582e-04
Validation rmse = 37.811853
Epoch 10
Loss = 8.8252e-02, PNorm = 137.1806, GNorm = 0.7429, lr_0 = 5.4526e-04
Loss = 1.2105e-01, PNorm = 137.2605, GNorm = 1.0415, lr_0 = 5.4470e-04
Loss = 1.0394e-01, PNorm = 137.3364, GNorm = 1.0832, lr_0 = 5.4413e-04
Loss = 9.6265e-02, PNorm = 137.4120, GNorm = 0.9855, lr_0 = 5.4357e-04
Loss = 8.0568e-02, PNorm = 137.4782, GNorm = 0.7979, lr_0 = 5.4301e-04
Loss = 8.5581e-02, PNorm = 137.5266, GNorm = 1.0038, lr_0 = 5.4245e-04
Loss = 8.2913e-02, PNorm = 137.5901, GNorm = 0.6188, lr_0 = 5.4189e-04
Loss = 8.0453e-02, PNorm = 137.6470, GNorm = 0.6891, lr_0 = 5.4133e-04
Loss = 1.1439e-01, PNorm = 137.7013, GNorm = 0.9154, lr_0 = 5.4077e-04
Loss = 1.3478e-01, PNorm = 137.7615, GNorm = 0.9610, lr_0 = 5.4021e-04
Loss = 1.0508e-01, PNorm = 137.8339, GNorm = 0.9012, lr_0 = 5.3965e-04
Loss = 1.0865e-01, PNorm = 137.9047, GNorm = 1.3483, lr_0 = 5.3909e-04
Loss = 1.1181e-01, PNorm = 137.9747, GNorm = 0.8155, lr_0 = 5.3854e-04
Loss = 1.2460e-01, PNorm = 138.0540, GNorm = 1.0465, lr_0 = 5.3798e-04
Loss = 1.2476e-01, PNorm = 138.1251, GNorm = 0.8038, lr_0 = 5.3743e-04
Loss = 1.0492e-01, PNorm = 138.2043, GNorm = 0.8570, lr_0 = 5.3687e-04
Loss = 1.4051e-01, PNorm = 138.2686, GNorm = 1.5320, lr_0 = 5.3632e-04
Loss = 9.7539e-02, PNorm = 138.3383, GNorm = 0.5904, lr_0 = 5.3576e-04
Loss = 1.0055e-01, PNorm = 138.4010, GNorm = 0.9626, lr_0 = 5.3521e-04
Loss = 9.4317e-02, PNorm = 138.4577, GNorm = 0.9418, lr_0 = 5.3466e-04
Loss = 8.9988e-02, PNorm = 138.5143, GNorm = 0.7308, lr_0 = 5.3410e-04
Loss = 1.1029e-01, PNorm = 138.5814, GNorm = 1.0613, lr_0 = 5.3355e-04
Loss = 9.8204e-02, PNorm = 138.6372, GNorm = 0.7416, lr_0 = 5.3300e-04
Loss = 9.9609e-02, PNorm = 138.6863, GNorm = 0.8034, lr_0 = 5.3245e-04
Loss = 1.1421e-01, PNorm = 138.7412, GNorm = 0.8283, lr_0 = 5.3190e-04
Validation rmse = 34.738096
Epoch 11
Loss = 1.1238e-01, PNorm = 138.7992, GNorm = 0.8715, lr_0 = 5.3135e-04
Loss = 8.5737e-02, PNorm = 138.8507, GNorm = 0.4701, lr_0 = 5.3080e-04
Loss = 9.0867e-02, PNorm = 138.9009, GNorm = 1.2592, lr_0 = 5.3025e-04
Loss = 9.4599e-02, PNorm = 138.9584, GNorm = 0.8471, lr_0 = 5.2971e-04
Loss = 8.8373e-02, PNorm = 139.0221, GNorm = 0.5882, lr_0 = 5.2916e-04
Loss = 8.7804e-02, PNorm = 139.0723, GNorm = 0.7554, lr_0 = 5.2861e-04
Loss = 1.0173e-01, PNorm = 139.1202, GNorm = 1.0924, lr_0 = 5.2807e-04
Loss = 9.3643e-02, PNorm = 139.1797, GNorm = 0.5272, lr_0 = 5.2752e-04
Loss = 9.9524e-02, PNorm = 139.2354, GNorm = 1.3536, lr_0 = 5.2698e-04
Loss = 8.5435e-02, PNorm = 139.2971, GNorm = 0.8067, lr_0 = 5.2643e-04
Loss = 8.7259e-02, PNorm = 139.3463, GNorm = 0.7065, lr_0 = 5.2589e-04
Loss = 1.0300e-01, PNorm = 139.4054, GNorm = 0.8045, lr_0 = 5.2534e-04
Loss = 9.3736e-02, PNorm = 139.4712, GNorm = 1.6788, lr_0 = 5.2480e-04
Loss = 9.4306e-02, PNorm = 139.5336, GNorm = 0.8454, lr_0 = 5.2426e-04
Loss = 9.8676e-02, PNorm = 139.5957, GNorm = 0.8095, lr_0 = 5.2372e-04
Loss = 8.4660e-02, PNorm = 139.6615, GNorm = 0.7926, lr_0 = 5.2318e-04
Loss = 9.4756e-02, PNorm = 139.7248, GNorm = 0.6192, lr_0 = 5.2264e-04
Loss = 8.3177e-02, PNorm = 139.7867, GNorm = 0.5716, lr_0 = 5.2210e-04
Loss = 8.9582e-02, PNorm = 139.8457, GNorm = 1.3556, lr_0 = 5.2156e-04
Loss = 8.9592e-02, PNorm = 139.9082, GNorm = 0.8534, lr_0 = 5.2102e-04
Loss = 9.4547e-02, PNorm = 139.9662, GNorm = 1.5268, lr_0 = 5.2048e-04
Loss = 8.9971e-02, PNorm = 140.0281, GNorm = 0.5402, lr_0 = 5.1994e-04
Loss = 9.6972e-02, PNorm = 140.0899, GNorm = 2.4524, lr_0 = 5.1941e-04
Loss = 9.0836e-02, PNorm = 140.1518, GNorm = 1.2840, lr_0 = 5.1887e-04
Loss = 8.7039e-02, PNorm = 140.2042, GNorm = 0.5609, lr_0 = 5.1833e-04
Validation rmse = 34.853686
Epoch 12
Loss = 9.5873e-02, PNorm = 140.2562, GNorm = 0.9848, lr_0 = 5.1780e-04
Loss = 9.2420e-02, PNorm = 140.3122, GNorm = 0.6443, lr_0 = 5.1726e-04
Loss = 8.0401e-02, PNorm = 140.3642, GNorm = 1.1032, lr_0 = 5.1673e-04
Loss = 9.0769e-02, PNorm = 140.4188, GNorm = 0.7455, lr_0 = 5.1619e-04
Loss = 8.8767e-02, PNorm = 140.4874, GNorm = 0.5893, lr_0 = 5.1566e-04
Loss = 7.6663e-02, PNorm = 140.5547, GNorm = 0.7144, lr_0 = 5.1513e-04
Loss = 9.6757e-02, PNorm = 140.6075, GNorm = 0.8863, lr_0 = 5.1460e-04
Loss = 8.7130e-02, PNorm = 140.6694, GNorm = 0.9100, lr_0 = 5.1406e-04
Loss = 8.9453e-02, PNorm = 140.7289, GNorm = 0.6681, lr_0 = 5.1353e-04
Loss = 9.1295e-02, PNorm = 140.7833, GNorm = 1.3975, lr_0 = 5.1300e-04
Loss = 8.0740e-02, PNorm = 140.8385, GNorm = 0.6976, lr_0 = 5.1247e-04
Loss = 9.0999e-02, PNorm = 140.8987, GNorm = 0.7549, lr_0 = 5.1194e-04
Loss = 8.0793e-02, PNorm = 140.9614, GNorm = 0.8419, lr_0 = 5.1142e-04
Loss = 8.3417e-02, PNorm = 141.0180, GNorm = 0.6599, lr_0 = 5.1089e-04
Loss = 7.5252e-02, PNorm = 141.0762, GNorm = 0.6735, lr_0 = 5.1036e-04
Loss = 9.7857e-02, PNorm = 141.1300, GNorm = 1.4215, lr_0 = 5.0983e-04
Loss = 8.7687e-02, PNorm = 141.1854, GNorm = 1.0855, lr_0 = 5.0931e-04
Loss = 8.2662e-02, PNorm = 141.2464, GNorm = 1.7545, lr_0 = 5.0878e-04
Loss = 6.2483e-02, PNorm = 141.2972, GNorm = 0.5108, lr_0 = 5.0825e-04
Loss = 6.6204e-02, PNorm = 141.3462, GNorm = 0.3845, lr_0 = 5.0773e-04
Loss = 8.8379e-02, PNorm = 141.3987, GNorm = 0.5579, lr_0 = 5.0720e-04
Loss = 8.6148e-02, PNorm = 141.4562, GNorm = 1.1898, lr_0 = 5.0668e-04
Loss = 6.6562e-02, PNorm = 141.5121, GNorm = 0.8564, lr_0 = 5.0616e-04
Loss = 6.7685e-02, PNorm = 141.5623, GNorm = 0.6228, lr_0 = 5.0563e-04
Loss = 9.1312e-02, PNorm = 141.6119, GNorm = 0.9281, lr_0 = 5.0511e-04
Validation rmse = 33.574467
Epoch 13
Loss = 1.0297e-01, PNorm = 141.6718, GNorm = 0.7543, lr_0 = 5.0459e-04
Loss = 6.5936e-02, PNorm = 141.7375, GNorm = 0.7565, lr_0 = 5.0407e-04
Loss = 8.1111e-02, PNorm = 141.7970, GNorm = 0.9144, lr_0 = 5.0355e-04
Loss = 9.5844e-02, PNorm = 141.8489, GNorm = 0.8543, lr_0 = 5.0303e-04
Loss = 8.1982e-02, PNorm = 141.9170, GNorm = 2.6767, lr_0 = 5.0251e-04
Loss = 7.5165e-02, PNorm = 141.9831, GNorm = 0.7158, lr_0 = 5.0199e-04
Loss = 8.5592e-02, PNorm = 142.0314, GNorm = 1.1574, lr_0 = 5.0147e-04
Loss = 6.6246e-02, PNorm = 142.0842, GNorm = 0.5060, lr_0 = 5.0095e-04
Loss = 7.7599e-02, PNorm = 142.1323, GNorm = 0.7895, lr_0 = 5.0043e-04
Loss = 8.2082e-02, PNorm = 142.1746, GNorm = 0.8300, lr_0 = 4.9992e-04
Loss = 7.5051e-02, PNorm = 142.2253, GNorm = 0.4856, lr_0 = 4.9940e-04
Loss = 7.6121e-02, PNorm = 142.2755, GNorm = 0.6914, lr_0 = 4.9889e-04
Loss = 7.3341e-02, PNorm = 142.3231, GNorm = 0.9203, lr_0 = 4.9837e-04
Loss = 8.3097e-02, PNorm = 142.3710, GNorm = 1.0759, lr_0 = 4.9786e-04
Loss = 9.1802e-02, PNorm = 142.4213, GNorm = 1.5008, lr_0 = 4.9734e-04
Loss = 8.6534e-02, PNorm = 142.4728, GNorm = 1.0031, lr_0 = 4.9683e-04
Loss = 8.9803e-02, PNorm = 142.5299, GNorm = 1.1379, lr_0 = 4.9631e-04
Loss = 8.5538e-02, PNorm = 142.5974, GNorm = 0.9869, lr_0 = 4.9580e-04
Loss = 7.3886e-02, PNorm = 142.6569, GNorm = 0.4278, lr_0 = 4.9529e-04
Loss = 7.6814e-02, PNorm = 142.7106, GNorm = 0.5588, lr_0 = 4.9478e-04
Loss = 7.8426e-02, PNorm = 142.7656, GNorm = 0.9471, lr_0 = 4.9427e-04
Loss = 8.1770e-02, PNorm = 142.8288, GNorm = 0.9658, lr_0 = 4.9376e-04
Loss = 7.3118e-02, PNorm = 142.8916, GNorm = 0.6174, lr_0 = 4.9325e-04
Loss = 9.4294e-02, PNorm = 142.9539, GNorm = 0.9868, lr_0 = 4.9274e-04
Loss = 7.7601e-02, PNorm = 143.0184, GNorm = 0.4913, lr_0 = 4.9223e-04
Validation rmse = 34.874018
Epoch 14
Loss = 7.5050e-02, PNorm = 143.0867, GNorm = 0.7135, lr_0 = 4.9167e-04
Loss = 7.6441e-02, PNorm = 143.1416, GNorm = 0.4636, lr_0 = 4.9116e-04
Loss = 7.0872e-02, PNorm = 143.1945, GNorm = 0.6657, lr_0 = 4.9065e-04
Loss = 7.2851e-02, PNorm = 143.2453, GNorm = 0.7294, lr_0 = 4.9015e-04
Loss = 6.9770e-02, PNorm = 143.3096, GNorm = 0.5187, lr_0 = 4.8964e-04
Loss = 6.8610e-02, PNorm = 143.3670, GNorm = 0.6394, lr_0 = 4.8913e-04
Loss = 7.4976e-02, PNorm = 143.4229, GNorm = 0.4975, lr_0 = 4.8863e-04
Loss = 7.9740e-02, PNorm = 143.4856, GNorm = 0.5192, lr_0 = 4.8812e-04
Loss = 8.3085e-02, PNorm = 143.5441, GNorm = 0.9947, lr_0 = 4.8762e-04
Loss = 7.8578e-02, PNorm = 143.5993, GNorm = 1.2330, lr_0 = 4.8712e-04
Loss = 7.3573e-02, PNorm = 143.6565, GNorm = 0.9011, lr_0 = 4.8661e-04
Loss = 6.0169e-02, PNorm = 143.7117, GNorm = 0.8824, lr_0 = 4.8611e-04
Loss = 7.4205e-02, PNorm = 143.7613, GNorm = 0.7956, lr_0 = 4.8561e-04
Loss = 6.3421e-02, PNorm = 143.8121, GNorm = 0.9348, lr_0 = 4.8511e-04
Loss = 8.2401e-02, PNorm = 143.8635, GNorm = 0.8548, lr_0 = 4.8461e-04
Loss = 7.4834e-02, PNorm = 143.9193, GNorm = 0.9121, lr_0 = 4.8410e-04
Loss = 7.8122e-02, PNorm = 143.9737, GNorm = 1.1908, lr_0 = 4.8360e-04
Loss = 7.7950e-02, PNorm = 144.0276, GNorm = 0.5609, lr_0 = 4.8311e-04
Loss = 6.9690e-02, PNorm = 144.0807, GNorm = 0.7070, lr_0 = 4.8261e-04
Loss = 7.2607e-02, PNorm = 144.1387, GNorm = 0.7148, lr_0 = 4.8211e-04
Loss = 8.5620e-02, PNorm = 144.1996, GNorm = 1.0604, lr_0 = 4.8161e-04
Loss = 9.3444e-02, PNorm = 144.2646, GNorm = 0.7314, lr_0 = 4.8111e-04
Loss = 6.5567e-02, PNorm = 144.3281, GNorm = 0.6530, lr_0 = 4.8062e-04
Loss = 7.0232e-02, PNorm = 144.3786, GNorm = 0.7313, lr_0 = 4.8012e-04
Loss = 7.2896e-02, PNorm = 144.4309, GNorm = 0.5167, lr_0 = 4.7962e-04
Validation rmse = 35.642428
Epoch 15
Loss = 7.8137e-02, PNorm = 144.4888, GNorm = 0.9913, lr_0 = 4.7913e-04
Loss = 6.3262e-02, PNorm = 144.5481, GNorm = 0.5659, lr_0 = 4.7863e-04
Loss = 5.8919e-02, PNorm = 144.6017, GNorm = 0.5419, lr_0 = 4.7814e-04
Loss = 7.2977e-02, PNorm = 144.6466, GNorm = 0.6126, lr_0 = 4.7764e-04
Loss = 7.6876e-02, PNorm = 144.6959, GNorm = 0.9038, lr_0 = 4.7715e-04
Loss = 7.2402e-02, PNorm = 144.7457, GNorm = 0.8353, lr_0 = 4.7666e-04
Loss = 7.5155e-02, PNorm = 144.8094, GNorm = 0.8490, lr_0 = 4.7617e-04
Loss = 8.4323e-02, PNorm = 144.8769, GNorm = 1.3894, lr_0 = 4.7567e-04
Loss = 7.2894e-02, PNorm = 144.9398, GNorm = 0.4874, lr_0 = 4.7518e-04
Loss = 5.5739e-02, PNorm = 144.9925, GNorm = 0.6912, lr_0 = 4.7469e-04
Loss = 7.0193e-02, PNorm = 145.0402, GNorm = 0.5451, lr_0 = 4.7420e-04
Loss = 7.0596e-02, PNorm = 145.0877, GNorm = 0.9930, lr_0 = 4.7371e-04
Loss = 8.0850e-02, PNorm = 145.1361, GNorm = 0.8062, lr_0 = 4.7322e-04
Loss = 8.0589e-02, PNorm = 145.1876, GNorm = 0.7029, lr_0 = 4.7273e-04
Loss = 7.7198e-02, PNorm = 145.2497, GNorm = 1.2876, lr_0 = 4.7224e-04
Loss = 8.2040e-02, PNorm = 145.3112, GNorm = 0.5752, lr_0 = 4.7176e-04
Loss = 6.9040e-02, PNorm = 145.3704, GNorm = 0.8403, lr_0 = 4.7127e-04
Loss = 6.5288e-02, PNorm = 145.4288, GNorm = 1.0041, lr_0 = 4.7078e-04
Loss = 7.0402e-02, PNorm = 145.4786, GNorm = 1.0000, lr_0 = 4.7030e-04
Loss = 7.0422e-02, PNorm = 145.5332, GNorm = 0.8755, lr_0 = 4.6981e-04
Loss = 7.7268e-02, PNorm = 145.5876, GNorm = 1.0341, lr_0 = 4.6933e-04
Loss = 6.9820e-02, PNorm = 145.6441, GNorm = 0.6973, lr_0 = 4.6884e-04
Loss = 6.6679e-02, PNorm = 145.6985, GNorm = 0.7948, lr_0 = 4.6836e-04
Loss = 6.9210e-02, PNorm = 145.7491, GNorm = 0.7956, lr_0 = 4.6787e-04
Loss = 6.3761e-02, PNorm = 145.7991, GNorm = 0.4031, lr_0 = 4.6739e-04
Validation rmse = 32.159815
Epoch 16
Loss = 6.4207e-02, PNorm = 145.8448, GNorm = 0.8015, lr_0 = 4.6691e-04
Loss = 6.1969e-02, PNorm = 145.8910, GNorm = 0.5727, lr_0 = 4.6642e-04
Loss = 6.6878e-02, PNorm = 145.9406, GNorm = 0.4679, lr_0 = 4.6594e-04
Loss = 7.3579e-02, PNorm = 145.9889, GNorm = 0.5876, lr_0 = 4.6546e-04
Loss = 6.0744e-02, PNorm = 146.0411, GNorm = 0.5112, lr_0 = 4.6498e-04
Loss = 6.4537e-02, PNorm = 146.0942, GNorm = 0.6091, lr_0 = 4.6450e-04
Loss = 6.6460e-02, PNorm = 146.1471, GNorm = 0.8160, lr_0 = 4.6402e-04
Loss = 7.5318e-02, PNorm = 146.2006, GNorm = 0.7003, lr_0 = 4.6354e-04
Loss = 7.3256e-02, PNorm = 146.2604, GNorm = 1.3929, lr_0 = 4.6306e-04
Loss = 6.9842e-02, PNorm = 146.3313, GNorm = 0.9525, lr_0 = 4.6258e-04
Loss = 8.0116e-02, PNorm = 146.3890, GNorm = 0.9158, lr_0 = 4.6211e-04
Loss = 6.8764e-02, PNorm = 146.4453, GNorm = 0.4705, lr_0 = 4.6163e-04
Loss = 6.8660e-02, PNorm = 146.5137, GNorm = 0.3674, lr_0 = 4.6115e-04
Loss = 7.5274e-02, PNorm = 146.5679, GNorm = 0.8675, lr_0 = 4.6067e-04
Loss = 6.2068e-02, PNorm = 146.6237, GNorm = 0.9271, lr_0 = 4.6020e-04
Loss = 6.1010e-02, PNorm = 146.6772, GNorm = 1.0040, lr_0 = 4.5972e-04
Loss = 5.5085e-02, PNorm = 146.7197, GNorm = 0.4627, lr_0 = 4.5925e-04
Loss = 5.6949e-02, PNorm = 146.7647, GNorm = 0.7532, lr_0 = 4.5877e-04
Loss = 6.3863e-02, PNorm = 146.8122, GNorm = 0.5918, lr_0 = 4.5830e-04
Loss = 6.2826e-02, PNorm = 146.8589, GNorm = 1.0485, lr_0 = 4.5783e-04
Loss = 8.0662e-02, PNorm = 146.9214, GNorm = 0.8857, lr_0 = 4.5735e-04
Loss = 7.5732e-02, PNorm = 146.9814, GNorm = 0.7277, lr_0 = 4.5688e-04
Loss = 6.2490e-02, PNorm = 147.0443, GNorm = 1.1299, lr_0 = 4.5641e-04
Loss = 6.8639e-02, PNorm = 147.0906, GNorm = 0.7499, lr_0 = 4.5594e-04
Loss = 6.7599e-02, PNorm = 147.1461, GNorm = 0.4030, lr_0 = 4.5547e-04
Validation rmse = 35.386041
Epoch 17
Loss = 6.7726e-02, PNorm = 147.2099, GNorm = 0.5382, lr_0 = 4.5500e-04
Loss = 6.7883e-02, PNorm = 147.2715, GNorm = 0.6332, lr_0 = 4.5453e-04
Loss = 5.3862e-02, PNorm = 147.3315, GNorm = 0.5695, lr_0 = 4.5406e-04
Loss = 7.4623e-02, PNorm = 147.3890, GNorm = 0.6672, lr_0 = 4.5359e-04
Loss = 5.0200e-02, PNorm = 147.4362, GNorm = 0.8162, lr_0 = 4.5312e-04
Loss = 4.9418e-02, PNorm = 147.4775, GNorm = 0.6790, lr_0 = 4.5265e-04
Loss = 6.6555e-02, PNorm = 147.5276, GNorm = 0.7508, lr_0 = 4.5218e-04
Loss = 6.7860e-02, PNorm = 147.5788, GNorm = 0.4170, lr_0 = 4.5172e-04
Loss = 6.6285e-02, PNorm = 147.6305, GNorm = 1.3893, lr_0 = 4.5125e-04
Loss = 7.7313e-02, PNorm = 147.6842, GNorm = 0.5262, lr_0 = 4.5078e-04
Loss = 8.1729e-02, PNorm = 147.7438, GNorm = 0.9241, lr_0 = 4.5032e-04
Loss = 6.3381e-02, PNorm = 147.8064, GNorm = 0.9611, lr_0 = 4.4985e-04
Loss = 7.4360e-02, PNorm = 147.8686, GNorm = 0.7345, lr_0 = 4.4939e-04
Loss = 8.2535e-02, PNorm = 147.9298, GNorm = 1.1179, lr_0 = 4.4892e-04
Loss = 7.1767e-02, PNorm = 147.9912, GNorm = 0.9633, lr_0 = 4.4846e-04
Loss = 6.4413e-02, PNorm = 148.0438, GNorm = 0.9310, lr_0 = 4.4800e-04
Loss = 5.7541e-02, PNorm = 148.0966, GNorm = 0.6064, lr_0 = 4.4753e-04
Loss = 8.5142e-02, PNorm = 148.1605, GNorm = 0.8868, lr_0 = 4.4707e-04
Loss = 6.0447e-02, PNorm = 148.2127, GNorm = 0.4329, lr_0 = 4.4661e-04
Loss = 5.9425e-02, PNorm = 148.2636, GNorm = 0.5479, lr_0 = 4.4615e-04
Loss = 6.9024e-02, PNorm = 148.3095, GNorm = 0.8299, lr_0 = 4.4569e-04
Loss = 5.6729e-02, PNorm = 148.3622, GNorm = 0.3883, lr_0 = 4.4523e-04
Loss = 7.6793e-02, PNorm = 148.4153, GNorm = 0.5596, lr_0 = 4.4477e-04
Loss = 5.5494e-02, PNorm = 148.4621, GNorm = 0.3648, lr_0 = 4.4431e-04
Loss = 8.1040e-02, PNorm = 148.5172, GNorm = 1.3867, lr_0 = 4.4385e-04
Validation rmse = 31.883832
Epoch 18
Loss = 4.1320e-02, PNorm = 148.5651, GNorm = 0.4072, lr_0 = 4.4339e-04
Loss = 5.9064e-02, PNorm = 148.6082, GNorm = 0.5869, lr_0 = 4.4293e-04
Loss = 5.4086e-02, PNorm = 148.6539, GNorm = 0.4857, lr_0 = 4.4248e-04
Loss = 5.6604e-02, PNorm = 148.6951, GNorm = 0.7642, lr_0 = 4.4202e-04
Loss = 5.5596e-02, PNorm = 148.7371, GNorm = 0.6536, lr_0 = 4.4156e-04
Loss = 5.5258e-02, PNorm = 148.7794, GNorm = 0.5263, lr_0 = 4.4111e-04
Loss = 7.7183e-02, PNorm = 148.8253, GNorm = 0.5901, lr_0 = 4.4065e-04
Loss = 5.6689e-02, PNorm = 148.8790, GNorm = 0.6646, lr_0 = 4.4020e-04
Loss = 6.1665e-02, PNorm = 148.9262, GNorm = 0.4820, lr_0 = 4.3974e-04
Loss = 6.3694e-02, PNorm = 148.9715, GNorm = 0.6246, lr_0 = 4.3929e-04
Loss = 5.6839e-02, PNorm = 149.0261, GNorm = 0.4925, lr_0 = 4.3883e-04
Loss = 6.4799e-02, PNorm = 149.0835, GNorm = 0.6027, lr_0 = 4.3838e-04
Loss = 5.9638e-02, PNorm = 149.1406, GNorm = 0.4374, lr_0 = 4.3793e-04
Loss = 6.6126e-02, PNorm = 149.1947, GNorm = 0.6324, lr_0 = 4.3747e-04
Loss = 6.6362e-02, PNorm = 149.2562, GNorm = 0.5486, lr_0 = 4.3702e-04
Loss = 5.5604e-02, PNorm = 149.3145, GNorm = 0.5216, lr_0 = 4.3657e-04
Loss = 6.3078e-02, PNorm = 149.3696, GNorm = 0.5399, lr_0 = 4.3612e-04
Loss = 5.8939e-02, PNorm = 149.4188, GNorm = 0.5196, lr_0 = 4.3567e-04
Loss = 5.9213e-02, PNorm = 149.4706, GNorm = 0.5440, lr_0 = 4.3522e-04
Loss = 6.1438e-02, PNorm = 149.5103, GNorm = 0.8279, lr_0 = 4.3477e-04
Loss = 5.7889e-02, PNorm = 149.5584, GNorm = 0.3827, lr_0 = 4.3432e-04
Loss = 5.0236e-02, PNorm = 149.6090, GNorm = 0.4384, lr_0 = 4.3387e-04
Loss = 6.9039e-02, PNorm = 149.6570, GNorm = 0.5286, lr_0 = 4.3342e-04
Loss = 6.7954e-02, PNorm = 149.7094, GNorm = 0.7494, lr_0 = 4.3298e-04
Loss = 6.2274e-02, PNorm = 149.7594, GNorm = 0.4762, lr_0 = 4.3253e-04
Validation rmse = 30.850697
Epoch 19
Loss = 4.2120e-02, PNorm = 149.8112, GNorm = 0.4446, lr_0 = 4.3208e-04
Loss = 5.7256e-02, PNorm = 149.8597, GNorm = 0.5888, lr_0 = 4.3164e-04
Loss = 6.4093e-02, PNorm = 149.9077, GNorm = 1.0125, lr_0 = 4.3119e-04
Loss = 6.2861e-02, PNorm = 149.9586, GNorm = 0.5363, lr_0 = 4.3074e-04
Loss = 6.1827e-02, PNorm = 150.0193, GNorm = 0.5735, lr_0 = 4.3030e-04
Loss = 4.7835e-02, PNorm = 150.0707, GNorm = 0.7666, lr_0 = 4.2985e-04
Loss = 4.9977e-02, PNorm = 150.1160, GNorm = 0.4380, lr_0 = 4.2941e-04
Loss = 4.6964e-02, PNorm = 150.1584, GNorm = 0.3788, lr_0 = 4.2897e-04
Loss = 5.1771e-02, PNorm = 150.2028, GNorm = 0.5954, lr_0 = 4.2852e-04
Loss = 5.7700e-02, PNorm = 150.2458, GNorm = 0.5493, lr_0 = 4.2808e-04
Loss = 6.3688e-02, PNorm = 150.3007, GNorm = 0.4198, lr_0 = 4.2764e-04
Loss = 4.5482e-02, PNorm = 150.3523, GNorm = 0.6813, lr_0 = 4.2720e-04
Loss = 4.5178e-02, PNorm = 150.3929, GNorm = 0.3792, lr_0 = 4.2676e-04
Loss = 6.2174e-02, PNorm = 150.4346, GNorm = 0.2765, lr_0 = 4.2632e-04
Loss = 6.8168e-02, PNorm = 150.4844, GNorm = 0.4977, lr_0 = 4.2587e-04
Loss = 6.3727e-02, PNorm = 150.5372, GNorm = 0.5177, lr_0 = 4.2543e-04
Loss = 6.0946e-02, PNorm = 150.5926, GNorm = 0.9048, lr_0 = 4.2500e-04
Loss = 5.7101e-02, PNorm = 150.6451, GNorm = 0.7692, lr_0 = 4.2456e-04
Loss = 4.9359e-02, PNorm = 150.6989, GNorm = 0.4774, lr_0 = 4.2412e-04
Loss = 6.7468e-02, PNorm = 150.7465, GNorm = 0.5709, lr_0 = 4.2368e-04
Loss = 6.1611e-02, PNorm = 150.8015, GNorm = 0.5655, lr_0 = 4.2324e-04
Loss = 6.5375e-02, PNorm = 150.8562, GNorm = 1.1372, lr_0 = 4.2280e-04
Loss = 5.7442e-02, PNorm = 150.9124, GNorm = 0.3630, lr_0 = 4.2237e-04
Loss = 5.7321e-02, PNorm = 150.9600, GNorm = 0.3272, lr_0 = 4.2193e-04
Loss = 6.6256e-02, PNorm = 151.0102, GNorm = 0.6588, lr_0 = 4.2150e-04
Validation rmse = 31.550556
Epoch 20
Loss = 5.4013e-02, PNorm = 151.0639, GNorm = 0.8272, lr_0 = 4.2102e-04
Loss = 4.7206e-02, PNorm = 151.1122, GNorm = 0.5739, lr_0 = 4.2058e-04
Loss = 5.3905e-02, PNorm = 151.1545, GNorm = 0.5736, lr_0 = 4.2015e-04
Loss = 6.0727e-02, PNorm = 151.1982, GNorm = 0.9641, lr_0 = 4.1971e-04
Loss = 4.6730e-02, PNorm = 151.2403, GNorm = 0.8964, lr_0 = 4.1928e-04
Loss = 6.1236e-02, PNorm = 151.2864, GNorm = 0.4392, lr_0 = 4.1885e-04
Loss = 5.7659e-02, PNorm = 151.3359, GNorm = 0.4078, lr_0 = 4.1841e-04
Loss = 5.3909e-02, PNorm = 151.3824, GNorm = 0.6202, lr_0 = 4.1798e-04
Loss = 5.9057e-02, PNorm = 151.4351, GNorm = 0.4335, lr_0 = 4.1755e-04
Loss = 6.3739e-02, PNorm = 151.4901, GNorm = 1.2649, lr_0 = 4.1712e-04
Loss = 5.2955e-02, PNorm = 151.5412, GNorm = 0.3925, lr_0 = 4.1669e-04
Loss = 5.8958e-02, PNorm = 151.5910, GNorm = 1.0854, lr_0 = 4.1626e-04
Loss = 5.1015e-02, PNorm = 151.6365, GNorm = 0.4057, lr_0 = 4.1583e-04
Loss = 6.2718e-02, PNorm = 151.6831, GNorm = 0.6143, lr_0 = 4.1540e-04
Loss = 6.6482e-02, PNorm = 151.7432, GNorm = 0.6942, lr_0 = 4.1497e-04
Loss = 5.2141e-02, PNorm = 151.8078, GNorm = 0.4230, lr_0 = 4.1454e-04
Loss = 5.3972e-02, PNorm = 151.8566, GNorm = 0.3925, lr_0 = 4.1411e-04
Loss = 6.2153e-02, PNorm = 151.8984, GNorm = 0.4566, lr_0 = 4.1368e-04
Loss = 5.8391e-02, PNorm = 151.9470, GNorm = 0.5442, lr_0 = 4.1326e-04
Loss = 5.5566e-02, PNorm = 151.9995, GNorm = 0.5785, lr_0 = 4.1283e-04
Loss = 5.5276e-02, PNorm = 152.0398, GNorm = 0.4558, lr_0 = 4.1240e-04
Loss = 5.5305e-02, PNorm = 152.0838, GNorm = 0.5456, lr_0 = 4.1198e-04
Loss = 5.3646e-02, PNorm = 152.1208, GNorm = 0.7970, lr_0 = 4.1155e-04
Loss = 5.3894e-02, PNorm = 152.1603, GNorm = 0.8699, lr_0 = 4.1113e-04
Loss = 6.6436e-02, PNorm = 152.2083, GNorm = 0.9894, lr_0 = 4.1070e-04
Validation rmse = 29.959282
Epoch 21
Loss = 5.3268e-02, PNorm = 152.2601, GNorm = 0.9512, lr_0 = 4.1028e-04
Loss = 4.7685e-02, PNorm = 152.3077, GNorm = 0.2777, lr_0 = 4.0985e-04
Loss = 5.5286e-02, PNorm = 152.3588, GNorm = 0.4291, lr_0 = 4.0943e-04
Loss = 4.7538e-02, PNorm = 152.4103, GNorm = 0.3581, lr_0 = 4.0901e-04
Loss = 4.2299e-02, PNorm = 152.4541, GNorm = 0.3826, lr_0 = 4.0859e-04
Loss = 4.3857e-02, PNorm = 152.4965, GNorm = 0.4130, lr_0 = 4.0816e-04
Loss = 6.2736e-02, PNorm = 152.5351, GNorm = 0.6800, lr_0 = 4.0774e-04
Loss = 5.8304e-02, PNorm = 152.5831, GNorm = 0.7633, lr_0 = 4.0732e-04
Loss = 5.1546e-02, PNorm = 152.6337, GNorm = 0.4317, lr_0 = 4.0690e-04
Loss = 5.5463e-02, PNorm = 152.6796, GNorm = 0.8874, lr_0 = 4.0648e-04
Loss = 5.6201e-02, PNorm = 152.7292, GNorm = 0.6229, lr_0 = 4.0606e-04
Loss = 5.9537e-02, PNorm = 152.7726, GNorm = 0.5810, lr_0 = 4.0564e-04
Loss = 4.5270e-02, PNorm = 152.8202, GNorm = 0.5654, lr_0 = 4.0522e-04
Loss = 5.3816e-02, PNorm = 152.8747, GNorm = 0.6356, lr_0 = 4.0480e-04
Loss = 5.9204e-02, PNorm = 152.9340, GNorm = 0.4917, lr_0 = 4.0438e-04
Loss = 5.6949e-02, PNorm = 152.9895, GNorm = 0.7051, lr_0 = 4.0397e-04
Loss = 6.4153e-02, PNorm = 153.0538, GNorm = 0.4856, lr_0 = 4.0355e-04
Loss = 5.7340e-02, PNorm = 153.1234, GNorm = 0.8948, lr_0 = 4.0313e-04
Loss = 5.0700e-02, PNorm = 153.1755, GNorm = 0.8255, lr_0 = 4.0272e-04
Loss = 5.2141e-02, PNorm = 153.2241, GNorm = 0.4300, lr_0 = 4.0230e-04
Loss = 5.0429e-02, PNorm = 153.2668, GNorm = 0.4694, lr_0 = 4.0188e-04
Loss = 6.0277e-02, PNorm = 153.3105, GNorm = 0.4406, lr_0 = 4.0147e-04
Loss = 6.3500e-02, PNorm = 153.3591, GNorm = 0.7479, lr_0 = 4.0105e-04
Loss = 6.2460e-02, PNorm = 153.4120, GNorm = 1.2114, lr_0 = 4.0064e-04
Loss = 6.1418e-02, PNorm = 153.4716, GNorm = 0.5521, lr_0 = 4.0023e-04
Validation rmse = 30.496018
Epoch 22
Loss = 4.3642e-02, PNorm = 153.5283, GNorm = 0.5211, lr_0 = 3.9981e-04
Loss = 5.4324e-02, PNorm = 153.5817, GNorm = 0.3730, lr_0 = 3.9940e-04
Loss = 4.9798e-02, PNorm = 153.6256, GNorm = 1.0023, lr_0 = 3.9899e-04
Loss = 4.9395e-02, PNorm = 153.6660, GNorm = 0.9882, lr_0 = 3.9858e-04
Loss = 5.2033e-02, PNorm = 153.7084, GNorm = 0.6525, lr_0 = 3.9816e-04
Loss = 4.7686e-02, PNorm = 153.7530, GNorm = 0.4995, lr_0 = 3.9775e-04
Loss = 4.8490e-02, PNorm = 153.7947, GNorm = 0.8619, lr_0 = 3.9734e-04
Loss = 4.8568e-02, PNorm = 153.8290, GNorm = 0.4804, lr_0 = 3.9693e-04
Loss = 4.6538e-02, PNorm = 153.8742, GNorm = 0.8538, lr_0 = 3.9652e-04
Loss = 5.1834e-02, PNorm = 153.9232, GNorm = 0.4691, lr_0 = 3.9611e-04
Loss = 4.9241e-02, PNorm = 153.9704, GNorm = 0.5468, lr_0 = 3.9570e-04
Loss = 4.3127e-02, PNorm = 154.0133, GNorm = 0.7740, lr_0 = 3.9529e-04
Loss = 6.4222e-02, PNorm = 154.0550, GNorm = 0.4319, lr_0 = 3.9489e-04
Loss = 5.1659e-02, PNorm = 154.1012, GNorm = 0.4537, lr_0 = 3.9448e-04
Loss = 4.5736e-02, PNorm = 154.1459, GNorm = 0.3329, lr_0 = 3.9407e-04
Loss = 5.0391e-02, PNorm = 154.1884, GNorm = 0.7847, lr_0 = 3.9366e-04
Loss = 4.7505e-02, PNorm = 154.2258, GNorm = 0.4432, lr_0 = 3.9326e-04
Loss = 4.8650e-02, PNorm = 154.2657, GNorm = 1.1747, lr_0 = 3.9285e-04
Loss = 6.2956e-02, PNorm = 154.3136, GNorm = 0.9439, lr_0 = 3.9244e-04
Loss = 6.0973e-02, PNorm = 154.3670, GNorm = 0.5891, lr_0 = 3.9204e-04
Loss = 5.3873e-02, PNorm = 154.4136, GNorm = 0.5348, lr_0 = 3.9163e-04
Loss = 4.2463e-02, PNorm = 154.4623, GNorm = 0.6538, lr_0 = 3.9123e-04
Loss = 5.8445e-02, PNorm = 154.5108, GNorm = 0.8291, lr_0 = 3.9082e-04
Loss = 4.9526e-02, PNorm = 154.5567, GNorm = 0.6485, lr_0 = 3.9042e-04
Loss = 4.7714e-02, PNorm = 154.6013, GNorm = 0.5085, lr_0 = 3.9002e-04
Validation rmse = 30.058027
Epoch 23
Loss = 4.8333e-02, PNorm = 154.6476, GNorm = 0.4643, lr_0 = 3.8962e-04
Loss = 6.5510e-02, PNorm = 154.6867, GNorm = 1.4486, lr_0 = 3.8921e-04
Loss = 5.5417e-02, PNorm = 154.7349, GNorm = 0.7462, lr_0 = 3.8881e-04
Loss = 5.0752e-02, PNorm = 154.7819, GNorm = 0.7160, lr_0 = 3.8841e-04
Loss = 4.9690e-02, PNorm = 154.8198, GNorm = 0.4742, lr_0 = 3.8801e-04
Loss = 4.6792e-02, PNorm = 154.8609, GNorm = 0.3457, lr_0 = 3.8761e-04
Loss = 3.9924e-02, PNorm = 154.9068, GNorm = 0.4620, lr_0 = 3.8721e-04
Loss = 4.2364e-02, PNorm = 154.9500, GNorm = 0.3277, lr_0 = 3.8681e-04
Loss = 4.5859e-02, PNorm = 154.9879, GNorm = 0.8878, lr_0 = 3.8641e-04
Loss = 4.9304e-02, PNorm = 155.0259, GNorm = 0.8232, lr_0 = 3.8601e-04
Loss = 4.9927e-02, PNorm = 155.0741, GNorm = 0.5228, lr_0 = 3.8561e-04
Loss = 4.6235e-02, PNorm = 155.1190, GNorm = 0.4521, lr_0 = 3.8521e-04
Loss = 5.4798e-02, PNorm = 155.1652, GNorm = 0.7872, lr_0 = 3.8481e-04
Loss = 4.8424e-02, PNorm = 155.2105, GNorm = 0.7205, lr_0 = 3.8442e-04
Loss = 3.9815e-02, PNorm = 155.2524, GNorm = 0.2869, lr_0 = 3.8402e-04
Loss = 4.6984e-02, PNorm = 155.2908, GNorm = 0.4628, lr_0 = 3.8362e-04
Loss = 4.9866e-02, PNorm = 155.3334, GNorm = 0.5356, lr_0 = 3.8323e-04
Loss = 4.5425e-02, PNorm = 155.3778, GNorm = 0.5909, lr_0 = 3.8283e-04
Loss = 4.7253e-02, PNorm = 155.4168, GNorm = 0.3629, lr_0 = 3.8243e-04
Loss = 5.6165e-02, PNorm = 155.4594, GNorm = 0.7518, lr_0 = 3.8204e-04
Loss = 5.4159e-02, PNorm = 155.5072, GNorm = 0.3899, lr_0 = 3.8164e-04
Loss = 6.2363e-02, PNorm = 155.5564, GNorm = 0.8074, lr_0 = 3.8125e-04
Loss = 6.8228e-02, PNorm = 155.6167, GNorm = 0.5923, lr_0 = 3.8086e-04
Loss = 3.8555e-02, PNorm = 155.6743, GNorm = 0.5623, lr_0 = 3.8046e-04
Loss = 4.1995e-02, PNorm = 155.7205, GNorm = 0.4298, lr_0 = 3.8007e-04
Validation rmse = 29.645809
Epoch 24
Loss = 4.4511e-02, PNorm = 155.7616, GNorm = 0.7566, lr_0 = 3.7968e-04
Loss = 5.4495e-02, PNorm = 155.7960, GNorm = 0.4398, lr_0 = 3.7928e-04
Loss = 5.1159e-02, PNorm = 155.8407, GNorm = 0.4750, lr_0 = 3.7889e-04
Loss = 4.5519e-02, PNorm = 155.8785, GNorm = 0.4831, lr_0 = 3.7850e-04
Loss = 5.0345e-02, PNorm = 155.9272, GNorm = 0.4888, lr_0 = 3.7811e-04
Loss = 5.2312e-02, PNorm = 155.9708, GNorm = 0.7304, lr_0 = 3.7772e-04
Loss = 3.8660e-02, PNorm = 156.0105, GNorm = 0.6349, lr_0 = 3.7733e-04
Loss = 5.2207e-02, PNorm = 156.0494, GNorm = 0.5551, lr_0 = 3.7694e-04
Loss = 4.9454e-02, PNorm = 156.0930, GNorm = 0.5640, lr_0 = 3.7655e-04
Loss = 4.9809e-02, PNorm = 156.1372, GNorm = 0.5317, lr_0 = 3.7616e-04
Loss = 5.2661e-02, PNorm = 156.1770, GNorm = 0.4146, lr_0 = 3.7577e-04
Loss = 5.7033e-02, PNorm = 156.2251, GNorm = 0.6788, lr_0 = 3.7539e-04
Loss = 4.7893e-02, PNorm = 156.2696, GNorm = 0.4620, lr_0 = 3.7500e-04
Loss = 4.2557e-02, PNorm = 156.3122, GNorm = 0.6589, lr_0 = 3.7461e-04
Loss = 4.3157e-02, PNorm = 156.3495, GNorm = 0.6942, lr_0 = 3.7422e-04
Loss = 4.0289e-02, PNorm = 156.3856, GNorm = 0.4862, lr_0 = 3.7384e-04
Loss = 3.9507e-02, PNorm = 156.4169, GNorm = 0.5795, lr_0 = 3.7345e-04
Loss = 4.9008e-02, PNorm = 156.4492, GNorm = 0.4964, lr_0 = 3.7306e-04
Loss = 4.4886e-02, PNorm = 156.4848, GNorm = 0.6315, lr_0 = 3.7268e-04
Loss = 4.2121e-02, PNorm = 156.5246, GNorm = 0.3921, lr_0 = 3.7229e-04
Loss = 3.7176e-02, PNorm = 156.5675, GNorm = 0.3565, lr_0 = 3.7191e-04
Loss = 4.5911e-02, PNorm = 156.6019, GNorm = 0.8068, lr_0 = 3.7153e-04
Loss = 5.2636e-02, PNorm = 156.6454, GNorm = 0.5161, lr_0 = 3.7114e-04
Loss = 6.0348e-02, PNorm = 156.6962, GNorm = 0.7664, lr_0 = 3.7076e-04
Loss = 4.8022e-02, PNorm = 156.7470, GNorm = 0.5162, lr_0 = 3.7038e-04
Validation rmse = 28.915127
Epoch 25
Loss = 4.4566e-02, PNorm = 156.7906, GNorm = 0.4892, lr_0 = 3.6999e-04
Loss = 4.8706e-02, PNorm = 156.8357, GNorm = 0.4541, lr_0 = 3.6961e-04
Loss = 4.5077e-02, PNorm = 156.8836, GNorm = 0.3238, lr_0 = 3.6923e-04
Loss = 4.7466e-02, PNorm = 156.9200, GNorm = 0.6552, lr_0 = 3.6885e-04
Loss = 3.8112e-02, PNorm = 156.9595, GNorm = 0.7748, lr_0 = 3.6847e-04
Loss = 5.1625e-02, PNorm = 157.0000, GNorm = 0.3841, lr_0 = 3.6809e-04
Loss = 4.4207e-02, PNorm = 157.0458, GNorm = 0.6526, lr_0 = 3.6771e-04
Loss = 5.2056e-02, PNorm = 157.0885, GNorm = 0.6145, lr_0 = 3.6733e-04
Loss = 5.1127e-02, PNorm = 157.1294, GNorm = 0.8850, lr_0 = 3.6695e-04
Loss = 4.9476e-02, PNorm = 157.1745, GNorm = 0.5079, lr_0 = 3.6657e-04
Loss = 4.5049e-02, PNorm = 157.2172, GNorm = 0.9753, lr_0 = 3.6619e-04
Loss = 4.1687e-02, PNorm = 157.2599, GNorm = 0.3386, lr_0 = 3.6581e-04
Loss = 4.4800e-02, PNorm = 157.3051, GNorm = 0.4296, lr_0 = 3.6543e-04
Loss = 3.5116e-02, PNorm = 157.3450, GNorm = 0.3212, lr_0 = 3.6505e-04
Loss = 4.7033e-02, PNorm = 157.3835, GNorm = 0.3685, lr_0 = 3.6468e-04
Loss = 3.9498e-02, PNorm = 157.4199, GNorm = 0.5983, lr_0 = 3.6430e-04
Loss = 4.0463e-02, PNorm = 157.4532, GNorm = 0.6406, lr_0 = 3.6392e-04
Loss = 3.4668e-02, PNorm = 157.4874, GNorm = 0.4689, lr_0 = 3.6355e-04
Loss = 4.1006e-02, PNorm = 157.5198, GNorm = 0.3463, lr_0 = 3.6317e-04
Loss = 4.5899e-02, PNorm = 157.5600, GNorm = 0.7539, lr_0 = 3.6280e-04
Loss = 5.1617e-02, PNorm = 157.6036, GNorm = 0.4256, lr_0 = 3.6242e-04
Loss = 4.7045e-02, PNorm = 157.6460, GNorm = 0.5938, lr_0 = 3.6205e-04
Loss = 4.9980e-02, PNorm = 157.6921, GNorm = 0.7739, lr_0 = 3.6167e-04
Loss = 4.5435e-02, PNorm = 157.7397, GNorm = 0.3533, lr_0 = 3.6130e-04
Loss = 4.6832e-02, PNorm = 157.7833, GNorm = 0.4051, lr_0 = 3.6093e-04
Validation rmse = 28.789734
Epoch 26
Loss = 5.2049e-02, PNorm = 157.8264, GNorm = 0.6504, lr_0 = 3.6056e-04
Loss = 4.5902e-02, PNorm = 157.8711, GNorm = 0.4776, lr_0 = 3.6018e-04
Loss = 4.4349e-02, PNorm = 157.9082, GNorm = 0.7632, lr_0 = 3.5981e-04
Loss = 4.1114e-02, PNorm = 157.9493, GNorm = 0.4127, lr_0 = 3.5944e-04
Loss = 3.7832e-02, PNorm = 157.9904, GNorm = 0.4843, lr_0 = 3.5907e-04
Loss = 3.9579e-02, PNorm = 158.0262, GNorm = 0.7918, lr_0 = 3.5870e-04
Loss = 4.6804e-02, PNorm = 158.0676, GNorm = 0.3481, lr_0 = 3.5833e-04
Loss = 3.9993e-02, PNorm = 158.1099, GNorm = 0.4575, lr_0 = 3.5796e-04
Loss = 4.1370e-02, PNorm = 158.1433, GNorm = 0.4607, lr_0 = 3.5759e-04
Loss = 4.7383e-02, PNorm = 158.1825, GNorm = 0.4006, lr_0 = 3.5722e-04
Loss = 3.9535e-02, PNorm = 158.2178, GNorm = 0.9461, lr_0 = 3.5685e-04
Loss = 4.7856e-02, PNorm = 158.2511, GNorm = 0.6820, lr_0 = 3.5648e-04
Loss = 4.8469e-02, PNorm = 158.2911, GNorm = 1.3182, lr_0 = 3.5611e-04
Loss = 5.0937e-02, PNorm = 158.3398, GNorm = 0.4262, lr_0 = 3.5574e-04
Loss = 5.2120e-02, PNorm = 158.3874, GNorm = 0.4847, lr_0 = 3.5538e-04
Loss = 4.2844e-02, PNorm = 158.4374, GNorm = 0.4737, lr_0 = 3.5501e-04
Loss = 4.1576e-02, PNorm = 158.4845, GNorm = 0.2916, lr_0 = 3.5464e-04
Loss = 3.8294e-02, PNorm = 158.5240, GNorm = 0.4255, lr_0 = 3.5428e-04
Loss = 4.5399e-02, PNorm = 158.5604, GNorm = 0.3264, lr_0 = 3.5391e-04
Loss = 5.1245e-02, PNorm = 158.6009, GNorm = 0.5722, lr_0 = 3.5354e-04
Loss = 3.9504e-02, PNorm = 158.6435, GNorm = 0.4425, lr_0 = 3.5318e-04
Loss = 3.8070e-02, PNorm = 158.6841, GNorm = 0.3945, lr_0 = 3.5281e-04
Loss = 4.3368e-02, PNorm = 158.7215, GNorm = 0.5025, lr_0 = 3.5245e-04
Loss = 4.7230e-02, PNorm = 158.7638, GNorm = 0.4043, lr_0 = 3.5209e-04
Loss = 3.6209e-02, PNorm = 158.8059, GNorm = 0.7439, lr_0 = 3.5172e-04
Validation rmse = 29.046362
Epoch 27
Loss = 3.9870e-02, PNorm = 158.8518, GNorm = 0.4213, lr_0 = 3.5132e-04
Loss = 4.1294e-02, PNorm = 158.8932, GNorm = 0.7583, lr_0 = 3.5096e-04
Loss = 3.5211e-02, PNorm = 158.9349, GNorm = 0.3553, lr_0 = 3.5060e-04
Loss = 3.7549e-02, PNorm = 158.9688, GNorm = 0.6258, lr_0 = 3.5023e-04
Loss = 4.2005e-02, PNorm = 159.0068, GNorm = 0.5033, lr_0 = 3.4987e-04
Loss = 5.1138e-02, PNorm = 159.0486, GNorm = 0.7778, lr_0 = 3.4951e-04
Loss = 3.9029e-02, PNorm = 159.0889, GNorm = 0.6282, lr_0 = 3.4915e-04
Loss = 5.8366e-02, PNorm = 159.1380, GNorm = 0.6401, lr_0 = 3.4879e-04
Loss = 4.4335e-02, PNorm = 159.1880, GNorm = 0.5623, lr_0 = 3.4843e-04
Loss = 3.8857e-02, PNorm = 159.2277, GNorm = 0.4879, lr_0 = 3.4807e-04
Loss = 3.7850e-02, PNorm = 159.2607, GNorm = 0.3441, lr_0 = 3.4771e-04
Loss = 4.4295e-02, PNorm = 159.2985, GNorm = 0.5501, lr_0 = 3.4735e-04
Loss = 4.1334e-02, PNorm = 159.3353, GNorm = 0.2328, lr_0 = 3.4699e-04
Loss = 3.7323e-02, PNorm = 159.3731, GNorm = 0.8402, lr_0 = 3.4663e-04
Loss = 3.5221e-02, PNorm = 159.4074, GNorm = 0.4034, lr_0 = 3.4628e-04
Loss = 3.6816e-02, PNorm = 159.4376, GNorm = 0.5172, lr_0 = 3.4592e-04
Loss = 4.1999e-02, PNorm = 159.4766, GNorm = 0.4764, lr_0 = 3.4556e-04
Loss = 5.7126e-02, PNorm = 159.5245, GNorm = 0.7786, lr_0 = 3.4520e-04
Loss = 4.9580e-02, PNorm = 159.5694, GNorm = 0.8584, lr_0 = 3.4485e-04
Loss = 4.3335e-02, PNorm = 159.6063, GNorm = 0.5584, lr_0 = 3.4449e-04
Loss = 3.5762e-02, PNorm = 159.6437, GNorm = 0.3442, lr_0 = 3.4413e-04
Loss = 4.3666e-02, PNorm = 159.6778, GNorm = 1.0200, lr_0 = 3.4378e-04
Loss = 4.1669e-02, PNorm = 159.7170, GNorm = 0.7008, lr_0 = 3.4342e-04
Loss = 3.8156e-02, PNorm = 159.7589, GNorm = 0.4694, lr_0 = 3.4307e-04
Loss = 4.2196e-02, PNorm = 159.7933, GNorm = 0.4593, lr_0 = 3.4272e-04
Validation rmse = 28.557285
Epoch 28
Loss = 2.6788e-02, PNorm = 159.8310, GNorm = 0.4454, lr_0 = 3.4236e-04
Loss = 4.0741e-02, PNorm = 159.8656, GNorm = 0.3495, lr_0 = 3.4201e-04
Loss = 3.6261e-02, PNorm = 159.9041, GNorm = 0.3420, lr_0 = 3.4165e-04
Loss = 3.3176e-02, PNorm = 159.9380, GNorm = 0.3617, lr_0 = 3.4130e-04
Loss = 4.8956e-02, PNorm = 159.9738, GNorm = 0.9052, lr_0 = 3.4095e-04
Loss = 3.6119e-02, PNorm = 160.0089, GNorm = 0.6617, lr_0 = 3.4060e-04
Loss = 4.8117e-02, PNorm = 160.0477, GNorm = 0.3047, lr_0 = 3.4024e-04
Loss = 3.5108e-02, PNorm = 160.0864, GNorm = 0.3124, lr_0 = 3.3989e-04
Loss = 3.5519e-02, PNorm = 160.1230, GNorm = 0.4863, lr_0 = 3.3954e-04
Loss = 3.8298e-02, PNorm = 160.1609, GNorm = 0.3743, lr_0 = 3.3919e-04
Loss = 4.7351e-02, PNorm = 160.1970, GNorm = 0.6121, lr_0 = 3.3884e-04
Loss = 3.7111e-02, PNorm = 160.2323, GNorm = 0.5218, lr_0 = 3.3849e-04
Loss = 4.5358e-02, PNorm = 160.2650, GNorm = 0.4064, lr_0 = 3.3814e-04
Loss = 4.2698e-02, PNorm = 160.3030, GNorm = 0.6844, lr_0 = 3.3779e-04
Loss = 4.4053e-02, PNorm = 160.3385, GNorm = 0.7046, lr_0 = 3.3744e-04
Loss = 3.4328e-02, PNorm = 160.3711, GNorm = 0.3027, lr_0 = 3.3709e-04
Loss = 4.3511e-02, PNorm = 160.4077, GNorm = 1.3114, lr_0 = 3.3675e-04
Loss = 4.8519e-02, PNorm = 160.4431, GNorm = 0.4678, lr_0 = 3.3640e-04
Loss = 4.0420e-02, PNorm = 160.4834, GNorm = 0.5137, lr_0 = 3.3605e-04
Loss = 4.1767e-02, PNorm = 160.5257, GNorm = 0.5262, lr_0 = 3.3570e-04
Loss = 5.0758e-02, PNorm = 160.5710, GNorm = 0.3674, lr_0 = 3.3536e-04
Loss = 4.4100e-02, PNorm = 160.6165, GNorm = 0.5730, lr_0 = 3.3501e-04
Loss = 4.5268e-02, PNorm = 160.6616, GNorm = 0.3661, lr_0 = 3.3466e-04
Loss = 4.4354e-02, PNorm = 160.7030, GNorm = 0.7572, lr_0 = 3.3432e-04
Loss = 3.8906e-02, PNorm = 160.7437, GNorm = 0.4334, lr_0 = 3.3397e-04
Validation rmse = 28.888828
Epoch 29
Loss = 3.4498e-02, PNorm = 160.7842, GNorm = 0.3070, lr_0 = 3.3363e-04
Loss = 3.4869e-02, PNorm = 160.8200, GNorm = 0.4735, lr_0 = 3.3328e-04
Loss = 3.9615e-02, PNorm = 160.8544, GNorm = 0.6193, lr_0 = 3.3294e-04
Loss = 4.0022e-02, PNorm = 160.8923, GNorm = 0.6596, lr_0 = 3.3260e-04
Loss = 3.4217e-02, PNorm = 160.9264, GNorm = 0.5513, lr_0 = 3.3225e-04
Loss = 3.4872e-02, PNorm = 160.9619, GNorm = 0.4622, lr_0 = 3.3191e-04
Loss = 3.4890e-02, PNorm = 160.9951, GNorm = 0.3578, lr_0 = 3.3157e-04
Loss = 3.8025e-02, PNorm = 161.0283, GNorm = 0.6568, lr_0 = 3.3122e-04
Loss = 3.6841e-02, PNorm = 161.0649, GNorm = 0.5288, lr_0 = 3.3088e-04
Loss = 3.9734e-02, PNorm = 161.1027, GNorm = 0.3948, lr_0 = 3.3054e-04
Loss = 3.7456e-02, PNorm = 161.1362, GNorm = 0.3522, lr_0 = 3.3020e-04
Loss = 3.5423e-02, PNorm = 161.1742, GNorm = 0.3532, lr_0 = 3.2986e-04
Loss = 3.8635e-02, PNorm = 161.2116, GNorm = 0.2865, lr_0 = 3.2952e-04
Loss = 4.1978e-02, PNorm = 161.2448, GNorm = 0.8086, lr_0 = 3.2918e-04
Loss = 3.7886e-02, PNorm = 161.2853, GNorm = 0.2715, lr_0 = 3.2884e-04
Loss = 3.7357e-02, PNorm = 161.3259, GNorm = 0.3738, lr_0 = 3.2850e-04
Loss = 3.9376e-02, PNorm = 161.3648, GNorm = 0.2661, lr_0 = 3.2816e-04
Loss = 3.5750e-02, PNorm = 161.4053, GNorm = 0.4162, lr_0 = 3.2782e-04
Loss = 3.7627e-02, PNorm = 161.4412, GNorm = 0.2793, lr_0 = 3.2748e-04
Loss = 3.2052e-02, PNorm = 161.4711, GNorm = 0.4611, lr_0 = 3.2714e-04
Loss = 4.3804e-02, PNorm = 161.5034, GNorm = 0.5514, lr_0 = 3.2680e-04
Loss = 4.0199e-02, PNorm = 161.5442, GNorm = 0.4645, lr_0 = 3.2647e-04
Loss = 4.0690e-02, PNorm = 161.5862, GNorm = 0.3316, lr_0 = 3.2613e-04
Loss = 3.6899e-02, PNorm = 161.6291, GNorm = 0.4225, lr_0 = 3.2579e-04
Loss = 3.7756e-02, PNorm = 161.6670, GNorm = 0.3201, lr_0 = 3.2545e-04
Validation rmse = 28.736975
Epoch 30
Loss = 4.2720e-02, PNorm = 161.7005, GNorm = 0.3146, lr_0 = 3.2512e-04
Loss = 4.4169e-02, PNorm = 161.7377, GNorm = 0.6099, lr_0 = 3.2478e-04
Loss = 3.7782e-02, PNorm = 161.7766, GNorm = 0.4508, lr_0 = 3.2445e-04
Loss = 4.0327e-02, PNorm = 161.8113, GNorm = 0.3534, lr_0 = 3.2411e-04
Loss = 4.2320e-02, PNorm = 161.8426, GNorm = 0.4764, lr_0 = 3.2378e-04
Loss = 3.2399e-02, PNorm = 161.8800, GNorm = 0.3324, lr_0 = 3.2344e-04
Loss = 3.7628e-02, PNorm = 161.9101, GNorm = 0.6036, lr_0 = 3.2311e-04
Loss = 3.7050e-02, PNorm = 161.9419, GNorm = 0.3801, lr_0 = 3.2278e-04
Loss = 4.4132e-02, PNorm = 161.9801, GNorm = 0.2546, lr_0 = 3.2244e-04
Loss = 3.4750e-02, PNorm = 162.0195, GNorm = 0.3703, lr_0 = 3.2211e-04
Loss = 4.1126e-02, PNorm = 162.0521, GNorm = 0.4718, lr_0 = 3.2178e-04
Loss = 4.2171e-02, PNorm = 162.0878, GNorm = 0.3951, lr_0 = 3.2144e-04
Loss = 3.3953e-02, PNorm = 162.1247, GNorm = 0.3967, lr_0 = 3.2111e-04
Loss = 3.8101e-02, PNorm = 162.1598, GNorm = 0.4288, lr_0 = 3.2078e-04
Loss = 3.6344e-02, PNorm = 162.1966, GNorm = 0.2631, lr_0 = 3.2045e-04
Loss = 3.7748e-02, PNorm = 162.2305, GNorm = 0.4702, lr_0 = 3.2012e-04
Loss = 3.3526e-02, PNorm = 162.2674, GNorm = 0.3625, lr_0 = 3.1979e-04
Loss = 3.8263e-02, PNorm = 162.3016, GNorm = 0.3774, lr_0 = 3.1946e-04
Loss = 3.3812e-02, PNorm = 162.3364, GNorm = 0.5043, lr_0 = 3.1913e-04
Loss = 3.9438e-02, PNorm = 162.3702, GNorm = 0.4966, lr_0 = 3.1880e-04
Loss = 4.5098e-02, PNorm = 162.4070, GNorm = 0.5588, lr_0 = 3.1847e-04
Loss = 3.8385e-02, PNorm = 162.4445, GNorm = 0.5051, lr_0 = 3.1814e-04
Loss = 3.3680e-02, PNorm = 162.4772, GNorm = 0.3061, lr_0 = 3.1781e-04
Loss = 4.7802e-02, PNorm = 162.5167, GNorm = 0.3749, lr_0 = 3.1748e-04
Loss = 4.2323e-02, PNorm = 162.5563, GNorm = 0.2467, lr_0 = 3.1715e-04
Validation rmse = 29.750075
Epoch 31
Loss = 3.8244e-02, PNorm = 162.5966, GNorm = 0.2644, lr_0 = 3.1683e-04
Loss = 3.6956e-02, PNorm = 162.6367, GNorm = 0.3320, lr_0 = 3.1650e-04
Loss = 3.4234e-02, PNorm = 162.6687, GNorm = 0.3417, lr_0 = 3.1617e-04
Loss = 3.5885e-02, PNorm = 162.6966, GNorm = 0.5552, lr_0 = 3.1585e-04
Loss = 3.4407e-02, PNorm = 162.7308, GNorm = 0.2961, lr_0 = 3.1552e-04
Loss = 3.3530e-02, PNorm = 162.7631, GNorm = 0.2357, lr_0 = 3.1519e-04
Loss = 3.5880e-02, PNorm = 162.7927, GNorm = 0.3527, lr_0 = 3.1487e-04
Loss = 3.3952e-02, PNorm = 162.8250, GNorm = 0.3004, lr_0 = 3.1454e-04
Loss = 4.0758e-02, PNorm = 162.8560, GNorm = 0.4172, lr_0 = 3.1422e-04
Loss = 3.5831e-02, PNorm = 162.8906, GNorm = 0.4700, lr_0 = 3.1389e-04
Loss = 3.9327e-02, PNorm = 162.9226, GNorm = 0.6438, lr_0 = 3.1357e-04
Loss = 3.7161e-02, PNorm = 162.9569, GNorm = 0.5954, lr_0 = 3.1324e-04
Loss = 3.5209e-02, PNorm = 162.9916, GNorm = 0.8712, lr_0 = 3.1292e-04
Loss = 3.5166e-02, PNorm = 163.0260, GNorm = 0.2945, lr_0 = 3.1260e-04
Loss = 3.5567e-02, PNorm = 163.0638, GNorm = 0.5301, lr_0 = 3.1227e-04
Loss = 4.0418e-02, PNorm = 163.1007, GNorm = 0.5125, lr_0 = 3.1195e-04
Loss = 3.9752e-02, PNorm = 163.1330, GNorm = 0.6597, lr_0 = 3.1163e-04
Loss = 3.6653e-02, PNorm = 163.1667, GNorm = 0.5331, lr_0 = 3.1131e-04
Loss = 4.8687e-02, PNorm = 163.1967, GNorm = 0.7579, lr_0 = 3.1099e-04
Loss = 2.8616e-02, PNorm = 163.2312, GNorm = 0.2303, lr_0 = 3.1067e-04
Loss = 3.5042e-02, PNorm = 163.2644, GNorm = 0.3747, lr_0 = 3.1034e-04
Loss = 3.8843e-02, PNorm = 163.2978, GNorm = 0.3071, lr_0 = 3.1002e-04
Loss = 3.4898e-02, PNorm = 163.3305, GNorm = 0.2826, lr_0 = 3.0970e-04
Loss = 4.0000e-02, PNorm = 163.3650, GNorm = 0.8606, lr_0 = 3.0938e-04
Loss = 4.0464e-02, PNorm = 163.4035, GNorm = 0.4107, lr_0 = 3.0906e-04
Validation rmse = 28.889574
Epoch 32
Loss = 4.6320e-02, PNorm = 163.4371, GNorm = 0.3734, lr_0 = 3.0874e-04
Loss = 3.4729e-02, PNorm = 163.4796, GNorm = 0.2556, lr_0 = 3.0843e-04
Loss = 3.5175e-02, PNorm = 163.5195, GNorm = 0.3668, lr_0 = 3.0811e-04
Loss = 3.3156e-02, PNorm = 163.5564, GNorm = 0.4930, lr_0 = 3.0779e-04
Loss = 3.6259e-02, PNorm = 163.5884, GNorm = 0.4154, lr_0 = 3.0747e-04
Loss = 3.3198e-02, PNorm = 163.6233, GNorm = 0.4354, lr_0 = 3.0715e-04
Loss = 3.6389e-02, PNorm = 163.6548, GNorm = 0.5647, lr_0 = 3.0684e-04
Loss = 3.5354e-02, PNorm = 163.6890, GNorm = 0.7290, lr_0 = 3.0652e-04
Loss = 3.2087e-02, PNorm = 163.7230, GNorm = 0.4558, lr_0 = 3.0620e-04
Loss = 3.0245e-02, PNorm = 163.7525, GNorm = 0.3070, lr_0 = 3.0589e-04
Loss = 3.0495e-02, PNorm = 163.7835, GNorm = 0.2578, lr_0 = 3.0557e-04
Loss = 3.7729e-02, PNorm = 163.8149, GNorm = 0.4172, lr_0 = 3.0525e-04
Loss = 2.9549e-02, PNorm = 163.8490, GNorm = 0.4242, lr_0 = 3.0494e-04
Loss = 3.0916e-02, PNorm = 163.8812, GNorm = 0.4822, lr_0 = 3.0462e-04
Loss = 3.7970e-02, PNorm = 163.9155, GNorm = 0.4793, lr_0 = 3.0431e-04
Loss = 3.3201e-02, PNorm = 163.9485, GNorm = 0.4140, lr_0 = 3.0400e-04
Loss = 3.5400e-02, PNorm = 163.9807, GNorm = 0.5159, lr_0 = 3.0368e-04
Loss = 3.3626e-02, PNorm = 164.0088, GNorm = 0.3602, lr_0 = 3.0337e-04
Loss = 3.3219e-02, PNorm = 164.0391, GNorm = 0.4922, lr_0 = 3.0305e-04
Loss = 3.9414e-02, PNorm = 164.0766, GNorm = 0.5542, lr_0 = 3.0274e-04
Loss = 3.8952e-02, PNorm = 164.1119, GNorm = 0.4783, lr_0 = 3.0243e-04
Loss = 3.2851e-02, PNorm = 164.1470, GNorm = 0.4730, lr_0 = 3.0212e-04
Loss = 3.3755e-02, PNorm = 164.1717, GNorm = 0.3678, lr_0 = 3.0180e-04
Loss = 3.6390e-02, PNorm = 164.1968, GNorm = 0.5532, lr_0 = 3.0149e-04
Loss = 4.5656e-02, PNorm = 164.2279, GNorm = 0.8327, lr_0 = 3.0118e-04
Validation rmse = 27.244932
Epoch 33
Loss = 2.5658e-02, PNorm = 164.2623, GNorm = 0.4330, lr_0 = 3.0087e-04
Loss = 3.2173e-02, PNorm = 164.3006, GNorm = 0.5450, lr_0 = 3.0056e-04
Loss = 2.7030e-02, PNorm = 164.3363, GNorm = 0.2794, lr_0 = 3.0025e-04
Loss = 3.2741e-02, PNorm = 164.3642, GNorm = 0.4890, lr_0 = 2.9994e-04
Loss = 3.5332e-02, PNorm = 164.3926, GNorm = 0.5247, lr_0 = 2.9963e-04
Loss = 3.2234e-02, PNorm = 164.4241, GNorm = 0.5102, lr_0 = 2.9932e-04
Loss = 3.1509e-02, PNorm = 164.4555, GNorm = 0.3585, lr_0 = 2.9901e-04
Loss = 3.3763e-02, PNorm = 164.4903, GNorm = 0.3323, lr_0 = 2.9870e-04
Loss = 3.2616e-02, PNorm = 164.5212, GNorm = 0.3999, lr_0 = 2.9839e-04
Loss = 4.0714e-02, PNorm = 164.5525, GNorm = 1.4213, lr_0 = 2.9808e-04
Loss = 3.3153e-02, PNorm = 164.5860, GNorm = 0.3859, lr_0 = 2.9778e-04
Loss = 4.7978e-02, PNorm = 164.6229, GNorm = 0.3529, lr_0 = 2.9747e-04
Loss = 3.8591e-02, PNorm = 164.6627, GNorm = 0.3868, lr_0 = 2.9716e-04
Loss = 3.9829e-02, PNorm = 164.6985, GNorm = 0.8338, lr_0 = 2.9685e-04
Loss = 3.3339e-02, PNorm = 164.7250, GNorm = 0.6231, lr_0 = 2.9655e-04
Loss = 3.8386e-02, PNorm = 164.7593, GNorm = 0.4075, lr_0 = 2.9624e-04
Loss = 3.6073e-02, PNorm = 164.7942, GNorm = 0.3028, lr_0 = 2.9594e-04
Loss = 3.2207e-02, PNorm = 164.8313, GNorm = 0.3934, lr_0 = 2.9563e-04
Loss = 3.4304e-02, PNorm = 164.8613, GNorm = 0.3215, lr_0 = 2.9532e-04
Loss = 3.5472e-02, PNorm = 164.8942, GNorm = 0.3514, lr_0 = 2.9502e-04
Loss = 3.4243e-02, PNorm = 164.9234, GNorm = 0.3447, lr_0 = 2.9471e-04
Loss = 3.6080e-02, PNorm = 164.9515, GNorm = 0.5699, lr_0 = 2.9441e-04
Loss = 4.4039e-02, PNorm = 164.9801, GNorm = 0.4867, lr_0 = 2.9411e-04
Loss = 3.2147e-02, PNorm = 165.0175, GNorm = 0.3741, lr_0 = 2.9380e-04
Loss = 2.9976e-02, PNorm = 165.0538, GNorm = 0.4135, lr_0 = 2.9350e-04
Validation rmse = 27.244039
Epoch 34
Loss = 2.7861e-02, PNorm = 165.0932, GNorm = 0.4067, lr_0 = 2.9316e-04
Loss = 3.5037e-02, PNorm = 165.1224, GNorm = 0.3625, lr_0 = 2.9286e-04
Loss = 3.7179e-02, PNorm = 165.1545, GNorm = 0.5104, lr_0 = 2.9256e-04
Loss = 3.4921e-02, PNorm = 165.1861, GNorm = 0.2508, lr_0 = 2.9226e-04
Loss = 3.8786e-02, PNorm = 165.2230, GNorm = 0.2826, lr_0 = 2.9196e-04
Loss = 3.7464e-02, PNorm = 165.2599, GNorm = 0.3978, lr_0 = 2.9165e-04
Loss = 3.3999e-02, PNorm = 165.2935, GNorm = 0.3171, lr_0 = 2.9135e-04
Loss = 3.5108e-02, PNorm = 165.3329, GNorm = 0.4700, lr_0 = 2.9105e-04
Loss = 3.6436e-02, PNorm = 165.3704, GNorm = 0.3380, lr_0 = 2.9075e-04
Loss = 3.8998e-02, PNorm = 165.3996, GNorm = 0.3926, lr_0 = 2.9045e-04
Loss = 3.6160e-02, PNorm = 165.4338, GNorm = 0.6200, lr_0 = 2.9015e-04
Loss = 2.8837e-02, PNorm = 165.4668, GNorm = 0.3136, lr_0 = 2.8985e-04
Loss = 3.2426e-02, PNorm = 165.4933, GNorm = 0.3150, lr_0 = 2.8955e-04
Loss = 3.6768e-02, PNorm = 165.5258, GNorm = 0.4253, lr_0 = 2.8925e-04
Loss = 3.8594e-02, PNorm = 165.5618, GNorm = 0.9810, lr_0 = 2.8895e-04
Loss = 3.7168e-02, PNorm = 165.5938, GNorm = 0.4734, lr_0 = 2.8865e-04
Loss = 3.0835e-02, PNorm = 165.6256, GNorm = 0.5258, lr_0 = 2.8836e-04
Loss = 3.1274e-02, PNorm = 165.6539, GNorm = 0.3425, lr_0 = 2.8806e-04
Loss = 3.7198e-02, PNorm = 165.6827, GNorm = 0.5120, lr_0 = 2.8776e-04
Loss = 3.5155e-02, PNorm = 165.7172, GNorm = 0.3642, lr_0 = 2.8746e-04
Loss = 3.2160e-02, PNorm = 165.7531, GNorm = 0.4815, lr_0 = 2.8717e-04
Loss = 3.4133e-02, PNorm = 165.7842, GNorm = 0.3742, lr_0 = 2.8687e-04
Loss = 3.7215e-02, PNorm = 165.8168, GNorm = 0.3111, lr_0 = 2.8657e-04
Loss = 2.8376e-02, PNorm = 165.8521, GNorm = 0.4062, lr_0 = 2.8628e-04
Loss = 3.7378e-02, PNorm = 165.8825, GNorm = 0.4503, lr_0 = 2.8598e-04
Validation rmse = 27.335867
Epoch 35
Loss = 3.5794e-02, PNorm = 165.9159, GNorm = 0.2963, lr_0 = 2.8569e-04
Loss = 3.1138e-02, PNorm = 165.9453, GNorm = 0.6846, lr_0 = 2.8539e-04
Loss = 2.7627e-02, PNorm = 165.9742, GNorm = 0.5549, lr_0 = 2.8510e-04
Loss = 3.1080e-02, PNorm = 166.0023, GNorm = 0.4457, lr_0 = 2.8480e-04
Loss = 3.0495e-02, PNorm = 166.0266, GNorm = 0.4506, lr_0 = 2.8451e-04
Loss = 3.3855e-02, PNorm = 166.0559, GNorm = 0.3457, lr_0 = 2.8421e-04
Loss = 3.3194e-02, PNorm = 166.0893, GNorm = 0.2965, lr_0 = 2.8392e-04
Loss = 3.3487e-02, PNorm = 166.1265, GNorm = 0.5773, lr_0 = 2.8363e-04
Loss = 2.9392e-02, PNorm = 166.1562, GNorm = 0.1901, lr_0 = 2.8333e-04
Loss = 3.4823e-02, PNorm = 166.1868, GNorm = 0.4993, lr_0 = 2.8304e-04
Loss = 3.0686e-02, PNorm = 166.2151, GNorm = 0.4454, lr_0 = 2.8275e-04
Loss = 3.9111e-02, PNorm = 166.2444, GNorm = 0.4988, lr_0 = 2.8246e-04
Loss = 3.5585e-02, PNorm = 166.2740, GNorm = 0.3407, lr_0 = 2.8217e-04
Loss = 3.3991e-02, PNorm = 166.3056, GNorm = 0.5172, lr_0 = 2.8187e-04
Loss = 3.2973e-02, PNorm = 166.3362, GNorm = 0.3640, lr_0 = 2.8158e-04
Loss = 3.0850e-02, PNorm = 166.3658, GNorm = 0.3846, lr_0 = 2.8129e-04
Loss = 3.2415e-02, PNorm = 166.3936, GNorm = 0.4063, lr_0 = 2.8100e-04
Loss = 4.3284e-02, PNorm = 166.4290, GNorm = 0.4855, lr_0 = 2.8071e-04
Loss = 3.1899e-02, PNorm = 166.4674, GNorm = 0.3272, lr_0 = 2.8042e-04
Loss = 3.7994e-02, PNorm = 166.4984, GNorm = 0.5823, lr_0 = 2.8013e-04
Loss = 3.0972e-02, PNorm = 166.5333, GNorm = 0.6648, lr_0 = 2.7984e-04
Loss = 2.8361e-02, PNorm = 166.5679, GNorm = 0.3338, lr_0 = 2.7955e-04
Loss = 3.1003e-02, PNorm = 166.5957, GNorm = 0.3086, lr_0 = 2.7926e-04
Loss = 3.0600e-02, PNorm = 166.6210, GNorm = 0.4017, lr_0 = 2.7898e-04
Loss = 3.0892e-02, PNorm = 166.6496, GNorm = 0.3706, lr_0 = 2.7869e-04
Validation rmse = 27.532304
Epoch 36
Loss = 3.2133e-02, PNorm = 166.6785, GNorm = 0.5165, lr_0 = 2.7840e-04
Loss = 3.8221e-02, PNorm = 166.7102, GNorm = 0.4708, lr_0 = 2.7811e-04
Loss = 2.7891e-02, PNorm = 166.7416, GNorm = 0.3158, lr_0 = 2.7783e-04
Loss = 3.5965e-02, PNorm = 166.7762, GNorm = 0.5613, lr_0 = 2.7754e-04
Loss = 3.5644e-02, PNorm = 166.8069, GNorm = 0.4394, lr_0 = 2.7725e-04
Loss = 3.3238e-02, PNorm = 166.8374, GNorm = 0.5392, lr_0 = 2.7697e-04
Loss = 3.8250e-02, PNorm = 166.8660, GNorm = 0.8848, lr_0 = 2.7668e-04
Loss = 3.1714e-02, PNorm = 166.8944, GNorm = 0.3859, lr_0 = 2.7639e-04
Loss = 3.0721e-02, PNorm = 166.9259, GNorm = 0.5206, lr_0 = 2.7611e-04
Loss = 3.2693e-02, PNorm = 166.9585, GNorm = 0.2739, lr_0 = 2.7582e-04
Loss = 2.9741e-02, PNorm = 166.9876, GNorm = 0.3559, lr_0 = 2.7554e-04
Loss = 2.6569e-02, PNorm = 167.0152, GNorm = 0.4151, lr_0 = 2.7525e-04
Loss = 3.0306e-02, PNorm = 167.0457, GNorm = 0.4367, lr_0 = 2.7497e-04
Loss = 3.2717e-02, PNorm = 167.0773, GNorm = 0.4583, lr_0 = 2.7468e-04
Loss = 2.7101e-02, PNorm = 167.1033, GNorm = 0.5057, lr_0 = 2.7440e-04
Loss = 2.9589e-02, PNorm = 167.1324, GNorm = 0.2807, lr_0 = 2.7412e-04
Loss = 3.2637e-02, PNorm = 167.1650, GNorm = 0.2832, lr_0 = 2.7383e-04
Loss = 3.4406e-02, PNorm = 167.1949, GNorm = 0.8426, lr_0 = 2.7355e-04
Loss = 3.3378e-02, PNorm = 167.2237, GNorm = 0.6548, lr_0 = 2.7327e-04
Loss = 2.8567e-02, PNorm = 167.2552, GNorm = 0.3612, lr_0 = 2.7299e-04
Loss = 3.6150e-02, PNorm = 167.2853, GNorm = 0.3251, lr_0 = 2.7270e-04
Loss = 3.3783e-02, PNorm = 167.3199, GNorm = 0.2752, lr_0 = 2.7242e-04
Loss = 3.4164e-02, PNorm = 167.3455, GNorm = 0.3510, lr_0 = 2.7214e-04
Loss = 2.6271e-02, PNorm = 167.3718, GNorm = 0.4843, lr_0 = 2.7186e-04
Loss = 3.0904e-02, PNorm = 167.3974, GNorm = 0.2761, lr_0 = 2.7158e-04
Validation rmse = 27.933195
Epoch 37
Loss = 2.7573e-02, PNorm = 167.4249, GNorm = 0.4675, lr_0 = 2.7130e-04
Loss = 3.1675e-02, PNorm = 167.4539, GNorm = 0.4824, lr_0 = 2.7102e-04
Loss = 2.8901e-02, PNorm = 167.4772, GNorm = 0.3649, lr_0 = 2.7074e-04
Loss = 2.6027e-02, PNorm = 167.4968, GNorm = 0.2524, lr_0 = 2.7046e-04
Loss = 3.1165e-02, PNorm = 167.5199, GNorm = 0.3038, lr_0 = 2.7018e-04
Loss = 3.1486e-02, PNorm = 167.5522, GNorm = 0.3989, lr_0 = 2.6990e-04
Loss = 2.7746e-02, PNorm = 167.5820, GNorm = 0.3762, lr_0 = 2.6962e-04
Loss = 3.3331e-02, PNorm = 167.6118, GNorm = 0.5093, lr_0 = 2.6934e-04
Loss = 4.4384e-02, PNorm = 167.6399, GNorm = 0.3768, lr_0 = 2.6906e-04
Loss = 3.3066e-02, PNorm = 167.6739, GNorm = 0.5318, lr_0 = 2.6879e-04
Loss = 3.1838e-02, PNorm = 167.7065, GNorm = 0.3371, lr_0 = 2.6851e-04
Loss = 2.9187e-02, PNorm = 167.7347, GNorm = 0.2590, lr_0 = 2.6823e-04
Loss = 3.5466e-02, PNorm = 167.7623, GNorm = 0.3762, lr_0 = 2.6795e-04
Loss = 2.6314e-02, PNorm = 167.7910, GNorm = 0.4851, lr_0 = 2.6768e-04
Loss = 2.8408e-02, PNorm = 167.8159, GNorm = 0.3979, lr_0 = 2.6740e-04
Loss = 3.5122e-02, PNorm = 167.8371, GNorm = 0.3663, lr_0 = 2.6713e-04
Loss = 3.5425e-02, PNorm = 167.8656, GNorm = 0.4741, lr_0 = 2.6685e-04
Loss = 3.2125e-02, PNorm = 167.8995, GNorm = 0.3567, lr_0 = 2.6657e-04
Loss = 2.9894e-02, PNorm = 167.9314, GNorm = 0.2465, lr_0 = 2.6630e-04
Loss = 3.1150e-02, PNorm = 167.9591, GNorm = 0.6773, lr_0 = 2.6602e-04
Loss = 3.9155e-02, PNorm = 167.9871, GNorm = 0.3015, lr_0 = 2.6575e-04
Loss = 3.5209e-02, PNorm = 168.0180, GNorm = 0.4102, lr_0 = 2.6547e-04
Loss = 3.3495e-02, PNorm = 168.0456, GNorm = 0.3620, lr_0 = 2.6520e-04
Loss = 3.4017e-02, PNorm = 168.0695, GNorm = 0.2054, lr_0 = 2.6493e-04
Loss = 3.0801e-02, PNorm = 168.0909, GNorm = 0.4982, lr_0 = 2.6465e-04
Validation rmse = 27.210676
Epoch 38
Loss = 2.6437e-02, PNorm = 168.1177, GNorm = 0.2514, lr_0 = 2.6438e-04
Loss = 2.7878e-02, PNorm = 168.1425, GNorm = 0.3770, lr_0 = 2.6411e-04
Loss = 2.5960e-02, PNorm = 168.1665, GNorm = 0.3273, lr_0 = 2.6383e-04
Loss = 2.7149e-02, PNorm = 168.1880, GNorm = 0.9266, lr_0 = 2.6356e-04
Loss = 2.9312e-02, PNorm = 168.2133, GNorm = 0.2899, lr_0 = 2.6329e-04
Loss = 3.7492e-02, PNorm = 168.2410, GNorm = 0.6223, lr_0 = 2.6302e-04
Loss = 3.3661e-02, PNorm = 168.2699, GNorm = 0.3154, lr_0 = 2.6274e-04
Loss = 3.0004e-02, PNorm = 168.2992, GNorm = 0.2628, lr_0 = 2.6247e-04
Loss = 3.5167e-02, PNorm = 168.3259, GNorm = 0.3135, lr_0 = 2.6220e-04
Loss = 3.1422e-02, PNorm = 168.3505, GNorm = 0.4565, lr_0 = 2.6193e-04
Loss = 2.7722e-02, PNorm = 168.3814, GNorm = 0.4398, lr_0 = 2.6166e-04
Loss = 2.4663e-02, PNorm = 168.4057, GNorm = 0.2191, lr_0 = 2.6139e-04
Loss = 3.0624e-02, PNorm = 168.4255, GNorm = 0.1768, lr_0 = 2.6112e-04
Loss = 2.8009e-02, PNorm = 168.4502, GNorm = 0.3107, lr_0 = 2.6085e-04
Loss = 3.6460e-02, PNorm = 168.4726, GNorm = 0.4306, lr_0 = 2.6058e-04
Loss = 3.1067e-02, PNorm = 168.4954, GNorm = 0.4079, lr_0 = 2.6031e-04
Loss = 2.8606e-02, PNorm = 168.5207, GNorm = 0.3318, lr_0 = 2.6004e-04
Loss = 2.2938e-02, PNorm = 168.5468, GNorm = 0.1881, lr_0 = 2.5977e-04
Loss = 3.7961e-02, PNorm = 168.5701, GNorm = 0.4082, lr_0 = 2.5951e-04
Loss = 2.5200e-02, PNorm = 168.5966, GNorm = 0.2648, lr_0 = 2.5924e-04
Loss = 3.6569e-02, PNorm = 168.6260, GNorm = 0.4027, lr_0 = 2.5897e-04
Loss = 4.3407e-02, PNorm = 168.6545, GNorm = 0.4927, lr_0 = 2.5870e-04
Loss = 2.8775e-02, PNorm = 168.6859, GNorm = 0.2595, lr_0 = 2.5844e-04
Loss = 3.2503e-02, PNorm = 168.7205, GNorm = 0.3800, lr_0 = 2.5817e-04
Loss = 3.1871e-02, PNorm = 168.7467, GNorm = 0.3600, lr_0 = 2.5790e-04
Validation rmse = 26.521361
Epoch 39
Loss = 2.8657e-02, PNorm = 168.7716, GNorm = 0.2569, lr_0 = 2.5764e-04
Loss = 3.0203e-02, PNorm = 168.7964, GNorm = 0.3793, lr_0 = 2.5737e-04
Loss = 2.6572e-02, PNorm = 168.8210, GNorm = 0.3350, lr_0 = 2.5710e-04
Loss = 2.6322e-02, PNorm = 168.8465, GNorm = 0.2529, lr_0 = 2.5684e-04
Loss = 2.7560e-02, PNorm = 168.8686, GNorm = 0.4819, lr_0 = 2.5657e-04
Loss = 2.7154e-02, PNorm = 168.8919, GNorm = 0.2377, lr_0 = 2.5631e-04
Loss = 3.0592e-02, PNorm = 168.9144, GNorm = 0.2910, lr_0 = 2.5604e-04
Loss = 2.9865e-02, PNorm = 168.9339, GNorm = 0.3852, lr_0 = 2.5578e-04
Loss = 3.6159e-02, PNorm = 168.9578, GNorm = 0.5826, lr_0 = 2.5551e-04
Loss = 3.0727e-02, PNorm = 168.9833, GNorm = 0.2917, lr_0 = 2.5525e-04
Loss = 2.8306e-02, PNorm = 169.0056, GNorm = 0.3160, lr_0 = 2.5499e-04
Loss = 3.0579e-02, PNorm = 169.0297, GNorm = 0.3078, lr_0 = 2.5472e-04
Loss = 3.2836e-02, PNorm = 169.0545, GNorm = 0.3931, lr_0 = 2.5446e-04
Loss = 2.7981e-02, PNorm = 169.0754, GNorm = 0.4598, lr_0 = 2.5420e-04
Loss = 3.0889e-02, PNorm = 169.1028, GNorm = 0.2438, lr_0 = 2.5393e-04
Loss = 2.9246e-02, PNorm = 169.1326, GNorm = 0.7767, lr_0 = 2.5367e-04
Loss = 2.6232e-02, PNorm = 169.1551, GNorm = 0.2035, lr_0 = 2.5341e-04
Loss = 3.2221e-02, PNorm = 169.1800, GNorm = 0.4877, lr_0 = 2.5315e-04
Loss = 3.2474e-02, PNorm = 169.2100, GNorm = 0.5062, lr_0 = 2.5289e-04
Loss = 3.1214e-02, PNorm = 169.2370, GNorm = 0.6954, lr_0 = 2.5263e-04
Loss = 3.1256e-02, PNorm = 169.2692, GNorm = 0.3888, lr_0 = 2.5236e-04
Loss = 2.8476e-02, PNorm = 169.2968, GNorm = 0.4355, lr_0 = 2.5210e-04
Loss = 2.9872e-02, PNorm = 169.3236, GNorm = 0.3445, lr_0 = 2.5184e-04
Loss = 2.8447e-02, PNorm = 169.3526, GNorm = 0.2610, lr_0 = 2.5158e-04
Loss = 2.6033e-02, PNorm = 169.3782, GNorm = 0.2693, lr_0 = 2.5132e-04
Validation rmse = 27.325824
Epoch 40
Loss = 3.5238e-02, PNorm = 169.4089, GNorm = 0.3679, lr_0 = 2.5104e-04
Loss = 2.6010e-02, PNorm = 169.4336, GNorm = 0.2273, lr_0 = 2.5078e-04
Loss = 3.0245e-02, PNorm = 169.4583, GNorm = 0.3443, lr_0 = 2.5052e-04
Loss = 2.8683e-02, PNorm = 169.4829, GNorm = 0.2844, lr_0 = 2.5026e-04
Loss = 3.0334e-02, PNorm = 169.5075, GNorm = 0.4192, lr_0 = 2.5000e-04
Loss = 2.4446e-02, PNorm = 169.5301, GNorm = 0.2119, lr_0 = 2.4974e-04
Loss = 2.1438e-02, PNorm = 169.5516, GNorm = 0.2658, lr_0 = 2.4949e-04
Loss = 2.9511e-02, PNorm = 169.5735, GNorm = 0.3654, lr_0 = 2.4923e-04
Loss = 2.7290e-02, PNorm = 169.5952, GNorm = 0.2944, lr_0 = 2.4897e-04
Loss = 2.4463e-02, PNorm = 169.6165, GNorm = 0.3738, lr_0 = 2.4871e-04
Loss = 3.2919e-02, PNorm = 169.6392, GNorm = 0.3149, lr_0 = 2.4846e-04
Loss = 2.9391e-02, PNorm = 169.6632, GNorm = 0.3848, lr_0 = 2.4820e-04
Loss = 3.2525e-02, PNorm = 169.6901, GNorm = 0.6523, lr_0 = 2.4794e-04
Loss = 3.0280e-02, PNorm = 169.7175, GNorm = 0.2673, lr_0 = 2.4769e-04
Loss = 3.9358e-02, PNorm = 169.7451, GNorm = 0.6210, lr_0 = 2.4743e-04
Loss = 2.7605e-02, PNorm = 169.7745, GNorm = 0.2529, lr_0 = 2.4718e-04
Loss = 3.5634e-02, PNorm = 169.8075, GNorm = 0.3742, lr_0 = 2.4692e-04
Loss = 2.7347e-02, PNorm = 169.8422, GNorm = 0.3326, lr_0 = 2.4667e-04
Loss = 2.8197e-02, PNorm = 169.8716, GNorm = 0.4938, lr_0 = 2.4641e-04
Loss = 3.2048e-02, PNorm = 169.8968, GNorm = 0.4333, lr_0 = 2.4616e-04
Loss = 3.2380e-02, PNorm = 169.9215, GNorm = 0.3676, lr_0 = 2.4590e-04
Loss = 3.4593e-02, PNorm = 169.9504, GNorm = 0.3557, lr_0 = 2.4565e-04
Loss = 2.7205e-02, PNorm = 169.9784, GNorm = 0.1987, lr_0 = 2.4539e-04
Loss = 3.3564e-02, PNorm = 170.0014, GNorm = 0.6724, lr_0 = 2.4514e-04
Loss = 2.9505e-02, PNorm = 170.0271, GNorm = 0.4052, lr_0 = 2.4489e-04
Validation rmse = 27.115007
Epoch 41
Loss = 2.6136e-02, PNorm = 170.0484, GNorm = 0.2310, lr_0 = 2.4463e-04
Loss = 2.9591e-02, PNorm = 170.0731, GNorm = 0.4104, lr_0 = 2.4438e-04
Loss = 2.6292e-02, PNorm = 170.1004, GNorm = 0.4904, lr_0 = 2.4413e-04
Loss = 2.8914e-02, PNorm = 170.1231, GNorm = 0.2506, lr_0 = 2.4388e-04
Loss = 2.0948e-02, PNorm = 170.1427, GNorm = 0.3067, lr_0 = 2.4363e-04
Loss = 3.4627e-02, PNorm = 170.1642, GNorm = 0.3397, lr_0 = 2.4337e-04
Loss = 2.8805e-02, PNorm = 170.1932, GNorm = 0.3287, lr_0 = 2.4312e-04
Loss = 3.6267e-02, PNorm = 170.2228, GNorm = 0.7458, lr_0 = 2.4287e-04
Loss = 2.7912e-02, PNorm = 170.2460, GNorm = 0.3638, lr_0 = 2.4262e-04
Loss = 3.2393e-02, PNorm = 170.2719, GNorm = 0.3181, lr_0 = 2.4237e-04
Loss = 2.4776e-02, PNorm = 170.2967, GNorm = 0.2337, lr_0 = 2.4212e-04
Loss = 2.7249e-02, PNorm = 170.3193, GNorm = 0.3278, lr_0 = 2.4187e-04
Loss = 2.5924e-02, PNorm = 170.3418, GNorm = 0.5155, lr_0 = 2.4162e-04
Loss = 2.4393e-02, PNorm = 170.3640, GNorm = 0.3344, lr_0 = 2.4137e-04
Loss = 3.0451e-02, PNorm = 170.3846, GNorm = 0.3237, lr_0 = 2.4112e-04
Loss = 2.9098e-02, PNorm = 170.4085, GNorm = 0.3558, lr_0 = 2.4087e-04
Loss = 3.2954e-02, PNorm = 170.4311, GNorm = 0.2591, lr_0 = 2.4062e-04
Loss = 3.2139e-02, PNorm = 170.4535, GNorm = 0.5767, lr_0 = 2.4037e-04
Loss = 2.6906e-02, PNorm = 170.4771, GNorm = 0.2881, lr_0 = 2.4013e-04
Loss = 2.7888e-02, PNorm = 170.4986, GNorm = 0.2118, lr_0 = 2.3988e-04
Loss = 3.2892e-02, PNorm = 170.5186, GNorm = 0.3827, lr_0 = 2.3963e-04
Loss = 2.9417e-02, PNorm = 170.5445, GNorm = 0.2705, lr_0 = 2.3938e-04
Loss = 2.7993e-02, PNorm = 170.5712, GNorm = 0.3907, lr_0 = 2.3914e-04
Loss = 2.6921e-02, PNorm = 170.5949, GNorm = 0.4208, lr_0 = 2.3889e-04
Loss = 3.1008e-02, PNorm = 170.6203, GNorm = 0.4425, lr_0 = 2.3864e-04
Validation rmse = 27.706058
Epoch 42
Loss = 2.9634e-02, PNorm = 170.6454, GNorm = 0.3758, lr_0 = 2.3839e-04
Loss = 2.8320e-02, PNorm = 170.6639, GNorm = 0.3482, lr_0 = 2.3815e-04
Loss = 2.8774e-02, PNorm = 170.6825, GNorm = 0.2501, lr_0 = 2.3790e-04
Loss = 2.1680e-02, PNorm = 170.7034, GNorm = 0.2041, lr_0 = 2.3766e-04
Loss = 2.6646e-02, PNorm = 170.7242, GNorm = 0.2920, lr_0 = 2.3741e-04
Loss = 2.9055e-02, PNorm = 170.7463, GNorm = 0.5302, lr_0 = 2.3717e-04
Loss = 3.2291e-02, PNorm = 170.7650, GNorm = 0.3953, lr_0 = 2.3692e-04
Loss = 2.7412e-02, PNorm = 170.7851, GNorm = 0.7054, lr_0 = 2.3668e-04
Loss = 3.5541e-02, PNorm = 170.8092, GNorm = 0.2909, lr_0 = 2.3643e-04
Loss = 3.3266e-02, PNorm = 170.8367, GNorm = 0.3343, lr_0 = 2.3619e-04
Loss = 2.7575e-02, PNorm = 170.8613, GNorm = 0.4206, lr_0 = 2.3594e-04
Loss = 3.0450e-02, PNorm = 170.8872, GNorm = 0.7172, lr_0 = 2.3570e-04
Loss = 2.3516e-02, PNorm = 170.9141, GNorm = 0.3101, lr_0 = 2.3546e-04
Loss = 3.0334e-02, PNorm = 170.9374, GNorm = 0.2157, lr_0 = 2.3521e-04
Loss = 3.2879e-02, PNorm = 170.9595, GNorm = 0.4040, lr_0 = 2.3497e-04
Loss = 2.9714e-02, PNorm = 170.9801, GNorm = 0.3091, lr_0 = 2.3473e-04
Loss = 2.4131e-02, PNorm = 171.0063, GNorm = 0.1797, lr_0 = 2.3448e-04
Loss = 2.1090e-02, PNorm = 171.0287, GNorm = 0.2168, lr_0 = 2.3424e-04
Loss = 2.5702e-02, PNorm = 171.0485, GNorm = 0.3254, lr_0 = 2.3400e-04
Loss = 2.6323e-02, PNorm = 171.0656, GNorm = 0.3277, lr_0 = 2.3376e-04
Loss = 3.1484e-02, PNorm = 171.0866, GNorm = 0.2710, lr_0 = 2.3352e-04
Loss = 2.8592e-02, PNorm = 171.1111, GNorm = 0.3878, lr_0 = 2.3328e-04
Loss = 3.6577e-02, PNorm = 171.1359, GNorm = 0.2789, lr_0 = 2.3304e-04
Loss = 2.7564e-02, PNorm = 171.1591, GNorm = 0.3061, lr_0 = 2.3279e-04
Loss = 3.0322e-02, PNorm = 171.1825, GNorm = 0.5293, lr_0 = 2.3255e-04
Validation rmse = 26.790836
Epoch 43
Loss = 2.6295e-02, PNorm = 171.2041, GNorm = 0.2825, lr_0 = 2.3231e-04
Loss = 2.7224e-02, PNorm = 171.2271, GNorm = 0.3067, lr_0 = 2.3207e-04
Loss = 2.4626e-02, PNorm = 171.2480, GNorm = 0.3268, lr_0 = 2.3183e-04
Loss = 2.9410e-02, PNorm = 171.2701, GNorm = 0.3009, lr_0 = 2.3159e-04
Loss = 2.5312e-02, PNorm = 171.2895, GNorm = 0.3489, lr_0 = 2.3136e-04
Loss = 2.8458e-02, PNorm = 171.3139, GNorm = 0.3264, lr_0 = 2.3112e-04
Loss = 2.2782e-02, PNorm = 171.3409, GNorm = 0.2488, lr_0 = 2.3088e-04
Loss = 2.7188e-02, PNorm = 171.3638, GNorm = 0.4791, lr_0 = 2.3064e-04
Loss = 2.7649e-02, PNorm = 171.3851, GNorm = 0.4216, lr_0 = 2.3040e-04
Loss = 2.8784e-02, PNorm = 171.4069, GNorm = 0.5386, lr_0 = 2.3016e-04
Loss = 2.5177e-02, PNorm = 171.4261, GNorm = 0.3515, lr_0 = 2.2993e-04
Loss = 2.6213e-02, PNorm = 171.4466, GNorm = 0.3229, lr_0 = 2.2969e-04
Loss = 2.6579e-02, PNorm = 171.4685, GNorm = 0.2668, lr_0 = 2.2945e-04
Loss = 2.6544e-02, PNorm = 171.4877, GNorm = 0.4025, lr_0 = 2.2921e-04
Loss = 2.6753e-02, PNorm = 171.5061, GNorm = 0.3417, lr_0 = 2.2898e-04
Loss = 3.0985e-02, PNorm = 171.5278, GNorm = 0.4188, lr_0 = 2.2874e-04
Loss = 2.3661e-02, PNorm = 171.5474, GNorm = 0.3123, lr_0 = 2.2850e-04
Loss = 2.8680e-02, PNorm = 171.5706, GNorm = 0.3136, lr_0 = 2.2827e-04
Loss = 3.4872e-02, PNorm = 171.5978, GNorm = 0.5071, lr_0 = 2.2803e-04
Loss = 2.6432e-02, PNorm = 171.6207, GNorm = 0.3953, lr_0 = 2.2780e-04
Loss = 2.4603e-02, PNorm = 171.6439, GNorm = 0.2771, lr_0 = 2.2756e-04
Loss = 2.7024e-02, PNorm = 171.6634, GNorm = 0.3336, lr_0 = 2.2733e-04
Loss = 3.6565e-02, PNorm = 171.6841, GNorm = 0.4365, lr_0 = 2.2709e-04
Loss = 3.5236e-02, PNorm = 171.7080, GNorm = 0.5169, lr_0 = 2.2686e-04
Loss = 2.6897e-02, PNorm = 171.7358, GNorm = 0.3434, lr_0 = 2.2662e-04
Validation rmse = 27.541702
Epoch 44
Loss = 3.3640e-02, PNorm = 171.7658, GNorm = 0.4270, lr_0 = 2.2639e-04
Loss = 2.3974e-02, PNorm = 171.7926, GNorm = 0.3051, lr_0 = 2.2615e-04
Loss = 2.2532e-02, PNorm = 171.8157, GNorm = 0.2430, lr_0 = 2.2592e-04
Loss = 2.6770e-02, PNorm = 171.8328, GNorm = 0.3308, lr_0 = 2.2569e-04
Loss = 2.5969e-02, PNorm = 171.8535, GNorm = 0.2733, lr_0 = 2.2545e-04
Loss = 2.8747e-02, PNorm = 171.8726, GNorm = 0.2567, lr_0 = 2.2522e-04
Loss = 2.7127e-02, PNorm = 171.8911, GNorm = 0.5332, lr_0 = 2.2499e-04
Loss = 3.2698e-02, PNorm = 171.9070, GNorm = 0.5471, lr_0 = 2.2476e-04
Loss = 2.4203e-02, PNorm = 171.9276, GNorm = 0.3888, lr_0 = 2.2452e-04
Loss = 2.5634e-02, PNorm = 171.9488, GNorm = 0.3015, lr_0 = 2.2429e-04
Loss = 2.6770e-02, PNorm = 171.9738, GNorm = 0.2014, lr_0 = 2.2406e-04
Loss = 2.5553e-02, PNorm = 171.9978, GNorm = 0.3425, lr_0 = 2.2383e-04
Loss = 2.5075e-02, PNorm = 172.0190, GNorm = 0.3641, lr_0 = 2.2360e-04
Loss = 2.3764e-02, PNorm = 172.0376, GNorm = 0.3964, lr_0 = 2.2337e-04
Loss = 2.7621e-02, PNorm = 172.0576, GNorm = 0.3047, lr_0 = 2.2314e-04
Loss = 2.2373e-02, PNorm = 172.0758, GNorm = 0.1927, lr_0 = 2.2291e-04
Loss = 2.5936e-02, PNorm = 172.0918, GNorm = 0.3401, lr_0 = 2.2268e-04
Loss = 2.2860e-02, PNorm = 172.1085, GNorm = 0.3014, lr_0 = 2.2245e-04
Loss = 2.7231e-02, PNorm = 172.1269, GNorm = 0.4113, lr_0 = 2.2222e-04
Loss = 2.7079e-02, PNorm = 172.1452, GNorm = 0.7976, lr_0 = 2.2199e-04
Loss = 2.6899e-02, PNorm = 172.1667, GNorm = 0.1926, lr_0 = 2.2176e-04
Loss = 2.6663e-02, PNorm = 172.1904, GNorm = 0.3199, lr_0 = 2.2153e-04
Loss = 2.4627e-02, PNorm = 172.2143, GNorm = 0.3670, lr_0 = 2.2130e-04
Loss = 2.6652e-02, PNorm = 172.2354, GNorm = 0.4484, lr_0 = 2.2107e-04
Loss = 2.4315e-02, PNorm = 172.2569, GNorm = 0.2705, lr_0 = 2.2084e-04
Validation rmse = 27.064560
Epoch 45
Loss = 3.1205e-02, PNorm = 172.2758, GNorm = 0.2047, lr_0 = 2.2061e-04
Loss = 2.3728e-02, PNorm = 172.2923, GNorm = 0.2987, lr_0 = 2.2039e-04
Loss = 2.3016e-02, PNorm = 172.3099, GNorm = 0.1851, lr_0 = 2.2016e-04
Loss = 2.1597e-02, PNorm = 172.3299, GNorm = 0.2535, lr_0 = 2.1993e-04
Loss = 2.5803e-02, PNorm = 172.3486, GNorm = 0.2241, lr_0 = 2.1970e-04
Loss = 2.2645e-02, PNorm = 172.3686, GNorm = 0.4375, lr_0 = 2.1948e-04
Loss = 2.2566e-02, PNorm = 172.3894, GNorm = 0.2799, lr_0 = 2.1925e-04
Loss = 2.6394e-02, PNorm = 172.4082, GNorm = 0.3450, lr_0 = 2.1902e-04
Loss = 2.4759e-02, PNorm = 172.4270, GNorm = 0.4053, lr_0 = 2.1880e-04
Loss = 2.6047e-02, PNorm = 172.4430, GNorm = 0.1850, lr_0 = 2.1857e-04
Loss = 2.8449e-02, PNorm = 172.4651, GNorm = 0.4330, lr_0 = 2.1835e-04
Loss = 2.3805e-02, PNorm = 172.4903, GNorm = 0.2591, lr_0 = 2.1812e-04
Loss = 2.4506e-02, PNorm = 172.5103, GNorm = 0.2053, lr_0 = 2.1789e-04
Loss = 2.5908e-02, PNorm = 172.5280, GNorm = 0.5621, lr_0 = 2.1767e-04
Loss = 2.2342e-02, PNorm = 172.5474, GNorm = 0.4093, lr_0 = 2.1744e-04
Loss = 3.2819e-02, PNorm = 172.5727, GNorm = 0.7651, lr_0 = 2.1722e-04
Loss = 2.3102e-02, PNorm = 172.5960, GNorm = 0.4220, lr_0 = 2.1700e-04
Loss = 2.2151e-02, PNorm = 172.6165, GNorm = 0.3466, lr_0 = 2.1677e-04
Loss = 3.2021e-02, PNorm = 172.6376, GNorm = 0.2100, lr_0 = 2.1655e-04
Loss = 2.6096e-02, PNorm = 172.6592, GNorm = 0.3416, lr_0 = 2.1632e-04
Loss = 2.7757e-02, PNorm = 172.6809, GNorm = 0.5131, lr_0 = 2.1610e-04
Loss = 2.4768e-02, PNorm = 172.7013, GNorm = 0.2535, lr_0 = 2.1588e-04
Loss = 2.9291e-02, PNorm = 172.7261, GNorm = 0.4331, lr_0 = 2.1565e-04
Loss = 3.2103e-02, PNorm = 172.7509, GNorm = 0.9356, lr_0 = 2.1543e-04
Loss = 2.9846e-02, PNorm = 172.7767, GNorm = 0.7146, lr_0 = 2.1521e-04
Validation rmse = 26.838099
Epoch 46
Loss = 2.2779e-02, PNorm = 172.8024, GNorm = 0.3379, lr_0 = 2.1499e-04
Loss = 2.1538e-02, PNorm = 172.8255, GNorm = 0.2280, lr_0 = 2.1476e-04
Loss = 2.2848e-02, PNorm = 172.8464, GNorm = 0.2529, lr_0 = 2.1454e-04
Loss = 2.5649e-02, PNorm = 172.8644, GNorm = 0.3342, lr_0 = 2.1432e-04
Loss = 2.4875e-02, PNorm = 172.8825, GNorm = 0.2023, lr_0 = 2.1410e-04
Loss = 2.6352e-02, PNorm = 172.9023, GNorm = 0.3674, lr_0 = 2.1388e-04
Loss = 3.0898e-02, PNorm = 172.9259, GNorm = 0.2626, lr_0 = 2.1366e-04
Loss = 2.4970e-02, PNorm = 172.9486, GNorm = 0.5292, lr_0 = 2.1344e-04
Loss = 2.8411e-02, PNorm = 172.9705, GNorm = 0.1931, lr_0 = 2.1322e-04
Loss = 2.6293e-02, PNorm = 172.9934, GNorm = 0.3172, lr_0 = 2.1300e-04
Loss = 2.3369e-02, PNorm = 173.0113, GNorm = 0.2305, lr_0 = 2.1278e-04
Loss = 2.3381e-02, PNorm = 173.0320, GNorm = 0.2153, lr_0 = 2.1256e-04
Loss = 2.4570e-02, PNorm = 173.0548, GNorm = 0.3338, lr_0 = 2.1234e-04
Loss = 2.7191e-02, PNorm = 173.0746, GNorm = 0.3922, lr_0 = 2.1212e-04
Loss = 2.7957e-02, PNorm = 173.0976, GNorm = 0.2750, lr_0 = 2.1190e-04
Loss = 1.9545e-02, PNorm = 173.1187, GNorm = 0.2630, lr_0 = 2.1168e-04
Loss = 2.5650e-02, PNorm = 173.1375, GNorm = 0.3401, lr_0 = 2.1146e-04
Loss = 2.5290e-02, PNorm = 173.1565, GNorm = 0.1896, lr_0 = 2.1124e-04
Loss = 2.7000e-02, PNorm = 173.1756, GNorm = 0.4429, lr_0 = 2.1102e-04
Loss = 2.8543e-02, PNorm = 173.1964, GNorm = 0.6320, lr_0 = 2.1081e-04
Loss = 2.4742e-02, PNorm = 173.2191, GNorm = 0.2675, lr_0 = 2.1059e-04
Loss = 2.7631e-02, PNorm = 173.2406, GNorm = 0.1963, lr_0 = 2.1037e-04
Loss = 2.5554e-02, PNorm = 173.2636, GNorm = 0.1986, lr_0 = 2.1015e-04
Loss = 2.6897e-02, PNorm = 173.2849, GNorm = 0.3012, lr_0 = 2.0994e-04
Loss = 2.1618e-02, PNorm = 173.3058, GNorm = 0.2799, lr_0 = 2.0972e-04
Validation rmse = 26.534333
Epoch 47
Loss = 2.6079e-02, PNorm = 173.3301, GNorm = 0.5131, lr_0 = 2.0948e-04
Loss = 2.1275e-02, PNorm = 173.3509, GNorm = 0.3185, lr_0 = 2.0926e-04
Loss = 2.3413e-02, PNorm = 173.3707, GNorm = 0.3114, lr_0 = 2.0905e-04
Loss = 2.5543e-02, PNorm = 173.3923, GNorm = 0.3752, lr_0 = 2.0883e-04
Loss = 2.4423e-02, PNorm = 173.4142, GNorm = 0.3239, lr_0 = 2.0862e-04
Loss = 2.5694e-02, PNorm = 173.4331, GNorm = 0.2585, lr_0 = 2.0840e-04
Loss = 2.5135e-02, PNorm = 173.4502, GNorm = 0.2717, lr_0 = 2.0819e-04
Loss = 2.4740e-02, PNorm = 173.4704, GNorm = 0.4433, lr_0 = 2.0797e-04
Loss = 2.5600e-02, PNorm = 173.4913, GNorm = 0.2665, lr_0 = 2.0776e-04
Loss = 2.5647e-02, PNorm = 173.5116, GNorm = 0.3027, lr_0 = 2.0754e-04
Loss = 2.4377e-02, PNorm = 173.5314, GNorm = 0.3987, lr_0 = 2.0733e-04
Loss = 2.1317e-02, PNorm = 173.5516, GNorm = 0.2893, lr_0 = 2.0711e-04
Loss = 2.6607e-02, PNorm = 173.5686, GNorm = 0.3304, lr_0 = 2.0690e-04
Loss = 2.6095e-02, PNorm = 173.5876, GNorm = 0.2254, lr_0 = 2.0669e-04
Loss = 2.6261e-02, PNorm = 173.6063, GNorm = 0.3575, lr_0 = 2.0647e-04
Loss = 2.6362e-02, PNorm = 173.6262, GNorm = 0.2794, lr_0 = 2.0626e-04
Loss = 2.2413e-02, PNorm = 173.6448, GNorm = 0.3573, lr_0 = 2.0605e-04
Loss = 2.6019e-02, PNorm = 173.6613, GNorm = 0.1912, lr_0 = 2.0583e-04
Loss = 2.4298e-02, PNorm = 173.6815, GNorm = 0.4032, lr_0 = 2.0562e-04
Loss = 2.6511e-02, PNorm = 173.7029, GNorm = 0.3352, lr_0 = 2.0541e-04
Loss = 2.9513e-02, PNorm = 173.7266, GNorm = 0.5270, lr_0 = 2.0520e-04
Loss = 2.2477e-02, PNorm = 173.7475, GNorm = 0.3599, lr_0 = 2.0498e-04
Loss = 2.8218e-02, PNorm = 173.7665, GNorm = 0.5522, lr_0 = 2.0477e-04
Loss = 2.4625e-02, PNorm = 173.7911, GNorm = 0.6373, lr_0 = 2.0456e-04
Loss = 2.5739e-02, PNorm = 173.8126, GNorm = 0.2754, lr_0 = 2.0435e-04
Validation rmse = 27.311826
Epoch 48
Loss = 2.3069e-02, PNorm = 173.8312, GNorm = 0.3070, lr_0 = 2.0414e-04
Loss = 2.3978e-02, PNorm = 173.8539, GNorm = 0.2612, lr_0 = 2.0393e-04
Loss = 2.4090e-02, PNorm = 173.8737, GNorm = 0.3020, lr_0 = 2.0372e-04
Loss = 2.1628e-02, PNorm = 173.8924, GNorm = 0.3709, lr_0 = 2.0351e-04
Loss = 2.5121e-02, PNorm = 173.9091, GNorm = 0.3146, lr_0 = 2.0330e-04
Loss = 2.8274e-02, PNorm = 173.9280, GNorm = 0.3247, lr_0 = 2.0309e-04
Loss = 2.3860e-02, PNorm = 173.9486, GNorm = 0.1875, lr_0 = 2.0288e-04
Loss = 2.5978e-02, PNorm = 173.9712, GNorm = 0.3476, lr_0 = 2.0267e-04
Loss = 2.4706e-02, PNorm = 173.9883, GNorm = 0.4171, lr_0 = 2.0246e-04
Loss = 3.3424e-02, PNorm = 174.0093, GNorm = 0.3252, lr_0 = 2.0225e-04
Loss = 2.5230e-02, PNorm = 174.0270, GNorm = 0.3341, lr_0 = 2.0204e-04
Loss = 2.2973e-02, PNorm = 174.0466, GNorm = 0.2852, lr_0 = 2.0183e-04
Loss = 2.4107e-02, PNorm = 174.0629, GNorm = 0.4930, lr_0 = 2.0162e-04
Loss = 3.1881e-02, PNorm = 174.0836, GNorm = 0.2950, lr_0 = 2.0141e-04
Loss = 2.7648e-02, PNorm = 174.1023, GNorm = 0.3830, lr_0 = 2.0121e-04
Loss = 2.0761e-02, PNorm = 174.1182, GNorm = 0.2029, lr_0 = 2.0100e-04
Loss = 2.2953e-02, PNorm = 174.1333, GNorm = 0.2618, lr_0 = 2.0079e-04
Loss = 2.5996e-02, PNorm = 174.1512, GNorm = 0.3586, lr_0 = 2.0058e-04
Loss = 2.0237e-02, PNorm = 174.1704, GNorm = 0.2015, lr_0 = 2.0038e-04
Loss = 2.7151e-02, PNorm = 174.1876, GNorm = 0.3028, lr_0 = 2.0017e-04
Loss = 2.4252e-02, PNorm = 174.2015, GNorm = 0.2371, lr_0 = 1.9996e-04
Loss = 2.3315e-02, PNorm = 174.2190, GNorm = 0.3134, lr_0 = 1.9976e-04
Loss = 2.2777e-02, PNorm = 174.2375, GNorm = 0.2626, lr_0 = 1.9955e-04
Loss = 2.2561e-02, PNorm = 174.2565, GNorm = 0.2458, lr_0 = 1.9934e-04
Loss = 2.0538e-02, PNorm = 174.2736, GNorm = 0.2023, lr_0 = 1.9914e-04
Validation rmse = 26.169105
Epoch 49
Loss = 2.3628e-02, PNorm = 174.2915, GNorm = 0.3869, lr_0 = 1.9893e-04
Loss = 2.3977e-02, PNorm = 174.3104, GNorm = 0.2913, lr_0 = 1.9873e-04
Loss = 1.8575e-02, PNorm = 174.3268, GNorm = 0.1976, lr_0 = 1.9852e-04
Loss = 2.7741e-02, PNorm = 174.3432, GNorm = 0.2062, lr_0 = 1.9832e-04
Loss = 2.0902e-02, PNorm = 174.3622, GNorm = 0.2305, lr_0 = 1.9811e-04
Loss = 2.1265e-02, PNorm = 174.3794, GNorm = 0.2132, lr_0 = 1.9791e-04
Loss = 2.3585e-02, PNorm = 174.4005, GNorm = 0.3206, lr_0 = 1.9770e-04
Loss = 2.1200e-02, PNorm = 174.4213, GNorm = 0.2997, lr_0 = 1.9750e-04
Loss = 2.3473e-02, PNorm = 174.4354, GNorm = 0.2938, lr_0 = 1.9729e-04
Loss = 2.6973e-02, PNorm = 174.4527, GNorm = 0.3516, lr_0 = 1.9709e-04
Loss = 2.4408e-02, PNorm = 174.4734, GNorm = 0.4201, lr_0 = 1.9689e-04
Loss = 2.3960e-02, PNorm = 174.4919, GNorm = 0.3244, lr_0 = 1.9668e-04
Loss = 2.5996e-02, PNorm = 174.5099, GNorm = 0.3994, lr_0 = 1.9648e-04
Loss = 2.1743e-02, PNorm = 174.5253, GNorm = 0.2312, lr_0 = 1.9628e-04
Loss = 2.4380e-02, PNorm = 174.5437, GNorm = 0.5040, lr_0 = 1.9607e-04
Loss = 2.4863e-02, PNorm = 174.5624, GNorm = 0.3914, lr_0 = 1.9587e-04
Loss = 2.2332e-02, PNorm = 174.5801, GNorm = 0.2176, lr_0 = 1.9567e-04
Loss = 2.4663e-02, PNorm = 174.5971, GNorm = 0.3273, lr_0 = 1.9547e-04
Loss = 2.8602e-02, PNorm = 174.6175, GNorm = 0.3807, lr_0 = 1.9526e-04
Loss = 2.2695e-02, PNorm = 174.6381, GNorm = 0.4380, lr_0 = 1.9506e-04
Loss = 2.8749e-02, PNorm = 174.6562, GNorm = 0.3167, lr_0 = 1.9504e-04
Loss = 2.6650e-02, PNorm = 174.6766, GNorm = 0.4094, lr_0 = 1.9504e-04
Loss = 2.3783e-02, PNorm = 174.6979, GNorm = 0.2992, lr_0 = 1.9504e-04
Loss = 3.2115e-02, PNorm = 174.7183, GNorm = 0.5291, lr_0 = 1.9504e-04
Loss = 2.2905e-02, PNorm = 174.7399, GNorm = 0.1907, lr_0 = 1.9504e-04
Validation rmse = 26.564627
Model 0 best validation rmse = 26.169105 on epoch 48
Loading pretrained parameter "encoder.encoder.0.cached_zero_vector".
Loading pretrained parameter "encoder.encoder.0.W_i.weight".
Loading pretrained parameter "encoder.encoder.0.W_h.weight".
Loading pretrained parameter "encoder.encoder.0.W_o.weight".
Loading pretrained parameter "encoder.encoder.0.W_o.bias".
Loading pretrained parameter "encoder.encoder.1.cached_zero_vector".
Loading pretrained parameter "encoder.encoder.1.W_i.weight".
Loading pretrained parameter "encoder.encoder.1.W_h.weight".
Loading pretrained parameter "encoder.encoder.1.W_o.weight".
Loading pretrained parameter "encoder.encoder.1.W_o.bias".
Loading pretrained parameter "ffn.1.weight".
Loading pretrained parameter "ffn.1.bias".
Loading pretrained parameter "ffn.4.weight".
Loading pretrained parameter "ffn.4.bias".
Loading pretrained parameter "ffn.7.weight".
Loading pretrained parameter "ffn.7.bias".
Moving model to cuda
Model 0 test rmse = 25.453328
Ensemble test rmse = 25.453328
1-fold cross validation
	Seed 0 ==> test rmse = 25.453328
Overall test rmse = 25.453328 +/- 0.000000
Elapsed time = 0:40:00
