Command line
python /home/kpg/chemprop/train.py --data_path ../../../data/splits/lambda_max_abs/deep4chem/group_by_smiles/smiles_target_train.csv --dataset_type regression --save_dir /home/kimele03/uvvisml/uvvisml/models/abs_all_checkpoints/random/results/506984/49666574 --config_path /home/kimele03/uvvisml/uvvisml/models/abs_all_checkpoints/random/results/506984/49666574/hyperopt.json --metric rmse --epochs 50 --gpu 0 --ensemble_size 1 --separate_val_path ../../../data/splits/lambda_max_abs/deep4chem/group_by_smiles/smiles_target_val.csv --separate_test_path ../../../data/splits/lambda_max_abs/deep4chem/group_by_smiles/smiles_target_test.csv --number_of_molecules 2
Args
{'activation': 'ReLU',
 'aggregation': 'mean',
 'aggregation_norm': 100,
 'atom_descriptor_scaling': True,
 'atom_descriptors': None,
 'atom_descriptors_path': None,
 'atom_descriptors_size': 0,
 'atom_features_size': 0,
 'atom_messages': False,
 'batch_size': 88,
 'bias': False,
 'bond_feature_scaling': True,
 'bond_features_path': None,
 'bond_features_size': 0,
 'cache_cutoff': 10000,
 'checkpoint_dir': None,
 'checkpoint_frzn': None,
 'checkpoint_path': None,
 'checkpoint_paths': None,
 'class_balance': False,
 'config_path': '/home/kimele03/uvvisml/uvvisml/models/abs_all_checkpoints/random/results/506984/49666574/hyperopt.json',
 'crossval_index_dir': None,
 'crossval_index_file': None,
 'crossval_index_sets': None,
 'cuda': True,
 'data_path': '../../../data/splits/lambda_max_abs/deep4chem/group_by_smiles/smiles_target_train.csv',
 'data_weights_path': None,
 'dataset_type': 'regression',
 'depth': 5,
 'device': device(type='cuda', index=0),
 'dropout': 0.12207614142776411,
 'empty_cache': False,
 'ensemble_size': 1,
 'epochs': 50,
 'explicit_h': False,
 'extra_metrics': [],
 'features_generator': None,
 'features_only': False,
 'features_path': None,
 'features_scaling': True,
 'features_size': None,
 'ffn_hidden_size': 1911,
 'ffn_num_layers': 3,
 'final_lr': 1.8624871402639835e-05,
 'folds_file': None,
 'freeze_first_only': False,
 'frzn_ffn_layers': 0,
 'gpu': 0,
 'grad_clip': None,
 'hidden_size': 1662,
 'ignore_columns': None,
 'init_lr': 5.91237562794072e-06,
 'log_frequency': 10,
 'max_data_size': None,
 'max_lr': 0.001,
 'metric': 'rmse',
 'metrics': ['rmse'],
 'minimize_score': True,
 'mpn_shared': False,
 'multiclass_num_classes': 3,
 'no_atom_descriptor_scaling': False,
 'no_bond_features_scaling': False,
 'no_cache_mol': False,
 'no_cuda': False,
 'no_features_scaling': False,
 'num_folds': 1,
 'num_lrs': 1,
 'num_tasks': 1,
 'num_workers': 8,
 'number_of_molecules': 2,
 'overwrite_default_atom_features': False,
 'overwrite_default_bond_features': False,
 'pytorch_seed': 0,
 'quiet': False,
 'reaction': False,
 'reaction_mode': 'reac_diff',
 'resume_experiment': False,
 'save_dir': '/home/kimele03/uvvisml/uvvisml/models/abs_all_checkpoints/random/results/506984/49666574',
 'save_preds': False,
 'save_smiles_splits': False,
 'seed': 0,
 'separate_test_atom_descriptors_path': None,
 'separate_test_bond_features_path': None,
 'separate_test_features_path': None,
 'separate_test_path': '../../../data/splits/lambda_max_abs/deep4chem/group_by_smiles/smiles_target_test.csv',
 'separate_val_atom_descriptors_path': None,
 'separate_val_bond_features_path': None,
 'separate_val_features_path': None,
 'separate_val_path': '../../../data/splits/lambda_max_abs/deep4chem/group_by_smiles/smiles_target_val.csv',
 'show_individual_scores': False,
 'smiles_columns': ['smiles', 'solvent'],
 'split_sizes': (0.8, 0.1, 0.1),
 'split_type': 'random',
 'target_columns': None,
 'target_weights': None,
 'task_names': ['peakwavs_max'],
 'test': False,
 'test_fold_index': None,
 'train_data_size': None,
 'undirected': False,
 'use_input_features': False,
 'val_fold_index': None,
 'warmup_epochs': 4}
Loading data
Number of tasks = 1
Fold 0
Splitting data with seed 0
Total size = 13,242 | train size = 13,242 | val size = 1,633 | test size = 1,710
Fitting scaler
Building model 0
MoleculeModel(
  (encoder): MPN(
    (encoder): ModuleList(
      (0): MPNEncoder(
        (dropout_layer): Dropout(p=0.12207614142776411, inplace=False)
        (act_func): ReLU()
        (W_i): Linear(in_features=147, out_features=1662, bias=False)
        (W_h): Linear(in_features=1662, out_features=1662, bias=False)
        (W_o): Linear(in_features=1795, out_features=1662, bias=True)
      )
      (1): MPNEncoder(
        (dropout_layer): Dropout(p=0.12207614142776411, inplace=False)
        (act_func): ReLU()
        (W_i): Linear(in_features=147, out_features=1662, bias=False)
        (W_h): Linear(in_features=1662, out_features=1662, bias=False)
        (W_o): Linear(in_features=1795, out_features=1662, bias=True)
      )
    )
  )
  (ffn): Sequential(
    (0): Dropout(p=0.12207614142776411, inplace=False)
    (1): Linear(in_features=3324, out_features=1911, bias=True)
    (2): ReLU()
    (3): Dropout(p=0.12207614142776411, inplace=False)
    (4): Linear(in_features=1911, out_features=1911, bias=True)
    (5): ReLU()
    (6): Dropout(p=0.12207614142776411, inplace=False)
    (7): Linear(in_features=1911, out_features=1, bias=True)
  )
)
Number of parameters = 21,996,163
Moving model to cuda
Epoch 0
Loss = 1.1184e+00, PNorm = 107.9673, GNorm = 3.2210, lr_0 = 2.4137e-05
Loss = 8.1622e-01, PNorm = 107.9686, GNorm = 5.3075, lr_0 = 4.0705e-05
Loss = 9.1868e-01, PNorm = 107.9713, GNorm = 8.0878, lr_0 = 5.7274e-05
Loss = 9.4393e-01, PNorm = 107.9743, GNorm = 3.1988, lr_0 = 7.3842e-05
Loss = 8.0027e-01, PNorm = 107.9793, GNorm = 2.4105, lr_0 = 9.0410e-05
Loss = 6.9572e-01, PNorm = 107.9857, GNorm = 13.3285, lr_0 = 1.0698e-04
Loss = 8.1904e-01, PNorm = 107.9931, GNorm = 7.9770, lr_0 = 1.2355e-04
Loss = 7.7388e-01, PNorm = 108.0044, GNorm = 2.7776, lr_0 = 1.4011e-04
Loss = 6.6795e-01, PNorm = 108.0190, GNorm = 6.0357, lr_0 = 1.5668e-04
Loss = 6.5580e-01, PNorm = 108.0360, GNorm = 1.9924, lr_0 = 1.7325e-04
Loss = 7.4962e-01, PNorm = 108.0561, GNorm = 11.4652, lr_0 = 1.8982e-04
Loss = 7.0613e-01, PNorm = 108.0762, GNorm = 6.2972, lr_0 = 2.0639e-04
Loss = 6.1237e-01, PNorm = 108.1020, GNorm = 16.8040, lr_0 = 2.2295e-04
Loss = 6.1267e-01, PNorm = 108.1286, GNorm = 0.8888, lr_0 = 2.3952e-04
Loss = 3.6741e-01, PNorm = 108.1554, GNorm = 7.3269, lr_0 = 2.5609e-04
Loss = 2.8017e-01, PNorm = 108.1578, GNorm = 3.8521, lr_0 = 2.5775e-04
Validation rmse = 73.388090
Epoch 1
Loss = 4.7170e-01, PNorm = 108.1869, GNorm = 1.9356, lr_0 = 2.7432e-04
Loss = 4.4012e-01, PNorm = 108.2193, GNorm = 2.0986, lr_0 = 2.9088e-04
Loss = 4.2684e-01, PNorm = 108.2587, GNorm = 4.8400, lr_0 = 3.0745e-04
Loss = 5.4188e-01, PNorm = 108.2957, GNorm = 3.7318, lr_0 = 3.2402e-04
Loss = 4.2941e-01, PNorm = 108.3369, GNorm = 7.3736, lr_0 = 3.4059e-04
Loss = 4.2644e-01, PNorm = 108.3811, GNorm = 2.5001, lr_0 = 3.5716e-04
Loss = 3.3839e-01, PNorm = 108.4157, GNorm = 3.2573, lr_0 = 3.7372e-04
Loss = 4.3428e-01, PNorm = 108.4501, GNorm = 4.2782, lr_0 = 3.9029e-04
Loss = 4.1366e-01, PNorm = 108.4905, GNorm = 5.9315, lr_0 = 4.0686e-04
Loss = 3.8747e-01, PNorm = 108.5428, GNorm = 7.4381, lr_0 = 4.2343e-04
Loss = 4.1742e-01, PNorm = 108.5853, GNorm = 1.8197, lr_0 = 4.4000e-04
Loss = 3.8201e-01, PNorm = 108.6354, GNorm = 2.8095, lr_0 = 4.5657e-04
Loss = 3.3711e-01, PNorm = 108.6840, GNorm = 2.0204, lr_0 = 4.7313e-04
Loss = 3.6652e-01, PNorm = 108.7302, GNorm = 5.3845, lr_0 = 4.8970e-04
Loss = 3.0711e-01, PNorm = 108.7760, GNorm = 4.4001, lr_0 = 5.0627e-04
Loss = 2.2597e-01, PNorm = 108.7803, GNorm = 1.3383, lr_0 = 5.0793e-04
Validation rmse = 59.117978
Epoch 2
Loss = 2.6639e-01, PNorm = 108.8267, GNorm = 1.9873, lr_0 = 5.2449e-04
Loss = 2.7895e-01, PNorm = 108.8726, GNorm = 4.8527, lr_0 = 5.4106e-04
Loss = 3.1948e-01, PNorm = 108.9280, GNorm = 3.0957, lr_0 = 5.5763e-04
Loss = 2.9825e-01, PNorm = 108.9790, GNorm = 4.6978, lr_0 = 5.7420e-04
Loss = 3.4758e-01, PNorm = 109.0438, GNorm = 2.8709, lr_0 = 5.9077e-04
Loss = 3.2109e-01, PNorm = 109.1061, GNorm = 5.0293, lr_0 = 6.0734e-04
Loss = 3.3610e-01, PNorm = 109.1884, GNorm = 6.0245, lr_0 = 6.2390e-04
Loss = 3.1793e-01, PNorm = 109.2655, GNorm = 7.3578, lr_0 = 6.4047e-04
Loss = 3.3419e-01, PNorm = 109.3505, GNorm = 3.2051, lr_0 = 6.5704e-04
Loss = 2.9239e-01, PNorm = 109.4266, GNorm = 2.6835, lr_0 = 6.7361e-04
Loss = 2.4085e-01, PNorm = 109.5032, GNorm = 3.7777, lr_0 = 6.9018e-04
Loss = 2.8952e-01, PNorm = 109.5876, GNorm = 4.3349, lr_0 = 7.0674e-04
Loss = 3.5107e-01, PNorm = 109.6870, GNorm = 0.8662, lr_0 = 7.2331e-04
Loss = 3.0484e-01, PNorm = 109.7854, GNorm = 5.0570, lr_0 = 7.3988e-04
Loss = 3.4201e-01, PNorm = 109.8942, GNorm = 2.8778, lr_0 = 7.5645e-04
Validation rmse = 60.519535
Epoch 3
Loss = 2.4318e-01, PNorm = 109.9976, GNorm = 1.6160, lr_0 = 7.7302e-04
Loss = 1.9612e-01, PNorm = 110.0761, GNorm = 3.7395, lr_0 = 7.8958e-04
Loss = 2.1656e-01, PNorm = 110.1543, GNorm = 2.4401, lr_0 = 8.0615e-04
Loss = 2.3397e-01, PNorm = 110.2298, GNorm = 1.8789, lr_0 = 8.2272e-04
Loss = 1.9402e-01, PNorm = 110.3107, GNorm = 1.7279, lr_0 = 8.3929e-04
Loss = 2.0995e-01, PNorm = 110.3992, GNorm = 1.5181, lr_0 = 8.5586e-04
Loss = 2.1057e-01, PNorm = 110.5011, GNorm = 3.2774, lr_0 = 8.7243e-04
Loss = 2.3405e-01, PNorm = 110.6316, GNorm = 2.8751, lr_0 = 8.8899e-04
Loss = 1.9304e-01, PNorm = 110.7439, GNorm = 4.1333, lr_0 = 9.0556e-04
Loss = 2.3070e-01, PNorm = 110.8548, GNorm = 2.7591, lr_0 = 9.2213e-04
Loss = 1.8822e-01, PNorm = 110.9536, GNorm = 2.0471, lr_0 = 9.3870e-04
Loss = 1.5448e-01, PNorm = 111.0415, GNorm = 1.8583, lr_0 = 9.5527e-04
Loss = 1.7040e-01, PNorm = 111.1338, GNorm = 0.7722, lr_0 = 9.7183e-04
Loss = 2.1217e-01, PNorm = 111.2294, GNorm = 2.5221, lr_0 = 9.8840e-04
Loss = 1.8512e-01, PNorm = 111.3476, GNorm = 3.0213, lr_0 = 9.9827e-04
Validation rmse = 58.219006
Epoch 4
Loss = 2.0955e-01, PNorm = 111.4855, GNorm = 1.0707, lr_0 = 9.9195e-04
Loss = 1.5817e-01, PNorm = 111.5930, GNorm = 1.7946, lr_0 = 9.8624e-04
Loss = 1.7141e-01, PNorm = 111.6948, GNorm = 1.4093, lr_0 = 9.8056e-04
Loss = 1.8577e-01, PNorm = 111.7932, GNorm = 2.1944, lr_0 = 9.7492e-04
Loss = 1.7928e-01, PNorm = 111.9062, GNorm = 1.2364, lr_0 = 9.6931e-04
Loss = 1.8604e-01, PNorm = 112.0348, GNorm = 0.8898, lr_0 = 9.6373e-04
Loss = 1.4028e-01, PNorm = 112.1541, GNorm = 0.7451, lr_0 = 9.5818e-04
Loss = 1.4958e-01, PNorm = 112.2694, GNorm = 1.0652, lr_0 = 9.5267e-04
Loss = 1.7616e-01, PNorm = 112.3691, GNorm = 2.9298, lr_0 = 9.4718e-04
Loss = 1.5373e-01, PNorm = 112.4724, GNorm = 0.7270, lr_0 = 9.4173e-04
Loss = 1.4381e-01, PNorm = 112.5619, GNorm = 0.8820, lr_0 = 9.3631e-04
Loss = 1.2500e-01, PNorm = 112.6595, GNorm = 2.3092, lr_0 = 9.3092e-04
Loss = 1.3660e-01, PNorm = 112.7521, GNorm = 1.5478, lr_0 = 9.2556e-04
Loss = 1.3844e-01, PNorm = 112.8157, GNorm = 1.2708, lr_0 = 9.2023e-04
Loss = 1.1581e-01, PNorm = 112.8913, GNorm = 1.1694, lr_0 = 9.1494e-04
Validation rmse = 40.563166
Epoch 5
Loss = 1.0726e-01, PNorm = 112.9657, GNorm = 0.9297, lr_0 = 9.0967e-04
Loss = 1.1694e-01, PNorm = 113.0372, GNorm = 1.3048, lr_0 = 9.0443e-04
Loss = 1.1978e-01, PNorm = 113.1075, GNorm = 2.0991, lr_0 = 8.9923e-04
Loss = 1.6037e-01, PNorm = 113.1885, GNorm = 2.2481, lr_0 = 8.9405e-04
Loss = 1.4235e-01, PNorm = 113.2947, GNorm = 0.7735, lr_0 = 8.8890e-04
Loss = 1.0710e-01, PNorm = 113.3761, GNorm = 0.9543, lr_0 = 8.8379e-04
Loss = 1.0749e-01, PNorm = 113.4509, GNorm = 0.9540, lr_0 = 8.7870e-04
Loss = 1.0716e-01, PNorm = 113.5160, GNorm = 1.6581, lr_0 = 8.7364e-04
Loss = 8.9500e-02, PNorm = 113.5760, GNorm = 0.5514, lr_0 = 8.6861e-04
Loss = 1.0219e-01, PNorm = 113.6326, GNorm = 0.7316, lr_0 = 8.6361e-04
Loss = 9.9486e-02, PNorm = 113.6882, GNorm = 2.1018, lr_0 = 8.5864e-04
Loss = 1.1512e-01, PNorm = 113.7549, GNorm = 2.6436, lr_0 = 8.5370e-04
Loss = 1.0321e-01, PNorm = 113.8387, GNorm = 1.2063, lr_0 = 8.4879e-04
Loss = 8.6269e-02, PNorm = 113.9125, GNorm = 2.1878, lr_0 = 8.4390e-04
Loss = 1.0402e-01, PNorm = 113.9831, GNorm = 1.5149, lr_0 = 8.3904e-04
Validation rmse = 38.582926
Epoch 6
Loss = 7.6544e-02, PNorm = 114.0572, GNorm = 1.3327, lr_0 = 8.3373e-04
Loss = 7.7488e-02, PNorm = 114.1099, GNorm = 0.7511, lr_0 = 8.2893e-04
Loss = 8.3265e-02, PNorm = 114.1535, GNorm = 0.9536, lr_0 = 8.2416e-04
Loss = 7.8786e-02, PNorm = 114.1988, GNorm = 0.9231, lr_0 = 8.1942e-04
Loss = 9.8525e-02, PNorm = 114.2501, GNorm = 0.6710, lr_0 = 8.1470e-04
Loss = 8.0546e-02, PNorm = 114.2960, GNorm = 1.3400, lr_0 = 8.1001e-04
Loss = 7.9850e-02, PNorm = 114.3533, GNorm = 0.4771, lr_0 = 8.0535e-04
Loss = 7.9486e-02, PNorm = 114.4065, GNorm = 0.4604, lr_0 = 8.0071e-04
Loss = 8.5779e-02, PNorm = 114.4484, GNorm = 0.7846, lr_0 = 7.9610e-04
Loss = 7.1038e-02, PNorm = 114.5065, GNorm = 0.7438, lr_0 = 7.9152e-04
Loss = 6.8049e-02, PNorm = 114.5567, GNorm = 1.5075, lr_0 = 7.8696e-04
Loss = 7.5536e-02, PNorm = 114.6012, GNorm = 0.5476, lr_0 = 7.8243e-04
Loss = 8.3152e-02, PNorm = 114.6544, GNorm = 1.3199, lr_0 = 7.7793e-04
Loss = 8.2638e-02, PNorm = 114.6972, GNorm = 0.5352, lr_0 = 7.7345e-04
Loss = 8.0999e-02, PNorm = 114.7449, GNorm = 0.5574, lr_0 = 7.6900e-04
Validation rmse = 38.248034
Epoch 7
Loss = 6.0490e-02, PNorm = 114.7958, GNorm = 0.5612, lr_0 = 7.6457e-04
Loss = 8.6368e-02, PNorm = 114.8425, GNorm = 1.0515, lr_0 = 7.6017e-04
Loss = 8.2885e-02, PNorm = 114.8996, GNorm = 1.5244, lr_0 = 7.5580e-04
Loss = 7.0856e-02, PNorm = 114.9387, GNorm = 0.5715, lr_0 = 7.5145e-04
Loss = 6.5645e-02, PNorm = 114.9779, GNorm = 0.4497, lr_0 = 7.4712e-04
Loss = 8.1717e-02, PNorm = 115.0201, GNorm = 0.9470, lr_0 = 7.4282e-04
Loss = 6.7389e-02, PNorm = 115.0691, GNorm = 0.5202, lr_0 = 7.3854e-04
Loss = 6.0384e-02, PNorm = 115.1148, GNorm = 0.6612, lr_0 = 7.3429e-04
Loss = 7.0334e-02, PNorm = 115.1653, GNorm = 0.8723, lr_0 = 7.3007e-04
Loss = 7.8267e-02, PNorm = 115.2322, GNorm = 1.2935, lr_0 = 7.2586e-04
Loss = 7.1962e-02, PNorm = 115.2897, GNorm = 1.2965, lr_0 = 7.2169e-04
Loss = 6.7743e-02, PNorm = 115.3389, GNorm = 1.0318, lr_0 = 7.1753e-04
Loss = 5.9905e-02, PNorm = 115.3810, GNorm = 0.6315, lr_0 = 7.1340e-04
Loss = 8.7099e-02, PNorm = 115.4251, GNorm = 1.4612, lr_0 = 7.0929e-04
Loss = 6.9151e-02, PNorm = 115.4755, GNorm = 1.5262, lr_0 = 7.0521e-04
Validation rmse = 33.832043
Epoch 8
Loss = 4.6235e-02, PNorm = 115.5223, GNorm = 0.6241, lr_0 = 7.0075e-04
Loss = 6.0522e-02, PNorm = 115.5545, GNorm = 0.8285, lr_0 = 6.9671e-04
Loss = 5.0303e-02, PNorm = 115.5896, GNorm = 0.5307, lr_0 = 6.9270e-04
Loss = 6.4298e-02, PNorm = 115.6362, GNorm = 0.9538, lr_0 = 6.8872e-04
Loss = 6.3640e-02, PNorm = 115.6758, GNorm = 0.7505, lr_0 = 6.8475e-04
Loss = 6.0942e-02, PNorm = 115.7114, GNorm = 1.0948, lr_0 = 6.8081e-04
Loss = 6.4907e-02, PNorm = 115.7479, GNorm = 1.3648, lr_0 = 6.7689e-04
Loss = 6.8914e-02, PNorm = 115.7862, GNorm = 0.3406, lr_0 = 6.7300e-04
Loss = 5.9200e-02, PNorm = 115.8267, GNorm = 0.7239, lr_0 = 6.6912e-04
Loss = 6.3283e-02, PNorm = 115.8632, GNorm = 0.6727, lr_0 = 6.6527e-04
Loss = 5.9551e-02, PNorm = 115.9004, GNorm = 0.7539, lr_0 = 6.6144e-04
Loss = 6.0001e-02, PNorm = 115.9403, GNorm = 1.2614, lr_0 = 6.5763e-04
Loss = 5.6577e-02, PNorm = 115.9781, GNorm = 0.3787, lr_0 = 6.5385e-04
Loss = 6.1831e-02, PNorm = 116.0148, GNorm = 0.5817, lr_0 = 6.5008e-04
Loss = 6.0663e-02, PNorm = 116.0545, GNorm = 0.7032, lr_0 = 6.4634e-04
Validation rmse = 35.075517
Epoch 9
Loss = 5.7037e-02, PNorm = 116.0904, GNorm = 0.5079, lr_0 = 6.4262e-04
Loss = 5.3664e-02, PNorm = 116.1310, GNorm = 0.4989, lr_0 = 6.3892e-04
Loss = 5.7313e-02, PNorm = 116.1670, GNorm = 0.4865, lr_0 = 6.3524e-04
Loss = 5.2112e-02, PNorm = 116.1969, GNorm = 0.3527, lr_0 = 6.3159e-04
Loss = 6.7530e-02, PNorm = 116.2380, GNorm = 0.4785, lr_0 = 6.2795e-04
Loss = 6.0353e-02, PNorm = 116.2807, GNorm = 1.6484, lr_0 = 6.2434e-04
Loss = 7.2175e-02, PNorm = 116.3244, GNorm = 1.2802, lr_0 = 6.2074e-04
Loss = 5.4034e-02, PNorm = 116.3607, GNorm = 0.7020, lr_0 = 6.1717e-04
Loss = 5.8105e-02, PNorm = 116.3937, GNorm = 0.4756, lr_0 = 6.1362e-04
Loss = 4.4910e-02, PNorm = 116.4287, GNorm = 0.4992, lr_0 = 6.1009e-04
Loss = 4.4480e-02, PNorm = 116.4618, GNorm = 0.3977, lr_0 = 6.0657e-04
Loss = 4.7480e-02, PNorm = 116.4935, GNorm = 0.4372, lr_0 = 6.0308e-04
Loss = 5.4819e-02, PNorm = 116.5200, GNorm = 0.4995, lr_0 = 5.9961e-04
Loss = 5.3185e-02, PNorm = 116.5593, GNorm = 0.6282, lr_0 = 5.9616e-04
Loss = 4.8000e-02, PNorm = 116.5901, GNorm = 0.4585, lr_0 = 5.9273e-04
Validation rmse = 32.022786
Epoch 10
Loss = 4.8982e-02, PNorm = 116.6177, GNorm = 0.8442, lr_0 = 5.8898e-04
Loss = 4.6535e-02, PNorm = 116.6459, GNorm = 0.7810, lr_0 = 5.8559e-04
Loss = 4.5535e-02, PNorm = 116.6706, GNorm = 0.7047, lr_0 = 5.8222e-04
Loss = 4.3496e-02, PNorm = 116.6952, GNorm = 0.8230, lr_0 = 5.7886e-04
Loss = 4.4832e-02, PNorm = 116.7238, GNorm = 0.9294, lr_0 = 5.7553e-04
Loss = 5.1554e-02, PNorm = 116.7563, GNorm = 0.8168, lr_0 = 5.7222e-04
Loss = 4.2734e-02, PNorm = 116.7834, GNorm = 0.4938, lr_0 = 5.6893e-04
Loss = 4.1692e-02, PNorm = 116.8084, GNorm = 0.4067, lr_0 = 5.6565e-04
Loss = 4.9728e-02, PNorm = 116.8364, GNorm = 0.4672, lr_0 = 5.6239e-04
Loss = 5.1950e-02, PNorm = 116.8675, GNorm = 0.7742, lr_0 = 5.5916e-04
Loss = 4.5464e-02, PNorm = 116.9006, GNorm = 0.9148, lr_0 = 5.5594e-04
Loss = 5.2190e-02, PNorm = 116.9261, GNorm = 0.3278, lr_0 = 5.5274e-04
Loss = 4.5993e-02, PNorm = 116.9548, GNorm = 0.5265, lr_0 = 5.4956e-04
Loss = 4.4022e-02, PNorm = 116.9812, GNorm = 0.3846, lr_0 = 5.4639e-04
Loss = 4.6916e-02, PNorm = 117.0028, GNorm = 0.9916, lr_0 = 5.4325e-04
Validation rmse = 29.774448
Epoch 11
Loss = 4.6282e-02, PNorm = 117.0292, GNorm = 0.6999, lr_0 = 5.4012e-04
Loss = 4.2020e-02, PNorm = 117.0578, GNorm = 0.6001, lr_0 = 5.3701e-04
Loss = 4.2655e-02, PNorm = 117.0913, GNorm = 0.2815, lr_0 = 5.3392e-04
Loss = 3.8638e-02, PNorm = 117.1111, GNorm = 0.5714, lr_0 = 5.3085e-04
Loss = 3.7436e-02, PNorm = 117.1328, GNorm = 0.3666, lr_0 = 5.2779e-04
Loss = 4.4399e-02, PNorm = 117.1615, GNorm = 1.2943, lr_0 = 5.2475e-04
Loss = 4.8279e-02, PNorm = 117.1834, GNorm = 1.2159, lr_0 = 5.2173e-04
Loss = 5.7397e-02, PNorm = 117.2074, GNorm = 0.8482, lr_0 = 5.1873e-04
Loss = 4.7302e-02, PNorm = 117.2386, GNorm = 0.3668, lr_0 = 5.1574e-04
Loss = 4.4298e-02, PNorm = 117.2667, GNorm = 0.6038, lr_0 = 5.1278e-04
Loss = 4.1937e-02, PNorm = 117.2912, GNorm = 0.7076, lr_0 = 5.0982e-04
Loss = 4.6373e-02, PNorm = 117.3120, GNorm = 0.5830, lr_0 = 5.0689e-04
Loss = 3.9785e-02, PNorm = 117.3316, GNorm = 0.6658, lr_0 = 5.0397e-04
Loss = 3.8663e-02, PNorm = 117.3516, GNorm = 0.8005, lr_0 = 5.0107e-04
Loss = 3.7962e-02, PNorm = 117.3794, GNorm = 0.6551, lr_0 = 4.9819e-04
Validation rmse = 31.337689
Epoch 12
Loss = 4.4698e-02, PNorm = 117.4053, GNorm = 0.5893, lr_0 = 4.9503e-04
Loss = 3.9278e-02, PNorm = 117.4243, GNorm = 0.3213, lr_0 = 4.9218e-04
Loss = 4.1297e-02, PNorm = 117.4463, GNorm = 0.4034, lr_0 = 4.8935e-04
Loss = 3.3520e-02, PNorm = 117.4675, GNorm = 0.5632, lr_0 = 4.8653e-04
Loss = 3.4989e-02, PNorm = 117.4879, GNorm = 0.3058, lr_0 = 4.8373e-04
Loss = 3.9049e-02, PNorm = 117.5073, GNorm = 0.2850, lr_0 = 4.8095e-04
Loss = 3.9780e-02, PNorm = 117.5250, GNorm = 0.6491, lr_0 = 4.7818e-04
Loss = 4.9680e-02, PNorm = 117.5523, GNorm = 0.4963, lr_0 = 4.7543e-04
Loss = 4.0369e-02, PNorm = 117.5802, GNorm = 0.4875, lr_0 = 4.7269e-04
Loss = 4.1664e-02, PNorm = 117.6049, GNorm = 0.4408, lr_0 = 4.6997e-04
Loss = 3.4591e-02, PNorm = 117.6229, GNorm = 0.5139, lr_0 = 4.6726e-04
Loss = 3.5941e-02, PNorm = 117.6420, GNorm = 0.7558, lr_0 = 4.6457e-04
Loss = 4.3126e-02, PNorm = 117.6667, GNorm = 0.8782, lr_0 = 4.6190e-04
Loss = 3.6955e-02, PNorm = 117.6884, GNorm = 0.7069, lr_0 = 4.5924e-04
Loss = 3.2679e-02, PNorm = 117.7087, GNorm = 0.2841, lr_0 = 4.5660e-04
Validation rmse = 30.005641
Epoch 13
Loss = 2.6911e-02, PNorm = 117.7289, GNorm = 0.3429, lr_0 = 4.5397e-04
Loss = 3.4062e-02, PNorm = 117.7478, GNorm = 0.9104, lr_0 = 4.5136e-04
Loss = 3.3444e-02, PNorm = 117.7642, GNorm = 0.5063, lr_0 = 4.4876e-04
Loss = 3.7044e-02, PNorm = 117.7798, GNorm = 0.2958, lr_0 = 4.4618e-04
Loss = 3.6907e-02, PNorm = 117.8016, GNorm = 0.3927, lr_0 = 4.4361e-04
Loss = 3.5760e-02, PNorm = 117.8191, GNorm = 0.5218, lr_0 = 4.4105e-04
Loss = 2.8959e-02, PNorm = 117.8352, GNorm = 0.2427, lr_0 = 4.3852e-04
Loss = 3.0612e-02, PNorm = 117.8513, GNorm = 0.3826, lr_0 = 4.3599e-04
Loss = 3.2502e-02, PNorm = 117.8707, GNorm = 0.2507, lr_0 = 4.3348e-04
Loss = 3.7959e-02, PNorm = 117.8878, GNorm = 0.3370, lr_0 = 4.3099e-04
Loss = 3.6878e-02, PNorm = 117.9127, GNorm = 0.4235, lr_0 = 4.2851e-04
Loss = 3.6415e-02, PNorm = 117.9314, GNorm = 0.5761, lr_0 = 4.2604e-04
Loss = 3.6800e-02, PNorm = 117.9472, GNorm = 0.6917, lr_0 = 4.2359e-04
Loss = 3.3396e-02, PNorm = 117.9654, GNorm = 0.3034, lr_0 = 4.2115e-04
Loss = 3.2381e-02, PNorm = 117.9838, GNorm = 0.2258, lr_0 = 4.1872e-04
Validation rmse = 30.876797
Epoch 14
Loss = 3.1656e-02, PNorm = 118.0027, GNorm = 0.1523, lr_0 = 4.1607e-04
Loss = 2.9352e-02, PNorm = 118.0220, GNorm = 0.6522, lr_0 = 4.1368e-04
Loss = 2.8448e-02, PNorm = 118.0398, GNorm = 0.3423, lr_0 = 4.1130e-04
Loss = 3.3016e-02, PNorm = 118.0586, GNorm = 0.3729, lr_0 = 4.0893e-04
Loss = 2.8108e-02, PNorm = 118.0729, GNorm = 0.3008, lr_0 = 4.0658e-04
Loss = 3.1696e-02, PNorm = 118.0853, GNorm = 0.7685, lr_0 = 4.0424e-04
Loss = 2.8720e-02, PNorm = 118.0997, GNorm = 0.5240, lr_0 = 4.0191e-04
Loss = 2.6622e-02, PNorm = 118.1127, GNorm = 0.2711, lr_0 = 3.9959e-04
Loss = 3.2003e-02, PNorm = 118.1264, GNorm = 0.3714, lr_0 = 3.9729e-04
Loss = 3.2548e-02, PNorm = 118.1427, GNorm = 0.5640, lr_0 = 3.9501e-04
Loss = 3.7318e-02, PNorm = 118.1638, GNorm = 0.3385, lr_0 = 3.9273e-04
Loss = 3.1565e-02, PNorm = 118.1831, GNorm = 0.3202, lr_0 = 3.9047e-04
Loss = 3.2805e-02, PNorm = 118.2016, GNorm = 0.7086, lr_0 = 3.8823e-04
Loss = 3.0754e-02, PNorm = 118.2182, GNorm = 0.4170, lr_0 = 3.8599e-04
Loss = 2.8862e-02, PNorm = 118.2330, GNorm = 0.2400, lr_0 = 3.8377e-04
Validation rmse = 29.347203
Epoch 15
Loss = 2.6169e-02, PNorm = 118.2498, GNorm = 0.5786, lr_0 = 3.8156e-04
Loss = 3.0451e-02, PNorm = 118.2650, GNorm = 0.3328, lr_0 = 3.7936e-04
Loss = 3.4789e-02, PNorm = 118.2829, GNorm = 1.1375, lr_0 = 3.7718e-04
Loss = 2.8823e-02, PNorm = 118.3007, GNorm = 0.7406, lr_0 = 3.7501e-04
Loss = 2.6938e-02, PNorm = 118.3194, GNorm = 0.6228, lr_0 = 3.7285e-04
Loss = 2.9029e-02, PNorm = 118.3352, GNorm = 0.6845, lr_0 = 3.7070e-04
Loss = 2.5000e-02, PNorm = 118.3499, GNorm = 0.5705, lr_0 = 3.6857e-04
Loss = 2.9505e-02, PNorm = 118.3683, GNorm = 0.8237, lr_0 = 3.6645e-04
Loss = 3.4209e-02, PNorm = 118.3893, GNorm = 0.5764, lr_0 = 3.6434e-04
Loss = 3.4932e-02, PNorm = 118.4105, GNorm = 0.5790, lr_0 = 3.6224e-04
Loss = 3.3812e-02, PNorm = 118.4283, GNorm = 0.4065, lr_0 = 3.6016e-04
Loss = 3.1028e-02, PNorm = 118.4430, GNorm = 0.5604, lr_0 = 3.5808e-04
Loss = 2.9789e-02, PNorm = 118.4608, GNorm = 0.4253, lr_0 = 3.5602e-04
Loss = 2.6955e-02, PNorm = 118.4757, GNorm = 0.3681, lr_0 = 3.5397e-04
Loss = 2.6758e-02, PNorm = 118.4890, GNorm = 0.3643, lr_0 = 3.5194e-04
Validation rmse = 29.341006
Epoch 16
Loss = 2.6922e-02, PNorm = 118.4997, GNorm = 0.3562, lr_0 = 3.4971e-04
Loss = 2.9619e-02, PNorm = 118.5148, GNorm = 0.2614, lr_0 = 3.4770e-04
Loss = 2.7038e-02, PNorm = 118.5319, GNorm = 0.2795, lr_0 = 3.4569e-04
Loss = 2.8406e-02, PNorm = 118.5468, GNorm = 0.5808, lr_0 = 3.4370e-04
Loss = 2.9527e-02, PNorm = 118.5631, GNorm = 0.3197, lr_0 = 3.4173e-04
Loss = 2.9814e-02, PNorm = 118.5801, GNorm = 0.3724, lr_0 = 3.3976e-04
Loss = 2.6942e-02, PNorm = 118.5941, GNorm = 0.3804, lr_0 = 3.3780e-04
Loss = 2.4279e-02, PNorm = 118.6099, GNorm = 0.3493, lr_0 = 3.3586e-04
Loss = 2.8463e-02, PNorm = 118.6240, GNorm = 0.3141, lr_0 = 3.3392e-04
Loss = 3.0077e-02, PNorm = 118.6349, GNorm = 0.5340, lr_0 = 3.3200e-04
Loss = 2.5449e-02, PNorm = 118.6440, GNorm = 0.5868, lr_0 = 3.3009e-04
Loss = 2.4324e-02, PNorm = 118.6597, GNorm = 0.3623, lr_0 = 3.2819e-04
Loss = 2.5596e-02, PNorm = 118.6764, GNorm = 0.8311, lr_0 = 3.2630e-04
Loss = 2.7052e-02, PNorm = 118.6918, GNorm = 0.2537, lr_0 = 3.2442e-04
Loss = 2.5694e-02, PNorm = 118.7023, GNorm = 0.3253, lr_0 = 3.2256e-04
Validation rmse = 29.015667
Epoch 17
Loss = 2.7961e-02, PNorm = 118.7141, GNorm = 0.3681, lr_0 = 3.2070e-04
Loss = 2.3368e-02, PNorm = 118.7252, GNorm = 0.2305, lr_0 = 3.1885e-04
Loss = 2.5700e-02, PNorm = 118.7375, GNorm = 0.4416, lr_0 = 3.1702e-04
Loss = 2.2130e-02, PNorm = 118.7489, GNorm = 0.5557, lr_0 = 3.1519e-04
Loss = 2.6351e-02, PNorm = 118.7626, GNorm = 0.3442, lr_0 = 3.1338e-04
Loss = 2.4585e-02, PNorm = 118.7758, GNorm = 0.2754, lr_0 = 3.1158e-04
Loss = 2.4080e-02, PNorm = 118.7869, GNorm = 0.4179, lr_0 = 3.0978e-04
Loss = 2.2323e-02, PNorm = 118.7960, GNorm = 0.2936, lr_0 = 3.0800e-04
Loss = 2.9052e-02, PNorm = 118.8022, GNorm = 0.6414, lr_0 = 3.0623e-04
Loss = 3.0840e-02, PNorm = 118.8152, GNorm = 0.5113, lr_0 = 3.0446e-04
Loss = 2.8049e-02, PNorm = 118.8309, GNorm = 0.2604, lr_0 = 3.0271e-04
Loss = 2.9038e-02, PNorm = 118.8441, GNorm = 0.2974, lr_0 = 3.0097e-04
Loss = 2.4746e-02, PNorm = 118.8564, GNorm = 0.3081, lr_0 = 2.9924e-04
Loss = 2.8104e-02, PNorm = 118.8684, GNorm = 0.4173, lr_0 = 2.9751e-04
Loss = 2.5745e-02, PNorm = 118.8817, GNorm = 0.3634, lr_0 = 2.9580e-04
Validation rmse = 29.276788
Epoch 18
Loss = 1.3913e-02, PNorm = 118.8967, GNorm = 0.2206, lr_0 = 2.9393e-04
Loss = 2.3981e-02, PNorm = 118.9083, GNorm = 0.2972, lr_0 = 2.9224e-04
Loss = 2.1684e-02, PNorm = 118.9207, GNorm = 0.2691, lr_0 = 2.9055e-04
Loss = 2.2900e-02, PNorm = 118.9325, GNorm = 0.3453, lr_0 = 2.8888e-04
Loss = 2.5050e-02, PNorm = 118.9419, GNorm = 0.2123, lr_0 = 2.8722e-04
Loss = 2.1985e-02, PNorm = 118.9518, GNorm = 0.4243, lr_0 = 2.8557e-04
Loss = 2.5257e-02, PNorm = 118.9611, GNorm = 0.1907, lr_0 = 2.8392e-04
Loss = 2.3615e-02, PNorm = 118.9711, GNorm = 0.3294, lr_0 = 2.8229e-04
Loss = 2.0910e-02, PNorm = 118.9814, GNorm = 0.3448, lr_0 = 2.8066e-04
Loss = 2.1854e-02, PNorm = 118.9893, GNorm = 0.2405, lr_0 = 2.7905e-04
Loss = 2.3754e-02, PNorm = 118.9995, GNorm = 0.4065, lr_0 = 2.7744e-04
Loss = 2.4460e-02, PNorm = 119.0107, GNorm = 0.6525, lr_0 = 2.7584e-04
Loss = 2.4273e-02, PNorm = 119.0212, GNorm = 0.3383, lr_0 = 2.7426e-04
Loss = 2.4411e-02, PNorm = 119.0331, GNorm = 0.6018, lr_0 = 2.7268e-04
Loss = 2.7479e-02, PNorm = 119.0437, GNorm = 0.4707, lr_0 = 2.7111e-04
Validation rmse = 30.839156
Epoch 19
Loss = 2.9018e-02, PNorm = 119.0547, GNorm = 0.8780, lr_0 = 2.6955e-04
Loss = 2.3567e-02, PNorm = 119.0670, GNorm = 0.3112, lr_0 = 2.6800e-04
Loss = 2.3914e-02, PNorm = 119.0776, GNorm = 0.2924, lr_0 = 2.6645e-04
Loss = 1.9966e-02, PNorm = 119.0900, GNorm = 0.2795, lr_0 = 2.6492e-04
Loss = 2.0368e-02, PNorm = 119.1015, GNorm = 0.2060, lr_0 = 2.6339e-04
Loss = 2.3136e-02, PNorm = 119.1113, GNorm = 0.2120, lr_0 = 2.6188e-04
Loss = 2.3492e-02, PNorm = 119.1224, GNorm = 0.2928, lr_0 = 2.6037e-04
Loss = 2.0678e-02, PNorm = 119.1351, GNorm = 0.3284, lr_0 = 2.5887e-04
Loss = 1.9824e-02, PNorm = 119.1420, GNorm = 0.1861, lr_0 = 2.5738e-04
Loss = 2.4957e-02, PNorm = 119.1496, GNorm = 0.5259, lr_0 = 2.5590e-04
Loss = 2.5822e-02, PNorm = 119.1584, GNorm = 0.4220, lr_0 = 2.5443e-04
Loss = 2.3531e-02, PNorm = 119.1664, GNorm = 0.3950, lr_0 = 2.5296e-04
Loss = 3.1700e-02, PNorm = 119.1814, GNorm = 0.3008, lr_0 = 2.5151e-04
Loss = 2.5587e-02, PNorm = 119.1951, GNorm = 0.2629, lr_0 = 2.5006e-04
Loss = 2.2372e-02, PNorm = 119.2047, GNorm = 0.3358, lr_0 = 2.4862e-04
Validation rmse = 27.984817
Epoch 20
Loss = 1.5350e-02, PNorm = 119.2123, GNorm = 0.2675, lr_0 = 2.4705e-04
Loss = 2.0787e-02, PNorm = 119.2196, GNorm = 0.4287, lr_0 = 2.4562e-04
Loss = 1.8420e-02, PNorm = 119.2292, GNorm = 0.3162, lr_0 = 2.4421e-04
Loss = 2.2240e-02, PNorm = 119.2384, GNorm = 0.3605, lr_0 = 2.4280e-04
Loss = 1.8866e-02, PNorm = 119.2468, GNorm = 0.3095, lr_0 = 2.4141e-04
Loss = 2.1790e-02, PNorm = 119.2567, GNorm = 0.3571, lr_0 = 2.4002e-04
Loss = 2.0464e-02, PNorm = 119.2661, GNorm = 0.3397, lr_0 = 2.3864e-04
Loss = 1.8577e-02, PNorm = 119.2732, GNorm = 0.1666, lr_0 = 2.3726e-04
Loss = 2.0326e-02, PNorm = 119.2795, GNorm = 0.3640, lr_0 = 2.3590e-04
Loss = 2.3744e-02, PNorm = 119.2902, GNorm = 0.2732, lr_0 = 2.3454e-04
Loss = 2.4199e-02, PNorm = 119.2994, GNorm = 0.5883, lr_0 = 2.3319e-04
Loss = 1.9409e-02, PNorm = 119.3089, GNorm = 0.2275, lr_0 = 2.3185e-04
Loss = 1.8886e-02, PNorm = 119.3169, GNorm = 0.6761, lr_0 = 2.3051e-04
Loss = 2.4363e-02, PNorm = 119.3242, GNorm = 0.4173, lr_0 = 2.2918e-04
Loss = 2.0200e-02, PNorm = 119.3324, GNorm = 0.2410, lr_0 = 2.2787e-04
Loss = 2.1057e-02, PNorm = 119.3417, GNorm = 0.5641, lr_0 = 2.2655e-04
Validation rmse = 28.799826
Epoch 21
Loss = 2.0013e-02, PNorm = 119.3512, GNorm = 0.5158, lr_0 = 2.2525e-04
Loss = 2.0910e-02, PNorm = 119.3608, GNorm = 0.4607, lr_0 = 2.2395e-04
Loss = 1.8671e-02, PNorm = 119.3676, GNorm = 0.2104, lr_0 = 2.2266e-04
Loss = 1.8147e-02, PNorm = 119.3749, GNorm = 0.4424, lr_0 = 2.2138e-04
Loss = 1.9246e-02, PNorm = 119.3847, GNorm = 0.3113, lr_0 = 2.2011e-04
Loss = 1.8008e-02, PNorm = 119.3934, GNorm = 0.2344, lr_0 = 2.1884e-04
Loss = 2.1925e-02, PNorm = 119.4010, GNorm = 0.1506, lr_0 = 2.1758e-04
Loss = 1.9290e-02, PNorm = 119.4076, GNorm = 0.3017, lr_0 = 2.1633e-04
Loss = 1.8644e-02, PNorm = 119.4144, GNorm = 0.3439, lr_0 = 2.1508e-04
Loss = 2.5744e-02, PNorm = 119.4232, GNorm = 0.4022, lr_0 = 2.1385e-04
Loss = 2.1277e-02, PNorm = 119.4304, GNorm = 0.4368, lr_0 = 2.1261e-04
Loss = 1.7889e-02, PNorm = 119.4362, GNorm = 0.4041, lr_0 = 2.1139e-04
Loss = 2.2372e-02, PNorm = 119.4456, GNorm = 0.4126, lr_0 = 2.1017e-04
Loss = 2.1803e-02, PNorm = 119.4562, GNorm = 0.3397, lr_0 = 2.0896e-04
Loss = 2.2798e-02, PNorm = 119.4647, GNorm = 0.3322, lr_0 = 2.0776e-04
Loss = 1.7078e-02, PNorm = 119.4657, GNorm = 0.2983, lr_0 = 2.0764e-04
Validation rmse = 28.409547
Epoch 22
Loss = 1.6855e-02, PNorm = 119.4758, GNorm = 0.1507, lr_0 = 2.0645e-04
Loss = 1.9144e-02, PNorm = 119.4836, GNorm = 0.2087, lr_0 = 2.0526e-04
Loss = 1.9011e-02, PNorm = 119.4918, GNorm = 0.2728, lr_0 = 2.0408e-04
Loss = 1.7148e-02, PNorm = 119.4997, GNorm = 0.4460, lr_0 = 2.0290e-04
Loss = 1.7667e-02, PNorm = 119.5056, GNorm = 0.3086, lr_0 = 2.0173e-04
Loss = 1.7505e-02, PNorm = 119.5134, GNorm = 0.1924, lr_0 = 2.0057e-04
Loss = 1.7836e-02, PNorm = 119.5191, GNorm = 0.2138, lr_0 = 1.9942e-04
Loss = 2.0027e-02, PNorm = 119.5235, GNorm = 0.1869, lr_0 = 1.9827e-04
Loss = 1.8917e-02, PNorm = 119.5294, GNorm = 0.3594, lr_0 = 1.9713e-04
Loss = 1.8991e-02, PNorm = 119.5328, GNorm = 0.2546, lr_0 = 1.9599e-04
Loss = 2.4231e-02, PNorm = 119.5422, GNorm = 0.3802, lr_0 = 1.9487e-04
Loss = 2.0395e-02, PNorm = 119.5548, GNorm = 0.2174, lr_0 = 1.9374e-04
Loss = 1.6519e-02, PNorm = 119.5634, GNorm = 0.3759, lr_0 = 1.9263e-04
Loss = 2.1155e-02, PNorm = 119.5706, GNorm = 0.3787, lr_0 = 1.9152e-04
Loss = 1.7895e-02, PNorm = 119.5792, GNorm = 0.1896, lr_0 = 1.9042e-04
Loss = 1.3953e-02, PNorm = 119.5800, GNorm = 0.3306, lr_0 = 1.9031e-04
Validation rmse = 28.158396
Epoch 23
Loss = 2.1454e-02, PNorm = 119.5871, GNorm = 0.4993, lr_0 = 1.8921e-04
Loss = 1.8697e-02, PNorm = 119.5966, GNorm = 0.3535, lr_0 = 1.8812e-04
Loss = 1.8313e-02, PNorm = 119.6057, GNorm = 0.1777, lr_0 = 1.8704e-04
Loss = 1.4556e-02, PNorm = 119.6129, GNorm = 0.3184, lr_0 = 1.8596e-04
Loss = 1.7374e-02, PNorm = 119.6195, GNorm = 0.3672, lr_0 = 1.8489e-04
Loss = 1.8689e-02, PNorm = 119.6271, GNorm = 0.3526, lr_0 = 1.8383e-04
Loss = 1.5855e-02, PNorm = 119.6330, GNorm = 0.1945, lr_0 = 1.8277e-04
Loss = 1.8316e-02, PNorm = 119.6367, GNorm = 0.1972, lr_0 = 1.8172e-04
Loss = 2.0544e-02, PNorm = 119.6449, GNorm = 0.5953, lr_0 = 1.8067e-04
Loss = 1.6241e-02, PNorm = 119.6516, GNorm = 0.3269, lr_0 = 1.7963e-04
Loss = 1.8407e-02, PNorm = 119.6573, GNorm = 0.3599, lr_0 = 1.7860e-04
Loss = 1.9262e-02, PNorm = 119.6643, GNorm = 0.5539, lr_0 = 1.7757e-04
Loss = 2.0928e-02, PNorm = 119.6716, GNorm = 0.2322, lr_0 = 1.7655e-04
Loss = 1.7316e-02, PNorm = 119.6790, GNorm = 0.4764, lr_0 = 1.7553e-04
Loss = 1.8690e-02, PNorm = 119.6860, GNorm = 0.6278, lr_0 = 1.7452e-04
Validation rmse = 27.667762
Epoch 24
Loss = 1.5002e-02, PNorm = 119.6926, GNorm = 0.3312, lr_0 = 1.7352e-04
Loss = 1.5628e-02, PNorm = 119.6990, GNorm = 0.2276, lr_0 = 1.7252e-04
Loss = 1.8208e-02, PNorm = 119.7040, GNorm = 0.2211, lr_0 = 1.7153e-04
Loss = 1.7236e-02, PNorm = 119.7090, GNorm = 0.5600, lr_0 = 1.7054e-04
Loss = 1.9310e-02, PNorm = 119.7134, GNorm = 0.1670, lr_0 = 1.6956e-04
Loss = 1.7271e-02, PNorm = 119.7195, GNorm = 0.3716, lr_0 = 1.6858e-04
Loss = 2.0267e-02, PNorm = 119.7278, GNorm = 0.2690, lr_0 = 1.6761e-04
Loss = 1.9599e-02, PNorm = 119.7356, GNorm = 0.4629, lr_0 = 1.6665e-04
Loss = 1.6803e-02, PNorm = 119.7440, GNorm = 0.2453, lr_0 = 1.6569e-04
Loss = 1.7925e-02, PNorm = 119.7513, GNorm = 0.2387, lr_0 = 1.6473e-04
Loss = 1.9890e-02, PNorm = 119.7588, GNorm = 0.2082, lr_0 = 1.6378e-04
Loss = 1.6760e-02, PNorm = 119.7655, GNorm = 0.2616, lr_0 = 1.6284e-04
Loss = 1.8179e-02, PNorm = 119.7722, GNorm = 0.4266, lr_0 = 1.6190e-04
Loss = 1.7591e-02, PNorm = 119.7787, GNorm = 0.2395, lr_0 = 1.6097e-04
Loss = 1.8434e-02, PNorm = 119.7860, GNorm = 0.1823, lr_0 = 1.6005e-04
Validation rmse = 27.597693
Epoch 25
Loss = 1.6143e-02, PNorm = 119.7947, GNorm = 0.3338, lr_0 = 1.5903e-04
Loss = 1.5869e-02, PNorm = 119.7996, GNorm = 0.3540, lr_0 = 1.5812e-04
Loss = 1.5855e-02, PNorm = 119.8029, GNorm = 0.1568, lr_0 = 1.5721e-04
Loss = 1.7884e-02, PNorm = 119.8073, GNorm = 0.8918, lr_0 = 1.5630e-04
Loss = 1.9680e-02, PNorm = 119.8143, GNorm = 0.3840, lr_0 = 1.5540e-04
Loss = 1.7085e-02, PNorm = 119.8210, GNorm = 0.3958, lr_0 = 1.5451e-04
Loss = 1.7994e-02, PNorm = 119.8277, GNorm = 0.2509, lr_0 = 1.5362e-04
Loss = 1.7002e-02, PNorm = 119.8336, GNorm = 0.3108, lr_0 = 1.5273e-04
Loss = 1.5596e-02, PNorm = 119.8391, GNorm = 0.3058, lr_0 = 1.5185e-04
Loss = 1.6605e-02, PNorm = 119.8426, GNorm = 0.2561, lr_0 = 1.5098e-04
Loss = 1.6875e-02, PNorm = 119.8487, GNorm = 0.2486, lr_0 = 1.5011e-04
Loss = 1.7680e-02, PNorm = 119.8540, GNorm = 0.3585, lr_0 = 1.4925e-04
Loss = 1.8818e-02, PNorm = 119.8594, GNorm = 0.4546, lr_0 = 1.4839e-04
Loss = 2.0288e-02, PNorm = 119.8661, GNorm = 0.4297, lr_0 = 1.4753e-04
Loss = 1.7036e-02, PNorm = 119.8725, GNorm = 0.2085, lr_0 = 1.4668e-04
Validation rmse = 28.177042
Epoch 26
Loss = 1.3724e-02, PNorm = 119.8774, GNorm = 0.1974, lr_0 = 1.4584e-04
Loss = 1.8480e-02, PNorm = 119.8831, GNorm = 0.3157, lr_0 = 1.4500e-04
Loss = 1.3370e-02, PNorm = 119.8875, GNorm = 0.2552, lr_0 = 1.4417e-04
Loss = 1.8838e-02, PNorm = 119.8929, GNorm = 0.3484, lr_0 = 1.4334e-04
Loss = 1.9208e-02, PNorm = 119.8996, GNorm = 0.3459, lr_0 = 1.4251e-04
Loss = 1.8621e-02, PNorm = 119.9055, GNorm = 0.4100, lr_0 = 1.4169e-04
Loss = 1.9202e-02, PNorm = 119.9116, GNorm = 0.2184, lr_0 = 1.4088e-04
Loss = 1.6578e-02, PNorm = 119.9186, GNorm = 0.3840, lr_0 = 1.4006e-04
Loss = 1.8633e-02, PNorm = 119.9274, GNorm = 0.2125, lr_0 = 1.3926e-04
Loss = 1.2535e-02, PNorm = 119.9344, GNorm = 0.1464, lr_0 = 1.3846e-04
Loss = 1.5683e-02, PNorm = 119.9390, GNorm = 0.2068, lr_0 = 1.3766e-04
Loss = 1.6119e-02, PNorm = 119.9442, GNorm = 0.2207, lr_0 = 1.3687e-04
Loss = 1.4968e-02, PNorm = 119.9491, GNorm = 0.2397, lr_0 = 1.3608e-04
Loss = 1.5073e-02, PNorm = 119.9537, GNorm = 0.2278, lr_0 = 1.3530e-04
Loss = 1.4396e-02, PNorm = 119.9583, GNorm = 0.2217, lr_0 = 1.3452e-04
Validation rmse = 27.252779
Epoch 27
Loss = 1.2888e-02, PNorm = 119.9629, GNorm = 0.3636, lr_0 = 1.3367e-04
Loss = 1.4576e-02, PNorm = 119.9673, GNorm = 0.3758, lr_0 = 1.3290e-04
Loss = 1.3203e-02, PNorm = 119.9722, GNorm = 0.1704, lr_0 = 1.3213e-04
Loss = 1.4648e-02, PNorm = 119.9783, GNorm = 0.2239, lr_0 = 1.3137e-04
Loss = 1.6769e-02, PNorm = 119.9845, GNorm = 0.2409, lr_0 = 1.3061e-04
Loss = 1.6333e-02, PNorm = 119.9887, GNorm = 0.3906, lr_0 = 1.2986e-04
Loss = 1.5020e-02, PNorm = 119.9929, GNorm = 0.2558, lr_0 = 1.2912e-04
Loss = 1.5328e-02, PNorm = 119.9975, GNorm = 0.3279, lr_0 = 1.2837e-04
Loss = 1.4589e-02, PNorm = 120.0013, GNorm = 0.2750, lr_0 = 1.2763e-04
Loss = 1.4995e-02, PNorm = 120.0050, GNorm = 0.2523, lr_0 = 1.2690e-04
Loss = 1.9951e-02, PNorm = 120.0090, GNorm = 0.2234, lr_0 = 1.2617e-04
Loss = 2.0053e-02, PNorm = 120.0139, GNorm = 0.2523, lr_0 = 1.2544e-04
Loss = 1.4075e-02, PNorm = 120.0190, GNorm = 0.2683, lr_0 = 1.2472e-04
Loss = 1.3896e-02, PNorm = 120.0243, GNorm = 0.3196, lr_0 = 1.2400e-04
Loss = 1.5850e-02, PNorm = 120.0288, GNorm = 0.4022, lr_0 = 1.2329e-04
Validation rmse = 27.807327
Epoch 28
Loss = 1.5083e-02, PNorm = 120.0318, GNorm = 0.3045, lr_0 = 1.2258e-04
Loss = 1.5021e-02, PNorm = 120.0362, GNorm = 0.2684, lr_0 = 1.2187e-04
Loss = 1.4147e-02, PNorm = 120.0408, GNorm = 0.4622, lr_0 = 1.2117e-04
Loss = 1.5233e-02, PNorm = 120.0450, GNorm = 0.3216, lr_0 = 1.2047e-04
Loss = 1.3208e-02, PNorm = 120.0488, GNorm = 0.2613, lr_0 = 1.1978e-04
Loss = 1.6448e-02, PNorm = 120.0547, GNorm = 0.4350, lr_0 = 1.1909e-04
Loss = 1.4366e-02, PNorm = 120.0585, GNorm = 0.1631, lr_0 = 1.1841e-04
Loss = 1.5213e-02, PNorm = 120.0617, GNorm = 0.1967, lr_0 = 1.1772e-04
Loss = 1.5507e-02, PNorm = 120.0665, GNorm = 0.2950, lr_0 = 1.1705e-04
Loss = 1.2998e-02, PNorm = 120.0697, GNorm = 0.2004, lr_0 = 1.1637e-04
Loss = 1.8065e-02, PNorm = 120.0723, GNorm = 0.2046, lr_0 = 1.1570e-04
Loss = 1.4026e-02, PNorm = 120.0771, GNorm = 0.1680, lr_0 = 1.1504e-04
Loss = 1.7540e-02, PNorm = 120.0822, GNorm = 0.2739, lr_0 = 1.1437e-04
Loss = 1.4369e-02, PNorm = 120.0865, GNorm = 0.2523, lr_0 = 1.1372e-04
Loss = 1.4679e-02, PNorm = 120.0901, GNorm = 0.2376, lr_0 = 1.1306e-04
Validation rmse = 27.601391
Epoch 29
Loss = 1.3868e-02, PNorm = 120.0932, GNorm = 0.3092, lr_0 = 1.1235e-04
Loss = 1.4840e-02, PNorm = 120.0963, GNorm = 0.6001, lr_0 = 1.1170e-04
Loss = 1.5112e-02, PNorm = 120.1013, GNorm = 0.3701, lr_0 = 1.1106e-04
Loss = 1.3701e-02, PNorm = 120.1067, GNorm = 0.2944, lr_0 = 1.1042e-04
Loss = 1.5306e-02, PNorm = 120.1115, GNorm = 0.2039, lr_0 = 1.0978e-04
Loss = 1.5053e-02, PNorm = 120.1151, GNorm = 0.1786, lr_0 = 1.0915e-04
Loss = 1.5348e-02, PNorm = 120.1187, GNorm = 0.2203, lr_0 = 1.0852e-04
Loss = 1.2377e-02, PNorm = 120.1230, GNorm = 0.4047, lr_0 = 1.0790e-04
Loss = 1.3311e-02, PNorm = 120.1264, GNorm = 0.2377, lr_0 = 1.0728e-04
Loss = 1.5438e-02, PNorm = 120.1293, GNorm = 0.2384, lr_0 = 1.0666e-04
Loss = 1.3905e-02, PNorm = 120.1333, GNorm = 0.1918, lr_0 = 1.0604e-04
Loss = 1.4395e-02, PNorm = 120.1389, GNorm = 0.1965, lr_0 = 1.0543e-04
Loss = 1.6727e-02, PNorm = 120.1434, GNorm = 0.2860, lr_0 = 1.0483e-04
Loss = 1.5451e-02, PNorm = 120.1471, GNorm = 0.2591, lr_0 = 1.0422e-04
Loss = 1.5210e-02, PNorm = 120.1505, GNorm = 0.2052, lr_0 = 1.0362e-04
Validation rmse = 27.429759
Epoch 30
Loss = 1.7700e-02, PNorm = 120.1553, GNorm = 0.2281, lr_0 = 1.0303e-04
Loss = 1.3032e-02, PNorm = 120.1604, GNorm = 0.2011, lr_0 = 1.0243e-04
Loss = 1.4343e-02, PNorm = 120.1641, GNorm = 0.1804, lr_0 = 1.0184e-04
Loss = 1.1192e-02, PNorm = 120.1678, GNorm = 0.2087, lr_0 = 1.0126e-04
Loss = 1.2342e-02, PNorm = 120.1714, GNorm = 0.3198, lr_0 = 1.0068e-04
Loss = 1.5826e-02, PNorm = 120.1751, GNorm = 0.2319, lr_0 = 1.0010e-04
Loss = 1.4263e-02, PNorm = 120.1791, GNorm = 0.1926, lr_0 = 9.9519e-05
Loss = 1.3679e-02, PNorm = 120.1840, GNorm = 0.1694, lr_0 = 9.8947e-05
Loss = 1.2478e-02, PNorm = 120.1865, GNorm = 0.1901, lr_0 = 9.8377e-05
Loss = 1.2564e-02, PNorm = 120.1890, GNorm = 0.2064, lr_0 = 9.7811e-05
Loss = 1.4397e-02, PNorm = 120.1931, GNorm = 0.3968, lr_0 = 9.7248e-05
Loss = 1.4345e-02, PNorm = 120.1969, GNorm = 0.3148, lr_0 = 9.6688e-05
Loss = 1.3098e-02, PNorm = 120.1998, GNorm = 0.4034, lr_0 = 9.6131e-05
Loss = 1.4495e-02, PNorm = 120.2031, GNorm = 0.3130, lr_0 = 9.5578e-05
Loss = 1.7323e-02, PNorm = 120.2061, GNorm = 0.3204, lr_0 = 9.5028e-05
Validation rmse = 27.417342
Epoch 31
Loss = 1.5475e-02, PNorm = 120.2088, GNorm = 0.1824, lr_0 = 9.4426e-05
Loss = 1.2316e-02, PNorm = 120.2134, GNorm = 0.1255, lr_0 = 9.3883e-05
Loss = 1.2001e-02, PNorm = 120.2180, GNorm = 0.1838, lr_0 = 9.3342e-05
Loss = 1.4147e-02, PNorm = 120.2221, GNorm = 0.2485, lr_0 = 9.2805e-05
Loss = 1.2295e-02, PNorm = 120.2257, GNorm = 0.2867, lr_0 = 9.2271e-05
Loss = 1.4682e-02, PNorm = 120.2296, GNorm = 0.2309, lr_0 = 9.1740e-05
Loss = 1.2943e-02, PNorm = 120.2337, GNorm = 0.3081, lr_0 = 9.1212e-05
Loss = 1.3544e-02, PNorm = 120.2364, GNorm = 0.1669, lr_0 = 9.0687e-05
Loss = 1.4629e-02, PNorm = 120.2386, GNorm = 0.2706, lr_0 = 9.0165e-05
Loss = 1.2832e-02, PNorm = 120.2417, GNorm = 0.2678, lr_0 = 8.9646e-05
Loss = 1.5452e-02, PNorm = 120.2445, GNorm = 0.2978, lr_0 = 8.9130e-05
Loss = 1.4929e-02, PNorm = 120.2475, GNorm = 0.2364, lr_0 = 8.8617e-05
Loss = 1.3965e-02, PNorm = 120.2506, GNorm = 0.1868, lr_0 = 8.8106e-05
Loss = 1.3563e-02, PNorm = 120.2545, GNorm = 0.1791, lr_0 = 8.7599e-05
Loss = 1.5142e-02, PNorm = 120.2583, GNorm = 0.2301, lr_0 = 8.7095e-05
Validation rmse = 27.588887
Epoch 32
Loss = 1.3800e-02, PNorm = 120.2619, GNorm = 0.2729, lr_0 = 8.6594e-05
Loss = 1.1882e-02, PNorm = 120.2652, GNorm = 0.2008, lr_0 = 8.6095e-05
Loss = 1.3069e-02, PNorm = 120.2687, GNorm = 0.2058, lr_0 = 8.5600e-05
Loss = 1.3868e-02, PNorm = 120.2720, GNorm = 0.1977, lr_0 = 8.5107e-05
Loss = 1.2660e-02, PNorm = 120.2751, GNorm = 0.2389, lr_0 = 8.4617e-05
Loss = 1.1666e-02, PNorm = 120.2782, GNorm = 0.1919, lr_0 = 8.4130e-05
Loss = 1.1338e-02, PNorm = 120.2805, GNorm = 0.2218, lr_0 = 8.3646e-05
Loss = 1.2561e-02, PNorm = 120.2837, GNorm = 0.2191, lr_0 = 8.3164e-05
Loss = 1.3894e-02, PNorm = 120.2864, GNorm = 0.3408, lr_0 = 8.2686e-05
Loss = 1.2530e-02, PNorm = 120.2888, GNorm = 0.1510, lr_0 = 8.2210e-05
Loss = 1.2221e-02, PNorm = 120.2904, GNorm = 0.2094, lr_0 = 8.1736e-05
Loss = 1.4544e-02, PNorm = 120.2936, GNorm = 0.1966, lr_0 = 8.1266e-05
Loss = 1.3750e-02, PNorm = 120.2969, GNorm = 0.1773, lr_0 = 8.0798e-05
Loss = 1.4290e-02, PNorm = 120.3003, GNorm = 0.3252, lr_0 = 8.0333e-05
Loss = 1.5657e-02, PNorm = 120.3027, GNorm = 0.2272, lr_0 = 7.9871e-05
Validation rmse = 27.578111
Epoch 33
Loss = 1.1872e-02, PNorm = 120.3054, GNorm = 0.1514, lr_0 = 7.9365e-05
Loss = 1.2659e-02, PNorm = 120.3077, GNorm = 0.2409, lr_0 = 7.8908e-05
Loss = 1.3974e-02, PNorm = 120.3106, GNorm = 0.5488, lr_0 = 7.8454e-05
Loss = 1.1927e-02, PNorm = 120.3144, GNorm = 0.3988, lr_0 = 7.8002e-05
Loss = 1.2415e-02, PNorm = 120.3177, GNorm = 0.1397, lr_0 = 7.7553e-05
Loss = 1.2051e-02, PNorm = 120.3203, GNorm = 0.1631, lr_0 = 7.7107e-05
Loss = 1.5093e-02, PNorm = 120.3239, GNorm = 0.3189, lr_0 = 7.6663e-05
Loss = 1.2069e-02, PNorm = 120.3266, GNorm = 0.2572, lr_0 = 7.6222e-05
Loss = 1.4885e-02, PNorm = 120.3290, GNorm = 0.2266, lr_0 = 7.5783e-05
Loss = 1.2937e-02, PNorm = 120.3315, GNorm = 0.1529, lr_0 = 7.5347e-05
Loss = 1.1941e-02, PNorm = 120.3341, GNorm = 0.2924, lr_0 = 7.4913e-05
Loss = 1.2972e-02, PNorm = 120.3368, GNorm = 0.1716, lr_0 = 7.4482e-05
Loss = 1.3766e-02, PNorm = 120.3399, GNorm = 0.1995, lr_0 = 7.4053e-05
Loss = 1.3365e-02, PNorm = 120.3419, GNorm = 0.2964, lr_0 = 7.3627e-05
Loss = 1.1754e-02, PNorm = 120.3441, GNorm = 0.1601, lr_0 = 7.3203e-05
Validation rmse = 27.112586
Epoch 34
Loss = 1.0995e-02, PNorm = 120.3463, GNorm = 0.2297, lr_0 = 7.2782e-05
Loss = 1.2748e-02, PNorm = 120.3498, GNorm = 0.2631, lr_0 = 7.2363e-05
Loss = 1.2375e-02, PNorm = 120.3522, GNorm = 0.1639, lr_0 = 7.1946e-05
Loss = 1.1775e-02, PNorm = 120.3550, GNorm = 0.2812, lr_0 = 7.1532e-05
Loss = 1.3605e-02, PNorm = 120.3583, GNorm = 0.2162, lr_0 = 7.1120e-05
Loss = 1.1890e-02, PNorm = 120.3605, GNorm = 0.3386, lr_0 = 7.0711e-05
Loss = 1.1851e-02, PNorm = 120.3630, GNorm = 0.2536, lr_0 = 7.0304e-05
Loss = 1.3323e-02, PNorm = 120.3655, GNorm = 0.1708, lr_0 = 6.9899e-05
Loss = 1.3632e-02, PNorm = 120.3684, GNorm = 0.1572, lr_0 = 6.9497e-05
Loss = 1.3101e-02, PNorm = 120.3703, GNorm = 0.2559, lr_0 = 6.9097e-05
Loss = 1.0415e-02, PNorm = 120.3722, GNorm = 0.2746, lr_0 = 6.8699e-05
Loss = 1.2356e-02, PNorm = 120.3741, GNorm = 0.1803, lr_0 = 6.8304e-05
Loss = 1.2433e-02, PNorm = 120.3766, GNorm = 0.2060, lr_0 = 6.7910e-05
Loss = 1.2923e-02, PNorm = 120.3787, GNorm = 0.2365, lr_0 = 6.7520e-05
Loss = 1.1369e-02, PNorm = 120.3810, GNorm = 0.1887, lr_0 = 6.7131e-05
Validation rmse = 27.302412
Epoch 35
Loss = 1.2844e-02, PNorm = 120.3847, GNorm = 0.2040, lr_0 = 6.6706e-05
Loss = 1.1774e-02, PNorm = 120.3870, GNorm = 0.2688, lr_0 = 6.6322e-05
Loss = 1.0683e-02, PNorm = 120.3889, GNorm = 0.2496, lr_0 = 6.5940e-05
Loss = 1.2155e-02, PNorm = 120.3908, GNorm = 0.2786, lr_0 = 6.5561e-05
Loss = 1.4816e-02, PNorm = 120.3939, GNorm = 0.1879, lr_0 = 6.5183e-05
Loss = 1.2036e-02, PNorm = 120.3958, GNorm = 0.1645, lr_0 = 6.4808e-05
Loss = 1.2533e-02, PNorm = 120.3981, GNorm = 0.1897, lr_0 = 6.4435e-05
Loss = 1.3416e-02, PNorm = 120.4004, GNorm = 0.1938, lr_0 = 6.4064e-05
Loss = 1.3575e-02, PNorm = 120.4023, GNorm = 0.2808, lr_0 = 6.3695e-05
Loss = 1.1582e-02, PNorm = 120.4048, GNorm = 0.2833, lr_0 = 6.3329e-05
Loss = 1.3975e-02, PNorm = 120.4070, GNorm = 0.2513, lr_0 = 6.2964e-05
Loss = 1.3544e-02, PNorm = 120.4111, GNorm = 0.1522, lr_0 = 6.2602e-05
Loss = 1.0742e-02, PNorm = 120.4131, GNorm = 0.3260, lr_0 = 6.2241e-05
Loss = 1.1924e-02, PNorm = 120.4161, GNorm = 0.2917, lr_0 = 6.1883e-05
Loss = 1.1153e-02, PNorm = 120.4179, GNorm = 0.1389, lr_0 = 6.1527e-05
Validation rmse = 27.261704
Epoch 36
Loss = 1.0536e-02, PNorm = 120.4205, GNorm = 0.1650, lr_0 = 6.1173e-05
Loss = 1.2518e-02, PNorm = 120.4224, GNorm = 0.3389, lr_0 = 6.0821e-05
Loss = 1.3280e-02, PNorm = 120.4246, GNorm = 0.3019, lr_0 = 6.0471e-05
Loss = 1.1596e-02, PNorm = 120.4277, GNorm = 0.3289, lr_0 = 6.0122e-05
Loss = 1.4454e-02, PNorm = 120.4299, GNorm = 0.2405, lr_0 = 5.9776e-05
Loss = 1.3143e-02, PNorm = 120.4321, GNorm = 0.2644, lr_0 = 5.9432e-05
Loss = 1.3496e-02, PNorm = 120.4341, GNorm = 0.3138, lr_0 = 5.9090e-05
Loss = 1.0258e-02, PNorm = 120.4348, GNorm = 0.1654, lr_0 = 5.8750e-05
Loss = 1.2371e-02, PNorm = 120.4368, GNorm = 0.1326, lr_0 = 5.8412e-05
Loss = 1.1911e-02, PNorm = 120.4386, GNorm = 0.2063, lr_0 = 5.8076e-05
Loss = 1.1598e-02, PNorm = 120.4417, GNorm = 0.1832, lr_0 = 5.7741e-05
Loss = 1.2459e-02, PNorm = 120.4439, GNorm = 0.1543, lr_0 = 5.7409e-05
Loss = 1.0944e-02, PNorm = 120.4461, GNorm = 0.4476, lr_0 = 5.7079e-05
Loss = 1.2878e-02, PNorm = 120.4486, GNorm = 0.1933, lr_0 = 5.6750e-05
Loss = 1.0929e-02, PNorm = 120.4507, GNorm = 0.1693, lr_0 = 5.6423e-05
Validation rmse = 27.144532
Epoch 37
Loss = 1.0121e-02, PNorm = 120.4528, GNorm = 0.1975, lr_0 = 5.6066e-05
Loss = 1.1597e-02, PNorm = 120.4552, GNorm = 0.2388, lr_0 = 5.5743e-05
Loss = 1.1158e-02, PNorm = 120.4568, GNorm = 0.1964, lr_0 = 5.5423e-05
Loss = 1.1591e-02, PNorm = 120.4589, GNorm = 0.3574, lr_0 = 5.5104e-05
Loss = 1.2216e-02, PNorm = 120.4616, GNorm = 0.2918, lr_0 = 5.4786e-05
Loss = 1.4237e-02, PNorm = 120.4640, GNorm = 0.3197, lr_0 = 5.4471e-05
Loss = 1.0567e-02, PNorm = 120.4661, GNorm = 0.2032, lr_0 = 5.4157e-05
Loss = 1.1461e-02, PNorm = 120.4684, GNorm = 0.3634, lr_0 = 5.3846e-05
Loss = 1.0044e-02, PNorm = 120.4699, GNorm = 0.1609, lr_0 = 5.3536e-05
Loss = 1.0852e-02, PNorm = 120.4716, GNorm = 0.1095, lr_0 = 5.3228e-05
Loss = 1.2079e-02, PNorm = 120.4732, GNorm = 0.3937, lr_0 = 5.2921e-05
Loss = 1.2931e-02, PNorm = 120.4760, GNorm = 0.1322, lr_0 = 5.2617e-05
Loss = 1.1055e-02, PNorm = 120.4780, GNorm = 0.2243, lr_0 = 5.2314e-05
Loss = 1.0239e-02, PNorm = 120.4802, GNorm = 0.1583, lr_0 = 5.2013e-05
Loss = 1.1339e-02, PNorm = 120.4816, GNorm = 0.2302, lr_0 = 5.1713e-05
Validation rmse = 27.269887
Epoch 38
Loss = 1.3366e-02, PNorm = 120.4830, GNorm = 0.2832, lr_0 = 5.1416e-05
Loss = 9.8774e-03, PNorm = 120.4857, GNorm = 0.1849, lr_0 = 5.1120e-05
Loss = 1.1301e-02, PNorm = 120.4870, GNorm = 0.2958, lr_0 = 5.0825e-05
Loss = 1.1572e-02, PNorm = 120.4889, GNorm = 0.3884, lr_0 = 5.0533e-05
Loss = 1.0577e-02, PNorm = 120.4910, GNorm = 0.2136, lr_0 = 5.0242e-05
Loss = 1.0583e-02, PNorm = 120.4930, GNorm = 0.2777, lr_0 = 4.9953e-05
Loss = 1.0352e-02, PNorm = 120.4945, GNorm = 0.1960, lr_0 = 4.9665e-05
Loss = 1.1533e-02, PNorm = 120.4964, GNorm = 0.2171, lr_0 = 4.9379e-05
Loss = 9.7668e-03, PNorm = 120.4977, GNorm = 0.2915, lr_0 = 4.9095e-05
Loss = 1.4501e-02, PNorm = 120.4993, GNorm = 0.1985, lr_0 = 4.8812e-05
Loss = 1.0884e-02, PNorm = 120.5005, GNorm = 0.2631, lr_0 = 4.8531e-05
Loss = 1.1191e-02, PNorm = 120.5030, GNorm = 0.2662, lr_0 = 4.8252e-05
Loss = 1.0291e-02, PNorm = 120.5054, GNorm = 0.2863, lr_0 = 4.7974e-05
Loss = 1.4251e-02, PNorm = 120.5080, GNorm = 0.1531, lr_0 = 4.7698e-05
Loss = 1.2165e-02, PNorm = 120.5100, GNorm = 0.2519, lr_0 = 4.7424e-05
Validation rmse = 26.974946
Epoch 39
Loss = 1.1734e-02, PNorm = 120.5116, GNorm = 0.3490, lr_0 = 4.7123e-05
Loss = 1.1220e-02, PNorm = 120.5133, GNorm = 0.1778, lr_0 = 4.6852e-05
Loss = 9.1309e-03, PNorm = 120.5149, GNorm = 0.1355, lr_0 = 4.6582e-05
Loss = 1.0751e-02, PNorm = 120.5164, GNorm = 0.2148, lr_0 = 4.6314e-05
Loss = 1.1092e-02, PNorm = 120.5176, GNorm = 0.2533, lr_0 = 4.6048e-05
Loss = 1.0636e-02, PNorm = 120.5183, GNorm = 0.2139, lr_0 = 4.5783e-05
Loss = 1.2297e-02, PNorm = 120.5201, GNorm = 0.2076, lr_0 = 4.5519e-05
Loss = 1.0753e-02, PNorm = 120.5223, GNorm = 0.1832, lr_0 = 4.5257e-05
Loss = 1.1558e-02, PNorm = 120.5238, GNorm = 0.1433, lr_0 = 4.4997e-05
Loss = 1.3283e-02, PNorm = 120.5260, GNorm = 0.1341, lr_0 = 4.4738e-05
Loss = 1.1379e-02, PNorm = 120.5278, GNorm = 0.1512, lr_0 = 4.4480e-05
Loss = 1.0828e-02, PNorm = 120.5298, GNorm = 0.3325, lr_0 = 4.4224e-05
Loss = 1.0434e-02, PNorm = 120.5314, GNorm = 0.1629, lr_0 = 4.3969e-05
Loss = 1.0325e-02, PNorm = 120.5331, GNorm = 0.2185, lr_0 = 4.3716e-05
Loss = 1.0477e-02, PNorm = 120.5349, GNorm = 0.1791, lr_0 = 4.3465e-05
Validation rmse = 26.871712
Epoch 40
Loss = 6.8028e-03, PNorm = 120.5362, GNorm = 0.1551, lr_0 = 4.3215e-05
Loss = 1.0528e-02, PNorm = 120.5381, GNorm = 0.1633, lr_0 = 4.2966e-05
Loss = 1.1590e-02, PNorm = 120.5400, GNorm = 0.2623, lr_0 = 4.2718e-05
Loss = 9.6135e-03, PNorm = 120.5415, GNorm = 0.1464, lr_0 = 4.2473e-05
Loss = 8.9446e-03, PNorm = 120.5425, GNorm = 0.1463, lr_0 = 4.2228e-05
Loss = 1.0977e-02, PNorm = 120.5437, GNorm = 0.1568, lr_0 = 4.1985e-05
Loss = 1.0107e-02, PNorm = 120.5456, GNorm = 0.2865, lr_0 = 4.1743e-05
Loss = 1.2036e-02, PNorm = 120.5471, GNorm = 0.1845, lr_0 = 4.1503e-05
Loss = 1.0415e-02, PNorm = 120.5486, GNorm = 0.2300, lr_0 = 4.1264e-05
Loss = 1.1283e-02, PNorm = 120.5492, GNorm = 0.2828, lr_0 = 4.1027e-05
Loss = 1.2506e-02, PNorm = 120.5504, GNorm = 0.2789, lr_0 = 4.0790e-05
Loss = 1.2146e-02, PNorm = 120.5521, GNorm = 0.3686, lr_0 = 4.0556e-05
Loss = 1.2539e-02, PNorm = 120.5544, GNorm = 0.2510, lr_0 = 4.0322e-05
Loss = 1.0427e-02, PNorm = 120.5560, GNorm = 0.2486, lr_0 = 4.0090e-05
Loss = 1.1221e-02, PNorm = 120.5571, GNorm = 0.2590, lr_0 = 3.9859e-05
Validation rmse = 27.007318
Epoch 41
Loss = 1.1017e-02, PNorm = 120.5587, GNorm = 0.2892, lr_0 = 3.9607e-05
Loss = 1.0228e-02, PNorm = 120.5598, GNorm = 0.1325, lr_0 = 3.9379e-05
Loss = 1.0933e-02, PNorm = 120.5612, GNorm = 0.2973, lr_0 = 3.9152e-05
Loss = 9.7847e-03, PNorm = 120.5630, GNorm = 0.2187, lr_0 = 3.8927e-05
Loss = 1.1063e-02, PNorm = 120.5643, GNorm = 0.2341, lr_0 = 3.8703e-05
Loss = 1.0603e-02, PNorm = 120.5654, GNorm = 0.1526, lr_0 = 3.8480e-05
Loss = 1.1180e-02, PNorm = 120.5667, GNorm = 0.2878, lr_0 = 3.8259e-05
Loss = 8.8601e-03, PNorm = 120.5688, GNorm = 0.1633, lr_0 = 3.8038e-05
Loss = 1.1011e-02, PNorm = 120.5699, GNorm = 0.2283, lr_0 = 3.7820e-05
Loss = 1.0990e-02, PNorm = 120.5714, GNorm = 0.1300, lr_0 = 3.7602e-05
Loss = 1.3695e-02, PNorm = 120.5729, GNorm = 0.1757, lr_0 = 3.7385e-05
Loss = 1.0418e-02, PNorm = 120.5744, GNorm = 0.2273, lr_0 = 3.7170e-05
Loss = 1.0950e-02, PNorm = 120.5758, GNorm = 0.1668, lr_0 = 3.6956e-05
Loss = 1.1919e-02, PNorm = 120.5774, GNorm = 0.2761, lr_0 = 3.6743e-05
Loss = 9.7852e-03, PNorm = 120.5787, GNorm = 0.1785, lr_0 = 3.6532e-05
Loss = 1.1333e-02, PNorm = 120.5793, GNorm = 0.2070, lr_0 = 3.6322e-05
Validation rmse = 27.016992
Epoch 42
Loss = 1.1319e-02, PNorm = 120.5806, GNorm = 0.2089, lr_0 = 3.6113e-05
Loss = 1.1056e-02, PNorm = 120.5822, GNorm = 0.1738, lr_0 = 3.5905e-05
Loss = 1.0038e-02, PNorm = 120.5836, GNorm = 0.3682, lr_0 = 3.5698e-05
Loss = 1.2058e-02, PNorm = 120.5843, GNorm = 0.3301, lr_0 = 3.5493e-05
Loss = 1.2483e-02, PNorm = 120.5853, GNorm = 0.1935, lr_0 = 3.5288e-05
Loss = 1.1216e-02, PNorm = 120.5863, GNorm = 0.1065, lr_0 = 3.5085e-05
Loss = 1.2098e-02, PNorm = 120.5878, GNorm = 0.5219, lr_0 = 3.4883e-05
Loss = 1.2129e-02, PNorm = 120.5897, GNorm = 0.2662, lr_0 = 3.4682e-05
Loss = 9.6621e-03, PNorm = 120.5904, GNorm = 0.1418, lr_0 = 3.4483e-05
Loss = 9.6578e-03, PNorm = 120.5919, GNorm = 0.1394, lr_0 = 3.4284e-05
Loss = 8.3253e-03, PNorm = 120.5936, GNorm = 0.1721, lr_0 = 3.4087e-05
Loss = 1.1228e-02, PNorm = 120.5952, GNorm = 0.2659, lr_0 = 3.3891e-05
Loss = 1.0608e-02, PNorm = 120.5966, GNorm = 0.2931, lr_0 = 3.3696e-05
Loss = 1.2070e-02, PNorm = 120.5973, GNorm = 0.2161, lr_0 = 3.3502e-05
Loss = 1.0716e-02, PNorm = 120.5986, GNorm = 0.1913, lr_0 = 3.3309e-05
Loss = 4.8232e-03, PNorm = 120.5988, GNorm = 0.1395, lr_0 = 3.3290e-05
Validation rmse = 27.236847
Epoch 43
Loss = 9.7586e-03, PNorm = 120.6005, GNorm = 0.1782, lr_0 = 3.3098e-05
Loss = 8.8642e-03, PNorm = 120.6011, GNorm = 0.1256, lr_0 = 3.2907e-05
Loss = 1.2212e-02, PNorm = 120.6021, GNorm = 0.2327, lr_0 = 3.2718e-05
Loss = 1.0933e-02, PNorm = 120.6034, GNorm = 0.1676, lr_0 = 3.2530e-05
Loss = 9.7378e-03, PNorm = 120.6046, GNorm = 0.2860, lr_0 = 3.2342e-05
Loss = 9.9306e-03, PNorm = 120.6059, GNorm = 0.1650, lr_0 = 3.2156e-05
Loss = 9.6605e-03, PNorm = 120.6073, GNorm = 0.1887, lr_0 = 3.1971e-05
Loss = 1.0172e-02, PNorm = 120.6088, GNorm = 0.2013, lr_0 = 3.1787e-05
Loss = 1.1602e-02, PNorm = 120.6097, GNorm = 0.1484, lr_0 = 3.1604e-05
Loss = 9.7140e-03, PNorm = 120.6107, GNorm = 0.1553, lr_0 = 3.1422e-05
Loss = 1.1650e-02, PNorm = 120.6115, GNorm = 0.3002, lr_0 = 3.1241e-05
Loss = 1.0964e-02, PNorm = 120.6127, GNorm = 0.1662, lr_0 = 3.1062e-05
Loss = 1.0604e-02, PNorm = 120.6138, GNorm = 0.3665, lr_0 = 3.0883e-05
Loss = 9.7487e-03, PNorm = 120.6148, GNorm = 0.2072, lr_0 = 3.0705e-05
Loss = 1.0173e-02, PNorm = 120.6167, GNorm = 0.1994, lr_0 = 3.0528e-05
Validation rmse = 26.920212
Epoch 44
Loss = 9.8255e-03, PNorm = 120.6188, GNorm = 0.1640, lr_0 = 3.0353e-05
Loss = 1.0469e-02, PNorm = 120.6199, GNorm = 0.1648, lr_0 = 3.0178e-05
Loss = 1.1078e-02, PNorm = 120.6207, GNorm = 0.2288, lr_0 = 3.0004e-05
Loss = 1.0397e-02, PNorm = 120.6212, GNorm = 0.1587, lr_0 = 2.9831e-05
Loss = 1.2250e-02, PNorm = 120.6216, GNorm = 0.1623, lr_0 = 2.9660e-05
Loss = 9.9718e-03, PNorm = 120.6224, GNorm = 0.2262, lr_0 = 2.9489e-05
Loss = 1.0417e-02, PNorm = 120.6230, GNorm = 0.1841, lr_0 = 2.9319e-05
Loss = 1.0531e-02, PNorm = 120.6248, GNorm = 0.3329, lr_0 = 2.9150e-05
Loss = 1.1951e-02, PNorm = 120.6263, GNorm = 0.2674, lr_0 = 2.8983e-05
Loss = 9.6057e-03, PNorm = 120.6281, GNorm = 0.1081, lr_0 = 2.8816e-05
Loss = 9.4224e-03, PNorm = 120.6287, GNorm = 0.1434, lr_0 = 2.8650e-05
Loss = 9.4788e-03, PNorm = 120.6295, GNorm = 0.2787, lr_0 = 2.8485e-05
Loss = 9.8049e-03, PNorm = 120.6302, GNorm = 0.2426, lr_0 = 2.8321e-05
Loss = 1.1367e-02, PNorm = 120.6315, GNorm = 0.1724, lr_0 = 2.8158e-05
Loss = 1.0050e-02, PNorm = 120.6330, GNorm = 0.2526, lr_0 = 2.7996e-05
Validation rmse = 26.926531
Epoch 45
Loss = 1.0369e-02, PNorm = 120.6345, GNorm = 0.2117, lr_0 = 2.7819e-05
Loss = 9.6969e-03, PNorm = 120.6354, GNorm = 0.1334, lr_0 = 2.7659e-05
Loss = 8.9625e-03, PNorm = 120.6363, GNorm = 0.1799, lr_0 = 2.7499e-05
Loss = 1.0211e-02, PNorm = 120.6366, GNorm = 0.1511, lr_0 = 2.7341e-05
Loss = 1.1503e-02, PNorm = 120.6373, GNorm = 0.2002, lr_0 = 2.7184e-05
Loss = 9.3182e-03, PNorm = 120.6376, GNorm = 0.1145, lr_0 = 2.7027e-05
Loss = 1.0385e-02, PNorm = 120.6389, GNorm = 0.1791, lr_0 = 2.6872e-05
Loss = 8.6823e-03, PNorm = 120.6404, GNorm = 0.1709, lr_0 = 2.6717e-05
Loss = 1.0444e-02, PNorm = 120.6413, GNorm = 0.2447, lr_0 = 2.6563e-05
Loss = 1.0574e-02, PNorm = 120.6423, GNorm = 0.2380, lr_0 = 2.6410e-05
Loss = 9.2143e-03, PNorm = 120.6432, GNorm = 0.2022, lr_0 = 2.6258e-05
Loss = 1.1330e-02, PNorm = 120.6442, GNorm = 0.2482, lr_0 = 2.6107e-05
Loss = 9.4065e-03, PNorm = 120.6455, GNorm = 0.1762, lr_0 = 2.5957e-05
Loss = 9.8025e-03, PNorm = 120.6464, GNorm = 0.2296, lr_0 = 2.5807e-05
Loss = 1.1030e-02, PNorm = 120.6470, GNorm = 0.1575, lr_0 = 2.5659e-05
Validation rmse = 27.397340
Epoch 46
Loss = 8.8463e-03, PNorm = 120.6479, GNorm = 0.2734, lr_0 = 2.5496e-05
Loss = 8.9183e-03, PNorm = 120.6485, GNorm = 0.1252, lr_0 = 2.5350e-05
Loss = 1.0990e-02, PNorm = 120.6496, GNorm = 0.2325, lr_0 = 2.5204e-05
Loss = 1.0265e-02, PNorm = 120.6503, GNorm = 0.1492, lr_0 = 2.5059e-05
Loss = 1.1359e-02, PNorm = 120.6512, GNorm = 0.2548, lr_0 = 2.4914e-05
Loss = 8.8377e-03, PNorm = 120.6523, GNorm = 0.2978, lr_0 = 2.4771e-05
Loss = 9.2971e-03, PNorm = 120.6533, GNorm = 0.2039, lr_0 = 2.4628e-05
Loss = 9.9141e-03, PNorm = 120.6536, GNorm = 0.2536, lr_0 = 2.4487e-05
Loss = 9.8203e-03, PNorm = 120.6547, GNorm = 0.2522, lr_0 = 2.4346e-05
Loss = 9.1563e-03, PNorm = 120.6558, GNorm = 0.1371, lr_0 = 2.4206e-05
Loss = 1.0031e-02, PNorm = 120.6569, GNorm = 0.1926, lr_0 = 2.4066e-05
Loss = 1.1487e-02, PNorm = 120.6578, GNorm = 0.2763, lr_0 = 2.3928e-05
Loss = 1.0398e-02, PNorm = 120.6585, GNorm = 0.1564, lr_0 = 2.3790e-05
Loss = 1.1699e-02, PNorm = 120.6595, GNorm = 0.1452, lr_0 = 2.3653e-05
Loss = 8.6971e-03, PNorm = 120.6603, GNorm = 0.1461, lr_0 = 2.3517e-05
Validation rmse = 27.155412
Epoch 47
Loss = 9.7613e-03, PNorm = 120.6609, GNorm = 0.1485, lr_0 = 2.3382e-05
Loss = 9.3672e-03, PNorm = 120.6616, GNorm = 0.1632, lr_0 = 2.3247e-05
Loss = 9.3950e-03, PNorm = 120.6625, GNorm = 0.1462, lr_0 = 2.3113e-05
Loss = 9.4736e-03, PNorm = 120.6633, GNorm = 0.1433, lr_0 = 2.2980e-05
Loss = 9.8590e-03, PNorm = 120.6641, GNorm = 0.1128, lr_0 = 2.2848e-05
Loss = 1.0032e-02, PNorm = 120.6646, GNorm = 0.1401, lr_0 = 2.2716e-05
Loss = 8.0295e-03, PNorm = 120.6651, GNorm = 0.1609, lr_0 = 2.2586e-05
Loss = 8.7868e-03, PNorm = 120.6659, GNorm = 0.2128, lr_0 = 2.2456e-05
Loss = 1.0982e-02, PNorm = 120.6670, GNorm = 0.2177, lr_0 = 2.2326e-05
Loss = 1.2677e-02, PNorm = 120.6685, GNorm = 0.1665, lr_0 = 2.2198e-05
Loss = 1.1088e-02, PNorm = 120.6693, GNorm = 0.2035, lr_0 = 2.2070e-05
Loss = 9.5637e-03, PNorm = 120.6701, GNorm = 0.2888, lr_0 = 2.1943e-05
Loss = 1.0371e-02, PNorm = 120.6711, GNorm = 0.1473, lr_0 = 2.1817e-05
Loss = 9.5879e-03, PNorm = 120.6721, GNorm = 0.1123, lr_0 = 2.1691e-05
Loss = 9.5030e-03, PNorm = 120.6730, GNorm = 0.1602, lr_0 = 2.1566e-05
Validation rmse = 27.019343
Epoch 48
Loss = 8.3224e-03, PNorm = 120.6736, GNorm = 0.1616, lr_0 = 2.1430e-05
Loss = 8.1074e-03, PNorm = 120.6743, GNorm = 0.1345, lr_0 = 2.1306e-05
Loss = 8.6384e-03, PNorm = 120.6748, GNorm = 0.1428, lr_0 = 2.1184e-05
Loss = 9.8750e-03, PNorm = 120.6753, GNorm = 0.2927, lr_0 = 2.1062e-05
Loss = 1.0964e-02, PNorm = 120.6760, GNorm = 0.1496, lr_0 = 2.0941e-05
Loss = 1.0415e-02, PNorm = 120.6771, GNorm = 0.1734, lr_0 = 2.0820e-05
Loss = 9.2480e-03, PNorm = 120.6779, GNorm = 0.2645, lr_0 = 2.0700e-05
Loss = 9.1094e-03, PNorm = 120.6786, GNorm = 0.2546, lr_0 = 2.0581e-05
Loss = 1.0569e-02, PNorm = 120.6790, GNorm = 0.1844, lr_0 = 2.0463e-05
Loss = 1.0238e-02, PNorm = 120.6798, GNorm = 0.1868, lr_0 = 2.0345e-05
Loss = 9.0959e-03, PNorm = 120.6807, GNorm = 0.1822, lr_0 = 2.0228e-05
Loss = 1.0871e-02, PNorm = 120.6819, GNorm = 0.2137, lr_0 = 2.0111e-05
Loss = 1.0969e-02, PNorm = 120.6825, GNorm = 0.3650, lr_0 = 1.9995e-05
Loss = 9.5950e-03, PNorm = 120.6830, GNorm = 0.1363, lr_0 = 1.9880e-05
Loss = 9.0804e-03, PNorm = 120.6838, GNorm = 0.1293, lr_0 = 1.9766e-05
Validation rmse = 27.004880
Epoch 49
Loss = 8.8653e-03, PNorm = 120.6846, GNorm = 0.1912, lr_0 = 1.9652e-05
Loss = 8.9100e-03, PNorm = 120.6852, GNorm = 0.1765, lr_0 = 1.9539e-05
Loss = 9.5195e-03, PNorm = 120.6864, GNorm = 0.1763, lr_0 = 1.9427e-05
Loss = 1.0889e-02, PNorm = 120.6871, GNorm = 0.1904, lr_0 = 1.9315e-05
Loss = 7.7405e-03, PNorm = 120.6876, GNorm = 0.1570, lr_0 = 1.9204e-05
Loss = 1.0169e-02, PNorm = 120.6885, GNorm = 0.1278, lr_0 = 1.9093e-05
Loss = 9.0597e-03, PNorm = 120.6890, GNorm = 0.1399, lr_0 = 1.8983e-05
Loss = 1.0520e-02, PNorm = 120.6896, GNorm = 0.2075, lr_0 = 1.8874e-05
Loss = 9.3731e-03, PNorm = 120.6901, GNorm = 0.2336, lr_0 = 1.8765e-05
Loss = 1.0210e-02, PNorm = 120.6907, GNorm = 0.1808, lr_0 = 1.8657e-05
Loss = 8.5157e-03, PNorm = 120.6913, GNorm = 0.2207, lr_0 = 1.8625e-05
Loss = 1.0034e-02, PNorm = 120.6926, GNorm = 0.1431, lr_0 = 1.8625e-05
Loss = 9.2630e-03, PNorm = 120.6934, GNorm = 0.1725, lr_0 = 1.8625e-05
Loss = 9.9665e-03, PNorm = 120.6943, GNorm = 0.1604, lr_0 = 1.8625e-05
Loss = 9.6422e-03, PNorm = 120.6950, GNorm = 0.2012, lr_0 = 1.8625e-05
Validation rmse = 26.928054
Model 0 best validation rmse = 26.871712 on epoch 39
Loading pretrained parameter "encoder.encoder.0.cached_zero_vector".
Loading pretrained parameter "encoder.encoder.0.W_i.weight".
Loading pretrained parameter "encoder.encoder.0.W_h.weight".
Loading pretrained parameter "encoder.encoder.0.W_o.weight".
Loading pretrained parameter "encoder.encoder.0.W_o.bias".
Loading pretrained parameter "encoder.encoder.1.cached_zero_vector".
Loading pretrained parameter "encoder.encoder.1.W_i.weight".
Loading pretrained parameter "encoder.encoder.1.W_h.weight".
Loading pretrained parameter "encoder.encoder.1.W_o.weight".
Loading pretrained parameter "encoder.encoder.1.W_o.bias".
Loading pretrained parameter "ffn.1.weight".
Loading pretrained parameter "ffn.1.bias".
Loading pretrained parameter "ffn.4.weight".
Loading pretrained parameter "ffn.4.bias".
Loading pretrained parameter "ffn.7.weight".
Loading pretrained parameter "ffn.7.bias".
Moving model to cuda
Model 0 test rmse = 26.143691
Ensemble test rmse = 26.143691
1-fold cross validation
	Seed 0 ==> test rmse = 26.143691
Overall test rmse = 26.143691 +/- 0.000000
Elapsed time = 0:42:17
