Command line
python /home/kpg/chemprop/train.py --data_path ../../../data/splits/lambda_max_abs/deep4chem/group_by_smiles/smiles_target_train.csv --dataset_type regression --save_dir /home/kimele03/uvvisml/uvvisml/models/abs_all_checkpoints/group_by_smiles/results/506982/49662657 --config_path /home/kimele03/uvvisml/uvvisml/models/abs_all_checkpoints/group_by_smiles/results/506982/49662657/hyperopt.json --metric rmse --epochs 50 --gpu 0 --ensemble_size 1 --separate_val_path ../../../data/splits/lambda_max_abs/deep4chem/group_by_smiles/smiles_target_val.csv --separate_test_path ../../../data/splits/lambda_max_abs/deep4chem/group_by_smiles/smiles_target_test.csv --number_of_molecules 2
Args
{'activation': 'ReLU',
 'aggregation': 'mean',
 'aggregation_norm': 100,
 'atom_descriptor_scaling': True,
 'atom_descriptors': None,
 'atom_descriptors_path': None,
 'atom_descriptors_size': 0,
 'atom_features_size': 0,
 'atom_messages': False,
 'batch_size': 94,
 'bias': False,
 'bond_feature_scaling': True,
 'bond_features_path': None,
 'bond_features_size': 0,
 'cache_cutoff': 10000,
 'checkpoint_dir': None,
 'checkpoint_frzn': None,
 'checkpoint_path': None,
 'checkpoint_paths': None,
 'class_balance': False,
 'config_path': '/home/kimele03/uvvisml/uvvisml/models/abs_all_checkpoints/group_by_smiles/results/506982/49662657/hyperopt.json',
 'crossval_index_dir': None,
 'crossval_index_file': None,
 'crossval_index_sets': None,
 'cuda': True,
 'data_path': '../../../data/splits/lambda_max_abs/deep4chem/group_by_smiles/smiles_target_train.csv',
 'data_weights_path': None,
 'dataset_type': 'regression',
 'depth': 4,
 'device': device(type='cuda', index=0),
 'dropout': 0.020693323618758024,
 'empty_cache': False,
 'ensemble_size': 1,
 'epochs': 50,
 'explicit_h': False,
 'extra_metrics': [],
 'features_generator': None,
 'features_only': False,
 'features_path': None,
 'features_scaling': True,
 'features_size': None,
 'ffn_hidden_size': 550,
 'ffn_num_layers': 1,
 'final_lr': 6.362590096078302e-09,
 'folds_file': None,
 'freeze_first_only': False,
 'frzn_ffn_layers': 0,
 'gpu': 0,
 'grad_clip': None,
 'hidden_size': 754,
 'ignore_columns': None,
 'init_lr': 2.1859391500517283e-09,
 'log_frequency': 10,
 'max_data_size': None,
 'max_lr': 1.416369438510364e-08,
 'metric': 'rmse',
 'metrics': ['rmse'],
 'minimize_score': True,
 'mpn_shared': False,
 'multiclass_num_classes': 3,
 'no_atom_descriptor_scaling': False,
 'no_bond_features_scaling': False,
 'no_cache_mol': False,
 'no_cuda': False,
 'no_features_scaling': False,
 'num_folds': 1,
 'num_lrs': 1,
 'num_tasks': 1,
 'num_workers': 8,
 'number_of_molecules': 2,
 'overwrite_default_atom_features': False,
 'overwrite_default_bond_features': False,
 'pytorch_seed': 0,
 'quiet': False,
 'reaction': False,
 'reaction_mode': 'reac_diff',
 'resume_experiment': False,
 'save_dir': '/home/kimele03/uvvisml/uvvisml/models/abs_all_checkpoints/group_by_smiles/results/506982/49662657',
 'save_preds': False,
 'save_smiles_splits': False,
 'seed': 0,
 'separate_test_atom_descriptors_path': None,
 'separate_test_bond_features_path': None,
 'separate_test_features_path': None,
 'separate_test_path': '../../../data/splits/lambda_max_abs/deep4chem/group_by_smiles/smiles_target_test.csv',
 'separate_val_atom_descriptors_path': None,
 'separate_val_bond_features_path': None,
 'separate_val_features_path': None,
 'separate_val_path': '../../../data/splits/lambda_max_abs/deep4chem/group_by_smiles/smiles_target_val.csv',
 'show_individual_scores': False,
 'smiles_columns': ['smiles', 'solvent'],
 'split_sizes': (0.8, 0.1, 0.1),
 'split_type': 'random',
 'target_columns': None,
 'target_weights': None,
 'task_names': ['peakwavs_max'],
 'test': False,
 'test_fold_index': None,
 'train_data_size': None,
 'undirected': False,
 'use_input_features': False,
 'val_fold_index': None,
 'warmup_epochs': 2}
Loading data
Number of tasks = 1
Fold 0
Splitting data with seed 0
Total size = 13,242 | train size = 13,242 | val size = 1,633 | test size = 1,710
Fitting scaler
Building model 0
MoleculeModel(
  (encoder): MPN(
    (encoder): ModuleList(
      (0): MPNEncoder(
        (dropout_layer): Dropout(p=0.020693323618758024, inplace=False)
        (act_func): ReLU()
        (W_i): Linear(in_features=147, out_features=754, bias=False)
        (W_h): Linear(in_features=754, out_features=754, bias=False)
        (W_o): Linear(in_features=887, out_features=754, bias=True)
      )
      (1): MPNEncoder(
        (dropout_layer): Dropout(p=0.020693323618758024, inplace=False)
        (act_func): ReLU()
        (W_i): Linear(in_features=147, out_features=754, bias=False)
        (W_h): Linear(in_features=754, out_features=754, bias=False)
        (W_o): Linear(in_features=887, out_features=754, bias=True)
      )
    )
  )
  (ffn): Sequential(
    (0): Dropout(p=0.020693323618758024, inplace=False)
    (1): Linear(in_features=1508, out_features=1, bias=True)
  )
)
Number of parameters = 2,700,829
Moving model to cuda
Epoch 0
Loss = 1.1525e+00, PNorm = 60.3109, GNorm = 7.6961, lr_0 = 2.6565e-09
Loss = 9.8949e-01, PNorm = 60.3109, GNorm = 10.3811, lr_0 = 3.0843e-09
Loss = 1.1417e+00, PNorm = 60.3109, GNorm = 6.0318, lr_0 = 3.5120e-09
Loss = 1.0660e+00, PNorm = 60.3109, GNorm = 5.7405, lr_0 = 3.9398e-09
Loss = 9.7228e-01, PNorm = 60.3109, GNorm = 9.2025, lr_0 = 4.3676e-09
Loss = 1.0317e+00, PNorm = 60.3109, GNorm = 3.8266, lr_0 = 4.7954e-09
Loss = 1.0009e+00, PNorm = 60.3109, GNorm = 5.9282, lr_0 = 5.2232e-09
Loss = 1.1454e+00, PNorm = 60.3109, GNorm = 4.1171, lr_0 = 5.6509e-09
Loss = 1.0593e+00, PNorm = 60.3109, GNorm = 2.3220, lr_0 = 6.0787e-09
Loss = 1.0317e+00, PNorm = 60.3109, GNorm = 6.6473, lr_0 = 6.5065e-09
Loss = 1.0712e+00, PNorm = 60.3109, GNorm = 8.5439, lr_0 = 6.9343e-09
Loss = 1.1261e+00, PNorm = 60.3109, GNorm = 9.4938, lr_0 = 7.3620e-09
Loss = 1.0826e+00, PNorm = 60.3109, GNorm = 4.4288, lr_0 = 7.7898e-09
Loss = 8.8490e-01, PNorm = 60.3109, GNorm = 7.9255, lr_0 = 8.2176e-09
Loss = 9.4074e-01, PNorm = 60.3109, GNorm = 6.2228, lr_0 = 8.2604e-09
Validation rmse = 106.913010
Epoch 1
Loss = 1.0666e+00, PNorm = 60.3109, GNorm = 5.4108, lr_0 = 8.6881e-09
Loss = 1.1412e+00, PNorm = 60.3109, GNorm = 3.3089, lr_0 = 9.1159e-09
Loss = 1.0023e+00, PNorm = 60.3109, GNorm = 4.2102, lr_0 = 9.5437e-09
Loss = 1.0604e+00, PNorm = 60.3109, GNorm = 2.4469, lr_0 = 9.9715e-09
Loss = 1.0192e+00, PNorm = 60.3109, GNorm = 8.1799, lr_0 = 1.0399e-08
Loss = 1.0095e+00, PNorm = 60.3109, GNorm = 1.4697, lr_0 = 1.0827e-08
Loss = 1.0136e+00, PNorm = 60.3109, GNorm = 10.0198, lr_0 = 1.1255e-08
Loss = 9.8014e-01, PNorm = 60.3109, GNorm = 9.5593, lr_0 = 1.1683e-08
Loss = 1.0642e+00, PNorm = 60.3109, GNorm = 7.3619, lr_0 = 1.2110e-08
Loss = 1.0641e+00, PNorm = 60.3109, GNorm = 13.4934, lr_0 = 1.2538e-08
Loss = 1.1219e+00, PNorm = 60.3109, GNorm = 10.0317, lr_0 = 1.2966e-08
Loss = 1.0428e+00, PNorm = 60.3109, GNorm = 2.6343, lr_0 = 1.3394e-08
Loss = 1.0272e+00, PNorm = 60.3109, GNorm = 6.0692, lr_0 = 1.3821e-08
Loss = 1.0890e+00, PNorm = 60.3109, GNorm = 5.1915, lr_0 = 1.4160e-08
Validation rmse = 106.732143
Epoch 2
Loss = 1.0671e+00, PNorm = 60.3109, GNorm = 3.5857, lr_0 = 1.4143e-08
Loss = 1.0860e+00, PNorm = 60.3109, GNorm = 4.1897, lr_0 = 1.4127e-08
Loss = 9.4107e-01, PNorm = 60.3109, GNorm = 6.0911, lr_0 = 1.4110e-08
Loss = 1.0273e+00, PNorm = 60.3109, GNorm = 2.3314, lr_0 = 1.4093e-08
Loss = 1.0403e+00, PNorm = 60.3109, GNorm = 3.5843, lr_0 = 1.4076e-08
Loss = 9.7932e-01, PNorm = 60.3109, GNorm = 8.8615, lr_0 = 1.4060e-08
Loss = 1.0742e+00, PNorm = 60.3109, GNorm = 7.0369, lr_0 = 1.4043e-08
Loss = 1.0668e+00, PNorm = 60.3109, GNorm = 7.7646, lr_0 = 1.4026e-08
Loss = 1.0188e+00, PNorm = 60.3109, GNorm = 2.5994, lr_0 = 1.4009e-08
Loss = 1.0377e+00, PNorm = 60.3109, GNorm = 5.0337, lr_0 = 1.3993e-08
Loss = 1.1247e+00, PNorm = 60.3109, GNorm = 7.4380, lr_0 = 1.3976e-08
Loss = 1.0561e+00, PNorm = 60.3109, GNorm = 5.2370, lr_0 = 1.3959e-08
Loss = 1.0689e+00, PNorm = 60.3109, GNorm = 11.3218, lr_0 = 1.3943e-08
Loss = 1.0978e+00, PNorm = 60.3109, GNorm = 3.8361, lr_0 = 1.3926e-08
Validation rmse = 106.521454
Epoch 3
Loss = 9.3973e-01, PNorm = 60.3109, GNorm = 7.4436, lr_0 = 1.3910e-08
Loss = 9.9990e-01, PNorm = 60.3109, GNorm = 6.0202, lr_0 = 1.3893e-08
Loss = 1.1214e+00, PNorm = 60.3109, GNorm = 5.9288, lr_0 = 1.3877e-08
Loss = 1.1247e+00, PNorm = 60.3109, GNorm = 4.2220, lr_0 = 1.3860e-08
Loss = 1.0680e+00, PNorm = 60.3109, GNorm = 5.8601, lr_0 = 1.3844e-08
Loss = 1.0523e+00, PNorm = 60.3109, GNorm = 3.8690, lr_0 = 1.3827e-08
Loss = 1.1120e+00, PNorm = 60.3109, GNorm = 3.4519, lr_0 = 1.3811e-08
Loss = 1.0406e+00, PNorm = 60.3109, GNorm = 6.0140, lr_0 = 1.3794e-08
Loss = 9.7585e-01, PNorm = 60.3109, GNorm = 3.8915, lr_0 = 1.3778e-08
Loss = 1.0092e+00, PNorm = 60.3109, GNorm = 2.1090, lr_0 = 1.3761e-08
Loss = 9.9739e-01, PNorm = 60.3109, GNorm = 5.6237, lr_0 = 1.3745e-08
Loss = 1.0702e+00, PNorm = 60.3109, GNorm = 4.1047, lr_0 = 1.3729e-08
Loss = 9.8612e-01, PNorm = 60.3109, GNorm = 2.2186, lr_0 = 1.3712e-08
Loss = 1.1000e+00, PNorm = 60.3109, GNorm = 6.0038, lr_0 = 1.3696e-08
Validation rmse = 106.329038
Epoch 4
Loss = 1.0865e+00, PNorm = 60.3109, GNorm = 3.6746, lr_0 = 1.3680e-08
Loss = 1.0778e+00, PNorm = 60.3109, GNorm = 9.9628, lr_0 = 1.3663e-08
Loss = 1.1016e+00, PNorm = 60.3109, GNorm = 4.8014, lr_0 = 1.3647e-08
Loss = 1.0363e+00, PNorm = 60.3109, GNorm = 5.7474, lr_0 = 1.3631e-08
Loss = 1.0390e+00, PNorm = 60.3109, GNorm = 3.8870, lr_0 = 1.3615e-08
Loss = 1.1003e+00, PNorm = 60.3109, GNorm = 10.9284, lr_0 = 1.3598e-08
Loss = 9.8476e-01, PNorm = 60.3109, GNorm = 6.0381, lr_0 = 1.3582e-08
Loss = 1.0062e+00, PNorm = 60.3109, GNorm = 5.6807, lr_0 = 1.3566e-08
Loss = 1.0493e+00, PNorm = 60.3109, GNorm = 5.4147, lr_0 = 1.3550e-08
Loss = 1.0864e+00, PNorm = 60.3109, GNorm = 6.7987, lr_0 = 1.3534e-08
Loss = 9.9882e-01, PNorm = 60.3109, GNorm = 3.5276, lr_0 = 1.3518e-08
Loss = 9.2522e-01, PNorm = 60.3109, GNorm = 2.9136, lr_0 = 1.3502e-08
Loss = 1.0471e+00, PNorm = 60.3109, GNorm = 3.4518, lr_0 = 1.3486e-08
Loss = 1.0602e+00, PNorm = 60.3109, GNorm = 8.8196, lr_0 = 1.3470e-08
Validation rmse = 106.151063
Epoch 5
Loss = 9.9400e-01, PNorm = 60.3109, GNorm = 3.7993, lr_0 = 1.3453e-08
Loss = 9.7574e-01, PNorm = 60.3109, GNorm = 2.2167, lr_0 = 1.3437e-08
Loss = 1.0428e+00, PNorm = 60.3109, GNorm = 1.9697, lr_0 = 1.3421e-08
Loss = 1.0299e+00, PNorm = 60.3109, GNorm = 6.3516, lr_0 = 1.3405e-08
Loss = 1.1061e+00, PNorm = 60.3109, GNorm = 5.9900, lr_0 = 1.3390e-08
Loss = 1.0007e+00, PNorm = 60.3109, GNorm = 2.2200, lr_0 = 1.3374e-08
Loss = 1.1443e+00, PNorm = 60.3109, GNorm = 3.9686, lr_0 = 1.3358e-08
Loss = 1.1183e+00, PNorm = 60.3109, GNorm = 5.5503, lr_0 = 1.3342e-08
Loss = 1.0942e+00, PNorm = 60.3109, GNorm = 2.6900, lr_0 = 1.3326e-08
Loss = 1.0389e+00, PNorm = 60.3109, GNorm = 3.2711, lr_0 = 1.3310e-08
Loss = 9.8899e-01, PNorm = 60.3109, GNorm = 2.7755, lr_0 = 1.3294e-08
Loss = 1.1001e+00, PNorm = 60.3109, GNorm = 2.6246, lr_0 = 1.3278e-08
Loss = 9.5732e-01, PNorm = 60.3109, GNorm = 6.8628, lr_0 = 1.3263e-08
Loss = 9.4170e-01, PNorm = 60.3109, GNorm = 5.1119, lr_0 = 1.3247e-08
Validation rmse = 105.993234
Epoch 6
Loss = 9.6878e-01, PNorm = 60.3109, GNorm = 3.8714, lr_0 = 1.3231e-08
Loss = 8.9644e-01, PNorm = 60.3109, GNorm = 5.8269, lr_0 = 1.3215e-08
Loss = 1.0795e+00, PNorm = 60.3109, GNorm = 4.9814, lr_0 = 1.3200e-08
Loss = 1.0113e+00, PNorm = 60.3109, GNorm = 6.2986, lr_0 = 1.3184e-08
Loss = 1.0797e+00, PNorm = 60.3109, GNorm = 3.5268, lr_0 = 1.3168e-08
Loss = 1.0553e+00, PNorm = 60.3109, GNorm = 5.3920, lr_0 = 1.3152e-08
Loss = 1.0515e+00, PNorm = 60.3109, GNorm = 8.9568, lr_0 = 1.3137e-08
Loss = 1.1062e+00, PNorm = 60.3109, GNorm = 6.4817, lr_0 = 1.3121e-08
Loss = 1.0198e+00, PNorm = 60.3109, GNorm = 2.0431, lr_0 = 1.3106e-08
Loss = 1.1532e+00, PNorm = 60.3109, GNorm = 2.4306, lr_0 = 1.3090e-08
Loss = 9.5210e-01, PNorm = 60.3109, GNorm = 7.3294, lr_0 = 1.3074e-08
Loss = 1.0897e+00, PNorm = 60.3109, GNorm = 7.4554, lr_0 = 1.3059e-08
Loss = 1.0449e+00, PNorm = 60.3109, GNorm = 3.5262, lr_0 = 1.3043e-08
Loss = 9.4578e-01, PNorm = 60.3109, GNorm = 7.0100, lr_0 = 1.3028e-08
Validation rmse = 105.845685
Epoch 7
Loss = 8.9072e-01, PNorm = 60.3109, GNorm = 5.7883, lr_0 = 1.3012e-08
Loss = 1.0599e+00, PNorm = 60.3109, GNorm = 2.1443, lr_0 = 1.2997e-08
Loss = 1.0801e+00, PNorm = 60.3109, GNorm = 3.6460, lr_0 = 1.2981e-08
Loss = 9.8610e-01, PNorm = 60.3109, GNorm = 3.4301, lr_0 = 1.2966e-08
Loss = 9.8730e-01, PNorm = 60.3109, GNorm = 5.2281, lr_0 = 1.2950e-08
Loss = 1.0608e+00, PNorm = 60.3109, GNorm = 1.7091, lr_0 = 1.2935e-08
Loss = 1.0156e+00, PNorm = 60.3109, GNorm = 2.4143, lr_0 = 1.2920e-08
Loss = 1.0415e+00, PNorm = 60.3109, GNorm = 5.0837, lr_0 = 1.2904e-08
Loss = 1.1098e+00, PNorm = 60.3109, GNorm = 4.7357, lr_0 = 1.2889e-08
Loss = 1.0726e+00, PNorm = 60.3109, GNorm = 8.3227, lr_0 = 1.2874e-08
Loss = 1.1263e+00, PNorm = 60.3109, GNorm = 5.8200, lr_0 = 1.2858e-08
Loss = 1.0430e+00, PNorm = 60.3109, GNorm = 4.3624, lr_0 = 1.2843e-08
Loss = 9.3863e-01, PNorm = 60.3109, GNorm = 4.6812, lr_0 = 1.2828e-08
Loss = 9.8055e-01, PNorm = 60.3109, GNorm = 6.4106, lr_0 = 1.2812e-08
Validation rmse = 105.710432
Epoch 8
Loss = 9.1567e-01, PNorm = 60.3109, GNorm = 1.8916, lr_0 = 1.2796e-08
Loss = 9.3283e-01, PNorm = 60.3109, GNorm = 7.1306, lr_0 = 1.2780e-08
Loss = 1.0482e+00, PNorm = 60.3109, GNorm = 2.3059, lr_0 = 1.2765e-08
Loss = 1.0466e+00, PNorm = 60.3109, GNorm = 10.2135, lr_0 = 1.2750e-08
Loss = 1.0190e+00, PNorm = 60.3109, GNorm = 8.1980, lr_0 = 1.2735e-08
Loss = 1.1091e+00, PNorm = 60.3109, GNorm = 2.7427, lr_0 = 1.2720e-08
Loss = 1.0836e+00, PNorm = 60.3109, GNorm = 8.1703, lr_0 = 1.2705e-08
Loss = 1.0331e+00, PNorm = 60.3109, GNorm = 7.0938, lr_0 = 1.2689e-08
Loss = 1.0117e+00, PNorm = 60.3109, GNorm = 2.0661, lr_0 = 1.2674e-08
Loss = 1.0063e+00, PNorm = 60.3109, GNorm = 8.9802, lr_0 = 1.2659e-08
Loss = 1.0515e+00, PNorm = 60.3109, GNorm = 1.7894, lr_0 = 1.2644e-08
Loss = 1.1090e+00, PNorm = 60.3109, GNorm = 6.9613, lr_0 = 1.2629e-08
Loss = 9.5598e-01, PNorm = 60.3109, GNorm = 5.7321, lr_0 = 1.2614e-08
Loss = 1.0852e+00, PNorm = 60.3109, GNorm = 5.6804, lr_0 = 1.2599e-08
Validation rmse = 105.584535
Epoch 9
Loss = 1.1346e+00, PNorm = 60.3109, GNorm = 5.4420, lr_0 = 1.2584e-08
Loss = 1.0283e+00, PNorm = 60.3109, GNorm = 3.4815, lr_0 = 1.2569e-08
Loss = 1.0067e+00, PNorm = 60.3109, GNorm = 5.0925, lr_0 = 1.2554e-08
Loss = 9.9033e-01, PNorm = 60.3109, GNorm = 2.8652, lr_0 = 1.2539e-08
Loss = 9.2166e-01, PNorm = 60.3109, GNorm = 3.5385, lr_0 = 1.2524e-08
Loss = 9.8981e-01, PNorm = 60.3109, GNorm = 10.0614, lr_0 = 1.2509e-08
Loss = 1.1482e+00, PNorm = 60.3109, GNorm = 4.7984, lr_0 = 1.2494e-08
Loss = 9.8249e-01, PNorm = 60.3109, GNorm = 6.5000, lr_0 = 1.2480e-08
Loss = 1.0240e+00, PNorm = 60.3109, GNorm = 2.1323, lr_0 = 1.2465e-08
Loss = 1.0359e+00, PNorm = 60.3109, GNorm = 4.7669, lr_0 = 1.2450e-08
Loss = 9.6441e-01, PNorm = 60.3109, GNorm = 8.4401, lr_0 = 1.2435e-08
Loss = 1.0759e+00, PNorm = 60.3109, GNorm = 4.6704, lr_0 = 1.2420e-08
Loss = 1.1691e+00, PNorm = 60.3109, GNorm = 2.6140, lr_0 = 1.2406e-08
Loss = 1.0040e+00, PNorm = 60.3109, GNorm = 5.3833, lr_0 = 1.2391e-08
Validation rmse = 105.469244
Epoch 10
Loss = 9.2834e-01, PNorm = 60.3109, GNorm = 3.0784, lr_0 = 1.2376e-08
Loss = 9.7380e-01, PNorm = 60.3109, GNorm = 1.7344, lr_0 = 1.2361e-08
Loss = 1.0389e+00, PNorm = 60.3109, GNorm = 10.1223, lr_0 = 1.2347e-08
Loss = 9.8068e-01, PNorm = 60.3109, GNorm = 2.7746, lr_0 = 1.2332e-08
Loss = 9.4590e-01, PNorm = 60.3109, GNorm = 4.2964, lr_0 = 1.2317e-08
Loss = 1.0390e+00, PNorm = 60.3109, GNorm = 7.1443, lr_0 = 1.2303e-08
Loss = 9.9108e-01, PNorm = 60.3109, GNorm = 7.2485, lr_0 = 1.2288e-08
Loss = 1.1162e+00, PNorm = 60.3109, GNorm = 3.3442, lr_0 = 1.2273e-08
Loss = 1.1067e+00, PNorm = 60.3109, GNorm = 2.0707, lr_0 = 1.2259e-08
Loss = 1.0060e+00, PNorm = 60.3109, GNorm = 4.8439, lr_0 = 1.2244e-08
Loss = 1.0390e+00, PNorm = 60.3109, GNorm = 5.9723, lr_0 = 1.2229e-08
Loss = 1.0495e+00, PNorm = 60.3109, GNorm = 8.1750, lr_0 = 1.2215e-08
Loss = 1.0323e+00, PNorm = 60.3109, GNorm = 3.2508, lr_0 = 1.2200e-08
Loss = 1.0203e+00, PNorm = 60.3109, GNorm = 2.4232, lr_0 = 1.2186e-08
Validation rmse = 105.365154
Epoch 11
Loss = 1.3666e+00, PNorm = 60.3109, GNorm = 2.1905, lr_0 = 1.2171e-08
Loss = 9.7627e-01, PNorm = 60.3109, GNorm = 3.3182, lr_0 = 1.2157e-08
Loss = 9.5115e-01, PNorm = 60.3109, GNorm = 2.4006, lr_0 = 1.2142e-08
Loss = 1.0077e+00, PNorm = 60.3109, GNorm = 7.0503, lr_0 = 1.2128e-08
Loss = 1.0157e+00, PNorm = 60.3109, GNorm = 7.5363, lr_0 = 1.2114e-08
Loss = 1.0739e+00, PNorm = 60.3109, GNorm = 6.8385, lr_0 = 1.2099e-08
Loss = 1.0348e+00, PNorm = 60.3109, GNorm = 7.3011, lr_0 = 1.2085e-08
Loss = 1.0090e+00, PNorm = 60.3109, GNorm = 5.3734, lr_0 = 1.2070e-08
Loss = 9.6868e-01, PNorm = 60.3109, GNorm = 1.6672, lr_0 = 1.2056e-08
Loss = 1.0078e+00, PNorm = 60.3109, GNorm = 1.5766, lr_0 = 1.2042e-08
Loss = 1.1405e+00, PNorm = 60.3109, GNorm = 4.3635, lr_0 = 1.2027e-08
Loss = 1.0572e+00, PNorm = 60.3109, GNorm = 8.6253, lr_0 = 1.2013e-08
Loss = 9.7944e-01, PNorm = 60.3109, GNorm = 3.8723, lr_0 = 1.1999e-08
Loss = 1.0262e+00, PNorm = 60.3109, GNorm = 2.0440, lr_0 = 1.1984e-08
Loss = 1.0559e+00, PNorm = 60.3109, GNorm = 1.9435, lr_0 = 1.1970e-08
Validation rmse = 105.265670
Epoch 12
Loss = 9.6064e-01, PNorm = 60.3109, GNorm = 5.0610, lr_0 = 1.1956e-08
Loss = 1.0483e+00, PNorm = 60.3109, GNorm = 5.5479, lr_0 = 1.1942e-08
Loss = 1.0223e+00, PNorm = 60.3109, GNorm = 2.1009, lr_0 = 1.1927e-08
Loss = 1.0236e+00, PNorm = 60.3109, GNorm = 4.8631, lr_0 = 1.1913e-08
Loss = 1.0413e+00, PNorm = 60.3109, GNorm = 9.1184, lr_0 = 1.1899e-08
Loss = 1.0204e+00, PNorm = 60.3109, GNorm = 1.9903, lr_0 = 1.1885e-08
Loss = 1.0072e+00, PNorm = 60.3109, GNorm = 2.9511, lr_0 = 1.1871e-08
Loss = 9.8873e-01, PNorm = 60.3109, GNorm = 5.1789, lr_0 = 1.1857e-08
Loss = 9.1966e-01, PNorm = 60.3109, GNorm = 6.1335, lr_0 = 1.1843e-08
Loss = 1.1208e+00, PNorm = 60.3109, GNorm = 10.1834, lr_0 = 1.1828e-08
Loss = 1.0773e+00, PNorm = 60.3109, GNorm = 2.3927, lr_0 = 1.1814e-08
Loss = 1.0284e+00, PNorm = 60.3109, GNorm = 2.3392, lr_0 = 1.1800e-08
Loss = 1.0054e+00, PNorm = 60.3109, GNorm = 7.2779, lr_0 = 1.1786e-08
Loss = 1.0680e+00, PNorm = 60.3109, GNorm = 4.7102, lr_0 = 1.1772e-08
Validation rmse = 105.174751
Epoch 13
Loss = 1.1534e+00, PNorm = 60.3109, GNorm = 2.1975, lr_0 = 1.1758e-08
Loss = 9.5665e-01, PNorm = 60.3109, GNorm = 2.5550, lr_0 = 1.1744e-08
Loss = 1.1035e+00, PNorm = 60.3109, GNorm = 4.3935, lr_0 = 1.1730e-08
Loss = 9.1265e-01, PNorm = 60.3109, GNorm = 8.8759, lr_0 = 1.1716e-08
Loss = 1.0177e+00, PNorm = 60.3109, GNorm = 4.0901, lr_0 = 1.1702e-08
Loss = 1.0844e+00, PNorm = 60.3109, GNorm = 5.0245, lr_0 = 1.1688e-08
Loss = 9.5211e-01, PNorm = 60.3109, GNorm = 4.7811, lr_0 = 1.1675e-08
Loss = 9.1771e-01, PNorm = 60.3109, GNorm = 3.8973, lr_0 = 1.1661e-08
Loss = 1.0203e+00, PNorm = 60.3109, GNorm = 3.6256, lr_0 = 1.1647e-08
Loss = 1.0829e+00, PNorm = 60.3109, GNorm = 4.2945, lr_0 = 1.1633e-08
Loss = 1.0062e+00, PNorm = 60.3109, GNorm = 5.3872, lr_0 = 1.1619e-08
Loss = 1.0794e+00, PNorm = 60.3109, GNorm = 2.9598, lr_0 = 1.1605e-08
Loss = 1.0461e+00, PNorm = 60.3109, GNorm = 3.1148, lr_0 = 1.1591e-08
Loss = 9.8222e-01, PNorm = 60.3109, GNorm = 1.3142, lr_0 = 1.1578e-08
Validation rmse = 105.089669
Epoch 14
Loss = 1.0549e+00, PNorm = 60.3109, GNorm = 2.0983, lr_0 = 1.1564e-08
Loss = 1.0746e+00, PNorm = 60.3109, GNorm = 1.9925, lr_0 = 1.1550e-08
Loss = 1.0306e+00, PNorm = 60.3109, GNorm = 2.3720, lr_0 = 1.1536e-08
Loss = 1.0331e+00, PNorm = 60.3109, GNorm = 1.9930, lr_0 = 1.1523e-08
Loss = 9.4411e-01, PNorm = 60.3109, GNorm = 2.1445, lr_0 = 1.1509e-08
Loss = 9.7785e-01, PNorm = 60.3109, GNorm = 2.4154, lr_0 = 1.1495e-08
Loss = 9.8982e-01, PNorm = 60.3109, GNorm = 8.3870, lr_0 = 1.1481e-08
Loss = 1.0642e+00, PNorm = 60.3109, GNorm = 1.7194, lr_0 = 1.1468e-08
Loss = 9.9705e-01, PNorm = 60.3109, GNorm = 6.8320, lr_0 = 1.1454e-08
Loss = 1.0537e+00, PNorm = 60.3109, GNorm = 4.7724, lr_0 = 1.1441e-08
Loss = 1.0660e+00, PNorm = 60.3109, GNorm = 7.3580, lr_0 = 1.1427e-08
Loss = 1.0336e+00, PNorm = 60.3109, GNorm = 5.0630, lr_0 = 1.1413e-08
Loss = 9.5105e-01, PNorm = 60.3109, GNorm = 4.9327, lr_0 = 1.1400e-08
Loss = 1.0605e+00, PNorm = 60.3109, GNorm = 2.4618, lr_0 = 1.1386e-08
Validation rmse = 105.010596
Epoch 15
Loss = 1.0756e+00, PNorm = 60.3109, GNorm = 3.5085, lr_0 = 1.1373e-08
Loss = 9.7674e-01, PNorm = 60.3109, GNorm = 3.6440, lr_0 = 1.1359e-08
Loss = 1.0507e+00, PNorm = 60.3109, GNorm = 2.6552, lr_0 = 1.1346e-08
Loss = 9.9802e-01, PNorm = 60.3109, GNorm = 5.5765, lr_0 = 1.1332e-08
Loss = 1.0608e+00, PNorm = 60.3109, GNorm = 7.9411, lr_0 = 1.1319e-08
Loss = 1.0001e+00, PNorm = 60.3109, GNorm = 4.2470, lr_0 = 1.1305e-08
Loss = 1.0674e+00, PNorm = 60.3109, GNorm = 2.0054, lr_0 = 1.1292e-08
Loss = 1.1008e+00, PNorm = 60.3109, GNorm = 1.4897, lr_0 = 1.1278e-08
Loss = 1.0016e+00, PNorm = 60.3109, GNorm = 3.5926, lr_0 = 1.1265e-08
Loss = 9.7513e-01, PNorm = 60.3109, GNorm = 1.9596, lr_0 = 1.1251e-08
Loss = 1.0433e+00, PNorm = 60.3109, GNorm = 4.9709, lr_0 = 1.1238e-08
Loss = 9.7546e-01, PNorm = 60.3109, GNorm = 1.7864, lr_0 = 1.1225e-08
Loss = 9.2501e-01, PNorm = 60.3109, GNorm = 4.5187, lr_0 = 1.1211e-08
Loss = 1.0224e+00, PNorm = 60.3109, GNorm = 7.2226, lr_0 = 1.1198e-08
Validation rmse = 104.937040
Epoch 16
Loss = 1.0908e+00, PNorm = 60.3109, GNorm = 2.8105, lr_0 = 1.1183e-08
Loss = 9.7172e-01, PNorm = 60.3109, GNorm = 6.0198, lr_0 = 1.1170e-08
Loss = 1.0652e+00, PNorm = 60.3109, GNorm = 3.6109, lr_0 = 1.1157e-08
Loss = 1.0597e+00, PNorm = 60.3109, GNorm = 3.1331, lr_0 = 1.1143e-08
Loss = 9.6092e-01, PNorm = 60.3109, GNorm = 3.9191, lr_0 = 1.1130e-08
Loss = 1.0842e+00, PNorm = 60.3109, GNorm = 3.7233, lr_0 = 1.1117e-08
Loss = 9.3166e-01, PNorm = 60.3109, GNorm = 8.0461, lr_0 = 1.1104e-08
Loss = 1.0179e+00, PNorm = 60.3109, GNorm = 1.5932, lr_0 = 1.1090e-08
Loss = 1.0302e+00, PNorm = 60.3109, GNorm = 1.4300, lr_0 = 1.1077e-08
Loss = 1.0106e+00, PNorm = 60.3109, GNorm = 5.9670, lr_0 = 1.1064e-08
Loss = 9.5314e-01, PNorm = 60.3109, GNorm = 6.3632, lr_0 = 1.1051e-08
Loss = 1.0760e+00, PNorm = 60.3109, GNorm = 5.1605, lr_0 = 1.1038e-08
Loss = 1.0819e+00, PNorm = 60.3109, GNorm = 2.3176, lr_0 = 1.1025e-08
Loss = 9.4792e-01, PNorm = 60.3109, GNorm = 1.8603, lr_0 = 1.1011e-08
Validation rmse = 104.866677
Epoch 17
Loss = 9.3260e-01, PNorm = 60.3109, GNorm = 2.6400, lr_0 = 1.0998e-08
Loss = 8.8302e-01, PNorm = 60.3109, GNorm = 6.3130, lr_0 = 1.0985e-08
Loss = 1.0166e+00, PNorm = 60.3109, GNorm = 3.9333, lr_0 = 1.0972e-08
Loss = 1.0096e+00, PNorm = 60.3109, GNorm = 2.4234, lr_0 = 1.0959e-08
Loss = 1.0351e+00, PNorm = 60.3109, GNorm = 6.0460, lr_0 = 1.0946e-08
Loss = 1.1178e+00, PNorm = 60.3109, GNorm = 3.7918, lr_0 = 1.0933e-08
Loss = 9.0116e-01, PNorm = 60.3109, GNorm = 7.6284, lr_0 = 1.0920e-08
Loss = 1.0593e+00, PNorm = 60.3109, GNorm = 1.4742, lr_0 = 1.0907e-08
Loss = 9.8785e-01, PNorm = 60.3109, GNorm = 3.8275, lr_0 = 1.0894e-08
Loss = 1.0989e+00, PNorm = 60.3109, GNorm = 3.0897, lr_0 = 1.0881e-08
Loss = 1.0218e+00, PNorm = 60.3109, GNorm = 3.1540, lr_0 = 1.0868e-08
Loss = 9.7315e-01, PNorm = 60.3109, GNorm = 4.7367, lr_0 = 1.0855e-08
Loss = 1.0969e+00, PNorm = 60.3109, GNorm = 2.4349, lr_0 = 1.0842e-08
Loss = 1.0335e+00, PNorm = 60.3109, GNorm = 4.1738, lr_0 = 1.0829e-08
Validation rmse = 104.800316
Epoch 18
Loss = 9.3737e-01, PNorm = 60.3109, GNorm = 6.6334, lr_0 = 1.0817e-08
Loss = 1.0945e+00, PNorm = 60.3109, GNorm = 4.4385, lr_0 = 1.0804e-08
Loss = 1.0556e+00, PNorm = 60.3109, GNorm = 3.2351, lr_0 = 1.0791e-08
Loss = 1.0741e+00, PNorm = 60.3109, GNorm = 3.4421, lr_0 = 1.0778e-08
Loss = 9.7291e-01, PNorm = 60.3109, GNorm = 3.6585, lr_0 = 1.0765e-08
Loss = 1.0219e+00, PNorm = 60.3109, GNorm = 2.5850, lr_0 = 1.0752e-08
Loss = 9.6112e-01, PNorm = 60.3109, GNorm = 6.6476, lr_0 = 1.0740e-08
Loss = 1.0324e+00, PNorm = 60.3109, GNorm = 2.8371, lr_0 = 1.0727e-08
Loss = 9.6561e-01, PNorm = 60.3109, GNorm = 3.6661, lr_0 = 1.0714e-08
Loss = 9.9246e-01, PNorm = 60.3109, GNorm = 2.5509, lr_0 = 1.0701e-08
Loss = 1.0837e+00, PNorm = 60.3109, GNorm = 2.9208, lr_0 = 1.0688e-08
Loss = 9.8218e-01, PNorm = 60.3109, GNorm = 1.4993, lr_0 = 1.0676e-08
Loss = 9.9683e-01, PNorm = 60.3109, GNorm = 5.1774, lr_0 = 1.0663e-08
Loss = 9.9972e-01, PNorm = 60.3109, GNorm = 2.6888, lr_0 = 1.0650e-08
Validation rmse = 104.738769
Epoch 19
Loss = 9.8339e-01, PNorm = 60.3109, GNorm = 3.7215, lr_0 = 1.0638e-08
Loss = 1.0412e+00, PNorm = 60.3109, GNorm = 2.1144, lr_0 = 1.0625e-08
Loss = 1.1019e+00, PNorm = 60.3109, GNorm = 1.8185, lr_0 = 1.0612e-08
Loss = 9.3388e-01, PNorm = 60.3109, GNorm = 4.3099, lr_0 = 1.0600e-08
Loss = 1.0797e+00, PNorm = 60.3109, GNorm = 5.9087, lr_0 = 1.0587e-08
Loss = 9.6495e-01, PNorm = 60.3109, GNorm = 1.8148, lr_0 = 1.0575e-08
Loss = 9.2822e-01, PNorm = 60.3109, GNorm = 3.1207, lr_0 = 1.0562e-08
Loss = 8.9453e-01, PNorm = 60.3109, GNorm = 1.8233, lr_0 = 1.0549e-08
Loss = 1.0255e+00, PNorm = 60.3109, GNorm = 2.4042, lr_0 = 1.0537e-08
Loss = 1.0411e+00, PNorm = 60.3109, GNorm = 1.9725, lr_0 = 1.0524e-08
Loss = 1.1440e+00, PNorm = 60.3109, GNorm = 3.2539, lr_0 = 1.0512e-08
Loss = 9.8171e-01, PNorm = 60.3109, GNorm = 1.4595, lr_0 = 1.0499e-08
Loss = 9.5516e-01, PNorm = 60.3109, GNorm = 4.9270, lr_0 = 1.0487e-08
Loss = 1.0266e+00, PNorm = 60.3109, GNorm = 3.0479, lr_0 = 1.0474e-08
Validation rmse = 104.680717
Epoch 20
Loss = 8.0744e-01, PNorm = 60.3109, GNorm = 3.0831, lr_0 = 1.0462e-08
Loss = 1.0064e+00, PNorm = 60.3109, GNorm = 2.0955, lr_0 = 1.0449e-08
Loss = 1.1324e+00, PNorm = 60.3109, GNorm = 2.7376, lr_0 = 1.0437e-08
Loss = 1.1948e+00, PNorm = 60.3109, GNorm = 2.4484, lr_0 = 1.0425e-08
Loss = 9.3118e-01, PNorm = 60.3109, GNorm = 4.4651, lr_0 = 1.0412e-08
Loss = 9.6557e-01, PNorm = 60.3109, GNorm = 3.4269, lr_0 = 1.0400e-08
Loss = 1.0172e+00, PNorm = 60.3109, GNorm = 7.1883, lr_0 = 1.0387e-08
Loss = 9.8086e-01, PNorm = 60.3109, GNorm = 2.0226, lr_0 = 1.0375e-08
Loss = 1.0537e+00, PNorm = 60.3109, GNorm = 2.8744, lr_0 = 1.0363e-08
Loss = 9.3902e-01, PNorm = 60.3109, GNorm = 3.7144, lr_0 = 1.0350e-08
Loss = 1.0219e+00, PNorm = 60.3109, GNorm = 1.9671, lr_0 = 1.0338e-08
Loss = 9.8653e-01, PNorm = 60.3109, GNorm = 1.6011, lr_0 = 1.0326e-08
Loss = 8.8819e-01, PNorm = 60.3109, GNorm = 5.8697, lr_0 = 1.0313e-08
Loss = 1.0689e+00, PNorm = 60.3109, GNorm = 1.8649, lr_0 = 1.0301e-08
Validation rmse = 104.626707
Epoch 21
Loss = 1.1438e+00, PNorm = 60.3109, GNorm = 4.5188, lr_0 = 1.0289e-08
Loss = 1.0578e+00, PNorm = 60.3109, GNorm = 2.0410, lr_0 = 1.0277e-08
Loss = 1.0239e+00, PNorm = 60.3109, GNorm = 3.6841, lr_0 = 1.0264e-08
Loss = 1.0067e+00, PNorm = 60.3109, GNorm = 1.9803, lr_0 = 1.0252e-08
Loss = 1.0775e+00, PNorm = 60.3109, GNorm = 1.8902, lr_0 = 1.0240e-08
Loss = 9.6768e-01, PNorm = 60.3109, GNorm = 2.6012, lr_0 = 1.0228e-08
Loss = 1.0613e+00, PNorm = 60.3109, GNorm = 1.7098, lr_0 = 1.0216e-08
Loss = 9.7810e-01, PNorm = 60.3109, GNorm = 5.1247, lr_0 = 1.0203e-08
Loss = 9.3617e-01, PNorm = 60.3109, GNorm = 4.7417, lr_0 = 1.0191e-08
Loss = 9.9054e-01, PNorm = 60.3109, GNorm = 1.6457, lr_0 = 1.0179e-08
Loss = 1.0891e+00, PNorm = 60.3109, GNorm = 1.9378, lr_0 = 1.0167e-08
Loss = 9.5870e-01, PNorm = 60.3109, GNorm = 5.0524, lr_0 = 1.0155e-08
Loss = 9.7953e-01, PNorm = 60.3109, GNorm = 2.0329, lr_0 = 1.0143e-08
Loss = 9.9617e-01, PNorm = 60.3109, GNorm = 4.3113, lr_0 = 1.0131e-08
Validation rmse = 104.574472
Epoch 22
Loss = 9.0148e-01, PNorm = 60.3109, GNorm = 4.9809, lr_0 = 1.0119e-08
Loss = 1.1497e+00, PNorm = 60.3109, GNorm = 1.7470, lr_0 = 1.0107e-08
Loss = 1.0912e+00, PNorm = 60.3109, GNorm = 1.8403, lr_0 = 1.0095e-08
Loss = 9.7286e-01, PNorm = 60.3109, GNorm = 2.0474, lr_0 = 1.0083e-08
Loss = 9.7583e-01, PNorm = 60.3109, GNorm = 1.5832, lr_0 = 1.0071e-08
Loss = 9.4694e-01, PNorm = 60.3109, GNorm = 1.8297, lr_0 = 1.0059e-08
Loss = 8.6056e-01, PNorm = 60.3109, GNorm = 6.7150, lr_0 = 1.0047e-08
Loss = 1.0621e+00, PNorm = 60.3109, GNorm = 2.8772, lr_0 = 1.0035e-08
Loss = 1.0617e+00, PNorm = 60.3109, GNorm = 1.5160, lr_0 = 1.0023e-08
Loss = 1.1338e+00, PNorm = 60.3109, GNorm = 2.1756, lr_0 = 1.0011e-08
Loss = 9.7311e-01, PNorm = 60.3109, GNorm = 6.0849, lr_0 = 9.9989e-09
Loss = 1.0826e+00, PNorm = 60.3109, GNorm = 1.6228, lr_0 = 9.9870e-09
Loss = 9.0754e-01, PNorm = 60.3109, GNorm = 1.8468, lr_0 = 9.9752e-09
Loss = 9.9286e-01, PNorm = 60.3109, GNorm = 2.7636, lr_0 = 9.9633e-09
Loss = 9.4809e-01, PNorm = 60.3109, GNorm = 6.3158, lr_0 = 9.9514e-09
Validation rmse = 104.525088
Epoch 23
Loss = 9.5201e-01, PNorm = 60.3109, GNorm = 5.9281, lr_0 = 9.9396e-09
Loss = 1.0663e+00, PNorm = 60.3109, GNorm = 1.7770, lr_0 = 9.9278e-09
Loss = 1.0646e+00, PNorm = 60.3109, GNorm = 4.5649, lr_0 = 9.9159e-09
Loss = 9.4064e-01, PNorm = 60.3109, GNorm = 1.5438, lr_0 = 9.9041e-09
Loss = 9.0357e-01, PNorm = 60.3109, GNorm = 2.2505, lr_0 = 9.8924e-09
Loss = 9.5979e-01, PNorm = 60.3109, GNorm = 5.6062, lr_0 = 9.8806e-09
Loss = 1.1226e+00, PNorm = 60.3109, GNorm = 1.7459, lr_0 = 9.8688e-09
Loss = 9.7738e-01, PNorm = 60.3109, GNorm = 4.1033, lr_0 = 9.8571e-09
Loss = 1.1225e+00, PNorm = 60.3109, GNorm = 4.5189, lr_0 = 9.8453e-09
Loss = 9.4913e-01, PNorm = 60.3109, GNorm = 1.6659, lr_0 = 9.8336e-09
Loss = 1.0509e+00, PNorm = 60.3109, GNorm = 1.9563, lr_0 = 9.8219e-09
Loss = 1.1409e+00, PNorm = 60.3109, GNorm = 2.0175, lr_0 = 9.8102e-09
Loss = 9.6544e-01, PNorm = 60.3109, GNorm = 6.2069, lr_0 = 9.7986e-09
Loss = 9.2071e-01, PNorm = 60.3109, GNorm = 6.1016, lr_0 = 9.7869e-09
Loss = 1.0977e+00, PNorm = 60.3109, GNorm = 5.8254, lr_0 = 9.7857e-09
Validation rmse = 104.478432
Epoch 24
Loss = 1.1058e+00, PNorm = 60.3109, GNorm = 2.3828, lr_0 = 9.7741e-09
Loss = 1.0033e+00, PNorm = 60.3109, GNorm = 2.7831, lr_0 = 9.7625e-09
Loss = 1.0280e+00, PNorm = 60.3109, GNorm = 1.8495, lr_0 = 9.7508e-09
Loss = 1.0845e+00, PNorm = 60.3109, GNorm = 1.7539, lr_0 = 9.7392e-09
Loss = 9.4881e-01, PNorm = 60.3109, GNorm = 1.8736, lr_0 = 9.7276e-09
Loss = 1.0990e+00, PNorm = 60.3109, GNorm = 4.9693, lr_0 = 9.7161e-09
Loss = 9.6096e-01, PNorm = 60.3109, GNorm = 2.3024, lr_0 = 9.7045e-09
Loss = 9.7638e-01, PNorm = 60.3109, GNorm = 5.2683, lr_0 = 9.6929e-09
Loss = 9.2656e-01, PNorm = 60.3109, GNorm = 5.7520, lr_0 = 9.6814e-09
Loss = 9.4300e-01, PNorm = 60.3109, GNorm = 6.1950, lr_0 = 9.6699e-09
Loss = 9.1457e-01, PNorm = 60.3109, GNorm = 1.8611, lr_0 = 9.6584e-09
Loss = 9.8541e-01, PNorm = 60.3109, GNorm = 3.5278, lr_0 = 9.6469e-09
Loss = 1.0707e+00, PNorm = 60.3109, GNorm = 1.5235, lr_0 = 9.6354e-09
Loss = 1.0745e+00, PNorm = 60.3109, GNorm = 2.5822, lr_0 = 9.6239e-09
Validation rmse = 104.432152
Epoch 25
Loss = 9.6667e-01, PNorm = 60.3109, GNorm = 8.2251, lr_0 = 9.6125e-09
Loss = 1.0512e+00, PNorm = 60.3109, GNorm = 1.8051, lr_0 = 9.6010e-09
Loss = 9.5386e-01, PNorm = 60.3109, GNorm = 2.1796, lr_0 = 9.5896e-09
Loss = 1.0183e+00, PNorm = 60.3109, GNorm = 3.3962, lr_0 = 9.5782e-09
Loss = 9.7834e-01, PNorm = 60.3109, GNorm = 2.1420, lr_0 = 9.5668e-09
Loss = 1.0805e+00, PNorm = 60.3109, GNorm = 3.8966, lr_0 = 9.5554e-09
Loss = 1.1076e+00, PNorm = 60.3109, GNorm = 3.1783, lr_0 = 9.5440e-09
Loss = 1.0269e+00, PNorm = 60.3109, GNorm = 2.7509, lr_0 = 9.5327e-09
Loss = 9.2444e-01, PNorm = 60.3109, GNorm = 2.7846, lr_0 = 9.5213e-09
Loss = 9.3445e-01, PNorm = 60.3109, GNorm = 1.8701, lr_0 = 9.5100e-09
Loss = 9.6691e-01, PNorm = 60.3109, GNorm = 3.1099, lr_0 = 9.4987e-09
Loss = 1.0642e+00, PNorm = 60.3109, GNorm = 4.6643, lr_0 = 9.4874e-09
Loss = 1.0405e+00, PNorm = 60.3109, GNorm = 2.5687, lr_0 = 9.4761e-09
Loss = 1.0172e+00, PNorm = 60.3109, GNorm = 5.4572, lr_0 = 9.4648e-09
Validation rmse = 104.390893
Epoch 26
Loss = 9.5231e-01, PNorm = 60.3109, GNorm = 7.9033, lr_0 = 9.4536e-09
Loss = 1.0796e+00, PNorm = 60.3109, GNorm = 6.0334, lr_0 = 9.4423e-09
Loss = 9.0044e-01, PNorm = 60.3109, GNorm = 3.7821, lr_0 = 9.4311e-09
Loss = 1.0931e+00, PNorm = 60.3109, GNorm = 1.8387, lr_0 = 9.4198e-09
Loss = 9.6564e-01, PNorm = 60.3109, GNorm = 1.5084, lr_0 = 9.4086e-09
Loss = 9.5608e-01, PNorm = 60.3109, GNorm = 7.8004, lr_0 = 9.3974e-09
Loss = 1.1093e+00, PNorm = 60.3109, GNorm = 1.3637, lr_0 = 9.3862e-09
Loss = 1.1214e+00, PNorm = 60.3109, GNorm = 1.6962, lr_0 = 9.3751e-09
Loss = 9.6560e-01, PNorm = 60.3109, GNorm = 4.6551, lr_0 = 9.3639e-09
Loss = 1.0860e+00, PNorm = 60.3109, GNorm = 1.6223, lr_0 = 9.3528e-09
Loss = 1.0189e+00, PNorm = 60.3109, GNorm = 1.7171, lr_0 = 9.3416e-09
Loss = 9.1226e-01, PNorm = 60.3109, GNorm = 2.6517, lr_0 = 9.3305e-09
Loss = 1.0564e+00, PNorm = 60.3109, GNorm = 2.8414, lr_0 = 9.3194e-09
Loss = 9.2903e-01, PNorm = 60.3109, GNorm = 2.8229, lr_0 = 9.3083e-09
Validation rmse = 104.350212
Epoch 27
Loss = 1.0040e+00, PNorm = 60.3109, GNorm = 1.7476, lr_0 = 9.2973e-09
Loss = 1.0496e+00, PNorm = 60.3109, GNorm = 3.3191, lr_0 = 9.2862e-09
Loss = 9.2781e-01, PNorm = 60.3109, GNorm = 2.3193, lr_0 = 9.2751e-09
Loss = 1.0450e+00, PNorm = 60.3109, GNorm = 5.3481, lr_0 = 9.2641e-09
Loss = 1.0791e+00, PNorm = 60.3109, GNorm = 2.7797, lr_0 = 9.2531e-09
Loss = 9.8857e-01, PNorm = 60.3110, GNorm = 4.3342, lr_0 = 9.2421e-09
Loss = 1.0186e+00, PNorm = 60.3109, GNorm = 1.7838, lr_0 = 9.2311e-09
Loss = 1.0513e+00, PNorm = 60.3110, GNorm = 3.3764, lr_0 = 9.2201e-09
Loss = 1.0033e+00, PNorm = 60.3110, GNorm = 1.9156, lr_0 = 9.2091e-09
Loss = 1.0387e+00, PNorm = 60.3110, GNorm = 2.0099, lr_0 = 9.1981e-09
Loss = 1.1337e+00, PNorm = 60.3110, GNorm = 2.9968, lr_0 = 9.1872e-09
Loss = 9.1605e-01, PNorm = 60.3109, GNorm = 2.6085, lr_0 = 9.1763e-09
Loss = 9.0531e-01, PNorm = 60.3109, GNorm = 1.7669, lr_0 = 9.1653e-09
Loss = 9.4356e-01, PNorm = 60.3109, GNorm = 4.9966, lr_0 = 9.1544e-09
Validation rmse = 104.312235
Epoch 28
Loss = 1.0353e+00, PNorm = 60.3110, GNorm = 3.5689, lr_0 = 9.1435e-09
Loss = 9.8793e-01, PNorm = 60.3110, GNorm = 4.8206, lr_0 = 9.1327e-09
Loss = 1.0109e+00, PNorm = 60.3110, GNorm = 6.4613, lr_0 = 9.1218e-09
Loss = 1.0009e+00, PNorm = 60.3109, GNorm = 1.7491, lr_0 = 9.1109e-09
Loss = 9.0897e-01, PNorm = 60.3109, GNorm = 2.7049, lr_0 = 9.1001e-09
Loss = 1.0189e+00, PNorm = 60.3110, GNorm = 4.6383, lr_0 = 9.0893e-09
Loss = 1.0673e+00, PNorm = 60.3110, GNorm = 5.0094, lr_0 = 9.0784e-09
Loss = 9.9597e-01, PNorm = 60.3110, GNorm = 1.5872, lr_0 = 9.0676e-09
Loss = 1.0118e+00, PNorm = 60.3109, GNorm = 3.9077, lr_0 = 9.0568e-09
Loss = 9.7664e-01, PNorm = 60.3109, GNorm = 2.0784, lr_0 = 9.0461e-09
Loss = 9.8936e-01, PNorm = 60.3110, GNorm = 3.2005, lr_0 = 9.0353e-09
Loss = 9.8794e-01, PNorm = 60.3110, GNorm = 6.4225, lr_0 = 9.0245e-09
Loss = 1.0911e+00, PNorm = 60.3109, GNorm = 2.0032, lr_0 = 9.0138e-09
Loss = 9.7408e-01, PNorm = 60.3110, GNorm = 3.0427, lr_0 = 9.0031e-09
Validation rmse = 104.274399
Epoch 29
Loss = 1.1314e+00, PNorm = 60.3109, GNorm = 6.1891, lr_0 = 8.9924e-09
Loss = 9.9697e-01, PNorm = 60.3110, GNorm = 4.8420, lr_0 = 8.9817e-09
Loss = 9.6925e-01, PNorm = 60.3110, GNorm = 1.3907, lr_0 = 8.9710e-09
Loss = 9.8740e-01, PNorm = 60.3110, GNorm = 1.7491, lr_0 = 8.9603e-09
Loss = 1.0932e+00, PNorm = 60.3110, GNorm = 3.4440, lr_0 = 8.9496e-09
Loss = 1.0412e+00, PNorm = 60.3110, GNorm = 1.7025, lr_0 = 8.9390e-09
Loss = 1.0811e+00, PNorm = 60.3110, GNorm = 1.6370, lr_0 = 8.9283e-09
Loss = 9.2842e-01, PNorm = 60.3109, GNorm = 1.7279, lr_0 = 8.9177e-09
Loss = 9.6676e-01, PNorm = 60.3110, GNorm = 2.4061, lr_0 = 8.9071e-09
Loss = 9.4773e-01, PNorm = 60.3110, GNorm = 4.1908, lr_0 = 8.8965e-09
Loss = 9.6080e-01, PNorm = 60.3110, GNorm = 3.9750, lr_0 = 8.8859e-09
Loss = 9.9167e-01, PNorm = 60.3110, GNorm = 8.6851, lr_0 = 8.8753e-09
Loss = 1.0217e+00, PNorm = 60.3110, GNorm = 4.2368, lr_0 = 8.8648e-09
Loss = 1.0002e+00, PNorm = 60.3110, GNorm = 2.5315, lr_0 = 8.8542e-09
Validation rmse = 104.238099
Epoch 30
Loss = 9.1757e-01, PNorm = 60.3110, GNorm = 7.3331, lr_0 = 8.8437e-09
Loss = 9.9488e-01, PNorm = 60.3110, GNorm = 4.3416, lr_0 = 8.8332e-09
Loss = 1.0236e+00, PNorm = 60.3110, GNorm = 4.7327, lr_0 = 8.8226e-09
Loss = 9.9465e-01, PNorm = 60.3110, GNorm = 5.0446, lr_0 = 8.8121e-09
Loss = 1.0637e+00, PNorm = 60.3110, GNorm = 2.5903, lr_0 = 8.8017e-09
Loss = 9.7592e-01, PNorm = 60.3109, GNorm = 3.1038, lr_0 = 8.7912e-09
Loss = 9.5921e-01, PNorm = 60.3110, GNorm = 2.5655, lr_0 = 8.7807e-09
Loss = 9.4820e-01, PNorm = 60.3110, GNorm = 3.9883, lr_0 = 8.7703e-09
Loss = 9.8297e-01, PNorm = 60.3110, GNorm = 4.7116, lr_0 = 8.7598e-09
Loss = 1.0177e+00, PNorm = 60.3110, GNorm = 2.6320, lr_0 = 8.7494e-09
Loss = 9.3843e-01, PNorm = 60.3110, GNorm = 2.5182, lr_0 = 8.7390e-09
Loss = 1.0481e+00, PNorm = 60.3110, GNorm = 3.0141, lr_0 = 8.7286e-09
Loss = 9.2966e-01, PNorm = 60.3110, GNorm = 2.2101, lr_0 = 8.7182e-09
Loss = 1.1936e+00, PNorm = 60.3110, GNorm = 1.4394, lr_0 = 8.7078e-09
Validation rmse = 104.203399
Epoch 31
Loss = 1.0334e+00, PNorm = 60.3110, GNorm = 3.5876, lr_0 = 8.6975e-09
Loss = 9.0798e-01, PNorm = 60.3110, GNorm = 2.6025, lr_0 = 8.6871e-09
Loss = 1.0108e+00, PNorm = 60.3110, GNorm = 2.2279, lr_0 = 8.6768e-09
Loss = 1.0028e+00, PNorm = 60.3110, GNorm = 3.7881, lr_0 = 8.6665e-09
Loss = 9.8034e-01, PNorm = 60.3110, GNorm = 3.6097, lr_0 = 8.6561e-09
Loss = 9.4394e-01, PNorm = 60.3110, GNorm = 7.0316, lr_0 = 8.6458e-09
Loss = 1.0775e+00, PNorm = 60.3110, GNorm = 4.4792, lr_0 = 8.6355e-09
Loss = 9.8128e-01, PNorm = 60.3110, GNorm = 7.1521, lr_0 = 8.6253e-09
Loss = 9.6544e-01, PNorm = 60.3110, GNorm = 3.3540, lr_0 = 8.6150e-09
Loss = 1.0463e+00, PNorm = 60.3110, GNorm = 2.6397, lr_0 = 8.6047e-09
Loss = 1.0523e+00, PNorm = 60.3110, GNorm = 5.3456, lr_0 = 8.5945e-09
Loss = 9.9989e-01, PNorm = 60.3110, GNorm = 3.7342, lr_0 = 8.5843e-09
Loss = 9.6985e-01, PNorm = 60.3110, GNorm = 1.9015, lr_0 = 8.5741e-09
Loss = 1.0591e+00, PNorm = 60.3110, GNorm = 2.2301, lr_0 = 8.5639e-09
Validation rmse = 104.170720
Epoch 32
Loss = 8.2470e-01, PNorm = 60.3110, GNorm = 3.2370, lr_0 = 8.5526e-09
Loss = 1.0049e+00, PNorm = 60.3110, GNorm = 2.2300, lr_0 = 8.5425e-09
Loss = 1.0325e+00, PNorm = 60.3110, GNorm = 5.2034, lr_0 = 8.5323e-09
Loss = 1.0676e+00, PNorm = 60.3110, GNorm = 2.8173, lr_0 = 8.5221e-09
Loss = 9.9140e-01, PNorm = 60.3110, GNorm = 8.1272, lr_0 = 8.5120e-09
Loss = 9.4017e-01, PNorm = 60.3110, GNorm = 1.8759, lr_0 = 8.5019e-09
Loss = 8.8059e-01, PNorm = 60.3110, GNorm = 3.2071, lr_0 = 8.4918e-09
Loss = 1.1474e+00, PNorm = 60.3110, GNorm = 1.4478, lr_0 = 8.4817e-09
Loss = 8.8921e-01, PNorm = 60.3110, GNorm = 2.8844, lr_0 = 8.4716e-09
Loss = 1.0131e+00, PNorm = 60.3110, GNorm = 2.0783, lr_0 = 8.4615e-09
Loss = 9.2532e-01, PNorm = 60.3110, GNorm = 1.8689, lr_0 = 8.4514e-09
Loss = 1.0506e+00, PNorm = 60.3110, GNorm = 2.8518, lr_0 = 8.4413e-09
Loss = 1.0381e+00, PNorm = 60.3110, GNorm = 3.0129, lr_0 = 8.4313e-09
Loss = 1.0393e+00, PNorm = 60.3110, GNorm = 3.8007, lr_0 = 8.4213e-09
Validation rmse = 104.138514
Epoch 33
Loss = 9.4130e-01, PNorm = 60.3110, GNorm = 2.5413, lr_0 = 8.4112e-09
Loss = 1.0549e+00, PNorm = 60.3110, GNorm = 3.4681, lr_0 = 8.4012e-09
Loss = 1.0465e+00, PNorm = 60.3110, GNorm = 3.0406, lr_0 = 8.3912e-09
Loss = 1.0441e+00, PNorm = 60.3110, GNorm = 6.6447, lr_0 = 8.3812e-09
Loss = 9.4731e-01, PNorm = 60.3110, GNorm = 2.9072, lr_0 = 8.3713e-09
Loss = 9.5947e-01, PNorm = 60.3110, GNorm = 2.1773, lr_0 = 8.3613e-09
Loss = 1.0211e+00, PNorm = 60.3110, GNorm = 8.2797, lr_0 = 8.3514e-09
Loss = 9.4471e-01, PNorm = 60.3110, GNorm = 1.4130, lr_0 = 8.3414e-09
Loss = 9.3304e-01, PNorm = 60.3110, GNorm = 4.1359, lr_0 = 8.3315e-09
Loss = 1.0732e+00, PNorm = 60.3110, GNorm = 2.0347, lr_0 = 8.3216e-09
Loss = 9.3591e-01, PNorm = 60.3110, GNorm = 3.6283, lr_0 = 8.3117e-09
Loss = 9.8154e-01, PNorm = 60.3110, GNorm = 1.7048, lr_0 = 8.3018e-09
Loss = 1.0862e+00, PNorm = 60.3110, GNorm = 7.7925, lr_0 = 8.2919e-09
Loss = 1.0837e+00, PNorm = 60.3110, GNorm = 3.9089, lr_0 = 8.2820e-09
Validation rmse = 104.108475
Epoch 34
Loss = 1.3650e+00, PNorm = 60.3110, GNorm = 1.7804, lr_0 = 8.2722e-09
Loss = 9.3302e-01, PNorm = 60.3110, GNorm = 6.4793, lr_0 = 8.2623e-09
Loss = 9.5279e-01, PNorm = 60.3110, GNorm = 3.3112, lr_0 = 8.2525e-09
Loss = 1.1443e+00, PNorm = 60.3110, GNorm = 2.4139, lr_0 = 8.2427e-09
Loss = 9.4748e-01, PNorm = 60.3110, GNorm = 1.7497, lr_0 = 8.2329e-09
Loss = 1.1075e+00, PNorm = 60.3110, GNorm = 5.3680, lr_0 = 8.2231e-09
Loss = 1.0108e+00, PNorm = 60.3110, GNorm = 2.4302, lr_0 = 8.2133e-09
Loss = 9.7606e-01, PNorm = 60.3110, GNorm = 2.1477, lr_0 = 8.2035e-09
Loss = 9.3240e-01, PNorm = 60.3110, GNorm = 2.2720, lr_0 = 8.1937e-09
Loss = 1.0373e+00, PNorm = 60.3110, GNorm = 1.7076, lr_0 = 8.1840e-09
Loss = 9.2780e-01, PNorm = 60.3110, GNorm = 2.9771, lr_0 = 8.1742e-09
Loss = 1.0159e+00, PNorm = 60.3110, GNorm = 2.5421, lr_0 = 8.1645e-09
Loss = 1.0464e+00, PNorm = 60.3110, GNorm = 3.3044, lr_0 = 8.1548e-09
Loss = 9.0370e-01, PNorm = 60.3110, GNorm = 2.3541, lr_0 = 8.1451e-09
Loss = 1.0802e+00, PNorm = 60.3110, GNorm = 2.7455, lr_0 = 8.1354e-09
Validation rmse = 104.078659
Epoch 35
Loss = 1.0268e+00, PNorm = 60.3110, GNorm = 2.5657, lr_0 = 8.1257e-09
Loss = 9.6210e-01, PNorm = 60.3110, GNorm = 3.5831, lr_0 = 8.1161e-09
Loss = 9.0991e-01, PNorm = 60.3110, GNorm = 3.4036, lr_0 = 8.1064e-09
Loss = 9.9481e-01, PNorm = 60.3110, GNorm = 1.8047, lr_0 = 8.0967e-09
Loss = 9.9850e-01, PNorm = 60.3110, GNorm = 2.4454, lr_0 = 8.0871e-09
Loss = 1.0193e+00, PNorm = 60.3110, GNorm = 2.0294, lr_0 = 8.0775e-09
Loss = 1.0673e+00, PNorm = 60.3110, GNorm = 3.2039, lr_0 = 8.0679e-09
Loss = 9.5144e-01, PNorm = 60.3110, GNorm = 4.7599, lr_0 = 8.0583e-09
Loss = 1.1056e+00, PNorm = 60.3110, GNorm = 2.1638, lr_0 = 8.0487e-09
Loss = 1.0309e+00, PNorm = 60.3110, GNorm = 3.6753, lr_0 = 8.0391e-09
Loss = 1.0884e+00, PNorm = 60.3110, GNorm = 1.8611, lr_0 = 8.0295e-09
Loss = 1.0690e+00, PNorm = 60.3110, GNorm = 2.6967, lr_0 = 8.0200e-09
Loss = 8.6830e-01, PNorm = 60.3110, GNorm = 2.5407, lr_0 = 8.0104e-09
Loss = 9.2721e-01, PNorm = 60.3110, GNorm = 2.9349, lr_0 = 8.0009e-09
Validation rmse = 104.050866
Epoch 36
Loss = 1.0803e+00, PNorm = 60.3110, GNorm = 5.0691, lr_0 = 7.9914e-09
Loss = 1.0020e+00, PNorm = 60.3110, GNorm = 1.6747, lr_0 = 7.9819e-09
Loss = 1.0586e+00, PNorm = 60.3110, GNorm = 6.9030, lr_0 = 7.9724e-09
Loss = 1.0115e+00, PNorm = 60.3110, GNorm = 6.1447, lr_0 = 7.9629e-09
Loss = 9.3784e-01, PNorm = 60.3110, GNorm = 2.5997, lr_0 = 7.9534e-09
Loss = 1.0935e+00, PNorm = 60.3110, GNorm = 1.7973, lr_0 = 7.9439e-09
Loss = 9.1910e-01, PNorm = 60.3110, GNorm = 7.3168, lr_0 = 7.9345e-09
Loss = 9.4560e-01, PNorm = 60.3110, GNorm = 2.1249, lr_0 = 7.9250e-09
Loss = 1.0118e+00, PNorm = 60.3110, GNorm = 2.9758, lr_0 = 7.9156e-09
Loss = 9.9126e-01, PNorm = 60.3110, GNorm = 4.3737, lr_0 = 7.9062e-09
Loss = 9.5060e-01, PNorm = 60.3110, GNorm = 6.7175, lr_0 = 7.8968e-09
Loss = 1.0904e+00, PNorm = 60.3110, GNorm = 4.9572, lr_0 = 7.8874e-09
Loss = 9.3536e-01, PNorm = 60.3110, GNorm = 7.6832, lr_0 = 7.8780e-09
Loss = 9.7230e-01, PNorm = 60.3110, GNorm = 1.8291, lr_0 = 7.8686e-09
Validation rmse = 104.022125
Epoch 37
Loss = 9.6021e-01, PNorm = 60.3110, GNorm = 2.8832, lr_0 = 7.8592e-09
Loss = 9.7750e-01, PNorm = 60.3110, GNorm = 2.4385, lr_0 = 7.8499e-09
Loss = 9.4127e-01, PNorm = 60.3110, GNorm = 2.4939, lr_0 = 7.8406e-09
Loss = 1.0632e+00, PNorm = 60.3110, GNorm = 1.2014, lr_0 = 7.8312e-09
Loss = 1.1203e+00, PNorm = 60.3110, GNorm = 3.0177, lr_0 = 7.8219e-09
Loss = 1.0315e+00, PNorm = 60.3110, GNorm = 2.1381, lr_0 = 7.8126e-09
Loss = 9.8439e-01, PNorm = 60.3110, GNorm = 2.6945, lr_0 = 7.8033e-09
Loss = 9.5234e-01, PNorm = 60.3110, GNorm = 4.8543, lr_0 = 7.7940e-09
Loss = 1.0080e+00, PNorm = 60.3110, GNorm = 3.2694, lr_0 = 7.7847e-09
Loss = 9.9339e-01, PNorm = 60.3110, GNorm = 5.4846, lr_0 = 7.7755e-09
Loss = 9.5026e-01, PNorm = 60.3110, GNorm = 2.9686, lr_0 = 7.7662e-09
Loss = 9.6968e-01, PNorm = 60.3110, GNorm = 3.3707, lr_0 = 7.7570e-09
Loss = 1.0182e+00, PNorm = 60.3110, GNorm = 4.0453, lr_0 = 7.7477e-09
Loss = 1.0783e+00, PNorm = 60.3110, GNorm = 3.6746, lr_0 = 7.7385e-09
Validation rmse = 103.995001
Epoch 38
Loss = 1.1204e+00, PNorm = 60.3110, GNorm = 2.6396, lr_0 = 7.7293e-09
Loss = 9.5923e-01, PNorm = 60.3110, GNorm = 1.5980, lr_0 = 7.7201e-09
Loss = 9.6420e-01, PNorm = 60.3110, GNorm = 2.0635, lr_0 = 7.7109e-09
Loss = 1.0864e+00, PNorm = 60.3110, GNorm = 4.8160, lr_0 = 7.7017e-09
Loss = 9.1057e-01, PNorm = 60.3110, GNorm = 2.2198, lr_0 = 7.6926e-09
Loss = 1.0014e+00, PNorm = 60.3110, GNorm = 9.3673, lr_0 = 7.6834e-09
Loss = 9.4993e-01, PNorm = 60.3110, GNorm = 1.7863, lr_0 = 7.6743e-09
Loss = 1.0552e+00, PNorm = 60.3110, GNorm = 1.6309, lr_0 = 7.6651e-09
Loss = 1.0194e+00, PNorm = 60.3110, GNorm = 1.6835, lr_0 = 7.6560e-09
Loss = 9.7497e-01, PNorm = 60.3110, GNorm = 1.7053, lr_0 = 7.6469e-09
Loss = 1.0456e+00, PNorm = 60.3110, GNorm = 3.1046, lr_0 = 7.6378e-09
Loss = 8.9040e-01, PNorm = 60.3110, GNorm = 6.2644, lr_0 = 7.6287e-09
Loss = 1.0470e+00, PNorm = 60.3110, GNorm = 2.1467, lr_0 = 7.6196e-09
Loss = 1.0181e+00, PNorm = 60.3110, GNorm = 3.6183, lr_0 = 7.6106e-09
Validation rmse = 103.968455
Epoch 39
Loss = 9.3607e-01, PNorm = 60.3110, GNorm = 1.8524, lr_0 = 7.6015e-09
Loss = 9.1934e-01, PNorm = 60.3110, GNorm = 6.7936, lr_0 = 7.5925e-09
Loss = 1.0058e+00, PNorm = 60.3110, GNorm = 4.8496, lr_0 = 7.5834e-09
Loss = 9.5417e-01, PNorm = 60.3110, GNorm = 3.3375, lr_0 = 7.5744e-09
Loss = 1.0832e+00, PNorm = 60.3110, GNorm = 5.3598, lr_0 = 7.5654e-09
Loss = 1.0729e+00, PNorm = 60.3110, GNorm = 6.1540, lr_0 = 7.5564e-09
Loss = 9.7080e-01, PNorm = 60.3110, GNorm = 2.0160, lr_0 = 7.5474e-09
Loss = 1.0272e+00, PNorm = 60.3110, GNorm = 2.3767, lr_0 = 7.5384e-09
Loss = 1.1017e+00, PNorm = 60.3110, GNorm = 2.4503, lr_0 = 7.5294e-09
Loss = 9.6118e-01, PNorm = 60.3110, GNorm = 6.6777, lr_0 = 7.5205e-09
Loss = 9.5638e-01, PNorm = 60.3110, GNorm = 2.5017, lr_0 = 7.5115e-09
Loss = 1.0327e+00, PNorm = 60.3110, GNorm = 1.8358, lr_0 = 7.5026e-09
Loss = 1.0122e+00, PNorm = 60.3110, GNorm = 3.1410, lr_0 = 7.4937e-09
Loss = 9.4395e-01, PNorm = 60.3110, GNorm = 5.8154, lr_0 = 7.4847e-09
Validation rmse = 103.943292
Epoch 40
Loss = 9.4035e-01, PNorm = 60.3110, GNorm = 1.2772, lr_0 = 7.4749e-09
Loss = 9.8652e-01, PNorm = 60.3110, GNorm = 1.7198, lr_0 = 7.4660e-09
Loss = 9.6337e-01, PNorm = 60.3110, GNorm = 1.9564, lr_0 = 7.4572e-09
Loss = 8.8474e-01, PNorm = 60.3110, GNorm = 6.3397, lr_0 = 7.4483e-09
Loss = 1.0688e+00, PNorm = 60.3110, GNorm = 2.6429, lr_0 = 7.4394e-09
Loss = 9.6939e-01, PNorm = 60.3110, GNorm = 4.1273, lr_0 = 7.4306e-09
Loss = 1.0774e+00, PNorm = 60.3110, GNorm = 1.2418, lr_0 = 7.4217e-09
Loss = 1.0961e+00, PNorm = 60.3110, GNorm = 4.1533, lr_0 = 7.4129e-09
Loss = 1.0370e+00, PNorm = 60.3110, GNorm = 1.4961, lr_0 = 7.4041e-09
Loss = 1.0084e+00, PNorm = 60.3110, GNorm = 3.1135, lr_0 = 7.3953e-09
Loss = 9.0715e-01, PNorm = 60.3110, GNorm = 3.3100, lr_0 = 7.3865e-09
Loss = 1.0199e+00, PNorm = 60.3110, GNorm = 2.2102, lr_0 = 7.3777e-09
Loss = 1.0409e+00, PNorm = 60.3110, GNorm = 3.3647, lr_0 = 7.3689e-09
Loss = 9.6372e-01, PNorm = 60.3110, GNorm = 1.4206, lr_0 = 7.3601e-09
Validation rmse = 103.918415
Epoch 41
Loss = 9.7545e-01, PNorm = 60.3110, GNorm = 1.9025, lr_0 = 7.3514e-09
Loss = 1.0632e+00, PNorm = 60.3110, GNorm = 3.6727, lr_0 = 7.3426e-09
Loss = 1.0138e+00, PNorm = 60.3110, GNorm = 1.5270, lr_0 = 7.3339e-09
Loss = 9.6974e-01, PNorm = 60.3110, GNorm = 3.9094, lr_0 = 7.3251e-09
Loss = 1.1743e+00, PNorm = 60.3110, GNorm = 2.1315, lr_0 = 7.3164e-09
Loss = 9.3095e-01, PNorm = 60.3110, GNorm = 2.4378, lr_0 = 7.3077e-09
Loss = 1.0006e+00, PNorm = 60.3110, GNorm = 1.6764, lr_0 = 7.2990e-09
Loss = 9.6199e-01, PNorm = 60.3110, GNorm = 1.8160, lr_0 = 7.2903e-09
Loss = 9.8136e-01, PNorm = 60.3110, GNorm = 3.3129, lr_0 = 7.2817e-09
Loss = 9.7940e-01, PNorm = 60.3110, GNorm = 3.4139, lr_0 = 7.2730e-09
Loss = 1.1467e+00, PNorm = 60.3110, GNorm = 3.0172, lr_0 = 7.2643e-09
Loss = 8.9621e-01, PNorm = 60.3110, GNorm = 2.0321, lr_0 = 7.2557e-09
Loss = 9.8350e-01, PNorm = 60.3110, GNorm = 3.2133, lr_0 = 7.2471e-09
Loss = 8.8472e-01, PNorm = 60.3110, GNorm = 1.9567, lr_0 = 7.2384e-09
Validation rmse = 103.894493
Epoch 42
Loss = 1.1165e+00, PNorm = 60.3110, GNorm = 6.6493, lr_0 = 7.2298e-09
Loss = 9.5901e-01, PNorm = 60.3110, GNorm = 3.7051, lr_0 = 7.2212e-09
Loss = 8.8679e-01, PNorm = 60.3110, GNorm = 7.1247, lr_0 = 7.2126e-09
Loss = 9.7235e-01, PNorm = 60.3110, GNorm = 2.7603, lr_0 = 7.2040e-09
Loss = 1.0697e+00, PNorm = 60.3110, GNorm = 1.7118, lr_0 = 7.1955e-09
Loss = 1.1593e+00, PNorm = 60.3110, GNorm = 4.0699, lr_0 = 7.1869e-09
Loss = 9.6276e-01, PNorm = 60.3110, GNorm = 4.3574, lr_0 = 7.1783e-09
Loss = 1.0623e+00, PNorm = 60.3110, GNorm = 3.6260, lr_0 = 7.1698e-09
Loss = 1.0114e+00, PNorm = 60.3110, GNorm = 1.7072, lr_0 = 7.1613e-09
Loss = 1.0233e+00, PNorm = 60.3110, GNorm = 1.6383, lr_0 = 7.1527e-09
Loss = 9.6578e-01, PNorm = 60.3110, GNorm = 3.1383, lr_0 = 7.1442e-09
Loss = 9.5110e-01, PNorm = 60.3110, GNorm = 1.8035, lr_0 = 7.1357e-09
Loss = 9.9452e-01, PNorm = 60.3110, GNorm = 2.2025, lr_0 = 7.1272e-09
Loss = 9.7263e-01, PNorm = 60.3110, GNorm = 4.4112, lr_0 = 7.1187e-09
Validation rmse = 103.871310
Epoch 43
Loss = 9.5574e-01, PNorm = 60.3110, GNorm = 2.2216, lr_0 = 7.1103e-09
Loss = 8.8442e-01, PNorm = 60.3110, GNorm = 5.2786, lr_0 = 7.1018e-09
Loss = 1.0264e+00, PNorm = 60.3110, GNorm = 2.3163, lr_0 = 7.0934e-09
Loss = 1.0522e+00, PNorm = 60.3110, GNorm = 6.3454, lr_0 = 7.0849e-09
Loss = 9.3481e-01, PNorm = 60.3110, GNorm = 4.7241, lr_0 = 7.0765e-09
Loss = 9.3522e-01, PNorm = 60.3110, GNorm = 3.0195, lr_0 = 7.0681e-09
Loss = 8.8315e-01, PNorm = 60.3110, GNorm = 3.2354, lr_0 = 7.0597e-09
Loss = 1.0251e+00, PNorm = 60.3110, GNorm = 4.5642, lr_0 = 7.0513e-09
Loss = 1.0313e+00, PNorm = 60.3110, GNorm = 5.7300, lr_0 = 7.0429e-09
Loss = 1.0543e+00, PNorm = 60.3110, GNorm = 2.9140, lr_0 = 7.0345e-09
Loss = 9.8979e-01, PNorm = 60.3110, GNorm = 3.6119, lr_0 = 7.0261e-09
Loss = 9.2638e-01, PNorm = 60.3110, GNorm = 2.4749, lr_0 = 7.0177e-09
Loss = 1.1204e+00, PNorm = 60.3110, GNorm = 2.9963, lr_0 = 7.0094e-09
Loss = 1.0929e+00, PNorm = 60.3110, GNorm = 1.9094, lr_0 = 7.0011e-09
Validation rmse = 103.848440
Epoch 44
Loss = 8.6122e-01, PNorm = 60.3110, GNorm = 1.7039, lr_0 = 6.9927e-09
Loss = 9.5302e-01, PNorm = 60.3110, GNorm = 3.8474, lr_0 = 6.9844e-09
Loss = 9.7232e-01, PNorm = 60.3110, GNorm = 5.3236, lr_0 = 6.9761e-09
Loss = 9.9756e-01, PNorm = 60.3110, GNorm = 2.8674, lr_0 = 6.9678e-09
Loss = 1.0116e+00, PNorm = 60.3110, GNorm = 3.7729, lr_0 = 6.9595e-09
Loss = 1.0082e+00, PNorm = 60.3110, GNorm = 3.4884, lr_0 = 6.9512e-09
Loss = 1.1197e+00, PNorm = 60.3110, GNorm = 5.1039, lr_0 = 6.9429e-09
Loss = 1.0497e+00, PNorm = 60.3110, GNorm = 4.7476, lr_0 = 6.9347e-09
Loss = 9.9695e-01, PNorm = 60.3110, GNorm = 2.3622, lr_0 = 6.9264e-09
Loss = 9.4516e-01, PNorm = 60.3110, GNorm = 6.0461, lr_0 = 6.9182e-09
Loss = 9.5532e-01, PNorm = 60.3110, GNorm = 3.9458, lr_0 = 6.9099e-09
Loss = 1.0633e+00, PNorm = 60.3110, GNorm = 5.3159, lr_0 = 6.9017e-09
Loss = 9.5462e-01, PNorm = 60.3110, GNorm = 2.0450, lr_0 = 6.8935e-09
Loss = 8.9795e-01, PNorm = 60.3110, GNorm = 5.7519, lr_0 = 6.8853e-09
Validation rmse = 103.826116
Epoch 45
Loss = 1.2065e+00, PNorm = 60.3110, GNorm = 3.9491, lr_0 = 6.8771e-09
Loss = 1.0225e+00, PNorm = 60.3110, GNorm = 2.3643, lr_0 = 6.8689e-09
Loss = 9.3526e-01, PNorm = 60.3110, GNorm = 5.9774, lr_0 = 6.8607e-09
Loss = 9.6909e-01, PNorm = 60.3110, GNorm = 3.4101, lr_0 = 6.8526e-09
Loss = 9.2217e-01, PNorm = 60.3110, GNorm = 3.7324, lr_0 = 6.8444e-09
Loss = 9.9586e-01, PNorm = 60.3110, GNorm = 1.7218, lr_0 = 6.8363e-09
Loss = 9.5816e-01, PNorm = 60.3110, GNorm = 2.6461, lr_0 = 6.8281e-09
Loss = 1.0755e+00, PNorm = 60.3110, GNorm = 5.2593, lr_0 = 6.8200e-09
Loss = 9.2774e-01, PNorm = 60.3110, GNorm = 1.6517, lr_0 = 6.8119e-09
Loss = 1.0713e+00, PNorm = 60.3110, GNorm = 4.0695, lr_0 = 6.8038e-09
Loss = 9.6622e-01, PNorm = 60.3110, GNorm = 3.0984, lr_0 = 6.7957e-09
Loss = 9.7674e-01, PNorm = 60.3110, GNorm = 1.7990, lr_0 = 6.7876e-09
Loss = 9.3771e-01, PNorm = 60.3110, GNorm = 4.1824, lr_0 = 6.7795e-09
Loss = 1.0164e+00, PNorm = 60.3110, GNorm = 2.1593, lr_0 = 6.7715e-09
Loss = 1.1615e+00, PNorm = 60.3110, GNorm = 3.0457, lr_0 = 6.7634e-09
Validation rmse = 103.804127
Epoch 46
Loss = 8.4120e-01, PNorm = 60.3110, GNorm = 3.7982, lr_0 = 6.7554e-09
Loss = 9.5159e-01, PNorm = 60.3110, GNorm = 1.4625, lr_0 = 6.7473e-09
Loss = 9.7755e-01, PNorm = 60.3110, GNorm = 2.2979, lr_0 = 6.7393e-09
Loss = 1.0068e+00, PNorm = 60.3110, GNorm = 2.3799, lr_0 = 6.7313e-09
Loss = 9.8637e-01, PNorm = 60.3110, GNorm = 2.8390, lr_0 = 6.7232e-09
Loss = 1.0544e+00, PNorm = 60.3110, GNorm = 2.2202, lr_0 = 6.7152e-09
Loss = 1.0695e+00, PNorm = 60.3110, GNorm = 1.3232, lr_0 = 6.7073e-09
Loss = 1.0166e+00, PNorm = 60.3110, GNorm = 2.7491, lr_0 = 6.6993e-09
Loss = 9.5615e-01, PNorm = 60.3110, GNorm = 3.2527, lr_0 = 6.6913e-09
Loss = 9.5882e-01, PNorm = 60.3110, GNorm = 3.5175, lr_0 = 6.6833e-09
Loss = 9.8796e-01, PNorm = 60.3110, GNorm = 4.2353, lr_0 = 6.6754e-09
Loss = 1.0464e+00, PNorm = 60.3110, GNorm = 3.2546, lr_0 = 6.6674e-09
Loss = 1.0139e+00, PNorm = 60.3110, GNorm = 4.5014, lr_0 = 6.6595e-09
Loss = 1.0349e+00, PNorm = 60.3110, GNorm = 2.6404, lr_0 = 6.6516e-09
Validation rmse = 103.783542
Epoch 47
Loss = 9.3713e-01, PNorm = 60.3110, GNorm = 2.8361, lr_0 = 6.6437e-09
Loss = 1.0073e+00, PNorm = 60.3110, GNorm = 2.8307, lr_0 = 6.6358e-09
Loss = 8.5415e-01, PNorm = 60.3110, GNorm = 6.3725, lr_0 = 6.6279e-09
Loss = 1.0595e+00, PNorm = 60.3110, GNorm = 1.5387, lr_0 = 6.6200e-09
Loss = 1.0081e+00, PNorm = 60.3110, GNorm = 1.7257, lr_0 = 6.6121e-09
Loss = 1.0741e+00, PNorm = 60.3110, GNorm = 2.3466, lr_0 = 6.6042e-09
Loss = 9.9002e-01, PNorm = 60.3110, GNorm = 1.3724, lr_0 = 6.5964e-09
Loss = 9.9171e-01, PNorm = 60.3110, GNorm = 3.9561, lr_0 = 6.5885e-09
Loss = 1.0467e+00, PNorm = 60.3110, GNorm = 4.8833, lr_0 = 6.5807e-09
Loss = 8.6776e-01, PNorm = 60.3110, GNorm = 3.3574, lr_0 = 6.5728e-09
Loss = 1.0088e+00, PNorm = 60.3110, GNorm = 1.9244, lr_0 = 6.5650e-09
Loss = 1.1107e+00, PNorm = 60.3110, GNorm = 2.2494, lr_0 = 6.5572e-09
Loss = 9.7664e-01, PNorm = 60.3110, GNorm = 2.0484, lr_0 = 6.5494e-09
Loss = 1.0013e+00, PNorm = 60.3110, GNorm = 1.2518, lr_0 = 6.5416e-09
Validation rmse = 103.762859
Epoch 48
Loss = 9.7491e-01, PNorm = 60.3110, GNorm = 1.5121, lr_0 = 6.5330e-09
Loss = 1.0555e+00, PNorm = 60.3110, GNorm = 2.0125, lr_0 = 6.5253e-09
Loss = 1.0328e+00, PNorm = 60.3110, GNorm = 4.1869, lr_0 = 6.5175e-09
Loss = 1.0420e+00, PNorm = 60.3110, GNorm = 2.6836, lr_0 = 6.5097e-09
Loss = 9.9445e-01, PNorm = 60.3110, GNorm = 7.9626, lr_0 = 6.5020e-09
Loss = 1.0544e+00, PNorm = 60.3110, GNorm = 2.2936, lr_0 = 6.4943e-09
Loss = 9.6657e-01, PNorm = 60.3110, GNorm = 1.4124, lr_0 = 6.4865e-09
Loss = 9.8755e-01, PNorm = 60.3110, GNorm = 2.6726, lr_0 = 6.4788e-09
Loss = 9.5232e-01, PNorm = 60.3110, GNorm = 1.9374, lr_0 = 6.4711e-09
Loss = 9.1776e-01, PNorm = 60.3110, GNorm = 1.6223, lr_0 = 6.4634e-09
Loss = 9.6099e-01, PNorm = 60.3110, GNorm = 2.3698, lr_0 = 6.4557e-09
Loss = 9.9232e-01, PNorm = 60.3110, GNorm = 2.5800, lr_0 = 6.4480e-09
Loss = 1.0230e+00, PNorm = 60.3110, GNorm = 1.9641, lr_0 = 6.4403e-09
Loss = 9.8541e-01, PNorm = 60.3110, GNorm = 1.8132, lr_0 = 6.4327e-09
Validation rmse = 103.742891
Epoch 49
Loss = 1.0960e+00, PNorm = 60.3110, GNorm = 1.9641, lr_0 = 6.4250e-09
Loss = 8.5443e-01, PNorm = 60.3110, GNorm = 5.5189, lr_0 = 6.4174e-09
Loss = 1.0313e+00, PNorm = 60.3110, GNorm = 2.2039, lr_0 = 6.4097e-09
Loss = 1.0471e+00, PNorm = 60.3110, GNorm = 2.6806, lr_0 = 6.4021e-09
Loss = 1.0721e+00, PNorm = 60.3110, GNorm = 3.4321, lr_0 = 6.3945e-09
Loss = 1.0140e+00, PNorm = 60.3110, GNorm = 2.4961, lr_0 = 6.3869e-09
Loss = 9.6076e-01, PNorm = 60.3110, GNorm = 1.9426, lr_0 = 6.3793e-09
Loss = 1.0366e+00, PNorm = 60.3110, GNorm = 4.1447, lr_0 = 6.3717e-09
Loss = 1.0206e+00, PNorm = 60.3110, GNorm = 4.9020, lr_0 = 6.3641e-09
Loss = 9.2112e-01, PNorm = 60.3110, GNorm = 3.9456, lr_0 = 6.3626e-09
Loss = 1.0304e+00, PNorm = 60.3110, GNorm = 3.7767, lr_0 = 6.3626e-09
Loss = 9.4863e-01, PNorm = 60.3110, GNorm = 3.0425, lr_0 = 6.3626e-09
Loss = 9.7307e-01, PNorm = 60.3110, GNorm = 3.2757, lr_0 = 6.3626e-09
Loss = 1.0255e+00, PNorm = 60.3110, GNorm = 2.2632, lr_0 = 6.3626e-09
Validation rmse = 103.723642
Model 0 best validation rmse = 103.723642 on epoch 49
Loading pretrained parameter "encoder.encoder.0.cached_zero_vector".
Loading pretrained parameter "encoder.encoder.0.W_i.weight".
Loading pretrained parameter "encoder.encoder.0.W_h.weight".
Loading pretrained parameter "encoder.encoder.0.W_o.weight".
Loading pretrained parameter "encoder.encoder.0.W_o.bias".
Loading pretrained parameter "encoder.encoder.1.cached_zero_vector".
Loading pretrained parameter "encoder.encoder.1.W_i.weight".
Loading pretrained parameter "encoder.encoder.1.W_h.weight".
Loading pretrained parameter "encoder.encoder.1.W_o.weight".
Loading pretrained parameter "encoder.encoder.1.W_o.bias".
Loading pretrained parameter "ffn.1.weight".
Loading pretrained parameter "ffn.1.bias".
Moving model to cuda
Model 0 test rmse = 96.201533
Ensemble test rmse = 96.201533
1-fold cross validation
	Seed 0 ==> test rmse = 96.201533
Overall test rmse = 96.201533 +/- 0.000000
Elapsed time = 0:38:03
