Command line
python /home/kpg/chemprop/train.py --data_path ../../../data/splits/lambda_max_abs/deep4chem/group_by_smiles/smiles_target_train.csv --dataset_type regression --save_dir /home/kimele03/uvvisml/uvvisml/models/quantum_yield_checkpoints/group_by_smiles/results/507327/49676099 --config_path /home/kimele03/uvvisml/uvvisml/models/quantum_yield_checkpoints/group_by_smiles/results/507327/49676099/hyperopt.json --metric rmse --epochs 50 --gpu 0 --ensemble_size 1 --separate_val_path ../../../data/splits/lambda_max_abs/deep4chem/group_by_smiles/smiles_target_val.csv --separate_test_path ../../../data/splits/lambda_max_abs/deep4chem/group_by_smiles/smiles_target_test.csv --number_of_molecules 2
Args
{'activation': 'ReLU',
 'aggregation': 'mean',
 'aggregation_norm': 100,
 'atom_descriptor_scaling': True,
 'atom_descriptors': None,
 'atom_descriptors_path': None,
 'atom_descriptors_size': 0,
 'atom_features_size': 0,
 'atom_messages': False,
 'batch_size': 62,
 'bias': False,
 'bond_feature_scaling': True,
 'bond_features_path': None,
 'bond_features_size': 0,
 'cache_cutoff': 10000,
 'checkpoint_dir': None,
 'checkpoint_frzn': None,
 'checkpoint_path': None,
 'checkpoint_paths': None,
 'class_balance': False,
 'config_path': '/home/kimele03/uvvisml/uvvisml/models/quantum_yield_checkpoints/group_by_smiles/results/507327/49676099/hyperopt.json',
 'crossval_index_dir': None,
 'crossval_index_file': None,
 'crossval_index_sets': None,
 'cuda': True,
 'data_path': '../../../data/splits/lambda_max_abs/deep4chem/group_by_smiles/smiles_target_train.csv',
 'data_weights_path': None,
 'dataset_type': 'regression',
 'depth': 3,
 'device': device(type='cuda', index=0),
 'dropout': 0.14318972337663635,
 'empty_cache': False,
 'ensemble_size': 1,
 'epochs': 50,
 'explicit_h': False,
 'extra_metrics': [],
 'features_generator': None,
 'features_only': False,
 'features_path': None,
 'features_scaling': True,
 'features_size': None,
 'ffn_hidden_size': 649,
 'ffn_num_layers': 3,
 'final_lr': 2.4424740965320715e-05,
 'folds_file': None,
 'freeze_first_only': False,
 'frzn_ffn_layers': 0,
 'gpu': 0,
 'grad_clip': None,
 'hidden_size': 2400,
 'ignore_columns': None,
 'init_lr': 2.4002355849242377e-06,
 'log_frequency': 10,
 'max_data_size': None,
 'max_lr': 0.00041835607424116323,
 'metric': 'rmse',
 'metrics': ['rmse'],
 'minimize_score': True,
 'mpn_shared': False,
 'multiclass_num_classes': 3,
 'no_atom_descriptor_scaling': False,
 'no_bond_features_scaling': False,
 'no_cache_mol': False,
 'no_cuda': False,
 'no_features_scaling': False,
 'num_folds': 1,
 'num_lrs': 1,
 'num_tasks': 1,
 'num_workers': 8,
 'number_of_molecules': 2,
 'overwrite_default_atom_features': False,
 'overwrite_default_bond_features': False,
 'pytorch_seed': 0,
 'quiet': False,
 'reaction': False,
 'reaction_mode': 'reac_diff',
 'resume_experiment': False,
 'save_dir': '/home/kimele03/uvvisml/uvvisml/models/quantum_yield_checkpoints/group_by_smiles/results/507327/49676099',
 'save_preds': False,
 'save_smiles_splits': False,
 'seed': 0,
 'separate_test_atom_descriptors_path': None,
 'separate_test_bond_features_path': None,
 'separate_test_features_path': None,
 'separate_test_path': '../../../data/splits/lambda_max_abs/deep4chem/group_by_smiles/smiles_target_test.csv',
 'separate_val_atom_descriptors_path': None,
 'separate_val_bond_features_path': None,
 'separate_val_features_path': None,
 'separate_val_path': '../../../data/splits/lambda_max_abs/deep4chem/group_by_smiles/smiles_target_val.csv',
 'show_individual_scores': False,
 'smiles_columns': ['smiles', 'solvent'],
 'split_sizes': (0.8, 0.1, 0.1),
 'split_type': 'random',
 'target_columns': None,
 'target_weights': None,
 'task_names': ['peakwavs_max'],
 'test': False,
 'test_fold_index': None,
 'train_data_size': None,
 'undirected': False,
 'use_input_features': False,
 'val_fold_index': None,
 'warmup_epochs': 5}
Loading data
Number of tasks = 1
Fold 0
Splitting data with seed 0
Total size = 13,242 | train size = 13,242 | val size = 1,633 | test size = 1,710
Fitting scaler
Building model 0
MoleculeModel(
  (encoder): MPN(
    (encoder): ModuleList(
      (0): MPNEncoder(
        (dropout_layer): Dropout(p=0.14318972337663635, inplace=False)
        (act_func): ReLU()
        (W_i): Linear(in_features=147, out_features=2400, bias=False)
        (W_h): Linear(in_features=2400, out_features=2400, bias=False)
        (W_o): Linear(in_features=2533, out_features=2400, bias=True)
      )
      (1): MPNEncoder(
        (dropout_layer): Dropout(p=0.14318972337663635, inplace=False)
        (act_func): ReLU()
        (W_i): Linear(in_features=147, out_features=2400, bias=False)
        (W_h): Linear(in_features=2400, out_features=2400, bias=False)
        (W_o): Linear(in_features=2533, out_features=2400, bias=True)
      )
    )
  )
  (ffn): Sequential(
    (0): Dropout(p=0.14318972337663635, inplace=False)
    (1): Linear(in_features=4800, out_features=649, bias=True)
    (2): ReLU()
    (3): Dropout(p=0.14318972337663635, inplace=False)
    (4): Linear(in_features=649, out_features=649, bias=True)
    (5): ReLU()
    (6): Dropout(p=0.14318972337663635, inplace=False)
    (7): Linear(in_features=649, out_features=1, bias=True)
  )
)
Number of parameters = 27,931,949
Moving model to cuda
Epoch 0
Loss = 1.2226e+00, PNorm = 109.8774, GNorm = 3.9032, lr_0 = 6.6965e-06
Loss = 9.4593e-01, PNorm = 109.8775, GNorm = 3.1170, lr_0 = 1.0602e-05
Loss = 8.9234e-01, PNorm = 109.8778, GNorm = 4.3060, lr_0 = 1.4508e-05
Loss = 8.8218e-01, PNorm = 109.8783, GNorm = 4.3522, lr_0 = 1.8414e-05
Loss = 1.1869e+00, PNorm = 109.8793, GNorm = 5.8602, lr_0 = 2.2319e-05
Loss = 8.7881e-01, PNorm = 109.8807, GNorm = 2.5041, lr_0 = 2.6225e-05
Loss = 8.5175e-01, PNorm = 109.8829, GNorm = 2.6697, lr_0 = 3.0131e-05
Loss = 7.0465e-01, PNorm = 109.8855, GNorm = 9.4827, lr_0 = 3.4036e-05
Loss = 8.6832e-01, PNorm = 109.8880, GNorm = 5.9313, lr_0 = 3.7942e-05
Loss = 8.4860e-01, PNorm = 109.8908, GNorm = 7.5706, lr_0 = 4.1848e-05
Loss = 8.3303e-01, PNorm = 109.8945, GNorm = 2.9891, lr_0 = 4.5753e-05
Loss = 8.6158e-01, PNorm = 109.8993, GNorm = 4.4884, lr_0 = 4.9659e-05
Loss = 7.4627e-01, PNorm = 109.9048, GNorm = 3.1604, lr_0 = 5.3565e-05
Loss = 7.1021e-01, PNorm = 109.9112, GNorm = 9.8020, lr_0 = 5.7470e-05
Loss = 7.5300e-01, PNorm = 109.9167, GNorm = 6.9128, lr_0 = 6.1376e-05
Loss = 7.5784e-01, PNorm = 109.9242, GNorm = 9.0443, lr_0 = 6.5282e-05
Loss = 8.5521e-01, PNorm = 109.9307, GNorm = 6.1877, lr_0 = 6.9188e-05
Loss = 7.2757e-01, PNorm = 109.9397, GNorm = 9.8003, lr_0 = 7.3093e-05
Loss = 7.2029e-01, PNorm = 109.9494, GNorm = 11.4126, lr_0 = 7.6999e-05
Loss = 6.4007e-01, PNorm = 109.9593, GNorm = 2.6457, lr_0 = 8.0905e-05
Loss = 5.4936e-01, PNorm = 109.9692, GNorm = 4.3705, lr_0 = 8.4810e-05
Validation rmse = 79.771405
Epoch 1
Loss = 6.6350e-01, PNorm = 109.9832, GNorm = 4.2346, lr_0 = 8.9107e-05
Loss = 5.3290e-01, PNorm = 109.9978, GNorm = 2.7041, lr_0 = 9.3012e-05
Loss = 6.3207e-01, PNorm = 110.0116, GNorm = 2.5770, lr_0 = 9.6918e-05
Loss = 5.0636e-01, PNorm = 110.0272, GNorm = 18.4512, lr_0 = 1.0082e-04
Loss = 4.2684e-01, PNorm = 110.0426, GNorm = 3.1997, lr_0 = 1.0473e-04
Loss = 6.3992e-01, PNorm = 110.0584, GNorm = 4.7931, lr_0 = 1.0863e-04
Loss = 4.6782e-01, PNorm = 110.0771, GNorm = 7.0322, lr_0 = 1.1254e-04
Loss = 4.3459e-01, PNorm = 110.0954, GNorm = 5.9485, lr_0 = 1.1645e-04
Loss = 4.7267e-01, PNorm = 110.1137, GNorm = 9.2922, lr_0 = 1.2035e-04
Loss = 3.8805e-01, PNorm = 110.1294, GNorm = 3.4031, lr_0 = 1.2426e-04
Loss = 4.3800e-01, PNorm = 110.1452, GNorm = 9.0129, lr_0 = 1.2816e-04
Loss = 3.8067e-01, PNorm = 110.1639, GNorm = 3.2577, lr_0 = 1.3207e-04
Loss = 5.0295e-01, PNorm = 110.1827, GNorm = 13.2702, lr_0 = 1.3597e-04
Loss = 5.0445e-01, PNorm = 110.2090, GNorm = 6.8340, lr_0 = 1.3988e-04
Loss = 4.4393e-01, PNorm = 110.2330, GNorm = 4.5795, lr_0 = 1.4379e-04
Loss = 4.4782e-01, PNorm = 110.2520, GNorm = 5.3147, lr_0 = 1.4769e-04
Loss = 4.6183e-01, PNorm = 110.2742, GNorm = 9.3813, lr_0 = 1.5160e-04
Loss = 3.7474e-01, PNorm = 110.2978, GNorm = 4.5450, lr_0 = 1.5550e-04
Loss = 3.5222e-01, PNorm = 110.3188, GNorm = 1.7228, lr_0 = 1.5941e-04
Loss = 4.0552e-01, PNorm = 110.3368, GNorm = 2.0596, lr_0 = 1.6331e-04
Loss = 3.2305e-01, PNorm = 110.3589, GNorm = 5.1376, lr_0 = 1.6722e-04
Validation rmse = 68.224160
Epoch 2
Loss = 3.5480e-01, PNorm = 110.3791, GNorm = 1.2454, lr_0 = 1.7113e-04
Loss = 3.2347e-01, PNorm = 110.3967, GNorm = 1.8424, lr_0 = 1.7503e-04
Loss = 3.1899e-01, PNorm = 110.4188, GNorm = 2.0546, lr_0 = 1.7894e-04
Loss = 3.2368e-01, PNorm = 110.4353, GNorm = 4.2375, lr_0 = 1.8284e-04
Loss = 4.0255e-01, PNorm = 110.4586, GNorm = 5.9087, lr_0 = 1.8675e-04
Loss = 3.4802e-01, PNorm = 110.4807, GNorm = 2.4105, lr_0 = 1.9065e-04
Loss = 3.4058e-01, PNorm = 110.5038, GNorm = 2.3650, lr_0 = 1.9456e-04
Loss = 3.6901e-01, PNorm = 110.5253, GNorm = 7.3629, lr_0 = 1.9847e-04
Loss = 3.4506e-01, PNorm = 110.5491, GNorm = 6.9940, lr_0 = 2.0237e-04
Loss = 3.4900e-01, PNorm = 110.5792, GNorm = 2.0225, lr_0 = 2.0628e-04
Loss = 3.8136e-01, PNorm = 110.6092, GNorm = 2.0262, lr_0 = 2.1018e-04
Loss = 3.2489e-01, PNorm = 110.6399, GNorm = 2.5479, lr_0 = 2.1409e-04
Loss = 3.1353e-01, PNorm = 110.6692, GNorm = 1.9214, lr_0 = 2.1799e-04
Loss = 3.2173e-01, PNorm = 110.6931, GNorm = 1.8873, lr_0 = 2.2190e-04
Loss = 3.2423e-01, PNorm = 110.7149, GNorm = 2.4373, lr_0 = 2.2581e-04
Loss = 3.4175e-01, PNorm = 110.7430, GNorm = 6.7595, lr_0 = 2.2971e-04
Loss = 3.2205e-01, PNorm = 110.7672, GNorm = 2.4615, lr_0 = 2.3362e-04
Loss = 3.8393e-01, PNorm = 110.7973, GNorm = 3.6923, lr_0 = 2.3752e-04
Loss = 2.9659e-01, PNorm = 110.8222, GNorm = 2.7454, lr_0 = 2.4143e-04
Loss = 2.4340e-01, PNorm = 110.8473, GNorm = 5.7180, lr_0 = 2.4533e-04
Loss = 2.7130e-01, PNorm = 110.8674, GNorm = 1.6367, lr_0 = 2.4924e-04
Loss = 2.9469e-01, PNorm = 110.8932, GNorm = 3.9038, lr_0 = 2.5315e-04
Loss = 4.1187e-01, PNorm = 110.8959, GNorm = 5.5327, lr_0 = 2.5354e-04
Validation rmse = 57.870259
Epoch 3
Loss = 2.6074e-01, PNorm = 110.9228, GNorm = 3.2755, lr_0 = 2.5744e-04
Loss = 2.4408e-01, PNorm = 110.9550, GNorm = 4.7108, lr_0 = 2.6135e-04
Loss = 2.3391e-01, PNorm = 110.9818, GNorm = 1.9827, lr_0 = 2.6525e-04
Loss = 2.5596e-01, PNorm = 111.0124, GNorm = 2.8291, lr_0 = 2.6916e-04
Loss = 2.7685e-01, PNorm = 111.0436, GNorm = 3.9332, lr_0 = 2.7306e-04
Loss = 3.1172e-01, PNorm = 111.0742, GNorm = 2.9971, lr_0 = 2.7697e-04
Loss = 2.7934e-01, PNorm = 111.1087, GNorm = 3.2562, lr_0 = 2.8088e-04
Loss = 2.5814e-01, PNorm = 111.1402, GNorm = 1.9756, lr_0 = 2.8478e-04
Loss = 3.1378e-01, PNorm = 111.1785, GNorm = 3.3517, lr_0 = 2.8869e-04
Loss = 2.4362e-01, PNorm = 111.2229, GNorm = 2.1766, lr_0 = 2.9259e-04
Loss = 2.2835e-01, PNorm = 111.2595, GNorm = 1.9265, lr_0 = 2.9650e-04
Loss = 2.3979e-01, PNorm = 111.2942, GNorm = 1.8072, lr_0 = 3.0040e-04
Loss = 2.0946e-01, PNorm = 111.3220, GNorm = 2.1179, lr_0 = 3.0431e-04
Loss = 2.5270e-01, PNorm = 111.3603, GNorm = 1.7288, lr_0 = 3.0822e-04
Loss = 2.6905e-01, PNorm = 111.3998, GNorm = 2.2293, lr_0 = 3.1212e-04
Loss = 2.2719e-01, PNorm = 111.4374, GNorm = 3.5895, lr_0 = 3.1603e-04
Loss = 2.3388e-01, PNorm = 111.4781, GNorm = 1.5250, lr_0 = 3.1993e-04
Loss = 2.6640e-01, PNorm = 111.5219, GNorm = 2.3521, lr_0 = 3.2384e-04
Loss = 2.6386e-01, PNorm = 111.5670, GNorm = 5.8903, lr_0 = 3.2774e-04
Loss = 2.3095e-01, PNorm = 111.6156, GNorm = 1.8900, lr_0 = 3.3165e-04
Loss = 2.5663e-01, PNorm = 111.6643, GNorm = 3.5502, lr_0 = 3.3556e-04
Validation rmse = 57.262450
Epoch 4
Loss = 2.1615e-01, PNorm = 111.7106, GNorm = 1.2244, lr_0 = 3.3946e-04
Loss = 2.2857e-01, PNorm = 111.7581, GNorm = 4.5321, lr_0 = 3.4337e-04
Loss = 2.2872e-01, PNorm = 111.8040, GNorm = 4.5224, lr_0 = 3.4727e-04
Loss = 2.4882e-01, PNorm = 111.8576, GNorm = 2.7507, lr_0 = 3.5118e-04
Loss = 2.6321e-01, PNorm = 111.9060, GNorm = 2.1662, lr_0 = 3.5508e-04
Loss = 2.3814e-01, PNorm = 111.9588, GNorm = 3.3787, lr_0 = 3.5899e-04
Loss = 2.3662e-01, PNorm = 112.0118, GNorm = 7.2202, lr_0 = 3.6290e-04
Loss = 2.6341e-01, PNorm = 112.0697, GNorm = 1.7769, lr_0 = 3.6680e-04
Loss = 2.2384e-01, PNorm = 112.1211, GNorm = 3.1221, lr_0 = 3.7071e-04
Loss = 1.8027e-01, PNorm = 112.1709, GNorm = 1.6508, lr_0 = 3.7461e-04
Loss = 1.8972e-01, PNorm = 112.2073, GNorm = 1.3334, lr_0 = 3.7852e-04
Loss = 1.7407e-01, PNorm = 112.2552, GNorm = 2.8578, lr_0 = 3.8242e-04
Loss = 2.1490e-01, PNorm = 112.3117, GNorm = 2.2394, lr_0 = 3.8633e-04
Loss = 2.2046e-01, PNorm = 112.3586, GNorm = 1.5661, lr_0 = 3.9024e-04
Loss = 1.7986e-01, PNorm = 112.3987, GNorm = 1.0638, lr_0 = 3.9414e-04
Loss = 1.9599e-01, PNorm = 112.4480, GNorm = 1.4132, lr_0 = 3.9805e-04
Loss = 1.4668e-01, PNorm = 112.5022, GNorm = 1.3873, lr_0 = 4.0195e-04
Loss = 1.7191e-01, PNorm = 112.5423, GNorm = 2.3487, lr_0 = 4.0586e-04
Loss = 1.4112e-01, PNorm = 112.5808, GNorm = 1.5082, lr_0 = 4.0976e-04
Loss = 2.0943e-01, PNorm = 112.6362, GNorm = 1.1828, lr_0 = 4.1367e-04
Loss = 2.0649e-01, PNorm = 112.6978, GNorm = 2.1943, lr_0 = 4.1757e-04
Validation rmse = 48.171558
Epoch 5
Loss = 2.0021e-01, PNorm = 112.7720, GNorm = 1.7032, lr_0 = 4.1724e-04
Loss = 1.5756e-01, PNorm = 112.8319, GNorm = 2.1992, lr_0 = 4.1601e-04
Loss = 1.8565e-01, PNorm = 112.8781, GNorm = 2.1347, lr_0 = 4.1478e-04
Loss = 2.1981e-01, PNorm = 112.9327, GNorm = 1.8233, lr_0 = 4.1355e-04
Loss = 2.3763e-01, PNorm = 112.9881, GNorm = 2.5437, lr_0 = 4.1232e-04
Loss = 1.7784e-01, PNorm = 113.0521, GNorm = 3.3906, lr_0 = 4.1110e-04
Loss = 2.1676e-01, PNorm = 113.1160, GNorm = 1.7992, lr_0 = 4.0989e-04
Loss = 1.6997e-01, PNorm = 113.1763, GNorm = 1.0142, lr_0 = 4.0867e-04
Loss = 1.7860e-01, PNorm = 113.2231, GNorm = 1.8627, lr_0 = 4.0747e-04
Loss = 1.7971e-01, PNorm = 113.2665, GNorm = 1.7591, lr_0 = 4.0626e-04
Loss = 1.7600e-01, PNorm = 113.3090, GNorm = 4.4893, lr_0 = 4.0506e-04
Loss = 2.1051e-01, PNorm = 113.3663, GNorm = 1.7282, lr_0 = 4.0386e-04
Loss = 1.6752e-01, PNorm = 113.4173, GNorm = 0.9009, lr_0 = 4.0266e-04
Loss = 1.6346e-01, PNorm = 113.4693, GNorm = 2.0426, lr_0 = 4.0147e-04
Loss = 1.5291e-01, PNorm = 113.5037, GNorm = 1.9073, lr_0 = 4.0028e-04
Loss = 1.5034e-01, PNorm = 113.5407, GNorm = 1.4573, lr_0 = 3.9910e-04
Loss = 1.3601e-01, PNorm = 113.5827, GNorm = 0.5867, lr_0 = 3.9792e-04
Loss = 1.9579e-01, PNorm = 113.6306, GNorm = 1.3820, lr_0 = 3.9674e-04
Loss = 1.6006e-01, PNorm = 113.6750, GNorm = 0.5382, lr_0 = 3.9557e-04
Loss = 1.2980e-01, PNorm = 113.7245, GNorm = 1.5120, lr_0 = 3.9440e-04
Loss = 1.2489e-01, PNorm = 113.7641, GNorm = 1.6039, lr_0 = 3.9323e-04
Loss = 1.7482e-01, PNorm = 113.8080, GNorm = 2.2207, lr_0 = 3.9206e-04
Validation rmse = 49.460578
Epoch 6
Loss = 1.6057e-01, PNorm = 113.8527, GNorm = 4.5109, lr_0 = 3.9090e-04
Loss = 1.3403e-01, PNorm = 113.9089, GNorm = 0.8389, lr_0 = 3.8975e-04
Loss = 1.2587e-01, PNorm = 113.9498, GNorm = 1.3762, lr_0 = 3.8859e-04
Loss = 1.3563e-01, PNorm = 113.9904, GNorm = 1.1841, lr_0 = 3.8744e-04
Loss = 1.4681e-01, PNorm = 114.0342, GNorm = 0.4982, lr_0 = 3.8630e-04
Loss = 1.4023e-01, PNorm = 114.0710, GNorm = 0.8309, lr_0 = 3.8515e-04
Loss = 1.2564e-01, PNorm = 114.1129, GNorm = 0.7840, lr_0 = 3.8401e-04
Loss = 1.2017e-01, PNorm = 114.1456, GNorm = 0.8903, lr_0 = 3.8288e-04
Loss = 1.3240e-01, PNorm = 114.1903, GNorm = 0.5282, lr_0 = 3.8175e-04
Loss = 1.1844e-01, PNorm = 114.2391, GNorm = 5.2340, lr_0 = 3.8062e-04
Loss = 1.6376e-01, PNorm = 114.2853, GNorm = 2.9113, lr_0 = 3.7949e-04
Loss = 1.4375e-01, PNorm = 114.3297, GNorm = 2.3559, lr_0 = 3.7837e-04
Loss = 1.3569e-01, PNorm = 114.3749, GNorm = 0.6849, lr_0 = 3.7725e-04
Loss = 1.2014e-01, PNorm = 114.4071, GNorm = 1.0677, lr_0 = 3.7613e-04
Loss = 1.0913e-01, PNorm = 114.4432, GNorm = 0.9543, lr_0 = 3.7502e-04
Loss = 1.1962e-01, PNorm = 114.4807, GNorm = 1.4539, lr_0 = 3.7391e-04
Loss = 1.3191e-01, PNorm = 114.5196, GNorm = 2.4208, lr_0 = 3.7280e-04
Loss = 1.0679e-01, PNorm = 114.5593, GNorm = 0.9038, lr_0 = 3.7170e-04
Loss = 1.2289e-01, PNorm = 114.5924, GNorm = 2.7402, lr_0 = 3.7060e-04
Loss = 1.2852e-01, PNorm = 114.6269, GNorm = 1.5262, lr_0 = 3.6950e-04
Loss = 1.3721e-01, PNorm = 114.6650, GNorm = 0.7972, lr_0 = 3.6841e-04
Validation rmse = 42.020915
Epoch 7
Loss = 1.0353e-01, PNorm = 114.7096, GNorm = 1.0867, lr_0 = 3.6732e-04
Loss = 1.0313e-01, PNorm = 114.7440, GNorm = 0.9580, lr_0 = 3.6623e-04
Loss = 1.1291e-01, PNorm = 114.7808, GNorm = 1.3147, lr_0 = 3.6515e-04
Loss = 1.1870e-01, PNorm = 114.8164, GNorm = 0.4651, lr_0 = 3.6407e-04
Loss = 1.0378e-01, PNorm = 114.8470, GNorm = 1.2815, lr_0 = 3.6299e-04
Loss = 1.0374e-01, PNorm = 114.8825, GNorm = 0.6880, lr_0 = 3.6191e-04
Loss = 1.1529e-01, PNorm = 114.9217, GNorm = 0.6623, lr_0 = 3.6084e-04
Loss = 1.1260e-01, PNorm = 114.9644, GNorm = 0.7548, lr_0 = 3.5978e-04
Loss = 1.1159e-01, PNorm = 115.0023, GNorm = 0.6809, lr_0 = 3.5871e-04
Loss = 1.1452e-01, PNorm = 115.0377, GNorm = 1.4560, lr_0 = 3.5765e-04
Loss = 1.0786e-01, PNorm = 115.0754, GNorm = 1.1005, lr_0 = 3.5659e-04
Loss = 1.1245e-01, PNorm = 115.1160, GNorm = 0.8755, lr_0 = 3.5554e-04
Loss = 1.2269e-01, PNorm = 115.1532, GNorm = 0.6243, lr_0 = 3.5448e-04
Loss = 1.0470e-01, PNorm = 115.1963, GNorm = 0.7463, lr_0 = 3.5343e-04
Loss = 1.0186e-01, PNorm = 115.2286, GNorm = 2.9542, lr_0 = 3.5239e-04
Loss = 1.1681e-01, PNorm = 115.2677, GNorm = 1.7955, lr_0 = 3.5135e-04
Loss = 1.0222e-01, PNorm = 115.3004, GNorm = 1.2217, lr_0 = 3.5031e-04
Loss = 9.4569e-02, PNorm = 115.3256, GNorm = 0.5644, lr_0 = 3.4927e-04
Loss = 1.0139e-01, PNorm = 115.3545, GNorm = 0.7705, lr_0 = 3.4824e-04
Loss = 1.2201e-01, PNorm = 115.3884, GNorm = 1.7087, lr_0 = 3.4720e-04
Loss = 9.0491e-02, PNorm = 115.4235, GNorm = 1.6608, lr_0 = 3.4618e-04
Validation rmse = 38.067872
Epoch 8
Loss = 5.0038e-02, PNorm = 115.4596, GNorm = 0.6539, lr_0 = 3.4505e-04
Loss = 8.3640e-02, PNorm = 115.4913, GNorm = 1.0740, lr_0 = 3.4403e-04
Loss = 8.4471e-02, PNorm = 115.5178, GNorm = 0.4999, lr_0 = 3.4301e-04
Loss = 8.9286e-02, PNorm = 115.5421, GNorm = 1.4273, lr_0 = 3.4200e-04
Loss = 1.0562e-01, PNorm = 115.5733, GNorm = 1.4507, lr_0 = 3.4098e-04
Loss = 1.0241e-01, PNorm = 115.6103, GNorm = 1.5785, lr_0 = 3.3997e-04
Loss = 9.0750e-02, PNorm = 115.6433, GNorm = 1.4918, lr_0 = 3.3897e-04
Loss = 9.6432e-02, PNorm = 115.6751, GNorm = 1.2449, lr_0 = 3.3797e-04
Loss = 1.0057e-01, PNorm = 115.7111, GNorm = 1.8392, lr_0 = 3.3697e-04
Loss = 1.0208e-01, PNorm = 115.7463, GNorm = 0.9209, lr_0 = 3.3597e-04
Loss = 9.6793e-02, PNorm = 115.7793, GNorm = 0.8948, lr_0 = 3.3497e-04
Loss = 8.9942e-02, PNorm = 115.8110, GNorm = 1.0172, lr_0 = 3.3398e-04
Loss = 9.3703e-02, PNorm = 115.8398, GNorm = 1.0229, lr_0 = 3.3299e-04
Loss = 9.1540e-02, PNorm = 115.8696, GNorm = 2.3879, lr_0 = 3.3201e-04
Loss = 8.3934e-02, PNorm = 115.8981, GNorm = 0.7528, lr_0 = 3.3103e-04
Loss = 9.1818e-02, PNorm = 115.9213, GNorm = 1.0422, lr_0 = 3.3005e-04
Loss = 8.8542e-02, PNorm = 115.9469, GNorm = 0.7153, lr_0 = 3.2907e-04
Loss = 8.5233e-02, PNorm = 115.9782, GNorm = 0.7144, lr_0 = 3.2810e-04
Loss = 8.9029e-02, PNorm = 116.0033, GNorm = 0.7545, lr_0 = 3.2713e-04
Loss = 8.0012e-02, PNorm = 116.0332, GNorm = 0.9216, lr_0 = 3.2616e-04
Loss = 9.2337e-02, PNorm = 116.0638, GNorm = 0.6738, lr_0 = 3.2519e-04
Loss = 7.5184e-02, PNorm = 116.0910, GNorm = 1.2804, lr_0 = 3.2423e-04
Validation rmse = 37.117928
Epoch 9
Loss = 8.2560e-02, PNorm = 116.1217, GNorm = 0.8847, lr_0 = 3.2327e-04
Loss = 9.1085e-02, PNorm = 116.1477, GNorm = 0.7440, lr_0 = 3.2231e-04
Loss = 9.7927e-02, PNorm = 116.1802, GNorm = 1.8275, lr_0 = 3.2136e-04
Loss = 7.6964e-02, PNorm = 116.2085, GNorm = 0.6307, lr_0 = 3.2041e-04
Loss = 8.6247e-02, PNorm = 116.2324, GNorm = 0.5379, lr_0 = 3.1946e-04
Loss = 7.4873e-02, PNorm = 116.2521, GNorm = 0.8288, lr_0 = 3.1852e-04
Loss = 9.2159e-02, PNorm = 116.2786, GNorm = 1.6177, lr_0 = 3.1757e-04
Loss = 8.8228e-02, PNorm = 116.3041, GNorm = 0.7525, lr_0 = 3.1663e-04
Loss = 8.3902e-02, PNorm = 116.3362, GNorm = 2.1410, lr_0 = 3.1570e-04
Loss = 8.6540e-02, PNorm = 116.3688, GNorm = 1.5058, lr_0 = 3.1476e-04
Loss = 7.1735e-02, PNorm = 116.3992, GNorm = 0.5795, lr_0 = 3.1383e-04
Loss = 8.7948e-02, PNorm = 116.4258, GNorm = 0.7150, lr_0 = 3.1290e-04
Loss = 6.1791e-02, PNorm = 116.4480, GNorm = 0.6526, lr_0 = 3.1198e-04
Loss = 7.0368e-02, PNorm = 116.4684, GNorm = 0.5645, lr_0 = 3.1105e-04
Loss = 6.7448e-02, PNorm = 116.4840, GNorm = 0.6813, lr_0 = 3.1013e-04
Loss = 7.8566e-02, PNorm = 116.5090, GNorm = 0.5267, lr_0 = 3.0921e-04
Loss = 6.3803e-02, PNorm = 116.5321, GNorm = 0.3036, lr_0 = 3.0830e-04
Loss = 8.1666e-02, PNorm = 116.5586, GNorm = 0.4085, lr_0 = 3.0739e-04
Loss = 8.7135e-02, PNorm = 116.5921, GNorm = 1.1423, lr_0 = 3.0648e-04
Loss = 7.5563e-02, PNorm = 116.6247, GNorm = 0.6297, lr_0 = 3.0557e-04
Loss = 7.6408e-02, PNorm = 116.6530, GNorm = 1.4234, lr_0 = 3.0467e-04
Validation rmse = 33.557752
Epoch 10
Loss = 5.9730e-02, PNorm = 116.6812, GNorm = 0.7976, lr_0 = 3.0367e-04
Loss = 6.8577e-02, PNorm = 116.7100, GNorm = 1.0293, lr_0 = 3.0277e-04
Loss = 6.8275e-02, PNorm = 116.7361, GNorm = 1.3005, lr_0 = 3.0188e-04
Loss = 6.2018e-02, PNorm = 116.7567, GNorm = 0.8814, lr_0 = 3.0099e-04
Loss = 5.8763e-02, PNorm = 116.7735, GNorm = 0.4527, lr_0 = 3.0009e-04
Loss = 6.9190e-02, PNorm = 116.8007, GNorm = 0.4649, lr_0 = 2.9921e-04
Loss = 6.8151e-02, PNorm = 116.8215, GNorm = 0.7885, lr_0 = 2.9832e-04
Loss = 7.9044e-02, PNorm = 116.8419, GNorm = 1.1040, lr_0 = 2.9744e-04
Loss = 6.7944e-02, PNorm = 116.8646, GNorm = 1.0504, lr_0 = 2.9656e-04
Loss = 7.3712e-02, PNorm = 116.8862, GNorm = 0.8760, lr_0 = 2.9568e-04
Loss = 6.4553e-02, PNorm = 116.9105, GNorm = 1.0888, lr_0 = 2.9481e-04
Loss = 7.4201e-02, PNorm = 116.9335, GNorm = 0.9919, lr_0 = 2.9393e-04
Loss = 7.0756e-02, PNorm = 116.9562, GNorm = 1.4427, lr_0 = 2.9306e-04
Loss = 8.2309e-02, PNorm = 116.9810, GNorm = 0.5336, lr_0 = 2.9220e-04
Loss = 7.5810e-02, PNorm = 117.0022, GNorm = 0.6726, lr_0 = 2.9133e-04
Loss = 7.4314e-02, PNorm = 117.0270, GNorm = 0.7199, lr_0 = 2.9047e-04
Loss = 6.9470e-02, PNorm = 117.0529, GNorm = 0.6939, lr_0 = 2.8961e-04
Loss = 7.0746e-02, PNorm = 117.0806, GNorm = 1.2083, lr_0 = 2.8875e-04
Loss = 7.5952e-02, PNorm = 117.1110, GNorm = 0.6532, lr_0 = 2.8790e-04
Loss = 7.4924e-02, PNorm = 117.1362, GNorm = 0.9711, lr_0 = 2.8705e-04
Loss = 6.9439e-02, PNorm = 117.1568, GNorm = 1.2560, lr_0 = 2.8620e-04
Validation rmse = 32.770364
Epoch 11
Loss = 8.4794e-02, PNorm = 117.1749, GNorm = 0.5814, lr_0 = 2.8535e-04
Loss = 6.2672e-02, PNorm = 117.1977, GNorm = 0.6938, lr_0 = 2.8451e-04
Loss = 6.1163e-02, PNorm = 117.2166, GNorm = 0.5981, lr_0 = 2.8366e-04
Loss = 7.1351e-02, PNorm = 117.2420, GNorm = 1.0836, lr_0 = 2.8282e-04
Loss = 5.6660e-02, PNorm = 117.2630, GNorm = 0.7867, lr_0 = 2.8199e-04
Loss = 6.8895e-02, PNorm = 117.2839, GNorm = 0.9982, lr_0 = 2.8115e-04
Loss = 6.0480e-02, PNorm = 117.3058, GNorm = 0.7769, lr_0 = 2.8032e-04
Loss = 6.0845e-02, PNorm = 117.3251, GNorm = 0.5899, lr_0 = 2.7949e-04
Loss = 6.0274e-02, PNorm = 117.3464, GNorm = 0.5220, lr_0 = 2.7866e-04
Loss = 5.8237e-02, PNorm = 117.3622, GNorm = 0.7639, lr_0 = 2.7784e-04
Loss = 7.1655e-02, PNorm = 117.3788, GNorm = 0.6157, lr_0 = 2.7702e-04
Loss = 5.9321e-02, PNorm = 117.4013, GNorm = 0.7610, lr_0 = 2.7620e-04
Loss = 6.7015e-02, PNorm = 117.4260, GNorm = 0.3715, lr_0 = 2.7538e-04
Loss = 6.0105e-02, PNorm = 117.4508, GNorm = 0.5909, lr_0 = 2.7456e-04
Loss = 6.3934e-02, PNorm = 117.4740, GNorm = 1.3738, lr_0 = 2.7375e-04
Loss = 5.7845e-02, PNorm = 117.4959, GNorm = 1.1185, lr_0 = 2.7294e-04
Loss = 6.5763e-02, PNorm = 117.5157, GNorm = 0.5505, lr_0 = 2.7213e-04
Loss = 6.1924e-02, PNorm = 117.5362, GNorm = 1.5471, lr_0 = 2.7133e-04
Loss = 6.8840e-02, PNorm = 117.5563, GNorm = 0.9024, lr_0 = 2.7053e-04
Loss = 9.1198e-02, PNorm = 117.5778, GNorm = 1.2197, lr_0 = 2.6973e-04
Loss = 7.8074e-02, PNorm = 117.6075, GNorm = 1.2197, lr_0 = 2.6893e-04
Loss = 6.3748e-02, PNorm = 117.6323, GNorm = 0.5640, lr_0 = 2.6813e-04
Validation rmse = 33.406807
Epoch 12
Loss = 7.0615e-02, PNorm = 117.6567, GNorm = 1.9784, lr_0 = 2.6726e-04
Loss = 6.5548e-02, PNorm = 117.6849, GNorm = 0.4431, lr_0 = 2.6647e-04
Loss = 7.5684e-02, PNorm = 117.7051, GNorm = 0.7623, lr_0 = 2.6568e-04
Loss = 6.7333e-02, PNorm = 117.7282, GNorm = 0.5724, lr_0 = 2.6489e-04
Loss = 5.8092e-02, PNorm = 117.7532, GNorm = 0.8296, lr_0 = 2.6411e-04
Loss = 6.2715e-02, PNorm = 117.7719, GNorm = 0.8451, lr_0 = 2.6333e-04
Loss = 5.2997e-02, PNorm = 117.7933, GNorm = 0.6032, lr_0 = 2.6255e-04
Loss = 5.6081e-02, PNorm = 117.8115, GNorm = 0.5051, lr_0 = 2.6177e-04
Loss = 5.1636e-02, PNorm = 117.8256, GNorm = 0.5720, lr_0 = 2.6100e-04
Loss = 5.8426e-02, PNorm = 117.8419, GNorm = 0.9033, lr_0 = 2.6022e-04
Loss = 5.3168e-02, PNorm = 117.8580, GNorm = 0.4741, lr_0 = 2.5945e-04
Loss = 5.3928e-02, PNorm = 117.8749, GNorm = 0.3965, lr_0 = 2.5869e-04
Loss = 5.9652e-02, PNorm = 117.8915, GNorm = 1.0830, lr_0 = 2.5792e-04
Loss = 5.6640e-02, PNorm = 117.9097, GNorm = 1.3962, lr_0 = 2.5716e-04
Loss = 5.3946e-02, PNorm = 117.9270, GNorm = 0.2925, lr_0 = 2.5640e-04
Loss = 5.1264e-02, PNorm = 117.9468, GNorm = 0.4133, lr_0 = 2.5564e-04
Loss = 5.3236e-02, PNorm = 117.9639, GNorm = 0.4119, lr_0 = 2.5488e-04
Loss = 6.4447e-02, PNorm = 117.9824, GNorm = 1.3795, lr_0 = 2.5413e-04
Loss = 5.1970e-02, PNorm = 118.0015, GNorm = 0.3254, lr_0 = 2.5337e-04
Loss = 5.4078e-02, PNorm = 118.0197, GNorm = 0.6748, lr_0 = 2.5262e-04
Loss = 5.8404e-02, PNorm = 118.0356, GNorm = 0.7528, lr_0 = 2.5188e-04
Validation rmse = 32.077995
Epoch 13
Loss = 4.7196e-02, PNorm = 118.0516, GNorm = 0.3957, lr_0 = 2.5113e-04
Loss = 5.4291e-02, PNorm = 118.0678, GNorm = 1.2650, lr_0 = 2.5039e-04
Loss = 5.4457e-02, PNorm = 118.0866, GNorm = 0.6251, lr_0 = 2.4965e-04
Loss = 5.8243e-02, PNorm = 118.1023, GNorm = 0.8075, lr_0 = 2.4891e-04
Loss = 5.4285e-02, PNorm = 118.1212, GNorm = 0.5875, lr_0 = 2.4817e-04
Loss = 5.5418e-02, PNorm = 118.1372, GNorm = 0.2677, lr_0 = 2.4744e-04
Loss = 4.8598e-02, PNorm = 118.1513, GNorm = 0.4631, lr_0 = 2.4671e-04
Loss = 5.5658e-02, PNorm = 118.1672, GNorm = 0.4004, lr_0 = 2.4598e-04
Loss = 5.8133e-02, PNorm = 118.1852, GNorm = 1.0120, lr_0 = 2.4525e-04
Loss = 4.3747e-02, PNorm = 118.2039, GNorm = 0.4274, lr_0 = 2.4452e-04
Loss = 4.9972e-02, PNorm = 118.2199, GNorm = 0.8919, lr_0 = 2.4380e-04
Loss = 4.8671e-02, PNorm = 118.2393, GNorm = 0.5602, lr_0 = 2.4308e-04
Loss = 5.8285e-02, PNorm = 118.2555, GNorm = 1.0051, lr_0 = 2.4236e-04
Loss = 6.3698e-02, PNorm = 118.2702, GNorm = 0.7328, lr_0 = 2.4164e-04
Loss = 5.6414e-02, PNorm = 118.2903, GNorm = 0.7943, lr_0 = 2.4093e-04
Loss = 4.7968e-02, PNorm = 118.3079, GNorm = 1.0567, lr_0 = 2.4021e-04
Loss = 4.8788e-02, PNorm = 118.3248, GNorm = 0.8226, lr_0 = 2.3950e-04
Loss = 5.1448e-02, PNorm = 118.3439, GNorm = 0.5317, lr_0 = 2.3879e-04
Loss = 6.1085e-02, PNorm = 118.3672, GNorm = 0.8505, lr_0 = 2.3809e-04
Loss = 4.7603e-02, PNorm = 118.3848, GNorm = 0.8046, lr_0 = 2.3738e-04
Loss = 5.6432e-02, PNorm = 118.4032, GNorm = 0.8964, lr_0 = 2.3668e-04
Loss = 5.2303e-02, PNorm = 118.4288, GNorm = 0.7324, lr_0 = 2.3598e-04
Validation rmse = 32.860580
Epoch 14
Loss = 4.5821e-02, PNorm = 118.4466, GNorm = 0.8177, lr_0 = 2.3528e-04
Loss = 4.7354e-02, PNorm = 118.4652, GNorm = 1.2492, lr_0 = 2.3458e-04
Loss = 4.5390e-02, PNorm = 118.4799, GNorm = 0.5660, lr_0 = 2.3389e-04
Loss = 5.6634e-02, PNorm = 118.4942, GNorm = 0.9958, lr_0 = 2.3320e-04
Loss = 5.0175e-02, PNorm = 118.5095, GNorm = 0.5714, lr_0 = 2.3251e-04
Loss = 4.9455e-02, PNorm = 118.5264, GNorm = 0.5728, lr_0 = 2.3182e-04
Loss = 5.3331e-02, PNorm = 118.5432, GNorm = 0.7226, lr_0 = 2.3113e-04
Loss = 5.1179e-02, PNorm = 118.5575, GNorm = 0.6530, lr_0 = 2.3045e-04
Loss = 4.2155e-02, PNorm = 118.5714, GNorm = 0.5032, lr_0 = 2.2977e-04
Loss = 5.2024e-02, PNorm = 118.5889, GNorm = 1.2346, lr_0 = 2.2909e-04
Loss = 4.8936e-02, PNorm = 118.6065, GNorm = 0.3949, lr_0 = 2.2841e-04
Loss = 5.3538e-02, PNorm = 118.6203, GNorm = 0.8383, lr_0 = 2.2773e-04
Loss = 5.0162e-02, PNorm = 118.6376, GNorm = 0.4668, lr_0 = 2.2706e-04
Loss = 5.3371e-02, PNorm = 118.6551, GNorm = 0.5201, lr_0 = 2.2639e-04
Loss = 6.1297e-02, PNorm = 118.6733, GNorm = 0.8831, lr_0 = 2.2572e-04
Loss = 4.8967e-02, PNorm = 118.6977, GNorm = 1.0285, lr_0 = 2.2505e-04
Loss = 4.6572e-02, PNorm = 118.7139, GNorm = 0.6947, lr_0 = 2.2438e-04
Loss = 5.2469e-02, PNorm = 118.7283, GNorm = 0.4872, lr_0 = 2.2372e-04
Loss = 4.6976e-02, PNorm = 118.7427, GNorm = 0.4922, lr_0 = 2.2306e-04
Loss = 5.2899e-02, PNorm = 118.7570, GNorm = 0.7444, lr_0 = 2.2240e-04
Loss = 4.8868e-02, PNorm = 118.7756, GNorm = 0.5497, lr_0 = 2.2174e-04
Validation rmse = 31.783792
Epoch 15
Loss = 4.6777e-02, PNorm = 118.7973, GNorm = 0.6373, lr_0 = 2.2102e-04
Loss = 4.8932e-02, PNorm = 118.8133, GNorm = 0.3602, lr_0 = 2.2036e-04
Loss = 4.7216e-02, PNorm = 118.8250, GNorm = 0.3882, lr_0 = 2.1971e-04
Loss = 5.1552e-02, PNorm = 118.8448, GNorm = 1.0372, lr_0 = 2.1906e-04
Loss = 4.9284e-02, PNorm = 118.8578, GNorm = 0.5613, lr_0 = 2.1841e-04
Loss = 4.5141e-02, PNorm = 118.8771, GNorm = 1.0397, lr_0 = 2.1777e-04
Loss = 4.9391e-02, PNorm = 118.8927, GNorm = 0.3572, lr_0 = 2.1712e-04
Loss = 3.7504e-02, PNorm = 118.9074, GNorm = 0.5232, lr_0 = 2.1648e-04
Loss = 4.4501e-02, PNorm = 118.9179, GNorm = 0.4517, lr_0 = 2.1584e-04
Loss = 3.9418e-02, PNorm = 118.9344, GNorm = 0.6126, lr_0 = 2.1520e-04
Loss = 4.9755e-02, PNorm = 118.9513, GNorm = 1.1395, lr_0 = 2.1456e-04
Loss = 6.2295e-02, PNorm = 118.9723, GNorm = 1.2302, lr_0 = 2.1393e-04
Loss = 5.1919e-02, PNorm = 118.9908, GNorm = 0.5151, lr_0 = 2.1330e-04
Loss = 5.0789e-02, PNorm = 119.0075, GNorm = 0.5926, lr_0 = 2.1266e-04
Loss = 4.6982e-02, PNorm = 119.0283, GNorm = 0.9824, lr_0 = 2.1203e-04
Loss = 5.3974e-02, PNorm = 119.0472, GNorm = 0.6726, lr_0 = 2.1141e-04
Loss = 4.8105e-02, PNorm = 119.0679, GNorm = 0.2711, lr_0 = 2.1078e-04
Loss = 5.2557e-02, PNorm = 119.0844, GNorm = 1.3560, lr_0 = 2.1016e-04
Loss = 4.3045e-02, PNorm = 119.0977, GNorm = 0.4042, lr_0 = 2.0954e-04
Loss = 4.1757e-02, PNorm = 119.1123, GNorm = 0.6845, lr_0 = 2.0892e-04
Loss = 4.6605e-02, PNorm = 119.1222, GNorm = 0.3378, lr_0 = 2.0830e-04
Validation rmse = 30.746530
Epoch 16
Loss = 4.6118e-02, PNorm = 119.1323, GNorm = 1.1020, lr_0 = 2.0768e-04
Loss = 3.7406e-02, PNorm = 119.1453, GNorm = 0.4170, lr_0 = 2.0707e-04
Loss = 4.2916e-02, PNorm = 119.1604, GNorm = 0.7886, lr_0 = 2.0645e-04
Loss = 3.8604e-02, PNorm = 119.1737, GNorm = 0.4643, lr_0 = 2.0584e-04
Loss = 3.9703e-02, PNorm = 119.1887, GNorm = 0.8045, lr_0 = 2.0523e-04
Loss = 6.3048e-02, PNorm = 119.2019, GNorm = 0.8493, lr_0 = 2.0463e-04
Loss = 4.6666e-02, PNorm = 119.2191, GNorm = 0.4486, lr_0 = 2.0402e-04
Loss = 5.5162e-02, PNorm = 119.2376, GNorm = 0.4934, lr_0 = 2.0342e-04
Loss = 4.6867e-02, PNorm = 119.2606, GNorm = 0.5797, lr_0 = 2.0281e-04
Loss = 4.3202e-02, PNorm = 119.2784, GNorm = 0.4330, lr_0 = 2.0221e-04
Loss = 3.8686e-02, PNorm = 119.2905, GNorm = 0.5008, lr_0 = 2.0162e-04
Loss = 4.4805e-02, PNorm = 119.3030, GNorm = 0.9626, lr_0 = 2.0102e-04
Loss = 4.7383e-02, PNorm = 119.3159, GNorm = 0.5575, lr_0 = 2.0042e-04
Loss = 3.5815e-02, PNorm = 119.3301, GNorm = 0.4354, lr_0 = 1.9983e-04
Loss = 3.6119e-02, PNorm = 119.3399, GNorm = 0.4420, lr_0 = 1.9924e-04
Loss = 3.9507e-02, PNorm = 119.3522, GNorm = 0.6196, lr_0 = 1.9865e-04
Loss = 4.1933e-02, PNorm = 119.3638, GNorm = 0.2630, lr_0 = 1.9806e-04
Loss = 3.9424e-02, PNorm = 119.3777, GNorm = 0.3245, lr_0 = 1.9748e-04
Loss = 3.8940e-02, PNorm = 119.3893, GNorm = 0.3138, lr_0 = 1.9689e-04
Loss = 4.4532e-02, PNorm = 119.4008, GNorm = 0.4383, lr_0 = 1.9631e-04
Loss = 3.8017e-02, PNorm = 119.4118, GNorm = 0.3773, lr_0 = 1.9573e-04
Loss = 3.7845e-02, PNorm = 119.4250, GNorm = 0.4216, lr_0 = 1.9515e-04
Loss = 3.7709e-02, PNorm = 119.4263, GNorm = 0.6916, lr_0 = 1.9509e-04
Validation rmse = 29.988264
Epoch 17
Loss = 4.2806e-02, PNorm = 119.4400, GNorm = 0.9528, lr_0 = 1.9451e-04
Loss = 3.0363e-02, PNorm = 119.4507, GNorm = 0.4481, lr_0 = 1.9394e-04
Loss = 4.0849e-02, PNorm = 119.4634, GNorm = 0.5000, lr_0 = 1.9336e-04
Loss = 3.1700e-02, PNorm = 119.4754, GNorm = 0.4972, lr_0 = 1.9279e-04
Loss = 3.8981e-02, PNorm = 119.4853, GNorm = 1.1997, lr_0 = 1.9222e-04
Loss = 4.0678e-02, PNorm = 119.4981, GNorm = 0.4879, lr_0 = 1.9165e-04
Loss = 4.0064e-02, PNorm = 119.5117, GNorm = 0.8638, lr_0 = 1.9109e-04
Loss = 4.7854e-02, PNorm = 119.5257, GNorm = 0.4876, lr_0 = 1.9052e-04
Loss = 3.7107e-02, PNorm = 119.5393, GNorm = 0.3690, lr_0 = 1.8996e-04
Loss = 3.7279e-02, PNorm = 119.5513, GNorm = 0.2959, lr_0 = 1.8939e-04
Loss = 3.4066e-02, PNorm = 119.5630, GNorm = 0.5146, lr_0 = 1.8883e-04
Loss = 4.3251e-02, PNorm = 119.5755, GNorm = 0.6410, lr_0 = 1.8828e-04
Loss = 3.9019e-02, PNorm = 119.5895, GNorm = 0.3367, lr_0 = 1.8772e-04
Loss = 3.4500e-02, PNorm = 119.6012, GNorm = 0.6633, lr_0 = 1.8716e-04
Loss = 4.1196e-02, PNorm = 119.6133, GNorm = 0.7864, lr_0 = 1.8661e-04
Loss = 3.6591e-02, PNorm = 119.6244, GNorm = 0.4569, lr_0 = 1.8606e-04
Loss = 3.8260e-02, PNorm = 119.6363, GNorm = 0.6616, lr_0 = 1.8551e-04
Loss = 4.2067e-02, PNorm = 119.6505, GNorm = 0.4675, lr_0 = 1.8496e-04
Loss = 4.2996e-02, PNorm = 119.6631, GNorm = 0.4125, lr_0 = 1.8441e-04
Loss = 3.5652e-02, PNorm = 119.6734, GNorm = 0.3516, lr_0 = 1.8386e-04
Loss = 5.2996e-02, PNorm = 119.6845, GNorm = 1.1989, lr_0 = 1.8332e-04
Validation rmse = 29.754367
Epoch 18
Loss = 2.9071e-02, PNorm = 119.6977, GNorm = 0.2624, lr_0 = 1.8278e-04
Loss = 3.3458e-02, PNorm = 119.7117, GNorm = 0.4024, lr_0 = 1.8224e-04
Loss = 3.7766e-02, PNorm = 119.7221, GNorm = 0.4987, lr_0 = 1.8170e-04
Loss = 2.9762e-02, PNorm = 119.7343, GNorm = 0.3065, lr_0 = 1.8116e-04
Loss = 4.7212e-02, PNorm = 119.7473, GNorm = 1.1463, lr_0 = 1.8062e-04
Loss = 3.3638e-02, PNorm = 119.7588, GNorm = 0.3093, lr_0 = 1.8009e-04
Loss = 3.3303e-02, PNorm = 119.7710, GNorm = 0.6949, lr_0 = 1.7956e-04
Loss = 4.0115e-02, PNorm = 119.7800, GNorm = 0.5212, lr_0 = 1.7902e-04
Loss = 3.8428e-02, PNorm = 119.7910, GNorm = 0.4984, lr_0 = 1.7849e-04
Loss = 3.8763e-02, PNorm = 119.8015, GNorm = 0.4125, lr_0 = 1.7797e-04
Loss = 4.3420e-02, PNorm = 119.8150, GNorm = 0.7047, lr_0 = 1.7744e-04
Loss = 4.0416e-02, PNorm = 119.8290, GNorm = 0.7555, lr_0 = 1.7691e-04
Loss = 3.7427e-02, PNorm = 119.8406, GNorm = 0.4953, lr_0 = 1.7639e-04
Loss = 3.3835e-02, PNorm = 119.8523, GNorm = 0.6154, lr_0 = 1.7587e-04
Loss = 4.4513e-02, PNorm = 119.8651, GNorm = 0.8302, lr_0 = 1.7535e-04
Loss = 4.2951e-02, PNorm = 119.8747, GNorm = 0.3768, lr_0 = 1.7483e-04
Loss = 3.8460e-02, PNorm = 119.8835, GNorm = 0.7143, lr_0 = 1.7431e-04
Loss = 3.4816e-02, PNorm = 119.8959, GNorm = 0.3847, lr_0 = 1.7380e-04
Loss = 3.5239e-02, PNorm = 119.9089, GNorm = 0.4767, lr_0 = 1.7328e-04
Loss = 3.2333e-02, PNorm = 119.9206, GNorm = 0.3824, lr_0 = 1.7277e-04
Loss = 3.7960e-02, PNorm = 119.9286, GNorm = 0.2812, lr_0 = 1.7226e-04
Validation rmse = 29.300905
Epoch 19
Loss = 2.6309e-02, PNorm = 119.9374, GNorm = 0.5172, lr_0 = 1.7175e-04
Loss = 3.6647e-02, PNorm = 119.9473, GNorm = 0.3517, lr_0 = 1.7124e-04
Loss = 3.5774e-02, PNorm = 119.9573, GNorm = 0.9401, lr_0 = 1.7073e-04
Loss = 3.9478e-02, PNorm = 119.9703, GNorm = 0.9850, lr_0 = 1.7023e-04
Loss = 3.2135e-02, PNorm = 119.9858, GNorm = 0.3177, lr_0 = 1.6972e-04
Loss = 3.1964e-02, PNorm = 119.9955, GNorm = 0.5974, lr_0 = 1.6922e-04
Loss = 3.3569e-02, PNorm = 120.0039, GNorm = 0.2543, lr_0 = 1.6872e-04
Loss = 3.2810e-02, PNorm = 120.0139, GNorm = 0.3952, lr_0 = 1.6822e-04
Loss = 3.5420e-02, PNorm = 120.0240, GNorm = 0.3414, lr_0 = 1.6772e-04
Loss = 3.5552e-02, PNorm = 120.0372, GNorm = 0.7991, lr_0 = 1.6723e-04
Loss = 3.1397e-02, PNorm = 120.0465, GNorm = 0.2641, lr_0 = 1.6673e-04
Loss = 3.7731e-02, PNorm = 120.0553, GNorm = 0.4403, lr_0 = 1.6624e-04
Loss = 3.6962e-02, PNorm = 120.0619, GNorm = 0.5886, lr_0 = 1.6575e-04
Loss = 3.6588e-02, PNorm = 120.0731, GNorm = 0.2743, lr_0 = 1.6526e-04
Loss = 3.7327e-02, PNorm = 120.0841, GNorm = 0.4402, lr_0 = 1.6477e-04
Loss = 3.2457e-02, PNorm = 120.0936, GNorm = 0.2594, lr_0 = 1.6428e-04
Loss = 3.9339e-02, PNorm = 120.1047, GNorm = 0.5702, lr_0 = 1.6379e-04
Loss = 3.7719e-02, PNorm = 120.1164, GNorm = 0.3648, lr_0 = 1.6331e-04
Loss = 4.4436e-02, PNorm = 120.1292, GNorm = 0.3347, lr_0 = 1.6283e-04
Loss = 3.6263e-02, PNorm = 120.1399, GNorm = 0.5275, lr_0 = 1.6234e-04
Loss = 3.6056e-02, PNorm = 120.1493, GNorm = 0.1610, lr_0 = 1.6186e-04
Loss = 3.6330e-02, PNorm = 120.1615, GNorm = 0.3172, lr_0 = 1.6138e-04
Validation rmse = 29.187484
Epoch 20
Loss = 2.6439e-02, PNorm = 120.1719, GNorm = 0.2218, lr_0 = 1.6086e-04
Loss = 2.9121e-02, PNorm = 120.1800, GNorm = 0.3493, lr_0 = 1.6038e-04
Loss = 3.7710e-02, PNorm = 120.1879, GNorm = 0.5390, lr_0 = 1.5991e-04
Loss = 3.8702e-02, PNorm = 120.1984, GNorm = 0.2978, lr_0 = 1.5944e-04
Loss = 3.6492e-02, PNorm = 120.2120, GNorm = 0.2724, lr_0 = 1.5896e-04
Loss = 3.3364e-02, PNorm = 120.2216, GNorm = 0.2196, lr_0 = 1.5849e-04
Loss = 3.9434e-02, PNorm = 120.2324, GNorm = 0.3934, lr_0 = 1.5802e-04
Loss = 3.2492e-02, PNorm = 120.2442, GNorm = 0.3654, lr_0 = 1.5756e-04
Loss = 3.6319e-02, PNorm = 120.2550, GNorm = 0.6329, lr_0 = 1.5709e-04
Loss = 3.2014e-02, PNorm = 120.2666, GNorm = 0.4222, lr_0 = 1.5663e-04
Loss = 3.0952e-02, PNorm = 120.2770, GNorm = 0.7289, lr_0 = 1.5616e-04
Loss = 3.2535e-02, PNorm = 120.2848, GNorm = 0.3768, lr_0 = 1.5570e-04
Loss = 3.9822e-02, PNorm = 120.2958, GNorm = 0.4034, lr_0 = 1.5524e-04
Loss = 3.2897e-02, PNorm = 120.3051, GNorm = 0.5385, lr_0 = 1.5478e-04
Loss = 3.7361e-02, PNorm = 120.3168, GNorm = 1.0480, lr_0 = 1.5432e-04
Loss = 3.1161e-02, PNorm = 120.3288, GNorm = 0.3892, lr_0 = 1.5386e-04
Loss = 2.9698e-02, PNorm = 120.3405, GNorm = 0.2801, lr_0 = 1.5341e-04
Loss = 3.5682e-02, PNorm = 120.3467, GNorm = 0.2738, lr_0 = 1.5296e-04
Loss = 3.6273e-02, PNorm = 120.3533, GNorm = 0.6571, lr_0 = 1.5250e-04
Loss = 3.0446e-02, PNorm = 120.3632, GNorm = 0.4399, lr_0 = 1.5205e-04
Loss = 3.3672e-02, PNorm = 120.3735, GNorm = 0.3972, lr_0 = 1.5160e-04
Validation rmse = 29.269484
Epoch 21
Loss = 3.4071e-02, PNorm = 120.3839, GNorm = 0.4669, lr_0 = 1.5115e-04
Loss = 3.6685e-02, PNorm = 120.3958, GNorm = 0.3336, lr_0 = 1.5071e-04
Loss = 3.3528e-02, PNorm = 120.4092, GNorm = 0.3170, lr_0 = 1.5026e-04
Loss = 2.9046e-02, PNorm = 120.4227, GNorm = 0.5295, lr_0 = 1.4981e-04
Loss = 2.5088e-02, PNorm = 120.4311, GNorm = 0.1973, lr_0 = 1.4937e-04
Loss = 3.0262e-02, PNorm = 120.4387, GNorm = 0.3552, lr_0 = 1.4893e-04
Loss = 3.5064e-02, PNorm = 120.4468, GNorm = 0.4029, lr_0 = 1.4849e-04
Loss = 2.6844e-02, PNorm = 120.4565, GNorm = 0.5035, lr_0 = 1.4805e-04
Loss = 2.7915e-02, PNorm = 120.4637, GNorm = 0.3735, lr_0 = 1.4761e-04
Loss = 3.3905e-02, PNorm = 120.4707, GNorm = 0.6621, lr_0 = 1.4717e-04
Loss = 2.7182e-02, PNorm = 120.4798, GNorm = 0.5163, lr_0 = 1.4674e-04
Loss = 2.7474e-02, PNorm = 120.4891, GNorm = 0.2871, lr_0 = 1.4630e-04
Loss = 2.9030e-02, PNorm = 120.4973, GNorm = 0.3361, lr_0 = 1.4587e-04
Loss = 3.4842e-02, PNorm = 120.5053, GNorm = 0.4570, lr_0 = 1.4544e-04
Loss = 3.8702e-02, PNorm = 120.5165, GNorm = 0.3157, lr_0 = 1.4501e-04
Loss = 3.4848e-02, PNorm = 120.5257, GNorm = 0.4361, lr_0 = 1.4458e-04
Loss = 3.2357e-02, PNorm = 120.5358, GNorm = 0.6057, lr_0 = 1.4415e-04
Loss = 2.9130e-02, PNorm = 120.5442, GNorm = 0.4090, lr_0 = 1.4373e-04
Loss = 3.2675e-02, PNorm = 120.5522, GNorm = 0.6408, lr_0 = 1.4330e-04
Loss = 3.2909e-02, PNorm = 120.5616, GNorm = 0.5033, lr_0 = 1.4288e-04
Loss = 3.2765e-02, PNorm = 120.5730, GNorm = 0.3007, lr_0 = 1.4245e-04
Validation rmse = 29.186665
Epoch 22
Loss = 2.9045e-02, PNorm = 120.5813, GNorm = 0.2904, lr_0 = 1.4199e-04
Loss = 2.9650e-02, PNorm = 120.5920, GNorm = 0.4286, lr_0 = 1.4157e-04
Loss = 2.6746e-02, PNorm = 120.5992, GNorm = 0.3328, lr_0 = 1.4115e-04
Loss = 2.8861e-02, PNorm = 120.6065, GNorm = 0.3317, lr_0 = 1.4073e-04
Loss = 3.0421e-02, PNorm = 120.6143, GNorm = 0.5095, lr_0 = 1.4032e-04
Loss = 2.8014e-02, PNorm = 120.6219, GNorm = 0.5271, lr_0 = 1.3990e-04
Loss = 2.6514e-02, PNorm = 120.6294, GNorm = 0.2204, lr_0 = 1.3949e-04
Loss = 2.5463e-02, PNorm = 120.6360, GNorm = 0.5226, lr_0 = 1.3907e-04
Loss = 2.8739e-02, PNorm = 120.6449, GNorm = 0.3737, lr_0 = 1.3866e-04
Loss = 2.4432e-02, PNorm = 120.6538, GNorm = 0.2685, lr_0 = 1.3825e-04
Loss = 2.7389e-02, PNorm = 120.6587, GNorm = 0.5188, lr_0 = 1.3784e-04
Loss = 3.1553e-02, PNorm = 120.6646, GNorm = 0.3587, lr_0 = 1.3744e-04
Loss = 3.0999e-02, PNorm = 120.6730, GNorm = 0.6669, lr_0 = 1.3703e-04
Loss = 2.8939e-02, PNorm = 120.6807, GNorm = 0.4342, lr_0 = 1.3662e-04
Loss = 2.8405e-02, PNorm = 120.6896, GNorm = 0.3570, lr_0 = 1.3622e-04
Loss = 3.2067e-02, PNorm = 120.6995, GNorm = 0.3706, lr_0 = 1.3582e-04
Loss = 3.6850e-02, PNorm = 120.7103, GNorm = 0.2573, lr_0 = 1.3541e-04
Loss = 3.7676e-02, PNorm = 120.7210, GNorm = 0.2805, lr_0 = 1.3501e-04
Loss = 3.0391e-02, PNorm = 120.7337, GNorm = 0.4567, lr_0 = 1.3461e-04
Loss = 3.4696e-02, PNorm = 120.7461, GNorm = 0.5957, lr_0 = 1.3422e-04
Loss = 3.2335e-02, PNorm = 120.7570, GNorm = 0.5219, lr_0 = 1.3382e-04
Loss = 3.4068e-02, PNorm = 120.7692, GNorm = 0.4434, lr_0 = 1.3342e-04
Validation rmse = 28.174700
Epoch 23
Loss = 3.0212e-02, PNorm = 120.7759, GNorm = 0.2892, lr_0 = 1.3303e-04
Loss = 3.4431e-02, PNorm = 120.7835, GNorm = 0.3552, lr_0 = 1.3263e-04
Loss = 3.1835e-02, PNorm = 120.7919, GNorm = 0.4068, lr_0 = 1.3224e-04
Loss = 3.0075e-02, PNorm = 120.8015, GNorm = 0.3114, lr_0 = 1.3185e-04
Loss = 3.0362e-02, PNorm = 120.8134, GNorm = 0.4171, lr_0 = 1.3146e-04
Loss = 2.7760e-02, PNorm = 120.8229, GNorm = 0.5748, lr_0 = 1.3107e-04
Loss = 3.1251e-02, PNorm = 120.8310, GNorm = 0.2660, lr_0 = 1.3068e-04
Loss = 3.1962e-02, PNorm = 120.8386, GNorm = 0.3303, lr_0 = 1.3030e-04
Loss = 3.4269e-02, PNorm = 120.8502, GNorm = 0.5911, lr_0 = 1.2991e-04
Loss = 2.3751e-02, PNorm = 120.8599, GNorm = 0.3487, lr_0 = 1.2953e-04
Loss = 2.8074e-02, PNorm = 120.8646, GNorm = 0.3765, lr_0 = 1.2914e-04
Loss = 2.7486e-02, PNorm = 120.8711, GNorm = 0.3006, lr_0 = 1.2876e-04
Loss = 3.1544e-02, PNorm = 120.8794, GNorm = 0.5892, lr_0 = 1.2838e-04
Loss = 2.7623e-02, PNorm = 120.8864, GNorm = 0.5762, lr_0 = 1.2800e-04
Loss = 2.5902e-02, PNorm = 120.8945, GNorm = 0.3540, lr_0 = 1.2762e-04
Loss = 2.7395e-02, PNorm = 120.9004, GNorm = 0.2958, lr_0 = 1.2724e-04
Loss = 2.7965e-02, PNorm = 120.9098, GNorm = 0.2877, lr_0 = 1.2687e-04
Loss = 2.6725e-02, PNorm = 120.9181, GNorm = 0.3434, lr_0 = 1.2649e-04
Loss = 3.6322e-02, PNorm = 120.9267, GNorm = 0.5227, lr_0 = 1.2612e-04
Loss = 2.4704e-02, PNorm = 120.9352, GNorm = 0.3595, lr_0 = 1.2574e-04
Loss = 2.5921e-02, PNorm = 120.9428, GNorm = 0.3912, lr_0 = 1.2537e-04
Validation rmse = 27.467132
Epoch 24
Loss = 2.3378e-02, PNorm = 120.9505, GNorm = 0.5062, lr_0 = 1.2496e-04
Loss = 2.8350e-02, PNorm = 120.9576, GNorm = 0.4744, lr_0 = 1.2459e-04
Loss = 2.6274e-02, PNorm = 120.9638, GNorm = 0.5634, lr_0 = 1.2422e-04
Loss = 2.8539e-02, PNorm = 120.9729, GNorm = 0.3439, lr_0 = 1.2386e-04
Loss = 2.8453e-02, PNorm = 120.9801, GNorm = 0.6390, lr_0 = 1.2349e-04
Loss = 2.3012e-02, PNorm = 120.9855, GNorm = 0.3094, lr_0 = 1.2313e-04
Loss = 3.0398e-02, PNorm = 120.9927, GNorm = 0.7126, lr_0 = 1.2276e-04
Loss = 2.9051e-02, PNorm = 121.0004, GNorm = 0.5098, lr_0 = 1.2240e-04
Loss = 3.0407e-02, PNorm = 121.0087, GNorm = 0.2800, lr_0 = 1.2204e-04
Loss = 3.3366e-02, PNorm = 121.0166, GNorm = 0.3353, lr_0 = 1.2167e-04
Loss = 2.9178e-02, PNorm = 121.0247, GNorm = 0.3229, lr_0 = 1.2131e-04
Loss = 2.6291e-02, PNorm = 121.0332, GNorm = 0.4450, lr_0 = 1.2096e-04
Loss = 2.6215e-02, PNorm = 121.0412, GNorm = 0.2637, lr_0 = 1.2060e-04
Loss = 2.6530e-02, PNorm = 121.0470, GNorm = 0.5012, lr_0 = 1.2024e-04
Loss = 3.2907e-02, PNorm = 121.0519, GNorm = 0.3568, lr_0 = 1.1988e-04
Loss = 2.7821e-02, PNorm = 121.0599, GNorm = 0.2544, lr_0 = 1.1953e-04
Loss = 2.6198e-02, PNorm = 121.0675, GNorm = 0.6880, lr_0 = 1.1918e-04
Loss = 2.6963e-02, PNorm = 121.0758, GNorm = 0.3895, lr_0 = 1.1882e-04
Loss = 3.6029e-02, PNorm = 121.0832, GNorm = 0.2906, lr_0 = 1.1847e-04
Loss = 2.6899e-02, PNorm = 121.0926, GNorm = 0.3048, lr_0 = 1.1812e-04
Loss = 2.6826e-02, PNorm = 121.1006, GNorm = 0.2278, lr_0 = 1.1777e-04
Validation rmse = 27.616967
Epoch 25
Loss = 1.4064e-02, PNorm = 121.1057, GNorm = 0.1648, lr_0 = 1.1742e-04
Loss = 2.5795e-02, PNorm = 121.1135, GNorm = 0.4373, lr_0 = 1.1708e-04
Loss = 2.3527e-02, PNorm = 121.1215, GNorm = 0.2784, lr_0 = 1.1673e-04
Loss = 2.7527e-02, PNorm = 121.1250, GNorm = 0.4849, lr_0 = 1.1638e-04
Loss = 2.4346e-02, PNorm = 121.1308, GNorm = 0.2545, lr_0 = 1.1604e-04
Loss = 2.6605e-02, PNorm = 121.1374, GNorm = 0.1874, lr_0 = 1.1570e-04
Loss = 2.6434e-02, PNorm = 121.1457, GNorm = 0.4164, lr_0 = 1.1535e-04
Loss = 3.3200e-02, PNorm = 121.1545, GNorm = 0.8639, lr_0 = 1.1501e-04
Loss = 3.0794e-02, PNorm = 121.1635, GNorm = 0.7018, lr_0 = 1.1467e-04
Loss = 2.8548e-02, PNorm = 121.1709, GNorm = 0.4667, lr_0 = 1.1433e-04
Loss = 2.7241e-02, PNorm = 121.1779, GNorm = 0.4409, lr_0 = 1.1399e-04
Loss = 2.7549e-02, PNorm = 121.1861, GNorm = 0.3510, lr_0 = 1.1366e-04
Loss = 2.6778e-02, PNorm = 121.1923, GNorm = 0.2146, lr_0 = 1.1332e-04
Loss = 2.3798e-02, PNorm = 121.1982, GNorm = 0.4247, lr_0 = 1.1298e-04
Loss = 3.1856e-02, PNorm = 121.2058, GNorm = 0.5035, lr_0 = 1.1265e-04
Loss = 2.5073e-02, PNorm = 121.2141, GNorm = 0.5360, lr_0 = 1.1232e-04
Loss = 2.6808e-02, PNorm = 121.2202, GNorm = 0.5601, lr_0 = 1.1198e-04
Loss = 3.1306e-02, PNorm = 121.2294, GNorm = 0.5820, lr_0 = 1.1165e-04
Loss = 2.9531e-02, PNorm = 121.2388, GNorm = 0.3150, lr_0 = 1.1132e-04
Loss = 2.7393e-02, PNorm = 121.2474, GNorm = 0.3469, lr_0 = 1.1099e-04
Loss = 2.6465e-02, PNorm = 121.2554, GNorm = 0.2543, lr_0 = 1.1066e-04
Loss = 2.5812e-02, PNorm = 121.2627, GNorm = 0.3772, lr_0 = 1.1034e-04
Validation rmse = 27.611367
Epoch 26
Loss = 2.2497e-02, PNorm = 121.2686, GNorm = 0.3700, lr_0 = 1.1001e-04
Loss = 2.9059e-02, PNorm = 121.2757, GNorm = 0.3957, lr_0 = 1.0969e-04
Loss = 2.4069e-02, PNorm = 121.2823, GNorm = 0.2621, lr_0 = 1.0936e-04
Loss = 2.2180e-02, PNorm = 121.2873, GNorm = 0.2682, lr_0 = 1.0904e-04
Loss = 2.2157e-02, PNorm = 121.2909, GNorm = 0.1940, lr_0 = 1.0871e-04
Loss = 2.6090e-02, PNorm = 121.2970, GNorm = 0.3976, lr_0 = 1.0839e-04
Loss = 2.6387e-02, PNorm = 121.3037, GNorm = 0.4489, lr_0 = 1.0807e-04
Loss = 2.4522e-02, PNorm = 121.3084, GNorm = 0.4937, lr_0 = 1.0775e-04
Loss = 2.6742e-02, PNorm = 121.3123, GNorm = 0.4871, lr_0 = 1.0743e-04
Loss = 2.6471e-02, PNorm = 121.3177, GNorm = 0.2772, lr_0 = 1.0712e-04
Loss = 2.6330e-02, PNorm = 121.3254, GNorm = 0.4058, lr_0 = 1.0680e-04
Loss = 2.9744e-02, PNorm = 121.3330, GNorm = 0.5255, lr_0 = 1.0648e-04
Loss = 2.7640e-02, PNorm = 121.3400, GNorm = 0.4797, lr_0 = 1.0617e-04
Loss = 2.1640e-02, PNorm = 121.3470, GNorm = 0.3333, lr_0 = 1.0585e-04
Loss = 2.3849e-02, PNorm = 121.3536, GNorm = 0.4371, lr_0 = 1.0554e-04
Loss = 2.5233e-02, PNorm = 121.3593, GNorm = 0.2196, lr_0 = 1.0523e-04
Loss = 2.4916e-02, PNorm = 121.3649, GNorm = 0.7474, lr_0 = 1.0492e-04
Loss = 2.0658e-02, PNorm = 121.3711, GNorm = 0.2751, lr_0 = 1.0461e-04
Loss = 2.4677e-02, PNorm = 121.3761, GNorm = 0.5751, lr_0 = 1.0430e-04
Loss = 2.5535e-02, PNorm = 121.3815, GNorm = 0.2639, lr_0 = 1.0399e-04
Loss = 2.5083e-02, PNorm = 121.3888, GNorm = 0.4457, lr_0 = 1.0368e-04
Validation rmse = 27.379687
Epoch 27
Loss = 1.7739e-02, PNorm = 121.3970, GNorm = 0.2659, lr_0 = 1.0334e-04
Loss = 2.3446e-02, PNorm = 121.4039, GNorm = 0.3967, lr_0 = 1.0304e-04
Loss = 2.5766e-02, PNorm = 121.4092, GNorm = 0.2688, lr_0 = 1.0273e-04
Loss = 2.2336e-02, PNorm = 121.4142, GNorm = 0.2518, lr_0 = 1.0243e-04
Loss = 2.6673e-02, PNorm = 121.4213, GNorm = 1.2159, lr_0 = 1.0212e-04
Loss = 2.8122e-02, PNorm = 121.4274, GNorm = 1.1127, lr_0 = 1.0182e-04
Loss = 3.0290e-02, PNorm = 121.4366, GNorm = 0.7812, lr_0 = 1.0152e-04
Loss = 2.7716e-02, PNorm = 121.4449, GNorm = 0.6161, lr_0 = 1.0122e-04
Loss = 2.5557e-02, PNorm = 121.4507, GNorm = 0.4696, lr_0 = 1.0092e-04
Loss = 2.6515e-02, PNorm = 121.4572, GNorm = 0.3637, lr_0 = 1.0062e-04
Loss = 2.4661e-02, PNorm = 121.4647, GNorm = 0.2036, lr_0 = 1.0032e-04
Loss = 2.4486e-02, PNorm = 121.4706, GNorm = 0.5276, lr_0 = 1.0003e-04
Loss = 2.2944e-02, PNorm = 121.4773, GNorm = 0.2214, lr_0 = 9.9731e-05
Loss = 2.3590e-02, PNorm = 121.4825, GNorm = 0.3434, lr_0 = 9.9436e-05
Loss = 2.5313e-02, PNorm = 121.4874, GNorm = 0.4577, lr_0 = 9.9142e-05
Loss = 3.1593e-02, PNorm = 121.4947, GNorm = 0.3568, lr_0 = 9.8849e-05
Loss = 3.0778e-02, PNorm = 121.5022, GNorm = 0.4982, lr_0 = 9.8556e-05
Loss = 2.6618e-02, PNorm = 121.5095, GNorm = 0.1731, lr_0 = 9.8264e-05
Loss = 2.6733e-02, PNorm = 121.5158, GNorm = 0.3615, lr_0 = 9.7974e-05
Loss = 2.4673e-02, PNorm = 121.5220, GNorm = 0.3762, lr_0 = 9.7684e-05
Loss = 2.6338e-02, PNorm = 121.5278, GNorm = 0.8140, lr_0 = 9.7395e-05
Loss = 3.0883e-02, PNorm = 121.5354, GNorm = 0.5353, lr_0 = 9.7106e-05
Validation rmse = 28.030823
Epoch 28
Loss = 2.4492e-02, PNorm = 121.5435, GNorm = 0.3513, lr_0 = 9.6819e-05
Loss = 2.3331e-02, PNorm = 121.5505, GNorm = 0.3643, lr_0 = 9.6532e-05
Loss = 2.1715e-02, PNorm = 121.5564, GNorm = 0.2190, lr_0 = 9.6247e-05
Loss = 2.6072e-02, PNorm = 121.5616, GNorm = 0.2717, lr_0 = 9.5962e-05
Loss = 1.9658e-02, PNorm = 121.5663, GNorm = 0.2263, lr_0 = 9.5678e-05
Loss = 2.2007e-02, PNorm = 121.5732, GNorm = 0.4415, lr_0 = 9.5395e-05
Loss = 1.9911e-02, PNorm = 121.5784, GNorm = 0.2878, lr_0 = 9.5112e-05
Loss = 2.4800e-02, PNorm = 121.5839, GNorm = 0.3081, lr_0 = 9.4831e-05
Loss = 2.5110e-02, PNorm = 121.5910, GNorm = 0.2991, lr_0 = 9.4550e-05
Loss = 2.3076e-02, PNorm = 121.5960, GNorm = 0.3810, lr_0 = 9.4271e-05
Loss = 2.3861e-02, PNorm = 121.6003, GNorm = 0.3594, lr_0 = 9.3992e-05
Loss = 2.4836e-02, PNorm = 121.6053, GNorm = 0.2474, lr_0 = 9.3713e-05
Loss = 2.0324e-02, PNorm = 121.6108, GNorm = 0.3470, lr_0 = 9.3436e-05
Loss = 2.3825e-02, PNorm = 121.6170, GNorm = 0.7173, lr_0 = 9.3160e-05
Loss = 2.9789e-02, PNorm = 121.6225, GNorm = 0.3178, lr_0 = 9.2884e-05
Loss = 2.2649e-02, PNorm = 121.6283, GNorm = 0.2041, lr_0 = 9.2609e-05
Loss = 2.4676e-02, PNorm = 121.6344, GNorm = 0.2471, lr_0 = 9.2335e-05
Loss = 2.3809e-02, PNorm = 121.6398, GNorm = 0.4771, lr_0 = 9.2062e-05
Loss = 2.3695e-02, PNorm = 121.6445, GNorm = 0.2429, lr_0 = 9.1789e-05
Loss = 2.1645e-02, PNorm = 121.6489, GNorm = 0.2793, lr_0 = 9.1518e-05
Loss = 2.2072e-02, PNorm = 121.6544, GNorm = 0.2119, lr_0 = 9.1247e-05
Validation rmse = 27.630694
Epoch 29
Loss = 2.2591e-02, PNorm = 121.6605, GNorm = 0.3717, lr_0 = 9.0950e-05
Loss = 2.2237e-02, PNorm = 121.6664, GNorm = 0.2619, lr_0 = 9.0681e-05
Loss = 2.6129e-02, PNorm = 121.6749, GNorm = 0.3005, lr_0 = 9.0412e-05
Loss = 2.3113e-02, PNorm = 121.6822, GNorm = 0.2967, lr_0 = 9.0145e-05
Loss = 2.1365e-02, PNorm = 121.6885, GNorm = 0.2682, lr_0 = 8.9878e-05
Loss = 2.0537e-02, PNorm = 121.6940, GNorm = 0.2845, lr_0 = 8.9612e-05
Loss = 2.1628e-02, PNorm = 121.6987, GNorm = 0.4335, lr_0 = 8.9347e-05
Loss = 2.2991e-02, PNorm = 121.7027, GNorm = 0.3336, lr_0 = 8.9082e-05
Loss = 2.4275e-02, PNorm = 121.7052, GNorm = 0.1958, lr_0 = 8.8819e-05
Loss = 1.9924e-02, PNorm = 121.7095, GNorm = 0.2030, lr_0 = 8.8556e-05
Loss = 2.0218e-02, PNorm = 121.7144, GNorm = 0.2067, lr_0 = 8.8294e-05
Loss = 2.3587e-02, PNorm = 121.7198, GNorm = 0.4202, lr_0 = 8.8033e-05
Loss = 2.4536e-02, PNorm = 121.7251, GNorm = 0.2627, lr_0 = 8.7772e-05
Loss = 2.6113e-02, PNorm = 121.7304, GNorm = 0.5018, lr_0 = 8.7512e-05
Loss = 2.3769e-02, PNorm = 121.7358, GNorm = 0.2749, lr_0 = 8.7253e-05
Loss = 2.4561e-02, PNorm = 121.7409, GNorm = 0.3309, lr_0 = 8.6995e-05
Loss = 2.0140e-02, PNorm = 121.7467, GNorm = 0.3036, lr_0 = 8.6738e-05
Loss = 2.7321e-02, PNorm = 121.7538, GNorm = 0.3838, lr_0 = 8.6481e-05
Loss = 2.2560e-02, PNorm = 121.7588, GNorm = 0.2341, lr_0 = 8.6225e-05
Loss = 2.4544e-02, PNorm = 121.7646, GNorm = 0.5972, lr_0 = 8.5970e-05
Loss = 2.3069e-02, PNorm = 121.7697, GNorm = 0.6045, lr_0 = 8.5715e-05
Validation rmse = 27.217962
Epoch 30
Loss = 1.7343e-02, PNorm = 121.7751, GNorm = 0.1835, lr_0 = 8.5462e-05
Loss = 2.6550e-02, PNorm = 121.7803, GNorm = 0.2447, lr_0 = 8.5209e-05
Loss = 2.2890e-02, PNorm = 121.7850, GNorm = 0.5226, lr_0 = 8.4957e-05
Loss = 1.9632e-02, PNorm = 121.7917, GNorm = 0.2893, lr_0 = 8.4705e-05
Loss = 2.2279e-02, PNorm = 121.7970, GNorm = 0.2233, lr_0 = 8.4455e-05
Loss = 1.7439e-02, PNorm = 121.8013, GNorm = 0.2482, lr_0 = 8.4205e-05
Loss = 2.0432e-02, PNorm = 121.8055, GNorm = 0.4236, lr_0 = 8.3956e-05
Loss = 2.7304e-02, PNorm = 121.8111, GNorm = 0.2352, lr_0 = 8.3707e-05
Loss = 2.4229e-02, PNorm = 121.8166, GNorm = 0.3852, lr_0 = 8.3459e-05
Loss = 2.6455e-02, PNorm = 121.8223, GNorm = 0.4509, lr_0 = 8.3212e-05
Loss = 2.5573e-02, PNorm = 121.8282, GNorm = 0.4585, lr_0 = 8.2966e-05
Loss = 2.2062e-02, PNorm = 121.8347, GNorm = 0.7397, lr_0 = 8.2721e-05
Loss = 2.6406e-02, PNorm = 121.8400, GNorm = 0.4845, lr_0 = 8.2476e-05
Loss = 2.2887e-02, PNorm = 121.8458, GNorm = 0.4372, lr_0 = 8.2232e-05
Loss = 2.4214e-02, PNorm = 121.8528, GNorm = 0.6076, lr_0 = 8.1988e-05
Loss = 2.0854e-02, PNorm = 121.8572, GNorm = 0.3749, lr_0 = 8.1746e-05
Loss = 2.3056e-02, PNorm = 121.8615, GNorm = 0.4427, lr_0 = 8.1504e-05
Loss = 2.1765e-02, PNorm = 121.8663, GNorm = 0.2815, lr_0 = 8.1263e-05
Loss = 1.8966e-02, PNorm = 121.8699, GNorm = 0.3910, lr_0 = 8.1022e-05
Loss = 2.0001e-02, PNorm = 121.8738, GNorm = 0.3154, lr_0 = 8.0782e-05
Loss = 2.5337e-02, PNorm = 121.8788, GNorm = 0.4708, lr_0 = 8.0543e-05
Loss = 2.2070e-02, PNorm = 121.8837, GNorm = 0.1825, lr_0 = 8.0305e-05
Validation rmse = 27.623246
Epoch 31
Loss = 2.1568e-02, PNorm = 121.8896, GNorm = 0.2571, lr_0 = 8.0067e-05
Loss = 1.9574e-02, PNorm = 121.8943, GNorm = 0.2602, lr_0 = 7.9830e-05
Loss = 2.0784e-02, PNorm = 121.8970, GNorm = 0.2874, lr_0 = 7.9594e-05
Loss = 1.8120e-02, PNorm = 121.9007, GNorm = 0.3668, lr_0 = 7.9359e-05
Loss = 2.1686e-02, PNorm = 121.9049, GNorm = 0.3695, lr_0 = 7.9124e-05
Loss = 1.9909e-02, PNorm = 121.9087, GNorm = 0.3322, lr_0 = 7.8890e-05
Loss = 2.1874e-02, PNorm = 121.9127, GNorm = 0.3716, lr_0 = 7.8656e-05
Loss = 2.2322e-02, PNorm = 121.9175, GNorm = 0.2122, lr_0 = 7.8423e-05
Loss = 2.1395e-02, PNorm = 121.9222, GNorm = 0.3305, lr_0 = 7.8191e-05
Loss = 2.2609e-02, PNorm = 121.9265, GNorm = 0.2374, lr_0 = 7.7960e-05
Loss = 2.2195e-02, PNorm = 121.9311, GNorm = 0.2269, lr_0 = 7.7729e-05
Loss = 2.0153e-02, PNorm = 121.9361, GNorm = 0.3400, lr_0 = 7.7499e-05
Loss = 2.0362e-02, PNorm = 121.9398, GNorm = 0.6870, lr_0 = 7.7270e-05
Loss = 2.2100e-02, PNorm = 121.9441, GNorm = 0.7936, lr_0 = 7.7041e-05
Loss = 2.6239e-02, PNorm = 121.9498, GNorm = 0.3138, lr_0 = 7.6813e-05
Loss = 2.0796e-02, PNorm = 121.9556, GNorm = 0.2982, lr_0 = 7.6586e-05
Loss = 1.7521e-02, PNorm = 121.9596, GNorm = 0.3527, lr_0 = 7.6359e-05
Loss = 1.9289e-02, PNorm = 121.9633, GNorm = 0.2282, lr_0 = 7.6133e-05
Loss = 1.9557e-02, PNorm = 121.9688, GNorm = 0.4538, lr_0 = 7.5908e-05
Loss = 2.1546e-02, PNorm = 121.9727, GNorm = 0.3397, lr_0 = 7.5683e-05
Loss = 2.1108e-02, PNorm = 121.9771, GNorm = 0.5154, lr_0 = 7.5459e-05
Validation rmse = 26.687377
Epoch 32
Loss = 2.2813e-02, PNorm = 121.9819, GNorm = 0.2287, lr_0 = 7.5214e-05
Loss = 1.9054e-02, PNorm = 121.9861, GNorm = 0.3537, lr_0 = 7.4991e-05
Loss = 1.7827e-02, PNorm = 121.9900, GNorm = 0.1831, lr_0 = 7.4769e-05
Loss = 2.0377e-02, PNorm = 121.9935, GNorm = 0.2560, lr_0 = 7.4548e-05
Loss = 2.1351e-02, PNorm = 121.9974, GNorm = 0.2588, lr_0 = 7.4327e-05
Loss = 2.1496e-02, PNorm = 122.0020, GNorm = 0.3455, lr_0 = 7.4107e-05
Loss = 2.0793e-02, PNorm = 122.0069, GNorm = 0.3383, lr_0 = 7.3888e-05
Loss = 2.0427e-02, PNorm = 122.0100, GNorm = 0.2823, lr_0 = 7.3669e-05
Loss = 1.8385e-02, PNorm = 122.0140, GNorm = 0.2752, lr_0 = 7.3451e-05
Loss = 2.0159e-02, PNorm = 122.0181, GNorm = 0.3204, lr_0 = 7.3234e-05
Loss = 2.0886e-02, PNorm = 122.0221, GNorm = 0.2245, lr_0 = 7.3017e-05
Loss = 1.8818e-02, PNorm = 122.0237, GNorm = 0.3725, lr_0 = 7.2801e-05
Loss = 2.0800e-02, PNorm = 122.0272, GNorm = 0.4660, lr_0 = 7.2586e-05
Loss = 2.1268e-02, PNorm = 122.0327, GNorm = 0.2986, lr_0 = 7.2371e-05
Loss = 2.2774e-02, PNorm = 122.0377, GNorm = 0.2398, lr_0 = 7.2157e-05
Loss = 1.7525e-02, PNorm = 122.0427, GNorm = 0.3008, lr_0 = 7.1943e-05
Loss = 2.2214e-02, PNorm = 122.0468, GNorm = 0.3477, lr_0 = 7.1730e-05
Loss = 1.9899e-02, PNorm = 122.0511, GNorm = 0.2589, lr_0 = 7.1518e-05
Loss = 1.9078e-02, PNorm = 122.0557, GNorm = 0.2148, lr_0 = 7.1306e-05
Loss = 2.2626e-02, PNorm = 122.0595, GNorm = 0.2255, lr_0 = 7.1095e-05
Loss = 2.5613e-02, PNorm = 122.0637, GNorm = 0.4092, lr_0 = 7.0885e-05
Validation rmse = 27.381673
Epoch 33
Loss = 1.8871e-02, PNorm = 122.0677, GNorm = 0.2862, lr_0 = 7.0675e-05
Loss = 1.7761e-02, PNorm = 122.0716, GNorm = 0.2778, lr_0 = 7.0466e-05
Loss = 1.7830e-02, PNorm = 122.0744, GNorm = 0.2375, lr_0 = 7.0257e-05
Loss = 2.2668e-02, PNorm = 122.0780, GNorm = 0.4911, lr_0 = 7.0050e-05
Loss = 1.5608e-02, PNorm = 122.0809, GNorm = 0.4907, lr_0 = 6.9842e-05
Loss = 1.9936e-02, PNorm = 122.0843, GNorm = 0.3410, lr_0 = 6.9636e-05
Loss = 1.9489e-02, PNorm = 122.0877, GNorm = 0.2265, lr_0 = 6.9429e-05
Loss = 1.8945e-02, PNorm = 122.0911, GNorm = 0.2998, lr_0 = 6.9224e-05
Loss = 2.3073e-02, PNorm = 122.0957, GNorm = 0.5106, lr_0 = 6.9019e-05
Loss = 2.1975e-02, PNorm = 122.1013, GNorm = 0.2227, lr_0 = 6.8815e-05
Loss = 1.9293e-02, PNorm = 122.1065, GNorm = 0.3477, lr_0 = 6.8611e-05
Loss = 2.2234e-02, PNorm = 122.1109, GNorm = 0.3387, lr_0 = 6.8408e-05
Loss = 1.8943e-02, PNorm = 122.1164, GNorm = 0.2655, lr_0 = 6.8206e-05
Loss = 2.1513e-02, PNorm = 122.1218, GNorm = 0.2325, lr_0 = 6.8004e-05
Loss = 2.1115e-02, PNorm = 122.1273, GNorm = 0.5813, lr_0 = 6.7803e-05
Loss = 1.7553e-02, PNorm = 122.1317, GNorm = 0.1984, lr_0 = 6.7602e-05
Loss = 2.1528e-02, PNorm = 122.1361, GNorm = 0.4716, lr_0 = 6.7402e-05
Loss = 1.9618e-02, PNorm = 122.1408, GNorm = 0.2320, lr_0 = 6.7203e-05
Loss = 1.8414e-02, PNorm = 122.1444, GNorm = 0.3627, lr_0 = 6.7004e-05
Loss = 2.3336e-02, PNorm = 122.1473, GNorm = 0.3546, lr_0 = 6.6805e-05
Loss = 1.8663e-02, PNorm = 122.1503, GNorm = 0.2059, lr_0 = 6.6608e-05
Loss = 1.9395e-02, PNorm = 122.1543, GNorm = 0.2932, lr_0 = 6.6411e-05
Validation rmse = 27.133869
Epoch 34
Loss = 1.7587e-02, PNorm = 122.1593, GNorm = 0.3133, lr_0 = 6.6194e-05
Loss = 2.0628e-02, PNorm = 122.1629, GNorm = 0.3989, lr_0 = 6.5999e-05
Loss = 1.7035e-02, PNorm = 122.1667, GNorm = 0.3143, lr_0 = 6.5803e-05
Loss = 2.0113e-02, PNorm = 122.1703, GNorm = 0.2852, lr_0 = 6.5608e-05
Loss = 1.9626e-02, PNorm = 122.1743, GNorm = 0.2548, lr_0 = 6.5414e-05
Loss = 1.8916e-02, PNorm = 122.1780, GNorm = 0.3485, lr_0 = 6.5221e-05
Loss = 1.6342e-02, PNorm = 122.1817, GNorm = 0.3452, lr_0 = 6.5028e-05
Loss = 1.8630e-02, PNorm = 122.1856, GNorm = 0.3000, lr_0 = 6.4835e-05
Loss = 1.6216e-02, PNorm = 122.1891, GNorm = 0.3437, lr_0 = 6.4643e-05
Loss = 1.8743e-02, PNorm = 122.1930, GNorm = 0.2823, lr_0 = 6.4452e-05
Loss = 1.9670e-02, PNorm = 122.1963, GNorm = 0.1958, lr_0 = 6.4261e-05
Loss = 2.1203e-02, PNorm = 122.2015, GNorm = 0.2806, lr_0 = 6.4071e-05
Loss = 1.9549e-02, PNorm = 122.2052, GNorm = 0.3283, lr_0 = 6.3882e-05
Loss = 1.8744e-02, PNorm = 122.2088, GNorm = 0.3002, lr_0 = 6.3693e-05
Loss = 2.0610e-02, PNorm = 122.2115, GNorm = 0.5702, lr_0 = 6.3504e-05
Loss = 1.9490e-02, PNorm = 122.2144, GNorm = 0.2794, lr_0 = 6.3316e-05
Loss = 1.9020e-02, PNorm = 122.2174, GNorm = 0.3746, lr_0 = 6.3129e-05
Loss = 1.7454e-02, PNorm = 122.2217, GNorm = 0.2747, lr_0 = 6.2942e-05
Loss = 1.8042e-02, PNorm = 122.2253, GNorm = 0.3040, lr_0 = 6.2756e-05
Loss = 1.9269e-02, PNorm = 122.2293, GNorm = 0.2706, lr_0 = 6.2570e-05
Loss = 1.9758e-02, PNorm = 122.2326, GNorm = 0.2545, lr_0 = 6.2385e-05
Validation rmse = 26.685569
Epoch 35
Loss = 1.9973e-02, PNorm = 122.2361, GNorm = 0.3882, lr_0 = 6.2200e-05
Loss = 1.8379e-02, PNorm = 122.2393, GNorm = 0.4381, lr_0 = 6.2016e-05
Loss = 1.5442e-02, PNorm = 122.2422, GNorm = 0.3658, lr_0 = 6.1833e-05
Loss = 2.0550e-02, PNorm = 122.2455, GNorm = 0.3220, lr_0 = 6.1650e-05
Loss = 1.6566e-02, PNorm = 122.2493, GNorm = 0.3203, lr_0 = 6.1467e-05
Loss = 1.7726e-02, PNorm = 122.2523, GNorm = 0.2273, lr_0 = 6.1285e-05
Loss = 1.9013e-02, PNorm = 122.2568, GNorm = 0.2678, lr_0 = 6.1104e-05
Loss = 1.6682e-02, PNorm = 122.2601, GNorm = 0.4471, lr_0 = 6.0923e-05
Loss = 1.8271e-02, PNorm = 122.2631, GNorm = 0.4085, lr_0 = 6.0743e-05
Loss = 1.9895e-02, PNorm = 122.2663, GNorm = 0.3682, lr_0 = 6.0563e-05
Loss = 1.8126e-02, PNorm = 122.2708, GNorm = 0.2688, lr_0 = 6.0384e-05
Loss = 1.8996e-02, PNorm = 122.2730, GNorm = 0.4861, lr_0 = 6.0205e-05
Loss = 2.0526e-02, PNorm = 122.2755, GNorm = 0.3087, lr_0 = 6.0027e-05
Loss = 1.7361e-02, PNorm = 122.2791, GNorm = 0.1610, lr_0 = 5.9849e-05
Loss = 2.1995e-02, PNorm = 122.2826, GNorm = 0.2559, lr_0 = 5.9672e-05
Loss = 1.8285e-02, PNorm = 122.2864, GNorm = 0.2415, lr_0 = 5.9496e-05
Loss = 1.9010e-02, PNorm = 122.2901, GNorm = 0.2692, lr_0 = 5.9319e-05
Loss = 1.4941e-02, PNorm = 122.2935, GNorm = 0.2434, lr_0 = 5.9144e-05
Loss = 1.9256e-02, PNorm = 122.2943, GNorm = 0.5047, lr_0 = 5.8969e-05
Loss = 1.6674e-02, PNorm = 122.2964, GNorm = 0.2792, lr_0 = 5.8794e-05
Loss = 1.6243e-02, PNorm = 122.2990, GNorm = 0.4029, lr_0 = 5.8620e-05
Validation rmse = 26.710491
Epoch 36
Loss = 1.4619e-02, PNorm = 122.3029, GNorm = 0.3990, lr_0 = 5.8430e-05
Loss = 1.7936e-02, PNorm = 122.3065, GNorm = 0.3370, lr_0 = 5.8257e-05
Loss = 1.7328e-02, PNorm = 122.3102, GNorm = 0.2923, lr_0 = 5.8084e-05
Loss = 1.8697e-02, PNorm = 122.3141, GNorm = 0.3629, lr_0 = 5.7912e-05
Loss = 1.6029e-02, PNorm = 122.3180, GNorm = 0.2994, lr_0 = 5.7741e-05
Loss = 2.1588e-02, PNorm = 122.3196, GNorm = 0.1741, lr_0 = 5.7570e-05
Loss = 2.0808e-02, PNorm = 122.3216, GNorm = 0.3635, lr_0 = 5.7400e-05
Loss = 2.0211e-02, PNorm = 122.3241, GNorm = 0.2195, lr_0 = 5.7230e-05
Loss = 1.8655e-02, PNorm = 122.3269, GNorm = 0.2781, lr_0 = 5.7061e-05
Loss = 1.9275e-02, PNorm = 122.3305, GNorm = 0.3933, lr_0 = 5.6892e-05
Loss = 1.6937e-02, PNorm = 122.3337, GNorm = 0.2967, lr_0 = 5.6723e-05
Loss = 1.9973e-02, PNorm = 122.3371, GNorm = 0.4519, lr_0 = 5.6555e-05
Loss = 1.5350e-02, PNorm = 122.3407, GNorm = 0.3985, lr_0 = 5.6388e-05
Loss = 1.9078e-02, PNorm = 122.3434, GNorm = 0.2864, lr_0 = 5.6221e-05
Loss = 1.8065e-02, PNorm = 122.3463, GNorm = 0.2687, lr_0 = 5.6055e-05
Loss = 1.7272e-02, PNorm = 122.3497, GNorm = 0.2245, lr_0 = 5.5889e-05
Loss = 1.6256e-02, PNorm = 122.3532, GNorm = 0.3787, lr_0 = 5.5724e-05
Loss = 1.5487e-02, PNorm = 122.3573, GNorm = 0.2292, lr_0 = 5.5559e-05
Loss = 2.0676e-02, PNorm = 122.3611, GNorm = 0.2732, lr_0 = 5.5394e-05
Loss = 1.9634e-02, PNorm = 122.3636, GNorm = 0.2251, lr_0 = 5.5230e-05
Loss = 1.7260e-02, PNorm = 122.3667, GNorm = 0.3650, lr_0 = 5.5067e-05
Loss = 1.8977e-02, PNorm = 122.3696, GNorm = 0.4615, lr_0 = 5.4904e-05
Validation rmse = 27.150105
Epoch 37
Loss = 1.6905e-02, PNorm = 122.3730, GNorm = 0.2713, lr_0 = 5.4741e-05
Loss = 1.8585e-02, PNorm = 122.3761, GNorm = 0.2465, lr_0 = 5.4579e-05
Loss = 2.0283e-02, PNorm = 122.3797, GNorm = 0.4404, lr_0 = 5.4418e-05
Loss = 1.8033e-02, PNorm = 122.3827, GNorm = 0.4270, lr_0 = 5.4257e-05
Loss = 2.0174e-02, PNorm = 122.3869, GNorm = 0.2648, lr_0 = 5.4096e-05
Loss = 1.8938e-02, PNorm = 122.3910, GNorm = 0.2097, lr_0 = 5.3936e-05
Loss = 1.7537e-02, PNorm = 122.3943, GNorm = 0.2219, lr_0 = 5.3777e-05
Loss = 2.0332e-02, PNorm = 122.3965, GNorm = 0.2537, lr_0 = 5.3617e-05
Loss = 1.6979e-02, PNorm = 122.3987, GNorm = 0.3314, lr_0 = 5.3459e-05
Loss = 1.6485e-02, PNorm = 122.4017, GNorm = 0.3154, lr_0 = 5.3301e-05
Loss = 1.6632e-02, PNorm = 122.4038, GNorm = 0.1900, lr_0 = 5.3143e-05
Loss = 1.5150e-02, PNorm = 122.4057, GNorm = 0.2149, lr_0 = 5.2986e-05
Loss = 1.6762e-02, PNorm = 122.4077, GNorm = 0.2563, lr_0 = 5.2829e-05
Loss = 1.8582e-02, PNorm = 122.4104, GNorm = 0.2760, lr_0 = 5.2672e-05
Loss = 1.6016e-02, PNorm = 122.4129, GNorm = 0.3200, lr_0 = 5.2517e-05
Loss = 1.7516e-02, PNorm = 122.4164, GNorm = 0.1612, lr_0 = 5.2361e-05
Loss = 1.5925e-02, PNorm = 122.4190, GNorm = 0.4276, lr_0 = 5.2206e-05
Loss = 1.9910e-02, PNorm = 122.4213, GNorm = 0.2267, lr_0 = 5.2052e-05
Loss = 1.6542e-02, PNorm = 122.4241, GNorm = 0.2036, lr_0 = 5.1898e-05
Loss = 1.9889e-02, PNorm = 122.4260, GNorm = 0.2852, lr_0 = 5.1744e-05
Loss = 1.6003e-02, PNorm = 122.4284, GNorm = 0.2592, lr_0 = 5.1591e-05
Validation rmse = 26.900778
Epoch 38
Loss = 1.2808e-02, PNorm = 122.4313, GNorm = 0.2774, lr_0 = 5.1438e-05
Loss = 1.6040e-02, PNorm = 122.4344, GNorm = 0.2494, lr_0 = 5.1286e-05
Loss = 1.7297e-02, PNorm = 122.4381, GNorm = 0.3963, lr_0 = 5.1134e-05
Loss = 1.7139e-02, PNorm = 122.4421, GNorm = 0.2174, lr_0 = 5.0983e-05
Loss = 2.0650e-02, PNorm = 122.4458, GNorm = 0.2345, lr_0 = 5.0832e-05
Loss = 1.8830e-02, PNorm = 122.4489, GNorm = 0.2763, lr_0 = 5.0682e-05
Loss = 1.6643e-02, PNorm = 122.4519, GNorm = 0.1690, lr_0 = 5.0532e-05
Loss = 1.7289e-02, PNorm = 122.4550, GNorm = 0.3838, lr_0 = 5.0382e-05
Loss = 1.6021e-02, PNorm = 122.4581, GNorm = 0.4085, lr_0 = 5.0233e-05
Loss = 1.5686e-02, PNorm = 122.4612, GNorm = 0.3387, lr_0 = 5.0084e-05
Loss = 1.5607e-02, PNorm = 122.4639, GNorm = 0.2592, lr_0 = 4.9936e-05
Loss = 1.7169e-02, PNorm = 122.4664, GNorm = 0.2731, lr_0 = 4.9788e-05
Loss = 2.0976e-02, PNorm = 122.4682, GNorm = 0.3547, lr_0 = 4.9641e-05
Loss = 1.7362e-02, PNorm = 122.4713, GNorm = 0.2758, lr_0 = 4.9494e-05
Loss = 1.5888e-02, PNorm = 122.4736, GNorm = 0.2396, lr_0 = 4.9348e-05
Loss = 1.6238e-02, PNorm = 122.4756, GNorm = 0.2426, lr_0 = 4.9202e-05
Loss = 1.7895e-02, PNorm = 122.4786, GNorm = 0.1903, lr_0 = 4.9056e-05
Loss = 1.6551e-02, PNorm = 122.4824, GNorm = 0.3094, lr_0 = 4.8911e-05
Loss = 2.1108e-02, PNorm = 122.4859, GNorm = 0.3415, lr_0 = 4.8766e-05
Loss = 1.7355e-02, PNorm = 122.4886, GNorm = 0.1640, lr_0 = 4.8622e-05
Loss = 1.6803e-02, PNorm = 122.4902, GNorm = 0.2777, lr_0 = 4.8478e-05
Validation rmse = 26.475497
Epoch 39
Loss = 1.6243e-02, PNorm = 122.4939, GNorm = 0.2024, lr_0 = 4.8320e-05
Loss = 1.9390e-02, PNorm = 122.4966, GNorm = 0.2740, lr_0 = 4.8177e-05
Loss = 1.4818e-02, PNorm = 122.4986, GNorm = 0.2607, lr_0 = 4.8035e-05
Loss = 1.3417e-02, PNorm = 122.5010, GNorm = 0.1554, lr_0 = 4.7892e-05
Loss = 1.3613e-02, PNorm = 122.5030, GNorm = 0.2015, lr_0 = 4.7751e-05
Loss = 1.5986e-02, PNorm = 122.5058, GNorm = 0.2164, lr_0 = 4.7609e-05
Loss = 1.9943e-02, PNorm = 122.5083, GNorm = 0.3280, lr_0 = 4.7468e-05
Loss = 1.4822e-02, PNorm = 122.5107, GNorm = 0.3785, lr_0 = 4.7328e-05
Loss = 1.6467e-02, PNorm = 122.5132, GNorm = 0.2627, lr_0 = 4.7188e-05
Loss = 1.6068e-02, PNorm = 122.5159, GNorm = 0.2833, lr_0 = 4.7048e-05
Loss = 1.8707e-02, PNorm = 122.5192, GNorm = 0.2754, lr_0 = 4.6909e-05
Loss = 1.7574e-02, PNorm = 122.5219, GNorm = 0.2788, lr_0 = 4.6770e-05
Loss = 1.9861e-02, PNorm = 122.5248, GNorm = 0.5357, lr_0 = 4.6632e-05
Loss = 1.5507e-02, PNorm = 122.5282, GNorm = 0.2081, lr_0 = 4.6494e-05
Loss = 1.8038e-02, PNorm = 122.5310, GNorm = 0.2288, lr_0 = 4.6356e-05
Loss = 1.5136e-02, PNorm = 122.5333, GNorm = 0.3798, lr_0 = 4.6219e-05
Loss = 1.6977e-02, PNorm = 122.5358, GNorm = 0.5042, lr_0 = 4.6082e-05
Loss = 1.6915e-02, PNorm = 122.5377, GNorm = 0.2614, lr_0 = 4.5946e-05
Loss = 1.7091e-02, PNorm = 122.5402, GNorm = 0.1301, lr_0 = 4.5810e-05
Loss = 1.5538e-02, PNorm = 122.5430, GNorm = 0.2706, lr_0 = 4.5674e-05
Loss = 1.5164e-02, PNorm = 122.5454, GNorm = 0.2915, lr_0 = 4.5539e-05
Loss = 1.4728e-02, PNorm = 122.5468, GNorm = 0.3816, lr_0 = 4.5404e-05
Validation rmse = 26.801923
Epoch 40
Loss = 1.6152e-02, PNorm = 122.5491, GNorm = 0.2409, lr_0 = 4.5270e-05
Loss = 1.6166e-02, PNorm = 122.5520, GNorm = 0.2869, lr_0 = 4.5136e-05
Loss = 1.6071e-02, PNorm = 122.5551, GNorm = 0.2832, lr_0 = 4.5002e-05
Loss = 1.7070e-02, PNorm = 122.5575, GNorm = 0.5195, lr_0 = 4.4869e-05
Loss = 1.3731e-02, PNorm = 122.5604, GNorm = 0.3531, lr_0 = 4.4737e-05
Loss = 1.3739e-02, PNorm = 122.5627, GNorm = 0.1894, lr_0 = 4.4604e-05
Loss = 1.5635e-02, PNorm = 122.5649, GNorm = 0.1547, lr_0 = 4.4472e-05
Loss = 1.4444e-02, PNorm = 122.5672, GNorm = 0.3952, lr_0 = 4.4341e-05
Loss = 1.6616e-02, PNorm = 122.5694, GNorm = 0.2738, lr_0 = 4.4209e-05
Loss = 1.8117e-02, PNorm = 122.5717, GNorm = 0.2125, lr_0 = 4.4078e-05
Loss = 1.6018e-02, PNorm = 122.5743, GNorm = 0.2926, lr_0 = 4.3948e-05
Loss = 1.6572e-02, PNorm = 122.5761, GNorm = 0.2143, lr_0 = 4.3818e-05
Loss = 1.8992e-02, PNorm = 122.5782, GNorm = 0.3241, lr_0 = 4.3688e-05
Loss = 1.4035e-02, PNorm = 122.5809, GNorm = 0.1610, lr_0 = 4.3559e-05
Loss = 1.7740e-02, PNorm = 122.5838, GNorm = 0.2389, lr_0 = 4.3430e-05
Loss = 1.7118e-02, PNorm = 122.5867, GNorm = 0.2485, lr_0 = 4.3302e-05
Loss = 1.6265e-02, PNorm = 122.5886, GNorm = 0.2552, lr_0 = 4.3173e-05
Loss = 1.6788e-02, PNorm = 122.5902, GNorm = 0.1816, lr_0 = 4.3046e-05
Loss = 1.4993e-02, PNorm = 122.5916, GNorm = 0.2909, lr_0 = 4.2918e-05
Loss = 1.6626e-02, PNorm = 122.5933, GNorm = 0.2455, lr_0 = 4.2791e-05
Loss = 1.7784e-02, PNorm = 122.5959, GNorm = 0.2806, lr_0 = 4.2665e-05
Validation rmse = 27.042983
Epoch 41
Loss = 1.6084e-02, PNorm = 122.5981, GNorm = 0.2172, lr_0 = 4.2526e-05
Loss = 1.5697e-02, PNorm = 122.6004, GNorm = 0.2175, lr_0 = 4.2400e-05
Loss = 1.3283e-02, PNorm = 122.6022, GNorm = 0.3598, lr_0 = 4.2274e-05
Loss = 1.5718e-02, PNorm = 122.6042, GNorm = 0.1225, lr_0 = 4.2149e-05
Loss = 1.6185e-02, PNorm = 122.6063, GNorm = 0.2640, lr_0 = 4.2025e-05
Loss = 1.6627e-02, PNorm = 122.6078, GNorm = 0.2484, lr_0 = 4.1900e-05
Loss = 1.5452e-02, PNorm = 122.6101, GNorm = 0.3689, lr_0 = 4.1776e-05
Loss = 1.4909e-02, PNorm = 122.6122, GNorm = 0.3075, lr_0 = 4.1653e-05
Loss = 1.6653e-02, PNorm = 122.6148, GNorm = 0.4202, lr_0 = 4.1529e-05
Loss = 1.4135e-02, PNorm = 122.6171, GNorm = 0.3247, lr_0 = 4.1406e-05
Loss = 1.2444e-02, PNorm = 122.6186, GNorm = 0.2652, lr_0 = 4.1284e-05
Loss = 1.5025e-02, PNorm = 122.6194, GNorm = 0.1743, lr_0 = 4.1162e-05
Loss = 1.4991e-02, PNorm = 122.6209, GNorm = 0.2715, lr_0 = 4.1040e-05
Loss = 1.8658e-02, PNorm = 122.6234, GNorm = 0.3016, lr_0 = 4.0918e-05
Loss = 1.8384e-02, PNorm = 122.6265, GNorm = 0.2055, lr_0 = 4.0797e-05
Loss = 1.5780e-02, PNorm = 122.6292, GNorm = 0.1696, lr_0 = 4.0677e-05
Loss = 1.5301e-02, PNorm = 122.6308, GNorm = 0.2555, lr_0 = 4.0556e-05
Loss = 1.3037e-02, PNorm = 122.6322, GNorm = 0.2401, lr_0 = 4.0436e-05
Loss = 1.9648e-02, PNorm = 122.6342, GNorm = 0.2261, lr_0 = 4.0317e-05
Loss = 1.6624e-02, PNorm = 122.6374, GNorm = 0.2119, lr_0 = 4.0197e-05
Loss = 1.5423e-02, PNorm = 122.6392, GNorm = 0.3022, lr_0 = 4.0078e-05
Loss = 1.7094e-02, PNorm = 122.6407, GNorm = 0.5542, lr_0 = 3.9960e-05
Validation rmse = 26.431573
Epoch 42
Loss = 1.4359e-02, PNorm = 122.6424, GNorm = 0.2371, lr_0 = 3.9841e-05
Loss = 1.7403e-02, PNorm = 122.6443, GNorm = 0.1903, lr_0 = 3.9724e-05
Loss = 1.1357e-02, PNorm = 122.6461, GNorm = 0.2310, lr_0 = 3.9606e-05
Loss = 1.4120e-02, PNorm = 122.6481, GNorm = 0.2320, lr_0 = 3.9489e-05
Loss = 1.6167e-02, PNorm = 122.6501, GNorm = 0.2510, lr_0 = 3.9372e-05
Loss = 1.4416e-02, PNorm = 122.6522, GNorm = 0.2274, lr_0 = 3.9255e-05
Loss = 1.6879e-02, PNorm = 122.6545, GNorm = 0.1981, lr_0 = 3.9139e-05
Loss = 1.5825e-02, PNorm = 122.6570, GNorm = 0.1971, lr_0 = 3.9023e-05
Loss = 1.3710e-02, PNorm = 122.6589, GNorm = 0.2368, lr_0 = 3.8908e-05
Loss = 1.8504e-02, PNorm = 122.6609, GNorm = 0.2349, lr_0 = 3.8793e-05
Loss = 1.5737e-02, PNorm = 122.6626, GNorm = 0.4298, lr_0 = 3.8678e-05
Loss = 1.6737e-02, PNorm = 122.6645, GNorm = 0.1824, lr_0 = 3.8564e-05
Loss = 1.5028e-02, PNorm = 122.6662, GNorm = 0.1688, lr_0 = 3.8449e-05
Loss = 1.4176e-02, PNorm = 122.6690, GNorm = 0.2615, lr_0 = 3.8336e-05
Loss = 1.3121e-02, PNorm = 122.6713, GNorm = 0.1835, lr_0 = 3.8222e-05
Loss = 1.4385e-02, PNorm = 122.6731, GNorm = 0.2378, lr_0 = 3.8109e-05
Loss = 1.5340e-02, PNorm = 122.6749, GNorm = 0.2486, lr_0 = 3.7996e-05
Loss = 1.4901e-02, PNorm = 122.6768, GNorm = 0.1946, lr_0 = 3.7884e-05
Loss = 1.6022e-02, PNorm = 122.6790, GNorm = 0.2855, lr_0 = 3.7772e-05
Loss = 1.6892e-02, PNorm = 122.6818, GNorm = 0.3343, lr_0 = 3.7660e-05
Loss = 1.5701e-02, PNorm = 122.6839, GNorm = 0.4049, lr_0 = 3.7549e-05
Validation rmse = 26.471852
Epoch 43
Loss = 1.5078e-02, PNorm = 122.6857, GNorm = 0.2664, lr_0 = 3.7426e-05
Loss = 1.3248e-02, PNorm = 122.6884, GNorm = 0.2442, lr_0 = 3.7316e-05
Loss = 1.3952e-02, PNorm = 122.6899, GNorm = 0.1596, lr_0 = 3.7205e-05
Loss = 1.5094e-02, PNorm = 122.6914, GNorm = 0.2331, lr_0 = 3.7095e-05
Loss = 1.7881e-02, PNorm = 122.6935, GNorm = 0.4562, lr_0 = 3.6985e-05
Loss = 1.5740e-02, PNorm = 122.6962, GNorm = 0.2318, lr_0 = 3.6876e-05
Loss = 1.5160e-02, PNorm = 122.6987, GNorm = 0.1970, lr_0 = 3.6767e-05
Loss = 1.4570e-02, PNorm = 122.7009, GNorm = 0.4202, lr_0 = 3.6658e-05
Loss = 1.3877e-02, PNorm = 122.7031, GNorm = 0.1789, lr_0 = 3.6549e-05
Loss = 1.5032e-02, PNorm = 122.7049, GNorm = 0.2301, lr_0 = 3.6441e-05
Loss = 1.5286e-02, PNorm = 122.7065, GNorm = 0.2085, lr_0 = 3.6333e-05
Loss = 1.4719e-02, PNorm = 122.7084, GNorm = 0.3417, lr_0 = 3.6226e-05
Loss = 1.7258e-02, PNorm = 122.7106, GNorm = 0.2983, lr_0 = 3.6119e-05
Loss = 1.4853e-02, PNorm = 122.7126, GNorm = 0.2944, lr_0 = 3.6012e-05
Loss = 1.5456e-02, PNorm = 122.7144, GNorm = 0.2741, lr_0 = 3.5905e-05
Loss = 1.5753e-02, PNorm = 122.7160, GNorm = 0.2762, lr_0 = 3.5799e-05
Loss = 1.3375e-02, PNorm = 122.7175, GNorm = 0.2553, lr_0 = 3.5693e-05
Loss = 1.4116e-02, PNorm = 122.7184, GNorm = 0.2174, lr_0 = 3.5587e-05
Loss = 1.7318e-02, PNorm = 122.7195, GNorm = 0.4287, lr_0 = 3.5482e-05
Loss = 1.6243e-02, PNorm = 122.7223, GNorm = 0.2709, lr_0 = 3.5377e-05
Loss = 1.5178e-02, PNorm = 122.7249, GNorm = 0.2147, lr_0 = 3.5272e-05
Validation rmse = 26.584463
Epoch 44
Loss = 1.8287e-02, PNorm = 122.7272, GNorm = 0.3123, lr_0 = 3.5168e-05
Loss = 1.2900e-02, PNorm = 122.7296, GNorm = 0.2274, lr_0 = 3.5064e-05
Loss = 1.3546e-02, PNorm = 122.7314, GNorm = 0.2313, lr_0 = 3.4960e-05
Loss = 1.4383e-02, PNorm = 122.7330, GNorm = 0.1725, lr_0 = 3.4857e-05
Loss = 1.4710e-02, PNorm = 122.7343, GNorm = 0.2493, lr_0 = 3.4754e-05
Loss = 1.3832e-02, PNorm = 122.7358, GNorm = 0.2301, lr_0 = 3.4651e-05
Loss = 1.6886e-02, PNorm = 122.7371, GNorm = 0.3111, lr_0 = 3.4548e-05
Loss = 1.4418e-02, PNorm = 122.7388, GNorm = 0.1474, lr_0 = 3.4446e-05
Loss = 1.3972e-02, PNorm = 122.7407, GNorm = 0.1442, lr_0 = 3.4344e-05
Loss = 1.5979e-02, PNorm = 122.7427, GNorm = 0.4013, lr_0 = 3.4242e-05
Loss = 1.4510e-02, PNorm = 122.7446, GNorm = 0.1837, lr_0 = 3.4141e-05
Loss = 1.3774e-02, PNorm = 122.7459, GNorm = 0.2014, lr_0 = 3.4040e-05
Loss = 1.7284e-02, PNorm = 122.7481, GNorm = 0.2047, lr_0 = 3.3939e-05
Loss = 1.5252e-02, PNorm = 122.7499, GNorm = 0.6286, lr_0 = 3.3839e-05
Loss = 1.5413e-02, PNorm = 122.7516, GNorm = 0.1973, lr_0 = 3.3739e-05
Loss = 1.3356e-02, PNorm = 122.7528, GNorm = 0.2851, lr_0 = 3.3639e-05
Loss = 1.4482e-02, PNorm = 122.7542, GNorm = 0.2231, lr_0 = 3.3539e-05
Loss = 1.3387e-02, PNorm = 122.7560, GNorm = 0.3428, lr_0 = 3.3440e-05
Loss = 1.4005e-02, PNorm = 122.7579, GNorm = 0.2909, lr_0 = 3.3341e-05
Loss = 1.5366e-02, PNorm = 122.7602, GNorm = 0.2064, lr_0 = 3.3242e-05
Loss = 1.5666e-02, PNorm = 122.7622, GNorm = 0.2971, lr_0 = 3.3144e-05
Loss = 1.5404e-02, PNorm = 122.7640, GNorm = 0.2140, lr_0 = 3.3046e-05
Validation rmse = 26.387825
Epoch 45
Loss = 1.4863e-02, PNorm = 122.7664, GNorm = 0.1900, lr_0 = 3.2948e-05
Loss = 1.4959e-02, PNorm = 122.7680, GNorm = 0.3729, lr_0 = 3.2851e-05
Loss = 1.5047e-02, PNorm = 122.7702, GNorm = 0.2804, lr_0 = 3.2753e-05
Loss = 1.2815e-02, PNorm = 122.7719, GNorm = 0.2200, lr_0 = 3.2656e-05
Loss = 1.4319e-02, PNorm = 122.7735, GNorm = 0.4089, lr_0 = 3.2560e-05
Loss = 1.2394e-02, PNorm = 122.7746, GNorm = 0.3819, lr_0 = 3.2463e-05
Loss = 1.4579e-02, PNorm = 122.7756, GNorm = 0.2742, lr_0 = 3.2367e-05
Loss = 1.3906e-02, PNorm = 122.7766, GNorm = 0.1639, lr_0 = 3.2272e-05
Loss = 1.4277e-02, PNorm = 122.7778, GNorm = 0.3440, lr_0 = 3.2176e-05
Loss = 1.5405e-02, PNorm = 122.7795, GNorm = 0.1979, lr_0 = 3.2081e-05
Loss = 1.3637e-02, PNorm = 122.7813, GNorm = 0.2769, lr_0 = 3.1986e-05
Loss = 1.5607e-02, PNorm = 122.7829, GNorm = 0.2363, lr_0 = 3.1891e-05
Loss = 1.5948e-02, PNorm = 122.7847, GNorm = 0.2260, lr_0 = 3.1797e-05
Loss = 1.4421e-02, PNorm = 122.7867, GNorm = 0.1873, lr_0 = 3.1703e-05
Loss = 1.4097e-02, PNorm = 122.7878, GNorm = 0.2592, lr_0 = 3.1609e-05
Loss = 1.7179e-02, PNorm = 122.7887, GNorm = 0.3603, lr_0 = 3.1515e-05
Loss = 1.4811e-02, PNorm = 122.7901, GNorm = 0.1840, lr_0 = 3.1422e-05
Loss = 1.4239e-02, PNorm = 122.7917, GNorm = 0.3049, lr_0 = 3.1329e-05
Loss = 1.4136e-02, PNorm = 122.7930, GNorm = 0.3696, lr_0 = 3.1236e-05
Loss = 1.7062e-02, PNorm = 122.7942, GNorm = 0.4226, lr_0 = 3.1144e-05
Loss = 1.3134e-02, PNorm = 122.7955, GNorm = 0.2268, lr_0 = 3.1052e-05
Validation rmse = 26.581862
Epoch 46
Loss = 1.1298e-02, PNorm = 122.7968, GNorm = 0.2242, lr_0 = 3.0951e-05
Loss = 1.2891e-02, PNorm = 122.7981, GNorm = 0.2843, lr_0 = 3.0859e-05
Loss = 1.2147e-02, PNorm = 122.7994, GNorm = 0.2823, lr_0 = 3.0768e-05
Loss = 1.5687e-02, PNorm = 122.8012, GNorm = 0.3571, lr_0 = 3.0677e-05
Loss = 1.3759e-02, PNorm = 122.8025, GNorm = 0.2316, lr_0 = 3.0586e-05
Loss = 1.6874e-02, PNorm = 122.8042, GNorm = 0.2711, lr_0 = 3.0496e-05
Loss = 1.2765e-02, PNorm = 122.8063, GNorm = 0.2407, lr_0 = 3.0405e-05
Loss = 1.5799e-02, PNorm = 122.8082, GNorm = 0.2088, lr_0 = 3.0315e-05
Loss = 1.3171e-02, PNorm = 122.8089, GNorm = 0.2156, lr_0 = 3.0226e-05
Loss = 1.4297e-02, PNorm = 122.8107, GNorm = 0.2981, lr_0 = 3.0136e-05
Loss = 1.4381e-02, PNorm = 122.8125, GNorm = 0.4010, lr_0 = 3.0047e-05
Loss = 1.4762e-02, PNorm = 122.8138, GNorm = 0.2392, lr_0 = 2.9958e-05
Loss = 1.3405e-02, PNorm = 122.8148, GNorm = 0.1639, lr_0 = 2.9869e-05
Loss = 1.3423e-02, PNorm = 122.8168, GNorm = 0.2267, lr_0 = 2.9781e-05
Loss = 1.4581e-02, PNorm = 122.8185, GNorm = 0.3007, lr_0 = 2.9693e-05
Loss = 1.5612e-02, PNorm = 122.8199, GNorm = 0.4214, lr_0 = 2.9605e-05
Loss = 1.4162e-02, PNorm = 122.8210, GNorm = 0.1794, lr_0 = 2.9517e-05
Loss = 1.4200e-02, PNorm = 122.8224, GNorm = 0.1727, lr_0 = 2.9430e-05
Loss = 1.4856e-02, PNorm = 122.8235, GNorm = 0.1811, lr_0 = 2.9343e-05
Loss = 1.6590e-02, PNorm = 122.8252, GNorm = 0.3851, lr_0 = 2.9256e-05
Loss = 1.6273e-02, PNorm = 122.8266, GNorm = 0.2500, lr_0 = 2.9170e-05
Validation rmse = 25.922275
Epoch 47
Loss = 1.6613e-02, PNorm = 122.8277, GNorm = 0.3017, lr_0 = 2.9083e-05
Loss = 1.1509e-02, PNorm = 122.8286, GNorm = 0.2062, lr_0 = 2.8997e-05
Loss = 1.2282e-02, PNorm = 122.8293, GNorm = 0.2451, lr_0 = 2.8911e-05
Loss = 1.3573e-02, PNorm = 122.8307, GNorm = 0.1559, lr_0 = 2.8826e-05
Loss = 1.2383e-02, PNorm = 122.8325, GNorm = 0.2200, lr_0 = 2.8740e-05
Loss = 1.5080e-02, PNorm = 122.8344, GNorm = 0.1698, lr_0 = 2.8655e-05
Loss = 1.4941e-02, PNorm = 122.8362, GNorm = 0.1761, lr_0 = 2.8571e-05
Loss = 1.6799e-02, PNorm = 122.8378, GNorm = 0.2195, lr_0 = 2.8486e-05
Loss = 1.4865e-02, PNorm = 122.8395, GNorm = 0.2155, lr_0 = 2.8402e-05
Loss = 1.4175e-02, PNorm = 122.8409, GNorm = 0.3006, lr_0 = 2.8318e-05
Loss = 1.1251e-02, PNorm = 122.8421, GNorm = 0.2377, lr_0 = 2.8234e-05
Loss = 1.3862e-02, PNorm = 122.8439, GNorm = 0.3270, lr_0 = 2.8150e-05
Loss = 1.3954e-02, PNorm = 122.8450, GNorm = 0.5026, lr_0 = 2.8067e-05
Loss = 1.6052e-02, PNorm = 122.8459, GNorm = 0.3481, lr_0 = 2.7984e-05
Loss = 1.2553e-02, PNorm = 122.8467, GNorm = 0.2054, lr_0 = 2.7901e-05
Loss = 1.3190e-02, PNorm = 122.8480, GNorm = 0.2882, lr_0 = 2.7819e-05
Loss = 1.1403e-02, PNorm = 122.8493, GNorm = 0.2557, lr_0 = 2.7736e-05
Loss = 1.4747e-02, PNorm = 122.8506, GNorm = 0.2764, lr_0 = 2.7654e-05
Loss = 1.4962e-02, PNorm = 122.8525, GNorm = 0.1208, lr_0 = 2.7572e-05
Loss = 1.3851e-02, PNorm = 122.8536, GNorm = 0.2310, lr_0 = 2.7491e-05
Loss = 1.3561e-02, PNorm = 122.8546, GNorm = 0.1986, lr_0 = 2.7409e-05
Loss = 1.2161e-02, PNorm = 122.8555, GNorm = 0.2424, lr_0 = 2.7328e-05
Validation rmse = 26.471866
Epoch 48
Loss = 1.2440e-02, PNorm = 122.8577, GNorm = 0.2234, lr_0 = 2.7239e-05
Loss = 1.2151e-02, PNorm = 122.8593, GNorm = 0.3292, lr_0 = 2.7159e-05
Loss = 1.3215e-02, PNorm = 122.8604, GNorm = 0.1697, lr_0 = 2.7078e-05
Loss = 1.1713e-02, PNorm = 122.8614, GNorm = 0.1621, lr_0 = 2.6998e-05
Loss = 1.6705e-02, PNorm = 122.8627, GNorm = 0.2744, lr_0 = 2.6918e-05
Loss = 1.4240e-02, PNorm = 122.8643, GNorm = 0.2884, lr_0 = 2.6839e-05
Loss = 1.6777e-02, PNorm = 122.8661, GNorm = 0.1408, lr_0 = 2.6759e-05
Loss = 1.2898e-02, PNorm = 122.8673, GNorm = 0.3406, lr_0 = 2.6680e-05
Loss = 1.3647e-02, PNorm = 122.8681, GNorm = 0.1555, lr_0 = 2.6601e-05
Loss = 1.3996e-02, PNorm = 122.8693, GNorm = 0.2000, lr_0 = 2.6522e-05
Loss = 1.2566e-02, PNorm = 122.8701, GNorm = 0.3485, lr_0 = 2.6444e-05
Loss = 1.8922e-02, PNorm = 122.8711, GNorm = 0.2149, lr_0 = 2.6366e-05
Loss = 1.5607e-02, PNorm = 122.8723, GNorm = 0.2264, lr_0 = 2.6288e-05
Loss = 1.3751e-02, PNorm = 122.8732, GNorm = 0.2165, lr_0 = 2.6210e-05
Loss = 1.3446e-02, PNorm = 122.8744, GNorm = 0.1329, lr_0 = 2.6132e-05
Loss = 1.1589e-02, PNorm = 122.8752, GNorm = 0.2839, lr_0 = 2.6055e-05
Loss = 1.5360e-02, PNorm = 122.8761, GNorm = 0.2234, lr_0 = 2.5978e-05
Loss = 1.3939e-02, PNorm = 122.8775, GNorm = 0.2058, lr_0 = 2.5901e-05
Loss = 1.4131e-02, PNorm = 122.8790, GNorm = 0.4716, lr_0 = 2.5824e-05
Loss = 1.3937e-02, PNorm = 122.8803, GNorm = 0.2422, lr_0 = 2.5748e-05
Loss = 1.3105e-02, PNorm = 122.8818, GNorm = 0.4805, lr_0 = 2.5672e-05
Validation rmse = 26.828182
Epoch 49
Loss = 1.6989e-02, PNorm = 122.8826, GNorm = 0.2857, lr_0 = 2.5596e-05
Loss = 1.2621e-02, PNorm = 122.8835, GNorm = 0.2508, lr_0 = 2.5520e-05
Loss = 1.1259e-02, PNorm = 122.8844, GNorm = 0.2012, lr_0 = 2.5444e-05
Loss = 1.4001e-02, PNorm = 122.8853, GNorm = 0.3532, lr_0 = 2.5369e-05
Loss = 1.1557e-02, PNorm = 122.8870, GNorm = 0.1730, lr_0 = 2.5294e-05
Loss = 1.4785e-02, PNorm = 122.8884, GNorm = 0.4088, lr_0 = 2.5219e-05
Loss = 1.3081e-02, PNorm = 122.8899, GNorm = 0.1766, lr_0 = 2.5145e-05
Loss = 1.4577e-02, PNorm = 122.8914, GNorm = 0.2132, lr_0 = 2.5070e-05
Loss = 1.7477e-02, PNorm = 122.8930, GNorm = 0.1621, lr_0 = 2.4996e-05
Loss = 1.3653e-02, PNorm = 122.8942, GNorm = 0.2451, lr_0 = 2.4922e-05
Loss = 1.4872e-02, PNorm = 122.8958, GNorm = 0.1652, lr_0 = 2.4848e-05
Loss = 1.4391e-02, PNorm = 122.8968, GNorm = 0.2420, lr_0 = 2.4775e-05
Loss = 1.4524e-02, PNorm = 122.8980, GNorm = 0.2961, lr_0 = 2.4701e-05
Loss = 1.5217e-02, PNorm = 122.8988, GNorm = 0.1836, lr_0 = 2.4628e-05
Loss = 9.5176e-03, PNorm = 122.8994, GNorm = 0.1520, lr_0 = 2.4555e-05
Loss = 1.3966e-02, PNorm = 122.9004, GNorm = 0.1963, lr_0 = 2.4483e-05
Loss = 1.4118e-02, PNorm = 122.9020, GNorm = 0.2168, lr_0 = 2.4425e-05
Loss = 1.2671e-02, PNorm = 122.9034, GNorm = 0.1901, lr_0 = 2.4425e-05
Loss = 1.3908e-02, PNorm = 122.9042, GNorm = 0.1849, lr_0 = 2.4425e-05
Loss = 1.4558e-02, PNorm = 122.9053, GNorm = 0.2146, lr_0 = 2.4425e-05
Loss = 1.5630e-02, PNorm = 122.9063, GNorm = 0.4244, lr_0 = 2.4425e-05
Validation rmse = 26.132519
Model 0 best validation rmse = 25.922275 on epoch 46
Loading pretrained parameter "encoder.encoder.0.cached_zero_vector".
Loading pretrained parameter "encoder.encoder.0.W_i.weight".
Loading pretrained parameter "encoder.encoder.0.W_h.weight".
Loading pretrained parameter "encoder.encoder.0.W_o.weight".
Loading pretrained parameter "encoder.encoder.0.W_o.bias".
Loading pretrained parameter "encoder.encoder.1.cached_zero_vector".
Loading pretrained parameter "encoder.encoder.1.W_i.weight".
Loading pretrained parameter "encoder.encoder.1.W_h.weight".
Loading pretrained parameter "encoder.encoder.1.W_o.weight".
Loading pretrained parameter "encoder.encoder.1.W_o.bias".
Loading pretrained parameter "ffn.1.weight".
Loading pretrained parameter "ffn.1.bias".
Loading pretrained parameter "ffn.4.weight".
Loading pretrained parameter "ffn.4.bias".
Loading pretrained parameter "ffn.7.weight".
Loading pretrained parameter "ffn.7.bias".
Moving model to cuda
Model 0 test rmse = 23.664260
Ensemble test rmse = 23.664260
1-fold cross validation
	Seed 0 ==> test rmse = 23.664260
Overall test rmse = 23.664260 +/- 0.000000
Elapsed time = 0:40:25
