Command line
python /home/kpg/chemprop/train.py --data_path ../../../data/splits/lambda_max_abs/deep4chem/group_by_smiles/smiles_target_train.csv --dataset_type regression --save_dir /home/kimele03/uvvisml/uvvisml/models/both_peaks_checkpoints/scaffold/results/507016/49666886 --config_path /home/kimele03/uvvisml/uvvisml/models/both_peaks_checkpoints/scaffold/results/507016/49666886/hyperopt.json --metric rmse --epochs 50 --gpu 0 --ensemble_size 1 --separate_val_path ../../../data/splits/lambda_max_abs/deep4chem/group_by_smiles/smiles_target_val.csv --separate_test_path ../../../data/splits/lambda_max_abs/deep4chem/group_by_smiles/smiles_target_test.csv --number_of_molecules 2
Args
{'activation': 'ReLU',
 'aggregation': 'mean',
 'aggregation_norm': 100,
 'atom_descriptor_scaling': True,
 'atom_descriptors': None,
 'atom_descriptors_path': None,
 'atom_descriptors_size': 0,
 'atom_features_size': 0,
 'atom_messages': False,
 'batch_size': 55,
 'bias': False,
 'bond_feature_scaling': True,
 'bond_features_path': None,
 'bond_features_size': 0,
 'cache_cutoff': 10000,
 'checkpoint_dir': None,
 'checkpoint_frzn': None,
 'checkpoint_path': None,
 'checkpoint_paths': None,
 'class_balance': False,
 'config_path': '/home/kimele03/uvvisml/uvvisml/models/both_peaks_checkpoints/scaffold/results/507016/49666886/hyperopt.json',
 'crossval_index_dir': None,
 'crossval_index_file': None,
 'crossval_index_sets': None,
 'cuda': True,
 'data_path': '../../../data/splits/lambda_max_abs/deep4chem/group_by_smiles/smiles_target_train.csv',
 'data_weights_path': None,
 'dataset_type': 'regression',
 'depth': 4,
 'device': device(type='cuda', index=0),
 'dropout': 0.21064415970189018,
 'empty_cache': False,
 'ensemble_size': 1,
 'epochs': 50,
 'explicit_h': False,
 'extra_metrics': [],
 'features_generator': None,
 'features_only': False,
 'features_path': None,
 'features_scaling': True,
 'features_size': None,
 'ffn_hidden_size': 2400,
 'ffn_num_layers': 3,
 'final_lr': 6.444352447011059e-06,
 'folds_file': None,
 'freeze_first_only': False,
 'frzn_ffn_layers': 0,
 'gpu': 0,
 'grad_clip': None,
 'hidden_size': 2191,
 'ignore_columns': None,
 'init_lr': 3.2318129001736496e-05,
 'log_frequency': 10,
 'max_data_size': None,
 'max_lr': 0.0006042278655237716,
 'metric': 'rmse',
 'metrics': ['rmse'],
 'minimize_score': True,
 'mpn_shared': False,
 'multiclass_num_classes': 3,
 'no_atom_descriptor_scaling': False,
 'no_bond_features_scaling': False,
 'no_cache_mol': False,
 'no_cuda': False,
 'no_features_scaling': False,
 'num_folds': 1,
 'num_lrs': 1,
 'num_tasks': 1,
 'num_workers': 8,
 'number_of_molecules': 2,
 'overwrite_default_atom_features': False,
 'overwrite_default_bond_features': False,
 'pytorch_seed': 0,
 'quiet': False,
 'reaction': False,
 'reaction_mode': 'reac_diff',
 'resume_experiment': False,
 'save_dir': '/home/kimele03/uvvisml/uvvisml/models/both_peaks_checkpoints/scaffold/results/507016/49666886',
 'save_preds': False,
 'save_smiles_splits': False,
 'seed': 0,
 'separate_test_atom_descriptors_path': None,
 'separate_test_bond_features_path': None,
 'separate_test_features_path': None,
 'separate_test_path': '../../../data/splits/lambda_max_abs/deep4chem/group_by_smiles/smiles_target_test.csv',
 'separate_val_atom_descriptors_path': None,
 'separate_val_bond_features_path': None,
 'separate_val_features_path': None,
 'separate_val_path': '../../../data/splits/lambda_max_abs/deep4chem/group_by_smiles/smiles_target_val.csv',
 'show_individual_scores': False,
 'smiles_columns': ['smiles', 'solvent'],
 'split_sizes': (0.8, 0.1, 0.1),
 'split_type': 'random',
 'target_columns': None,
 'target_weights': None,
 'task_names': ['peakwavs_max'],
 'test': False,
 'test_fold_index': None,
 'train_data_size': None,
 'undirected': False,
 'use_input_features': False,
 'val_fold_index': None,
 'warmup_epochs': 3}
Loading data
Number of tasks = 1
Fold 0
Splitting data with seed 0
Total size = 13,242 | train size = 13,242 | val size = 1,633 | test size = 1,710
Fitting scaler
Building model 0
MoleculeModel(
  (encoder): MPN(
    (encoder): ModuleList(
      (0): MPNEncoder(
        (dropout_layer): Dropout(p=0.21064415970189018, inplace=False)
        (act_func): ReLU()
        (W_i): Linear(in_features=147, out_features=2191, bias=False)
        (W_h): Linear(in_features=2191, out_features=2191, bias=False)
        (W_o): Linear(in_features=2324, out_features=2191, bias=True)
      )
      (1): MPNEncoder(
        (dropout_layer): Dropout(p=0.21064415970189018, inplace=False)
        (act_func): ReLU()
        (W_i): Linear(in_features=147, out_features=2191, bias=False)
        (W_h): Linear(in_features=2191, out_features=2191, bias=False)
        (W_o): Linear(in_features=2324, out_features=2191, bias=True)
      )
    )
  )
  (ffn): Sequential(
    (0): Dropout(p=0.21064415970189018, inplace=False)
    (1): Linear(in_features=4382, out_features=2400, bias=True)
    (2): ReLU()
    (3): Dropout(p=0.21064415970189018, inplace=False)
    (4): Linear(in_features=2400, out_features=2400, bias=True)
    (5): ReLU()
    (6): Dropout(p=0.21064415970189018, inplace=False)
    (7): Linear(in_features=2400, out_features=1, bias=True)
  )
)
Number of parameters = 36,721,649
Moving model to cuda
Epoch 0
Loss = 1.2808e+00, PNorm = 122.2568, GNorm = 4.0546, lr_0 = 4.1056e-05
Loss = 8.6158e-01, PNorm = 122.2596, GNorm = 5.2092, lr_0 = 4.8999e-05
Loss = 8.0061e-01, PNorm = 122.2636, GNorm = 7.9720, lr_0 = 5.6942e-05
Loss = 8.1674e-01, PNorm = 122.2673, GNorm = 4.5201, lr_0 = 6.4885e-05
Loss = 1.0534e+00, PNorm = 122.2715, GNorm = 4.6937, lr_0 = 7.2828e-05
Loss = 9.4461e-01, PNorm = 122.2771, GNorm = 5.5002, lr_0 = 8.0772e-05
Loss = 8.1750e-01, PNorm = 122.2845, GNorm = 10.8728, lr_0 = 8.8715e-05
Loss = 7.0462e-01, PNorm = 122.2934, GNorm = 8.8021, lr_0 = 9.6658e-05
Loss = 6.4913e-01, PNorm = 122.3021, GNorm = 7.3552, lr_0 = 1.0460e-04
Loss = 6.7416e-01, PNorm = 122.3115, GNorm = 3.3542, lr_0 = 1.1254e-04
Loss = 6.3296e-01, PNorm = 122.3247, GNorm = 4.2425, lr_0 = 1.2049e-04
Loss = 7.2848e-01, PNorm = 122.3368, GNorm = 12.5071, lr_0 = 1.2843e-04
Loss = 9.0615e-01, PNorm = 122.3497, GNorm = 8.7527, lr_0 = 1.3637e-04
Loss = 6.6991e-01, PNorm = 122.3663, GNorm = 3.2903, lr_0 = 1.4432e-04
Loss = 6.6213e-01, PNorm = 122.3848, GNorm = 10.5663, lr_0 = 1.5226e-04
Loss = 5.1726e-01, PNorm = 122.4024, GNorm = 3.3409, lr_0 = 1.6020e-04
Loss = 5.8049e-01, PNorm = 122.4228, GNorm = 9.2006, lr_0 = 1.6815e-04
Loss = 5.3487e-01, PNorm = 122.4431, GNorm = 1.4896, lr_0 = 1.7609e-04
Loss = 4.6814e-01, PNorm = 122.4625, GNorm = 6.1748, lr_0 = 1.8403e-04
Loss = 5.7062e-01, PNorm = 122.4836, GNorm = 8.2771, lr_0 = 1.9198e-04
Loss = 5.7081e-01, PNorm = 122.5066, GNorm = 8.3389, lr_0 = 1.9992e-04
Loss = 5.5529e-01, PNorm = 122.5297, GNorm = 1.1844, lr_0 = 2.0786e-04
Loss = 5.6774e-01, PNorm = 122.5549, GNorm = 1.1350, lr_0 = 2.1581e-04
Loss = 3.8521e-01, PNorm = 122.5799, GNorm = 2.8324, lr_0 = 2.2375e-04
Loss = 2.8032e-01, PNorm = 122.5822, GNorm = 3.0068, lr_0 = 2.2454e-04
Validation rmse = 72.429157
Epoch 1
Loss = 4.3907e-01, PNorm = 122.6065, GNorm = 2.6703, lr_0 = 2.3249e-04
Loss = 3.3754e-01, PNorm = 122.6287, GNorm = 2.4149, lr_0 = 2.4043e-04
Loss = 4.2005e-01, PNorm = 122.6475, GNorm = 3.3868, lr_0 = 2.4837e-04
Loss = 3.7699e-01, PNorm = 122.6725, GNorm = 2.3722, lr_0 = 2.5632e-04
Loss = 3.6279e-01, PNorm = 122.6997, GNorm = 18.2724, lr_0 = 2.6426e-04
Loss = 4.9109e-01, PNorm = 122.7245, GNorm = 4.2399, lr_0 = 2.7220e-04
Loss = 4.0563e-01, PNorm = 122.7557, GNorm = 4.3564, lr_0 = 2.8015e-04
Loss = 3.5184e-01, PNorm = 122.7865, GNorm = 9.1291, lr_0 = 2.8809e-04
Loss = 3.7615e-01, PNorm = 122.8140, GNorm = 5.7799, lr_0 = 2.9603e-04
Loss = 3.2153e-01, PNorm = 122.8427, GNorm = 1.7659, lr_0 = 3.0398e-04
Loss = 3.4072e-01, PNorm = 122.8709, GNorm = 2.6581, lr_0 = 3.1192e-04
Loss = 3.8633e-01, PNorm = 122.8944, GNorm = 6.8895, lr_0 = 3.1986e-04
Loss = 3.3557e-01, PNorm = 122.9274, GNorm = 1.1630, lr_0 = 3.2780e-04
Loss = 3.5800e-01, PNorm = 122.9604, GNorm = 5.2258, lr_0 = 3.3575e-04
Loss = 4.8454e-01, PNorm = 123.0062, GNorm = 0.7855, lr_0 = 3.4369e-04
Loss = 3.8512e-01, PNorm = 123.0541, GNorm = 4.2262, lr_0 = 3.5163e-04
Loss = 4.2966e-01, PNorm = 123.0994, GNorm = 4.1454, lr_0 = 3.5958e-04
Loss = 3.8840e-01, PNorm = 123.1375, GNorm = 4.5345, lr_0 = 3.6752e-04
Loss = 4.0276e-01, PNorm = 123.1803, GNorm = 5.9240, lr_0 = 3.7546e-04
Loss = 3.3100e-01, PNorm = 123.2236, GNorm = 13.4355, lr_0 = 3.8341e-04
Loss = 4.4954e-01, PNorm = 123.2674, GNorm = 4.1132, lr_0 = 3.9135e-04
Loss = 4.6489e-01, PNorm = 123.3250, GNorm = 3.5067, lr_0 = 3.9929e-04
Loss = 3.1790e-01, PNorm = 123.3775, GNorm = 4.2536, lr_0 = 4.0724e-04
Loss = 3.8126e-01, PNorm = 123.4272, GNorm = 10.1025, lr_0 = 4.1518e-04
Validation rmse = 68.006126
Epoch 2
Loss = 3.6384e-01, PNorm = 123.4741, GNorm = 4.6557, lr_0 = 4.2312e-04
Loss = 2.5363e-01, PNorm = 123.5163, GNorm = 1.7095, lr_0 = 4.3107e-04
Loss = 3.0423e-01, PNorm = 123.5517, GNorm = 6.1508, lr_0 = 4.3901e-04
Loss = 3.2207e-01, PNorm = 123.5918, GNorm = 3.9199, lr_0 = 4.4695e-04
Loss = 3.4557e-01, PNorm = 123.6532, GNorm = 3.0902, lr_0 = 4.5490e-04
Loss = 3.2787e-01, PNorm = 123.6986, GNorm = 1.2492, lr_0 = 4.6284e-04
Loss = 3.2544e-01, PNorm = 123.7456, GNorm = 3.8943, lr_0 = 4.7078e-04
Loss = 2.9380e-01, PNorm = 123.7969, GNorm = 0.9912, lr_0 = 4.7873e-04
Loss = 3.3233e-01, PNorm = 123.8536, GNorm = 1.7475, lr_0 = 4.8667e-04
Loss = 2.2792e-01, PNorm = 123.9072, GNorm = 1.2685, lr_0 = 4.9461e-04
Loss = 3.4271e-01, PNorm = 123.9617, GNorm = 1.9182, lr_0 = 5.0256e-04
Loss = 2.8169e-01, PNorm = 124.0284, GNorm = 4.8220, lr_0 = 5.1050e-04
Loss = 3.2427e-01, PNorm = 124.0980, GNorm = 2.4271, lr_0 = 5.1844e-04
Loss = 3.1611e-01, PNorm = 124.1747, GNorm = 1.0805, lr_0 = 5.2638e-04
Loss = 2.7822e-01, PNorm = 124.2443, GNorm = 1.0737, lr_0 = 5.3433e-04
Loss = 2.8593e-01, PNorm = 124.3065, GNorm = 1.8252, lr_0 = 5.4227e-04
Loss = 2.5343e-01, PNorm = 124.3687, GNorm = 5.0679, lr_0 = 5.5021e-04
Loss = 2.9575e-01, PNorm = 124.4460, GNorm = 1.2512, lr_0 = 5.5816e-04
Loss = 2.8733e-01, PNorm = 124.5338, GNorm = 1.4814, lr_0 = 5.6610e-04
Loss = 2.5139e-01, PNorm = 124.6235, GNorm = 1.4118, lr_0 = 5.7404e-04
Loss = 2.4171e-01, PNorm = 124.7001, GNorm = 3.0898, lr_0 = 5.8199e-04
Loss = 2.3903e-01, PNorm = 124.7657, GNorm = 2.1523, lr_0 = 5.8993e-04
Loss = 2.7873e-01, PNorm = 124.8341, GNorm = 2.1878, lr_0 = 5.9787e-04
Loss = 2.6301e-01, PNorm = 124.9021, GNorm = 2.5949, lr_0 = 6.0374e-04
Validation rmse = 50.701053
Epoch 3
Loss = 1.8299e-01, PNorm = 124.9781, GNorm = 1.4382, lr_0 = 6.0132e-04
Loss = 2.0344e-01, PNorm = 125.0474, GNorm = 0.8719, lr_0 = 5.9890e-04
Loss = 1.6330e-01, PNorm = 125.1046, GNorm = 1.2228, lr_0 = 5.9649e-04
Loss = 2.1540e-01, PNorm = 125.1640, GNorm = 1.4655, lr_0 = 5.9410e-04
Loss = 1.8346e-01, PNorm = 125.2253, GNorm = 1.4560, lr_0 = 5.9171e-04
Loss = 2.1374e-01, PNorm = 125.2859, GNorm = 1.0044, lr_0 = 5.8933e-04
Loss = 2.4578e-01, PNorm = 125.3459, GNorm = 1.3628, lr_0 = 5.8697e-04
Loss = 2.2636e-01, PNorm = 125.4199, GNorm = 3.1405, lr_0 = 5.8461e-04
Loss = 1.7602e-01, PNorm = 125.4833, GNorm = 0.9805, lr_0 = 5.8226e-04
Loss = 2.2026e-01, PNorm = 125.5460, GNorm = 3.3119, lr_0 = 5.7992e-04
Loss = 2.0791e-01, PNorm = 125.6278, GNorm = 1.6815, lr_0 = 5.7759e-04
Loss = 2.0362e-01, PNorm = 125.7044, GNorm = 1.5857, lr_0 = 5.7527e-04
Loss = 1.7348e-01, PNorm = 125.7694, GNorm = 4.7898, lr_0 = 5.7296e-04
Loss = 1.9510e-01, PNorm = 125.8372, GNorm = 0.8485, lr_0 = 5.7066e-04
Loss = 1.7608e-01, PNorm = 125.8950, GNorm = 2.7410, lr_0 = 5.6837e-04
Loss = 2.0589e-01, PNorm = 125.9603, GNorm = 1.0465, lr_0 = 5.6608e-04
Loss = 1.5362e-01, PNorm = 126.0164, GNorm = 1.1150, lr_0 = 5.6381e-04
Loss = 1.5834e-01, PNorm = 126.0570, GNorm = 1.3248, lr_0 = 5.6154e-04
Loss = 1.3427e-01, PNorm = 126.1020, GNorm = 0.8873, lr_0 = 5.5929e-04
Loss = 1.7210e-01, PNorm = 126.1477, GNorm = 1.2643, lr_0 = 5.5704e-04
Loss = 1.6738e-01, PNorm = 126.1986, GNorm = 0.9273, lr_0 = 5.5480e-04
Loss = 2.0557e-01, PNorm = 126.2572, GNorm = 1.8400, lr_0 = 5.5257e-04
Loss = 2.7492e-01, PNorm = 126.3335, GNorm = 3.9698, lr_0 = 5.5035e-04
Loss = 2.0734e-01, PNorm = 126.4216, GNorm = 1.7787, lr_0 = 5.4814e-04
Validation rmse = 52.480830
Epoch 4
Loss = 2.0198e-01, PNorm = 126.4927, GNorm = 2.0999, lr_0 = 5.4594e-04
Loss = 1.6535e-01, PNorm = 126.5577, GNorm = 2.2865, lr_0 = 5.4375e-04
Loss = 1.3218e-01, PNorm = 126.6092, GNorm = 1.7721, lr_0 = 5.4156e-04
Loss = 1.3247e-01, PNorm = 126.6539, GNorm = 0.4887, lr_0 = 5.3939e-04
Loss = 1.6734e-01, PNorm = 126.7021, GNorm = 3.6566, lr_0 = 5.3722e-04
Loss = 1.3858e-01, PNorm = 126.7471, GNorm = 0.6980, lr_0 = 5.3506e-04
Loss = 1.7123e-01, PNorm = 126.7981, GNorm = 1.1164, lr_0 = 5.3291e-04
Loss = 1.7725e-01, PNorm = 126.8569, GNorm = 0.8789, lr_0 = 5.3077e-04
Loss = 2.0049e-01, PNorm = 126.9240, GNorm = 1.0492, lr_0 = 5.2864e-04
Loss = 2.1069e-01, PNorm = 126.9973, GNorm = 3.1752, lr_0 = 5.2651e-04
Loss = 1.4990e-01, PNorm = 127.0585, GNorm = 1.5071, lr_0 = 5.2440e-04
Loss = 1.7003e-01, PNorm = 127.1088, GNorm = 0.6151, lr_0 = 5.2229e-04
Loss = 1.1663e-01, PNorm = 127.1533, GNorm = 1.3713, lr_0 = 5.2019e-04
Loss = 1.3322e-01, PNorm = 127.1936, GNorm = 1.3878, lr_0 = 5.1810e-04
Loss = 1.5066e-01, PNorm = 127.2354, GNorm = 1.8198, lr_0 = 5.1602e-04
Loss = 1.3324e-01, PNorm = 127.2833, GNorm = 2.2617, lr_0 = 5.1395e-04
Loss = 1.3471e-01, PNorm = 127.3288, GNorm = 1.1041, lr_0 = 5.1189e-04
Loss = 1.1395e-01, PNorm = 127.3734, GNorm = 0.6286, lr_0 = 5.0983e-04
Loss = 9.9452e-02, PNorm = 127.4148, GNorm = 1.0106, lr_0 = 5.0778e-04
Loss = 1.2334e-01, PNorm = 127.4465, GNorm = 0.6309, lr_0 = 5.0574e-04
Loss = 1.0988e-01, PNorm = 127.4792, GNorm = 0.9572, lr_0 = 5.0371e-04
Loss = 1.3043e-01, PNorm = 127.5156, GNorm = 0.9566, lr_0 = 5.0169e-04
Loss = 1.1384e-01, PNorm = 127.5569, GNorm = 0.9363, lr_0 = 4.9967e-04
Loss = 1.2360e-01, PNorm = 127.5914, GNorm = 1.1684, lr_0 = 4.9766e-04
Validation rmse = 43.819344
Epoch 5
Loss = 1.3150e-01, PNorm = 127.6384, GNorm = 1.2654, lr_0 = 4.9546e-04
Loss = 1.1312e-01, PNorm = 127.6819, GNorm = 1.2723, lr_0 = 4.9347e-04
Loss = 1.0861e-01, PNorm = 127.7177, GNorm = 1.0498, lr_0 = 4.9149e-04
Loss = 1.1347e-01, PNorm = 127.7548, GNorm = 0.7858, lr_0 = 4.8952e-04
Loss = 1.1945e-01, PNorm = 127.7892, GNorm = 1.1804, lr_0 = 4.8755e-04
Loss = 1.1095e-01, PNorm = 127.8278, GNorm = 0.7855, lr_0 = 4.8559e-04
Loss = 1.2772e-01, PNorm = 127.8686, GNorm = 1.0458, lr_0 = 4.8364e-04
Loss = 1.1234e-01, PNorm = 127.9126, GNorm = 1.1613, lr_0 = 4.8170e-04
Loss = 1.0240e-01, PNorm = 127.9502, GNorm = 0.9099, lr_0 = 4.7976e-04
Loss = 1.1718e-01, PNorm = 127.9826, GNorm = 1.1689, lr_0 = 4.7784e-04
Loss = 1.1412e-01, PNorm = 128.0264, GNorm = 0.7458, lr_0 = 4.7592e-04
Loss = 1.2316e-01, PNorm = 128.0625, GNorm = 1.1317, lr_0 = 4.7400e-04
Loss = 1.3996e-01, PNorm = 128.1097, GNorm = 0.5538, lr_0 = 4.7210e-04
Loss = 1.0549e-01, PNorm = 128.1557, GNorm = 0.5615, lr_0 = 4.7020e-04
Loss = 8.7950e-02, PNorm = 128.1960, GNorm = 0.4964, lr_0 = 4.6831e-04
Loss = 1.0905e-01, PNorm = 128.2182, GNorm = 0.5368, lr_0 = 4.6643e-04
Loss = 8.3123e-02, PNorm = 128.2468, GNorm = 0.9354, lr_0 = 4.6456e-04
Loss = 1.0179e-01, PNorm = 128.2781, GNorm = 2.4037, lr_0 = 4.6269e-04
Loss = 1.1218e-01, PNorm = 128.3108, GNorm = 1.7603, lr_0 = 4.6083e-04
Loss = 1.2304e-01, PNorm = 128.3558, GNorm = 1.2920, lr_0 = 4.5898e-04
Loss = 1.2627e-01, PNorm = 128.3981, GNorm = 0.8728, lr_0 = 4.5714e-04
Loss = 1.0836e-01, PNorm = 128.4393, GNorm = 0.8285, lr_0 = 4.5530e-04
Loss = 9.8805e-02, PNorm = 128.4693, GNorm = 1.3496, lr_0 = 4.5347e-04
Loss = 1.1228e-01, PNorm = 128.5054, GNorm = 0.5747, lr_0 = 4.5165e-04
Validation rmse = 38.371934
Epoch 6
Loss = 9.5990e-02, PNorm = 128.5446, GNorm = 1.7766, lr_0 = 4.4984e-04
Loss = 9.7180e-02, PNorm = 128.5819, GNorm = 2.2888, lr_0 = 4.4803e-04
Loss = 8.5718e-02, PNorm = 128.6145, GNorm = 2.1317, lr_0 = 4.4623e-04
Loss = 1.0192e-01, PNorm = 128.6465, GNorm = 0.7942, lr_0 = 4.4444e-04
Loss = 9.7911e-02, PNorm = 128.6792, GNorm = 0.9773, lr_0 = 4.4265e-04
Loss = 9.7968e-02, PNorm = 128.7117, GNorm = 1.5378, lr_0 = 4.4087e-04
Loss = 1.0058e-01, PNorm = 128.7460, GNorm = 1.3875, lr_0 = 4.3910e-04
Loss = 9.8020e-02, PNorm = 128.7830, GNorm = 1.0647, lr_0 = 4.3734e-04
Loss = 7.9890e-02, PNorm = 128.8092, GNorm = 0.5839, lr_0 = 4.3558e-04
Loss = 9.1303e-02, PNorm = 128.8386, GNorm = 1.0691, lr_0 = 4.3383e-04
Loss = 8.7286e-02, PNorm = 128.8774, GNorm = 1.2070, lr_0 = 4.3209e-04
Loss = 8.2548e-02, PNorm = 128.9102, GNorm = 1.2329, lr_0 = 4.3035e-04
Loss = 9.2192e-02, PNorm = 128.9454, GNorm = 0.8662, lr_0 = 4.2862e-04
Loss = 8.8578e-02, PNorm = 128.9768, GNorm = 0.9857, lr_0 = 4.2690e-04
Loss = 9.5100e-02, PNorm = 129.0063, GNorm = 0.5448, lr_0 = 4.2519e-04
Loss = 7.7860e-02, PNorm = 129.0346, GNorm = 0.9241, lr_0 = 4.2348e-04
Loss = 8.8979e-02, PNorm = 129.0623, GNorm = 1.6834, lr_0 = 4.2178e-04
Loss = 7.3866e-02, PNorm = 129.0921, GNorm = 0.8828, lr_0 = 4.2008e-04
Loss = 7.9381e-02, PNorm = 129.1178, GNorm = 0.7164, lr_0 = 4.1839e-04
Loss = 8.4579e-02, PNorm = 129.1441, GNorm = 0.5916, lr_0 = 4.1671e-04
Loss = 8.2764e-02, PNorm = 129.1726, GNorm = 0.9426, lr_0 = 4.1504e-04
Loss = 7.9812e-02, PNorm = 129.1938, GNorm = 0.4672, lr_0 = 4.1337e-04
Loss = 8.4086e-02, PNorm = 129.2205, GNorm = 0.7154, lr_0 = 4.1171e-04
Loss = 9.1088e-02, PNorm = 129.2515, GNorm = 1.0289, lr_0 = 4.1006e-04
Validation rmse = 35.109035
Epoch 7
Loss = 6.9102e-02, PNorm = 129.2852, GNorm = 0.6319, lr_0 = 4.0841e-04
Loss = 7.5317e-02, PNorm = 129.3099, GNorm = 0.5662, lr_0 = 4.0677e-04
Loss = 8.8578e-02, PNorm = 129.3340, GNorm = 0.8165, lr_0 = 4.0514e-04
Loss = 8.4331e-02, PNorm = 129.3666, GNorm = 0.6683, lr_0 = 4.0351e-04
Loss = 7.5835e-02, PNorm = 129.4009, GNorm = 1.6042, lr_0 = 4.0189e-04
Loss = 8.4530e-02, PNorm = 129.4211, GNorm = 0.9345, lr_0 = 4.0027e-04
Loss = 8.3834e-02, PNorm = 129.4480, GNorm = 1.0743, lr_0 = 3.9866e-04
Loss = 5.9901e-02, PNorm = 129.4770, GNorm = 0.5567, lr_0 = 3.9706e-04
Loss = 7.8342e-02, PNorm = 129.5023, GNorm = 0.7122, lr_0 = 3.9547e-04
Loss = 8.4024e-02, PNorm = 129.5350, GNorm = 1.7707, lr_0 = 3.9388e-04
Loss = 7.8429e-02, PNorm = 129.5641, GNorm = 0.7014, lr_0 = 3.9230e-04
Loss = 7.2023e-02, PNorm = 129.5858, GNorm = 0.8953, lr_0 = 3.9072e-04
Loss = 7.3895e-02, PNorm = 129.6104, GNorm = 0.9248, lr_0 = 3.8915e-04
Loss = 6.8074e-02, PNorm = 129.6374, GNorm = 1.1682, lr_0 = 3.8759e-04
Loss = 7.5818e-02, PNorm = 129.6643, GNorm = 0.9485, lr_0 = 3.8603e-04
Loss = 8.7437e-02, PNorm = 129.6946, GNorm = 0.8650, lr_0 = 3.8448e-04
Loss = 7.6872e-02, PNorm = 129.7187, GNorm = 1.7458, lr_0 = 3.8293e-04
Loss = 7.4095e-02, PNorm = 129.7466, GNorm = 0.5851, lr_0 = 3.8140e-04
Loss = 7.1575e-02, PNorm = 129.7730, GNorm = 0.5443, lr_0 = 3.7986e-04
Loss = 5.9491e-02, PNorm = 129.7986, GNorm = 0.6363, lr_0 = 3.7834e-04
Loss = 7.0899e-02, PNorm = 129.8229, GNorm = 1.0706, lr_0 = 3.7682e-04
Loss = 9.0312e-02, PNorm = 129.8445, GNorm = 1.5230, lr_0 = 3.7530e-04
Loss = 7.7500e-02, PNorm = 129.8808, GNorm = 0.5065, lr_0 = 3.7380e-04
Loss = 7.3408e-02, PNorm = 129.9124, GNorm = 2.1534, lr_0 = 3.7229e-04
Validation rmse = 34.258228
Epoch 8
Loss = 5.5093e-02, PNorm = 129.9369, GNorm = 0.7120, lr_0 = 3.7080e-04
Loss = 5.1449e-02, PNorm = 129.9627, GNorm = 0.5376, lr_0 = 3.6931e-04
Loss = 6.4065e-02, PNorm = 129.9821, GNorm = 0.3987, lr_0 = 3.6783e-04
Loss = 6.0484e-02, PNorm = 130.0012, GNorm = 0.7171, lr_0 = 3.6635e-04
Loss = 6.6660e-02, PNorm = 130.0204, GNorm = 0.8869, lr_0 = 3.6488e-04
Loss = 6.9667e-02, PNorm = 130.0477, GNorm = 0.9601, lr_0 = 3.6341e-04
Loss = 6.0197e-02, PNorm = 130.0695, GNorm = 1.1392, lr_0 = 3.6195e-04
Loss = 6.1571e-02, PNorm = 130.0901, GNorm = 0.4484, lr_0 = 3.6050e-04
Loss = 5.7756e-02, PNorm = 130.1108, GNorm = 0.5270, lr_0 = 3.5905e-04
Loss = 5.8085e-02, PNorm = 130.1303, GNorm = 0.6657, lr_0 = 3.5761e-04
Loss = 6.9101e-02, PNorm = 130.1517, GNorm = 0.4404, lr_0 = 3.5617e-04
Loss = 8.7773e-02, PNorm = 130.1747, GNorm = 0.3320, lr_0 = 3.5474e-04
Loss = 6.6093e-02, PNorm = 130.2000, GNorm = 0.4970, lr_0 = 3.5331e-04
Loss = 6.4293e-02, PNorm = 130.2245, GNorm = 0.6785, lr_0 = 3.5189e-04
Loss = 6.5911e-02, PNorm = 130.2444, GNorm = 1.3135, lr_0 = 3.5048e-04
Loss = 7.2791e-02, PNorm = 130.2656, GNorm = 1.0437, lr_0 = 3.4907e-04
Loss = 5.8385e-02, PNorm = 130.2852, GNorm = 0.8267, lr_0 = 3.4767e-04
Loss = 5.6178e-02, PNorm = 130.3027, GNorm = 0.4239, lr_0 = 3.4627e-04
Loss = 6.3722e-02, PNorm = 130.3210, GNorm = 0.9133, lr_0 = 3.4488e-04
Loss = 6.8388e-02, PNorm = 130.3457, GNorm = 0.6308, lr_0 = 3.4350e-04
Loss = 6.6075e-02, PNorm = 130.3681, GNorm = 1.0945, lr_0 = 3.4212e-04
Loss = 5.7820e-02, PNorm = 130.3877, GNorm = 0.5204, lr_0 = 3.4074e-04
Loss = 6.6383e-02, PNorm = 130.4104, GNorm = 0.5342, lr_0 = 3.3937e-04
Loss = 5.2746e-02, PNorm = 130.4303, GNorm = 0.7685, lr_0 = 3.3801e-04
Validation rmse = 35.051454
Epoch 9
Loss = 6.0393e-02, PNorm = 130.4591, GNorm = 0.7428, lr_0 = 3.3652e-04
Loss = 5.9307e-02, PNorm = 130.4844, GNorm = 0.5892, lr_0 = 3.3516e-04
Loss = 5.9677e-02, PNorm = 130.5063, GNorm = 1.1400, lr_0 = 3.3382e-04
Loss = 6.2167e-02, PNorm = 130.5318, GNorm = 0.9110, lr_0 = 3.3248e-04
Loss = 6.5931e-02, PNorm = 130.5507, GNorm = 0.8464, lr_0 = 3.3114e-04
Loss = 5.6811e-02, PNorm = 130.5684, GNorm = 1.3197, lr_0 = 3.2981e-04
Loss = 6.1606e-02, PNorm = 130.5854, GNorm = 0.3832, lr_0 = 3.2849e-04
Loss = 6.1658e-02, PNorm = 130.6033, GNorm = 0.5999, lr_0 = 3.2717e-04
Loss = 5.4580e-02, PNorm = 130.6191, GNorm = 0.4570, lr_0 = 3.2585e-04
Loss = 5.3605e-02, PNorm = 130.6381, GNorm = 0.7187, lr_0 = 3.2454e-04
Loss = 6.5192e-02, PNorm = 130.6617, GNorm = 0.8425, lr_0 = 3.2324e-04
Loss = 6.1806e-02, PNorm = 130.6861, GNorm = 1.6282, lr_0 = 3.2194e-04
Loss = 7.7161e-02, PNorm = 130.7098, GNorm = 0.7060, lr_0 = 3.2065e-04
Loss = 7.3083e-02, PNorm = 130.7359, GNorm = 0.7069, lr_0 = 3.1936e-04
Loss = 5.2852e-02, PNorm = 130.7589, GNorm = 0.6791, lr_0 = 3.1808e-04
Loss = 5.4463e-02, PNorm = 130.7756, GNorm = 0.9802, lr_0 = 3.1680e-04
Loss = 5.0318e-02, PNorm = 130.7895, GNorm = 0.5654, lr_0 = 3.1553e-04
Loss = 5.9848e-02, PNorm = 130.8095, GNorm = 1.5064, lr_0 = 3.1426e-04
Loss = 5.6397e-02, PNorm = 130.8309, GNorm = 1.1664, lr_0 = 3.1299e-04
Loss = 5.7326e-02, PNorm = 130.8477, GNorm = 0.4168, lr_0 = 3.1174e-04
Loss = 6.1060e-02, PNorm = 130.8687, GNorm = 0.7464, lr_0 = 3.1049e-04
Loss = 6.6007e-02, PNorm = 130.8926, GNorm = 0.6493, lr_0 = 3.0924e-04
Loss = 7.0438e-02, PNorm = 130.9146, GNorm = 1.3465, lr_0 = 3.0800e-04
Loss = 5.5669e-02, PNorm = 130.9326, GNorm = 0.8093, lr_0 = 3.0676e-04
Validation rmse = 33.333774
Epoch 10
Loss = 5.0993e-02, PNorm = 130.9489, GNorm = 0.4575, lr_0 = 3.0553e-04
Loss = 5.8299e-02, PNorm = 130.9721, GNorm = 0.5652, lr_0 = 3.0430e-04
Loss = 4.8704e-02, PNorm = 130.9917, GNorm = 0.7471, lr_0 = 3.0308e-04
Loss = 5.5158e-02, PNorm = 131.0132, GNorm = 0.6937, lr_0 = 3.0186e-04
Loss = 4.9665e-02, PNorm = 131.0272, GNorm = 0.5483, lr_0 = 3.0065e-04
Loss = 4.9353e-02, PNorm = 131.0412, GNorm = 0.9437, lr_0 = 2.9944e-04
Loss = 5.1888e-02, PNorm = 131.0588, GNorm = 0.7123, lr_0 = 2.9823e-04
Loss = 4.9678e-02, PNorm = 131.0740, GNorm = 0.4783, lr_0 = 2.9704e-04
Loss = 5.1991e-02, PNorm = 131.0881, GNorm = 0.7108, lr_0 = 2.9584e-04
Loss = 4.5006e-02, PNorm = 131.1038, GNorm = 0.5466, lr_0 = 2.9465e-04
Loss = 4.7903e-02, PNorm = 131.1199, GNorm = 1.5088, lr_0 = 2.9347e-04
Loss = 4.7385e-02, PNorm = 131.1358, GNorm = 1.0159, lr_0 = 2.9229e-04
Loss = 4.2981e-02, PNorm = 131.1520, GNorm = 0.4845, lr_0 = 2.9112e-04
Loss = 5.5509e-02, PNorm = 131.1663, GNorm = 0.4149, lr_0 = 2.8995e-04
Loss = 5.3727e-02, PNorm = 131.1835, GNorm = 0.8150, lr_0 = 2.8878e-04
Loss = 6.0131e-02, PNorm = 131.2035, GNorm = 0.9217, lr_0 = 2.8762e-04
Loss = 6.4952e-02, PNorm = 131.2237, GNorm = 0.7098, lr_0 = 2.8647e-04
Loss = 5.3281e-02, PNorm = 131.2437, GNorm = 0.5924, lr_0 = 2.8532e-04
Loss = 6.0788e-02, PNorm = 131.2608, GNorm = 0.6828, lr_0 = 2.8417e-04
Loss = 5.5930e-02, PNorm = 131.2784, GNorm = 0.6574, lr_0 = 2.8303e-04
Loss = 6.1878e-02, PNorm = 131.2974, GNorm = 0.5645, lr_0 = 2.8189e-04
Loss = 5.6524e-02, PNorm = 131.3192, GNorm = 1.2728, lr_0 = 2.8076e-04
Loss = 4.5845e-02, PNorm = 131.3394, GNorm = 0.8458, lr_0 = 2.7963e-04
Loss = 5.1557e-02, PNorm = 131.3566, GNorm = 0.7050, lr_0 = 2.7851e-04
Validation rmse = 32.793260
Epoch 11
Loss = 8.0885e-02, PNorm = 131.3742, GNorm = 0.8231, lr_0 = 2.7739e-04
Loss = 4.9454e-02, PNorm = 131.3886, GNorm = 0.6088, lr_0 = 2.7628e-04
Loss = 4.7319e-02, PNorm = 131.4014, GNorm = 0.4833, lr_0 = 2.7517e-04
Loss = 5.6469e-02, PNorm = 131.4179, GNorm = 0.8141, lr_0 = 2.7406e-04
Loss = 4.9524e-02, PNorm = 131.4370, GNorm = 1.0904, lr_0 = 2.7296e-04
Loss = 5.3487e-02, PNorm = 131.4496, GNorm = 0.4354, lr_0 = 2.7186e-04
Loss = 5.8649e-02, PNorm = 131.4683, GNorm = 1.1198, lr_0 = 2.7077e-04
Loss = 5.0353e-02, PNorm = 131.4885, GNorm = 0.8646, lr_0 = 2.6968e-04
Loss = 4.9178e-02, PNorm = 131.5087, GNorm = 0.5091, lr_0 = 2.6860e-04
Loss = 4.7329e-02, PNorm = 131.5258, GNorm = 0.4100, lr_0 = 2.6752e-04
Loss = 5.4263e-02, PNorm = 131.5393, GNorm = 0.3462, lr_0 = 2.6644e-04
Loss = 5.5492e-02, PNorm = 131.5551, GNorm = 0.5739, lr_0 = 2.6537e-04
Loss = 4.8421e-02, PNorm = 131.5718, GNorm = 1.1968, lr_0 = 2.6431e-04
Loss = 5.2544e-02, PNorm = 131.5889, GNorm = 0.5055, lr_0 = 2.6325e-04
Loss = 3.9546e-02, PNorm = 131.6060, GNorm = 0.5266, lr_0 = 2.6219e-04
Loss = 4.2165e-02, PNorm = 131.6212, GNorm = 0.7138, lr_0 = 2.6114e-04
Loss = 4.1598e-02, PNorm = 131.6346, GNorm = 0.5183, lr_0 = 2.6009e-04
Loss = 4.6688e-02, PNorm = 131.6472, GNorm = 0.8349, lr_0 = 2.5904e-04
Loss = 5.6567e-02, PNorm = 131.6642, GNorm = 0.3074, lr_0 = 2.5800e-04
Loss = 4.7494e-02, PNorm = 131.6789, GNorm = 0.7465, lr_0 = 2.5696e-04
Loss = 4.3801e-02, PNorm = 131.6961, GNorm = 0.8971, lr_0 = 2.5593e-04
Loss = 4.1134e-02, PNorm = 131.7126, GNorm = 0.9069, lr_0 = 2.5490e-04
Loss = 4.6523e-02, PNorm = 131.7274, GNorm = 0.5653, lr_0 = 2.5388e-04
Loss = 5.9519e-02, PNorm = 131.7430, GNorm = 0.9611, lr_0 = 2.5286e-04
Validation rmse = 30.360629
Epoch 12
Loss = 6.3121e-02, PNorm = 131.7579, GNorm = 1.4126, lr_0 = 2.5184e-04
Loss = 4.7035e-02, PNorm = 131.7718, GNorm = 0.3856, lr_0 = 2.5083e-04
Loss = 3.8655e-02, PNorm = 131.7857, GNorm = 0.6609, lr_0 = 2.4982e-04
Loss = 5.0632e-02, PNorm = 131.8014, GNorm = 0.8278, lr_0 = 2.4882e-04
Loss = 4.4791e-02, PNorm = 131.8186, GNorm = 0.5695, lr_0 = 2.4782e-04
Loss = 4.7826e-02, PNorm = 131.8378, GNorm = 0.7620, lr_0 = 2.4683e-04
Loss = 4.4337e-02, PNorm = 131.8506, GNorm = 0.3794, lr_0 = 2.4583e-04
Loss = 4.3908e-02, PNorm = 131.8626, GNorm = 0.4465, lr_0 = 2.4485e-04
Loss = 4.5001e-02, PNorm = 131.8755, GNorm = 0.4105, lr_0 = 2.4386e-04
Loss = 4.9145e-02, PNorm = 131.8886, GNorm = 0.7891, lr_0 = 2.4288e-04
Loss = 3.4266e-02, PNorm = 131.9010, GNorm = 0.7476, lr_0 = 2.4191e-04
Loss = 4.6731e-02, PNorm = 131.9113, GNorm = 0.6254, lr_0 = 2.4094e-04
Loss = 4.3627e-02, PNorm = 131.9257, GNorm = 0.7605, lr_0 = 2.3997e-04
Loss = 4.6552e-02, PNorm = 131.9387, GNorm = 0.5277, lr_0 = 2.3900e-04
Loss = 4.9494e-02, PNorm = 131.9558, GNorm = 0.6906, lr_0 = 2.3804e-04
Loss = 5.4316e-02, PNorm = 131.9707, GNorm = 0.5781, lr_0 = 2.3709e-04
Loss = 4.0875e-02, PNorm = 131.9854, GNorm = 0.5464, lr_0 = 2.3613e-04
Loss = 4.1847e-02, PNorm = 131.9981, GNorm = 0.5406, lr_0 = 2.3519e-04
Loss = 4.2739e-02, PNorm = 132.0111, GNorm = 0.7494, lr_0 = 2.3424e-04
Loss = 4.0006e-02, PNorm = 132.0243, GNorm = 0.4187, lr_0 = 2.3330e-04
Loss = 5.6861e-02, PNorm = 132.0372, GNorm = 1.0464, lr_0 = 2.3236e-04
Loss = 4.4641e-02, PNorm = 132.0481, GNorm = 0.3532, lr_0 = 2.3143e-04
Loss = 4.1905e-02, PNorm = 132.0595, GNorm = 0.5565, lr_0 = 2.3050e-04
Loss = 4.9820e-02, PNorm = 132.0740, GNorm = 0.6862, lr_0 = 2.2957e-04
Validation rmse = 33.268071
Epoch 13
Loss = 7.7365e-02, PNorm = 132.0948, GNorm = 1.3457, lr_0 = 2.2856e-04
Loss = 4.4515e-02, PNorm = 132.1139, GNorm = 0.8242, lr_0 = 2.2764e-04
Loss = 4.8211e-02, PNorm = 132.1320, GNorm = 0.8049, lr_0 = 2.2673e-04
Loss = 4.9070e-02, PNorm = 132.1479, GNorm = 0.4386, lr_0 = 2.2582e-04
Loss = 3.9989e-02, PNorm = 132.1610, GNorm = 0.8576, lr_0 = 2.2491e-04
Loss = 4.4241e-02, PNorm = 132.1736, GNorm = 0.4523, lr_0 = 2.2401e-04
Loss = 4.8533e-02, PNorm = 132.1868, GNorm = 0.6572, lr_0 = 2.2311e-04
Loss = 3.9234e-02, PNorm = 132.1986, GNorm = 0.6781, lr_0 = 2.2221e-04
Loss = 4.2419e-02, PNorm = 132.2074, GNorm = 0.5710, lr_0 = 2.2132e-04
Loss = 3.3779e-02, PNorm = 132.2175, GNorm = 0.4433, lr_0 = 2.2043e-04
Loss = 3.7696e-02, PNorm = 132.2290, GNorm = 0.5596, lr_0 = 2.1954e-04
Loss = 3.6683e-02, PNorm = 132.2392, GNorm = 0.3648, lr_0 = 2.1866e-04
Loss = 2.9989e-02, PNorm = 132.2495, GNorm = 0.3755, lr_0 = 2.1778e-04
Loss = 4.0210e-02, PNorm = 132.2613, GNorm = 1.0763, lr_0 = 2.1691e-04
Loss = 3.6847e-02, PNorm = 132.2725, GNorm = 0.5724, lr_0 = 2.1603e-04
Loss = 3.8902e-02, PNorm = 132.2835, GNorm = 0.6522, lr_0 = 2.1517e-04
Loss = 4.1179e-02, PNorm = 132.2971, GNorm = 0.4051, lr_0 = 2.1430e-04
Loss = 3.6893e-02, PNorm = 132.3077, GNorm = 0.4908, lr_0 = 2.1344e-04
Loss = 4.4775e-02, PNorm = 132.3169, GNorm = 0.9255, lr_0 = 2.1258e-04
Loss = 4.2910e-02, PNorm = 132.3250, GNorm = 0.6452, lr_0 = 2.1173e-04
Loss = 4.1218e-02, PNorm = 132.3346, GNorm = 0.5651, lr_0 = 2.1088e-04
Loss = 3.8471e-02, PNorm = 132.3496, GNorm = 0.4626, lr_0 = 2.1003e-04
Loss = 4.0916e-02, PNorm = 132.3632, GNorm = 0.7190, lr_0 = 2.0919e-04
Loss = 3.5208e-02, PNorm = 132.3765, GNorm = 0.6761, lr_0 = 2.0835e-04
Loss = 4.6049e-02, PNorm = 132.3899, GNorm = 0.6196, lr_0 = 2.0751e-04
Validation rmse = 31.355659
Epoch 14
Loss = 3.3034e-02, PNorm = 132.4051, GNorm = 0.6104, lr_0 = 2.0668e-04
Loss = 4.5852e-02, PNorm = 132.4200, GNorm = 1.2788, lr_0 = 2.0585e-04
Loss = 3.3904e-02, PNorm = 132.4317, GNorm = 0.3932, lr_0 = 2.0502e-04
Loss = 4.2869e-02, PNorm = 132.4406, GNorm = 0.8498, lr_0 = 2.0420e-04
Loss = 4.0762e-02, PNorm = 132.4507, GNorm = 0.4618, lr_0 = 2.0338e-04
Loss = 3.3278e-02, PNorm = 132.4614, GNorm = 0.4097, lr_0 = 2.0256e-04
Loss = 3.4995e-02, PNorm = 132.4709, GNorm = 0.4986, lr_0 = 2.0175e-04
Loss = 3.8831e-02, PNorm = 132.4791, GNorm = 0.4806, lr_0 = 2.0093e-04
Loss = 3.4295e-02, PNorm = 132.4891, GNorm = 0.5716, lr_0 = 2.0013e-04
Loss = 3.4646e-02, PNorm = 132.5007, GNorm = 0.6006, lr_0 = 1.9932e-04
Loss = 3.4874e-02, PNorm = 132.5110, GNorm = 1.0479, lr_0 = 1.9852e-04
Loss = 3.6686e-02, PNorm = 132.5216, GNorm = 0.4710, lr_0 = 1.9773e-04
Loss = 3.5490e-02, PNorm = 132.5326, GNorm = 0.6613, lr_0 = 1.9693e-04
Loss = 4.8014e-02, PNorm = 132.5430, GNorm = 1.5207, lr_0 = 1.9614e-04
Loss = 4.4467e-02, PNorm = 132.5570, GNorm = 0.5871, lr_0 = 1.9535e-04
Loss = 5.5882e-02, PNorm = 132.5703, GNorm = 0.7336, lr_0 = 1.9457e-04
Loss = 4.2120e-02, PNorm = 132.5827, GNorm = 0.4876, lr_0 = 1.9379e-04
Loss = 4.2342e-02, PNorm = 132.5947, GNorm = 0.4712, lr_0 = 1.9301e-04
Loss = 4.4026e-02, PNorm = 132.6061, GNorm = 0.5812, lr_0 = 1.9223e-04
Loss = 3.9520e-02, PNorm = 132.6183, GNorm = 0.4166, lr_0 = 1.9146e-04
Loss = 4.2672e-02, PNorm = 132.6293, GNorm = 0.4849, lr_0 = 1.9069e-04
Loss = 3.1611e-02, PNorm = 132.6392, GNorm = 0.4691, lr_0 = 1.8992e-04
Loss = 3.1789e-02, PNorm = 132.6499, GNorm = 0.3743, lr_0 = 1.8916e-04
Loss = 3.2388e-02, PNorm = 132.6593, GNorm = 0.5152, lr_0 = 1.8840e-04
Validation rmse = 30.011218
Epoch 15
Loss = 3.0489e-02, PNorm = 132.6675, GNorm = 0.4524, lr_0 = 1.8764e-04
Loss = 4.4272e-02, PNorm = 132.6779, GNorm = 0.6418, lr_0 = 1.8689e-04
Loss = 4.1425e-02, PNorm = 132.6861, GNorm = 0.4837, lr_0 = 1.8614e-04
Loss = 3.4682e-02, PNorm = 132.6980, GNorm = 0.7857, lr_0 = 1.8539e-04
Loss = 3.1312e-02, PNorm = 132.7083, GNorm = 0.7862, lr_0 = 1.8465e-04
Loss = 3.2062e-02, PNorm = 132.7170, GNorm = 0.3175, lr_0 = 1.8391e-04
Loss = 3.2678e-02, PNorm = 132.7276, GNorm = 0.4515, lr_0 = 1.8317e-04
Loss = 4.3023e-02, PNorm = 132.7376, GNorm = 0.6891, lr_0 = 1.8243e-04
Loss = 3.1359e-02, PNorm = 132.7505, GNorm = 0.6120, lr_0 = 1.8170e-04
Loss = 3.2119e-02, PNorm = 132.7578, GNorm = 0.7149, lr_0 = 1.8097e-04
Loss = 3.0662e-02, PNorm = 132.7676, GNorm = 0.2813, lr_0 = 1.8024e-04
Loss = 3.5536e-02, PNorm = 132.7793, GNorm = 0.3825, lr_0 = 1.7952e-04
Loss = 3.5881e-02, PNorm = 132.7905, GNorm = 0.3270, lr_0 = 1.7880e-04
Loss = 3.7535e-02, PNorm = 132.7977, GNorm = 0.3047, lr_0 = 1.7808e-04
Loss = 4.1196e-02, PNorm = 132.8075, GNorm = 0.8474, lr_0 = 1.7736e-04
Loss = 3.2802e-02, PNorm = 132.8205, GNorm = 0.3734, lr_0 = 1.7665e-04
Loss = 3.7358e-02, PNorm = 132.8327, GNorm = 0.4933, lr_0 = 1.7594e-04
Loss = 3.4533e-02, PNorm = 132.8424, GNorm = 0.6499, lr_0 = 1.7523e-04
Loss = 3.4121e-02, PNorm = 132.8483, GNorm = 0.5261, lr_0 = 1.7453e-04
Loss = 2.9638e-02, PNorm = 132.8579, GNorm = 0.4318, lr_0 = 1.7383e-04
Loss = 3.3483e-02, PNorm = 132.8680, GNorm = 0.4388, lr_0 = 1.7313e-04
Loss = 3.1592e-02, PNorm = 132.8769, GNorm = 0.9235, lr_0 = 1.7243e-04
Loss = 3.3790e-02, PNorm = 132.8846, GNorm = 0.3581, lr_0 = 1.7174e-04
Loss = 3.4862e-02, PNorm = 132.8916, GNorm = 0.6307, lr_0 = 1.7105e-04
Validation rmse = 29.316402
Epoch 16
Loss = 3.1886e-02, PNorm = 132.8999, GNorm = 0.2989, lr_0 = 1.7036e-04
Loss = 3.4183e-02, PNorm = 132.9115, GNorm = 0.3247, lr_0 = 1.6968e-04
Loss = 3.2560e-02, PNorm = 132.9195, GNorm = 0.3262, lr_0 = 1.6900e-04
Loss = 3.0496e-02, PNorm = 132.9281, GNorm = 0.5290, lr_0 = 1.6832e-04
Loss = 3.2599e-02, PNorm = 132.9361, GNorm = 0.7417, lr_0 = 1.6764e-04
Loss = 4.0141e-02, PNorm = 132.9437, GNorm = 0.7847, lr_0 = 1.6697e-04
Loss = 4.0409e-02, PNorm = 132.9526, GNorm = 0.2936, lr_0 = 1.6630e-04
Loss = 3.2080e-02, PNorm = 132.9635, GNorm = 0.2645, lr_0 = 1.6563e-04
Loss = 4.0069e-02, PNorm = 132.9743, GNorm = 0.8336, lr_0 = 1.6496e-04
Loss = 3.8496e-02, PNorm = 132.9816, GNorm = 1.0064, lr_0 = 1.6430e-04
Loss = 2.9826e-02, PNorm = 132.9914, GNorm = 0.5689, lr_0 = 1.6364e-04
Loss = 3.1364e-02, PNorm = 132.9985, GNorm = 0.4812, lr_0 = 1.6298e-04
Loss = 3.9645e-02, PNorm = 133.0043, GNorm = 1.1233, lr_0 = 1.6233e-04
Loss = 3.0746e-02, PNorm = 133.0128, GNorm = 0.4356, lr_0 = 1.6168e-04
Loss = 3.2174e-02, PNorm = 133.0209, GNorm = 0.8422, lr_0 = 1.6103e-04
Loss = 2.8006e-02, PNorm = 133.0287, GNorm = 0.5156, lr_0 = 1.6038e-04
Loss = 3.2700e-02, PNorm = 133.0358, GNorm = 0.8977, lr_0 = 1.5974e-04
Loss = 3.4878e-02, PNorm = 133.0434, GNorm = 0.8403, lr_0 = 1.5910e-04
Loss = 3.3598e-02, PNorm = 133.0528, GNorm = 0.9707, lr_0 = 1.5846e-04
Loss = 3.5606e-02, PNorm = 133.0626, GNorm = 0.6124, lr_0 = 1.5782e-04
Loss = 2.9560e-02, PNorm = 133.0703, GNorm = 0.4113, lr_0 = 1.5719e-04
Loss = 3.7900e-02, PNorm = 133.0795, GNorm = 0.4476, lr_0 = 1.5655e-04
Loss = 3.4934e-02, PNorm = 133.0877, GNorm = 0.6294, lr_0 = 1.5593e-04
Loss = 3.1801e-02, PNorm = 133.0965, GNorm = 0.3092, lr_0 = 1.5530e-04
Validation rmse = 29.639163
Epoch 17
Loss = 3.7658e-02, PNorm = 133.1080, GNorm = 0.3025, lr_0 = 1.5461e-04
Loss = 2.8180e-02, PNorm = 133.1166, GNorm = 0.2967, lr_0 = 1.5399e-04
Loss = 2.7921e-02, PNorm = 133.1263, GNorm = 0.4661, lr_0 = 1.5337e-04
Loss = 3.4190e-02, PNorm = 133.1367, GNorm = 0.4784, lr_0 = 1.5276e-04
Loss = 2.5205e-02, PNorm = 133.1445, GNorm = 0.6099, lr_0 = 1.5214e-04
Loss = 2.6028e-02, PNorm = 133.1493, GNorm = 0.3489, lr_0 = 1.5153e-04
Loss = 2.8804e-02, PNorm = 133.1565, GNorm = 0.5639, lr_0 = 1.5092e-04
Loss = 3.3030e-02, PNorm = 133.1649, GNorm = 0.7320, lr_0 = 1.5032e-04
Loss = 3.2673e-02, PNorm = 133.1735, GNorm = 0.5210, lr_0 = 1.4971e-04
Loss = 3.6020e-02, PNorm = 133.1844, GNorm = 0.7132, lr_0 = 1.4911e-04
Loss = 3.1144e-02, PNorm = 133.1937, GNorm = 0.5941, lr_0 = 1.4851e-04
Loss = 2.9665e-02, PNorm = 133.2015, GNorm = 0.7315, lr_0 = 1.4792e-04
Loss = 3.3877e-02, PNorm = 133.2092, GNorm = 0.3545, lr_0 = 1.4732e-04
Loss = 2.7431e-02, PNorm = 133.2163, GNorm = 0.3718, lr_0 = 1.4673e-04
Loss = 3.1748e-02, PNorm = 133.2247, GNorm = 0.4194, lr_0 = 1.4614e-04
Loss = 2.6645e-02, PNorm = 133.2323, GNorm = 0.4184, lr_0 = 1.4555e-04
Loss = 3.3726e-02, PNorm = 133.2414, GNorm = 0.3655, lr_0 = 1.4497e-04
Loss = 2.8683e-02, PNorm = 133.2480, GNorm = 0.2969, lr_0 = 1.4439e-04
Loss = 2.8669e-02, PNorm = 133.2539, GNorm = 0.5061, lr_0 = 1.4381e-04
Loss = 3.2539e-02, PNorm = 133.2596, GNorm = 0.3775, lr_0 = 1.4323e-04
Loss = 3.8769e-02, PNorm = 133.2682, GNorm = 0.6747, lr_0 = 1.4265e-04
Loss = 3.3288e-02, PNorm = 133.2759, GNorm = 0.4633, lr_0 = 1.4208e-04
Loss = 2.8768e-02, PNorm = 133.2833, GNorm = 0.5628, lr_0 = 1.4151e-04
Loss = 4.0375e-02, PNorm = 133.2902, GNorm = 0.3025, lr_0 = 1.4094e-04
Validation rmse = 28.328277
Epoch 18
Loss = 2.2297e-02, PNorm = 133.2954, GNorm = 0.2754, lr_0 = 1.4037e-04
Loss = 2.9581e-02, PNorm = 133.3047, GNorm = 0.2868, lr_0 = 1.3981e-04
Loss = 2.9234e-02, PNorm = 133.3111, GNorm = 0.4916, lr_0 = 1.3925e-04
Loss = 2.7998e-02, PNorm = 133.3185, GNorm = 0.5588, lr_0 = 1.3869e-04
Loss = 2.8972e-02, PNorm = 133.3264, GNorm = 0.6153, lr_0 = 1.3813e-04
Loss = 3.1827e-02, PNorm = 133.3319, GNorm = 0.3373, lr_0 = 1.3758e-04
Loss = 2.4639e-02, PNorm = 133.3386, GNorm = 0.5782, lr_0 = 1.3702e-04
Loss = 2.5250e-02, PNorm = 133.3448, GNorm = 0.4000, lr_0 = 1.3647e-04
Loss = 2.8375e-02, PNorm = 133.3495, GNorm = 0.3534, lr_0 = 1.3593e-04
Loss = 2.9050e-02, PNorm = 133.3566, GNorm = 0.3471, lr_0 = 1.3538e-04
Loss = 2.7667e-02, PNorm = 133.3625, GNorm = 0.3089, lr_0 = 1.3484e-04
Loss = 3.9493e-02, PNorm = 133.3707, GNorm = 0.9317, lr_0 = 1.3429e-04
Loss = 2.9380e-02, PNorm = 133.3795, GNorm = 0.7897, lr_0 = 1.3375e-04
Loss = 3.1984e-02, PNorm = 133.3866, GNorm = 0.4068, lr_0 = 1.3322e-04
Loss = 2.6244e-02, PNorm = 133.3950, GNorm = 0.4520, lr_0 = 1.3268e-04
Loss = 3.2133e-02, PNorm = 133.4026, GNorm = 0.5119, lr_0 = 1.3215e-04
Loss = 2.8791e-02, PNorm = 133.4090, GNorm = 0.6855, lr_0 = 1.3162e-04
Loss = 3.0870e-02, PNorm = 133.4149, GNorm = 0.8752, lr_0 = 1.3109e-04
Loss = 2.8975e-02, PNorm = 133.4229, GNorm = 0.8439, lr_0 = 1.3056e-04
Loss = 2.7218e-02, PNorm = 133.4299, GNorm = 0.8522, lr_0 = 1.3004e-04
Loss = 3.0068e-02, PNorm = 133.4390, GNorm = 0.3787, lr_0 = 1.2952e-04
Loss = 2.7548e-02, PNorm = 133.4453, GNorm = 0.5757, lr_0 = 1.2900e-04
Loss = 3.2399e-02, PNorm = 133.4533, GNorm = 0.6586, lr_0 = 1.2848e-04
Loss = 2.6706e-02, PNorm = 133.4584, GNorm = 0.4435, lr_0 = 1.2796e-04
Validation rmse = 28.578984
Epoch 19
Loss = 2.3351e-02, PNorm = 133.4633, GNorm = 0.3503, lr_0 = 1.2745e-04
Loss = 2.5764e-02, PNorm = 133.4701, GNorm = 0.4535, lr_0 = 1.2693e-04
Loss = 2.8912e-02, PNorm = 133.4777, GNorm = 0.1845, lr_0 = 1.2642e-04
Loss = 2.7645e-02, PNorm = 133.4858, GNorm = 0.5099, lr_0 = 1.2592e-04
Loss = 2.3954e-02, PNorm = 133.4956, GNorm = 0.5603, lr_0 = 1.2541e-04
Loss = 2.2200e-02, PNorm = 133.5023, GNorm = 0.5415, lr_0 = 1.2491e-04
Loss = 2.4543e-02, PNorm = 133.5073, GNorm = 0.4036, lr_0 = 1.2441e-04
Loss = 2.7582e-02, PNorm = 133.5134, GNorm = 0.3730, lr_0 = 1.2391e-04
Loss = 2.7898e-02, PNorm = 133.5189, GNorm = 0.5603, lr_0 = 1.2341e-04
Loss = 2.8661e-02, PNorm = 133.5262, GNorm = 0.3918, lr_0 = 1.2291e-04
Loss = 2.7871e-02, PNorm = 133.5350, GNorm = 0.2689, lr_0 = 1.2242e-04
Loss = 2.3838e-02, PNorm = 133.5400, GNorm = 0.6049, lr_0 = 1.2193e-04
Loss = 2.6345e-02, PNorm = 133.5451, GNorm = 0.4662, lr_0 = 1.2144e-04
Loss = 2.6983e-02, PNorm = 133.5506, GNorm = 0.6035, lr_0 = 1.2095e-04
Loss = 3.3589e-02, PNorm = 133.5567, GNorm = 0.2802, lr_0 = 1.2046e-04
Loss = 2.6286e-02, PNorm = 133.5631, GNorm = 0.4579, lr_0 = 1.1998e-04
Loss = 3.3425e-02, PNorm = 133.5700, GNorm = 0.3847, lr_0 = 1.1950e-04
Loss = 2.1413e-02, PNorm = 133.5768, GNorm = 0.3745, lr_0 = 1.1902e-04
Loss = 4.3254e-02, PNorm = 133.5836, GNorm = 1.1978, lr_0 = 1.1854e-04
Loss = 2.5618e-02, PNorm = 133.5910, GNorm = 0.3869, lr_0 = 1.1806e-04
Loss = 3.3851e-02, PNorm = 133.5973, GNorm = 0.5450, lr_0 = 1.1759e-04
Loss = 2.6997e-02, PNorm = 133.6035, GNorm = 0.3494, lr_0 = 1.1712e-04
Loss = 3.4454e-02, PNorm = 133.6080, GNorm = 0.5845, lr_0 = 1.1665e-04
Loss = 2.5061e-02, PNorm = 133.6148, GNorm = 0.2885, lr_0 = 1.1618e-04
Validation rmse = 28.101783
Epoch 20
Loss = 2.5629e-02, PNorm = 133.6211, GNorm = 0.5206, lr_0 = 1.1571e-04
Loss = 2.2887e-02, PNorm = 133.6239, GNorm = 0.3053, lr_0 = 1.1525e-04
Loss = 2.7348e-02, PNorm = 133.6274, GNorm = 0.2597, lr_0 = 1.1478e-04
Loss = 2.8066e-02, PNorm = 133.6352, GNorm = 0.2817, lr_0 = 1.1432e-04
Loss = 2.9339e-02, PNorm = 133.6417, GNorm = 0.4142, lr_0 = 1.1386e-04
Loss = 3.1789e-02, PNorm = 133.6484, GNorm = 0.5107, lr_0 = 1.1340e-04
Loss = 2.7729e-02, PNorm = 133.6548, GNorm = 0.7196, lr_0 = 1.1295e-04
Loss = 2.7095e-02, PNorm = 133.6621, GNorm = 0.4493, lr_0 = 1.1250e-04
Loss = 2.4351e-02, PNorm = 133.6677, GNorm = 0.3453, lr_0 = 1.1204e-04
Loss = 2.5654e-02, PNorm = 133.6742, GNorm = 0.3193, lr_0 = 1.1159e-04
Loss = 2.5374e-02, PNorm = 133.6804, GNorm = 0.4614, lr_0 = 1.1114e-04
Loss = 2.2741e-02, PNorm = 133.6856, GNorm = 0.3026, lr_0 = 1.1070e-04
Loss = 2.4417e-02, PNorm = 133.6888, GNorm = 0.5121, lr_0 = 1.1025e-04
Loss = 2.8571e-02, PNorm = 133.6930, GNorm = 0.8812, lr_0 = 1.0981e-04
Loss = 2.9188e-02, PNorm = 133.6982, GNorm = 0.3514, lr_0 = 1.0937e-04
Loss = 2.6124e-02, PNorm = 133.7034, GNorm = 0.4927, lr_0 = 1.0893e-04
Loss = 2.6078e-02, PNorm = 133.7078, GNorm = 0.3982, lr_0 = 1.0849e-04
Loss = 2.3606e-02, PNorm = 133.7123, GNorm = 0.2711, lr_0 = 1.0806e-04
Loss = 2.2918e-02, PNorm = 133.7196, GNorm = 0.4911, lr_0 = 1.0762e-04
Loss = 2.9502e-02, PNorm = 133.7235, GNorm = 0.6209, lr_0 = 1.0719e-04
Loss = 2.5653e-02, PNorm = 133.7281, GNorm = 0.2926, lr_0 = 1.0676e-04
Loss = 2.5965e-02, PNorm = 133.7325, GNorm = 0.2663, lr_0 = 1.0633e-04
Loss = 2.2090e-02, PNorm = 133.7394, GNorm = 0.4293, lr_0 = 1.0590e-04
Loss = 2.9756e-02, PNorm = 133.7452, GNorm = 0.5171, lr_0 = 1.0548e-04
Validation rmse = 28.657234
Epoch 21
Loss = 2.9614e-02, PNorm = 133.7505, GNorm = 1.0485, lr_0 = 1.0505e-04
Loss = 2.7056e-02, PNorm = 133.7574, GNorm = 0.3011, lr_0 = 1.0463e-04
Loss = 2.5281e-02, PNorm = 133.7643, GNorm = 0.4816, lr_0 = 1.0421e-04
Loss = 2.1825e-02, PNorm = 133.7686, GNorm = 0.4478, lr_0 = 1.0379e-04
Loss = 1.8719e-02, PNorm = 133.7705, GNorm = 0.3915, lr_0 = 1.0338e-04
Loss = 2.2269e-02, PNorm = 133.7746, GNorm = 0.3141, lr_0 = 1.0296e-04
Loss = 2.8466e-02, PNorm = 133.7792, GNorm = 0.5548, lr_0 = 1.0255e-04
Loss = 2.5329e-02, PNorm = 133.7865, GNorm = 0.4719, lr_0 = 1.0214e-04
Loss = 2.5258e-02, PNorm = 133.7932, GNorm = 0.3847, lr_0 = 1.0172e-04
Loss = 2.2407e-02, PNorm = 133.7964, GNorm = 0.4695, lr_0 = 1.0132e-04
Loss = 2.9081e-02, PNorm = 133.8008, GNorm = 0.3411, lr_0 = 1.0091e-04
Loss = 2.3413e-02, PNorm = 133.8070, GNorm = 0.8187, lr_0 = 1.0050e-04
Loss = 2.4181e-02, PNorm = 133.8123, GNorm = 0.3300, lr_0 = 1.0010e-04
Loss = 2.3773e-02, PNorm = 133.8184, GNorm = 0.2860, lr_0 = 9.9698e-05
Loss = 2.4444e-02, PNorm = 133.8233, GNorm = 0.5008, lr_0 = 9.9297e-05
Loss = 2.8710e-02, PNorm = 133.8293, GNorm = 0.7624, lr_0 = 9.8898e-05
Loss = 2.7956e-02, PNorm = 133.8359, GNorm = 0.3871, lr_0 = 9.8501e-05
Loss = 2.6669e-02, PNorm = 133.8409, GNorm = 0.4776, lr_0 = 9.8105e-05
Loss = 2.9957e-02, PNorm = 133.8460, GNorm = 0.2875, lr_0 = 9.7711e-05
Loss = 2.2941e-02, PNorm = 133.8504, GNorm = 0.4632, lr_0 = 9.7319e-05
Loss = 2.9435e-02, PNorm = 133.8573, GNorm = 0.3442, lr_0 = 9.6928e-05
Loss = 2.4858e-02, PNorm = 133.8637, GNorm = 0.8222, lr_0 = 9.6538e-05
Loss = 2.5485e-02, PNorm = 133.8695, GNorm = 0.4390, lr_0 = 9.6151e-05
Loss = 2.7603e-02, PNorm = 133.8753, GNorm = 0.8179, lr_0 = 9.5764e-05
Validation rmse = 28.761215
Epoch 22
Loss = 2.1536e-02, PNorm = 133.8790, GNorm = 0.8218, lr_0 = 9.5341e-05
Loss = 2.7367e-02, PNorm = 133.8850, GNorm = 0.9135, lr_0 = 9.4958e-05
Loss = 2.2254e-02, PNorm = 133.8901, GNorm = 0.3029, lr_0 = 9.4577e-05
Loss = 2.5107e-02, PNorm = 133.8944, GNorm = 0.4220, lr_0 = 9.4197e-05
Loss = 2.1331e-02, PNorm = 133.8995, GNorm = 0.3942, lr_0 = 9.3818e-05
Loss = 2.4615e-02, PNorm = 133.9052, GNorm = 0.3488, lr_0 = 9.3441e-05
Loss = 2.1762e-02, PNorm = 133.9078, GNorm = 0.5014, lr_0 = 9.3066e-05
Loss = 2.0499e-02, PNorm = 133.9106, GNorm = 0.2768, lr_0 = 9.2692e-05
Loss = 2.1272e-02, PNorm = 133.9143, GNorm = 0.4297, lr_0 = 9.2320e-05
Loss = 2.0017e-02, PNorm = 133.9187, GNorm = 0.5099, lr_0 = 9.1949e-05
Loss = 2.0059e-02, PNorm = 133.9232, GNorm = 0.3939, lr_0 = 9.1579e-05
Loss = 2.3551e-02, PNorm = 133.9271, GNorm = 0.3046, lr_0 = 9.1212e-05
Loss = 2.7038e-02, PNorm = 133.9328, GNorm = 0.2589, lr_0 = 9.0845e-05
Loss = 2.3329e-02, PNorm = 133.9377, GNorm = 0.4581, lr_0 = 9.0480e-05
Loss = 1.9975e-02, PNorm = 133.9428, GNorm = 0.6095, lr_0 = 9.0117e-05
Loss = 2.8162e-02, PNorm = 133.9449, GNorm = 0.4939, lr_0 = 8.9755e-05
Loss = 2.8343e-02, PNorm = 133.9480, GNorm = 0.6850, lr_0 = 8.9394e-05
Loss = 3.0291e-02, PNorm = 133.9530, GNorm = 0.7494, lr_0 = 8.9035e-05
Loss = 2.9642e-02, PNorm = 133.9595, GNorm = 0.3306, lr_0 = 8.8677e-05
Loss = 3.3931e-02, PNorm = 133.9661, GNorm = 0.4009, lr_0 = 8.8321e-05
Loss = 2.0962e-02, PNorm = 133.9706, GNorm = 0.4714, lr_0 = 8.7966e-05
Loss = 2.5176e-02, PNorm = 133.9765, GNorm = 0.4584, lr_0 = 8.7613e-05
Loss = 2.8621e-02, PNorm = 133.9816, GNorm = 0.9453, lr_0 = 8.7261e-05
Loss = 2.7413e-02, PNorm = 133.9879, GNorm = 0.6756, lr_0 = 8.6910e-05
Validation rmse = 28.765027
Epoch 23
Loss = 2.1364e-02, PNorm = 133.9934, GNorm = 0.4459, lr_0 = 8.6561e-05
Loss = 2.6354e-02, PNorm = 133.9982, GNorm = 0.4080, lr_0 = 8.6213e-05
Loss = 2.1529e-02, PNorm = 134.0029, GNorm = 0.4658, lr_0 = 8.5867e-05
Loss = 2.3323e-02, PNorm = 134.0077, GNorm = 0.6678, lr_0 = 8.5522e-05
Loss = 2.4757e-02, PNorm = 134.0115, GNorm = 0.4510, lr_0 = 8.5178e-05
Loss = 2.0112e-02, PNorm = 134.0163, GNorm = 0.3238, lr_0 = 8.4836e-05
Loss = 1.9041e-02, PNorm = 134.0199, GNorm = 0.2134, lr_0 = 8.4495e-05
Loss = 1.9706e-02, PNorm = 134.0255, GNorm = 0.4365, lr_0 = 8.4156e-05
Loss = 2.4808e-02, PNorm = 134.0296, GNorm = 0.2231, lr_0 = 8.3818e-05
Loss = 2.6729e-02, PNorm = 134.0344, GNorm = 0.2862, lr_0 = 8.3481e-05
Loss = 2.1165e-02, PNorm = 134.0375, GNorm = 0.2692, lr_0 = 8.3146e-05
Loss = 1.9630e-02, PNorm = 134.0409, GNorm = 0.2070, lr_0 = 8.2812e-05
Loss = 2.1667e-02, PNorm = 134.0456, GNorm = 0.3440, lr_0 = 8.2479e-05
Loss = 2.6772e-02, PNorm = 134.0498, GNorm = 0.3461, lr_0 = 8.2148e-05
Loss = 2.3440e-02, PNorm = 134.0535, GNorm = 0.3273, lr_0 = 8.1818e-05
Loss = 1.9946e-02, PNorm = 134.0564, GNorm = 0.2686, lr_0 = 8.1489e-05
Loss = 2.1024e-02, PNorm = 134.0598, GNorm = 0.4923, lr_0 = 8.1162e-05
Loss = 2.3528e-02, PNorm = 134.0622, GNorm = 0.3372, lr_0 = 8.0836e-05
Loss = 2.4103e-02, PNorm = 134.0659, GNorm = 0.3009, lr_0 = 8.0511e-05
Loss = 2.6410e-02, PNorm = 134.0711, GNorm = 0.3690, lr_0 = 8.0187e-05
Loss = 2.5532e-02, PNorm = 134.0746, GNorm = 0.6462, lr_0 = 7.9865e-05
Loss = 2.3144e-02, PNorm = 134.0780, GNorm = 0.3347, lr_0 = 7.9544e-05
Loss = 2.1086e-02, PNorm = 134.0826, GNorm = 0.6031, lr_0 = 7.9225e-05
Loss = 2.5052e-02, PNorm = 134.0883, GNorm = 0.3240, lr_0 = 7.8906e-05
Validation rmse = 27.707225
Epoch 24
Loss = 1.7624e-02, PNorm = 134.0931, GNorm = 0.2091, lr_0 = 7.8589e-05
Loss = 2.1243e-02, PNorm = 134.0961, GNorm = 0.3025, lr_0 = 7.8274e-05
Loss = 2.2507e-02, PNorm = 134.1014, GNorm = 0.3472, lr_0 = 7.7959e-05
Loss = 1.8171e-02, PNorm = 134.1053, GNorm = 0.3648, lr_0 = 7.7646e-05
Loss = 2.1321e-02, PNorm = 134.1079, GNorm = 0.2021, lr_0 = 7.7334e-05
Loss = 2.4145e-02, PNorm = 134.1097, GNorm = 0.5461, lr_0 = 7.7024e-05
Loss = 1.9039e-02, PNorm = 134.1128, GNorm = 0.4007, lr_0 = 7.6714e-05
Loss = 2.3475e-02, PNorm = 134.1160, GNorm = 0.6047, lr_0 = 7.6406e-05
Loss = 1.9993e-02, PNorm = 134.1208, GNorm = 0.2617, lr_0 = 7.6099e-05
Loss = 2.2153e-02, PNorm = 134.1257, GNorm = 0.4488, lr_0 = 7.5793e-05
Loss = 2.8195e-02, PNorm = 134.1311, GNorm = 0.3257, lr_0 = 7.5489e-05
Loss = 2.2584e-02, PNorm = 134.1357, GNorm = 0.5285, lr_0 = 7.5185e-05
Loss = 2.0849e-02, PNorm = 134.1394, GNorm = 0.3629, lr_0 = 7.4883e-05
Loss = 2.3949e-02, PNorm = 134.1431, GNorm = 0.6474, lr_0 = 7.4583e-05
Loss = 1.9561e-02, PNorm = 134.1482, GNorm = 0.2361, lr_0 = 7.4283e-05
Loss = 1.9938e-02, PNorm = 134.1522, GNorm = 0.2396, lr_0 = 7.3985e-05
Loss = 2.4765e-02, PNorm = 134.1561, GNorm = 0.4744, lr_0 = 7.3687e-05
Loss = 2.2064e-02, PNorm = 134.1597, GNorm = 0.2345, lr_0 = 7.3391e-05
Loss = 2.2762e-02, PNorm = 134.1624, GNorm = 0.4469, lr_0 = 7.3096e-05
Loss = 2.2669e-02, PNorm = 134.1658, GNorm = 0.5600, lr_0 = 7.2803e-05
Loss = 2.0862e-02, PNorm = 134.1682, GNorm = 0.4211, lr_0 = 7.2510e-05
Loss = 2.8468e-02, PNorm = 134.1715, GNorm = 0.5370, lr_0 = 7.2219e-05
Loss = 2.0127e-02, PNorm = 134.1754, GNorm = 0.2955, lr_0 = 7.1929e-05
Loss = 2.6654e-02, PNorm = 134.1813, GNorm = 0.3307, lr_0 = 7.1640e-05
Validation rmse = 27.889333
Epoch 25
Loss = 2.0385e-02, PNorm = 134.1846, GNorm = 0.3809, lr_0 = 7.1352e-05
Loss = 2.0528e-02, PNorm = 134.1873, GNorm = 0.5367, lr_0 = 7.1065e-05
Loss = 2.2215e-02, PNorm = 134.1911, GNorm = 0.3514, lr_0 = 7.0780e-05
Loss = 2.1723e-02, PNorm = 134.1944, GNorm = 0.3458, lr_0 = 7.0496e-05
Loss = 1.6701e-02, PNorm = 134.1971, GNorm = 0.2431, lr_0 = 7.0212e-05
Loss = 2.1524e-02, PNorm = 134.2007, GNorm = 0.6322, lr_0 = 6.9930e-05
Loss = 1.9714e-02, PNorm = 134.2038, GNorm = 0.3426, lr_0 = 6.9649e-05
Loss = 2.2851e-02, PNorm = 134.2067, GNorm = 0.4665, lr_0 = 6.9370e-05
Loss = 2.2450e-02, PNorm = 134.2110, GNorm = 0.4401, lr_0 = 6.9091e-05
Loss = 2.0980e-02, PNorm = 134.2137, GNorm = 0.2251, lr_0 = 6.8813e-05
Loss = 1.8675e-02, PNorm = 134.2165, GNorm = 0.4619, lr_0 = 6.8537e-05
Loss = 1.8305e-02, PNorm = 134.2198, GNorm = 0.3042, lr_0 = 6.8262e-05
Loss = 1.9728e-02, PNorm = 134.2234, GNorm = 0.3477, lr_0 = 6.7987e-05
Loss = 2.0064e-02, PNorm = 134.2265, GNorm = 0.2918, lr_0 = 6.7714e-05
Loss = 1.9377e-02, PNorm = 134.2303, GNorm = 0.2803, lr_0 = 6.7442e-05
Loss = 1.9563e-02, PNorm = 134.2332, GNorm = 0.1738, lr_0 = 6.7171e-05
Loss = 2.0386e-02, PNorm = 134.2359, GNorm = 0.2563, lr_0 = 6.6901e-05
Loss = 2.0262e-02, PNorm = 134.2391, GNorm = 0.2390, lr_0 = 6.6633e-05
Loss = 2.0913e-02, PNorm = 134.2417, GNorm = 0.3030, lr_0 = 6.6365e-05
Loss = 2.2178e-02, PNorm = 134.2461, GNorm = 0.2910, lr_0 = 6.6098e-05
Loss = 2.5048e-02, PNorm = 134.2497, GNorm = 0.3250, lr_0 = 6.5833e-05
Loss = 2.2433e-02, PNorm = 134.2530, GNorm = 0.5745, lr_0 = 6.5568e-05
Loss = 2.0987e-02, PNorm = 134.2557, GNorm = 0.5262, lr_0 = 6.5305e-05
Loss = 2.0869e-02, PNorm = 134.2596, GNorm = 0.3965, lr_0 = 6.5042e-05
Validation rmse = 27.934028
Epoch 26
Loss = 9.7301e-03, PNorm = 134.2625, GNorm = 0.2792, lr_0 = 6.4755e-05
Loss = 1.9200e-02, PNorm = 134.2659, GNorm = 0.3521, lr_0 = 6.4495e-05
Loss = 2.2286e-02, PNorm = 134.2697, GNorm = 0.4484, lr_0 = 6.4236e-05
Loss = 2.3192e-02, PNorm = 134.2746, GNorm = 0.2674, lr_0 = 6.3978e-05
Loss = 1.8776e-02, PNorm = 134.2781, GNorm = 0.3703, lr_0 = 6.3721e-05
Loss = 1.8186e-02, PNorm = 134.2819, GNorm = 0.4308, lr_0 = 6.3465e-05
Loss = 2.4644e-02, PNorm = 134.2850, GNorm = 0.2954, lr_0 = 6.3210e-05
Loss = 1.7981e-02, PNorm = 134.2874, GNorm = 0.3701, lr_0 = 6.2956e-05
Loss = 2.3112e-02, PNorm = 134.2898, GNorm = 0.4025, lr_0 = 6.2703e-05
Loss = 2.2128e-02, PNorm = 134.2918, GNorm = 0.3507, lr_0 = 6.2451e-05
Loss = 1.7976e-02, PNorm = 134.2936, GNorm = 0.2176, lr_0 = 6.2200e-05
Loss = 2.2169e-02, PNorm = 134.2981, GNorm = 0.3939, lr_0 = 6.1950e-05
Loss = 1.8528e-02, PNorm = 134.3014, GNorm = 0.2446, lr_0 = 6.1701e-05
Loss = 2.2771e-02, PNorm = 134.3031, GNorm = 0.3591, lr_0 = 6.1454e-05
Loss = 2.2787e-02, PNorm = 134.3062, GNorm = 0.5422, lr_0 = 6.1207e-05
Loss = 1.6787e-02, PNorm = 134.3097, GNorm = 0.2056, lr_0 = 6.0961e-05
Loss = 1.9356e-02, PNorm = 134.3126, GNorm = 0.4314, lr_0 = 6.0716e-05
Loss = 1.8140e-02, PNorm = 134.3158, GNorm = 0.3707, lr_0 = 6.0472e-05
Loss = 2.2052e-02, PNorm = 134.3182, GNorm = 0.2993, lr_0 = 6.0229e-05
Loss = 1.6648e-02, PNorm = 134.3215, GNorm = 0.2170, lr_0 = 5.9987e-05
Loss = 1.8437e-02, PNorm = 134.3241, GNorm = 0.2395, lr_0 = 5.9746e-05
Loss = 1.9392e-02, PNorm = 134.3263, GNorm = 0.2957, lr_0 = 5.9506e-05
Loss = 2.0518e-02, PNorm = 134.3286, GNorm = 0.3602, lr_0 = 5.9267e-05
Loss = 1.8000e-02, PNorm = 134.3311, GNorm = 0.1920, lr_0 = 5.9029e-05
Loss = 1.9751e-02, PNorm = 134.3333, GNorm = 0.5086, lr_0 = 5.8792e-05
Validation rmse = 27.442236
Epoch 27
Loss = 1.7348e-02, PNorm = 134.3355, GNorm = 0.3212, lr_0 = 5.8556e-05
Loss = 1.6467e-02, PNorm = 134.3377, GNorm = 0.4002, lr_0 = 5.8320e-05
Loss = 1.9665e-02, PNorm = 134.3410, GNorm = 0.2185, lr_0 = 5.8086e-05
Loss = 1.5697e-02, PNorm = 134.3439, GNorm = 0.3603, lr_0 = 5.7853e-05
Loss = 2.1090e-02, PNorm = 134.3477, GNorm = 0.5151, lr_0 = 5.7620e-05
Loss = 2.0373e-02, PNorm = 134.3501, GNorm = 0.7817, lr_0 = 5.7389e-05
Loss = 2.6670e-02, PNorm = 134.3526, GNorm = 0.4770, lr_0 = 5.7158e-05
Loss = 2.2505e-02, PNorm = 134.3553, GNorm = 0.6081, lr_0 = 5.6929e-05
Loss = 1.6924e-02, PNorm = 134.3584, GNorm = 0.5508, lr_0 = 5.6700e-05
Loss = 1.7536e-02, PNorm = 134.3607, GNorm = 0.2893, lr_0 = 5.6472e-05
Loss = 2.3625e-02, PNorm = 134.3629, GNorm = 0.4073, lr_0 = 5.6245e-05
Loss = 2.1909e-02, PNorm = 134.3655, GNorm = 0.2315, lr_0 = 5.6019e-05
Loss = 1.9068e-02, PNorm = 134.3678, GNorm = 0.2980, lr_0 = 5.5794e-05
Loss = 1.6626e-02, PNorm = 134.3706, GNorm = 0.2310, lr_0 = 5.5570e-05
Loss = 1.7203e-02, PNorm = 134.3735, GNorm = 0.3138, lr_0 = 5.5347e-05
Loss = 1.7194e-02, PNorm = 134.3774, GNorm = 0.2840, lr_0 = 5.5124e-05
Loss = 2.8778e-02, PNorm = 134.3810, GNorm = 0.3217, lr_0 = 5.4903e-05
Loss = 1.8909e-02, PNorm = 134.3848, GNorm = 0.2904, lr_0 = 5.4682e-05
Loss = 1.9187e-02, PNorm = 134.3878, GNorm = 0.2388, lr_0 = 5.4463e-05
Loss = 1.6150e-02, PNorm = 134.3900, GNorm = 0.2620, lr_0 = 5.4244e-05
Loss = 1.9819e-02, PNorm = 134.3918, GNorm = 0.5465, lr_0 = 5.4026e-05
Loss = 1.9871e-02, PNorm = 134.3942, GNorm = 0.7441, lr_0 = 5.3809e-05
Loss = 2.0355e-02, PNorm = 134.3964, GNorm = 0.3268, lr_0 = 5.3593e-05
Loss = 2.3216e-02, PNorm = 134.3986, GNorm = 0.4261, lr_0 = 5.3377e-05
Validation rmse = 27.503731
Epoch 28
Loss = 2.0441e-02, PNorm = 134.4016, GNorm = 0.2696, lr_0 = 5.3163e-05
Loss = 1.8770e-02, PNorm = 134.4052, GNorm = 0.2299, lr_0 = 5.2949e-05
Loss = 1.9941e-02, PNorm = 134.4075, GNorm = 0.2831, lr_0 = 5.2737e-05
Loss = 2.2172e-02, PNorm = 134.4109, GNorm = 0.2902, lr_0 = 5.2525e-05
Loss = 1.7101e-02, PNorm = 134.4130, GNorm = 0.3822, lr_0 = 5.2314e-05
Loss = 1.9113e-02, PNorm = 134.4156, GNorm = 0.4320, lr_0 = 5.2104e-05
Loss = 1.7455e-02, PNorm = 134.4170, GNorm = 0.2625, lr_0 = 5.1894e-05
Loss = 1.6977e-02, PNorm = 134.4182, GNorm = 0.2833, lr_0 = 5.1686e-05
Loss = 2.2738e-02, PNorm = 134.4206, GNorm = 0.2403, lr_0 = 5.1478e-05
Loss = 1.7324e-02, PNorm = 134.4232, GNorm = 0.2549, lr_0 = 5.1271e-05
Loss = 1.7166e-02, PNorm = 134.4253, GNorm = 0.2933, lr_0 = 5.1065e-05
Loss = 1.7804e-02, PNorm = 134.4277, GNorm = 0.2462, lr_0 = 5.0860e-05
Loss = 1.8324e-02, PNorm = 134.4300, GNorm = 0.3959, lr_0 = 5.0656e-05
Loss = 1.8547e-02, PNorm = 134.4319, GNorm = 0.3765, lr_0 = 5.0452e-05
Loss = 1.4420e-02, PNorm = 134.4336, GNorm = 0.3408, lr_0 = 5.0250e-05
Loss = 1.9254e-02, PNorm = 134.4357, GNorm = 0.3223, lr_0 = 5.0048e-05
Loss = 2.1730e-02, PNorm = 134.4377, GNorm = 0.4785, lr_0 = 4.9847e-05
Loss = 1.9401e-02, PNorm = 134.4403, GNorm = 0.4397, lr_0 = 4.9647e-05
Loss = 2.4947e-02, PNorm = 134.4421, GNorm = 0.9547, lr_0 = 4.9447e-05
Loss = 2.0818e-02, PNorm = 134.4447, GNorm = 0.3661, lr_0 = 4.9249e-05
Loss = 1.8414e-02, PNorm = 134.4468, GNorm = 0.2886, lr_0 = 4.9051e-05
Loss = 2.0856e-02, PNorm = 134.4503, GNorm = 0.3448, lr_0 = 4.8854e-05
Loss = 1.7291e-02, PNorm = 134.4523, GNorm = 0.2450, lr_0 = 4.8657e-05
Loss = 1.6422e-02, PNorm = 134.4548, GNorm = 0.5061, lr_0 = 4.8462e-05
Validation rmse = 27.487837
Epoch 29
Loss = 1.5504e-02, PNorm = 134.4573, GNorm = 0.4401, lr_0 = 4.8267e-05
Loss = 1.7402e-02, PNorm = 134.4588, GNorm = 0.3473, lr_0 = 4.8073e-05
Loss = 1.8364e-02, PNorm = 134.4618, GNorm = 0.5593, lr_0 = 4.7880e-05
Loss = 1.8444e-02, PNorm = 134.4646, GNorm = 0.4569, lr_0 = 4.7688e-05
Loss = 1.7172e-02, PNorm = 134.4678, GNorm = 0.2800, lr_0 = 4.7496e-05
Loss = 1.7649e-02, PNorm = 134.4693, GNorm = 0.3776, lr_0 = 4.7305e-05
Loss = 1.8196e-02, PNorm = 134.4710, GNorm = 0.3285, lr_0 = 4.7115e-05
Loss = 1.4746e-02, PNorm = 134.4730, GNorm = 0.3245, lr_0 = 4.6926e-05
Loss = 1.9158e-02, PNorm = 134.4764, GNorm = 0.3070, lr_0 = 4.6738e-05
Loss = 2.0396e-02, PNorm = 134.4795, GNorm = 0.3035, lr_0 = 4.6550e-05
Loss = 1.8369e-02, PNorm = 134.4803, GNorm = 0.3430, lr_0 = 4.6363e-05
Loss = 1.6315e-02, PNorm = 134.4818, GNorm = 0.6182, lr_0 = 4.6177e-05
Loss = 1.8416e-02, PNorm = 134.4835, GNorm = 0.1895, lr_0 = 4.5991e-05
Loss = 1.9340e-02, PNorm = 134.4861, GNorm = 0.2821, lr_0 = 4.5806e-05
Loss = 2.1742e-02, PNorm = 134.4890, GNorm = 0.2460, lr_0 = 4.5622e-05
Loss = 1.5738e-02, PNorm = 134.4910, GNorm = 0.2730, lr_0 = 4.5439e-05
Loss = 2.0655e-02, PNorm = 134.4931, GNorm = 0.3060, lr_0 = 4.5256e-05
Loss = 1.7378e-02, PNorm = 134.4952, GNorm = 0.3434, lr_0 = 4.5075e-05
Loss = 1.7345e-02, PNorm = 134.4976, GNorm = 0.2814, lr_0 = 4.4894e-05
Loss = 2.1888e-02, PNorm = 134.5008, GNorm = 0.2554, lr_0 = 4.4713e-05
Loss = 1.9289e-02, PNorm = 134.5033, GNorm = 0.3103, lr_0 = 4.4534e-05
Loss = 2.4195e-02, PNorm = 134.5054, GNorm = 0.3263, lr_0 = 4.4355e-05
Loss = 1.6511e-02, PNorm = 134.5069, GNorm = 0.2313, lr_0 = 4.4176e-05
Loss = 2.2086e-02, PNorm = 134.5085, GNorm = 0.4330, lr_0 = 4.3999e-05
Validation rmse = 27.468338
Epoch 30
Loss = 2.3135e-02, PNorm = 134.5107, GNorm = 0.3035, lr_0 = 4.3805e-05
Loss = 1.9776e-02, PNorm = 134.5131, GNorm = 0.5138, lr_0 = 4.3629e-05
Loss = 1.6410e-02, PNorm = 134.5147, GNorm = 0.3262, lr_0 = 4.3453e-05
Loss = 1.9449e-02, PNorm = 134.5168, GNorm = 0.4266, lr_0 = 4.3279e-05
Loss = 1.6262e-02, PNorm = 134.5180, GNorm = 0.2030, lr_0 = 4.3105e-05
Loss = 1.5356e-02, PNorm = 134.5199, GNorm = 0.2787, lr_0 = 4.2932e-05
Loss = 1.7785e-02, PNorm = 134.5208, GNorm = 0.2106, lr_0 = 4.2759e-05
Loss = 1.9229e-02, PNorm = 134.5236, GNorm = 0.2242, lr_0 = 4.2587e-05
Loss = 2.4018e-02, PNorm = 134.5261, GNorm = 0.5250, lr_0 = 4.2416e-05
Loss = 1.9353e-02, PNorm = 134.5292, GNorm = 0.4962, lr_0 = 4.2246e-05
Loss = 2.1223e-02, PNorm = 134.5316, GNorm = 0.2205, lr_0 = 4.2076e-05
Loss = 1.8309e-02, PNorm = 134.5341, GNorm = 0.2649, lr_0 = 4.1907e-05
Loss = 1.6266e-02, PNorm = 134.5364, GNorm = 0.3135, lr_0 = 4.1739e-05
Loss = 1.7732e-02, PNorm = 134.5385, GNorm = 0.2707, lr_0 = 4.1571e-05
Loss = 1.8290e-02, PNorm = 134.5409, GNorm = 0.6449, lr_0 = 4.1404e-05
Loss = 1.8553e-02, PNorm = 134.5428, GNorm = 0.6390, lr_0 = 4.1238e-05
Loss = 1.6220e-02, PNorm = 134.5441, GNorm = 0.1905, lr_0 = 4.1072e-05
Loss = 1.7239e-02, PNorm = 134.5468, GNorm = 0.3486, lr_0 = 4.0907e-05
Loss = 1.9985e-02, PNorm = 134.5489, GNorm = 0.2808, lr_0 = 4.0743e-05
Loss = 1.4583e-02, PNorm = 134.5508, GNorm = 0.1788, lr_0 = 4.0579e-05
Loss = 1.6429e-02, PNorm = 134.5522, GNorm = 0.1932, lr_0 = 4.0416e-05
Loss = 1.6076e-02, PNorm = 134.5527, GNorm = 0.2819, lr_0 = 4.0254e-05
Loss = 2.2614e-02, PNorm = 134.5544, GNorm = 0.1822, lr_0 = 4.0092e-05
Loss = 1.8647e-02, PNorm = 134.5565, GNorm = 0.5022, lr_0 = 3.9931e-05
Validation rmse = 27.110588
Epoch 31
Loss = 1.5245e-02, PNorm = 134.5582, GNorm = 0.2332, lr_0 = 3.9771e-05
Loss = 1.6432e-02, PNorm = 134.5601, GNorm = 0.3338, lr_0 = 3.9611e-05
Loss = 1.6385e-02, PNorm = 134.5618, GNorm = 0.3606, lr_0 = 3.9452e-05
Loss = 1.5750e-02, PNorm = 134.5633, GNorm = 0.3246, lr_0 = 3.9293e-05
Loss = 1.7288e-02, PNorm = 134.5649, GNorm = 0.3720, lr_0 = 3.9135e-05
Loss = 2.1894e-02, PNorm = 134.5670, GNorm = 0.3619, lr_0 = 3.8978e-05
Loss = 1.7834e-02, PNorm = 134.5691, GNorm = 0.3741, lr_0 = 3.8821e-05
Loss = 1.5932e-02, PNorm = 134.5702, GNorm = 0.2658, lr_0 = 3.8665e-05
Loss = 1.9514e-02, PNorm = 134.5714, GNorm = 0.3002, lr_0 = 3.8510e-05
Loss = 1.7545e-02, PNorm = 134.5740, GNorm = 0.4006, lr_0 = 3.8355e-05
Loss = 1.9716e-02, PNorm = 134.5768, GNorm = 0.2658, lr_0 = 3.8201e-05
Loss = 1.9719e-02, PNorm = 134.5791, GNorm = 0.3313, lr_0 = 3.8048e-05
Loss = 1.5887e-02, PNorm = 134.5808, GNorm = 0.2728, lr_0 = 3.7895e-05
Loss = 1.8185e-02, PNorm = 134.5826, GNorm = 0.3708, lr_0 = 3.7743e-05
Loss = 1.7059e-02, PNorm = 134.5838, GNorm = 0.2364, lr_0 = 3.7591e-05
Loss = 1.7241e-02, PNorm = 134.5849, GNorm = 0.2688, lr_0 = 3.7440e-05
Loss = 1.8004e-02, PNorm = 134.5871, GNorm = 0.5396, lr_0 = 3.7290e-05
Loss = 2.3340e-02, PNorm = 134.5903, GNorm = 0.5739, lr_0 = 3.7140e-05
Loss = 1.5748e-02, PNorm = 134.5918, GNorm = 0.2007, lr_0 = 3.6991e-05
Loss = 1.6190e-02, PNorm = 134.5931, GNorm = 0.2585, lr_0 = 3.6842e-05
Loss = 1.6941e-02, PNorm = 134.5944, GNorm = 0.3632, lr_0 = 3.6694e-05
Loss = 1.6246e-02, PNorm = 134.5961, GNorm = 0.2218, lr_0 = 3.6547e-05
Loss = 1.7937e-02, PNorm = 134.5980, GNorm = 0.3707, lr_0 = 3.6400e-05
Loss = 1.7465e-02, PNorm = 134.5999, GNorm = 0.3260, lr_0 = 3.6254e-05
Validation rmse = 27.045098
Epoch 32
Loss = 1.7959e-02, PNorm = 134.6014, GNorm = 0.5165, lr_0 = 3.6108e-05
Loss = 1.4142e-02, PNorm = 134.6026, GNorm = 0.3480, lr_0 = 3.5963e-05
Loss = 1.6017e-02, PNorm = 134.6043, GNorm = 0.4014, lr_0 = 3.5818e-05
Loss = 1.7205e-02, PNorm = 134.6063, GNorm = 0.2762, lr_0 = 3.5675e-05
Loss = 1.8555e-02, PNorm = 134.6080, GNorm = 0.4904, lr_0 = 3.5531e-05
Loss = 1.8818e-02, PNorm = 134.6096, GNorm = 0.4120, lr_0 = 3.5389e-05
Loss = 1.5223e-02, PNorm = 134.6114, GNorm = 0.3014, lr_0 = 3.5246e-05
Loss = 1.9050e-02, PNorm = 134.6137, GNorm = 0.3715, lr_0 = 3.5105e-05
Loss = 1.5448e-02, PNorm = 134.6154, GNorm = 0.2957, lr_0 = 3.4964e-05
Loss = 1.4218e-02, PNorm = 134.6168, GNorm = 0.2539, lr_0 = 3.4823e-05
Loss = 1.4705e-02, PNorm = 134.6183, GNorm = 0.3426, lr_0 = 3.4683e-05
Loss = 1.6044e-02, PNorm = 134.6204, GNorm = 0.2807, lr_0 = 3.4544e-05
Loss = 1.8548e-02, PNorm = 134.6219, GNorm = 0.3781, lr_0 = 3.4405e-05
Loss = 1.4438e-02, PNorm = 134.6232, GNorm = 0.3582, lr_0 = 3.4267e-05
Loss = 1.6901e-02, PNorm = 134.6247, GNorm = 0.4269, lr_0 = 3.4129e-05
Loss = 1.4931e-02, PNorm = 134.6254, GNorm = 0.6856, lr_0 = 3.3992e-05
Loss = 1.9766e-02, PNorm = 134.6263, GNorm = 0.2262, lr_0 = 3.3856e-05
Loss = 1.7296e-02, PNorm = 134.6280, GNorm = 0.2009, lr_0 = 3.3720e-05
Loss = 1.9555e-02, PNorm = 134.6300, GNorm = 0.4347, lr_0 = 3.3584e-05
Loss = 1.7917e-02, PNorm = 134.6317, GNorm = 0.2701, lr_0 = 3.3449e-05
Loss = 1.5801e-02, PNorm = 134.6336, GNorm = 0.6492, lr_0 = 3.3315e-05
Loss = 2.0218e-02, PNorm = 134.6351, GNorm = 0.2698, lr_0 = 3.3181e-05
Loss = 1.9428e-02, PNorm = 134.6361, GNorm = 0.3498, lr_0 = 3.3048e-05
Loss = 2.0066e-02, PNorm = 134.6375, GNorm = 0.2797, lr_0 = 3.2915e-05
Validation rmse = 27.309733
Epoch 33
Loss = 1.5932e-02, PNorm = 134.6386, GNorm = 0.5699, lr_0 = 3.2783e-05
Loss = 1.6241e-02, PNorm = 134.6399, GNorm = 0.3642, lr_0 = 3.2651e-05
Loss = 1.5687e-02, PNorm = 134.6408, GNorm = 0.2824, lr_0 = 3.2520e-05
Loss = 1.6761e-02, PNorm = 134.6414, GNorm = 0.2420, lr_0 = 3.2389e-05
Loss = 1.6064e-02, PNorm = 134.6428, GNorm = 0.3776, lr_0 = 3.2259e-05
Loss = 1.6482e-02, PNorm = 134.6446, GNorm = 0.3183, lr_0 = 3.2130e-05
Loss = 1.6446e-02, PNorm = 134.6458, GNorm = 0.4824, lr_0 = 3.2000e-05
Loss = 1.7227e-02, PNorm = 134.6469, GNorm = 0.2158, lr_0 = 3.1872e-05
Loss = 1.6494e-02, PNorm = 134.6478, GNorm = 0.3334, lr_0 = 3.1744e-05
Loss = 1.6057e-02, PNorm = 134.6494, GNorm = 0.4523, lr_0 = 3.1616e-05
Loss = 1.8619e-02, PNorm = 134.6508, GNorm = 0.2643, lr_0 = 3.1489e-05
Loss = 1.4658e-02, PNorm = 134.6527, GNorm = 0.2042, lr_0 = 3.1363e-05
Loss = 1.6771e-02, PNorm = 134.6542, GNorm = 0.3865, lr_0 = 3.1237e-05
Loss = 1.8270e-02, PNorm = 134.6551, GNorm = 0.2644, lr_0 = 3.1111e-05
Loss = 1.5014e-02, PNorm = 134.6564, GNorm = 0.2659, lr_0 = 3.0986e-05
Loss = 1.7831e-02, PNorm = 134.6577, GNorm = 0.2551, lr_0 = 3.0862e-05
Loss = 1.3995e-02, PNorm = 134.6591, GNorm = 0.2899, lr_0 = 3.0738e-05
Loss = 1.4404e-02, PNorm = 134.6604, GNorm = 0.2998, lr_0 = 3.0614e-05
Loss = 1.6027e-02, PNorm = 134.6616, GNorm = 0.3396, lr_0 = 3.0491e-05
Loss = 1.7212e-02, PNorm = 134.6632, GNorm = 0.3565, lr_0 = 3.0369e-05
Loss = 1.8706e-02, PNorm = 134.6649, GNorm = 0.3941, lr_0 = 3.0247e-05
Loss = 1.9064e-02, PNorm = 134.6664, GNorm = 0.3143, lr_0 = 3.0125e-05
Loss = 1.7992e-02, PNorm = 134.6672, GNorm = 0.2867, lr_0 = 3.0004e-05
Loss = 1.3471e-02, PNorm = 134.6682, GNorm = 0.1726, lr_0 = 2.9884e-05
Validation rmse = 27.170077
Epoch 34
Loss = 1.3099e-02, PNorm = 134.6700, GNorm = 0.1593, lr_0 = 2.9752e-05
Loss = 1.9219e-02, PNorm = 134.6714, GNorm = 0.4373, lr_0 = 2.9632e-05
Loss = 1.7888e-02, PNorm = 134.6730, GNorm = 0.3185, lr_0 = 2.9513e-05
Loss = 1.5538e-02, PNorm = 134.6745, GNorm = 0.2033, lr_0 = 2.9395e-05
Loss = 1.5500e-02, PNorm = 134.6756, GNorm = 0.3284, lr_0 = 2.9277e-05
Loss = 1.5590e-02, PNorm = 134.6771, GNorm = 0.3263, lr_0 = 2.9159e-05
Loss = 1.6058e-02, PNorm = 134.6783, GNorm = 0.3677, lr_0 = 2.9042e-05
Loss = 1.3861e-02, PNorm = 134.6793, GNorm = 0.3469, lr_0 = 2.8925e-05
Loss = 1.4220e-02, PNorm = 134.6806, GNorm = 0.3378, lr_0 = 2.8809e-05
Loss = 1.7759e-02, PNorm = 134.6822, GNorm = 0.3100, lr_0 = 2.8693e-05
Loss = 1.5955e-02, PNorm = 134.6835, GNorm = 0.2595, lr_0 = 2.8578e-05
Loss = 1.8307e-02, PNorm = 134.6841, GNorm = 0.2769, lr_0 = 2.8463e-05
Loss = 1.3766e-02, PNorm = 134.6851, GNorm = 0.1670, lr_0 = 2.8349e-05
Loss = 1.7105e-02, PNorm = 134.6862, GNorm = 0.3266, lr_0 = 2.8235e-05
Loss = 1.7635e-02, PNorm = 134.6874, GNorm = 0.3047, lr_0 = 2.8121e-05
Loss = 1.5057e-02, PNorm = 134.6889, GNorm = 0.2203, lr_0 = 2.8008e-05
Loss = 1.5243e-02, PNorm = 134.6899, GNorm = 0.3141, lr_0 = 2.7896e-05
Loss = 1.6904e-02, PNorm = 134.6913, GNorm = 0.3406, lr_0 = 2.7784e-05
Loss = 1.6016e-02, PNorm = 134.6927, GNorm = 0.2269, lr_0 = 2.7672e-05
Loss = 1.6248e-02, PNorm = 134.6942, GNorm = 0.5582, lr_0 = 2.7561e-05
Loss = 1.6508e-02, PNorm = 134.6954, GNorm = 0.2355, lr_0 = 2.7450e-05
Loss = 1.7518e-02, PNorm = 134.6965, GNorm = 0.2787, lr_0 = 2.7340e-05
Loss = 1.6320e-02, PNorm = 134.6977, GNorm = 0.3807, lr_0 = 2.7230e-05
Loss = 1.6531e-02, PNorm = 134.6995, GNorm = 0.3142, lr_0 = 2.7121e-05
Validation rmse = 26.950860
Epoch 35
Loss = 1.5888e-02, PNorm = 134.7009, GNorm = 0.2776, lr_0 = 2.7012e-05
Loss = 1.5125e-02, PNorm = 134.7017, GNorm = 0.2264, lr_0 = 2.6903e-05
Loss = 1.4036e-02, PNorm = 134.7026, GNorm = 0.3345, lr_0 = 2.6795e-05
Loss = 1.5256e-02, PNorm = 134.7034, GNorm = 0.2880, lr_0 = 2.6688e-05
Loss = 1.5684e-02, PNorm = 134.7048, GNorm = 0.3314, lr_0 = 2.6580e-05
Loss = 1.3627e-02, PNorm = 134.7060, GNorm = 0.2363, lr_0 = 2.6474e-05
Loss = 1.7141e-02, PNorm = 134.7067, GNorm = 0.5730, lr_0 = 2.6367e-05
Loss = 1.7536e-02, PNorm = 134.7078, GNorm = 0.3070, lr_0 = 2.6261e-05
Loss = 1.6009e-02, PNorm = 134.7089, GNorm = 0.5108, lr_0 = 2.6156e-05
Loss = 1.3896e-02, PNorm = 134.7101, GNorm = 0.2023, lr_0 = 2.6051e-05
Loss = 1.7152e-02, PNorm = 134.7108, GNorm = 0.7072, lr_0 = 2.5946e-05
Loss = 1.8024e-02, PNorm = 134.7125, GNorm = 0.3123, lr_0 = 2.5842e-05
Loss = 1.7468e-02, PNorm = 134.7134, GNorm = 0.2735, lr_0 = 2.5738e-05
Loss = 1.5576e-02, PNorm = 134.7148, GNorm = 0.2982, lr_0 = 2.5635e-05
Loss = 1.6106e-02, PNorm = 134.7157, GNorm = 0.2449, lr_0 = 2.5532e-05
Loss = 1.7012e-02, PNorm = 134.7166, GNorm = 0.4556, lr_0 = 2.5429e-05
Loss = 1.7978e-02, PNorm = 134.7177, GNorm = 0.3599, lr_0 = 2.5327e-05
Loss = 1.7340e-02, PNorm = 134.7194, GNorm = 0.4831, lr_0 = 2.5225e-05
Loss = 1.7777e-02, PNorm = 134.7212, GNorm = 0.2799, lr_0 = 2.5124e-05
Loss = 1.6854e-02, PNorm = 134.7217, GNorm = 0.2558, lr_0 = 2.5023e-05
Loss = 1.2715e-02, PNorm = 134.7227, GNorm = 0.2127, lr_0 = 2.4922e-05
Loss = 1.6719e-02, PNorm = 134.7235, GNorm = 0.2615, lr_0 = 2.4822e-05
Loss = 1.3654e-02, PNorm = 134.7236, GNorm = 0.2348, lr_0 = 2.4723e-05
Loss = 1.8053e-02, PNorm = 134.7247, GNorm = 0.2613, lr_0 = 2.4623e-05
Validation rmse = 26.612042
Epoch 36
Loss = 1.5349e-02, PNorm = 134.7261, GNorm = 0.2495, lr_0 = 2.4524e-05
Loss = 1.4696e-02, PNorm = 134.7267, GNorm = 0.2956, lr_0 = 2.4426e-05
Loss = 1.2991e-02, PNorm = 134.7272, GNorm = 0.2693, lr_0 = 2.4328e-05
Loss = 1.6403e-02, PNorm = 134.7283, GNorm = 0.4045, lr_0 = 2.4230e-05
Loss = 1.6429e-02, PNorm = 134.7301, GNorm = 0.4865, lr_0 = 2.4133e-05
Loss = 1.3839e-02, PNorm = 134.7318, GNorm = 0.4600, lr_0 = 2.4036e-05
Loss = 2.0708e-02, PNorm = 134.7324, GNorm = 0.8283, lr_0 = 2.3939e-05
Loss = 1.6678e-02, PNorm = 134.7334, GNorm = 0.2468, lr_0 = 2.3843e-05
Loss = 1.6526e-02, PNorm = 134.7347, GNorm = 0.2345, lr_0 = 2.3747e-05
Loss = 1.8154e-02, PNorm = 134.7358, GNorm = 0.4069, lr_0 = 2.3652e-05
Loss = 1.4122e-02, PNorm = 134.7371, GNorm = 0.3032, lr_0 = 2.3557e-05
Loss = 1.3233e-02, PNorm = 134.7380, GNorm = 0.2426, lr_0 = 2.3462e-05
Loss = 1.5727e-02, PNorm = 134.7383, GNorm = 0.2409, lr_0 = 2.3368e-05
Loss = 1.3495e-02, PNorm = 134.7392, GNorm = 0.2026, lr_0 = 2.3274e-05
Loss = 1.2488e-02, PNorm = 134.7396, GNorm = 0.2906, lr_0 = 2.3180e-05
Loss = 1.4175e-02, PNorm = 134.7406, GNorm = 0.2797, lr_0 = 2.3087e-05
Loss = 1.5918e-02, PNorm = 134.7425, GNorm = 0.3858, lr_0 = 2.2995e-05
Loss = 1.7025e-02, PNorm = 134.7438, GNorm = 0.2731, lr_0 = 2.2902e-05
Loss = 1.4604e-02, PNorm = 134.7445, GNorm = 0.3903, lr_0 = 2.2810e-05
Loss = 1.2530e-02, PNorm = 134.7457, GNorm = 0.2012, lr_0 = 2.2719e-05
Loss = 1.8151e-02, PNorm = 134.7473, GNorm = 0.3080, lr_0 = 2.2627e-05
Loss = 1.7104e-02, PNorm = 134.7484, GNorm = 0.2811, lr_0 = 2.2536e-05
Loss = 1.3891e-02, PNorm = 134.7495, GNorm = 0.2308, lr_0 = 2.2446e-05
Loss = 1.4361e-02, PNorm = 134.7505, GNorm = 0.3133, lr_0 = 2.2356e-05
Validation rmse = 26.897775
Epoch 37
Loss = 1.2633e-02, PNorm = 134.7514, GNorm = 0.2208, lr_0 = 2.2266e-05
Loss = 1.3865e-02, PNorm = 134.7524, GNorm = 0.3020, lr_0 = 2.2176e-05
Loss = 1.9231e-02, PNorm = 134.7533, GNorm = 0.1973, lr_0 = 2.2087e-05
Loss = 1.5836e-02, PNorm = 134.7540, GNorm = 0.4523, lr_0 = 2.1999e-05
Loss = 1.3324e-02, PNorm = 134.7545, GNorm = 0.2426, lr_0 = 2.1910e-05
Loss = 1.5900e-02, PNorm = 134.7555, GNorm = 0.3586, lr_0 = 2.1822e-05
Loss = 1.3656e-02, PNorm = 134.7565, GNorm = 0.2022, lr_0 = 2.1734e-05
Loss = 1.6234e-02, PNorm = 134.7575, GNorm = 0.3333, lr_0 = 2.1647e-05
Loss = 1.4180e-02, PNorm = 134.7583, GNorm = 0.3132, lr_0 = 2.1560e-05
Loss = 1.6753e-02, PNorm = 134.7596, GNorm = 0.4130, lr_0 = 2.1474e-05
Loss = 1.6633e-02, PNorm = 134.7605, GNorm = 0.2166, lr_0 = 2.1387e-05
Loss = 1.3716e-02, PNorm = 134.7620, GNorm = 0.3110, lr_0 = 2.1301e-05
Loss = 1.4389e-02, PNorm = 134.7629, GNorm = 0.3157, lr_0 = 2.1216e-05
Loss = 1.4510e-02, PNorm = 134.7633, GNorm = 0.2149, lr_0 = 2.1131e-05
Loss = 1.4433e-02, PNorm = 134.7637, GNorm = 0.2073, lr_0 = 2.1046e-05
Loss = 1.8070e-02, PNorm = 134.7643, GNorm = 0.1934, lr_0 = 2.0961e-05
Loss = 1.3766e-02, PNorm = 134.7655, GNorm = 0.2255, lr_0 = 2.0877e-05
Loss = 1.5751e-02, PNorm = 134.7662, GNorm = 0.2320, lr_0 = 2.0793e-05
Loss = 1.4551e-02, PNorm = 134.7668, GNorm = 0.1936, lr_0 = 2.0710e-05
Loss = 1.5870e-02, PNorm = 134.7677, GNorm = 0.2999, lr_0 = 2.0626e-05
Loss = 1.5467e-02, PNorm = 134.7687, GNorm = 0.4620, lr_0 = 2.0543e-05
Loss = 1.3224e-02, PNorm = 134.7699, GNorm = 0.2326, lr_0 = 2.0461e-05
Loss = 1.6470e-02, PNorm = 134.7703, GNorm = 0.3149, lr_0 = 2.0379e-05
Loss = 1.4512e-02, PNorm = 134.7708, GNorm = 0.3295, lr_0 = 2.0297e-05
Validation rmse = 27.080067
Epoch 38
Loss = 1.2081e-02, PNorm = 134.7718, GNorm = 0.2962, lr_0 = 2.0215e-05
Loss = 1.5888e-02, PNorm = 134.7728, GNorm = 0.2312, lr_0 = 2.0134e-05
Loss = 1.2205e-02, PNorm = 134.7740, GNorm = 0.3452, lr_0 = 2.0053e-05
Loss = 1.5382e-02, PNorm = 134.7748, GNorm = 0.2322, lr_0 = 1.9973e-05
Loss = 1.6506e-02, PNorm = 134.7759, GNorm = 0.3186, lr_0 = 1.9892e-05
Loss = 1.6418e-02, PNorm = 134.7766, GNorm = 0.3474, lr_0 = 1.9813e-05
Loss = 1.5313e-02, PNorm = 134.7770, GNorm = 0.3362, lr_0 = 1.9733e-05
Loss = 1.3668e-02, PNorm = 134.7778, GNorm = 0.3332, lr_0 = 1.9654e-05
Loss = 1.6730e-02, PNorm = 134.7790, GNorm = 0.3320, lr_0 = 1.9575e-05
Loss = 1.3181e-02, PNorm = 134.7796, GNorm = 0.2520, lr_0 = 1.9496e-05
Loss = 1.3940e-02, PNorm = 134.7801, GNorm = 0.2059, lr_0 = 1.9418e-05
Loss = 1.3826e-02, PNorm = 134.7809, GNorm = 0.1927, lr_0 = 1.9340e-05
Loss = 1.5683e-02, PNorm = 134.7822, GNorm = 0.3377, lr_0 = 1.9262e-05
Loss = 1.3707e-02, PNorm = 134.7836, GNorm = 0.5667, lr_0 = 1.9185e-05
Loss = 1.7922e-02, PNorm = 134.7845, GNorm = 0.3291, lr_0 = 1.9108e-05
Loss = 1.5375e-02, PNorm = 134.7850, GNorm = 0.1878, lr_0 = 1.9031e-05
Loss = 1.3750e-02, PNorm = 134.7857, GNorm = 0.1994, lr_0 = 1.8954e-05
Loss = 1.4436e-02, PNorm = 134.7869, GNorm = 0.3544, lr_0 = 1.8878e-05
Loss = 1.8530e-02, PNorm = 134.7878, GNorm = 0.3506, lr_0 = 1.8802e-05
Loss = 1.3948e-02, PNorm = 134.7888, GNorm = 0.2777, lr_0 = 1.8727e-05
Loss = 1.4374e-02, PNorm = 134.7896, GNorm = 0.1897, lr_0 = 1.8652e-05
Loss = 1.8153e-02, PNorm = 134.7905, GNorm = 0.2284, lr_0 = 1.8577e-05
Loss = 1.4511e-02, PNorm = 134.7907, GNorm = 0.4033, lr_0 = 1.8502e-05
Loss = 1.3659e-02, PNorm = 134.7916, GNorm = 0.1703, lr_0 = 1.8428e-05
Validation rmse = 27.040095
Epoch 39
Loss = 1.8020e-02, PNorm = 134.7926, GNorm = 0.2764, lr_0 = 1.8346e-05
Loss = 1.6332e-02, PNorm = 134.7933, GNorm = 0.3383, lr_0 = 1.8273e-05
Loss = 1.2680e-02, PNorm = 134.7941, GNorm = 0.1462, lr_0 = 1.8199e-05
Loss = 1.2928e-02, PNorm = 134.7947, GNorm = 0.2269, lr_0 = 1.8126e-05
Loss = 1.4236e-02, PNorm = 134.7955, GNorm = 0.5409, lr_0 = 1.8053e-05
Loss = 1.3043e-02, PNorm = 134.7964, GNorm = 0.4935, lr_0 = 1.7981e-05
Loss = 1.2963e-02, PNorm = 134.7971, GNorm = 0.2558, lr_0 = 1.7908e-05
Loss = 1.5460e-02, PNorm = 134.7979, GNorm = 0.3097, lr_0 = 1.7837e-05
Loss = 1.6461e-02, PNorm = 134.7989, GNorm = 0.3220, lr_0 = 1.7765e-05
Loss = 1.3896e-02, PNorm = 134.7998, GNorm = 0.2852, lr_0 = 1.7694e-05
Loss = 1.6496e-02, PNorm = 134.8005, GNorm = 0.4268, lr_0 = 1.7622e-05
Loss = 1.4094e-02, PNorm = 134.8015, GNorm = 0.2686, lr_0 = 1.7552e-05
Loss = 1.6540e-02, PNorm = 134.8030, GNorm = 0.4830, lr_0 = 1.7481e-05
Loss = 1.5798e-02, PNorm = 134.8031, GNorm = 0.2427, lr_0 = 1.7411e-05
Loss = 2.0725e-02, PNorm = 134.8042, GNorm = 0.3456, lr_0 = 1.7341e-05
Loss = 1.6484e-02, PNorm = 134.8051, GNorm = 0.4599, lr_0 = 1.7271e-05
Loss = 1.3041e-02, PNorm = 134.8059, GNorm = 0.2457, lr_0 = 1.7202e-05
Loss = 1.5383e-02, PNorm = 134.8063, GNorm = 0.3219, lr_0 = 1.7133e-05
Loss = 1.2099e-02, PNorm = 134.8069, GNorm = 0.2023, lr_0 = 1.7064e-05
Loss = 1.4890e-02, PNorm = 134.8077, GNorm = 0.3848, lr_0 = 1.6995e-05
Loss = 1.3410e-02, PNorm = 134.8084, GNorm = 0.3371, lr_0 = 1.6927e-05
Loss = 1.3449e-02, PNorm = 134.8093, GNorm = 0.2353, lr_0 = 1.6859e-05
Loss = 1.4421e-02, PNorm = 134.8105, GNorm = 0.3121, lr_0 = 1.6791e-05
Loss = 1.3963e-02, PNorm = 134.8110, GNorm = 0.1806, lr_0 = 1.6724e-05
Loss = 1.4687e-02, PNorm = 134.8114, GNorm = 0.1630, lr_0 = 1.6657e-05
Validation rmse = 26.964904
Epoch 40
Loss = 1.2789e-02, PNorm = 134.8122, GNorm = 0.1883, lr_0 = 1.6590e-05
Loss = 1.4526e-02, PNorm = 134.8129, GNorm = 0.1626, lr_0 = 1.6523e-05
Loss = 1.5900e-02, PNorm = 134.8133, GNorm = 0.2154, lr_0 = 1.6457e-05
Loss = 1.2993e-02, PNorm = 134.8138, GNorm = 0.1836, lr_0 = 1.6391e-05
Loss = 1.3251e-02, PNorm = 134.8145, GNorm = 0.2330, lr_0 = 1.6325e-05
Loss = 1.3336e-02, PNorm = 134.8150, GNorm = 0.1544, lr_0 = 1.6259e-05
Loss = 1.3542e-02, PNorm = 134.8158, GNorm = 0.2538, lr_0 = 1.6194e-05
Loss = 1.2165e-02, PNorm = 134.8163, GNorm = 0.1863, lr_0 = 1.6129e-05
Loss = 1.1419e-02, PNorm = 134.8163, GNorm = 0.2034, lr_0 = 1.6064e-05
Loss = 1.4195e-02, PNorm = 134.8171, GNorm = 0.3534, lr_0 = 1.6000e-05
Loss = 1.8509e-02, PNorm = 134.8179, GNorm = 0.3633, lr_0 = 1.5935e-05
Loss = 1.3034e-02, PNorm = 134.8187, GNorm = 0.2058, lr_0 = 1.5871e-05
Loss = 1.3037e-02, PNorm = 134.8195, GNorm = 0.4147, lr_0 = 1.5808e-05
Loss = 1.4514e-02, PNorm = 134.8199, GNorm = 0.2712, lr_0 = 1.5744e-05
Loss = 1.3020e-02, PNorm = 134.8200, GNorm = 0.2585, lr_0 = 1.5681e-05
Loss = 1.7039e-02, PNorm = 134.8207, GNorm = 0.6023, lr_0 = 1.5618e-05
Loss = 1.2612e-02, PNorm = 134.8218, GNorm = 0.2052, lr_0 = 1.5555e-05
Loss = 1.5328e-02, PNorm = 134.8224, GNorm = 0.2889, lr_0 = 1.5493e-05
Loss = 1.4322e-02, PNorm = 134.8234, GNorm = 0.2094, lr_0 = 1.5430e-05
Loss = 1.6539e-02, PNorm = 134.8238, GNorm = 0.5164, lr_0 = 1.5368e-05
Loss = 1.3805e-02, PNorm = 134.8241, GNorm = 0.4700, lr_0 = 1.5307e-05
Loss = 1.6735e-02, PNorm = 134.8250, GNorm = 0.3771, lr_0 = 1.5245e-05
Loss = 1.5660e-02, PNorm = 134.8256, GNorm = 0.1943, lr_0 = 1.5184e-05
Loss = 1.4621e-02, PNorm = 134.8260, GNorm = 0.2687, lr_0 = 1.5123e-05
Validation rmse = 26.786111
Epoch 41
Loss = 1.5021e-02, PNorm = 134.8263, GNorm = 0.1868, lr_0 = 1.5062e-05
Loss = 1.3771e-02, PNorm = 134.8269, GNorm = 0.2645, lr_0 = 1.5002e-05
Loss = 1.2716e-02, PNorm = 134.8270, GNorm = 0.3149, lr_0 = 1.4941e-05
Loss = 1.2970e-02, PNorm = 134.8277, GNorm = 0.2329, lr_0 = 1.4881e-05
Loss = 1.3446e-02, PNorm = 134.8282, GNorm = 0.3322, lr_0 = 1.4821e-05
Loss = 1.4497e-02, PNorm = 134.8290, GNorm = 0.1703, lr_0 = 1.4762e-05
Loss = 1.2822e-02, PNorm = 134.8293, GNorm = 0.3009, lr_0 = 1.4703e-05
Loss = 1.4081e-02, PNorm = 134.8294, GNorm = 0.3344, lr_0 = 1.4644e-05
Loss = 1.2890e-02, PNorm = 134.8296, GNorm = 0.3383, lr_0 = 1.4585e-05
Loss = 1.5586e-02, PNorm = 134.8304, GNorm = 0.2288, lr_0 = 1.4526e-05
Loss = 1.3592e-02, PNorm = 134.8312, GNorm = 0.2572, lr_0 = 1.4468e-05
Loss = 1.2446e-02, PNorm = 134.8319, GNorm = 0.2824, lr_0 = 1.4410e-05
Loss = 1.2772e-02, PNorm = 134.8325, GNorm = 0.2101, lr_0 = 1.4352e-05
Loss = 1.1797e-02, PNorm = 134.8331, GNorm = 0.2953, lr_0 = 1.4294e-05
Loss = 1.5645e-02, PNorm = 134.8334, GNorm = 0.2816, lr_0 = 1.4237e-05
Loss = 1.7145e-02, PNorm = 134.8340, GNorm = 0.4363, lr_0 = 1.4179e-05
Loss = 1.3484e-02, PNorm = 134.8344, GNorm = 0.3696, lr_0 = 1.4123e-05
Loss = 1.2796e-02, PNorm = 134.8352, GNorm = 0.2113, lr_0 = 1.4066e-05
Loss = 1.3721e-02, PNorm = 134.8357, GNorm = 0.1949, lr_0 = 1.4009e-05
Loss = 1.4127e-02, PNorm = 134.8362, GNorm = 0.2374, lr_0 = 1.3953e-05
Loss = 1.6458e-02, PNorm = 134.8368, GNorm = 0.2231, lr_0 = 1.3897e-05
Loss = 1.2438e-02, PNorm = 134.8377, GNorm = 0.2595, lr_0 = 1.3841e-05
Loss = 1.3346e-02, PNorm = 134.8381, GNorm = 0.3715, lr_0 = 1.3786e-05
Loss = 1.6261e-02, PNorm = 134.8389, GNorm = 0.4209, lr_0 = 1.3730e-05
Validation rmse = 26.810648
Epoch 42
Loss = 1.4745e-02, PNorm = 134.8391, GNorm = 0.2765, lr_0 = 1.3675e-05
Loss = 1.4944e-02, PNorm = 134.8394, GNorm = 0.3230, lr_0 = 1.3620e-05
Loss = 1.2959e-02, PNorm = 134.8399, GNorm = 0.1996, lr_0 = 1.3565e-05
Loss = 1.4036e-02, PNorm = 134.8402, GNorm = 0.3193, lr_0 = 1.3511e-05
Loss = 1.2534e-02, PNorm = 134.8410, GNorm = 0.2552, lr_0 = 1.3457e-05
Loss = 1.3878e-02, PNorm = 134.8416, GNorm = 0.2393, lr_0 = 1.3402e-05
Loss = 1.5530e-02, PNorm = 134.8421, GNorm = 0.3065, lr_0 = 1.3349e-05
Loss = 1.5391e-02, PNorm = 134.8428, GNorm = 0.2274, lr_0 = 1.3295e-05
Loss = 1.7700e-02, PNorm = 134.8435, GNorm = 0.3770, lr_0 = 1.3242e-05
Loss = 1.4939e-02, PNorm = 134.8442, GNorm = 0.4794, lr_0 = 1.3188e-05
Loss = 1.4341e-02, PNorm = 134.8446, GNorm = 0.2198, lr_0 = 1.3135e-05
Loss = 1.3145e-02, PNorm = 134.8451, GNorm = 0.1781, lr_0 = 1.3083e-05
Loss = 1.4279e-02, PNorm = 134.8456, GNorm = 0.2971, lr_0 = 1.3030e-05
Loss = 1.3183e-02, PNorm = 134.8460, GNorm = 0.3590, lr_0 = 1.2978e-05
Loss = 1.4507e-02, PNorm = 134.8463, GNorm = 0.3130, lr_0 = 1.2926e-05
Loss = 1.3018e-02, PNorm = 134.8471, GNorm = 0.1573, lr_0 = 1.2874e-05
Loss = 1.1696e-02, PNorm = 134.8477, GNorm = 0.2492, lr_0 = 1.2822e-05
Loss = 1.1581e-02, PNorm = 134.8480, GNorm = 0.2508, lr_0 = 1.2770e-05
Loss = 1.3905e-02, PNorm = 134.8486, GNorm = 0.2885, lr_0 = 1.2719e-05
Loss = 1.5146e-02, PNorm = 134.8489, GNorm = 0.2456, lr_0 = 1.2668e-05
Loss = 1.2983e-02, PNorm = 134.8493, GNorm = 0.2646, lr_0 = 1.2617e-05
Loss = 1.4869e-02, PNorm = 134.8499, GNorm = 0.2041, lr_0 = 1.2566e-05
Loss = 1.2212e-02, PNorm = 134.8505, GNorm = 0.2729, lr_0 = 1.2516e-05
Loss = 1.3640e-02, PNorm = 134.8508, GNorm = 0.3112, lr_0 = 1.2466e-05
Validation rmse = 26.848542
Epoch 43
Loss = 1.3917e-02, PNorm = 134.8513, GNorm = 0.4084, lr_0 = 1.2411e-05
Loss = 1.3412e-02, PNorm = 134.8521, GNorm = 0.3288, lr_0 = 1.2361e-05
Loss = 1.3985e-02, PNorm = 134.8526, GNorm = 0.3661, lr_0 = 1.2311e-05
Loss = 1.3967e-02, PNorm = 134.8530, GNorm = 0.3589, lr_0 = 1.2262e-05
Loss = 1.5032e-02, PNorm = 134.8532, GNorm = 0.2152, lr_0 = 1.2212e-05
Loss = 1.4821e-02, PNorm = 134.8537, GNorm = 0.3000, lr_0 = 1.2163e-05
Loss = 1.2280e-02, PNorm = 134.8545, GNorm = 0.3795, lr_0 = 1.2114e-05
Loss = 1.3461e-02, PNorm = 134.8550, GNorm = 0.2481, lr_0 = 1.2066e-05
Loss = 1.2454e-02, PNorm = 134.8553, GNorm = 0.2264, lr_0 = 1.2017e-05
Loss = 1.3912e-02, PNorm = 134.8557, GNorm = 0.2473, lr_0 = 1.1969e-05
Loss = 1.1666e-02, PNorm = 134.8563, GNorm = 0.2186, lr_0 = 1.1921e-05
Loss = 1.6842e-02, PNorm = 134.8571, GNorm = 0.2678, lr_0 = 1.1873e-05
Loss = 1.0964e-02, PNorm = 134.8578, GNorm = 0.1733, lr_0 = 1.1825e-05
Loss = 1.5509e-02, PNorm = 134.8587, GNorm = 0.2133, lr_0 = 1.1778e-05
Loss = 1.6798e-02, PNorm = 134.8590, GNorm = 0.3111, lr_0 = 1.1731e-05
Loss = 1.2384e-02, PNorm = 134.8590, GNorm = 0.2453, lr_0 = 1.1683e-05
Loss = 1.5191e-02, PNorm = 134.8596, GNorm = 0.2358, lr_0 = 1.1636e-05
Loss = 1.5797e-02, PNorm = 134.8602, GNorm = 0.2527, lr_0 = 1.1590e-05
Loss = 1.1369e-02, PNorm = 134.8606, GNorm = 0.3698, lr_0 = 1.1543e-05
Loss = 1.2356e-02, PNorm = 134.8611, GNorm = 0.3938, lr_0 = 1.1497e-05
Loss = 1.7317e-02, PNorm = 134.8616, GNorm = 0.2628, lr_0 = 1.1451e-05
Loss = 1.3940e-02, PNorm = 134.8621, GNorm = 0.2692, lr_0 = 1.1405e-05
Loss = 1.2753e-02, PNorm = 134.8630, GNorm = 0.3828, lr_0 = 1.1359e-05
Loss = 1.4059e-02, PNorm = 134.8635, GNorm = 0.2668, lr_0 = 1.1313e-05
Validation rmse = 26.707414
Epoch 44
Loss = 1.4907e-02, PNorm = 134.8639, GNorm = 0.3041, lr_0 = 1.1268e-05
Loss = 1.4513e-02, PNorm = 134.8643, GNorm = 0.2661, lr_0 = 1.1222e-05
Loss = 1.3154e-02, PNorm = 134.8650, GNorm = 0.2539, lr_0 = 1.1177e-05
Loss = 1.4937e-02, PNorm = 134.8657, GNorm = 0.1785, lr_0 = 1.1132e-05
Loss = 1.3786e-02, PNorm = 134.8663, GNorm = 0.4936, lr_0 = 1.1088e-05
Loss = 1.3240e-02, PNorm = 134.8669, GNorm = 0.2556, lr_0 = 1.1043e-05
Loss = 1.5980e-02, PNorm = 134.8673, GNorm = 0.3557, lr_0 = 1.0999e-05
Loss = 1.4047e-02, PNorm = 134.8675, GNorm = 0.2821, lr_0 = 1.0955e-05
Loss = 1.2215e-02, PNorm = 134.8679, GNorm = 0.3468, lr_0 = 1.0911e-05
Loss = 1.2932e-02, PNorm = 134.8682, GNorm = 0.4466, lr_0 = 1.0867e-05
Loss = 1.2510e-02, PNorm = 134.8684, GNorm = 0.2691, lr_0 = 1.0823e-05
Loss = 1.4618e-02, PNorm = 134.8689, GNorm = 0.2187, lr_0 = 1.0780e-05
Loss = 1.2294e-02, PNorm = 134.8695, GNorm = 0.2547, lr_0 = 1.0736e-05
Loss = 1.4852e-02, PNorm = 134.8697, GNorm = 0.2735, lr_0 = 1.0693e-05
Loss = 1.5026e-02, PNorm = 134.8700, GNorm = 0.3536, lr_0 = 1.0650e-05
Loss = 1.4941e-02, PNorm = 134.8708, GNorm = 0.2853, lr_0 = 1.0607e-05
Loss = 1.0912e-02, PNorm = 134.8712, GNorm = 0.1795, lr_0 = 1.0565e-05
Loss = 1.1964e-02, PNorm = 134.8717, GNorm = 0.2437, lr_0 = 1.0522e-05
Loss = 1.4307e-02, PNorm = 134.8722, GNorm = 0.2523, lr_0 = 1.0480e-05
Loss = 1.3990e-02, PNorm = 134.8725, GNorm = 0.2133, lr_0 = 1.0438e-05
Loss = 1.3810e-02, PNorm = 134.8728, GNorm = 0.2897, lr_0 = 1.0396e-05
Loss = 1.2512e-02, PNorm = 134.8731, GNorm = 0.3337, lr_0 = 1.0354e-05
Loss = 1.6628e-02, PNorm = 134.8734, GNorm = 0.2830, lr_0 = 1.0313e-05
Loss = 1.3016e-02, PNorm = 134.8736, GNorm = 0.3014, lr_0 = 1.0271e-05
Validation rmse = 26.873670
Epoch 45
Loss = 1.8692e-02, PNorm = 134.8737, GNorm = 0.7205, lr_0 = 1.0230e-05
Loss = 1.2408e-02, PNorm = 134.8740, GNorm = 0.2787, lr_0 = 1.0189e-05
Loss = 1.1921e-02, PNorm = 134.8745, GNorm = 0.1735, lr_0 = 1.0148e-05
Loss = 1.0930e-02, PNorm = 134.8750, GNorm = 0.1922, lr_0 = 1.0107e-05
Loss = 1.3922e-02, PNorm = 134.8753, GNorm = 0.3396, lr_0 = 1.0067e-05
Loss = 1.4934e-02, PNorm = 134.8756, GNorm = 0.2121, lr_0 = 1.0026e-05
Loss = 1.1438e-02, PNorm = 134.8757, GNorm = 0.2141, lr_0 = 9.9859e-06
Loss = 1.2876e-02, PNorm = 134.8761, GNorm = 0.3329, lr_0 = 9.9458e-06
Loss = 1.2676e-02, PNorm = 134.8763, GNorm = 0.2861, lr_0 = 9.9059e-06
Loss = 1.1270e-02, PNorm = 134.8764, GNorm = 0.2132, lr_0 = 9.8661e-06
Loss = 1.3417e-02, PNorm = 134.8770, GNorm = 0.2836, lr_0 = 9.8264e-06
Loss = 1.3357e-02, PNorm = 134.8779, GNorm = 0.2652, lr_0 = 9.7869e-06
Loss = 1.1174e-02, PNorm = 134.8786, GNorm = 0.1722, lr_0 = 9.7476e-06
Loss = 1.3857e-02, PNorm = 134.8790, GNorm = 0.2923, lr_0 = 9.7085e-06
Loss = 1.5042e-02, PNorm = 134.8794, GNorm = 0.4033, lr_0 = 9.6695e-06
Loss = 1.3569e-02, PNorm = 134.8800, GNorm = 0.2860, lr_0 = 9.6306e-06
Loss = 1.3369e-02, PNorm = 134.8803, GNorm = 0.2482, lr_0 = 9.5919e-06
Loss = 1.3306e-02, PNorm = 134.8805, GNorm = 0.2999, lr_0 = 9.5534e-06
Loss = 1.4960e-02, PNorm = 134.8808, GNorm = 0.1806, lr_0 = 9.5150e-06
Loss = 1.3684e-02, PNorm = 134.8808, GNorm = 0.2560, lr_0 = 9.4768e-06
Loss = 1.1811e-02, PNorm = 134.8810, GNorm = 0.2065, lr_0 = 9.4387e-06
Loss = 1.2652e-02, PNorm = 134.8813, GNorm = 0.2628, lr_0 = 9.4008e-06
Loss = 1.3653e-02, PNorm = 134.8818, GNorm = 0.2675, lr_0 = 9.3630e-06
Loss = 1.4310e-02, PNorm = 134.8821, GNorm = 0.2559, lr_0 = 9.3254e-06
Validation rmse = 26.945359
Epoch 46
Loss = 1.1651e-02, PNorm = 134.8824, GNorm = 0.2190, lr_0 = 9.2880e-06
Loss = 1.0305e-02, PNorm = 134.8826, GNorm = 0.2617, lr_0 = 9.2506e-06
Loss = 1.1302e-02, PNorm = 134.8828, GNorm = 0.2796, lr_0 = 9.2135e-06
Loss = 1.4408e-02, PNorm = 134.8830, GNorm = 0.2715, lr_0 = 9.1765e-06
Loss = 1.4177e-02, PNorm = 134.8834, GNorm = 0.2685, lr_0 = 9.1396e-06
Loss = 1.4003e-02, PNorm = 134.8840, GNorm = 0.2787, lr_0 = 9.1029e-06
Loss = 1.4958e-02, PNorm = 134.8845, GNorm = 0.1613, lr_0 = 9.0663e-06
Loss = 1.1757e-02, PNorm = 134.8849, GNorm = 0.1995, lr_0 = 9.0299e-06
Loss = 1.4687e-02, PNorm = 134.8852, GNorm = 0.2142, lr_0 = 8.9936e-06
Loss = 1.2785e-02, PNorm = 134.8855, GNorm = 0.3193, lr_0 = 8.9575e-06
Loss = 1.2570e-02, PNorm = 134.8858, GNorm = 0.2110, lr_0 = 8.9215e-06
Loss = 1.1130e-02, PNorm = 134.8860, GNorm = 0.2551, lr_0 = 8.8857e-06
Loss = 1.4514e-02, PNorm = 134.8861, GNorm = 0.1774, lr_0 = 8.8500e-06
Loss = 1.5708e-02, PNorm = 134.8863, GNorm = 0.4125, lr_0 = 8.8144e-06
Loss = 1.2339e-02, PNorm = 134.8869, GNorm = 0.1871, lr_0 = 8.7790e-06
Loss = 1.2908e-02, PNorm = 134.8873, GNorm = 0.2695, lr_0 = 8.7437e-06
Loss = 1.6167e-02, PNorm = 134.8876, GNorm = 0.5028, lr_0 = 8.7086e-06
Loss = 1.6003e-02, PNorm = 134.8882, GNorm = 0.2930, lr_0 = 8.6736e-06
Loss = 1.3427e-02, PNorm = 134.8886, GNorm = 0.2425, lr_0 = 8.6388e-06
Loss = 1.5813e-02, PNorm = 134.8890, GNorm = 0.2561, lr_0 = 8.6041e-06
Loss = 1.2593e-02, PNorm = 134.8893, GNorm = 0.3234, lr_0 = 8.5695e-06
Loss = 1.4985e-02, PNorm = 134.8897, GNorm = 0.3122, lr_0 = 8.5351e-06
Loss = 1.3177e-02, PNorm = 134.8898, GNorm = 0.2031, lr_0 = 8.5008e-06
Loss = 1.2698e-02, PNorm = 134.8901, GNorm = 0.1945, lr_0 = 8.4666e-06
Validation rmse = 26.470562
Epoch 47
Loss = 1.1667e-02, PNorm = 134.8906, GNorm = 0.2255, lr_0 = 8.4292e-06
Loss = 1.3467e-02, PNorm = 134.8906, GNorm = 0.1682, lr_0 = 8.3954e-06
Loss = 1.1797e-02, PNorm = 134.8909, GNorm = 0.2553, lr_0 = 8.3616e-06
Loss = 1.4056e-02, PNorm = 134.8913, GNorm = 0.2875, lr_0 = 8.3280e-06
Loss = 1.5073e-02, PNorm = 134.8916, GNorm = 0.3993, lr_0 = 8.2946e-06
Loss = 1.3162e-02, PNorm = 134.8919, GNorm = 0.1867, lr_0 = 8.2613e-06
Loss = 1.3048e-02, PNorm = 134.8923, GNorm = 0.2785, lr_0 = 8.2281e-06
Loss = 1.5113e-02, PNorm = 134.8930, GNorm = 0.3266, lr_0 = 8.1950e-06
Loss = 1.3476e-02, PNorm = 134.8932, GNorm = 0.2716, lr_0 = 8.1621e-06
Loss = 1.4323e-02, PNorm = 134.8936, GNorm = 0.2154, lr_0 = 8.1293e-06
Loss = 9.9687e-03, PNorm = 134.8939, GNorm = 0.1970, lr_0 = 8.0966e-06
Loss = 1.0575e-02, PNorm = 134.8941, GNorm = 0.2503, lr_0 = 8.0641e-06
Loss = 1.2896e-02, PNorm = 134.8942, GNorm = 0.2951, lr_0 = 8.0317e-06
Loss = 1.5980e-02, PNorm = 134.8947, GNorm = 0.4464, lr_0 = 7.9994e-06
Loss = 1.4851e-02, PNorm = 134.8951, GNorm = 0.2203, lr_0 = 7.9673e-06
Loss = 1.4660e-02, PNorm = 134.8956, GNorm = 0.2499, lr_0 = 7.9353e-06
Loss = 1.4422e-02, PNorm = 134.8959, GNorm = 0.4870, lr_0 = 7.9034e-06
Loss = 1.1891e-02, PNorm = 134.8962, GNorm = 0.3235, lr_0 = 7.8717e-06
Loss = 1.1173e-02, PNorm = 134.8964, GNorm = 0.2859, lr_0 = 7.8401e-06
Loss = 1.7582e-02, PNorm = 134.8968, GNorm = 0.3187, lr_0 = 7.8086e-06
Loss = 1.2922e-02, PNorm = 134.8970, GNorm = 0.2099, lr_0 = 7.7772e-06
Loss = 1.2617e-02, PNorm = 134.8975, GNorm = 0.2901, lr_0 = 7.7459e-06
Loss = 1.3822e-02, PNorm = 134.8977, GNorm = 0.4363, lr_0 = 7.7148e-06
Loss = 1.0837e-02, PNorm = 134.8980, GNorm = 0.1608, lr_0 = 7.6838e-06
Validation rmse = 26.762857
Epoch 48
Loss = 1.1270e-02, PNorm = 134.8981, GNorm = 0.2681, lr_0 = 7.6530e-06
Loss = 1.0889e-02, PNorm = 134.8984, GNorm = 0.3932, lr_0 = 7.6222e-06
Loss = 1.3286e-02, PNorm = 134.8989, GNorm = 0.2392, lr_0 = 7.5916e-06
Loss = 1.1024e-02, PNorm = 134.8994, GNorm = 0.2374, lr_0 = 7.5611e-06
Loss = 1.1154e-02, PNorm = 134.8996, GNorm = 0.1855, lr_0 = 7.5307e-06
Loss = 1.5153e-02, PNorm = 134.8998, GNorm = 0.4416, lr_0 = 7.5005e-06
Loss = 1.2620e-02, PNorm = 134.9002, GNorm = 0.3112, lr_0 = 7.4703e-06
Loss = 1.5243e-02, PNorm = 134.9006, GNorm = 0.3518, lr_0 = 7.4403e-06
Loss = 1.3162e-02, PNorm = 134.9008, GNorm = 0.2304, lr_0 = 7.4104e-06
Loss = 1.4531e-02, PNorm = 134.9010, GNorm = 0.2292, lr_0 = 7.3807e-06
Loss = 1.1452e-02, PNorm = 134.9014, GNorm = 0.2444, lr_0 = 7.3510e-06
Loss = 1.1143e-02, PNorm = 134.9015, GNorm = 0.3795, lr_0 = 7.3215e-06
Loss = 1.1899e-02, PNorm = 134.9017, GNorm = 0.2813, lr_0 = 7.2921e-06
Loss = 1.5249e-02, PNorm = 134.9021, GNorm = 0.3046, lr_0 = 7.2628e-06
Loss = 1.5345e-02, PNorm = 134.9024, GNorm = 0.2694, lr_0 = 7.2336e-06
Loss = 1.2918e-02, PNorm = 134.9026, GNorm = 0.2341, lr_0 = 7.2045e-06
Loss = 1.4717e-02, PNorm = 134.9027, GNorm = 0.3438, lr_0 = 7.1756e-06
Loss = 1.1898e-02, PNorm = 134.9031, GNorm = 0.2273, lr_0 = 7.1468e-06
Loss = 1.3807e-02, PNorm = 134.9033, GNorm = 0.2799, lr_0 = 7.1180e-06
Loss = 1.7998e-02, PNorm = 134.9036, GNorm = 0.1996, lr_0 = 7.0895e-06
Loss = 1.2450e-02, PNorm = 134.9039, GNorm = 0.2083, lr_0 = 7.0610e-06
Loss = 1.3414e-02, PNorm = 134.9042, GNorm = 0.2645, lr_0 = 7.0326e-06
Loss = 1.2186e-02, PNorm = 134.9047, GNorm = 0.3064, lr_0 = 7.0044e-06
Loss = 1.0981e-02, PNorm = 134.9049, GNorm = 0.1634, lr_0 = 6.9762e-06
Validation rmse = 26.623589
Epoch 49
Loss = 1.5693e-02, PNorm = 134.9052, GNorm = 0.2170, lr_0 = 6.9482e-06
Loss = 1.3429e-02, PNorm = 134.9056, GNorm = 0.2988, lr_0 = 6.9203e-06
Loss = 1.2885e-02, PNorm = 134.9058, GNorm = 0.2439, lr_0 = 6.8925e-06
Loss = 1.0672e-02, PNorm = 134.9060, GNorm = 0.1982, lr_0 = 6.8648e-06
Loss = 1.3270e-02, PNorm = 134.9064, GNorm = 0.3154, lr_0 = 6.8372e-06
Loss = 1.1640e-02, PNorm = 134.9067, GNorm = 0.2409, lr_0 = 6.8097e-06
Loss = 1.3063e-02, PNorm = 134.9067, GNorm = 0.2512, lr_0 = 6.7824e-06
Loss = 1.1220e-02, PNorm = 134.9068, GNorm = 0.2238, lr_0 = 6.7551e-06
Loss = 1.3610e-02, PNorm = 134.9069, GNorm = 0.3262, lr_0 = 6.7280e-06
Loss = 1.5854e-02, PNorm = 134.9071, GNorm = 0.3437, lr_0 = 6.7010e-06
Loss = 1.3215e-02, PNorm = 134.9076, GNorm = 0.2050, lr_0 = 6.6740e-06
Loss = 1.3587e-02, PNorm = 134.9078, GNorm = 0.2212, lr_0 = 6.6472e-06
Loss = 1.4090e-02, PNorm = 134.9081, GNorm = 0.2039, lr_0 = 6.6205e-06
Loss = 1.5245e-02, PNorm = 134.9085, GNorm = 0.1814, lr_0 = 6.5939e-06
Loss = 1.3857e-02, PNorm = 134.9088, GNorm = 0.3177, lr_0 = 6.5674e-06
Loss = 1.1499e-02, PNorm = 134.9091, GNorm = 0.2407, lr_0 = 6.5411e-06
Loss = 1.0413e-02, PNorm = 134.9092, GNorm = 0.1965, lr_0 = 6.5148e-06
Loss = 1.6149e-02, PNorm = 134.9094, GNorm = 0.5410, lr_0 = 6.4886e-06
Loss = 1.0921e-02, PNorm = 134.9097, GNorm = 0.2287, lr_0 = 6.4625e-06
Loss = 1.3394e-02, PNorm = 134.9098, GNorm = 0.3333, lr_0 = 6.4444e-06
Loss = 1.2679e-02, PNorm = 134.9101, GNorm = 0.3026, lr_0 = 6.4444e-06
Loss = 1.4688e-02, PNorm = 134.9105, GNorm = 0.2385, lr_0 = 6.4444e-06
Loss = 1.4023e-02, PNorm = 134.9108, GNorm = 0.2789, lr_0 = 6.4444e-06
Loss = 1.3310e-02, PNorm = 134.9111, GNorm = 0.3320, lr_0 = 6.4444e-06
Validation rmse = 26.537410
Model 0 best validation rmse = 26.470562 on epoch 46
Loading pretrained parameter "encoder.encoder.0.cached_zero_vector".
Loading pretrained parameter "encoder.encoder.0.W_i.weight".
Loading pretrained parameter "encoder.encoder.0.W_h.weight".
Loading pretrained parameter "encoder.encoder.0.W_o.weight".
Loading pretrained parameter "encoder.encoder.0.W_o.bias".
Loading pretrained parameter "encoder.encoder.1.cached_zero_vector".
Loading pretrained parameter "encoder.encoder.1.W_i.weight".
Loading pretrained parameter "encoder.encoder.1.W_h.weight".
Loading pretrained parameter "encoder.encoder.1.W_o.weight".
Loading pretrained parameter "encoder.encoder.1.W_o.bias".
Loading pretrained parameter "ffn.1.weight".
Loading pretrained parameter "ffn.1.bias".
Loading pretrained parameter "ffn.4.weight".
Loading pretrained parameter "ffn.4.bias".
Loading pretrained parameter "ffn.7.weight".
Loading pretrained parameter "ffn.7.bias".
Moving model to cuda
Model 0 test rmse = 25.981771
Ensemble test rmse = 25.981771
1-fold cross validation
	Seed 0 ==> test rmse = 25.981771
Overall test rmse = 25.981771 +/- 0.000000
Elapsed time = 0:44:21
