Command line
python /home/kpg/chemprop/train.py --data_path ../../../data/splits/lambda_max_abs/deep4chem/group_by_smiles/smiles_target_train.csv --dataset_type regression --save_dir /home/kimele03/uvvisml/uvvisml/models/multitask_all_checkpoints/random/results/507329/49733084 --config_path /home/kimele03/uvvisml/uvvisml/models/multitask_all_checkpoints/random/results/507329/49733084/hyperopt.json --metric rmse --epochs 50 --gpu 0 --ensemble_size 1 --separate_val_path ../../../data/splits/lambda_max_abs/deep4chem/group_by_smiles/smiles_target_val.csv --separate_test_path ../../../data/splits/lambda_max_abs/deep4chem/group_by_smiles/smiles_target_test.csv --number_of_molecules 2
Args
{'activation': 'ReLU',
 'aggregation': 'mean',
 'aggregation_norm': 100,
 'atom_descriptor_scaling': True,
 'atom_descriptors': None,
 'atom_descriptors_path': None,
 'atom_descriptors_size': 0,
 'atom_features_size': 0,
 'atom_messages': False,
 'batch_size': 92,
 'bias': False,
 'bond_feature_scaling': True,
 'bond_features_path': None,
 'bond_features_size': 0,
 'cache_cutoff': 10000,
 'checkpoint_dir': None,
 'checkpoint_frzn': None,
 'checkpoint_path': None,
 'checkpoint_paths': None,
 'class_balance': False,
 'config_path': '/home/kimele03/uvvisml/uvvisml/models/multitask_all_checkpoints/random/results/507329/49733084/hyperopt.json',
 'crossval_index_dir': None,
 'crossval_index_file': None,
 'crossval_index_sets': None,
 'cuda': True,
 'data_path': '../../../data/splits/lambda_max_abs/deep4chem/group_by_smiles/smiles_target_train.csv',
 'data_weights_path': None,
 'dataset_type': 'regression',
 'depth': 6,
 'device': device(type='cuda', index=0),
 'dropout': 0.0,
 'empty_cache': False,
 'ensemble_size': 1,
 'epochs': 50,
 'explicit_h': False,
 'extra_metrics': [],
 'features_generator': None,
 'features_only': False,
 'features_path': None,
 'features_scaling': True,
 'features_size': None,
 'ffn_hidden_size': 1752,
 'ffn_num_layers': 3,
 'final_lr': 0.000616550207440508,
 'folds_file': None,
 'freeze_first_only': False,
 'frzn_ffn_layers': 0,
 'gpu': 0,
 'grad_clip': None,
 'hidden_size': 592,
 'ignore_columns': None,
 'init_lr': 3.046279511361012e-06,
 'log_frequency': 10,
 'max_data_size': None,
 'max_lr': 0.000616550207440508,
 'metric': 'rmse',
 'metrics': ['rmse'],
 'minimize_score': True,
 'mpn_shared': False,
 'multiclass_num_classes': 3,
 'no_atom_descriptor_scaling': False,
 'no_bond_features_scaling': False,
 'no_cache_mol': False,
 'no_cuda': False,
 'no_features_scaling': False,
 'num_folds': 1,
 'num_lrs': 1,
 'num_tasks': 1,
 'num_workers': 8,
 'number_of_molecules': 2,
 'overwrite_default_atom_features': False,
 'overwrite_default_bond_features': False,
 'pytorch_seed': 0,
 'quiet': False,
 'reaction': False,
 'reaction_mode': 'reac_diff',
 'resume_experiment': False,
 'save_dir': '/home/kimele03/uvvisml/uvvisml/models/multitask_all_checkpoints/random/results/507329/49733084',
 'save_preds': False,
 'save_smiles_splits': False,
 'seed': 0,
 'separate_test_atom_descriptors_path': None,
 'separate_test_bond_features_path': None,
 'separate_test_features_path': None,
 'separate_test_path': '../../../data/splits/lambda_max_abs/deep4chem/group_by_smiles/smiles_target_test.csv',
 'separate_val_atom_descriptors_path': None,
 'separate_val_bond_features_path': None,
 'separate_val_features_path': None,
 'separate_val_path': '../../../data/splits/lambda_max_abs/deep4chem/group_by_smiles/smiles_target_val.csv',
 'show_individual_scores': False,
 'smiles_columns': ['smiles', 'solvent'],
 'split_sizes': (0.8, 0.1, 0.1),
 'split_type': 'random',
 'target_columns': None,
 'target_weights': None,
 'task_names': ['peakwavs_max'],
 'test': False,
 'test_fold_index': None,
 'train_data_size': None,
 'undirected': False,
 'use_input_features': False,
 'val_fold_index': None,
 'warmup_epochs': 5}
Loading data
Number of tasks = 1
Fold 0
Splitting data with seed 0
Total size = 13,242 | train size = 13,242 | val size = 1,633 | test size = 1,710
Fitting scaler
Building model 0
MoleculeModel(
  (encoder): MPN(
    (encoder): ModuleList(
      (0): MPNEncoder(
        (dropout_layer): Dropout(p=0.0, inplace=False)
        (act_func): ReLU()
        (W_i): Linear(in_features=147, out_features=592, bias=False)
        (W_h): Linear(in_features=592, out_features=592, bias=False)
        (W_o): Linear(in_features=725, out_features=592, bias=True)
      )
      (1): MPNEncoder(
        (dropout_layer): Dropout(p=0.0, inplace=False)
        (act_func): ReLU()
        (W_i): Linear(in_features=147, out_features=592, bias=False)
        (W_h): Linear(in_features=592, out_features=592, bias=False)
        (W_o): Linear(in_features=725, out_features=592, bias=True)
      )
    )
  )
  (ffn): Sequential(
    (0): Dropout(p=0.0, inplace=False)
    (1): Linear(in_features=1184, out_features=1752, bias=True)
    (2): ReLU()
    (3): Dropout(p=0.0, inplace=False)
    (4): Linear(in_features=1752, out_features=1752, bias=True)
    (5): ReLU()
    (6): Dropout(p=0.0, inplace=False)
    (7): Linear(in_features=1752, out_features=1, bias=True)
  )
)
Number of parameters = 6,884,873
Moving model to cuda
Epoch 0
Loss = 1.1244e+00, PNorm = 78.2486, GNorm = 5.3074, lr_0 = 1.2485e-05
Loss = 8.7627e-01, PNorm = 78.2489, GNorm = 2.5257, lr_0 = 2.1065e-05
Loss = 9.6276e-01, PNorm = 78.2498, GNorm = 4.0652, lr_0 = 2.9646e-05
Loss = 8.6909e-01, PNorm = 78.2512, GNorm = 4.8543, lr_0 = 3.8226e-05
Loss = 7.0817e-01, PNorm = 78.2533, GNorm = 1.8602, lr_0 = 4.6807e-05
Loss = 7.0620e-01, PNorm = 78.2553, GNorm = 16.4174, lr_0 = 5.5387e-05
Loss = 7.0191e-01, PNorm = 78.2579, GNorm = 10.3450, lr_0 = 6.3968e-05
Loss = 7.0657e-01, PNorm = 78.2614, GNorm = 3.5979, lr_0 = 7.2548e-05
Loss = 5.9986e-01, PNorm = 78.2668, GNorm = 7.3598, lr_0 = 8.1129e-05
Loss = 6.2057e-01, PNorm = 78.2711, GNorm = 16.6651, lr_0 = 8.9709e-05
Loss = 6.1036e-01, PNorm = 78.2767, GNorm = 12.7155, lr_0 = 9.8290e-05
Loss = 6.3080e-01, PNorm = 78.2814, GNorm = 19.5615, lr_0 = 1.0687e-04
Loss = 6.1205e-01, PNorm = 78.2879, GNorm = 2.2550, lr_0 = 1.1545e-04
Loss = 4.0280e-01, PNorm = 78.2960, GNorm = 7.5751, lr_0 = 1.2403e-04
Validation rmse = 71.784626
Epoch 1
Loss = 4.9586e-01, PNorm = 78.3061, GNorm = 13.9808, lr_0 = 1.3347e-04
Loss = 4.7268e-01, PNorm = 78.3159, GNorm = 9.0208, lr_0 = 1.4205e-04
Loss = 3.8046e-01, PNorm = 78.3283, GNorm = 15.9338, lr_0 = 1.5063e-04
Loss = 4.3004e-01, PNorm = 78.3391, GNorm = 65.1235, lr_0 = 1.5921e-04
Loss = 4.0060e-01, PNorm = 78.3506, GNorm = 32.9209, lr_0 = 1.6779e-04
Loss = 3.7018e-01, PNorm = 78.3633, GNorm = 3.8380, lr_0 = 1.7637e-04
Loss = 3.3396e-01, PNorm = 78.3759, GNorm = 26.3881, lr_0 = 1.8495e-04
Loss = 3.8776e-01, PNorm = 78.3860, GNorm = 11.3463, lr_0 = 1.9353e-04
Loss = 5.8549e-01, PNorm = 78.4004, GNorm = 7.4192, lr_0 = 2.0211e-04
Loss = 4.5551e-01, PNorm = 78.4229, GNorm = 20.9207, lr_0 = 2.1069e-04
Loss = 4.6429e-01, PNorm = 78.4412, GNorm = 9.7077, lr_0 = 2.1927e-04
Loss = 3.9843e-01, PNorm = 78.4614, GNorm = 25.1843, lr_0 = 2.2785e-04
Loss = 3.4927e-01, PNorm = 78.4781, GNorm = 11.9470, lr_0 = 2.3644e-04
Loss = 3.0774e-01, PNorm = 78.4952, GNorm = 2.0859, lr_0 = 2.4502e-04
Validation rmse = 60.201193
Epoch 2
Loss = 3.0970e-01, PNorm = 78.5106, GNorm = 10.8808, lr_0 = 2.5360e-04
Loss = 2.7366e-01, PNorm = 78.5251, GNorm = 21.5746, lr_0 = 2.6218e-04
Loss = 2.7119e-01, PNorm = 78.5398, GNorm = 15.9774, lr_0 = 2.7076e-04
Loss = 3.1742e-01, PNorm = 78.5553, GNorm = 10.9702, lr_0 = 2.7934e-04
Loss = 2.4888e-01, PNorm = 78.5719, GNorm = 4.0620, lr_0 = 2.8792e-04
Loss = 3.7013e-01, PNorm = 78.5882, GNorm = 19.8073, lr_0 = 2.9650e-04
Loss = 4.0158e-01, PNorm = 78.6120, GNorm = 7.3029, lr_0 = 3.0508e-04
Loss = 2.9652e-01, PNorm = 78.6370, GNorm = 5.1852, lr_0 = 3.1366e-04
Loss = 2.5924e-01, PNorm = 78.6664, GNorm = 9.1977, lr_0 = 3.2224e-04
Loss = 2.7977e-01, PNorm = 78.6882, GNorm = 8.7545, lr_0 = 3.3082e-04
Loss = 2.9488e-01, PNorm = 78.7091, GNorm = 3.8966, lr_0 = 3.3940e-04
Loss = 2.6541e-01, PNorm = 78.7267, GNorm = 11.4667, lr_0 = 3.4798e-04
Loss = 2.8831e-01, PNorm = 78.7466, GNorm = 10.9684, lr_0 = 3.5656e-04
Loss = 3.1899e-01, PNorm = 78.7676, GNorm = 29.5887, lr_0 = 3.6514e-04
Loss = 3.5094e-01, PNorm = 78.7949, GNorm = 13.9336, lr_0 = 3.7372e-04
Validation rmse = 61.843879
Epoch 3
Loss = 2.3013e-01, PNorm = 78.8222, GNorm = 3.0768, lr_0 = 3.8230e-04
Loss = 2.1493e-01, PNorm = 78.8485, GNorm = 4.1155, lr_0 = 3.9088e-04
Loss = 2.5438e-01, PNorm = 78.8752, GNorm = 10.0006, lr_0 = 3.9946e-04
Loss = 2.6049e-01, PNorm = 78.8993, GNorm = 3.2168, lr_0 = 4.0804e-04
Loss = 2.5710e-01, PNorm = 78.9286, GNorm = 2.6993, lr_0 = 4.1663e-04
Loss = 1.9975e-01, PNorm = 78.9560, GNorm = 4.3559, lr_0 = 4.2521e-04
Loss = 2.4306e-01, PNorm = 78.9834, GNorm = 11.2834, lr_0 = 4.3379e-04
Loss = 1.9811e-01, PNorm = 79.0131, GNorm = 6.7176, lr_0 = 4.4237e-04
Loss = 2.1633e-01, PNorm = 79.0427, GNorm = 16.2029, lr_0 = 4.5095e-04
Loss = 2.5768e-01, PNorm = 79.0762, GNorm = 2.3315, lr_0 = 4.5953e-04
Loss = 2.0782e-01, PNorm = 79.1082, GNorm = 2.8736, lr_0 = 4.6811e-04
Loss = 1.8390e-01, PNorm = 79.1397, GNorm = 1.7209, lr_0 = 4.7669e-04
Loss = 1.9667e-01, PNorm = 79.1766, GNorm = 2.7986, lr_0 = 4.8527e-04
Loss = 1.8951e-01, PNorm = 79.2056, GNorm = 13.0238, lr_0 = 4.9385e-04
Validation rmse = 55.989494
Epoch 4
Loss = 2.0724e-01, PNorm = 79.2375, GNorm = 3.0576, lr_0 = 5.0243e-04
Loss = 1.8452e-01, PNorm = 79.2679, GNorm = 5.6373, lr_0 = 5.1101e-04
Loss = 1.7536e-01, PNorm = 79.3044, GNorm = 3.2650, lr_0 = 5.1959e-04
Loss = 2.8719e-01, PNorm = 79.3433, GNorm = 1.9961, lr_0 = 5.2817e-04
Loss = 2.9798e-01, PNorm = 79.3928, GNorm = 2.3173, lr_0 = 5.3675e-04
Loss = 2.9129e-01, PNorm = 79.4496, GNorm = 4.8955, lr_0 = 5.4533e-04
Loss = 1.8132e-01, PNorm = 79.4895, GNorm = 3.0292, lr_0 = 5.5391e-04
Loss = 1.5920e-01, PNorm = 79.5291, GNorm = 1.4201, lr_0 = 5.6249e-04
Loss = 1.9494e-01, PNorm = 79.5721, GNorm = 3.7061, lr_0 = 5.7107e-04
Loss = 1.6727e-01, PNorm = 79.6194, GNorm = 6.8370, lr_0 = 5.7965e-04
Loss = 1.7177e-01, PNorm = 79.6533, GNorm = 3.9237, lr_0 = 5.8823e-04
Loss = 1.4899e-01, PNorm = 79.6847, GNorm = 3.4619, lr_0 = 5.9682e-04
Loss = 1.5111e-01, PNorm = 79.7150, GNorm = 3.2419, lr_0 = 6.0540e-04
Loss = 1.5634e-01, PNorm = 79.7531, GNorm = 1.5257, lr_0 = 6.1398e-04
Validation rmse = 48.891571
Epoch 5
Loss = 1.4404e-01, PNorm = 79.7863, GNorm = 1.9148, lr_0 = 6.1655e-04
Loss = 1.3490e-01, PNorm = 79.8192, GNorm = 1.1752, lr_0 = 6.1655e-04
Loss = 1.4865e-01, PNorm = 79.8522, GNorm = 5.0299, lr_0 = 6.1655e-04
Loss = 1.7005e-01, PNorm = 79.8783, GNorm = 6.2308, lr_0 = 6.1655e-04
Loss = 1.3653e-01, PNorm = 79.9051, GNorm = 4.3469, lr_0 = 6.1655e-04
Loss = 1.2826e-01, PNorm = 79.9341, GNorm = 2.4260, lr_0 = 6.1655e-04
Loss = 1.4782e-01, PNorm = 79.9682, GNorm = 2.6536, lr_0 = 6.1655e-04
Loss = 1.2122e-01, PNorm = 79.9992, GNorm = 4.9408, lr_0 = 6.1655e-04
Loss = 1.3878e-01, PNorm = 80.0256, GNorm = 2.1994, lr_0 = 6.1655e-04
Loss = 1.2765e-01, PNorm = 80.0524, GNorm = 2.2590, lr_0 = 6.1655e-04
Loss = 1.3212e-01, PNorm = 80.0757, GNorm = 2.3285, lr_0 = 6.1655e-04
Loss = 1.2419e-01, PNorm = 80.1012, GNorm = 2.5138, lr_0 = 6.1655e-04
Loss = 1.3689e-01, PNorm = 80.1378, GNorm = 2.2632, lr_0 = 6.1655e-04
Loss = 1.1078e-01, PNorm = 80.1652, GNorm = 4.2570, lr_0 = 6.1655e-04
Loss = 1.3002e-01, PNorm = 80.1925, GNorm = 0.7752, lr_0 = 6.1655e-04
Validation rmse = 42.150264
Epoch 6
Loss = 1.0140e-01, PNorm = 80.2170, GNorm = 1.3529, lr_0 = 6.1655e-04
Loss = 1.0819e-01, PNorm = 80.2399, GNorm = 4.3003, lr_0 = 6.1655e-04
Loss = 1.1763e-01, PNorm = 80.2678, GNorm = 1.7128, lr_0 = 6.1655e-04
Loss = 1.0774e-01, PNorm = 80.2927, GNorm = 1.7237, lr_0 = 6.1655e-04
Loss = 1.2571e-01, PNorm = 80.3148, GNorm = 1.3943, lr_0 = 6.1655e-04
Loss = 9.9123e-02, PNorm = 80.3381, GNorm = 1.8348, lr_0 = 6.1655e-04
Loss = 1.1469e-01, PNorm = 80.3754, GNorm = 6.4148, lr_0 = 6.1655e-04
Loss = 1.3540e-01, PNorm = 80.4095, GNorm = 4.1064, lr_0 = 6.1655e-04
Loss = 1.1508e-01, PNorm = 80.4335, GNorm = 1.5066, lr_0 = 6.1655e-04
Loss = 1.0209e-01, PNorm = 80.4654, GNorm = 5.6417, lr_0 = 6.1655e-04
Loss = 9.6940e-02, PNorm = 80.4976, GNorm = 3.3806, lr_0 = 6.1655e-04
Loss = 1.1402e-01, PNorm = 80.5249, GNorm = 2.9129, lr_0 = 6.1655e-04
Loss = 1.1746e-01, PNorm = 80.5514, GNorm = 4.3099, lr_0 = 6.1655e-04
Loss = 1.2594e-01, PNorm = 80.5804, GNorm = 2.0102, lr_0 = 6.1655e-04
Validation rmse = 41.658695
Epoch 7
Loss = 1.0570e-01, PNorm = 80.6066, GNorm = 3.2539, lr_0 = 6.1655e-04
Loss = 8.7722e-02, PNorm = 80.6372, GNorm = 2.2142, lr_0 = 6.1655e-04
Loss = 9.3883e-02, PNorm = 80.6645, GNorm = 1.7516, lr_0 = 6.1655e-04
Loss = 7.9140e-02, PNorm = 80.6846, GNorm = 2.7755, lr_0 = 6.1655e-04
Loss = 8.1121e-02, PNorm = 80.7041, GNorm = 2.6444, lr_0 = 6.1655e-04
Loss = 1.0291e-01, PNorm = 80.7211, GNorm = 1.4249, lr_0 = 6.1655e-04
Loss = 8.5574e-02, PNorm = 80.7500, GNorm = 1.2607, lr_0 = 6.1655e-04
Loss = 8.4628e-02, PNorm = 80.7689, GNorm = 4.4747, lr_0 = 6.1655e-04
Loss = 9.7593e-02, PNorm = 80.7892, GNorm = 3.1734, lr_0 = 6.1655e-04
Loss = 9.3545e-02, PNorm = 80.8235, GNorm = 1.3556, lr_0 = 6.1655e-04
Loss = 9.8865e-02, PNorm = 80.8562, GNorm = 1.5692, lr_0 = 6.1655e-04
Loss = 8.4225e-02, PNorm = 80.8844, GNorm = 1.2627, lr_0 = 6.1655e-04
Loss = 6.9060e-02, PNorm = 80.9101, GNorm = 2.8792, lr_0 = 6.1655e-04
Loss = 1.0847e-01, PNorm = 80.9396, GNorm = 4.3713, lr_0 = 6.1655e-04
Loss = 8.9258e-02, PNorm = 80.9620, GNorm = 2.0624, lr_0 = 6.1655e-04
Validation rmse = 38.587780
Epoch 8
Loss = 6.4615e-02, PNorm = 80.9799, GNorm = 2.2811, lr_0 = 6.1655e-04
Loss = 7.8729e-02, PNorm = 80.9980, GNorm = 3.3182, lr_0 = 6.1655e-04
Loss = 6.9691e-02, PNorm = 81.0245, GNorm = 3.2958, lr_0 = 6.1655e-04
Loss = 7.7394e-02, PNorm = 81.0455, GNorm = 2.1016, lr_0 = 6.1655e-04
Loss = 6.9677e-02, PNorm = 81.0623, GNorm = 1.1499, lr_0 = 6.1655e-04
Loss = 6.1927e-02, PNorm = 81.0872, GNorm = 4.1282, lr_0 = 6.1655e-04
Loss = 9.6312e-02, PNorm = 81.1102, GNorm = 1.2050, lr_0 = 6.1655e-04
Loss = 7.3908e-02, PNorm = 81.1289, GNorm = 2.2683, lr_0 = 6.1655e-04
Loss = 7.1317e-02, PNorm = 81.1495, GNorm = 2.8817, lr_0 = 6.1655e-04
Loss = 8.1602e-02, PNorm = 81.1651, GNorm = 2.9152, lr_0 = 6.1655e-04
Loss = 6.3813e-02, PNorm = 81.1818, GNorm = 1.2313, lr_0 = 6.1655e-04
Loss = 7.2259e-02, PNorm = 81.2042, GNorm = 4.7922, lr_0 = 6.1655e-04
Loss = 2.2106e-01, PNorm = 81.2372, GNorm = 4.9705, lr_0 = 6.1655e-04
Loss = 2.0374e-01, PNorm = 81.2985, GNorm = 9.0920, lr_0 = 6.1655e-04
Validation rmse = 70.410849
Epoch 9
Loss = 2.6257e-01, PNorm = 81.3798, GNorm = 3.3177, lr_0 = 6.1655e-04
Loss = 1.2833e-01, PNorm = 81.4499, GNorm = 4.1097, lr_0 = 6.1655e-04
Loss = 1.2792e-01, PNorm = 81.4926, GNorm = 4.5748, lr_0 = 6.1655e-04
Loss = 9.5495e-02, PNorm = 81.5295, GNorm = 1.0675, lr_0 = 6.1655e-04
Loss = 9.4698e-02, PNorm = 81.5622, GNorm = 4.6613, lr_0 = 6.1655e-04
Loss = 8.4489e-02, PNorm = 81.5916, GNorm = 0.8790, lr_0 = 6.1655e-04
Loss = 8.4739e-02, PNorm = 81.6242, GNorm = 2.3433, lr_0 = 6.1655e-04
Loss = 8.7266e-02, PNorm = 81.6507, GNorm = 1.4448, lr_0 = 6.1655e-04
Loss = 9.2186e-02, PNorm = 81.6737, GNorm = 4.6193, lr_0 = 6.1655e-04
Loss = 7.3922e-02, PNorm = 81.7063, GNorm = 2.2182, lr_0 = 6.1655e-04
Loss = 7.2148e-02, PNorm = 81.7233, GNorm = 1.0362, lr_0 = 6.1655e-04
Loss = 6.8941e-02, PNorm = 81.7415, GNorm = 1.5753, lr_0 = 6.1655e-04
Loss = 7.9848e-02, PNorm = 81.7731, GNorm = 4.4822, lr_0 = 6.1655e-04
Loss = 6.6133e-02, PNorm = 81.8046, GNorm = 1.0550, lr_0 = 6.1655e-04
Validation rmse = 35.829963
Epoch 10
Loss = 6.5856e-02, PNorm = 81.8226, GNorm = 1.1128, lr_0 = 6.1655e-04
Loss = 5.3724e-02, PNorm = 81.8442, GNorm = 0.9548, lr_0 = 6.1655e-04
Loss = 5.1980e-02, PNorm = 81.8609, GNorm = 1.8301, lr_0 = 6.1655e-04
Loss = 4.8250e-02, PNorm = 81.8713, GNorm = 0.5248, lr_0 = 6.1655e-04
Loss = 5.4804e-02, PNorm = 81.8831, GNorm = 1.6845, lr_0 = 6.1655e-04
Loss = 5.7594e-02, PNorm = 81.9023, GNorm = 1.4140, lr_0 = 6.1655e-04
Loss = 5.7316e-02, PNorm = 81.9273, GNorm = 1.1512, lr_0 = 6.1655e-04
Loss = 5.9059e-02, PNorm = 81.9499, GNorm = 1.9221, lr_0 = 6.1655e-04
Loss = 7.4043e-02, PNorm = 81.9702, GNorm = 2.2365, lr_0 = 6.1655e-04
Loss = 7.8165e-02, PNorm = 81.9925, GNorm = 0.7325, lr_0 = 6.1655e-04
Loss = 7.7830e-02, PNorm = 82.0168, GNorm = 1.1921, lr_0 = 6.1655e-04
Loss = 7.3915e-02, PNorm = 82.0376, GNorm = 1.0439, lr_0 = 6.1655e-04
Loss = 7.2950e-02, PNorm = 82.0677, GNorm = 3.4252, lr_0 = 6.1655e-04
Loss = 5.8570e-02, PNorm = 82.0907, GNorm = 1.7028, lr_0 = 6.1655e-04
Loss = 6.3783e-02, PNorm = 82.1055, GNorm = 1.0898, lr_0 = 6.1655e-04
Validation rmse = 36.555128
Epoch 11
Loss = 6.1448e-02, PNorm = 82.1234, GNorm = 1.2242, lr_0 = 6.1655e-04
Loss = 5.3205e-02, PNorm = 82.1435, GNorm = 0.7288, lr_0 = 6.1655e-04
Loss = 5.3899e-02, PNorm = 82.1676, GNorm = 1.4711, lr_0 = 6.1655e-04
Loss = 5.1387e-02, PNorm = 82.1797, GNorm = 0.6450, lr_0 = 6.1655e-04
Loss = 4.8832e-02, PNorm = 82.1987, GNorm = 1.0492, lr_0 = 6.1655e-04
Loss = 5.1152e-02, PNorm = 82.2149, GNorm = 1.0017, lr_0 = 6.1655e-04
Loss = 4.7688e-02, PNorm = 82.2277, GNorm = 1.5059, lr_0 = 6.1655e-04
Loss = 4.5770e-02, PNorm = 82.2471, GNorm = 1.0779, lr_0 = 6.1655e-04
Loss = 4.8162e-02, PNorm = 82.2641, GNorm = 1.1853, lr_0 = 6.1655e-04
Loss = 5.7942e-02, PNorm = 82.2760, GNorm = 2.8254, lr_0 = 6.1655e-04
Loss = 5.5732e-02, PNorm = 82.2920, GNorm = 0.7136, lr_0 = 6.1655e-04
Loss = 5.3891e-02, PNorm = 82.3169, GNorm = 1.6060, lr_0 = 6.1655e-04
Loss = 4.5075e-02, PNorm = 82.3366, GNorm = 1.2443, lr_0 = 6.1655e-04
Loss = 5.7798e-02, PNorm = 82.3565, GNorm = 1.8148, lr_0 = 6.1655e-04
Validation rmse = 33.284429
Epoch 12
Loss = 6.0121e-02, PNorm = 82.3743, GNorm = 1.5459, lr_0 = 6.1655e-04
Loss = 4.0808e-02, PNorm = 82.3865, GNorm = 1.0363, lr_0 = 6.1655e-04
Loss = 4.7524e-02, PNorm = 82.4064, GNorm = 1.0826, lr_0 = 6.1655e-04
Loss = 4.1625e-02, PNorm = 82.4226, GNorm = 1.5662, lr_0 = 6.1655e-04
Loss = 4.2227e-02, PNorm = 82.4315, GNorm = 0.8768, lr_0 = 6.1655e-04
Loss = 4.5219e-02, PNorm = 82.4489, GNorm = 4.0178, lr_0 = 6.1655e-04
Loss = 4.8468e-02, PNorm = 82.4675, GNorm = 1.5869, lr_0 = 6.1655e-04
Loss = 7.0150e-02, PNorm = 82.4931, GNorm = 1.3113, lr_0 = 6.1655e-04
Loss = 5.7173e-02, PNorm = 82.5195, GNorm = 1.9055, lr_0 = 6.1655e-04
Loss = 6.1732e-02, PNorm = 82.5435, GNorm = 3.2106, lr_0 = 6.1655e-04
Loss = 4.7453e-02, PNorm = 82.5659, GNorm = 0.9504, lr_0 = 6.1655e-04
Loss = 4.2517e-02, PNorm = 82.5851, GNorm = 0.7571, lr_0 = 6.1655e-04
Loss = 4.9295e-02, PNorm = 82.6054, GNorm = 0.9787, lr_0 = 6.1655e-04
Loss = 4.2221e-02, PNorm = 82.6225, GNorm = 0.6942, lr_0 = 6.1655e-04
Loss = 4.0365e-02, PNorm = 82.6407, GNorm = 0.6029, lr_0 = 6.1655e-04
Validation rmse = 33.194450
Epoch 13
Loss = 3.7377e-02, PNorm = 82.6625, GNorm = 0.6851, lr_0 = 6.1655e-04
Loss = 4.1951e-02, PNorm = 82.6704, GNorm = 1.1123, lr_0 = 6.1655e-04
Loss = 4.8740e-02, PNorm = 82.6842, GNorm = 0.7343, lr_0 = 6.1655e-04
Loss = 4.3096e-02, PNorm = 82.7057, GNorm = 1.0900, lr_0 = 6.1655e-04
Loss = 4.1222e-02, PNorm = 82.7225, GNorm = 3.0042, lr_0 = 6.1655e-04
Loss = 4.0367e-02, PNorm = 82.7334, GNorm = 0.9375, lr_0 = 6.1655e-04
Loss = 3.9946e-02, PNorm = 82.7555, GNorm = 0.9954, lr_0 = 6.1655e-04
Loss = 3.6527e-02, PNorm = 82.7786, GNorm = 1.0037, lr_0 = 6.1655e-04
Loss = 4.1870e-02, PNorm = 82.7984, GNorm = 1.7435, lr_0 = 6.1655e-04
Loss = 5.3994e-02, PNorm = 82.8214, GNorm = 1.1805, lr_0 = 6.1655e-04
Loss = 5.1579e-02, PNorm = 82.8424, GNorm = 2.5604, lr_0 = 6.1655e-04
Loss = 5.2386e-02, PNorm = 82.8639, GNorm = 1.1008, lr_0 = 6.1655e-04
Loss = 4.3584e-02, PNorm = 82.8866, GNorm = 0.9390, lr_0 = 6.1655e-04
Loss = 4.0468e-02, PNorm = 82.9001, GNorm = 2.0187, lr_0 = 6.1655e-04
Validation rmse = 32.356622
Epoch 14
Loss = 3.3791e-02, PNorm = 82.9200, GNorm = 1.4050, lr_0 = 6.1655e-04
Loss = 3.7663e-02, PNorm = 82.9401, GNorm = 0.6818, lr_0 = 6.1655e-04
Loss = 3.8204e-02, PNorm = 82.9586, GNorm = 3.8688, lr_0 = 6.1655e-04
Loss = 4.4158e-02, PNorm = 82.9848, GNorm = 0.6824, lr_0 = 6.1655e-04
Loss = 3.6102e-02, PNorm = 83.0059, GNorm = 1.9759, lr_0 = 6.1655e-04
Loss = 3.8464e-02, PNorm = 83.0167, GNorm = 1.7681, lr_0 = 6.1655e-04
Loss = 4.2928e-02, PNorm = 83.0317, GNorm = 0.5604, lr_0 = 6.1655e-04
Loss = 4.2205e-02, PNorm = 83.0532, GNorm = 0.6069, lr_0 = 6.1655e-04
Loss = 3.6725e-02, PNorm = 83.0726, GNorm = 0.9940, lr_0 = 6.1655e-04
Loss = 4.7785e-02, PNorm = 83.0947, GNorm = 1.0773, lr_0 = 6.1655e-04
Loss = 3.8565e-02, PNorm = 83.1135, GNorm = 0.8123, lr_0 = 6.1655e-04
Loss = 3.8931e-02, PNorm = 83.1341, GNorm = 1.9539, lr_0 = 6.1655e-04
Loss = 3.7962e-02, PNorm = 83.1467, GNorm = 0.7340, lr_0 = 6.1655e-04
Loss = 3.7811e-02, PNorm = 83.1640, GNorm = 1.2652, lr_0 = 6.1655e-04
Validation rmse = 32.187022
Epoch 15
Loss = 3.3105e-02, PNorm = 83.1794, GNorm = 1.6353, lr_0 = 6.1655e-04
Loss = 4.4997e-02, PNorm = 83.1982, GNorm = 1.4015, lr_0 = 6.1655e-04
Loss = 4.8185e-02, PNorm = 83.2223, GNorm = 2.1976, lr_0 = 6.1655e-04
Loss = 4.1266e-02, PNorm = 83.2472, GNorm = 1.0498, lr_0 = 6.1655e-04
Loss = 2.8977e-02, PNorm = 83.2687, GNorm = 1.4498, lr_0 = 6.1655e-04
Loss = 3.8027e-02, PNorm = 83.2895, GNorm = 1.4709, lr_0 = 6.1655e-04
Loss = 3.5326e-02, PNorm = 83.3023, GNorm = 1.1088, lr_0 = 6.1655e-04
Loss = 4.4618e-02, PNorm = 83.3281, GNorm = 0.6791, lr_0 = 6.1655e-04
Loss = 5.2150e-02, PNorm = 83.3569, GNorm = 1.9056, lr_0 = 6.1655e-04
Loss = 4.6742e-02, PNorm = 83.3810, GNorm = 1.5399, lr_0 = 6.1655e-04
Loss = 4.0131e-02, PNorm = 83.4050, GNorm = 0.8789, lr_0 = 6.1655e-04
Loss = 3.4857e-02, PNorm = 83.4191, GNorm = 1.6328, lr_0 = 6.1655e-04
Loss = 3.7957e-02, PNorm = 83.4396, GNorm = 2.8283, lr_0 = 6.1655e-04
Loss = 3.3113e-02, PNorm = 83.4653, GNorm = 1.0928, lr_0 = 6.1655e-04
Loss = 3.1101e-02, PNorm = 83.4854, GNorm = 0.5418, lr_0 = 6.1655e-04
Validation rmse = 33.022595
Epoch 16
Loss = 3.7742e-02, PNorm = 83.5051, GNorm = 2.1308, lr_0 = 6.1655e-04
Loss = 4.0218e-02, PNorm = 83.5283, GNorm = 0.4622, lr_0 = 6.1655e-04
Loss = 3.1652e-02, PNorm = 83.5431, GNorm = 0.8848, lr_0 = 6.1655e-04
Loss = 3.8562e-02, PNorm = 83.5611, GNorm = 2.2940, lr_0 = 6.1655e-04
Loss = 4.3887e-02, PNorm = 83.5787, GNorm = 1.2941, lr_0 = 6.1655e-04
Loss = 5.1243e-02, PNorm = 83.5995, GNorm = 2.5521, lr_0 = 6.1655e-04
Loss = 3.7923e-02, PNorm = 83.6326, GNorm = 0.5210, lr_0 = 6.1655e-04
Loss = 3.2657e-02, PNorm = 83.6532, GNorm = 0.4860, lr_0 = 6.1655e-04
Loss = 2.8727e-02, PNorm = 83.6707, GNorm = 1.4996, lr_0 = 6.1655e-04
Loss = 2.5080e-02, PNorm = 83.6850, GNorm = 0.7390, lr_0 = 6.1655e-04
Loss = 3.0103e-02, PNorm = 83.6948, GNorm = 0.4306, lr_0 = 6.1655e-04
Loss = 2.7862e-02, PNorm = 83.7132, GNorm = 1.4429, lr_0 = 6.1655e-04
Loss = 3.0615e-02, PNorm = 83.7304, GNorm = 0.8412, lr_0 = 6.1655e-04
Loss = 3.4805e-02, PNorm = 83.7428, GNorm = 1.2786, lr_0 = 6.1655e-04
Validation rmse = 31.950887
Epoch 17
Loss = 3.1019e-02, PNorm = 83.7582, GNorm = 0.4300, lr_0 = 6.1655e-04
Loss = 2.4750e-02, PNorm = 83.7707, GNorm = 1.3616, lr_0 = 6.1655e-04
Loss = 2.6320e-02, PNorm = 83.7892, GNorm = 0.7911, lr_0 = 6.1655e-04
Loss = 2.2056e-02, PNorm = 83.8011, GNorm = 0.4689, lr_0 = 6.1655e-04
Loss = 2.4981e-02, PNorm = 83.8102, GNorm = 0.5005, lr_0 = 6.1655e-04
Loss = 2.6672e-02, PNorm = 83.8215, GNorm = 0.5791, lr_0 = 6.1655e-04
Loss = 2.5453e-02, PNorm = 83.8352, GNorm = 1.4069, lr_0 = 6.1655e-04
Loss = 2.5318e-02, PNorm = 83.8524, GNorm = 0.8680, lr_0 = 6.1655e-04
Loss = 3.1695e-02, PNorm = 83.8695, GNorm = 1.8990, lr_0 = 6.1655e-04
Loss = 3.0314e-02, PNorm = 83.8851, GNorm = 1.0432, lr_0 = 6.1655e-04
Loss = 3.4331e-02, PNorm = 83.9077, GNorm = 0.8406, lr_0 = 6.1655e-04
Loss = 2.8287e-02, PNorm = 83.9341, GNorm = 1.2039, lr_0 = 6.1655e-04
Loss = 3.8218e-02, PNorm = 83.9545, GNorm = 0.5565, lr_0 = 6.1655e-04
Loss = 3.5760e-02, PNorm = 83.9828, GNorm = 0.9823, lr_0 = 6.1655e-04
Loss = 3.8711e-02, PNorm = 84.0070, GNorm = 1.5009, lr_0 = 6.1655e-04
Validation rmse = 31.413537
Epoch 18
Loss = 2.7413e-02, PNorm = 84.0298, GNorm = 0.4160, lr_0 = 6.1655e-04
Loss = 2.9244e-02, PNorm = 84.0473, GNorm = 1.2824, lr_0 = 6.1655e-04
Loss = 2.5631e-02, PNorm = 84.0653, GNorm = 0.5496, lr_0 = 6.1655e-04
Loss = 2.9331e-02, PNorm = 84.0801, GNorm = 1.2045, lr_0 = 6.1655e-04
Loss = 2.5844e-02, PNorm = 84.0997, GNorm = 0.8536, lr_0 = 6.1655e-04
Loss = 3.1715e-02, PNorm = 84.1165, GNorm = 0.6074, lr_0 = 6.1655e-04
Loss = 3.4790e-02, PNorm = 84.1296, GNorm = 0.5406, lr_0 = 6.1655e-04
Loss = 3.6870e-02, PNorm = 84.1524, GNorm = 1.0741, lr_0 = 6.1655e-04
Loss = 3.0761e-02, PNorm = 84.1710, GNorm = 1.3143, lr_0 = 6.1655e-04
Loss = 2.9729e-02, PNorm = 84.1912, GNorm = 1.9498, lr_0 = 6.1655e-04
Loss = 3.1663e-02, PNorm = 84.2101, GNorm = 0.7073, lr_0 = 6.1655e-04
Loss = 2.8806e-02, PNorm = 84.2235, GNorm = 0.7129, lr_0 = 6.1655e-04
Loss = 2.4209e-02, PNorm = 84.2442, GNorm = 0.6931, lr_0 = 6.1655e-04
Loss = 2.7562e-02, PNorm = 84.2634, GNorm = 0.3766, lr_0 = 6.1655e-04
Validation rmse = 30.015236
Epoch 19
Loss = 2.2179e-02, PNorm = 84.2744, GNorm = 0.9857, lr_0 = 6.1655e-04
Loss = 2.5903e-02, PNorm = 84.2914, GNorm = 1.4089, lr_0 = 6.1655e-04
Loss = 2.5814e-02, PNorm = 84.3188, GNorm = 1.1527, lr_0 = 6.1655e-04
Loss = 2.3173e-02, PNorm = 84.3360, GNorm = 1.2695, lr_0 = 6.1655e-04
Loss = 2.5272e-02, PNorm = 84.3533, GNorm = 1.3183, lr_0 = 6.1655e-04
Loss = 2.2502e-02, PNorm = 84.3679, GNorm = 0.3864, lr_0 = 6.1655e-04
Loss = 2.3233e-02, PNorm = 84.3924, GNorm = 0.7177, lr_0 = 6.1655e-04
Loss = 2.3880e-02, PNorm = 84.4095, GNorm = 2.3447, lr_0 = 6.1655e-04
Loss = 3.9600e-02, PNorm = 84.4284, GNorm = 1.3662, lr_0 = 6.1655e-04
Loss = 3.3625e-02, PNorm = 84.4523, GNorm = 1.2943, lr_0 = 6.1655e-04
Loss = 2.4954e-02, PNorm = 84.4702, GNorm = 0.5911, lr_0 = 6.1655e-04
Loss = 3.4110e-02, PNorm = 84.4966, GNorm = 0.5054, lr_0 = 6.1655e-04
Loss = 3.4631e-02, PNorm = 84.5139, GNorm = 0.5302, lr_0 = 6.1655e-04
Loss = 3.0213e-02, PNorm = 84.5310, GNorm = 0.7807, lr_0 = 6.1655e-04
Validation rmse = 36.202849
Epoch 20
Loss = 3.8508e-02, PNorm = 84.5523, GNorm = 1.0619, lr_0 = 6.1655e-04
Loss = 3.2278e-02, PNorm = 84.5833, GNorm = 0.9693, lr_0 = 6.1655e-04
Loss = 2.6844e-02, PNorm = 84.6111, GNorm = 1.8957, lr_0 = 6.1655e-04
Loss = 2.9735e-02, PNorm = 84.6316, GNorm = 1.3598, lr_0 = 6.1655e-04
Loss = 2.5844e-02, PNorm = 84.6487, GNorm = 0.4222, lr_0 = 6.1655e-04
Loss = 2.9815e-02, PNorm = 84.6645, GNorm = 1.0945, lr_0 = 6.1655e-04
Loss = 2.9423e-02, PNorm = 84.6862, GNorm = 1.2466, lr_0 = 6.1655e-04
Loss = 2.4103e-02, PNorm = 84.7141, GNorm = 0.6267, lr_0 = 6.1655e-04
Loss = 2.6005e-02, PNorm = 84.7345, GNorm = 0.6770, lr_0 = 6.1655e-04
Loss = 3.5995e-02, PNorm = 84.7620, GNorm = 0.5486, lr_0 = 6.1655e-04
Loss = 2.5763e-02, PNorm = 84.7868, GNorm = 0.6982, lr_0 = 6.1655e-04
Loss = 2.2346e-02, PNorm = 84.8043, GNorm = 0.6148, lr_0 = 6.1655e-04
Loss = 2.5312e-02, PNorm = 84.8221, GNorm = 0.8584, lr_0 = 6.1655e-04
Loss = 2.6271e-02, PNorm = 84.8393, GNorm = 1.4816, lr_0 = 6.1655e-04
Loss = 2.8182e-02, PNorm = 84.8607, GNorm = 1.0182, lr_0 = 6.1655e-04
Validation rmse = 31.301896
Epoch 21
Loss = 2.5609e-02, PNorm = 84.8815, GNorm = 0.7977, lr_0 = 6.1655e-04
Loss = 2.4654e-02, PNorm = 84.9005, GNorm = 1.0376, lr_0 = 6.1655e-04
Loss = 2.0549e-02, PNorm = 84.9156, GNorm = 0.6072, lr_0 = 6.1655e-04
Loss = 2.3299e-02, PNorm = 84.9369, GNorm = 0.7015, lr_0 = 6.1655e-04
Loss = 2.0382e-02, PNorm = 84.9670, GNorm = 0.4375, lr_0 = 6.1655e-04
Loss = 2.3313e-02, PNorm = 84.9836, GNorm = 0.8699, lr_0 = 6.1655e-04
Loss = 1.9913e-02, PNorm = 85.0035, GNorm = 0.5346, lr_0 = 6.1655e-04
Loss = 2.2637e-02, PNorm = 85.0202, GNorm = 0.6172, lr_0 = 6.1655e-04
Loss = 2.1641e-02, PNorm = 85.0353, GNorm = 0.7102, lr_0 = 6.1655e-04
Loss = 2.7002e-02, PNorm = 85.0531, GNorm = 0.6283, lr_0 = 6.1655e-04
Loss = 2.4023e-02, PNorm = 85.0740, GNorm = 0.5701, lr_0 = 6.1655e-04
Loss = 2.1336e-02, PNorm = 85.0933, GNorm = 0.5200, lr_0 = 6.1655e-04
Loss = 2.9539e-02, PNorm = 85.1084, GNorm = 1.3522, lr_0 = 6.1655e-04
Loss = 3.1093e-02, PNorm = 85.1312, GNorm = 0.5314, lr_0 = 6.1655e-04
Validation rmse = 33.321044
Epoch 22
Loss = 2.6694e-02, PNorm = 85.1566, GNorm = 0.4906, lr_0 = 6.1655e-04
Loss = 2.2294e-02, PNorm = 85.1847, GNorm = 0.8238, lr_0 = 6.1655e-04
Loss = 2.1257e-02, PNorm = 85.2015, GNorm = 1.1551, lr_0 = 6.1655e-04
Loss = 2.2458e-02, PNorm = 85.2194, GNorm = 0.5420, lr_0 = 6.1655e-04
Loss = 1.9906e-02, PNorm = 85.2341, GNorm = 0.4945, lr_0 = 6.1655e-04
Loss = 2.0095e-02, PNorm = 85.2504, GNorm = 1.0269, lr_0 = 6.1655e-04
Loss = 1.9516e-02, PNorm = 85.2599, GNorm = 0.7095, lr_0 = 6.1655e-04
Loss = 2.0048e-02, PNorm = 85.2756, GNorm = 0.3237, lr_0 = 6.1655e-04
Loss = 1.9597e-02, PNorm = 85.2955, GNorm = 0.5248, lr_0 = 6.1655e-04
Loss = 2.2565e-02, PNorm = 85.3059, GNorm = 0.6023, lr_0 = 6.1655e-04
Loss = 2.8778e-02, PNorm = 85.3252, GNorm = 0.6107, lr_0 = 6.1655e-04
Loss = 2.6177e-02, PNorm = 85.3461, GNorm = 0.6899, lr_0 = 6.1655e-04
Loss = 2.1909e-02, PNorm = 85.3721, GNorm = 0.9658, lr_0 = 6.1655e-04
Loss = 2.1522e-02, PNorm = 85.3869, GNorm = 1.2951, lr_0 = 6.1655e-04
Loss = 2.3444e-02, PNorm = 85.4023, GNorm = 0.3164, lr_0 = 6.1655e-04
Validation rmse = 29.349756
Epoch 23
Loss = 2.0761e-02, PNorm = 85.4165, GNorm = 0.3071, lr_0 = 6.1655e-04
Loss = 1.8514e-02, PNorm = 85.4358, GNorm = 0.3680, lr_0 = 6.1655e-04
Loss = 1.9143e-02, PNorm = 85.4624, GNorm = 0.9237, lr_0 = 6.1655e-04
Loss = 1.9315e-02, PNorm = 85.4876, GNorm = 0.8754, lr_0 = 6.1655e-04
Loss = 2.7059e-02, PNorm = 85.5017, GNorm = 1.3444, lr_0 = 6.1655e-04
Loss = 2.5819e-02, PNorm = 85.5275, GNorm = 1.4339, lr_0 = 6.1655e-04
Loss = 2.5819e-02, PNorm = 85.5536, GNorm = 1.1308, lr_0 = 6.1655e-04
Loss = 2.0467e-02, PNorm = 85.5779, GNorm = 0.4397, lr_0 = 6.1655e-04
Loss = 1.7508e-02, PNorm = 85.5928, GNorm = 0.3286, lr_0 = 6.1655e-04
Loss = 1.6129e-02, PNorm = 85.6081, GNorm = 0.7029, lr_0 = 6.1655e-04
Loss = 2.1017e-02, PNorm = 85.6306, GNorm = 1.5709, lr_0 = 6.1655e-04
Loss = 3.1695e-02, PNorm = 85.6543, GNorm = 0.8184, lr_0 = 6.1655e-04
Loss = 2.9126e-02, PNorm = 85.6794, GNorm = 0.6008, lr_0 = 6.1655e-04
Loss = 2.1012e-02, PNorm = 85.7072, GNorm = 1.5550, lr_0 = 6.1655e-04
Validation rmse = 30.887002
Epoch 24
Loss = 2.1200e-02, PNorm = 85.7228, GNorm = 0.5000, lr_0 = 6.1655e-04
Loss = 1.9608e-02, PNorm = 85.7396, GNorm = 0.6604, lr_0 = 6.1655e-04
Loss = 2.3653e-02, PNorm = 85.7620, GNorm = 1.1155, lr_0 = 6.1655e-04
Loss = 2.1411e-02, PNorm = 85.7796, GNorm = 1.0062, lr_0 = 6.1655e-04
Loss = 1.8936e-02, PNorm = 85.7925, GNorm = 0.7071, lr_0 = 6.1655e-04
Loss = 1.7335e-02, PNorm = 85.8092, GNorm = 0.6757, lr_0 = 6.1655e-04
Loss = 1.8483e-02, PNorm = 85.8321, GNorm = 0.6869, lr_0 = 6.1655e-04
Loss = 1.7856e-02, PNorm = 85.8526, GNorm = 1.0894, lr_0 = 6.1655e-04
Loss = 1.6783e-02, PNorm = 85.8698, GNorm = 0.7784, lr_0 = 6.1655e-04
Loss = 1.8989e-02, PNorm = 85.8823, GNorm = 0.3807, lr_0 = 6.1655e-04
Loss = 2.3611e-02, PNorm = 85.8970, GNorm = 0.9523, lr_0 = 6.1655e-04
Loss = 1.7538e-02, PNorm = 85.9139, GNorm = 0.8178, lr_0 = 6.1655e-04
Loss = 2.0083e-02, PNorm = 85.9285, GNorm = 1.7139, lr_0 = 6.1655e-04
Loss = 2.0662e-02, PNorm = 85.9540, GNorm = 0.5879, lr_0 = 6.1655e-04
Validation rmse = 29.218033
Epoch 25
Loss = 1.9138e-02, PNorm = 85.9702, GNorm = 0.7551, lr_0 = 6.1655e-04
Loss = 1.7792e-02, PNorm = 85.9860, GNorm = 0.3161, lr_0 = 6.1655e-04
Loss = 1.6897e-02, PNorm = 85.9972, GNorm = 0.6942, lr_0 = 6.1655e-04
Loss = 1.9500e-02, PNorm = 86.0153, GNorm = 0.4194, lr_0 = 6.1655e-04
Loss = 1.6171e-02, PNorm = 86.0377, GNorm = 0.5817, lr_0 = 6.1655e-04
Loss = 2.0568e-02, PNorm = 86.0566, GNorm = 0.6656, lr_0 = 6.1655e-04
Loss = 1.9396e-02, PNorm = 86.0755, GNorm = 0.6508, lr_0 = 6.1655e-04
Loss = 1.9185e-02, PNorm = 86.0963, GNorm = 0.8536, lr_0 = 6.1655e-04
Loss = 1.7310e-02, PNorm = 86.1135, GNorm = 0.7289, lr_0 = 6.1655e-04
Loss = 1.9309e-02, PNorm = 86.1313, GNorm = 0.3680, lr_0 = 6.1655e-04
Loss = 2.3529e-02, PNorm = 86.1525, GNorm = 1.4951, lr_0 = 6.1655e-04
Loss = 1.9614e-02, PNorm = 86.1704, GNorm = 0.7793, lr_0 = 6.1655e-04
Loss = 2.9438e-02, PNorm = 86.1888, GNorm = 1.1543, lr_0 = 6.1655e-04
Loss = 3.3957e-02, PNorm = 86.2274, GNorm = 1.2299, lr_0 = 6.1655e-04
Loss = 2.5732e-02, PNorm = 86.2636, GNorm = 0.4109, lr_0 = 6.1655e-04
Validation rmse = 30.455291
Epoch 26
Loss = 2.1651e-02, PNorm = 86.2885, GNorm = 0.5438, lr_0 = 6.1655e-04
Loss = 2.4297e-02, PNorm = 86.3169, GNorm = 0.3718, lr_0 = 6.1655e-04
Loss = 2.0217e-02, PNorm = 86.3395, GNorm = 0.5638, lr_0 = 6.1655e-04
Loss = 2.1566e-02, PNorm = 86.3638, GNorm = 0.5183, lr_0 = 6.1655e-04
Loss = 1.6696e-02, PNorm = 86.3833, GNorm = 0.8493, lr_0 = 6.1655e-04
Loss = 1.7316e-02, PNorm = 86.4032, GNorm = 0.3782, lr_0 = 6.1655e-04
Loss = 1.9136e-02, PNorm = 86.4260, GNorm = 0.4117, lr_0 = 6.1655e-04
Loss = 2.2645e-02, PNorm = 86.4423, GNorm = 0.3270, lr_0 = 6.1655e-04
Loss = 2.1902e-02, PNorm = 86.4701, GNorm = 0.3189, lr_0 = 6.1655e-04
Loss = 1.6485e-02, PNorm = 86.4896, GNorm = 0.4028, lr_0 = 6.1655e-04
Loss = 2.0728e-02, PNorm = 86.5096, GNorm = 0.3670, lr_0 = 6.1655e-04
Loss = 1.7659e-02, PNorm = 86.5266, GNorm = 0.7614, lr_0 = 6.1655e-04
Loss = 1.5095e-02, PNorm = 86.5369, GNorm = 0.3648, lr_0 = 6.1655e-04
Loss = 1.7528e-02, PNorm = 86.5633, GNorm = 0.7029, lr_0 = 6.1655e-04
Validation rmse = 29.474273
Epoch 27
Loss = 1.1689e-02, PNorm = 86.5827, GNorm = 0.4762, lr_0 = 6.1655e-04
Loss = 1.3092e-02, PNorm = 86.5973, GNorm = 0.4808, lr_0 = 6.1655e-04
Loss = 1.7886e-02, PNorm = 86.6107, GNorm = 0.7942, lr_0 = 6.1655e-04
Loss = 1.9515e-02, PNorm = 86.6272, GNorm = 1.0434, lr_0 = 6.1655e-04
Loss = 1.9033e-02, PNorm = 86.6456, GNorm = 0.5688, lr_0 = 6.1655e-04
Loss = 2.4678e-02, PNorm = 86.6652, GNorm = 1.4987, lr_0 = 6.1655e-04
Loss = 2.5311e-02, PNorm = 86.6916, GNorm = 1.0147, lr_0 = 6.1655e-04
Loss = 2.3770e-02, PNorm = 86.7125, GNorm = 0.3137, lr_0 = 6.1655e-04
Loss = 1.7948e-02, PNorm = 86.7346, GNorm = 0.6192, lr_0 = 6.1655e-04
Loss = 1.7117e-02, PNorm = 86.7533, GNorm = 0.3099, lr_0 = 6.1655e-04
Loss = 2.7340e-02, PNorm = 86.7813, GNorm = 1.4683, lr_0 = 6.1655e-04
Loss = 2.2008e-02, PNorm = 86.8051, GNorm = 0.6127, lr_0 = 6.1655e-04
Loss = 1.5624e-02, PNorm = 86.8281, GNorm = 0.9009, lr_0 = 6.1655e-04
Loss = 1.6960e-02, PNorm = 86.8494, GNorm = 0.7281, lr_0 = 6.1655e-04
Loss = 2.0829e-02, PNorm = 86.8662, GNorm = 1.0869, lr_0 = 6.1655e-04
Validation rmse = 29.801689
Epoch 28
Loss = 1.7818e-02, PNorm = 86.8828, GNorm = 0.7074, lr_0 = 6.1655e-04
Loss = 1.6098e-02, PNorm = 86.9039, GNorm = 0.4842, lr_0 = 6.1655e-04
Loss = 2.0791e-02, PNorm = 86.9197, GNorm = 0.6249, lr_0 = 6.1655e-04
Loss = 1.9702e-02, PNorm = 86.9420, GNorm = 0.5316, lr_0 = 6.1655e-04
Loss = 1.9559e-02, PNorm = 86.9662, GNorm = 0.7785, lr_0 = 6.1655e-04
Loss = 2.3746e-02, PNorm = 86.9838, GNorm = 1.3472, lr_0 = 6.1655e-04
Loss = 2.1612e-02, PNorm = 87.0058, GNorm = 1.3312, lr_0 = 6.1655e-04
Loss = 3.1380e-02, PNorm = 87.0314, GNorm = 1.2437, lr_0 = 6.1655e-04
Loss = 2.1472e-02, PNorm = 87.0686, GNorm = 0.3663, lr_0 = 6.1655e-04
Loss = 2.3414e-02, PNorm = 87.0981, GNorm = 0.6313, lr_0 = 6.1655e-04
Loss = 1.7971e-02, PNorm = 87.1223, GNorm = 0.4416, lr_0 = 6.1655e-04
Loss = 2.0647e-02, PNorm = 87.1461, GNorm = 0.4889, lr_0 = 6.1655e-04
Loss = 1.9446e-02, PNorm = 87.1655, GNorm = 0.4482, lr_0 = 6.1655e-04
Loss = 1.6014e-02, PNorm = 87.1883, GNorm = 0.4358, lr_0 = 6.1655e-04
Validation rmse = 28.726548
Epoch 29
Loss = 1.5417e-02, PNorm = 87.2082, GNorm = 0.2730, lr_0 = 6.1655e-04
Loss = 1.2908e-02, PNorm = 87.2249, GNorm = 0.4934, lr_0 = 6.1655e-04
Loss = 1.3662e-02, PNorm = 87.2407, GNorm = 0.3374, lr_0 = 6.1655e-04
Loss = 1.2058e-02, PNorm = 87.2533, GNorm = 0.3848, lr_0 = 6.1655e-04
Loss = 1.1775e-02, PNorm = 87.2657, GNorm = 0.4610, lr_0 = 6.1655e-04
Loss = 1.5136e-02, PNorm = 87.2835, GNorm = 0.4542, lr_0 = 6.1655e-04
Loss = 1.4245e-02, PNorm = 87.2945, GNorm = 0.6387, lr_0 = 6.1655e-04
Loss = 1.2818e-02, PNorm = 87.3092, GNorm = 0.3047, lr_0 = 6.1655e-04
Loss = 1.4131e-02, PNorm = 87.3178, GNorm = 0.5842, lr_0 = 6.1655e-04
Loss = 1.8480e-02, PNorm = 87.3339, GNorm = 1.2756, lr_0 = 6.1655e-04
Loss = 1.7065e-02, PNorm = 87.3593, GNorm = 0.4625, lr_0 = 6.1655e-04
Loss = 1.5771e-02, PNorm = 87.3832, GNorm = 0.5763, lr_0 = 6.1655e-04
Loss = 1.7771e-02, PNorm = 87.3924, GNorm = 0.5201, lr_0 = 6.1655e-04
Loss = 1.6965e-02, PNorm = 87.4086, GNorm = 0.4007, lr_0 = 6.1655e-04
Validation rmse = 29.735560
Epoch 30
Loss = 1.9962e-02, PNorm = 87.4328, GNorm = 1.4601, lr_0 = 6.1655e-04
Loss = 1.8980e-02, PNorm = 87.4551, GNorm = 0.5132, lr_0 = 6.1655e-04
Loss = 1.6492e-02, PNorm = 87.4696, GNorm = 0.5351, lr_0 = 6.1655e-04
Loss = 1.4307e-02, PNorm = 87.4841, GNorm = 0.6171, lr_0 = 6.1655e-04
Loss = 1.4150e-02, PNorm = 87.5021, GNorm = 1.0154, lr_0 = 6.1655e-04
Loss = 1.9551e-02, PNorm = 87.5223, GNorm = 0.9753, lr_0 = 6.1655e-04
Loss = 2.2280e-02, PNorm = 87.5333, GNorm = 0.7164, lr_0 = 6.1655e-04
Loss = 1.8402e-02, PNorm = 87.5713, GNorm = 0.5951, lr_0 = 6.1655e-04
Loss = 1.4651e-02, PNorm = 87.6013, GNorm = 0.3250, lr_0 = 6.1655e-04
Loss = 1.4468e-02, PNorm = 87.6179, GNorm = 0.5033, lr_0 = 6.1655e-04
Loss = 1.3900e-02, PNorm = 87.6332, GNorm = 0.3300, lr_0 = 6.1655e-04
Loss = 1.4947e-02, PNorm = 87.6522, GNorm = 0.2802, lr_0 = 6.1655e-04
Loss = 1.2893e-02, PNorm = 87.6642, GNorm = 0.7707, lr_0 = 6.1655e-04
Loss = 1.7281e-02, PNorm = 87.6765, GNorm = 1.5326, lr_0 = 6.1655e-04
Loss = 1.9620e-02, PNorm = 87.7015, GNorm = 0.4876, lr_0 = 6.1655e-04
Validation rmse = 28.748146
Epoch 31
Loss = 1.8891e-02, PNorm = 87.7271, GNorm = 0.2760, lr_0 = 6.1655e-04
Loss = 1.5891e-02, PNorm = 87.7492, GNorm = 0.3965, lr_0 = 6.1655e-04
Loss = 1.3647e-02, PNorm = 87.7700, GNorm = 0.6003, lr_0 = 6.1655e-04
Loss = 1.3881e-02, PNorm = 87.7894, GNorm = 0.8743, lr_0 = 6.1655e-04
Loss = 1.6476e-02, PNorm = 87.8118, GNorm = 0.7424, lr_0 = 6.1655e-04
Loss = 1.5736e-02, PNorm = 87.8293, GNorm = 0.6245, lr_0 = 6.1655e-04
Loss = 1.7625e-02, PNorm = 87.8486, GNorm = 0.3769, lr_0 = 6.1655e-04
Loss = 2.0805e-02, PNorm = 87.8651, GNorm = 0.8890, lr_0 = 6.1655e-04
Loss = 1.7020e-02, PNorm = 87.8876, GNorm = 0.2614, lr_0 = 6.1655e-04
Loss = 2.1235e-02, PNorm = 87.9208, GNorm = 0.4176, lr_0 = 6.1655e-04
Loss = 1.8603e-02, PNorm = 87.9471, GNorm = 0.6931, lr_0 = 6.1655e-04
Loss = 1.8632e-02, PNorm = 87.9690, GNorm = 0.7832, lr_0 = 6.1655e-04
Loss = 1.6339e-02, PNorm = 88.0065, GNorm = 0.3957, lr_0 = 6.1655e-04
Loss = 1.7236e-02, PNorm = 88.0326, GNorm = 1.0138, lr_0 = 6.1655e-04
Validation rmse = 28.197390
Epoch 32
Loss = 1.4054e-02, PNorm = 88.0528, GNorm = 0.4213, lr_0 = 6.1655e-04
Loss = 1.2452e-02, PNorm = 88.0710, GNorm = 0.2282, lr_0 = 6.1655e-04
Loss = 1.8736e-02, PNorm = 88.0872, GNorm = 0.6514, lr_0 = 6.1655e-04
Loss = 2.1319e-02, PNorm = 88.1070, GNorm = 0.6881, lr_0 = 6.1655e-04
Loss = 1.7270e-02, PNorm = 88.1348, GNorm = 0.5114, lr_0 = 6.1655e-04
Loss = 1.3374e-02, PNorm = 88.1500, GNorm = 0.6644, lr_0 = 6.1655e-04
Loss = 1.3096e-02, PNorm = 88.1659, GNorm = 0.6497, lr_0 = 6.1655e-04
Loss = 1.5085e-02, PNorm = 88.1818, GNorm = 0.3886, lr_0 = 6.1655e-04
Loss = 1.2712e-02, PNorm = 88.2008, GNorm = 0.2761, lr_0 = 6.1655e-04
Loss = 1.1832e-02, PNorm = 88.2113, GNorm = 0.2292, lr_0 = 6.1655e-04
Loss = 1.3039e-02, PNorm = 88.2263, GNorm = 0.2614, lr_0 = 6.1655e-04
Loss = 1.4133e-02, PNorm = 88.2459, GNorm = 0.8168, lr_0 = 6.1655e-04
Loss = 1.6322e-02, PNorm = 88.2651, GNorm = 0.8326, lr_0 = 6.1655e-04
Loss = 1.7274e-02, PNorm = 88.2862, GNorm = 0.4409, lr_0 = 6.1655e-04
Validation rmse = 29.771973
Epoch 33
Loss = 1.5686e-02, PNorm = 88.3070, GNorm = 0.7040, lr_0 = 6.1655e-04
Loss = 1.4767e-02, PNorm = 88.3294, GNorm = 0.3407, lr_0 = 6.1655e-04
Loss = 1.4505e-02, PNorm = 88.3525, GNorm = 0.7427, lr_0 = 6.1655e-04
Loss = 1.4177e-02, PNorm = 88.3692, GNorm = 0.7394, lr_0 = 6.1655e-04
Loss = 1.5753e-02, PNorm = 88.3889, GNorm = 0.7822, lr_0 = 6.1655e-04
Loss = 1.3578e-02, PNorm = 88.4056, GNorm = 0.3096, lr_0 = 6.1655e-04
Loss = 1.5334e-02, PNorm = 88.4251, GNorm = 0.6527, lr_0 = 6.1655e-04
Loss = 1.8086e-02, PNorm = 88.4518, GNorm = 0.4579, lr_0 = 6.1655e-04
Loss = 1.8472e-02, PNorm = 88.4747, GNorm = 0.9197, lr_0 = 6.1655e-04
Loss = 1.6814e-02, PNorm = 88.5045, GNorm = 0.3173, lr_0 = 6.1655e-04
Loss = 1.7996e-02, PNorm = 88.5316, GNorm = 0.8426, lr_0 = 6.1655e-04
Loss = 1.9354e-02, PNorm = 88.5505, GNorm = 0.9261, lr_0 = 6.1655e-04
Loss = 1.5203e-02, PNorm = 88.5690, GNorm = 0.6315, lr_0 = 6.1655e-04
Loss = 1.5502e-02, PNorm = 88.5867, GNorm = 0.4636, lr_0 = 6.1655e-04
Loss = 1.4131e-02, PNorm = 88.6153, GNorm = 0.5353, lr_0 = 6.1655e-04
Validation rmse = 29.788513
Epoch 34
Loss = 1.2942e-02, PNorm = 88.6307, GNorm = 0.4679, lr_0 = 6.1655e-04
Loss = 1.9339e-02, PNorm = 88.6515, GNorm = 0.2775, lr_0 = 6.1655e-04
Loss = 1.9007e-02, PNorm = 88.6801, GNorm = 0.4634, lr_0 = 6.1655e-04
Loss = 1.4545e-02, PNorm = 88.7107, GNorm = 0.2967, lr_0 = 6.1655e-04
Loss = 1.5375e-02, PNorm = 88.7358, GNorm = 0.4052, lr_0 = 6.1655e-04
Loss = 1.2359e-02, PNorm = 88.7542, GNorm = 0.2588, lr_0 = 6.1655e-04
Loss = 1.1153e-02, PNorm = 88.7757, GNorm = 0.3296, lr_0 = 6.1655e-04
Loss = 1.2732e-02, PNorm = 88.7901, GNorm = 0.4304, lr_0 = 6.1655e-04
Loss = 1.4294e-02, PNorm = 88.8051, GNorm = 0.5651, lr_0 = 6.1655e-04
Loss = 1.3464e-02, PNorm = 88.8220, GNorm = 0.6914, lr_0 = 6.1655e-04
Loss = 1.2079e-02, PNorm = 88.8356, GNorm = 0.4893, lr_0 = 6.1655e-04
Loss = 1.1764e-02, PNorm = 88.8517, GNorm = 0.3094, lr_0 = 6.1655e-04
Loss = 1.2784e-02, PNorm = 88.8689, GNorm = 0.2856, lr_0 = 6.1655e-04
Loss = 1.4762e-02, PNorm = 88.8867, GNorm = 0.3747, lr_0 = 6.1655e-04
Validation rmse = 29.541331
Epoch 35
Loss = 1.4651e-02, PNorm = 88.9084, GNorm = 0.5372, lr_0 = 6.1655e-04
Loss = 1.1196e-02, PNorm = 88.9260, GNorm = 0.2689, lr_0 = 6.1655e-04
Loss = 1.1323e-02, PNorm = 88.9385, GNorm = 0.3186, lr_0 = 6.1655e-04
Loss = 1.1999e-02, PNorm = 88.9575, GNorm = 0.5443, lr_0 = 6.1655e-04
Loss = 1.2213e-02, PNorm = 88.9775, GNorm = 0.4966, lr_0 = 6.1655e-04
Loss = 1.1450e-02, PNorm = 88.9979, GNorm = 0.5395, lr_0 = 6.1655e-04
Loss = 1.2563e-02, PNorm = 89.0130, GNorm = 0.5134, lr_0 = 6.1655e-04
Loss = 1.1598e-02, PNorm = 89.0240, GNorm = 0.3481, lr_0 = 6.1655e-04
Loss = 1.3548e-02, PNorm = 89.0403, GNorm = 0.4578, lr_0 = 6.1655e-04
Loss = 1.4313e-02, PNorm = 89.0602, GNorm = 0.4987, lr_0 = 6.1655e-04
Loss = 1.4253e-02, PNorm = 89.0804, GNorm = 0.5512, lr_0 = 6.1655e-04
Loss = 1.2730e-02, PNorm = 89.1037, GNorm = 0.6648, lr_0 = 6.1655e-04
Loss = 1.2695e-02, PNorm = 89.1323, GNorm = 0.3010, lr_0 = 6.1655e-04
Loss = 1.1442e-02, PNorm = 89.1518, GNorm = 0.3519, lr_0 = 6.1655e-04
Loss = 1.2796e-02, PNorm = 89.1732, GNorm = 0.7784, lr_0 = 6.1655e-04
Validation rmse = 27.800360
Epoch 36
Loss = 1.2023e-02, PNorm = 89.1943, GNorm = 0.5796, lr_0 = 6.1655e-04
Loss = 1.2947e-02, PNorm = 89.2088, GNorm = 0.8986, lr_0 = 6.1655e-04
Loss = 1.4018e-02, PNorm = 89.2438, GNorm = 0.4703, lr_0 = 6.1655e-04
Loss = 1.9216e-02, PNorm = 89.2645, GNorm = 0.4318, lr_0 = 6.1655e-04
Loss = 1.4242e-02, PNorm = 89.2845, GNorm = 0.3903, lr_0 = 6.1655e-04
Loss = 1.2771e-02, PNorm = 89.3123, GNorm = 0.2279, lr_0 = 6.1655e-04
Loss = 1.0602e-02, PNorm = 89.3313, GNorm = 0.4537, lr_0 = 6.1655e-04
Loss = 1.4652e-02, PNorm = 89.3481, GNorm = 0.7881, lr_0 = 6.1655e-04
Loss = 1.2755e-02, PNorm = 89.3647, GNorm = 0.8401, lr_0 = 6.1655e-04
Loss = 1.6946e-02, PNorm = 89.3822, GNorm = 0.6462, lr_0 = 6.1655e-04
Loss = 1.1462e-02, PNorm = 89.3974, GNorm = 0.3473, lr_0 = 6.1655e-04
Loss = 1.1860e-02, PNorm = 89.4166, GNorm = 0.6453, lr_0 = 6.1655e-04
Loss = 1.2367e-02, PNorm = 89.4373, GNorm = 0.3566, lr_0 = 6.1655e-04
Loss = 1.1899e-02, PNorm = 89.4569, GNorm = 0.2857, lr_0 = 6.1655e-04
Validation rmse = 28.224093
Epoch 37
Loss = 1.0375e-02, PNorm = 89.4725, GNorm = 0.3516, lr_0 = 6.1655e-04
Loss = 1.2059e-02, PNorm = 89.4933, GNorm = 0.3260, lr_0 = 6.1655e-04
Loss = 1.1173e-02, PNorm = 89.5080, GNorm = 0.3627, lr_0 = 6.1655e-04
Loss = 1.2683e-02, PNorm = 89.5328, GNorm = 0.3670, lr_0 = 6.1655e-04
Loss = 1.1816e-02, PNorm = 89.5539, GNorm = 0.5067, lr_0 = 6.1655e-04
Loss = 1.3499e-02, PNorm = 89.5723, GNorm = 0.2243, lr_0 = 6.1655e-04
Loss = 1.1539e-02, PNorm = 89.5959, GNorm = 0.3802, lr_0 = 6.1655e-04
Loss = 1.3708e-02, PNorm = 89.6182, GNorm = 1.1072, lr_0 = 6.1655e-04
Loss = 1.4835e-02, PNorm = 89.6326, GNorm = 0.6849, lr_0 = 6.1655e-04
Loss = 1.3220e-02, PNorm = 89.6587, GNorm = 0.3266, lr_0 = 6.1655e-04
Loss = 1.2669e-02, PNorm = 89.6760, GNorm = 0.3052, lr_0 = 6.1655e-04
Loss = 1.1327e-02, PNorm = 89.6923, GNorm = 0.2229, lr_0 = 6.1655e-04
Loss = 1.3768e-02, PNorm = 89.7126, GNorm = 0.4056, lr_0 = 6.1655e-04
Loss = 1.2221e-02, PNorm = 89.7296, GNorm = 0.5226, lr_0 = 6.1655e-04
Validation rmse = 30.177976
Epoch 38
Loss = 1.1803e-02, PNorm = 89.7579, GNorm = 0.3174, lr_0 = 6.1655e-04
Loss = 1.4673e-02, PNorm = 89.7960, GNorm = 0.1878, lr_0 = 6.1655e-04
Loss = 1.9765e-02, PNorm = 89.8129, GNorm = 0.6388, lr_0 = 6.1655e-04
Loss = 2.2046e-02, PNorm = 89.8517, GNorm = 0.5172, lr_0 = 6.1655e-04
Loss = 1.9313e-02, PNorm = 89.9015, GNorm = 0.6498, lr_0 = 6.1655e-04
Loss = 1.3609e-02, PNorm = 89.9390, GNorm = 0.3652, lr_0 = 6.1655e-04
Loss = 1.1739e-02, PNorm = 89.9693, GNorm = 0.3493, lr_0 = 6.1655e-04
Loss = 1.3156e-02, PNorm = 89.9877, GNorm = 0.5638, lr_0 = 6.1655e-04
Loss = 1.1295e-02, PNorm = 90.0059, GNorm = 0.5952, lr_0 = 6.1655e-04
Loss = 2.6567e-02, PNorm = 90.0258, GNorm = 0.9857, lr_0 = 6.1655e-04
Loss = 1.9536e-02, PNorm = 90.0645, GNorm = 0.5183, lr_0 = 6.1655e-04
Loss = 1.8416e-02, PNorm = 90.1104, GNorm = 0.6729, lr_0 = 6.1655e-04
Loss = 1.8515e-02, PNorm = 90.1464, GNorm = 0.5249, lr_0 = 6.1655e-04
Loss = 1.8758e-02, PNorm = 90.1729, GNorm = 0.6839, lr_0 = 6.1655e-04
Loss = 2.0777e-02, PNorm = 90.2033, GNorm = 0.5431, lr_0 = 6.1655e-04
Validation rmse = 30.022590
Epoch 39
Loss = 2.2889e-02, PNorm = 90.2393, GNorm = 0.8912, lr_0 = 6.1655e-04
Loss = 1.7309e-02, PNorm = 90.2738, GNorm = 0.5206, lr_0 = 6.1655e-04
Loss = 2.0082e-02, PNorm = 90.3130, GNorm = 0.3857, lr_0 = 6.1655e-04
Loss = 1.7929e-02, PNorm = 90.3503, GNorm = 0.5861, lr_0 = 6.1655e-04
Loss = 2.0691e-02, PNorm = 90.3905, GNorm = 0.7185, lr_0 = 6.1655e-04
Loss = 2.0578e-02, PNorm = 90.4405, GNorm = 0.6163, lr_0 = 6.1655e-04
Loss = 1.7294e-02, PNorm = 90.4779, GNorm = 0.4877, lr_0 = 6.1655e-04
Loss = 1.5490e-02, PNorm = 90.5117, GNorm = 0.3425, lr_0 = 6.1655e-04
Loss = 1.4419e-02, PNorm = 90.5489, GNorm = 0.7402, lr_0 = 6.1655e-04
Loss = 1.6556e-02, PNorm = 90.5828, GNorm = 0.5555, lr_0 = 6.1655e-04
Loss = 1.3824e-02, PNorm = 90.6170, GNorm = 0.2961, lr_0 = 6.1655e-04
Loss = 1.5697e-02, PNorm = 90.6475, GNorm = 0.3987, lr_0 = 6.1655e-04
Loss = 1.3509e-02, PNorm = 90.6771, GNorm = 0.5836, lr_0 = 6.1655e-04
Loss = 1.2464e-02, PNorm = 90.7025, GNorm = 0.5862, lr_0 = 6.1655e-04
Validation rmse = 28.549154
Epoch 40
Loss = 1.4060e-02, PNorm = 90.7195, GNorm = 0.7218, lr_0 = 6.1655e-04
Loss = 1.8610e-02, PNorm = 90.7515, GNorm = 0.9150, lr_0 = 6.1655e-04
Loss = 2.2860e-02, PNorm = 90.7981, GNorm = 0.8038, lr_0 = 6.1655e-04
Loss = 1.8299e-02, PNorm = 90.8355, GNorm = 0.2655, lr_0 = 6.1655e-04
Loss = 1.4061e-02, PNorm = 90.8677, GNorm = 0.3599, lr_0 = 6.1655e-04
Loss = 1.2362e-02, PNorm = 90.8961, GNorm = 0.2095, lr_0 = 6.1655e-04
Loss = 1.3012e-02, PNorm = 90.9198, GNorm = 0.3444, lr_0 = 6.1655e-04
Loss = 1.3236e-02, PNorm = 90.9511, GNorm = 0.4779, lr_0 = 6.1655e-04
Loss = 1.6716e-02, PNorm = 90.9735, GNorm = 0.6113, lr_0 = 6.1655e-04
Loss = 1.3843e-02, PNorm = 90.9995, GNorm = 0.5477, lr_0 = 6.1655e-04
Loss = 1.5255e-02, PNorm = 91.0319, GNorm = 0.3074, lr_0 = 6.1655e-04
Loss = 1.4746e-02, PNorm = 91.0542, GNorm = 0.3401, lr_0 = 6.1655e-04
Loss = 1.3311e-02, PNorm = 91.0806, GNorm = 0.2063, lr_0 = 6.1655e-04
Loss = 1.4302e-02, PNorm = 91.1095, GNorm = 0.3573, lr_0 = 6.1655e-04
Loss = 1.3430e-02, PNorm = 91.1269, GNorm = 0.2550, lr_0 = 6.1655e-04
Validation rmse = 29.739694
Epoch 41
Loss = 1.2771e-02, PNorm = 91.1579, GNorm = 0.4198, lr_0 = 6.1655e-04
Loss = 1.1509e-02, PNorm = 91.1776, GNorm = 0.5832, lr_0 = 6.1655e-04
Loss = 9.8238e-03, PNorm = 91.2010, GNorm = 0.2976, lr_0 = 6.1655e-04
Loss = 1.1406e-02, PNorm = 91.2148, GNorm = 0.7126, lr_0 = 6.1655e-04
Loss = 1.0238e-02, PNorm = 91.2303, GNorm = 0.2389, lr_0 = 6.1655e-04
Loss = 1.1557e-02, PNorm = 91.2523, GNorm = 0.2327, lr_0 = 6.1655e-04
Loss = 9.7592e-03, PNorm = 91.2744, GNorm = 0.3847, lr_0 = 6.1655e-04
Loss = 9.5806e-03, PNorm = 91.2866, GNorm = 0.2695, lr_0 = 6.1655e-04
Loss = 1.1101e-02, PNorm = 91.3064, GNorm = 0.3938, lr_0 = 6.1655e-04
Loss = 1.3560e-02, PNorm = 91.3313, GNorm = 0.5017, lr_0 = 6.1655e-04
Loss = 1.5967e-02, PNorm = 91.3525, GNorm = 0.3625, lr_0 = 6.1655e-04
Loss = 1.1858e-02, PNorm = 91.3736, GNorm = 0.6249, lr_0 = 6.1655e-04
Loss = 1.4124e-02, PNorm = 91.3915, GNorm = 0.4806, lr_0 = 6.1655e-04
Loss = 1.1478e-02, PNorm = 91.4142, GNorm = 0.3338, lr_0 = 6.1655e-04
Validation rmse = 28.007287
Epoch 42
Loss = 1.0355e-02, PNorm = 91.4414, GNorm = 0.1234, lr_0 = 6.1655e-04
Loss = 1.1324e-02, PNorm = 91.4565, GNorm = 0.3248, lr_0 = 6.1655e-04
Loss = 1.3468e-02, PNorm = 91.4746, GNorm = 0.8768, lr_0 = 6.1655e-04
Loss = 1.2086e-02, PNorm = 91.4999, GNorm = 0.1879, lr_0 = 6.1655e-04
Loss = 1.0414e-02, PNorm = 91.5221, GNorm = 0.2383, lr_0 = 6.1655e-04
Loss = 1.0416e-02, PNorm = 91.5441, GNorm = 0.1880, lr_0 = 6.1655e-04
Loss = 1.0295e-02, PNorm = 91.5662, GNorm = 0.3306, lr_0 = 6.1655e-04
Loss = 1.1041e-02, PNorm = 91.5840, GNorm = 0.2298, lr_0 = 6.1655e-04
Loss = 1.1952e-02, PNorm = 91.5931, GNorm = 0.2275, lr_0 = 6.1655e-04
Loss = 1.1685e-02, PNorm = 91.6182, GNorm = 0.4933, lr_0 = 6.1655e-04
Loss = 1.5878e-02, PNorm = 91.6393, GNorm = 0.5916, lr_0 = 6.1655e-04
Loss = 1.3658e-02, PNorm = 91.6624, GNorm = 0.2758, lr_0 = 6.1655e-04
Loss = 1.3614e-02, PNorm = 91.6918, GNorm = 0.3654, lr_0 = 6.1655e-04
Loss = 1.4111e-02, PNorm = 91.7271, GNorm = 0.2881, lr_0 = 6.1655e-04
Validation rmse = 28.899256
Epoch 43
Loss = 1.0518e-02, PNorm = 91.7642, GNorm = 0.2477, lr_0 = 6.1655e-04
Loss = 1.3855e-02, PNorm = 91.8009, GNorm = 0.5168, lr_0 = 6.1655e-04
Loss = 1.1519e-02, PNorm = 91.8243, GNorm = 0.1865, lr_0 = 6.1655e-04
Loss = 9.7072e-03, PNorm = 91.8449, GNorm = 0.3031, lr_0 = 6.1655e-04
Loss = 1.0010e-02, PNorm = 91.8668, GNorm = 0.2494, lr_0 = 6.1655e-04
Loss = 1.0806e-02, PNorm = 91.8864, GNorm = 0.4927, lr_0 = 6.1655e-04
Loss = 1.0722e-02, PNorm = 91.9145, GNorm = 0.1984, lr_0 = 6.1655e-04
Loss = 1.7438e-02, PNorm = 91.9394, GNorm = 0.1900, lr_0 = 6.1655e-04
Loss = 1.5489e-02, PNorm = 91.9702, GNorm = 0.6941, lr_0 = 6.1655e-04
Loss = 1.6166e-02, PNorm = 92.0056, GNorm = 0.2546, lr_0 = 6.1655e-04
Loss = 1.5512e-02, PNorm = 92.0281, GNorm = 0.2421, lr_0 = 6.1655e-04
Loss = 1.1177e-02, PNorm = 92.0543, GNorm = 0.4319, lr_0 = 6.1655e-04
Loss = 1.0219e-02, PNorm = 92.0815, GNorm = 0.4556, lr_0 = 6.1655e-04
Loss = 1.1826e-02, PNorm = 92.1037, GNorm = 0.4133, lr_0 = 6.1655e-04
Loss = 1.1034e-02, PNorm = 92.1302, GNorm = 0.3196, lr_0 = 6.1655e-04
Validation rmse = 29.729180
Epoch 44
Loss = 8.1692e-03, PNorm = 92.1496, GNorm = 0.2000, lr_0 = 6.1655e-04
Loss = 9.3284e-03, PNorm = 92.1656, GNorm = 0.3940, lr_0 = 6.1655e-04
Loss = 8.8144e-03, PNorm = 92.1934, GNorm = 0.3640, lr_0 = 6.1655e-04
Loss = 1.0901e-02, PNorm = 92.2057, GNorm = 0.2039, lr_0 = 6.1655e-04
Loss = 9.7182e-03, PNorm = 92.2197, GNorm = 0.1371, lr_0 = 6.1655e-04
Loss = 8.6247e-03, PNorm = 92.2401, GNorm = 0.4657, lr_0 = 6.1655e-04
Loss = 9.3082e-03, PNorm = 92.2600, GNorm = 0.2238, lr_0 = 6.1655e-04
Loss = 9.6392e-03, PNorm = 92.2760, GNorm = 0.2524, lr_0 = 6.1655e-04
Loss = 8.9512e-03, PNorm = 92.2953, GNorm = 0.2286, lr_0 = 6.1655e-04
Loss = 1.0602e-02, PNorm = 92.3154, GNorm = 0.2107, lr_0 = 6.1655e-04
Loss = 1.0861e-02, PNorm = 92.3320, GNorm = 0.2402, lr_0 = 6.1655e-04
Loss = 1.0001e-02, PNorm = 92.3491, GNorm = 0.3569, lr_0 = 6.1655e-04
Loss = 9.3065e-03, PNorm = 92.3675, GNorm = 0.2697, lr_0 = 6.1655e-04
Loss = 9.8768e-03, PNorm = 92.3906, GNorm = 0.3260, lr_0 = 6.1655e-04
Validation rmse = 28.081527
Epoch 45
Loss = 9.6215e-03, PNorm = 92.4148, GNorm = 0.2427, lr_0 = 6.1655e-04
Loss = 7.7364e-03, PNorm = 92.4373, GNorm = 0.4112, lr_0 = 6.1655e-04
Loss = 8.6951e-03, PNorm = 92.4509, GNorm = 0.2553, lr_0 = 6.1655e-04
Loss = 8.9876e-03, PNorm = 92.4695, GNorm = 0.2417, lr_0 = 6.1655e-04
Loss = 9.5832e-03, PNorm = 92.4845, GNorm = 0.4782, lr_0 = 6.1655e-04
Loss = 9.4059e-03, PNorm = 92.5036, GNorm = 0.3784, lr_0 = 6.1655e-04
Loss = 1.0109e-02, PNorm = 92.5193, GNorm = 0.3757, lr_0 = 6.1655e-04
Loss = 1.2223e-02, PNorm = 92.5405, GNorm = 0.4633, lr_0 = 6.1655e-04
Loss = 1.2284e-02, PNorm = 92.5726, GNorm = 0.6476, lr_0 = 6.1655e-04
Loss = 1.7012e-02, PNorm = 92.5931, GNorm = 0.3470, lr_0 = 6.1655e-04
Loss = 1.3156e-02, PNorm = 92.6202, GNorm = 0.5156, lr_0 = 6.1655e-04
Loss = 1.6171e-02, PNorm = 92.6522, GNorm = 0.2906, lr_0 = 6.1655e-04
Loss = 1.3642e-02, PNorm = 92.6906, GNorm = 0.4465, lr_0 = 6.1655e-04
Loss = 1.2045e-02, PNorm = 92.7218, GNorm = 0.3262, lr_0 = 6.1655e-04
Loss = 1.0735e-02, PNorm = 92.7434, GNorm = 0.2077, lr_0 = 6.1655e-04
Validation rmse = 28.756779
Epoch 46
Loss = 1.0436e-02, PNorm = 92.7692, GNorm = 0.1427, lr_0 = 6.1655e-04
Loss = 8.5440e-03, PNorm = 92.7965, GNorm = 0.3210, lr_0 = 6.1655e-04
Loss = 1.0519e-02, PNorm = 92.8013, GNorm = 0.3118, lr_0 = 6.1655e-04
Loss = 1.4063e-02, PNorm = 92.8283, GNorm = 0.6895, lr_0 = 6.1655e-04
Loss = 1.3349e-02, PNorm = 92.8636, GNorm = 0.4088, lr_0 = 6.1655e-04
Loss = 1.0719e-02, PNorm = 92.8874, GNorm = 0.2701, lr_0 = 6.1655e-04
Loss = 1.1160e-02, PNorm = 92.9181, GNorm = 0.2912, lr_0 = 6.1655e-04
Loss = 1.0757e-02, PNorm = 92.9386, GNorm = 0.3337, lr_0 = 6.1655e-04
Loss = 1.1423e-02, PNorm = 92.9646, GNorm = 0.6594, lr_0 = 6.1655e-04
Loss = 1.4788e-02, PNorm = 93.0015, GNorm = 0.4831, lr_0 = 6.1655e-04
Loss = 1.2257e-02, PNorm = 93.0280, GNorm = 0.2997, lr_0 = 6.1655e-04
Loss = 1.0862e-02, PNorm = 93.0538, GNorm = 0.3152, lr_0 = 6.1655e-04
Loss = 1.3330e-02, PNorm = 93.0849, GNorm = 0.4050, lr_0 = 6.1655e-04
Loss = 1.0436e-02, PNorm = 93.1133, GNorm = 0.3418, lr_0 = 6.1655e-04
Validation rmse = 29.263085
Epoch 47
Loss = 1.0645e-02, PNorm = 93.1371, GNorm = 0.2577, lr_0 = 6.1655e-04
Loss = 8.6845e-03, PNorm = 93.1610, GNorm = 0.6113, lr_0 = 6.1655e-04
Loss = 9.2480e-03, PNorm = 93.1870, GNorm = 0.1998, lr_0 = 6.1655e-04
Loss = 1.1131e-02, PNorm = 93.2135, GNorm = 0.2518, lr_0 = 6.1655e-04
Loss = 1.0969e-02, PNorm = 93.2354, GNorm = 0.3604, lr_0 = 6.1655e-04
Loss = 1.0941e-02, PNorm = 93.2522, GNorm = 0.2262, lr_0 = 6.1655e-04
Loss = 8.4916e-03, PNorm = 93.2683, GNorm = 0.2107, lr_0 = 6.1655e-04
Loss = 9.0934e-03, PNorm = 93.2873, GNorm = 0.2279, lr_0 = 6.1655e-04
Loss = 1.0980e-02, PNorm = 93.3016, GNorm = 0.5182, lr_0 = 6.1655e-04
Loss = 8.4099e-03, PNorm = 93.3206, GNorm = 0.3121, lr_0 = 6.1655e-04
Loss = 7.9839e-03, PNorm = 93.3387, GNorm = 0.3432, lr_0 = 6.1655e-04
Loss = 8.2132e-03, PNorm = 93.3554, GNorm = 0.3684, lr_0 = 6.1655e-04
Loss = 9.0935e-03, PNorm = 93.3731, GNorm = 0.2770, lr_0 = 6.1655e-04
Loss = 9.5893e-03, PNorm = 93.3906, GNorm = 0.3318, lr_0 = 6.1655e-04
Validation rmse = 28.136694
Epoch 48
Loss = 7.1439e-03, PNorm = 93.4025, GNorm = 0.1917, lr_0 = 6.1655e-04
Loss = 8.6300e-03, PNorm = 93.4200, GNorm = 0.3760, lr_0 = 6.1655e-04
Loss = 9.0001e-03, PNorm = 93.4378, GNorm = 0.4175, lr_0 = 6.1655e-04
Loss = 1.1281e-02, PNorm = 93.4626, GNorm = 0.6736, lr_0 = 6.1655e-04
Loss = 9.7363e-03, PNorm = 93.4857, GNorm = 0.2670, lr_0 = 6.1655e-04
Loss = 8.7473e-03, PNorm = 93.4986, GNorm = 0.1801, lr_0 = 6.1655e-04
Loss = 8.1537e-03, PNorm = 93.5160, GNorm = 0.3168, lr_0 = 6.1655e-04
Loss = 8.1656e-03, PNorm = 93.5354, GNorm = 0.1492, lr_0 = 6.1655e-04
Loss = 9.1294e-03, PNorm = 93.5539, GNorm = 0.3272, lr_0 = 6.1655e-04
Loss = 8.8401e-03, PNorm = 93.5749, GNorm = 0.2281, lr_0 = 6.1655e-04
Loss = 8.9951e-03, PNorm = 93.6008, GNorm = 0.1711, lr_0 = 6.1655e-04
Loss = 8.0787e-03, PNorm = 93.6259, GNorm = 0.2835, lr_0 = 6.1655e-04
Loss = 1.0187e-02, PNorm = 93.6455, GNorm = 0.1971, lr_0 = 6.1655e-04
Loss = 1.1312e-02, PNorm = 93.6737, GNorm = 0.2176, lr_0 = 6.1655e-04
Loss = 9.1386e-03, PNorm = 93.6944, GNorm = 0.2631, lr_0 = 6.1655e-04
Validation rmse = 27.207421
Epoch 49
Loss = 8.1960e-03, PNorm = 93.7236, GNorm = 0.1891, lr_0 = 6.1655e-04
Loss = 8.6052e-03, PNorm = 93.7408, GNorm = 0.3436, lr_0 = 6.1655e-04
Loss = 7.9217e-03, PNorm = 93.7574, GNorm = 0.3090, lr_0 = 6.1655e-04
Loss = 8.9819e-03, PNorm = 93.7762, GNorm = 0.2324, lr_0 = 6.1655e-04
Loss = 8.1981e-03, PNorm = 93.7917, GNorm = 0.1747, lr_0 = 6.1655e-04
Loss = 9.0939e-03, PNorm = 93.8127, GNorm = 0.1675, lr_0 = 6.1655e-04
Loss = 7.4828e-03, PNorm = 93.8291, GNorm = 0.1812, lr_0 = 6.1655e-04
Loss = 7.7780e-03, PNorm = 93.8471, GNorm = 0.1785, lr_0 = 6.1655e-04
Loss = 6.8202e-03, PNorm = 93.8721, GNorm = 0.1812, lr_0 = 6.1655e-04
Loss = 6.9448e-03, PNorm = 93.8903, GNorm = 0.1706, lr_0 = 6.1655e-04
Loss = 7.8235e-03, PNorm = 93.9082, GNorm = 0.3136, lr_0 = 6.1655e-04
Loss = 8.9650e-03, PNorm = 93.9277, GNorm = 0.4230, lr_0 = 6.1655e-04
Loss = 9.6441e-03, PNorm = 93.9480, GNorm = 0.2054, lr_0 = 6.1655e-04
Loss = 9.4672e-03, PNorm = 93.9651, GNorm = 0.2001, lr_0 = 6.1655e-04
Validation rmse = 28.950266
Model 0 best validation rmse = 27.207421 on epoch 48
Loading pretrained parameter "encoder.encoder.0.cached_zero_vector".
Loading pretrained parameter "encoder.encoder.0.W_i.weight".
Loading pretrained parameter "encoder.encoder.0.W_h.weight".
Loading pretrained parameter "encoder.encoder.0.W_o.weight".
Loading pretrained parameter "encoder.encoder.0.W_o.bias".
Loading pretrained parameter "encoder.encoder.1.cached_zero_vector".
Loading pretrained parameter "encoder.encoder.1.W_i.weight".
Loading pretrained parameter "encoder.encoder.1.W_h.weight".
Loading pretrained parameter "encoder.encoder.1.W_o.weight".
Loading pretrained parameter "encoder.encoder.1.W_o.bias".
Loading pretrained parameter "ffn.1.weight".
Loading pretrained parameter "ffn.1.bias".
Loading pretrained parameter "ffn.4.weight".
Loading pretrained parameter "ffn.4.bias".
Loading pretrained parameter "ffn.7.weight".
Loading pretrained parameter "ffn.7.bias".
Moving model to cuda
Model 0 test rmse = 26.360124
Ensemble test rmse = 26.360124
1-fold cross validation
	Seed 0 ==> test rmse = 26.360124
Overall test rmse = 26.360124 +/- 0.000000
Elapsed time = 0:38:35
