Command line
python /home/kpg/chemprop/train.py --data_path ../../../data/splits/lambda_max_abs/deep4chem/group_by_smiles/smiles_target_train.csv --dataset_type regression --save_dir /home/kimele03/uvvisml/uvvisml/models/lambda_max_emi_checkpoints/scaffold/results/507112/49673085 --config_path /home/kimele03/uvvisml/uvvisml/models/lambda_max_emi_checkpoints/scaffold/results/507112/49673085/hyperopt.json --metric rmse --epochs 50 --gpu 0 --ensemble_size 1 --separate_val_path ../../../data/splits/lambda_max_abs/deep4chem/group_by_smiles/smiles_target_val.csv --separate_test_path ../../../data/splits/lambda_max_abs/deep4chem/group_by_smiles/smiles_target_test.csv --number_of_molecules 2
Args
{'activation': 'ReLU',
 'aggregation': 'mean',
 'aggregation_norm': 100,
 'atom_descriptor_scaling': True,
 'atom_descriptors': None,
 'atom_descriptors_path': None,
 'atom_descriptors_size': 0,
 'atom_features_size': 0,
 'atom_messages': False,
 'batch_size': 67,
 'bias': False,
 'bond_feature_scaling': True,
 'bond_features_path': None,
 'bond_features_size': 0,
 'cache_cutoff': 10000,
 'checkpoint_dir': None,
 'checkpoint_frzn': None,
 'checkpoint_path': None,
 'checkpoint_paths': None,
 'class_balance': False,
 'config_path': '/home/kimele03/uvvisml/uvvisml/models/lambda_max_emi_checkpoints/scaffold/results/507112/49673085/hyperopt.json',
 'crossval_index_dir': None,
 'crossval_index_file': None,
 'crossval_index_sets': None,
 'cuda': True,
 'data_path': '../../../data/splits/lambda_max_abs/deep4chem/group_by_smiles/smiles_target_train.csv',
 'data_weights_path': None,
 'dataset_type': 'regression',
 'depth': 4,
 'device': device(type='cuda', index=0),
 'dropout': 0.22097967292897816,
 'empty_cache': False,
 'ensemble_size': 1,
 'epochs': 50,
 'explicit_h': False,
 'extra_metrics': [],
 'features_generator': None,
 'features_only': False,
 'features_path': None,
 'features_scaling': True,
 'features_size': None,
 'ffn_hidden_size': 1441,
 'ffn_num_layers': 3,
 'final_lr': 0.0002918306782244623,
 'folds_file': None,
 'freeze_first_only': False,
 'frzn_ffn_layers': 0,
 'gpu': 0,
 'grad_clip': None,
 'hidden_size': 1705,
 'ignore_columns': None,
 'init_lr': 1.8338136864745543e-05,
 'log_frequency': 10,
 'max_data_size': None,
 'max_lr': 0.0002918306782244623,
 'metric': 'rmse',
 'metrics': ['rmse'],
 'minimize_score': True,
 'mpn_shared': False,
 'multiclass_num_classes': 3,
 'no_atom_descriptor_scaling': False,
 'no_bond_features_scaling': False,
 'no_cache_mol': False,
 'no_cuda': False,
 'no_features_scaling': False,
 'num_folds': 1,
 'num_lrs': 1,
 'num_tasks': 1,
 'num_workers': 8,
 'number_of_molecules': 2,
 'overwrite_default_atom_features': False,
 'overwrite_default_bond_features': False,
 'pytorch_seed': 0,
 'quiet': False,
 'reaction': False,
 'reaction_mode': 'reac_diff',
 'resume_experiment': False,
 'save_dir': '/home/kimele03/uvvisml/uvvisml/models/lambda_max_emi_checkpoints/scaffold/results/507112/49673085',
 'save_preds': False,
 'save_smiles_splits': False,
 'seed': 0,
 'separate_test_atom_descriptors_path': None,
 'separate_test_bond_features_path': None,
 'separate_test_features_path': None,
 'separate_test_path': '../../../data/splits/lambda_max_abs/deep4chem/group_by_smiles/smiles_target_test.csv',
 'separate_val_atom_descriptors_path': None,
 'separate_val_bond_features_path': None,
 'separate_val_features_path': None,
 'separate_val_path': '../../../data/splits/lambda_max_abs/deep4chem/group_by_smiles/smiles_target_val.csv',
 'show_individual_scores': False,
 'smiles_columns': ['smiles', 'solvent'],
 'split_sizes': (0.8, 0.1, 0.1),
 'split_type': 'random',
 'target_columns': None,
 'target_weights': None,
 'task_names': ['peakwavs_max'],
 'test': False,
 'test_fold_index': None,
 'train_data_size': None,
 'undirected': False,
 'use_input_features': False,
 'val_fold_index': None,
 'warmup_epochs': 2}
Loading data
Number of tasks = 1
Fold 0
Splitting data with seed 0
Total size = 13,242 | train size = 13,242 | val size = 1,633 | test size = 1,710
Fitting scaler
Building model 0
MoleculeModel(
  (encoder): MPN(
    (encoder): ModuleList(
      (0): MPNEncoder(
        (dropout_layer): Dropout(p=0.22097967292897816, inplace=False)
        (act_func): ReLU()
        (W_i): Linear(in_features=147, out_features=1705, bias=False)
        (W_h): Linear(in_features=1705, out_features=1705, bias=False)
        (W_o): Linear(in_features=1838, out_features=1705, bias=True)
      )
      (1): MPNEncoder(
        (dropout_layer): Dropout(p=0.22097967292897816, inplace=False)
        (act_func): ReLU()
        (W_i): Linear(in_features=147, out_features=1705, bias=False)
        (W_h): Linear(in_features=1705, out_features=1705, bias=False)
        (W_o): Linear(in_features=1838, out_features=1705, bias=True)
      )
    )
  )
  (ffn): Sequential(
    (0): Dropout(p=0.22097967292897816, inplace=False)
    (1): Linear(in_features=3410, out_features=1441, bias=True)
    (2): ReLU()
    (3): Dropout(p=0.22097967292897816, inplace=False)
    (4): Linear(in_features=1441, out_features=1441, bias=True)
    (5): ReLU()
    (6): Dropout(p=0.22097967292897816, inplace=False)
    (7): Linear(in_features=1441, out_features=1, bias=True)
  )
)
Number of parameters = 19,584,335
Moving model to cuda
Epoch 0
Loss = 1.1979e+00, PNorm = 104.6732, GNorm = 8.6397, lr_0 = 2.5974e-05
Loss = 9.3786e-01, PNorm = 104.6738, GNorm = 3.5055, lr_0 = 3.2915e-05
Loss = 8.8561e-01, PNorm = 104.6748, GNorm = 3.7109, lr_0 = 3.9857e-05
Loss = 1.0153e+00, PNorm = 104.6767, GNorm = 10.0863, lr_0 = 4.6798e-05
Loss = 9.9229e-01, PNorm = 104.6790, GNorm = 7.3578, lr_0 = 5.3739e-05
Loss = 9.0439e-01, PNorm = 104.6818, GNorm = 7.0676, lr_0 = 6.0681e-05
Loss = 7.3585e-01, PNorm = 104.6855, GNorm = 5.7584, lr_0 = 6.7622e-05
Loss = 7.5113e-01, PNorm = 104.6893, GNorm = 8.9574, lr_0 = 7.4564e-05
Loss = 8.8162e-01, PNorm = 104.6935, GNorm = 2.3327, lr_0 = 8.1505e-05
Loss = 8.2330e-01, PNorm = 104.6993, GNorm = 3.5851, lr_0 = 8.8447e-05
Loss = 8.1414e-01, PNorm = 104.7065, GNorm = 5.9237, lr_0 = 9.5388e-05
Loss = 7.2264e-01, PNorm = 104.7148, GNorm = 3.7073, lr_0 = 1.0233e-04
Loss = 6.8720e-01, PNorm = 104.7241, GNorm = 13.2915, lr_0 = 1.0927e-04
Loss = 7.8560e-01, PNorm = 104.7322, GNorm = 5.7397, lr_0 = 1.1621e-04
Loss = 6.8909e-01, PNorm = 104.7437, GNorm = 5.5685, lr_0 = 1.2315e-04
Loss = 7.1887e-01, PNorm = 104.7536, GNorm = 9.4263, lr_0 = 1.3010e-04
Loss = 6.6380e-01, PNorm = 104.7661, GNorm = 5.6686, lr_0 = 1.3704e-04
Loss = 6.4940e-01, PNorm = 104.7778, GNorm = 8.2033, lr_0 = 1.4398e-04
Loss = 4.7148e-01, PNorm = 104.7904, GNorm = 4.5187, lr_0 = 1.5092e-04
Validation rmse = 77.812368
Epoch 1
Loss = 6.6037e-01, PNorm = 104.8059, GNorm = 15.0672, lr_0 = 1.5856e-04
Loss = 4.7460e-01, PNorm = 104.8213, GNorm = 7.2767, lr_0 = 1.6550e-04
Loss = 5.3874e-01, PNorm = 104.8374, GNorm = 2.9426, lr_0 = 1.7244e-04
Loss = 4.4132e-01, PNorm = 104.8540, GNorm = 10.8386, lr_0 = 1.7938e-04
Loss = 5.7411e-01, PNorm = 104.8692, GNorm = 3.0722, lr_0 = 1.8632e-04
Loss = 5.1936e-01, PNorm = 104.8864, GNorm = 7.6597, lr_0 = 1.9326e-04
Loss = 4.4551e-01, PNorm = 104.9039, GNorm = 1.4240, lr_0 = 2.0020e-04
Loss = 4.7500e-01, PNorm = 104.9220, GNorm = 13.0752, lr_0 = 2.0715e-04
Loss = 3.9988e-01, PNorm = 104.9391, GNorm = 3.3637, lr_0 = 2.1409e-04
Loss = 3.7629e-01, PNorm = 104.9528, GNorm = 2.5626, lr_0 = 2.2103e-04
Loss = 4.0336e-01, PNorm = 104.9691, GNorm = 4.8605, lr_0 = 2.2797e-04
Loss = 5.5006e-01, PNorm = 104.9881, GNorm = 7.1814, lr_0 = 2.3491e-04
Loss = 6.8172e-01, PNorm = 105.0199, GNorm = 1.2672, lr_0 = 2.4185e-04
Loss = 5.6529e-01, PNorm = 105.0547, GNorm = 7.0236, lr_0 = 2.4879e-04
Loss = 4.2653e-01, PNorm = 105.0840, GNorm = 0.7850, lr_0 = 2.5574e-04
Loss = 4.5574e-01, PNorm = 105.1083, GNorm = 2.3173, lr_0 = 2.6268e-04
Loss = 3.6781e-01, PNorm = 105.1302, GNorm = 1.6057, lr_0 = 2.6962e-04
Loss = 4.7679e-01, PNorm = 105.1533, GNorm = 8.6253, lr_0 = 2.7656e-04
Loss = 5.0552e-01, PNorm = 105.1814, GNorm = 1.7981, lr_0 = 2.8350e-04
Loss = 4.3340e-01, PNorm = 105.2096, GNorm = 4.1974, lr_0 = 2.9044e-04
Validation rmse = 72.857411
Epoch 2
Loss = 4.3426e-01, PNorm = 105.2375, GNorm = 8.2078, lr_0 = 2.9183e-04
Loss = 3.4299e-01, PNorm = 105.2659, GNorm = 6.5733, lr_0 = 2.9183e-04
Loss = 3.6553e-01, PNorm = 105.2868, GNorm = 2.2437, lr_0 = 2.9183e-04
Loss = 3.7152e-01, PNorm = 105.3049, GNorm = 1.8174, lr_0 = 2.9183e-04
Loss = 3.8995e-01, PNorm = 105.3248, GNorm = 3.7492, lr_0 = 2.9183e-04
Loss = 3.8083e-01, PNorm = 105.3428, GNorm = 5.5257, lr_0 = 2.9183e-04
Loss = 3.3249e-01, PNorm = 105.3642, GNorm = 3.0320, lr_0 = 2.9183e-04
Loss = 3.8067e-01, PNorm = 105.3816, GNorm = 2.9083, lr_0 = 2.9183e-04
Loss = 3.4628e-01, PNorm = 105.4033, GNorm = 1.5947, lr_0 = 2.9183e-04
Loss = 2.9080e-01, PNorm = 105.4272, GNorm = 3.2914, lr_0 = 2.9183e-04
Loss = 2.7344e-01, PNorm = 105.4436, GNorm = 2.5665, lr_0 = 2.9183e-04
Loss = 3.4284e-01, PNorm = 105.4641, GNorm = 6.2784, lr_0 = 2.9183e-04
Loss = 3.0510e-01, PNorm = 105.4861, GNorm = 3.1217, lr_0 = 2.9183e-04
Loss = 3.0824e-01, PNorm = 105.5053, GNorm = 5.1323, lr_0 = 2.9183e-04
Loss = 2.7519e-01, PNorm = 105.5251, GNorm = 3.6315, lr_0 = 2.9183e-04
Loss = 3.1998e-01, PNorm = 105.5426, GNorm = 3.5059, lr_0 = 2.9183e-04
Loss = 2.9531e-01, PNorm = 105.5692, GNorm = 2.8211, lr_0 = 2.9183e-04
Loss = 2.5308e-01, PNorm = 105.5856, GNorm = 1.1352, lr_0 = 2.9183e-04
Loss = 2.9826e-01, PNorm = 105.6031, GNorm = 1.7492, lr_0 = 2.9183e-04
Loss = 2.8357e-01, PNorm = 105.6220, GNorm = 2.5596, lr_0 = 2.9183e-04
Validation rmse = 55.939280
Epoch 3
Loss = 2.2463e-01, PNorm = 105.6443, GNorm = 5.1509, lr_0 = 2.9183e-04
Loss = 2.1422e-01, PNorm = 105.6631, GNorm = 2.3408, lr_0 = 2.9183e-04
Loss = 2.0348e-01, PNorm = 105.6789, GNorm = 1.4220, lr_0 = 2.9183e-04
Loss = 2.3596e-01, PNorm = 105.6980, GNorm = 2.1204, lr_0 = 2.9183e-04
Loss = 2.6004e-01, PNorm = 105.7162, GNorm = 3.3059, lr_0 = 2.9183e-04
Loss = 2.5514e-01, PNorm = 105.7378, GNorm = 1.1507, lr_0 = 2.9183e-04
Loss = 2.4537e-01, PNorm = 105.7575, GNorm = 1.6080, lr_0 = 2.9183e-04
Loss = 3.0617e-01, PNorm = 105.7758, GNorm = 3.6838, lr_0 = 2.9183e-04
Loss = 2.8088e-01, PNorm = 105.8047, GNorm = 3.1330, lr_0 = 2.9183e-04
Loss = 2.6977e-01, PNorm = 105.8285, GNorm = 3.3134, lr_0 = 2.9183e-04
Loss = 2.6383e-01, PNorm = 105.8525, GNorm = 1.0287, lr_0 = 2.9183e-04
Loss = 1.8633e-01, PNorm = 105.8732, GNorm = 0.9567, lr_0 = 2.9183e-04
Loss = 2.5603e-01, PNorm = 105.8901, GNorm = 0.6068, lr_0 = 2.9183e-04
Loss = 2.5783e-01, PNorm = 105.9152, GNorm = 1.7336, lr_0 = 2.9183e-04
Loss = 2.2035e-01, PNorm = 105.9369, GNorm = 0.9561, lr_0 = 2.9183e-04
Loss = 2.0011e-01, PNorm = 105.9530, GNorm = 0.9370, lr_0 = 2.9183e-04
Loss = 2.5120e-01, PNorm = 105.9747, GNorm = 5.5023, lr_0 = 2.9183e-04
Loss = 2.3106e-01, PNorm = 105.9988, GNorm = 4.8519, lr_0 = 2.9183e-04
Loss = 2.3185e-01, PNorm = 106.0223, GNorm = 1.6124, lr_0 = 2.9183e-04
Loss = 2.5593e-01, PNorm = 106.0445, GNorm = 2.2732, lr_0 = 2.9183e-04
Validation rmse = 66.077663
Epoch 4
Loss = 2.3330e-01, PNorm = 106.0689, GNorm = 1.5632, lr_0 = 2.9183e-04
Loss = 1.9898e-01, PNorm = 106.0940, GNorm = 2.3966, lr_0 = 2.9183e-04
Loss = 1.6816e-01, PNorm = 106.1167, GNorm = 1.2225, lr_0 = 2.9183e-04
Loss = 1.7175e-01, PNorm = 106.1392, GNorm = 1.2735, lr_0 = 2.9183e-04
Loss = 2.2677e-01, PNorm = 106.1554, GNorm = 2.0832, lr_0 = 2.9183e-04
Loss = 2.2467e-01, PNorm = 106.1801, GNorm = 0.9174, lr_0 = 2.9183e-04
Loss = 2.2572e-01, PNorm = 106.2051, GNorm = 3.7080, lr_0 = 2.9183e-04
Loss = 2.3710e-01, PNorm = 106.2279, GNorm = 1.3197, lr_0 = 2.9183e-04
Loss = 1.6520e-01, PNorm = 106.2486, GNorm = 1.7855, lr_0 = 2.9183e-04
Loss = 1.7687e-01, PNorm = 106.2699, GNorm = 0.8378, lr_0 = 2.9183e-04
Loss = 1.8403e-01, PNorm = 106.2912, GNorm = 1.5840, lr_0 = 2.9183e-04
Loss = 2.0618e-01, PNorm = 106.3158, GNorm = 2.0550, lr_0 = 2.9183e-04
Loss = 1.8433e-01, PNorm = 106.3386, GNorm = 1.8665, lr_0 = 2.9183e-04
Loss = 1.7375e-01, PNorm = 106.3559, GNorm = 1.8263, lr_0 = 2.9183e-04
Loss = 1.6844e-01, PNorm = 106.3790, GNorm = 2.0315, lr_0 = 2.9183e-04
Loss = 1.5671e-01, PNorm = 106.4002, GNorm = 1.7322, lr_0 = 2.9183e-04
Loss = 1.5015e-01, PNorm = 106.4190, GNorm = 1.4963, lr_0 = 2.9183e-04
Loss = 1.7963e-01, PNorm = 106.4414, GNorm = 2.1021, lr_0 = 2.9183e-04
Loss = 1.6467e-01, PNorm = 106.4606, GNorm = 2.3830, lr_0 = 2.9183e-04
Validation rmse = 45.326637
Epoch 5
Loss = 2.0035e-01, PNorm = 106.4827, GNorm = 2.0457, lr_0 = 2.9183e-04
Loss = 1.3074e-01, PNorm = 106.5064, GNorm = 1.7162, lr_0 = 2.9183e-04
Loss = 1.4793e-01, PNorm = 106.5234, GNorm = 0.8445, lr_0 = 2.9183e-04
Loss = 1.8049e-01, PNorm = 106.5430, GNorm = 4.2435, lr_0 = 2.9183e-04
Loss = 1.8117e-01, PNorm = 106.5633, GNorm = 2.2012, lr_0 = 2.9183e-04
Loss = 2.2824e-01, PNorm = 106.5880, GNorm = 4.4127, lr_0 = 2.9183e-04
Loss = 2.0885e-01, PNorm = 106.6150, GNorm = 3.2767, lr_0 = 2.9183e-04
Loss = 1.7464e-01, PNorm = 106.6421, GNorm = 1.1790, lr_0 = 2.9183e-04
Loss = 2.0602e-01, PNorm = 106.6675, GNorm = 1.8208, lr_0 = 2.9183e-04
Loss = 1.8851e-01, PNorm = 106.6952, GNorm = 3.0441, lr_0 = 2.9183e-04
Loss = 2.1645e-01, PNorm = 106.7203, GNorm = 2.3283, lr_0 = 2.9183e-04
Loss = 1.5316e-01, PNorm = 106.7447, GNorm = 1.5581, lr_0 = 2.9183e-04
Loss = 1.6887e-01, PNorm = 106.7686, GNorm = 1.3088, lr_0 = 2.9183e-04
Loss = 1.4745e-01, PNorm = 106.7845, GNorm = 1.2637, lr_0 = 2.9183e-04
Loss = 1.5156e-01, PNorm = 106.8032, GNorm = 2.2383, lr_0 = 2.9183e-04
Loss = 1.3253e-01, PNorm = 106.8238, GNorm = 4.4935, lr_0 = 2.9183e-04
Loss = 1.7623e-01, PNorm = 106.8444, GNorm = 1.4325, lr_0 = 2.9183e-04
Loss = 1.1975e-01, PNorm = 106.8577, GNorm = 1.9083, lr_0 = 2.9183e-04
Loss = 1.1541e-01, PNorm = 106.8710, GNorm = 3.0917, lr_0 = 2.9183e-04
Loss = 1.6103e-01, PNorm = 106.8885, GNorm = 3.6061, lr_0 = 2.9183e-04
Validation rmse = 43.477777
Epoch 6
Loss = 1.3613e-01, PNorm = 106.9071, GNorm = 3.5183, lr_0 = 2.9183e-04
Loss = 1.4149e-01, PNorm = 106.9305, GNorm = 2.3445, lr_0 = 2.9183e-04
Loss = 1.0865e-01, PNorm = 106.9503, GNorm = 1.3426, lr_0 = 2.9183e-04
Loss = 1.3406e-01, PNorm = 106.9675, GNorm = 1.6967, lr_0 = 2.9183e-04
Loss = 1.4185e-01, PNorm = 106.9874, GNorm = 2.6526, lr_0 = 2.9183e-04
Loss = 1.4623e-01, PNorm = 107.0084, GNorm = 0.8989, lr_0 = 2.9183e-04
Loss = 1.3280e-01, PNorm = 107.0290, GNorm = 1.8727, lr_0 = 2.9183e-04
Loss = 1.2345e-01, PNorm = 107.0451, GNorm = 1.3747, lr_0 = 2.9183e-04
Loss = 1.1997e-01, PNorm = 107.0682, GNorm = 1.1783, lr_0 = 2.9183e-04
Loss = 1.2484e-01, PNorm = 107.0916, GNorm = 2.4477, lr_0 = 2.9183e-04
Loss = 1.5090e-01, PNorm = 107.1152, GNorm = 1.8532, lr_0 = 2.9183e-04
Loss = 1.6054e-01, PNorm = 107.1409, GNorm = 1.3911, lr_0 = 2.9183e-04
Loss = 1.1702e-01, PNorm = 107.1666, GNorm = 0.7176, lr_0 = 2.9183e-04
Loss = 1.2360e-01, PNorm = 107.1889, GNorm = 1.4350, lr_0 = 2.9183e-04
Loss = 1.2042e-01, PNorm = 107.2100, GNorm = 1.2702, lr_0 = 2.9183e-04
Loss = 1.2395e-01, PNorm = 107.2323, GNorm = 2.0983, lr_0 = 2.9183e-04
Loss = 1.1871e-01, PNorm = 107.2546, GNorm = 1.8683, lr_0 = 2.9183e-04
Loss = 1.2405e-01, PNorm = 107.2775, GNorm = 1.3520, lr_0 = 2.9183e-04
Loss = 1.3720e-01, PNorm = 107.2992, GNorm = 1.2127, lr_0 = 2.9183e-04
Loss = 1.3365e-01, PNorm = 107.3221, GNorm = 3.5336, lr_0 = 2.9183e-04
Validation rmse = 39.198702
Epoch 7
Loss = 1.2498e-01, PNorm = 107.3449, GNorm = 2.0102, lr_0 = 2.9183e-04
Loss = 1.2653e-01, PNorm = 107.3657, GNorm = 0.9200, lr_0 = 2.9183e-04
Loss = 1.2691e-01, PNorm = 107.3895, GNorm = 2.8722, lr_0 = 2.9183e-04
Loss = 1.1050e-01, PNorm = 107.4130, GNorm = 0.7267, lr_0 = 2.9183e-04
Loss = 1.1195e-01, PNorm = 107.4305, GNorm = 2.3407, lr_0 = 2.9183e-04
Loss = 1.2042e-01, PNorm = 107.4496, GNorm = 0.6889, lr_0 = 2.9183e-04
Loss = 1.1327e-01, PNorm = 107.4698, GNorm = 3.7753, lr_0 = 2.9183e-04
Loss = 1.2745e-01, PNorm = 107.4943, GNorm = 0.7748, lr_0 = 2.9183e-04
Loss = 1.1128e-01, PNorm = 107.5129, GNorm = 1.0909, lr_0 = 2.9183e-04
Loss = 1.0719e-01, PNorm = 107.5322, GNorm = 1.1019, lr_0 = 2.9183e-04
Loss = 1.1645e-01, PNorm = 107.5534, GNorm = 1.2347, lr_0 = 2.9183e-04
Loss = 1.3104e-01, PNorm = 107.5765, GNorm = 1.2771, lr_0 = 2.9183e-04
Loss = 1.2752e-01, PNorm = 107.6005, GNorm = 3.5829, lr_0 = 2.9183e-04
Loss = 1.3149e-01, PNorm = 107.6259, GNorm = 1.3530, lr_0 = 2.9183e-04
Loss = 1.1825e-01, PNorm = 107.6500, GNorm = 1.0604, lr_0 = 2.9183e-04
Loss = 1.1054e-01, PNorm = 107.6687, GNorm = 1.1809, lr_0 = 2.9183e-04
Loss = 1.0523e-01, PNorm = 107.6890, GNorm = 2.2778, lr_0 = 2.9183e-04
Loss = 1.4544e-01, PNorm = 107.7121, GNorm = 3.0306, lr_0 = 2.9183e-04
Loss = 1.1443e-01, PNorm = 107.7372, GNorm = 2.9794, lr_0 = 2.9183e-04
Loss = 1.0013e-01, PNorm = 107.7575, GNorm = 0.9716, lr_0 = 2.9183e-04
Validation rmse = 39.294784
Epoch 8
Loss = 9.2778e-02, PNorm = 107.7776, GNorm = 1.1236, lr_0 = 2.9183e-04
Loss = 9.3822e-02, PNorm = 107.7954, GNorm = 1.0077, lr_0 = 2.9183e-04
Loss = 1.0384e-01, PNorm = 107.8133, GNorm = 2.0785, lr_0 = 2.9183e-04
Loss = 1.0064e-01, PNorm = 107.8332, GNorm = 1.4463, lr_0 = 2.9183e-04
Loss = 9.8543e-02, PNorm = 107.8561, GNorm = 1.1438, lr_0 = 2.9183e-04
Loss = 1.1245e-01, PNorm = 107.8719, GNorm = 1.0904, lr_0 = 2.9183e-04
Loss = 9.4711e-02, PNorm = 107.8914, GNorm = 1.3290, lr_0 = 2.9183e-04
Loss = 9.2721e-02, PNorm = 107.9129, GNorm = 1.3369, lr_0 = 2.9183e-04
Loss = 1.1391e-01, PNorm = 107.9352, GNorm = 2.1390, lr_0 = 2.9183e-04
Loss = 1.0815e-01, PNorm = 107.9535, GNorm = 1.9084, lr_0 = 2.9183e-04
Loss = 1.0459e-01, PNorm = 107.9749, GNorm = 2.8642, lr_0 = 2.9183e-04
Loss = 1.0511e-01, PNorm = 107.9898, GNorm = 0.7781, lr_0 = 2.9183e-04
Loss = 1.1034e-01, PNorm = 108.0070, GNorm = 1.1042, lr_0 = 2.9183e-04
Loss = 1.0292e-01, PNorm = 108.0245, GNorm = 1.7935, lr_0 = 2.9183e-04
Loss = 1.0428e-01, PNorm = 108.0449, GNorm = 1.2401, lr_0 = 2.9183e-04
Loss = 1.0395e-01, PNorm = 108.0651, GNorm = 1.6457, lr_0 = 2.9183e-04
Loss = 1.0504e-01, PNorm = 108.0858, GNorm = 1.5731, lr_0 = 2.9183e-04
Loss = 9.3267e-02, PNorm = 108.1071, GNorm = 1.2378, lr_0 = 2.9183e-04
Loss = 9.8278e-02, PNorm = 108.1278, GNorm = 1.1009, lr_0 = 2.9183e-04
Validation rmse = 37.865256
Epoch 9
Loss = 7.4025e-02, PNorm = 108.1494, GNorm = 0.9797, lr_0 = 2.9183e-04
Loss = 9.3050e-02, PNorm = 108.1676, GNorm = 3.0144, lr_0 = 2.9183e-04
Loss = 9.2749e-02, PNorm = 108.1855, GNorm = 0.8971, lr_0 = 2.9183e-04
Loss = 8.5992e-02, PNorm = 108.2059, GNorm = 0.6729, lr_0 = 2.9183e-04
Loss = 8.5070e-02, PNorm = 108.2253, GNorm = 1.0669, lr_0 = 2.9183e-04
Loss = 8.0657e-02, PNorm = 108.2410, GNorm = 0.5234, lr_0 = 2.9183e-04
Loss = 9.1039e-02, PNorm = 108.2556, GNorm = 0.8134, lr_0 = 2.9183e-04
Loss = 9.1324e-02, PNorm = 108.2727, GNorm = 1.9676, lr_0 = 2.9183e-04
Loss = 1.2015e-01, PNorm = 108.2911, GNorm = 2.5967, lr_0 = 2.9183e-04
Loss = 9.9576e-02, PNorm = 108.3129, GNorm = 2.6098, lr_0 = 2.9183e-04
Loss = 9.8981e-02, PNorm = 108.3328, GNorm = 1.1438, lr_0 = 2.9183e-04
Loss = 1.0268e-01, PNorm = 108.3518, GNorm = 2.2492, lr_0 = 2.9183e-04
Loss = 7.7564e-02, PNorm = 108.3716, GNorm = 1.2100, lr_0 = 2.9183e-04
Loss = 7.9473e-02, PNorm = 108.3930, GNorm = 0.9582, lr_0 = 2.9183e-04
Loss = 9.5777e-02, PNorm = 108.4136, GNorm = 1.2611, lr_0 = 2.9183e-04
Loss = 8.7270e-02, PNorm = 108.4378, GNorm = 0.9904, lr_0 = 2.9183e-04
Loss = 1.1169e-01, PNorm = 108.4558, GNorm = 1.4602, lr_0 = 2.9183e-04
Loss = 9.7218e-02, PNorm = 108.4809, GNorm = 0.9745, lr_0 = 2.9183e-04
Loss = 9.5612e-02, PNorm = 108.5056, GNorm = 1.9193, lr_0 = 2.9183e-04
Loss = 9.4836e-02, PNorm = 108.5269, GNorm = 1.2294, lr_0 = 2.9183e-04
Validation rmse = 36.697813
Epoch 10
Loss = 6.9766e-02, PNorm = 108.5425, GNorm = 0.6717, lr_0 = 2.9183e-04
Loss = 9.1155e-02, PNorm = 108.5623, GNorm = 2.1322, lr_0 = 2.9183e-04
Loss = 7.7054e-02, PNorm = 108.5854, GNorm = 0.5235, lr_0 = 2.9183e-04
Loss = 8.5639e-02, PNorm = 108.6017, GNorm = 0.9544, lr_0 = 2.9183e-04
Loss = 7.5792e-02, PNorm = 108.6180, GNorm = 2.0642, lr_0 = 2.9183e-04
Loss = 6.9773e-02, PNorm = 108.6352, GNorm = 1.1894, lr_0 = 2.9183e-04
Loss = 8.4390e-02, PNorm = 108.6515, GNorm = 1.4141, lr_0 = 2.9183e-04
Loss = 7.9442e-02, PNorm = 108.6663, GNorm = 1.7782, lr_0 = 2.9183e-04
Loss = 8.6055e-02, PNorm = 108.6844, GNorm = 3.8034, lr_0 = 2.9183e-04
Loss = 8.4565e-02, PNorm = 108.7041, GNorm = 0.7870, lr_0 = 2.9183e-04
Loss = 7.9285e-02, PNorm = 108.7244, GNorm = 1.6102, lr_0 = 2.9183e-04
Loss = 7.7957e-02, PNorm = 108.7398, GNorm = 0.5693, lr_0 = 2.9183e-04
Loss = 9.3503e-02, PNorm = 108.7560, GNorm = 2.4283, lr_0 = 2.9183e-04
Loss = 1.1988e-01, PNorm = 108.7829, GNorm = 1.8851, lr_0 = 2.9183e-04
Loss = 1.0962e-01, PNorm = 108.8091, GNorm = 1.1795, lr_0 = 2.9183e-04
Loss = 9.3025e-02, PNorm = 108.8340, GNorm = 0.6118, lr_0 = 2.9183e-04
Loss = 1.0314e-01, PNorm = 108.8588, GNorm = 1.2266, lr_0 = 2.9183e-04
Loss = 1.0635e-01, PNorm = 108.8864, GNorm = 1.5145, lr_0 = 2.9183e-04
Loss = 8.7907e-02, PNorm = 108.9112, GNorm = 1.6503, lr_0 = 2.9183e-04
Loss = 8.4232e-02, PNorm = 108.9308, GNorm = 1.0861, lr_0 = 2.9183e-04
Validation rmse = 34.886468
Epoch 11
Loss = 8.1594e-02, PNorm = 108.9480, GNorm = 1.1682, lr_0 = 2.9183e-04
Loss = 6.7019e-02, PNorm = 108.9668, GNorm = 1.1273, lr_0 = 2.9183e-04
Loss = 8.8080e-02, PNorm = 108.9870, GNorm = 0.9178, lr_0 = 2.9183e-04
Loss = 7.2017e-02, PNorm = 109.0059, GNorm = 0.7064, lr_0 = 2.9183e-04
Loss = 8.2176e-02, PNorm = 109.0231, GNorm = 1.5733, lr_0 = 2.9183e-04
Loss = 9.4571e-02, PNorm = 109.0448, GNorm = 0.9049, lr_0 = 2.9183e-04
Loss = 8.6339e-02, PNorm = 109.0699, GNorm = 0.5969, lr_0 = 2.9183e-04
Loss = 6.9664e-02, PNorm = 109.0941, GNorm = 2.0721, lr_0 = 2.9183e-04
Loss = 6.8890e-02, PNorm = 109.1099, GNorm = 1.0538, lr_0 = 2.9183e-04
Loss = 7.6847e-02, PNorm = 109.1263, GNorm = 3.1641, lr_0 = 2.9183e-04
Loss = 7.8002e-02, PNorm = 109.1459, GNorm = 1.1387, lr_0 = 2.9183e-04
Loss = 8.2694e-02, PNorm = 109.1656, GNorm = 1.0629, lr_0 = 2.9183e-04
Loss = 8.5569e-02, PNorm = 109.1887, GNorm = 2.7713, lr_0 = 2.9183e-04
Loss = 7.7760e-02, PNorm = 109.2057, GNorm = 2.0663, lr_0 = 2.9183e-04
Loss = 7.7263e-02, PNorm = 109.2233, GNorm = 0.4760, lr_0 = 2.9183e-04
Loss = 8.2890e-02, PNorm = 109.2399, GNorm = 0.8442, lr_0 = 2.9183e-04
Loss = 7.8095e-02, PNorm = 109.2579, GNorm = 1.6456, lr_0 = 2.9183e-04
Loss = 8.2497e-02, PNorm = 109.2730, GNorm = 0.8694, lr_0 = 2.9183e-04
Loss = 9.1558e-02, PNorm = 109.2961, GNorm = 1.4822, lr_0 = 2.9183e-04
Loss = 7.9604e-02, PNorm = 109.3179, GNorm = 1.3566, lr_0 = 2.9183e-04
Validation rmse = 36.034924
Epoch 12
Loss = 8.5162e-02, PNorm = 109.3387, GNorm = 0.5831, lr_0 = 2.9183e-04
Loss = 6.7281e-02, PNorm = 109.3586, GNorm = 0.4500, lr_0 = 2.9183e-04
Loss = 7.8586e-02, PNorm = 109.3781, GNorm = 1.3828, lr_0 = 2.9183e-04
Loss = 6.2267e-02, PNorm = 109.3957, GNorm = 0.6984, lr_0 = 2.9183e-04
Loss = 7.3366e-02, PNorm = 109.4160, GNorm = 1.0961, lr_0 = 2.9183e-04
Loss = 7.8501e-02, PNorm = 109.4301, GNorm = 0.5925, lr_0 = 2.9183e-04
Loss = 7.5869e-02, PNorm = 109.4469, GNorm = 0.6257, lr_0 = 2.9183e-04
Loss = 7.3319e-02, PNorm = 109.4628, GNorm = 0.8812, lr_0 = 2.9183e-04
Loss = 5.8055e-02, PNorm = 109.4812, GNorm = 0.7267, lr_0 = 2.9183e-04
Loss = 7.6646e-02, PNorm = 109.4991, GNorm = 0.8499, lr_0 = 2.9183e-04
Loss = 7.3704e-02, PNorm = 109.5176, GNorm = 0.5005, lr_0 = 2.9183e-04
Loss = 6.6716e-02, PNorm = 109.5389, GNorm = 0.8987, lr_0 = 2.9183e-04
Loss = 6.6155e-02, PNorm = 109.5544, GNorm = 1.5589, lr_0 = 2.9183e-04
Loss = 5.7793e-02, PNorm = 109.5684, GNorm = 0.6249, lr_0 = 2.9183e-04
Loss = 6.0454e-02, PNorm = 109.5869, GNorm = 0.9064, lr_0 = 2.9183e-04
Loss = 7.1722e-02, PNorm = 109.6036, GNorm = 1.0558, lr_0 = 2.9183e-04
Loss = 8.1603e-02, PNorm = 109.6219, GNorm = 2.0760, lr_0 = 2.9183e-04
Loss = 7.0841e-02, PNorm = 109.6394, GNorm = 0.8101, lr_0 = 2.9183e-04
Loss = 7.5276e-02, PNorm = 109.6614, GNorm = 1.7463, lr_0 = 2.9183e-04
Validation rmse = 33.164808
Epoch 13
Loss = 1.0077e-01, PNorm = 109.6779, GNorm = 0.6895, lr_0 = 2.9183e-04
Loss = 6.2165e-02, PNorm = 109.6967, GNorm = 0.6536, lr_0 = 2.9183e-04
Loss = 6.9491e-02, PNorm = 109.7194, GNorm = 1.2582, lr_0 = 2.9183e-04
Loss = 6.5054e-02, PNorm = 109.7331, GNorm = 2.6075, lr_0 = 2.9183e-04
Loss = 6.6116e-02, PNorm = 109.7482, GNorm = 1.4648, lr_0 = 2.9183e-04
Loss = 7.0823e-02, PNorm = 109.7698, GNorm = 1.0695, lr_0 = 2.9183e-04
Loss = 6.5147e-02, PNorm = 109.7872, GNorm = 1.5753, lr_0 = 2.9183e-04
Loss = 7.6117e-02, PNorm = 109.8029, GNorm = 0.8588, lr_0 = 2.9183e-04
Loss = 6.9593e-02, PNorm = 109.8195, GNorm = 1.3879, lr_0 = 2.9183e-04
Loss = 5.7524e-02, PNorm = 109.8370, GNorm = 0.6776, lr_0 = 2.9183e-04
Loss = 5.8830e-02, PNorm = 109.8520, GNorm = 0.6642, lr_0 = 2.9183e-04
Loss = 5.8373e-02, PNorm = 109.8683, GNorm = 0.8414, lr_0 = 2.9183e-04
Loss = 7.6033e-02, PNorm = 109.8835, GNorm = 2.5484, lr_0 = 2.9183e-04
Loss = 8.8851e-02, PNorm = 109.9080, GNorm = 2.4732, lr_0 = 2.9183e-04
Loss = 7.4181e-02, PNorm = 109.9269, GNorm = 1.4607, lr_0 = 2.9183e-04
Loss = 8.7815e-02, PNorm = 109.9490, GNorm = 0.5161, lr_0 = 2.9183e-04
Loss = 6.4301e-02, PNorm = 109.9693, GNorm = 0.8025, lr_0 = 2.9183e-04
Loss = 7.8938e-02, PNorm = 109.9874, GNorm = 0.5993, lr_0 = 2.9183e-04
Loss = 6.4133e-02, PNorm = 110.0025, GNorm = 0.6093, lr_0 = 2.9183e-04
Loss = 6.4204e-02, PNorm = 110.0201, GNorm = 1.7099, lr_0 = 2.9183e-04
Validation rmse = 33.549396
Epoch 14
Loss = 4.7271e-02, PNorm = 110.0419, GNorm = 0.9745, lr_0 = 2.9183e-04
Loss = 6.3631e-02, PNorm = 110.0605, GNorm = 0.9031, lr_0 = 2.9183e-04
Loss = 7.0936e-02, PNorm = 110.0772, GNorm = 0.5828, lr_0 = 2.9183e-04
Loss = 6.3815e-02, PNorm = 110.0987, GNorm = 1.8530, lr_0 = 2.9183e-04
Loss = 6.7460e-02, PNorm = 110.1217, GNorm = 1.0579, lr_0 = 2.9183e-04
Loss = 5.3869e-02, PNorm = 110.1399, GNorm = 0.8785, lr_0 = 2.9183e-04
Loss = 6.1429e-02, PNorm = 110.1525, GNorm = 1.2582, lr_0 = 2.9183e-04
Loss = 5.5073e-02, PNorm = 110.1664, GNorm = 1.4957, lr_0 = 2.9183e-04
Loss = 6.7225e-02, PNorm = 110.1837, GNorm = 2.4502, lr_0 = 2.9183e-04
Loss = 6.8607e-02, PNorm = 110.2049, GNorm = 0.7525, lr_0 = 2.9183e-04
Loss = 6.1644e-02, PNorm = 110.2257, GNorm = 0.5667, lr_0 = 2.9183e-04
Loss = 5.4291e-02, PNorm = 110.2457, GNorm = 0.9429, lr_0 = 2.9183e-04
Loss = 5.8044e-02, PNorm = 110.2604, GNorm = 0.5895, lr_0 = 2.9183e-04
Loss = 7.1748e-02, PNorm = 110.2762, GNorm = 1.3412, lr_0 = 2.9183e-04
Loss = 6.0319e-02, PNorm = 110.2964, GNorm = 0.3599, lr_0 = 2.9183e-04
Loss = 6.9753e-02, PNorm = 110.3167, GNorm = 1.2511, lr_0 = 2.9183e-04
Loss = 6.5828e-02, PNorm = 110.3386, GNorm = 0.6541, lr_0 = 2.9183e-04
Loss = 5.5566e-02, PNorm = 110.3592, GNorm = 0.7952, lr_0 = 2.9183e-04
Loss = 6.1991e-02, PNorm = 110.3782, GNorm = 1.2995, lr_0 = 2.9183e-04
Loss = 5.9701e-02, PNorm = 110.3967, GNorm = 0.5380, lr_0 = 2.9183e-04
Validation rmse = 35.121166
Epoch 15
Loss = 4.7970e-02, PNorm = 110.4144, GNorm = 0.7492, lr_0 = 2.9183e-04
Loss = 5.9338e-02, PNorm = 110.4322, GNorm = 0.5260, lr_0 = 2.9183e-04
Loss = 5.7077e-02, PNorm = 110.4514, GNorm = 0.7899, lr_0 = 2.9183e-04
Loss = 6.7259e-02, PNorm = 110.4679, GNorm = 2.6866, lr_0 = 2.9183e-04
Loss = 6.5983e-02, PNorm = 110.4869, GNorm = 0.5805, lr_0 = 2.9183e-04
Loss = 4.6302e-02, PNorm = 110.5108, GNorm = 0.4799, lr_0 = 2.9183e-04
Loss = 6.1158e-02, PNorm = 110.5289, GNorm = 0.6280, lr_0 = 2.9183e-04
Loss = 5.7139e-02, PNorm = 110.5431, GNorm = 1.1054, lr_0 = 2.9183e-04
Loss = 5.1868e-02, PNorm = 110.5580, GNorm = 0.7133, lr_0 = 2.9183e-04
Loss = 5.8431e-02, PNorm = 110.5793, GNorm = 1.1989, lr_0 = 2.9183e-04
Loss = 5.7840e-02, PNorm = 110.5984, GNorm = 0.4604, lr_0 = 2.9183e-04
Loss = 5.9176e-02, PNorm = 110.6118, GNorm = 0.7801, lr_0 = 2.9183e-04
Loss = 6.6871e-02, PNorm = 110.6318, GNorm = 1.8763, lr_0 = 2.9183e-04
Loss = 5.6497e-02, PNorm = 110.6565, GNorm = 1.6980, lr_0 = 2.9183e-04
Loss = 6.1226e-02, PNorm = 110.6740, GNorm = 0.6894, lr_0 = 2.9183e-04
Loss = 6.3570e-02, PNorm = 110.6908, GNorm = 0.7554, lr_0 = 2.9183e-04
Loss = 5.8895e-02, PNorm = 110.7094, GNorm = 1.0898, lr_0 = 2.9183e-04
Loss = 5.1977e-02, PNorm = 110.7289, GNorm = 0.8410, lr_0 = 2.9183e-04
Loss = 5.7674e-02, PNorm = 110.7480, GNorm = 0.4530, lr_0 = 2.9183e-04
Loss = 5.7098e-02, PNorm = 110.7684, GNorm = 1.2884, lr_0 = 2.9183e-04
Validation rmse = 35.439067
Epoch 16
Loss = 4.8406e-02, PNorm = 110.7857, GNorm = 1.0312, lr_0 = 2.9183e-04
Loss = 5.5993e-02, PNorm = 110.8035, GNorm = 0.7628, lr_0 = 2.9183e-04
Loss = 5.2082e-02, PNorm = 110.8214, GNorm = 0.4746, lr_0 = 2.9183e-04
Loss = 4.8432e-02, PNorm = 110.8400, GNorm = 1.2051, lr_0 = 2.9183e-04
Loss = 5.8024e-02, PNorm = 110.8595, GNorm = 1.0567, lr_0 = 2.9183e-04
Loss = 7.7982e-02, PNorm = 110.8856, GNorm = 0.6711, lr_0 = 2.9183e-04
Loss = 8.4170e-02, PNorm = 110.9167, GNorm = 1.0256, lr_0 = 2.9183e-04
Loss = 6.9654e-02, PNorm = 110.9472, GNorm = 0.8630, lr_0 = 2.9183e-04
Loss = 7.3402e-02, PNorm = 110.9748, GNorm = 1.0918, lr_0 = 2.9183e-04
Loss = 6.2363e-02, PNorm = 111.0015, GNorm = 1.3124, lr_0 = 2.9183e-04
Loss = 5.8741e-02, PNorm = 111.0225, GNorm = 0.9292, lr_0 = 2.9183e-04
Loss = 4.9652e-02, PNorm = 111.0391, GNorm = 0.3831, lr_0 = 2.9183e-04
Loss = 5.0768e-02, PNorm = 111.0528, GNorm = 0.7876, lr_0 = 2.9183e-04
Loss = 5.2831e-02, PNorm = 111.0630, GNorm = 0.7576, lr_0 = 2.9183e-04
Loss = 5.5300e-02, PNorm = 111.0816, GNorm = 0.9390, lr_0 = 2.9183e-04
Loss = 4.7583e-02, PNorm = 111.1015, GNorm = 0.6025, lr_0 = 2.9183e-04
Loss = 5.0938e-02, PNorm = 111.1197, GNorm = 0.6622, lr_0 = 2.9183e-04
Loss = 4.8125e-02, PNorm = 111.1362, GNorm = 0.5309, lr_0 = 2.9183e-04
Loss = 5.6471e-02, PNorm = 111.1516, GNorm = 0.8107, lr_0 = 2.9183e-04
Validation rmse = 35.581955
Epoch 17
Loss = 6.6614e-02, PNorm = 111.1713, GNorm = 1.5330, lr_0 = 2.9183e-04
Loss = 5.8648e-02, PNorm = 111.1921, GNorm = 1.1178, lr_0 = 2.9183e-04
Loss = 5.1159e-02, PNorm = 111.2078, GNorm = 0.7443, lr_0 = 2.9183e-04
Loss = 6.0388e-02, PNorm = 111.2259, GNorm = 1.0430, lr_0 = 2.9183e-04
Loss = 3.9445e-02, PNorm = 111.2436, GNorm = 0.7199, lr_0 = 2.9183e-04
Loss = 4.8668e-02, PNorm = 111.2598, GNorm = 1.1701, lr_0 = 2.9183e-04
Loss = 4.6249e-02, PNorm = 111.2732, GNorm = 0.7421, lr_0 = 2.9183e-04
Loss = 5.1029e-02, PNorm = 111.2915, GNorm = 1.2877, lr_0 = 2.9183e-04
Loss = 5.4931e-02, PNorm = 111.3083, GNorm = 0.6068, lr_0 = 2.9183e-04
Loss = 5.3813e-02, PNorm = 111.3262, GNorm = 0.5562, lr_0 = 2.9183e-04
Loss = 4.3249e-02, PNorm = 111.3444, GNorm = 1.0775, lr_0 = 2.9183e-04
Loss = 4.9418e-02, PNorm = 111.3613, GNorm = 0.3818, lr_0 = 2.9183e-04
Loss = 5.1756e-02, PNorm = 111.3825, GNorm = 0.6451, lr_0 = 2.9183e-04
Loss = 5.4748e-02, PNorm = 111.3958, GNorm = 0.8057, lr_0 = 2.9183e-04
Loss = 5.2007e-02, PNorm = 111.4162, GNorm = 0.3938, lr_0 = 2.9183e-04
Loss = 5.2997e-02, PNorm = 111.4378, GNorm = 0.9558, lr_0 = 2.9183e-04
Loss = 5.6051e-02, PNorm = 111.4545, GNorm = 0.8600, lr_0 = 2.9183e-04
Loss = 5.1718e-02, PNorm = 111.4783, GNorm = 0.5404, lr_0 = 2.9183e-04
Loss = 5.5161e-02, PNorm = 111.4991, GNorm = 1.6363, lr_0 = 2.9183e-04
Loss = 4.9771e-02, PNorm = 111.5191, GNorm = 1.0149, lr_0 = 2.9183e-04
Validation rmse = 32.316009
Epoch 18
Loss = 4.3460e-02, PNorm = 111.5374, GNorm = 0.3360, lr_0 = 2.9183e-04
Loss = 4.8314e-02, PNorm = 111.5567, GNorm = 1.7448, lr_0 = 2.9183e-04
Loss = 4.7975e-02, PNorm = 111.5771, GNorm = 0.7426, lr_0 = 2.9183e-04
Loss = 4.9205e-02, PNorm = 111.5939, GNorm = 1.0128, lr_0 = 2.9183e-04
Loss = 5.2827e-02, PNorm = 111.6098, GNorm = 0.6464, lr_0 = 2.9183e-04
Loss = 4.4368e-02, PNorm = 111.6225, GNorm = 0.6299, lr_0 = 2.9183e-04
Loss = 4.5614e-02, PNorm = 111.6394, GNorm = 0.4832, lr_0 = 2.9183e-04
Loss = 5.5692e-02, PNorm = 111.6590, GNorm = 1.8618, lr_0 = 2.9183e-04
Loss = 5.7691e-02, PNorm = 111.6813, GNorm = 1.4424, lr_0 = 2.9183e-04
Loss = 5.4109e-02, PNorm = 111.7022, GNorm = 0.6214, lr_0 = 2.9183e-04
Loss = 5.4175e-02, PNorm = 111.7259, GNorm = 0.3841, lr_0 = 2.9183e-04
Loss = 5.3656e-02, PNorm = 111.7441, GNorm = 0.5607, lr_0 = 2.9183e-04
Loss = 4.5035e-02, PNorm = 111.7612, GNorm = 0.9511, lr_0 = 2.9183e-04
Loss = 4.8036e-02, PNorm = 111.7819, GNorm = 0.6207, lr_0 = 2.9183e-04
Loss = 4.7831e-02, PNorm = 111.8017, GNorm = 0.6716, lr_0 = 2.9183e-04
Loss = 5.6813e-02, PNorm = 111.8186, GNorm = 0.7819, lr_0 = 2.9183e-04
Loss = 5.2724e-02, PNorm = 111.8378, GNorm = 0.5649, lr_0 = 2.9183e-04
Loss = 5.5817e-02, PNorm = 111.8649, GNorm = 1.0936, lr_0 = 2.9183e-04
Loss = 5.4641e-02, PNorm = 111.8858, GNorm = 1.2723, lr_0 = 2.9183e-04
Loss = 5.4258e-02, PNorm = 111.9051, GNorm = 0.9987, lr_0 = 2.9183e-04
Validation rmse = 31.665900
Epoch 19
Loss = 4.9169e-02, PNorm = 111.9234, GNorm = 1.5225, lr_0 = 2.9183e-04
Loss = 4.8359e-02, PNorm = 111.9411, GNorm = 0.4627, lr_0 = 2.9183e-04
Loss = 4.4443e-02, PNorm = 111.9605, GNorm = 0.4976, lr_0 = 2.9183e-04
Loss = 4.6036e-02, PNorm = 111.9800, GNorm = 0.8314, lr_0 = 2.9183e-04
Loss = 3.4991e-02, PNorm = 111.9977, GNorm = 0.4223, lr_0 = 2.9183e-04
Loss = 4.9113e-02, PNorm = 112.0162, GNorm = 0.6741, lr_0 = 2.9183e-04
Loss = 4.3669e-02, PNorm = 112.0357, GNorm = 0.4607, lr_0 = 2.9183e-04
Loss = 4.9638e-02, PNorm = 112.0543, GNorm = 0.8232, lr_0 = 2.9183e-04
Loss = 4.8926e-02, PNorm = 112.0762, GNorm = 0.7105, lr_0 = 2.9183e-04
Loss = 3.9235e-02, PNorm = 112.0910, GNorm = 0.5791, lr_0 = 2.9183e-04
Loss = 4.5368e-02, PNorm = 112.1021, GNorm = 1.2331, lr_0 = 2.9183e-04
Loss = 5.3960e-02, PNorm = 112.1173, GNorm = 1.3182, lr_0 = 2.9183e-04
Loss = 4.8804e-02, PNorm = 112.1385, GNorm = 0.5060, lr_0 = 2.9183e-04
Loss = 5.5845e-02, PNorm = 112.1578, GNorm = 0.8643, lr_0 = 2.9183e-04
Loss = 4.6686e-02, PNorm = 112.1787, GNorm = 1.3057, lr_0 = 2.9183e-04
Loss = 6.5967e-02, PNorm = 112.2019, GNorm = 0.5559, lr_0 = 2.9183e-04
Loss = 6.3431e-02, PNorm = 112.2289, GNorm = 1.1569, lr_0 = 2.9183e-04
Loss = 4.9401e-02, PNorm = 112.2500, GNorm = 0.4132, lr_0 = 2.9183e-04
Loss = 4.2943e-02, PNorm = 112.2710, GNorm = 0.4761, lr_0 = 2.9183e-04
Loss = 4.6073e-02, PNorm = 112.2933, GNorm = 0.9097, lr_0 = 2.9183e-04
Validation rmse = 31.778012
Epoch 20
Loss = 4.0158e-02, PNorm = 112.3125, GNorm = 0.3809, lr_0 = 2.9183e-04
Loss = 4.3260e-02, PNorm = 112.3261, GNorm = 0.5711, lr_0 = 2.9183e-04
Loss = 4.1055e-02, PNorm = 112.3469, GNorm = 0.4736, lr_0 = 2.9183e-04
Loss = 4.6179e-02, PNorm = 112.3629, GNorm = 0.5897, lr_0 = 2.9183e-04
Loss = 4.6929e-02, PNorm = 112.3783, GNorm = 0.6635, lr_0 = 2.9183e-04
Loss = 3.9192e-02, PNorm = 112.4001, GNorm = 0.8396, lr_0 = 2.9183e-04
Loss = 4.3584e-02, PNorm = 112.4196, GNorm = 0.7218, lr_0 = 2.9183e-04
Loss = 3.9257e-02, PNorm = 112.4390, GNorm = 0.3973, lr_0 = 2.9183e-04
Loss = 3.8960e-02, PNorm = 112.4531, GNorm = 0.3147, lr_0 = 2.9183e-04
Loss = 4.2826e-02, PNorm = 112.4679, GNorm = 0.9532, lr_0 = 2.9183e-04
Loss = 5.1938e-02, PNorm = 112.4824, GNorm = 0.8788, lr_0 = 2.9183e-04
Loss = 6.7920e-02, PNorm = 112.5062, GNorm = 1.3188, lr_0 = 2.9183e-04
Loss = 4.8430e-02, PNorm = 112.5335, GNorm = 0.5124, lr_0 = 2.9183e-04
Loss = 4.6290e-02, PNorm = 112.5573, GNorm = 1.9117, lr_0 = 2.9183e-04
Loss = 4.4548e-02, PNorm = 112.5790, GNorm = 0.5465, lr_0 = 2.9183e-04
Loss = 3.9474e-02, PNorm = 112.5975, GNorm = 0.9359, lr_0 = 2.9183e-04
Loss = 4.7235e-02, PNorm = 112.6144, GNorm = 0.3982, lr_0 = 2.9183e-04
Loss = 4.6833e-02, PNorm = 112.6329, GNorm = 0.7067, lr_0 = 2.9183e-04
Loss = 4.1020e-02, PNorm = 112.6482, GNorm = 1.2083, lr_0 = 2.9183e-04
Loss = 4.7140e-02, PNorm = 112.6648, GNorm = 1.1644, lr_0 = 2.9183e-04
Validation rmse = 31.992076
Epoch 21
Loss = 4.4105e-02, PNorm = 112.6819, GNorm = 0.4255, lr_0 = 2.9183e-04
Loss = 3.7483e-02, PNorm = 112.7051, GNorm = 0.8734, lr_0 = 2.9183e-04
Loss = 3.8360e-02, PNorm = 112.7247, GNorm = 0.8068, lr_0 = 2.9183e-04
Loss = 3.4812e-02, PNorm = 112.7384, GNorm = 0.4156, lr_0 = 2.9183e-04
Loss = 4.1914e-02, PNorm = 112.7530, GNorm = 0.4460, lr_0 = 2.9183e-04
Loss = 4.4644e-02, PNorm = 112.7702, GNorm = 0.5104, lr_0 = 2.9183e-04
Loss = 4.4055e-02, PNorm = 112.7923, GNorm = 0.2783, lr_0 = 2.9183e-04
Loss = 4.5671e-02, PNorm = 112.8109, GNorm = 0.9826, lr_0 = 2.9183e-04
Loss = 4.5613e-02, PNorm = 112.8313, GNorm = 0.6648, lr_0 = 2.9183e-04
Loss = 3.8841e-02, PNorm = 112.8531, GNorm = 1.0613, lr_0 = 2.9183e-04
Loss = 4.3806e-02, PNorm = 112.8719, GNorm = 1.1858, lr_0 = 2.9183e-04
Loss = 4.6314e-02, PNorm = 112.8940, GNorm = 0.6444, lr_0 = 2.9183e-04
Loss = 5.2029e-02, PNorm = 112.9174, GNorm = 0.5498, lr_0 = 2.9183e-04
Loss = 5.0274e-02, PNorm = 112.9409, GNorm = 0.4082, lr_0 = 2.9183e-04
Loss = 5.5814e-02, PNorm = 112.9609, GNorm = 1.6517, lr_0 = 2.9183e-04
Loss = 3.9551e-02, PNorm = 112.9880, GNorm = 0.6285, lr_0 = 2.9183e-04
Loss = 4.6023e-02, PNorm = 113.0099, GNorm = 0.5315, lr_0 = 2.9183e-04
Loss = 4.6339e-02, PNorm = 113.0346, GNorm = 0.8171, lr_0 = 2.9183e-04
Loss = 4.5847e-02, PNorm = 113.0629, GNorm = 0.6196, lr_0 = 2.9183e-04
Validation rmse = 31.671415
Epoch 22
Loss = 3.8341e-02, PNorm = 113.0859, GNorm = 0.4735, lr_0 = 2.9183e-04
Loss = 4.2202e-02, PNorm = 113.1073, GNorm = 0.5227, lr_0 = 2.9183e-04
Loss = 3.1487e-02, PNorm = 113.1222, GNorm = 0.4102, lr_0 = 2.9183e-04
Loss = 4.4572e-02, PNorm = 113.1342, GNorm = 0.8437, lr_0 = 2.9183e-04
Loss = 4.0665e-02, PNorm = 113.1541, GNorm = 0.4729, lr_0 = 2.9183e-04
Loss = 4.0203e-02, PNorm = 113.1728, GNorm = 1.2064, lr_0 = 2.9183e-04
Loss = 3.9221e-02, PNorm = 113.1921, GNorm = 0.3335, lr_0 = 2.9183e-04
Loss = 4.3110e-02, PNorm = 113.2104, GNorm = 0.5150, lr_0 = 2.9183e-04
Loss = 3.7677e-02, PNorm = 113.2266, GNorm = 0.4718, lr_0 = 2.9183e-04
Loss = 4.0288e-02, PNorm = 113.2416, GNorm = 0.4075, lr_0 = 2.9183e-04
Loss = 4.4035e-02, PNorm = 113.2571, GNorm = 0.4845, lr_0 = 2.9183e-04
Loss = 3.9497e-02, PNorm = 113.2793, GNorm = 0.5491, lr_0 = 2.9183e-04
Loss = 4.1303e-02, PNorm = 113.2966, GNorm = 0.7427, lr_0 = 2.9183e-04
Loss = 3.9040e-02, PNorm = 113.3138, GNorm = 0.4374, lr_0 = 2.9183e-04
Loss = 4.1608e-02, PNorm = 113.3346, GNorm = 0.4232, lr_0 = 2.9183e-04
Loss = 4.0703e-02, PNorm = 113.3602, GNorm = 0.5466, lr_0 = 2.9183e-04
Loss = 4.2442e-02, PNorm = 113.3767, GNorm = 0.6948, lr_0 = 2.9183e-04
Loss = 3.6906e-02, PNorm = 113.3959, GNorm = 0.5449, lr_0 = 2.9183e-04
Loss = 4.5031e-02, PNorm = 113.4180, GNorm = 0.7680, lr_0 = 2.9183e-04
Loss = 5.2414e-02, PNorm = 113.4423, GNorm = 0.5800, lr_0 = 2.9183e-04
Validation rmse = 30.287602
Epoch 23
Loss = 3.5964e-02, PNorm = 113.4647, GNorm = 0.4305, lr_0 = 2.9183e-04
Loss = 4.2933e-02, PNorm = 113.4864, GNorm = 0.7692, lr_0 = 2.9183e-04
Loss = 3.7883e-02, PNorm = 113.5042, GNorm = 0.4433, lr_0 = 2.9183e-04
Loss = 4.3543e-02, PNorm = 113.5288, GNorm = 0.6787, lr_0 = 2.9183e-04
Loss = 3.8863e-02, PNorm = 113.5542, GNorm = 0.5106, lr_0 = 2.9183e-04
Loss = 3.7021e-02, PNorm = 113.5779, GNorm = 0.4097, lr_0 = 2.9183e-04
Loss = 4.2820e-02, PNorm = 113.5986, GNorm = 0.3332, lr_0 = 2.9183e-04
Loss = 4.3348e-02, PNorm = 113.6210, GNorm = 0.7519, lr_0 = 2.9183e-04
Loss = 4.4832e-02, PNorm = 113.6424, GNorm = 0.5660, lr_0 = 2.9183e-04
Loss = 4.0187e-02, PNorm = 113.6624, GNorm = 0.4641, lr_0 = 2.9183e-04
Loss = 4.1976e-02, PNorm = 113.6817, GNorm = 0.6747, lr_0 = 2.9183e-04
Loss = 4.3604e-02, PNorm = 113.7007, GNorm = 0.3722, lr_0 = 2.9183e-04
Loss = 3.5308e-02, PNorm = 113.7184, GNorm = 0.5638, lr_0 = 2.9183e-04
Loss = 3.7375e-02, PNorm = 113.7395, GNorm = 0.3449, lr_0 = 2.9183e-04
Loss = 4.1697e-02, PNorm = 113.7554, GNorm = 0.3217, lr_0 = 2.9183e-04
Loss = 4.6902e-02, PNorm = 113.7746, GNorm = 1.2614, lr_0 = 2.9183e-04
Loss = 3.8856e-02, PNorm = 113.7968, GNorm = 0.6125, lr_0 = 2.9183e-04
Loss = 4.7771e-02, PNorm = 113.8193, GNorm = 0.5492, lr_0 = 2.9183e-04
Loss = 3.3499e-02, PNorm = 113.8388, GNorm = 0.4205, lr_0 = 2.9183e-04
Loss = 3.9230e-02, PNorm = 113.8571, GNorm = 0.2557, lr_0 = 2.9183e-04
Validation rmse = 29.769741
Epoch 24
Loss = 4.0169e-02, PNorm = 113.8774, GNorm = 0.3622, lr_0 = 2.9183e-04
Loss = 4.0056e-02, PNorm = 113.8975, GNorm = 0.3162, lr_0 = 2.9183e-04
Loss = 3.5743e-02, PNorm = 113.9159, GNorm = 0.4909, lr_0 = 2.9183e-04
Loss = 4.1134e-02, PNorm = 113.9339, GNorm = 0.6980, lr_0 = 2.9183e-04
Loss = 3.9433e-02, PNorm = 113.9518, GNorm = 1.5632, lr_0 = 2.9183e-04
Loss = 4.0937e-02, PNorm = 113.9723, GNorm = 0.4485, lr_0 = 2.9183e-04
Loss = 4.1750e-02, PNorm = 113.9929, GNorm = 0.7026, lr_0 = 2.9183e-04
Loss = 4.2986e-02, PNorm = 114.0160, GNorm = 0.7910, lr_0 = 2.9183e-04
Loss = 4.2351e-02, PNorm = 114.0376, GNorm = 0.5649, lr_0 = 2.9183e-04
Loss = 3.7729e-02, PNorm = 114.0592, GNorm = 0.5125, lr_0 = 2.9183e-04
Loss = 3.4425e-02, PNorm = 114.0790, GNorm = 0.4150, lr_0 = 2.9183e-04
Loss = 3.5517e-02, PNorm = 114.1008, GNorm = 0.4616, lr_0 = 2.9183e-04
Loss = 3.2813e-02, PNorm = 114.1168, GNorm = 0.6079, lr_0 = 2.9183e-04
Loss = 4.9667e-02, PNorm = 114.1347, GNorm = 0.5414, lr_0 = 2.9183e-04
Loss = 3.6940e-02, PNorm = 114.1556, GNorm = 0.6605, lr_0 = 2.9183e-04
Loss = 3.9258e-02, PNorm = 114.1807, GNorm = 1.1180, lr_0 = 2.9183e-04
Loss = 3.8306e-02, PNorm = 114.2029, GNorm = 0.5966, lr_0 = 2.9183e-04
Loss = 5.6609e-02, PNorm = 114.2304, GNorm = 0.9124, lr_0 = 2.9183e-04
Loss = 4.7393e-02, PNorm = 114.2597, GNorm = 0.3351, lr_0 = 2.9183e-04
Loss = 3.8691e-02, PNorm = 114.2870, GNorm = 0.4959, lr_0 = 2.9183e-04
Validation rmse = 29.467083
Epoch 25
Loss = 3.5520e-02, PNorm = 114.3117, GNorm = 0.5230, lr_0 = 2.9183e-04
Loss = 3.7549e-02, PNorm = 114.3301, GNorm = 0.3546, lr_0 = 2.9183e-04
Loss = 3.7750e-02, PNorm = 114.3480, GNorm = 0.9246, lr_0 = 2.9183e-04
Loss = 3.6440e-02, PNorm = 114.3685, GNorm = 0.8105, lr_0 = 2.9183e-04
Loss = 3.4982e-02, PNorm = 114.3861, GNorm = 0.4957, lr_0 = 2.9183e-04
Loss = 3.9624e-02, PNorm = 114.4082, GNorm = 0.5278, lr_0 = 2.9183e-04
Loss = 4.1726e-02, PNorm = 114.4314, GNorm = 0.8088, lr_0 = 2.9183e-04
Loss = 4.1598e-02, PNorm = 114.4625, GNorm = 0.7060, lr_0 = 2.9183e-04
Loss = 3.5919e-02, PNorm = 114.4843, GNorm = 0.3617, lr_0 = 2.9183e-04
Loss = 3.9699e-02, PNorm = 114.5039, GNorm = 0.3936, lr_0 = 2.9183e-04
Loss = 3.1435e-02, PNorm = 114.5233, GNorm = 0.5133, lr_0 = 2.9183e-04
Loss = 3.1301e-02, PNorm = 114.5431, GNorm = 0.3729, lr_0 = 2.9183e-04
Loss = 3.6257e-02, PNorm = 114.5625, GNorm = 0.6282, lr_0 = 2.9183e-04
Loss = 3.2699e-02, PNorm = 114.5788, GNorm = 0.5409, lr_0 = 2.9183e-04
Loss = 3.6737e-02, PNorm = 114.5954, GNorm = 0.5691, lr_0 = 2.9183e-04
Loss = 3.8217e-02, PNorm = 114.6189, GNorm = 0.4809, lr_0 = 2.9183e-04
Loss = 3.4151e-02, PNorm = 114.6326, GNorm = 0.4943, lr_0 = 2.9183e-04
Loss = 3.8873e-02, PNorm = 114.6541, GNorm = 0.4495, lr_0 = 2.9183e-04
Loss = 3.3048e-02, PNorm = 114.6755, GNorm = 0.5281, lr_0 = 2.9183e-04
Validation rmse = 28.770132
Epoch 26
Loss = 2.7492e-02, PNorm = 114.6962, GNorm = 0.4024, lr_0 = 2.9183e-04
Loss = 3.1835e-02, PNorm = 114.7158, GNorm = 0.4127, lr_0 = 2.9183e-04
Loss = 4.3386e-02, PNorm = 114.7384, GNorm = 1.0578, lr_0 = 2.9183e-04
Loss = 4.4704e-02, PNorm = 114.7676, GNorm = 0.3528, lr_0 = 2.9183e-04
Loss = 4.3421e-02, PNorm = 114.7925, GNorm = 1.0179, lr_0 = 2.9183e-04
Loss = 3.2741e-02, PNorm = 114.8161, GNorm = 0.5910, lr_0 = 2.9183e-04
Loss = 3.8601e-02, PNorm = 114.8360, GNorm = 0.4258, lr_0 = 2.9183e-04
Loss = 3.2633e-02, PNorm = 114.8545, GNorm = 0.6042, lr_0 = 2.9183e-04
Loss = 3.3970e-02, PNorm = 114.8719, GNorm = 0.6928, lr_0 = 2.9183e-04
Loss = 4.0680e-02, PNorm = 114.8997, GNorm = 0.3023, lr_0 = 2.9183e-04
Loss = 3.8713e-02, PNorm = 114.9266, GNorm = 0.3966, lr_0 = 2.9183e-04
Loss = 4.2528e-02, PNorm = 114.9519, GNorm = 1.1880, lr_0 = 2.9183e-04
Loss = 3.8282e-02, PNorm = 114.9800, GNorm = 0.4301, lr_0 = 2.9183e-04
Loss = 4.2647e-02, PNorm = 115.0070, GNorm = 0.6428, lr_0 = 2.9183e-04
Loss = 3.7158e-02, PNorm = 115.0316, GNorm = 0.3596, lr_0 = 2.9183e-04
Loss = 3.6568e-02, PNorm = 115.0518, GNorm = 1.1064, lr_0 = 2.9183e-04
Loss = 3.6090e-02, PNorm = 115.0754, GNorm = 0.3937, lr_0 = 2.9183e-04
Loss = 3.7146e-02, PNorm = 115.0973, GNorm = 0.3171, lr_0 = 2.9183e-04
Loss = 3.6607e-02, PNorm = 115.1145, GNorm = 0.3505, lr_0 = 2.9183e-04
Loss = 3.8683e-02, PNorm = 115.1377, GNorm = 0.3989, lr_0 = 2.9183e-04
Validation rmse = 29.431675
Epoch 27
Loss = 3.1420e-02, PNorm = 115.1622, GNorm = 0.5616, lr_0 = 2.9183e-04
Loss = 3.3784e-02, PNorm = 115.1870, GNorm = 0.4632, lr_0 = 2.9183e-04
Loss = 3.4622e-02, PNorm = 115.2050, GNorm = 0.3052, lr_0 = 2.9183e-04
Loss = 3.1526e-02, PNorm = 115.2262, GNorm = 0.5391, lr_0 = 2.9183e-04
Loss = 3.7705e-02, PNorm = 115.2476, GNorm = 0.6812, lr_0 = 2.9183e-04
Loss = 4.3249e-02, PNorm = 115.2647, GNorm = 1.3519, lr_0 = 2.9183e-04
Loss = 3.7438e-02, PNorm = 115.2939, GNorm = 0.6276, lr_0 = 2.9183e-04
Loss = 3.5584e-02, PNorm = 115.3182, GNorm = 1.1252, lr_0 = 2.9183e-04
Loss = 4.2251e-02, PNorm = 115.3350, GNorm = 1.0675, lr_0 = 2.9183e-04
Loss = 3.7049e-02, PNorm = 115.3602, GNorm = 0.5980, lr_0 = 2.9183e-04
Loss = 5.0420e-02, PNorm = 115.3860, GNorm = 1.0613, lr_0 = 2.9183e-04
Loss = 3.9444e-02, PNorm = 115.4140, GNorm = 0.8519, lr_0 = 2.9183e-04
Loss = 4.3258e-02, PNorm = 115.4371, GNorm = 1.1798, lr_0 = 2.9183e-04
Loss = 3.5268e-02, PNorm = 115.4653, GNorm = 0.4856, lr_0 = 2.9183e-04
Loss = 4.5497e-02, PNorm = 115.4917, GNorm = 0.5562, lr_0 = 2.9183e-04
Loss = 4.1562e-02, PNorm = 115.5165, GNorm = 0.3678, lr_0 = 2.9183e-04
Loss = 3.1501e-02, PNorm = 115.5408, GNorm = 0.4641, lr_0 = 2.9183e-04
Loss = 2.7408e-02, PNorm = 115.5566, GNorm = 0.4827, lr_0 = 2.9183e-04
Loss = 3.0221e-02, PNorm = 115.5745, GNorm = 0.2890, lr_0 = 2.9183e-04
Loss = 3.6199e-02, PNorm = 115.5921, GNorm = 0.3636, lr_0 = 2.9183e-04
Validation rmse = 28.398165
Epoch 28
Loss = 2.6822e-02, PNorm = 115.6161, GNorm = 0.4072, lr_0 = 2.9183e-04
Loss = 3.0581e-02, PNorm = 115.6368, GNorm = 0.3973, lr_0 = 2.9183e-04
Loss = 3.1320e-02, PNorm = 115.6579, GNorm = 0.3393, lr_0 = 2.9183e-04
Loss = 3.6379e-02, PNorm = 115.6795, GNorm = 0.6853, lr_0 = 2.9183e-04
Loss = 3.4384e-02, PNorm = 115.6994, GNorm = 1.2040, lr_0 = 2.9183e-04
Loss = 3.6162e-02, PNorm = 115.7228, GNorm = 0.8157, lr_0 = 2.9183e-04
Loss = 3.9580e-02, PNorm = 115.7454, GNorm = 0.7917, lr_0 = 2.9183e-04
Loss = 3.9541e-02, PNorm = 115.7687, GNorm = 0.5850, lr_0 = 2.9183e-04
Loss = 3.7302e-02, PNorm = 115.7990, GNorm = 0.9095, lr_0 = 2.9183e-04
Loss = 3.1580e-02, PNorm = 115.8226, GNorm = 0.6660, lr_0 = 2.9183e-04
Loss = 3.7834e-02, PNorm = 115.8462, GNorm = 0.7013, lr_0 = 2.9183e-04
Loss = 3.6301e-02, PNorm = 115.8699, GNorm = 0.8262, lr_0 = 2.9183e-04
Loss = 3.6689e-02, PNorm = 115.8974, GNorm = 1.0235, lr_0 = 2.9183e-04
Loss = 4.4250e-02, PNorm = 115.9310, GNorm = 0.4826, lr_0 = 2.9183e-04
Loss = 3.6980e-02, PNorm = 115.9529, GNorm = 0.4444, lr_0 = 2.9183e-04
Loss = 4.0508e-02, PNorm = 115.9761, GNorm = 0.7255, lr_0 = 2.9183e-04
Loss = 4.0145e-02, PNorm = 115.9993, GNorm = 0.5020, lr_0 = 2.9183e-04
Loss = 3.8674e-02, PNorm = 116.0282, GNorm = 0.5653, lr_0 = 2.9183e-04
Loss = 3.6008e-02, PNorm = 116.0545, GNorm = 1.3568, lr_0 = 2.9183e-04
Loss = 3.3562e-02, PNorm = 116.0844, GNorm = 0.5317, lr_0 = 2.9183e-04
Validation rmse = 30.890944
Epoch 29
Loss = 3.6688e-02, PNorm = 116.1040, GNorm = 0.4991, lr_0 = 2.9183e-04
Loss = 3.2814e-02, PNorm = 116.1287, GNorm = 0.4035, lr_0 = 2.9183e-04
Loss = 3.3699e-02, PNorm = 116.1529, GNorm = 0.4450, lr_0 = 2.9183e-04
Loss = 3.1388e-02, PNorm = 116.1777, GNorm = 0.5576, lr_0 = 2.9183e-04
Loss = 2.8048e-02, PNorm = 116.2013, GNorm = 0.3411, lr_0 = 2.9183e-04
Loss = 3.2097e-02, PNorm = 116.2233, GNorm = 0.5831, lr_0 = 2.9183e-04
Loss = 3.3979e-02, PNorm = 116.2464, GNorm = 0.4007, lr_0 = 2.9183e-04
Loss = 3.9063e-02, PNorm = 116.2689, GNorm = 0.6805, lr_0 = 2.9183e-04
Loss = 3.2199e-02, PNorm = 116.2957, GNorm = 0.5888, lr_0 = 2.9183e-04
Loss = 3.3095e-02, PNorm = 116.3159, GNorm = 0.6607, lr_0 = 2.9183e-04
Loss = 3.7292e-02, PNorm = 116.3413, GNorm = 0.3294, lr_0 = 2.9183e-04
Loss = 3.6368e-02, PNorm = 116.3705, GNorm = 0.4229, lr_0 = 2.9183e-04
Loss = 3.4572e-02, PNorm = 116.3982, GNorm = 0.4326, lr_0 = 2.9183e-04
Loss = 3.1918e-02, PNorm = 116.4217, GNorm = 0.4890, lr_0 = 2.9183e-04
Loss = 3.6830e-02, PNorm = 116.4489, GNorm = 0.9670, lr_0 = 2.9183e-04
Loss = 3.2398e-02, PNorm = 116.4778, GNorm = 0.5126, lr_0 = 2.9183e-04
Loss = 3.2834e-02, PNorm = 116.5027, GNorm = 0.3610, lr_0 = 2.9183e-04
Loss = 3.8883e-02, PNorm = 116.5248, GNorm = 0.3391, lr_0 = 2.9183e-04
Loss = 3.2630e-02, PNorm = 116.5461, GNorm = 0.6393, lr_0 = 2.9183e-04
Validation rmse = 28.634158
Epoch 30
Loss = 2.0454e-02, PNorm = 116.5723, GNorm = 0.2966, lr_0 = 2.9183e-04
Loss = 3.4462e-02, PNorm = 116.5958, GNorm = 0.5314, lr_0 = 2.9183e-04
Loss = 3.5067e-02, PNorm = 116.6172, GNorm = 0.3882, lr_0 = 2.9183e-04
Loss = 3.3416e-02, PNorm = 116.6386, GNorm = 0.7702, lr_0 = 2.9183e-04
Loss = 2.9843e-02, PNorm = 116.6650, GNorm = 0.4762, lr_0 = 2.9183e-04
Loss = 3.2092e-02, PNorm = 116.6933, GNorm = 1.2058, lr_0 = 2.9183e-04
Loss = 3.2888e-02, PNorm = 116.7192, GNorm = 0.3634, lr_0 = 2.9183e-04
Loss = 3.6335e-02, PNorm = 116.7461, GNorm = 0.9778, lr_0 = 2.9183e-04
Loss = 3.6796e-02, PNorm = 116.7672, GNorm = 1.1441, lr_0 = 2.9183e-04
Loss = 4.4579e-02, PNorm = 116.7880, GNorm = 0.4520, lr_0 = 2.9183e-04
Loss = 3.4018e-02, PNorm = 116.8173, GNorm = 0.3592, lr_0 = 2.9183e-04
Loss = 3.4860e-02, PNorm = 116.8403, GNorm = 0.6900, lr_0 = 2.9183e-04
Loss = 2.9172e-02, PNorm = 116.8658, GNorm = 0.4687, lr_0 = 2.9183e-04
Loss = 3.5596e-02, PNorm = 116.8920, GNorm = 0.4657, lr_0 = 2.9183e-04
Loss = 2.7015e-02, PNorm = 116.9155, GNorm = 0.3053, lr_0 = 2.9183e-04
Loss = 2.9107e-02, PNorm = 116.9379, GNorm = 0.2755, lr_0 = 2.9183e-04
Loss = 2.5086e-02, PNorm = 116.9555, GNorm = 0.2246, lr_0 = 2.9183e-04
Loss = 3.4456e-02, PNorm = 116.9761, GNorm = 0.9274, lr_0 = 2.9183e-04
Loss = 3.6049e-02, PNorm = 116.9922, GNorm = 0.7581, lr_0 = 2.9183e-04
Loss = 3.5089e-02, PNorm = 117.0156, GNorm = 0.6273, lr_0 = 2.9183e-04
Validation rmse = 31.398272
Epoch 31
Loss = 3.2369e-02, PNorm = 117.0442, GNorm = 0.7403, lr_0 = 2.9183e-04
Loss = 3.0013e-02, PNorm = 117.0707, GNorm = 0.3807, lr_0 = 2.9183e-04
Loss = 2.8265e-02, PNorm = 117.0948, GNorm = 0.4118, lr_0 = 2.9183e-04
Loss = 2.9697e-02, PNorm = 117.1175, GNorm = 0.5801, lr_0 = 2.9183e-04
Loss = 3.6252e-02, PNorm = 117.1452, GNorm = 0.6212, lr_0 = 2.9183e-04
Loss = 3.0283e-02, PNorm = 117.1713, GNorm = 0.4671, lr_0 = 2.9183e-04
Loss = 2.9221e-02, PNorm = 117.1926, GNorm = 0.6444, lr_0 = 2.9183e-04
Loss = 3.1190e-02, PNorm = 117.2134, GNorm = 0.3517, lr_0 = 2.9183e-04
Loss = 2.7037e-02, PNorm = 117.2369, GNorm = 0.3931, lr_0 = 2.9183e-04
Loss = 3.5588e-02, PNorm = 117.2577, GNorm = 0.6010, lr_0 = 2.9183e-04
Loss = 3.1958e-02, PNorm = 117.2857, GNorm = 0.3804, lr_0 = 2.9183e-04
Loss = 3.4010e-02, PNorm = 117.3091, GNorm = 0.5358, lr_0 = 2.9183e-04
Loss = 3.9287e-02, PNorm = 117.3348, GNorm = 0.6472, lr_0 = 2.9183e-04
Loss = 3.8510e-02, PNorm = 117.3593, GNorm = 0.3250, lr_0 = 2.9183e-04
Loss = 4.2626e-02, PNorm = 117.3887, GNorm = 0.9354, lr_0 = 2.9183e-04
Loss = 3.4985e-02, PNorm = 117.4195, GNorm = 0.4510, lr_0 = 2.9183e-04
Loss = 3.2426e-02, PNorm = 117.4491, GNorm = 0.5059, lr_0 = 2.9183e-04
Loss = 3.0482e-02, PNorm = 117.4778, GNorm = 0.1960, lr_0 = 2.9183e-04
Loss = 3.3487e-02, PNorm = 117.5043, GNorm = 0.6655, lr_0 = 2.9183e-04
Loss = 2.9843e-02, PNorm = 117.5313, GNorm = 0.7574, lr_0 = 2.9183e-04
Validation rmse = 28.547688
Epoch 32
Loss = 2.5036e-02, PNorm = 117.5519, GNorm = 0.2296, lr_0 = 2.9183e-04
Loss = 2.4921e-02, PNorm = 117.5739, GNorm = 0.5289, lr_0 = 2.9183e-04
Loss = 2.4824e-02, PNorm = 117.5972, GNorm = 0.6334, lr_0 = 2.9183e-04
Loss = 3.0594e-02, PNorm = 117.6202, GNorm = 0.3921, lr_0 = 2.9183e-04
Loss = 2.7505e-02, PNorm = 117.6416, GNorm = 0.3200, lr_0 = 2.9183e-04
Loss = 3.0167e-02, PNorm = 117.6664, GNorm = 0.8499, lr_0 = 2.9183e-04
Loss = 2.7575e-02, PNorm = 117.6912, GNorm = 0.3170, lr_0 = 2.9183e-04
Loss = 2.3583e-02, PNorm = 117.7136, GNorm = 0.2371, lr_0 = 2.9183e-04
Loss = 2.4744e-02, PNorm = 117.7310, GNorm = 0.4724, lr_0 = 2.9183e-04
Loss = 3.1661e-02, PNorm = 117.7532, GNorm = 0.3232, lr_0 = 2.9183e-04
Loss = 2.2874e-02, PNorm = 117.7745, GNorm = 0.2814, lr_0 = 2.9183e-04
Loss = 2.8326e-02, PNorm = 117.7934, GNorm = 0.2741, lr_0 = 2.9183e-04
Loss = 2.5081e-02, PNorm = 117.8145, GNorm = 0.2708, lr_0 = 2.9183e-04
Loss = 2.8169e-02, PNorm = 117.8328, GNorm = 0.5715, lr_0 = 2.9183e-04
Loss = 2.4783e-02, PNorm = 117.8530, GNorm = 0.5926, lr_0 = 2.9183e-04
Loss = 2.6468e-02, PNorm = 117.8763, GNorm = 0.2683, lr_0 = 2.9183e-04
Loss = 2.4391e-02, PNorm = 117.8973, GNorm = 0.3461, lr_0 = 2.9183e-04
Loss = 2.7223e-02, PNorm = 117.9143, GNorm = 0.3488, lr_0 = 2.9183e-04
Loss = 3.6912e-02, PNorm = 117.9353, GNorm = 0.5212, lr_0 = 2.9183e-04
Loss = 3.3631e-02, PNorm = 117.9659, GNorm = 0.3983, lr_0 = 2.9183e-04
Validation rmse = 28.426395
Epoch 33
Loss = 3.2889e-02, PNorm = 117.9963, GNorm = 0.6055, lr_0 = 2.9183e-04
Loss = 2.7226e-02, PNorm = 118.0268, GNorm = 0.2842, lr_0 = 2.9183e-04
Loss = 2.7478e-02, PNorm = 118.0534, GNorm = 0.2635, lr_0 = 2.9183e-04
Loss = 2.9950e-02, PNorm = 118.0760, GNorm = 0.8210, lr_0 = 2.9183e-04
Loss = 2.6206e-02, PNorm = 118.0970, GNorm = 0.4338, lr_0 = 2.9183e-04
Loss = 2.6639e-02, PNorm = 118.1185, GNorm = 0.5049, lr_0 = 2.9183e-04
Loss = 2.6788e-02, PNorm = 118.1386, GNorm = 0.5347, lr_0 = 2.9183e-04
Loss = 2.4847e-02, PNorm = 118.1636, GNorm = 0.2869, lr_0 = 2.9183e-04
Loss = 2.6782e-02, PNorm = 118.1865, GNorm = 0.4428, lr_0 = 2.9183e-04
Loss = 2.8383e-02, PNorm = 118.2070, GNorm = 0.3373, lr_0 = 2.9183e-04
Loss = 2.7831e-02, PNorm = 118.2238, GNorm = 0.3746, lr_0 = 2.9183e-04
Loss = 2.6687e-02, PNorm = 118.2459, GNorm = 0.7754, lr_0 = 2.9183e-04
Loss = 3.1526e-02, PNorm = 118.2686, GNorm = 0.5188, lr_0 = 2.9183e-04
Loss = 2.4832e-02, PNorm = 118.2941, GNorm = 0.5128, lr_0 = 2.9183e-04
Loss = 2.8498e-02, PNorm = 118.3164, GNorm = 0.3728, lr_0 = 2.9183e-04
Loss = 3.0008e-02, PNorm = 118.3369, GNorm = 0.4072, lr_0 = 2.9183e-04
Loss = 2.8748e-02, PNorm = 118.3603, GNorm = 0.3592, lr_0 = 2.9183e-04
Loss = 3.0352e-02, PNorm = 118.3857, GNorm = 0.4216, lr_0 = 2.9183e-04
Loss = 2.9117e-02, PNorm = 118.4142, GNorm = 0.4783, lr_0 = 2.9183e-04
Validation rmse = 28.600271
Epoch 34
Loss = 2.3168e-02, PNorm = 118.4374, GNorm = 0.6231, lr_0 = 2.9183e-04
Loss = 2.6515e-02, PNorm = 118.4612, GNorm = 0.5636, lr_0 = 2.9183e-04
Loss = 3.1714e-02, PNorm = 118.4849, GNorm = 0.2373, lr_0 = 2.9183e-04
Loss = 2.9768e-02, PNorm = 118.5054, GNorm = 0.7947, lr_0 = 2.9183e-04
Loss = 2.7959e-02, PNorm = 118.5283, GNorm = 0.2485, lr_0 = 2.9183e-04
Loss = 2.9781e-02, PNorm = 118.5534, GNorm = 0.3954, lr_0 = 2.9183e-04
Loss = 2.5086e-02, PNorm = 118.5837, GNorm = 0.3100, lr_0 = 2.9183e-04
Loss = 2.5468e-02, PNorm = 118.6085, GNorm = 0.4055, lr_0 = 2.9183e-04
Loss = 2.5839e-02, PNorm = 118.6325, GNorm = 0.6491, lr_0 = 2.9183e-04
Loss = 2.8507e-02, PNorm = 118.6569, GNorm = 0.5365, lr_0 = 2.9183e-04
Loss = 2.9498e-02, PNorm = 118.6802, GNorm = 0.2278, lr_0 = 2.9183e-04
Loss = 2.7047e-02, PNorm = 118.7039, GNorm = 0.6741, lr_0 = 2.9183e-04
Loss = 2.7118e-02, PNorm = 118.7255, GNorm = 0.4975, lr_0 = 2.9183e-04
Loss = 2.8055e-02, PNorm = 118.7496, GNorm = 0.3386, lr_0 = 2.9183e-04
Loss = 3.1803e-02, PNorm = 118.7700, GNorm = 0.3878, lr_0 = 2.9183e-04
Loss = 2.9053e-02, PNorm = 118.7910, GNorm = 0.2758, lr_0 = 2.9183e-04
Loss = 2.6673e-02, PNorm = 118.8214, GNorm = 0.3311, lr_0 = 2.9183e-04
Loss = 3.1418e-02, PNorm = 118.8466, GNorm = 0.3510, lr_0 = 2.9183e-04
Loss = 3.1174e-02, PNorm = 118.8703, GNorm = 0.5037, lr_0 = 2.9183e-04
Loss = 3.0012e-02, PNorm = 118.8963, GNorm = 0.2895, lr_0 = 2.9183e-04
Validation rmse = 29.055162
Epoch 35
Loss = 2.5251e-02, PNorm = 118.9192, GNorm = 0.2887, lr_0 = 2.9183e-04
Loss = 2.8764e-02, PNorm = 118.9481, GNorm = 0.5989, lr_0 = 2.9183e-04
Loss = 2.3883e-02, PNorm = 118.9704, GNorm = 0.3831, lr_0 = 2.9183e-04
Loss = 3.0810e-02, PNorm = 118.9924, GNorm = 0.5243, lr_0 = 2.9183e-04
Loss = 1.9948e-02, PNorm = 119.0154, GNorm = 0.5033, lr_0 = 2.9183e-04
Loss = 2.5834e-02, PNorm = 119.0406, GNorm = 0.2295, lr_0 = 2.9183e-04
Loss = 2.8016e-02, PNorm = 119.0667, GNorm = 0.5116, lr_0 = 2.9183e-04
Loss = 2.6620e-02, PNorm = 119.0896, GNorm = 0.4831, lr_0 = 2.9183e-04
Loss = 2.7117e-02, PNorm = 119.1145, GNorm = 0.3379, lr_0 = 2.9183e-04
Loss = 3.0240e-02, PNorm = 119.1371, GNorm = 0.3007, lr_0 = 2.9183e-04
Loss = 2.9565e-02, PNorm = 119.1620, GNorm = 0.2712, lr_0 = 2.9183e-04
Loss = 2.5794e-02, PNorm = 119.1891, GNorm = 0.3348, lr_0 = 2.9183e-04
Loss = 2.7607e-02, PNorm = 119.2133, GNorm = 0.6555, lr_0 = 2.9183e-04
Loss = 2.7081e-02, PNorm = 119.2391, GNorm = 0.2526, lr_0 = 2.9183e-04
Loss = 3.7045e-02, PNorm = 119.2698, GNorm = 0.5933, lr_0 = 2.9183e-04
Loss = 3.3325e-02, PNorm = 119.2981, GNorm = 0.5034, lr_0 = 2.9183e-04
Loss = 2.4544e-02, PNorm = 119.3216, GNorm = 0.4534, lr_0 = 2.9183e-04
Loss = 2.3547e-02, PNorm = 119.3411, GNorm = 0.4732, lr_0 = 2.9183e-04
Loss = 2.5719e-02, PNorm = 119.3594, GNorm = 0.3536, lr_0 = 2.9183e-04
Loss = 2.7907e-02, PNorm = 119.3822, GNorm = 0.4674, lr_0 = 2.9183e-04
Validation rmse = 28.845609
Epoch 36
Loss = 2.8054e-02, PNorm = 119.4057, GNorm = 0.2874, lr_0 = 2.9183e-04
Loss = 2.2358e-02, PNorm = 119.4312, GNorm = 0.2980, lr_0 = 2.9183e-04
Loss = 2.2581e-02, PNorm = 119.4515, GNorm = 0.2416, lr_0 = 2.9183e-04
Loss = 2.9689e-02, PNorm = 119.4770, GNorm = 0.3326, lr_0 = 2.9183e-04
Loss = 2.3513e-02, PNorm = 119.5003, GNorm = 0.2163, lr_0 = 2.9183e-04
Loss = 2.9223e-02, PNorm = 119.5228, GNorm = 0.2729, lr_0 = 2.9183e-04
Loss = 2.4118e-02, PNorm = 119.5473, GNorm = 0.3504, lr_0 = 2.9183e-04
Loss = 2.5792e-02, PNorm = 119.5697, GNorm = 0.5733, lr_0 = 2.9183e-04
Loss = 2.8767e-02, PNorm = 119.5888, GNorm = 0.5613, lr_0 = 2.9183e-04
Loss = 2.4410e-02, PNorm = 119.6086, GNorm = 0.3146, lr_0 = 2.9183e-04
Loss = 3.0140e-02, PNorm = 119.6337, GNorm = 0.4411, lr_0 = 2.9183e-04
Loss = 2.3374e-02, PNorm = 119.6567, GNorm = 0.3559, lr_0 = 2.9183e-04
Loss = 2.4032e-02, PNorm = 119.6856, GNorm = 0.5136, lr_0 = 2.9183e-04
Loss = 3.0295e-02, PNorm = 119.7189, GNorm = 0.4960, lr_0 = 2.9183e-04
Loss = 2.2817e-02, PNorm = 119.7492, GNorm = 0.2723, lr_0 = 2.9183e-04
Loss = 2.4620e-02, PNorm = 119.7731, GNorm = 0.3597, lr_0 = 2.9183e-04
Loss = 3.4299e-02, PNorm = 119.8058, GNorm = 0.6222, lr_0 = 2.9183e-04
Loss = 2.4364e-02, PNorm = 119.8361, GNorm = 0.3412, lr_0 = 2.9183e-04
Loss = 2.2859e-02, PNorm = 119.8601, GNorm = 0.3807, lr_0 = 2.9183e-04
Loss = 2.3094e-02, PNorm = 119.8813, GNorm = 0.3820, lr_0 = 2.9183e-04
Validation rmse = 27.064947
Epoch 37
Loss = 2.3677e-02, PNorm = 119.9110, GNorm = 0.3669, lr_0 = 2.9183e-04
Loss = 2.5315e-02, PNorm = 119.9378, GNorm = 0.3838, lr_0 = 2.9183e-04
Loss = 2.4623e-02, PNorm = 119.9621, GNorm = 0.4451, lr_0 = 2.9183e-04
Loss = 2.1877e-02, PNorm = 119.9831, GNorm = 0.4101, lr_0 = 2.9183e-04
Loss = 2.7094e-02, PNorm = 120.0074, GNorm = 0.5088, lr_0 = 2.9183e-04
Loss = 2.7516e-02, PNorm = 120.0365, GNorm = 0.3243, lr_0 = 2.9183e-04
Loss = 2.7627e-02, PNorm = 120.0594, GNorm = 0.5294, lr_0 = 2.9183e-04
Loss = 2.8716e-02, PNorm = 120.0844, GNorm = 0.4519, lr_0 = 2.9183e-04
Loss = 2.7902e-02, PNorm = 120.1165, GNorm = 0.2282, lr_0 = 2.9183e-04
Loss = 2.6559e-02, PNorm = 120.1449, GNorm = 0.2121, lr_0 = 2.9183e-04
Loss = 2.1795e-02, PNorm = 120.1708, GNorm = 0.2435, lr_0 = 2.9183e-04
Loss = 2.6544e-02, PNorm = 120.1958, GNorm = 0.3061, lr_0 = 2.9183e-04
Loss = 2.7880e-02, PNorm = 120.2189, GNorm = 0.5352, lr_0 = 2.9183e-04
Loss = 2.4486e-02, PNorm = 120.2435, GNorm = 0.5192, lr_0 = 2.9183e-04
Loss = 2.3885e-02, PNorm = 120.2699, GNorm = 0.4135, lr_0 = 2.9183e-04
Loss = 2.3393e-02, PNorm = 120.2940, GNorm = 0.4777, lr_0 = 2.9183e-04
Loss = 2.5443e-02, PNorm = 120.3162, GNorm = 0.5261, lr_0 = 2.9183e-04
Loss = 2.0123e-02, PNorm = 120.3357, GNorm = 0.3888, lr_0 = 2.9183e-04
Loss = 2.7372e-02, PNorm = 120.3559, GNorm = 0.5291, lr_0 = 2.9183e-04
Loss = 3.0688e-02, PNorm = 120.3859, GNorm = 0.4256, lr_0 = 2.9183e-04
Validation rmse = 30.066255
Epoch 38
Loss = 2.7387e-02, PNorm = 120.4180, GNorm = 0.3246, lr_0 = 2.9183e-04
Loss = 2.2503e-02, PNorm = 120.4497, GNorm = 0.3136, lr_0 = 2.9183e-04
Loss = 2.8053e-02, PNorm = 120.4742, GNorm = 0.3934, lr_0 = 2.9183e-04
Loss = 2.8393e-02, PNorm = 120.5016, GNorm = 0.6015, lr_0 = 2.9183e-04
Loss = 2.6413e-02, PNorm = 120.5308, GNorm = 0.3489, lr_0 = 2.9183e-04
Loss = 2.2387e-02, PNorm = 120.5581, GNorm = 0.4620, lr_0 = 2.9183e-04
Loss = 2.3771e-02, PNorm = 120.5808, GNorm = 0.3970, lr_0 = 2.9183e-04
Loss = 2.3836e-02, PNorm = 120.6057, GNorm = 0.3049, lr_0 = 2.9183e-04
Loss = 2.4019e-02, PNorm = 120.6284, GNorm = 0.6038, lr_0 = 2.9183e-04
Loss = 2.4204e-02, PNorm = 120.6509, GNorm = 0.2316, lr_0 = 2.9183e-04
Loss = 2.3230e-02, PNorm = 120.6722, GNorm = 0.2797, lr_0 = 2.9183e-04
Loss = 3.0757e-02, PNorm = 120.6934, GNorm = 0.6789, lr_0 = 2.9183e-04
Loss = 2.3933e-02, PNorm = 120.7237, GNorm = 0.6661, lr_0 = 2.9183e-04
Loss = 2.4874e-02, PNorm = 120.7581, GNorm = 0.3009, lr_0 = 2.9183e-04
Loss = 2.9652e-02, PNorm = 120.7944, GNorm = 0.2547, lr_0 = 2.9183e-04
Loss = 2.2700e-02, PNorm = 120.8257, GNorm = 0.1604, lr_0 = 2.9183e-04
Loss = 2.7262e-02, PNorm = 120.8565, GNorm = 0.3002, lr_0 = 2.9183e-04
Loss = 3.0339e-02, PNorm = 120.8881, GNorm = 0.5013, lr_0 = 2.9183e-04
Loss = 3.0412e-02, PNorm = 120.9228, GNorm = 0.2725, lr_0 = 2.9183e-04
Validation rmse = 27.009877
Epoch 39
Loss = 2.6481e-02, PNorm = 120.9520, GNorm = 0.5004, lr_0 = 2.9183e-04
Loss = 2.5320e-02, PNorm = 120.9866, GNorm = 0.3671, lr_0 = 2.9183e-04
Loss = 1.9569e-02, PNorm = 121.0110, GNorm = 0.2827, lr_0 = 2.9183e-04
Loss = 2.5396e-02, PNorm = 121.0347, GNorm = 0.5174, lr_0 = 2.9183e-04
Loss = 2.2449e-02, PNorm = 121.0619, GNorm = 0.3216, lr_0 = 2.9183e-04
Loss = 2.5604e-02, PNorm = 121.0848, GNorm = 0.4459, lr_0 = 2.9183e-04
Loss = 2.8719e-02, PNorm = 121.1105, GNorm = 0.2688, lr_0 = 2.9183e-04
Loss = 2.5891e-02, PNorm = 121.1414, GNorm = 0.3374, lr_0 = 2.9183e-04
Loss = 2.6233e-02, PNorm = 121.1684, GNorm = 0.3089, lr_0 = 2.9183e-04
Loss = 2.7565e-02, PNorm = 121.2020, GNorm = 0.6293, lr_0 = 2.9183e-04
Loss = 2.2864e-02, PNorm = 121.2319, GNorm = 0.1579, lr_0 = 2.9183e-04
Loss = 2.5081e-02, PNorm = 121.2608, GNorm = 0.3198, lr_0 = 2.9183e-04
Loss = 2.2674e-02, PNorm = 121.2891, GNorm = 0.3152, lr_0 = 2.9183e-04
Loss = 2.3721e-02, PNorm = 121.3101, GNorm = 0.4391, lr_0 = 2.9183e-04
Loss = 2.4725e-02, PNorm = 121.3382, GNorm = 0.3771, lr_0 = 2.9183e-04
Loss = 2.0806e-02, PNorm = 121.3681, GNorm = 0.2256, lr_0 = 2.9183e-04
Loss = 2.6114e-02, PNorm = 121.3968, GNorm = 0.5062, lr_0 = 2.9183e-04
Loss = 2.2480e-02, PNorm = 121.4255, GNorm = 0.2559, lr_0 = 2.9183e-04
Loss = 2.4474e-02, PNorm = 121.4468, GNorm = 0.3180, lr_0 = 2.9183e-04
Loss = 2.7553e-02, PNorm = 121.4725, GNorm = 0.5006, lr_0 = 2.9183e-04
Validation rmse = 28.664204
Epoch 40
Loss = 1.9138e-02, PNorm = 121.5060, GNorm = 0.3476, lr_0 = 2.9183e-04
Loss = 2.0541e-02, PNorm = 121.5346, GNorm = 0.2581, lr_0 = 2.9183e-04
Loss = 2.0422e-02, PNorm = 121.5605, GNorm = 0.2282, lr_0 = 2.9183e-04
Loss = 2.5367e-02, PNorm = 121.5819, GNorm = 0.3876, lr_0 = 2.9183e-04
Loss = 2.0191e-02, PNorm = 121.6064, GNorm = 0.1902, lr_0 = 2.9183e-04
Loss = 2.0883e-02, PNorm = 121.6272, GNorm = 0.3641, lr_0 = 2.9183e-04
Loss = 2.2977e-02, PNorm = 121.6487, GNorm = 0.2246, lr_0 = 2.9183e-04
Loss = 2.0488e-02, PNorm = 121.6700, GNorm = 0.3246, lr_0 = 2.9183e-04
Loss = 2.6734e-02, PNorm = 121.6926, GNorm = 0.2721, lr_0 = 2.9183e-04
Loss = 2.2527e-02, PNorm = 121.7148, GNorm = 0.3900, lr_0 = 2.9183e-04
Loss = 2.2757e-02, PNorm = 121.7407, GNorm = 0.4150, lr_0 = 2.9183e-04
Loss = 2.8061e-02, PNorm = 121.7648, GNorm = 0.4151, lr_0 = 2.9183e-04
Loss = 2.1651e-02, PNorm = 121.7911, GNorm = 0.2744, lr_0 = 2.9183e-04
Loss = 2.6038e-02, PNorm = 121.8221, GNorm = 0.2674, lr_0 = 2.9183e-04
Loss = 2.4773e-02, PNorm = 121.8536, GNorm = 0.3211, lr_0 = 2.9183e-04
Loss = 2.2856e-02, PNorm = 121.8748, GNorm = 0.2912, lr_0 = 2.9183e-04
Loss = 2.9299e-02, PNorm = 121.9014, GNorm = 0.6940, lr_0 = 2.9183e-04
Loss = 3.1526e-02, PNorm = 121.9366, GNorm = 0.5629, lr_0 = 2.9183e-04
Loss = 2.9762e-02, PNorm = 121.9720, GNorm = 0.4772, lr_0 = 2.9183e-04
Loss = 2.5154e-02, PNorm = 122.0065, GNorm = 0.2436, lr_0 = 2.9183e-04
Validation rmse = 28.261732
Epoch 41
Loss = 2.0411e-02, PNorm = 122.0333, GNorm = 0.3564, lr_0 = 2.9183e-04
Loss = 2.2784e-02, PNorm = 122.0693, GNorm = 0.3746, lr_0 = 2.9183e-04
Loss = 2.2091e-02, PNorm = 122.0937, GNorm = 0.2707, lr_0 = 2.9183e-04
Loss = 2.0153e-02, PNorm = 122.1180, GNorm = 0.2707, lr_0 = 2.9183e-04
Loss = 1.8821e-02, PNorm = 122.1430, GNorm = 0.1594, lr_0 = 2.9183e-04
Loss = 2.5930e-02, PNorm = 122.1582, GNorm = 0.2694, lr_0 = 2.9183e-04
Loss = 2.3227e-02, PNorm = 122.1771, GNorm = 0.5108, lr_0 = 2.9183e-04
Loss = 2.3663e-02, PNorm = 122.2037, GNorm = 0.3303, lr_0 = 2.9183e-04
Loss = 2.5269e-02, PNorm = 122.2348, GNorm = 0.3060, lr_0 = 2.9183e-04
Loss = 2.0615e-02, PNorm = 122.2615, GNorm = 0.3321, lr_0 = 2.9183e-04
Loss = 2.6809e-02, PNorm = 122.2830, GNorm = 0.6076, lr_0 = 2.9183e-04
Loss = 2.2382e-02, PNorm = 122.3079, GNorm = 0.1953, lr_0 = 2.9183e-04
Loss = 2.6075e-02, PNorm = 122.3349, GNorm = 0.4619, lr_0 = 2.9183e-04
Loss = 2.2233e-02, PNorm = 122.3684, GNorm = 0.3047, lr_0 = 2.9183e-04
Loss = 2.1198e-02, PNorm = 122.3927, GNorm = 0.1985, lr_0 = 2.9183e-04
Loss = 2.0606e-02, PNorm = 122.4119, GNorm = 0.3658, lr_0 = 2.9183e-04
Loss = 2.1897e-02, PNorm = 122.4369, GNorm = 0.3086, lr_0 = 2.9183e-04
Loss = 2.5923e-02, PNorm = 122.4629, GNorm = 0.1817, lr_0 = 2.9183e-04
Loss = 1.9429e-02, PNorm = 122.4870, GNorm = 0.3027, lr_0 = 2.9183e-04
Loss = 2.6773e-02, PNorm = 122.5166, GNorm = 0.4227, lr_0 = 2.9183e-04
Loss = 1.0205e-02, PNorm = 122.5196, GNorm = 0.1947, lr_0 = 2.9183e-04
Validation rmse = 27.389907
Epoch 42
Loss = 2.2688e-02, PNorm = 122.5529, GNorm = 0.1504, lr_0 = 2.9183e-04
Loss = 2.4236e-02, PNorm = 122.5775, GNorm = 0.2250, lr_0 = 2.9183e-04
Loss = 1.8203e-02, PNorm = 122.5967, GNorm = 0.1855, lr_0 = 2.9183e-04
Loss = 2.1449e-02, PNorm = 122.6186, GNorm = 0.4373, lr_0 = 2.9183e-04
Loss = 2.4692e-02, PNorm = 122.6424, GNorm = 0.6523, lr_0 = 2.9183e-04
Loss = 2.2293e-02, PNorm = 122.6663, GNorm = 0.3785, lr_0 = 2.9183e-04
Loss = 2.6241e-02, PNorm = 122.6954, GNorm = 0.2584, lr_0 = 2.9183e-04
Loss = 2.3240e-02, PNorm = 122.7284, GNorm = 0.6698, lr_0 = 2.9183e-04
Loss = 2.0342e-02, PNorm = 122.7563, GNorm = 0.2748, lr_0 = 2.9183e-04
Loss = 2.2140e-02, PNorm = 122.7820, GNorm = 0.3149, lr_0 = 2.9183e-04
Loss = 2.1550e-02, PNorm = 122.8020, GNorm = 0.3015, lr_0 = 2.9183e-04
Loss = 1.9738e-02, PNorm = 122.8226, GNorm = 0.5335, lr_0 = 2.9183e-04
Loss = 2.3825e-02, PNorm = 122.8522, GNorm = 0.3416, lr_0 = 2.9183e-04
Loss = 2.0811e-02, PNorm = 122.8771, GNorm = 0.5460, lr_0 = 2.9183e-04
Loss = 2.1969e-02, PNorm = 122.9018, GNorm = 0.4483, lr_0 = 2.9183e-04
Loss = 2.2571e-02, PNorm = 122.9334, GNorm = 0.3055, lr_0 = 2.9183e-04
Loss = 2.0970e-02, PNorm = 122.9602, GNorm = 0.3783, lr_0 = 2.9183e-04
Loss = 2.4064e-02, PNorm = 122.9937, GNorm = 0.3023, lr_0 = 2.9183e-04
Loss = 2.2490e-02, PNorm = 123.0183, GNorm = 0.2816, lr_0 = 2.9183e-04
Validation rmse = 28.010382
Epoch 43
Loss = 1.4625e-02, PNorm = 123.0463, GNorm = 0.3102, lr_0 = 2.9183e-04
Loss = 2.3941e-02, PNorm = 123.0741, GNorm = 0.1726, lr_0 = 2.9183e-04
Loss = 2.0459e-02, PNorm = 123.0983, GNorm = 0.3639, lr_0 = 2.9183e-04
Loss = 1.7970e-02, PNorm = 123.1232, GNorm = 0.2777, lr_0 = 2.9183e-04
Loss = 2.4730e-02, PNorm = 123.1459, GNorm = 0.2039, lr_0 = 2.9183e-04
Loss = 2.1991e-02, PNorm = 123.1746, GNorm = 0.2773, lr_0 = 2.9183e-04
Loss = 2.1558e-02, PNorm = 123.2035, GNorm = 0.2686, lr_0 = 2.9183e-04
Loss = 1.6398e-02, PNorm = 123.2307, GNorm = 0.1596, lr_0 = 2.9183e-04
Loss = 1.8557e-02, PNorm = 123.2550, GNorm = 0.3367, lr_0 = 2.9183e-04
Loss = 2.1957e-02, PNorm = 123.2800, GNorm = 0.2773, lr_0 = 2.9183e-04
Loss = 2.1187e-02, PNorm = 123.3057, GNorm = 0.2214, lr_0 = 2.9183e-04
Loss = 2.0736e-02, PNorm = 123.3271, GNorm = 0.3426, lr_0 = 2.9183e-04
Loss = 2.6525e-02, PNorm = 123.3546, GNorm = 0.3469, lr_0 = 2.9183e-04
Loss = 2.2273e-02, PNorm = 123.3876, GNorm = 0.2469, lr_0 = 2.9183e-04
Loss = 1.9476e-02, PNorm = 123.4178, GNorm = 0.2027, lr_0 = 2.9183e-04
Loss = 2.1933e-02, PNorm = 123.4515, GNorm = 0.2342, lr_0 = 2.9183e-04
Loss = 1.7962e-02, PNorm = 123.4780, GNorm = 0.3157, lr_0 = 2.9183e-04
Loss = 2.9791e-02, PNorm = 123.4995, GNorm = 0.2302, lr_0 = 2.9183e-04
Loss = 3.5792e-02, PNorm = 123.5387, GNorm = 0.4690, lr_0 = 2.9183e-04
Loss = 3.0325e-02, PNorm = 123.5889, GNorm = 0.3641, lr_0 = 2.9183e-04
Validation rmse = 28.194518
Epoch 44
Loss = 2.9206e-02, PNorm = 123.6349, GNorm = 0.3446, lr_0 = 2.9183e-04
Loss = 2.0706e-02, PNorm = 123.6716, GNorm = 0.2953, lr_0 = 2.9183e-04
Loss = 1.7839e-02, PNorm = 123.6973, GNorm = 0.1604, lr_0 = 2.9183e-04
Loss = 2.2951e-02, PNorm = 123.7275, GNorm = 0.3672, lr_0 = 2.9183e-04
Loss = 2.1710e-02, PNorm = 123.7562, GNorm = 0.3397, lr_0 = 2.9183e-04
Loss = 2.0458e-02, PNorm = 123.7805, GNorm = 0.2566, lr_0 = 2.9183e-04
Loss = 2.3751e-02, PNorm = 123.8081, GNorm = 0.3991, lr_0 = 2.9183e-04
Loss = 1.8190e-02, PNorm = 123.8338, GNorm = 0.3873, lr_0 = 2.9183e-04
Loss = 1.8788e-02, PNorm = 123.8538, GNorm = 0.2036, lr_0 = 2.9183e-04
Loss = 2.1026e-02, PNorm = 123.8784, GNorm = 0.2993, lr_0 = 2.9183e-04
Loss = 2.2944e-02, PNorm = 123.9075, GNorm = 0.3664, lr_0 = 2.9183e-04
Loss = 2.7199e-02, PNorm = 123.9411, GNorm = 0.4916, lr_0 = 2.9183e-04
Loss = 3.1837e-02, PNorm = 123.9816, GNorm = 0.4196, lr_0 = 2.9183e-04
Loss = 2.4404e-02, PNorm = 124.0255, GNorm = 0.2200, lr_0 = 2.9183e-04
Loss = 2.1341e-02, PNorm = 124.0579, GNorm = 0.2855, lr_0 = 2.9183e-04
Loss = 1.9329e-02, PNorm = 124.0842, GNorm = 0.2911, lr_0 = 2.9183e-04
Loss = 2.1437e-02, PNorm = 124.1152, GNorm = 0.1691, lr_0 = 2.9183e-04
Loss = 2.0593e-02, PNorm = 124.1471, GNorm = 0.3718, lr_0 = 2.9183e-04
Loss = 1.9379e-02, PNorm = 124.1752, GNorm = 0.3030, lr_0 = 2.9183e-04
Loss = 2.0353e-02, PNorm = 124.1990, GNorm = 0.2288, lr_0 = 2.9183e-04
Validation rmse = 28.164879
Epoch 45
Loss = 2.1422e-02, PNorm = 124.2311, GNorm = 0.2764, lr_0 = 2.9183e-04
Loss = 2.0256e-02, PNorm = 124.2595, GNorm = 0.2515, lr_0 = 2.9183e-04
Loss = 2.0022e-02, PNorm = 124.2855, GNorm = 0.3685, lr_0 = 2.9183e-04
Loss = 1.9511e-02, PNorm = 124.3111, GNorm = 0.2723, lr_0 = 2.9183e-04
Loss = 2.0200e-02, PNorm = 124.3370, GNorm = 0.2823, lr_0 = 2.9183e-04
Loss = 1.8532e-02, PNorm = 124.3592, GNorm = 0.2460, lr_0 = 2.9183e-04
Loss = 2.4352e-02, PNorm = 124.3846, GNorm = 0.4589, lr_0 = 2.9183e-04
Loss = 2.2257e-02, PNorm = 124.4133, GNorm = 0.2528, lr_0 = 2.9183e-04
Loss = 2.2888e-02, PNorm = 124.4468, GNorm = 0.3165, lr_0 = 2.9183e-04
Loss = 1.7224e-02, PNorm = 124.4779, GNorm = 0.3672, lr_0 = 2.9183e-04
Loss = 1.8825e-02, PNorm = 124.5010, GNorm = 0.2862, lr_0 = 2.9183e-04
Loss = 1.7863e-02, PNorm = 124.5267, GNorm = 0.4362, lr_0 = 2.9183e-04
Loss = 2.2696e-02, PNorm = 124.5525, GNorm = 0.2317, lr_0 = 2.9183e-04
Loss = 1.8108e-02, PNorm = 124.5805, GNorm = 0.5235, lr_0 = 2.9183e-04
Loss = 2.2618e-02, PNorm = 124.6043, GNorm = 0.4435, lr_0 = 2.9183e-04
Loss = 2.4247e-02, PNorm = 124.6333, GNorm = 0.5572, lr_0 = 2.9183e-04
Loss = 1.9299e-02, PNorm = 124.6649, GNorm = 0.3327, lr_0 = 2.9183e-04
Loss = 1.7840e-02, PNorm = 124.6882, GNorm = 0.3348, lr_0 = 2.9183e-04
Loss = 2.2137e-02, PNorm = 124.7118, GNorm = 0.4836, lr_0 = 2.9183e-04
Loss = 2.0112e-02, PNorm = 124.7317, GNorm = 0.3674, lr_0 = 2.9183e-04
Validation rmse = 27.706052
Epoch 46
Loss = 1.5942e-02, PNorm = 124.7576, GNorm = 0.1882, lr_0 = 2.9183e-04
Loss = 1.9394e-02, PNorm = 124.7839, GNorm = 0.2505, lr_0 = 2.9183e-04
Loss = 1.9339e-02, PNorm = 124.8133, GNorm = 0.2346, lr_0 = 2.9183e-04
Loss = 2.3185e-02, PNorm = 124.8396, GNorm = 0.4710, lr_0 = 2.9183e-04
Loss = 2.1850e-02, PNorm = 124.8675, GNorm = 0.2523, lr_0 = 2.9183e-04
Loss = 2.3271e-02, PNorm = 124.8993, GNorm = 0.4149, lr_0 = 2.9183e-04
Loss = 2.0989e-02, PNorm = 124.9351, GNorm = 0.2782, lr_0 = 2.9183e-04
Loss = 1.9907e-02, PNorm = 124.9603, GNorm = 0.3686, lr_0 = 2.9183e-04
Loss = 1.9396e-02, PNorm = 124.9924, GNorm = 0.4576, lr_0 = 2.9183e-04
Loss = 2.9169e-02, PNorm = 125.0349, GNorm = 0.7904, lr_0 = 2.9183e-04
Loss = 2.5443e-02, PNorm = 125.0752, GNorm = 0.2499, lr_0 = 2.9183e-04
Loss = 2.1692e-02, PNorm = 125.1135, GNorm = 0.1981, lr_0 = 2.9183e-04
Loss = 2.5812e-02, PNorm = 125.1457, GNorm = 0.3689, lr_0 = 2.9183e-04
Loss = 2.1232e-02, PNorm = 125.1795, GNorm = 0.2457, lr_0 = 2.9183e-04
Loss = 2.1469e-02, PNorm = 125.2078, GNorm = 0.9842, lr_0 = 2.9183e-04
Loss = 2.7925e-02, PNorm = 125.2386, GNorm = 0.5750, lr_0 = 2.9183e-04
Loss = 3.0996e-02, PNorm = 125.2726, GNorm = 0.3938, lr_0 = 2.9183e-04
Loss = 2.6664e-02, PNorm = 125.3154, GNorm = 0.3231, lr_0 = 2.9183e-04
Loss = 2.0570e-02, PNorm = 125.3530, GNorm = 0.2322, lr_0 = 2.9183e-04
Validation rmse = 28.162378
Epoch 47
Loss = 2.6949e-02, PNorm = 125.3824, GNorm = 0.5713, lr_0 = 2.9183e-04
Loss = 1.8830e-02, PNorm = 125.4137, GNorm = 0.3478, lr_0 = 2.9183e-04
Loss = 2.1442e-02, PNorm = 125.4456, GNorm = 0.5197, lr_0 = 2.9183e-04
Loss = 2.2136e-02, PNorm = 125.4731, GNorm = 0.2137, lr_0 = 2.9183e-04
Loss = 2.0316e-02, PNorm = 125.5056, GNorm = 0.1841, lr_0 = 2.9183e-04
Loss = 2.0701e-02, PNorm = 125.5333, GNorm = 0.1903, lr_0 = 2.9183e-04
Loss = 1.8729e-02, PNorm = 125.5615, GNorm = 0.4880, lr_0 = 2.9183e-04
Loss = 2.0387e-02, PNorm = 125.5898, GNorm = 0.4293, lr_0 = 2.9183e-04
Loss = 1.7585e-02, PNorm = 125.6213, GNorm = 0.3266, lr_0 = 2.9183e-04
Loss = 1.9194e-02, PNorm = 125.6449, GNorm = 0.3535, lr_0 = 2.9183e-04
Loss = 1.8021e-02, PNorm = 125.6685, GNorm = 0.1788, lr_0 = 2.9183e-04
Loss = 1.7949e-02, PNorm = 125.6949, GNorm = 0.2679, lr_0 = 2.9183e-04
Loss = 2.3893e-02, PNorm = 125.7238, GNorm = 0.2350, lr_0 = 2.9183e-04
Loss = 1.8961e-02, PNorm = 125.7540, GNorm = 0.2820, lr_0 = 2.9183e-04
Loss = 1.7714e-02, PNorm = 125.7812, GNorm = 0.1963, lr_0 = 2.9183e-04
Loss = 1.7349e-02, PNorm = 125.8015, GNorm = 0.2690, lr_0 = 2.9183e-04
Loss = 2.2125e-02, PNorm = 125.8303, GNorm = 0.3431, lr_0 = 2.9183e-04
Loss = 2.0694e-02, PNorm = 125.8592, GNorm = 0.2788, lr_0 = 2.9183e-04
Loss = 1.9323e-02, PNorm = 125.8820, GNorm = 0.3159, lr_0 = 2.9183e-04
Loss = 1.8402e-02, PNorm = 125.9107, GNorm = 0.3137, lr_0 = 2.9183e-04
Validation rmse = 28.491843
Epoch 48
Loss = 2.0429e-02, PNorm = 125.9360, GNorm = 0.4266, lr_0 = 2.9183e-04
Loss = 1.8625e-02, PNorm = 125.9651, GNorm = 0.2659, lr_0 = 2.9183e-04
Loss = 1.9994e-02, PNorm = 125.9964, GNorm = 0.4679, lr_0 = 2.9183e-04
Loss = 1.8310e-02, PNorm = 126.0206, GNorm = 0.2997, lr_0 = 2.9183e-04
Loss = 2.3389e-02, PNorm = 126.0454, GNorm = 0.3698, lr_0 = 2.9183e-04
Loss = 2.0478e-02, PNorm = 126.0785, GNorm = 0.2234, lr_0 = 2.9183e-04
Loss = 2.2754e-02, PNorm = 126.1080, GNorm = 0.2010, lr_0 = 2.9183e-04
Loss = 1.9129e-02, PNorm = 126.1360, GNorm = 0.2605, lr_0 = 2.9183e-04
Loss = 1.7733e-02, PNorm = 126.1641, GNorm = 0.2365, lr_0 = 2.9183e-04
Loss = 1.9894e-02, PNorm = 126.1923, GNorm = 0.3772, lr_0 = 2.9183e-04
Loss = 1.8173e-02, PNorm = 126.2178, GNorm = 0.3804, lr_0 = 2.9183e-04
Loss = 2.0760e-02, PNorm = 126.2437, GNorm = 0.2231, lr_0 = 2.9183e-04
Loss = 2.3053e-02, PNorm = 126.2672, GNorm = 0.2952, lr_0 = 2.9183e-04
Loss = 1.6932e-02, PNorm = 126.2935, GNorm = 0.4630, lr_0 = 2.9183e-04
Loss = 1.7981e-02, PNorm = 126.3232, GNorm = 0.2254, lr_0 = 2.9183e-04
Loss = 1.6652e-02, PNorm = 126.3511, GNorm = 0.1925, lr_0 = 2.9183e-04
Loss = 2.1489e-02, PNorm = 126.3760, GNorm = 0.4451, lr_0 = 2.9183e-04
Loss = 2.1596e-02, PNorm = 126.4009, GNorm = 0.2689, lr_0 = 2.9183e-04
Loss = 2.0429e-02, PNorm = 126.4296, GNorm = 0.2366, lr_0 = 2.9183e-04
Loss = 1.7433e-02, PNorm = 126.4541, GNorm = 0.2383, lr_0 = 2.9183e-04
Validation rmse = 27.534330
Epoch 49
Loss = 1.8201e-02, PNorm = 126.4814, GNorm = 0.3279, lr_0 = 2.9183e-04
Loss = 1.6055e-02, PNorm = 126.5079, GNorm = 0.1233, lr_0 = 2.9183e-04
Loss = 1.8235e-02, PNorm = 126.5311, GNorm = 0.3661, lr_0 = 2.9183e-04
Loss = 1.6270e-02, PNorm = 126.5559, GNorm = 0.2581, lr_0 = 2.9183e-04
Loss = 1.7796e-02, PNorm = 126.5859, GNorm = 0.1478, lr_0 = 2.9183e-04
Loss = 1.9388e-02, PNorm = 126.6158, GNorm = 0.2744, lr_0 = 2.9183e-04
Loss = 1.8416e-02, PNorm = 126.6418, GNorm = 0.4858, lr_0 = 2.9183e-04
Loss = 1.9847e-02, PNorm = 126.6616, GNorm = 0.2458, lr_0 = 2.9183e-04
Loss = 1.7439e-02, PNorm = 126.6874, GNorm = 0.3059, lr_0 = 2.9183e-04
Loss = 1.7961e-02, PNorm = 126.7124, GNorm = 0.3146, lr_0 = 2.9183e-04
Loss = 2.0726e-02, PNorm = 126.7414, GNorm = 0.3588, lr_0 = 2.9183e-04
Loss = 2.0259e-02, PNorm = 126.7674, GNorm = 0.8627, lr_0 = 2.9183e-04
Loss = 1.8130e-02, PNorm = 126.7953, GNorm = 0.2773, lr_0 = 2.9183e-04
Loss = 1.5559e-02, PNorm = 126.8216, GNorm = 0.1936, lr_0 = 2.9183e-04
Loss = 1.7812e-02, PNorm = 126.8484, GNorm = 0.1630, lr_0 = 2.9183e-04
Loss = 2.0547e-02, PNorm = 126.8750, GNorm = 0.2377, lr_0 = 2.9183e-04
Loss = 1.9227e-02, PNorm = 126.9023, GNorm = 0.3027, lr_0 = 2.9183e-04
Loss = 1.7755e-02, PNorm = 126.9333, GNorm = 0.2447, lr_0 = 2.9183e-04
Loss = 2.0195e-02, PNorm = 126.9639, GNorm = 0.2896, lr_0 = 2.9183e-04
Loss = 1.7107e-02, PNorm = 126.9939, GNorm = 0.3002, lr_0 = 2.9183e-04
Validation rmse = 29.911206
Model 0 best validation rmse = 27.009877 on epoch 38
Loading pretrained parameter "encoder.encoder.0.cached_zero_vector".
Loading pretrained parameter "encoder.encoder.0.W_i.weight".
Loading pretrained parameter "encoder.encoder.0.W_h.weight".
Loading pretrained parameter "encoder.encoder.0.W_o.weight".
Loading pretrained parameter "encoder.encoder.0.W_o.bias".
Loading pretrained parameter "encoder.encoder.1.cached_zero_vector".
Loading pretrained parameter "encoder.encoder.1.W_i.weight".
Loading pretrained parameter "encoder.encoder.1.W_h.weight".
Loading pretrained parameter "encoder.encoder.1.W_o.weight".
Loading pretrained parameter "encoder.encoder.1.W_o.bias".
Loading pretrained parameter "ffn.1.weight".
Loading pretrained parameter "ffn.1.bias".
Loading pretrained parameter "ffn.4.weight".
Loading pretrained parameter "ffn.4.bias".
Loading pretrained parameter "ffn.7.weight".
Loading pretrained parameter "ffn.7.bias".
Moving model to cuda
Model 0 test rmse = 27.184099
Ensemble test rmse = 27.184099
1-fold cross validation
	Seed 0 ==> test rmse = 27.184099
Overall test rmse = 27.184099 +/- 0.000000
Elapsed time = 0:38:24
