Command line
python /home/kpg/chemprop/train.py --data_path ../../../data/splits/lambda_max_abs/deep4chem/group_by_smiles/smiles_target_train.csv --dataset_type regression --save_dir /home/kimele03/uvvisml/uvvisml/models/lambda_max_emi_checkpoints/group_by_smiles/results/507104/49667876 --config_path /home/kimele03/uvvisml/uvvisml/models/lambda_max_emi_checkpoints/group_by_smiles/results/507104/49667876/hyperopt.json --metric rmse --epochs 50 --gpu 0 --ensemble_size 1 --separate_val_path ../../../data/splits/lambda_max_abs/deep4chem/group_by_smiles/smiles_target_val.csv --separate_test_path ../../../data/splits/lambda_max_abs/deep4chem/group_by_smiles/smiles_target_test.csv --number_of_molecules 2
Args
{'activation': 'ReLU',
 'aggregation': 'mean',
 'aggregation_norm': 100,
 'atom_descriptor_scaling': True,
 'atom_descriptors': None,
 'atom_descriptors_path': None,
 'atom_descriptors_size': 0,
 'atom_features_size': 0,
 'atom_messages': False,
 'batch_size': 78,
 'bias': False,
 'bond_feature_scaling': True,
 'bond_features_path': None,
 'bond_features_size': 0,
 'cache_cutoff': 10000,
 'checkpoint_dir': None,
 'checkpoint_frzn': None,
 'checkpoint_path': None,
 'checkpoint_paths': None,
 'class_balance': False,
 'config_path': '/home/kimele03/uvvisml/uvvisml/models/lambda_max_emi_checkpoints/group_by_smiles/results/507104/49667876/hyperopt.json',
 'crossval_index_dir': None,
 'crossval_index_file': None,
 'crossval_index_sets': None,
 'cuda': True,
 'data_path': '../../../data/splits/lambda_max_abs/deep4chem/group_by_smiles/smiles_target_train.csv',
 'data_weights_path': None,
 'dataset_type': 'regression',
 'depth': 2,
 'device': device(type='cuda', index=0),
 'dropout': 0.29818033339407296,
 'empty_cache': False,
 'ensemble_size': 1,
 'epochs': 50,
 'explicit_h': False,
 'extra_metrics': [],
 'features_generator': None,
 'features_only': False,
 'features_path': None,
 'features_scaling': True,
 'features_size': None,
 'ffn_hidden_size': 1898,
 'ffn_num_layers': 2,
 'final_lr': 1.347283847421454e-05,
 'folds_file': None,
 'freeze_first_only': False,
 'frzn_ffn_layers': 0,
 'gpu': 0,
 'grad_clip': None,
 'hidden_size': 1923,
 'ignore_columns': None,
 'init_lr': 9.059186745279155e-07,
 'log_frequency': 10,
 'max_data_size': None,
 'max_lr': 0.0004397371644544829,
 'metric': 'rmse',
 'metrics': ['rmse'],
 'minimize_score': True,
 'mpn_shared': False,
 'multiclass_num_classes': 3,
 'no_atom_descriptor_scaling': False,
 'no_bond_features_scaling': False,
 'no_cache_mol': False,
 'no_cuda': False,
 'no_features_scaling': False,
 'num_folds': 1,
 'num_lrs': 1,
 'num_tasks': 1,
 'num_workers': 8,
 'number_of_molecules': 2,
 'overwrite_default_atom_features': False,
 'overwrite_default_bond_features': False,
 'pytorch_seed': 0,
 'quiet': False,
 'reaction': False,
 'reaction_mode': 'reac_diff',
 'resume_experiment': False,
 'save_dir': '/home/kimele03/uvvisml/uvvisml/models/lambda_max_emi_checkpoints/group_by_smiles/results/507104/49667876',
 'save_preds': False,
 'save_smiles_splits': False,
 'seed': 0,
 'separate_test_atom_descriptors_path': None,
 'separate_test_bond_features_path': None,
 'separate_test_features_path': None,
 'separate_test_path': '../../../data/splits/lambda_max_abs/deep4chem/group_by_smiles/smiles_target_test.csv',
 'separate_val_atom_descriptors_path': None,
 'separate_val_bond_features_path': None,
 'separate_val_features_path': None,
 'separate_val_path': '../../../data/splits/lambda_max_abs/deep4chem/group_by_smiles/smiles_target_val.csv',
 'show_individual_scores': False,
 'smiles_columns': ['smiles', 'solvent'],
 'split_sizes': (0.8, 0.1, 0.1),
 'split_type': 'random',
 'target_columns': None,
 'target_weights': None,
 'task_names': ['peakwavs_max'],
 'test': False,
 'test_fold_index': None,
 'train_data_size': None,
 'undirected': False,
 'use_input_features': False,
 'val_fold_index': None,
 'warmup_epochs': 2}
Loading data
Number of tasks = 1
Fold 0
Splitting data with seed 0
Total size = 13,242 | train size = 13,242 | val size = 1,633 | test size = 1,710
Fitting scaler
Building model 0
MoleculeModel(
  (encoder): MPN(
    (encoder): ModuleList(
      (0): MPNEncoder(
        (dropout_layer): Dropout(p=0.29818033339407296, inplace=False)
        (act_func): ReLU()
        (W_i): Linear(in_features=147, out_features=1923, bias=False)
        (W_h): Linear(in_features=1923, out_features=1923, bias=False)
        (W_o): Linear(in_features=2056, out_features=1923, bias=True)
      )
      (1): MPNEncoder(
        (dropout_layer): Dropout(p=0.29818033339407296, inplace=False)
        (act_func): ReLU()
        (W_i): Linear(in_features=147, out_features=1923, bias=False)
        (W_h): Linear(in_features=1923, out_features=1923, bias=False)
        (W_o): Linear(in_features=2056, out_features=1923, bias=True)
      )
    )
  )
  (ffn): Sequential(
    (0): Dropout(p=0.29818033339407296, inplace=False)
    (1): Linear(in_features=3846, out_features=1898, bias=True)
    (2): ReLU()
    (3): Dropout(p=0.29818033339407296, inplace=False)
    (4): Linear(in_features=1898, out_features=1, bias=True)
  )
)
Number of parameters = 23,179,793
Moving model to cuda
Epoch 0
Loss = 1.1345e+00, PNorm = 104.4477, GNorm = 6.3810, lr_0 = 1.5187e-05
Loss = 9.4094e-01, PNorm = 104.4481, GNorm = 4.9558, lr_0 = 2.8171e-05
Loss = 8.9518e-01, PNorm = 104.4494, GNorm = 4.9043, lr_0 = 4.1154e-05
Loss = 1.1719e+00, PNorm = 104.4520, GNorm = 6.6093, lr_0 = 5.4137e-05
Loss = 9.4209e-01, PNorm = 104.4563, GNorm = 3.1149, lr_0 = 6.7120e-05
Loss = 7.6545e-01, PNorm = 104.4633, GNorm = 2.7858, lr_0 = 8.0103e-05
Loss = 8.3630e-01, PNorm = 104.4720, GNorm = 10.9306, lr_0 = 9.3086e-05
Loss = 9.0180e-01, PNorm = 104.4823, GNorm = 3.1419, lr_0 = 1.0607e-04
Loss = 8.8863e-01, PNorm = 104.4964, GNorm = 3.1895, lr_0 = 1.1905e-04
Loss = 8.1116e-01, PNorm = 104.5156, GNorm = 6.5309, lr_0 = 1.3204e-04
Loss = 7.8043e-01, PNorm = 104.5384, GNorm = 3.4331, lr_0 = 1.4502e-04
Loss = 7.9096e-01, PNorm = 104.5598, GNorm = 3.7191, lr_0 = 1.5800e-04
Loss = 7.6397e-01, PNorm = 104.5874, GNorm = 3.6994, lr_0 = 1.7099e-04
Loss = 7.3920e-01, PNorm = 104.6156, GNorm = 2.5500, lr_0 = 1.8397e-04
Loss = 7.8687e-01, PNorm = 104.6495, GNorm = 3.3548, lr_0 = 1.9695e-04
Loss = 6.7864e-01, PNorm = 104.6834, GNorm = 9.3120, lr_0 = 2.0994e-04
Validation rmse = 83.018529
Epoch 1
Loss = 6.5361e-01, PNorm = 104.7218, GNorm = 1.4997, lr_0 = 2.2422e-04
Loss = 6.0301e-01, PNorm = 104.7686, GNorm = 4.6875, lr_0 = 2.3720e-04
Loss = 6.3950e-01, PNorm = 104.8189, GNorm = 9.0976, lr_0 = 2.5018e-04
Loss = 5.8919e-01, PNorm = 104.8711, GNorm = 3.5933, lr_0 = 2.6317e-04
Loss = 5.0412e-01, PNorm = 104.9271, GNorm = 7.2387, lr_0 = 2.7615e-04
Loss = 4.9102e-01, PNorm = 104.9863, GNorm = 2.1682, lr_0 = 2.8913e-04
Loss = 5.7501e-01, PNorm = 105.0423, GNorm = 3.4685, lr_0 = 3.0212e-04
Loss = 5.3977e-01, PNorm = 105.1118, GNorm = 2.7511, lr_0 = 3.1510e-04
Loss = 5.6999e-01, PNorm = 105.1782, GNorm = 2.9804, lr_0 = 3.2808e-04
Loss = 4.3769e-01, PNorm = 105.2444, GNorm = 1.6088, lr_0 = 3.4107e-04
Loss = 4.3794e-01, PNorm = 105.3083, GNorm = 5.9393, lr_0 = 3.5405e-04
Loss = 4.1869e-01, PNorm = 105.3830, GNorm = 4.7887, lr_0 = 3.6703e-04
Loss = 4.4695e-01, PNorm = 105.4512, GNorm = 3.3610, lr_0 = 3.8001e-04
Loss = 4.8447e-01, PNorm = 105.5177, GNorm = 3.2096, lr_0 = 3.9300e-04
Loss = 4.5631e-01, PNorm = 105.5989, GNorm = 5.3690, lr_0 = 4.0598e-04
Loss = 4.1752e-01, PNorm = 105.6794, GNorm = 0.9000, lr_0 = 4.1896e-04
Loss = 4.1426e-01, PNorm = 105.7581, GNorm = 1.1779, lr_0 = 4.3195e-04
Validation rmse = 65.590180
Epoch 2
Loss = 3.1223e-01, PNorm = 105.8269, GNorm = 0.9904, lr_0 = 4.3898e-04
Loss = 3.2134e-01, PNorm = 105.8846, GNorm = 3.3860, lr_0 = 4.3710e-04
Loss = 3.2009e-01, PNorm = 105.9467, GNorm = 0.8921, lr_0 = 4.3523e-04
Loss = 4.1470e-01, PNorm = 106.0034, GNorm = 5.1893, lr_0 = 4.3336e-04
Loss = 3.9920e-01, PNorm = 106.0825, GNorm = 1.2059, lr_0 = 4.3150e-04
Loss = 3.7733e-01, PNorm = 106.1522, GNorm = 1.7289, lr_0 = 4.2965e-04
Loss = 4.0766e-01, PNorm = 106.2170, GNorm = 1.5365, lr_0 = 4.2781e-04
Loss = 3.0579e-01, PNorm = 106.2761, GNorm = 1.1150, lr_0 = 4.2598e-04
Loss = 3.1806e-01, PNorm = 106.3357, GNorm = 2.2716, lr_0 = 4.2415e-04
Loss = 2.9145e-01, PNorm = 106.3851, GNorm = 1.7546, lr_0 = 4.2233e-04
Loss = 3.2209e-01, PNorm = 106.4489, GNorm = 1.0898, lr_0 = 4.2052e-04
Loss = 3.2018e-01, PNorm = 106.5018, GNorm = 3.2073, lr_0 = 4.1872e-04
Loss = 3.4044e-01, PNorm = 106.5580, GNorm = 2.9151, lr_0 = 4.1692e-04
Loss = 2.8441e-01, PNorm = 106.6150, GNorm = 1.7239, lr_0 = 4.1513e-04
Loss = 3.1967e-01, PNorm = 106.6804, GNorm = 1.9536, lr_0 = 4.1335e-04
Loss = 2.2581e-01, PNorm = 106.7320, GNorm = 2.1755, lr_0 = 4.1158e-04
Loss = 3.0412e-01, PNorm = 106.7822, GNorm = 2.0870, lr_0 = 4.0982e-04
Validation rmse = 58.023282
Epoch 3
Loss = 2.2631e-01, PNorm = 106.8315, GNorm = 1.3946, lr_0 = 4.0806e-04
Loss = 2.4658e-01, PNorm = 106.8814, GNorm = 1.1970, lr_0 = 4.0631e-04
Loss = 2.2172e-01, PNorm = 106.9271, GNorm = 1.2570, lr_0 = 4.0457e-04
Loss = 2.5725e-01, PNorm = 106.9746, GNorm = 1.0421, lr_0 = 4.0283e-04
Loss = 2.7681e-01, PNorm = 107.0264, GNorm = 4.3016, lr_0 = 4.0111e-04
Loss = 2.6912e-01, PNorm = 107.0757, GNorm = 2.2737, lr_0 = 3.9939e-04
Loss = 2.7397e-01, PNorm = 107.1221, GNorm = 0.9852, lr_0 = 3.9767e-04
Loss = 2.4763e-01, PNorm = 107.1713, GNorm = 1.3773, lr_0 = 3.9597e-04
Loss = 2.4876e-01, PNorm = 107.2308, GNorm = 7.2417, lr_0 = 3.9427e-04
Loss = 2.7423e-01, PNorm = 107.2777, GNorm = 2.3168, lr_0 = 3.9258e-04
Loss = 2.1477e-01, PNorm = 107.3294, GNorm = 1.4764, lr_0 = 3.9090e-04
Loss = 2.8847e-01, PNorm = 107.3785, GNorm = 1.5834, lr_0 = 3.8922e-04
Loss = 2.6744e-01, PNorm = 107.4231, GNorm = 1.4785, lr_0 = 3.8755e-04
Loss = 2.3795e-01, PNorm = 107.4710, GNorm = 1.8539, lr_0 = 3.8589e-04
Loss = 2.1781e-01, PNorm = 107.5254, GNorm = 0.8935, lr_0 = 3.8424e-04
Loss = 2.9223e-01, PNorm = 107.5696, GNorm = 4.5120, lr_0 = 3.8259e-04
Loss = 2.3545e-01, PNorm = 107.6219, GNorm = 2.5822, lr_0 = 3.8095e-04
Validation rmse = 56.972746
Epoch 4
Loss = 1.9209e-01, PNorm = 107.6779, GNorm = 1.2059, lr_0 = 3.7932e-04
Loss = 3.0075e-01, PNorm = 107.7398, GNorm = 4.3783, lr_0 = 3.7769e-04
Loss = 2.5065e-01, PNorm = 107.7955, GNorm = 1.4706, lr_0 = 3.7607e-04
Loss = 2.2658e-01, PNorm = 107.8499, GNorm = 1.3865, lr_0 = 3.7446e-04
Loss = 2.4003e-01, PNorm = 107.8998, GNorm = 2.5440, lr_0 = 3.7285e-04
Loss = 2.5778e-01, PNorm = 107.9539, GNorm = 2.8964, lr_0 = 3.7125e-04
Loss = 2.5393e-01, PNorm = 108.0064, GNorm = 2.6647, lr_0 = 3.6966e-04
Loss = 2.0041e-01, PNorm = 108.0493, GNorm = 1.5111, lr_0 = 3.6808e-04
Loss = 1.9129e-01, PNorm = 108.0884, GNorm = 1.6806, lr_0 = 3.6650e-04
Loss = 2.1218e-01, PNorm = 108.1257, GNorm = 1.6566, lr_0 = 3.6493e-04
Loss = 2.2686e-01, PNorm = 108.1668, GNorm = 3.2305, lr_0 = 3.6336e-04
Loss = 2.2227e-01, PNorm = 108.2150, GNorm = 0.8985, lr_0 = 3.6181e-04
Loss = 2.0776e-01, PNorm = 108.2611, GNorm = 2.1036, lr_0 = 3.6025e-04
Loss = 1.6834e-01, PNorm = 108.3111, GNorm = 0.8272, lr_0 = 3.5871e-04
Loss = 1.8478e-01, PNorm = 108.3570, GNorm = 1.0024, lr_0 = 3.5717e-04
Loss = 2.0032e-01, PNorm = 108.4006, GNorm = 1.0552, lr_0 = 3.5564e-04
Loss = 2.0708e-01, PNorm = 108.4563, GNorm = 1.6227, lr_0 = 3.5412e-04
Validation rmse = 50.330876
Epoch 5
Loss = 2.0968e-01, PNorm = 108.5065, GNorm = 1.0329, lr_0 = 3.5245e-04
Loss = 1.5919e-01, PNorm = 108.5586, GNorm = 0.6608, lr_0 = 3.5093e-04
Loss = 1.7607e-01, PNorm = 108.6032, GNorm = 2.1569, lr_0 = 3.4943e-04
Loss = 2.0980e-01, PNorm = 108.6497, GNorm = 2.0186, lr_0 = 3.4793e-04
Loss = 1.9905e-01, PNorm = 108.6889, GNorm = 5.3951, lr_0 = 3.4644e-04
Loss = 2.1545e-01, PNorm = 108.7446, GNorm = 1.1957, lr_0 = 3.4495e-04
Loss = 1.8469e-01, PNorm = 108.7946, GNorm = 0.8273, lr_0 = 3.4348e-04
Loss = 1.8615e-01, PNorm = 108.8487, GNorm = 1.0855, lr_0 = 3.4200e-04
Loss = 1.9131e-01, PNorm = 108.8986, GNorm = 1.7876, lr_0 = 3.4054e-04
Loss = 2.0424e-01, PNorm = 108.9543, GNorm = 1.5637, lr_0 = 3.3908e-04
Loss = 1.8826e-01, PNorm = 109.0041, GNorm = 1.7910, lr_0 = 3.3762e-04
Loss = 1.8039e-01, PNorm = 109.0422, GNorm = 2.6124, lr_0 = 3.3618e-04
Loss = 1.7564e-01, PNorm = 109.0844, GNorm = 1.7362, lr_0 = 3.3473e-04
Loss = 1.9588e-01, PNorm = 109.1357, GNorm = 0.7611, lr_0 = 3.3330e-04
Loss = 2.2721e-01, PNorm = 109.1846, GNorm = 1.0586, lr_0 = 3.3187e-04
Loss = 1.5957e-01, PNorm = 109.2325, GNorm = 1.0501, lr_0 = 3.3045e-04
Loss = 1.8901e-01, PNorm = 109.2733, GNorm = 0.7663, lr_0 = 3.2903e-04
Validation rmse = 51.227287
Epoch 6
Loss = 1.2973e-01, PNorm = 109.3218, GNorm = 0.6722, lr_0 = 3.2762e-04
Loss = 1.7424e-01, PNorm = 109.3723, GNorm = 0.6510, lr_0 = 3.2621e-04
Loss = 1.4912e-01, PNorm = 109.4052, GNorm = 1.2761, lr_0 = 3.2482e-04
Loss = 1.8357e-01, PNorm = 109.4472, GNorm = 0.6738, lr_0 = 3.2342e-04
Loss = 1.7274e-01, PNorm = 109.4914, GNorm = 1.0105, lr_0 = 3.2204e-04
Loss = 1.9766e-01, PNorm = 109.5313, GNorm = 1.3222, lr_0 = 3.2066e-04
Loss = 1.6622e-01, PNorm = 109.5698, GNorm = 1.1748, lr_0 = 3.1928e-04
Loss = 1.7653e-01, PNorm = 109.6101, GNorm = 0.9893, lr_0 = 3.1791e-04
Loss = 1.6401e-01, PNorm = 109.6633, GNorm = 1.3935, lr_0 = 3.1655e-04
Loss = 1.6979e-01, PNorm = 109.7085, GNorm = 0.9463, lr_0 = 3.1519e-04
Loss = 1.8556e-01, PNorm = 109.7506, GNorm = 0.6641, lr_0 = 3.1384e-04
Loss = 1.6358e-01, PNorm = 109.7932, GNorm = 1.3136, lr_0 = 3.1249e-04
Loss = 1.5698e-01, PNorm = 109.8339, GNorm = 2.0052, lr_0 = 3.1115e-04
Loss = 1.6431e-01, PNorm = 109.8720, GNorm = 1.2136, lr_0 = 3.0982e-04
Loss = 1.4822e-01, PNorm = 109.9031, GNorm = 0.8389, lr_0 = 3.0849e-04
Loss = 1.4705e-01, PNorm = 109.9402, GNorm = 1.3839, lr_0 = 3.0717e-04
Loss = 1.6086e-01, PNorm = 109.9808, GNorm = 1.5574, lr_0 = 3.0585e-04
Validation rmse = 49.613979
Epoch 7
Loss = 1.5284e-01, PNorm = 110.0203, GNorm = 0.6021, lr_0 = 3.0454e-04
Loss = 1.2998e-01, PNorm = 110.0621, GNorm = 0.9697, lr_0 = 3.0324e-04
Loss = 1.5263e-01, PNorm = 110.0936, GNorm = 0.7469, lr_0 = 3.0194e-04
Loss = 1.3769e-01, PNorm = 110.1314, GNorm = 1.0008, lr_0 = 3.0064e-04
Loss = 1.2799e-01, PNorm = 110.1633, GNorm = 1.0934, lr_0 = 2.9935e-04
Loss = 1.4940e-01, PNorm = 110.1990, GNorm = 1.9925, lr_0 = 2.9807e-04
Loss = 1.5376e-01, PNorm = 110.2368, GNorm = 1.4644, lr_0 = 2.9679e-04
Loss = 1.4611e-01, PNorm = 110.2747, GNorm = 1.1341, lr_0 = 2.9552e-04
Loss = 1.4905e-01, PNorm = 110.3054, GNorm = 1.3368, lr_0 = 2.9425e-04
Loss = 1.6015e-01, PNorm = 110.3445, GNorm = 0.8560, lr_0 = 2.9299e-04
Loss = 1.7090e-01, PNorm = 110.3892, GNorm = 1.6598, lr_0 = 2.9173e-04
Loss = 1.4163e-01, PNorm = 110.4376, GNorm = 0.5603, lr_0 = 2.9048e-04
Loss = 1.5797e-01, PNorm = 110.4758, GNorm = 2.1776, lr_0 = 2.8924e-04
Loss = 1.4070e-01, PNorm = 110.5215, GNorm = 1.2406, lr_0 = 2.8800e-04
Loss = 1.3456e-01, PNorm = 110.5518, GNorm = 0.8471, lr_0 = 2.8676e-04
Loss = 1.6637e-01, PNorm = 110.5851, GNorm = 2.0103, lr_0 = 2.8553e-04
Loss = 1.3719e-01, PNorm = 110.6233, GNorm = 1.4239, lr_0 = 2.8431e-04
Validation rmse = 44.462421
Epoch 8
Loss = 9.9370e-02, PNorm = 110.6660, GNorm = 1.4644, lr_0 = 2.8309e-04
Loss = 1.4097e-01, PNorm = 110.7039, GNorm = 1.2550, lr_0 = 2.8188e-04
Loss = 1.2749e-01, PNorm = 110.7318, GNorm = 0.7409, lr_0 = 2.8067e-04
Loss = 1.2541e-01, PNorm = 110.7653, GNorm = 1.2512, lr_0 = 2.7946e-04
Loss = 1.4461e-01, PNorm = 110.8018, GNorm = 1.9709, lr_0 = 2.7827e-04
Loss = 1.2173e-01, PNorm = 110.8380, GNorm = 0.8030, lr_0 = 2.7707e-04
Loss = 1.3074e-01, PNorm = 110.8723, GNorm = 0.5995, lr_0 = 2.7588e-04
Loss = 1.6031e-01, PNorm = 110.9044, GNorm = 1.2790, lr_0 = 2.7470e-04
Loss = 1.4657e-01, PNorm = 110.9371, GNorm = 0.5774, lr_0 = 2.7352e-04
Loss = 1.4952e-01, PNorm = 110.9717, GNorm = 3.2802, lr_0 = 2.7235e-04
Loss = 1.3290e-01, PNorm = 111.0101, GNorm = 0.4559, lr_0 = 2.7118e-04
Loss = 1.2784e-01, PNorm = 111.0530, GNorm = 0.6642, lr_0 = 2.7002e-04
Loss = 1.3065e-01, PNorm = 111.0844, GNorm = 0.7914, lr_0 = 2.6886e-04
Loss = 1.3791e-01, PNorm = 111.1209, GNorm = 2.0116, lr_0 = 2.6771e-04
Loss = 1.2551e-01, PNorm = 111.1584, GNorm = 0.7729, lr_0 = 2.6656e-04
Loss = 1.6000e-01, PNorm = 111.1902, GNorm = 2.3299, lr_0 = 2.6542e-04
Loss = 1.5457e-01, PNorm = 111.2295, GNorm = 1.1362, lr_0 = 2.6428e-04
Validation rmse = 46.959131
Epoch 9
Loss = 1.5213e-01, PNorm = 111.2661, GNorm = 1.2174, lr_0 = 2.6304e-04
Loss = 1.4568e-01, PNorm = 111.3094, GNorm = 0.6444, lr_0 = 2.6191e-04
Loss = 1.2431e-01, PNorm = 111.3405, GNorm = 0.6590, lr_0 = 2.6078e-04
Loss = 1.1533e-01, PNorm = 111.3759, GNorm = 0.7405, lr_0 = 2.5967e-04
Loss = 1.0880e-01, PNorm = 111.4041, GNorm = 0.7599, lr_0 = 2.5855e-04
Loss = 1.3460e-01, PNorm = 111.4289, GNorm = 0.7032, lr_0 = 2.5744e-04
Loss = 1.2338e-01, PNorm = 111.4545, GNorm = 2.9838, lr_0 = 2.5634e-04
Loss = 1.4186e-01, PNorm = 111.4865, GNorm = 1.6075, lr_0 = 2.5524e-04
Loss = 1.2474e-01, PNorm = 111.5246, GNorm = 0.7228, lr_0 = 2.5415e-04
Loss = 1.1465e-01, PNorm = 111.5532, GNorm = 0.7803, lr_0 = 2.5306e-04
Loss = 1.2693e-01, PNorm = 111.5759, GNorm = 1.4405, lr_0 = 2.5197e-04
Loss = 1.2809e-01, PNorm = 111.6088, GNorm = 0.8823, lr_0 = 2.5089e-04
Loss = 1.2047e-01, PNorm = 111.6357, GNorm = 1.8542, lr_0 = 2.4982e-04
Loss = 1.2015e-01, PNorm = 111.6701, GNorm = 0.8527, lr_0 = 2.4875e-04
Loss = 1.1685e-01, PNorm = 111.6983, GNorm = 0.9331, lr_0 = 2.4768e-04
Loss = 1.1299e-01, PNorm = 111.7297, GNorm = 1.3036, lr_0 = 2.4662e-04
Loss = 1.2596e-01, PNorm = 111.7668, GNorm = 0.6114, lr_0 = 2.4556e-04
Validation rmse = 40.899678
Epoch 10
Loss = 1.0125e-01, PNorm = 111.7988, GNorm = 0.9818, lr_0 = 2.4451e-04
Loss = 1.1277e-01, PNorm = 111.8259, GNorm = 0.5265, lr_0 = 2.4346e-04
Loss = 1.2422e-01, PNorm = 111.8547, GNorm = 1.1569, lr_0 = 2.4242e-04
Loss = 1.0953e-01, PNorm = 111.8817, GNorm = 0.5777, lr_0 = 2.4138e-04
Loss = 1.0451e-01, PNorm = 111.9116, GNorm = 0.5988, lr_0 = 2.4034e-04
Loss = 1.1512e-01, PNorm = 111.9407, GNorm = 0.9388, lr_0 = 2.3931e-04
Loss = 1.2401e-01, PNorm = 111.9651, GNorm = 0.6533, lr_0 = 2.3828e-04
Loss = 1.0666e-01, PNorm = 111.9913, GNorm = 0.6706, lr_0 = 2.3726e-04
Loss = 1.1048e-01, PNorm = 112.0184, GNorm = 0.8815, lr_0 = 2.3625e-04
Loss = 1.0670e-01, PNorm = 112.0455, GNorm = 0.7025, lr_0 = 2.3523e-04
Loss = 1.0198e-01, PNorm = 112.0740, GNorm = 0.7196, lr_0 = 2.3422e-04
Loss = 1.2415e-01, PNorm = 112.1007, GNorm = 0.9812, lr_0 = 2.3322e-04
Loss = 1.2493e-01, PNorm = 112.1214, GNorm = 0.8208, lr_0 = 2.3222e-04
Loss = 1.0949e-01, PNorm = 112.1521, GNorm = 1.0585, lr_0 = 2.3122e-04
Loss = 1.0928e-01, PNorm = 112.1834, GNorm = 0.5945, lr_0 = 2.3023e-04
Loss = 1.0717e-01, PNorm = 112.2079, GNorm = 1.7163, lr_0 = 2.2925e-04
Loss = 1.1966e-01, PNorm = 112.2312, GNorm = 0.6329, lr_0 = 2.2826e-04
Validation rmse = 39.297656
Epoch 11
Loss = 1.1855e-01, PNorm = 112.2552, GNorm = 0.8863, lr_0 = 2.2728e-04
Loss = 1.0063e-01, PNorm = 112.2818, GNorm = 2.0606, lr_0 = 2.2631e-04
Loss = 1.0774e-01, PNorm = 112.3084, GNorm = 1.2714, lr_0 = 2.2534e-04
Loss = 1.1848e-01, PNorm = 112.3356, GNorm = 1.1580, lr_0 = 2.2437e-04
Loss = 1.0382e-01, PNorm = 112.3663, GNorm = 1.2376, lr_0 = 2.2341e-04
Loss = 9.2311e-02, PNorm = 112.3989, GNorm = 0.4652, lr_0 = 2.2245e-04
Loss = 9.9907e-02, PNorm = 112.4225, GNorm = 1.0941, lr_0 = 2.2150e-04
Loss = 1.0172e-01, PNorm = 112.4454, GNorm = 0.4316, lr_0 = 2.2055e-04
Loss = 1.1540e-01, PNorm = 112.4637, GNorm = 0.4759, lr_0 = 2.1960e-04
Loss = 1.0858e-01, PNorm = 112.4897, GNorm = 2.7044, lr_0 = 2.1866e-04
Loss = 1.1110e-01, PNorm = 112.5169, GNorm = 1.0450, lr_0 = 2.1773e-04
Loss = 1.1804e-01, PNorm = 112.5497, GNorm = 1.9257, lr_0 = 2.1679e-04
Loss = 1.1476e-01, PNorm = 112.5771, GNorm = 0.6763, lr_0 = 2.1586e-04
Loss = 1.1566e-01, PNorm = 112.5976, GNorm = 1.1403, lr_0 = 2.1494e-04
Loss = 9.9160e-02, PNorm = 112.6209, GNorm = 0.5348, lr_0 = 2.1402e-04
Loss = 9.5431e-02, PNorm = 112.6430, GNorm = 0.8312, lr_0 = 2.1310e-04
Loss = 8.9941e-02, PNorm = 112.6618, GNorm = 1.0202, lr_0 = 2.1218e-04
Validation rmse = 39.196593
Epoch 12
Loss = 1.3963e-01, PNorm = 112.6862, GNorm = 0.7444, lr_0 = 2.1127e-04
Loss = 8.8696e-02, PNorm = 112.7065, GNorm = 0.5306, lr_0 = 2.1037e-04
Loss = 1.1199e-01, PNorm = 112.7299, GNorm = 0.6511, lr_0 = 2.0947e-04
Loss = 8.5641e-02, PNorm = 112.7553, GNorm = 0.4554, lr_0 = 2.0857e-04
Loss = 8.5083e-02, PNorm = 112.7718, GNorm = 0.5730, lr_0 = 2.0767e-04
Loss = 8.9839e-02, PNorm = 112.7897, GNorm = 0.8426, lr_0 = 2.0678e-04
Loss = 1.0758e-01, PNorm = 112.8141, GNorm = 1.0156, lr_0 = 2.0590e-04
Loss = 9.2645e-02, PNorm = 112.8355, GNorm = 0.6222, lr_0 = 2.0501e-04
Loss = 9.2390e-02, PNorm = 112.8571, GNorm = 0.4538, lr_0 = 2.0414e-04
Loss = 9.9367e-02, PNorm = 112.8747, GNorm = 2.1664, lr_0 = 2.0326e-04
Loss = 9.9599e-02, PNorm = 112.8953, GNorm = 0.8410, lr_0 = 2.0239e-04
Loss = 1.0058e-01, PNorm = 112.9187, GNorm = 1.7152, lr_0 = 2.0152e-04
Loss = 8.5173e-02, PNorm = 112.9418, GNorm = 1.0326, lr_0 = 2.0066e-04
Loss = 9.2557e-02, PNorm = 112.9624, GNorm = 1.6349, lr_0 = 1.9980e-04
Loss = 9.9721e-02, PNorm = 112.9871, GNorm = 1.3673, lr_0 = 1.9894e-04
Loss = 9.0994e-02, PNorm = 113.0076, GNorm = 0.6906, lr_0 = 1.9809e-04
Loss = 9.0596e-02, PNorm = 113.0314, GNorm = 0.6211, lr_0 = 1.9724e-04
Validation rmse = 40.641854
Epoch 13
Loss = 1.0054e-01, PNorm = 113.0543, GNorm = 0.8997, lr_0 = 1.9639e-04
Loss = 1.0006e-01, PNorm = 113.0750, GNorm = 1.2676, lr_0 = 1.9555e-04
Loss = 8.0062e-02, PNorm = 113.0940, GNorm = 0.4347, lr_0 = 1.9471e-04
Loss = 8.6361e-02, PNorm = 113.1101, GNorm = 0.8118, lr_0 = 1.9388e-04
Loss = 9.0140e-02, PNorm = 113.1236, GNorm = 0.4508, lr_0 = 1.9305e-04
Loss = 8.0907e-02, PNorm = 113.1423, GNorm = 0.7365, lr_0 = 1.9222e-04
Loss = 8.1638e-02, PNorm = 113.1550, GNorm = 0.5216, lr_0 = 1.9139e-04
Loss = 7.9253e-02, PNorm = 113.1697, GNorm = 0.5713, lr_0 = 1.9057e-04
Loss = 8.9228e-02, PNorm = 113.1893, GNorm = 0.6348, lr_0 = 1.8976e-04
Loss = 9.3908e-02, PNorm = 113.2088, GNorm = 1.0966, lr_0 = 1.8894e-04
Loss = 1.0216e-01, PNorm = 113.2270, GNorm = 0.6824, lr_0 = 1.8813e-04
Loss = 1.0051e-01, PNorm = 113.2506, GNorm = 0.6825, lr_0 = 1.8733e-04
Loss = 1.1444e-01, PNorm = 113.2722, GNorm = 1.3692, lr_0 = 1.8652e-04
Loss = 9.8797e-02, PNorm = 113.2958, GNorm = 0.5612, lr_0 = 1.8572e-04
Loss = 9.8561e-02, PNorm = 113.3164, GNorm = 0.9132, lr_0 = 1.8493e-04
Loss = 9.0768e-02, PNorm = 113.3318, GNorm = 1.5530, lr_0 = 1.8413e-04
Loss = 1.0044e-01, PNorm = 113.3498, GNorm = 0.6583, lr_0 = 1.8334e-04
Validation rmse = 38.332626
Epoch 14
Loss = 7.9999e-02, PNorm = 113.3713, GNorm = 0.7626, lr_0 = 1.8248e-04
Loss = 8.4502e-02, PNorm = 113.3909, GNorm = 0.8029, lr_0 = 1.8170e-04
Loss = 8.4804e-02, PNorm = 113.4129, GNorm = 0.8474, lr_0 = 1.8092e-04
Loss = 1.0195e-01, PNorm = 113.4318, GNorm = 1.7019, lr_0 = 1.8014e-04
Loss = 8.8687e-02, PNorm = 113.4456, GNorm = 1.0973, lr_0 = 1.7937e-04
Loss = 8.7258e-02, PNorm = 113.4609, GNorm = 1.0118, lr_0 = 1.7860e-04
Loss = 8.3811e-02, PNorm = 113.4752, GNorm = 1.1556, lr_0 = 1.7784e-04
Loss = 7.5822e-02, PNorm = 113.4962, GNorm = 0.8356, lr_0 = 1.7707e-04
Loss = 9.3557e-02, PNorm = 113.5151, GNorm = 0.7960, lr_0 = 1.7631e-04
Loss = 9.0912e-02, PNorm = 113.5332, GNorm = 0.8182, lr_0 = 1.7556e-04
Loss = 8.6311e-02, PNorm = 113.5507, GNorm = 0.8592, lr_0 = 1.7480e-04
Loss = 9.8393e-02, PNorm = 113.5659, GNorm = 1.1846, lr_0 = 1.7406e-04
Loss = 8.8380e-02, PNorm = 113.5807, GNorm = 0.5668, lr_0 = 1.7331e-04
Loss = 8.6028e-02, PNorm = 113.6022, GNorm = 1.1499, lr_0 = 1.7257e-04
Loss = 8.9138e-02, PNorm = 113.6223, GNorm = 0.5366, lr_0 = 1.7183e-04
Loss = 8.3093e-02, PNorm = 113.6375, GNorm = 0.5417, lr_0 = 1.7109e-04
Loss = 1.0077e-01, PNorm = 113.6601, GNorm = 1.6925, lr_0 = 1.7036e-04
Validation rmse = 38.452650
Epoch 15
Loss = 1.1420e-01, PNorm = 113.6761, GNorm = 1.5291, lr_0 = 1.6963e-04
Loss = 8.7996e-02, PNorm = 113.6942, GNorm = 0.7459, lr_0 = 1.6890e-04
Loss = 9.9313e-02, PNorm = 113.7155, GNorm = 1.2906, lr_0 = 1.6817e-04
Loss = 8.7584e-02, PNorm = 113.7378, GNorm = 0.8546, lr_0 = 1.6745e-04
Loss = 8.1507e-02, PNorm = 113.7561, GNorm = 0.7609, lr_0 = 1.6674e-04
Loss = 8.5701e-02, PNorm = 113.7704, GNorm = 0.4048, lr_0 = 1.6602e-04
Loss = 7.0035e-02, PNorm = 113.7834, GNorm = 0.8596, lr_0 = 1.6531e-04
Loss = 7.9114e-02, PNorm = 113.7999, GNorm = 0.6079, lr_0 = 1.6460e-04
Loss = 1.0287e-01, PNorm = 113.8176, GNorm = 2.3632, lr_0 = 1.6389e-04
Loss = 8.5382e-02, PNorm = 113.8355, GNorm = 0.6273, lr_0 = 1.6319e-04
Loss = 7.5681e-02, PNorm = 113.8524, GNorm = 0.4833, lr_0 = 1.6249e-04
Loss = 8.5795e-02, PNorm = 113.8681, GNorm = 1.2085, lr_0 = 1.6179e-04
Loss = 9.2901e-02, PNorm = 113.8834, GNorm = 1.4369, lr_0 = 1.6110e-04
Loss = 9.9774e-02, PNorm = 113.8933, GNorm = 0.5717, lr_0 = 1.6041e-04
Loss = 8.6910e-02, PNorm = 113.9103, GNorm = 1.1915, lr_0 = 1.5972e-04
Loss = 7.4746e-02, PNorm = 113.9296, GNorm = 0.7457, lr_0 = 1.5904e-04
Loss = 8.3314e-02, PNorm = 113.9430, GNorm = 0.4880, lr_0 = 1.5836e-04
Validation rmse = 36.087355
Epoch 16
Loss = 7.4881e-02, PNorm = 113.9557, GNorm = 0.4990, lr_0 = 1.5768e-04
Loss = 6.5342e-02, PNorm = 113.9671, GNorm = 0.9565, lr_0 = 1.5700e-04
Loss = 8.2461e-02, PNorm = 113.9830, GNorm = 0.8903, lr_0 = 1.5633e-04
Loss = 7.7999e-02, PNorm = 113.9999, GNorm = 1.3167, lr_0 = 1.5566e-04
Loss = 9.5362e-02, PNorm = 114.0127, GNorm = 0.9807, lr_0 = 1.5499e-04
Loss = 9.1871e-02, PNorm = 114.0299, GNorm = 0.6778, lr_0 = 1.5433e-04
Loss = 8.3333e-02, PNorm = 114.0462, GNorm = 0.8499, lr_0 = 1.5366e-04
Loss = 7.9359e-02, PNorm = 114.0619, GNorm = 0.6207, lr_0 = 1.5301e-04
Loss = 8.6913e-02, PNorm = 114.0769, GNorm = 0.5797, lr_0 = 1.5235e-04
Loss = 9.0950e-02, PNorm = 114.0942, GNorm = 0.8789, lr_0 = 1.5170e-04
Loss = 6.9311e-02, PNorm = 114.1104, GNorm = 0.8903, lr_0 = 1.5105e-04
Loss = 7.3913e-02, PNorm = 114.1211, GNorm = 0.5555, lr_0 = 1.5040e-04
Loss = 8.3252e-02, PNorm = 114.1316, GNorm = 0.8057, lr_0 = 1.4975e-04
Loss = 7.8582e-02, PNorm = 114.1467, GNorm = 0.9519, lr_0 = 1.4911e-04
Loss = 8.5602e-02, PNorm = 114.1625, GNorm = 0.6202, lr_0 = 1.4847e-04
Loss = 8.2356e-02, PNorm = 114.1735, GNorm = 0.7580, lr_0 = 1.4784e-04
Loss = 7.2253e-02, PNorm = 114.1856, GNorm = 0.9082, lr_0 = 1.4720e-04
Validation rmse = 35.701846
Epoch 17
Loss = 7.8123e-02, PNorm = 114.1994, GNorm = 0.7906, lr_0 = 1.4657e-04
Loss = 7.1632e-02, PNorm = 114.2125, GNorm = 0.4066, lr_0 = 1.4594e-04
Loss = 8.6890e-02, PNorm = 114.2241, GNorm = 0.7080, lr_0 = 1.4532e-04
Loss = 5.8229e-02, PNorm = 114.2357, GNorm = 0.7209, lr_0 = 1.4469e-04
Loss = 7.5405e-02, PNorm = 114.2502, GNorm = 0.9950, lr_0 = 1.4407e-04
Loss = 7.7522e-02, PNorm = 114.2669, GNorm = 1.0264, lr_0 = 1.4346e-04
Loss = 8.6041e-02, PNorm = 114.2825, GNorm = 0.9094, lr_0 = 1.4284e-04
Loss = 6.9037e-02, PNorm = 114.2953, GNorm = 0.8612, lr_0 = 1.4223e-04
Loss = 7.2128e-02, PNorm = 114.3065, GNorm = 0.4471, lr_0 = 1.4162e-04
Loss = 8.5364e-02, PNorm = 114.3223, GNorm = 0.9545, lr_0 = 1.4101e-04
Loss = 7.2898e-02, PNorm = 114.3377, GNorm = 0.4964, lr_0 = 1.4041e-04
Loss = 7.7619e-02, PNorm = 114.3504, GNorm = 0.5444, lr_0 = 1.3980e-04
Loss = 7.6750e-02, PNorm = 114.3640, GNorm = 0.5854, lr_0 = 1.3920e-04
Loss = 8.1406e-02, PNorm = 114.3809, GNorm = 1.3310, lr_0 = 1.3861e-04
Loss = 8.3089e-02, PNorm = 114.3955, GNorm = 0.6396, lr_0 = 1.3801e-04
Loss = 7.6804e-02, PNorm = 114.4065, GNorm = 0.4770, lr_0 = 1.3742e-04
Loss = 6.4781e-02, PNorm = 114.4189, GNorm = 0.4704, lr_0 = 1.3683e-04
Validation rmse = 35.037553
Epoch 18
Loss = 5.6656e-02, PNorm = 114.4293, GNorm = 0.5306, lr_0 = 1.3619e-04
Loss = 7.6853e-02, PNorm = 114.4385, GNorm = 0.5082, lr_0 = 1.3560e-04
Loss = 7.4047e-02, PNorm = 114.4488, GNorm = 0.6761, lr_0 = 1.3502e-04
Loss = 8.1516e-02, PNorm = 114.4596, GNorm = 1.7565, lr_0 = 1.3444e-04
Loss = 8.8384e-02, PNorm = 114.4719, GNorm = 0.9914, lr_0 = 1.3387e-04
Loss = 8.6143e-02, PNorm = 114.4883, GNorm = 1.0230, lr_0 = 1.3329e-04
Loss = 7.1543e-02, PNorm = 114.5010, GNorm = 1.4369, lr_0 = 1.3272e-04
Loss = 7.3688e-02, PNorm = 114.5164, GNorm = 1.8028, lr_0 = 1.3215e-04
Loss = 8.1243e-02, PNorm = 114.5280, GNorm = 0.6045, lr_0 = 1.3159e-04
Loss = 7.2824e-02, PNorm = 114.5436, GNorm = 0.4195, lr_0 = 1.3102e-04
Loss = 8.0142e-02, PNorm = 114.5523, GNorm = 0.9670, lr_0 = 1.3046e-04
Loss = 7.8621e-02, PNorm = 114.5620, GNorm = 1.5597, lr_0 = 1.2990e-04
Loss = 7.2458e-02, PNorm = 114.5762, GNorm = 0.5078, lr_0 = 1.2934e-04
Loss = 7.1373e-02, PNorm = 114.5868, GNorm = 0.5514, lr_0 = 1.2879e-04
Loss = 7.2876e-02, PNorm = 114.5961, GNorm = 0.7259, lr_0 = 1.2824e-04
Loss = 7.2706e-02, PNorm = 114.6058, GNorm = 0.5623, lr_0 = 1.2769e-04
Loss = 9.0742e-02, PNorm = 114.6136, GNorm = 0.4186, lr_0 = 1.2714e-04
Validation rmse = 33.837004
Epoch 19
Loss = 6.7490e-02, PNorm = 114.6232, GNorm = 0.5840, lr_0 = 1.2659e-04
Loss = 7.5739e-02, PNorm = 114.6364, GNorm = 0.4437, lr_0 = 1.2605e-04
Loss = 7.2781e-02, PNorm = 114.6469, GNorm = 1.3517, lr_0 = 1.2551e-04
Loss = 5.9819e-02, PNorm = 114.6579, GNorm = 0.5079, lr_0 = 1.2497e-04
Loss = 6.9820e-02, PNorm = 114.6692, GNorm = 1.0102, lr_0 = 1.2444e-04
Loss = 6.2008e-02, PNorm = 114.6811, GNorm = 0.7068, lr_0 = 1.2390e-04
Loss = 6.9440e-02, PNorm = 114.6931, GNorm = 0.6708, lr_0 = 1.2337e-04
Loss = 6.7592e-02, PNorm = 114.7059, GNorm = 0.4261, lr_0 = 1.2284e-04
Loss = 7.2090e-02, PNorm = 114.7134, GNorm = 0.9211, lr_0 = 1.2232e-04
Loss = 7.1312e-02, PNorm = 114.7220, GNorm = 0.7589, lr_0 = 1.2179e-04
Loss = 7.7603e-02, PNorm = 114.7331, GNorm = 0.5442, lr_0 = 1.2127e-04
Loss = 8.0077e-02, PNorm = 114.7442, GNorm = 0.4312, lr_0 = 1.2075e-04
Loss = 7.6168e-02, PNorm = 114.7576, GNorm = 0.5760, lr_0 = 1.2023e-04
Loss = 7.3526e-02, PNorm = 114.7699, GNorm = 0.7812, lr_0 = 1.1972e-04
Loss = 7.0588e-02, PNorm = 114.7795, GNorm = 0.9653, lr_0 = 1.1920e-04
Loss = 7.1964e-02, PNorm = 114.7939, GNorm = 0.5928, lr_0 = 1.1869e-04
Loss = 8.1478e-02, PNorm = 114.8076, GNorm = 0.7793, lr_0 = 1.1818e-04
Validation rmse = 35.097352
Epoch 20
Loss = 6.8424e-02, PNorm = 114.8193, GNorm = 0.4290, lr_0 = 1.1768e-04
Loss = 6.8345e-02, PNorm = 114.8303, GNorm = 0.4934, lr_0 = 1.1717e-04
Loss = 7.6277e-02, PNorm = 114.8416, GNorm = 0.6941, lr_0 = 1.1667e-04
Loss = 7.9480e-02, PNorm = 114.8533, GNorm = 0.9013, lr_0 = 1.1617e-04
Loss = 7.4792e-02, PNorm = 114.8632, GNorm = 0.6282, lr_0 = 1.1567e-04
Loss = 6.3379e-02, PNorm = 114.8723, GNorm = 0.5352, lr_0 = 1.1518e-04
Loss = 6.9718e-02, PNorm = 114.8846, GNorm = 0.7238, lr_0 = 1.1468e-04
Loss = 6.7074e-02, PNorm = 114.8936, GNorm = 1.0279, lr_0 = 1.1419e-04
Loss = 6.8309e-02, PNorm = 114.9042, GNorm = 1.3287, lr_0 = 1.1370e-04
Loss = 7.8335e-02, PNorm = 114.9141, GNorm = 0.7392, lr_0 = 1.1321e-04
Loss = 6.9296e-02, PNorm = 114.9224, GNorm = 0.4709, lr_0 = 1.1273e-04
Loss = 6.7808e-02, PNorm = 114.9325, GNorm = 0.8607, lr_0 = 1.1224e-04
Loss = 6.9900e-02, PNorm = 114.9420, GNorm = 0.8788, lr_0 = 1.1176e-04
Loss = 7.4570e-02, PNorm = 114.9530, GNorm = 1.3826, lr_0 = 1.1128e-04
Loss = 7.1117e-02, PNorm = 114.9638, GNorm = 1.0085, lr_0 = 1.1081e-04
Loss = 7.2974e-02, PNorm = 114.9744, GNorm = 0.8931, lr_0 = 1.1033e-04
Loss = 7.6381e-02, PNorm = 114.9840, GNorm = 0.5292, lr_0 = 1.0986e-04
Validation rmse = 34.951030
Epoch 21
Loss = 6.3687e-02, PNorm = 114.9945, GNorm = 0.6471, lr_0 = 1.0939e-04
Loss = 7.0167e-02, PNorm = 115.0049, GNorm = 0.4645, lr_0 = 1.0892e-04
Loss = 6.1670e-02, PNorm = 115.0148, GNorm = 1.2030, lr_0 = 1.0845e-04
Loss = 5.7828e-02, PNorm = 115.0237, GNorm = 0.5485, lr_0 = 1.0799e-04
Loss = 6.8038e-02, PNorm = 115.0292, GNorm = 0.7311, lr_0 = 1.0752e-04
Loss = 6.1436e-02, PNorm = 115.0371, GNorm = 0.8280, lr_0 = 1.0706e-04
Loss = 6.3770e-02, PNorm = 115.0465, GNorm = 0.8488, lr_0 = 1.0660e-04
Loss = 7.0784e-02, PNorm = 115.0562, GNorm = 0.5014, lr_0 = 1.0615e-04
Loss = 6.6414e-02, PNorm = 115.0652, GNorm = 0.7039, lr_0 = 1.0569e-04
Loss = 6.5724e-02, PNorm = 115.0748, GNorm = 0.6442, lr_0 = 1.0524e-04
Loss = 6.2817e-02, PNorm = 115.0831, GNorm = 0.5110, lr_0 = 1.0479e-04
Loss = 7.8620e-02, PNorm = 115.0896, GNorm = 0.5958, lr_0 = 1.0434e-04
Loss = 6.8859e-02, PNorm = 115.0997, GNorm = 0.5416, lr_0 = 1.0389e-04
Loss = 6.7525e-02, PNorm = 115.1090, GNorm = 0.7246, lr_0 = 1.0345e-04
Loss = 7.8604e-02, PNorm = 115.1184, GNorm = 0.6215, lr_0 = 1.0300e-04
Loss = 6.8012e-02, PNorm = 115.1274, GNorm = 0.5770, lr_0 = 1.0256e-04
Loss = 6.8462e-02, PNorm = 115.1385, GNorm = 0.3604, lr_0 = 1.0212e-04
Validation rmse = 33.680935
Epoch 22
Loss = 6.2877e-02, PNorm = 115.1478, GNorm = 0.6539, lr_0 = 1.0164e-04
Loss = 6.0754e-02, PNorm = 115.1552, GNorm = 0.8229, lr_0 = 1.0120e-04
Loss = 6.5376e-02, PNorm = 115.1625, GNorm = 0.6470, lr_0 = 1.0077e-04
Loss = 6.2861e-02, PNorm = 115.1735, GNorm = 0.5278, lr_0 = 1.0034e-04
Loss = 6.5791e-02, PNorm = 115.1821, GNorm = 0.5637, lr_0 = 9.9907e-05
Loss = 5.6989e-02, PNorm = 115.1871, GNorm = 0.6315, lr_0 = 9.9478e-05
Loss = 6.3220e-02, PNorm = 115.1977, GNorm = 0.3238, lr_0 = 9.9052e-05
Loss = 6.3326e-02, PNorm = 115.2052, GNorm = 0.6318, lr_0 = 9.8627e-05
Loss = 6.1593e-02, PNorm = 115.2099, GNorm = 0.6126, lr_0 = 9.8204e-05
Loss = 6.1562e-02, PNorm = 115.2170, GNorm = 1.2868, lr_0 = 9.7783e-05
Loss = 7.3018e-02, PNorm = 115.2242, GNorm = 0.7029, lr_0 = 9.7364e-05
Loss = 6.7682e-02, PNorm = 115.2353, GNorm = 1.4234, lr_0 = 9.6947e-05
Loss = 6.5279e-02, PNorm = 115.2448, GNorm = 0.7828, lr_0 = 9.6531e-05
Loss = 6.6070e-02, PNorm = 115.2527, GNorm = 0.4328, lr_0 = 9.6117e-05
Loss = 6.4985e-02, PNorm = 115.2606, GNorm = 0.6440, lr_0 = 9.5705e-05
Loss = 7.0056e-02, PNorm = 115.2701, GNorm = 0.5576, lr_0 = 9.5295e-05
Loss = 6.9616e-02, PNorm = 115.2776, GNorm = 0.9515, lr_0 = 9.4886e-05
Validation rmse = 34.109753
Epoch 23
Loss = 6.2391e-02, PNorm = 115.2834, GNorm = 1.1954, lr_0 = 9.4479e-05
Loss = 6.6587e-02, PNorm = 115.2920, GNorm = 0.5216, lr_0 = 9.4074e-05
Loss = 6.3938e-02, PNorm = 115.3005, GNorm = 0.5237, lr_0 = 9.3671e-05
Loss = 6.7754e-02, PNorm = 115.3076, GNorm = 0.7293, lr_0 = 9.3269e-05
Loss = 6.4279e-02, PNorm = 115.3163, GNorm = 0.8705, lr_0 = 9.2869e-05
Loss = 6.9778e-02, PNorm = 115.3232, GNorm = 0.7064, lr_0 = 9.2471e-05
Loss = 7.8027e-02, PNorm = 115.3335, GNorm = 0.7412, lr_0 = 9.2075e-05
Loss = 6.3558e-02, PNorm = 115.3444, GNorm = 0.6373, lr_0 = 9.1680e-05
Loss = 6.9317e-02, PNorm = 115.3543, GNorm = 0.4848, lr_0 = 9.1287e-05
Loss = 5.5428e-02, PNorm = 115.3603, GNorm = 0.7129, lr_0 = 9.0895e-05
Loss = 6.6071e-02, PNorm = 115.3640, GNorm = 0.6208, lr_0 = 9.0506e-05
Loss = 6.0602e-02, PNorm = 115.3708, GNorm = 1.0798, lr_0 = 9.0118e-05
Loss = 5.6354e-02, PNorm = 115.3807, GNorm = 0.4246, lr_0 = 8.9731e-05
Loss = 6.4753e-02, PNorm = 115.3882, GNorm = 0.6001, lr_0 = 8.9347e-05
Loss = 5.8004e-02, PNorm = 115.3940, GNorm = 0.3423, lr_0 = 8.8963e-05
Loss = 6.9561e-02, PNorm = 115.4001, GNorm = 0.5997, lr_0 = 8.8582e-05
Loss = 5.9722e-02, PNorm = 115.4064, GNorm = 0.3906, lr_0 = 8.8202e-05
Validation rmse = 33.236424
Epoch 24
Loss = 6.2899e-02, PNorm = 115.4118, GNorm = 1.0473, lr_0 = 8.7824e-05
Loss = 7.5127e-02, PNorm = 115.4200, GNorm = 1.3556, lr_0 = 8.7448e-05
Loss = 6.6625e-02, PNorm = 115.4304, GNorm = 0.7028, lr_0 = 8.7073e-05
Loss = 6.2491e-02, PNorm = 115.4402, GNorm = 0.7878, lr_0 = 8.6699e-05
Loss = 6.2105e-02, PNorm = 115.4473, GNorm = 0.9642, lr_0 = 8.6328e-05
Loss = 5.9467e-02, PNorm = 115.4555, GNorm = 0.4074, lr_0 = 8.5957e-05
Loss = 6.1928e-02, PNorm = 115.4623, GNorm = 0.5205, lr_0 = 8.5589e-05
Loss = 6.3264e-02, PNorm = 115.4686, GNorm = 0.9875, lr_0 = 8.5222e-05
Loss = 5.6804e-02, PNorm = 115.4744, GNorm = 0.5504, lr_0 = 8.4857e-05
Loss = 5.6159e-02, PNorm = 115.4828, GNorm = 0.9774, lr_0 = 8.4493e-05
Loss = 5.2634e-02, PNorm = 115.4869, GNorm = 0.6447, lr_0 = 8.4130e-05
Loss = 6.0828e-02, PNorm = 115.4908, GNorm = 0.4431, lr_0 = 8.3770e-05
Loss = 6.1245e-02, PNorm = 115.4977, GNorm = 0.5252, lr_0 = 8.3411e-05
Loss = 6.4229e-02, PNorm = 115.5048, GNorm = 0.6171, lr_0 = 8.3053e-05
Loss = 6.4553e-02, PNorm = 115.5117, GNorm = 0.6904, lr_0 = 8.2697e-05
Loss = 6.6408e-02, PNorm = 115.5183, GNorm = 0.3944, lr_0 = 8.2342e-05
Loss = 6.8544e-02, PNorm = 115.5265, GNorm = 0.5795, lr_0 = 8.1989e-05
Validation rmse = 32.627506
Epoch 25
Loss = 6.3488e-02, PNorm = 115.5326, GNorm = 0.7920, lr_0 = 8.1638e-05
Loss = 5.9832e-02, PNorm = 115.5399, GNorm = 0.5654, lr_0 = 8.1288e-05
Loss = 6.1581e-02, PNorm = 115.5483, GNorm = 0.8905, lr_0 = 8.0939e-05
Loss = 5.6228e-02, PNorm = 115.5526, GNorm = 0.5502, lr_0 = 8.0592e-05
Loss = 6.2596e-02, PNorm = 115.5576, GNorm = 0.7250, lr_0 = 8.0247e-05
Loss = 7.0726e-02, PNorm = 115.5655, GNorm = 0.6622, lr_0 = 7.9903e-05
Loss = 6.4624e-02, PNorm = 115.5718, GNorm = 1.1528, lr_0 = 7.9560e-05
Loss = 5.8572e-02, PNorm = 115.5784, GNorm = 0.8711, lr_0 = 7.9219e-05
Loss = 6.0943e-02, PNorm = 115.5832, GNorm = 1.0419, lr_0 = 7.8879e-05
Loss = 6.5494e-02, PNorm = 115.5887, GNorm = 0.5314, lr_0 = 7.8541e-05
Loss = 4.6623e-02, PNorm = 115.5949, GNorm = 0.4652, lr_0 = 7.8204e-05
Loss = 6.9404e-02, PNorm = 115.6012, GNorm = 0.7463, lr_0 = 7.7869e-05
Loss = 5.6597e-02, PNorm = 115.6084, GNorm = 0.5326, lr_0 = 7.7535e-05
Loss = 7.1128e-02, PNorm = 115.6193, GNorm = 1.4104, lr_0 = 7.7203e-05
Loss = 5.9174e-02, PNorm = 115.6278, GNorm = 0.8518, lr_0 = 7.6872e-05
Loss = 6.5405e-02, PNorm = 115.6336, GNorm = 0.6089, lr_0 = 7.6542e-05
Loss = 6.2212e-02, PNorm = 115.6391, GNorm = 0.7404, lr_0 = 7.6214e-05
Validation rmse = 33.373531
Epoch 26
Loss = 5.8451e-02, PNorm = 115.6458, GNorm = 0.6146, lr_0 = 7.5887e-05
Loss = 6.7540e-02, PNorm = 115.6527, GNorm = 0.6110, lr_0 = 7.5562e-05
Loss = 6.0699e-02, PNorm = 115.6585, GNorm = 0.4397, lr_0 = 7.5238e-05
Loss = 6.1297e-02, PNorm = 115.6630, GNorm = 0.4797, lr_0 = 7.4915e-05
Loss = 5.9429e-02, PNorm = 115.6685, GNorm = 0.5943, lr_0 = 7.4594e-05
Loss = 5.8179e-02, PNorm = 115.6729, GNorm = 0.3897, lr_0 = 7.4274e-05
Loss = 5.6717e-02, PNorm = 115.6786, GNorm = 1.8397, lr_0 = 7.3956e-05
Loss = 6.2117e-02, PNorm = 115.6848, GNorm = 0.6615, lr_0 = 7.3639e-05
Loss = 6.5220e-02, PNorm = 115.6892, GNorm = 0.9034, lr_0 = 7.3323e-05
Loss = 5.9640e-02, PNorm = 115.6962, GNorm = 1.0665, lr_0 = 7.3009e-05
Loss = 6.0952e-02, PNorm = 115.7025, GNorm = 0.6987, lr_0 = 7.2696e-05
Loss = 6.6905e-02, PNorm = 115.7060, GNorm = 0.8749, lr_0 = 7.2384e-05
Loss = 5.7165e-02, PNorm = 115.7082, GNorm = 0.5201, lr_0 = 7.2074e-05
Loss = 6.2424e-02, PNorm = 115.7131, GNorm = 0.6427, lr_0 = 7.1764e-05
Loss = 5.2497e-02, PNorm = 115.7204, GNorm = 1.0762, lr_0 = 7.1457e-05
Loss = 5.8015e-02, PNorm = 115.7255, GNorm = 0.4948, lr_0 = 7.1150e-05
Loss = 5.1890e-02, PNorm = 115.7306, GNorm = 0.5310, lr_0 = 7.0845e-05
Validation rmse = 32.443541
Epoch 27
Loss = 5.1233e-02, PNorm = 115.7358, GNorm = 0.5081, lr_0 = 7.0511e-05
Loss = 5.7359e-02, PNorm = 115.7404, GNorm = 0.4397, lr_0 = 7.0209e-05
Loss = 6.4250e-02, PNorm = 115.7458, GNorm = 0.5090, lr_0 = 6.9908e-05
Loss = 6.0244e-02, PNorm = 115.7510, GNorm = 0.8925, lr_0 = 6.9608e-05
Loss = 6.9607e-02, PNorm = 115.7562, GNorm = 1.1531, lr_0 = 6.9310e-05
Loss = 5.1339e-02, PNorm = 115.7619, GNorm = 0.4507, lr_0 = 6.9013e-05
Loss = 5.0614e-02, PNorm = 115.7666, GNorm = 0.4682, lr_0 = 6.8717e-05
Loss = 5.7684e-02, PNorm = 115.7715, GNorm = 0.5556, lr_0 = 6.8422e-05
Loss = 5.9825e-02, PNorm = 115.7748, GNorm = 1.3472, lr_0 = 6.8129e-05
Loss = 6.0304e-02, PNorm = 115.7792, GNorm = 1.0644, lr_0 = 6.7837e-05
Loss = 5.4398e-02, PNorm = 115.7854, GNorm = 0.4516, lr_0 = 6.7546e-05
Loss = 6.0807e-02, PNorm = 115.7906, GNorm = 0.7007, lr_0 = 6.7256e-05
Loss = 6.1921e-02, PNorm = 115.7978, GNorm = 0.4849, lr_0 = 6.6968e-05
Loss = 5.3267e-02, PNorm = 115.8036, GNorm = 0.5206, lr_0 = 6.6681e-05
Loss = 5.2629e-02, PNorm = 115.8072, GNorm = 0.8402, lr_0 = 6.6395e-05
Loss = 5.5457e-02, PNorm = 115.8125, GNorm = 0.3757, lr_0 = 6.6110e-05
Loss = 6.4609e-02, PNorm = 115.8183, GNorm = 0.6278, lr_0 = 6.5827e-05
Validation rmse = 32.028000
Epoch 28
Loss = 5.5066e-02, PNorm = 115.8214, GNorm = 0.6176, lr_0 = 6.5544e-05
Loss = 5.9130e-02, PNorm = 115.8261, GNorm = 0.4665, lr_0 = 6.5263e-05
Loss = 6.5095e-02, PNorm = 115.8302, GNorm = 0.7157, lr_0 = 6.4984e-05
Loss = 5.5055e-02, PNorm = 115.8372, GNorm = 1.2030, lr_0 = 6.4705e-05
Loss = 5.3638e-02, PNorm = 115.8439, GNorm = 0.4621, lr_0 = 6.4428e-05
Loss = 5.3849e-02, PNorm = 115.8481, GNorm = 0.5130, lr_0 = 6.4151e-05
Loss = 5.4087e-02, PNorm = 115.8544, GNorm = 0.5138, lr_0 = 6.3876e-05
Loss = 4.8072e-02, PNorm = 115.8596, GNorm = 0.4886, lr_0 = 6.3602e-05
Loss = 5.9896e-02, PNorm = 115.8644, GNorm = 1.1287, lr_0 = 6.3330e-05
Loss = 6.1879e-02, PNorm = 115.8692, GNorm = 0.4883, lr_0 = 6.3058e-05
Loss = 5.4524e-02, PNorm = 115.8756, GNorm = 0.5593, lr_0 = 6.2788e-05
Loss = 5.4595e-02, PNorm = 115.8794, GNorm = 0.7213, lr_0 = 6.2519e-05
Loss = 5.5259e-02, PNorm = 115.8842, GNorm = 0.5043, lr_0 = 6.2251e-05
Loss = 6.0386e-02, PNorm = 115.8891, GNorm = 0.6909, lr_0 = 6.1984e-05
Loss = 5.7033e-02, PNorm = 115.8943, GNorm = 0.4848, lr_0 = 6.1718e-05
Loss = 6.2501e-02, PNorm = 115.8990, GNorm = 0.5387, lr_0 = 6.1453e-05
Loss = 5.8662e-02, PNorm = 115.9042, GNorm = 1.0044, lr_0 = 6.1190e-05
Validation rmse = 32.839302
Epoch 29
Loss = 5.3559e-02, PNorm = 115.9077, GNorm = 0.3953, lr_0 = 6.0928e-05
Loss = 6.5970e-02, PNorm = 115.9097, GNorm = 0.6464, lr_0 = 6.0666e-05
Loss = 6.2694e-02, PNorm = 115.9142, GNorm = 0.3219, lr_0 = 6.0406e-05
Loss = 5.1542e-02, PNorm = 115.9203, GNorm = 0.5943, lr_0 = 6.0147e-05
Loss = 5.3962e-02, PNorm = 115.9252, GNorm = 0.4049, lr_0 = 5.9889e-05
Loss = 5.7050e-02, PNorm = 115.9322, GNorm = 1.0090, lr_0 = 5.9633e-05
Loss = 5.9300e-02, PNorm = 115.9378, GNorm = 0.9530, lr_0 = 5.9377e-05
Loss = 5.2109e-02, PNorm = 115.9408, GNorm = 0.6164, lr_0 = 5.9122e-05
Loss = 4.7714e-02, PNorm = 115.9461, GNorm = 0.3829, lr_0 = 5.8869e-05
Loss = 5.4057e-02, PNorm = 115.9511, GNorm = 0.8868, lr_0 = 5.8616e-05
Loss = 5.4236e-02, PNorm = 115.9540, GNorm = 0.6250, lr_0 = 5.8365e-05
Loss = 5.2980e-02, PNorm = 115.9557, GNorm = 0.6159, lr_0 = 5.8115e-05
Loss = 4.9646e-02, PNorm = 115.9590, GNorm = 0.3474, lr_0 = 5.7866e-05
Loss = 5.8239e-02, PNorm = 115.9643, GNorm = 0.4882, lr_0 = 5.7618e-05
Loss = 5.6606e-02, PNorm = 115.9692, GNorm = 0.5204, lr_0 = 5.7371e-05
Loss = 5.4365e-02, PNorm = 115.9729, GNorm = 0.8829, lr_0 = 5.7125e-05
Loss = 5.3967e-02, PNorm = 115.9766, GNorm = 0.4471, lr_0 = 5.6880e-05
Validation rmse = 33.292776
Epoch 30
Loss = 5.7297e-02, PNorm = 115.9813, GNorm = 0.8083, lr_0 = 5.6636e-05
Loss = 5.9926e-02, PNorm = 115.9871, GNorm = 0.3779, lr_0 = 5.6393e-05
Loss = 5.7483e-02, PNorm = 115.9923, GNorm = 0.5975, lr_0 = 5.6151e-05
Loss = 4.9495e-02, PNorm = 115.9962, GNorm = 0.4955, lr_0 = 5.5910e-05
Loss = 5.3749e-02, PNorm = 116.0009, GNorm = 0.4297, lr_0 = 5.5671e-05
Loss = 6.0524e-02, PNorm = 116.0059, GNorm = 0.5618, lr_0 = 5.5432e-05
Loss = 5.9386e-02, PNorm = 116.0098, GNorm = 0.9555, lr_0 = 5.5194e-05
Loss = 6.2160e-02, PNorm = 116.0130, GNorm = 0.8987, lr_0 = 5.4958e-05
Loss = 5.2778e-02, PNorm = 116.0168, GNorm = 0.3994, lr_0 = 5.4722e-05
Loss = 5.5852e-02, PNorm = 116.0214, GNorm = 0.6360, lr_0 = 5.4487e-05
Loss = 5.7798e-02, PNorm = 116.0253, GNorm = 0.3510, lr_0 = 5.4254e-05
Loss = 5.7558e-02, PNorm = 116.0280, GNorm = 0.6019, lr_0 = 5.4021e-05
Loss = 5.3449e-02, PNorm = 116.0332, GNorm = 0.4021, lr_0 = 5.3790e-05
Loss = 5.1260e-02, PNorm = 116.0384, GNorm = 0.4136, lr_0 = 5.3559e-05
Loss = 5.0497e-02, PNorm = 116.0421, GNorm = 0.5094, lr_0 = 5.3329e-05
Loss = 5.4492e-02, PNorm = 116.0473, GNorm = 0.3901, lr_0 = 5.3101e-05
Loss = 5.9619e-02, PNorm = 116.0504, GNorm = 0.3226, lr_0 = 5.2873e-05
Validation rmse = 32.050005
Epoch 31
Loss = 5.1864e-02, PNorm = 116.0524, GNorm = 0.9637, lr_0 = 5.2624e-05
Loss = 5.2849e-02, PNorm = 116.0570, GNorm = 0.6401, lr_0 = 5.2398e-05
Loss = 4.7796e-02, PNorm = 116.0617, GNorm = 0.4996, lr_0 = 5.2173e-05
Loss = 5.3098e-02, PNorm = 116.0642, GNorm = 0.8423, lr_0 = 5.1950e-05
Loss = 5.7636e-02, PNorm = 116.0696, GNorm = 0.8978, lr_0 = 5.1727e-05
Loss = 5.2662e-02, PNorm = 116.0764, GNorm = 0.5606, lr_0 = 5.1505e-05
Loss = 6.0429e-02, PNorm = 116.0796, GNorm = 0.7094, lr_0 = 5.1284e-05
Loss = 5.9185e-02, PNorm = 116.0821, GNorm = 0.6999, lr_0 = 5.1064e-05
Loss = 4.5795e-02, PNorm = 116.0856, GNorm = 0.3126, lr_0 = 5.0846e-05
Loss = 5.4455e-02, PNorm = 116.0905, GNorm = 0.3351, lr_0 = 5.0628e-05
Loss = 5.2365e-02, PNorm = 116.0943, GNorm = 1.2022, lr_0 = 5.0410e-05
Loss = 6.0959e-02, PNorm = 116.0974, GNorm = 0.7589, lr_0 = 5.0194e-05
Loss = 4.6369e-02, PNorm = 116.1006, GNorm = 0.4383, lr_0 = 4.9979e-05
Loss = 4.6678e-02, PNorm = 116.1035, GNorm = 0.6155, lr_0 = 4.9765e-05
Loss = 6.3077e-02, PNorm = 116.1073, GNorm = 0.8902, lr_0 = 4.9551e-05
Loss = 5.4497e-02, PNorm = 116.1115, GNorm = 0.5076, lr_0 = 4.9339e-05
Loss = 6.1433e-02, PNorm = 116.1149, GNorm = 0.6202, lr_0 = 4.9127e-05
Validation rmse = 32.485974
Epoch 32
Loss = 4.7027e-02, PNorm = 116.1182, GNorm = 0.4333, lr_0 = 4.8917e-05
Loss = 4.9403e-02, PNorm = 116.1230, GNorm = 0.5014, lr_0 = 4.8707e-05
Loss = 5.8492e-02, PNorm = 116.1278, GNorm = 0.4477, lr_0 = 4.8498e-05
Loss = 5.9158e-02, PNorm = 116.1309, GNorm = 0.5122, lr_0 = 4.8290e-05
Loss = 5.7137e-02, PNorm = 116.1347, GNorm = 0.5097, lr_0 = 4.8083e-05
Loss = 4.7121e-02, PNorm = 116.1372, GNorm = 0.4880, lr_0 = 4.7877e-05
Loss = 4.9410e-02, PNorm = 116.1388, GNorm = 0.8363, lr_0 = 4.7672e-05
Loss = 5.6636e-02, PNorm = 116.1424, GNorm = 1.0096, lr_0 = 4.7467e-05
Loss = 5.4695e-02, PNorm = 116.1470, GNorm = 0.3860, lr_0 = 4.7264e-05
Loss = 4.7659e-02, PNorm = 116.1503, GNorm = 0.7066, lr_0 = 4.7061e-05
Loss = 5.0153e-02, PNorm = 116.1537, GNorm = 0.4141, lr_0 = 4.6860e-05
Loss = 6.0233e-02, PNorm = 116.1570, GNorm = 0.8839, lr_0 = 4.6659e-05
Loss = 5.3338e-02, PNorm = 116.1599, GNorm = 0.8391, lr_0 = 4.6459e-05
Loss = 5.5716e-02, PNorm = 116.1629, GNorm = 0.5160, lr_0 = 4.6259e-05
Loss = 4.8866e-02, PNorm = 116.1657, GNorm = 0.3494, lr_0 = 4.6061e-05
Loss = 6.5924e-02, PNorm = 116.1680, GNorm = 3.8045, lr_0 = 4.5864e-05
Loss = 5.3017e-02, PNorm = 116.1708, GNorm = 0.7331, lr_0 = 4.5667e-05
Validation rmse = 32.475626
Epoch 33
Loss = 5.5882e-02, PNorm = 116.1749, GNorm = 0.8206, lr_0 = 4.5471e-05
Loss = 4.7597e-02, PNorm = 116.1783, GNorm = 0.3678, lr_0 = 4.5276e-05
Loss = 5.1151e-02, PNorm = 116.1808, GNorm = 0.4867, lr_0 = 4.5082e-05
Loss = 5.2447e-02, PNorm = 116.1830, GNorm = 0.4638, lr_0 = 4.4889e-05
Loss = 5.4060e-02, PNorm = 116.1867, GNorm = 0.8547, lr_0 = 4.4696e-05
Loss = 6.1602e-02, PNorm = 116.1906, GNorm = 0.4199, lr_0 = 4.4505e-05
Loss = 5.3290e-02, PNorm = 116.1947, GNorm = 1.0002, lr_0 = 4.4314e-05
Loss = 5.7550e-02, PNorm = 116.1985, GNorm = 0.6707, lr_0 = 4.4124e-05
Loss = 5.0593e-02, PNorm = 116.2004, GNorm = 1.2220, lr_0 = 4.3935e-05
Loss = 4.4467e-02, PNorm = 116.2023, GNorm = 0.4394, lr_0 = 4.3746e-05
Loss = 5.5649e-02, PNorm = 116.2061, GNorm = 0.9134, lr_0 = 4.3559e-05
Loss = 5.3334e-02, PNorm = 116.2101, GNorm = 0.5281, lr_0 = 4.3372e-05
Loss = 5.9446e-02, PNorm = 116.2121, GNorm = 0.6317, lr_0 = 4.3186e-05
Loss = 6.2697e-02, PNorm = 116.2147, GNorm = 0.6069, lr_0 = 4.3001e-05
Loss = 5.6434e-02, PNorm = 116.2176, GNorm = 0.8698, lr_0 = 4.2817e-05
Loss = 6.0882e-02, PNorm = 116.2205, GNorm = 0.6463, lr_0 = 4.2633e-05
Loss = 5.0829e-02, PNorm = 116.2230, GNorm = 0.4879, lr_0 = 4.2450e-05
Validation rmse = 31.855115
Epoch 34
Loss = 5.5472e-02, PNorm = 116.2268, GNorm = 0.4011, lr_0 = 4.2268e-05
Loss = 4.6865e-02, PNorm = 116.2307, GNorm = 0.3725, lr_0 = 4.2087e-05
Loss = 5.4596e-02, PNorm = 116.2325, GNorm = 0.4035, lr_0 = 4.1906e-05
Loss = 5.8950e-02, PNorm = 116.2357, GNorm = 0.9655, lr_0 = 4.1727e-05
Loss = 4.8695e-02, PNorm = 116.2378, GNorm = 0.3291, lr_0 = 4.1548e-05
Loss = 5.7255e-02, PNorm = 116.2408, GNorm = 0.5500, lr_0 = 4.1370e-05
Loss = 5.2209e-02, PNorm = 116.2432, GNorm = 0.6478, lr_0 = 4.1192e-05
Loss = 4.6870e-02, PNorm = 116.2471, GNorm = 0.5952, lr_0 = 4.1016e-05
Loss = 5.2692e-02, PNorm = 116.2505, GNorm = 0.4984, lr_0 = 4.0840e-05
Loss = 5.4677e-02, PNorm = 116.2540, GNorm = 0.6550, lr_0 = 4.0665e-05
Loss = 4.2687e-02, PNorm = 116.2564, GNorm = 0.5127, lr_0 = 4.0490e-05
Loss = 4.5126e-02, PNorm = 116.2589, GNorm = 0.4268, lr_0 = 4.0317e-05
Loss = 5.6339e-02, PNorm = 116.2617, GNorm = 0.6738, lr_0 = 4.0144e-05
Loss = 4.7437e-02, PNorm = 116.2638, GNorm = 0.4662, lr_0 = 3.9972e-05
Loss = 5.0008e-02, PNorm = 116.2653, GNorm = 0.9057, lr_0 = 3.9801e-05
Loss = 4.8946e-02, PNorm = 116.2682, GNorm = 0.5034, lr_0 = 3.9630e-05
Loss = 5.6136e-02, PNorm = 116.2711, GNorm = 0.3389, lr_0 = 3.9460e-05
Validation rmse = 31.514988
Epoch 35
Loss = 4.4683e-02, PNorm = 116.2749, GNorm = 0.3539, lr_0 = 3.9274e-05
Loss = 5.2751e-02, PNorm = 116.2790, GNorm = 0.3854, lr_0 = 3.9105e-05
Loss = 5.6276e-02, PNorm = 116.2825, GNorm = 0.5697, lr_0 = 3.8938e-05
Loss = 5.0099e-02, PNorm = 116.2849, GNorm = 0.5135, lr_0 = 3.8771e-05
Loss = 5.9688e-02, PNorm = 116.2867, GNorm = 0.7587, lr_0 = 3.8605e-05
Loss = 5.8069e-02, PNorm = 116.2892, GNorm = 0.5843, lr_0 = 3.8439e-05
Loss = 4.2952e-02, PNorm = 116.2928, GNorm = 0.3634, lr_0 = 3.8274e-05
Loss = 5.3060e-02, PNorm = 116.2952, GNorm = 0.5473, lr_0 = 3.8110e-05
Loss = 4.6349e-02, PNorm = 116.2979, GNorm = 0.3669, lr_0 = 3.7947e-05
Loss = 5.4057e-02, PNorm = 116.3001, GNorm = 0.4302, lr_0 = 3.7784e-05
Loss = 5.1791e-02, PNorm = 116.3032, GNorm = 0.4659, lr_0 = 3.7622e-05
Loss = 4.7733e-02, PNorm = 116.3054, GNorm = 0.6739, lr_0 = 3.7461e-05
Loss = 5.5241e-02, PNorm = 116.3084, GNorm = 0.4299, lr_0 = 3.7300e-05
Loss = 4.4933e-02, PNorm = 116.3118, GNorm = 0.3783, lr_0 = 3.7140e-05
Loss = 6.0807e-02, PNorm = 116.3139, GNorm = 0.5254, lr_0 = 3.6981e-05
Loss = 4.0346e-02, PNorm = 116.3153, GNorm = 0.6793, lr_0 = 3.6822e-05
Loss = 4.9384e-02, PNorm = 116.3170, GNorm = 0.7067, lr_0 = 3.6665e-05
Validation rmse = 31.807311
Epoch 36
Loss = 5.0364e-02, PNorm = 116.3201, GNorm = 1.0015, lr_0 = 3.6507e-05
Loss = 5.3200e-02, PNorm = 116.3241, GNorm = 0.5671, lr_0 = 3.6351e-05
Loss = 4.9267e-02, PNorm = 116.3287, GNorm = 0.4831, lr_0 = 3.6195e-05
Loss = 4.8376e-02, PNorm = 116.3311, GNorm = 0.3051, lr_0 = 3.6040e-05
Loss = 4.5237e-02, PNorm = 116.3323, GNorm = 0.3794, lr_0 = 3.5885e-05
Loss = 4.5903e-02, PNorm = 116.3333, GNorm = 0.3798, lr_0 = 3.5731e-05
Loss = 4.7164e-02, PNorm = 116.3356, GNorm = 0.6687, lr_0 = 3.5578e-05
Loss = 5.2921e-02, PNorm = 116.3369, GNorm = 1.1202, lr_0 = 3.5426e-05
Loss = 5.1000e-02, PNorm = 116.3393, GNorm = 0.6821, lr_0 = 3.5274e-05
Loss = 5.0023e-02, PNorm = 116.3417, GNorm = 0.6724, lr_0 = 3.5123e-05
Loss = 5.3386e-02, PNorm = 116.3445, GNorm = 0.5891, lr_0 = 3.4972e-05
Loss = 4.8804e-02, PNorm = 116.3474, GNorm = 0.6800, lr_0 = 3.4822e-05
Loss = 4.9773e-02, PNorm = 116.3502, GNorm = 0.9997, lr_0 = 3.4673e-05
Loss = 4.9825e-02, PNorm = 116.3529, GNorm = 0.4208, lr_0 = 3.4524e-05
Loss = 4.6919e-02, PNorm = 116.3562, GNorm = 0.5028, lr_0 = 3.4376e-05
Loss = 4.9397e-02, PNorm = 116.3595, GNorm = 0.5668, lr_0 = 3.4229e-05
Loss = 4.7023e-02, PNorm = 116.3615, GNorm = 0.4531, lr_0 = 3.4082e-05
Validation rmse = 31.919585
Epoch 37
Loss = 4.6711e-02, PNorm = 116.3643, GNorm = 0.3320, lr_0 = 3.3936e-05
Loss = 5.2594e-02, PNorm = 116.3674, GNorm = 0.6560, lr_0 = 3.3790e-05
Loss = 4.9894e-02, PNorm = 116.3689, GNorm = 0.6007, lr_0 = 3.3645e-05
Loss = 5.5342e-02, PNorm = 116.3718, GNorm = 0.6560, lr_0 = 3.3501e-05
Loss = 4.8790e-02, PNorm = 116.3748, GNorm = 0.4168, lr_0 = 3.3358e-05
Loss = 5.4164e-02, PNorm = 116.3773, GNorm = 0.4693, lr_0 = 3.3215e-05
Loss = 4.7234e-02, PNorm = 116.3809, GNorm = 0.7591, lr_0 = 3.3072e-05
Loss = 4.7925e-02, PNorm = 116.3844, GNorm = 0.4060, lr_0 = 3.2930e-05
Loss = 4.7891e-02, PNorm = 116.3868, GNorm = 0.3524, lr_0 = 3.2789e-05
Loss = 4.1919e-02, PNorm = 116.3890, GNorm = 0.5842, lr_0 = 3.2649e-05
Loss = 4.7637e-02, PNorm = 116.3908, GNorm = 0.9110, lr_0 = 3.2509e-05
Loss = 5.1588e-02, PNorm = 116.3932, GNorm = 0.6046, lr_0 = 3.2369e-05
Loss = 4.7943e-02, PNorm = 116.3953, GNorm = 0.4102, lr_0 = 3.2230e-05
Loss = 5.1259e-02, PNorm = 116.3973, GNorm = 0.4246, lr_0 = 3.2092e-05
Loss = 4.3360e-02, PNorm = 116.3991, GNorm = 0.5421, lr_0 = 3.1955e-05
Loss = 5.2415e-02, PNorm = 116.4013, GNorm = 0.3844, lr_0 = 3.1818e-05
Loss = 4.9183e-02, PNorm = 116.4041, GNorm = 0.3126, lr_0 = 3.1681e-05
Validation rmse = 31.755244
Epoch 38
Loss = 4.9414e-02, PNorm = 116.4066, GNorm = 0.4684, lr_0 = 3.1545e-05
Loss = 4.6784e-02, PNorm = 116.4097, GNorm = 0.5940, lr_0 = 3.1410e-05
Loss = 5.0983e-02, PNorm = 116.4119, GNorm = 0.7588, lr_0 = 3.1275e-05
Loss = 4.6951e-02, PNorm = 116.4136, GNorm = 0.6513, lr_0 = 3.1141e-05
Loss = 5.0412e-02, PNorm = 116.4150, GNorm = 0.8140, lr_0 = 3.1008e-05
Loss = 4.6517e-02, PNorm = 116.4167, GNorm = 0.5001, lr_0 = 3.0875e-05
Loss = 5.2848e-02, PNorm = 116.4189, GNorm = 0.5372, lr_0 = 3.0743e-05
Loss = 4.7983e-02, PNorm = 116.4201, GNorm = 0.3559, lr_0 = 3.0611e-05
Loss = 4.9767e-02, PNorm = 116.4218, GNorm = 1.0857, lr_0 = 3.0479e-05
Loss = 5.3147e-02, PNorm = 116.4241, GNorm = 0.4734, lr_0 = 3.0349e-05
Loss = 5.4115e-02, PNorm = 116.4263, GNorm = 0.3728, lr_0 = 3.0219e-05
Loss = 4.8658e-02, PNorm = 116.4285, GNorm = 1.9780, lr_0 = 3.0089e-05
Loss = 5.7707e-02, PNorm = 116.4312, GNorm = 0.5122, lr_0 = 2.9960e-05
Loss = 4.3996e-02, PNorm = 116.4335, GNorm = 0.3205, lr_0 = 2.9832e-05
Loss = 4.6980e-02, PNorm = 116.4358, GNorm = 0.4945, lr_0 = 2.9704e-05
Loss = 4.7929e-02, PNorm = 116.4380, GNorm = 0.6445, lr_0 = 2.9576e-05
Loss = 5.0313e-02, PNorm = 116.4395, GNorm = 0.2880, lr_0 = 2.9450e-05
Validation rmse = 31.584052
Epoch 39
Loss = 5.4109e-02, PNorm = 116.4417, GNorm = 0.9881, lr_0 = 2.9323e-05
Loss = 4.0959e-02, PNorm = 116.4442, GNorm = 0.3266, lr_0 = 2.9198e-05
Loss = 4.3415e-02, PNorm = 116.4458, GNorm = 0.5107, lr_0 = 2.9072e-05
Loss = 4.3462e-02, PNorm = 116.4479, GNorm = 0.5629, lr_0 = 2.8948e-05
Loss = 4.9989e-02, PNorm = 116.4500, GNorm = 0.4360, lr_0 = 2.8824e-05
Loss = 4.8472e-02, PNorm = 116.4517, GNorm = 0.4926, lr_0 = 2.8700e-05
Loss = 4.8899e-02, PNorm = 116.4538, GNorm = 0.5637, lr_0 = 2.8577e-05
Loss = 5.5139e-02, PNorm = 116.4555, GNorm = 0.8758, lr_0 = 2.8454e-05
Loss = 5.8994e-02, PNorm = 116.4580, GNorm = 0.4971, lr_0 = 2.8332e-05
Loss = 5.0139e-02, PNorm = 116.4597, GNorm = 0.2901, lr_0 = 2.8211e-05
Loss = 4.3697e-02, PNorm = 116.4619, GNorm = 0.4734, lr_0 = 2.8090e-05
Loss = 4.9602e-02, PNorm = 116.4633, GNorm = 0.6241, lr_0 = 2.7970e-05
Loss = 4.5977e-02, PNorm = 116.4644, GNorm = 0.5167, lr_0 = 2.7850e-05
Loss = 4.6937e-02, PNorm = 116.4665, GNorm = 0.3957, lr_0 = 2.7730e-05
Loss = 5.2708e-02, PNorm = 116.4691, GNorm = 0.3951, lr_0 = 2.7611e-05
Loss = 4.8376e-02, PNorm = 116.4709, GNorm = 0.4911, lr_0 = 2.7493e-05
Loss = 4.4056e-02, PNorm = 116.4725, GNorm = 0.5396, lr_0 = 2.7375e-05
Loss = 2.7833e-02, PNorm = 116.4727, GNorm = 0.3195, lr_0 = 2.7363e-05
Validation rmse = 31.810114
Epoch 40
Loss = 4.5906e-02, PNorm = 116.4751, GNorm = 0.3985, lr_0 = 2.7246e-05
Loss = 4.9560e-02, PNorm = 116.4765, GNorm = 0.6335, lr_0 = 2.7129e-05
Loss = 4.7416e-02, PNorm = 116.4781, GNorm = 0.5581, lr_0 = 2.7013e-05
Loss = 4.1828e-02, PNorm = 116.4803, GNorm = 0.8273, lr_0 = 2.6897e-05
Loss = 4.6586e-02, PNorm = 116.4816, GNorm = 0.5883, lr_0 = 2.6782e-05
Loss = 4.5830e-02, PNorm = 116.4829, GNorm = 0.4359, lr_0 = 2.6667e-05
Loss = 4.6675e-02, PNorm = 116.4848, GNorm = 0.3467, lr_0 = 2.6553e-05
Loss = 5.3292e-02, PNorm = 116.4857, GNorm = 0.4522, lr_0 = 2.6439e-05
Loss = 5.1198e-02, PNorm = 116.4880, GNorm = 0.5759, lr_0 = 2.6325e-05
Loss = 4.9028e-02, PNorm = 116.4900, GNorm = 0.5520, lr_0 = 2.6213e-05
Loss = 4.6960e-02, PNorm = 116.4924, GNorm = 0.3453, lr_0 = 2.6100e-05
Loss = 4.5655e-02, PNorm = 116.4945, GNorm = 0.3415, lr_0 = 2.5988e-05
Loss = 5.0655e-02, PNorm = 116.4954, GNorm = 0.5568, lr_0 = 2.5877e-05
Loss = 4.9178e-02, PNorm = 116.4966, GNorm = 0.4239, lr_0 = 2.5766e-05
Loss = 4.7034e-02, PNorm = 116.4971, GNorm = 0.3675, lr_0 = 2.5655e-05
Loss = 4.9318e-02, PNorm = 116.4988, GNorm = 0.6685, lr_0 = 2.5545e-05
Loss = 4.3644e-02, PNorm = 116.5003, GNorm = 1.1815, lr_0 = 2.5436e-05
Validation rmse = 31.648046
Epoch 41
Loss = 4.6960e-02, PNorm = 116.5023, GNorm = 0.4439, lr_0 = 2.5327e-05
Loss = 4.3481e-02, PNorm = 116.5038, GNorm = 0.3971, lr_0 = 2.5218e-05
Loss = 4.1034e-02, PNorm = 116.5056, GNorm = 0.4487, lr_0 = 2.5110e-05
Loss = 5.1118e-02, PNorm = 116.5073, GNorm = 0.3448, lr_0 = 2.5002e-05
Loss = 5.4709e-02, PNorm = 116.5094, GNorm = 0.4878, lr_0 = 2.4895e-05
Loss = 4.5508e-02, PNorm = 116.5111, GNorm = 0.4079, lr_0 = 2.4789e-05
Loss = 5.2798e-02, PNorm = 116.5129, GNorm = 0.6380, lr_0 = 2.4682e-05
Loss = 4.3336e-02, PNorm = 116.5146, GNorm = 0.3599, lr_0 = 2.4576e-05
Loss = 4.3830e-02, PNorm = 116.5158, GNorm = 0.4370, lr_0 = 2.4471e-05
Loss = 4.5287e-02, PNorm = 116.5169, GNorm = 0.4874, lr_0 = 2.4366e-05
Loss = 5.1963e-02, PNorm = 116.5178, GNorm = 0.6451, lr_0 = 2.4262e-05
Loss = 4.8559e-02, PNorm = 116.5192, GNorm = 0.6204, lr_0 = 2.4158e-05
Loss = 4.5061e-02, PNorm = 116.5204, GNorm = 0.5479, lr_0 = 2.4054e-05
Loss = 4.5231e-02, PNorm = 116.5214, GNorm = 0.5174, lr_0 = 2.3951e-05
Loss = 6.2267e-02, PNorm = 116.5230, GNorm = 2.1467, lr_0 = 2.3848e-05
Loss = 4.2475e-02, PNorm = 116.5252, GNorm = 0.3583, lr_0 = 2.3746e-05
Loss = 5.8631e-02, PNorm = 116.5272, GNorm = 0.4542, lr_0 = 2.3644e-05
Validation rmse = 31.538701
Epoch 42
Loss = 4.4354e-02, PNorm = 116.5281, GNorm = 0.5682, lr_0 = 2.3543e-05
Loss = 4.2078e-02, PNorm = 116.5288, GNorm = 0.3019, lr_0 = 2.3442e-05
Loss = 4.3695e-02, PNorm = 116.5297, GNorm = 0.4570, lr_0 = 2.3341e-05
Loss = 4.6800e-02, PNorm = 116.5312, GNorm = 0.3244, lr_0 = 2.3241e-05
Loss = 4.7710e-02, PNorm = 116.5334, GNorm = 0.7003, lr_0 = 2.3142e-05
Loss = 5.8145e-02, PNorm = 116.5354, GNorm = 0.6784, lr_0 = 2.3042e-05
Loss = 4.7326e-02, PNorm = 116.5381, GNorm = 0.3942, lr_0 = 2.2944e-05
Loss = 4.8079e-02, PNorm = 116.5390, GNorm = 0.8785, lr_0 = 2.2845e-05
Loss = 4.4494e-02, PNorm = 116.5402, GNorm = 0.5736, lr_0 = 2.2747e-05
Loss = 4.5054e-02, PNorm = 116.5415, GNorm = 0.5180, lr_0 = 2.2650e-05
Loss = 5.1578e-02, PNorm = 116.5428, GNorm = 0.5802, lr_0 = 2.2553e-05
Loss = 4.4424e-02, PNorm = 116.5448, GNorm = 0.5875, lr_0 = 2.2456e-05
Loss = 5.1374e-02, PNorm = 116.5471, GNorm = 0.4118, lr_0 = 2.2360e-05
Loss = 5.0132e-02, PNorm = 116.5488, GNorm = 0.4179, lr_0 = 2.2264e-05
Loss = 4.5857e-02, PNorm = 116.5499, GNorm = 1.3313, lr_0 = 2.2168e-05
Loss = 4.6710e-02, PNorm = 116.5514, GNorm = 0.4843, lr_0 = 2.2073e-05
Loss = 4.4616e-02, PNorm = 116.5526, GNorm = 0.4886, lr_0 = 2.1979e-05
Validation rmse = 31.609324
Epoch 43
Loss = 4.6896e-02, PNorm = 116.5545, GNorm = 0.4785, lr_0 = 2.1884e-05
Loss = 4.6637e-02, PNorm = 116.5565, GNorm = 0.5275, lr_0 = 2.1791e-05
Loss = 4.3078e-02, PNorm = 116.5575, GNorm = 0.7730, lr_0 = 2.1697e-05
Loss = 4.9188e-02, PNorm = 116.5589, GNorm = 0.6320, lr_0 = 2.1604e-05
Loss = 4.5451e-02, PNorm = 116.5605, GNorm = 0.5791, lr_0 = 2.1512e-05
Loss = 4.0016e-02, PNorm = 116.5620, GNorm = 0.5370, lr_0 = 2.1419e-05
Loss = 4.4768e-02, PNorm = 116.5638, GNorm = 0.3780, lr_0 = 2.1327e-05
Loss = 4.7026e-02, PNorm = 116.5653, GNorm = 0.5309, lr_0 = 2.1236e-05
Loss = 4.2704e-02, PNorm = 116.5664, GNorm = 0.4864, lr_0 = 2.1145e-05
Loss = 5.1794e-02, PNorm = 116.5677, GNorm = 0.8471, lr_0 = 2.1054e-05
Loss = 4.8332e-02, PNorm = 116.5693, GNorm = 0.7080, lr_0 = 2.0964e-05
Loss = 4.0834e-02, PNorm = 116.5704, GNorm = 0.4254, lr_0 = 2.0874e-05
Loss = 4.4801e-02, PNorm = 116.5721, GNorm = 0.2908, lr_0 = 2.0785e-05
Loss = 5.0332e-02, PNorm = 116.5734, GNorm = 0.4956, lr_0 = 2.0696e-05
Loss = 4.8016e-02, PNorm = 116.5749, GNorm = 0.4416, lr_0 = 2.0607e-05
Loss = 4.6446e-02, PNorm = 116.5759, GNorm = 0.5072, lr_0 = 2.0518e-05
Validation rmse = 31.276223
Epoch 44
Loss = 4.5960e-02, PNorm = 116.5780, GNorm = 0.5013, lr_0 = 2.0422e-05
Loss = 4.6008e-02, PNorm = 116.5795, GNorm = 0.6582, lr_0 = 2.0334e-05
Loss = 4.4069e-02, PNorm = 116.5806, GNorm = 0.3137, lr_0 = 2.0247e-05
Loss = 4.5457e-02, PNorm = 116.5816, GNorm = 0.5207, lr_0 = 2.0160e-05
Loss = 4.5527e-02, PNorm = 116.5828, GNorm = 0.4939, lr_0 = 2.0074e-05
Loss = 5.1781e-02, PNorm = 116.5837, GNorm = 0.5117, lr_0 = 1.9988e-05
Loss = 4.1152e-02, PNorm = 116.5841, GNorm = 0.4026, lr_0 = 1.9902e-05
Loss = 4.6832e-02, PNorm = 116.5854, GNorm = 0.4292, lr_0 = 1.9817e-05
Loss = 4.5581e-02, PNorm = 116.5871, GNorm = 0.6879, lr_0 = 1.9732e-05
Loss = 3.9653e-02, PNorm = 116.5884, GNorm = 0.2959, lr_0 = 1.9647e-05
Loss = 4.5974e-02, PNorm = 116.5896, GNorm = 0.3797, lr_0 = 1.9563e-05
Loss = 4.4399e-02, PNorm = 116.5905, GNorm = 0.4355, lr_0 = 1.9479e-05
Loss = 4.5466e-02, PNorm = 116.5917, GNorm = 0.5930, lr_0 = 1.9395e-05
Loss = 4.6864e-02, PNorm = 116.5926, GNorm = 0.5798, lr_0 = 1.9312e-05
Loss = 4.3437e-02, PNorm = 116.5940, GNorm = 0.5823, lr_0 = 1.9229e-05
Loss = 4.9830e-02, PNorm = 116.5953, GNorm = 0.6817, lr_0 = 1.9147e-05
Loss = 5.1436e-02, PNorm = 116.5970, GNorm = 0.3578, lr_0 = 1.9065e-05
Validation rmse = 31.010008
Epoch 45
Loss = 2.8934e-02, PNorm = 116.5982, GNorm = 0.4852, lr_0 = 1.8983e-05
Loss = 4.4052e-02, PNorm = 116.5993, GNorm = 0.7029, lr_0 = 1.8902e-05
Loss = 4.4475e-02, PNorm = 116.6008, GNorm = 0.4563, lr_0 = 1.8821e-05
Loss = 4.0588e-02, PNorm = 116.6020, GNorm = 0.8259, lr_0 = 1.8740e-05
Loss = 4.8504e-02, PNorm = 116.6032, GNorm = 0.4389, lr_0 = 1.8660e-05
Loss = 3.8354e-02, PNorm = 116.6043, GNorm = 0.3993, lr_0 = 1.8580e-05
Loss = 5.0798e-02, PNorm = 116.6056, GNorm = 0.3934, lr_0 = 1.8500e-05
Loss = 4.3269e-02, PNorm = 116.6070, GNorm = 0.8919, lr_0 = 1.8421e-05
Loss = 4.4653e-02, PNorm = 116.6083, GNorm = 0.4319, lr_0 = 1.8342e-05
Loss = 4.2774e-02, PNorm = 116.6097, GNorm = 0.5216, lr_0 = 1.8263e-05
Loss = 4.4494e-02, PNorm = 116.6106, GNorm = 0.6616, lr_0 = 1.8185e-05
Loss = 4.3472e-02, PNorm = 116.6119, GNorm = 0.6061, lr_0 = 1.8107e-05
Loss = 4.7685e-02, PNorm = 116.6128, GNorm = 0.8857, lr_0 = 1.8029e-05
Loss = 4.7798e-02, PNorm = 116.6140, GNorm = 0.3551, lr_0 = 1.7952e-05
Loss = 4.0513e-02, PNorm = 116.6152, GNorm = 0.4585, lr_0 = 1.7875e-05
Loss = 4.9086e-02, PNorm = 116.6164, GNorm = 0.8972, lr_0 = 1.7798e-05
Loss = 4.8152e-02, PNorm = 116.6177, GNorm = 0.7863, lr_0 = 1.7722e-05
Validation rmse = 31.502724
Epoch 46
Loss = 5.1811e-02, PNorm = 116.6201, GNorm = 0.5174, lr_0 = 1.7646e-05
Loss = 3.9105e-02, PNorm = 116.6217, GNorm = 0.2957, lr_0 = 1.7570e-05
Loss = 4.3539e-02, PNorm = 116.6236, GNorm = 0.5736, lr_0 = 1.7495e-05
Loss = 4.9417e-02, PNorm = 116.6249, GNorm = 0.4387, lr_0 = 1.7420e-05
Loss = 4.8339e-02, PNorm = 116.6260, GNorm = 1.0357, lr_0 = 1.7345e-05
Loss = 4.4055e-02, PNorm = 116.6264, GNorm = 0.4128, lr_0 = 1.7271e-05
Loss = 4.2604e-02, PNorm = 116.6276, GNorm = 0.5701, lr_0 = 1.7197e-05
Loss = 4.7235e-02, PNorm = 116.6283, GNorm = 0.4945, lr_0 = 1.7123e-05
Loss = 3.7812e-02, PNorm = 116.6288, GNorm = 0.3697, lr_0 = 1.7050e-05
Loss = 5.3031e-02, PNorm = 116.6299, GNorm = 0.8564, lr_0 = 1.6977e-05
Loss = 4.2045e-02, PNorm = 116.6312, GNorm = 0.3228, lr_0 = 1.6904e-05
Loss = 4.2769e-02, PNorm = 116.6330, GNorm = 0.4960, lr_0 = 1.6831e-05
Loss = 4.5498e-02, PNorm = 116.6342, GNorm = 0.4380, lr_0 = 1.6759e-05
Loss = 4.2619e-02, PNorm = 116.6354, GNorm = 0.3956, lr_0 = 1.6687e-05
Loss = 4.9962e-02, PNorm = 116.6365, GNorm = 0.5452, lr_0 = 1.6616e-05
Loss = 4.8232e-02, PNorm = 116.6375, GNorm = 0.5227, lr_0 = 1.6545e-05
Loss = 4.5060e-02, PNorm = 116.6385, GNorm = 0.4280, lr_0 = 1.6474e-05
Validation rmse = 31.060065
Epoch 47
Loss = 4.6184e-02, PNorm = 116.6397, GNorm = 0.5260, lr_0 = 1.6403e-05
Loss = 4.4934e-02, PNorm = 116.6405, GNorm = 0.6346, lr_0 = 1.6333e-05
Loss = 4.0974e-02, PNorm = 116.6413, GNorm = 0.5616, lr_0 = 1.6263e-05
Loss = 4.9578e-02, PNorm = 116.6422, GNorm = 0.6526, lr_0 = 1.6193e-05
Loss = 5.0412e-02, PNorm = 116.6433, GNorm = 0.3395, lr_0 = 1.6124e-05
Loss = 5.1066e-02, PNorm = 116.6448, GNorm = 0.4990, lr_0 = 1.6054e-05
Loss = 4.3782e-02, PNorm = 116.6463, GNorm = 0.3579, lr_0 = 1.5986e-05
Loss = 3.9493e-02, PNorm = 116.6473, GNorm = 0.2903, lr_0 = 1.5917e-05
Loss = 3.9778e-02, PNorm = 116.6484, GNorm = 0.5793, lr_0 = 1.5849e-05
Loss = 4.4902e-02, PNorm = 116.6491, GNorm = 0.4126, lr_0 = 1.5781e-05
Loss = 5.0061e-02, PNorm = 116.6500, GNorm = 0.7717, lr_0 = 1.5713e-05
Loss = 4.4248e-02, PNorm = 116.6507, GNorm = 0.5077, lr_0 = 1.5646e-05
Loss = 4.5545e-02, PNorm = 116.6518, GNorm = 0.4663, lr_0 = 1.5579e-05
Loss = 4.2354e-02, PNorm = 116.6527, GNorm = 0.4309, lr_0 = 1.5512e-05
Loss = 4.9950e-02, PNorm = 116.6544, GNorm = 0.3957, lr_0 = 1.5445e-05
Loss = 4.4927e-02, PNorm = 116.6552, GNorm = 0.3844, lr_0 = 1.5379e-05
Loss = 4.2617e-02, PNorm = 116.6561, GNorm = 0.3663, lr_0 = 1.5313e-05
Validation rmse = 31.350327
Epoch 48
Loss = 3.9012e-02, PNorm = 116.6568, GNorm = 0.4433, lr_0 = 1.5241e-05
Loss = 4.2360e-02, PNorm = 116.6576, GNorm = 0.4754, lr_0 = 1.5176e-05
Loss = 4.5155e-02, PNorm = 116.6583, GNorm = 0.6356, lr_0 = 1.5111e-05
Loss = 3.9108e-02, PNorm = 116.6588, GNorm = 0.6921, lr_0 = 1.5046e-05
Loss = 5.0599e-02, PNorm = 116.6593, GNorm = 0.7299, lr_0 = 1.4981e-05
Loss = 5.0097e-02, PNorm = 116.6602, GNorm = 0.6609, lr_0 = 1.4917e-05
Loss = 4.2066e-02, PNorm = 116.6614, GNorm = 0.4574, lr_0 = 1.4853e-05
Loss = 4.3127e-02, PNorm = 116.6620, GNorm = 0.4165, lr_0 = 1.4789e-05
Loss = 4.0921e-02, PNorm = 116.6626, GNorm = 0.5971, lr_0 = 1.4726e-05
Loss = 4.0609e-02, PNorm = 116.6634, GNorm = 0.4705, lr_0 = 1.4663e-05
Loss = 5.0274e-02, PNorm = 116.6639, GNorm = 0.4027, lr_0 = 1.4600e-05
Loss = 4.1031e-02, PNorm = 116.6644, GNorm = 0.3869, lr_0 = 1.4537e-05
Loss = 4.6417e-02, PNorm = 116.6655, GNorm = 0.4421, lr_0 = 1.4475e-05
Loss = 4.5609e-02, PNorm = 116.6669, GNorm = 0.2703, lr_0 = 1.4413e-05
Loss = 4.1130e-02, PNorm = 116.6677, GNorm = 1.0367, lr_0 = 1.4351e-05
Loss = 4.0683e-02, PNorm = 116.6684, GNorm = 0.3818, lr_0 = 1.4290e-05
Loss = 4.2263e-02, PNorm = 116.6694, GNorm = 0.5341, lr_0 = 1.4228e-05
Validation rmse = 31.109800
Epoch 49
Loss = 3.2401e-02, PNorm = 116.6705, GNorm = 0.6451, lr_0 = 1.4167e-05
Loss = 4.7450e-02, PNorm = 116.6716, GNorm = 0.6076, lr_0 = 1.4107e-05
Loss = 4.0508e-02, PNorm = 116.6719, GNorm = 0.4727, lr_0 = 1.4046e-05
Loss = 4.6305e-02, PNorm = 116.6728, GNorm = 0.6379, lr_0 = 1.3986e-05
Loss = 4.7227e-02, PNorm = 116.6736, GNorm = 0.8893, lr_0 = 1.3926e-05
Loss = 4.4678e-02, PNorm = 116.6749, GNorm = 0.6843, lr_0 = 1.3866e-05
Loss = 4.7289e-02, PNorm = 116.6760, GNorm = 0.5653, lr_0 = 1.3807e-05
Loss = 4.2063e-02, PNorm = 116.6769, GNorm = 0.4745, lr_0 = 1.3748e-05
Loss = 4.2883e-02, PNorm = 116.6777, GNorm = 0.9508, lr_0 = 1.3689e-05
Loss = 5.5814e-02, PNorm = 116.6783, GNorm = 0.8603, lr_0 = 1.3630e-05
Loss = 4.3838e-02, PNorm = 116.6792, GNorm = 0.5282, lr_0 = 1.3572e-05
Loss = 4.2234e-02, PNorm = 116.6806, GNorm = 0.3631, lr_0 = 1.3513e-05
Loss = 4.1430e-02, PNorm = 116.6816, GNorm = 0.7580, lr_0 = 1.3473e-05
Loss = 4.1266e-02, PNorm = 116.6828, GNorm = 0.6051, lr_0 = 1.3473e-05
Loss = 4.7206e-02, PNorm = 116.6841, GNorm = 0.5081, lr_0 = 1.3473e-05
Loss = 5.0302e-02, PNorm = 116.6849, GNorm = 1.0870, lr_0 = 1.3473e-05
Loss = 4.7154e-02, PNorm = 116.6859, GNorm = 0.5085, lr_0 = 1.3473e-05
Validation rmse = 31.123673
Model 0 best validation rmse = 31.010008 on epoch 44
Loading pretrained parameter "encoder.encoder.0.cached_zero_vector".
Loading pretrained parameter "encoder.encoder.0.W_i.weight".
Loading pretrained parameter "encoder.encoder.0.W_h.weight".
Loading pretrained parameter "encoder.encoder.0.W_o.weight".
Loading pretrained parameter "encoder.encoder.0.W_o.bias".
Loading pretrained parameter "encoder.encoder.1.cached_zero_vector".
Loading pretrained parameter "encoder.encoder.1.W_i.weight".
Loading pretrained parameter "encoder.encoder.1.W_h.weight".
Loading pretrained parameter "encoder.encoder.1.W_o.weight".
Loading pretrained parameter "encoder.encoder.1.W_o.bias".
Loading pretrained parameter "ffn.1.weight".
Loading pretrained parameter "ffn.1.bias".
Loading pretrained parameter "ffn.4.weight".
Loading pretrained parameter "ffn.4.bias".
Moving model to cuda
Model 0 test rmse = 29.910732
Ensemble test rmse = 29.910732
1-fold cross validation
	Seed 0 ==> test rmse = 29.910732
Overall test rmse = 29.910732 +/- 0.000000
Elapsed time = 0:35:58
