Fold 0
Model 0 best validation rmse = 25.265111 on epoch 134
Model 0 test rmse = 25.291663
Model 1 best validation rmse = 24.932287 on epoch 108
Model 1 test rmse = 25.850895
Model 2 best validation rmse = 26.192675 on epoch 81
Model 2 test rmse = 25.260960
Model 3 best validation rmse = 25.416534 on epoch 74
Model 3 test rmse = 26.081609
Model 4 best validation rmse = 25.322714 on epoch 116
Model 4 test rmse = 25.618969
Ensemble test rmse = 24.953271
1-fold cross validation
	Seed 0 ==> test rmse = 24.953271
Overall test rmse = 24.953271 +/- 0.000000
Elapsed time = 4:28:43
Fold 0
Model 0 best validation rmse = 24.684191 on epoch 140
Model 0 test rmse = 24.369413
Model 1 best validation rmse = 24.665335 on epoch 150
Model 1 test rmse = 23.739188
Model 2 best validation rmse = 25.787572 on epoch 197
Model 2 test rmse = 24.046440
Model 3 best validation rmse = 25.504572 on epoch 148
Model 3 test rmse = 24.450895
Model 4 best validation rmse = 25.769160 on epoch 164
Model 4 test rmse = 24.509992
Ensemble test rmse = 23.442861
1-fold cross validation
	Seed 0 ==> test rmse = 23.442861
Overall test rmse = 23.442861 +/- 0.000000
Elapsed time = 2:15:30
