Command line
python /home/kpg/chemprop/train.py --data_path ../../../data/splits/lambda_max_abs/deep4chem/group_by_smiles/smiles_target_train.csv --dataset_type regression --save_dir /home/kimele03/uvvisml/uvvisml/models/multitask_peak_stats_checkpoints/scaffold/results/507320/49759252 --config_path /home/kimele03/uvvisml/uvvisml/models/multitask_peak_stats_checkpoints/scaffold/results/507320/49759252/hyperopt.json --metric rmse --epochs 50 --gpu 0 --ensemble_size 1 --separate_val_path ../../../data/splits/lambda_max_abs/deep4chem/group_by_smiles/smiles_target_val.csv --separate_test_path ../../../data/splits/lambda_max_abs/deep4chem/group_by_smiles/smiles_target_test.csv --number_of_molecules 2
Args
{'activation': 'ReLU',
 'aggregation': 'mean',
 'aggregation_norm': 100,
 'atom_descriptor_scaling': True,
 'atom_descriptors': None,
 'atom_descriptors_path': None,
 'atom_descriptors_size': 0,
 'atom_features_size': 0,
 'atom_messages': False,
 'batch_size': 74,
 'bias': False,
 'bond_feature_scaling': True,
 'bond_features_path': None,
 'bond_features_size': 0,
 'cache_cutoff': 10000,
 'checkpoint_dir': None,
 'checkpoint_frzn': None,
 'checkpoint_path': None,
 'checkpoint_paths': None,
 'class_balance': False,
 'config_path': '/home/kimele03/uvvisml/uvvisml/models/multitask_peak_stats_checkpoints/scaffold/results/507320/49759252/hyperopt.json',
 'crossval_index_dir': None,
 'crossval_index_file': None,
 'crossval_index_sets': None,
 'cuda': True,
 'data_path': '../../../data/splits/lambda_max_abs/deep4chem/group_by_smiles/smiles_target_train.csv',
 'data_weights_path': None,
 'dataset_type': 'regression',
 'depth': 5,
 'device': device(type='cuda', index=0),
 'dropout': 0.041757750254525994,
 'empty_cache': False,
 'ensemble_size': 1,
 'epochs': 50,
 'explicit_h': False,
 'extra_metrics': [],
 'features_generator': None,
 'features_only': False,
 'features_path': None,
 'features_scaling': True,
 'features_size': None,
 'ffn_hidden_size': 1569,
 'ffn_num_layers': 3,
 'final_lr': 0.00026897352081626933,
 'folds_file': None,
 'freeze_first_only': False,
 'frzn_ffn_layers': 0,
 'gpu': 0,
 'grad_clip': None,
 'hidden_size': 2400,
 'ignore_columns': None,
 'init_lr': 1.9477957062690288e-06,
 'log_frequency': 10,
 'max_data_size': None,
 'max_lr': 0.00028758303641486017,
 'metric': 'rmse',
 'metrics': ['rmse'],
 'minimize_score': True,
 'mpn_shared': False,
 'multiclass_num_classes': 3,
 'no_atom_descriptor_scaling': False,
 'no_bond_features_scaling': False,
 'no_cache_mol': False,
 'no_cuda': False,
 'no_features_scaling': False,
 'num_folds': 1,
 'num_lrs': 1,
 'num_tasks': 1,
 'num_workers': 8,
 'number_of_molecules': 2,
 'overwrite_default_atom_features': False,
 'overwrite_default_bond_features': False,
 'pytorch_seed': 0,
 'quiet': False,
 'reaction': False,
 'reaction_mode': 'reac_diff',
 'resume_experiment': False,
 'save_dir': '/home/kimele03/uvvisml/uvvisml/models/multitask_peak_stats_checkpoints/scaffold/results/507320/49759252',
 'save_preds': False,
 'save_smiles_splits': False,
 'seed': 0,
 'separate_test_atom_descriptors_path': None,
 'separate_test_bond_features_path': None,
 'separate_test_features_path': None,
 'separate_test_path': '../../../data/splits/lambda_max_abs/deep4chem/group_by_smiles/smiles_target_test.csv',
 'separate_val_atom_descriptors_path': None,
 'separate_val_bond_features_path': None,
 'separate_val_features_path': None,
 'separate_val_path': '../../../data/splits/lambda_max_abs/deep4chem/group_by_smiles/smiles_target_val.csv',
 'show_individual_scores': False,
 'smiles_columns': ['smiles', 'solvent'],
 'split_sizes': (0.8, 0.1, 0.1),
 'split_type': 'random',
 'target_columns': None,
 'target_weights': None,
 'task_names': ['peakwavs_max'],
 'test': False,
 'test_fold_index': None,
 'train_data_size': None,
 'undirected': False,
 'use_input_features': False,
 'val_fold_index': None,
 'warmup_epochs': 6}
Loading data
Number of tasks = 1
Fold 0
Splitting data with seed 0
Total size = 13,242 | train size = 13,242 | val size = 1,633 | test size = 1,710
Fitting scaler
Building model 0
MoleculeModel(
  (encoder): MPN(
    (encoder): ModuleList(
      (0): MPNEncoder(
        (dropout_layer): Dropout(p=0.041757750254525994, inplace=False)
        (act_func): ReLU()
        (W_i): Linear(in_features=147, out_features=2400, bias=False)
        (W_h): Linear(in_features=2400, out_features=2400, bias=False)
        (W_o): Linear(in_features=2533, out_features=2400, bias=True)
      )
      (1): MPNEncoder(
        (dropout_layer): Dropout(p=0.041757750254525994, inplace=False)
        (act_func): ReLU()
        (W_i): Linear(in_features=147, out_features=2400, bias=False)
        (W_h): Linear(in_features=2400, out_features=2400, bias=False)
        (W_o): Linear(in_features=2533, out_features=2400, bias=True)
      )
    )
  )
  (ffn): Sequential(
    (0): Dropout(p=0.041757750254525994, inplace=False)
    (1): Linear(in_features=4800, out_features=1569, bias=True)
    (2): ReLU()
    (3): Dropout(p=0.041757750254525994, inplace=False)
    (4): Linear(in_features=1569, out_features=1569, bias=True)
    (5): ReLU()
    (6): Dropout(p=0.041757750254525994, inplace=False)
    (7): Linear(in_features=1569, out_features=1, bias=True)
  )
)
Number of parameters = 34,391,269
Moving model to cuda
Epoch 0
Loss = 1.1236e+00, PNorm = 119.2651, GNorm = 4.0402, lr_0 = 4.8897e-06
Loss = 8.8718e-01, PNorm = 119.2652, GNorm = 2.8630, lr_0 = 7.5642e-06
Loss = 8.7381e-01, PNorm = 119.2656, GNorm = 2.4630, lr_0 = 1.0239e-05
Loss = 1.0675e+00, PNorm = 119.2661, GNorm = 4.2873, lr_0 = 1.2913e-05
Loss = 8.7881e-01, PNorm = 119.2667, GNorm = 2.7143, lr_0 = 1.5588e-05
Loss = 7.7316e-01, PNorm = 119.2677, GNorm = 2.2339, lr_0 = 1.8262e-05
Loss = 6.7936e-01, PNorm = 119.2689, GNorm = 13.0393, lr_0 = 2.0937e-05
Loss = 8.3175e-01, PNorm = 119.2700, GNorm = 9.7331, lr_0 = 2.3611e-05
Loss = 7.3764e-01, PNorm = 119.2716, GNorm = 2.8464, lr_0 = 2.6286e-05
Loss = 7.9617e-01, PNorm = 119.2739, GNorm = 8.6760, lr_0 = 2.8960e-05
Loss = 7.2060e-01, PNorm = 119.2768, GNorm = 9.8933, lr_0 = 3.1635e-05
Loss = 6.0727e-01, PNorm = 119.2800, GNorm = 10.8698, lr_0 = 3.4309e-05
Loss = 7.9200e-01, PNorm = 119.2830, GNorm = 19.2707, lr_0 = 3.6984e-05
Loss = 7.2277e-01, PNorm = 119.2862, GNorm = 12.2059, lr_0 = 3.9658e-05
Loss = 6.9236e-01, PNorm = 119.2899, GNorm = 2.2898, lr_0 = 4.2333e-05
Loss = 6.4662e-01, PNorm = 119.2947, GNorm = 8.6814, lr_0 = 4.5007e-05
Loss = 5.1956e-01, PNorm = 119.3003, GNorm = 1.8842, lr_0 = 4.7682e-05
Validation rmse = 88.147697
Epoch 1
Loss = 5.6296e-01, PNorm = 119.3066, GNorm = 3.2189, lr_0 = 5.0623e-05
Loss = 5.0034e-01, PNorm = 119.3136, GNorm = 15.3368, lr_0 = 5.3298e-05
Loss = 5.4997e-01, PNorm = 119.3200, GNorm = 2.6318, lr_0 = 5.5972e-05
Loss = 5.0403e-01, PNorm = 119.3271, GNorm = 17.2282, lr_0 = 5.8647e-05
Loss = 4.7051e-01, PNorm = 119.3343, GNorm = 37.1228, lr_0 = 6.1321e-05
Loss = 4.9047e-01, PNorm = 119.3417, GNorm = 4.1793, lr_0 = 6.3996e-05
Loss = 4.3093e-01, PNorm = 119.3498, GNorm = 4.7023, lr_0 = 6.6670e-05
Loss = 4.2970e-01, PNorm = 119.3579, GNorm = 17.7020, lr_0 = 6.9345e-05
Loss = 4.7311e-01, PNorm = 119.3652, GNorm = 3.0953, lr_0 = 7.2019e-05
Loss = 5.4738e-01, PNorm = 119.3733, GNorm = 3.8295, lr_0 = 7.4694e-05
Loss = 4.9177e-01, PNorm = 119.3829, GNorm = 7.1432, lr_0 = 7.7368e-05
Loss = 4.0160e-01, PNorm = 119.3944, GNorm = 9.4112, lr_0 = 8.0043e-05
Loss = 3.6156e-01, PNorm = 119.4041, GNorm = 7.1951, lr_0 = 8.2717e-05
Loss = 4.7107e-01, PNorm = 119.4123, GNorm = 4.3022, lr_0 = 8.5392e-05
Loss = 5.2979e-01, PNorm = 119.4213, GNorm = 9.4078, lr_0 = 8.8066e-05
Loss = 5.1393e-01, PNorm = 119.4313, GNorm = 11.8080, lr_0 = 9.0741e-05
Loss = 5.1721e-01, PNorm = 119.4438, GNorm = 7.8194, lr_0 = 9.3415e-05
Loss = 3.8983e-01, PNorm = 119.4560, GNorm = 9.2963, lr_0 = 9.6090e-05
Validation rmse = 67.915957
Epoch 2
Loss = 3.1926e-01, PNorm = 119.4685, GNorm = 1.7730, lr_0 = 9.8764e-05
Loss = 3.1887e-01, PNorm = 119.4778, GNorm = 3.3096, lr_0 = 1.0144e-04
Loss = 3.1018e-01, PNorm = 119.4886, GNorm = 2.8147, lr_0 = 1.0411e-04
Loss = 3.0520e-01, PNorm = 119.4969, GNorm = 11.3574, lr_0 = 1.0679e-04
Loss = 3.3960e-01, PNorm = 119.5060, GNorm = 6.6541, lr_0 = 1.0946e-04
Loss = 3.2491e-01, PNorm = 119.5168, GNorm = 4.2137, lr_0 = 1.1214e-04
Loss = 4.0549e-01, PNorm = 119.5278, GNorm = 2.0713, lr_0 = 1.1481e-04
Loss = 3.7055e-01, PNorm = 119.5399, GNorm = 3.8503, lr_0 = 1.1749e-04
Loss = 3.4148e-01, PNorm = 119.5547, GNorm = 8.0185, lr_0 = 1.2016e-04
Loss = 2.6680e-01, PNorm = 119.5699, GNorm = 2.4121, lr_0 = 1.2283e-04
Loss = 2.9486e-01, PNorm = 119.5860, GNorm = 4.1748, lr_0 = 1.2551e-04
Loss = 2.9192e-01, PNorm = 119.5993, GNorm = 5.4940, lr_0 = 1.2818e-04
Loss = 3.1576e-01, PNorm = 119.6137, GNorm = 3.8298, lr_0 = 1.3086e-04
Loss = 2.7602e-01, PNorm = 119.6265, GNorm = 3.5562, lr_0 = 1.3353e-04
Loss = 3.0840e-01, PNorm = 119.6399, GNorm = 4.1208, lr_0 = 1.3621e-04
Loss = 2.8024e-01, PNorm = 119.6511, GNorm = 5.6397, lr_0 = 1.3888e-04
Loss = 2.5857e-01, PNorm = 119.6659, GNorm = 1.9444, lr_0 = 1.4156e-04
Loss = 3.0162e-01, PNorm = 119.6762, GNorm = 4.9539, lr_0 = 1.4423e-04
Validation rmse = 61.018529
Epoch 3
Loss = 2.6437e-01, PNorm = 119.6910, GNorm = 4.4213, lr_0 = 1.4691e-04
Loss = 2.4164e-01, PNorm = 119.7059, GNorm = 2.6685, lr_0 = 1.4958e-04
Loss = 2.2324e-01, PNorm = 119.7217, GNorm = 9.6705, lr_0 = 1.5225e-04
Loss = 2.4397e-01, PNorm = 119.7373, GNorm = 1.6450, lr_0 = 1.5493e-04
Loss = 3.1689e-01, PNorm = 119.7518, GNorm = 9.0338, lr_0 = 1.5760e-04
Loss = 3.1701e-01, PNorm = 119.7719, GNorm = 3.0421, lr_0 = 1.6028e-04
Loss = 3.1844e-01, PNorm = 119.7935, GNorm = 1.6373, lr_0 = 1.6295e-04
Loss = 2.3615e-01, PNorm = 119.8130, GNorm = 4.8520, lr_0 = 1.6563e-04
Loss = 2.8007e-01, PNorm = 119.8324, GNorm = 9.5224, lr_0 = 1.6830e-04
Loss = 2.2878e-01, PNorm = 119.8540, GNorm = 2.0689, lr_0 = 1.7098e-04
Loss = 1.9505e-01, PNorm = 119.8731, GNorm = 1.7993, lr_0 = 1.7365e-04
Loss = 2.1641e-01, PNorm = 119.8894, GNorm = 6.6056, lr_0 = 1.7632e-04
Loss = 2.2906e-01, PNorm = 119.9103, GNorm = 2.0412, lr_0 = 1.7900e-04
Loss = 2.1254e-01, PNorm = 119.9266, GNorm = 1.1774, lr_0 = 1.8167e-04
Loss = 1.8849e-01, PNorm = 119.9436, GNorm = 3.1426, lr_0 = 1.8435e-04
Loss = 2.3884e-01, PNorm = 119.9638, GNorm = 6.3255, lr_0 = 1.8702e-04
Loss = 2.0674e-01, PNorm = 119.9882, GNorm = 3.0373, lr_0 = 1.8970e-04
Loss = 2.1265e-01, PNorm = 120.0117, GNorm = 3.6257, lr_0 = 1.9237e-04
Validation rmse = 50.275478
Epoch 4
Loss = 1.8853e-01, PNorm = 120.0343, GNorm = 2.5487, lr_0 = 1.9505e-04
Loss = 1.8127e-01, PNorm = 120.0585, GNorm = 1.2608, lr_0 = 1.9772e-04
Loss = 1.8615e-01, PNorm = 120.0828, GNorm = 1.4645, lr_0 = 2.0039e-04
Loss = 1.8623e-01, PNorm = 120.1057, GNorm = 10.8897, lr_0 = 2.0307e-04
Loss = 1.9253e-01, PNorm = 120.1283, GNorm = 1.6832, lr_0 = 2.0574e-04
Loss = 1.8422e-01, PNorm = 120.1522, GNorm = 6.7714, lr_0 = 2.0842e-04
Loss = 1.8634e-01, PNorm = 120.1743, GNorm = 3.3266, lr_0 = 2.1109e-04
Loss = 1.9536e-01, PNorm = 120.1970, GNorm = 3.4511, lr_0 = 2.1377e-04
Loss = 1.4889e-01, PNorm = 120.2173, GNorm = 1.0271, lr_0 = 2.1644e-04
Loss = 1.5685e-01, PNorm = 120.2386, GNorm = 4.9787, lr_0 = 2.1912e-04
Loss = 1.8573e-01, PNorm = 120.2622, GNorm = 2.0713, lr_0 = 2.2179e-04
Loss = 1.7174e-01, PNorm = 120.2865, GNorm = 1.3223, lr_0 = 2.2447e-04
Loss = 1.5031e-01, PNorm = 120.3064, GNorm = 1.4584, lr_0 = 2.2714e-04
Loss = 1.6414e-01, PNorm = 120.3312, GNorm = 1.6395, lr_0 = 2.2981e-04
Loss = 1.5083e-01, PNorm = 120.3550, GNorm = 2.1404, lr_0 = 2.3249e-04
Loss = 1.5332e-01, PNorm = 120.3755, GNorm = 2.1277, lr_0 = 2.3516e-04
Loss = 1.8723e-01, PNorm = 120.4042, GNorm = 4.7062, lr_0 = 2.3784e-04
Loss = 1.7949e-01, PNorm = 120.4335, GNorm = 7.0294, lr_0 = 2.4051e-04
Validation rmse = 45.449158
Epoch 5
Loss = 1.2796e-01, PNorm = 120.4646, GNorm = 1.2439, lr_0 = 2.4319e-04
Loss = 1.4613e-01, PNorm = 120.4907, GNorm = 3.7488, lr_0 = 2.4586e-04
Loss = 1.4634e-01, PNorm = 120.5142, GNorm = 1.8435, lr_0 = 2.4854e-04
Loss = 1.8366e-01, PNorm = 120.5349, GNorm = 0.7409, lr_0 = 2.5121e-04
Loss = 1.6605e-01, PNorm = 120.5655, GNorm = 3.9854, lr_0 = 2.5388e-04
Loss = 1.6116e-01, PNorm = 120.5957, GNorm = 5.0833, lr_0 = 2.5656e-04
Loss = 1.2672e-01, PNorm = 120.6265, GNorm = 3.2946, lr_0 = 2.5923e-04
Loss = 1.6030e-01, PNorm = 120.6498, GNorm = 1.4575, lr_0 = 2.6191e-04
Loss = 1.4863e-01, PNorm = 120.6745, GNorm = 7.1687, lr_0 = 2.6458e-04
Loss = 1.7336e-01, PNorm = 120.7007, GNorm = 2.0592, lr_0 = 2.6726e-04
Loss = 1.4815e-01, PNorm = 120.7283, GNorm = 4.1442, lr_0 = 2.6993e-04
Loss = 1.7220e-01, PNorm = 120.7581, GNorm = 1.8215, lr_0 = 2.7261e-04
Loss = 1.9907e-01, PNorm = 120.7922, GNorm = 7.5731, lr_0 = 2.7528e-04
Loss = 1.4353e-01, PNorm = 120.8309, GNorm = 1.9134, lr_0 = 2.7795e-04
Loss = 1.4394e-01, PNorm = 120.8617, GNorm = 1.6545, lr_0 = 2.8063e-04
Loss = 1.2480e-01, PNorm = 120.8847, GNorm = 1.8681, lr_0 = 2.8330e-04
Loss = 1.1353e-01, PNorm = 120.9114, GNorm = 0.9116, lr_0 = 2.8598e-04
Loss = 1.3881e-01, PNorm = 120.9401, GNorm = 1.7100, lr_0 = 2.8757e-04
Validation rmse = 44.198054
Epoch 6
Loss = 1.2060e-01, PNorm = 120.9665, GNorm = 3.1232, lr_0 = 2.8755e-04
Loss = 1.0798e-01, PNorm = 120.9911, GNorm = 0.7036, lr_0 = 2.8752e-04
Loss = 1.4628e-01, PNorm = 121.0168, GNorm = 4.1305, lr_0 = 2.8750e-04
Loss = 1.1223e-01, PNorm = 121.0491, GNorm = 2.2573, lr_0 = 2.8747e-04
Loss = 1.1876e-01, PNorm = 121.0717, GNorm = 5.7258, lr_0 = 2.8745e-04
Loss = 1.4988e-01, PNorm = 121.0950, GNorm = 1.0670, lr_0 = 2.8743e-04
Loss = 1.0750e-01, PNorm = 121.1185, GNorm = 0.9628, lr_0 = 2.8740e-04
Loss = 1.0933e-01, PNorm = 121.1434, GNorm = 1.8580, lr_0 = 2.8738e-04
Loss = 1.2562e-01, PNorm = 121.1710, GNorm = 4.6744, lr_0 = 2.8735e-04
Loss = 1.1998e-01, PNorm = 121.1983, GNorm = 0.7522, lr_0 = 2.8733e-04
Loss = 1.2117e-01, PNorm = 121.2222, GNorm = 2.7749, lr_0 = 2.8730e-04
Loss = 1.2215e-01, PNorm = 121.2497, GNorm = 2.2425, lr_0 = 2.8728e-04
Loss = 1.0324e-01, PNorm = 121.2793, GNorm = 1.4180, lr_0 = 2.8725e-04
Loss = 1.0313e-01, PNorm = 121.3041, GNorm = 1.9241, lr_0 = 2.8723e-04
Loss = 9.8650e-02, PNorm = 121.3249, GNorm = 3.2329, lr_0 = 2.8720e-04
Loss = 1.0341e-01, PNorm = 121.3504, GNorm = 1.4885, lr_0 = 2.8718e-04
Loss = 9.8474e-02, PNorm = 121.3751, GNorm = 0.7971, lr_0 = 2.8716e-04
Loss = 1.0783e-01, PNorm = 121.3968, GNorm = 1.2639, lr_0 = 2.8713e-04
Validation rmse = 51.994780
Epoch 7
Loss = 1.0408e-01, PNorm = 121.4210, GNorm = 0.6902, lr_0 = 2.8711e-04
Loss = 9.5741e-02, PNorm = 121.4471, GNorm = 1.4918, lr_0 = 2.8708e-04
Loss = 1.0872e-01, PNorm = 121.4716, GNorm = 2.7290, lr_0 = 2.8706e-04
Loss = 8.2060e-02, PNorm = 121.4935, GNorm = 0.7510, lr_0 = 2.8703e-04
Loss = 8.7395e-02, PNorm = 121.5144, GNorm = 1.0723, lr_0 = 2.8701e-04
Loss = 8.2729e-02, PNorm = 121.5359, GNorm = 1.3629, lr_0 = 2.8698e-04
Loss = 1.0485e-01, PNorm = 121.5613, GNorm = 1.0634, lr_0 = 2.8696e-04
Loss = 8.3349e-02, PNorm = 121.5863, GNorm = 1.2616, lr_0 = 2.8694e-04
Loss = 8.8870e-02, PNorm = 121.6075, GNorm = 2.3481, lr_0 = 2.8691e-04
Loss = 9.9919e-02, PNorm = 121.6317, GNorm = 1.5188, lr_0 = 2.8689e-04
Loss = 1.8867e-01, PNorm = 121.6708, GNorm = 5.5537, lr_0 = 2.8686e-04
Loss = 1.6556e-01, PNorm = 121.7260, GNorm = 3.7917, lr_0 = 2.8684e-04
Loss = 1.3540e-01, PNorm = 121.7773, GNorm = 0.6256, lr_0 = 2.8681e-04
Loss = 1.2966e-01, PNorm = 121.8194, GNorm = 3.4805, lr_0 = 2.8679e-04
Loss = 9.8792e-02, PNorm = 121.8522, GNorm = 1.1610, lr_0 = 2.8676e-04
Loss = 1.2304e-01, PNorm = 121.8787, GNorm = 0.6133, lr_0 = 2.8674e-04
Loss = 1.0744e-01, PNorm = 121.9098, GNorm = 1.3925, lr_0 = 2.8671e-04
Loss = 9.3290e-02, PNorm = 121.9405, GNorm = 1.9887, lr_0 = 2.8669e-04
Validation rmse = 40.602226
Epoch 8
Loss = 7.0232e-02, PNorm = 121.9655, GNorm = 0.5852, lr_0 = 2.8667e-04
Loss = 7.2514e-02, PNorm = 121.9818, GNorm = 1.1750, lr_0 = 2.8664e-04
Loss = 7.8678e-02, PNorm = 122.0021, GNorm = 1.0074, lr_0 = 2.8662e-04
Loss = 8.9768e-02, PNorm = 122.0247, GNorm = 2.0105, lr_0 = 2.8659e-04
Loss = 9.5894e-02, PNorm = 122.0442, GNorm = 2.6566, lr_0 = 2.8657e-04
Loss = 8.0375e-02, PNorm = 122.0680, GNorm = 0.7671, lr_0 = 2.8654e-04
Loss = 6.5902e-02, PNorm = 122.0891, GNorm = 0.8244, lr_0 = 2.8652e-04
Loss = 8.8416e-02, PNorm = 122.1123, GNorm = 2.8672, lr_0 = 2.8649e-04
Loss = 8.7432e-02, PNorm = 122.1360, GNorm = 0.7111, lr_0 = 2.8647e-04
Loss = 8.1786e-02, PNorm = 122.1573, GNorm = 2.1305, lr_0 = 2.8645e-04
Loss = 7.7151e-02, PNorm = 122.1773, GNorm = 1.2382, lr_0 = 2.8642e-04
Loss = 7.4048e-02, PNorm = 122.1928, GNorm = 1.0120, lr_0 = 2.8640e-04
Loss = 7.9372e-02, PNorm = 122.2106, GNorm = 0.6060, lr_0 = 2.8637e-04
Loss = 9.0646e-02, PNorm = 122.2338, GNorm = 3.4462, lr_0 = 2.8635e-04
Loss = 7.2993e-02, PNorm = 122.2537, GNorm = 1.4902, lr_0 = 2.8632e-04
Loss = 7.3156e-02, PNorm = 122.2803, GNorm = 1.0530, lr_0 = 2.8630e-04
Loss = 9.3269e-02, PNorm = 122.3044, GNorm = 1.3126, lr_0 = 2.8627e-04
Loss = 8.0619e-02, PNorm = 122.3258, GNorm = 1.9646, lr_0 = 2.8625e-04
Validation rmse = 37.740709
Epoch 9
Loss = 8.1927e-02, PNorm = 122.3537, GNorm = 0.5123, lr_0 = 2.8623e-04
Loss = 7.2883e-02, PNorm = 122.3793, GNorm = 0.9137, lr_0 = 2.8620e-04
Loss = 7.3117e-02, PNorm = 122.3970, GNorm = 0.5176, lr_0 = 2.8618e-04
Loss = 6.6884e-02, PNorm = 122.4149, GNorm = 0.7311, lr_0 = 2.8615e-04
Loss = 6.0502e-02, PNorm = 122.4351, GNorm = 1.5583, lr_0 = 2.8613e-04
Loss = 6.9463e-02, PNorm = 122.4528, GNorm = 1.2823, lr_0 = 2.8610e-04
Loss = 6.8387e-02, PNorm = 122.4710, GNorm = 1.0378, lr_0 = 2.8608e-04
Loss = 7.2758e-02, PNorm = 122.4956, GNorm = 0.5402, lr_0 = 2.8605e-04
Loss = 6.2386e-02, PNorm = 122.5184, GNorm = 0.4821, lr_0 = 2.8603e-04
Loss = 7.4909e-02, PNorm = 122.5375, GNorm = 0.6599, lr_0 = 2.8601e-04
Loss = 5.3651e-02, PNorm = 122.5572, GNorm = 0.9391, lr_0 = 2.8598e-04
Loss = 5.2649e-02, PNorm = 122.5746, GNorm = 1.0050, lr_0 = 2.8596e-04
Loss = 7.0196e-02, PNorm = 122.5885, GNorm = 0.5342, lr_0 = 2.8593e-04
Loss = 7.3534e-02, PNorm = 122.6078, GNorm = 1.3945, lr_0 = 2.8591e-04
Loss = 6.7079e-02, PNorm = 122.6299, GNorm = 0.7039, lr_0 = 2.8588e-04
Loss = 6.6199e-02, PNorm = 122.6568, GNorm = 0.6843, lr_0 = 2.8586e-04
Loss = 6.5021e-02, PNorm = 122.6783, GNorm = 2.1279, lr_0 = 2.8583e-04
Validation rmse = 32.765416
Epoch 10
Loss = 6.3128e-02, PNorm = 122.6947, GNorm = 1.0299, lr_0 = 2.8581e-04
Loss = 5.8901e-02, PNorm = 122.7191, GNorm = 0.6719, lr_0 = 2.8579e-04
Loss = 5.6681e-02, PNorm = 122.7393, GNorm = 1.4899, lr_0 = 2.8576e-04
Loss = 5.5744e-02, PNorm = 122.7564, GNorm = 0.7491, lr_0 = 2.8574e-04
Loss = 4.6837e-02, PNorm = 122.7697, GNorm = 0.8492, lr_0 = 2.8571e-04
Loss = 4.7060e-02, PNorm = 122.7866, GNorm = 0.3822, lr_0 = 2.8569e-04
Loss = 5.2451e-02, PNorm = 122.8073, GNorm = 1.0840, lr_0 = 2.8566e-04
Loss = 5.8815e-02, PNorm = 122.8268, GNorm = 1.6100, lr_0 = 2.8564e-04
Loss = 5.6629e-02, PNorm = 122.8450, GNorm = 2.2898, lr_0 = 2.8561e-04
Loss = 4.9974e-02, PNorm = 122.8631, GNorm = 1.0347, lr_0 = 2.8559e-04
Loss = 5.9532e-02, PNorm = 122.8773, GNorm = 1.1525, lr_0 = 2.8557e-04
Loss = 7.3096e-02, PNorm = 122.8957, GNorm = 1.3485, lr_0 = 2.8554e-04
Loss = 9.6194e-02, PNorm = 122.9229, GNorm = 2.5572, lr_0 = 2.8552e-04
Loss = 7.4763e-02, PNorm = 122.9486, GNorm = 1.4335, lr_0 = 2.8549e-04
Loss = 6.5330e-02, PNorm = 122.9753, GNorm = 1.3807, lr_0 = 2.8547e-04
Loss = 7.0659e-02, PNorm = 123.0026, GNorm = 0.6684, lr_0 = 2.8544e-04
Loss = 6.4154e-02, PNorm = 123.0282, GNorm = 1.1865, lr_0 = 2.8542e-04
Loss = 6.6756e-02, PNorm = 123.0503, GNorm = 1.7041, lr_0 = 2.8540e-04
Validation rmse = 36.645747
Epoch 11
Loss = 9.7972e-02, PNorm = 123.0715, GNorm = 1.5492, lr_0 = 2.8537e-04
Loss = 5.3082e-02, PNorm = 123.0975, GNorm = 1.5562, lr_0 = 2.8535e-04
Loss = 6.7071e-02, PNorm = 123.1165, GNorm = 1.0684, lr_0 = 2.8532e-04
Loss = 5.5582e-02, PNorm = 123.1370, GNorm = 0.8370, lr_0 = 2.8530e-04
Loss = 5.7966e-02, PNorm = 123.1557, GNorm = 0.6681, lr_0 = 2.8527e-04
Loss = 5.5639e-02, PNorm = 123.1750, GNorm = 2.1745, lr_0 = 2.8525e-04
Loss = 5.3443e-02, PNorm = 123.1941, GNorm = 0.4863, lr_0 = 2.8522e-04
Loss = 5.4652e-02, PNorm = 123.2140, GNorm = 0.7988, lr_0 = 2.8520e-04
Loss = 5.3328e-02, PNorm = 123.2332, GNorm = 0.5238, lr_0 = 2.8518e-04
Loss = 5.4318e-02, PNorm = 123.2533, GNorm = 0.9530, lr_0 = 2.8515e-04
Loss = 4.8544e-02, PNorm = 123.2743, GNorm = 0.4879, lr_0 = 2.8513e-04
Loss = 5.5698e-02, PNorm = 123.2895, GNorm = 1.0669, lr_0 = 2.8510e-04
Loss = 4.8315e-02, PNorm = 123.3082, GNorm = 0.3907, lr_0 = 2.8508e-04
Loss = 4.8473e-02, PNorm = 123.3253, GNorm = 1.5906, lr_0 = 2.8505e-04
Loss = 4.6351e-02, PNorm = 123.3445, GNorm = 0.8318, lr_0 = 2.8503e-04
Loss = 3.8224e-02, PNorm = 123.3620, GNorm = 0.4374, lr_0 = 2.8501e-04
Loss = 4.9868e-02, PNorm = 123.3750, GNorm = 1.0712, lr_0 = 2.8498e-04
Loss = 5.1915e-02, PNorm = 123.3947, GNorm = 0.7421, lr_0 = 2.8496e-04
Validation rmse = 35.100198
Epoch 12
Loss = 8.3005e-02, PNorm = 123.4111, GNorm = 1.8607, lr_0 = 2.8493e-04
Loss = 5.4447e-02, PNorm = 123.4350, GNorm = 0.9801, lr_0 = 2.8491e-04
Loss = 5.3243e-02, PNorm = 123.4593, GNorm = 0.8599, lr_0 = 2.8488e-04
Loss = 5.1747e-02, PNorm = 123.4831, GNorm = 1.2673, lr_0 = 2.8486e-04
Loss = 4.7747e-02, PNorm = 123.5029, GNorm = 0.8259, lr_0 = 2.8484e-04
Loss = 4.6950e-02, PNorm = 123.5169, GNorm = 1.1587, lr_0 = 2.8481e-04
Loss = 4.6806e-02, PNorm = 123.5341, GNorm = 0.7622, lr_0 = 2.8479e-04
Loss = 4.7147e-02, PNorm = 123.5489, GNorm = 0.3226, lr_0 = 2.8476e-04
Loss = 5.5305e-02, PNorm = 123.5651, GNorm = 0.5978, lr_0 = 2.8474e-04
Loss = 6.0686e-02, PNorm = 123.5885, GNorm = 0.7510, lr_0 = 2.8471e-04
Loss = 5.2080e-02, PNorm = 123.6090, GNorm = 1.6847, lr_0 = 2.8469e-04
Loss = 5.7350e-02, PNorm = 123.6304, GNorm = 0.5692, lr_0 = 2.8466e-04
Loss = 4.6636e-02, PNorm = 123.6511, GNorm = 0.8996, lr_0 = 2.8464e-04
Loss = 4.0871e-02, PNorm = 123.6679, GNorm = 0.3651, lr_0 = 2.8462e-04
Loss = 4.1729e-02, PNorm = 123.6824, GNorm = 0.4401, lr_0 = 2.8459e-04
Loss = 5.0141e-02, PNorm = 123.6985, GNorm = 1.2959, lr_0 = 2.8457e-04
Loss = 5.2704e-02, PNorm = 123.7167, GNorm = 0.9610, lr_0 = 2.8454e-04
Loss = 5.0799e-02, PNorm = 123.7347, GNorm = 0.6162, lr_0 = 2.8452e-04
Validation rmse = 33.146722
Epoch 13
Loss = 4.2242e-02, PNorm = 123.7575, GNorm = 0.9561, lr_0 = 2.8449e-04
Loss = 4.3507e-02, PNorm = 123.7806, GNorm = 0.5087, lr_0 = 2.8447e-04
Loss = 4.1020e-02, PNorm = 123.7947, GNorm = 0.9256, lr_0 = 2.8445e-04
Loss = 5.3170e-02, PNorm = 123.8118, GNorm = 1.6489, lr_0 = 2.8442e-04
Loss = 4.8955e-02, PNorm = 123.8343, GNorm = 1.3772, lr_0 = 2.8440e-04
Loss = 4.5914e-02, PNorm = 123.8525, GNorm = 0.4187, lr_0 = 2.8437e-04
Loss = 4.6858e-02, PNorm = 123.8677, GNorm = 0.8632, lr_0 = 2.8435e-04
Loss = 3.4905e-02, PNorm = 123.8818, GNorm = 0.6528, lr_0 = 2.8432e-04
Loss = 3.2493e-02, PNorm = 123.8948, GNorm = 0.3858, lr_0 = 2.8430e-04
Loss = 3.2846e-02, PNorm = 123.9057, GNorm = 0.4040, lr_0 = 2.8428e-04
Loss = 3.4585e-02, PNorm = 123.9201, GNorm = 0.4060, lr_0 = 2.8425e-04
Loss = 4.6026e-02, PNorm = 123.9346, GNorm = 0.6544, lr_0 = 2.8423e-04
Loss = 4.0203e-02, PNorm = 123.9518, GNorm = 0.3316, lr_0 = 2.8420e-04
Loss = 3.8383e-02, PNorm = 123.9702, GNorm = 0.4155, lr_0 = 2.8418e-04
Loss = 4.2917e-02, PNorm = 123.9829, GNorm = 0.4152, lr_0 = 2.8415e-04
Loss = 4.0691e-02, PNorm = 123.9973, GNorm = 0.4828, lr_0 = 2.8413e-04
Loss = 4.0032e-02, PNorm = 124.0141, GNorm = 0.8716, lr_0 = 2.8411e-04
Loss = 3.9192e-02, PNorm = 124.0313, GNorm = 0.8297, lr_0 = 2.8408e-04
Validation rmse = 32.521849
Epoch 14
Loss = 3.4145e-02, PNorm = 124.0490, GNorm = 0.6065, lr_0 = 2.8406e-04
Loss = 3.2701e-02, PNorm = 124.0678, GNorm = 0.6345, lr_0 = 2.8403e-04
Loss = 2.8747e-02, PNorm = 124.0812, GNorm = 0.5429, lr_0 = 2.8401e-04
Loss = 3.3737e-02, PNorm = 124.0940, GNorm = 0.4934, lr_0 = 2.8398e-04
Loss = 3.9578e-02, PNorm = 124.1081, GNorm = 0.4975, lr_0 = 2.8396e-04
Loss = 3.1118e-02, PNorm = 124.1248, GNorm = 0.5033, lr_0 = 2.8394e-04
Loss = 3.1897e-02, PNorm = 124.1392, GNorm = 0.5481, lr_0 = 2.8391e-04
Loss = 3.0205e-02, PNorm = 124.1513, GNorm = 0.8714, lr_0 = 2.8389e-04
Loss = 3.4408e-02, PNorm = 124.1646, GNorm = 0.5641, lr_0 = 2.8386e-04
Loss = 3.5283e-02, PNorm = 124.1812, GNorm = 0.7108, lr_0 = 2.8384e-04
Loss = 2.9578e-02, PNorm = 124.1935, GNorm = 0.5947, lr_0 = 2.8382e-04
Loss = 3.6937e-02, PNorm = 124.2080, GNorm = 0.9123, lr_0 = 2.8379e-04
Loss = 4.3957e-02, PNorm = 124.2254, GNorm = 0.5566, lr_0 = 2.8377e-04
Loss = 3.3606e-02, PNorm = 124.2409, GNorm = 0.4456, lr_0 = 2.8374e-04
Loss = 3.4307e-02, PNorm = 124.2571, GNorm = 0.8480, lr_0 = 2.8372e-04
Loss = 3.4561e-02, PNorm = 124.2721, GNorm = 0.4191, lr_0 = 2.8369e-04
Loss = 2.9605e-02, PNorm = 124.2867, GNorm = 0.6967, lr_0 = 2.8367e-04
Loss = 3.6587e-02, PNorm = 124.3026, GNorm = 1.6775, lr_0 = 2.8365e-04
Validation rmse = 31.523717
Epoch 15
Loss = 3.4012e-02, PNorm = 124.3164, GNorm = 0.7101, lr_0 = 2.8362e-04
Loss = 4.4957e-02, PNorm = 124.3366, GNorm = 0.3599, lr_0 = 2.8360e-04
Loss = 4.2628e-02, PNorm = 124.3545, GNorm = 0.6084, lr_0 = 2.8357e-04
Loss = 3.7800e-02, PNorm = 124.3695, GNorm = 1.5409, lr_0 = 2.8355e-04
Loss = 3.9416e-02, PNorm = 124.3932, GNorm = 0.4744, lr_0 = 2.8352e-04
Loss = 3.1697e-02, PNorm = 124.4145, GNorm = 0.6132, lr_0 = 2.8350e-04
Loss = 2.8345e-02, PNorm = 124.4292, GNorm = 0.3838, lr_0 = 2.8348e-04
Loss = 2.9536e-02, PNorm = 124.4415, GNorm = 0.4922, lr_0 = 2.8345e-04
Loss = 3.9216e-02, PNorm = 124.4591, GNorm = 0.5775, lr_0 = 2.8343e-04
Loss = 3.6133e-02, PNorm = 124.4792, GNorm = 0.2756, lr_0 = 2.8340e-04
Loss = 3.2974e-02, PNorm = 124.4937, GNorm = 0.4527, lr_0 = 2.8338e-04
Loss = 3.5158e-02, PNorm = 124.5101, GNorm = 0.6268, lr_0 = 2.8335e-04
Loss = 4.2940e-02, PNorm = 124.5249, GNorm = 0.5456, lr_0 = 2.8333e-04
Loss = 3.2701e-02, PNorm = 124.5446, GNorm = 0.4884, lr_0 = 2.8331e-04
Loss = 4.1425e-02, PNorm = 124.5667, GNorm = 0.7402, lr_0 = 2.8328e-04
Loss = 4.1803e-02, PNorm = 124.5889, GNorm = 1.0492, lr_0 = 2.8326e-04
Loss = 3.9565e-02, PNorm = 124.6122, GNorm = 0.5103, lr_0 = 2.8323e-04
Loss = 3.6525e-02, PNorm = 124.6294, GNorm = 1.1859, lr_0 = 2.8321e-04
Validation rmse = 33.308606
Epoch 16
Loss = 4.0434e-02, PNorm = 124.6477, GNorm = 1.2636, lr_0 = 2.8319e-04
Loss = 3.9028e-02, PNorm = 124.6700, GNorm = 0.9234, lr_0 = 2.8316e-04
Loss = 3.0603e-02, PNorm = 124.6864, GNorm = 0.3493, lr_0 = 2.8314e-04
Loss = 2.9733e-02, PNorm = 124.6985, GNorm = 0.6667, lr_0 = 2.8311e-04
Loss = 4.2573e-02, PNorm = 124.7157, GNorm = 1.4791, lr_0 = 2.8309e-04
Loss = 4.1232e-02, PNorm = 124.7395, GNorm = 1.1141, lr_0 = 2.8306e-04
Loss = 4.6027e-02, PNorm = 124.7657, GNorm = 0.8532, lr_0 = 2.8304e-04
Loss = 3.3824e-02, PNorm = 124.7901, GNorm = 0.3662, lr_0 = 2.8302e-04
Loss = 3.9965e-02, PNorm = 124.8075, GNorm = 0.6830, lr_0 = 2.8299e-04
Loss = 4.3239e-02, PNorm = 124.8267, GNorm = 0.2665, lr_0 = 2.8297e-04
Loss = 3.2960e-02, PNorm = 124.8473, GNorm = 0.8236, lr_0 = 2.8294e-04
Loss = 2.9824e-02, PNorm = 124.8642, GNorm = 0.3463, lr_0 = 2.8292e-04
Loss = 3.1483e-02, PNorm = 124.8778, GNorm = 0.8779, lr_0 = 2.8290e-04
Loss = 3.1210e-02, PNorm = 124.8909, GNorm = 0.2585, lr_0 = 2.8287e-04
Loss = 3.1790e-02, PNorm = 124.9107, GNorm = 0.9145, lr_0 = 2.8285e-04
Loss = 2.8556e-02, PNorm = 124.9253, GNorm = 0.8614, lr_0 = 2.8282e-04
Loss = 2.9584e-02, PNorm = 124.9358, GNorm = 0.7473, lr_0 = 2.8280e-04
Loss = 3.2807e-02, PNorm = 124.9511, GNorm = 0.3743, lr_0 = 2.8277e-04
Validation rmse = 30.270184
Epoch 17
Loss = 2.8774e-02, PNorm = 124.9677, GNorm = 0.7091, lr_0 = 2.8275e-04
Loss = 2.7141e-02, PNorm = 124.9805, GNorm = 0.2575, lr_0 = 2.8273e-04
Loss = 2.8125e-02, PNorm = 124.9971, GNorm = 0.4857, lr_0 = 2.8270e-04
Loss = 2.3914e-02, PNorm = 125.0112, GNorm = 0.3764, lr_0 = 2.8268e-04
Loss = 2.9989e-02, PNorm = 125.0245, GNorm = 0.4688, lr_0 = 2.8265e-04
Loss = 3.1064e-02, PNorm = 125.0451, GNorm = 0.5819, lr_0 = 2.8263e-04
Loss = 2.7888e-02, PNorm = 125.0621, GNorm = 0.2907, lr_0 = 2.8261e-04
Loss = 2.4947e-02, PNorm = 125.0778, GNorm = 0.6306, lr_0 = 2.8258e-04
Loss = 2.8645e-02, PNorm = 125.0964, GNorm = 0.3264, lr_0 = 2.8256e-04
Loss = 3.8840e-02, PNorm = 125.1109, GNorm = 1.1466, lr_0 = 2.8253e-04
Loss = 3.4209e-02, PNorm = 125.1272, GNorm = 1.1384, lr_0 = 2.8251e-04
Loss = 3.4442e-02, PNorm = 125.1480, GNorm = 0.6227, lr_0 = 2.8248e-04
Loss = 3.1486e-02, PNorm = 125.1718, GNorm = 0.4340, lr_0 = 2.8246e-04
Loss = 3.2074e-02, PNorm = 125.1925, GNorm = 0.2936, lr_0 = 2.8244e-04
Loss = 2.5837e-02, PNorm = 125.2105, GNorm = 0.4630, lr_0 = 2.8241e-04
Loss = 3.5853e-02, PNorm = 125.2341, GNorm = 0.9896, lr_0 = 2.8239e-04
Loss = 3.8639e-02, PNorm = 125.2554, GNorm = 0.5461, lr_0 = 2.8236e-04
Loss = 4.3072e-02, PNorm = 125.2809, GNorm = 0.8411, lr_0 = 2.8234e-04
Validation rmse = 31.414139
Epoch 18
Loss = 2.9767e-02, PNorm = 125.3051, GNorm = 1.0493, lr_0 = 2.8232e-04
Loss = 3.1569e-02, PNorm = 125.3224, GNorm = 0.5313, lr_0 = 2.8229e-04
Loss = 2.7608e-02, PNorm = 125.3427, GNorm = 0.3869, lr_0 = 2.8227e-04
Loss = 3.1785e-02, PNorm = 125.3573, GNorm = 1.1998, lr_0 = 2.8224e-04
Loss = 2.4701e-02, PNorm = 125.3715, GNorm = 0.5397, lr_0 = 2.8222e-04
Loss = 2.4142e-02, PNorm = 125.3850, GNorm = 0.7896, lr_0 = 2.8220e-04
Loss = 3.1745e-02, PNorm = 125.4027, GNorm = 0.2746, lr_0 = 2.8217e-04
Loss = 2.7491e-02, PNorm = 125.4201, GNorm = 0.5121, lr_0 = 2.8215e-04
Loss = 2.8013e-02, PNorm = 125.4373, GNorm = 0.9689, lr_0 = 2.8212e-04
Loss = 3.1297e-02, PNorm = 125.4525, GNorm = 0.3337, lr_0 = 2.8210e-04
Loss = 2.8010e-02, PNorm = 125.4673, GNorm = 0.3682, lr_0 = 2.8208e-04
Loss = 2.8921e-02, PNorm = 125.4865, GNorm = 1.0468, lr_0 = 2.8205e-04
Loss = 3.1935e-02, PNorm = 125.5034, GNorm = 0.6943, lr_0 = 2.8203e-04
Loss = 3.2671e-02, PNorm = 125.5217, GNorm = 0.6623, lr_0 = 2.8200e-04
Loss = 3.5230e-02, PNorm = 125.5393, GNorm = 0.4871, lr_0 = 2.8198e-04
Loss = 3.4401e-02, PNorm = 125.5606, GNorm = 0.3774, lr_0 = 2.8195e-04
Loss = 3.4301e-02, PNorm = 125.5820, GNorm = 0.6261, lr_0 = 2.8193e-04
Validation rmse = 30.076337
Epoch 19
Loss = 2.3032e-02, PNorm = 125.6023, GNorm = 0.3325, lr_0 = 2.8190e-04
Loss = 2.8779e-02, PNorm = 125.6221, GNorm = 0.6042, lr_0 = 2.8188e-04
Loss = 2.7458e-02, PNorm = 125.6448, GNorm = 0.7712, lr_0 = 2.8186e-04
Loss = 2.5101e-02, PNorm = 125.6695, GNorm = 0.6270, lr_0 = 2.8183e-04
Loss = 1.8701e-02, PNorm = 125.6878, GNorm = 0.4125, lr_0 = 2.8181e-04
Loss = 2.2642e-02, PNorm = 125.7013, GNorm = 0.8513, lr_0 = 2.8178e-04
Loss = 2.2012e-02, PNorm = 125.7121, GNorm = 0.2795, lr_0 = 2.8176e-04
Loss = 2.5711e-02, PNorm = 125.7260, GNorm = 0.4287, lr_0 = 2.8174e-04
Loss = 2.2270e-02, PNorm = 125.7404, GNorm = 0.7222, lr_0 = 2.8171e-04
Loss = 2.4568e-02, PNorm = 125.7531, GNorm = 1.6978, lr_0 = 2.8169e-04
Loss = 3.5338e-02, PNorm = 125.7675, GNorm = 1.6016, lr_0 = 2.8166e-04
Loss = 3.4734e-02, PNorm = 125.7887, GNorm = 0.4131, lr_0 = 2.8164e-04
Loss = 3.1816e-02, PNorm = 125.8113, GNorm = 0.4117, lr_0 = 2.8162e-04
Loss = 2.5764e-02, PNorm = 125.8290, GNorm = 0.4250, lr_0 = 2.8159e-04
Loss = 3.5272e-02, PNorm = 125.8477, GNorm = 0.7774, lr_0 = 2.8157e-04
Loss = 3.7565e-02, PNorm = 125.8720, GNorm = 0.4255, lr_0 = 2.8154e-04
Loss = 3.2867e-02, PNorm = 125.8954, GNorm = 0.6792, lr_0 = 2.8152e-04
Loss = 3.1825e-02, PNorm = 125.9163, GNorm = 0.8523, lr_0 = 2.8149e-04
Validation rmse = 30.298494
Epoch 20
Loss = 2.8820e-02, PNorm = 125.9384, GNorm = 0.4067, lr_0 = 2.8147e-04
Loss = 2.5416e-02, PNorm = 125.9585, GNorm = 0.6512, lr_0 = 2.8145e-04
Loss = 2.6060e-02, PNorm = 125.9778, GNorm = 0.9480, lr_0 = 2.8142e-04
Loss = 2.9499e-02, PNorm = 125.9952, GNorm = 0.5237, lr_0 = 2.8140e-04
Loss = 2.6201e-02, PNorm = 126.0140, GNorm = 0.4863, lr_0 = 2.8137e-04
Loss = 2.0168e-02, PNorm = 126.0305, GNorm = 0.2976, lr_0 = 2.8135e-04
Loss = 2.2113e-02, PNorm = 126.0458, GNorm = 0.3469, lr_0 = 2.8133e-04
Loss = 2.3422e-02, PNorm = 126.0581, GNorm = 0.6536, lr_0 = 2.8130e-04
Loss = 2.2916e-02, PNorm = 126.0747, GNorm = 0.3606, lr_0 = 2.8128e-04
Loss = 2.5408e-02, PNorm = 126.0934, GNorm = 0.3311, lr_0 = 2.8125e-04
Loss = 3.2102e-02, PNorm = 126.1106, GNorm = 1.0795, lr_0 = 2.8123e-04
Loss = 3.1702e-02, PNorm = 126.1392, GNorm = 0.5763, lr_0 = 2.8121e-04
Loss = 2.8875e-02, PNorm = 126.1589, GNorm = 0.3867, lr_0 = 2.8118e-04
Loss = 2.5444e-02, PNorm = 126.1797, GNorm = 0.7494, lr_0 = 2.8116e-04
Loss = 2.4936e-02, PNorm = 126.1986, GNorm = 0.6719, lr_0 = 2.8113e-04
Loss = 2.8041e-02, PNorm = 126.2133, GNorm = 0.2186, lr_0 = 2.8111e-04
Loss = 2.9304e-02, PNorm = 126.2274, GNorm = 0.8986, lr_0 = 2.8109e-04
Loss = 2.6583e-02, PNorm = 126.2450, GNorm = 0.2953, lr_0 = 2.8106e-04
Validation rmse = 31.560247
Epoch 21
Loss = 2.8525e-02, PNorm = 126.2661, GNorm = 0.6497, lr_0 = 2.8104e-04
Loss = 2.8027e-02, PNorm = 126.2861, GNorm = 0.3014, lr_0 = 2.8101e-04
Loss = 2.9455e-02, PNorm = 126.3096, GNorm = 0.8913, lr_0 = 2.8099e-04
Loss = 2.0817e-02, PNorm = 126.3301, GNorm = 0.4182, lr_0 = 2.8097e-04
Loss = 2.2688e-02, PNorm = 126.3455, GNorm = 0.5293, lr_0 = 2.8094e-04
Loss = 2.5311e-02, PNorm = 126.3608, GNorm = 0.3613, lr_0 = 2.8092e-04
Loss = 2.0458e-02, PNorm = 126.3806, GNorm = 0.3318, lr_0 = 2.8089e-04
Loss = 2.1934e-02, PNorm = 126.3942, GNorm = 0.3127, lr_0 = 2.8087e-04
Loss = 2.3671e-02, PNorm = 126.4079, GNorm = 0.6534, lr_0 = 2.8085e-04
Loss = 2.4644e-02, PNorm = 126.4255, GNorm = 0.5804, lr_0 = 2.8082e-04
Loss = 2.3622e-02, PNorm = 126.4405, GNorm = 0.5201, lr_0 = 2.8080e-04
Loss = 2.7412e-02, PNorm = 126.4584, GNorm = 0.4352, lr_0 = 2.8077e-04
Loss = 2.7718e-02, PNorm = 126.4814, GNorm = 0.2801, lr_0 = 2.8075e-04
Loss = 2.2932e-02, PNorm = 126.4990, GNorm = 0.2918, lr_0 = 2.8073e-04
Loss = 2.0343e-02, PNorm = 126.5161, GNorm = 0.4237, lr_0 = 2.8070e-04
Loss = 2.2774e-02, PNorm = 126.5317, GNorm = 0.4818, lr_0 = 2.8068e-04
Loss = 2.3165e-02, PNorm = 126.5477, GNorm = 0.3902, lr_0 = 2.8065e-04
Loss = 3.2171e-02, PNorm = 126.5666, GNorm = 1.2344, lr_0 = 2.8063e-04
Validation rmse = 29.980941
Epoch 22
Loss = 1.9916e-02, PNorm = 126.5885, GNorm = 0.2234, lr_0 = 2.8061e-04
Loss = 1.9773e-02, PNorm = 126.6075, GNorm = 0.4854, lr_0 = 2.8058e-04
Loss = 2.2384e-02, PNorm = 126.6216, GNorm = 0.7086, lr_0 = 2.8056e-04
Loss = 2.0965e-02, PNorm = 126.6398, GNorm = 0.3681, lr_0 = 2.8053e-04
Loss = 2.2631e-02, PNorm = 126.6602, GNorm = 0.3492, lr_0 = 2.8051e-04
Loss = 1.9883e-02, PNorm = 126.6783, GNorm = 0.3902, lr_0 = 2.8049e-04
Loss = 2.2448e-02, PNorm = 126.6961, GNorm = 0.3380, lr_0 = 2.8046e-04
Loss = 1.9345e-02, PNorm = 126.7123, GNorm = 0.5706, lr_0 = 2.8044e-04
Loss = 2.1984e-02, PNorm = 126.7254, GNorm = 0.2305, lr_0 = 2.8042e-04
Loss = 2.4997e-02, PNorm = 126.7405, GNorm = 1.1633, lr_0 = 2.8039e-04
Loss = 2.0709e-02, PNorm = 126.7574, GNorm = 0.4925, lr_0 = 2.8037e-04
Loss = 2.4596e-02, PNorm = 126.7749, GNorm = 0.2938, lr_0 = 2.8034e-04
Loss = 2.5911e-02, PNorm = 126.7959, GNorm = 0.3589, lr_0 = 2.8032e-04
Loss = 2.6345e-02, PNorm = 126.8164, GNorm = 1.1338, lr_0 = 2.8030e-04
Loss = 2.6185e-02, PNorm = 126.8347, GNorm = 0.5198, lr_0 = 2.8027e-04
Loss = 2.0839e-02, PNorm = 126.8541, GNorm = 0.4538, lr_0 = 2.8025e-04
Loss = 2.3823e-02, PNorm = 126.8707, GNorm = 0.3003, lr_0 = 2.8022e-04
Loss = 2.5631e-02, PNorm = 126.8898, GNorm = 0.6189, lr_0 = 2.8020e-04
Validation rmse = 29.628589
Epoch 23
Loss = 1.8091e-02, PNorm = 126.9089, GNorm = 0.2511, lr_0 = 2.8018e-04
Loss = 2.2149e-02, PNorm = 126.9225, GNorm = 0.3796, lr_0 = 2.8015e-04
Loss = 2.3498e-02, PNorm = 126.9394, GNorm = 0.6042, lr_0 = 2.8013e-04
Loss = 2.1698e-02, PNorm = 126.9603, GNorm = 0.5903, lr_0 = 2.8010e-04
Loss = 1.7962e-02, PNorm = 126.9807, GNorm = 0.3696, lr_0 = 2.8008e-04
Loss = 2.1819e-02, PNorm = 126.9949, GNorm = 0.3159, lr_0 = 2.8006e-04
Loss = 2.5827e-02, PNorm = 127.0171, GNorm = 0.3213, lr_0 = 2.8003e-04
Loss = 2.5067e-02, PNorm = 127.0381, GNorm = 0.6825, lr_0 = 2.8001e-04
Loss = 2.3853e-02, PNorm = 127.0550, GNorm = 0.5212, lr_0 = 2.7998e-04
Loss = 2.2627e-02, PNorm = 127.0728, GNorm = 0.6054, lr_0 = 2.7996e-04
Loss = 2.1473e-02, PNorm = 127.0901, GNorm = 0.4008, lr_0 = 2.7994e-04
Loss = 2.0143e-02, PNorm = 127.1042, GNorm = 0.3048, lr_0 = 2.7991e-04
Loss = 1.8548e-02, PNorm = 127.1193, GNorm = 0.3618, lr_0 = 2.7989e-04
Loss = 1.9984e-02, PNorm = 127.1340, GNorm = 0.5651, lr_0 = 2.7986e-04
Loss = 2.2913e-02, PNorm = 127.1564, GNorm = 0.2378, lr_0 = 2.7984e-04
Loss = 2.9964e-02, PNorm = 127.1775, GNorm = 0.6748, lr_0 = 2.7982e-04
Loss = 2.9841e-02, PNorm = 127.1960, GNorm = 1.3244, lr_0 = 2.7979e-04
Loss = 3.3926e-02, PNorm = 127.2245, GNorm = 0.3605, lr_0 = 2.7977e-04
Validation rmse = 28.866466
Epoch 24
Loss = 2.0422e-02, PNorm = 127.2501, GNorm = 0.4157, lr_0 = 2.7975e-04
Loss = 2.3084e-02, PNorm = 127.2690, GNorm = 0.6737, lr_0 = 2.7972e-04
Loss = 2.4565e-02, PNorm = 127.2903, GNorm = 1.3650, lr_0 = 2.7970e-04
Loss = 2.8099e-02, PNorm = 127.3134, GNorm = 0.2622, lr_0 = 2.7967e-04
Loss = 2.5978e-02, PNorm = 127.3379, GNorm = 0.5224, lr_0 = 2.7965e-04
Loss = 2.6990e-02, PNorm = 127.3655, GNorm = 0.3477, lr_0 = 2.7963e-04
Loss = 2.3559e-02, PNorm = 127.3898, GNorm = 0.3344, lr_0 = 2.7960e-04
Loss = 2.5028e-02, PNorm = 127.4085, GNorm = 0.3031, lr_0 = 2.7958e-04
Loss = 1.7132e-02, PNorm = 127.4271, GNorm = 0.2779, lr_0 = 2.7955e-04
Loss = 1.9457e-02, PNorm = 127.4430, GNorm = 0.3429, lr_0 = 2.7953e-04
Loss = 2.1025e-02, PNorm = 127.4614, GNorm = 0.6260, lr_0 = 2.7951e-04
Loss = 2.0853e-02, PNorm = 127.4776, GNorm = 0.4806, lr_0 = 2.7948e-04
Loss = 2.5625e-02, PNorm = 127.4947, GNorm = 0.6138, lr_0 = 2.7946e-04
Loss = 2.1921e-02, PNorm = 127.5137, GNorm = 0.5559, lr_0 = 2.7943e-04
Loss = 1.9982e-02, PNorm = 127.5317, GNorm = 0.4228, lr_0 = 2.7941e-04
Loss = 2.1721e-02, PNorm = 127.5488, GNorm = 0.6022, lr_0 = 2.7939e-04
Loss = 2.1276e-02, PNorm = 127.5682, GNorm = 0.5221, lr_0 = 2.7936e-04
Loss = 2.1321e-02, PNorm = 127.5888, GNorm = 0.3518, lr_0 = 2.7934e-04
Validation rmse = 28.891691
Epoch 25
Loss = 1.7068e-02, PNorm = 127.6043, GNorm = 0.2360, lr_0 = 2.7932e-04
Loss = 1.7209e-02, PNorm = 127.6167, GNorm = 0.2167, lr_0 = 2.7929e-04
Loss = 1.6566e-02, PNorm = 127.6260, GNorm = 0.2214, lr_0 = 2.7927e-04
Loss = 1.8514e-02, PNorm = 127.6369, GNorm = 0.3695, lr_0 = 2.7924e-04
Loss = 2.0081e-02, PNorm = 127.6525, GNorm = 0.3515, lr_0 = 2.7922e-04
Loss = 2.1913e-02, PNorm = 127.6702, GNorm = 0.5009, lr_0 = 2.7920e-04
Loss = 2.1015e-02, PNorm = 127.6913, GNorm = 0.5309, lr_0 = 2.7917e-04
Loss = 2.0004e-02, PNorm = 127.7138, GNorm = 0.2723, lr_0 = 2.7915e-04
Loss = 2.2591e-02, PNorm = 127.7341, GNorm = 0.6342, lr_0 = 2.7912e-04
Loss = 2.2727e-02, PNorm = 127.7529, GNorm = 0.4895, lr_0 = 2.7910e-04
Loss = 1.8770e-02, PNorm = 127.7712, GNorm = 0.3147, lr_0 = 2.7908e-04
Loss = 2.4307e-02, PNorm = 127.7890, GNorm = 0.4264, lr_0 = 2.7905e-04
Loss = 2.2491e-02, PNorm = 127.8110, GNorm = 0.2009, lr_0 = 2.7903e-04
Loss = 2.4216e-02, PNorm = 127.8303, GNorm = 0.7290, lr_0 = 2.7901e-04
Loss = 2.3753e-02, PNorm = 127.8509, GNorm = 0.5009, lr_0 = 2.7898e-04
Loss = 2.2410e-02, PNorm = 127.8672, GNorm = 0.7865, lr_0 = 2.7896e-04
Loss = 1.7701e-02, PNorm = 127.8893, GNorm = 0.3765, lr_0 = 2.7893e-04
Loss = 2.4393e-02, PNorm = 127.9104, GNorm = 0.3161, lr_0 = 2.7891e-04
Validation rmse = 29.879454
Epoch 26
Loss = 1.6656e-02, PNorm = 127.9300, GNorm = 0.2803, lr_0 = 2.7889e-04
Loss = 1.9760e-02, PNorm = 127.9490, GNorm = 0.2300, lr_0 = 2.7886e-04
Loss = 1.6749e-02, PNorm = 127.9689, GNorm = 0.3632, lr_0 = 2.7884e-04
Loss = 1.8366e-02, PNorm = 127.9811, GNorm = 0.8507, lr_0 = 2.7881e-04
Loss = 1.9662e-02, PNorm = 127.9986, GNorm = 0.2382, lr_0 = 2.7879e-04
Loss = 1.8620e-02, PNorm = 128.0136, GNorm = 0.3177, lr_0 = 2.7877e-04
Loss = 2.1507e-02, PNorm = 128.0308, GNorm = 0.5270, lr_0 = 2.7874e-04
Loss = 1.7490e-02, PNorm = 128.0485, GNorm = 0.2948, lr_0 = 2.7872e-04
Loss = 1.5172e-02, PNorm = 128.0642, GNorm = 0.3484, lr_0 = 2.7870e-04
Loss = 2.0168e-02, PNorm = 128.0793, GNorm = 0.3925, lr_0 = 2.7867e-04
Loss = 1.7480e-02, PNorm = 128.0961, GNorm = 0.2154, lr_0 = 2.7865e-04
Loss = 1.7742e-02, PNorm = 128.1112, GNorm = 0.3709, lr_0 = 2.7862e-04
Loss = 1.9577e-02, PNorm = 128.1269, GNorm = 0.3361, lr_0 = 2.7860e-04
Loss = 1.8692e-02, PNorm = 128.1455, GNorm = 0.3164, lr_0 = 2.7858e-04
Loss = 1.6311e-02, PNorm = 128.1625, GNorm = 0.1437, lr_0 = 2.7855e-04
Loss = 1.5602e-02, PNorm = 128.1768, GNorm = 0.1785, lr_0 = 2.7853e-04
Loss = 2.1961e-02, PNorm = 128.1958, GNorm = 0.3592, lr_0 = 2.7851e-04
Loss = 1.9642e-02, PNorm = 128.2165, GNorm = 0.3740, lr_0 = 2.7848e-04
Validation rmse = 28.877634
Epoch 27
Loss = 1.5004e-02, PNorm = 128.2349, GNorm = 0.1429, lr_0 = 2.7846e-04
Loss = 1.6254e-02, PNorm = 128.2531, GNorm = 0.5071, lr_0 = 2.7843e-04
Loss = 1.3523e-02, PNorm = 128.2689, GNorm = 0.2925, lr_0 = 2.7841e-04
Loss = 1.7710e-02, PNorm = 128.2844, GNorm = 0.2280, lr_0 = 2.7839e-04
Loss = 1.6872e-02, PNorm = 128.3000, GNorm = 0.3248, lr_0 = 2.7836e-04
Loss = 1.7492e-02, PNorm = 128.3189, GNorm = 0.4081, lr_0 = 2.7834e-04
Loss = 1.5204e-02, PNorm = 128.3364, GNorm = 0.2523, lr_0 = 2.7832e-04
Loss = 1.9421e-02, PNorm = 128.3545, GNorm = 0.4863, lr_0 = 2.7829e-04
Loss = 1.9593e-02, PNorm = 128.3744, GNorm = 0.3337, lr_0 = 2.7827e-04
Loss = 2.2456e-02, PNorm = 128.3904, GNorm = 0.6191, lr_0 = 2.7824e-04
Loss = 2.0841e-02, PNorm = 128.4109, GNorm = 0.5101, lr_0 = 2.7822e-04
Loss = 1.7473e-02, PNorm = 128.4356, GNorm = 0.3107, lr_0 = 2.7820e-04
Loss = 2.7873e-02, PNorm = 128.4624, GNorm = 0.3337, lr_0 = 2.7817e-04
Loss = 2.4455e-02, PNorm = 128.4854, GNorm = 0.1974, lr_0 = 2.7815e-04
Loss = 2.1102e-02, PNorm = 128.5113, GNorm = 0.2687, lr_0 = 2.7813e-04
Loss = 1.9366e-02, PNorm = 128.5354, GNorm = 0.3248, lr_0 = 2.7810e-04
Loss = 1.7388e-02, PNorm = 128.5552, GNorm = 0.5554, lr_0 = 2.7808e-04
Loss = 2.3488e-02, PNorm = 128.5729, GNorm = 0.4965, lr_0 = 2.7805e-04
Validation rmse = 28.438534
Epoch 28
Loss = 2.0026e-02, PNorm = 128.5961, GNorm = 0.3189, lr_0 = 2.7803e-04
Loss = 1.9754e-02, PNorm = 128.6170, GNorm = 0.3856, lr_0 = 2.7801e-04
Loss = 1.8911e-02, PNorm = 128.6394, GNorm = 0.7696, lr_0 = 2.7798e-04
Loss = 1.8328e-02, PNorm = 128.6579, GNorm = 0.6729, lr_0 = 2.7796e-04
Loss = 2.3503e-02, PNorm = 128.6841, GNorm = 0.6298, lr_0 = 2.7794e-04
Loss = 1.9503e-02, PNorm = 128.7079, GNorm = 0.8076, lr_0 = 2.7791e-04
Loss = 2.0549e-02, PNorm = 128.7350, GNorm = 0.4308, lr_0 = 2.7789e-04
Loss = 2.0707e-02, PNorm = 128.7544, GNorm = 0.4137, lr_0 = 2.7786e-04
Loss = 2.3807e-02, PNorm = 128.7761, GNorm = 0.6371, lr_0 = 2.7784e-04
Loss = 2.5894e-02, PNorm = 128.8023, GNorm = 0.5619, lr_0 = 2.7782e-04
Loss = 2.1092e-02, PNorm = 128.8298, GNorm = 0.2721, lr_0 = 2.7779e-04
Loss = 2.6014e-02, PNorm = 128.8527, GNorm = 0.5436, lr_0 = 2.7777e-04
Loss = 2.1920e-02, PNorm = 128.8814, GNorm = 0.2805, lr_0 = 2.7775e-04
Loss = 1.8266e-02, PNorm = 128.9052, GNorm = 0.5048, lr_0 = 2.7772e-04
Loss = 1.9443e-02, PNorm = 128.9259, GNorm = 0.4354, lr_0 = 2.7770e-04
Loss = 1.9195e-02, PNorm = 128.9458, GNorm = 0.4160, lr_0 = 2.7767e-04
Loss = 1.6860e-02, PNorm = 128.9617, GNorm = 0.3326, lr_0 = 2.7765e-04
Validation rmse = 29.065385
Epoch 29
Loss = 2.2569e-02, PNorm = 128.9867, GNorm = 0.6020, lr_0 = 2.7763e-04
Loss = 1.6453e-02, PNorm = 129.0055, GNorm = 0.2380, lr_0 = 2.7760e-04
Loss = 1.6438e-02, PNorm = 129.0254, GNorm = 0.1845, lr_0 = 2.7758e-04
Loss = 1.3682e-02, PNorm = 129.0449, GNorm = 0.2706, lr_0 = 2.7756e-04
Loss = 1.3517e-02, PNorm = 129.0605, GNorm = 0.6096, lr_0 = 2.7753e-04
Loss = 1.4099e-02, PNorm = 129.0751, GNorm = 0.1838, lr_0 = 2.7751e-04
Loss = 1.2375e-02, PNorm = 129.0922, GNorm = 0.2938, lr_0 = 2.7748e-04
Loss = 1.9895e-02, PNorm = 129.1121, GNorm = 0.2605, lr_0 = 2.7746e-04
Loss = 1.5636e-02, PNorm = 129.1284, GNorm = 0.2009, lr_0 = 2.7744e-04
Loss = 1.5177e-02, PNorm = 129.1462, GNorm = 0.3792, lr_0 = 2.7741e-04
Loss = 1.6320e-02, PNorm = 129.1652, GNorm = 0.1827, lr_0 = 2.7739e-04
Loss = 2.1464e-02, PNorm = 129.1876, GNorm = 0.2308, lr_0 = 2.7737e-04
Loss = 1.7286e-02, PNorm = 129.2110, GNorm = 0.2763, lr_0 = 2.7734e-04
Loss = 1.8399e-02, PNorm = 129.2341, GNorm = 0.5766, lr_0 = 2.7732e-04
Loss = 1.9032e-02, PNorm = 129.2597, GNorm = 0.4222, lr_0 = 2.7729e-04
Loss = 2.0112e-02, PNorm = 129.2842, GNorm = 0.6618, lr_0 = 2.7727e-04
Loss = 2.1534e-02, PNorm = 129.3049, GNorm = 0.2147, lr_0 = 2.7725e-04
Loss = 1.6703e-02, PNorm = 129.3281, GNorm = 0.2843, lr_0 = 2.7722e-04
Validation rmse = 28.250456
Epoch 30
Loss = 1.8158e-02, PNorm = 129.3526, GNorm = 0.6045, lr_0 = 2.7720e-04
Loss = 2.2856e-02, PNorm = 129.3815, GNorm = 0.7116, lr_0 = 2.7718e-04
Loss = 1.7129e-02, PNorm = 129.4080, GNorm = 0.2870, lr_0 = 2.7715e-04
Loss = 1.6949e-02, PNorm = 129.4312, GNorm = 0.2528, lr_0 = 2.7713e-04
Loss = 1.3966e-02, PNorm = 129.4531, GNorm = 0.3029, lr_0 = 2.7711e-04
Loss = 1.6212e-02, PNorm = 129.4720, GNorm = 0.3262, lr_0 = 2.7708e-04
Loss = 2.3504e-02, PNorm = 129.4918, GNorm = 0.7882, lr_0 = 2.7706e-04
Loss = 2.8829e-02, PNorm = 129.5208, GNorm = 0.5783, lr_0 = 2.7703e-04
Loss = 2.1606e-02, PNorm = 129.5487, GNorm = 0.2986, lr_0 = 2.7701e-04
Loss = 1.8781e-02, PNorm = 129.5868, GNorm = 0.2554, lr_0 = 2.7699e-04
Loss = 1.7636e-02, PNorm = 129.6122, GNorm = 0.2850, lr_0 = 2.7696e-04
Loss = 1.5198e-02, PNorm = 129.6306, GNorm = 0.2306, lr_0 = 2.7694e-04
Loss = 1.6859e-02, PNorm = 129.6484, GNorm = 0.2852, lr_0 = 2.7692e-04
Loss = 1.8785e-02, PNorm = 129.6734, GNorm = 0.2344, lr_0 = 2.7689e-04
Loss = 2.0530e-02, PNorm = 129.6961, GNorm = 0.2673, lr_0 = 2.7687e-04
Loss = 1.6448e-02, PNorm = 129.7195, GNorm = 0.4695, lr_0 = 2.7685e-04
Loss = 2.2498e-02, PNorm = 129.7405, GNorm = 0.5747, lr_0 = 2.7682e-04
Loss = 2.1728e-02, PNorm = 129.7718, GNorm = 0.5153, lr_0 = 2.7680e-04
Validation rmse = 29.483040
Epoch 31
Loss = 2.2395e-02, PNorm = 129.8048, GNorm = 0.3441, lr_0 = 2.7677e-04
Loss = 1.6733e-02, PNorm = 129.8323, GNorm = 0.4679, lr_0 = 2.7675e-04
Loss = 1.8609e-02, PNorm = 129.8504, GNorm = 0.1575, lr_0 = 2.7673e-04
Loss = 1.4683e-02, PNorm = 129.8674, GNorm = 0.2708, lr_0 = 2.7670e-04
Loss = 1.5426e-02, PNorm = 129.8847, GNorm = 0.1592, lr_0 = 2.7668e-04
Loss = 1.5951e-02, PNorm = 129.9035, GNorm = 0.4218, lr_0 = 2.7666e-04
Loss = 1.6339e-02, PNorm = 129.9296, GNorm = 0.3507, lr_0 = 2.7663e-04
Loss = 1.5785e-02, PNorm = 129.9542, GNorm = 0.9779, lr_0 = 2.7661e-04
Loss = 1.8773e-02, PNorm = 129.9798, GNorm = 0.2944, lr_0 = 2.7659e-04
Loss = 1.6720e-02, PNorm = 130.0069, GNorm = 0.2727, lr_0 = 2.7656e-04
Loss = 1.4507e-02, PNorm = 130.0306, GNorm = 0.1456, lr_0 = 2.7654e-04
Loss = 1.2633e-02, PNorm = 130.0499, GNorm = 0.1319, lr_0 = 2.7651e-04
Loss = 1.4788e-02, PNorm = 130.0690, GNorm = 0.3136, lr_0 = 2.7649e-04
Loss = 1.7125e-02, PNorm = 130.0852, GNorm = 0.3300, lr_0 = 2.7647e-04
Loss = 1.8455e-02, PNorm = 130.1049, GNorm = 0.7876, lr_0 = 2.7644e-04
Loss = 1.5062e-02, PNorm = 130.1281, GNorm = 0.2189, lr_0 = 2.7642e-04
Loss = 1.5958e-02, PNorm = 130.1507, GNorm = 0.2231, lr_0 = 2.7640e-04
Loss = 2.0418e-02, PNorm = 130.1700, GNorm = 0.3292, lr_0 = 2.7637e-04
Validation rmse = 28.489708
Epoch 32
Loss = 1.2782e-02, PNorm = 130.1907, GNorm = 0.2351, lr_0 = 2.7635e-04
Loss = 1.2711e-02, PNorm = 130.2147, GNorm = 0.2090, lr_0 = 2.7633e-04
Loss = 1.8813e-02, PNorm = 130.2420, GNorm = 0.2033, lr_0 = 2.7630e-04
Loss = 2.0361e-02, PNorm = 130.2660, GNorm = 0.3362, lr_0 = 2.7628e-04
Loss = 1.9128e-02, PNorm = 130.2940, GNorm = 0.5531, lr_0 = 2.7625e-04
Loss = 1.5484e-02, PNorm = 130.3270, GNorm = 0.2603, lr_0 = 2.7623e-04
Loss = 1.4701e-02, PNorm = 130.3490, GNorm = 0.2766, lr_0 = 2.7621e-04
Loss = 1.4060e-02, PNorm = 130.3694, GNorm = 0.1252, lr_0 = 2.7618e-04
Loss = 1.7046e-02, PNorm = 130.3879, GNorm = 0.2675, lr_0 = 2.7616e-04
Loss = 1.8460e-02, PNorm = 130.4166, GNorm = 0.3387, lr_0 = 2.7614e-04
Loss = 1.3487e-02, PNorm = 130.4376, GNorm = 0.2946, lr_0 = 2.7611e-04
Loss = 1.5194e-02, PNorm = 130.4547, GNorm = 0.1830, lr_0 = 2.7609e-04
Loss = 1.5219e-02, PNorm = 130.4764, GNorm = 0.2058, lr_0 = 2.7607e-04
Loss = 1.5112e-02, PNorm = 130.4960, GNorm = 0.2054, lr_0 = 2.7604e-04
Loss = 1.6378e-02, PNorm = 130.5131, GNorm = 0.3347, lr_0 = 2.7602e-04
Loss = 1.6973e-02, PNorm = 130.5357, GNorm = 0.5708, lr_0 = 2.7600e-04
Loss = 1.9949e-02, PNorm = 130.5593, GNorm = 0.1542, lr_0 = 2.7597e-04
Loss = 2.1406e-02, PNorm = 130.5896, GNorm = 0.3533, lr_0 = 2.7595e-04
Validation rmse = 28.699982
Epoch 33
Loss = 1.4331e-02, PNorm = 130.6110, GNorm = 0.2324, lr_0 = 2.7592e-04
Loss = 1.4104e-02, PNorm = 130.6299, GNorm = 0.2611, lr_0 = 2.7590e-04
Loss = 1.5037e-02, PNorm = 130.6453, GNorm = 0.2099, lr_0 = 2.7588e-04
Loss = 1.3785e-02, PNorm = 130.6620, GNorm = 0.1429, lr_0 = 2.7585e-04
Loss = 1.3554e-02, PNorm = 130.6823, GNorm = 0.1612, lr_0 = 2.7583e-04
Loss = 1.7342e-02, PNorm = 130.7020, GNorm = 0.5629, lr_0 = 2.7581e-04
Loss = 1.3851e-02, PNorm = 130.7254, GNorm = 0.3391, lr_0 = 2.7578e-04
Loss = 1.2725e-02, PNorm = 130.7498, GNorm = 0.1587, lr_0 = 2.7576e-04
Loss = 1.4000e-02, PNorm = 130.7718, GNorm = 0.2252, lr_0 = 2.7574e-04
Loss = 1.6358e-02, PNorm = 130.7914, GNorm = 0.2477, lr_0 = 2.7571e-04
Loss = 1.6454e-02, PNorm = 130.8107, GNorm = 0.3509, lr_0 = 2.7569e-04
Loss = 1.7513e-02, PNorm = 130.8350, GNorm = 0.3680, lr_0 = 2.7567e-04
Loss = 1.5063e-02, PNorm = 130.8639, GNorm = 0.2386, lr_0 = 2.7564e-04
Loss = 1.8408e-02, PNorm = 130.8860, GNorm = 0.4654, lr_0 = 2.7562e-04
Loss = 1.8436e-02, PNorm = 130.9097, GNorm = 0.7259, lr_0 = 2.7559e-04
Loss = 1.8976e-02, PNorm = 130.9329, GNorm = 0.2173, lr_0 = 2.7557e-04
Loss = 2.1475e-02, PNorm = 130.9592, GNorm = 0.3256, lr_0 = 2.7555e-04
Loss = 1.5356e-02, PNorm = 130.9861, GNorm = 0.2396, lr_0 = 2.7552e-04
Validation rmse = 28.232665
Epoch 34
Loss = 1.1830e-02, PNorm = 131.0087, GNorm = 0.2008, lr_0 = 2.7550e-04
Loss = 1.8166e-02, PNorm = 131.0284, GNorm = 0.4615, lr_0 = 2.7548e-04
Loss = 1.5161e-02, PNorm = 131.0495, GNorm = 0.1914, lr_0 = 2.7545e-04
Loss = 1.5253e-02, PNorm = 131.0724, GNorm = 0.3616, lr_0 = 2.7543e-04
Loss = 1.4058e-02, PNorm = 131.0939, GNorm = 0.1864, lr_0 = 2.7541e-04
Loss = 1.4488e-02, PNorm = 131.1152, GNorm = 0.1889, lr_0 = 2.7538e-04
Loss = 1.2964e-02, PNorm = 131.1323, GNorm = 0.1912, lr_0 = 2.7536e-04
Loss = 1.1573e-02, PNorm = 131.1484, GNorm = 0.2015, lr_0 = 2.7534e-04
Loss = 1.7360e-02, PNorm = 131.1667, GNorm = 0.3304, lr_0 = 2.7531e-04
Loss = 1.4745e-02, PNorm = 131.1882, GNorm = 0.2684, lr_0 = 2.7529e-04
Loss = 1.7155e-02, PNorm = 131.2130, GNorm = 0.3297, lr_0 = 2.7527e-04
Loss = 1.6594e-02, PNorm = 131.2328, GNorm = 0.3551, lr_0 = 2.7524e-04
Loss = 1.3289e-02, PNorm = 131.2536, GNorm = 0.2552, lr_0 = 2.7522e-04
Loss = 1.4733e-02, PNorm = 131.2762, GNorm = 0.1824, lr_0 = 2.7519e-04
Loss = 1.4913e-02, PNorm = 131.2954, GNorm = 0.2091, lr_0 = 2.7517e-04
Loss = 1.3406e-02, PNorm = 131.3163, GNorm = 0.2631, lr_0 = 2.7515e-04
Loss = 1.4114e-02, PNorm = 131.3370, GNorm = 0.2297, lr_0 = 2.7512e-04
Loss = 1.3056e-02, PNorm = 131.3561, GNorm = 0.1915, lr_0 = 2.7510e-04
Validation rmse = 27.109681
Epoch 35
Loss = 1.2883e-02, PNorm = 131.3771, GNorm = 0.3727, lr_0 = 2.7508e-04
Loss = 1.3958e-02, PNorm = 131.3903, GNorm = 0.3964, lr_0 = 2.7505e-04
Loss = 1.1054e-02, PNorm = 131.4045, GNorm = 0.1967, lr_0 = 2.7503e-04
Loss = 1.3760e-02, PNorm = 131.4220, GNorm = 0.3030, lr_0 = 2.7501e-04
Loss = 1.7792e-02, PNorm = 131.4459, GNorm = 0.2097, lr_0 = 2.7498e-04
Loss = 1.3777e-02, PNorm = 131.4664, GNorm = 0.3235, lr_0 = 2.7496e-04
Loss = 1.6181e-02, PNorm = 131.4906, GNorm = 0.2905, lr_0 = 2.7494e-04
Loss = 1.3986e-02, PNorm = 131.5142, GNorm = 0.4145, lr_0 = 2.7491e-04
Loss = 1.4515e-02, PNorm = 131.5325, GNorm = 0.2358, lr_0 = 2.7489e-04
Loss = 1.4337e-02, PNorm = 131.5517, GNorm = 0.4450, lr_0 = 2.7487e-04
Loss = 1.3544e-02, PNorm = 131.5733, GNorm = 0.7479, lr_0 = 2.7484e-04
Loss = 1.8923e-02, PNorm = 131.5959, GNorm = 0.6852, lr_0 = 2.7482e-04
Loss = 1.7358e-02, PNorm = 131.6190, GNorm = 0.4476, lr_0 = 2.7480e-04
Loss = 1.8941e-02, PNorm = 131.6472, GNorm = 0.4471, lr_0 = 2.7477e-04
Loss = 1.6494e-02, PNorm = 131.6731, GNorm = 0.3409, lr_0 = 2.7475e-04
Loss = 1.7045e-02, PNorm = 131.6994, GNorm = 0.3809, lr_0 = 2.7473e-04
Loss = 1.6123e-02, PNorm = 131.7291, GNorm = 0.4057, lr_0 = 2.7470e-04
Loss = 1.5446e-02, PNorm = 131.7548, GNorm = 0.5475, lr_0 = 2.7468e-04
Validation rmse = 29.349062
Epoch 36
Loss = 1.5346e-02, PNorm = 131.7818, GNorm = 0.1542, lr_0 = 2.7465e-04
Loss = 1.1680e-02, PNorm = 131.8000, GNorm = 0.1385, lr_0 = 2.7463e-04
Loss = 1.5045e-02, PNorm = 131.8196, GNorm = 0.2580, lr_0 = 2.7461e-04
Loss = 1.1831e-02, PNorm = 131.8434, GNorm = 0.1454, lr_0 = 2.7458e-04
Loss = 1.8649e-02, PNorm = 131.8622, GNorm = 0.2958, lr_0 = 2.7456e-04
Loss = 1.3159e-02, PNorm = 131.8852, GNorm = 0.1065, lr_0 = 2.7454e-04
Loss = 1.2761e-02, PNorm = 131.9090, GNorm = 0.2195, lr_0 = 2.7451e-04
Loss = 1.1875e-02, PNorm = 131.9278, GNorm = 0.4259, lr_0 = 2.7449e-04
Loss = 1.0879e-02, PNorm = 131.9422, GNorm = 0.1676, lr_0 = 2.7447e-04
Loss = 1.2354e-02, PNorm = 131.9610, GNorm = 0.2124, lr_0 = 2.7444e-04
Loss = 1.1379e-02, PNorm = 131.9771, GNorm = 0.1439, lr_0 = 2.7442e-04
Loss = 1.4525e-02, PNorm = 131.9948, GNorm = 0.1766, lr_0 = 2.7440e-04
Loss = 1.2674e-02, PNorm = 132.0128, GNorm = 0.2045, lr_0 = 2.7437e-04
Loss = 1.4378e-02, PNorm = 132.0279, GNorm = 0.1631, lr_0 = 2.7435e-04
Loss = 1.4748e-02, PNorm = 132.0520, GNorm = 0.3458, lr_0 = 2.7433e-04
Loss = 1.6645e-02, PNorm = 132.0757, GNorm = 0.5263, lr_0 = 2.7430e-04
Loss = 1.3323e-02, PNorm = 132.0950, GNorm = 0.3658, lr_0 = 2.7428e-04
Loss = 1.5986e-02, PNorm = 132.1137, GNorm = 0.2194, lr_0 = 2.7426e-04
Validation rmse = 28.039113
Epoch 37
Loss = 1.3280e-02, PNorm = 132.1360, GNorm = 0.2065, lr_0 = 2.7423e-04
Loss = 1.7150e-02, PNorm = 132.1624, GNorm = 0.3159, lr_0 = 2.7421e-04
Loss = 1.2373e-02, PNorm = 132.1885, GNorm = 0.2931, lr_0 = 2.7419e-04
Loss = 1.3371e-02, PNorm = 132.2137, GNorm = 0.4368, lr_0 = 2.7416e-04
Loss = 1.5521e-02, PNorm = 132.2334, GNorm = 0.3689, lr_0 = 2.7414e-04
Loss = 1.8865e-02, PNorm = 132.2528, GNorm = 0.2877, lr_0 = 2.7412e-04
Loss = 1.7283e-02, PNorm = 132.2777, GNorm = 0.1922, lr_0 = 2.7409e-04
Loss = 1.5677e-02, PNorm = 132.3107, GNorm = 0.2669, lr_0 = 2.7407e-04
Loss = 1.3883e-02, PNorm = 132.3355, GNorm = 0.3266, lr_0 = 2.7405e-04
Loss = 1.3637e-02, PNorm = 132.3586, GNorm = 0.2864, lr_0 = 2.7402e-04
Loss = 1.4610e-02, PNorm = 132.3755, GNorm = 0.1524, lr_0 = 2.7400e-04
Loss = 1.7397e-02, PNorm = 132.3983, GNorm = 0.3768, lr_0 = 2.7398e-04
Loss = 1.3649e-02, PNorm = 132.4210, GNorm = 0.3593, lr_0 = 2.7395e-04
Loss = 1.3549e-02, PNorm = 132.4448, GNorm = 0.2851, lr_0 = 2.7393e-04
Loss = 1.5918e-02, PNorm = 132.4669, GNorm = 0.1817, lr_0 = 2.7390e-04
Loss = 1.3438e-02, PNorm = 132.4914, GNorm = 0.2347, lr_0 = 2.7388e-04
Loss = 1.6260e-02, PNorm = 132.5144, GNorm = 0.2445, lr_0 = 2.7386e-04
Validation rmse = 28.971411
Epoch 38
Loss = 1.0767e-02, PNorm = 132.5418, GNorm = 0.2195, lr_0 = 2.7383e-04
Loss = 1.5335e-02, PNorm = 132.5680, GNorm = 0.1410, lr_0 = 2.7381e-04
Loss = 1.3748e-02, PNorm = 132.5925, GNorm = 0.3091, lr_0 = 2.7379e-04
Loss = 1.3697e-02, PNorm = 132.6160, GNorm = 0.1125, lr_0 = 2.7376e-04
Loss = 1.2384e-02, PNorm = 132.6369, GNorm = 0.1475, lr_0 = 2.7374e-04
Loss = 1.3241e-02, PNorm = 132.6592, GNorm = 0.1997, lr_0 = 2.7372e-04
Loss = 1.2719e-02, PNorm = 132.6787, GNorm = 0.2543, lr_0 = 2.7369e-04
Loss = 1.0162e-02, PNorm = 132.6996, GNorm = 0.2833, lr_0 = 2.7367e-04
Loss = 1.2062e-02, PNorm = 132.7156, GNorm = 0.3638, lr_0 = 2.7365e-04
Loss = 1.2898e-02, PNorm = 132.7317, GNorm = 0.3105, lr_0 = 2.7362e-04
Loss = 1.2336e-02, PNorm = 132.7485, GNorm = 0.3909, lr_0 = 2.7360e-04
Loss = 1.9110e-02, PNorm = 132.7706, GNorm = 0.6433, lr_0 = 2.7358e-04
Loss = 1.7863e-02, PNorm = 132.7987, GNorm = 0.2380, lr_0 = 2.7355e-04
Loss = 1.5661e-02, PNorm = 132.8265, GNorm = 0.3843, lr_0 = 2.7353e-04
Loss = 1.2698e-02, PNorm = 132.8599, GNorm = 0.2393, lr_0 = 2.7351e-04
Loss = 1.5847e-02, PNorm = 132.8851, GNorm = 0.2432, lr_0 = 2.7348e-04
Loss = 1.7526e-02, PNorm = 132.9107, GNorm = 0.4243, lr_0 = 2.7346e-04
Loss = 1.8021e-02, PNorm = 132.9400, GNorm = 0.2630, lr_0 = 2.7344e-04
Validation rmse = 27.657392
Epoch 39
Loss = 1.4813e-02, PNorm = 132.9757, GNorm = 0.2532, lr_0 = 2.7341e-04
Loss = 1.3738e-02, PNorm = 133.0036, GNorm = 0.1486, lr_0 = 2.7339e-04
Loss = 1.1499e-02, PNorm = 133.0267, GNorm = 0.1507, lr_0 = 2.7337e-04
Loss = 1.7746e-02, PNorm = 133.0504, GNorm = 0.4944, lr_0 = 2.7334e-04
Loss = 1.3915e-02, PNorm = 133.0781, GNorm = 0.2226, lr_0 = 2.7332e-04
Loss = 1.6668e-02, PNorm = 133.1026, GNorm = 0.2480, lr_0 = 2.7329e-04
Loss = 1.2083e-02, PNorm = 133.1266, GNorm = 0.2024, lr_0 = 2.7327e-04
Loss = 1.2624e-02, PNorm = 133.1518, GNorm = 0.1833, lr_0 = 2.7325e-04
Loss = 1.4634e-02, PNorm = 133.1748, GNorm = 0.1896, lr_0 = 2.7322e-04
Loss = 1.5028e-02, PNorm = 133.1984, GNorm = 0.1820, lr_0 = 2.7320e-04
Loss = 1.1991e-02, PNorm = 133.2238, GNorm = 0.1964, lr_0 = 2.7318e-04
Loss = 1.7640e-02, PNorm = 133.2503, GNorm = 0.6109, lr_0 = 2.7315e-04
Loss = 1.3592e-02, PNorm = 133.2773, GNorm = 0.2715, lr_0 = 2.7313e-04
Loss = 1.1395e-02, PNorm = 133.3038, GNorm = 0.1825, lr_0 = 2.7311e-04
Loss = 1.1424e-02, PNorm = 133.3256, GNorm = 0.2662, lr_0 = 2.7308e-04
Loss = 1.1858e-02, PNorm = 133.3430, GNorm = 0.1794, lr_0 = 2.7306e-04
Loss = 1.2521e-02, PNorm = 133.3640, GNorm = 0.2163, lr_0 = 2.7304e-04
Loss = 1.0395e-02, PNorm = 133.3814, GNorm = 0.2223, lr_0 = 2.7302e-04
Validation rmse = 27.249392
Epoch 40
Loss = 9.4595e-03, PNorm = 133.3989, GNorm = 0.4014, lr_0 = 2.7299e-04
Loss = 1.1842e-02, PNorm = 133.4184, GNorm = 0.4898, lr_0 = 2.7297e-04
Loss = 1.4248e-02, PNorm = 133.4464, GNorm = 0.5057, lr_0 = 2.7295e-04
Loss = 1.5020e-02, PNorm = 133.4748, GNorm = 0.5673, lr_0 = 2.7292e-04
Loss = 1.4692e-02, PNorm = 133.5035, GNorm = 0.2837, lr_0 = 2.7290e-04
Loss = 1.3183e-02, PNorm = 133.5299, GNorm = 0.1596, lr_0 = 2.7288e-04
Loss = 1.5426e-02, PNorm = 133.5545, GNorm = 0.2564, lr_0 = 2.7285e-04
Loss = 1.4831e-02, PNorm = 133.5786, GNorm = 0.6482, lr_0 = 2.7283e-04
Loss = 2.0233e-02, PNorm = 133.6073, GNorm = 0.3898, lr_0 = 2.7281e-04
Loss = 1.6141e-02, PNorm = 133.6401, GNorm = 0.3257, lr_0 = 2.7278e-04
Loss = 2.0084e-02, PNorm = 133.6660, GNorm = 0.5284, lr_0 = 2.7276e-04
Loss = 1.3206e-02, PNorm = 133.6936, GNorm = 0.2546, lr_0 = 2.7274e-04
Loss = 1.6637e-02, PNorm = 133.7279, GNorm = 0.2512, lr_0 = 2.7271e-04
Loss = 1.3311e-02, PNorm = 133.7540, GNorm = 0.1376, lr_0 = 2.7269e-04
Loss = 1.3943e-02, PNorm = 133.7752, GNorm = 0.3614, lr_0 = 2.7267e-04
Loss = 1.4105e-02, PNorm = 133.8030, GNorm = 0.2185, lr_0 = 2.7264e-04
Loss = 1.3676e-02, PNorm = 133.8314, GNorm = 0.1385, lr_0 = 2.7262e-04
Loss = 1.3117e-02, PNorm = 133.8505, GNorm = 0.1633, lr_0 = 2.7260e-04
Validation rmse = 28.513777
Epoch 41
Loss = 1.0650e-02, PNorm = 133.8725, GNorm = 0.1942, lr_0 = 2.7257e-04
Loss = 1.0364e-02, PNorm = 133.8940, GNorm = 0.3681, lr_0 = 2.7255e-04
Loss = 1.0566e-02, PNorm = 133.9114, GNorm = 0.1775, lr_0 = 2.7253e-04
Loss = 9.4129e-03, PNorm = 133.9246, GNorm = 0.1642, lr_0 = 2.7250e-04
Loss = 9.5113e-03, PNorm = 133.9378, GNorm = 0.1572, lr_0 = 2.7248e-04
Loss = 1.2116e-02, PNorm = 133.9533, GNorm = 0.2826, lr_0 = 2.7246e-04
Loss = 9.8797e-03, PNorm = 133.9689, GNorm = 0.1656, lr_0 = 2.7243e-04
Loss = 1.3057e-02, PNorm = 133.9873, GNorm = 0.1966, lr_0 = 2.7241e-04
Loss = 1.1653e-02, PNorm = 134.0043, GNorm = 0.3049, lr_0 = 2.7239e-04
Loss = 1.0152e-02, PNorm = 134.0250, GNorm = 0.1240, lr_0 = 2.7236e-04
Loss = 9.7571e-03, PNorm = 134.0441, GNorm = 0.2520, lr_0 = 2.7234e-04
Loss = 1.1374e-02, PNorm = 134.0683, GNorm = 0.2362, lr_0 = 2.7232e-04
Loss = 1.0916e-02, PNorm = 134.0950, GNorm = 0.2210, lr_0 = 2.7229e-04
Loss = 1.3239e-02, PNorm = 134.1126, GNorm = 0.1746, lr_0 = 2.7227e-04
Loss = 1.3083e-02, PNorm = 134.1370, GNorm = 0.3381, lr_0 = 2.7225e-04
Loss = 1.3327e-02, PNorm = 134.1649, GNorm = 0.1288, lr_0 = 2.7222e-04
Loss = 1.3690e-02, PNorm = 134.1859, GNorm = 0.2885, lr_0 = 2.7220e-04
Loss = 1.3475e-02, PNorm = 134.2074, GNorm = 0.1534, lr_0 = 2.7218e-04
Validation rmse = 28.076723
Epoch 42
Loss = 1.3553e-02, PNorm = 134.2341, GNorm = 0.4395, lr_0 = 2.7215e-04
Loss = 1.7329e-02, PNorm = 134.2717, GNorm = 0.2688, lr_0 = 2.7213e-04
Loss = 1.2547e-02, PNorm = 134.3044, GNorm = 0.1940, lr_0 = 2.7211e-04
Loss = 1.4885e-02, PNorm = 134.3339, GNorm = 0.3550, lr_0 = 2.7208e-04
Loss = 1.2752e-02, PNorm = 134.3647, GNorm = 0.2245, lr_0 = 2.7206e-04
Loss = 1.2771e-02, PNorm = 134.3899, GNorm = 0.2356, lr_0 = 2.7204e-04
Loss = 1.2672e-02, PNorm = 134.4152, GNorm = 0.1784, lr_0 = 2.7201e-04
Loss = 1.1716e-02, PNorm = 134.4369, GNorm = 0.3187, lr_0 = 2.7199e-04
Loss = 1.6676e-02, PNorm = 134.4564, GNorm = 0.3217, lr_0 = 2.7197e-04
Loss = 1.3993e-02, PNorm = 134.4834, GNorm = 0.2558, lr_0 = 2.7194e-04
Loss = 1.1467e-02, PNorm = 134.5095, GNorm = 0.1876, lr_0 = 2.7192e-04
Loss = 9.9159e-03, PNorm = 134.5336, GNorm = 0.2612, lr_0 = 2.7190e-04
Loss = 1.1347e-02, PNorm = 134.5534, GNorm = 0.3356, lr_0 = 2.7187e-04
Loss = 1.0891e-02, PNorm = 134.5752, GNorm = 0.1929, lr_0 = 2.7185e-04
Loss = 1.0929e-02, PNorm = 134.5942, GNorm = 0.2502, lr_0 = 2.7183e-04
Loss = 1.0282e-02, PNorm = 134.6134, GNorm = 0.2835, lr_0 = 2.7181e-04
Loss = 1.2617e-02, PNorm = 134.6343, GNorm = 0.2860, lr_0 = 2.7178e-04
Loss = 1.1908e-02, PNorm = 134.6608, GNorm = 0.1187, lr_0 = 2.7176e-04
Validation rmse = 29.189476
Epoch 43
Loss = 1.2495e-02, PNorm = 134.6884, GNorm = 0.2020, lr_0 = 2.7174e-04
Loss = 1.1820e-02, PNorm = 134.7113, GNorm = 0.4114, lr_0 = 2.7171e-04
Loss = 1.2144e-02, PNorm = 134.7290, GNorm = 0.2339, lr_0 = 2.7169e-04
Loss = 1.3883e-02, PNorm = 134.7463, GNorm = 0.7412, lr_0 = 2.7167e-04
Loss = 1.5428e-02, PNorm = 134.7718, GNorm = 0.3388, lr_0 = 2.7164e-04
Loss = 1.1364e-02, PNorm = 134.8010, GNorm = 0.3059, lr_0 = 2.7162e-04
Loss = 1.0360e-02, PNorm = 134.8226, GNorm = 0.1841, lr_0 = 2.7160e-04
Loss = 9.9689e-03, PNorm = 134.8431, GNorm = 0.3661, lr_0 = 2.7157e-04
Loss = 1.4351e-02, PNorm = 134.8626, GNorm = 0.8175, lr_0 = 2.7155e-04
Loss = 1.2906e-02, PNorm = 134.8946, GNorm = 0.3346, lr_0 = 2.7153e-04
Loss = 1.8026e-02, PNorm = 134.9268, GNorm = 0.2100, lr_0 = 2.7150e-04
Loss = 1.6495e-02, PNorm = 134.9570, GNorm = 0.3205, lr_0 = 2.7148e-04
Loss = 1.4947e-02, PNorm = 134.9962, GNorm = 0.1598, lr_0 = 2.7146e-04
Loss = 1.4003e-02, PNorm = 135.0315, GNorm = 0.1709, lr_0 = 2.7143e-04
Loss = 1.2208e-02, PNorm = 135.0633, GNorm = 0.1688, lr_0 = 2.7141e-04
Loss = 1.3462e-02, PNorm = 135.0889, GNorm = 0.1958, lr_0 = 2.7139e-04
Loss = 1.2085e-02, PNorm = 135.1104, GNorm = 0.2878, lr_0 = 2.7136e-04
Loss = 1.1118e-02, PNorm = 135.1373, GNorm = 0.1638, lr_0 = 2.7134e-04
Validation rmse = 27.599405
Epoch 44
Loss = 1.0668e-02, PNorm = 135.1608, GNorm = 0.2476, lr_0 = 2.7132e-04
Loss = 9.7070e-03, PNorm = 135.1782, GNorm = 0.3718, lr_0 = 2.7129e-04
Loss = 1.1800e-02, PNorm = 135.1962, GNorm = 0.2154, lr_0 = 2.7127e-04
Loss = 1.0263e-02, PNorm = 135.2153, GNorm = 0.3092, lr_0 = 2.7125e-04
Loss = 9.5912e-03, PNorm = 135.2311, GNorm = 0.1139, lr_0 = 2.7123e-04
Loss = 1.1885e-02, PNorm = 135.2481, GNorm = 0.2141, lr_0 = 2.7120e-04
Loss = 1.1532e-02, PNorm = 135.2662, GNorm = 0.2124, lr_0 = 2.7118e-04
Loss = 1.6213e-02, PNorm = 135.2937, GNorm = 0.7565, lr_0 = 2.7116e-04
Loss = 1.6730e-02, PNorm = 135.3326, GNorm = 0.1544, lr_0 = 2.7113e-04
Loss = 1.6714e-02, PNorm = 135.3714, GNorm = 0.4319, lr_0 = 2.7111e-04
Loss = 1.7343e-02, PNorm = 135.4173, GNorm = 0.2960, lr_0 = 2.7109e-04
Loss = 1.4517e-02, PNorm = 135.4562, GNorm = 0.2158, lr_0 = 2.7106e-04
Loss = 1.3121e-02, PNorm = 135.4885, GNorm = 0.2655, lr_0 = 2.7104e-04
Loss = 1.4198e-02, PNorm = 135.5171, GNorm = 0.2545, lr_0 = 2.7102e-04
Loss = 1.4340e-02, PNorm = 135.5428, GNorm = 0.2043, lr_0 = 2.7099e-04
Loss = 1.5993e-02, PNorm = 135.5791, GNorm = 0.4988, lr_0 = 2.7097e-04
Loss = 1.6746e-02, PNorm = 135.6151, GNorm = 0.2912, lr_0 = 2.7095e-04
Loss = 1.6386e-02, PNorm = 135.6512, GNorm = 0.4076, lr_0 = 2.7092e-04
Validation rmse = 29.548642
Epoch 45
Loss = 1.2027e-02, PNorm = 135.6907, GNorm = 0.1942, lr_0 = 2.7090e-04
Loss = 1.2675e-02, PNorm = 135.7174, GNorm = 0.1736, lr_0 = 2.7088e-04
Loss = 1.1149e-02, PNorm = 135.7456, GNorm = 0.2582, lr_0 = 2.7085e-04
Loss = 8.8834e-03, PNorm = 135.7687, GNorm = 0.1349, lr_0 = 2.7083e-04
Loss = 9.9780e-03, PNorm = 135.7879, GNorm = 0.2093, lr_0 = 2.7081e-04
Loss = 1.0427e-02, PNorm = 135.8080, GNorm = 0.2379, lr_0 = 2.7079e-04
Loss = 1.0723e-02, PNorm = 135.8316, GNorm = 0.2011, lr_0 = 2.7076e-04
Loss = 1.2700e-02, PNorm = 135.8533, GNorm = 0.1768, lr_0 = 2.7074e-04
Loss = 9.5101e-03, PNorm = 135.8737, GNorm = 0.1514, lr_0 = 2.7072e-04
Loss = 1.1276e-02, PNorm = 135.8938, GNorm = 0.1290, lr_0 = 2.7069e-04
Loss = 1.0184e-02, PNorm = 135.9194, GNorm = 0.1551, lr_0 = 2.7067e-04
Loss = 1.1675e-02, PNorm = 135.9447, GNorm = 0.1172, lr_0 = 2.7065e-04
Loss = 1.2714e-02, PNorm = 135.9715, GNorm = 0.1793, lr_0 = 2.7062e-04
Loss = 1.3819e-02, PNorm = 135.9965, GNorm = 0.1837, lr_0 = 2.7060e-04
Loss = 1.1967e-02, PNorm = 136.0263, GNorm = 0.1682, lr_0 = 2.7058e-04
Loss = 1.0868e-02, PNorm = 136.0557, GNorm = 0.1358, lr_0 = 2.7055e-04
Loss = 1.0368e-02, PNorm = 136.0782, GNorm = 0.1360, lr_0 = 2.7053e-04
Loss = 1.1694e-02, PNorm = 136.0993, GNorm = 0.2440, lr_0 = 2.7051e-04
Validation rmse = 26.809538
Epoch 46
Loss = 8.9968e-03, PNorm = 136.1270, GNorm = 0.1477, lr_0 = 2.7048e-04
Loss = 8.5843e-03, PNorm = 136.1502, GNorm = 0.3438, lr_0 = 2.7046e-04
Loss = 9.2405e-03, PNorm = 136.1666, GNorm = 0.1348, lr_0 = 2.7044e-04
Loss = 1.2055e-02, PNorm = 136.1819, GNorm = 0.2428, lr_0 = 2.7042e-04
Loss = 1.1010e-02, PNorm = 136.2071, GNorm = 0.1347, lr_0 = 2.7039e-04
Loss = 1.0658e-02, PNorm = 136.2326, GNorm = 0.1352, lr_0 = 2.7037e-04
Loss = 8.9321e-03, PNorm = 136.2494, GNorm = 0.2878, lr_0 = 2.7035e-04
Loss = 1.2023e-02, PNorm = 136.2696, GNorm = 0.2659, lr_0 = 2.7032e-04
Loss = 1.1775e-02, PNorm = 136.2991, GNorm = 0.2752, lr_0 = 2.7030e-04
Loss = 1.0925e-02, PNorm = 136.3320, GNorm = 0.2446, lr_0 = 2.7028e-04
Loss = 1.0564e-02, PNorm = 136.3612, GNorm = 0.1470, lr_0 = 2.7025e-04
Loss = 1.2328e-02, PNorm = 136.3899, GNorm = 0.2726, lr_0 = 2.7023e-04
Loss = 1.3911e-02, PNorm = 136.4178, GNorm = 0.1709, lr_0 = 2.7021e-04
Loss = 1.4519e-02, PNorm = 136.4443, GNorm = 0.2829, lr_0 = 2.7018e-04
Loss = 1.2566e-02, PNorm = 136.4749, GNorm = 0.2297, lr_0 = 2.7016e-04
Loss = 1.4431e-02, PNorm = 136.5057, GNorm = 0.2006, lr_0 = 2.7014e-04
Loss = 9.7329e-03, PNorm = 136.5326, GNorm = 0.1737, lr_0 = 2.7012e-04
Loss = 1.0401e-02, PNorm = 136.5549, GNorm = 0.1212, lr_0 = 2.7009e-04
Validation rmse = 27.402624
Epoch 47
Loss = 9.0303e-03, PNorm = 136.5775, GNorm = 0.1114, lr_0 = 2.7007e-04
Loss = 8.8741e-03, PNorm = 136.5973, GNorm = 0.1371, lr_0 = 2.7005e-04
Loss = 8.8798e-03, PNorm = 136.6176, GNorm = 0.2627, lr_0 = 2.7002e-04
Loss = 9.6271e-03, PNorm = 136.6391, GNorm = 0.1403, lr_0 = 2.7000e-04
Loss = 8.3693e-03, PNorm = 136.6573, GNorm = 0.2799, lr_0 = 2.6998e-04
Loss = 1.0850e-02, PNorm = 136.6753, GNorm = 0.2855, lr_0 = 2.6995e-04
Loss = 8.8325e-03, PNorm = 136.6931, GNorm = 0.0989, lr_0 = 2.6993e-04
Loss = 8.2513e-03, PNorm = 136.7119, GNorm = 0.1437, lr_0 = 2.6991e-04
Loss = 9.7010e-03, PNorm = 136.7306, GNorm = 0.1675, lr_0 = 2.6988e-04
Loss = 1.0004e-02, PNorm = 136.7488, GNorm = 0.2583, lr_0 = 2.6986e-04
Loss = 1.1053e-02, PNorm = 136.7731, GNorm = 0.1939, lr_0 = 2.6984e-04
Loss = 8.2405e-03, PNorm = 136.7920, GNorm = 0.1885, lr_0 = 2.6982e-04
Loss = 8.4924e-03, PNorm = 136.8081, GNorm = 0.3208, lr_0 = 2.6979e-04
Loss = 9.2329e-03, PNorm = 136.8247, GNorm = 0.2095, lr_0 = 2.6977e-04
Loss = 9.6215e-03, PNorm = 136.8462, GNorm = 0.1283, lr_0 = 2.6975e-04
Loss = 1.0035e-02, PNorm = 136.8662, GNorm = 0.2610, lr_0 = 2.6972e-04
Loss = 1.1377e-02, PNorm = 136.8911, GNorm = 0.1773, lr_0 = 2.6970e-04
Validation rmse = 29.198748
Epoch 48
Loss = 6.3159e-03, PNorm = 136.9148, GNorm = 0.1039, lr_0 = 2.6968e-04
Loss = 8.5279e-03, PNorm = 136.9329, GNorm = 0.1732, lr_0 = 2.6965e-04
Loss = 7.6956e-03, PNorm = 136.9538, GNorm = 0.0828, lr_0 = 2.6963e-04
Loss = 7.3787e-03, PNorm = 136.9686, GNorm = 0.2268, lr_0 = 2.6961e-04
Loss = 9.2671e-03, PNorm = 136.9846, GNorm = 0.2148, lr_0 = 2.6959e-04
Loss = 8.5511e-03, PNorm = 137.0062, GNorm = 0.1891, lr_0 = 2.6956e-04
Loss = 8.7309e-03, PNorm = 137.0273, GNorm = 0.1357, lr_0 = 2.6954e-04
Loss = 1.0533e-02, PNorm = 137.0497, GNorm = 0.2515, lr_0 = 2.6952e-04
Loss = 1.1238e-02, PNorm = 137.0726, GNorm = 0.1506, lr_0 = 2.6949e-04
Loss = 8.1218e-03, PNorm = 137.0945, GNorm = 0.1374, lr_0 = 2.6947e-04
Loss = 1.2263e-02, PNorm = 137.1202, GNorm = 0.1129, lr_0 = 2.6945e-04
Loss = 1.0880e-02, PNorm = 137.1434, GNorm = 0.2478, lr_0 = 2.6942e-04
Loss = 1.0471e-02, PNorm = 137.1720, GNorm = 0.3163, lr_0 = 2.6940e-04
Loss = 9.5865e-03, PNorm = 137.1964, GNorm = 0.1378, lr_0 = 2.6938e-04
Loss = 1.0436e-02, PNorm = 137.2178, GNorm = 0.2006, lr_0 = 2.6936e-04
Loss = 1.0382e-02, PNorm = 137.2377, GNorm = 0.2118, lr_0 = 2.6933e-04
Loss = 1.1821e-02, PNorm = 137.2617, GNorm = 0.2291, lr_0 = 2.6931e-04
Loss = 8.6102e-03, PNorm = 137.2844, GNorm = 0.1609, lr_0 = 2.6929e-04
Validation rmse = 27.516962
Epoch 49
Loss = 7.7715e-03, PNorm = 137.3006, GNorm = 0.1062, lr_0 = 2.6926e-04
Loss = 7.1959e-03, PNorm = 137.3150, GNorm = 0.0931, lr_0 = 2.6924e-04
Loss = 7.6390e-03, PNorm = 137.3307, GNorm = 0.1606, lr_0 = 2.6922e-04
Loss = 7.2184e-03, PNorm = 137.3465, GNorm = 0.1194, lr_0 = 2.6919e-04
Loss = 8.2639e-03, PNorm = 137.3633, GNorm = 0.1931, lr_0 = 2.6917e-04
Loss = 8.3713e-03, PNorm = 137.3798, GNorm = 0.0646, lr_0 = 2.6915e-04
Loss = 8.8744e-03, PNorm = 137.3954, GNorm = 0.3198, lr_0 = 2.6913e-04
Loss = 9.8911e-03, PNorm = 137.4157, GNorm = 0.1715, lr_0 = 2.6910e-04
Loss = 9.7862e-03, PNorm = 137.4373, GNorm = 0.1195, lr_0 = 2.6908e-04
Loss = 9.7479e-03, PNorm = 137.4590, GNorm = 0.1714, lr_0 = 2.6906e-04
Loss = 8.9536e-03, PNorm = 137.4805, GNorm = 0.1806, lr_0 = 2.6903e-04
Loss = 9.1982e-03, PNorm = 137.5015, GNorm = 0.1371, lr_0 = 2.6901e-04
Loss = 7.4399e-03, PNorm = 137.5190, GNorm = 0.0995, lr_0 = 2.6899e-04
Loss = 7.6948e-03, PNorm = 137.5357, GNorm = 0.1661, lr_0 = 2.6897e-04
Loss = 6.5762e-03, PNorm = 137.5554, GNorm = 0.0658, lr_0 = 2.6897e-04
Loss = 6.8853e-03, PNorm = 137.5723, GNorm = 0.1618, lr_0 = 2.6897e-04
Loss = 9.9862e-03, PNorm = 137.5909, GNorm = 0.1530, lr_0 = 2.6897e-04
Loss = 1.0387e-02, PNorm = 137.6111, GNorm = 0.2988, lr_0 = 2.6897e-04
Validation rmse = 27.061524
Model 0 best validation rmse = 26.809538 on epoch 45
Loading pretrained parameter "encoder.encoder.0.cached_zero_vector".
Loading pretrained parameter "encoder.encoder.0.W_i.weight".
Loading pretrained parameter "encoder.encoder.0.W_h.weight".
Loading pretrained parameter "encoder.encoder.0.W_o.weight".
Loading pretrained parameter "encoder.encoder.0.W_o.bias".
Loading pretrained parameter "encoder.encoder.1.cached_zero_vector".
Loading pretrained parameter "encoder.encoder.1.W_i.weight".
Loading pretrained parameter "encoder.encoder.1.W_h.weight".
Loading pretrained parameter "encoder.encoder.1.W_o.weight".
Loading pretrained parameter "encoder.encoder.1.W_o.bias".
Loading pretrained parameter "ffn.1.weight".
Loading pretrained parameter "ffn.1.bias".
Loading pretrained parameter "ffn.4.weight".
Loading pretrained parameter "ffn.4.bias".
Loading pretrained parameter "ffn.7.weight".
Loading pretrained parameter "ffn.7.bias".
Moving model to cuda
Model 0 test rmse = 26.709841
Ensemble test rmse = 26.709841
1-fold cross validation
	Seed 0 ==> test rmse = 26.709841
Overall test rmse = 26.709841 +/- 0.000000
Elapsed time = 0:47:50
