Command line
python /home/kpg/chemprop/train.py --data_path ../../../data/splits/lambda_max_abs/deep4chem/group_by_smiles/smiles_target_train.csv --dataset_type regression --save_dir /home/kimele03/uvvisml/uvvisml/models/quantum_yield_checkpoints/random/results/507322/49671134 --config_path /home/kimele03/uvvisml/uvvisml/models/quantum_yield_checkpoints/random/results/507322/49671134/hyperopt.json --metric rmse --epochs 50 --gpu 0 --ensemble_size 1 --separate_val_path ../../../data/splits/lambda_max_abs/deep4chem/group_by_smiles/smiles_target_val.csv --separate_test_path ../../../data/splits/lambda_max_abs/deep4chem/group_by_smiles/smiles_target_test.csv --number_of_molecules 2
Args
{'activation': 'ReLU',
 'aggregation': 'mean',
 'aggregation_norm': 100,
 'atom_descriptor_scaling': True,
 'atom_descriptors': None,
 'atom_descriptors_path': None,
 'atom_descriptors_size': 0,
 'atom_features_size': 0,
 'atom_messages': False,
 'batch_size': 54,
 'bias': False,
 'bond_feature_scaling': True,
 'bond_features_path': None,
 'bond_features_size': 0,
 'cache_cutoff': 10000,
 'checkpoint_dir': None,
 'checkpoint_frzn': None,
 'checkpoint_path': None,
 'checkpoint_paths': None,
 'class_balance': False,
 'config_path': '/home/kimele03/uvvisml/uvvisml/models/quantum_yield_checkpoints/random/results/507322/49671134/hyperopt.json',
 'crossval_index_dir': None,
 'crossval_index_file': None,
 'crossval_index_sets': None,
 'cuda': True,
 'data_path': '../../../data/splits/lambda_max_abs/deep4chem/group_by_smiles/smiles_target_train.csv',
 'data_weights_path': None,
 'dataset_type': 'regression',
 'depth': 5,
 'device': device(type='cuda', index=0),
 'dropout': 0.29609978382784796,
 'empty_cache': False,
 'ensemble_size': 1,
 'epochs': 50,
 'explicit_h': False,
 'extra_metrics': [],
 'features_generator': None,
 'features_only': False,
 'features_path': None,
 'features_scaling': True,
 'features_size': None,
 'ffn_hidden_size': 2253,
 'ffn_num_layers': 2,
 'final_lr': 0.0001836980363096875,
 'folds_file': None,
 'freeze_first_only': False,
 'frzn_ffn_layers': 0,
 'gpu': 0,
 'grad_clip': None,
 'hidden_size': 1812,
 'ignore_columns': None,
 'init_lr': 9.49944212714247e-06,
 'log_frequency': 10,
 'max_data_size': None,
 'max_lr': 0.0001836980363096875,
 'metric': 'rmse',
 'metrics': ['rmse'],
 'minimize_score': True,
 'mpn_shared': False,
 'multiclass_num_classes': 3,
 'no_atom_descriptor_scaling': False,
 'no_bond_features_scaling': False,
 'no_cache_mol': False,
 'no_cuda': False,
 'no_features_scaling': False,
 'num_folds': 1,
 'num_lrs': 1,
 'num_tasks': 1,
 'num_workers': 8,
 'number_of_molecules': 2,
 'overwrite_default_atom_features': False,
 'overwrite_default_bond_features': False,
 'pytorch_seed': 0,
 'quiet': False,
 'reaction': False,
 'reaction_mode': 'reac_diff',
 'resume_experiment': False,
 'save_dir': '/home/kimele03/uvvisml/uvvisml/models/quantum_yield_checkpoints/random/results/507322/49671134',
 'save_preds': False,
 'save_smiles_splits': False,
 'seed': 0,
 'separate_test_atom_descriptors_path': None,
 'separate_test_bond_features_path': None,
 'separate_test_features_path': None,
 'separate_test_path': '../../../data/splits/lambda_max_abs/deep4chem/group_by_smiles/smiles_target_test.csv',
 'separate_val_atom_descriptors_path': None,
 'separate_val_bond_features_path': None,
 'separate_val_features_path': None,
 'separate_val_path': '../../../data/splits/lambda_max_abs/deep4chem/group_by_smiles/smiles_target_val.csv',
 'show_individual_scores': False,
 'smiles_columns': ['smiles', 'solvent'],
 'split_sizes': (0.8, 0.1, 0.1),
 'split_type': 'random',
 'target_columns': None,
 'target_weights': None,
 'task_names': ['peakwavs_max'],
 'test': False,
 'test_fold_index': None,
 'train_data_size': None,
 'undirected': False,
 'use_input_features': False,
 'val_fold_index': None,
 'warmup_epochs': 3}
Loading data
Number of tasks = 1
Fold 0
Splitting data with seed 0
Total size = 13,242 | train size = 13,242 | val size = 1,633 | test size = 1,710
Fitting scaler
Building model 0
MoleculeModel(
  (encoder): MPN(
    (encoder): ModuleList(
      (0): MPNEncoder(
        (dropout_layer): Dropout(p=0.29609978382784796, inplace=False)
        (act_func): ReLU()
        (W_i): Linear(in_features=147, out_features=1812, bias=False)
        (W_h): Linear(in_features=1812, out_features=1812, bias=False)
        (W_o): Linear(in_features=1945, out_features=1812, bias=True)
      )
      (1): MPNEncoder(
        (dropout_layer): Dropout(p=0.29609978382784796, inplace=False)
        (act_func): ReLU()
        (W_i): Linear(in_features=147, out_features=1812, bias=False)
        (W_h): Linear(in_features=1812, out_features=1812, bias=False)
        (W_o): Linear(in_features=1945, out_features=1812, bias=True)
      )
    )
  )
  (ffn): Sequential(
    (0): Dropout(p=0.29609978382784796, inplace=False)
    (1): Linear(in_features=3624, out_features=2253, bias=True)
    (2): ReLU()
    (3): Dropout(p=0.29609978382784796, inplace=False)
    (4): Linear(in_features=2253, out_features=1, bias=True)
  )
)
Number of parameters = 22,324,723
Moving model to cuda
Epoch 0
Loss = 1.2498e+00, PNorm = 103.4461, GNorm = 9.7280, lr_0 = 1.2106e-05
Loss = 9.1772e-01, PNorm = 103.4463, GNorm = 6.0302, lr_0 = 1.4477e-05
Loss = 9.2257e-01, PNorm = 103.4465, GNorm = 5.6030, lr_0 = 1.6847e-05
Loss = 9.0543e-01, PNorm = 103.4468, GNorm = 7.9647, lr_0 = 1.9217e-05
Loss = 1.0422e+00, PNorm = 103.4473, GNorm = 19.3201, lr_0 = 2.1587e-05
Loss = 9.8971e-01, PNorm = 103.4477, GNorm = 8.9438, lr_0 = 2.3957e-05
Loss = 8.9751e-01, PNorm = 103.4482, GNorm = 5.6253, lr_0 = 2.6327e-05
Loss = 8.6610e-01, PNorm = 103.4489, GNorm = 6.0869, lr_0 = 2.8697e-05
Loss = 6.9702e-01, PNorm = 103.4496, GNorm = 7.8293, lr_0 = 3.1067e-05
Loss = 8.1156e-01, PNorm = 103.4504, GNorm = 12.3079, lr_0 = 3.3437e-05
Loss = 8.4040e-01, PNorm = 103.4514, GNorm = 7.9534, lr_0 = 3.5807e-05
Loss = 7.7454e-01, PNorm = 103.4526, GNorm = 4.0006, lr_0 = 3.8177e-05
Loss = 8.5976e-01, PNorm = 103.4539, GNorm = 5.1584, lr_0 = 4.0547e-05
Loss = 8.2942e-01, PNorm = 103.4558, GNorm = 2.4962, lr_0 = 4.2917e-05
Loss = 7.6608e-01, PNorm = 103.4578, GNorm = 9.5329, lr_0 = 4.5287e-05
Loss = 6.6385e-01, PNorm = 103.4605, GNorm = 4.4728, lr_0 = 4.7657e-05
Loss = 7.7101e-01, PNorm = 103.4623, GNorm = 6.6993, lr_0 = 5.0027e-05
Loss = 8.8742e-01, PNorm = 103.4644, GNorm = 17.0166, lr_0 = 5.2397e-05
Loss = 7.7320e-01, PNorm = 103.4661, GNorm = 15.1027, lr_0 = 5.4767e-05
Loss = 7.8398e-01, PNorm = 103.4684, GNorm = 4.2159, lr_0 = 5.7137e-05
Loss = 7.3687e-01, PNorm = 103.4714, GNorm = 3.6502, lr_0 = 5.9507e-05
Loss = 6.7989e-01, PNorm = 103.4740, GNorm = 6.2106, lr_0 = 6.1878e-05
Loss = 6.6250e-01, PNorm = 103.4768, GNorm = 3.9051, lr_0 = 6.4248e-05
Loss = 5.4512e-01, PNorm = 103.4794, GNorm = 6.1835, lr_0 = 6.6618e-05
Validation rmse = 81.253044
Epoch 1
Loss = 7.5845e-01, PNorm = 103.4830, GNorm = 14.1280, lr_0 = 6.9225e-05
Loss = 6.6990e-01, PNorm = 103.4868, GNorm = 4.8879, lr_0 = 7.1595e-05
Loss = 6.5188e-01, PNorm = 103.4910, GNorm = 6.9762, lr_0 = 7.3965e-05
Loss = 6.1966e-01, PNorm = 103.4949, GNorm = 6.1775, lr_0 = 7.6335e-05
Loss = 5.7347e-01, PNorm = 103.4986, GNorm = 12.3169, lr_0 = 7.8705e-05
Loss = 6.0581e-01, PNorm = 103.5026, GNorm = 14.9635, lr_0 = 8.1075e-05
Loss = 6.2978e-01, PNorm = 103.5069, GNorm = 5.5538, lr_0 = 8.3445e-05
Loss = 5.0073e-01, PNorm = 103.5117, GNorm = 4.5563, lr_0 = 8.5815e-05
Loss = 5.1682e-01, PNorm = 103.5163, GNorm = 8.2353, lr_0 = 8.8185e-05
Loss = 5.0254e-01, PNorm = 103.5214, GNorm = 14.7181, lr_0 = 9.0555e-05
Loss = 4.6047e-01, PNorm = 103.5256, GNorm = 20.6861, lr_0 = 9.2925e-05
Loss = 4.9251e-01, PNorm = 103.5299, GNorm = 8.9464, lr_0 = 9.5295e-05
Loss = 5.3737e-01, PNorm = 103.5348, GNorm = 13.5314, lr_0 = 9.7665e-05
Loss = 4.8157e-01, PNorm = 103.5400, GNorm = 5.5424, lr_0 = 1.0004e-04
Loss = 1.0402e+00, PNorm = 103.5450, GNorm = 3.4995, lr_0 = 1.0241e-04
Loss = 7.2328e-01, PNorm = 103.5545, GNorm = 9.4859, lr_0 = 1.0478e-04
Loss = 6.6870e-01, PNorm = 103.5628, GNorm = 12.8986, lr_0 = 1.0715e-04
Loss = 6.2009e-01, PNorm = 103.5697, GNorm = 10.9797, lr_0 = 1.0952e-04
Loss = 5.6819e-01, PNorm = 103.5765, GNorm = 1.6160, lr_0 = 1.1189e-04
Loss = 6.2151e-01, PNorm = 103.5835, GNorm = 4.4808, lr_0 = 1.1426e-04
Loss = 5.0253e-01, PNorm = 103.5894, GNorm = 5.7100, lr_0 = 1.1663e-04
Loss = 6.1085e-01, PNorm = 103.5951, GNorm = 4.3150, lr_0 = 1.1900e-04
Loss = 5.3350e-01, PNorm = 103.6011, GNorm = 6.8508, lr_0 = 1.2137e-04
Loss = 4.8108e-01, PNorm = 103.6077, GNorm = 7.3034, lr_0 = 1.2374e-04
Loss = 5.1045e-01, PNorm = 103.6159, GNorm = 8.7360, lr_0 = 1.2611e-04
Loss = 2.4150e-01, PNorm = 103.6169, GNorm = 5.8812, lr_0 = 1.2634e-04
Validation rmse = 73.911648
Epoch 2
Loss = 3.9936e-01, PNorm = 103.6242, GNorm = 4.2856, lr_0 = 1.2871e-04
Loss = 3.9569e-01, PNorm = 103.6308, GNorm = 1.9310, lr_0 = 1.3108e-04
Loss = 3.9124e-01, PNorm = 103.6366, GNorm = 2.5450, lr_0 = 1.3345e-04
Loss = 4.0623e-01, PNorm = 103.6426, GNorm = 14.1034, lr_0 = 1.3582e-04
Loss = 4.1923e-01, PNorm = 103.6490, GNorm = 11.6587, lr_0 = 1.3819e-04
Loss = 3.5944e-01, PNorm = 103.6552, GNorm = 1.4828, lr_0 = 1.4056e-04
Loss = 5.2811e-01, PNorm = 103.6607, GNorm = 9.1547, lr_0 = 1.4293e-04
Loss = 4.5107e-01, PNorm = 103.6694, GNorm = 1.9657, lr_0 = 1.4530e-04
Loss = 4.1132e-01, PNorm = 103.6787, GNorm = 1.7252, lr_0 = 1.4767e-04
Loss = 3.7454e-01, PNorm = 103.6857, GNorm = 11.6655, lr_0 = 1.5004e-04
Loss = 4.6008e-01, PNorm = 103.6958, GNorm = 8.1390, lr_0 = 1.5241e-04
Loss = 3.4298e-01, PNorm = 103.7060, GNorm = 5.0783, lr_0 = 1.5478e-04
Loss = 4.0779e-01, PNorm = 103.7146, GNorm = 9.0867, lr_0 = 1.5715e-04
Loss = 3.8821e-01, PNorm = 103.7248, GNorm = 4.0525, lr_0 = 1.5952e-04
Loss = 3.7003e-01, PNorm = 103.7328, GNorm = 6.4717, lr_0 = 1.6189e-04
Loss = 3.7374e-01, PNorm = 103.7417, GNorm = 3.3835, lr_0 = 1.6426e-04
Loss = 3.3362e-01, PNorm = 103.7496, GNorm = 9.4074, lr_0 = 1.6663e-04
Loss = 3.3353e-01, PNorm = 103.7582, GNorm = 3.0505, lr_0 = 1.6900e-04
Loss = 3.8342e-01, PNorm = 103.7650, GNorm = 2.3782, lr_0 = 1.7137e-04
Loss = 4.2136e-01, PNorm = 103.7761, GNorm = 7.3259, lr_0 = 1.7374e-04
Loss = 3.2726e-01, PNorm = 103.7836, GNorm = 8.0990, lr_0 = 1.7611e-04
Loss = 3.0483e-01, PNorm = 103.7934, GNorm = 2.9010, lr_0 = 1.7848e-04
Loss = 3.3600e-01, PNorm = 103.7996, GNorm = 2.5111, lr_0 = 1.8085e-04
Loss = 3.3884e-01, PNorm = 103.8079, GNorm = 2.8234, lr_0 = 1.8322e-04
Validation rmse = 65.440599
Epoch 3
Loss = 3.5212e-01, PNorm = 103.8192, GNorm = 1.8362, lr_0 = 1.8370e-04
Loss = 3.2116e-01, PNorm = 103.8272, GNorm = 8.5099, lr_0 = 1.8370e-04
Loss = 2.7925e-01, PNorm = 103.8376, GNorm = 2.3321, lr_0 = 1.8370e-04
Loss = 2.6973e-01, PNorm = 103.8441, GNorm = 8.1649, lr_0 = 1.8370e-04
Loss = 3.1898e-01, PNorm = 103.8541, GNorm = 2.5316, lr_0 = 1.8370e-04
Loss = 3.3321e-01, PNorm = 103.8635, GNorm = 2.9326, lr_0 = 1.8370e-04
Loss = 3.8056e-01, PNorm = 103.8741, GNorm = 4.1624, lr_0 = 1.8370e-04
Loss = 2.8975e-01, PNorm = 103.8852, GNorm = 4.5530, lr_0 = 1.8370e-04
Loss = 3.4387e-01, PNorm = 103.8931, GNorm = 2.6030, lr_0 = 1.8370e-04
Loss = 3.6507e-01, PNorm = 103.9007, GNorm = 15.5391, lr_0 = 1.8370e-04
Loss = 3.9861e-01, PNorm = 103.9111, GNorm = 3.7358, lr_0 = 1.8370e-04
Loss = 2.8121e-01, PNorm = 103.9225, GNorm = 2.4131, lr_0 = 1.8370e-04
Loss = 3.0622e-01, PNorm = 103.9309, GNorm = 2.3890, lr_0 = 1.8370e-04
Loss = 2.6740e-01, PNorm = 103.9398, GNorm = 1.9790, lr_0 = 1.8370e-04
Loss = 2.7065e-01, PNorm = 103.9476, GNorm = 7.2140, lr_0 = 1.8370e-04
Loss = 2.9954e-01, PNorm = 103.9546, GNorm = 4.2191, lr_0 = 1.8370e-04
Loss = 3.3211e-01, PNorm = 103.9648, GNorm = 5.4710, lr_0 = 1.8370e-04
Loss = 3.1198e-01, PNorm = 103.9719, GNorm = 2.3424, lr_0 = 1.8370e-04
Loss = 2.7255e-01, PNorm = 103.9805, GNorm = 4.7344, lr_0 = 1.8370e-04
Loss = 2.6624e-01, PNorm = 103.9892, GNorm = 1.6382, lr_0 = 1.8370e-04
Loss = 2.8905e-01, PNorm = 103.9984, GNorm = 6.7389, lr_0 = 1.8370e-04
Loss = 2.5408e-01, PNorm = 104.0063, GNorm = 2.3107, lr_0 = 1.8370e-04
Loss = 2.2241e-01, PNorm = 104.0156, GNorm = 1.5035, lr_0 = 1.8370e-04
Loss = 2.8411e-01, PNorm = 104.0244, GNorm = 4.6654, lr_0 = 1.8370e-04
Loss = 2.9343e-01, PNorm = 104.0335, GNorm = 1.5632, lr_0 = 1.8370e-04
Loss = 1.2526e+00, PNorm = 104.0347, GNorm = 7.3412, lr_0 = 1.8370e-04
Validation rmse = 57.684739
Epoch 4
Loss = 2.6673e-01, PNorm = 104.0451, GNorm = 5.5223, lr_0 = 1.8370e-04
Loss = 2.4701e-01, PNorm = 104.0546, GNorm = 2.0599, lr_0 = 1.8370e-04
Loss = 2.3927e-01, PNorm = 104.0648, GNorm = 2.3785, lr_0 = 1.8370e-04
Loss = 2.1155e-01, PNorm = 104.0742, GNorm = 3.0265, lr_0 = 1.8370e-04
Loss = 2.2729e-01, PNorm = 104.0821, GNorm = 2.9848, lr_0 = 1.8370e-04
Loss = 2.5749e-01, PNorm = 104.0888, GNorm = 2.1418, lr_0 = 1.8370e-04
Loss = 2.5969e-01, PNorm = 104.0980, GNorm = 4.3762, lr_0 = 1.8370e-04
Loss = 3.0240e-01, PNorm = 104.1077, GNorm = 5.0592, lr_0 = 1.8370e-04
Loss = 2.5378e-01, PNorm = 104.1170, GNorm = 2.7213, lr_0 = 1.8370e-04
Loss = 2.3139e-01, PNorm = 104.1245, GNorm = 8.0498, lr_0 = 1.8370e-04
Loss = 2.0675e-01, PNorm = 104.1311, GNorm = 7.3109, lr_0 = 1.8370e-04
Loss = 1.7832e-01, PNorm = 104.1391, GNorm = 1.7693, lr_0 = 1.8370e-04
Loss = 2.2942e-01, PNorm = 104.1493, GNorm = 7.2233, lr_0 = 1.8370e-04
Loss = 2.5707e-01, PNorm = 104.1570, GNorm = 3.8322, lr_0 = 1.8370e-04
Loss = 2.2834e-01, PNorm = 104.1649, GNorm = 1.5226, lr_0 = 1.8370e-04
Loss = 2.6561e-01, PNorm = 104.1743, GNorm = 5.8537, lr_0 = 1.8370e-04
Loss = 2.2290e-01, PNorm = 104.1826, GNorm = 4.1445, lr_0 = 1.8370e-04
Loss = 2.3193e-01, PNorm = 104.1908, GNorm = 1.0974, lr_0 = 1.8370e-04
Loss = 2.0325e-01, PNorm = 104.2000, GNorm = 5.3571, lr_0 = 1.8370e-04
Loss = 2.0848e-01, PNorm = 104.2072, GNorm = 2.6915, lr_0 = 1.8370e-04
Loss = 1.8972e-01, PNorm = 104.2150, GNorm = 3.2132, lr_0 = 1.8370e-04
Loss = 2.0277e-01, PNorm = 104.2239, GNorm = 7.4088, lr_0 = 1.8370e-04
Loss = 2.0944e-01, PNorm = 104.2333, GNorm = 7.6022, lr_0 = 1.8370e-04
Loss = 1.8576e-01, PNorm = 104.2417, GNorm = 2.9669, lr_0 = 1.8370e-04
Validation rmse = 47.949353
Epoch 5
Loss = 2.5321e-01, PNorm = 104.2504, GNorm = 7.2623, lr_0 = 1.8370e-04
Loss = 1.7657e-01, PNorm = 104.2628, GNorm = 1.5127, lr_0 = 1.8370e-04
Loss = 2.0057e-01, PNorm = 104.2703, GNorm = 2.9771, lr_0 = 1.8370e-04
Loss = 1.9917e-01, PNorm = 104.2783, GNorm = 1.7726, lr_0 = 1.8370e-04
Loss = 2.3601e-01, PNorm = 104.2874, GNorm = 2.1443, lr_0 = 1.8370e-04
Loss = 2.0893e-01, PNorm = 104.2942, GNorm = 4.6117, lr_0 = 1.8370e-04
Loss = 2.0373e-01, PNorm = 104.3026, GNorm = 5.2772, lr_0 = 1.8370e-04
Loss = 2.2264e-01, PNorm = 104.3134, GNorm = 7.6469, lr_0 = 1.8370e-04
Loss = 2.0023e-01, PNorm = 104.3231, GNorm = 1.1214, lr_0 = 1.8370e-04
Loss = 1.8353e-01, PNorm = 104.3322, GNorm = 1.4688, lr_0 = 1.8370e-04
Loss = 1.9704e-01, PNorm = 104.3409, GNorm = 3.0830, lr_0 = 1.8370e-04
Loss = 1.7983e-01, PNorm = 104.3480, GNorm = 3.1746, lr_0 = 1.8370e-04
Loss = 2.2210e-01, PNorm = 104.3572, GNorm = 4.2874, lr_0 = 1.8370e-04
Loss = 1.6798e-01, PNorm = 104.3642, GNorm = 2.8740, lr_0 = 1.8370e-04
Loss = 1.7435e-01, PNorm = 104.3728, GNorm = 4.1378, lr_0 = 1.8370e-04
Loss = 1.8900e-01, PNorm = 104.3849, GNorm = 4.2407, lr_0 = 1.8370e-04
Loss = 1.7916e-01, PNorm = 104.3890, GNorm = 2.8088, lr_0 = 1.8370e-04
Loss = 1.6489e-01, PNorm = 104.3965, GNorm = 1.2541, lr_0 = 1.8370e-04
Loss = 1.8413e-01, PNorm = 104.4069, GNorm = 3.5791, lr_0 = 1.8370e-04
Loss = 2.3568e-01, PNorm = 104.4174, GNorm = 2.0947, lr_0 = 1.8370e-04
Loss = 1.9715e-01, PNorm = 104.4268, GNorm = 8.7442, lr_0 = 1.8370e-04
Loss = 1.3318e-01, PNorm = 104.4352, GNorm = 3.4278, lr_0 = 1.8370e-04
Loss = 1.5832e-01, PNorm = 104.4447, GNorm = 2.7945, lr_0 = 1.8370e-04
Loss = 2.1088e-01, PNorm = 104.4546, GNorm = 5.7876, lr_0 = 1.8370e-04
Loss = 2.2087e-01, PNorm = 104.4650, GNorm = 4.3277, lr_0 = 1.8370e-04
Validation rmse = 47.891559
Epoch 6
Loss = 2.0997e-01, PNorm = 104.4773, GNorm = 1.5277, lr_0 = 1.8370e-04
Loss = 1.8696e-01, PNorm = 104.4910, GNorm = 4.7737, lr_0 = 1.8370e-04
Loss = 1.3922e-01, PNorm = 104.5031, GNorm = 3.5385, lr_0 = 1.8370e-04
Loss = 1.5104e-01, PNorm = 104.5121, GNorm = 3.8019, lr_0 = 1.8370e-04
Loss = 1.8508e-01, PNorm = 104.5209, GNorm = 1.7930, lr_0 = 1.8370e-04
Loss = 1.7271e-01, PNorm = 104.5305, GNorm = 1.1129, lr_0 = 1.8370e-04
Loss = 2.0544e-01, PNorm = 104.5404, GNorm = 1.2753, lr_0 = 1.8370e-04
Loss = 1.5383e-01, PNorm = 104.5508, GNorm = 2.6260, lr_0 = 1.8370e-04
Loss = 1.5234e-01, PNorm = 104.5582, GNorm = 4.2628, lr_0 = 1.8370e-04
Loss = 1.6872e-01, PNorm = 104.5666, GNorm = 1.9107, lr_0 = 1.8370e-04
Loss = 1.5195e-01, PNorm = 104.5793, GNorm = 1.9268, lr_0 = 1.8370e-04
Loss = 1.7534e-01, PNorm = 104.5905, GNorm = 3.3494, lr_0 = 1.8370e-04
Loss = 1.8448e-01, PNorm = 104.5982, GNorm = 2.3369, lr_0 = 1.8370e-04
Loss = 1.6439e-01, PNorm = 104.6072, GNorm = 5.9784, lr_0 = 1.8370e-04
Loss = 1.6217e-01, PNorm = 104.6182, GNorm = 3.5228, lr_0 = 1.8370e-04
Loss = 1.6203e-01, PNorm = 104.6282, GNorm = 1.6301, lr_0 = 1.8370e-04
Loss = 1.6588e-01, PNorm = 104.6403, GNorm = 1.8068, lr_0 = 1.8370e-04
Loss = 1.4281e-01, PNorm = 104.6521, GNorm = 4.4988, lr_0 = 1.8370e-04
Loss = 1.4629e-01, PNorm = 104.6604, GNorm = 2.2158, lr_0 = 1.8370e-04
Loss = 1.5389e-01, PNorm = 104.6687, GNorm = 5.8155, lr_0 = 1.8370e-04
Loss = 1.8827e-01, PNorm = 104.6780, GNorm = 5.4798, lr_0 = 1.8370e-04
Loss = 1.5242e-01, PNorm = 104.6879, GNorm = 4.2191, lr_0 = 1.8370e-04
Loss = 1.6338e-01, PNorm = 104.6969, GNorm = 2.3798, lr_0 = 1.8370e-04
Loss = 1.6310e-01, PNorm = 104.7061, GNorm = 2.6683, lr_0 = 1.8370e-04
Validation rmse = 41.661948
Epoch 7
Loss = 1.3738e-01, PNorm = 104.7172, GNorm = 1.3945, lr_0 = 1.8370e-04
Loss = 1.1938e-01, PNorm = 104.7264, GNorm = 1.5568, lr_0 = 1.8370e-04
Loss = 1.3398e-01, PNorm = 104.7336, GNorm = 2.2111, lr_0 = 1.8370e-04
Loss = 1.5640e-01, PNorm = 104.7431, GNorm = 1.9953, lr_0 = 1.8370e-04
Loss = 1.4494e-01, PNorm = 104.7534, GNorm = 1.1829, lr_0 = 1.8370e-04
Loss = 1.1524e-01, PNorm = 104.7628, GNorm = 1.6380, lr_0 = 1.8370e-04
Loss = 1.5784e-01, PNorm = 104.7721, GNorm = 4.2861, lr_0 = 1.8370e-04
Loss = 1.4070e-01, PNorm = 104.7794, GNorm = 1.4481, lr_0 = 1.8370e-04
Loss = 1.5306e-01, PNorm = 104.7893, GNorm = 1.1101, lr_0 = 1.8370e-04
Loss = 1.8159e-01, PNorm = 104.8008, GNorm = 2.1989, lr_0 = 1.8370e-04
Loss = 1.2850e-01, PNorm = 104.8091, GNorm = 1.2297, lr_0 = 1.8370e-04
Loss = 1.2839e-01, PNorm = 104.8176, GNorm = 1.9956, lr_0 = 1.8370e-04
Loss = 1.2823e-01, PNorm = 104.8269, GNorm = 3.2208, lr_0 = 1.8370e-04
Loss = 1.3334e-01, PNorm = 104.8358, GNorm = 1.7253, lr_0 = 1.8370e-04
Loss = 1.3866e-01, PNorm = 104.8476, GNorm = 1.2754, lr_0 = 1.8370e-04
Loss = 1.4515e-01, PNorm = 104.8582, GNorm = 0.9885, lr_0 = 1.8370e-04
Loss = 1.4344e-01, PNorm = 104.8692, GNorm = 1.2078, lr_0 = 1.8370e-04
Loss = 1.9404e-01, PNorm = 104.8778, GNorm = 10.0177, lr_0 = 1.8370e-04
Loss = 1.5796e-01, PNorm = 104.8879, GNorm = 4.0301, lr_0 = 1.8370e-04
Loss = 1.3804e-01, PNorm = 104.8983, GNorm = 4.7636, lr_0 = 1.8370e-04
Loss = 1.3438e-01, PNorm = 104.9077, GNorm = 2.2419, lr_0 = 1.8370e-04
Loss = 1.5825e-01, PNorm = 104.9182, GNorm = 2.5636, lr_0 = 1.8370e-04
Loss = 1.6823e-01, PNorm = 104.9287, GNorm = 4.6508, lr_0 = 1.8370e-04
Loss = 1.2190e-01, PNorm = 104.9403, GNorm = 1.2835, lr_0 = 1.8370e-04
Loss = 1.4887e-01, PNorm = 104.9517, GNorm = 2.9432, lr_0 = 1.8370e-04
Validation rmse = 43.866316
Epoch 8
Loss = 1.1985e-01, PNorm = 104.9625, GNorm = 2.2184, lr_0 = 1.8370e-04
Loss = 1.0784e-01, PNorm = 104.9736, GNorm = 2.1897, lr_0 = 1.8370e-04
Loss = 1.2192e-01, PNorm = 104.9818, GNorm = 2.0300, lr_0 = 1.8370e-04
Loss = 1.2285e-01, PNorm = 104.9887, GNorm = 2.3460, lr_0 = 1.8370e-04
Loss = 1.7255e-01, PNorm = 104.9981, GNorm = 3.3940, lr_0 = 1.8370e-04
Loss = 1.5432e-01, PNorm = 105.0118, GNorm = 1.6145, lr_0 = 1.8370e-04
Loss = 1.3773e-01, PNorm = 105.0192, GNorm = 2.6771, lr_0 = 1.8370e-04
Loss = 1.3470e-01, PNorm = 105.0295, GNorm = 1.4972, lr_0 = 1.8370e-04
Loss = 1.2298e-01, PNorm = 105.0411, GNorm = 2.1983, lr_0 = 1.8370e-04
Loss = 1.3649e-01, PNorm = 105.0518, GNorm = 3.1986, lr_0 = 1.8370e-04
Loss = 1.4594e-01, PNorm = 105.0633, GNorm = 4.5274, lr_0 = 1.8370e-04
Loss = 1.2747e-01, PNorm = 105.0724, GNorm = 1.4006, lr_0 = 1.8370e-04
Loss = 1.2590e-01, PNorm = 105.0802, GNorm = 0.9793, lr_0 = 1.8370e-04
Loss = 1.3460e-01, PNorm = 105.0911, GNorm = 1.3542, lr_0 = 1.8370e-04
Loss = 1.3540e-01, PNorm = 105.1002, GNorm = 2.3510, lr_0 = 1.8370e-04
Loss = 1.2197e-01, PNorm = 105.1083, GNorm = 1.6242, lr_0 = 1.8370e-04
Loss = 1.3783e-01, PNorm = 105.1177, GNorm = 4.2540, lr_0 = 1.8370e-04
Loss = 1.2943e-01, PNorm = 105.1254, GNorm = 3.4683, lr_0 = 1.8370e-04
Loss = 1.3609e-01, PNorm = 105.1352, GNorm = 1.3295, lr_0 = 1.8370e-04
Loss = 1.2359e-01, PNorm = 105.1456, GNorm = 2.8473, lr_0 = 1.8370e-04
Loss = 1.3113e-01, PNorm = 105.1549, GNorm = 1.6010, lr_0 = 1.8370e-04
Loss = 1.1434e-01, PNorm = 105.1644, GNorm = 1.0032, lr_0 = 1.8370e-04
Loss = 1.3419e-01, PNorm = 105.1721, GNorm = 1.6557, lr_0 = 1.8370e-04
Loss = 1.0130e-01, PNorm = 105.1788, GNorm = 1.5083, lr_0 = 1.8370e-04
Validation rmse = 40.359295
Epoch 9
Loss = 1.1201e-01, PNorm = 105.1894, GNorm = 1.8642, lr_0 = 1.8370e-04
Loss = 1.3817e-01, PNorm = 105.1990, GNorm = 1.9245, lr_0 = 1.8370e-04
Loss = 1.3080e-01, PNorm = 105.2079, GNorm = 3.0665, lr_0 = 1.8370e-04
Loss = 1.2057e-01, PNorm = 105.2190, GNorm = 1.2275, lr_0 = 1.8370e-04
Loss = 1.0630e-01, PNorm = 105.2299, GNorm = 1.4198, lr_0 = 1.8370e-04
Loss = 1.0323e-01, PNorm = 105.2394, GNorm = 0.8054, lr_0 = 1.8370e-04
Loss = 8.8131e-02, PNorm = 105.2461, GNorm = 1.7852, lr_0 = 1.8370e-04
Loss = 1.0678e-01, PNorm = 105.2532, GNorm = 1.6669, lr_0 = 1.8370e-04
Loss = 1.1119e-01, PNorm = 105.2602, GNorm = 4.2886, lr_0 = 1.8370e-04
Loss = 1.1740e-01, PNorm = 105.2668, GNorm = 2.6245, lr_0 = 1.8370e-04
Loss = 1.3676e-01, PNorm = 105.2762, GNorm = 3.5221, lr_0 = 1.8370e-04
Loss = 1.1167e-01, PNorm = 105.2864, GNorm = 1.0596, lr_0 = 1.8370e-04
Loss = 1.0122e-01, PNorm = 105.2951, GNorm = 2.6729, lr_0 = 1.8370e-04
Loss = 1.2963e-01, PNorm = 105.3058, GNorm = 3.4979, lr_0 = 1.8370e-04
Loss = 8.5262e-02, PNorm = 105.3139, GNorm = 1.0064, lr_0 = 1.8370e-04
Loss = 9.6704e-02, PNorm = 105.3245, GNorm = 3.6668, lr_0 = 1.8370e-04
Loss = 1.0205e-01, PNorm = 105.3335, GNorm = 1.8016, lr_0 = 1.8370e-04
Loss = 1.1464e-01, PNorm = 105.3401, GNorm = 1.2174, lr_0 = 1.8370e-04
Loss = 9.4760e-02, PNorm = 105.3506, GNorm = 1.6248, lr_0 = 1.8370e-04
Loss = 9.9384e-02, PNorm = 105.3612, GNorm = 1.5779, lr_0 = 1.8370e-04
Loss = 1.1618e-01, PNorm = 105.3694, GNorm = 3.6695, lr_0 = 1.8370e-04
Loss = 1.2047e-01, PNorm = 105.3821, GNorm = 3.3665, lr_0 = 1.8370e-04
Loss = 1.2391e-01, PNorm = 105.3917, GNorm = 1.2194, lr_0 = 1.8370e-04
Loss = 1.2950e-01, PNorm = 105.4039, GNorm = 2.5715, lr_0 = 1.8370e-04
Loss = 1.1280e-01, PNorm = 105.4133, GNorm = 1.9229, lr_0 = 1.8370e-04
Validation rmse = 37.689474
Epoch 10
Loss = 1.0253e-01, PNorm = 105.4251, GNorm = 1.0023, lr_0 = 1.8370e-04
Loss = 1.0082e-01, PNorm = 105.4343, GNorm = 4.1641, lr_0 = 1.8370e-04
Loss = 1.0866e-01, PNorm = 105.4442, GNorm = 2.2565, lr_0 = 1.8370e-04
Loss = 1.0994e-01, PNorm = 105.4558, GNorm = 1.6261, lr_0 = 1.8370e-04
Loss = 8.3790e-02, PNorm = 105.4640, GNorm = 1.0678, lr_0 = 1.8370e-04
Loss = 1.0984e-01, PNorm = 105.4729, GNorm = 1.3845, lr_0 = 1.8370e-04
Loss = 9.8138e-02, PNorm = 105.4839, GNorm = 1.4205, lr_0 = 1.8370e-04
Loss = 1.1481e-01, PNorm = 105.4926, GNorm = 2.9468, lr_0 = 1.8370e-04
Loss = 1.1844e-01, PNorm = 105.5016, GNorm = 1.5704, lr_0 = 1.8370e-04
Loss = 1.1631e-01, PNorm = 105.5118, GNorm = 2.1122, lr_0 = 1.8370e-04
Loss = 1.3267e-01, PNorm = 105.5213, GNorm = 3.4981, lr_0 = 1.8370e-04
Loss = 1.1534e-01, PNorm = 105.5355, GNorm = 1.4139, lr_0 = 1.8370e-04
Loss = 1.0178e-01, PNorm = 105.5481, GNorm = 2.1924, lr_0 = 1.8370e-04
Loss = 1.1929e-01, PNorm = 105.5568, GNorm = 1.1374, lr_0 = 1.8370e-04
Loss = 1.0509e-01, PNorm = 105.5706, GNorm = 1.0781, lr_0 = 1.8370e-04
Loss = 1.2679e-01, PNorm = 105.5813, GNorm = 6.0063, lr_0 = 1.8370e-04
Loss = 1.2692e-01, PNorm = 105.5913, GNorm = 3.4029, lr_0 = 1.8370e-04
Loss = 1.2473e-01, PNorm = 105.6008, GNorm = 1.6280, lr_0 = 1.8370e-04
Loss = 1.0813e-01, PNorm = 105.6119, GNorm = 1.4942, lr_0 = 1.8370e-04
Loss = 8.8596e-02, PNorm = 105.6218, GNorm = 1.3688, lr_0 = 1.8370e-04
Loss = 1.1907e-01, PNorm = 105.6329, GNorm = 4.4132, lr_0 = 1.8370e-04
Loss = 1.1144e-01, PNorm = 105.6436, GNorm = 0.9683, lr_0 = 1.8370e-04
Loss = 1.0329e-01, PNorm = 105.6524, GNorm = 1.5477, lr_0 = 1.8370e-04
Loss = 1.1794e-01, PNorm = 105.6611, GNorm = 1.9200, lr_0 = 1.8370e-04
Validation rmse = 37.930165
Epoch 11
Loss = 1.3942e-01, PNorm = 105.6729, GNorm = 0.8551, lr_0 = 1.8370e-04
Loss = 1.1482e-01, PNorm = 105.6875, GNorm = 0.9874, lr_0 = 1.8370e-04
Loss = 9.6683e-02, PNorm = 105.6999, GNorm = 1.0525, lr_0 = 1.8370e-04
Loss = 1.3463e-01, PNorm = 105.7112, GNorm = 4.1642, lr_0 = 1.8370e-04
Loss = 1.0032e-01, PNorm = 105.7266, GNorm = 1.1006, lr_0 = 1.8370e-04
Loss = 1.2688e-01, PNorm = 105.7385, GNorm = 4.8698, lr_0 = 1.8370e-04
Loss = 1.1281e-01, PNorm = 105.7504, GNorm = 3.5371, lr_0 = 1.8370e-04
Loss = 1.0874e-01, PNorm = 105.7603, GNorm = 0.8603, lr_0 = 1.8370e-04
Loss = 1.2009e-01, PNorm = 105.7712, GNorm = 4.8194, lr_0 = 1.8370e-04
Loss = 1.0309e-01, PNorm = 105.7848, GNorm = 2.4983, lr_0 = 1.8370e-04
Loss = 8.9883e-02, PNorm = 105.7955, GNorm = 1.0400, lr_0 = 1.8370e-04
Loss = 9.6556e-02, PNorm = 105.8056, GNorm = 1.3193, lr_0 = 1.8370e-04
Loss = 8.9511e-02, PNorm = 105.8141, GNorm = 1.0392, lr_0 = 1.8370e-04
Loss = 8.6085e-02, PNorm = 105.8231, GNorm = 0.8514, lr_0 = 1.8370e-04
Loss = 9.4838e-02, PNorm = 105.8312, GNorm = 1.0219, lr_0 = 1.8370e-04
Loss = 1.0350e-01, PNorm = 105.8418, GNorm = 2.4083, lr_0 = 1.8370e-04
Loss = 9.9339e-02, PNorm = 105.8518, GNorm = 5.1067, lr_0 = 1.8370e-04
Loss = 8.8748e-02, PNorm = 105.8587, GNorm = 1.6131, lr_0 = 1.8370e-04
Loss = 9.9876e-02, PNorm = 105.8682, GNorm = 1.3033, lr_0 = 1.8370e-04
Loss = 8.7811e-02, PNorm = 105.8776, GNorm = 0.9377, lr_0 = 1.8370e-04
Loss = 9.4255e-02, PNorm = 105.8898, GNorm = 1.2890, lr_0 = 1.8370e-04
Loss = 8.0394e-02, PNorm = 105.8985, GNorm = 0.9539, lr_0 = 1.8370e-04
Loss = 9.7874e-02, PNorm = 105.9054, GNorm = 2.9675, lr_0 = 1.8370e-04
Loss = 1.2600e-01, PNorm = 105.9154, GNorm = 1.7192, lr_0 = 1.8370e-04
Loss = 8.5915e-02, PNorm = 105.9268, GNorm = 3.0095, lr_0 = 1.8370e-04
Validation rmse = 39.084425
Epoch 12
Loss = 1.0036e-01, PNorm = 105.9385, GNorm = 2.3674, lr_0 = 1.8370e-04
Loss = 8.0949e-02, PNorm = 105.9476, GNorm = 1.2568, lr_0 = 1.8370e-04
Loss = 9.8711e-02, PNorm = 105.9570, GNorm = 0.8764, lr_0 = 1.8370e-04
Loss = 9.4267e-02, PNorm = 105.9661, GNorm = 1.1402, lr_0 = 1.8370e-04
Loss = 6.6681e-02, PNorm = 105.9745, GNorm = 0.9766, lr_0 = 1.8370e-04
Loss = 8.6976e-02, PNorm = 105.9841, GNorm = 1.4819, lr_0 = 1.8370e-04
Loss = 8.4592e-02, PNorm = 105.9903, GNorm = 0.7872, lr_0 = 1.8370e-04
Loss = 8.0068e-02, PNorm = 105.9991, GNorm = 1.5228, lr_0 = 1.8370e-04
Loss = 9.6060e-02, PNorm = 106.0085, GNorm = 1.0584, lr_0 = 1.8370e-04
Loss = 8.7355e-02, PNorm = 106.0150, GNorm = 1.1336, lr_0 = 1.8370e-04
Loss = 8.8867e-02, PNorm = 106.0249, GNorm = 2.0249, lr_0 = 1.8370e-04
Loss = 1.0746e-01, PNorm = 106.0346, GNorm = 2.5618, lr_0 = 1.8370e-04
Loss = 1.0421e-01, PNorm = 106.0440, GNorm = 3.0099, lr_0 = 1.8370e-04
Loss = 9.3784e-02, PNorm = 106.0550, GNorm = 1.4666, lr_0 = 1.8370e-04
Loss = 1.1085e-01, PNorm = 106.0654, GNorm = 2.3420, lr_0 = 1.8370e-04
Loss = 8.4912e-02, PNorm = 106.0746, GNorm = 2.0777, lr_0 = 1.8370e-04
Loss = 8.1841e-02, PNorm = 106.0867, GNorm = 1.9185, lr_0 = 1.8370e-04
Loss = 8.3945e-02, PNorm = 106.0939, GNorm = 1.8071, lr_0 = 1.8370e-04
Loss = 9.3503e-02, PNorm = 106.1026, GNorm = 2.3491, lr_0 = 1.8370e-04
Loss = 8.9361e-02, PNorm = 106.1119, GNorm = 1.3311, lr_0 = 1.8370e-04
Loss = 1.0557e-01, PNorm = 106.1226, GNorm = 2.1986, lr_0 = 1.8370e-04
Loss = 9.3700e-02, PNorm = 106.1343, GNorm = 2.4513, lr_0 = 1.8370e-04
Loss = 8.6365e-02, PNorm = 106.1479, GNorm = 0.8069, lr_0 = 1.8370e-04
Loss = 9.9071e-02, PNorm = 106.1567, GNorm = 2.0463, lr_0 = 1.8370e-04
Validation rmse = 40.583005
Epoch 13
Loss = 1.0050e-01, PNorm = 106.1681, GNorm = 1.0680, lr_0 = 1.8370e-04
Loss = 1.0473e-01, PNorm = 106.1804, GNorm = 1.3495, lr_0 = 1.8370e-04
Loss = 9.6521e-02, PNorm = 106.1923, GNorm = 1.1611, lr_0 = 1.8370e-04
Loss = 7.0723e-02, PNorm = 106.2029, GNorm = 0.7691, lr_0 = 1.8370e-04
Loss = 8.3711e-02, PNorm = 106.2110, GNorm = 1.7314, lr_0 = 1.8370e-04
Loss = 7.9411e-02, PNorm = 106.2183, GNorm = 1.5408, lr_0 = 1.8370e-04
Loss = 8.5532e-02, PNorm = 106.2309, GNorm = 0.7545, lr_0 = 1.8370e-04
Loss = 6.9626e-02, PNorm = 106.2419, GNorm = 1.0202, lr_0 = 1.8370e-04
Loss = 9.1322e-02, PNorm = 106.2476, GNorm = 4.0103, lr_0 = 1.8370e-04
Loss = 9.7507e-02, PNorm = 106.2549, GNorm = 1.2482, lr_0 = 1.8370e-04
Loss = 7.4307e-02, PNorm = 106.2625, GNorm = 1.4537, lr_0 = 1.8370e-04
Loss = 7.6309e-02, PNorm = 106.2712, GNorm = 1.6781, lr_0 = 1.8370e-04
Loss = 7.0503e-02, PNorm = 106.2830, GNorm = 1.6685, lr_0 = 1.8370e-04
Loss = 7.1231e-02, PNorm = 106.2932, GNorm = 1.2295, lr_0 = 1.8370e-04
Loss = 8.3881e-02, PNorm = 106.3008, GNorm = 1.2651, lr_0 = 1.8370e-04
Loss = 8.3322e-02, PNorm = 106.3082, GNorm = 1.5185, lr_0 = 1.8370e-04
Loss = 9.7006e-02, PNorm = 106.3227, GNorm = 1.4893, lr_0 = 1.8370e-04
Loss = 8.4091e-02, PNorm = 106.3323, GNorm = 1.1816, lr_0 = 1.8370e-04
Loss = 7.7879e-02, PNorm = 106.3427, GNorm = 0.9644, lr_0 = 1.8370e-04
Loss = 7.9349e-02, PNorm = 106.3514, GNorm = 1.0230, lr_0 = 1.8370e-04
Loss = 7.9168e-02, PNorm = 106.3611, GNorm = 0.9836, lr_0 = 1.8370e-04
Loss = 7.8964e-02, PNorm = 106.3705, GNorm = 0.8575, lr_0 = 1.8370e-04
Loss = 8.3895e-02, PNorm = 106.3793, GNorm = 1.1108, lr_0 = 1.8370e-04
Loss = 7.9480e-02, PNorm = 106.3900, GNorm = 0.9142, lr_0 = 1.8370e-04
Loss = 6.7232e-02, PNorm = 106.3992, GNorm = 0.6847, lr_0 = 1.8370e-04
Validation rmse = 37.087957
Epoch 14
Loss = 7.8025e-02, PNorm = 106.4074, GNorm = 0.8861, lr_0 = 1.8370e-04
Loss = 8.2174e-02, PNorm = 106.4201, GNorm = 3.2398, lr_0 = 1.8370e-04
Loss = 8.9270e-02, PNorm = 106.4320, GNorm = 1.2532, lr_0 = 1.8370e-04
Loss = 7.5035e-02, PNorm = 106.4444, GNorm = 0.9022, lr_0 = 1.8370e-04
Loss = 8.0769e-02, PNorm = 106.4576, GNorm = 2.4389, lr_0 = 1.8370e-04
Loss = 7.8543e-02, PNorm = 106.4672, GNorm = 1.0146, lr_0 = 1.8370e-04
Loss = 8.1278e-02, PNorm = 106.4773, GNorm = 1.2702, lr_0 = 1.8370e-04
Loss = 6.8048e-02, PNorm = 106.4893, GNorm = 1.6426, lr_0 = 1.8370e-04
Loss = 7.5027e-02, PNorm = 106.4987, GNorm = 1.3733, lr_0 = 1.8370e-04
Loss = 5.9937e-02, PNorm = 106.5049, GNorm = 1.2078, lr_0 = 1.8370e-04
Loss = 7.2361e-02, PNorm = 106.5145, GNorm = 1.1734, lr_0 = 1.8370e-04
Loss = 7.0429e-02, PNorm = 106.5220, GNorm = 0.9770, lr_0 = 1.8370e-04
Loss = 7.4094e-02, PNorm = 106.5329, GNorm = 0.8564, lr_0 = 1.8370e-04
Loss = 7.4209e-02, PNorm = 106.5416, GNorm = 0.9963, lr_0 = 1.8370e-04
Loss = 6.9409e-02, PNorm = 106.5512, GNorm = 0.7789, lr_0 = 1.8370e-04
Loss = 8.5384e-02, PNorm = 106.5588, GNorm = 1.7774, lr_0 = 1.8370e-04
Loss = 1.0592e-01, PNorm = 106.5707, GNorm = 1.0370, lr_0 = 1.8370e-04
Loss = 7.9786e-02, PNorm = 106.5801, GNorm = 0.6453, lr_0 = 1.8370e-04
Loss = 7.9619e-02, PNorm = 106.5959, GNorm = 1.9955, lr_0 = 1.8370e-04
Loss = 8.4075e-02, PNorm = 106.6096, GNorm = 0.8441, lr_0 = 1.8370e-04
Loss = 7.9794e-02, PNorm = 106.6239, GNorm = 2.0225, lr_0 = 1.8370e-04
Loss = 7.2679e-02, PNorm = 106.6353, GNorm = 1.0686, lr_0 = 1.8370e-04
Loss = 6.0124e-02, PNorm = 106.6446, GNorm = 2.0871, lr_0 = 1.8370e-04
Loss = 7.1114e-02, PNorm = 106.6553, GNorm = 0.8455, lr_0 = 1.8370e-04
Validation rmse = 34.789929
Epoch 15
Loss = 9.5046e-02, PNorm = 106.6642, GNorm = 2.4675, lr_0 = 1.8370e-04
Loss = 8.1369e-02, PNorm = 106.6725, GNorm = 1.0921, lr_0 = 1.8370e-04
Loss = 7.1059e-02, PNorm = 106.6804, GNorm = 0.8381, lr_0 = 1.8370e-04
Loss = 8.0596e-02, PNorm = 106.6889, GNorm = 1.1410, lr_0 = 1.8370e-04
Loss = 7.5731e-02, PNorm = 106.7022, GNorm = 1.5934, lr_0 = 1.8370e-04
Loss = 8.4071e-02, PNorm = 106.7100, GNorm = 2.2182, lr_0 = 1.8370e-04
Loss = 7.2924e-02, PNorm = 106.7233, GNorm = 0.9511, lr_0 = 1.8370e-04
Loss = 7.0754e-02, PNorm = 106.7340, GNorm = 0.9197, lr_0 = 1.8370e-04
Loss = 5.8782e-02, PNorm = 106.7416, GNorm = 0.6230, lr_0 = 1.8370e-04
Loss = 6.6833e-02, PNorm = 106.7489, GNorm = 1.5282, lr_0 = 1.8370e-04
Loss = 7.0400e-02, PNorm = 106.7572, GNorm = 0.8013, lr_0 = 1.8370e-04
Loss = 8.2670e-02, PNorm = 106.7653, GNorm = 2.2532, lr_0 = 1.8370e-04
Loss = 7.7026e-02, PNorm = 106.7784, GNorm = 1.6653, lr_0 = 1.8370e-04
Loss = 8.2001e-02, PNorm = 106.7931, GNorm = 1.8370, lr_0 = 1.8370e-04
Loss = 7.5107e-02, PNorm = 106.8045, GNorm = 0.8684, lr_0 = 1.8370e-04
Loss = 8.4833e-02, PNorm = 106.8192, GNorm = 1.0787, lr_0 = 1.8370e-04
Loss = 7.6383e-02, PNorm = 106.8339, GNorm = 1.2142, lr_0 = 1.8370e-04
Loss = 7.0723e-02, PNorm = 106.8445, GNorm = 1.2516, lr_0 = 1.8370e-04
Loss = 6.2014e-02, PNorm = 106.8541, GNorm = 1.0493, lr_0 = 1.8370e-04
Loss = 8.7697e-02, PNorm = 106.8628, GNorm = 3.0570, lr_0 = 1.8370e-04
Loss = 6.7628e-02, PNorm = 106.8734, GNorm = 1.0576, lr_0 = 1.8370e-04
Loss = 7.1119e-02, PNorm = 106.8842, GNorm = 0.6627, lr_0 = 1.8370e-04
Loss = 6.0170e-02, PNorm = 106.8947, GNorm = 0.9751, lr_0 = 1.8370e-04
Loss = 7.4606e-02, PNorm = 106.9019, GNorm = 3.1157, lr_0 = 1.8370e-04
Loss = 6.8060e-02, PNorm = 106.9103, GNorm = 0.7693, lr_0 = 1.8370e-04
Validation rmse = 34.222719
Epoch 16
Loss = 6.6577e-02, PNorm = 106.9205, GNorm = 0.9652, lr_0 = 1.8370e-04
Loss = 6.2083e-02, PNorm = 106.9289, GNorm = 1.7149, lr_0 = 1.8370e-04
Loss = 5.9569e-02, PNorm = 106.9383, GNorm = 1.3223, lr_0 = 1.8370e-04
Loss = 5.9586e-02, PNorm = 106.9466, GNorm = 0.7371, lr_0 = 1.8370e-04
Loss = 6.1772e-02, PNorm = 106.9580, GNorm = 1.1976, lr_0 = 1.8370e-04
Loss = 7.9435e-02, PNorm = 106.9669, GNorm = 1.1986, lr_0 = 1.8370e-04
Loss = 9.6225e-02, PNorm = 106.9802, GNorm = 1.9627, lr_0 = 1.8370e-04
Loss = 8.0739e-02, PNorm = 106.9932, GNorm = 1.2413, lr_0 = 1.8370e-04
Loss = 8.0241e-02, PNorm = 107.0039, GNorm = 1.2308, lr_0 = 1.8370e-04
Loss = 7.0501e-02, PNorm = 107.0158, GNorm = 1.0707, lr_0 = 1.8370e-04
Loss = 7.8259e-02, PNorm = 107.0278, GNorm = 2.4567, lr_0 = 1.8370e-04
Loss = 7.4295e-02, PNorm = 107.0385, GNorm = 1.1158, lr_0 = 1.8370e-04
Loss = 7.1985e-02, PNorm = 107.0504, GNorm = 0.8648, lr_0 = 1.8370e-04
Loss = 8.6385e-02, PNorm = 107.0592, GNorm = 1.7131, lr_0 = 1.8370e-04
Loss = 6.5948e-02, PNorm = 107.0693, GNorm = 1.1132, lr_0 = 1.8370e-04
Loss = 6.3642e-02, PNorm = 107.0767, GNorm = 1.6683, lr_0 = 1.8370e-04
Loss = 6.3122e-02, PNorm = 107.0898, GNorm = 1.2690, lr_0 = 1.8370e-04
Loss = 8.2117e-02, PNorm = 107.0985, GNorm = 1.5159, lr_0 = 1.8370e-04
Loss = 6.1343e-02, PNorm = 107.1074, GNorm = 0.4721, lr_0 = 1.8370e-04
Loss = 7.5916e-02, PNorm = 107.1204, GNorm = 0.8355, lr_0 = 1.8370e-04
Loss = 7.8852e-02, PNorm = 107.1335, GNorm = 0.8162, lr_0 = 1.8370e-04
Loss = 5.8623e-02, PNorm = 107.1456, GNorm = 0.8276, lr_0 = 1.8370e-04
Loss = 6.5153e-02, PNorm = 107.1565, GNorm = 1.8492, lr_0 = 1.8370e-04
Loss = 5.7183e-02, PNorm = 107.1675, GNorm = 0.5899, lr_0 = 1.8370e-04
Validation rmse = 34.328781
Epoch 17
Loss = 5.5034e-02, PNorm = 107.1750, GNorm = 1.4966, lr_0 = 1.8370e-04
Loss = 6.7107e-02, PNorm = 107.1841, GNorm = 1.4660, lr_0 = 1.8370e-04
Loss = 5.6820e-02, PNorm = 107.1930, GNorm = 0.7370, lr_0 = 1.8370e-04
Loss = 6.4623e-02, PNorm = 107.2003, GNorm = 0.7775, lr_0 = 1.8370e-04
Loss = 4.9656e-02, PNorm = 107.2093, GNorm = 1.2715, lr_0 = 1.8370e-04
Loss = 4.9242e-02, PNorm = 107.2163, GNorm = 0.6801, lr_0 = 1.8370e-04
Loss = 6.6247e-02, PNorm = 107.2245, GNorm = 1.0276, lr_0 = 1.8370e-04
Loss = 6.6494e-02, PNorm = 107.2326, GNorm = 0.7677, lr_0 = 1.8370e-04
Loss = 5.9048e-02, PNorm = 107.2404, GNorm = 3.0267, lr_0 = 1.8370e-04
Loss = 8.2324e-02, PNorm = 107.2522, GNorm = 0.7870, lr_0 = 1.8370e-04
Loss = 6.8321e-02, PNorm = 107.2629, GNorm = 0.7318, lr_0 = 1.8370e-04
Loss = 5.9421e-02, PNorm = 107.2743, GNorm = 0.8963, lr_0 = 1.8370e-04
Loss = 6.5637e-02, PNorm = 107.2870, GNorm = 1.8757, lr_0 = 1.8370e-04
Loss = 7.8846e-02, PNorm = 107.2958, GNorm = 1.3777, lr_0 = 1.8370e-04
Loss = 6.6819e-02, PNorm = 107.3077, GNorm = 1.5490, lr_0 = 1.8370e-04
Loss = 5.6229e-02, PNorm = 107.3199, GNorm = 1.1926, lr_0 = 1.8370e-04
Loss = 7.2608e-02, PNorm = 107.3292, GNorm = 1.8588, lr_0 = 1.8370e-04
Loss = 7.5311e-02, PNorm = 107.3427, GNorm = 1.5381, lr_0 = 1.8370e-04
Loss = 6.3046e-02, PNorm = 107.3549, GNorm = 1.2615, lr_0 = 1.8370e-04
Loss = 6.4705e-02, PNorm = 107.3680, GNorm = 1.5258, lr_0 = 1.8370e-04
Loss = 6.8496e-02, PNorm = 107.3778, GNorm = 1.0442, lr_0 = 1.8370e-04
Loss = 7.3848e-02, PNorm = 107.3890, GNorm = 1.1068, lr_0 = 1.8370e-04
Loss = 6.9750e-02, PNorm = 107.4019, GNorm = 0.9615, lr_0 = 1.8370e-04
Loss = 5.9654e-02, PNorm = 107.4127, GNorm = 1.4443, lr_0 = 1.8370e-04
Loss = 6.6285e-02, PNorm = 107.4245, GNorm = 0.6321, lr_0 = 1.8370e-04
Validation rmse = 36.810136
Epoch 18
Loss = 6.3735e-02, PNorm = 107.4319, GNorm = 0.7328, lr_0 = 1.8370e-04
Loss = 5.8556e-02, PNorm = 107.4452, GNorm = 1.0730, lr_0 = 1.8370e-04
Loss = 5.8305e-02, PNorm = 107.4559, GNorm = 1.4108, lr_0 = 1.8370e-04
Loss = 6.7197e-02, PNorm = 107.4659, GNorm = 1.4783, lr_0 = 1.8370e-04
Loss = 5.9508e-02, PNorm = 107.4798, GNorm = 0.9897, lr_0 = 1.8370e-04
Loss = 7.2560e-02, PNorm = 107.4874, GNorm = 1.0825, lr_0 = 1.8370e-04
Loss = 6.0282e-02, PNorm = 107.4956, GNorm = 0.7364, lr_0 = 1.8370e-04
Loss = 7.7008e-02, PNorm = 107.5082, GNorm = 1.1917, lr_0 = 1.8370e-04
Loss = 7.2020e-02, PNorm = 107.5205, GNorm = 1.1143, lr_0 = 1.8370e-04
Loss = 6.1724e-02, PNorm = 107.5332, GNorm = 1.4542, lr_0 = 1.8370e-04
Loss = 6.4373e-02, PNorm = 107.5453, GNorm = 0.7544, lr_0 = 1.8370e-04
Loss = 6.2534e-02, PNorm = 107.5595, GNorm = 0.8436, lr_0 = 1.8370e-04
Loss = 7.0004e-02, PNorm = 107.5708, GNorm = 0.7912, lr_0 = 1.8370e-04
Loss = 7.1640e-02, PNorm = 107.5801, GNorm = 2.3451, lr_0 = 1.8370e-04
Loss = 6.2553e-02, PNorm = 107.5896, GNorm = 1.3630, lr_0 = 1.8370e-04
Loss = 6.1055e-02, PNorm = 107.5980, GNorm = 1.2246, lr_0 = 1.8370e-04
Loss = 6.6188e-02, PNorm = 107.6112, GNorm = 1.1214, lr_0 = 1.8370e-04
Loss = 6.2956e-02, PNorm = 107.6248, GNorm = 1.6026, lr_0 = 1.8370e-04
Loss = 7.1230e-02, PNorm = 107.6360, GNorm = 1.1237, lr_0 = 1.8370e-04
Loss = 6.2950e-02, PNorm = 107.6489, GNorm = 1.8018, lr_0 = 1.8370e-04
Loss = 6.6582e-02, PNorm = 107.6588, GNorm = 2.1318, lr_0 = 1.8370e-04
Loss = 6.7170e-02, PNorm = 107.6695, GNorm = 0.9795, lr_0 = 1.8370e-04
Loss = 5.6464e-02, PNorm = 107.6810, GNorm = 2.1858, lr_0 = 1.8370e-04
Loss = 6.8826e-02, PNorm = 107.6903, GNorm = 0.8352, lr_0 = 1.8370e-04
Validation rmse = 33.333909
Epoch 19
Loss = 5.5120e-02, PNorm = 107.7007, GNorm = 0.6459, lr_0 = 1.8370e-04
Loss = 6.5615e-02, PNorm = 107.7109, GNorm = 1.3644, lr_0 = 1.8370e-04
Loss = 5.4934e-02, PNorm = 107.7205, GNorm = 1.7616, lr_0 = 1.8370e-04
Loss = 5.3634e-02, PNorm = 107.7293, GNorm = 1.9194, lr_0 = 1.8370e-04
Loss = 6.1373e-02, PNorm = 107.7387, GNorm = 0.6198, lr_0 = 1.8370e-04
Loss = 4.1243e-02, PNorm = 107.7484, GNorm = 0.5915, lr_0 = 1.8370e-04
Loss = 6.9504e-02, PNorm = 107.7571, GNorm = 2.2212, lr_0 = 1.8370e-04
Loss = 5.7567e-02, PNorm = 107.7681, GNorm = 1.4857, lr_0 = 1.8370e-04
Loss = 5.6431e-02, PNorm = 107.7790, GNorm = 1.4244, lr_0 = 1.8370e-04
Loss = 5.4925e-02, PNorm = 107.7877, GNorm = 0.8170, lr_0 = 1.8370e-04
Loss = 5.3980e-02, PNorm = 107.8045, GNorm = 0.6843, lr_0 = 1.8370e-04
Loss = 5.6603e-02, PNorm = 107.8134, GNorm = 1.2704, lr_0 = 1.8370e-04
Loss = 5.5426e-02, PNorm = 107.8201, GNorm = 1.2073, lr_0 = 1.8370e-04
Loss = 5.8124e-02, PNorm = 107.8296, GNorm = 0.7283, lr_0 = 1.8370e-04
Loss = 6.8806e-02, PNorm = 107.8391, GNorm = 3.3372, lr_0 = 1.8370e-04
Loss = 6.3622e-02, PNorm = 107.8522, GNorm = 0.4016, lr_0 = 1.8370e-04
Loss = 5.8645e-02, PNorm = 107.8657, GNorm = 1.4597, lr_0 = 1.8370e-04
Loss = 5.8132e-02, PNorm = 107.8776, GNorm = 1.9456, lr_0 = 1.8370e-04
Loss = 5.1076e-02, PNorm = 107.8905, GNorm = 0.6176, lr_0 = 1.8370e-04
Loss = 7.7666e-02, PNorm = 107.8985, GNorm = 0.8324, lr_0 = 1.8370e-04
Loss = 5.6789e-02, PNorm = 107.9085, GNorm = 0.5658, lr_0 = 1.8370e-04
Loss = 6.4936e-02, PNorm = 107.9183, GNorm = 1.3069, lr_0 = 1.8370e-04
Loss = 5.3005e-02, PNorm = 107.9291, GNorm = 0.7036, lr_0 = 1.8370e-04
Loss = 5.9887e-02, PNorm = 107.9415, GNorm = 0.5543, lr_0 = 1.8370e-04
Loss = 5.5614e-02, PNorm = 107.9530, GNorm = 1.0274, lr_0 = 1.8370e-04
Validation rmse = 32.884177
Epoch 20
Loss = 4.6583e-02, PNorm = 107.9638, GNorm = 0.6965, lr_0 = 1.8370e-04
Loss = 5.4086e-02, PNorm = 107.9733, GNorm = 0.9576, lr_0 = 1.8370e-04
Loss = 5.4754e-02, PNorm = 107.9837, GNorm = 0.7645, lr_0 = 1.8370e-04
Loss = 5.8443e-02, PNorm = 107.9958, GNorm = 1.2402, lr_0 = 1.8370e-04
Loss = 5.8235e-02, PNorm = 108.0040, GNorm = 0.7099, lr_0 = 1.8370e-04
Loss = 7.1096e-02, PNorm = 108.0165, GNorm = 1.0932, lr_0 = 1.8370e-04
Loss = 5.5659e-02, PNorm = 108.0305, GNorm = 0.4979, lr_0 = 1.8370e-04
Loss = 6.2967e-02, PNorm = 108.0423, GNorm = 0.6177, lr_0 = 1.8370e-04
Loss = 5.0016e-02, PNorm = 108.0530, GNorm = 0.7759, lr_0 = 1.8370e-04
Loss = 5.7132e-02, PNorm = 108.0642, GNorm = 0.7133, lr_0 = 1.8370e-04
Loss = 5.1951e-02, PNorm = 108.0731, GNorm = 1.1044, lr_0 = 1.8370e-04
Loss = 4.9317e-02, PNorm = 108.0821, GNorm = 1.3346, lr_0 = 1.8370e-04
Loss = 5.0055e-02, PNorm = 108.0928, GNorm = 0.6184, lr_0 = 1.8370e-04
Loss = 5.8367e-02, PNorm = 108.1028, GNorm = 1.9233, lr_0 = 1.8370e-04
Loss = 1.0260e-01, PNorm = 108.1181, GNorm = 0.6857, lr_0 = 1.8370e-04
Loss = 5.9748e-02, PNorm = 108.1396, GNorm = 2.9170, lr_0 = 1.8370e-04
Loss = 6.1177e-02, PNorm = 108.1563, GNorm = 1.3170, lr_0 = 1.8370e-04
Loss = 4.6180e-02, PNorm = 108.1674, GNorm = 0.7304, lr_0 = 1.8370e-04
Loss = 5.5371e-02, PNorm = 108.1757, GNorm = 1.9099, lr_0 = 1.8370e-04
Loss = 4.7492e-02, PNorm = 108.1897, GNorm = 0.9626, lr_0 = 1.8370e-04
Loss = 6.3852e-02, PNorm = 108.1981, GNorm = 0.5455, lr_0 = 1.8370e-04
Loss = 5.8182e-02, PNorm = 108.2054, GNorm = 1.0226, lr_0 = 1.8370e-04
Loss = 6.1332e-02, PNorm = 108.2136, GNorm = 0.6671, lr_0 = 1.8370e-04
Loss = 6.6289e-02, PNorm = 108.2269, GNorm = 1.1884, lr_0 = 1.8370e-04
Validation rmse = 32.532934
Epoch 21
Loss = 6.8380e-02, PNorm = 108.2426, GNorm = 1.3474, lr_0 = 1.8370e-04
Loss = 5.9073e-02, PNorm = 108.2586, GNorm = 1.1084, lr_0 = 1.8370e-04
Loss = 6.5238e-02, PNorm = 108.2747, GNorm = 1.6314, lr_0 = 1.8370e-04
Loss = 5.6231e-02, PNorm = 108.2890, GNorm = 1.0570, lr_0 = 1.8370e-04
Loss = 3.8867e-02, PNorm = 108.2992, GNorm = 0.9736, lr_0 = 1.8370e-04
Loss = 4.6970e-02, PNorm = 108.3068, GNorm = 0.8894, lr_0 = 1.8370e-04
Loss = 5.6229e-02, PNorm = 108.3201, GNorm = 0.7277, lr_0 = 1.8370e-04
Loss = 5.7942e-02, PNorm = 108.3316, GNorm = 0.6128, lr_0 = 1.8370e-04
Loss = 5.3917e-02, PNorm = 108.3419, GNorm = 2.0365, lr_0 = 1.8370e-04
Loss = 5.2065e-02, PNorm = 108.3546, GNorm = 0.7979, lr_0 = 1.8370e-04
Loss = 5.4208e-02, PNorm = 108.3648, GNorm = 0.7055, lr_0 = 1.8370e-04
Loss = 6.4048e-02, PNorm = 108.3762, GNorm = 1.3810, lr_0 = 1.8370e-04
Loss = 5.3661e-02, PNorm = 108.3878, GNorm = 0.7502, lr_0 = 1.8370e-04
Loss = 5.8278e-02, PNorm = 108.3987, GNorm = 1.0039, lr_0 = 1.8370e-04
Loss = 5.5503e-02, PNorm = 108.4090, GNorm = 0.6694, lr_0 = 1.8370e-04
Loss = 5.3519e-02, PNorm = 108.4206, GNorm = 2.2486, lr_0 = 1.8370e-04
Loss = 6.6990e-02, PNorm = 108.4320, GNorm = 1.0008, lr_0 = 1.8370e-04
Loss = 5.5953e-02, PNorm = 108.4493, GNorm = 0.8424, lr_0 = 1.8370e-04
Loss = 5.2029e-02, PNorm = 108.4610, GNorm = 0.6689, lr_0 = 1.8370e-04
Loss = 5.6421e-02, PNorm = 108.4705, GNorm = 0.9222, lr_0 = 1.8370e-04
Loss = 5.5773e-02, PNorm = 108.4830, GNorm = 1.1631, lr_0 = 1.8370e-04
Loss = 6.2746e-02, PNorm = 108.4963, GNorm = 1.1488, lr_0 = 1.8370e-04
Loss = 5.6365e-02, PNorm = 108.5093, GNorm = 1.4121, lr_0 = 1.8370e-04
Loss = 5.9027e-02, PNorm = 108.5210, GNorm = 1.0188, lr_0 = 1.8370e-04
Loss = 5.3144e-02, PNorm = 108.5349, GNorm = 0.7183, lr_0 = 1.8370e-04
Validation rmse = 34.542565
Epoch 22
Loss = 5.8123e-02, PNorm = 108.5509, GNorm = 1.9323, lr_0 = 1.8370e-04
Loss = 4.8788e-02, PNorm = 108.5675, GNorm = 1.5961, lr_0 = 1.8370e-04
Loss = 4.6333e-02, PNorm = 108.5776, GNorm = 1.2459, lr_0 = 1.8370e-04
Loss = 5.9667e-02, PNorm = 108.5933, GNorm = 2.4787, lr_0 = 1.8370e-04
Loss = 5.1783e-02, PNorm = 108.6068, GNorm = 1.8096, lr_0 = 1.8370e-04
Loss = 5.6312e-02, PNorm = 108.6173, GNorm = 1.5545, lr_0 = 1.8370e-04
Loss = 5.0664e-02, PNorm = 108.6275, GNorm = 1.5793, lr_0 = 1.8370e-04
Loss = 4.8957e-02, PNorm = 108.6403, GNorm = 1.0466, lr_0 = 1.8370e-04
Loss = 5.3636e-02, PNorm = 108.6518, GNorm = 1.8785, lr_0 = 1.8370e-04
Loss = 4.0335e-02, PNorm = 108.6619, GNorm = 1.7737, lr_0 = 1.8370e-04
Loss = 4.5509e-02, PNorm = 108.6678, GNorm = 1.0569, lr_0 = 1.8370e-04
Loss = 4.8457e-02, PNorm = 108.6751, GNorm = 1.0292, lr_0 = 1.8370e-04
Loss = 5.8658e-02, PNorm = 108.6842, GNorm = 0.8704, lr_0 = 1.8370e-04
Loss = 5.0207e-02, PNorm = 108.6956, GNorm = 1.3746, lr_0 = 1.8370e-04
Loss = 4.7461e-02, PNorm = 108.7070, GNorm = 1.2736, lr_0 = 1.8370e-04
Loss = 5.7870e-02, PNorm = 108.7197, GNorm = 0.8501, lr_0 = 1.8370e-04
Loss = 4.4714e-02, PNorm = 108.7286, GNorm = 1.9460, lr_0 = 1.8370e-04
Loss = 5.9553e-02, PNorm = 108.7443, GNorm = 1.4649, lr_0 = 1.8370e-04
Loss = 5.5606e-02, PNorm = 108.7605, GNorm = 1.6815, lr_0 = 1.8370e-04
Loss = 6.4216e-02, PNorm = 108.7666, GNorm = 1.6805, lr_0 = 1.8370e-04
Loss = 5.1458e-02, PNorm = 108.7819, GNorm = 1.1193, lr_0 = 1.8370e-04
Loss = 6.1910e-02, PNorm = 108.7969, GNorm = 1.1860, lr_0 = 1.8370e-04
Loss = 5.8953e-02, PNorm = 108.8097, GNorm = 1.6939, lr_0 = 1.8370e-04
Loss = 6.2013e-02, PNorm = 108.8219, GNorm = 1.6463, lr_0 = 1.8370e-04
Loss = 4.5038e-02, PNorm = 108.8341, GNorm = 1.9803, lr_0 = 1.8370e-04
Validation rmse = 32.064896
Epoch 23
Loss = 5.0123e-02, PNorm = 108.8415, GNorm = 2.0521, lr_0 = 1.8370e-04
Loss = 7.1989e-02, PNorm = 108.8540, GNorm = 1.6312, lr_0 = 1.8370e-04
Loss = 4.8157e-02, PNorm = 108.8683, GNorm = 0.5922, lr_0 = 1.8370e-04
Loss = 5.4691e-02, PNorm = 108.8806, GNorm = 0.9355, lr_0 = 1.8370e-04
Loss = 5.7665e-02, PNorm = 108.8979, GNorm = 1.1960, lr_0 = 1.8370e-04
Loss = 4.5054e-02, PNorm = 108.9138, GNorm = 0.6842, lr_0 = 1.8370e-04
Loss = 5.3396e-02, PNorm = 108.9310, GNorm = 0.9486, lr_0 = 1.8370e-04
Loss = 4.8839e-02, PNorm = 108.9427, GNorm = 0.6744, lr_0 = 1.8370e-04
Loss = 6.0907e-02, PNorm = 108.9534, GNorm = 2.9228, lr_0 = 1.8370e-04
Loss = 6.3442e-02, PNorm = 108.9737, GNorm = 1.4468, lr_0 = 1.8370e-04
Loss = 4.3800e-02, PNorm = 108.9891, GNorm = 0.4954, lr_0 = 1.8370e-04
Loss = 4.9694e-02, PNorm = 108.9977, GNorm = 1.5063, lr_0 = 1.8370e-04
Loss = 4.6101e-02, PNorm = 109.0102, GNorm = 0.6922, lr_0 = 1.8370e-04
Loss = 4.5390e-02, PNorm = 109.0190, GNorm = 1.4162, lr_0 = 1.8370e-04
Loss = 4.5989e-02, PNorm = 109.0299, GNorm = 0.9487, lr_0 = 1.8370e-04
Loss = 4.6951e-02, PNorm = 109.0386, GNorm = 0.8078, lr_0 = 1.8370e-04
Loss = 4.8828e-02, PNorm = 109.0499, GNorm = 1.9605, lr_0 = 1.8370e-04
Loss = 5.1510e-02, PNorm = 109.0627, GNorm = 0.5066, lr_0 = 1.8370e-04
Loss = 5.5011e-02, PNorm = 109.0761, GNorm = 0.7852, lr_0 = 1.8370e-04
Loss = 5.3143e-02, PNorm = 109.0867, GNorm = 0.7475, lr_0 = 1.8370e-04
Loss = 6.2294e-02, PNorm = 109.0963, GNorm = 0.5892, lr_0 = 1.8370e-04
Loss = 5.6974e-02, PNorm = 109.1092, GNorm = 0.6794, lr_0 = 1.8370e-04
Loss = 5.2380e-02, PNorm = 109.1245, GNorm = 1.1940, lr_0 = 1.8370e-04
Loss = 4.9019e-02, PNorm = 109.1361, GNorm = 1.3785, lr_0 = 1.8370e-04
Validation rmse = 32.351035
Epoch 24
Loss = 6.0140e-02, PNorm = 109.1462, GNorm = 0.9813, lr_0 = 1.8370e-04
Loss = 5.5158e-02, PNorm = 109.1605, GNorm = 1.3433, lr_0 = 1.8370e-04
Loss = 6.0750e-02, PNorm = 109.1738, GNorm = 1.4897, lr_0 = 1.8370e-04
Loss = 5.6510e-02, PNorm = 109.1873, GNorm = 1.4294, lr_0 = 1.8370e-04
Loss = 5.8006e-02, PNorm = 109.2066, GNorm = 0.6447, lr_0 = 1.8370e-04
Loss = 5.4628e-02, PNorm = 109.2247, GNorm = 0.8240, lr_0 = 1.8370e-04
Loss = 5.2517e-02, PNorm = 109.2413, GNorm = 0.7669, lr_0 = 1.8370e-04
Loss = 5.6587e-02, PNorm = 109.2505, GNorm = 1.3011, lr_0 = 1.8370e-04
Loss = 5.1165e-02, PNorm = 109.2617, GNorm = 0.6663, lr_0 = 1.8370e-04
Loss = 6.6878e-02, PNorm = 109.2788, GNorm = 1.6685, lr_0 = 1.8370e-04
Loss = 6.4422e-02, PNorm = 109.2908, GNorm = 0.7646, lr_0 = 1.8370e-04
Loss = 4.8057e-02, PNorm = 109.3017, GNorm = 1.5851, lr_0 = 1.8370e-04
Loss = 4.7505e-02, PNorm = 109.3154, GNorm = 0.9543, lr_0 = 1.8370e-04
Loss = 3.9043e-02, PNorm = 109.3262, GNorm = 1.0789, lr_0 = 1.8370e-04
Loss = 4.1604e-02, PNorm = 109.3370, GNorm = 1.1056, lr_0 = 1.8370e-04
Loss = 4.5552e-02, PNorm = 109.3440, GNorm = 0.8859, lr_0 = 1.8370e-04
Loss = 5.6732e-02, PNorm = 109.3512, GNorm = 0.9157, lr_0 = 1.8370e-04
Loss = 5.1481e-02, PNorm = 109.3614, GNorm = 1.1931, lr_0 = 1.8370e-04
Loss = 6.1743e-02, PNorm = 109.3758, GNorm = 1.3196, lr_0 = 1.8370e-04
Loss = 4.2197e-02, PNorm = 109.3908, GNorm = 1.8766, lr_0 = 1.8370e-04
Loss = 4.2116e-02, PNorm = 109.4031, GNorm = 0.6826, lr_0 = 1.8370e-04
Loss = 6.4402e-02, PNorm = 109.4186, GNorm = 1.1247, lr_0 = 1.8370e-04
Loss = 5.3583e-02, PNorm = 109.4312, GNorm = 1.0196, lr_0 = 1.8370e-04
Loss = 4.9800e-02, PNorm = 109.4485, GNorm = 0.7741, lr_0 = 1.8370e-04
Loss = 4.9515e-02, PNorm = 109.4591, GNorm = 0.9560, lr_0 = 1.8370e-04
Loss = 5.6737e-02, PNorm = 109.4611, GNorm = 1.7778, lr_0 = 1.8370e-04
Validation rmse = 30.520939
Epoch 25
Loss = 4.7133e-02, PNorm = 109.4772, GNorm = 1.1927, lr_0 = 1.8370e-04
Loss = 4.7411e-02, PNorm = 109.4939, GNorm = 1.8629, lr_0 = 1.8370e-04
Loss = 5.4457e-02, PNorm = 109.5064, GNorm = 0.7899, lr_0 = 1.8370e-04
Loss = 4.3195e-02, PNorm = 109.5181, GNorm = 0.6071, lr_0 = 1.8370e-04
Loss = 4.6769e-02, PNorm = 109.5268, GNorm = 1.0591, lr_0 = 1.8370e-04
Loss = 4.3534e-02, PNorm = 109.5389, GNorm = 0.7725, lr_0 = 1.8370e-04
Loss = 5.0534e-02, PNorm = 109.5509, GNorm = 0.6216, lr_0 = 1.8370e-04
Loss = 4.9262e-02, PNorm = 109.5634, GNorm = 0.5752, lr_0 = 1.8370e-04
Loss = 4.3605e-02, PNorm = 109.5781, GNorm = 0.7591, lr_0 = 1.8370e-04
Loss = 4.7515e-02, PNorm = 109.5897, GNorm = 1.1274, lr_0 = 1.8370e-04
Loss = 4.7010e-02, PNorm = 109.6033, GNorm = 0.8843, lr_0 = 1.8370e-04
Loss = 4.9509e-02, PNorm = 109.6182, GNorm = 0.7166, lr_0 = 1.8370e-04
Loss = 4.4452e-02, PNorm = 109.6286, GNorm = 1.2906, lr_0 = 1.8370e-04
Loss = 5.0750e-02, PNorm = 109.6432, GNorm = 0.7989, lr_0 = 1.8370e-04
Loss = 4.4158e-02, PNorm = 109.6536, GNorm = 0.3867, lr_0 = 1.8370e-04
Loss = 4.9669e-02, PNorm = 109.6703, GNorm = 1.2763, lr_0 = 1.8370e-04
Loss = 5.4181e-02, PNorm = 109.6836, GNorm = 0.5812, lr_0 = 1.8370e-04
Loss = 4.2990e-02, PNorm = 109.6950, GNorm = 0.7133, lr_0 = 1.8370e-04
Loss = 4.6299e-02, PNorm = 109.7087, GNorm = 1.5898, lr_0 = 1.8370e-04
Loss = 5.6829e-02, PNorm = 109.7237, GNorm = 1.0126, lr_0 = 1.8370e-04
Loss = 5.0146e-02, PNorm = 109.7336, GNorm = 0.7159, lr_0 = 1.8370e-04
Loss = 5.8106e-02, PNorm = 109.7468, GNorm = 2.5121, lr_0 = 1.8370e-04
Loss = 4.8601e-02, PNorm = 109.7595, GNorm = 0.7226, lr_0 = 1.8370e-04
Loss = 5.1458e-02, PNorm = 109.7704, GNorm = 0.9155, lr_0 = 1.8370e-04
Validation rmse = 33.262105
Epoch 26
Loss = 4.8790e-02, PNorm = 109.7811, GNorm = 0.7215, lr_0 = 1.8370e-04
Loss = 4.8099e-02, PNorm = 109.7943, GNorm = 1.0196, lr_0 = 1.8370e-04
Loss = 5.6863e-02, PNorm = 109.8093, GNorm = 2.6257, lr_0 = 1.8370e-04
Loss = 5.0992e-02, PNorm = 109.8290, GNorm = 0.7864, lr_0 = 1.8370e-04
Loss = 5.0829e-02, PNorm = 109.8442, GNorm = 1.0315, lr_0 = 1.8370e-04
Loss = 4.8567e-02, PNorm = 109.8562, GNorm = 2.2892, lr_0 = 1.8370e-04
Loss = 5.5362e-02, PNorm = 109.8726, GNorm = 0.8460, lr_0 = 1.8370e-04
Loss = 5.4486e-02, PNorm = 109.8889, GNorm = 2.0491, lr_0 = 1.8370e-04
Loss = 5.0531e-02, PNorm = 109.9036, GNorm = 1.2815, lr_0 = 1.8370e-04
Loss = 5.1851e-02, PNorm = 109.9121, GNorm = 1.7617, lr_0 = 1.8370e-04
Loss = 5.5774e-02, PNorm = 109.9237, GNorm = 1.1370, lr_0 = 1.8370e-04
Loss = 4.4945e-02, PNorm = 109.9371, GNorm = 0.6322, lr_0 = 1.8370e-04
Loss = 5.4436e-02, PNorm = 109.9536, GNorm = 0.9615, lr_0 = 1.8370e-04
Loss = 5.9747e-02, PNorm = 109.9689, GNorm = 1.5900, lr_0 = 1.8370e-04
Loss = 5.7009e-02, PNorm = 109.9876, GNorm = 1.8678, lr_0 = 1.8370e-04
Loss = 5.5471e-02, PNorm = 110.0053, GNorm = 2.0663, lr_0 = 1.8370e-04
Loss = 4.8682e-02, PNorm = 110.0243, GNorm = 0.6833, lr_0 = 1.8370e-04
Loss = 4.0931e-02, PNorm = 110.0356, GNorm = 1.1098, lr_0 = 1.8370e-04
Loss = 4.0470e-02, PNorm = 110.0465, GNorm = 0.8787, lr_0 = 1.8370e-04
Loss = 4.6561e-02, PNorm = 110.0580, GNorm = 1.8495, lr_0 = 1.8370e-04
Loss = 3.9012e-02, PNorm = 110.0684, GNorm = 0.7179, lr_0 = 1.8370e-04
Loss = 3.8753e-02, PNorm = 110.0776, GNorm = 0.4117, lr_0 = 1.8370e-04
Loss = 4.8908e-02, PNorm = 110.0875, GNorm = 1.0703, lr_0 = 1.8370e-04
Loss = 5.0082e-02, PNorm = 110.0996, GNorm = 1.5704, lr_0 = 1.8370e-04
Loss = 5.2183e-02, PNorm = 110.1153, GNorm = 0.9073, lr_0 = 1.8370e-04
Validation rmse = 32.348184
Epoch 27
Loss = 5.1498e-02, PNorm = 110.1338, GNorm = 0.5544, lr_0 = 1.8370e-04
Loss = 4.3836e-02, PNorm = 110.1464, GNorm = 0.7665, lr_0 = 1.8370e-04
Loss = 5.6603e-02, PNorm = 110.1603, GNorm = 0.8903, lr_0 = 1.8370e-04
Loss = 3.8840e-02, PNorm = 110.1782, GNorm = 1.0810, lr_0 = 1.8370e-04
Loss = 4.9877e-02, PNorm = 110.1923, GNorm = 1.9242, lr_0 = 1.8370e-04
Loss = 4.7766e-02, PNorm = 110.2053, GNorm = 0.9695, lr_0 = 1.8370e-04
Loss = 4.8449e-02, PNorm = 110.2222, GNorm = 0.4956, lr_0 = 1.8370e-04
Loss = 4.3622e-02, PNorm = 110.2364, GNorm = 0.9815, lr_0 = 1.8370e-04
Loss = 4.5077e-02, PNorm = 110.2480, GNorm = 0.7814, lr_0 = 1.8370e-04
Loss = 4.1122e-02, PNorm = 110.2578, GNorm = 0.4633, lr_0 = 1.8370e-04
Loss = 4.6437e-02, PNorm = 110.2652, GNorm = 1.4032, lr_0 = 1.8370e-04
Loss = 4.5344e-02, PNorm = 110.2767, GNorm = 0.8756, lr_0 = 1.8370e-04
Loss = 4.7206e-02, PNorm = 110.2899, GNorm = 0.9264, lr_0 = 1.8370e-04
Loss = 3.8654e-02, PNorm = 110.3051, GNorm = 0.6414, lr_0 = 1.8370e-04
Loss = 3.6505e-02, PNorm = 110.3148, GNorm = 0.6929, lr_0 = 1.8370e-04
Loss = 4.9453e-02, PNorm = 110.3265, GNorm = 0.8024, lr_0 = 1.8370e-04
Loss = 5.2646e-02, PNorm = 110.3387, GNorm = 1.6817, lr_0 = 1.8370e-04
Loss = 5.5756e-02, PNorm = 110.3557, GNorm = 0.8045, lr_0 = 1.8370e-04
Loss = 4.8554e-02, PNorm = 110.3694, GNorm = 1.8612, lr_0 = 1.8370e-04
Loss = 3.8484e-02, PNorm = 110.3849, GNorm = 0.4817, lr_0 = 1.8370e-04
Loss = 3.8532e-02, PNorm = 110.3961, GNorm = 0.8167, lr_0 = 1.8370e-04
Loss = 3.8366e-02, PNorm = 110.4082, GNorm = 0.9785, lr_0 = 1.8370e-04
Loss = 4.1126e-02, PNorm = 110.4202, GNorm = 0.5250, lr_0 = 1.8370e-04
Loss = 4.7156e-02, PNorm = 110.4290, GNorm = 0.5875, lr_0 = 1.8370e-04
Validation rmse = 31.398884
Epoch 28
Loss = 4.4174e-02, PNorm = 110.4433, GNorm = 0.9390, lr_0 = 1.8370e-04
Loss = 4.3450e-02, PNorm = 110.4558, GNorm = 1.1535, lr_0 = 1.8370e-04
Loss = 3.7918e-02, PNorm = 110.4685, GNorm = 0.4823, lr_0 = 1.8370e-04
Loss = 4.6417e-02, PNorm = 110.4825, GNorm = 0.8137, lr_0 = 1.8370e-04
Loss = 4.8703e-02, PNorm = 110.5001, GNorm = 0.6654, lr_0 = 1.8370e-04
Loss = 3.5656e-02, PNorm = 110.5125, GNorm = 0.5188, lr_0 = 1.8370e-04
Loss = 4.5403e-02, PNorm = 110.5229, GNorm = 0.6968, lr_0 = 1.8370e-04
Loss = 3.9916e-02, PNorm = 110.5327, GNorm = 0.3911, lr_0 = 1.8370e-04
Loss = 4.7779e-02, PNorm = 110.5477, GNorm = 1.0310, lr_0 = 1.8370e-04
Loss = 3.9571e-02, PNorm = 110.5634, GNorm = 0.4161, lr_0 = 1.8370e-04
Loss = 3.8772e-02, PNorm = 110.5755, GNorm = 0.4606, lr_0 = 1.8370e-04
Loss = 3.5633e-02, PNorm = 110.5844, GNorm = 0.6405, lr_0 = 1.8370e-04
Loss = 3.8424e-02, PNorm = 110.5927, GNorm = 0.4841, lr_0 = 1.8370e-04
Loss = 3.7790e-02, PNorm = 110.6061, GNorm = 0.8070, lr_0 = 1.8370e-04
Loss = 3.7545e-02, PNorm = 110.6157, GNorm = 0.4737, lr_0 = 1.8370e-04
Loss = 3.7090e-02, PNorm = 110.6277, GNorm = 0.6528, lr_0 = 1.8370e-04
Loss = 3.4246e-02, PNorm = 110.6383, GNorm = 0.8897, lr_0 = 1.8370e-04
Loss = 4.8042e-02, PNorm = 110.6480, GNorm = 0.6360, lr_0 = 1.8370e-04
Loss = 3.9556e-02, PNorm = 110.6613, GNorm = 0.8266, lr_0 = 1.8370e-04
Loss = 4.6391e-02, PNorm = 110.6740, GNorm = 1.2716, lr_0 = 1.8370e-04
Loss = 3.6174e-02, PNorm = 110.6861, GNorm = 1.3451, lr_0 = 1.8370e-04
Loss = 5.4134e-02, PNorm = 110.6971, GNorm = 2.0816, lr_0 = 1.8370e-04
Loss = 4.5721e-02, PNorm = 110.7112, GNorm = 0.6307, lr_0 = 1.8370e-04
Loss = 3.8579e-02, PNorm = 110.7290, GNorm = 0.5728, lr_0 = 1.8370e-04
Loss = 4.1295e-02, PNorm = 110.7455, GNorm = 0.6256, lr_0 = 1.8370e-04
Validation rmse = 32.054591
Epoch 29
Loss = 4.7196e-02, PNorm = 110.7576, GNorm = 1.5601, lr_0 = 1.8370e-04
Loss = 4.7512e-02, PNorm = 110.7769, GNorm = 0.8112, lr_0 = 1.8370e-04
Loss = 5.0201e-02, PNorm = 110.7922, GNorm = 0.7474, lr_0 = 1.8370e-04
Loss = 4.3586e-02, PNorm = 110.8097, GNorm = 1.0892, lr_0 = 1.8370e-04
Loss = 4.0370e-02, PNorm = 110.8276, GNorm = 1.0838, lr_0 = 1.8370e-04
Loss = 3.4735e-02, PNorm = 110.8410, GNorm = 0.8224, lr_0 = 1.8370e-04
Loss = 3.7151e-02, PNorm = 110.8512, GNorm = 0.6633, lr_0 = 1.8370e-04
Loss = 3.7108e-02, PNorm = 110.8614, GNorm = 1.0735, lr_0 = 1.8370e-04
Loss = 4.5005e-02, PNorm = 110.8706, GNorm = 1.0040, lr_0 = 1.8370e-04
Loss = 4.1645e-02, PNorm = 110.8840, GNorm = 0.7024, lr_0 = 1.8370e-04
Loss = 4.3143e-02, PNorm = 110.8968, GNorm = 0.6585, lr_0 = 1.8370e-04
Loss = 3.4584e-02, PNorm = 110.9135, GNorm = 1.1268, lr_0 = 1.8370e-04
Loss = 3.8875e-02, PNorm = 110.9284, GNorm = 0.8769, lr_0 = 1.8370e-04
Loss = 4.3677e-02, PNorm = 110.9438, GNorm = 0.5027, lr_0 = 1.8370e-04
Loss = 5.4403e-02, PNorm = 110.9617, GNorm = 2.9490, lr_0 = 1.8370e-04
Loss = 5.3574e-02, PNorm = 110.9770, GNorm = 0.9321, lr_0 = 1.8370e-04
Loss = 3.7757e-02, PNorm = 110.9943, GNorm = 0.5719, lr_0 = 1.8370e-04
Loss = 4.4625e-02, PNorm = 111.0090, GNorm = 2.3234, lr_0 = 1.8370e-04
Loss = 4.2258e-02, PNorm = 111.0245, GNorm = 1.0231, lr_0 = 1.8370e-04
Loss = 4.4750e-02, PNorm = 111.0357, GNorm = 0.5666, lr_0 = 1.8370e-04
Loss = 3.7886e-02, PNorm = 111.0489, GNorm = 0.6158, lr_0 = 1.8370e-04
Loss = 3.9741e-02, PNorm = 111.0658, GNorm = 0.4894, lr_0 = 1.8370e-04
Loss = 4.0635e-02, PNorm = 111.0809, GNorm = 0.4391, lr_0 = 1.8370e-04
Loss = 4.2615e-02, PNorm = 111.0931, GNorm = 1.5171, lr_0 = 1.8370e-04
Validation rmse = 31.947195
Epoch 30
Loss = 3.4745e-02, PNorm = 111.1110, GNorm = 0.7364, lr_0 = 1.8370e-04
Loss = 4.9260e-02, PNorm = 111.1228, GNorm = 0.8053, lr_0 = 1.8370e-04
Loss = 4.0653e-02, PNorm = 111.1346, GNorm = 0.5380, lr_0 = 1.8370e-04
Loss = 3.8944e-02, PNorm = 111.1473, GNorm = 1.4455, lr_0 = 1.8370e-04
Loss = 4.1120e-02, PNorm = 111.1607, GNorm = 0.6197, lr_0 = 1.8370e-04
Loss = 3.3012e-02, PNorm = 111.1748, GNorm = 0.3808, lr_0 = 1.8370e-04
Loss = 3.2572e-02, PNorm = 111.1886, GNorm = 0.5876, lr_0 = 1.8370e-04
Loss = 3.4601e-02, PNorm = 111.1964, GNorm = 0.7081, lr_0 = 1.8370e-04
Loss = 4.6101e-02, PNorm = 111.2061, GNorm = 0.6881, lr_0 = 1.8370e-04
Loss = 5.1772e-02, PNorm = 111.2282, GNorm = 1.5196, lr_0 = 1.8370e-04
Loss = 3.9982e-02, PNorm = 111.2386, GNorm = 0.4355, lr_0 = 1.8370e-04
Loss = 4.5311e-02, PNorm = 111.2485, GNorm = 0.7580, lr_0 = 1.8370e-04
Loss = 3.8491e-02, PNorm = 111.2599, GNorm = 0.6629, lr_0 = 1.8370e-04
Loss = 3.5346e-02, PNorm = 111.2726, GNorm = 1.2573, lr_0 = 1.8370e-04
Loss = 4.3203e-02, PNorm = 111.2824, GNorm = 0.9416, lr_0 = 1.8370e-04
Loss = 4.0332e-02, PNorm = 111.2930, GNorm = 0.9910, lr_0 = 1.8370e-04
Loss = 4.0973e-02, PNorm = 111.3111, GNorm = 1.3266, lr_0 = 1.8370e-04
Loss = 3.9266e-02, PNorm = 111.3272, GNorm = 0.5105, lr_0 = 1.8370e-04
Loss = 3.3535e-02, PNorm = 111.3456, GNorm = 0.5926, lr_0 = 1.8370e-04
Loss = 4.3721e-02, PNorm = 111.3604, GNorm = 0.6736, lr_0 = 1.8370e-04
Loss = 3.3745e-02, PNorm = 111.3722, GNorm = 1.4733, lr_0 = 1.8370e-04
Loss = 4.6928e-02, PNorm = 111.3853, GNorm = 0.6026, lr_0 = 1.8370e-04
Loss = 3.7010e-02, PNorm = 111.3961, GNorm = 0.6362, lr_0 = 1.8370e-04
Loss = 4.9649e-02, PNorm = 111.4117, GNorm = 0.4607, lr_0 = 1.8370e-04
Loss = 4.1074e-02, PNorm = 111.4268, GNorm = 0.6747, lr_0 = 1.8370e-04
Validation rmse = 34.119282
Epoch 31
Loss = 4.3001e-02, PNorm = 111.4437, GNorm = 0.7351, lr_0 = 1.8370e-04
Loss = 3.2567e-02, PNorm = 111.4602, GNorm = 0.3596, lr_0 = 1.8370e-04
Loss = 3.9546e-02, PNorm = 111.4724, GNorm = 0.8337, lr_0 = 1.8370e-04
Loss = 4.0237e-02, PNorm = 111.4811, GNorm = 0.6480, lr_0 = 1.8370e-04
Loss = 3.9237e-02, PNorm = 111.4906, GNorm = 0.7567, lr_0 = 1.8370e-04
Loss = 4.0584e-02, PNorm = 111.5062, GNorm = 0.7913, lr_0 = 1.8370e-04
Loss = 3.8715e-02, PNorm = 111.5236, GNorm = 0.8858, lr_0 = 1.8370e-04
Loss = 4.4741e-02, PNorm = 111.5373, GNorm = 1.4480, lr_0 = 1.8370e-04
Loss = 4.0521e-02, PNorm = 111.5495, GNorm = 0.7767, lr_0 = 1.8370e-04
Loss = 4.1682e-02, PNorm = 111.5627, GNorm = 0.6285, lr_0 = 1.8370e-04
Loss = 3.5354e-02, PNorm = 111.5805, GNorm = 0.7415, lr_0 = 1.8370e-04
Loss = 4.4755e-02, PNorm = 111.5935, GNorm = 0.4525, lr_0 = 1.8370e-04
Loss = 4.0904e-02, PNorm = 111.6072, GNorm = 0.6550, lr_0 = 1.8370e-04
Loss = 4.1135e-02, PNorm = 111.6222, GNorm = 1.2358, lr_0 = 1.8370e-04
Loss = 3.6688e-02, PNorm = 111.6338, GNorm = 0.8624, lr_0 = 1.8370e-04
Loss = 4.3751e-02, PNorm = 111.6505, GNorm = 0.6587, lr_0 = 1.8370e-04
Loss = 4.4365e-02, PNorm = 111.6636, GNorm = 0.6878, lr_0 = 1.8370e-04
Loss = 5.3773e-02, PNorm = 111.6808, GNorm = 1.1656, lr_0 = 1.8370e-04
Loss = 3.6456e-02, PNorm = 111.6979, GNorm = 0.7091, lr_0 = 1.8370e-04
Loss = 4.0750e-02, PNorm = 111.7149, GNorm = 0.5132, lr_0 = 1.8370e-04
Loss = 4.0716e-02, PNorm = 111.7272, GNorm = 0.7288, lr_0 = 1.8370e-04
Loss = 3.7715e-02, PNorm = 111.7453, GNorm = 0.8578, lr_0 = 1.8370e-04
Loss = 4.1946e-02, PNorm = 111.7644, GNorm = 0.7456, lr_0 = 1.8370e-04
Loss = 4.7238e-02, PNorm = 111.7787, GNorm = 0.7000, lr_0 = 1.8370e-04
Validation rmse = 31.093319
Epoch 32
Loss = 4.2680e-02, PNorm = 111.7936, GNorm = 1.5781, lr_0 = 1.8370e-04
Loss = 5.0602e-02, PNorm = 111.8170, GNorm = 1.5931, lr_0 = 1.8370e-04
Loss = 4.3040e-02, PNorm = 111.8398, GNorm = 0.9682, lr_0 = 1.8370e-04
Loss = 3.8555e-02, PNorm = 111.8581, GNorm = 0.9693, lr_0 = 1.8370e-04
Loss = 3.5822e-02, PNorm = 111.8734, GNorm = 0.7564, lr_0 = 1.8370e-04
Loss = 3.8985e-02, PNorm = 111.8893, GNorm = 0.5230, lr_0 = 1.8370e-04
Loss = 4.0040e-02, PNorm = 111.9020, GNorm = 1.3372, lr_0 = 1.8370e-04
Loss = 4.0761e-02, PNorm = 111.9141, GNorm = 0.6701, lr_0 = 1.8370e-04
Loss = 3.4497e-02, PNorm = 111.9285, GNorm = 0.5705, lr_0 = 1.8370e-04
Loss = 3.8214e-02, PNorm = 111.9423, GNorm = 0.4308, lr_0 = 1.8370e-04
Loss = 4.0218e-02, PNorm = 111.9536, GNorm = 1.8899, lr_0 = 1.8370e-04
Loss = 4.4651e-02, PNorm = 111.9713, GNorm = 0.6103, lr_0 = 1.8370e-04
Loss = 4.6007e-02, PNorm = 111.9853, GNorm = 1.4586, lr_0 = 1.8370e-04
Loss = 3.7245e-02, PNorm = 112.0027, GNorm = 0.6791, lr_0 = 1.8370e-04
Loss = 3.6653e-02, PNorm = 112.0166, GNorm = 1.3148, lr_0 = 1.8370e-04
Loss = 3.7429e-02, PNorm = 112.0352, GNorm = 0.4737, lr_0 = 1.8370e-04
Loss = 3.5914e-02, PNorm = 112.0467, GNorm = 0.9156, lr_0 = 1.8370e-04
Loss = 3.5339e-02, PNorm = 112.0642, GNorm = 0.4540, lr_0 = 1.8370e-04
Loss = 3.7485e-02, PNorm = 112.0769, GNorm = 0.6626, lr_0 = 1.8370e-04
Loss = 4.1120e-02, PNorm = 112.0909, GNorm = 0.3204, lr_0 = 1.8370e-04
Loss = 4.7562e-02, PNorm = 112.1077, GNorm = 0.5543, lr_0 = 1.8370e-04
Loss = 4.2549e-02, PNorm = 112.1259, GNorm = 0.6250, lr_0 = 1.8370e-04
Loss = 3.9921e-02, PNorm = 112.1383, GNorm = 0.8563, lr_0 = 1.8370e-04
Loss = 4.9609e-02, PNorm = 112.1487, GNorm = 1.2634, lr_0 = 1.8370e-04
Loss = 4.2829e-02, PNorm = 112.1636, GNorm = 1.0543, lr_0 = 1.8370e-04
Validation rmse = 32.326741
Epoch 33
Loss = 4.0214e-02, PNorm = 112.1794, GNorm = 0.5577, lr_0 = 1.8370e-04
Loss = 3.7916e-02, PNorm = 112.1948, GNorm = 0.7564, lr_0 = 1.8370e-04
Loss = 3.7332e-02, PNorm = 112.2099, GNorm = 0.4509, lr_0 = 1.8370e-04
Loss = 3.8363e-02, PNorm = 112.2227, GNorm = 0.6671, lr_0 = 1.8370e-04
Loss = 3.7356e-02, PNorm = 112.2367, GNorm = 0.8373, lr_0 = 1.8370e-04
Loss = 4.4972e-02, PNorm = 112.2498, GNorm = 0.9616, lr_0 = 1.8370e-04
Loss = 4.7287e-02, PNorm = 112.2683, GNorm = 0.7800, lr_0 = 1.8370e-04
Loss = 4.6487e-02, PNorm = 112.2828, GNorm = 0.8747, lr_0 = 1.8370e-04
Loss = 3.5820e-02, PNorm = 112.2996, GNorm = 0.6393, lr_0 = 1.8370e-04
Loss = 4.4084e-02, PNorm = 112.3209, GNorm = 0.5221, lr_0 = 1.8370e-04
Loss = 4.3424e-02, PNorm = 112.3377, GNorm = 1.2163, lr_0 = 1.8370e-04
Loss = 4.2838e-02, PNorm = 112.3564, GNorm = 0.7234, lr_0 = 1.8370e-04
Loss = 3.5157e-02, PNorm = 112.3726, GNorm = 0.4306, lr_0 = 1.8370e-04
Loss = 3.6661e-02, PNorm = 112.3866, GNorm = 0.5931, lr_0 = 1.8370e-04
Loss = 3.6860e-02, PNorm = 112.4046, GNorm = 0.4915, lr_0 = 1.8370e-04
Loss = 3.6171e-02, PNorm = 112.4216, GNorm = 0.7823, lr_0 = 1.8370e-04
Loss = 3.5112e-02, PNorm = 112.4372, GNorm = 0.5030, lr_0 = 1.8370e-04
Loss = 3.8520e-02, PNorm = 112.4529, GNorm = 0.6134, lr_0 = 1.8370e-04
Loss = 3.5830e-02, PNorm = 112.4697, GNorm = 0.4735, lr_0 = 1.8370e-04
Loss = 3.5741e-02, PNorm = 112.4872, GNorm = 0.8435, lr_0 = 1.8370e-04
Loss = 3.6051e-02, PNorm = 112.4989, GNorm = 0.5663, lr_0 = 1.8370e-04
Loss = 4.1509e-02, PNorm = 112.5131, GNorm = 0.9362, lr_0 = 1.8370e-04
Loss = 4.5313e-02, PNorm = 112.5327, GNorm = 0.5564, lr_0 = 1.8370e-04
Loss = 3.7445e-02, PNorm = 112.5495, GNorm = 0.6853, lr_0 = 1.8370e-04
Validation rmse = 30.802250
Epoch 34
Loss = 3.7817e-02, PNorm = 112.5600, GNorm = 0.7827, lr_0 = 1.8370e-04
Loss = 4.4371e-02, PNorm = 112.5752, GNorm = 0.7644, lr_0 = 1.8370e-04
Loss = 4.3341e-02, PNorm = 112.5915, GNorm = 0.4632, lr_0 = 1.8370e-04
Loss = 3.5968e-02, PNorm = 112.6051, GNorm = 0.9959, lr_0 = 1.8370e-04
Loss = 3.3420e-02, PNorm = 112.6191, GNorm = 0.6192, lr_0 = 1.8370e-04
Loss = 3.6506e-02, PNorm = 112.6350, GNorm = 0.9243, lr_0 = 1.8370e-04
Loss = 3.5730e-02, PNorm = 112.6509, GNorm = 0.3294, lr_0 = 1.8370e-04
Loss = 3.4454e-02, PNorm = 112.6666, GNorm = 0.8545, lr_0 = 1.8370e-04
Loss = 3.0860e-02, PNorm = 112.6782, GNorm = 0.4309, lr_0 = 1.8370e-04
Loss = 3.8383e-02, PNorm = 112.6946, GNorm = 0.4545, lr_0 = 1.8370e-04
Loss = 3.6717e-02, PNorm = 112.7069, GNorm = 0.4569, lr_0 = 1.8370e-04
Loss = 3.6772e-02, PNorm = 112.7222, GNorm = 1.2405, lr_0 = 1.8370e-04
Loss = 3.8799e-02, PNorm = 112.7326, GNorm = 0.8730, lr_0 = 1.8370e-04
Loss = 3.5977e-02, PNorm = 112.7463, GNorm = 0.6095, lr_0 = 1.8370e-04
Loss = 3.7316e-02, PNorm = 112.7577, GNorm = 0.4727, lr_0 = 1.8370e-04
Loss = 3.8433e-02, PNorm = 112.7749, GNorm = 1.1056, lr_0 = 1.8370e-04
Loss = 3.3780e-02, PNorm = 112.7911, GNorm = 1.1301, lr_0 = 1.8370e-04
Loss = 3.6396e-02, PNorm = 112.8025, GNorm = 0.3980, lr_0 = 1.8370e-04
Loss = 3.8516e-02, PNorm = 112.8228, GNorm = 0.7773, lr_0 = 1.8370e-04
Loss = 3.5930e-02, PNorm = 112.8383, GNorm = 0.6262, lr_0 = 1.8370e-04
Loss = 3.7228e-02, PNorm = 112.8589, GNorm = 0.5960, lr_0 = 1.8370e-04
Loss = 3.7788e-02, PNorm = 112.8726, GNorm = 0.6628, lr_0 = 1.8370e-04
Loss = 4.2651e-02, PNorm = 112.8886, GNorm = 0.8007, lr_0 = 1.8370e-04
Loss = 3.3158e-02, PNorm = 112.9016, GNorm = 0.5105, lr_0 = 1.8370e-04
Loss = 3.9008e-02, PNorm = 112.9180, GNorm = 0.7701, lr_0 = 1.8370e-04
Validation rmse = 30.322887
Epoch 35
Loss = 3.4955e-02, PNorm = 112.9399, GNorm = 0.3822, lr_0 = 1.8370e-04
Loss = 3.6898e-02, PNorm = 112.9551, GNorm = 0.7743, lr_0 = 1.8370e-04
Loss = 2.9909e-02, PNorm = 112.9689, GNorm = 0.6986, lr_0 = 1.8370e-04
Loss = 3.2068e-02, PNorm = 112.9851, GNorm = 0.7537, lr_0 = 1.8370e-04
Loss = 3.3808e-02, PNorm = 112.9965, GNorm = 0.5877, lr_0 = 1.8370e-04
Loss = 3.1481e-02, PNorm = 113.0074, GNorm = 0.4569, lr_0 = 1.8370e-04
Loss = 4.0696e-02, PNorm = 113.0227, GNorm = 0.3917, lr_0 = 1.8370e-04
Loss = 3.9613e-02, PNorm = 113.0384, GNorm = 0.8236, lr_0 = 1.8370e-04
Loss = 2.9534e-02, PNorm = 113.0533, GNorm = 0.3824, lr_0 = 1.8370e-04
Loss = 3.1988e-02, PNorm = 113.0632, GNorm = 1.1168, lr_0 = 1.8370e-04
Loss = 4.0418e-02, PNorm = 113.0747, GNorm = 1.0697, lr_0 = 1.8370e-04
Loss = 3.4569e-02, PNorm = 113.0883, GNorm = 0.7376, lr_0 = 1.8370e-04
Loss = 3.8629e-02, PNorm = 113.1033, GNorm = 0.8074, lr_0 = 1.8370e-04
Loss = 3.2803e-02, PNorm = 113.1207, GNorm = 0.6532, lr_0 = 1.8370e-04
Loss = 3.6411e-02, PNorm = 113.1382, GNorm = 0.5467, lr_0 = 1.8370e-04
Loss = 4.1332e-02, PNorm = 113.1491, GNorm = 0.5278, lr_0 = 1.8370e-04
Loss = 3.4412e-02, PNorm = 113.1611, GNorm = 0.6392, lr_0 = 1.8370e-04
Loss = 4.7895e-02, PNorm = 113.1807, GNorm = 0.9928, lr_0 = 1.8370e-04
Loss = 4.1486e-02, PNorm = 113.2023, GNorm = 1.3215, lr_0 = 1.8370e-04
Loss = 4.8744e-02, PNorm = 113.2243, GNorm = 0.6217, lr_0 = 1.8370e-04
Loss = 3.9781e-02, PNorm = 113.2503, GNorm = 1.1513, lr_0 = 1.8370e-04
Loss = 3.9810e-02, PNorm = 113.2688, GNorm = 0.9599, lr_0 = 1.8370e-04
Loss = 3.6164e-02, PNorm = 113.2864, GNorm = 0.3374, lr_0 = 1.8370e-04
Loss = 3.6533e-02, PNorm = 113.3047, GNorm = 1.2447, lr_0 = 1.8370e-04
Validation rmse = 30.371962
Epoch 36
Loss = 2.9006e-02, PNorm = 113.3228, GNorm = 0.6034, lr_0 = 1.8370e-04
Loss = 3.0332e-02, PNorm = 113.3398, GNorm = 0.4948, lr_0 = 1.8370e-04
Loss = 3.4735e-02, PNorm = 113.3492, GNorm = 0.7202, lr_0 = 1.8370e-04
Loss = 2.5946e-02, PNorm = 113.3646, GNorm = 0.5863, lr_0 = 1.8370e-04
Loss = 3.4438e-02, PNorm = 113.3798, GNorm = 0.8553, lr_0 = 1.8370e-04
Loss = 3.3203e-02, PNorm = 113.3948, GNorm = 0.6362, lr_0 = 1.8370e-04
Loss = 3.2749e-02, PNorm = 113.4095, GNorm = 0.4450, lr_0 = 1.8370e-04
Loss = 3.9428e-02, PNorm = 113.4189, GNorm = 0.9096, lr_0 = 1.8370e-04
Loss = 3.7410e-02, PNorm = 113.4304, GNorm = 0.7326, lr_0 = 1.8370e-04
Loss = 4.3761e-02, PNorm = 113.4457, GNorm = 1.1403, lr_0 = 1.8370e-04
Loss = 3.0263e-02, PNorm = 113.4584, GNorm = 0.9099, lr_0 = 1.8370e-04
Loss = 3.0528e-02, PNorm = 113.4689, GNorm = 0.7674, lr_0 = 1.8370e-04
Loss = 3.4966e-02, PNorm = 113.4817, GNorm = 0.3759, lr_0 = 1.8370e-04
Loss = 3.4239e-02, PNorm = 113.4975, GNorm = 0.4359, lr_0 = 1.8370e-04
Loss = 2.9601e-02, PNorm = 113.5101, GNorm = 0.5066, lr_0 = 1.8370e-04
Loss = 3.2827e-02, PNorm = 113.5283, GNorm = 0.4221, lr_0 = 1.8370e-04
Loss = 3.9419e-02, PNorm = 113.5426, GNorm = 0.4300, lr_0 = 1.8370e-04
Loss = 3.0470e-02, PNorm = 113.5619, GNorm = 0.4836, lr_0 = 1.8370e-04
Loss = 3.5751e-02, PNorm = 113.5762, GNorm = 1.4576, lr_0 = 1.8370e-04
Loss = 2.8406e-02, PNorm = 113.5893, GNorm = 0.3536, lr_0 = 1.8370e-04
Loss = 3.6806e-02, PNorm = 113.6108, GNorm = 1.1401, lr_0 = 1.8370e-04
Loss = 4.3191e-02, PNorm = 113.6273, GNorm = 0.5869, lr_0 = 1.8370e-04
Loss = 3.6746e-02, PNorm = 113.6492, GNorm = 0.5848, lr_0 = 1.8370e-04
Loss = 3.1421e-02, PNorm = 113.6691, GNorm = 0.6127, lr_0 = 1.8370e-04
Loss = 3.3387e-02, PNorm = 113.6831, GNorm = 1.0499, lr_0 = 1.8370e-04
Validation rmse = 29.410282
Epoch 37
Loss = 3.1987e-02, PNorm = 113.7022, GNorm = 0.4066, lr_0 = 1.8370e-04
Loss = 3.9296e-02, PNorm = 113.7286, GNorm = 0.5309, lr_0 = 1.8370e-04
Loss = 4.4706e-02, PNorm = 113.7507, GNorm = 0.7886, lr_0 = 1.8370e-04
Loss = 3.7313e-02, PNorm = 113.7664, GNorm = 1.9339, lr_0 = 1.8370e-04
Loss = 2.6047e-02, PNorm = 113.7846, GNorm = 0.5459, lr_0 = 1.8370e-04
Loss = 3.6038e-02, PNorm = 113.8011, GNorm = 0.6062, lr_0 = 1.8370e-04
Loss = 3.8439e-02, PNorm = 113.8226, GNorm = 1.4001, lr_0 = 1.8370e-04
Loss = 4.2242e-02, PNorm = 113.8397, GNorm = 1.1613, lr_0 = 1.8370e-04
Loss = 4.1551e-02, PNorm = 113.8617, GNorm = 0.3520, lr_0 = 1.8370e-04
Loss = 4.2623e-02, PNorm = 113.8773, GNorm = 0.7439, lr_0 = 1.8370e-04
Loss = 4.2900e-02, PNorm = 113.9006, GNorm = 0.4824, lr_0 = 1.8370e-04
Loss = 3.4527e-02, PNorm = 113.9195, GNorm = 0.4325, lr_0 = 1.8370e-04
Loss = 3.9204e-02, PNorm = 113.9380, GNorm = 1.0341, lr_0 = 1.8370e-04
Loss = 3.0873e-02, PNorm = 113.9520, GNorm = 0.6158, lr_0 = 1.8370e-04
Loss = 3.1239e-02, PNorm = 113.9687, GNorm = 0.7677, lr_0 = 1.8370e-04
Loss = 3.4200e-02, PNorm = 113.9833, GNorm = 0.6696, lr_0 = 1.8370e-04
Loss = 3.8130e-02, PNorm = 113.9980, GNorm = 0.8411, lr_0 = 1.8370e-04
Loss = 3.0464e-02, PNorm = 114.0112, GNorm = 0.3978, lr_0 = 1.8370e-04
Loss = 3.0862e-02, PNorm = 114.0256, GNorm = 0.5896, lr_0 = 1.8370e-04
Loss = 3.2488e-02, PNorm = 114.0355, GNorm = 0.7314, lr_0 = 1.8370e-04
Loss = 3.2292e-02, PNorm = 114.0485, GNorm = 0.4564, lr_0 = 1.8370e-04
Loss = 2.9016e-02, PNorm = 114.0661, GNorm = 0.5259, lr_0 = 1.8370e-04
Loss = 3.9726e-02, PNorm = 114.0822, GNorm = 0.5204, lr_0 = 1.8370e-04
Loss = 2.9056e-02, PNorm = 114.0961, GNorm = 0.5542, lr_0 = 1.8370e-04
Validation rmse = 29.416920
Epoch 38
Loss = 3.5863e-02, PNorm = 114.1081, GNorm = 0.6942, lr_0 = 1.8370e-04
Loss = 3.5645e-02, PNorm = 114.1334, GNorm = 0.6351, lr_0 = 1.8370e-04
Loss = 3.2891e-02, PNorm = 114.1573, GNorm = 0.8424, lr_0 = 1.8370e-04
Loss = 3.7041e-02, PNorm = 114.1728, GNorm = 1.3692, lr_0 = 1.8370e-04
Loss = 3.3441e-02, PNorm = 114.1909, GNorm = 0.7575, lr_0 = 1.8370e-04
Loss = 3.3036e-02, PNorm = 114.2094, GNorm = 0.6547, lr_0 = 1.8370e-04
Loss = 3.2086e-02, PNorm = 114.2260, GNorm = 0.4392, lr_0 = 1.8370e-04
Loss = 2.9403e-02, PNorm = 114.2371, GNorm = 0.7986, lr_0 = 1.8370e-04
Loss = 3.4482e-02, PNorm = 114.2520, GNorm = 0.6717, lr_0 = 1.8370e-04
Loss = 2.8616e-02, PNorm = 114.2626, GNorm = 0.5163, lr_0 = 1.8370e-04
Loss = 2.8739e-02, PNorm = 114.2743, GNorm = 0.7456, lr_0 = 1.8370e-04
Loss = 2.7322e-02, PNorm = 114.2894, GNorm = 0.4983, lr_0 = 1.8370e-04
Loss = 2.9718e-02, PNorm = 114.3012, GNorm = 0.5689, lr_0 = 1.8370e-04
Loss = 3.1059e-02, PNorm = 114.3145, GNorm = 0.5653, lr_0 = 1.8370e-04
Loss = 3.4411e-02, PNorm = 114.3279, GNorm = 0.7825, lr_0 = 1.8370e-04
Loss = 3.2388e-02, PNorm = 114.3400, GNorm = 0.4894, lr_0 = 1.8370e-04
Loss = 3.0829e-02, PNorm = 114.3522, GNorm = 0.4187, lr_0 = 1.8370e-04
Loss = 2.8535e-02, PNorm = 114.3701, GNorm = 0.5072, lr_0 = 1.8370e-04
Loss = 3.4733e-02, PNorm = 114.3885, GNorm = 0.6128, lr_0 = 1.8370e-04
Loss = 2.7186e-02, PNorm = 114.4038, GNorm = 0.4095, lr_0 = 1.8370e-04
Loss = 3.1633e-02, PNorm = 114.4184, GNorm = 0.4251, lr_0 = 1.8370e-04
Loss = 3.7748e-02, PNorm = 114.4369, GNorm = 0.6357, lr_0 = 1.8370e-04
Loss = 4.0335e-02, PNorm = 114.4497, GNorm = 0.6044, lr_0 = 1.8370e-04
Loss = 3.8402e-02, PNorm = 114.4676, GNorm = 0.8778, lr_0 = 1.8370e-04
Loss = 4.0576e-02, PNorm = 114.4786, GNorm = 0.7820, lr_0 = 1.8370e-04
Validation rmse = 29.567294
Epoch 39
Loss = 3.3946e-02, PNorm = 114.5019, GNorm = 0.5360, lr_0 = 1.8370e-04
Loss = 3.3409e-02, PNorm = 114.5263, GNorm = 0.6820, lr_0 = 1.8370e-04
Loss = 2.6086e-02, PNorm = 114.5413, GNorm = 0.3231, lr_0 = 1.8370e-04
Loss = 3.1874e-02, PNorm = 114.5547, GNorm = 1.8147, lr_0 = 1.8370e-04
Loss = 4.2529e-02, PNorm = 114.5745, GNorm = 0.8701, lr_0 = 1.8370e-04
Loss = 3.5364e-02, PNorm = 114.6006, GNorm = 0.7433, lr_0 = 1.8370e-04
Loss = 4.0111e-02, PNorm = 114.6202, GNorm = 1.4496, lr_0 = 1.8370e-04
Loss = 3.7202e-02, PNorm = 114.6429, GNorm = 0.7224, lr_0 = 1.8370e-04
Loss = 3.6510e-02, PNorm = 114.6605, GNorm = 0.8068, lr_0 = 1.8370e-04
Loss = 3.5093e-02, PNorm = 114.6829, GNorm = 0.4544, lr_0 = 1.8370e-04
Loss = 3.1277e-02, PNorm = 114.6982, GNorm = 0.3636, lr_0 = 1.8370e-04
Loss = 3.3384e-02, PNorm = 114.7139, GNorm = 0.4564, lr_0 = 1.8370e-04
Loss = 3.8120e-02, PNorm = 114.7254, GNorm = 0.7397, lr_0 = 1.8370e-04
Loss = 3.8160e-02, PNorm = 114.7410, GNorm = 0.5988, lr_0 = 1.8370e-04
Loss = 3.4607e-02, PNorm = 114.7640, GNorm = 0.3556, lr_0 = 1.8370e-04
Loss = 3.0418e-02, PNorm = 114.7814, GNorm = 0.5876, lr_0 = 1.8370e-04
Loss = 3.5557e-02, PNorm = 114.7927, GNorm = 0.4343, lr_0 = 1.8370e-04
Loss = 3.3206e-02, PNorm = 114.8097, GNorm = 0.7203, lr_0 = 1.8370e-04
Loss = 3.0645e-02, PNorm = 114.8260, GNorm = 1.7882, lr_0 = 1.8370e-04
Loss = 3.1426e-02, PNorm = 114.8403, GNorm = 0.8291, lr_0 = 1.8370e-04
Loss = 3.1377e-02, PNorm = 114.8603, GNorm = 0.6198, lr_0 = 1.8370e-04
Loss = 2.8791e-02, PNorm = 114.8785, GNorm = 0.3425, lr_0 = 1.8370e-04
Loss = 2.6490e-02, PNorm = 114.8943, GNorm = 0.3711, lr_0 = 1.8370e-04
Loss = 2.6215e-02, PNorm = 114.9048, GNorm = 0.5041, lr_0 = 1.8370e-04
Validation rmse = 29.433607
Epoch 40
Loss = 1.9873e-02, PNorm = 114.9175, GNorm = 0.3673, lr_0 = 1.8370e-04
Loss = 3.0984e-02, PNorm = 114.9321, GNorm = 0.7446, lr_0 = 1.8370e-04
Loss = 3.6320e-02, PNorm = 114.9457, GNorm = 0.8525, lr_0 = 1.8370e-04
Loss = 3.5635e-02, PNorm = 114.9644, GNorm = 0.4214, lr_0 = 1.8370e-04
Loss = 3.2479e-02, PNorm = 114.9824, GNorm = 0.4839, lr_0 = 1.8370e-04
Loss = 3.0399e-02, PNorm = 114.9957, GNorm = 0.7863, lr_0 = 1.8370e-04
Loss = 2.8998e-02, PNorm = 115.0074, GNorm = 0.7031, lr_0 = 1.8370e-04
Loss = 3.4853e-02, PNorm = 115.0240, GNorm = 0.4019, lr_0 = 1.8370e-04
Loss = 2.6006e-02, PNorm = 115.0384, GNorm = 0.5197, lr_0 = 1.8370e-04
Loss = 2.6433e-02, PNorm = 115.0508, GNorm = 0.4049, lr_0 = 1.8370e-04
Loss = 2.7074e-02, PNorm = 115.0619, GNorm = 0.4876, lr_0 = 1.8370e-04
Loss = 3.7199e-02, PNorm = 115.0770, GNorm = 0.3962, lr_0 = 1.8370e-04
Loss = 3.0606e-02, PNorm = 115.0966, GNorm = 0.5307, lr_0 = 1.8370e-04
Loss = 3.1286e-02, PNorm = 115.1109, GNorm = 0.4579, lr_0 = 1.8370e-04
Loss = 3.9539e-02, PNorm = 115.1259, GNorm = 1.3273, lr_0 = 1.8370e-04
Loss = 3.1851e-02, PNorm = 115.1482, GNorm = 0.3404, lr_0 = 1.8370e-04
Loss = 3.8876e-02, PNorm = 115.1695, GNorm = 1.3659, lr_0 = 1.8370e-04
Loss = 3.6791e-02, PNorm = 115.1865, GNorm = 0.5053, lr_0 = 1.8370e-04
Loss = 2.9416e-02, PNorm = 115.2084, GNorm = 0.8803, lr_0 = 1.8370e-04
Loss = 3.4825e-02, PNorm = 115.2243, GNorm = 0.9407, lr_0 = 1.8370e-04
Loss = 3.7818e-02, PNorm = 115.2413, GNorm = 0.8271, lr_0 = 1.8370e-04
Loss = 2.9024e-02, PNorm = 115.2586, GNorm = 0.6008, lr_0 = 1.8370e-04
Loss = 3.3845e-02, PNorm = 115.2777, GNorm = 0.3609, lr_0 = 1.8370e-04
Loss = 3.8889e-02, PNorm = 115.2939, GNorm = 0.3524, lr_0 = 1.8370e-04
Loss = 3.1316e-02, PNorm = 115.3060, GNorm = 0.3971, lr_0 = 1.8370e-04
Validation rmse = 28.595356
Epoch 41
Loss = 2.6721e-02, PNorm = 115.3216, GNorm = 0.6699, lr_0 = 1.8370e-04
Loss = 3.0094e-02, PNorm = 115.3370, GNorm = 0.8741, lr_0 = 1.8370e-04
Loss = 2.9477e-02, PNorm = 115.3549, GNorm = 0.9940, lr_0 = 1.8370e-04
Loss = 2.9636e-02, PNorm = 115.3753, GNorm = 0.4607, lr_0 = 1.8370e-04
Loss = 2.6930e-02, PNorm = 115.3912, GNorm = 0.4760, lr_0 = 1.8370e-04
Loss = 3.7193e-02, PNorm = 115.4080, GNorm = 1.0199, lr_0 = 1.8370e-04
Loss = 3.2476e-02, PNorm = 115.4290, GNorm = 1.0566, lr_0 = 1.8370e-04
Loss = 3.4932e-02, PNorm = 115.4469, GNorm = 0.5107, lr_0 = 1.8370e-04
Loss = 2.8964e-02, PNorm = 115.4645, GNorm = 0.5263, lr_0 = 1.8370e-04
Loss = 3.4339e-02, PNorm = 115.4800, GNorm = 0.7415, lr_0 = 1.8370e-04
Loss = 2.5662e-02, PNorm = 115.4932, GNorm = 0.5873, lr_0 = 1.8370e-04
Loss = 2.5784e-02, PNorm = 115.5082, GNorm = 0.5396, lr_0 = 1.8370e-04
Loss = 2.9216e-02, PNorm = 115.5196, GNorm = 0.7416, lr_0 = 1.8370e-04
Loss = 2.7611e-02, PNorm = 115.5318, GNorm = 0.4131, lr_0 = 1.8370e-04
Loss = 3.5805e-02, PNorm = 115.5498, GNorm = 1.0199, lr_0 = 1.8370e-04
Loss = 3.7597e-02, PNorm = 115.5675, GNorm = 0.8849, lr_0 = 1.8370e-04
Loss = 3.7288e-02, PNorm = 115.5897, GNorm = 1.0083, lr_0 = 1.8370e-04
Loss = 3.3379e-02, PNorm = 115.6090, GNorm = 1.3156, lr_0 = 1.8370e-04
Loss = 3.0179e-02, PNorm = 115.6257, GNorm = 0.3446, lr_0 = 1.8370e-04
Loss = 3.0577e-02, PNorm = 115.6455, GNorm = 0.6705, lr_0 = 1.8370e-04
Loss = 2.7880e-02, PNorm = 115.6662, GNorm = 0.6843, lr_0 = 1.8370e-04
Loss = 4.3113e-02, PNorm = 115.6862, GNorm = 0.5025, lr_0 = 1.8370e-04
Loss = 3.1655e-02, PNorm = 115.7075, GNorm = 0.3904, lr_0 = 1.8370e-04
Loss = 3.6732e-02, PNorm = 115.7287, GNorm = 0.8241, lr_0 = 1.8370e-04
Validation rmse = 30.425600
Epoch 42
Loss = 2.2678e-02, PNorm = 115.7487, GNorm = 0.5122, lr_0 = 1.8370e-04
Loss = 3.5785e-02, PNorm = 115.7678, GNorm = 1.0524, lr_0 = 1.8370e-04
Loss = 3.2281e-02, PNorm = 115.7828, GNorm = 0.4163, lr_0 = 1.8370e-04
Loss = 2.4275e-02, PNorm = 115.7966, GNorm = 0.4661, lr_0 = 1.8370e-04
Loss = 2.7734e-02, PNorm = 115.8095, GNorm = 0.5085, lr_0 = 1.8370e-04
Loss = 2.8368e-02, PNorm = 115.8233, GNorm = 0.3368, lr_0 = 1.8370e-04
Loss = 3.3756e-02, PNorm = 115.8412, GNorm = 0.5305, lr_0 = 1.8370e-04
Loss = 3.3109e-02, PNorm = 115.8551, GNorm = 0.5545, lr_0 = 1.8370e-04
Loss = 3.1854e-02, PNorm = 115.8679, GNorm = 0.6577, lr_0 = 1.8370e-04
Loss = 3.1235e-02, PNorm = 115.8926, GNorm = 0.3856, lr_0 = 1.8370e-04
Loss = 3.2157e-02, PNorm = 115.9084, GNorm = 0.5873, lr_0 = 1.8370e-04
Loss = 3.6900e-02, PNorm = 115.9253, GNorm = 1.2518, lr_0 = 1.8370e-04
Loss = 4.5546e-02, PNorm = 115.9426, GNorm = 0.8305, lr_0 = 1.8370e-04
Loss = 3.8131e-02, PNorm = 115.9644, GNorm = 1.0033, lr_0 = 1.8370e-04
Loss = 3.4287e-02, PNorm = 115.9887, GNorm = 0.7946, lr_0 = 1.8370e-04
Loss = 3.8174e-02, PNorm = 116.0059, GNorm = 0.6476, lr_0 = 1.8370e-04
Loss = 2.9463e-02, PNorm = 116.0221, GNorm = 0.3692, lr_0 = 1.8370e-04
Loss = 2.1402e-02, PNorm = 116.0388, GNorm = 0.3269, lr_0 = 1.8370e-04
Loss = 3.0886e-02, PNorm = 116.0528, GNorm = 0.7062, lr_0 = 1.8370e-04
Loss = 2.4434e-02, PNorm = 116.0656, GNorm = 0.4319, lr_0 = 1.8370e-04
Loss = 3.1877e-02, PNorm = 116.0775, GNorm = 0.4537, lr_0 = 1.8370e-04
Loss = 2.9739e-02, PNorm = 116.0896, GNorm = 0.6862, lr_0 = 1.8370e-04
Loss = 3.1453e-02, PNorm = 116.1077, GNorm = 0.6325, lr_0 = 1.8370e-04
Loss = 2.8755e-02, PNorm = 116.1210, GNorm = 0.3876, lr_0 = 1.8370e-04
Loss = 2.9598e-02, PNorm = 116.1385, GNorm = 0.3670, lr_0 = 1.8370e-04
Validation rmse = 31.150651
Epoch 43
Loss = 2.1544e-02, PNorm = 116.1574, GNorm = 0.5417, lr_0 = 1.8370e-04
Loss = 2.6993e-02, PNorm = 116.1735, GNorm = 0.8127, lr_0 = 1.8370e-04
Loss = 2.6165e-02, PNorm = 116.1872, GNorm = 0.5349, lr_0 = 1.8370e-04
Loss = 2.5849e-02, PNorm = 116.1962, GNorm = 0.4436, lr_0 = 1.8370e-04
Loss = 2.5839e-02, PNorm = 116.2043, GNorm = 0.3671, lr_0 = 1.8370e-04
Loss = 2.6600e-02, PNorm = 116.2172, GNorm = 0.2782, lr_0 = 1.8370e-04
Loss = 2.5801e-02, PNorm = 116.2343, GNorm = 0.3779, lr_0 = 1.8370e-04
Loss = 2.6992e-02, PNorm = 116.2530, GNorm = 0.4173, lr_0 = 1.8370e-04
Loss = 2.4369e-02, PNorm = 116.2648, GNorm = 0.6708, lr_0 = 1.8370e-04
Loss = 2.7077e-02, PNorm = 116.2795, GNorm = 0.6023, lr_0 = 1.8370e-04
Loss = 2.4752e-02, PNorm = 116.2978, GNorm = 0.4642, lr_0 = 1.8370e-04
Loss = 3.6077e-02, PNorm = 116.3158, GNorm = 1.2959, lr_0 = 1.8370e-04
Loss = 2.7695e-02, PNorm = 116.3329, GNorm = 0.5239, lr_0 = 1.8370e-04
Loss = 3.3230e-02, PNorm = 116.3408, GNorm = 0.7426, lr_0 = 1.8370e-04
Loss = 3.6309e-02, PNorm = 116.3572, GNorm = 0.5585, lr_0 = 1.8370e-04
Loss = 3.2842e-02, PNorm = 116.3723, GNorm = 0.9953, lr_0 = 1.8370e-04
Loss = 2.5749e-02, PNorm = 116.3899, GNorm = 0.4910, lr_0 = 1.8370e-04
Loss = 3.1935e-02, PNorm = 116.4057, GNorm = 0.8105, lr_0 = 1.8370e-04
Loss = 3.2255e-02, PNorm = 116.4220, GNorm = 0.5825, lr_0 = 1.8370e-04
Loss = 3.1438e-02, PNorm = 116.4426, GNorm = 0.7307, lr_0 = 1.8370e-04
Loss = 2.7317e-02, PNorm = 116.4622, GNorm = 0.4575, lr_0 = 1.8370e-04
Loss = 3.2485e-02, PNorm = 116.4727, GNorm = 0.6374, lr_0 = 1.8370e-04
Loss = 2.9695e-02, PNorm = 116.4912, GNorm = 0.3828, lr_0 = 1.8370e-04
Loss = 3.1541e-02, PNorm = 116.5099, GNorm = 0.5056, lr_0 = 1.8370e-04
Validation rmse = 29.862367
Epoch 44
Loss = 7.6378e-02, PNorm = 116.5354, GNorm = 0.8482, lr_0 = 1.8370e-04
Loss = 3.3432e-02, PNorm = 116.5564, GNorm = 1.0318, lr_0 = 1.8370e-04
Loss = 2.8577e-02, PNorm = 116.5749, GNorm = 0.6638, lr_0 = 1.8370e-04
Loss = 3.2081e-02, PNorm = 116.5919, GNorm = 0.5441, lr_0 = 1.8370e-04
Loss = 2.8424e-02, PNorm = 116.6120, GNorm = 0.3341, lr_0 = 1.8370e-04
Loss = 2.5467e-02, PNorm = 116.6297, GNorm = 0.5274, lr_0 = 1.8370e-04
Loss = 2.6150e-02, PNorm = 116.6411, GNorm = 0.6179, lr_0 = 1.8370e-04
Loss = 2.9292e-02, PNorm = 116.6499, GNorm = 0.3949, lr_0 = 1.8370e-04
Loss = 3.0246e-02, PNorm = 116.6614, GNorm = 1.2944, lr_0 = 1.8370e-04
Loss = 2.9709e-02, PNorm = 116.6803, GNorm = 0.6492, lr_0 = 1.8370e-04
Loss = 2.8152e-02, PNorm = 116.6989, GNorm = 0.6819, lr_0 = 1.8370e-04
Loss = 2.3936e-02, PNorm = 116.7188, GNorm = 0.5568, lr_0 = 1.8370e-04
Loss = 3.1302e-02, PNorm = 116.7364, GNorm = 0.3675, lr_0 = 1.8370e-04
Loss = 2.6705e-02, PNorm = 116.7489, GNorm = 0.3773, lr_0 = 1.8370e-04
Loss = 3.3729e-02, PNorm = 116.7688, GNorm = 0.6114, lr_0 = 1.8370e-04
Loss = 2.7756e-02, PNorm = 116.7850, GNorm = 0.4664, lr_0 = 1.8370e-04
Loss = 2.8616e-02, PNorm = 116.8051, GNorm = 0.4879, lr_0 = 1.8370e-04
Loss = 2.5893e-02, PNorm = 116.8203, GNorm = 0.5375, lr_0 = 1.8370e-04
Loss = 3.0283e-02, PNorm = 116.8323, GNorm = 0.6752, lr_0 = 1.8370e-04
Loss = 2.7038e-02, PNorm = 116.8444, GNorm = 0.4844, lr_0 = 1.8370e-04
Loss = 3.5386e-02, PNorm = 116.8614, GNorm = 0.6321, lr_0 = 1.8370e-04
Loss = 2.8739e-02, PNorm = 116.8792, GNorm = 0.7804, lr_0 = 1.8370e-04
Loss = 2.4950e-02, PNorm = 116.8975, GNorm = 0.5427, lr_0 = 1.8370e-04
Loss = 3.1337e-02, PNorm = 116.9143, GNorm = 0.4852, lr_0 = 1.8370e-04
Loss = 2.9284e-02, PNorm = 116.9316, GNorm = 0.4296, lr_0 = 1.8370e-04
Validation rmse = 29.662461
Epoch 45
Loss = 2.9203e-02, PNorm = 116.9473, GNorm = 0.6700, lr_0 = 1.8370e-04
Loss = 3.0851e-02, PNorm = 116.9638, GNorm = 0.9787, lr_0 = 1.8370e-04
Loss = 2.8240e-02, PNorm = 116.9782, GNorm = 0.4233, lr_0 = 1.8370e-04
Loss = 2.4235e-02, PNorm = 116.9927, GNorm = 0.3714, lr_0 = 1.8370e-04
Loss = 2.4504e-02, PNorm = 117.0040, GNorm = 0.3411, lr_0 = 1.8370e-04
Loss = 2.3847e-02, PNorm = 117.0206, GNorm = 0.6489, lr_0 = 1.8370e-04
Loss = 2.7595e-02, PNorm = 117.0362, GNorm = 0.7316, lr_0 = 1.8370e-04
Loss = 2.6651e-02, PNorm = 117.0504, GNorm = 0.4680, lr_0 = 1.8370e-04
Loss = 2.6487e-02, PNorm = 117.0684, GNorm = 0.4584, lr_0 = 1.8370e-04
Loss = 2.4657e-02, PNorm = 117.0783, GNorm = 0.3678, lr_0 = 1.8370e-04
Loss = 2.9390e-02, PNorm = 117.0919, GNorm = 0.5361, lr_0 = 1.8370e-04
Loss = 3.0209e-02, PNorm = 117.1153, GNorm = 0.5129, lr_0 = 1.8370e-04
Loss = 3.6798e-02, PNorm = 117.1343, GNorm = 0.6128, lr_0 = 1.8370e-04
Loss = 3.6434e-02, PNorm = 117.1550, GNorm = 0.8736, lr_0 = 1.8370e-04
Loss = 3.1775e-02, PNorm = 117.1746, GNorm = 1.3759, lr_0 = 1.8370e-04
Loss = 3.3972e-02, PNorm = 117.1958, GNorm = 0.3716, lr_0 = 1.8370e-04
Loss = 3.0015e-02, PNorm = 117.2140, GNorm = 0.6475, lr_0 = 1.8370e-04
Loss = 2.6897e-02, PNorm = 117.2362, GNorm = 0.3785, lr_0 = 1.8370e-04
Loss = 3.0780e-02, PNorm = 117.2510, GNorm = 0.6185, lr_0 = 1.8370e-04
Loss = 2.6518e-02, PNorm = 117.2686, GNorm = 0.4828, lr_0 = 1.8370e-04
Loss = 2.6496e-02, PNorm = 117.2824, GNorm = 0.5334, lr_0 = 1.8370e-04
Loss = 2.5908e-02, PNorm = 117.2985, GNorm = 0.7619, lr_0 = 1.8370e-04
Loss = 2.7979e-02, PNorm = 117.3146, GNorm = 0.7124, lr_0 = 1.8370e-04
Loss = 4.0936e-02, PNorm = 117.3299, GNorm = 2.0205, lr_0 = 1.8370e-04
Loss = 3.2361e-02, PNorm = 117.3508, GNorm = 1.1238, lr_0 = 1.8370e-04
Loss = 2.6470e-02, PNorm = 117.3528, GNorm = 1.2468, lr_0 = 1.8370e-04
Validation rmse = 30.845819
Epoch 46
Loss = 3.3549e-02, PNorm = 117.3783, GNorm = 0.3182, lr_0 = 1.8370e-04
Loss = 2.5868e-02, PNorm = 117.4005, GNorm = 0.3939, lr_0 = 1.8370e-04
Loss = 2.1418e-02, PNorm = 117.4178, GNorm = 0.3080, lr_0 = 1.8370e-04
Loss = 2.9825e-02, PNorm = 117.4345, GNorm = 1.0390, lr_0 = 1.8370e-04
Loss = 3.1503e-02, PNorm = 117.4506, GNorm = 0.7056, lr_0 = 1.8370e-04
Loss = 3.3126e-02, PNorm = 117.4644, GNorm = 0.6623, lr_0 = 1.8370e-04
Loss = 2.9060e-02, PNorm = 117.4862, GNorm = 0.7756, lr_0 = 1.8370e-04
Loss = 3.3881e-02, PNorm = 117.5101, GNorm = 0.6359, lr_0 = 1.8370e-04
Loss = 2.4611e-02, PNorm = 117.5303, GNorm = 1.1376, lr_0 = 1.8370e-04
Loss = 2.7748e-02, PNorm = 117.5409, GNorm = 0.7339, lr_0 = 1.8370e-04
Loss = 2.6440e-02, PNorm = 117.5570, GNorm = 0.5120, lr_0 = 1.8370e-04
Loss = 2.8053e-02, PNorm = 117.5804, GNorm = 0.4954, lr_0 = 1.8370e-04
Loss = 3.3119e-02, PNorm = 117.5981, GNorm = 0.6275, lr_0 = 1.8370e-04
Loss = 2.6817e-02, PNorm = 117.6134, GNorm = 0.5606, lr_0 = 1.8370e-04
Loss = 2.4239e-02, PNorm = 117.6338, GNorm = 0.6309, lr_0 = 1.8370e-04
Loss = 3.0741e-02, PNorm = 117.6516, GNorm = 0.4407, lr_0 = 1.8370e-04
Loss = 3.4356e-02, PNorm = 117.6729, GNorm = 0.6116, lr_0 = 1.8370e-04
Loss = 3.3798e-02, PNorm = 117.6893, GNorm = 0.5056, lr_0 = 1.8370e-04
Loss = 3.5312e-02, PNorm = 117.6969, GNorm = 0.8110, lr_0 = 1.8370e-04
Loss = 3.8085e-02, PNorm = 117.7211, GNorm = 0.4354, lr_0 = 1.8370e-04
Loss = 2.7821e-02, PNorm = 117.7445, GNorm = 0.3888, lr_0 = 1.8370e-04
Loss = 3.4083e-02, PNorm = 117.7623, GNorm = 0.2980, lr_0 = 1.8370e-04
Loss = 2.6874e-02, PNorm = 117.7815, GNorm = 0.3728, lr_0 = 1.8370e-04
Loss = 2.9104e-02, PNorm = 117.7969, GNorm = 0.3460, lr_0 = 1.8370e-04
Validation rmse = 29.308447
Epoch 47
Loss = 2.5533e-02, PNorm = 117.8148, GNorm = 0.3639, lr_0 = 1.8370e-04
Loss = 2.9902e-02, PNorm = 117.8346, GNorm = 0.6821, lr_0 = 1.8370e-04
Loss = 2.4317e-02, PNorm = 117.8532, GNorm = 0.3782, lr_0 = 1.8370e-04
Loss = 3.3863e-02, PNorm = 117.8686, GNorm = 0.5943, lr_0 = 1.8370e-04
Loss = 3.1433e-02, PNorm = 117.8826, GNorm = 0.7788, lr_0 = 1.8370e-04
Loss = 2.7377e-02, PNorm = 117.9032, GNorm = 0.6374, lr_0 = 1.8370e-04
Loss = 2.5122e-02, PNorm = 117.9218, GNorm = 0.8232, lr_0 = 1.8370e-04
Loss = 2.6740e-02, PNorm = 117.9437, GNorm = 0.3691, lr_0 = 1.8370e-04
Loss = 2.8670e-02, PNorm = 117.9615, GNorm = 0.5131, lr_0 = 1.8370e-04
Loss = 2.7970e-02, PNorm = 117.9792, GNorm = 0.3469, lr_0 = 1.8370e-04
Loss = 2.7705e-02, PNorm = 117.9944, GNorm = 0.4475, lr_0 = 1.8370e-04
Loss = 2.2136e-02, PNorm = 118.0147, GNorm = 0.3164, lr_0 = 1.8370e-04
Loss = 2.3548e-02, PNorm = 118.0267, GNorm = 0.3335, lr_0 = 1.8370e-04
Loss = 3.0251e-02, PNorm = 118.0430, GNorm = 0.3873, lr_0 = 1.8370e-04
Loss = 3.1712e-02, PNorm = 118.0588, GNorm = 0.7319, lr_0 = 1.8370e-04
Loss = 3.3990e-02, PNorm = 118.0784, GNorm = 0.6103, lr_0 = 1.8370e-04
Loss = 2.4261e-02, PNorm = 118.0986, GNorm = 0.6111, lr_0 = 1.8370e-04
Loss = 2.9215e-02, PNorm = 118.1195, GNorm = 1.2635, lr_0 = 1.8370e-04
Loss = 2.5548e-02, PNorm = 118.1356, GNorm = 0.3390, lr_0 = 1.8370e-04
Loss = 3.5500e-02, PNorm = 118.1497, GNorm = 0.6855, lr_0 = 1.8370e-04
Loss = 2.9623e-02, PNorm = 118.1707, GNorm = 0.6265, lr_0 = 1.8370e-04
Loss = 2.8409e-02, PNorm = 118.1940, GNorm = 0.6733, lr_0 = 1.8370e-04
Loss = 3.5814e-02, PNorm = 118.2138, GNorm = 0.7477, lr_0 = 1.8370e-04
Loss = 3.0288e-02, PNorm = 118.2334, GNorm = 0.7831, lr_0 = 1.8370e-04
Loss = 2.9918e-02, PNorm = 118.2487, GNorm = 0.4724, lr_0 = 1.8370e-04
Loss = 1.2095e-02, PNorm = 118.2504, GNorm = 0.6995, lr_0 = 1.8370e-04
Validation rmse = 28.743895
Epoch 48
Loss = 2.4875e-02, PNorm = 118.2677, GNorm = 0.5359, lr_0 = 1.8370e-04
Loss = 2.0936e-02, PNorm = 118.2870, GNorm = 0.3291, lr_0 = 1.8370e-04
Loss = 2.5758e-02, PNorm = 118.3024, GNorm = 0.8946, lr_0 = 1.8370e-04
Loss = 2.5781e-02, PNorm = 118.3163, GNorm = 0.4375, lr_0 = 1.8370e-04
Loss = 2.6120e-02, PNorm = 118.3276, GNorm = 0.3659, lr_0 = 1.8370e-04
Loss = 3.1578e-02, PNorm = 118.3427, GNorm = 0.4707, lr_0 = 1.8370e-04
Loss = 2.8567e-02, PNorm = 118.3643, GNorm = 0.5594, lr_0 = 1.8370e-04
Loss = 3.1916e-02, PNorm = 118.3884, GNorm = 0.4001, lr_0 = 1.8370e-04
Loss = 3.3752e-02, PNorm = 118.4085, GNorm = 0.7560, lr_0 = 1.8370e-04
Loss = 2.8209e-02, PNorm = 118.4261, GNorm = 0.6001, lr_0 = 1.8370e-04
Loss = 2.4119e-02, PNorm = 118.4428, GNorm = 0.5149, lr_0 = 1.8370e-04
Loss = 2.2395e-02, PNorm = 118.4604, GNorm = 0.3457, lr_0 = 1.8370e-04
Loss = 2.7189e-02, PNorm = 118.4719, GNorm = 0.5052, lr_0 = 1.8370e-04
Loss = 3.1425e-02, PNorm = 118.4844, GNorm = 0.3345, lr_0 = 1.8370e-04
Loss = 2.9824e-02, PNorm = 118.5054, GNorm = 0.2669, lr_0 = 1.8370e-04
Loss = 2.5787e-02, PNorm = 118.5219, GNorm = 0.5830, lr_0 = 1.8370e-04
Loss = 2.4978e-02, PNorm = 118.5397, GNorm = 0.4118, lr_0 = 1.8370e-04
Loss = 2.4557e-02, PNorm = 118.5594, GNorm = 0.7370, lr_0 = 1.8370e-04
Loss = 2.4322e-02, PNorm = 118.5734, GNorm = 0.7445, lr_0 = 1.8370e-04
Loss = 3.6206e-02, PNorm = 118.5897, GNorm = 0.4373, lr_0 = 1.8370e-04
Loss = 2.8647e-02, PNorm = 118.6041, GNorm = 0.9126, lr_0 = 1.8370e-04
Loss = 2.9146e-02, PNorm = 118.6258, GNorm = 0.6893, lr_0 = 1.8370e-04
Loss = 2.3371e-02, PNorm = 118.6452, GNorm = 0.4767, lr_0 = 1.8370e-04
Loss = 2.1295e-02, PNorm = 118.6587, GNorm = 0.3741, lr_0 = 1.8370e-04
Validation rmse = 29.710720
Epoch 49
Loss = 2.8991e-02, PNorm = 118.6753, GNorm = 0.4888, lr_0 = 1.8370e-04
Loss = 2.5704e-02, PNorm = 118.6999, GNorm = 0.3533, lr_0 = 1.8370e-04
Loss = 2.2595e-02, PNorm = 118.7180, GNorm = 0.4298, lr_0 = 1.8370e-04
Loss = 2.6132e-02, PNorm = 118.7342, GNorm = 1.3246, lr_0 = 1.8370e-04
Loss = 3.0836e-02, PNorm = 118.7549, GNorm = 0.4955, lr_0 = 1.8370e-04
Loss = 2.9063e-02, PNorm = 118.7728, GNorm = 0.7761, lr_0 = 1.8370e-04
Loss = 2.4974e-02, PNorm = 118.7984, GNorm = 0.5617, lr_0 = 1.8370e-04
Loss = 2.5613e-02, PNorm = 118.8177, GNorm = 0.5478, lr_0 = 1.8370e-04
Loss = 2.9951e-02, PNorm = 118.8332, GNorm = 0.4782, lr_0 = 1.8370e-04
Loss = 2.7975e-02, PNorm = 118.8488, GNorm = 0.3886, lr_0 = 1.8370e-04
Loss = 2.4606e-02, PNorm = 118.8679, GNorm = 0.3472, lr_0 = 1.8370e-04
Loss = 2.5282e-02, PNorm = 118.8856, GNorm = 0.5191, lr_0 = 1.8370e-04
Loss = 2.7642e-02, PNorm = 118.9022, GNorm = 0.7375, lr_0 = 1.8370e-04
Loss = 2.5986e-02, PNorm = 118.9178, GNorm = 0.6678, lr_0 = 1.8370e-04
Loss = 2.7129e-02, PNorm = 118.9331, GNorm = 0.6661, lr_0 = 1.8370e-04
Loss = 2.9542e-02, PNorm = 118.9534, GNorm = 0.8242, lr_0 = 1.8370e-04
Loss = 2.1298e-02, PNorm = 118.9704, GNorm = 0.3456, lr_0 = 1.8370e-04
Loss = 3.1658e-02, PNorm = 118.9915, GNorm = 0.8742, lr_0 = 1.8370e-04
Loss = 3.7097e-02, PNorm = 119.0124, GNorm = 0.7691, lr_0 = 1.8370e-04
Loss = 2.5314e-02, PNorm = 119.0314, GNorm = 0.4778, lr_0 = 1.8370e-04
Loss = 2.6422e-02, PNorm = 119.0488, GNorm = 0.5516, lr_0 = 1.8370e-04
Loss = 3.0083e-02, PNorm = 119.0688, GNorm = 0.4768, lr_0 = 1.8370e-04
Loss = 2.5474e-02, PNorm = 119.0846, GNorm = 0.3964, lr_0 = 1.8370e-04
Loss = 2.7724e-02, PNorm = 119.1035, GNorm = 0.5402, lr_0 = 1.8370e-04
Loss = 2.6678e-02, PNorm = 119.1211, GNorm = 0.4286, lr_0 = 1.8370e-04
Validation rmse = 30.879186
Model 0 best validation rmse = 28.595356 on epoch 40
Loading pretrained parameter "encoder.encoder.0.cached_zero_vector".
Loading pretrained parameter "encoder.encoder.0.W_i.weight".
Loading pretrained parameter "encoder.encoder.0.W_h.weight".
Loading pretrained parameter "encoder.encoder.0.W_o.weight".
Loading pretrained parameter "encoder.encoder.0.W_o.bias".
Loading pretrained parameter "encoder.encoder.1.cached_zero_vector".
Loading pretrained parameter "encoder.encoder.1.W_i.weight".
Loading pretrained parameter "encoder.encoder.1.W_h.weight".
Loading pretrained parameter "encoder.encoder.1.W_o.weight".
Loading pretrained parameter "encoder.encoder.1.W_o.bias".
Loading pretrained parameter "ffn.1.weight".
Loading pretrained parameter "ffn.1.bias".
Loading pretrained parameter "ffn.4.weight".
Loading pretrained parameter "ffn.4.bias".
Moving model to cuda
Model 0 test rmse = 26.730138
Ensemble test rmse = 26.730138
1-fold cross validation
	Seed 0 ==> test rmse = 26.730138
Overall test rmse = 26.730138 +/- 0.000000
Elapsed time = 0:41:29
