Command line
python /home/kpg/chemprop/train.py --data_path ../../../data/splits/lambda_max_abs/deep4chem/group_by_smiles/smiles_target_train.csv --dataset_type regression --save_dir /home/kimele03/uvvisml/uvvisml/models/quantum_yield_checkpoints/group_by_smiles/results/507327/49675484 --config_path /home/kimele03/uvvisml/uvvisml/models/quantum_yield_checkpoints/group_by_smiles/results/507327/49675484/hyperopt.json --metric rmse --epochs 50 --gpu 0 --ensemble_size 1 --separate_val_path ../../../data/splits/lambda_max_abs/deep4chem/group_by_smiles/smiles_target_val.csv --separate_test_path ../../../data/splits/lambda_max_abs/deep4chem/group_by_smiles/smiles_target_test.csv --number_of_molecules 2
Args
{'activation': 'ReLU',
 'aggregation': 'mean',
 'aggregation_norm': 100,
 'atom_descriptor_scaling': True,
 'atom_descriptors': None,
 'atom_descriptors_path': None,
 'atom_descriptors_size': 0,
 'atom_features_size': 0,
 'atom_messages': False,
 'batch_size': 72,
 'bias': False,
 'bond_feature_scaling': True,
 'bond_features_path': None,
 'bond_features_size': 0,
 'cache_cutoff': 10000,
 'checkpoint_dir': None,
 'checkpoint_frzn': None,
 'checkpoint_path': None,
 'checkpoint_paths': None,
 'class_balance': False,
 'config_path': '/home/kimele03/uvvisml/uvvisml/models/quantum_yield_checkpoints/group_by_smiles/results/507327/49675484/hyperopt.json',
 'crossval_index_dir': None,
 'crossval_index_file': None,
 'crossval_index_sets': None,
 'cuda': True,
 'data_path': '../../../data/splits/lambda_max_abs/deep4chem/group_by_smiles/smiles_target_train.csv',
 'data_weights_path': None,
 'dataset_type': 'regression',
 'depth': 3,
 'device': device(type='cuda', index=0),
 'dropout': 0.26484434289122116,
 'empty_cache': False,
 'ensemble_size': 1,
 'epochs': 50,
 'explicit_h': False,
 'extra_metrics': [],
 'features_generator': None,
 'features_only': False,
 'features_path': None,
 'features_scaling': True,
 'features_size': None,
 'ffn_hidden_size': 1643,
 'ffn_num_layers': 3,
 'final_lr': 0.0002046474170626136,
 'folds_file': None,
 'freeze_first_only': False,
 'frzn_ffn_layers': 0,
 'gpu': 0,
 'grad_clip': None,
 'hidden_size': 2372,
 'ignore_columns': None,
 'init_lr': 8.765159321348889e-07,
 'log_frequency': 10,
 'max_data_size': None,
 'max_lr': 0.0002046474170626136,
 'metric': 'rmse',
 'metrics': ['rmse'],
 'minimize_score': True,
 'mpn_shared': False,
 'multiclass_num_classes': 3,
 'no_atom_descriptor_scaling': False,
 'no_bond_features_scaling': False,
 'no_cache_mol': False,
 'no_cuda': False,
 'no_features_scaling': False,
 'num_folds': 1,
 'num_lrs': 1,
 'num_tasks': 1,
 'num_workers': 8,
 'number_of_molecules': 2,
 'overwrite_default_atom_features': False,
 'overwrite_default_bond_features': False,
 'pytorch_seed': 0,
 'quiet': False,
 'reaction': False,
 'reaction_mode': 'reac_diff',
 'resume_experiment': False,
 'save_dir': '/home/kimele03/uvvisml/uvvisml/models/quantum_yield_checkpoints/group_by_smiles/results/507327/49675484',
 'save_preds': False,
 'save_smiles_splits': False,
 'seed': 0,
 'separate_test_atom_descriptors_path': None,
 'separate_test_bond_features_path': None,
 'separate_test_features_path': None,
 'separate_test_path': '../../../data/splits/lambda_max_abs/deep4chem/group_by_smiles/smiles_target_test.csv',
 'separate_val_atom_descriptors_path': None,
 'separate_val_bond_features_path': None,
 'separate_val_features_path': None,
 'separate_val_path': '../../../data/splits/lambda_max_abs/deep4chem/group_by_smiles/smiles_target_val.csv',
 'show_individual_scores': False,
 'smiles_columns': ['smiles', 'solvent'],
 'split_sizes': (0.8, 0.1, 0.1),
 'split_type': 'random',
 'target_columns': None,
 'target_weights': None,
 'task_names': ['peakwavs_max'],
 'test': False,
 'test_fold_index': None,
 'train_data_size': None,
 'undirected': False,
 'use_input_features': False,
 'val_fold_index': None,
 'warmup_epochs': 3}
Loading data
Number of tasks = 1
Fold 0
Splitting data with seed 0
Total size = 13,242 | train size = 13,242 | val size = 1,633 | test size = 1,710
Fitting scaler
Building model 0
MoleculeModel(
  (encoder): MPN(
    (encoder): ModuleList(
      (0): MPNEncoder(
        (dropout_layer): Dropout(p=0.26484434289122116, inplace=False)
        (act_func): ReLU()
        (W_i): Linear(in_features=147, out_features=2372, bias=False)
        (W_h): Linear(in_features=2372, out_features=2372, bias=False)
        (W_o): Linear(in_features=2505, out_features=2372, bias=True)
      )
      (1): MPNEncoder(
        (dropout_layer): Dropout(p=0.26484434289122116, inplace=False)
        (act_func): ReLU()
        (W_i): Linear(in_features=147, out_features=2372, bias=False)
        (W_h): Linear(in_features=2372, out_features=2372, bias=False)
        (W_o): Linear(in_features=2505, out_features=2372, bias=True)
      )
    )
  )
  (ffn): Sequential(
    (0): Dropout(p=0.26484434289122116, inplace=False)
    (1): Linear(in_features=4744, out_features=1643, bias=True)
    (2): ReLU()
    (3): Dropout(p=0.26484434289122116, inplace=False)
    (4): Linear(in_features=1643, out_features=1643, bias=True)
    (5): ReLU()
    (6): Dropout(p=0.26484434289122116, inplace=False)
    (7): Linear(in_features=1643, out_features=1, bias=True)
  )
)
Number of parameters = 34,342,115
Moving model to cuda
Epoch 0
Loss = 1.1723e+00, PNorm = 119.3967, GNorm = 3.5583, lr_0 = 4.9594e-06
Loss = 9.4238e-01, PNorm = 119.3967, GNorm = 4.2824, lr_0 = 8.6710e-06
Loss = 9.4489e-01, PNorm = 119.3968, GNorm = 3.0312, lr_0 = 1.2383e-05
Loss = 1.1211e+00, PNorm = 119.3972, GNorm = 4.7966, lr_0 = 1.6094e-05
Loss = 1.0095e+00, PNorm = 119.3976, GNorm = 3.8369, lr_0 = 1.9806e-05
Loss = 9.3377e-01, PNorm = 119.3986, GNorm = 3.8212, lr_0 = 2.3518e-05
Loss = 8.0431e-01, PNorm = 119.3998, GNorm = 9.6502, lr_0 = 2.7229e-05
Loss = 8.2767e-01, PNorm = 119.4016, GNorm = 3.5154, lr_0 = 3.0941e-05
Loss = 8.4695e-01, PNorm = 119.4043, GNorm = 4.6870, lr_0 = 3.4653e-05
Loss = 9.2230e-01, PNorm = 119.4078, GNorm = 5.3663, lr_0 = 3.8364e-05
Loss = 7.4898e-01, PNorm = 119.4116, GNorm = 4.9913, lr_0 = 4.2076e-05
Loss = 7.9485e-01, PNorm = 119.4169, GNorm = 4.5863, lr_0 = 4.5788e-05
Loss = 7.9107e-01, PNorm = 119.4215, GNorm = 4.4886, lr_0 = 4.9499e-05
Loss = 8.4260e-01, PNorm = 119.4263, GNorm = 7.1673, lr_0 = 5.3211e-05
Loss = 8.4556e-01, PNorm = 119.4306, GNorm = 4.6233, lr_0 = 5.6923e-05
Loss = 7.8643e-01, PNorm = 119.4369, GNorm = 3.1351, lr_0 = 6.0634e-05
Loss = 7.4033e-01, PNorm = 119.4438, GNorm = 4.7430, lr_0 = 6.4346e-05
Loss = 5.5529e-01, PNorm = 119.4501, GNorm = 6.9063, lr_0 = 6.8058e-05
Validation rmse = 86.057312
Epoch 1
Loss = 7.6701e-01, PNorm = 119.4581, GNorm = 9.3815, lr_0 = 7.2141e-05
Loss = 8.0283e-01, PNorm = 119.4670, GNorm = 4.0824, lr_0 = 7.5852e-05
Loss = 8.8820e-01, PNorm = 119.4753, GNorm = 4.1157, lr_0 = 7.9564e-05
Loss = 6.1919e-01, PNorm = 119.4854, GNorm = 2.5723, lr_0 = 8.3276e-05
Loss = 6.0394e-01, PNorm = 119.4954, GNorm = 2.3790, lr_0 = 8.6987e-05
Loss = 6.0447e-01, PNorm = 119.5061, GNorm = 6.7515, lr_0 = 9.0699e-05
Loss = 5.5546e-01, PNorm = 119.5180, GNorm = 2.1764, lr_0 = 9.4411e-05
Loss = 4.9113e-01, PNorm = 119.5310, GNorm = 2.9555, lr_0 = 9.8122e-05
Loss = 5.1793e-01, PNorm = 119.5429, GNorm = 5.0089, lr_0 = 1.0183e-04
Loss = 5.7006e-01, PNorm = 119.5558, GNorm = 5.8430, lr_0 = 1.0555e-04
Loss = 5.2353e-01, PNorm = 119.5695, GNorm = 19.7130, lr_0 = 1.0926e-04
Loss = 5.7133e-01, PNorm = 119.5857, GNorm = 3.0054, lr_0 = 1.1297e-04
Loss = 4.9553e-01, PNorm = 119.6033, GNorm = 4.3369, lr_0 = 1.1668e-04
Loss = 4.3152e-01, PNorm = 119.6205, GNorm = 2.4085, lr_0 = 1.2039e-04
Loss = 4.8749e-01, PNorm = 119.6369, GNorm = 4.7356, lr_0 = 1.2410e-04
Loss = 5.3452e-01, PNorm = 119.6531, GNorm = 2.0123, lr_0 = 1.2782e-04
Loss = 5.8948e-01, PNorm = 119.6722, GNorm = 7.5932, lr_0 = 1.3153e-04
Loss = 4.5255e-01, PNorm = 119.6938, GNorm = 1.4267, lr_0 = 1.3524e-04
Validation rmse = 77.350996
Epoch 2
Loss = 4.2449e-01, PNorm = 119.7140, GNorm = 1.6183, lr_0 = 1.3895e-04
Loss = 4.4223e-01, PNorm = 119.7304, GNorm = 5.2921, lr_0 = 1.4266e-04
Loss = 3.7877e-01, PNorm = 119.7491, GNorm = 1.5511, lr_0 = 1.4637e-04
Loss = 3.9950e-01, PNorm = 119.7646, GNorm = 7.8061, lr_0 = 1.5009e-04
Loss = 4.4139e-01, PNorm = 119.7821, GNorm = 3.2795, lr_0 = 1.5380e-04
Loss = 4.3114e-01, PNorm = 119.8024, GNorm = 4.3983, lr_0 = 1.5751e-04
Loss = 4.0012e-01, PNorm = 119.8218, GNorm = 5.2037, lr_0 = 1.6122e-04
Loss = 3.4378e-01, PNorm = 119.8356, GNorm = 8.2824, lr_0 = 1.6493e-04
Loss = 4.1018e-01, PNorm = 119.8569, GNorm = 7.2026, lr_0 = 1.6864e-04
Loss = 3.2389e-01, PNorm = 119.8770, GNorm = 3.4581, lr_0 = 1.7236e-04
Loss = 3.0840e-01, PNorm = 119.9000, GNorm = 1.9439, lr_0 = 1.7607e-04
Loss = 3.6651e-01, PNorm = 119.9193, GNorm = 8.7596, lr_0 = 1.7978e-04
Loss = 3.6070e-01, PNorm = 119.9403, GNorm = 3.0948, lr_0 = 1.8349e-04
Loss = 3.2755e-01, PNorm = 119.9617, GNorm = 2.6026, lr_0 = 1.8720e-04
Loss = 3.3820e-01, PNorm = 119.9795, GNorm = 1.9815, lr_0 = 1.9091e-04
Loss = 3.5582e-01, PNorm = 120.0021, GNorm = 3.3787, lr_0 = 1.9463e-04
Loss = 3.2462e-01, PNorm = 120.0195, GNorm = 1.4596, lr_0 = 1.9834e-04
Loss = 3.1640e-01, PNorm = 120.0397, GNorm = 5.2305, lr_0 = 2.0205e-04
Loss = 3.3392e-01, PNorm = 120.0587, GNorm = 1.8843, lr_0 = 2.0465e-04
Validation rmse = 63.155036
Epoch 3
Loss = 2.8904e-01, PNorm = 120.0777, GNorm = 6.5358, lr_0 = 2.0465e-04
Loss = 2.6091e-01, PNorm = 120.0974, GNorm = 2.3606, lr_0 = 2.0465e-04
Loss = 2.8740e-01, PNorm = 120.1152, GNorm = 4.3900, lr_0 = 2.0465e-04
Loss = 3.6464e-01, PNorm = 120.1357, GNorm = 9.7507, lr_0 = 2.0465e-04
Loss = 4.5137e-01, PNorm = 120.1608, GNorm = 11.6761, lr_0 = 2.0465e-04
Loss = 3.3087e-01, PNorm = 120.1861, GNorm = 6.3934, lr_0 = 2.0465e-04
Loss = 3.0578e-01, PNorm = 120.2066, GNorm = 2.8531, lr_0 = 2.0465e-04
Loss = 3.0807e-01, PNorm = 120.2276, GNorm = 1.3907, lr_0 = 2.0465e-04
Loss = 2.8119e-01, PNorm = 120.2470, GNorm = 3.0674, lr_0 = 2.0465e-04
Loss = 2.6926e-01, PNorm = 120.2624, GNorm = 1.3302, lr_0 = 2.0465e-04
Loss = 2.3331e-01, PNorm = 120.2798, GNorm = 3.2088, lr_0 = 2.0465e-04
Loss = 2.8995e-01, PNorm = 120.2968, GNorm = 1.3523, lr_0 = 2.0465e-04
Loss = 3.2275e-01, PNorm = 120.3158, GNorm = 4.3857, lr_0 = 2.0465e-04
Loss = 2.8506e-01, PNorm = 120.3347, GNorm = 4.3965, lr_0 = 2.0465e-04
Loss = 2.7964e-01, PNorm = 120.3563, GNorm = 1.3669, lr_0 = 2.0465e-04
Loss = 3.0493e-01, PNorm = 120.3766, GNorm = 3.9775, lr_0 = 2.0465e-04
Loss = 3.1258e-01, PNorm = 120.3970, GNorm = 2.2620, lr_0 = 2.0465e-04
Loss = 3.1158e-01, PNorm = 120.4264, GNorm = 10.5672, lr_0 = 2.0465e-04
Validation rmse = 60.561468
Epoch 4
Loss = 2.9564e-01, PNorm = 120.4505, GNorm = 2.5946, lr_0 = 2.0465e-04
Loss = 3.1915e-01, PNorm = 120.4688, GNorm = 2.9830, lr_0 = 2.0465e-04
Loss = 2.6291e-01, PNorm = 120.4926, GNorm = 1.1242, lr_0 = 2.0465e-04
Loss = 2.3558e-01, PNorm = 120.5116, GNorm = 2.0442, lr_0 = 2.0465e-04
Loss = 2.2513e-01, PNorm = 120.5250, GNorm = 4.2959, lr_0 = 2.0465e-04
Loss = 2.8884e-01, PNorm = 120.5414, GNorm = 2.8974, lr_0 = 2.0465e-04
Loss = 2.8326e-01, PNorm = 120.5625, GNorm = 1.8297, lr_0 = 2.0465e-04
Loss = 2.6893e-01, PNorm = 120.5790, GNorm = 1.3240, lr_0 = 2.0465e-04
Loss = 2.1955e-01, PNorm = 120.5969, GNorm = 1.5920, lr_0 = 2.0465e-04
Loss = 2.1035e-01, PNorm = 120.6129, GNorm = 2.9657, lr_0 = 2.0465e-04
Loss = 2.4439e-01, PNorm = 120.6293, GNorm = 2.0857, lr_0 = 2.0465e-04
Loss = 2.5554e-01, PNorm = 120.6474, GNorm = 2.4523, lr_0 = 2.0465e-04
Loss = 2.4074e-01, PNorm = 120.6649, GNorm = 1.9424, lr_0 = 2.0465e-04
Loss = 2.4889e-01, PNorm = 120.6826, GNorm = 3.0316, lr_0 = 2.0465e-04
Loss = 2.0373e-01, PNorm = 120.7046, GNorm = 1.1067, lr_0 = 2.0465e-04
Loss = 2.0914e-01, PNorm = 120.7225, GNorm = 1.6337, lr_0 = 2.0465e-04
Loss = 2.1197e-01, PNorm = 120.7403, GNorm = 3.7837, lr_0 = 2.0465e-04
Loss = 2.2023e-01, PNorm = 120.7592, GNorm = 3.9877, lr_0 = 2.0465e-04
Validation rmse = 50.280005
Epoch 5
Loss = 2.2926e-01, PNorm = 120.7798, GNorm = 1.2668, lr_0 = 2.0465e-04
Loss = 1.8071e-01, PNorm = 120.8028, GNorm = 2.3314, lr_0 = 2.0465e-04
Loss = 1.8400e-01, PNorm = 120.8193, GNorm = 2.1424, lr_0 = 2.0465e-04
Loss = 2.3379e-01, PNorm = 120.8332, GNorm = 2.0416, lr_0 = 2.0465e-04
Loss = 2.1867e-01, PNorm = 120.8527, GNorm = 3.2332, lr_0 = 2.0465e-04
Loss = 2.4801e-01, PNorm = 120.8726, GNorm = 1.3419, lr_0 = 2.0465e-04
Loss = 2.1343e-01, PNorm = 120.8980, GNorm = 3.5388, lr_0 = 2.0465e-04
Loss = 2.1258e-01, PNorm = 120.9186, GNorm = 4.3308, lr_0 = 2.0465e-04
Loss = 2.3393e-01, PNorm = 120.9407, GNorm = 2.6380, lr_0 = 2.0465e-04
Loss = 2.4290e-01, PNorm = 120.9621, GNorm = 5.4885, lr_0 = 2.0465e-04
Loss = 2.1603e-01, PNorm = 120.9879, GNorm = 1.3118, lr_0 = 2.0465e-04
Loss = 2.0547e-01, PNorm = 121.0077, GNorm = 3.2702, lr_0 = 2.0465e-04
Loss = 1.8212e-01, PNorm = 121.0251, GNorm = 2.9825, lr_0 = 2.0465e-04
Loss = 1.8005e-01, PNorm = 121.0442, GNorm = 3.5828, lr_0 = 2.0465e-04
Loss = 2.0295e-01, PNorm = 121.0644, GNorm = 5.9538, lr_0 = 2.0465e-04
Loss = 2.4560e-01, PNorm = 121.0883, GNorm = 1.4040, lr_0 = 2.0465e-04
Loss = 1.9290e-01, PNorm = 121.1094, GNorm = 1.4429, lr_0 = 2.0465e-04
Loss = 1.9980e-01, PNorm = 121.1313, GNorm = 2.6741, lr_0 = 2.0465e-04
Loss = 1.9429e-01, PNorm = 121.1544, GNorm = 1.0356, lr_0 = 2.0465e-04
Validation rmse = 48.300663
Epoch 6
Loss = 1.8279e-01, PNorm = 121.1710, GNorm = 2.1452, lr_0 = 2.0465e-04
Loss = 1.6099e-01, PNorm = 121.1917, GNorm = 3.6236, lr_0 = 2.0465e-04
Loss = 1.6277e-01, PNorm = 121.2117, GNorm = 0.8087, lr_0 = 2.0465e-04
Loss = 1.8779e-01, PNorm = 121.2290, GNorm = 1.0130, lr_0 = 2.0465e-04
Loss = 1.5870e-01, PNorm = 121.2472, GNorm = 1.3109, lr_0 = 2.0465e-04
Loss = 1.8490e-01, PNorm = 121.2642, GNorm = 2.8461, lr_0 = 2.0465e-04
Loss = 1.5353e-01, PNorm = 121.2793, GNorm = 1.8849, lr_0 = 2.0465e-04
Loss = 1.7109e-01, PNorm = 121.2955, GNorm = 2.7314, lr_0 = 2.0465e-04
Loss = 1.5305e-01, PNorm = 121.3208, GNorm = 0.9497, lr_0 = 2.0465e-04
Loss = 1.8993e-01, PNorm = 121.3411, GNorm = 1.7375, lr_0 = 2.0465e-04
Loss = 2.0079e-01, PNorm = 121.3628, GNorm = 2.6179, lr_0 = 2.0465e-04
Loss = 1.6665e-01, PNorm = 121.3861, GNorm = 1.1967, lr_0 = 2.0465e-04
Loss = 1.5849e-01, PNorm = 121.4066, GNorm = 1.1084, lr_0 = 2.0465e-04
Loss = 1.6610e-01, PNorm = 121.4260, GNorm = 2.0300, lr_0 = 2.0465e-04
Loss = 1.6967e-01, PNorm = 121.4453, GNorm = 1.5085, lr_0 = 2.0465e-04
Loss = 1.7943e-01, PNorm = 121.4635, GNorm = 2.8068, lr_0 = 2.0465e-04
Loss = 1.7916e-01, PNorm = 121.4823, GNorm = 3.0406, lr_0 = 2.0465e-04
Loss = 1.4847e-01, PNorm = 121.4987, GNorm = 0.8976, lr_0 = 2.0465e-04
Validation rmse = 46.157271
Epoch 7
Loss = 1.6548e-01, PNorm = 121.5178, GNorm = 1.5893, lr_0 = 2.0465e-04
Loss = 1.4175e-01, PNorm = 121.5370, GNorm = 3.0720, lr_0 = 2.0465e-04
Loss = 1.7809e-01, PNorm = 121.5581, GNorm = 2.5688, lr_0 = 2.0465e-04
Loss = 1.6714e-01, PNorm = 121.5793, GNorm = 0.9836, lr_0 = 2.0465e-04
Loss = 1.3909e-01, PNorm = 121.5948, GNorm = 1.7725, lr_0 = 2.0465e-04
Loss = 1.5328e-01, PNorm = 121.6118, GNorm = 0.8446, lr_0 = 2.0465e-04
Loss = 1.5001e-01, PNorm = 121.6306, GNorm = 3.0814, lr_0 = 2.0465e-04
Loss = 1.6092e-01, PNorm = 121.6531, GNorm = 1.5281, lr_0 = 2.0465e-04
Loss = 1.3664e-01, PNorm = 121.6696, GNorm = 1.2707, lr_0 = 2.0465e-04
Loss = 1.6557e-01, PNorm = 121.6882, GNorm = 2.5073, lr_0 = 2.0465e-04
Loss = 1.2689e-01, PNorm = 121.7066, GNorm = 2.2953, lr_0 = 2.0465e-04
Loss = 1.4160e-01, PNorm = 121.7255, GNorm = 1.6586, lr_0 = 2.0465e-04
Loss = 1.4587e-01, PNorm = 121.7448, GNorm = 1.8639, lr_0 = 2.0465e-04
Loss = 1.6936e-01, PNorm = 121.7642, GNorm = 1.3532, lr_0 = 2.0465e-04
Loss = 1.2210e-01, PNorm = 121.7829, GNorm = 1.0499, lr_0 = 2.0465e-04
Loss = 1.3089e-01, PNorm = 121.8011, GNorm = 0.9118, lr_0 = 2.0465e-04
Loss = 1.4340e-01, PNorm = 121.8201, GNorm = 1.3554, lr_0 = 2.0465e-04
Loss = 1.3628e-01, PNorm = 121.8411, GNorm = 1.5825, lr_0 = 2.0465e-04
Loss = 1.3494e-01, PNorm = 121.8574, GNorm = 2.3867, lr_0 = 2.0465e-04
Validation rmse = 42.611859
Epoch 8
Loss = 1.1628e-01, PNorm = 121.8762, GNorm = 0.9011, lr_0 = 2.0465e-04
Loss = 1.2432e-01, PNorm = 121.8951, GNorm = 1.1877, lr_0 = 2.0465e-04
Loss = 1.3219e-01, PNorm = 121.9115, GNorm = 2.4604, lr_0 = 2.0465e-04
Loss = 1.5646e-01, PNorm = 121.9307, GNorm = 1.0367, lr_0 = 2.0465e-04
Loss = 1.4263e-01, PNorm = 121.9543, GNorm = 1.6975, lr_0 = 2.0465e-04
Loss = 1.4773e-01, PNorm = 121.9743, GNorm = 1.6235, lr_0 = 2.0465e-04
Loss = 1.4153e-01, PNorm = 121.9949, GNorm = 2.0260, lr_0 = 2.0465e-04
Loss = 1.5960e-01, PNorm = 122.0163, GNorm = 0.9592, lr_0 = 2.0465e-04
Loss = 1.3771e-01, PNorm = 122.0406, GNorm = 1.2408, lr_0 = 2.0465e-04
Loss = 1.3422e-01, PNorm = 122.0584, GNorm = 2.4455, lr_0 = 2.0465e-04
Loss = 1.3258e-01, PNorm = 122.0772, GNorm = 1.4230, lr_0 = 2.0465e-04
Loss = 1.2711e-01, PNorm = 122.0960, GNorm = 0.9795, lr_0 = 2.0465e-04
Loss = 1.2292e-01, PNorm = 122.1128, GNorm = 1.1308, lr_0 = 2.0465e-04
Loss = 1.3292e-01, PNorm = 122.1305, GNorm = 1.0707, lr_0 = 2.0465e-04
Loss = 1.2572e-01, PNorm = 122.1494, GNorm = 1.1065, lr_0 = 2.0465e-04
Loss = 1.3279e-01, PNorm = 122.1672, GNorm = 1.8708, lr_0 = 2.0465e-04
Loss = 1.4636e-01, PNorm = 122.1884, GNorm = 2.1624, lr_0 = 2.0465e-04
Loss = 1.2435e-01, PNorm = 122.2089, GNorm = 2.2443, lr_0 = 2.0465e-04
Validation rmse = 42.157918
Epoch 9
Loss = 1.2547e-01, PNorm = 122.2295, GNorm = 1.5694, lr_0 = 2.0465e-04
Loss = 1.1720e-01, PNorm = 122.2510, GNorm = 1.3376, lr_0 = 2.0465e-04
Loss = 1.5370e-01, PNorm = 122.2691, GNorm = 1.2748, lr_0 = 2.0465e-04
Loss = 1.0869e-01, PNorm = 122.2899, GNorm = 2.9960, lr_0 = 2.0465e-04
Loss = 1.0353e-01, PNorm = 122.3054, GNorm = 1.4136, lr_0 = 2.0465e-04
Loss = 1.2207e-01, PNorm = 122.3235, GNorm = 2.5668, lr_0 = 2.0465e-04
Loss = 1.5613e-01, PNorm = 122.3428, GNorm = 5.0374, lr_0 = 2.0465e-04
Loss = 1.3463e-01, PNorm = 122.3657, GNorm = 1.0577, lr_0 = 2.0465e-04
Loss = 1.1922e-01, PNorm = 122.3864, GNorm = 0.7143, lr_0 = 2.0465e-04
Loss = 1.0233e-01, PNorm = 122.4000, GNorm = 2.0863, lr_0 = 2.0465e-04
Loss = 1.1349e-01, PNorm = 122.4179, GNorm = 1.3911, lr_0 = 2.0465e-04
Loss = 9.5200e-02, PNorm = 122.4357, GNorm = 2.0558, lr_0 = 2.0465e-04
Loss = 1.0432e-01, PNorm = 122.4529, GNorm = 1.2850, lr_0 = 2.0465e-04
Loss = 1.1421e-01, PNorm = 122.4678, GNorm = 1.8254, lr_0 = 2.0465e-04
Loss = 1.1206e-01, PNorm = 122.4841, GNorm = 1.2556, lr_0 = 2.0465e-04
Loss = 1.1975e-01, PNorm = 122.5023, GNorm = 1.0827, lr_0 = 2.0465e-04
Loss = 1.2314e-01, PNorm = 122.5238, GNorm = 1.0268, lr_0 = 2.0465e-04
Loss = 1.1103e-01, PNorm = 122.5490, GNorm = 1.1535, lr_0 = 2.0465e-04
Validation rmse = 38.537176
Epoch 10
Loss = 1.0503e-01, PNorm = 122.5672, GNorm = 1.0489, lr_0 = 2.0465e-04
Loss = 1.1718e-01, PNorm = 122.5860, GNorm = 1.1151, lr_0 = 2.0465e-04
Loss = 1.0537e-01, PNorm = 122.6052, GNorm = 2.8369, lr_0 = 2.0465e-04
Loss = 1.1351e-01, PNorm = 122.6249, GNorm = 2.1625, lr_0 = 2.0465e-04
Loss = 9.8466e-02, PNorm = 122.6435, GNorm = 0.9538, lr_0 = 2.0465e-04
Loss = 1.0573e-01, PNorm = 122.6643, GNorm = 1.2756, lr_0 = 2.0465e-04
Loss = 1.0049e-01, PNorm = 122.6830, GNorm = 0.6087, lr_0 = 2.0465e-04
Loss = 1.0717e-01, PNorm = 122.7000, GNorm = 0.8187, lr_0 = 2.0465e-04
Loss = 1.0845e-01, PNorm = 122.7157, GNorm = 1.2817, lr_0 = 2.0465e-04
Loss = 9.9139e-02, PNorm = 122.7339, GNorm = 1.3352, lr_0 = 2.0465e-04
Loss = 1.0692e-01, PNorm = 122.7545, GNorm = 1.5043, lr_0 = 2.0465e-04
Loss = 1.0344e-01, PNorm = 122.7744, GNorm = 1.2891, lr_0 = 2.0465e-04
Loss = 1.2830e-01, PNorm = 122.7946, GNorm = 1.6596, lr_0 = 2.0465e-04
Loss = 1.1772e-01, PNorm = 122.8110, GNorm = 0.9663, lr_0 = 2.0465e-04
Loss = 1.1355e-01, PNorm = 122.8295, GNorm = 1.4553, lr_0 = 2.0465e-04
Loss = 1.2610e-01, PNorm = 122.8518, GNorm = 3.5750, lr_0 = 2.0465e-04
Loss = 1.2789e-01, PNorm = 122.8793, GNorm = 2.3212, lr_0 = 2.0465e-04
Loss = 1.2041e-01, PNorm = 122.9005, GNorm = 2.7766, lr_0 = 2.0465e-04
Loss = 1.0129e-01, PNorm = 122.9196, GNorm = 1.5315, lr_0 = 2.0465e-04
Validation rmse = 38.694899
Epoch 11
Loss = 1.0024e-01, PNorm = 122.9380, GNorm = 1.5541, lr_0 = 2.0465e-04
Loss = 8.3238e-02, PNorm = 122.9523, GNorm = 1.2790, lr_0 = 2.0465e-04
Loss = 1.1012e-01, PNorm = 122.9683, GNorm = 1.8426, lr_0 = 2.0465e-04
Loss = 9.6183e-02, PNorm = 122.9862, GNorm = 1.0262, lr_0 = 2.0465e-04
Loss = 9.6556e-02, PNorm = 123.0057, GNorm = 0.5427, lr_0 = 2.0465e-04
Loss = 9.1927e-02, PNorm = 123.0270, GNorm = 0.5806, lr_0 = 2.0465e-04
Loss = 9.6714e-02, PNorm = 123.0430, GNorm = 1.4077, lr_0 = 2.0465e-04
Loss = 9.4032e-02, PNorm = 123.0575, GNorm = 0.9051, lr_0 = 2.0465e-04
Loss = 1.0808e-01, PNorm = 123.0727, GNorm = 0.9914, lr_0 = 2.0465e-04
Loss = 9.9189e-02, PNorm = 123.0895, GNorm = 1.6934, lr_0 = 2.0465e-04
Loss = 8.6710e-02, PNorm = 123.1076, GNorm = 1.5835, lr_0 = 2.0465e-04
Loss = 1.2094e-01, PNorm = 123.1302, GNorm = 0.8786, lr_0 = 2.0465e-04
Loss = 1.0642e-01, PNorm = 123.1506, GNorm = 0.9955, lr_0 = 2.0465e-04
Loss = 1.1511e-01, PNorm = 123.1722, GNorm = 1.3452, lr_0 = 2.0465e-04
Loss = 1.0746e-01, PNorm = 123.1949, GNorm = 3.1886, lr_0 = 2.0465e-04
Loss = 1.0974e-01, PNorm = 123.2205, GNorm = 1.1428, lr_0 = 2.0465e-04
Loss = 1.0918e-01, PNorm = 123.2393, GNorm = 1.3329, lr_0 = 2.0465e-04
Loss = 9.3579e-02, PNorm = 123.2582, GNorm = 0.9259, lr_0 = 2.0465e-04
Validation rmse = 38.120898
Epoch 12
Loss = 1.4559e-01, PNorm = 123.2742, GNorm = 2.8938, lr_0 = 2.0465e-04
Loss = 1.0177e-01, PNorm = 123.2908, GNorm = 0.6646, lr_0 = 2.0465e-04
Loss = 1.0894e-01, PNorm = 123.3098, GNorm = 1.7689, lr_0 = 2.0465e-04
Loss = 9.5487e-02, PNorm = 123.3310, GNorm = 1.5571, lr_0 = 2.0465e-04
Loss = 7.9930e-02, PNorm = 123.3516, GNorm = 2.1807, lr_0 = 2.0465e-04
Loss = 8.3883e-02, PNorm = 123.3683, GNorm = 1.5415, lr_0 = 2.0465e-04
Loss = 9.9767e-02, PNorm = 123.3856, GNorm = 1.0541, lr_0 = 2.0465e-04
Loss = 9.1754e-02, PNorm = 123.4010, GNorm = 0.9433, lr_0 = 2.0465e-04
Loss = 9.0869e-02, PNorm = 123.4200, GNorm = 1.9599, lr_0 = 2.0465e-04
Loss = 1.1283e-01, PNorm = 123.4377, GNorm = 1.1759, lr_0 = 2.0465e-04
Loss = 1.0110e-01, PNorm = 123.4580, GNorm = 1.4497, lr_0 = 2.0465e-04
Loss = 1.0994e-01, PNorm = 123.4799, GNorm = 2.9259, lr_0 = 2.0465e-04
Loss = 9.6447e-02, PNorm = 123.5017, GNorm = 0.5871, lr_0 = 2.0465e-04
Loss = 8.5597e-02, PNorm = 123.5201, GNorm = 1.5965, lr_0 = 2.0465e-04
Loss = 9.1329e-02, PNorm = 123.5375, GNorm = 0.6178, lr_0 = 2.0465e-04
Loss = 1.1016e-01, PNorm = 123.5552, GNorm = 4.4192, lr_0 = 2.0465e-04
Loss = 9.7682e-02, PNorm = 123.5760, GNorm = 1.1508, lr_0 = 2.0465e-04
Loss = 1.1293e-01, PNorm = 123.5980, GNorm = 2.4354, lr_0 = 2.0465e-04
Loss = 1.1124e-01, PNorm = 123.6149, GNorm = 0.7203, lr_0 = 2.0465e-04
Loss = 8.7670e-02, PNorm = 123.6164, GNorm = 0.6696, lr_0 = 2.0465e-04
Validation rmse = 36.012576
Epoch 13
Loss = 7.6522e-02, PNorm = 123.6328, GNorm = 1.1552, lr_0 = 2.0465e-04
Loss = 8.6304e-02, PNorm = 123.6503, GNorm = 1.4445, lr_0 = 2.0465e-04
Loss = 7.4247e-02, PNorm = 123.6617, GNorm = 0.6485, lr_0 = 2.0465e-04
Loss = 7.0966e-02, PNorm = 123.6750, GNorm = 1.3099, lr_0 = 2.0465e-04
Loss = 8.5379e-02, PNorm = 123.6915, GNorm = 0.7611, lr_0 = 2.0465e-04
Loss = 7.3273e-02, PNorm = 123.7060, GNorm = 1.4757, lr_0 = 2.0465e-04
Loss = 9.0650e-02, PNorm = 123.7181, GNorm = 0.7602, lr_0 = 2.0465e-04
Loss = 6.8402e-02, PNorm = 123.7325, GNorm = 0.6871, lr_0 = 2.0465e-04
Loss = 7.0836e-02, PNorm = 123.7462, GNorm = 0.5007, lr_0 = 2.0465e-04
Loss = 7.4161e-02, PNorm = 123.7616, GNorm = 0.6222, lr_0 = 2.0465e-04
Loss = 8.9686e-02, PNorm = 123.7760, GNorm = 1.5320, lr_0 = 2.0465e-04
Loss = 8.6910e-02, PNorm = 123.7950, GNorm = 0.9843, lr_0 = 2.0465e-04
Loss = 8.9600e-02, PNorm = 123.8149, GNorm = 1.3331, lr_0 = 2.0465e-04
Loss = 1.0291e-01, PNorm = 123.8347, GNorm = 1.8312, lr_0 = 2.0465e-04
Loss = 7.8863e-02, PNorm = 123.8527, GNorm = 1.0401, lr_0 = 2.0465e-04
Loss = 7.8131e-02, PNorm = 123.8716, GNorm = 0.5571, lr_0 = 2.0465e-04
Loss = 8.1828e-02, PNorm = 123.8847, GNorm = 1.5632, lr_0 = 2.0465e-04
Loss = 9.6810e-02, PNorm = 123.9021, GNorm = 1.2500, lr_0 = 2.0465e-04
Validation rmse = 36.523017
Epoch 14
Loss = 7.3873e-02, PNorm = 123.9228, GNorm = 1.0525, lr_0 = 2.0465e-04
Loss = 7.7970e-02, PNorm = 123.9406, GNorm = 1.1510, lr_0 = 2.0465e-04
Loss = 7.1178e-02, PNorm = 123.9586, GNorm = 0.7252, lr_0 = 2.0465e-04
Loss = 7.9020e-02, PNorm = 123.9766, GNorm = 0.8288, lr_0 = 2.0465e-04
Loss = 7.5398e-02, PNorm = 123.9905, GNorm = 1.3790, lr_0 = 2.0465e-04
Loss = 8.2890e-02, PNorm = 124.0116, GNorm = 2.1650, lr_0 = 2.0465e-04
Loss = 7.0574e-02, PNorm = 124.0267, GNorm = 0.6300, lr_0 = 2.0465e-04
Loss = 7.4421e-02, PNorm = 124.0398, GNorm = 1.5345, lr_0 = 2.0465e-04
Loss = 7.6032e-02, PNorm = 124.0559, GNorm = 0.6970, lr_0 = 2.0465e-04
Loss = 6.8924e-02, PNorm = 124.0720, GNorm = 1.1651, lr_0 = 2.0465e-04
Loss = 9.2712e-02, PNorm = 124.0867, GNorm = 3.2774, lr_0 = 2.0465e-04
Loss = 1.0032e-01, PNorm = 124.1052, GNorm = 1.7566, lr_0 = 2.0465e-04
Loss = 1.1503e-01, PNorm = 124.1242, GNorm = 1.8845, lr_0 = 2.0465e-04
Loss = 9.5201e-02, PNorm = 124.1496, GNorm = 1.3576, lr_0 = 2.0465e-04
Loss = 6.9852e-02, PNorm = 124.1714, GNorm = 0.7649, lr_0 = 2.0465e-04
Loss = 8.6195e-02, PNorm = 124.1891, GNorm = 0.7398, lr_0 = 2.0465e-04
Loss = 6.0198e-02, PNorm = 124.2063, GNorm = 1.1910, lr_0 = 2.0465e-04
Loss = 8.7791e-02, PNorm = 124.2226, GNorm = 1.4111, lr_0 = 2.0465e-04
Validation rmse = 38.994778
Epoch 15
Loss = 8.3398e-02, PNorm = 124.2379, GNorm = 0.9560, lr_0 = 2.0465e-04
Loss = 7.4271e-02, PNorm = 124.2541, GNorm = 0.5429, lr_0 = 2.0465e-04
Loss = 7.5464e-02, PNorm = 124.2667, GNorm = 1.2419, lr_0 = 2.0465e-04
Loss = 6.7455e-02, PNorm = 124.2867, GNorm = 0.9364, lr_0 = 2.0465e-04
Loss = 7.7993e-02, PNorm = 124.3032, GNorm = 0.6531, lr_0 = 2.0465e-04
Loss = 6.0291e-02, PNorm = 124.3222, GNorm = 0.6733, lr_0 = 2.0465e-04
Loss = 7.8118e-02, PNorm = 124.3340, GNorm = 0.5154, lr_0 = 2.0465e-04
Loss = 7.3242e-02, PNorm = 124.3489, GNorm = 1.8899, lr_0 = 2.0465e-04
Loss = 7.8751e-02, PNorm = 124.3657, GNorm = 0.6326, lr_0 = 2.0465e-04
Loss = 8.3338e-02, PNorm = 124.3898, GNorm = 1.9454, lr_0 = 2.0465e-04
Loss = 8.8900e-02, PNorm = 124.4109, GNorm = 0.5991, lr_0 = 2.0465e-04
Loss = 7.8045e-02, PNorm = 124.4271, GNorm = 0.9718, lr_0 = 2.0465e-04
Loss = 6.5733e-02, PNorm = 124.4442, GNorm = 0.7005, lr_0 = 2.0465e-04
Loss = 6.6948e-02, PNorm = 124.4620, GNorm = 1.0735, lr_0 = 2.0465e-04
Loss = 8.8510e-02, PNorm = 124.4783, GNorm = 0.7237, lr_0 = 2.0465e-04
Loss = 1.0041e-01, PNorm = 124.4985, GNorm = 1.0907, lr_0 = 2.0465e-04
Loss = 6.4291e-02, PNorm = 124.5169, GNorm = 0.7524, lr_0 = 2.0465e-04
Loss = 6.7367e-02, PNorm = 124.5364, GNorm = 1.3320, lr_0 = 2.0465e-04
Loss = 7.3884e-02, PNorm = 124.5496, GNorm = 1.6972, lr_0 = 2.0465e-04
Validation rmse = 35.372230
Epoch 16
Loss = 7.4604e-02, PNorm = 124.5670, GNorm = 0.7221, lr_0 = 2.0465e-04
Loss = 7.1552e-02, PNorm = 124.5850, GNorm = 0.8322, lr_0 = 2.0465e-04
Loss = 6.5588e-02, PNorm = 124.6059, GNorm = 0.7868, lr_0 = 2.0465e-04
Loss = 6.8831e-02, PNorm = 124.6205, GNorm = 1.0433, lr_0 = 2.0465e-04
Loss = 8.2988e-02, PNorm = 124.6376, GNorm = 1.4094, lr_0 = 2.0465e-04
Loss = 8.0061e-02, PNorm = 124.6575, GNorm = 1.6728, lr_0 = 2.0465e-04
Loss = 9.2591e-02, PNorm = 124.6808, GNorm = 1.4004, lr_0 = 2.0465e-04
Loss = 8.7473e-02, PNorm = 124.7044, GNorm = 0.7333, lr_0 = 2.0465e-04
Loss = 6.4082e-02, PNorm = 124.7222, GNorm = 0.5909, lr_0 = 2.0465e-04
Loss = 8.1157e-02, PNorm = 124.7440, GNorm = 0.8372, lr_0 = 2.0465e-04
Loss = 6.6540e-02, PNorm = 124.7619, GNorm = 1.0471, lr_0 = 2.0465e-04
Loss = 6.1369e-02, PNorm = 124.7775, GNorm = 1.1690, lr_0 = 2.0465e-04
Loss = 5.9333e-02, PNorm = 124.7911, GNorm = 1.1287, lr_0 = 2.0465e-04
Loss = 6.4037e-02, PNorm = 124.8048, GNorm = 0.5850, lr_0 = 2.0465e-04
Loss = 6.7310e-02, PNorm = 124.8214, GNorm = 0.9778, lr_0 = 2.0465e-04
Loss = 6.2457e-02, PNorm = 124.8384, GNorm = 0.8946, lr_0 = 2.0465e-04
Loss = 6.9666e-02, PNorm = 124.8563, GNorm = 0.9427, lr_0 = 2.0465e-04
Loss = 6.3418e-02, PNorm = 124.8727, GNorm = 0.5178, lr_0 = 2.0465e-04
Validation rmse = 33.238464
Epoch 17
Loss = 6.7070e-02, PNorm = 124.8887, GNorm = 0.5908, lr_0 = 2.0465e-04
Loss = 5.5652e-02, PNorm = 124.9073, GNorm = 0.6098, lr_0 = 2.0465e-04
Loss = 6.8348e-02, PNorm = 124.9198, GNorm = 0.7308, lr_0 = 2.0465e-04
Loss = 4.6988e-02, PNorm = 124.9340, GNorm = 0.4686, lr_0 = 2.0465e-04
Loss = 5.2937e-02, PNorm = 124.9456, GNorm = 0.3740, lr_0 = 2.0465e-04
Loss = 6.5702e-02, PNorm = 124.9586, GNorm = 0.4792, lr_0 = 2.0465e-04
Loss = 6.4486e-02, PNorm = 124.9723, GNorm = 0.4577, lr_0 = 2.0465e-04
Loss = 7.2903e-02, PNorm = 124.9921, GNorm = 0.6882, lr_0 = 2.0465e-04
Loss = 6.1359e-02, PNorm = 125.0077, GNorm = 0.7820, lr_0 = 2.0465e-04
Loss = 5.8533e-02, PNorm = 125.0241, GNorm = 0.7282, lr_0 = 2.0465e-04
Loss = 6.5575e-02, PNorm = 125.0416, GNorm = 0.9262, lr_0 = 2.0465e-04
Loss = 5.9461e-02, PNorm = 125.0596, GNorm = 0.6206, lr_0 = 2.0465e-04
Loss = 7.7764e-02, PNorm = 125.0751, GNorm = 1.0969, lr_0 = 2.0465e-04
Loss = 6.3655e-02, PNorm = 125.0932, GNorm = 0.5175, lr_0 = 2.0465e-04
Loss = 6.0255e-02, PNorm = 125.1114, GNorm = 0.8746, lr_0 = 2.0465e-04
Loss = 5.8662e-02, PNorm = 125.1269, GNorm = 0.6922, lr_0 = 2.0465e-04
Loss = 7.6651e-02, PNorm = 125.1426, GNorm = 0.5387, lr_0 = 2.0465e-04
Loss = 6.2940e-02, PNorm = 125.1563, GNorm = 1.3040, lr_0 = 2.0465e-04
Loss = 7.1051e-02, PNorm = 125.1732, GNorm = 1.7006, lr_0 = 2.0465e-04
Validation rmse = 32.620739
Epoch 18
Loss = 6.0288e-02, PNorm = 125.1902, GNorm = 0.5215, lr_0 = 2.0465e-04
Loss = 7.1028e-02, PNorm = 125.2074, GNorm = 1.1215, lr_0 = 2.0465e-04
Loss = 6.4853e-02, PNorm = 125.2254, GNorm = 0.9021, lr_0 = 2.0465e-04
Loss = 8.0554e-02, PNorm = 125.2459, GNorm = 1.3858, lr_0 = 2.0465e-04
Loss = 6.4170e-02, PNorm = 125.2648, GNorm = 0.6915, lr_0 = 2.0465e-04
Loss = 5.2613e-02, PNorm = 125.2791, GNorm = 1.4973, lr_0 = 2.0465e-04
Loss = 6.4338e-02, PNorm = 125.2912, GNorm = 0.3944, lr_0 = 2.0465e-04
Loss = 6.0827e-02, PNorm = 125.3076, GNorm = 1.0982, lr_0 = 2.0465e-04
Loss = 6.7317e-02, PNorm = 125.3257, GNorm = 0.5825, lr_0 = 2.0465e-04
Loss = 5.9958e-02, PNorm = 125.3436, GNorm = 1.0173, lr_0 = 2.0465e-04
Loss = 5.9870e-02, PNorm = 125.3592, GNorm = 0.3872, lr_0 = 2.0465e-04
Loss = 5.7115e-02, PNorm = 125.3756, GNorm = 0.5288, lr_0 = 2.0465e-04
Loss = 6.1782e-02, PNorm = 125.3943, GNorm = 0.8978, lr_0 = 2.0465e-04
Loss = 6.1921e-02, PNorm = 125.4118, GNorm = 1.0100, lr_0 = 2.0465e-04
Loss = 6.4795e-02, PNorm = 125.4281, GNorm = 0.9495, lr_0 = 2.0465e-04
Loss = 6.2561e-02, PNorm = 125.4473, GNorm = 0.9428, lr_0 = 2.0465e-04
Loss = 6.9234e-02, PNorm = 125.4668, GNorm = 1.0265, lr_0 = 2.0465e-04
Loss = 6.4470e-02, PNorm = 125.4850, GNorm = 0.6372, lr_0 = 2.0465e-04
Validation rmse = 33.104015
Epoch 19
Loss = 5.2207e-02, PNorm = 125.5032, GNorm = 0.7137, lr_0 = 2.0465e-04
Loss = 6.2946e-02, PNorm = 125.5220, GNorm = 1.5908, lr_0 = 2.0465e-04
Loss = 6.2910e-02, PNorm = 125.5373, GNorm = 0.9476, lr_0 = 2.0465e-04
Loss = 7.0081e-02, PNorm = 125.5583, GNorm = 1.5407, lr_0 = 2.0465e-04
Loss = 6.9093e-02, PNorm = 125.5778, GNorm = 1.6543, lr_0 = 2.0465e-04
Loss = 4.9108e-02, PNorm = 125.5964, GNorm = 0.4506, lr_0 = 2.0465e-04
Loss = 6.2021e-02, PNorm = 125.6106, GNorm = 0.7143, lr_0 = 2.0465e-04
Loss = 5.7917e-02, PNorm = 125.6301, GNorm = 0.8768, lr_0 = 2.0465e-04
Loss = 6.4563e-02, PNorm = 125.6473, GNorm = 0.7442, lr_0 = 2.0465e-04
Loss = 6.1733e-02, PNorm = 125.6616, GNorm = 1.8745, lr_0 = 2.0465e-04
Loss = 5.7715e-02, PNorm = 125.6758, GNorm = 0.7427, lr_0 = 2.0465e-04
Loss = 6.0166e-02, PNorm = 125.6936, GNorm = 0.7338, lr_0 = 2.0465e-04
Loss = 5.8138e-02, PNorm = 125.7134, GNorm = 0.5029, lr_0 = 2.0465e-04
Loss = 5.4840e-02, PNorm = 125.7281, GNorm = 0.7508, lr_0 = 2.0465e-04
Loss = 7.6651e-02, PNorm = 125.7424, GNorm = 1.0755, lr_0 = 2.0465e-04
Loss = 7.2711e-02, PNorm = 125.7604, GNorm = 0.3869, lr_0 = 2.0465e-04
Loss = 6.2278e-02, PNorm = 125.7799, GNorm = 1.0706, lr_0 = 2.0465e-04
Loss = 6.0190e-02, PNorm = 125.7976, GNorm = 0.6706, lr_0 = 2.0465e-04
Validation rmse = 32.121857
Epoch 20
Loss = 5.1207e-02, PNorm = 125.8133, GNorm = 0.5244, lr_0 = 2.0465e-04
Loss = 4.9497e-02, PNorm = 125.8285, GNorm = 1.6202, lr_0 = 2.0465e-04
Loss = 5.9470e-02, PNorm = 125.8423, GNorm = 0.5857, lr_0 = 2.0465e-04
Loss = 6.1203e-02, PNorm = 125.8605, GNorm = 0.5332, lr_0 = 2.0465e-04
Loss = 7.1865e-02, PNorm = 125.8829, GNorm = 1.5282, lr_0 = 2.0465e-04
Loss = 6.3830e-02, PNorm = 125.9028, GNorm = 0.7465, lr_0 = 2.0465e-04
Loss = 6.3086e-02, PNorm = 125.9221, GNorm = 0.9681, lr_0 = 2.0465e-04
Loss = 5.3278e-02, PNorm = 125.9400, GNorm = 0.5066, lr_0 = 2.0465e-04
Loss = 5.6630e-02, PNorm = 125.9594, GNorm = 0.5423, lr_0 = 2.0465e-04
Loss = 4.9375e-02, PNorm = 125.9769, GNorm = 0.7471, lr_0 = 2.0465e-04
Loss = 5.8950e-02, PNorm = 125.9918, GNorm = 1.0128, lr_0 = 2.0465e-04
Loss = 5.9145e-02, PNorm = 126.0080, GNorm = 0.3779, lr_0 = 2.0465e-04
Loss = 5.2194e-02, PNorm = 126.0228, GNorm = 0.4135, lr_0 = 2.0465e-04
Loss = 6.0051e-02, PNorm = 126.0392, GNorm = 0.4717, lr_0 = 2.0465e-04
Loss = 6.2464e-02, PNorm = 126.0581, GNorm = 0.6162, lr_0 = 2.0465e-04
Loss = 5.5517e-02, PNorm = 126.0728, GNorm = 0.5970, lr_0 = 2.0465e-04
Loss = 5.7430e-02, PNorm = 126.0868, GNorm = 1.1317, lr_0 = 2.0465e-04
Loss = 5.5057e-02, PNorm = 126.1008, GNorm = 0.5098, lr_0 = 2.0465e-04
Loss = 6.3183e-02, PNorm = 126.1175, GNorm = 1.1658, lr_0 = 2.0465e-04
Validation rmse = 31.367807
Epoch 21
Loss = 5.1241e-02, PNorm = 126.1350, GNorm = 0.6185, lr_0 = 2.0465e-04
Loss = 5.3909e-02, PNorm = 126.1524, GNorm = 0.5501, lr_0 = 2.0465e-04
Loss = 4.5324e-02, PNorm = 126.1695, GNorm = 0.9234, lr_0 = 2.0465e-04
Loss = 4.0182e-02, PNorm = 126.1821, GNorm = 0.4716, lr_0 = 2.0465e-04
Loss = 4.7313e-02, PNorm = 126.1952, GNorm = 0.3362, lr_0 = 2.0465e-04
Loss = 5.1242e-02, PNorm = 126.2092, GNorm = 0.4146, lr_0 = 2.0465e-04
Loss = 4.7962e-02, PNorm = 126.2230, GNorm = 0.5548, lr_0 = 2.0465e-04
Loss = 5.1994e-02, PNorm = 126.2355, GNorm = 0.8146, lr_0 = 2.0465e-04
Loss = 5.1389e-02, PNorm = 126.2487, GNorm = 0.5487, lr_0 = 2.0465e-04
Loss = 4.7314e-02, PNorm = 126.2625, GNorm = 1.0099, lr_0 = 2.0465e-04
Loss = 5.3698e-02, PNorm = 126.2764, GNorm = 0.5438, lr_0 = 2.0465e-04
Loss = 5.9011e-02, PNorm = 126.2923, GNorm = 0.9285, lr_0 = 2.0465e-04
Loss = 6.0995e-02, PNorm = 126.3114, GNorm = 1.3245, lr_0 = 2.0465e-04
Loss = 5.3725e-02, PNorm = 126.3312, GNorm = 0.9157, lr_0 = 2.0465e-04
Loss = 4.6372e-02, PNorm = 126.3460, GNorm = 1.2342, lr_0 = 2.0465e-04
Loss = 6.3284e-02, PNorm = 126.3648, GNorm = 1.9487, lr_0 = 2.0465e-04
Loss = 5.6836e-02, PNorm = 126.3842, GNorm = 0.4659, lr_0 = 2.0465e-04
Loss = 5.5984e-02, PNorm = 126.4037, GNorm = 1.6336, lr_0 = 2.0465e-04
Validation rmse = 32.697535
Epoch 22
Loss = 6.1524e-02, PNorm = 126.4255, GNorm = 0.8289, lr_0 = 2.0465e-04
Loss = 4.9706e-02, PNorm = 126.4478, GNorm = 0.7447, lr_0 = 2.0465e-04
Loss = 5.2137e-02, PNorm = 126.4658, GNorm = 0.4217, lr_0 = 2.0465e-04
Loss = 4.8391e-02, PNorm = 126.4827, GNorm = 0.4904, lr_0 = 2.0465e-04
Loss = 4.7734e-02, PNorm = 126.4971, GNorm = 0.6248, lr_0 = 2.0465e-04
Loss = 4.5000e-02, PNorm = 126.5100, GNorm = 1.3646, lr_0 = 2.0465e-04
Loss = 5.2187e-02, PNorm = 126.5257, GNorm = 0.8489, lr_0 = 2.0465e-04
Loss = 5.1614e-02, PNorm = 126.5427, GNorm = 0.8315, lr_0 = 2.0465e-04
Loss = 4.8070e-02, PNorm = 126.5565, GNorm = 0.5708, lr_0 = 2.0465e-04
Loss = 5.4785e-02, PNorm = 126.5688, GNorm = 1.3096, lr_0 = 2.0465e-04
Loss = 4.8932e-02, PNorm = 126.5869, GNorm = 0.8345, lr_0 = 2.0465e-04
Loss = 5.0795e-02, PNorm = 126.6029, GNorm = 0.5933, lr_0 = 2.0465e-04
Loss = 4.8237e-02, PNorm = 126.6157, GNorm = 0.4806, lr_0 = 2.0465e-04
Loss = 6.3069e-02, PNorm = 126.6355, GNorm = 0.6515, lr_0 = 2.0465e-04
Loss = 6.0564e-02, PNorm = 126.6554, GNorm = 0.5942, lr_0 = 2.0465e-04
Loss = 4.9395e-02, PNorm = 126.6737, GNorm = 0.7939, lr_0 = 2.0465e-04
Loss = 5.3617e-02, PNorm = 126.6918, GNorm = 0.8165, lr_0 = 2.0465e-04
Loss = 5.9447e-02, PNorm = 126.7067, GNorm = 0.6801, lr_0 = 2.0465e-04
Loss = 4.9794e-02, PNorm = 126.7268, GNorm = 1.3227, lr_0 = 2.0465e-04
Validation rmse = 30.607498
Epoch 23
Loss = 5.9885e-02, PNorm = 126.7427, GNorm = 1.1393, lr_0 = 2.0465e-04
Loss = 4.7339e-02, PNorm = 126.7622, GNorm = 0.5399, lr_0 = 2.0465e-04
Loss = 5.3623e-02, PNorm = 126.7800, GNorm = 0.6204, lr_0 = 2.0465e-04
Loss = 5.1242e-02, PNorm = 126.8046, GNorm = 0.4542, lr_0 = 2.0465e-04
Loss = 4.4398e-02, PNorm = 126.8254, GNorm = 0.5612, lr_0 = 2.0465e-04
Loss = 5.2232e-02, PNorm = 126.8431, GNorm = 0.8529, lr_0 = 2.0465e-04
Loss = 5.7451e-02, PNorm = 126.8604, GNorm = 0.4266, lr_0 = 2.0465e-04
Loss = 5.3212e-02, PNorm = 126.8802, GNorm = 0.5483, lr_0 = 2.0465e-04
Loss = 5.2394e-02, PNorm = 126.8991, GNorm = 1.0285, lr_0 = 2.0465e-04
Loss = 4.8865e-02, PNorm = 126.9170, GNorm = 0.9277, lr_0 = 2.0465e-04
Loss = 4.9875e-02, PNorm = 126.9343, GNorm = 1.1459, lr_0 = 2.0465e-04
Loss = 4.7012e-02, PNorm = 126.9503, GNorm = 0.3486, lr_0 = 2.0465e-04
Loss = 4.5175e-02, PNorm = 126.9653, GNorm = 0.5047, lr_0 = 2.0465e-04
Loss = 4.9781e-02, PNorm = 126.9805, GNorm = 0.8562, lr_0 = 2.0465e-04
Loss = 4.9908e-02, PNorm = 126.9984, GNorm = 0.6562, lr_0 = 2.0465e-04
Loss = 6.2144e-02, PNorm = 127.0169, GNorm = 1.5194, lr_0 = 2.0465e-04
Loss = 4.8937e-02, PNorm = 127.0343, GNorm = 0.5265, lr_0 = 2.0465e-04
Loss = 4.2582e-02, PNorm = 127.0520, GNorm = 0.7139, lr_0 = 2.0465e-04
Validation rmse = 29.641052
Epoch 24
Loss = 4.9725e-02, PNorm = 127.0678, GNorm = 0.5136, lr_0 = 2.0465e-04
Loss = 5.4032e-02, PNorm = 127.0858, GNorm = 0.4310, lr_0 = 2.0465e-04
Loss = 5.2982e-02, PNorm = 127.1035, GNorm = 0.5153, lr_0 = 2.0465e-04
Loss = 5.3270e-02, PNorm = 127.1238, GNorm = 0.6195, lr_0 = 2.0465e-04
Loss = 4.6898e-02, PNorm = 127.1433, GNorm = 0.6399, lr_0 = 2.0465e-04
Loss = 4.5347e-02, PNorm = 127.1603, GNorm = 0.5429, lr_0 = 2.0465e-04
Loss = 4.7723e-02, PNorm = 127.1760, GNorm = 0.6323, lr_0 = 2.0465e-04
Loss = 5.7786e-02, PNorm = 127.1951, GNorm = 1.1565, lr_0 = 2.0465e-04
Loss = 5.4446e-02, PNorm = 127.2172, GNorm = 1.3560, lr_0 = 2.0465e-04
Loss = 4.2338e-02, PNorm = 127.2362, GNorm = 0.4915, lr_0 = 2.0465e-04
Loss = 4.0722e-02, PNorm = 127.2538, GNorm = 0.8312, lr_0 = 2.0465e-04
Loss = 3.7742e-02, PNorm = 127.2691, GNorm = 0.8101, lr_0 = 2.0465e-04
Loss = 4.4555e-02, PNorm = 127.2838, GNorm = 0.6406, lr_0 = 2.0465e-04
Loss = 4.1809e-02, PNorm = 127.2978, GNorm = 1.0486, lr_0 = 2.0465e-04
Loss = 5.0861e-02, PNorm = 127.3168, GNorm = 0.6795, lr_0 = 2.0465e-04
Loss = 4.9713e-02, PNorm = 127.3343, GNorm = 0.9032, lr_0 = 2.0465e-04
Loss = 6.0759e-02, PNorm = 127.3520, GNorm = 0.5594, lr_0 = 2.0465e-04
Loss = 4.6811e-02, PNorm = 127.3708, GNorm = 0.3810, lr_0 = 2.0465e-04
Validation rmse = 31.030028
Epoch 25
Loss = 5.2569e-02, PNorm = 127.3957, GNorm = 0.4424, lr_0 = 2.0465e-04
Loss = 4.4364e-02, PNorm = 127.4181, GNorm = 0.6064, lr_0 = 2.0465e-04
Loss = 4.9575e-02, PNorm = 127.4364, GNorm = 0.5711, lr_0 = 2.0465e-04
Loss = 4.0808e-02, PNorm = 127.4551, GNorm = 0.4639, lr_0 = 2.0465e-04
Loss = 5.6584e-02, PNorm = 127.4765, GNorm = 0.3694, lr_0 = 2.0465e-04
Loss = 6.2671e-02, PNorm = 127.4984, GNorm = 2.3642, lr_0 = 2.0465e-04
Loss = 7.1915e-02, PNorm = 127.5238, GNorm = 0.6500, lr_0 = 2.0465e-04
Loss = 6.0517e-02, PNorm = 127.5552, GNorm = 1.1562, lr_0 = 2.0465e-04
Loss = 4.5089e-02, PNorm = 127.5741, GNorm = 1.0112, lr_0 = 2.0465e-04
Loss = 4.0971e-02, PNorm = 127.5926, GNorm = 0.6467, lr_0 = 2.0465e-04
Loss = 4.3001e-02, PNorm = 127.6096, GNorm = 0.4039, lr_0 = 2.0465e-04
Loss = 3.4727e-02, PNorm = 127.6251, GNorm = 0.3669, lr_0 = 2.0465e-04
Loss = 4.4222e-02, PNorm = 127.6377, GNorm = 0.4798, lr_0 = 2.0465e-04
Loss = 4.6667e-02, PNorm = 127.6521, GNorm = 1.0342, lr_0 = 2.0465e-04
Loss = 4.8200e-02, PNorm = 127.6701, GNorm = 0.5693, lr_0 = 2.0465e-04
Loss = 5.2267e-02, PNorm = 127.6893, GNorm = 0.6044, lr_0 = 2.0465e-04
Loss = 4.5435e-02, PNorm = 127.7069, GNorm = 0.5519, lr_0 = 2.0465e-04
Loss = 3.8742e-02, PNorm = 127.7259, GNorm = 0.4088, lr_0 = 2.0465e-04
Loss = 5.0302e-02, PNorm = 127.7419, GNorm = 1.1949, lr_0 = 2.0465e-04
Validation rmse = 30.169308
Epoch 26
Loss = 4.7118e-02, PNorm = 127.7609, GNorm = 0.5862, lr_0 = 2.0465e-04
Loss = 5.2526e-02, PNorm = 127.7790, GNorm = 1.1479, lr_0 = 2.0465e-04
Loss = 4.6339e-02, PNorm = 127.8005, GNorm = 0.7265, lr_0 = 2.0465e-04
Loss = 4.0987e-02, PNorm = 127.8202, GNorm = 0.4528, lr_0 = 2.0465e-04
Loss = 4.9263e-02, PNorm = 127.8401, GNorm = 0.7637, lr_0 = 2.0465e-04
Loss = 4.4019e-02, PNorm = 127.8594, GNorm = 0.4150, lr_0 = 2.0465e-04
Loss = 3.9536e-02, PNorm = 127.8749, GNorm = 0.4112, lr_0 = 2.0465e-04
Loss = 4.3706e-02, PNorm = 127.8866, GNorm = 0.4928, lr_0 = 2.0465e-04
Loss = 3.8091e-02, PNorm = 127.8989, GNorm = 0.6715, lr_0 = 2.0465e-04
Loss = 4.7536e-02, PNorm = 127.9172, GNorm = 0.9287, lr_0 = 2.0465e-04
Loss = 5.3669e-02, PNorm = 127.9335, GNorm = 0.7302, lr_0 = 2.0465e-04
Loss = 4.3769e-02, PNorm = 127.9523, GNorm = 0.6705, lr_0 = 2.0465e-04
Loss = 4.5386e-02, PNorm = 127.9715, GNorm = 0.6848, lr_0 = 2.0465e-04
Loss = 4.5233e-02, PNorm = 127.9934, GNorm = 0.4350, lr_0 = 2.0465e-04
Loss = 3.6649e-02, PNorm = 128.0122, GNorm = 0.7423, lr_0 = 2.0465e-04
Loss = 3.8587e-02, PNorm = 128.0265, GNorm = 0.3745, lr_0 = 2.0465e-04
Loss = 4.1008e-02, PNorm = 128.0405, GNorm = 0.6023, lr_0 = 2.0465e-04
Loss = 3.6732e-02, PNorm = 128.0602, GNorm = 0.4370, lr_0 = 2.0465e-04
Validation rmse = 28.904785
Epoch 27
Loss = 4.3969e-02, PNorm = 128.0786, GNorm = 0.8178, lr_0 = 2.0465e-04
Loss = 3.8891e-02, PNorm = 128.0959, GNorm = 0.5239, lr_0 = 2.0465e-04
Loss = 4.3325e-02, PNorm = 128.1117, GNorm = 0.8183, lr_0 = 2.0465e-04
Loss = 3.6987e-02, PNorm = 128.1326, GNorm = 0.8501, lr_0 = 2.0465e-04
Loss = 4.5491e-02, PNorm = 128.1511, GNorm = 0.6323, lr_0 = 2.0465e-04
Loss = 4.3930e-02, PNorm = 128.1708, GNorm = 0.5507, lr_0 = 2.0465e-04
Loss = 4.3778e-02, PNorm = 128.1902, GNorm = 1.2549, lr_0 = 2.0465e-04
Loss = 4.2538e-02, PNorm = 128.2070, GNorm = 1.1179, lr_0 = 2.0465e-04
Loss = 4.6286e-02, PNorm = 128.2263, GNorm = 0.5739, lr_0 = 2.0465e-04
Loss = 4.3454e-02, PNorm = 128.2438, GNorm = 0.6489, lr_0 = 2.0465e-04
Loss = 4.0270e-02, PNorm = 128.2650, GNorm = 0.7235, lr_0 = 2.0465e-04
Loss = 4.1660e-02, PNorm = 128.2822, GNorm = 0.6972, lr_0 = 2.0465e-04
Loss = 4.7277e-02, PNorm = 128.3050, GNorm = 1.0682, lr_0 = 2.0465e-04
Loss = 4.8528e-02, PNorm = 128.3239, GNorm = 0.5718, lr_0 = 2.0465e-04
Loss = 4.1197e-02, PNorm = 128.3421, GNorm = 0.5637, lr_0 = 2.0465e-04
Loss = 3.4934e-02, PNorm = 128.3596, GNorm = 0.5773, lr_0 = 2.0465e-04
Loss = 3.9481e-02, PNorm = 128.3756, GNorm = 0.7185, lr_0 = 2.0465e-04
Loss = 3.7465e-02, PNorm = 128.3955, GNorm = 0.3518, lr_0 = 2.0465e-04
Validation rmse = 29.801919
Epoch 28
Loss = 2.6037e-02, PNorm = 128.4110, GNorm = 0.4258, lr_0 = 2.0465e-04
Loss = 4.2874e-02, PNorm = 128.4263, GNorm = 0.4266, lr_0 = 2.0465e-04
Loss = 3.5432e-02, PNorm = 128.4455, GNorm = 0.3393, lr_0 = 2.0465e-04
Loss = 4.1179e-02, PNorm = 128.4669, GNorm = 0.8030, lr_0 = 2.0465e-04
Loss = 4.0478e-02, PNorm = 128.4867, GNorm = 0.8418, lr_0 = 2.0465e-04
Loss = 4.1620e-02, PNorm = 128.5062, GNorm = 0.4831, lr_0 = 2.0465e-04
Loss = 3.8954e-02, PNorm = 128.5249, GNorm = 0.4447, lr_0 = 2.0465e-04
Loss = 4.1587e-02, PNorm = 128.5424, GNorm = 0.3005, lr_0 = 2.0465e-04
Loss = 4.0930e-02, PNorm = 128.5612, GNorm = 0.4714, lr_0 = 2.0465e-04
Loss = 3.5276e-02, PNorm = 128.5747, GNorm = 0.6690, lr_0 = 2.0465e-04
Loss = 4.4929e-02, PNorm = 128.5895, GNorm = 0.8617, lr_0 = 2.0465e-04
Loss = 4.0937e-02, PNorm = 128.6091, GNorm = 0.8941, lr_0 = 2.0465e-04
Loss = 4.2274e-02, PNorm = 128.6299, GNorm = 0.7326, lr_0 = 2.0465e-04
Loss = 5.0868e-02, PNorm = 128.6485, GNorm = 0.4519, lr_0 = 2.0465e-04
Loss = 3.7572e-02, PNorm = 128.6660, GNorm = 0.3957, lr_0 = 2.0465e-04
Loss = 4.7358e-02, PNorm = 128.6864, GNorm = 0.3914, lr_0 = 2.0465e-04
Loss = 4.5896e-02, PNorm = 128.7086, GNorm = 0.4721, lr_0 = 2.0465e-04
Loss = 4.3255e-02, PNorm = 128.7260, GNorm = 0.4567, lr_0 = 2.0465e-04
Loss = 4.4815e-02, PNorm = 128.7486, GNorm = 0.6236, lr_0 = 2.0465e-04
Validation rmse = 28.950535
Epoch 29
Loss = 3.7843e-02, PNorm = 128.7675, GNorm = 0.5652, lr_0 = 2.0465e-04
Loss = 4.3943e-02, PNorm = 128.7922, GNorm = 0.7260, lr_0 = 2.0465e-04
Loss = 4.2117e-02, PNorm = 128.8145, GNorm = 0.3410, lr_0 = 2.0465e-04
Loss = 5.1273e-02, PNorm = 128.8357, GNorm = 1.1947, lr_0 = 2.0465e-04
Loss = 4.4783e-02, PNorm = 128.8581, GNorm = 0.7981, lr_0 = 2.0465e-04
Loss = 4.0773e-02, PNorm = 128.8777, GNorm = 0.4752, lr_0 = 2.0465e-04
Loss = 4.3774e-02, PNorm = 128.8956, GNorm = 0.7546, lr_0 = 2.0465e-04
Loss = 5.3262e-02, PNorm = 128.9169, GNorm = 0.4405, lr_0 = 2.0465e-04
Loss = 4.1370e-02, PNorm = 128.9397, GNorm = 0.6636, lr_0 = 2.0465e-04
Loss = 3.7572e-02, PNorm = 128.9620, GNorm = 0.4883, lr_0 = 2.0465e-04
Loss = 3.7134e-02, PNorm = 128.9757, GNorm = 0.7790, lr_0 = 2.0465e-04
Loss = 4.1762e-02, PNorm = 128.9937, GNorm = 0.5105, lr_0 = 2.0465e-04
Loss = 4.0186e-02, PNorm = 129.0130, GNorm = 1.2634, lr_0 = 2.0465e-04
Loss = 4.6399e-02, PNorm = 129.0344, GNorm = 0.3277, lr_0 = 2.0465e-04
Loss = 4.5047e-02, PNorm = 129.0599, GNorm = 0.6521, lr_0 = 2.0465e-04
Loss = 5.0069e-02, PNorm = 129.0850, GNorm = 0.6669, lr_0 = 2.0465e-04
Loss = 4.6353e-02, PNorm = 129.1078, GNorm = 0.5240, lr_0 = 2.0465e-04
Loss = 3.7680e-02, PNorm = 129.1286, GNorm = 0.5775, lr_0 = 2.0465e-04
Validation rmse = 30.069123
Epoch 30
Loss = 4.6733e-02, PNorm = 129.1474, GNorm = 0.8334, lr_0 = 2.0465e-04
Loss = 4.3307e-02, PNorm = 129.1695, GNorm = 0.7465, lr_0 = 2.0465e-04
Loss = 3.3353e-02, PNorm = 129.1892, GNorm = 0.3184, lr_0 = 2.0465e-04
Loss = 3.8852e-02, PNorm = 129.2064, GNorm = 0.5256, lr_0 = 2.0465e-04
Loss = 3.3646e-02, PNorm = 129.2225, GNorm = 0.7148, lr_0 = 2.0465e-04
Loss = 3.7669e-02, PNorm = 129.2401, GNorm = 0.4019, lr_0 = 2.0465e-04
Loss = 3.7223e-02, PNorm = 129.2566, GNorm = 0.2974, lr_0 = 2.0465e-04
Loss = 4.0484e-02, PNorm = 129.2728, GNorm = 0.4805, lr_0 = 2.0465e-04
Loss = 5.0221e-02, PNorm = 129.2882, GNorm = 0.6914, lr_0 = 2.0465e-04
Loss = 3.9889e-02, PNorm = 129.3082, GNorm = 0.3639, lr_0 = 2.0465e-04
Loss = 3.4063e-02, PNorm = 129.3280, GNorm = 0.6230, lr_0 = 2.0465e-04
Loss = 3.7258e-02, PNorm = 129.3431, GNorm = 0.4853, lr_0 = 2.0465e-04
Loss = 3.2997e-02, PNorm = 129.3611, GNorm = 0.4905, lr_0 = 2.0465e-04
Loss = 3.4956e-02, PNorm = 129.3814, GNorm = 0.7108, lr_0 = 2.0465e-04
Loss = 3.5536e-02, PNorm = 129.4001, GNorm = 0.3760, lr_0 = 2.0465e-04
Loss = 3.0980e-02, PNorm = 129.4155, GNorm = 0.5595, lr_0 = 2.0465e-04
Loss = 3.3774e-02, PNorm = 129.4311, GNorm = 0.8063, lr_0 = 2.0465e-04
Loss = 4.5188e-02, PNorm = 129.4474, GNorm = 0.3731, lr_0 = 2.0465e-04
Loss = 4.1709e-02, PNorm = 129.4664, GNorm = 0.3706, lr_0 = 2.0465e-04
Validation rmse = 28.894463
Epoch 31
Loss = 3.9022e-02, PNorm = 129.4906, GNorm = 0.5205, lr_0 = 2.0465e-04
Loss = 3.4941e-02, PNorm = 129.5126, GNorm = 0.7657, lr_0 = 2.0465e-04
Loss = 3.7740e-02, PNorm = 129.5293, GNorm = 0.4918, lr_0 = 2.0465e-04
Loss = 3.9679e-02, PNorm = 129.5492, GNorm = 0.5956, lr_0 = 2.0465e-04
Loss = 3.8369e-02, PNorm = 129.5682, GNorm = 0.8297, lr_0 = 2.0465e-04
Loss = 3.7587e-02, PNorm = 129.5843, GNorm = 0.4141, lr_0 = 2.0465e-04
Loss = 3.4499e-02, PNorm = 129.6021, GNorm = 0.3462, lr_0 = 2.0465e-04
Loss = 4.3255e-02, PNorm = 129.6224, GNorm = 0.6939, lr_0 = 2.0465e-04
Loss = 3.8576e-02, PNorm = 129.6432, GNorm = 0.3250, lr_0 = 2.0465e-04
Loss = 3.3571e-02, PNorm = 129.6631, GNorm = 0.4991, lr_0 = 2.0465e-04
Loss = 3.2028e-02, PNorm = 129.6779, GNorm = 0.4792, lr_0 = 2.0465e-04
Loss = 3.8315e-02, PNorm = 129.6989, GNorm = 0.6333, lr_0 = 2.0465e-04
Loss = 4.4294e-02, PNorm = 129.7218, GNorm = 0.5335, lr_0 = 2.0465e-04
Loss = 3.2036e-02, PNorm = 129.7402, GNorm = 0.3856, lr_0 = 2.0465e-04
Loss = 3.2880e-02, PNorm = 129.7602, GNorm = 0.3108, lr_0 = 2.0465e-04
Loss = 3.6838e-02, PNorm = 129.7796, GNorm = 0.5560, lr_0 = 2.0465e-04
Loss = 3.3498e-02, PNorm = 129.7959, GNorm = 0.7761, lr_0 = 2.0465e-04
Loss = 4.2477e-02, PNorm = 129.8182, GNorm = 0.5383, lr_0 = 2.0465e-04
Validation rmse = 28.883380
Epoch 32
Loss = 3.4874e-02, PNorm = 129.8413, GNorm = 0.5310, lr_0 = 2.0465e-04
Loss = 4.0337e-02, PNorm = 129.8656, GNorm = 0.4937, lr_0 = 2.0465e-04
Loss = 3.3663e-02, PNorm = 129.8864, GNorm = 0.7691, lr_0 = 2.0465e-04
Loss = 4.0030e-02, PNorm = 129.9044, GNorm = 0.4469, lr_0 = 2.0465e-04
Loss = 3.9052e-02, PNorm = 129.9274, GNorm = 0.3233, lr_0 = 2.0465e-04
Loss = 3.6700e-02, PNorm = 129.9469, GNorm = 0.5625, lr_0 = 2.0465e-04
Loss = 3.4513e-02, PNorm = 129.9635, GNorm = 0.5076, lr_0 = 2.0465e-04
Loss = 3.2578e-02, PNorm = 129.9808, GNorm = 0.4918, lr_0 = 2.0465e-04
Loss = 2.7799e-02, PNorm = 129.9995, GNorm = 0.2558, lr_0 = 2.0465e-04
Loss = 3.0074e-02, PNorm = 130.0115, GNorm = 0.4596, lr_0 = 2.0465e-04
Loss = 3.0397e-02, PNorm = 130.0256, GNorm = 0.5173, lr_0 = 2.0465e-04
Loss = 3.5058e-02, PNorm = 130.0443, GNorm = 0.6798, lr_0 = 2.0465e-04
Loss = 3.3279e-02, PNorm = 130.0620, GNorm = 0.3447, lr_0 = 2.0465e-04
Loss = 3.4003e-02, PNorm = 130.0810, GNorm = 0.5521, lr_0 = 2.0465e-04
Loss = 3.4690e-02, PNorm = 130.0970, GNorm = 0.5616, lr_0 = 2.0465e-04
Loss = 3.6310e-02, PNorm = 130.1146, GNorm = 0.6214, lr_0 = 2.0465e-04
Loss = 3.6207e-02, PNorm = 130.1300, GNorm = 0.4189, lr_0 = 2.0465e-04
Loss = 4.1821e-02, PNorm = 130.1497, GNorm = 0.8307, lr_0 = 2.0465e-04
Validation rmse = 29.572606
Epoch 33
Loss = 3.6739e-02, PNorm = 130.1753, GNorm = 0.7276, lr_0 = 2.0465e-04
Loss = 3.7212e-02, PNorm = 130.1991, GNorm = 0.7924, lr_0 = 2.0465e-04
Loss = 2.9379e-02, PNorm = 130.2205, GNorm = 0.3914, lr_0 = 2.0465e-04
Loss = 3.5038e-02, PNorm = 130.2397, GNorm = 0.3545, lr_0 = 2.0465e-04
Loss = 3.4371e-02, PNorm = 130.2554, GNorm = 0.6431, lr_0 = 2.0465e-04
Loss = 4.0927e-02, PNorm = 130.2786, GNorm = 0.4672, lr_0 = 2.0465e-04
Loss = 3.5523e-02, PNorm = 130.3018, GNorm = 0.4510, lr_0 = 2.0465e-04
Loss = 3.7093e-02, PNorm = 130.3243, GNorm = 0.3722, lr_0 = 2.0465e-04
Loss = 3.4043e-02, PNorm = 130.3430, GNorm = 0.5645, lr_0 = 2.0465e-04
Loss = 3.6271e-02, PNorm = 130.3627, GNorm = 0.5986, lr_0 = 2.0465e-04
Loss = 3.3508e-02, PNorm = 130.3813, GNorm = 0.4367, lr_0 = 2.0465e-04
Loss = 3.7400e-02, PNorm = 130.4013, GNorm = 0.5430, lr_0 = 2.0465e-04
Loss = 3.5572e-02, PNorm = 130.4230, GNorm = 0.3808, lr_0 = 2.0465e-04
Loss = 3.1026e-02, PNorm = 130.4434, GNorm = 0.6042, lr_0 = 2.0465e-04
Loss = 3.7030e-02, PNorm = 130.4619, GNorm = 0.5068, lr_0 = 2.0465e-04
Loss = 3.6580e-02, PNorm = 130.4799, GNorm = 0.4633, lr_0 = 2.0465e-04
Loss = 3.6671e-02, PNorm = 130.4984, GNorm = 0.4419, lr_0 = 2.0465e-04
Loss = 3.8967e-02, PNorm = 130.5197, GNorm = 0.3717, lr_0 = 2.0465e-04
Loss = 3.3048e-02, PNorm = 130.5415, GNorm = 0.4332, lr_0 = 2.0465e-04
Validation rmse = 29.004669
Epoch 34
Loss = 4.1738e-02, PNorm = 130.5602, GNorm = 0.6018, lr_0 = 2.0465e-04
Loss = 3.6916e-02, PNorm = 130.5827, GNorm = 0.6184, lr_0 = 2.0465e-04
Loss = 3.9830e-02, PNorm = 130.6076, GNorm = 1.1231, lr_0 = 2.0465e-04
Loss = 3.5932e-02, PNorm = 130.6347, GNorm = 0.3650, lr_0 = 2.0465e-04
Loss = 3.1549e-02, PNorm = 130.6590, GNorm = 0.6462, lr_0 = 2.0465e-04
Loss = 3.3477e-02, PNorm = 130.6809, GNorm = 0.4202, lr_0 = 2.0465e-04
Loss = 3.8867e-02, PNorm = 130.6951, GNorm = 0.5380, lr_0 = 2.0465e-04
Loss = 3.0326e-02, PNorm = 130.7139, GNorm = 0.3079, lr_0 = 2.0465e-04
Loss = 3.4944e-02, PNorm = 130.7361, GNorm = 0.5535, lr_0 = 2.0465e-04
Loss = 3.0004e-02, PNorm = 130.7546, GNorm = 0.3334, lr_0 = 2.0465e-04
Loss = 3.5874e-02, PNorm = 130.7741, GNorm = 0.7504, lr_0 = 2.0465e-04
Loss = 3.4297e-02, PNorm = 130.7930, GNorm = 1.2488, lr_0 = 2.0465e-04
Loss = 3.7042e-02, PNorm = 130.8121, GNorm = 0.4357, lr_0 = 2.0465e-04
Loss = 3.7384e-02, PNorm = 130.8322, GNorm = 0.7228, lr_0 = 2.0465e-04
Loss = 3.4874e-02, PNorm = 130.8519, GNorm = 0.2759, lr_0 = 2.0465e-04
Loss = 3.1199e-02, PNorm = 130.8758, GNorm = 0.4782, lr_0 = 2.0465e-04
Loss = 3.3601e-02, PNorm = 130.8957, GNorm = 0.4957, lr_0 = 2.0465e-04
Loss = 3.0049e-02, PNorm = 130.9126, GNorm = 0.4103, lr_0 = 2.0465e-04
Validation rmse = 28.294140
Epoch 35
Loss = 2.8525e-02, PNorm = 130.9274, GNorm = 0.3214, lr_0 = 2.0465e-04
Loss = 3.0953e-02, PNorm = 130.9437, GNorm = 0.4202, lr_0 = 2.0465e-04
Loss = 2.9545e-02, PNorm = 130.9616, GNorm = 0.4016, lr_0 = 2.0465e-04
Loss = 3.4709e-02, PNorm = 130.9813, GNorm = 0.2093, lr_0 = 2.0465e-04
Loss = 2.9269e-02, PNorm = 131.0009, GNorm = 0.2845, lr_0 = 2.0465e-04
Loss = 3.8196e-02, PNorm = 131.0251, GNorm = 0.9746, lr_0 = 2.0465e-04
Loss = 3.3464e-02, PNorm = 131.0474, GNorm = 0.4660, lr_0 = 2.0465e-04
Loss = 3.8259e-02, PNorm = 131.0729, GNorm = 0.4868, lr_0 = 2.0465e-04
Loss = 3.7257e-02, PNorm = 131.0920, GNorm = 0.4197, lr_0 = 2.0465e-04
Loss = 2.5943e-02, PNorm = 131.1101, GNorm = 0.3974, lr_0 = 2.0465e-04
Loss = 3.2720e-02, PNorm = 131.1270, GNorm = 0.9467, lr_0 = 2.0465e-04
Loss = 3.5077e-02, PNorm = 131.1499, GNorm = 0.3134, lr_0 = 2.0465e-04
Loss = 4.1704e-02, PNorm = 131.1696, GNorm = 0.3568, lr_0 = 2.0465e-04
Loss = 3.2536e-02, PNorm = 131.1948, GNorm = 0.3019, lr_0 = 2.0465e-04
Loss = 3.2980e-02, PNorm = 131.2208, GNorm = 0.3474, lr_0 = 2.0465e-04
Loss = 3.1826e-02, PNorm = 131.2421, GNorm = 0.2748, lr_0 = 2.0465e-04
Loss = 3.3575e-02, PNorm = 131.2606, GNorm = 0.2740, lr_0 = 2.0465e-04
Loss = 2.8399e-02, PNorm = 131.2800, GNorm = 0.3528, lr_0 = 2.0465e-04
Loss = 3.1363e-02, PNorm = 131.2997, GNorm = 0.4808, lr_0 = 2.0465e-04
Validation rmse = 29.494559
Epoch 36
Loss = 3.6540e-02, PNorm = 131.3219, GNorm = 0.4423, lr_0 = 2.0465e-04
Loss = 3.0227e-02, PNorm = 131.3455, GNorm = 0.2905, lr_0 = 2.0465e-04
Loss = 3.4363e-02, PNorm = 131.3686, GNorm = 0.4469, lr_0 = 2.0465e-04
Loss = 2.8915e-02, PNorm = 131.3853, GNorm = 0.3114, lr_0 = 2.0465e-04
Loss = 3.8040e-02, PNorm = 131.4017, GNorm = 0.5397, lr_0 = 2.0465e-04
Loss = 3.0017e-02, PNorm = 131.4186, GNorm = 0.2725, lr_0 = 2.0465e-04
Loss = 2.8631e-02, PNorm = 131.4367, GNorm = 0.7183, lr_0 = 2.0465e-04
Loss = 2.8028e-02, PNorm = 131.4527, GNorm = 0.4006, lr_0 = 2.0465e-04
Loss = 2.6021e-02, PNorm = 131.4669, GNorm = 0.4847, lr_0 = 2.0465e-04
Loss = 3.1832e-02, PNorm = 131.4846, GNorm = 0.6616, lr_0 = 2.0465e-04
Loss = 2.4389e-02, PNorm = 131.5003, GNorm = 0.3182, lr_0 = 2.0465e-04
Loss = 3.2666e-02, PNorm = 131.5188, GNorm = 0.9327, lr_0 = 2.0465e-04
Loss = 3.1053e-02, PNorm = 131.5393, GNorm = 0.3522, lr_0 = 2.0465e-04
Loss = 3.3528e-02, PNorm = 131.5593, GNorm = 0.2828, lr_0 = 2.0465e-04
Loss = 2.4676e-02, PNorm = 131.5809, GNorm = 0.2978, lr_0 = 2.0465e-04
Loss = 3.4310e-02, PNorm = 131.6022, GNorm = 0.7053, lr_0 = 2.0465e-04
Loss = 2.8573e-02, PNorm = 131.6220, GNorm = 0.1793, lr_0 = 2.0465e-04
Loss = 2.9122e-02, PNorm = 131.6418, GNorm = 0.2508, lr_0 = 2.0465e-04
Validation rmse = 28.120834
Epoch 37
Loss = 2.9404e-02, PNorm = 131.6649, GNorm = 0.4788, lr_0 = 2.0465e-04
Loss = 3.2098e-02, PNorm = 131.6844, GNorm = 0.5575, lr_0 = 2.0465e-04
Loss = 3.0118e-02, PNorm = 131.7038, GNorm = 0.3717, lr_0 = 2.0465e-04
Loss = 2.9771e-02, PNorm = 131.7245, GNorm = 0.6681, lr_0 = 2.0465e-04
Loss = 2.7513e-02, PNorm = 131.7482, GNorm = 0.2849, lr_0 = 2.0465e-04
Loss = 2.7636e-02, PNorm = 131.7679, GNorm = 0.3581, lr_0 = 2.0465e-04
Loss = 3.9038e-02, PNorm = 131.7875, GNorm = 0.5842, lr_0 = 2.0465e-04
Loss = 3.0546e-02, PNorm = 131.8155, GNorm = 0.7256, lr_0 = 2.0465e-04
Loss = 3.4603e-02, PNorm = 131.8417, GNorm = 0.4586, lr_0 = 2.0465e-04
Loss = 2.8659e-02, PNorm = 131.8625, GNorm = 0.2960, lr_0 = 2.0465e-04
Loss = 3.0559e-02, PNorm = 131.8813, GNorm = 0.6293, lr_0 = 2.0465e-04
Loss = 3.3734e-02, PNorm = 131.9003, GNorm = 0.5583, lr_0 = 2.0465e-04
Loss = 3.0052e-02, PNorm = 131.9213, GNorm = 0.4734, lr_0 = 2.0465e-04
Loss = 2.8807e-02, PNorm = 131.9424, GNorm = 0.5780, lr_0 = 2.0465e-04
Loss = 2.7389e-02, PNorm = 131.9612, GNorm = 0.5151, lr_0 = 2.0465e-04
Loss = 3.2870e-02, PNorm = 131.9802, GNorm = 1.1838, lr_0 = 2.0465e-04
Loss = 3.4343e-02, PNorm = 131.9992, GNorm = 0.3877, lr_0 = 2.0465e-04
Loss = 3.4375e-02, PNorm = 132.0213, GNorm = 0.5560, lr_0 = 2.0465e-04
Validation rmse = 28.935765
Epoch 38
Loss = 2.9222e-02, PNorm = 132.0463, GNorm = 0.5538, lr_0 = 2.0465e-04
Loss = 2.8348e-02, PNorm = 132.0733, GNorm = 0.2937, lr_0 = 2.0465e-04
Loss = 2.8938e-02, PNorm = 132.0939, GNorm = 0.5890, lr_0 = 2.0465e-04
Loss = 3.1169e-02, PNorm = 132.1124, GNorm = 0.5508, lr_0 = 2.0465e-04
Loss = 3.2286e-02, PNorm = 132.1362, GNorm = 0.8124, lr_0 = 2.0465e-04
Loss = 3.6819e-02, PNorm = 132.1559, GNorm = 0.5399, lr_0 = 2.0465e-04
Loss = 3.3345e-02, PNorm = 132.1818, GNorm = 0.5455, lr_0 = 2.0465e-04
Loss = 3.9774e-02, PNorm = 132.2115, GNorm = 0.4550, lr_0 = 2.0465e-04
Loss = 4.3033e-02, PNorm = 132.2467, GNorm = 0.5316, lr_0 = 2.0465e-04
Loss = 2.9823e-02, PNorm = 132.2759, GNorm = 0.6418, lr_0 = 2.0465e-04
Loss = 2.8933e-02, PNorm = 132.3038, GNorm = 0.5102, lr_0 = 2.0465e-04
Loss = 3.4044e-02, PNorm = 132.3258, GNorm = 0.3988, lr_0 = 2.0465e-04
Loss = 3.2959e-02, PNorm = 132.3419, GNorm = 0.3596, lr_0 = 2.0465e-04
Loss = 3.1662e-02, PNorm = 132.3635, GNorm = 0.4004, lr_0 = 2.0465e-04
Loss = 3.9809e-02, PNorm = 132.3920, GNorm = 1.2061, lr_0 = 2.0465e-04
Loss = 3.2702e-02, PNorm = 132.4208, GNorm = 0.4936, lr_0 = 2.0465e-04
Loss = 3.6749e-02, PNorm = 132.4503, GNorm = 0.3110, lr_0 = 2.0465e-04
Loss = 3.4210e-02, PNorm = 132.4813, GNorm = 0.5023, lr_0 = 2.0465e-04
Loss = 3.5543e-02, PNorm = 132.5032, GNorm = 0.4405, lr_0 = 2.0465e-04
Validation rmse = 27.966752
Epoch 39
Loss = 4.6653e-02, PNorm = 132.5278, GNorm = 0.7279, lr_0 = 2.0465e-04
Loss = 3.0426e-02, PNorm = 132.5555, GNorm = 0.4367, lr_0 = 2.0465e-04
Loss = 3.5268e-02, PNorm = 132.5819, GNorm = 1.6485, lr_0 = 2.0465e-04
Loss = 2.7902e-02, PNorm = 132.6096, GNorm = 0.5175, lr_0 = 2.0465e-04
Loss = 2.9126e-02, PNorm = 132.6328, GNorm = 0.3135, lr_0 = 2.0465e-04
Loss = 3.6022e-02, PNorm = 132.6523, GNorm = 0.8817, lr_0 = 2.0465e-04
Loss = 3.2129e-02, PNorm = 132.6768, GNorm = 0.4344, lr_0 = 2.0465e-04
Loss = 2.6611e-02, PNorm = 132.6977, GNorm = 0.4897, lr_0 = 2.0465e-04
Loss = 3.2731e-02, PNorm = 132.7185, GNorm = 0.4697, lr_0 = 2.0465e-04
Loss = 3.5193e-02, PNorm = 132.7417, GNorm = 0.3727, lr_0 = 2.0465e-04
Loss = 4.3058e-02, PNorm = 132.7689, GNorm = 1.0971, lr_0 = 2.0465e-04
Loss = 3.8529e-02, PNorm = 132.8045, GNorm = 0.6079, lr_0 = 2.0465e-04
Loss = 3.3852e-02, PNorm = 132.8311, GNorm = 0.2349, lr_0 = 2.0465e-04
Loss = 2.8643e-02, PNorm = 132.8568, GNorm = 0.4070, lr_0 = 2.0465e-04
Loss = 3.2882e-02, PNorm = 132.8796, GNorm = 0.3867, lr_0 = 2.0465e-04
Loss = 2.8366e-02, PNorm = 132.9026, GNorm = 0.4975, lr_0 = 2.0465e-04
Loss = 2.7656e-02, PNorm = 132.9215, GNorm = 0.3809, lr_0 = 2.0465e-04
Loss = 2.9392e-02, PNorm = 132.9453, GNorm = 0.6023, lr_0 = 2.0465e-04
Validation rmse = 27.423472
Epoch 40
Loss = 2.5644e-02, PNorm = 132.9660, GNorm = 0.4344, lr_0 = 2.0465e-04
Loss = 3.1066e-02, PNorm = 132.9875, GNorm = 0.3529, lr_0 = 2.0465e-04
Loss = 2.8186e-02, PNorm = 133.0091, GNorm = 0.7032, lr_0 = 2.0465e-04
Loss = 3.3029e-02, PNorm = 133.0301, GNorm = 0.5227, lr_0 = 2.0465e-04
Loss = 2.9075e-02, PNorm = 133.0516, GNorm = 0.2600, lr_0 = 2.0465e-04
Loss = 2.4794e-02, PNorm = 133.0721, GNorm = 0.3544, lr_0 = 2.0465e-04
Loss = 2.4723e-02, PNorm = 133.0921, GNorm = 0.2361, lr_0 = 2.0465e-04
Loss = 2.3042e-02, PNorm = 133.1078, GNorm = 0.3715, lr_0 = 2.0465e-04
Loss = 3.1319e-02, PNorm = 133.1223, GNorm = 0.3427, lr_0 = 2.0465e-04
Loss = 2.6078e-02, PNorm = 133.1410, GNorm = 0.5143, lr_0 = 2.0465e-04
Loss = 2.6274e-02, PNorm = 133.1603, GNorm = 0.3768, lr_0 = 2.0465e-04
Loss = 2.6222e-02, PNorm = 133.1811, GNorm = 0.6092, lr_0 = 2.0465e-04
Loss = 3.0556e-02, PNorm = 133.2023, GNorm = 0.4604, lr_0 = 2.0465e-04
Loss = 2.7574e-02, PNorm = 133.2208, GNorm = 0.2245, lr_0 = 2.0465e-04
Loss = 2.8706e-02, PNorm = 133.2371, GNorm = 0.2660, lr_0 = 2.0465e-04
Loss = 2.8553e-02, PNorm = 133.2589, GNorm = 0.4269, lr_0 = 2.0465e-04
Loss = 2.8239e-02, PNorm = 133.2809, GNorm = 0.5247, lr_0 = 2.0465e-04
Loss = 3.1131e-02, PNorm = 133.2976, GNorm = 0.6355, lr_0 = 2.0465e-04
Loss = 2.6816e-02, PNorm = 133.3147, GNorm = 0.3044, lr_0 = 2.0465e-04
Validation rmse = 28.395958
Epoch 41
Loss = 2.6454e-02, PNorm = 133.3360, GNorm = 0.5927, lr_0 = 2.0465e-04
Loss = 2.2801e-02, PNorm = 133.3563, GNorm = 0.3509, lr_0 = 2.0465e-04
Loss = 2.4444e-02, PNorm = 133.3725, GNorm = 0.2666, lr_0 = 2.0465e-04
Loss = 2.6872e-02, PNorm = 133.3903, GNorm = 0.8276, lr_0 = 2.0465e-04
Loss = 3.2422e-02, PNorm = 133.4161, GNorm = 0.6548, lr_0 = 2.0465e-04
Loss = 2.8099e-02, PNorm = 133.4385, GNorm = 0.5638, lr_0 = 2.0465e-04
Loss = 2.4808e-02, PNorm = 133.4606, GNorm = 0.3654, lr_0 = 2.0465e-04
Loss = 2.5069e-02, PNorm = 133.4803, GNorm = 0.3876, lr_0 = 2.0465e-04
Loss = 2.5776e-02, PNorm = 133.4995, GNorm = 0.4243, lr_0 = 2.0465e-04
Loss = 2.7088e-02, PNorm = 133.5179, GNorm = 0.3053, lr_0 = 2.0465e-04
Loss = 3.0676e-02, PNorm = 133.5439, GNorm = 0.4269, lr_0 = 2.0465e-04
Loss = 3.2865e-02, PNorm = 133.5654, GNorm = 0.3082, lr_0 = 2.0465e-04
Loss = 2.6606e-02, PNorm = 133.5886, GNorm = 0.7049, lr_0 = 2.0465e-04
Loss = 2.8384e-02, PNorm = 133.6106, GNorm = 0.6372, lr_0 = 2.0465e-04
Loss = 2.4985e-02, PNorm = 133.6336, GNorm = 0.2968, lr_0 = 2.0465e-04
Loss = 2.8577e-02, PNorm = 133.6556, GNorm = 0.3267, lr_0 = 2.0465e-04
Loss = 2.8940e-02, PNorm = 133.6790, GNorm = 0.2707, lr_0 = 2.0465e-04
Loss = 2.9390e-02, PNorm = 133.6997, GNorm = 0.8301, lr_0 = 2.0465e-04
Validation rmse = 29.443405
Epoch 42
Loss = 2.6653e-02, PNorm = 133.7224, GNorm = 0.2749, lr_0 = 2.0465e-04
Loss = 3.0310e-02, PNorm = 133.7501, GNorm = 0.3310, lr_0 = 2.0465e-04
Loss = 2.3788e-02, PNorm = 133.7672, GNorm = 0.1965, lr_0 = 2.0465e-04
Loss = 2.6824e-02, PNorm = 133.7858, GNorm = 0.4699, lr_0 = 2.0465e-04
Loss = 2.4351e-02, PNorm = 133.8060, GNorm = 0.3701, lr_0 = 2.0465e-04
Loss = 2.4879e-02, PNorm = 133.8242, GNorm = 0.1832, lr_0 = 2.0465e-04
Loss = 3.0003e-02, PNorm = 133.8444, GNorm = 0.2306, lr_0 = 2.0465e-04
Loss = 2.8403e-02, PNorm = 133.8661, GNorm = 0.2148, lr_0 = 2.0465e-04
Loss = 3.0512e-02, PNorm = 133.8914, GNorm = 0.4822, lr_0 = 2.0465e-04
Loss = 2.6703e-02, PNorm = 133.9125, GNorm = 0.4390, lr_0 = 2.0465e-04
Loss = 2.7378e-02, PNorm = 133.9305, GNorm = 0.5254, lr_0 = 2.0465e-04
Loss = 2.8665e-02, PNorm = 133.9544, GNorm = 0.5161, lr_0 = 2.0465e-04
Loss = 2.4024e-02, PNorm = 133.9765, GNorm = 0.1920, lr_0 = 2.0465e-04
Loss = 2.7581e-02, PNorm = 133.9980, GNorm = 0.2814, lr_0 = 2.0465e-04
Loss = 2.5809e-02, PNorm = 134.0203, GNorm = 0.2214, lr_0 = 2.0465e-04
Loss = 2.2840e-02, PNorm = 134.0427, GNorm = 0.2628, lr_0 = 2.0465e-04
Loss = 2.7164e-02, PNorm = 134.0632, GNorm = 0.4475, lr_0 = 2.0465e-04
Loss = 2.4288e-02, PNorm = 134.0805, GNorm = 0.2258, lr_0 = 2.0465e-04
Validation rmse = 27.631685
Epoch 43
Loss = 2.2334e-02, PNorm = 134.1006, GNorm = 0.4684, lr_0 = 2.0465e-04
Loss = 2.3646e-02, PNorm = 134.1192, GNorm = 0.3820, lr_0 = 2.0465e-04
Loss = 2.5966e-02, PNorm = 134.1377, GNorm = 0.4112, lr_0 = 2.0465e-04
Loss = 2.1776e-02, PNorm = 134.1570, GNorm = 0.3022, lr_0 = 2.0465e-04
Loss = 3.0001e-02, PNorm = 134.1777, GNorm = 0.2819, lr_0 = 2.0465e-04
Loss = 2.2515e-02, PNorm = 134.1993, GNorm = 0.3393, lr_0 = 2.0465e-04
Loss = 2.3666e-02, PNorm = 134.2207, GNorm = 0.3190, lr_0 = 2.0465e-04
Loss = 2.3222e-02, PNorm = 134.2371, GNorm = 0.5769, lr_0 = 2.0465e-04
Loss = 2.3942e-02, PNorm = 134.2566, GNorm = 0.2721, lr_0 = 2.0465e-04
Loss = 2.9076e-02, PNorm = 134.2712, GNorm = 0.3295, lr_0 = 2.0465e-04
Loss = 3.1328e-02, PNorm = 134.2912, GNorm = 0.8272, lr_0 = 2.0465e-04
Loss = 3.1671e-02, PNorm = 134.3170, GNorm = 0.5565, lr_0 = 2.0465e-04
Loss = 2.6061e-02, PNorm = 134.3441, GNorm = 0.2129, lr_0 = 2.0465e-04
Loss = 2.5065e-02, PNorm = 134.3672, GNorm = 0.4368, lr_0 = 2.0465e-04
Loss = 2.8770e-02, PNorm = 134.3967, GNorm = 0.4136, lr_0 = 2.0465e-04
Loss = 2.7486e-02, PNorm = 134.4184, GNorm = 0.7203, lr_0 = 2.0465e-04
Loss = 2.6726e-02, PNorm = 134.4392, GNorm = 0.2353, lr_0 = 2.0465e-04
Loss = 2.5631e-02, PNorm = 134.4630, GNorm = 0.4618, lr_0 = 2.0465e-04
Loss = 2.6414e-02, PNorm = 134.4833, GNorm = 0.3211, lr_0 = 2.0465e-04
Validation rmse = 28.585049
Epoch 44
Loss = 2.3310e-02, PNorm = 134.5071, GNorm = 0.3785, lr_0 = 2.0465e-04
Loss = 2.4120e-02, PNorm = 134.5268, GNorm = 0.4868, lr_0 = 2.0465e-04
Loss = 3.0647e-02, PNorm = 134.5469, GNorm = 0.4457, lr_0 = 2.0465e-04
Loss = 2.8538e-02, PNorm = 134.5718, GNorm = 0.3404, lr_0 = 2.0465e-04
Loss = 2.1413e-02, PNorm = 134.5906, GNorm = 0.2692, lr_0 = 2.0465e-04
Loss = 2.8379e-02, PNorm = 134.6093, GNorm = 0.2662, lr_0 = 2.0465e-04
Loss = 2.1181e-02, PNorm = 134.6322, GNorm = 0.3634, lr_0 = 2.0465e-04
Loss = 2.4692e-02, PNorm = 134.6549, GNorm = 0.4649, lr_0 = 2.0465e-04
Loss = 2.6000e-02, PNorm = 134.6780, GNorm = 0.3007, lr_0 = 2.0465e-04
Loss = 2.5062e-02, PNorm = 134.7027, GNorm = 0.4305, lr_0 = 2.0465e-04
Loss = 2.6782e-02, PNorm = 134.7258, GNorm = 0.5256, lr_0 = 2.0465e-04
Loss = 2.4401e-02, PNorm = 134.7449, GNorm = 0.3399, lr_0 = 2.0465e-04
Loss = 2.0719e-02, PNorm = 134.7615, GNorm = 0.1817, lr_0 = 2.0465e-04
Loss = 2.4286e-02, PNorm = 134.7739, GNorm = 0.2733, lr_0 = 2.0465e-04
Loss = 2.6286e-02, PNorm = 134.7951, GNorm = 0.3965, lr_0 = 2.0465e-04
Loss = 2.3038e-02, PNorm = 134.8138, GNorm = 0.3600, lr_0 = 2.0465e-04
Loss = 2.8232e-02, PNorm = 134.8322, GNorm = 0.4029, lr_0 = 2.0465e-04
Loss = 2.4794e-02, PNorm = 134.8537, GNorm = 0.4219, lr_0 = 2.0465e-04
Validation rmse = 27.600701
Epoch 45
Loss = 2.8997e-02, PNorm = 134.8766, GNorm = 0.5655, lr_0 = 2.0465e-04
Loss = 2.4820e-02, PNorm = 134.8982, GNorm = 0.5956, lr_0 = 2.0465e-04
Loss = 2.2809e-02, PNorm = 134.9185, GNorm = 0.4998, lr_0 = 2.0465e-04
Loss = 2.7801e-02, PNorm = 134.9419, GNorm = 0.3842, lr_0 = 2.0465e-04
Loss = 2.6504e-02, PNorm = 134.9621, GNorm = 0.3329, lr_0 = 2.0465e-04
Loss = 2.3341e-02, PNorm = 134.9833, GNorm = 0.4046, lr_0 = 2.0465e-04
Loss = 2.7079e-02, PNorm = 135.0037, GNorm = 0.4699, lr_0 = 2.0465e-04
Loss = 2.4510e-02, PNorm = 135.0240, GNorm = 0.3924, lr_0 = 2.0465e-04
Loss = 2.9839e-02, PNorm = 135.0454, GNorm = 0.5505, lr_0 = 2.0465e-04
Loss = 2.8021e-02, PNorm = 135.0697, GNorm = 0.5194, lr_0 = 2.0465e-04
Loss = 2.6314e-02, PNorm = 135.0926, GNorm = 0.2044, lr_0 = 2.0465e-04
Loss = 2.7370e-02, PNorm = 135.1195, GNorm = 0.4970, lr_0 = 2.0465e-04
Loss = 2.5578e-02, PNorm = 135.1429, GNorm = 0.3145, lr_0 = 2.0465e-04
Loss = 2.3179e-02, PNorm = 135.1623, GNorm = 0.4765, lr_0 = 2.0465e-04
Loss = 2.4703e-02, PNorm = 135.1830, GNorm = 0.3228, lr_0 = 2.0465e-04
Loss = 2.5722e-02, PNorm = 135.2039, GNorm = 0.4322, lr_0 = 2.0465e-04
Loss = 2.9775e-02, PNorm = 135.2270, GNorm = 0.4764, lr_0 = 2.0465e-04
Loss = 2.6843e-02, PNorm = 135.2559, GNorm = 0.4319, lr_0 = 2.0465e-04
Loss = 2.6976e-02, PNorm = 135.2813, GNorm = 0.4979, lr_0 = 2.0465e-04
Validation rmse = 28.176650
Epoch 46
Loss = 2.1607e-02, PNorm = 135.3117, GNorm = 0.2128, lr_0 = 2.0465e-04
Loss = 2.3196e-02, PNorm = 135.3354, GNorm = 0.3253, lr_0 = 2.0465e-04
Loss = 2.3641e-02, PNorm = 135.3541, GNorm = 0.2695, lr_0 = 2.0465e-04
Loss = 2.1734e-02, PNorm = 135.3687, GNorm = 0.2398, lr_0 = 2.0465e-04
Loss = 2.4922e-02, PNorm = 135.3925, GNorm = 0.3103, lr_0 = 2.0465e-04
Loss = 2.6749e-02, PNorm = 135.4170, GNorm = 0.3722, lr_0 = 2.0465e-04
Loss = 2.1548e-02, PNorm = 135.4400, GNorm = 0.3793, lr_0 = 2.0465e-04
Loss = 2.4787e-02, PNorm = 135.4568, GNorm = 0.3575, lr_0 = 2.0465e-04
Loss = 2.6607e-02, PNorm = 135.4831, GNorm = 0.5181, lr_0 = 2.0465e-04
Loss = 2.8641e-02, PNorm = 135.5106, GNorm = 0.5806, lr_0 = 2.0465e-04
Loss = 2.3012e-02, PNorm = 135.5380, GNorm = 0.4752, lr_0 = 2.0465e-04
Loss = 2.7127e-02, PNorm = 135.5633, GNorm = 0.2976, lr_0 = 2.0465e-04
Loss = 2.1601e-02, PNorm = 135.5886, GNorm = 0.2935, lr_0 = 2.0465e-04
Loss = 2.2884e-02, PNorm = 135.6081, GNorm = 0.3153, lr_0 = 2.0465e-04
Loss = 2.4294e-02, PNorm = 135.6312, GNorm = 0.1851, lr_0 = 2.0465e-04
Loss = 2.8356e-02, PNorm = 135.6512, GNorm = 0.6378, lr_0 = 2.0465e-04
Loss = 2.5434e-02, PNorm = 135.6734, GNorm = 0.4484, lr_0 = 2.0465e-04
Loss = 2.1988e-02, PNorm = 135.6969, GNorm = 0.2677, lr_0 = 2.0465e-04
Validation rmse = 27.567362
Epoch 47
Loss = 2.2654e-02, PNorm = 135.7174, GNorm = 0.4281, lr_0 = 2.0465e-04
Loss = 2.1192e-02, PNorm = 135.7431, GNorm = 0.4044, lr_0 = 2.0465e-04
Loss = 2.6991e-02, PNorm = 135.7676, GNorm = 0.5395, lr_0 = 2.0465e-04
Loss = 2.2082e-02, PNorm = 135.7949, GNorm = 0.3070, lr_0 = 2.0465e-04
Loss = 2.4672e-02, PNorm = 135.8158, GNorm = 0.2065, lr_0 = 2.0465e-04
Loss = 2.6337e-02, PNorm = 135.8403, GNorm = 0.2143, lr_0 = 2.0465e-04
Loss = 2.4088e-02, PNorm = 135.8634, GNorm = 0.4215, lr_0 = 2.0465e-04
Loss = 2.0983e-02, PNorm = 135.8867, GNorm = 0.2832, lr_0 = 2.0465e-04
Loss = 1.9677e-02, PNorm = 135.9038, GNorm = 0.3286, lr_0 = 2.0465e-04
Loss = 2.2978e-02, PNorm = 135.9217, GNorm = 0.4639, lr_0 = 2.0465e-04
Loss = 2.5566e-02, PNorm = 135.9435, GNorm = 0.3289, lr_0 = 2.0465e-04
Loss = 2.6451e-02, PNorm = 135.9682, GNorm = 0.5718, lr_0 = 2.0465e-04
Loss = 2.2687e-02, PNorm = 135.9891, GNorm = 0.3853, lr_0 = 2.0465e-04
Loss = 1.9703e-02, PNorm = 136.0079, GNorm = 0.2147, lr_0 = 2.0465e-04
Loss = 2.6379e-02, PNorm = 136.0322, GNorm = 0.3499, lr_0 = 2.0465e-04
Loss = 2.4642e-02, PNorm = 136.0574, GNorm = 0.2049, lr_0 = 2.0465e-04
Loss = 2.2404e-02, PNorm = 136.0791, GNorm = 0.3398, lr_0 = 2.0465e-04
Loss = 2.1973e-02, PNorm = 136.1031, GNorm = 0.3445, lr_0 = 2.0465e-04
Validation rmse = 28.206617
Epoch 48
Loss = 2.2431e-02, PNorm = 136.1274, GNorm = 0.2121, lr_0 = 2.0465e-04
Loss = 2.1448e-02, PNorm = 136.1541, GNorm = 0.2634, lr_0 = 2.0465e-04
Loss = 2.1739e-02, PNorm = 136.1780, GNorm = 0.4283, lr_0 = 2.0465e-04
Loss = 1.9122e-02, PNorm = 136.1968, GNorm = 0.3439, lr_0 = 2.0465e-04
Loss = 2.7966e-02, PNorm = 136.2214, GNorm = 0.7341, lr_0 = 2.0465e-04
Loss = 2.5293e-02, PNorm = 136.2482, GNorm = 0.2322, lr_0 = 2.0465e-04
Loss = 2.3758e-02, PNorm = 136.2744, GNorm = 0.2666, lr_0 = 2.0465e-04
Loss = 2.1579e-02, PNorm = 136.2934, GNorm = 0.3928, lr_0 = 2.0465e-04
Loss = 2.4903e-02, PNorm = 136.3139, GNorm = 0.3345, lr_0 = 2.0465e-04
Loss = 1.9676e-02, PNorm = 136.3369, GNorm = 0.2114, lr_0 = 2.0465e-04
Loss = 2.4394e-02, PNorm = 136.3540, GNorm = 0.2583, lr_0 = 2.0465e-04
Loss = 2.1701e-02, PNorm = 136.3732, GNorm = 0.4565, lr_0 = 2.0465e-04
Loss = 2.0823e-02, PNorm = 136.3939, GNorm = 0.2689, lr_0 = 2.0465e-04
Loss = 2.1645e-02, PNorm = 136.4167, GNorm = 0.4690, lr_0 = 2.0465e-04
Loss = 2.4436e-02, PNorm = 136.4397, GNorm = 0.3735, lr_0 = 2.0465e-04
Loss = 2.2785e-02, PNorm = 136.4674, GNorm = 0.2549, lr_0 = 2.0465e-04
Loss = 2.1780e-02, PNorm = 136.4883, GNorm = 0.2887, lr_0 = 2.0465e-04
Loss = 2.5937e-02, PNorm = 136.5093, GNorm = 0.2911, lr_0 = 2.0465e-04
Loss = 2.2096e-02, PNorm = 136.5275, GNorm = 0.3967, lr_0 = 2.0465e-04
Validation rmse = 27.155126
Epoch 49
Loss = 1.9322e-02, PNorm = 136.5529, GNorm = 0.3331, lr_0 = 2.0465e-04
Loss = 1.9867e-02, PNorm = 136.5745, GNorm = 0.1565, lr_0 = 2.0465e-04
Loss = 2.2191e-02, PNorm = 136.5942, GNorm = 0.3822, lr_0 = 2.0465e-04
Loss = 2.0909e-02, PNorm = 136.6143, GNorm = 0.2771, lr_0 = 2.0465e-04
Loss = 2.6986e-02, PNorm = 136.6412, GNorm = 0.5378, lr_0 = 2.0465e-04
Loss = 2.4043e-02, PNorm = 136.6629, GNorm = 0.4471, lr_0 = 2.0465e-04
Loss = 2.6057e-02, PNorm = 136.6890, GNorm = 0.3035, lr_0 = 2.0465e-04
Loss = 2.4517e-02, PNorm = 136.7165, GNorm = 0.3480, lr_0 = 2.0465e-04
Loss = 2.0768e-02, PNorm = 136.7388, GNorm = 0.3161, lr_0 = 2.0465e-04
Loss = 2.5156e-02, PNorm = 136.7637, GNorm = 0.3903, lr_0 = 2.0465e-04
Loss = 3.0702e-02, PNorm = 136.7892, GNorm = 0.3653, lr_0 = 2.0465e-04
Loss = 2.3486e-02, PNorm = 136.8171, GNorm = 0.3026, lr_0 = 2.0465e-04
Loss = 2.2266e-02, PNorm = 136.8380, GNorm = 0.2706, lr_0 = 2.0465e-04
Loss = 2.4529e-02, PNorm = 136.8633, GNorm = 0.2057, lr_0 = 2.0465e-04
Loss = 2.2512e-02, PNorm = 136.8869, GNorm = 0.3704, lr_0 = 2.0465e-04
Loss = 2.5305e-02, PNorm = 136.9107, GNorm = 0.6766, lr_0 = 2.0465e-04
Loss = 2.4350e-02, PNorm = 136.9379, GNorm = 0.5745, lr_0 = 2.0465e-04
Loss = 2.2745e-02, PNorm = 136.9631, GNorm = 0.4731, lr_0 = 2.0465e-04
Validation rmse = 28.135014
Model 0 best validation rmse = 27.155126 on epoch 48
Loading pretrained parameter "encoder.encoder.0.cached_zero_vector".
Loading pretrained parameter "encoder.encoder.0.W_i.weight".
Loading pretrained parameter "encoder.encoder.0.W_h.weight".
Loading pretrained parameter "encoder.encoder.0.W_o.weight".
Loading pretrained parameter "encoder.encoder.0.W_o.bias".
Loading pretrained parameter "encoder.encoder.1.cached_zero_vector".
Loading pretrained parameter "encoder.encoder.1.W_i.weight".
Loading pretrained parameter "encoder.encoder.1.W_h.weight".
Loading pretrained parameter "encoder.encoder.1.W_o.weight".
Loading pretrained parameter "encoder.encoder.1.W_o.bias".
Loading pretrained parameter "ffn.1.weight".
Loading pretrained parameter "ffn.1.bias".
Loading pretrained parameter "ffn.4.weight".
Loading pretrained parameter "ffn.4.bias".
Loading pretrained parameter "ffn.7.weight".
Loading pretrained parameter "ffn.7.bias".
Moving model to cuda
Model 0 test rmse = 24.080398
Ensemble test rmse = 24.080398
1-fold cross validation
	Seed 0 ==> test rmse = 24.080398
Overall test rmse = 24.080398 +/- 0.000000
Elapsed time = 0:40:45
