Command line
python /home/kpg/chemprop/train.py --data_path ../../../data/splits/lambda_max_abs/deep4chem/group_by_smiles/smiles_target_train.csv --dataset_type regression --save_dir /home/kimele03/uvvisml/uvvisml/models/emi_all_checkpoints/scaffold/results/507037/49664105 --config_path /home/kimele03/uvvisml/uvvisml/models/emi_all_checkpoints/scaffold/results/507037/49664105/hyperopt.json --metric rmse --epochs 50 --gpu 0 --ensemble_size 1 --separate_val_path ../../../data/splits/lambda_max_abs/deep4chem/group_by_smiles/smiles_target_val.csv --separate_test_path ../../../data/splits/lambda_max_abs/deep4chem/group_by_smiles/smiles_target_test.csv --number_of_molecules 2
Args
{'activation': 'ReLU',
 'aggregation': 'mean',
 'aggregation_norm': 100,
 'atom_descriptor_scaling': True,
 'atom_descriptors': None,
 'atom_descriptors_path': None,
 'atom_descriptors_size': 0,
 'atom_features_size': 0,
 'atom_messages': False,
 'batch_size': 87,
 'bias': False,
 'bond_feature_scaling': True,
 'bond_features_path': None,
 'bond_features_size': 0,
 'cache_cutoff': 10000,
 'checkpoint_dir': None,
 'checkpoint_frzn': None,
 'checkpoint_path': None,
 'checkpoint_paths': None,
 'class_balance': False,
 'config_path': '/home/kimele03/uvvisml/uvvisml/models/emi_all_checkpoints/scaffold/results/507037/49664105/hyperopt.json',
 'crossval_index_dir': None,
 'crossval_index_file': None,
 'crossval_index_sets': None,
 'cuda': True,
 'data_path': '../../../data/splits/lambda_max_abs/deep4chem/group_by_smiles/smiles_target_train.csv',
 'data_weights_path': None,
 'dataset_type': 'regression',
 'depth': 5,
 'device': device(type='cuda', index=0),
 'dropout': 0.04057991758477366,
 'empty_cache': False,
 'ensemble_size': 1,
 'epochs': 50,
 'explicit_h': False,
 'extra_metrics': [],
 'features_generator': None,
 'features_only': False,
 'features_path': None,
 'features_scaling': True,
 'features_size': None,
 'ffn_hidden_size': 1083,
 'ffn_num_layers': 2,
 'final_lr': 2.383005136496324e-06,
 'folds_file': None,
 'freeze_first_only': False,
 'frzn_ffn_layers': 0,
 'gpu': 0,
 'grad_clip': None,
 'hidden_size': 536,
 'ignore_columns': None,
 'init_lr': 7.409632914655079e-06,
 'log_frequency': 10,
 'max_data_size': None,
 'max_lr': 0.00016207427410582116,
 'metric': 'rmse',
 'metrics': ['rmse'],
 'minimize_score': True,
 'mpn_shared': False,
 'multiclass_num_classes': 3,
 'no_atom_descriptor_scaling': False,
 'no_bond_features_scaling': False,
 'no_cache_mol': False,
 'no_cuda': False,
 'no_features_scaling': False,
 'num_folds': 1,
 'num_lrs': 1,
 'num_tasks': 1,
 'num_workers': 8,
 'number_of_molecules': 2,
 'overwrite_default_atom_features': False,
 'overwrite_default_bond_features': False,
 'pytorch_seed': 0,
 'quiet': False,
 'reaction': False,
 'reaction_mode': 'reac_diff',
 'resume_experiment': False,
 'save_dir': '/home/kimele03/uvvisml/uvvisml/models/emi_all_checkpoints/scaffold/results/507037/49664105',
 'save_preds': False,
 'save_smiles_splits': False,
 'seed': 0,
 'separate_test_atom_descriptors_path': None,
 'separate_test_bond_features_path': None,
 'separate_test_features_path': None,
 'separate_test_path': '../../../data/splits/lambda_max_abs/deep4chem/group_by_smiles/smiles_target_test.csv',
 'separate_val_atom_descriptors_path': None,
 'separate_val_bond_features_path': None,
 'separate_val_features_path': None,
 'separate_val_path': '../../../data/splits/lambda_max_abs/deep4chem/group_by_smiles/smiles_target_val.csv',
 'show_individual_scores': False,
 'smiles_columns': ['smiles', 'solvent'],
 'split_sizes': (0.8, 0.1, 0.1),
 'split_type': 'random',
 'target_columns': None,
 'target_weights': None,
 'task_names': ['peakwavs_max'],
 'test': False,
 'test_fold_index': None,
 'train_data_size': None,
 'undirected': False,
 'use_input_features': False,
 'val_fold_index': None,
 'warmup_epochs': 3}
Loading data
Number of tasks = 1
Fold 0
Splitting data with seed 0
Total size = 13,242 | train size = 13,242 | val size = 1,633 | test size = 1,710
Fitting scaler
Building model 0
MoleculeModel(
  (encoder): MPN(
    (encoder): ModuleList(
      (0): MPNEncoder(
        (dropout_layer): Dropout(p=0.04057991758477366, inplace=False)
        (act_func): ReLU()
        (W_i): Linear(in_features=147, out_features=536, bias=False)
        (W_h): Linear(in_features=536, out_features=536, bias=False)
        (W_o): Linear(in_features=669, out_features=536, bias=True)
      )
      (1): MPNEncoder(
        (dropout_layer): Dropout(p=0.04057991758477366, inplace=False)
        (act_func): ReLU()
        (W_i): Linear(in_features=147, out_features=536, bias=False)
        (W_h): Linear(in_features=536, out_features=536, bias=False)
        (W_o): Linear(in_features=669, out_features=536, bias=True)
      )
    )
  )
  (ffn): Sequential(
    (0): Dropout(p=0.04057991758477366, inplace=False)
    (1): Linear(in_features=1072, out_features=1083, bias=True)
    (2): ReLU()
    (3): Dropout(p=0.04057991758477366, inplace=False)
    (4): Linear(in_features=1083, out_features=1, bias=True)
  )
)
Number of parameters = 2,614,631
Moving model to cuda
Epoch 0
Loss = 1.1441e+00, PNorm = 61.6764, GNorm = 5.8923, lr_0 = 1.1141e-05
Loss = 9.0934e-01, PNorm = 61.6764, GNorm = 5.1994, lr_0 = 1.4532e-05
Loss = 1.0105e+00, PNorm = 61.6766, GNorm = 14.8036, lr_0 = 1.7924e-05
Loss = 9.8444e-01, PNorm = 61.6770, GNorm = 7.3274, lr_0 = 2.1316e-05
Loss = 8.6510e-01, PNorm = 61.6776, GNorm = 2.0837, lr_0 = 2.4708e-05
Loss = 7.3526e-01, PNorm = 61.6783, GNorm = 2.9844, lr_0 = 2.8099e-05
Loss = 8.3967e-01, PNorm = 61.6792, GNorm = 3.7357, lr_0 = 3.1491e-05
Loss = 8.3774e-01, PNorm = 61.6805, GNorm = 3.2888, lr_0 = 3.4883e-05
Loss = 7.7120e-01, PNorm = 61.6821, GNorm = 9.3693, lr_0 = 3.8275e-05
Loss = 7.8766e-01, PNorm = 61.6837, GNorm = 5.0119, lr_0 = 4.1666e-05
Loss = 8.0514e-01, PNorm = 61.6852, GNorm = 3.9768, lr_0 = 4.5058e-05
Loss = 7.2095e-01, PNorm = 61.6869, GNorm = 9.1549, lr_0 = 4.8450e-05
Loss = 7.0376e-01, PNorm = 61.6892, GNorm = 8.2901, lr_0 = 5.1842e-05
Loss = 7.2171e-01, PNorm = 61.6919, GNorm = 5.3157, lr_0 = 5.5234e-05
Loss = 5.0005e-01, PNorm = 61.6945, GNorm = 8.1624, lr_0 = 5.8625e-05
Validation rmse = 81.604410
Epoch 1
Loss = 6.6663e-01, PNorm = 61.6977, GNorm = 6.9685, lr_0 = 6.2356e-05
Loss = 7.3742e-01, PNorm = 61.7006, GNorm = 5.0740, lr_0 = 6.5748e-05
Loss = 5.7737e-01, PNorm = 61.7037, GNorm = 11.2081, lr_0 = 6.9140e-05
Loss = 5.3227e-01, PNorm = 61.7075, GNorm = 3.7031, lr_0 = 7.2532e-05
Loss = 5.6185e-01, PNorm = 61.7116, GNorm = 6.7115, lr_0 = 7.5923e-05
Loss = 5.1287e-01, PNorm = 61.7164, GNorm = 12.9652, lr_0 = 7.9315e-05
Loss = 4.8534e-01, PNorm = 61.7209, GNorm = 4.1819, lr_0 = 8.2707e-05
Loss = 5.4939e-01, PNorm = 61.7248, GNorm = 22.6081, lr_0 = 8.6099e-05
Loss = 6.5388e-01, PNorm = 61.7277, GNorm = 35.5411, lr_0 = 8.9490e-05
Loss = 5.3980e-01, PNorm = 61.7315, GNorm = 8.7301, lr_0 = 9.2882e-05
Loss = 5.1931e-01, PNorm = 61.7371, GNorm = 11.0128, lr_0 = 9.6274e-05
Loss = 5.4318e-01, PNorm = 61.7416, GNorm = 10.9840, lr_0 = 9.9666e-05
Loss = 4.9093e-01, PNorm = 61.7465, GNorm = 7.5074, lr_0 = 1.0306e-04
Loss = 6.1413e-01, PNorm = 61.7505, GNorm = 15.3206, lr_0 = 1.0645e-04
Loss = 4.4163e-01, PNorm = 61.7559, GNorm = 20.5092, lr_0 = 1.0984e-04
Validation rmse = 71.426986
Epoch 2
Loss = 4.0574e-01, PNorm = 61.7644, GNorm = 11.2024, lr_0 = 1.1357e-04
Loss = 4.0017e-01, PNorm = 61.7718, GNorm = 3.1213, lr_0 = 1.1696e-04
Loss = 3.7626e-01, PNorm = 61.7789, GNorm = 17.4265, lr_0 = 1.2036e-04
Loss = 4.2095e-01, PNorm = 61.7837, GNorm = 9.7837, lr_0 = 1.2375e-04
Loss = 3.8205e-01, PNorm = 61.7894, GNorm = 2.9886, lr_0 = 1.2714e-04
Loss = 4.0363e-01, PNorm = 61.7954, GNorm = 9.8303, lr_0 = 1.3053e-04
Loss = 4.0110e-01, PNorm = 61.8004, GNorm = 11.3553, lr_0 = 1.3392e-04
Loss = 4.0108e-01, PNorm = 61.8078, GNorm = 11.4390, lr_0 = 1.3731e-04
Loss = 3.9390e-01, PNorm = 61.8167, GNorm = 14.3427, lr_0 = 1.4071e-04
Loss = 3.3799e-01, PNorm = 61.8247, GNorm = 15.9609, lr_0 = 1.4410e-04
Loss = 3.6566e-01, PNorm = 61.8313, GNorm = 35.3163, lr_0 = 1.4749e-04
Loss = 3.8888e-01, PNorm = 61.8376, GNorm = 12.7439, lr_0 = 1.5088e-04
Loss = 3.9774e-01, PNorm = 61.8449, GNorm = 7.0256, lr_0 = 1.5427e-04
Loss = 3.4831e-01, PNorm = 61.8526, GNorm = 24.1416, lr_0 = 1.5766e-04
Loss = 4.1893e-01, PNorm = 61.8604, GNorm = 4.4910, lr_0 = 1.6106e-04
Validation rmse = 67.470282
Epoch 3
Loss = 2.9759e-01, PNorm = 61.8702, GNorm = 6.2669, lr_0 = 1.6131e-04
Loss = 2.9791e-01, PNorm = 61.8791, GNorm = 6.3960, lr_0 = 1.6036e-04
Loss = 3.0451e-01, PNorm = 61.8874, GNorm = 3.3176, lr_0 = 1.5942e-04
Loss = 3.1431e-01, PNorm = 61.8959, GNorm = 26.6479, lr_0 = 1.5848e-04
Loss = 4.0342e-01, PNorm = 61.9029, GNorm = 19.2880, lr_0 = 1.5754e-04
Loss = 3.5765e-01, PNorm = 61.9101, GNorm = 8.1512, lr_0 = 1.5662e-04
Loss = 2.8680e-01, PNorm = 61.9168, GNorm = 13.7902, lr_0 = 1.5569e-04
Loss = 3.4310e-01, PNorm = 61.9249, GNorm = 9.7163, lr_0 = 1.5478e-04
Loss = 2.6764e-01, PNorm = 61.9338, GNorm = 8.5207, lr_0 = 1.5387e-04
Loss = 2.5969e-01, PNorm = 61.9402, GNorm = 7.6230, lr_0 = 1.5296e-04
Loss = 3.0016e-01, PNorm = 61.9464, GNorm = 12.8400, lr_0 = 1.5206e-04
Loss = 2.5150e-01, PNorm = 61.9519, GNorm = 5.5182, lr_0 = 1.5116e-04
Loss = 2.5880e-01, PNorm = 61.9590, GNorm = 1.6450, lr_0 = 1.5027e-04
Loss = 2.7925e-01, PNorm = 61.9669, GNorm = 3.1931, lr_0 = 1.4939e-04
Loss = 2.7802e-01, PNorm = 61.9734, GNorm = 6.2367, lr_0 = 1.4851e-04
Validation rmse = 77.462301
Epoch 4
Loss = 3.6757e-01, PNorm = 61.9813, GNorm = 5.1232, lr_0 = 1.4755e-04
Loss = 2.9896e-01, PNorm = 61.9888, GNorm = 2.2100, lr_0 = 1.4668e-04
Loss = 2.6040e-01, PNorm = 61.9963, GNorm = 19.3781, lr_0 = 1.4581e-04
Loss = 2.3097e-01, PNorm = 62.0043, GNorm = 11.4702, lr_0 = 1.4495e-04
Loss = 2.4953e-01, PNorm = 62.0105, GNorm = 3.1918, lr_0 = 1.4410e-04
Loss = 3.0031e-01, PNorm = 62.0179, GNorm = 3.7067, lr_0 = 1.4325e-04
Loss = 2.8625e-01, PNorm = 62.0248, GNorm = 3.0197, lr_0 = 1.4241e-04
Loss = 2.2642e-01, PNorm = 62.0311, GNorm = 10.8847, lr_0 = 1.4157e-04
Loss = 2.1872e-01, PNorm = 62.0381, GNorm = 14.2186, lr_0 = 1.4074e-04
Loss = 2.7239e-01, PNorm = 62.0435, GNorm = 4.0159, lr_0 = 1.3991e-04
Loss = 2.7516e-01, PNorm = 62.0505, GNorm = 10.9998, lr_0 = 1.3908e-04
Loss = 2.4937e-01, PNorm = 62.0565, GNorm = 6.2132, lr_0 = 1.3826e-04
Loss = 2.0476e-01, PNorm = 62.0631, GNorm = 3.1486, lr_0 = 1.3745e-04
Loss = 1.9504e-01, PNorm = 62.0683, GNorm = 5.2714, lr_0 = 1.3664e-04
Loss = 2.4239e-01, PNorm = 62.0750, GNorm = 3.7760, lr_0 = 1.3584e-04
Loss = 2.2295e-01, PNorm = 62.0799, GNorm = 2.9317, lr_0 = 1.3504e-04
Validation rmse = 52.198758
Epoch 5
Loss = 2.5167e-01, PNorm = 62.0848, GNorm = 15.7294, lr_0 = 1.3424e-04
Loss = 2.1640e-01, PNorm = 62.0915, GNorm = 17.5199, lr_0 = 1.3345e-04
Loss = 2.5933e-01, PNorm = 62.0969, GNorm = 1.5716, lr_0 = 1.3266e-04
Loss = 2.2470e-01, PNorm = 62.1024, GNorm = 4.3638, lr_0 = 1.3188e-04
Loss = 2.6188e-01, PNorm = 62.1092, GNorm = 3.7881, lr_0 = 1.3111e-04
Loss = 2.1477e-01, PNorm = 62.1163, GNorm = 6.5066, lr_0 = 1.3033e-04
Loss = 2.4438e-01, PNorm = 62.1227, GNorm = 11.0063, lr_0 = 1.2957e-04
Loss = 2.9459e-01, PNorm = 62.1285, GNorm = 18.1902, lr_0 = 1.2880e-04
Loss = 2.3152e-01, PNorm = 62.1339, GNorm = 7.0613, lr_0 = 1.2804e-04
Loss = 2.0021e-01, PNorm = 62.1398, GNorm = 4.6311, lr_0 = 1.2729e-04
Loss = 2.1498e-01, PNorm = 62.1441, GNorm = 8.4897, lr_0 = 1.2654e-04
Loss = 2.4679e-01, PNorm = 62.1499, GNorm = 16.2842, lr_0 = 1.2580e-04
Loss = 2.1172e-01, PNorm = 62.1571, GNorm = 7.6020, lr_0 = 1.2506e-04
Loss = 1.5496e-01, PNorm = 62.1624, GNorm = 6.2129, lr_0 = 1.2432e-04
Loss = 2.1199e-01, PNorm = 62.1681, GNorm = 9.9898, lr_0 = 1.2359e-04
Validation rmse = 51.006704
Epoch 6
Loss = 2.1142e-01, PNorm = 62.1743, GNorm = 4.3252, lr_0 = 1.2279e-04
Loss = 1.9236e-01, PNorm = 62.1792, GNorm = 7.2323, lr_0 = 1.2206e-04
Loss = 1.9870e-01, PNorm = 62.1852, GNorm = 4.5417, lr_0 = 1.2134e-04
Loss = 2.0459e-01, PNorm = 62.1907, GNorm = 5.0547, lr_0 = 1.2063e-04
Loss = 2.5343e-01, PNorm = 62.1955, GNorm = 13.7454, lr_0 = 1.1992e-04
Loss = 2.2201e-01, PNorm = 62.2003, GNorm = 17.5629, lr_0 = 1.1921e-04
Loss = 2.0592e-01, PNorm = 62.2063, GNorm = 6.4849, lr_0 = 1.1851e-04
Loss = 2.2232e-01, PNorm = 62.2132, GNorm = 4.0428, lr_0 = 1.1781e-04
Loss = 1.9107e-01, PNorm = 62.2201, GNorm = 7.9288, lr_0 = 1.1712e-04
Loss = 1.7753e-01, PNorm = 62.2257, GNorm = 6.0749, lr_0 = 1.1643e-04
Loss = 2.0299e-01, PNorm = 62.2309, GNorm = 2.3834, lr_0 = 1.1574e-04
Loss = 1.6397e-01, PNorm = 62.2366, GNorm = 2.2376, lr_0 = 1.1506e-04
Loss = 1.9177e-01, PNorm = 62.2419, GNorm = 6.2708, lr_0 = 1.1438e-04
Loss = 2.1211e-01, PNorm = 62.2477, GNorm = 2.0458, lr_0 = 1.1371e-04
Loss = 1.8808e-01, PNorm = 62.2520, GNorm = 4.9302, lr_0 = 1.1304e-04
Validation rmse = 48.294245
Epoch 7
Loss = 1.6020e-01, PNorm = 62.2559, GNorm = 4.4442, lr_0 = 1.1231e-04
Loss = 1.7181e-01, PNorm = 62.2606, GNorm = 4.9745, lr_0 = 1.1165e-04
Loss = 1.9927e-01, PNorm = 62.2665, GNorm = 4.6793, lr_0 = 1.1099e-04
Loss = 1.5546e-01, PNorm = 62.2713, GNorm = 8.2174, lr_0 = 1.1034e-04
Loss = 1.7829e-01, PNorm = 62.2765, GNorm = 7.1740, lr_0 = 1.0969e-04
Loss = 1.7726e-01, PNorm = 62.2806, GNorm = 3.7920, lr_0 = 1.0904e-04
Loss = 1.8326e-01, PNorm = 62.2850, GNorm = 7.9386, lr_0 = 1.0840e-04
Loss = 1.8935e-01, PNorm = 62.2888, GNorm = 3.2804, lr_0 = 1.0776e-04
Loss = 1.8348e-01, PNorm = 62.2939, GNorm = 5.2081, lr_0 = 1.0713e-04
Loss = 1.7535e-01, PNorm = 62.2994, GNorm = 1.2440, lr_0 = 1.0649e-04
Loss = 1.7727e-01, PNorm = 62.3048, GNorm = 9.8357, lr_0 = 1.0587e-04
Loss = 1.7291e-01, PNorm = 62.3106, GNorm = 2.9685, lr_0 = 1.0524e-04
Loss = 1.5111e-01, PNorm = 62.3153, GNorm = 1.1768, lr_0 = 1.0462e-04
Loss = 1.7251e-01, PNorm = 62.3196, GNorm = 5.5063, lr_0 = 1.0401e-04
Loss = 1.5642e-01, PNorm = 62.3246, GNorm = 3.5032, lr_0 = 1.0340e-04
Validation rmse = 48.012039
Epoch 8
Loss = 1.6178e-01, PNorm = 62.3304, GNorm = 8.5008, lr_0 = 1.0273e-04
Loss = 1.7528e-01, PNorm = 62.3356, GNorm = 6.1606, lr_0 = 1.0212e-04
Loss = 1.6085e-01, PNorm = 62.3393, GNorm = 1.5457, lr_0 = 1.0152e-04
Loss = 1.8334e-01, PNorm = 62.3435, GNorm = 8.7765, lr_0 = 1.0092e-04
Loss = 1.8166e-01, PNorm = 62.3488, GNorm = 6.8897, lr_0 = 1.0033e-04
Loss = 1.9027e-01, PNorm = 62.3540, GNorm = 15.7745, lr_0 = 9.9736e-05
Loss = 2.0398e-01, PNorm = 62.3592, GNorm = 1.7383, lr_0 = 9.9149e-05
Loss = 1.7986e-01, PNorm = 62.3648, GNorm = 9.6779, lr_0 = 9.8565e-05
Loss = 1.6721e-01, PNorm = 62.3703, GNorm = 10.8812, lr_0 = 9.7985e-05
Loss = 1.7555e-01, PNorm = 62.3746, GNorm = 8.0063, lr_0 = 9.7408e-05
Loss = 1.6100e-01, PNorm = 62.3801, GNorm = 5.8370, lr_0 = 9.6834e-05
Loss = 1.5034e-01, PNorm = 62.3836, GNorm = 4.4269, lr_0 = 9.6264e-05
Loss = 1.5884e-01, PNorm = 62.3887, GNorm = 4.6535, lr_0 = 9.5697e-05
Loss = 1.5806e-01, PNorm = 62.3938, GNorm = 2.3887, lr_0 = 9.5133e-05
Loss = 1.5662e-01, PNorm = 62.3989, GNorm = 7.8916, lr_0 = 9.4573e-05
Validation rmse = 46.084189
Epoch 9
Loss = 1.7016e-01, PNorm = 62.4029, GNorm = 2.7654, lr_0 = 9.3960e-05
Loss = 1.4386e-01, PNorm = 62.4072, GNorm = 3.1128, lr_0 = 9.3407e-05
Loss = 1.5057e-01, PNorm = 62.4109, GNorm = 4.7954, lr_0 = 9.2857e-05
Loss = 1.3443e-01, PNorm = 62.4156, GNorm = 4.7638, lr_0 = 9.2310e-05
Loss = 1.2938e-01, PNorm = 62.4198, GNorm = 11.8707, lr_0 = 9.1766e-05
Loss = 1.8049e-01, PNorm = 62.4240, GNorm = 8.7647, lr_0 = 9.1226e-05
Loss = 1.6918e-01, PNorm = 62.4275, GNorm = 1.6401, lr_0 = 9.0689e-05
Loss = 1.4649e-01, PNorm = 62.4323, GNorm = 3.2931, lr_0 = 9.0155e-05
Loss = 1.4448e-01, PNorm = 62.4370, GNorm = 13.4377, lr_0 = 8.9624e-05
Loss = 1.4812e-01, PNorm = 62.4407, GNorm = 12.8640, lr_0 = 8.9096e-05
Loss = 1.6010e-01, PNorm = 62.4457, GNorm = 4.7045, lr_0 = 8.8571e-05
Loss = 1.7270e-01, PNorm = 62.4486, GNorm = 6.1222, lr_0 = 8.8050e-05
Loss = 1.5953e-01, PNorm = 62.4512, GNorm = 11.0579, lr_0 = 8.7531e-05
Loss = 1.7601e-01, PNorm = 62.4551, GNorm = 3.9544, lr_0 = 8.7016e-05
Loss = 1.6361e-01, PNorm = 62.4610, GNorm = 1.6144, lr_0 = 8.6503e-05
Loss = 1.4667e-01, PNorm = 62.4661, GNorm = 2.9996, lr_0 = 8.5994e-05
Validation rmse = 44.022112
Epoch 10
Loss = 1.3427e-01, PNorm = 62.4700, GNorm = 3.0754, lr_0 = 8.5487e-05
Loss = 1.4104e-01, PNorm = 62.4741, GNorm = 1.8355, lr_0 = 8.4984e-05
Loss = 1.4075e-01, PNorm = 62.4768, GNorm = 3.3629, lr_0 = 8.4483e-05
Loss = 1.5260e-01, PNorm = 62.4804, GNorm = 2.1181, lr_0 = 8.3986e-05
Loss = 1.5159e-01, PNorm = 62.4838, GNorm = 7.2144, lr_0 = 8.3491e-05
Loss = 1.3713e-01, PNorm = 62.4870, GNorm = 6.7810, lr_0 = 8.2999e-05
Loss = 1.2975e-01, PNorm = 62.4903, GNorm = 2.0794, lr_0 = 8.2511e-05
Loss = 1.3723e-01, PNorm = 62.4941, GNorm = 7.1504, lr_0 = 8.2025e-05
Loss = 1.2859e-01, PNorm = 62.4984, GNorm = 4.6210, lr_0 = 8.1542e-05
Loss = 1.2651e-01, PNorm = 62.5029, GNorm = 4.3946, lr_0 = 8.1061e-05
Loss = 1.3959e-01, PNorm = 62.5068, GNorm = 8.5380, lr_0 = 8.0584e-05
Loss = 1.2860e-01, PNorm = 62.5090, GNorm = 3.1694, lr_0 = 8.0109e-05
Loss = 1.3122e-01, PNorm = 62.5120, GNorm = 4.5539, lr_0 = 7.9638e-05
Loss = 1.3455e-01, PNorm = 62.5154, GNorm = 3.3336, lr_0 = 7.9169e-05
Loss = 1.2228e-01, PNorm = 62.5182, GNorm = 5.8808, lr_0 = 7.8702e-05
Validation rmse = 42.633818
Epoch 11
Loss = 1.3172e-01, PNorm = 62.5216, GNorm = 4.6277, lr_0 = 7.8193e-05
Loss = 1.2166e-01, PNorm = 62.5246, GNorm = 3.5726, lr_0 = 7.7732e-05
Loss = 1.3457e-01, PNorm = 62.5280, GNorm = 3.2384, lr_0 = 7.7275e-05
Loss = 1.4125e-01, PNorm = 62.5315, GNorm = 12.2688, lr_0 = 7.6819e-05
Loss = 1.2606e-01, PNorm = 62.5349, GNorm = 3.3104, lr_0 = 7.6367e-05
Loss = 1.3735e-01, PNorm = 62.5380, GNorm = 3.4861, lr_0 = 7.5917e-05
Loss = 1.2482e-01, PNorm = 62.5417, GNorm = 4.0808, lr_0 = 7.5470e-05
Loss = 1.2034e-01, PNorm = 62.5448, GNorm = 2.0730, lr_0 = 7.5026e-05
Loss = 1.2179e-01, PNorm = 62.5474, GNorm = 3.0330, lr_0 = 7.4584e-05
Loss = 1.2167e-01, PNorm = 62.5503, GNorm = 5.1034, lr_0 = 7.4145e-05
Loss = 1.2041e-01, PNorm = 62.5523, GNorm = 8.2833, lr_0 = 7.3708e-05
Loss = 1.5243e-01, PNorm = 62.5548, GNorm = 12.3676, lr_0 = 7.3274e-05
Loss = 1.4000e-01, PNorm = 62.5575, GNorm = 1.4810, lr_0 = 7.2842e-05
Loss = 1.1826e-01, PNorm = 62.5598, GNorm = 5.9799, lr_0 = 7.2413e-05
Loss = 1.0819e-01, PNorm = 62.5626, GNorm = 1.8136, lr_0 = 7.1987e-05
Validation rmse = 43.447823
Epoch 12
Loss = 1.5144e-01, PNorm = 62.5661, GNorm = 2.9797, lr_0 = 7.1521e-05
Loss = 1.1552e-01, PNorm = 62.5687, GNorm = 5.7167, lr_0 = 7.1100e-05
Loss = 1.5112e-01, PNorm = 62.5717, GNorm = 1.4912, lr_0 = 7.0681e-05
Loss = 1.1961e-01, PNorm = 62.5749, GNorm = 9.5531, lr_0 = 7.0265e-05
Loss = 1.0163e-01, PNorm = 62.5777, GNorm = 2.8884, lr_0 = 6.9851e-05
Loss = 1.2833e-01, PNorm = 62.5807, GNorm = 3.9874, lr_0 = 6.9439e-05
Loss = 1.1968e-01, PNorm = 62.5831, GNorm = 8.2677, lr_0 = 6.9030e-05
Loss = 1.1401e-01, PNorm = 62.5852, GNorm = 2.5115, lr_0 = 6.8624e-05
Loss = 1.3013e-01, PNorm = 62.5876, GNorm = 14.8284, lr_0 = 6.8220e-05
Loss = 1.3956e-01, PNorm = 62.5897, GNorm = 5.1729, lr_0 = 6.7818e-05
Loss = 1.3104e-01, PNorm = 62.5922, GNorm = 3.2286, lr_0 = 6.7419e-05
Loss = 1.1185e-01, PNorm = 62.5948, GNorm = 3.6259, lr_0 = 6.7022e-05
Loss = 1.0869e-01, PNorm = 62.5972, GNorm = 3.7055, lr_0 = 6.6627e-05
Loss = 1.1541e-01, PNorm = 62.6003, GNorm = 3.5775, lr_0 = 6.6234e-05
Loss = 1.2287e-01, PNorm = 62.6032, GNorm = 9.4842, lr_0 = 6.5844e-05
Validation rmse = 41.548318
Epoch 13
Loss = 1.4349e-01, PNorm = 62.6061, GNorm = 4.7008, lr_0 = 6.5418e-05
Loss = 1.2405e-01, PNorm = 62.6092, GNorm = 11.9401, lr_0 = 6.5033e-05
Loss = 1.0887e-01, PNorm = 62.6126, GNorm = 6.1284, lr_0 = 6.4650e-05
Loss = 1.1981e-01, PNorm = 62.6145, GNorm = 2.3734, lr_0 = 6.4269e-05
Loss = 1.2545e-01, PNorm = 62.6166, GNorm = 6.7034, lr_0 = 6.3891e-05
Loss = 1.1198e-01, PNorm = 62.6194, GNorm = 2.9034, lr_0 = 6.3514e-05
Loss = 1.0332e-01, PNorm = 62.6216, GNorm = 5.0323, lr_0 = 6.3140e-05
Loss = 1.0613e-01, PNorm = 62.6233, GNorm = 2.0307, lr_0 = 6.2768e-05
Loss = 1.1463e-01, PNorm = 62.6255, GNorm = 5.4126, lr_0 = 6.2399e-05
Loss = 1.3806e-01, PNorm = 62.6277, GNorm = 1.6200, lr_0 = 6.2031e-05
Loss = 1.3568e-01, PNorm = 62.6307, GNorm = 5.0086, lr_0 = 6.1666e-05
Loss = 1.5052e-01, PNorm = 62.6332, GNorm = 5.1265, lr_0 = 6.1303e-05
Loss = 1.3161e-01, PNorm = 62.6358, GNorm = 5.3645, lr_0 = 6.0942e-05
Loss = 1.0838e-01, PNorm = 62.6380, GNorm = 1.7116, lr_0 = 6.0583e-05
Loss = 1.3046e-01, PNorm = 62.6401, GNorm = 2.7627, lr_0 = 6.0226e-05
Loss = 1.0807e-01, PNorm = 62.6420, GNorm = 4.8555, lr_0 = 5.9871e-05
Loss = 2.3095e-01, PNorm = 62.6423, GNorm = 6.0649, lr_0 = 5.9836e-05
Validation rmse = 43.937024
Epoch 14
Loss = 1.1481e-01, PNorm = 62.6446, GNorm = 7.5373, lr_0 = 5.9484e-05
Loss = 1.1365e-01, PNorm = 62.6473, GNorm = 6.3149, lr_0 = 5.9133e-05
Loss = 1.4341e-01, PNorm = 62.6505, GNorm = 9.8903, lr_0 = 5.8785e-05
Loss = 1.1882e-01, PNorm = 62.6533, GNorm = 10.9628, lr_0 = 5.8439e-05
Loss = 1.0352e-01, PNorm = 62.6561, GNorm = 2.2222, lr_0 = 5.8095e-05
Loss = 1.0649e-01, PNorm = 62.6581, GNorm = 1.3974, lr_0 = 5.7753e-05
Loss = 1.0056e-01, PNorm = 62.6601, GNorm = 6.4955, lr_0 = 5.7412e-05
Loss = 1.1020e-01, PNorm = 62.6620, GNorm = 1.1604, lr_0 = 5.7074e-05
Loss = 1.0848e-01, PNorm = 62.6638, GNorm = 1.3491, lr_0 = 5.6738e-05
Loss = 1.1584e-01, PNorm = 62.6655, GNorm = 1.9768, lr_0 = 5.6404e-05
Loss = 1.2693e-01, PNorm = 62.6677, GNorm = 7.8535, lr_0 = 5.6072e-05
Loss = 1.0410e-01, PNorm = 62.6694, GNorm = 1.4059, lr_0 = 5.5742e-05
Loss = 1.1592e-01, PNorm = 62.6715, GNorm = 3.9916, lr_0 = 5.5413e-05
Loss = 1.0001e-01, PNorm = 62.6735, GNorm = 3.8508, lr_0 = 5.5087e-05
Loss = 1.1330e-01, PNorm = 62.6752, GNorm = 1.0902, lr_0 = 5.4763e-05
Validation rmse = 41.916091
Epoch 15
Loss = 1.0375e-01, PNorm = 62.6769, GNorm = 6.8976, lr_0 = 5.4440e-05
Loss = 1.1814e-01, PNorm = 62.6791, GNorm = 4.3109, lr_0 = 5.4120e-05
Loss = 1.1471e-01, PNorm = 62.6817, GNorm = 3.4094, lr_0 = 5.3801e-05
Loss = 1.1057e-01, PNorm = 62.6838, GNorm = 2.0376, lr_0 = 5.3484e-05
Loss = 9.6712e-02, PNorm = 62.6859, GNorm = 1.5380, lr_0 = 5.3169e-05
Loss = 8.7338e-02, PNorm = 62.6877, GNorm = 2.3518, lr_0 = 5.2856e-05
Loss = 1.0435e-01, PNorm = 62.6894, GNorm = 5.0214, lr_0 = 5.2545e-05
Loss = 1.2234e-01, PNorm = 62.6913, GNorm = 3.7476, lr_0 = 5.2235e-05
Loss = 1.1044e-01, PNorm = 62.6933, GNorm = 1.9557, lr_0 = 5.1927e-05
Loss = 1.0058e-01, PNorm = 62.6952, GNorm = 2.2302, lr_0 = 5.1622e-05
Loss = 1.0250e-01, PNorm = 62.6969, GNorm = 4.6503, lr_0 = 5.1318e-05
Loss = 1.0104e-01, PNorm = 62.6987, GNorm = 6.4235, lr_0 = 5.1015e-05
Loss = 1.3000e-01, PNorm = 62.7001, GNorm = 2.8871, lr_0 = 5.0715e-05
Loss = 9.7131e-02, PNorm = 62.7017, GNorm = 4.2718, lr_0 = 5.0416e-05
Loss = 1.0600e-01, PNorm = 62.7037, GNorm = 4.3844, lr_0 = 5.0119e-05
Validation rmse = 39.876478
Epoch 16
Loss = 1.0003e-01, PNorm = 62.7054, GNorm = 1.3839, lr_0 = 4.9795e-05
Loss = 9.1060e-02, PNorm = 62.7070, GNorm = 2.0789, lr_0 = 4.9502e-05
Loss = 1.0110e-01, PNorm = 62.7091, GNorm = 2.3627, lr_0 = 4.9210e-05
Loss = 1.1200e-01, PNorm = 62.7107, GNorm = 1.6417, lr_0 = 4.8920e-05
Loss = 1.1826e-01, PNorm = 62.7123, GNorm = 3.8491, lr_0 = 4.8632e-05
Loss = 1.1058e-01, PNorm = 62.7145, GNorm = 7.4939, lr_0 = 4.8346e-05
Loss = 1.0562e-01, PNorm = 62.7156, GNorm = 3.2362, lr_0 = 4.8061e-05
Loss = 1.0436e-01, PNorm = 62.7173, GNorm = 7.1602, lr_0 = 4.7778e-05
Loss = 1.0615e-01, PNorm = 62.7192, GNorm = 1.7845, lr_0 = 4.7497e-05
Loss = 9.5820e-02, PNorm = 62.7209, GNorm = 7.5875, lr_0 = 4.7217e-05
Loss = 9.4369e-02, PNorm = 62.7226, GNorm = 1.7905, lr_0 = 4.6939e-05
Loss = 1.0096e-01, PNorm = 62.7242, GNorm = 2.1767, lr_0 = 4.6662e-05
Loss = 1.1379e-01, PNorm = 62.7253, GNorm = 2.4141, lr_0 = 4.6388e-05
Loss = 9.9129e-02, PNorm = 62.7274, GNorm = 6.4023, lr_0 = 4.6114e-05
Loss = 9.5631e-02, PNorm = 62.7290, GNorm = 3.0801, lr_0 = 4.5843e-05
Validation rmse = 40.108716
Epoch 17
Loss = 1.0767e-01, PNorm = 62.7303, GNorm = 4.4019, lr_0 = 4.5546e-05
Loss = 1.0289e-01, PNorm = 62.7317, GNorm = 4.4324, lr_0 = 4.5278e-05
Loss = 1.0214e-01, PNorm = 62.7333, GNorm = 2.4709, lr_0 = 4.5011e-05
Loss = 7.9175e-02, PNorm = 62.7348, GNorm = 2.9698, lr_0 = 4.4746e-05
Loss = 1.1304e-01, PNorm = 62.7362, GNorm = 4.0693, lr_0 = 4.4482e-05
Loss = 1.0659e-01, PNorm = 62.7379, GNorm = 10.1938, lr_0 = 4.4220e-05
Loss = 1.0767e-01, PNorm = 62.7396, GNorm = 3.0290, lr_0 = 4.3960e-05
Loss = 9.9322e-02, PNorm = 62.7410, GNorm = 2.1562, lr_0 = 4.3701e-05
Loss = 1.0178e-01, PNorm = 62.7425, GNorm = 1.3245, lr_0 = 4.3444e-05
Loss = 9.6441e-02, PNorm = 62.7446, GNorm = 2.6567, lr_0 = 4.3188e-05
Loss = 1.0178e-01, PNorm = 62.7460, GNorm = 9.7100, lr_0 = 4.2934e-05
Loss = 1.0326e-01, PNorm = 62.7476, GNorm = 3.7536, lr_0 = 4.2681e-05
Loss = 1.1078e-01, PNorm = 62.7494, GNorm = 3.1263, lr_0 = 4.2429e-05
Loss = 9.4115e-02, PNorm = 62.7514, GNorm = 4.4403, lr_0 = 4.2180e-05
Loss = 8.5197e-02, PNorm = 62.7533, GNorm = 6.3006, lr_0 = 4.1931e-05
Validation rmse = 38.784746
Epoch 18
Loss = 9.9795e-02, PNorm = 62.7550, GNorm = 4.5913, lr_0 = 4.1660e-05
Loss = 9.6167e-02, PNorm = 62.7563, GNorm = 3.0142, lr_0 = 4.1414e-05
Loss = 9.7404e-02, PNorm = 62.7575, GNorm = 1.6053, lr_0 = 4.1170e-05
Loss = 1.2040e-01, PNorm = 62.7591, GNorm = 7.0656, lr_0 = 4.0928e-05
Loss = 1.1593e-01, PNorm = 62.7605, GNorm = 6.2841, lr_0 = 4.0687e-05
Loss = 1.1330e-01, PNorm = 62.7620, GNorm = 1.9579, lr_0 = 4.0447e-05
Loss = 9.6611e-02, PNorm = 62.7632, GNorm = 2.3452, lr_0 = 4.0209e-05
Loss = 1.1677e-01, PNorm = 62.7650, GNorm = 4.4430, lr_0 = 3.9972e-05
Loss = 1.0522e-01, PNorm = 62.7667, GNorm = 3.5114, lr_0 = 3.9737e-05
Loss = 8.7404e-02, PNorm = 62.7682, GNorm = 2.7322, lr_0 = 3.9503e-05
Loss = 9.9684e-02, PNorm = 62.7699, GNorm = 1.8495, lr_0 = 3.9270e-05
Loss = 1.0984e-01, PNorm = 62.7715, GNorm = 2.7468, lr_0 = 3.9039e-05
Loss = 8.5654e-02, PNorm = 62.7732, GNorm = 2.4085, lr_0 = 3.8809e-05
Loss = 8.4410e-02, PNorm = 62.7746, GNorm = 9.3033, lr_0 = 3.8580e-05
Loss = 9.2115e-02, PNorm = 62.7755, GNorm = 8.6344, lr_0 = 3.8353e-05
Loss = 9.7161e-02, PNorm = 62.7765, GNorm = 2.8828, lr_0 = 3.8127e-05
Validation rmse = 39.231253
Epoch 19
Loss = 1.0058e-01, PNorm = 62.7778, GNorm = 6.5536, lr_0 = 3.7880e-05
Loss = 1.0876e-01, PNorm = 62.7793, GNorm = 12.1163, lr_0 = 3.7657e-05
Loss = 1.0027e-01, PNorm = 62.7805, GNorm = 2.5851, lr_0 = 3.7436e-05
Loss = 9.3589e-02, PNorm = 62.7817, GNorm = 3.8618, lr_0 = 3.7215e-05
Loss = 9.7403e-02, PNorm = 62.7830, GNorm = 9.4407, lr_0 = 3.6996e-05
Loss = 9.1352e-02, PNorm = 62.7840, GNorm = 2.5931, lr_0 = 3.6778e-05
Loss = 9.3022e-02, PNorm = 62.7856, GNorm = 4.3018, lr_0 = 3.6561e-05
Loss = 8.6999e-02, PNorm = 62.7864, GNorm = 1.4697, lr_0 = 3.6346e-05
Loss = 8.8622e-02, PNorm = 62.7875, GNorm = 3.3605, lr_0 = 3.6132e-05
Loss = 9.6527e-02, PNorm = 62.7889, GNorm = 4.6752, lr_0 = 3.5919e-05
Loss = 1.0903e-01, PNorm = 62.7907, GNorm = 2.2070, lr_0 = 3.5708e-05
Loss = 9.7463e-02, PNorm = 62.7922, GNorm = 5.5759, lr_0 = 3.5497e-05
Loss = 1.0344e-01, PNorm = 62.7937, GNorm = 2.1236, lr_0 = 3.5288e-05
Loss = 1.0429e-01, PNorm = 62.7951, GNorm = 3.2370, lr_0 = 3.5081e-05
Loss = 1.0228e-01, PNorm = 62.7968, GNorm = 1.4245, lr_0 = 3.4874e-05
Validation rmse = 38.885889
Epoch 20
Loss = 8.9324e-02, PNorm = 62.7979, GNorm = 1.9778, lr_0 = 3.4669e-05
Loss = 1.0668e-01, PNorm = 62.7992, GNorm = 2.7088, lr_0 = 3.4464e-05
Loss = 9.9884e-02, PNorm = 62.8002, GNorm = 6.1121, lr_0 = 3.4261e-05
Loss = 9.2500e-02, PNorm = 62.8017, GNorm = 1.4746, lr_0 = 3.4060e-05
Loss = 8.8092e-02, PNorm = 62.8030, GNorm = 1.7057, lr_0 = 3.3859e-05
Loss = 8.6780e-02, PNorm = 62.8042, GNorm = 1.4015, lr_0 = 3.3660e-05
Loss = 9.4761e-02, PNorm = 62.8054, GNorm = 1.4437, lr_0 = 3.3461e-05
Loss = 8.2699e-02, PNorm = 62.8066, GNorm = 6.0781, lr_0 = 3.3264e-05
Loss = 9.1586e-02, PNorm = 62.8080, GNorm = 6.0231, lr_0 = 3.3069e-05
Loss = 9.3725e-02, PNorm = 62.8092, GNorm = 5.9277, lr_0 = 3.2874e-05
Loss = 9.4858e-02, PNorm = 62.8102, GNorm = 3.9524, lr_0 = 3.2680e-05
Loss = 9.2101e-02, PNorm = 62.8112, GNorm = 5.4426, lr_0 = 3.2488e-05
Loss = 8.7395e-02, PNorm = 62.8124, GNorm = 2.6617, lr_0 = 3.2296e-05
Loss = 8.3098e-02, PNorm = 62.8134, GNorm = 5.2561, lr_0 = 3.2106e-05
Loss = 9.0716e-02, PNorm = 62.8144, GNorm = 2.4725, lr_0 = 3.1917e-05
Validation rmse = 38.903715
Epoch 21
Loss = 8.0355e-02, PNorm = 62.8157, GNorm = 3.0814, lr_0 = 3.1710e-05
Loss = 9.6686e-02, PNorm = 62.8171, GNorm = 3.9958, lr_0 = 3.1524e-05
Loss = 8.0277e-02, PNorm = 62.8185, GNorm = 3.4377, lr_0 = 3.1338e-05
Loss = 7.9515e-02, PNorm = 62.8194, GNorm = 1.8580, lr_0 = 3.1153e-05
Loss = 9.9880e-02, PNorm = 62.8207, GNorm = 3.5508, lr_0 = 3.0970e-05
Loss = 8.5600e-02, PNorm = 62.8220, GNorm = 9.3082, lr_0 = 3.0788e-05
Loss = 9.2007e-02, PNorm = 62.8232, GNorm = 1.4417, lr_0 = 3.0606e-05
Loss = 9.5990e-02, PNorm = 62.8241, GNorm = 2.3343, lr_0 = 3.0426e-05
Loss = 9.7319e-02, PNorm = 62.8253, GNorm = 3.8245, lr_0 = 3.0247e-05
Loss = 7.9204e-02, PNorm = 62.8263, GNorm = 4.2346, lr_0 = 3.0069e-05
Loss = 9.6024e-02, PNorm = 62.8272, GNorm = 3.9065, lr_0 = 2.9892e-05
Loss = 1.0026e-01, PNorm = 62.8283, GNorm = 10.5034, lr_0 = 2.9716e-05
Loss = 8.7864e-02, PNorm = 62.8291, GNorm = 2.3408, lr_0 = 2.9541e-05
Loss = 9.5803e-02, PNorm = 62.8300, GNorm = 1.9396, lr_0 = 2.9367e-05
Loss = 9.7074e-02, PNorm = 62.8310, GNorm = 7.1231, lr_0 = 2.9194e-05
Validation rmse = 37.708781
Epoch 22
Loss = 8.2450e-02, PNorm = 62.8323, GNorm = 6.0197, lr_0 = 2.9005e-05
Loss = 9.0635e-02, PNorm = 62.8338, GNorm = 2.6718, lr_0 = 2.8834e-05
Loss = 9.4769e-02, PNorm = 62.8351, GNorm = 1.7348, lr_0 = 2.8664e-05
Loss = 9.5364e-02, PNorm = 62.8361, GNorm = 4.0612, lr_0 = 2.8495e-05
Loss = 8.1456e-02, PNorm = 62.8370, GNorm = 1.5857, lr_0 = 2.8327e-05
Loss = 7.5899e-02, PNorm = 62.8378, GNorm = 3.2065, lr_0 = 2.8161e-05
Loss = 8.1084e-02, PNorm = 62.8390, GNorm = 2.0900, lr_0 = 2.7995e-05
Loss = 8.0678e-02, PNorm = 62.8398, GNorm = 2.8181, lr_0 = 2.7830e-05
Loss = 8.9588e-02, PNorm = 62.8408, GNorm = 5.6906, lr_0 = 2.7666e-05
Loss = 7.5162e-02, PNorm = 62.8416, GNorm = 1.2817, lr_0 = 2.7503e-05
Loss = 9.9112e-02, PNorm = 62.8427, GNorm = 3.3637, lr_0 = 2.7341e-05
Loss = 8.4159e-02, PNorm = 62.8438, GNorm = 3.6723, lr_0 = 2.7180e-05
Loss = 1.0534e-01, PNorm = 62.8448, GNorm = 5.8599, lr_0 = 2.7020e-05
Loss = 8.3910e-02, PNorm = 62.8458, GNorm = 3.1232, lr_0 = 2.6861e-05
Loss = 8.9040e-02, PNorm = 62.8467, GNorm = 2.5752, lr_0 = 2.6703e-05
Loss = 8.8544e-02, PNorm = 62.8473, GNorm = 1.6700, lr_0 = 2.6545e-05
Loss = 1.4478e-01, PNorm = 62.8474, GNorm = 5.7658, lr_0 = 2.6530e-05
Validation rmse = 38.393669
Epoch 23
Loss = 8.9794e-02, PNorm = 62.8482, GNorm = 7.2035, lr_0 = 2.6373e-05
Loss = 7.8884e-02, PNorm = 62.8488, GNorm = 3.5202, lr_0 = 2.6218e-05
Loss = 9.0859e-02, PNorm = 62.8497, GNorm = 2.0888, lr_0 = 2.6064e-05
Loss = 7.8809e-02, PNorm = 62.8505, GNorm = 3.7122, lr_0 = 2.5910e-05
Loss = 9.0224e-02, PNorm = 62.8513, GNorm = 5.8658, lr_0 = 2.5758e-05
Loss = 9.5573e-02, PNorm = 62.8521, GNorm = 4.4345, lr_0 = 2.5606e-05
Loss = 8.8324e-02, PNorm = 62.8531, GNorm = 6.0192, lr_0 = 2.5455e-05
Loss = 7.6453e-02, PNorm = 62.8543, GNorm = 1.3239, lr_0 = 2.5305e-05
Loss = 7.6453e-02, PNorm = 62.8553, GNorm = 1.6992, lr_0 = 2.5156e-05
Loss = 9.0243e-02, PNorm = 62.8562, GNorm = 2.0847, lr_0 = 2.5008e-05
Loss = 8.1479e-02, PNorm = 62.8570, GNorm = 1.9531, lr_0 = 2.4861e-05
Loss = 8.0415e-02, PNorm = 62.8578, GNorm = 4.2035, lr_0 = 2.4714e-05
Loss = 8.6978e-02, PNorm = 62.8583, GNorm = 2.6851, lr_0 = 2.4569e-05
Loss = 8.3005e-02, PNorm = 62.8591, GNorm = 2.7871, lr_0 = 2.4424e-05
Loss = 9.0577e-02, PNorm = 62.8597, GNorm = 5.6509, lr_0 = 2.4280e-05
Validation rmse = 37.497504
Epoch 24
Loss = 8.4773e-02, PNorm = 62.8609, GNorm = 5.9324, lr_0 = 2.4123e-05
Loss = 9.1377e-02, PNorm = 62.8620, GNorm = 1.7870, lr_0 = 2.3981e-05
Loss = 9.7030e-02, PNorm = 62.8632, GNorm = 2.7083, lr_0 = 2.3840e-05
Loss = 8.4136e-02, PNorm = 62.8645, GNorm = 2.8000, lr_0 = 2.3699e-05
Loss = 8.7294e-02, PNorm = 62.8654, GNorm = 3.8279, lr_0 = 2.3560e-05
Loss = 8.0703e-02, PNorm = 62.8662, GNorm = 4.7494, lr_0 = 2.3421e-05
Loss = 7.8118e-02, PNorm = 62.8666, GNorm = 1.9372, lr_0 = 2.3283e-05
Loss = 7.5205e-02, PNorm = 62.8671, GNorm = 2.0710, lr_0 = 2.3146e-05
Loss = 7.4474e-02, PNorm = 62.8679, GNorm = 4.9452, lr_0 = 2.3010e-05
Loss = 7.2979e-02, PNorm = 62.8682, GNorm = 4.0177, lr_0 = 2.2874e-05
Loss = 9.0618e-02, PNorm = 62.8686, GNorm = 2.2407, lr_0 = 2.2739e-05
Loss = 8.9530e-02, PNorm = 62.8695, GNorm = 7.9565, lr_0 = 2.2606e-05
Loss = 7.2536e-02, PNorm = 62.8701, GNorm = 2.5043, lr_0 = 2.2472e-05
Loss = 1.0380e-01, PNorm = 62.8707, GNorm = 1.5788, lr_0 = 2.2340e-05
Loss = 9.7454e-02, PNorm = 62.8716, GNorm = 3.2111, lr_0 = 2.2209e-05
Validation rmse = 38.049302
Epoch 25
Loss = 7.7250e-02, PNorm = 62.8727, GNorm = 7.7239, lr_0 = 2.2078e-05
Loss = 8.8252e-02, PNorm = 62.8735, GNorm = 2.7832, lr_0 = 2.1948e-05
Loss = 8.1491e-02, PNorm = 62.8743, GNorm = 2.6400, lr_0 = 2.1818e-05
Loss = 8.1357e-02, PNorm = 62.8748, GNorm = 3.2148, lr_0 = 2.1690e-05
Loss = 9.0240e-02, PNorm = 62.8757, GNorm = 3.4298, lr_0 = 2.1562e-05
Loss = 8.0621e-02, PNorm = 62.8767, GNorm = 2.0442, lr_0 = 2.1435e-05
Loss = 8.4321e-02, PNorm = 62.8777, GNorm = 3.2485, lr_0 = 2.1309e-05
Loss = 7.6524e-02, PNorm = 62.8783, GNorm = 1.9899, lr_0 = 2.1184e-05
Loss = 9.7295e-02, PNorm = 62.8790, GNorm = 1.7438, lr_0 = 2.1059e-05
Loss = 6.8133e-02, PNorm = 62.8799, GNorm = 1.7139, lr_0 = 2.0935e-05
Loss = 8.3171e-02, PNorm = 62.8805, GNorm = 1.8975, lr_0 = 2.0811e-05
Loss = 8.2811e-02, PNorm = 62.8811, GNorm = 6.7574, lr_0 = 2.0689e-05
Loss = 9.3824e-02, PNorm = 62.8819, GNorm = 5.1046, lr_0 = 2.0567e-05
Loss = 8.0176e-02, PNorm = 62.8827, GNorm = 5.0203, lr_0 = 2.0446e-05
Loss = 7.4029e-02, PNorm = 62.8833, GNorm = 5.7897, lr_0 = 2.0326e-05
Validation rmse = 36.962866
Epoch 26
Loss = 7.8622e-02, PNorm = 62.8837, GNorm = 3.2717, lr_0 = 2.0194e-05
Loss = 9.7554e-02, PNorm = 62.8844, GNorm = 1.6452, lr_0 = 2.0075e-05
Loss = 8.3705e-02, PNorm = 62.8853, GNorm = 1.7830, lr_0 = 1.9957e-05
Loss = 8.2277e-02, PNorm = 62.8860, GNorm = 5.4052, lr_0 = 1.9839e-05
Loss = 8.8008e-02, PNorm = 62.8868, GNorm = 3.9734, lr_0 = 1.9722e-05
Loss = 8.5399e-02, PNorm = 62.8876, GNorm = 5.1892, lr_0 = 1.9606e-05
Loss = 7.9258e-02, PNorm = 62.8882, GNorm = 6.2948, lr_0 = 1.9491e-05
Loss = 8.4442e-02, PNorm = 62.8888, GNorm = 8.8523, lr_0 = 1.9376e-05
Loss = 8.7210e-02, PNorm = 62.8896, GNorm = 4.6570, lr_0 = 1.9262e-05
Loss = 8.1989e-02, PNorm = 62.8907, GNorm = 2.5684, lr_0 = 1.9148e-05
Loss = 9.2149e-02, PNorm = 62.8913, GNorm = 6.2307, lr_0 = 1.9036e-05
Loss = 6.8984e-02, PNorm = 62.8918, GNorm = 2.3803, lr_0 = 1.8924e-05
Loss = 7.6220e-02, PNorm = 62.8923, GNorm = 1.1143, lr_0 = 1.8812e-05
Loss = 8.3465e-02, PNorm = 62.8929, GNorm = 3.5630, lr_0 = 1.8701e-05
Loss = 8.6146e-02, PNorm = 62.8932, GNorm = 6.0154, lr_0 = 1.8591e-05
Validation rmse = 37.147113
Epoch 27
Loss = 8.8895e-02, PNorm = 62.8935, GNorm = 1.5952, lr_0 = 1.8471e-05
Loss = 7.7637e-02, PNorm = 62.8941, GNorm = 1.9150, lr_0 = 1.8362e-05
Loss = 8.1824e-02, PNorm = 62.8946, GNorm = 3.1377, lr_0 = 1.8254e-05
Loss = 8.0123e-02, PNorm = 62.8951, GNorm = 3.7609, lr_0 = 1.8146e-05
Loss = 8.4054e-02, PNorm = 62.8959, GNorm = 2.2866, lr_0 = 1.8039e-05
Loss = 8.6815e-02, PNorm = 62.8967, GNorm = 5.3215, lr_0 = 1.7933e-05
Loss = 6.8865e-02, PNorm = 62.8973, GNorm = 1.6058, lr_0 = 1.7828e-05
Loss = 8.6814e-02, PNorm = 62.8978, GNorm = 3.1951, lr_0 = 1.7723e-05
Loss = 8.2403e-02, PNorm = 62.8984, GNorm = 1.6307, lr_0 = 1.7618e-05
Loss = 7.0602e-02, PNorm = 62.8989, GNorm = 2.0220, lr_0 = 1.7515e-05
Loss = 8.3205e-02, PNorm = 62.8996, GNorm = 2.0091, lr_0 = 1.7411e-05
Loss = 9.2747e-02, PNorm = 62.9001, GNorm = 3.0104, lr_0 = 1.7309e-05
Loss = 7.3845e-02, PNorm = 62.9007, GNorm = 2.3459, lr_0 = 1.7207e-05
Loss = 7.4608e-02, PNorm = 62.9014, GNorm = 6.9823, lr_0 = 1.7106e-05
Loss = 8.3530e-02, PNorm = 62.9020, GNorm = 5.9733, lr_0 = 1.7005e-05
Loss = 8.8137e-02, PNorm = 62.9025, GNorm = 4.4709, lr_0 = 1.6905e-05
Validation rmse = 37.166304
Epoch 28
Loss = 7.7117e-02, PNorm = 62.9030, GNorm = 3.4063, lr_0 = 1.6795e-05
Loss = 8.4402e-02, PNorm = 62.9036, GNorm = 3.8520, lr_0 = 1.6696e-05
Loss = 9.2007e-02, PNorm = 62.9042, GNorm = 2.1737, lr_0 = 1.6598e-05
Loss = 7.1919e-02, PNorm = 62.9048, GNorm = 4.4117, lr_0 = 1.6500e-05
Loss = 7.5298e-02, PNorm = 62.9052, GNorm = 2.0223, lr_0 = 1.6403e-05
Loss = 7.5964e-02, PNorm = 62.9058, GNorm = 0.9452, lr_0 = 1.6306e-05
Loss = 7.3399e-02, PNorm = 62.9065, GNorm = 2.4499, lr_0 = 1.6210e-05
Loss = 7.4743e-02, PNorm = 62.9071, GNorm = 5.1965, lr_0 = 1.6115e-05
Loss = 8.2384e-02, PNorm = 62.9076, GNorm = 1.0465, lr_0 = 1.6020e-05
Loss = 7.1695e-02, PNorm = 62.9082, GNorm = 1.7292, lr_0 = 1.5926e-05
Loss = 8.0178e-02, PNorm = 62.9087, GNorm = 1.6528, lr_0 = 1.5832e-05
Loss = 8.3864e-02, PNorm = 62.9094, GNorm = 4.6460, lr_0 = 1.5739e-05
Loss = 7.9838e-02, PNorm = 62.9100, GNorm = 1.3770, lr_0 = 1.5646e-05
Loss = 8.6453e-02, PNorm = 62.9107, GNorm = 2.4526, lr_0 = 1.5554e-05
Loss = 8.5296e-02, PNorm = 62.9112, GNorm = 2.3105, lr_0 = 1.5462e-05
Validation rmse = 37.177640
Epoch 29
Loss = 7.3523e-02, PNorm = 62.9115, GNorm = 1.6019, lr_0 = 1.5371e-05
Loss = 8.4866e-02, PNorm = 62.9119, GNorm = 1.4576, lr_0 = 1.5281e-05
Loss = 8.2192e-02, PNorm = 62.9124, GNorm = 1.8803, lr_0 = 1.5191e-05
Loss = 7.3977e-02, PNorm = 62.9130, GNorm = 5.1244, lr_0 = 1.5101e-05
Loss = 7.9761e-02, PNorm = 62.9136, GNorm = 2.7144, lr_0 = 1.5012e-05
Loss = 8.1796e-02, PNorm = 62.9142, GNorm = 1.7823, lr_0 = 1.4924e-05
Loss = 8.3064e-02, PNorm = 62.9148, GNorm = 2.7973, lr_0 = 1.4836e-05
Loss = 8.3288e-02, PNorm = 62.9154, GNorm = 1.2223, lr_0 = 1.4749e-05
Loss = 8.1760e-02, PNorm = 62.9160, GNorm = 1.9233, lr_0 = 1.4662e-05
Loss = 7.0774e-02, PNorm = 62.9165, GNorm = 5.1678, lr_0 = 1.4575e-05
Loss = 7.5708e-02, PNorm = 62.9168, GNorm = 4.7260, lr_0 = 1.4490e-05
Loss = 7.0784e-02, PNorm = 62.9171, GNorm = 2.1399, lr_0 = 1.4404e-05
Loss = 8.8312e-02, PNorm = 62.9176, GNorm = 4.8292, lr_0 = 1.4319e-05
Loss = 7.4214e-02, PNorm = 62.9181, GNorm = 2.7464, lr_0 = 1.4235e-05
Loss = 8.1513e-02, PNorm = 62.9186, GNorm = 1.7684, lr_0 = 1.4151e-05
Validation rmse = 37.964269
Epoch 30
Loss = 7.3923e-02, PNorm = 62.9191, GNorm = 7.4103, lr_0 = 1.4060e-05
Loss = 8.6009e-02, PNorm = 62.9195, GNorm = 6.0412, lr_0 = 1.3977e-05
Loss = 7.7718e-02, PNorm = 62.9200, GNorm = 1.7153, lr_0 = 1.3894e-05
Loss = 6.4234e-02, PNorm = 62.9204, GNorm = 1.3058, lr_0 = 1.3813e-05
Loss = 7.3718e-02, PNorm = 62.9209, GNorm = 1.7778, lr_0 = 1.3731e-05
Loss = 9.3783e-02, PNorm = 62.9214, GNorm = 7.5433, lr_0 = 1.3650e-05
Loss = 7.5836e-02, PNorm = 62.9217, GNorm = 1.6751, lr_0 = 1.3570e-05
Loss = 7.9500e-02, PNorm = 62.9221, GNorm = 2.5529, lr_0 = 1.3490e-05
Loss = 8.3170e-02, PNorm = 62.9225, GNorm = 3.1541, lr_0 = 1.3411e-05
Loss = 7.7679e-02, PNorm = 62.9230, GNorm = 2.1202, lr_0 = 1.3332e-05
Loss = 7.6800e-02, PNorm = 62.9235, GNorm = 1.3674, lr_0 = 1.3253e-05
Loss = 8.2652e-02, PNorm = 62.9241, GNorm = 1.3305, lr_0 = 1.3175e-05
Loss = 6.9080e-02, PNorm = 62.9246, GNorm = 4.0550, lr_0 = 1.3098e-05
Loss = 6.8474e-02, PNorm = 62.9251, GNorm = 2.5244, lr_0 = 1.3020e-05
Loss = 8.0641e-02, PNorm = 62.9256, GNorm = 2.4690, lr_0 = 1.2944e-05
Validation rmse = 36.700361
Epoch 31
Loss = 8.3099e-02, PNorm = 62.9260, GNorm = 3.2607, lr_0 = 1.2860e-05
Loss = 7.6729e-02, PNorm = 62.9264, GNorm = 3.9265, lr_0 = 1.2784e-05
Loss = 6.8156e-02, PNorm = 62.9267, GNorm = 1.5162, lr_0 = 1.2709e-05
Loss = 7.4415e-02, PNorm = 62.9270, GNorm = 1.4571, lr_0 = 1.2634e-05
Loss = 8.9335e-02, PNorm = 62.9275, GNorm = 2.7746, lr_0 = 1.2560e-05
Loss = 7.3111e-02, PNorm = 62.9280, GNorm = 1.5789, lr_0 = 1.2486e-05
Loss = 7.9735e-02, PNorm = 62.9284, GNorm = 6.9588, lr_0 = 1.2412e-05
Loss = 7.4578e-02, PNorm = 62.9290, GNorm = 1.5973, lr_0 = 1.2339e-05
Loss = 7.2905e-02, PNorm = 62.9294, GNorm = 6.1905, lr_0 = 1.2266e-05
Loss = 7.5336e-02, PNorm = 62.9296, GNorm = 1.6662, lr_0 = 1.2194e-05
Loss = 8.1420e-02, PNorm = 62.9300, GNorm = 7.6914, lr_0 = 1.2122e-05
Loss = 7.0985e-02, PNorm = 62.9306, GNorm = 4.7536, lr_0 = 1.2051e-05
Loss = 7.1156e-02, PNorm = 62.9312, GNorm = 1.9780, lr_0 = 1.1980e-05
Loss = 7.5900e-02, PNorm = 62.9316, GNorm = 1.5195, lr_0 = 1.1909e-05
Loss = 7.3720e-02, PNorm = 62.9320, GNorm = 2.3864, lr_0 = 1.1839e-05
Loss = 8.2059e-02, PNorm = 62.9324, GNorm = 2.5880, lr_0 = 1.1770e-05
Loss = 1.0571e-01, PNorm = 62.9325, GNorm = 11.5884, lr_0 = 1.1763e-05
Validation rmse = 36.477999
Epoch 32
Loss = 7.7128e-02, PNorm = 62.9328, GNorm = 2.5189, lr_0 = 1.1693e-05
Loss = 7.7923e-02, PNorm = 62.9333, GNorm = 6.5125, lr_0 = 1.1624e-05
Loss = 8.3431e-02, PNorm = 62.9337, GNorm = 3.2044, lr_0 = 1.1556e-05
Loss = 7.8375e-02, PNorm = 62.9342, GNorm = 1.6644, lr_0 = 1.1488e-05
Loss = 6.9331e-02, PNorm = 62.9346, GNorm = 2.0260, lr_0 = 1.1420e-05
Loss = 7.0421e-02, PNorm = 62.9349, GNorm = 4.4389, lr_0 = 1.1353e-05
Loss = 7.7480e-02, PNorm = 62.9352, GNorm = 8.6522, lr_0 = 1.1286e-05
Loss = 7.6372e-02, PNorm = 62.9357, GNorm = 1.0629, lr_0 = 1.1220e-05
Loss = 7.5819e-02, PNorm = 62.9361, GNorm = 6.4571, lr_0 = 1.1154e-05
Loss = 7.6344e-02, PNorm = 62.9364, GNorm = 7.0812, lr_0 = 1.1088e-05
Loss = 8.1077e-02, PNorm = 62.9367, GNorm = 1.3931, lr_0 = 1.1023e-05
Loss = 7.7189e-02, PNorm = 62.9370, GNorm = 3.0613, lr_0 = 1.0958e-05
Loss = 7.6967e-02, PNorm = 62.9372, GNorm = 2.3797, lr_0 = 1.0893e-05
Loss = 7.8566e-02, PNorm = 62.9376, GNorm = 1.6428, lr_0 = 1.0829e-05
Loss = 8.4458e-02, PNorm = 62.9379, GNorm = 6.3827, lr_0 = 1.0765e-05
Validation rmse = 37.597133
Epoch 33
Loss = 7.5527e-02, PNorm = 62.9383, GNorm = 3.1032, lr_0 = 1.0696e-05
Loss = 7.3800e-02, PNorm = 62.9386, GNorm = 5.4072, lr_0 = 1.0633e-05
Loss = 7.3123e-02, PNorm = 62.9390, GNorm = 2.5211, lr_0 = 1.0570e-05
Loss = 8.2643e-02, PNorm = 62.9394, GNorm = 2.0249, lr_0 = 1.0508e-05
Loss = 6.4994e-02, PNorm = 62.9399, GNorm = 1.4945, lr_0 = 1.0446e-05
Loss = 8.6258e-02, PNorm = 62.9404, GNorm = 5.7145, lr_0 = 1.0384e-05
Loss = 6.4190e-02, PNorm = 62.9409, GNorm = 1.4008, lr_0 = 1.0323e-05
Loss = 7.1520e-02, PNorm = 62.9413, GNorm = 2.6296, lr_0 = 1.0262e-05
Loss = 6.7017e-02, PNorm = 62.9415, GNorm = 1.4729, lr_0 = 1.0202e-05
Loss = 8.0774e-02, PNorm = 62.9419, GNorm = 1.2285, lr_0 = 1.0142e-05
Loss = 6.8969e-02, PNorm = 62.9424, GNorm = 1.5444, lr_0 = 1.0082e-05
Loss = 8.1108e-02, PNorm = 62.9428, GNorm = 4.1792, lr_0 = 1.0023e-05
Loss = 7.8246e-02, PNorm = 62.9430, GNorm = 2.3966, lr_0 = 9.9637e-06
Loss = 8.5755e-02, PNorm = 62.9434, GNorm = 3.3958, lr_0 = 9.9050e-06
Loss = 7.9627e-02, PNorm = 62.9437, GNorm = 1.6609, lr_0 = 9.8467e-06
Validation rmse = 36.597842
Epoch 34
Loss = 9.1165e-02, PNorm = 62.9439, GNorm = 5.7723, lr_0 = 9.7887e-06
Loss = 7.6256e-02, PNorm = 62.9442, GNorm = 1.5538, lr_0 = 9.7310e-06
Loss = 7.6421e-02, PNorm = 62.9444, GNorm = 3.8878, lr_0 = 9.6737e-06
Loss = 7.4757e-02, PNorm = 62.9446, GNorm = 4.2356, lr_0 = 9.6168e-06
Loss = 8.5978e-02, PNorm = 62.9448, GNorm = 8.1976, lr_0 = 9.5601e-06
Loss = 7.5802e-02, PNorm = 62.9451, GNorm = 4.4621, lr_0 = 9.5038e-06
Loss = 7.4572e-02, PNorm = 62.9454, GNorm = 2.0202, lr_0 = 9.4478e-06
Loss = 7.7323e-02, PNorm = 62.9458, GNorm = 3.9045, lr_0 = 9.3922e-06
Loss = 7.6961e-02, PNorm = 62.9462, GNorm = 3.5618, lr_0 = 9.3369e-06
Loss = 7.5550e-02, PNorm = 62.9465, GNorm = 3.4908, lr_0 = 9.2819e-06
Loss = 6.9050e-02, PNorm = 62.9467, GNorm = 1.6041, lr_0 = 9.2272e-06
Loss = 7.6082e-02, PNorm = 62.9469, GNorm = 1.8687, lr_0 = 9.1729e-06
Loss = 7.3120e-02, PNorm = 62.9472, GNorm = 4.3043, lr_0 = 9.1189e-06
Loss = 7.9763e-02, PNorm = 62.9476, GNorm = 4.2000, lr_0 = 9.0652e-06
Loss = 7.4882e-02, PNorm = 62.9479, GNorm = 1.9194, lr_0 = 9.0118e-06
Validation rmse = 36.528654
Epoch 35
Loss = 7.6376e-02, PNorm = 62.9484, GNorm = 2.8022, lr_0 = 8.9534e-06
Loss = 7.2372e-02, PNorm = 62.9488, GNorm = 1.7777, lr_0 = 8.9007e-06
Loss = 8.0819e-02, PNorm = 62.9492, GNorm = 2.2728, lr_0 = 8.8483e-06
Loss = 7.0366e-02, PNorm = 62.9496, GNorm = 4.5693, lr_0 = 8.7962e-06
Loss = 7.9976e-02, PNorm = 62.9497, GNorm = 1.2049, lr_0 = 8.7444e-06
Loss = 8.9087e-02, PNorm = 62.9501, GNorm = 3.3596, lr_0 = 8.6929e-06
Loss = 6.9778e-02, PNorm = 62.9504, GNorm = 3.3600, lr_0 = 8.6417e-06
Loss = 6.9084e-02, PNorm = 62.9507, GNorm = 2.2466, lr_0 = 8.5908e-06
Loss = 7.5725e-02, PNorm = 62.9509, GNorm = 2.7482, lr_0 = 8.5402e-06
Loss = 7.7042e-02, PNorm = 62.9512, GNorm = 2.1216, lr_0 = 8.4899e-06
Loss = 7.7687e-02, PNorm = 62.9515, GNorm = 1.5364, lr_0 = 8.4399e-06
Loss = 7.0525e-02, PNorm = 62.9519, GNorm = 2.7082, lr_0 = 8.3902e-06
Loss = 7.2875e-02, PNorm = 62.9524, GNorm = 3.3423, lr_0 = 8.3408e-06
Loss = 7.3574e-02, PNorm = 62.9527, GNorm = 3.9650, lr_0 = 8.2917e-06
Loss = 6.3367e-02, PNorm = 62.9529, GNorm = 5.5901, lr_0 = 8.2428e-06
Validation rmse = 36.373003
Epoch 36
Loss = 7.3177e-02, PNorm = 62.9531, GNorm = 3.7583, lr_0 = 8.1895e-06
Loss = 7.6950e-02, PNorm = 62.9533, GNorm = 4.6090, lr_0 = 8.1412e-06
Loss = 9.2244e-02, PNorm = 62.9535, GNorm = 4.3554, lr_0 = 8.0933e-06
Loss = 6.5806e-02, PNorm = 62.9539, GNorm = 1.1507, lr_0 = 8.0456e-06
Loss = 7.9026e-02, PNorm = 62.9542, GNorm = 2.7887, lr_0 = 7.9982e-06
Loss = 6.4451e-02, PNorm = 62.9544, GNorm = 3.4446, lr_0 = 7.9511e-06
Loss = 7.3929e-02, PNorm = 62.9546, GNorm = 1.1433, lr_0 = 7.9043e-06
Loss = 7.6219e-02, PNorm = 62.9550, GNorm = 3.0221, lr_0 = 7.8578e-06
Loss = 7.1783e-02, PNorm = 62.9552, GNorm = 4.4584, lr_0 = 7.8115e-06
Loss = 7.0409e-02, PNorm = 62.9553, GNorm = 1.7024, lr_0 = 7.7655e-06
Loss = 8.0009e-02, PNorm = 62.9556, GNorm = 3.7505, lr_0 = 7.7197e-06
Loss = 7.4949e-02, PNorm = 62.9559, GNorm = 3.2534, lr_0 = 7.6743e-06
Loss = 7.0048e-02, PNorm = 62.9563, GNorm = 4.7190, lr_0 = 7.6291e-06
Loss = 7.2132e-02, PNorm = 62.9565, GNorm = 4.4057, lr_0 = 7.5842e-06
Loss = 7.7856e-02, PNorm = 62.9568, GNorm = 2.0473, lr_0 = 7.5395e-06
Loss = 6.7120e-02, PNorm = 62.9571, GNorm = 2.1294, lr_0 = 7.4951e-06
Validation rmse = 36.075349
Epoch 37
Loss = 7.3551e-02, PNorm = 62.9574, GNorm = 2.3226, lr_0 = 7.4465e-06
Loss = 7.8178e-02, PNorm = 62.9578, GNorm = 2.7817, lr_0 = 7.4027e-06
Loss = 6.6375e-02, PNorm = 62.9580, GNorm = 2.6243, lr_0 = 7.3591e-06
Loss = 8.1375e-02, PNorm = 62.9583, GNorm = 3.0194, lr_0 = 7.3158e-06
Loss = 7.6066e-02, PNorm = 62.9587, GNorm = 2.4384, lr_0 = 7.2727e-06
Loss = 8.4342e-02, PNorm = 62.9591, GNorm = 4.1662, lr_0 = 7.2298e-06
Loss = 6.7916e-02, PNorm = 62.9593, GNorm = 1.5132, lr_0 = 7.1873e-06
Loss = 7.5154e-02, PNorm = 62.9595, GNorm = 2.5848, lr_0 = 7.1449e-06
Loss = 6.6171e-02, PNorm = 62.9597, GNorm = 1.9631, lr_0 = 7.1029e-06
Loss = 7.0573e-02, PNorm = 62.9600, GNorm = 2.4207, lr_0 = 7.0610e-06
Loss = 7.2831e-02, PNorm = 62.9602, GNorm = 1.3606, lr_0 = 7.0194e-06
Loss = 6.6750e-02, PNorm = 62.9605, GNorm = 4.4269, lr_0 = 6.9781e-06
Loss = 7.9005e-02, PNorm = 62.9607, GNorm = 2.0434, lr_0 = 6.9370e-06
Loss = 7.3825e-02, PNorm = 62.9608, GNorm = 3.7733, lr_0 = 6.8962e-06
Loss = 6.9843e-02, PNorm = 62.9611, GNorm = 2.5001, lr_0 = 6.8555e-06
Validation rmse = 36.294925
Epoch 38
Loss = 7.9559e-02, PNorm = 62.9613, GNorm = 5.4740, lr_0 = 6.8111e-06
Loss = 6.7556e-02, PNorm = 62.9616, GNorm = 4.2348, lr_0 = 6.7710e-06
Loss = 7.2773e-02, PNorm = 62.9617, GNorm = 3.8436, lr_0 = 6.7312e-06
Loss = 8.1313e-02, PNorm = 62.9619, GNorm = 2.5662, lr_0 = 6.6915e-06
Loss = 6.8099e-02, PNorm = 62.9622, GNorm = 3.4156, lr_0 = 6.6521e-06
Loss = 7.3355e-02, PNorm = 62.9624, GNorm = 3.0843, lr_0 = 6.6129e-06
Loss = 8.1406e-02, PNorm = 62.9625, GNorm = 1.6269, lr_0 = 6.5740e-06
Loss = 7.0187e-02, PNorm = 62.9627, GNorm = 2.2978, lr_0 = 6.5353e-06
Loss = 7.1552e-02, PNorm = 62.9630, GNorm = 2.6151, lr_0 = 6.4968e-06
Loss = 8.0242e-02, PNorm = 62.9632, GNorm = 2.0567, lr_0 = 6.4585e-06
Loss = 6.5781e-02, PNorm = 62.9634, GNorm = 4.2213, lr_0 = 6.4205e-06
Loss = 8.5070e-02, PNorm = 62.9636, GNorm = 2.7493, lr_0 = 6.3827e-06
Loss = 6.1796e-02, PNorm = 62.9639, GNorm = 2.2112, lr_0 = 6.3451e-06
Loss = 7.3047e-02, PNorm = 62.9641, GNorm = 1.9985, lr_0 = 6.3077e-06
Loss = 6.7449e-02, PNorm = 62.9643, GNorm = 5.1101, lr_0 = 6.2706e-06
Validation rmse = 35.772492
Epoch 39
Loss = 7.3296e-02, PNorm = 62.9645, GNorm = 1.6663, lr_0 = 6.2336e-06
Loss = 7.7811e-02, PNorm = 62.9647, GNorm = 1.6894, lr_0 = 6.1969e-06
Loss = 6.6601e-02, PNorm = 62.9650, GNorm = 2.1818, lr_0 = 6.1604e-06
Loss = 6.7314e-02, PNorm = 62.9652, GNorm = 1.9353, lr_0 = 6.1242e-06
Loss = 7.6115e-02, PNorm = 62.9655, GNorm = 7.6410, lr_0 = 6.0881e-06
Loss = 6.9792e-02, PNorm = 62.9657, GNorm = 3.1086, lr_0 = 6.0522e-06
Loss = 8.3471e-02, PNorm = 62.9659, GNorm = 7.3323, lr_0 = 6.0166e-06
Loss = 7.1219e-02, PNorm = 62.9661, GNorm = 4.8707, lr_0 = 5.9812e-06
Loss = 7.7910e-02, PNorm = 62.9663, GNorm = 1.9116, lr_0 = 5.9459e-06
Loss = 7.4989e-02, PNorm = 62.9666, GNorm = 1.9615, lr_0 = 5.9109e-06
Loss = 7.1813e-02, PNorm = 62.9668, GNorm = 2.5392, lr_0 = 5.8761e-06
Loss = 7.3792e-02, PNorm = 62.9671, GNorm = 2.0868, lr_0 = 5.8415e-06
Loss = 7.5989e-02, PNorm = 62.9673, GNorm = 2.2512, lr_0 = 5.8071e-06
Loss = 7.4118e-02, PNorm = 62.9674, GNorm = 1.6079, lr_0 = 5.7729e-06
Loss = 7.4869e-02, PNorm = 62.9675, GNorm = 1.7301, lr_0 = 5.7389e-06
Validation rmse = 35.793034
Epoch 40
Loss = 5.9589e-02, PNorm = 62.9677, GNorm = 5.8600, lr_0 = 5.7017e-06
Loss = 7.4602e-02, PNorm = 62.9679, GNorm = 1.3561, lr_0 = 5.6682e-06
Loss = 7.4038e-02, PNorm = 62.9681, GNorm = 1.7126, lr_0 = 5.6348e-06
Loss = 7.0592e-02, PNorm = 62.9682, GNorm = 2.1798, lr_0 = 5.6016e-06
Loss = 6.7448e-02, PNorm = 62.9685, GNorm = 3.2613, lr_0 = 5.5686e-06
Loss = 7.3112e-02, PNorm = 62.9687, GNorm = 2.0519, lr_0 = 5.5358e-06
Loss = 6.8323e-02, PNorm = 62.9688, GNorm = 6.9457, lr_0 = 5.5032e-06
Loss = 7.9116e-02, PNorm = 62.9691, GNorm = 4.5223, lr_0 = 5.4708e-06
Loss = 8.6442e-02, PNorm = 62.9693, GNorm = 1.8406, lr_0 = 5.4386e-06
Loss = 7.2944e-02, PNorm = 62.9696, GNorm = 1.6754, lr_0 = 5.4065e-06
Loss = 8.0509e-02, PNorm = 62.9697, GNorm = 2.5454, lr_0 = 5.3747e-06
Loss = 6.8495e-02, PNorm = 62.9700, GNorm = 1.5484, lr_0 = 5.3431e-06
Loss = 6.9050e-02, PNorm = 62.9702, GNorm = 4.1830, lr_0 = 5.3116e-06
Loss = 6.9387e-02, PNorm = 62.9703, GNorm = 2.2828, lr_0 = 5.2803e-06
Loss = 7.5215e-02, PNorm = 62.9704, GNorm = 1.3158, lr_0 = 5.2492e-06
Loss = 6.9630e-02, PNorm = 62.9706, GNorm = 2.0962, lr_0 = 5.2183e-06
Loss = 7.7086e-02, PNorm = 62.9706, GNorm = 3.3181, lr_0 = 5.2152e-06
Validation rmse = 35.892785
Epoch 41
Loss = 7.6166e-02, PNorm = 62.9708, GNorm = 1.6045, lr_0 = 5.1845e-06
Loss = 6.6099e-02, PNorm = 62.9710, GNorm = 2.0616, lr_0 = 5.1540e-06
Loss = 7.2346e-02, PNorm = 62.9712, GNorm = 4.7151, lr_0 = 5.1236e-06
Loss = 7.5506e-02, PNorm = 62.9714, GNorm = 1.9323, lr_0 = 5.0934e-06
Loss = 7.6417e-02, PNorm = 62.9716, GNorm = 7.7168, lr_0 = 5.0634e-06
Loss = 7.5025e-02, PNorm = 62.9718, GNorm = 1.6203, lr_0 = 5.0336e-06
Loss = 6.6765e-02, PNorm = 62.9719, GNorm = 2.9946, lr_0 = 5.0040e-06
Loss = 6.6942e-02, PNorm = 62.9722, GNorm = 1.1932, lr_0 = 4.9745e-06
Loss = 6.9396e-02, PNorm = 62.9724, GNorm = 1.4298, lr_0 = 4.9452e-06
Loss = 7.4162e-02, PNorm = 62.9726, GNorm = 2.0417, lr_0 = 4.9161e-06
Loss = 7.3710e-02, PNorm = 62.9728, GNorm = 3.9281, lr_0 = 4.8871e-06
Loss = 6.0071e-02, PNorm = 62.9729, GNorm = 3.1704, lr_0 = 4.8584e-06
Loss = 8.0750e-02, PNorm = 62.9730, GNorm = 7.5238, lr_0 = 4.8297e-06
Loss = 7.9551e-02, PNorm = 62.9732, GNorm = 3.9666, lr_0 = 4.8013e-06
Loss = 6.6944e-02, PNorm = 62.9734, GNorm = 3.0059, lr_0 = 4.7730e-06
Validation rmse = 35.984002
Epoch 42
Loss = 7.2372e-02, PNorm = 62.9736, GNorm = 2.4890, lr_0 = 4.7421e-06
Loss = 6.6461e-02, PNorm = 62.9738, GNorm = 4.2934, lr_0 = 4.7142e-06
Loss = 6.6257e-02, PNorm = 62.9739, GNorm = 3.0564, lr_0 = 4.6864e-06
Loss = 7.6832e-02, PNorm = 62.9740, GNorm = 2.3050, lr_0 = 4.6588e-06
Loss = 7.2266e-02, PNorm = 62.9742, GNorm = 2.0333, lr_0 = 4.6314e-06
Loss = 7.2803e-02, PNorm = 62.9744, GNorm = 3.0562, lr_0 = 4.6041e-06
Loss = 6.8093e-02, PNorm = 62.9746, GNorm = 2.9410, lr_0 = 4.5770e-06
Loss = 6.9928e-02, PNorm = 62.9746, GNorm = 1.9324, lr_0 = 4.5500e-06
Loss = 6.7413e-02, PNorm = 62.9747, GNorm = 1.5644, lr_0 = 4.5233e-06
Loss = 7.4714e-02, PNorm = 62.9749, GNorm = 4.2304, lr_0 = 4.4966e-06
Loss = 6.9469e-02, PNorm = 62.9751, GNorm = 2.7078, lr_0 = 4.4701e-06
Loss = 7.7115e-02, PNorm = 62.9752, GNorm = 1.1375, lr_0 = 4.4438e-06
Loss = 8.0603e-02, PNorm = 62.9754, GNorm = 1.7681, lr_0 = 4.4176e-06
Loss = 6.4995e-02, PNorm = 62.9756, GNorm = 4.1940, lr_0 = 4.3916e-06
Loss = 8.0107e-02, PNorm = 62.9756, GNorm = 3.5755, lr_0 = 4.3658e-06
Validation rmse = 35.652501
Epoch 43
Loss = 8.8817e-02, PNorm = 62.9757, GNorm = 1.3413, lr_0 = 4.3375e-06
Loss = 6.7126e-02, PNorm = 62.9759, GNorm = 3.7930, lr_0 = 4.3119e-06
Loss = 7.0878e-02, PNorm = 62.9761, GNorm = 5.9121, lr_0 = 4.2865e-06
Loss = 7.5055e-02, PNorm = 62.9762, GNorm = 6.1755, lr_0 = 4.2613e-06
Loss = 7.1660e-02, PNorm = 62.9764, GNorm = 2.4955, lr_0 = 4.2362e-06
Loss = 7.2082e-02, PNorm = 62.9766, GNorm = 5.5554, lr_0 = 4.2113e-06
Loss = 6.8890e-02, PNorm = 62.9767, GNorm = 2.4924, lr_0 = 4.1865e-06
Loss = 7.0460e-02, PNorm = 62.9768, GNorm = 1.5003, lr_0 = 4.1618e-06
Loss = 6.6442e-02, PNorm = 62.9769, GNorm = 3.1106, lr_0 = 4.1373e-06
Loss = 7.4057e-02, PNorm = 62.9771, GNorm = 3.9177, lr_0 = 4.1129e-06
Loss = 6.6350e-02, PNorm = 62.9772, GNorm = 3.1572, lr_0 = 4.0887e-06
Loss = 7.5398e-02, PNorm = 62.9774, GNorm = 2.0651, lr_0 = 4.0646e-06
Loss = 6.5811e-02, PNorm = 62.9775, GNorm = 5.5320, lr_0 = 4.0407e-06
Loss = 6.9173e-02, PNorm = 62.9776, GNorm = 3.0238, lr_0 = 4.0169e-06
Loss = 7.3359e-02, PNorm = 62.9778, GNorm = 3.8256, lr_0 = 3.9932e-06
Validation rmse = 35.774472
Epoch 44
Loss = 6.3598e-02, PNorm = 62.9779, GNorm = 2.7492, lr_0 = 3.9697e-06
Loss = 7.3731e-02, PNorm = 62.9780, GNorm = 5.4516, lr_0 = 3.9463e-06
Loss = 6.3365e-02, PNorm = 62.9782, GNorm = 1.5125, lr_0 = 3.9231e-06
Loss = 7.3838e-02, PNorm = 62.9783, GNorm = 2.8979, lr_0 = 3.9000e-06
Loss = 7.7904e-02, PNorm = 62.9785, GNorm = 3.5216, lr_0 = 3.8770e-06
Loss = 6.1934e-02, PNorm = 62.9786, GNorm = 1.7593, lr_0 = 3.8542e-06
Loss = 8.0494e-02, PNorm = 62.9787, GNorm = 6.8695, lr_0 = 3.8315e-06
Loss = 7.1022e-02, PNorm = 62.9789, GNorm = 2.3810, lr_0 = 3.8089e-06
Loss = 6.2826e-02, PNorm = 62.9789, GNorm = 1.8932, lr_0 = 3.7865e-06
Loss = 6.8073e-02, PNorm = 62.9791, GNorm = 1.4548, lr_0 = 3.7642e-06
Loss = 7.3185e-02, PNorm = 62.9792, GNorm = 4.8332, lr_0 = 3.7420e-06
Loss = 7.4642e-02, PNorm = 62.9793, GNorm = 2.7635, lr_0 = 3.7200e-06
Loss = 7.3756e-02, PNorm = 62.9794, GNorm = 0.9843, lr_0 = 3.6981e-06
Loss = 6.6211e-02, PNorm = 62.9796, GNorm = 1.6158, lr_0 = 3.6763e-06
Loss = 6.9332e-02, PNorm = 62.9797, GNorm = 1.9382, lr_0 = 3.6547e-06
Validation rmse = 35.693897
Epoch 45
Loss = 5.7923e-02, PNorm = 62.9799, GNorm = 2.1065, lr_0 = 3.6310e-06
Loss = 6.8154e-02, PNorm = 62.9800, GNorm = 1.4612, lr_0 = 3.6096e-06
Loss = 6.2301e-02, PNorm = 62.9802, GNorm = 3.7208, lr_0 = 3.5883e-06
Loss = 6.8748e-02, PNorm = 62.9803, GNorm = 2.2205, lr_0 = 3.5672e-06
Loss = 6.1058e-02, PNorm = 62.9804, GNorm = 3.6163, lr_0 = 3.5462e-06
Loss = 7.5745e-02, PNorm = 62.9805, GNorm = 5.7103, lr_0 = 3.5253e-06
Loss = 6.2879e-02, PNorm = 62.9806, GNorm = 1.4483, lr_0 = 3.5046e-06
Loss = 6.9621e-02, PNorm = 62.9807, GNorm = 3.9136, lr_0 = 3.4839e-06
Loss = 6.7013e-02, PNorm = 62.9808, GNorm = 5.7773, lr_0 = 3.4634e-06
Loss = 7.3431e-02, PNorm = 62.9810, GNorm = 2.5247, lr_0 = 3.4430e-06
Loss = 6.6540e-02, PNorm = 62.9811, GNorm = 1.9032, lr_0 = 3.4227e-06
Loss = 7.1313e-02, PNorm = 62.9812, GNorm = 5.9627, lr_0 = 3.4026e-06
Loss = 7.4029e-02, PNorm = 62.9813, GNorm = 3.8561, lr_0 = 3.3825e-06
Loss = 6.9475e-02, PNorm = 62.9815, GNorm = 2.7201, lr_0 = 3.3626e-06
Loss = 7.8799e-02, PNorm = 62.9816, GNorm = 1.1447, lr_0 = 3.3428e-06
Loss = 8.4802e-02, PNorm = 62.9817, GNorm = 3.5692, lr_0 = 3.3231e-06
Validation rmse = 36.382445
Epoch 46
Loss = 6.2510e-02, PNorm = 62.9819, GNorm = 4.7306, lr_0 = 3.3016e-06
Loss = 6.7125e-02, PNorm = 62.9820, GNorm = 1.4973, lr_0 = 3.2822e-06
Loss = 7.5516e-02, PNorm = 62.9822, GNorm = 3.1745, lr_0 = 3.2628e-06
Loss = 7.8213e-02, PNorm = 62.9823, GNorm = 2.0301, lr_0 = 3.2436e-06
Loss = 7.5098e-02, PNorm = 62.9824, GNorm = 2.3877, lr_0 = 3.2245e-06
Loss = 6.6314e-02, PNorm = 62.9825, GNorm = 1.6927, lr_0 = 3.2055e-06
Loss = 7.1959e-02, PNorm = 62.9827, GNorm = 4.8444, lr_0 = 3.1866e-06
Loss = 6.7831e-02, PNorm = 62.9828, GNorm = 1.4535, lr_0 = 3.1679e-06
Loss = 7.6654e-02, PNorm = 62.9829, GNorm = 2.8201, lr_0 = 3.1492e-06
Loss = 5.8696e-02, PNorm = 62.9830, GNorm = 2.5456, lr_0 = 3.1307e-06
Loss = 6.1914e-02, PNorm = 62.9831, GNorm = 2.6574, lr_0 = 3.1122e-06
Loss = 6.8065e-02, PNorm = 62.9832, GNorm = 2.8099, lr_0 = 3.0939e-06
Loss = 8.0040e-02, PNorm = 62.9833, GNorm = 2.5057, lr_0 = 3.0757e-06
Loss = 7.3661e-02, PNorm = 62.9834, GNorm = 1.6651, lr_0 = 3.0576e-06
Loss = 7.4745e-02, PNorm = 62.9835, GNorm = 2.0475, lr_0 = 3.0396e-06
Validation rmse = 35.808718
Epoch 47
Loss = 6.7749e-02, PNorm = 62.9837, GNorm = 2.4264, lr_0 = 3.0199e-06
Loss = 6.6826e-02, PNorm = 62.9837, GNorm = 2.1609, lr_0 = 3.0021e-06
Loss = 7.6208e-02, PNorm = 62.9838, GNorm = 3.4986, lr_0 = 2.9844e-06
Loss = 7.8710e-02, PNorm = 62.9839, GNorm = 3.8894, lr_0 = 2.9668e-06
Loss = 7.2708e-02, PNorm = 62.9841, GNorm = 1.4331, lr_0 = 2.9494e-06
Loss = 6.7391e-02, PNorm = 62.9842, GNorm = 1.3870, lr_0 = 2.9320e-06
Loss = 6.8590e-02, PNorm = 62.9843, GNorm = 3.0785, lr_0 = 2.9147e-06
Loss = 7.1585e-02, PNorm = 62.9844, GNorm = 5.4405, lr_0 = 2.8976e-06
Loss = 7.1420e-02, PNorm = 62.9845, GNorm = 5.2345, lr_0 = 2.8805e-06
Loss = 6.8488e-02, PNorm = 62.9846, GNorm = 3.2425, lr_0 = 2.8635e-06
Loss = 6.4966e-02, PNorm = 62.9847, GNorm = 1.9563, lr_0 = 2.8467e-06
Loss = 6.5740e-02, PNorm = 62.9848, GNorm = 1.0429, lr_0 = 2.8299e-06
Loss = 7.8448e-02, PNorm = 62.9849, GNorm = 1.2891, lr_0 = 2.8132e-06
Loss = 6.5939e-02, PNorm = 62.9849, GNorm = 6.5754, lr_0 = 2.7967e-06
Loss = 7.5343e-02, PNorm = 62.9850, GNorm = 2.0058, lr_0 = 2.7802e-06
Validation rmse = 35.722920
Epoch 48
Loss = 6.9852e-02, PNorm = 62.9851, GNorm = 2.0723, lr_0 = 2.7622e-06
Loss = 7.1728e-02, PNorm = 62.9853, GNorm = 1.9707, lr_0 = 2.7459e-06
Loss = 6.5445e-02, PNorm = 62.9854, GNorm = 5.8601, lr_0 = 2.7298e-06
Loss = 8.3001e-02, PNorm = 62.9855, GNorm = 2.7780, lr_0 = 2.7137e-06
Loss = 8.0297e-02, PNorm = 62.9856, GNorm = 1.9045, lr_0 = 2.6977e-06
Loss = 6.6400e-02, PNorm = 62.9856, GNorm = 2.2694, lr_0 = 2.6818e-06
Loss = 6.5412e-02, PNorm = 62.9857, GNorm = 1.1254, lr_0 = 2.6660e-06
Loss = 6.2715e-02, PNorm = 62.9858, GNorm = 2.2842, lr_0 = 2.6503e-06
Loss = 7.1322e-02, PNorm = 62.9859, GNorm = 1.9645, lr_0 = 2.6347e-06
Loss = 6.0848e-02, PNorm = 62.9860, GNorm = 1.3414, lr_0 = 2.6192e-06
Loss = 7.3684e-02, PNorm = 62.9860, GNorm = 4.6433, lr_0 = 2.6038e-06
Loss = 7.4754e-02, PNorm = 62.9861, GNorm = 2.3768, lr_0 = 2.5884e-06
Loss = 7.6190e-02, PNorm = 62.9862, GNorm = 2.1932, lr_0 = 2.5732e-06
Loss = 7.0280e-02, PNorm = 62.9863, GNorm = 2.6775, lr_0 = 2.5580e-06
Loss = 6.6787e-02, PNorm = 62.9864, GNorm = 1.7930, lr_0 = 2.5430e-06
Validation rmse = 35.649778
Epoch 49
Loss = 6.1119e-02, PNorm = 62.9865, GNorm = 0.9403, lr_0 = 2.5280e-06
Loss = 7.0819e-02, PNorm = 62.9866, GNorm = 2.0080, lr_0 = 2.5131e-06
Loss = 6.4483e-02, PNorm = 62.9866, GNorm = 5.5575, lr_0 = 2.4983e-06
Loss = 6.8017e-02, PNorm = 62.9867, GNorm = 4.4726, lr_0 = 2.4836e-06
Loss = 7.6495e-02, PNorm = 62.9869, GNorm = 1.8382, lr_0 = 2.4690e-06
Loss = 7.2693e-02, PNorm = 62.9869, GNorm = 1.8134, lr_0 = 2.4544e-06
Loss = 7.1545e-02, PNorm = 62.9870, GNorm = 1.8994, lr_0 = 2.4400e-06
Loss = 6.3712e-02, PNorm = 62.9871, GNorm = 2.1022, lr_0 = 2.4256e-06
Loss = 6.6497e-02, PNorm = 62.9872, GNorm = 2.4951, lr_0 = 2.4113e-06
Loss = 8.0769e-02, PNorm = 62.9873, GNorm = 2.6585, lr_0 = 2.3971e-06
Loss = 6.4373e-02, PNorm = 62.9873, GNorm = 2.1837, lr_0 = 2.3830e-06
Loss = 8.0931e-02, PNorm = 62.9874, GNorm = 2.0148, lr_0 = 2.3830e-06
Loss = 6.6856e-02, PNorm = 62.9876, GNorm = 3.7877, lr_0 = 2.3830e-06
Loss = 6.6458e-02, PNorm = 62.9877, GNorm = 5.9936, lr_0 = 2.3830e-06
Loss = 7.2093e-02, PNorm = 62.9878, GNorm = 4.1382, lr_0 = 2.3830e-06
Loss = 6.8704e-02, PNorm = 62.9878, GNorm = 4.7311, lr_0 = 2.3830e-06
Loss = 6.0844e-02, PNorm = 62.9878, GNorm = 4.2609, lr_0 = 2.3830e-06
Validation rmse = 35.561182
Model 0 best validation rmse = 35.561182 on epoch 49
Loading pretrained parameter "encoder.encoder.0.cached_zero_vector".
Loading pretrained parameter "encoder.encoder.0.W_i.weight".
Loading pretrained parameter "encoder.encoder.0.W_h.weight".
Loading pretrained parameter "encoder.encoder.0.W_o.weight".
Loading pretrained parameter "encoder.encoder.0.W_o.bias".
Loading pretrained parameter "encoder.encoder.1.cached_zero_vector".
Loading pretrained parameter "encoder.encoder.1.W_i.weight".
Loading pretrained parameter "encoder.encoder.1.W_h.weight".
Loading pretrained parameter "encoder.encoder.1.W_o.weight".
Loading pretrained parameter "encoder.encoder.1.W_o.bias".
Loading pretrained parameter "ffn.1.weight".
Loading pretrained parameter "ffn.1.bias".
Loading pretrained parameter "ffn.4.weight".
Loading pretrained parameter "ffn.4.bias".
Moving model to cuda
Model 0 test rmse = 31.838816
Ensemble test rmse = 31.838816
1-fold cross validation
	Seed 0 ==> test rmse = 31.838816
Overall test rmse = 31.838816 +/- 0.000000
Elapsed time = 0:36:11
