Command line
python /home/kpg/chemprop/train.py --data_path ../../../data/splits/lambda_max_abs/deep4chem/group_by_smiles/smiles_target_train.csv --dataset_type regression --save_dir /home/kimele03/uvvisml/uvvisml/models/multitask_peak_stats_checkpoints/random/results/507326/49792153 --config_path /home/kimele03/uvvisml/uvvisml/models/multitask_peak_stats_checkpoints/random/results/507326/49792153/hyperopt.json --metric rmse --epochs 50 --gpu 0 --ensemble_size 1 --separate_val_path ../../../data/splits/lambda_max_abs/deep4chem/group_by_smiles/smiles_target_val.csv --separate_test_path ../../../data/splits/lambda_max_abs/deep4chem/group_by_smiles/smiles_target_test.csv --number_of_molecules 2
Args
{'activation': 'ReLU',
 'aggregation': 'mean',
 'aggregation_norm': 100,
 'atom_descriptor_scaling': True,
 'atom_descriptors': None,
 'atom_descriptors_path': None,
 'atom_descriptors_size': 0,
 'atom_features_size': 0,
 'atom_messages': False,
 'batch_size': 53,
 'bias': False,
 'bond_feature_scaling': True,
 'bond_features_path': None,
 'bond_features_size': 0,
 'cache_cutoff': 10000,
 'checkpoint_dir': None,
 'checkpoint_frzn': None,
 'checkpoint_path': None,
 'checkpoint_paths': None,
 'class_balance': False,
 'config_path': '/home/kimele03/uvvisml/uvvisml/models/multitask_peak_stats_checkpoints/random/results/507326/49792153/hyperopt.json',
 'crossval_index_dir': None,
 'crossval_index_file': None,
 'crossval_index_sets': None,
 'cuda': True,
 'data_path': '../../../data/splits/lambda_max_abs/deep4chem/group_by_smiles/smiles_target_train.csv',
 'data_weights_path': None,
 'dataset_type': 'regression',
 'depth': 2,
 'device': device(type='cuda', index=0),
 'dropout': 0.11881271694603926,
 'empty_cache': False,
 'ensemble_size': 1,
 'epochs': 50,
 'explicit_h': False,
 'extra_metrics': [],
 'features_generator': None,
 'features_only': False,
 'features_path': None,
 'features_scaling': True,
 'features_size': None,
 'ffn_hidden_size': 1290,
 'ffn_num_layers': 2,
 'final_lr': 0.00022375596177275035,
 'folds_file': None,
 'freeze_first_only': False,
 'frzn_ffn_layers': 0,
 'gpu': 0,
 'grad_clip': None,
 'hidden_size': 1531,
 'ignore_columns': None,
 'init_lr': 6.864331849866811e-05,
 'log_frequency': 10,
 'max_data_size': None,
 'max_lr': 0.00028523494673632094,
 'metric': 'rmse',
 'metrics': ['rmse'],
 'minimize_score': True,
 'mpn_shared': False,
 'multiclass_num_classes': 3,
 'no_atom_descriptor_scaling': False,
 'no_bond_features_scaling': False,
 'no_cache_mol': False,
 'no_cuda': False,
 'no_features_scaling': False,
 'num_folds': 1,
 'num_lrs': 1,
 'num_tasks': 1,
 'num_workers': 8,
 'number_of_molecules': 2,
 'overwrite_default_atom_features': False,
 'overwrite_default_bond_features': False,
 'pytorch_seed': 0,
 'quiet': False,
 'reaction': False,
 'reaction_mode': 'reac_diff',
 'resume_experiment': False,
 'save_dir': '/home/kimele03/uvvisml/uvvisml/models/multitask_peak_stats_checkpoints/random/results/507326/49792153',
 'save_preds': False,
 'save_smiles_splits': False,
 'seed': 0,
 'separate_test_atom_descriptors_path': None,
 'separate_test_bond_features_path': None,
 'separate_test_features_path': None,
 'separate_test_path': '../../../data/splits/lambda_max_abs/deep4chem/group_by_smiles/smiles_target_test.csv',
 'separate_val_atom_descriptors_path': None,
 'separate_val_bond_features_path': None,
 'separate_val_features_path': None,
 'separate_val_path': '../../../data/splits/lambda_max_abs/deep4chem/group_by_smiles/smiles_target_val.csv',
 'show_individual_scores': False,
 'smiles_columns': ['smiles', 'solvent'],
 'split_sizes': (0.8, 0.1, 0.1),
 'split_type': 'random',
 'target_columns': None,
 'target_weights': None,
 'task_names': ['peakwavs_max'],
 'test': False,
 'test_fold_index': None,
 'train_data_size': None,
 'undirected': False,
 'use_input_features': False,
 'val_fold_index': None,
 'warmup_epochs': 4}
Loading data
Number of tasks = 1
Fold 0
Splitting data with seed 0
Total size = 13,242 | train size = 13,242 | val size = 1,633 | test size = 1,710
Fitting scaler
Building model 0
MoleculeModel(
  (encoder): MPN(
    (encoder): ModuleList(
      (0): MPNEncoder(
        (dropout_layer): Dropout(p=0.11881271694603926, inplace=False)
        (act_func): ReLU()
        (W_i): Linear(in_features=147, out_features=1531, bias=False)
        (W_h): Linear(in_features=1531, out_features=1531, bias=False)
        (W_o): Linear(in_features=1664, out_features=1531, bias=True)
      )
      (1): MPNEncoder(
        (dropout_layer): Dropout(p=0.11881271694603926, inplace=False)
        (act_func): ReLU()
        (W_i): Linear(in_features=147, out_features=1531, bias=False)
        (W_h): Linear(in_features=1531, out_features=1531, bias=False)
        (W_o): Linear(in_features=1664, out_features=1531, bias=True)
      )
    )
  )
  (ffn): Sequential(
    (0): Dropout(p=0.11881271694603926, inplace=False)
    (1): Linear(in_features=3062, out_features=1290, bias=True)
    (2): ReLU()
    (3): Dropout(p=0.11881271694603926, inplace=False)
    (4): Linear(in_features=1290, out_features=1, bias=True)
  )
)
Number of parameters = 14,191,889
Moving model to cuda
Epoch 0
Loss = 1.3496e+00, PNorm = 92.7425, GNorm = 2.2773, lr_0 = 7.1035e-05
Loss = 8.8080e-01, PNorm = 92.7467, GNorm = 1.8277, lr_0 = 7.3210e-05
Loss = 8.3347e-01, PNorm = 92.7520, GNorm = 4.8556, lr_0 = 7.5385e-05
Loss = 8.9575e-01, PNorm = 92.7572, GNorm = 5.4819, lr_0 = 7.7559e-05
Loss = 1.0662e+00, PNorm = 92.7621, GNorm = 3.3859, lr_0 = 7.9734e-05
Loss = 9.7775e-01, PNorm = 92.7680, GNorm = 2.0605, lr_0 = 8.1908e-05
Loss = 8.4148e-01, PNorm = 92.7751, GNorm = 3.7751, lr_0 = 8.4083e-05
Loss = 8.0596e-01, PNorm = 92.7834, GNorm = 2.7304, lr_0 = 8.6258e-05
Loss = 6.2160e-01, PNorm = 92.7921, GNorm = 1.0305, lr_0 = 8.8432e-05
Loss = 6.9575e-01, PNorm = 92.8016, GNorm = 8.2786, lr_0 = 9.0607e-05
Loss = 7.9843e-01, PNorm = 92.8096, GNorm = 7.8604, lr_0 = 9.2782e-05
Loss = 7.3422e-01, PNorm = 92.8198, GNorm = 2.4927, lr_0 = 9.4956e-05
Loss = 7.4468e-01, PNorm = 92.8308, GNorm = 7.9236, lr_0 = 9.7131e-05
Loss = 7.5015e-01, PNorm = 92.8444, GNorm = 4.4721, lr_0 = 9.9305e-05
Loss = 6.1162e-01, PNorm = 92.8569, GNorm = 3.6389, lr_0 = 1.0148e-04
Loss = 6.5056e-01, PNorm = 92.8733, GNorm = 7.5543, lr_0 = 1.0365e-04
Loss = 5.8422e-01, PNorm = 92.8857, GNorm = 6.8406, lr_0 = 1.0583e-04
Loss = 6.6629e-01, PNorm = 92.9023, GNorm = 2.8419, lr_0 = 1.0800e-04
Loss = 6.2588e-01, PNorm = 92.9189, GNorm = 4.7647, lr_0 = 1.1018e-04
Loss = 6.3860e-01, PNorm = 92.9342, GNorm = 2.3037, lr_0 = 1.1235e-04
Loss = 5.6957e-01, PNorm = 92.9514, GNorm = 10.7012, lr_0 = 1.1453e-04
Loss = 6.1363e-01, PNorm = 92.9696, GNorm = 11.9981, lr_0 = 1.1670e-04
Loss = 6.9091e-01, PNorm = 92.9871, GNorm = 17.0634, lr_0 = 1.1888e-04
Loss = 4.2705e-01, PNorm = 93.0030, GNorm = 7.1340, lr_0 = 1.2105e-04
Validation rmse = 79.444143
Epoch 1
Loss = 5.1740e-01, PNorm = 93.0217, GNorm = 3.5436, lr_0 = 1.2344e-04
Loss = 5.5270e-01, PNorm = 93.0402, GNorm = 11.5637, lr_0 = 1.2562e-04
Loss = 4.9041e-01, PNorm = 93.0638, GNorm = 9.1572, lr_0 = 1.2779e-04
Loss = 5.1507e-01, PNorm = 93.0887, GNorm = 1.4906, lr_0 = 1.2997e-04
Loss = 4.6491e-01, PNorm = 93.1124, GNorm = 7.3948, lr_0 = 1.3214e-04
Loss = 4.5171e-01, PNorm = 93.1334, GNorm = 4.0628, lr_0 = 1.3432e-04
Loss = 4.3737e-01, PNorm = 93.1526, GNorm = 2.2116, lr_0 = 1.3649e-04
Loss = 4.4475e-01, PNorm = 93.1763, GNorm = 7.1516, lr_0 = 1.3867e-04
Loss = 4.1096e-01, PNorm = 93.1967, GNorm = 1.4535, lr_0 = 1.4084e-04
Loss = 4.4954e-01, PNorm = 93.2148, GNorm = 3.4084, lr_0 = 1.4302e-04
Loss = 4.2919e-01, PNorm = 93.2367, GNorm = 10.3515, lr_0 = 1.4519e-04
Loss = 3.8567e-01, PNorm = 93.2560, GNorm = 1.9735, lr_0 = 1.4736e-04
Loss = 4.0526e-01, PNorm = 93.2757, GNorm = 1.6278, lr_0 = 1.4954e-04
Loss = 3.5480e-01, PNorm = 93.2951, GNorm = 6.7014, lr_0 = 1.5171e-04
Loss = 3.8066e-01, PNorm = 93.3144, GNorm = 2.9026, lr_0 = 1.5389e-04
Loss = 4.4065e-01, PNorm = 93.3349, GNorm = 12.7810, lr_0 = 1.5606e-04
Loss = 3.5028e-01, PNorm = 93.3606, GNorm = 7.4842, lr_0 = 1.5824e-04
Loss = 3.6811e-01, PNorm = 93.3805, GNorm = 4.8309, lr_0 = 1.6041e-04
Loss = 3.4525e-01, PNorm = 93.4023, GNorm = 1.2266, lr_0 = 1.6259e-04
Loss = 4.2217e-01, PNorm = 93.4247, GNorm = 7.8686, lr_0 = 1.6476e-04
Loss = 3.9365e-01, PNorm = 93.4481, GNorm = 4.0132, lr_0 = 1.6694e-04
Loss = 3.6946e-01, PNorm = 93.4688, GNorm = 11.8123, lr_0 = 1.6911e-04
Loss = 4.2382e-01, PNorm = 93.4900, GNorm = 9.1594, lr_0 = 1.7129e-04
Loss = 3.7995e-01, PNorm = 93.5173, GNorm = 1.3599, lr_0 = 1.7346e-04
Loss = 3.1281e-01, PNorm = 93.5413, GNorm = 2.8965, lr_0 = 1.7563e-04
Validation rmse = 62.599623
Epoch 2
Loss = 3.1326e-01, PNorm = 93.5660, GNorm = 1.4269, lr_0 = 1.7781e-04
Loss = 3.1782e-01, PNorm = 93.5860, GNorm = 1.5281, lr_0 = 1.7998e-04
Loss = 2.7621e-01, PNorm = 93.6076, GNorm = 2.2501, lr_0 = 1.8216e-04
Loss = 2.7517e-01, PNorm = 93.6253, GNorm = 6.3364, lr_0 = 1.8433e-04
Loss = 2.7464e-01, PNorm = 93.6400, GNorm = 2.1091, lr_0 = 1.8651e-04
Loss = 2.7059e-01, PNorm = 93.6578, GNorm = 2.1376, lr_0 = 1.8868e-04
Loss = 3.3939e-01, PNorm = 93.6771, GNorm = 5.1826, lr_0 = 1.9086e-04
Loss = 3.5547e-01, PNorm = 93.6988, GNorm = 3.5367, lr_0 = 1.9303e-04
Loss = 3.0711e-01, PNorm = 93.7209, GNorm = 1.7562, lr_0 = 1.9521e-04
Loss = 3.3571e-01, PNorm = 93.7409, GNorm = 3.8609, lr_0 = 1.9738e-04
Loss = 2.8243e-01, PNorm = 93.7594, GNorm = 3.9143, lr_0 = 1.9956e-04
Loss = 3.6146e-01, PNorm = 93.7886, GNorm = 5.8163, lr_0 = 2.0173e-04
Loss = 2.8257e-01, PNorm = 93.8111, GNorm = 1.3445, lr_0 = 2.0390e-04
Loss = 3.1711e-01, PNorm = 93.8338, GNorm = 1.5023, lr_0 = 2.0608e-04
Loss = 2.7796e-01, PNorm = 93.8622, GNorm = 2.0937, lr_0 = 2.0825e-04
Loss = 3.3003e-01, PNorm = 93.8841, GNorm = 3.7119, lr_0 = 2.1043e-04
Loss = 3.2473e-01, PNorm = 93.9074, GNorm = 1.6031, lr_0 = 2.1260e-04
Loss = 2.7740e-01, PNorm = 93.9313, GNorm = 4.1125, lr_0 = 2.1478e-04
Loss = 2.7323e-01, PNorm = 93.9571, GNorm = 3.0038, lr_0 = 2.1695e-04
Loss = 3.1914e-01, PNorm = 93.9766, GNorm = 8.3598, lr_0 = 2.1913e-04
Loss = 3.6238e-01, PNorm = 94.0096, GNorm = 5.8631, lr_0 = 2.2130e-04
Loss = 2.9219e-01, PNorm = 94.0338, GNorm = 2.0960, lr_0 = 2.2348e-04
Loss = 2.0869e-01, PNorm = 94.0582, GNorm = 1.8606, lr_0 = 2.2565e-04
Loss = 2.8506e-01, PNorm = 94.0791, GNorm = 2.8028, lr_0 = 2.2783e-04
Loss = 2.4623e-01, PNorm = 94.0965, GNorm = 4.4239, lr_0 = 2.3000e-04
Validation rmse = 60.674047
Epoch 3
Loss = 3.5731e-01, PNorm = 94.1195, GNorm = 11.8190, lr_0 = 2.3217e-04
Loss = 2.3501e-01, PNorm = 94.1402, GNorm = 4.8465, lr_0 = 2.3435e-04
Loss = 2.5108e-01, PNorm = 94.1686, GNorm = 1.4696, lr_0 = 2.3652e-04
Loss = 2.2850e-01, PNorm = 94.1883, GNorm = 3.2429, lr_0 = 2.3870e-04
Loss = 2.8497e-01, PNorm = 94.2144, GNorm = 1.2775, lr_0 = 2.4087e-04
Loss = 2.3585e-01, PNorm = 94.2488, GNorm = 4.1428, lr_0 = 2.4305e-04
Loss = 2.6267e-01, PNorm = 94.2715, GNorm = 1.9162, lr_0 = 2.4522e-04
Loss = 2.6572e-01, PNorm = 94.2962, GNorm = 2.5057, lr_0 = 2.4740e-04
Loss = 2.5003e-01, PNorm = 94.3192, GNorm = 2.1640, lr_0 = 2.4957e-04
Loss = 2.7441e-01, PNorm = 94.3474, GNorm = 5.6528, lr_0 = 2.5175e-04
Loss = 2.4892e-01, PNorm = 94.3742, GNorm = 2.6013, lr_0 = 2.5392e-04
Loss = 2.7462e-01, PNorm = 94.4097, GNorm = 4.8571, lr_0 = 2.5610e-04
Loss = 2.6757e-01, PNorm = 94.4372, GNorm = 1.3952, lr_0 = 2.5827e-04
Loss = 2.4019e-01, PNorm = 94.4685, GNorm = 1.3836, lr_0 = 2.6044e-04
Loss = 2.5424e-01, PNorm = 94.4988, GNorm = 1.1874, lr_0 = 2.6262e-04
Loss = 1.9277e-01, PNorm = 94.5275, GNorm = 1.3376, lr_0 = 2.6479e-04
Loss = 2.5523e-01, PNorm = 94.5538, GNorm = 0.9517, lr_0 = 2.6697e-04
Loss = 2.4936e-01, PNorm = 94.5821, GNorm = 2.8189, lr_0 = 2.6914e-04
Loss = 2.3777e-01, PNorm = 94.6065, GNorm = 3.1819, lr_0 = 2.7132e-04
Loss = 2.2415e-01, PNorm = 94.6336, GNorm = 2.2542, lr_0 = 2.7349e-04
Loss = 2.3588e-01, PNorm = 94.6674, GNorm = 3.0335, lr_0 = 2.7567e-04
Loss = 2.7373e-01, PNorm = 94.7000, GNorm = 2.7985, lr_0 = 2.7784e-04
Loss = 2.1985e-01, PNorm = 94.7289, GNorm = 1.5874, lr_0 = 2.8002e-04
Loss = 2.5509e-01, PNorm = 94.7607, GNorm = 4.2103, lr_0 = 2.8219e-04
Loss = 2.5855e-01, PNorm = 94.8053, GNorm = 2.6295, lr_0 = 2.8437e-04
Validation rmse = 58.319197
Epoch 4
Loss = 1.9777e-01, PNorm = 94.8404, GNorm = 6.5242, lr_0 = 2.8520e-04
Loss = 2.3999e-01, PNorm = 94.8704, GNorm = 2.2332, lr_0 = 2.8514e-04
Loss = 2.3236e-01, PNorm = 94.9057, GNorm = 2.6925, lr_0 = 2.8508e-04
Loss = 2.7658e-01, PNorm = 94.9447, GNorm = 4.3903, lr_0 = 2.8502e-04
Loss = 2.1136e-01, PNorm = 94.9805, GNorm = 1.7991, lr_0 = 2.8496e-04
Loss = 2.0220e-01, PNorm = 95.0134, GNorm = 1.8802, lr_0 = 2.8490e-04
Loss = 2.2469e-01, PNorm = 95.0424, GNorm = 1.7148, lr_0 = 2.8484e-04
Loss = 2.1353e-01, PNorm = 95.0787, GNorm = 1.1766, lr_0 = 2.8478e-04
Loss = 2.3217e-01, PNorm = 95.1118, GNorm = 1.7498, lr_0 = 2.8472e-04
Loss = 2.8114e-01, PNorm = 95.1482, GNorm = 6.1262, lr_0 = 2.8466e-04
Loss = 2.5198e-01, PNorm = 95.1837, GNorm = 1.1777, lr_0 = 2.8459e-04
Loss = 2.2530e-01, PNorm = 95.2174, GNorm = 2.2834, lr_0 = 2.8453e-04
Loss = 2.1019e-01, PNorm = 95.2547, GNorm = 4.2678, lr_0 = 2.8447e-04
Loss = 2.2800e-01, PNorm = 95.2838, GNorm = 3.2591, lr_0 = 2.8441e-04
Loss = 2.4418e-01, PNorm = 95.3179, GNorm = 1.2782, lr_0 = 2.8435e-04
Loss = 2.3267e-01, PNorm = 95.3469, GNorm = 2.3437, lr_0 = 2.8429e-04
Loss = 2.6875e-01, PNorm = 95.3876, GNorm = 3.9204, lr_0 = 2.8423e-04
Loss = 1.9716e-01, PNorm = 95.4220, GNorm = 2.7770, lr_0 = 2.8417e-04
Loss = 2.2528e-01, PNorm = 95.4590, GNorm = 5.1305, lr_0 = 2.8411e-04
Loss = 1.8853e-01, PNorm = 95.4946, GNorm = 0.9585, lr_0 = 2.8405e-04
Loss = 1.7299e-01, PNorm = 95.5280, GNorm = 1.3200, lr_0 = 2.8399e-04
Loss = 1.7945e-01, PNorm = 95.5535, GNorm = 1.3868, lr_0 = 2.8393e-04
Loss = 1.6275e-01, PNorm = 95.5839, GNorm = 1.8558, lr_0 = 2.8387e-04
Loss = 2.0272e-01, PNorm = 95.6191, GNorm = 1.3121, lr_0 = 2.8381e-04
Loss = 2.0698e-01, PNorm = 95.6472, GNorm = 1.2841, lr_0 = 2.8375e-04
Validation rmse = 50.322571
Epoch 5
Loss = 1.6909e-01, PNorm = 95.6855, GNorm = 2.4457, lr_0 = 2.8369e-04
Loss = 1.6579e-01, PNorm = 95.7311, GNorm = 1.4829, lr_0 = 2.8363e-04
Loss = 1.5023e-01, PNorm = 95.7657, GNorm = 1.2146, lr_0 = 2.8357e-04
Loss = 1.7215e-01, PNorm = 95.7917, GNorm = 3.1115, lr_0 = 2.8351e-04
Loss = 2.1095e-01, PNorm = 95.8264, GNorm = 2.1597, lr_0 = 2.8345e-04
Loss = 2.1080e-01, PNorm = 95.8593, GNorm = 1.1372, lr_0 = 2.8339e-04
Loss = 1.7399e-01, PNorm = 95.8930, GNorm = 1.0201, lr_0 = 2.8333e-04
Loss = 1.8774e-01, PNorm = 95.9374, GNorm = 2.8674, lr_0 = 2.8327e-04
Loss = 1.9664e-01, PNorm = 95.9732, GNorm = 1.4863, lr_0 = 2.8321e-04
Loss = 1.5555e-01, PNorm = 95.9975, GNorm = 0.9841, lr_0 = 2.8315e-04
Loss = 1.9095e-01, PNorm = 96.0361, GNorm = 1.1886, lr_0 = 2.8309e-04
Loss = 1.7226e-01, PNorm = 96.0649, GNorm = 0.7189, lr_0 = 2.8303e-04
Loss = 1.8573e-01, PNorm = 96.0998, GNorm = 1.3912, lr_0 = 2.8297e-04
Loss = 1.8729e-01, PNorm = 96.1409, GNorm = 1.4664, lr_0 = 2.8291e-04
Loss = 1.6251e-01, PNorm = 96.1740, GNorm = 1.3974, lr_0 = 2.8285e-04
Loss = 1.9124e-01, PNorm = 96.2067, GNorm = 1.7452, lr_0 = 2.8279e-04
Loss = 1.7090e-01, PNorm = 96.2341, GNorm = 0.7218, lr_0 = 2.8273e-04
Loss = 1.6769e-01, PNorm = 96.2583, GNorm = 2.6508, lr_0 = 2.8267e-04
Loss = 1.4480e-01, PNorm = 96.2867, GNorm = 0.9827, lr_0 = 2.8261e-04
Loss = 1.7237e-01, PNorm = 96.3138, GNorm = 2.0642, lr_0 = 2.8255e-04
Loss = 2.6073e-01, PNorm = 96.3548, GNorm = 2.3080, lr_0 = 2.8249e-04
Loss = 1.6336e-01, PNorm = 96.3924, GNorm = 0.9695, lr_0 = 2.8243e-04
Loss = 1.4055e-01, PNorm = 96.4242, GNorm = 0.8848, lr_0 = 2.8237e-04
Loss = 1.4160e-01, PNorm = 96.4525, GNorm = 0.7332, lr_0 = 2.8231e-04
Loss = 1.5733e-01, PNorm = 96.4831, GNorm = 0.8288, lr_0 = 2.8225e-04
Validation rmse = 50.719892
Epoch 6
Loss = 1.7572e-01, PNorm = 96.5109, GNorm = 3.0428, lr_0 = 2.8219e-04
Loss = 1.6126e-01, PNorm = 96.5433, GNorm = 3.3301, lr_0 = 2.8213e-04
Loss = 1.4369e-01, PNorm = 96.5745, GNorm = 1.2502, lr_0 = 2.8207e-04
Loss = 1.3209e-01, PNorm = 96.5974, GNorm = 2.6429, lr_0 = 2.8201e-04
Loss = 1.7704e-01, PNorm = 96.6309, GNorm = 1.3355, lr_0 = 2.8195e-04
Loss = 1.7698e-01, PNorm = 96.6694, GNorm = 3.9907, lr_0 = 2.8189e-04
Loss = 1.5329e-01, PNorm = 96.7084, GNorm = 1.1493, lr_0 = 2.8183e-04
Loss = 2.0941e-01, PNorm = 96.7410, GNorm = 1.6256, lr_0 = 2.8177e-04
Loss = 1.6010e-01, PNorm = 96.7758, GNorm = 2.0124, lr_0 = 2.8171e-04
Loss = 1.4988e-01, PNorm = 96.7965, GNorm = 0.9450, lr_0 = 2.8165e-04
Loss = 1.4992e-01, PNorm = 96.8280, GNorm = 1.9721, lr_0 = 2.8159e-04
Loss = 1.3144e-01, PNorm = 96.8656, GNorm = 2.2015, lr_0 = 2.8154e-04
Loss = 1.4936e-01, PNorm = 96.8973, GNorm = 2.0663, lr_0 = 2.8148e-04
Loss = 1.5537e-01, PNorm = 96.9238, GNorm = 2.1519, lr_0 = 2.8142e-04
Loss = 1.7012e-01, PNorm = 96.9512, GNorm = 1.5957, lr_0 = 2.8136e-04
Loss = 1.7842e-01, PNorm = 96.9870, GNorm = 1.5265, lr_0 = 2.8130e-04
Loss = 1.5136e-01, PNorm = 97.0207, GNorm = 1.7301, lr_0 = 2.8124e-04
Loss = 1.4086e-01, PNorm = 97.0548, GNorm = 0.9815, lr_0 = 2.8118e-04
Loss = 1.3721e-01, PNorm = 97.0878, GNorm = 1.5885, lr_0 = 2.8112e-04
Loss = 1.3842e-01, PNorm = 97.1145, GNorm = 2.2527, lr_0 = 2.8106e-04
Loss = 1.4880e-01, PNorm = 97.1385, GNorm = 3.2963, lr_0 = 2.8100e-04
Loss = 1.3825e-01, PNorm = 97.1673, GNorm = 0.6974, lr_0 = 2.8094e-04
Loss = 1.3842e-01, PNorm = 97.2011, GNorm = 1.1061, lr_0 = 2.8088e-04
Loss = 1.4222e-01, PNorm = 97.2286, GNorm = 3.2276, lr_0 = 2.8082e-04
Loss = 1.4423e-01, PNorm = 97.2532, GNorm = 1.4036, lr_0 = 2.8076e-04
Validation rmse = 46.469655
Epoch 7
Loss = 1.6359e-01, PNorm = 97.2851, GNorm = 2.3346, lr_0 = 2.8070e-04
Loss = 1.1268e-01, PNorm = 97.3135, GNorm = 0.7088, lr_0 = 2.8064e-04
Loss = 1.3924e-01, PNorm = 97.3433, GNorm = 2.8967, lr_0 = 2.8058e-04
Loss = 1.4435e-01, PNorm = 97.3709, GNorm = 1.7176, lr_0 = 2.8052e-04
Loss = 1.4583e-01, PNorm = 97.3963, GNorm = 2.1309, lr_0 = 2.8046e-04
Loss = 1.2544e-01, PNorm = 97.4236, GNorm = 2.0449, lr_0 = 2.8040e-04
Loss = 1.2936e-01, PNorm = 97.4559, GNorm = 2.3636, lr_0 = 2.8034e-04
Loss = 1.5595e-01, PNorm = 97.4852, GNorm = 1.3457, lr_0 = 2.8028e-04
Loss = 1.6786e-01, PNorm = 97.5155, GNorm = 3.1221, lr_0 = 2.8022e-04
Loss = 1.6762e-01, PNorm = 97.5526, GNorm = 3.4120, lr_0 = 2.8016e-04
Loss = 1.2998e-01, PNorm = 97.5905, GNorm = 1.3389, lr_0 = 2.8010e-04
Loss = 1.2996e-01, PNorm = 97.6138, GNorm = 0.4683, lr_0 = 2.8004e-04
Loss = 1.3939e-01, PNorm = 97.6466, GNorm = 1.7826, lr_0 = 2.7998e-04
Loss = 1.3341e-01, PNorm = 97.6819, GNorm = 0.9864, lr_0 = 2.7992e-04
Loss = 1.4947e-01, PNorm = 97.7065, GNorm = 0.8973, lr_0 = 2.7986e-04
Loss = 1.4501e-01, PNorm = 97.7384, GNorm = 0.7297, lr_0 = 2.7980e-04
Loss = 1.4722e-01, PNorm = 97.7768, GNorm = 2.2528, lr_0 = 2.7974e-04
Loss = 1.5334e-01, PNorm = 97.8004, GNorm = 2.9014, lr_0 = 2.7969e-04
Loss = 1.5336e-01, PNorm = 97.8398, GNorm = 2.2312, lr_0 = 2.7963e-04
Loss = 1.3009e-01, PNorm = 97.8697, GNorm = 1.6382, lr_0 = 2.7957e-04
Loss = 1.2179e-01, PNorm = 97.8927, GNorm = 1.6717, lr_0 = 2.7951e-04
Loss = 1.2639e-01, PNorm = 97.9189, GNorm = 2.4310, lr_0 = 2.7945e-04
Loss = 1.6701e-01, PNorm = 97.9449, GNorm = 2.9688, lr_0 = 2.7939e-04
Loss = 1.4787e-01, PNorm = 97.9783, GNorm = 0.8108, lr_0 = 2.7933e-04
Loss = 1.1643e-01, PNorm = 98.0094, GNorm = 3.6443, lr_0 = 2.7927e-04
Validation rmse = 43.071965
Epoch 8
Loss = 7.6158e-02, PNorm = 98.0387, GNorm = 1.0313, lr_0 = 2.7921e-04
Loss = 1.2514e-01, PNorm = 98.0648, GNorm = 2.0570, lr_0 = 2.7915e-04
Loss = 1.0893e-01, PNorm = 98.0887, GNorm = 0.9153, lr_0 = 2.7909e-04
Loss = 1.2386e-01, PNorm = 98.1135, GNorm = 2.4392, lr_0 = 2.7903e-04
Loss = 1.3039e-01, PNorm = 98.1379, GNorm = 5.3575, lr_0 = 2.7898e-04
Loss = 1.3489e-01, PNorm = 98.1728, GNorm = 1.1614, lr_0 = 2.7892e-04
Loss = 1.2749e-01, PNorm = 98.2021, GNorm = 1.3908, lr_0 = 2.7886e-04
Loss = 1.2010e-01, PNorm = 98.2292, GNorm = 1.9215, lr_0 = 2.7880e-04
Loss = 1.0943e-01, PNorm = 98.2548, GNorm = 2.7004, lr_0 = 2.7874e-04
Loss = 1.2932e-01, PNorm = 98.2805, GNorm = 2.7651, lr_0 = 2.7868e-04
Loss = 1.3479e-01, PNorm = 98.3099, GNorm = 2.6908, lr_0 = 2.7862e-04
Loss = 1.4598e-01, PNorm = 98.3434, GNorm = 1.4186, lr_0 = 2.7856e-04
Loss = 1.2275e-01, PNorm = 98.3709, GNorm = 1.0932, lr_0 = 2.7850e-04
Loss = 1.1278e-01, PNorm = 98.3940, GNorm = 0.5283, lr_0 = 2.7844e-04
Loss = 1.2125e-01, PNorm = 98.4176, GNorm = 1.3802, lr_0 = 2.7838e-04
Loss = 1.0712e-01, PNorm = 98.4421, GNorm = 0.8036, lr_0 = 2.7833e-04
Loss = 1.1006e-01, PNorm = 98.4647, GNorm = 1.4094, lr_0 = 2.7827e-04
Loss = 1.1640e-01, PNorm = 98.4873, GNorm = 0.9129, lr_0 = 2.7821e-04
Loss = 1.1370e-01, PNorm = 98.5115, GNorm = 2.1346, lr_0 = 2.7815e-04
Loss = 1.3488e-01, PNorm = 98.5439, GNorm = 0.9035, lr_0 = 2.7809e-04
Loss = 1.2204e-01, PNorm = 98.5731, GNorm = 2.2991, lr_0 = 2.7803e-04
Loss = 1.2763e-01, PNorm = 98.6005, GNorm = 0.7678, lr_0 = 2.7797e-04
Loss = 1.3716e-01, PNorm = 98.6395, GNorm = 1.2599, lr_0 = 2.7791e-04
Loss = 1.4415e-01, PNorm = 98.6734, GNorm = 3.1037, lr_0 = 2.7785e-04
Loss = 1.0755e-01, PNorm = 98.6941, GNorm = 1.1074, lr_0 = 2.7780e-04
Validation rmse = 44.348769
Epoch 9
Loss = 1.2067e-01, PNorm = 98.7212, GNorm = 1.0668, lr_0 = 2.7774e-04
Loss = 1.4330e-01, PNorm = 98.7666, GNorm = 6.2602, lr_0 = 2.7768e-04
Loss = 1.4065e-01, PNorm = 98.7901, GNorm = 4.0016, lr_0 = 2.7762e-04
Loss = 1.2195e-01, PNorm = 98.8178, GNorm = 1.3243, lr_0 = 2.7756e-04
Loss = 9.6676e-02, PNorm = 98.8497, GNorm = 0.5190, lr_0 = 2.7750e-04
Loss = 1.0944e-01, PNorm = 98.8734, GNorm = 1.8159, lr_0 = 2.7744e-04
Loss = 9.2150e-02, PNorm = 98.8892, GNorm = 0.8996, lr_0 = 2.7738e-04
Loss = 1.0183e-01, PNorm = 98.9096, GNorm = 2.7851, lr_0 = 2.7732e-04
Loss = 1.3087e-01, PNorm = 98.9287, GNorm = 3.8102, lr_0 = 2.7727e-04
Loss = 1.2071e-01, PNorm = 98.9478, GNorm = 2.3363, lr_0 = 2.7721e-04
Loss = 1.2284e-01, PNorm = 98.9735, GNorm = 2.3448, lr_0 = 2.7715e-04
Loss = 1.3133e-01, PNorm = 99.0098, GNorm = 1.7290, lr_0 = 2.7709e-04
Loss = 9.7068e-02, PNorm = 99.0381, GNorm = 2.7204, lr_0 = 2.7703e-04
Loss = 1.0297e-01, PNorm = 99.0638, GNorm = 0.5574, lr_0 = 2.7697e-04
Loss = 1.3331e-01, PNorm = 99.0868, GNorm = 1.1190, lr_0 = 2.7691e-04
Loss = 9.3130e-02, PNorm = 99.1088, GNorm = 0.7883, lr_0 = 2.7685e-04
Loss = 1.2304e-01, PNorm = 99.1388, GNorm = 1.2640, lr_0 = 2.7680e-04
Loss = 9.4240e-02, PNorm = 99.1589, GNorm = 0.8204, lr_0 = 2.7674e-04
Loss = 1.0669e-01, PNorm = 99.1820, GNorm = 0.6402, lr_0 = 2.7668e-04
Loss = 1.1563e-01, PNorm = 99.2077, GNorm = 3.2326, lr_0 = 2.7662e-04
Loss = 1.1842e-01, PNorm = 99.2340, GNorm = 2.7962, lr_0 = 2.7656e-04
Loss = 1.1529e-01, PNorm = 99.2674, GNorm = 2.0718, lr_0 = 2.7650e-04
Loss = 1.1632e-01, PNorm = 99.3010, GNorm = 1.8999, lr_0 = 2.7644e-04
Loss = 1.0907e-01, PNorm = 99.3301, GNorm = 1.9776, lr_0 = 2.7639e-04
Loss = 1.1390e-01, PNorm = 99.3630, GNorm = 0.7282, lr_0 = 2.7633e-04
Validation rmse = 39.619015
Epoch 10
Loss = 8.2662e-02, PNorm = 99.3899, GNorm = 0.9104, lr_0 = 2.7627e-04
Loss = 1.0543e-01, PNorm = 99.4203, GNorm = 1.6062, lr_0 = 2.7621e-04
Loss = 9.4458e-02, PNorm = 99.4521, GNorm = 1.0373, lr_0 = 2.7615e-04
Loss = 1.0368e-01, PNorm = 99.4783, GNorm = 1.0298, lr_0 = 2.7609e-04
Loss = 1.0579e-01, PNorm = 99.5018, GNorm = 0.6569, lr_0 = 2.7603e-04
Loss = 8.6805e-02, PNorm = 99.5220, GNorm = 1.5893, lr_0 = 2.7598e-04
Loss = 8.5076e-02, PNorm = 99.5469, GNorm = 0.8161, lr_0 = 2.7592e-04
Loss = 9.1368e-02, PNorm = 99.5721, GNorm = 1.7399, lr_0 = 2.7586e-04
Loss = 1.0861e-01, PNorm = 99.5968, GNorm = 0.5449, lr_0 = 2.7580e-04
Loss = 1.0533e-01, PNorm = 99.6163, GNorm = 2.2970, lr_0 = 2.7574e-04
Loss = 9.2386e-02, PNorm = 99.6360, GNorm = 1.4672, lr_0 = 2.7568e-04
Loss = 1.2215e-01, PNorm = 99.6588, GNorm = 0.5395, lr_0 = 2.7563e-04
Loss = 1.0054e-01, PNorm = 99.6838, GNorm = 1.3904, lr_0 = 2.7557e-04
Loss = 1.0358e-01, PNorm = 99.7120, GNorm = 3.0775, lr_0 = 2.7551e-04
Loss = 9.8965e-02, PNorm = 99.7433, GNorm = 1.7253, lr_0 = 2.7545e-04
Loss = 9.8751e-02, PNorm = 99.7704, GNorm = 1.5609, lr_0 = 2.7539e-04
Loss = 1.0450e-01, PNorm = 99.7912, GNorm = 1.2217, lr_0 = 2.7533e-04
Loss = 1.1552e-01, PNorm = 99.8178, GNorm = 2.7431, lr_0 = 2.7528e-04
Loss = 1.2647e-01, PNorm = 99.8465, GNorm = 1.8902, lr_0 = 2.7522e-04
Loss = 1.1134e-01, PNorm = 99.8817, GNorm = 0.7799, lr_0 = 2.7516e-04
Loss = 1.0246e-01, PNorm = 99.9137, GNorm = 1.3718, lr_0 = 2.7510e-04
Loss = 1.1459e-01, PNorm = 99.9492, GNorm = 2.6984, lr_0 = 2.7504e-04
Loss = 1.1072e-01, PNorm = 99.9801, GNorm = 0.7774, lr_0 = 2.7498e-04
Loss = 9.5425e-02, PNorm = 100.0067, GNorm = 0.7171, lr_0 = 2.7493e-04
Loss = 9.9988e-02, PNorm = 100.0287, GNorm = 2.0046, lr_0 = 2.7487e-04
Validation rmse = 40.087320
Epoch 11
Loss = 1.2929e-01, PNorm = 100.0548, GNorm = 1.9978, lr_0 = 2.7481e-04
Loss = 9.9505e-02, PNorm = 100.0813, GNorm = 2.6720, lr_0 = 2.7475e-04
Loss = 8.5692e-02, PNorm = 100.1039, GNorm = 1.6990, lr_0 = 2.7469e-04
Loss = 1.2403e-01, PNorm = 100.1360, GNorm = 0.9912, lr_0 = 2.7463e-04
Loss = 1.2174e-01, PNorm = 100.1651, GNorm = 2.7329, lr_0 = 2.7458e-04
Loss = 1.2451e-01, PNorm = 100.1992, GNorm = 0.9305, lr_0 = 2.7452e-04
Loss = 1.0136e-01, PNorm = 100.2307, GNorm = 1.0674, lr_0 = 2.7446e-04
Loss = 1.0770e-01, PNorm = 100.2662, GNorm = 2.2097, lr_0 = 2.7440e-04
Loss = 1.0711e-01, PNorm = 100.2876, GNorm = 1.8595, lr_0 = 2.7434e-04
Loss = 9.2876e-02, PNorm = 100.3195, GNorm = 0.5478, lr_0 = 2.7429e-04
Loss = 1.1209e-01, PNorm = 100.3431, GNorm = 1.7602, lr_0 = 2.7423e-04
Loss = 9.8359e-02, PNorm = 100.3728, GNorm = 0.7414, lr_0 = 2.7417e-04
Loss = 1.1180e-01, PNorm = 100.3836, GNorm = 2.3105, lr_0 = 2.7411e-04
Loss = 9.9144e-02, PNorm = 100.4100, GNorm = 2.4623, lr_0 = 2.7405e-04
Loss = 9.8816e-02, PNorm = 100.4384, GNorm = 1.5207, lr_0 = 2.7399e-04
Loss = 1.0379e-01, PNorm = 100.4704, GNorm = 1.9842, lr_0 = 2.7394e-04
Loss = 1.1666e-01, PNorm = 100.5053, GNorm = 1.1914, lr_0 = 2.7388e-04
Loss = 6.9407e-02, PNorm = 100.5260, GNorm = 0.6562, lr_0 = 2.7382e-04
Loss = 1.0510e-01, PNorm = 100.5472, GNorm = 1.0167, lr_0 = 2.7376e-04
Loss = 1.0144e-01, PNorm = 100.5732, GNorm = 1.2364, lr_0 = 2.7370e-04
Loss = 9.8279e-02, PNorm = 100.5995, GNorm = 1.3687, lr_0 = 2.7365e-04
Loss = 1.0160e-01, PNorm = 100.6295, GNorm = 2.3919, lr_0 = 2.7359e-04
Loss = 7.5646e-02, PNorm = 100.6515, GNorm = 2.5556, lr_0 = 2.7353e-04
Loss = 7.6522e-02, PNorm = 100.6761, GNorm = 0.7408, lr_0 = 2.7347e-04
Loss = 8.2262e-02, PNorm = 100.6959, GNorm = 0.6884, lr_0 = 2.7341e-04
Validation rmse = 38.421500
Epoch 12
Loss = 1.2317e-01, PNorm = 100.7183, GNorm = 1.0793, lr_0 = 2.7336e-04
Loss = 1.0024e-01, PNorm = 100.7305, GNorm = 1.6300, lr_0 = 2.7330e-04
Loss = 9.0461e-02, PNorm = 100.7478, GNorm = 0.7573, lr_0 = 2.7324e-04
Loss = 1.0217e-01, PNorm = 100.7737, GNorm = 0.6819, lr_0 = 2.7318e-04
Loss = 9.2338e-02, PNorm = 100.8022, GNorm = 0.7210, lr_0 = 2.7312e-04
Loss = 7.0815e-02, PNorm = 100.8290, GNorm = 1.5457, lr_0 = 2.7307e-04
Loss = 8.3428e-02, PNorm = 100.8462, GNorm = 1.5095, lr_0 = 2.7301e-04
Loss = 8.7408e-02, PNorm = 100.8645, GNorm = 2.4251, lr_0 = 2.7295e-04
Loss = 8.4012e-02, PNorm = 100.8892, GNorm = 0.7100, lr_0 = 2.7289e-04
Loss = 9.7415e-02, PNorm = 100.9140, GNorm = 2.2872, lr_0 = 2.7284e-04
Loss = 7.9493e-02, PNorm = 100.9326, GNorm = 0.7569, lr_0 = 2.7278e-04
Loss = 8.7327e-02, PNorm = 100.9575, GNorm = 0.7986, lr_0 = 2.7272e-04
Loss = 8.4543e-02, PNorm = 100.9797, GNorm = 0.9246, lr_0 = 2.7266e-04
Loss = 8.5523e-02, PNorm = 101.0018, GNorm = 0.8858, lr_0 = 2.7260e-04
Loss = 7.8362e-02, PNorm = 101.0190, GNorm = 1.0043, lr_0 = 2.7255e-04
Loss = 1.0738e-01, PNorm = 101.0374, GNorm = 1.9069, lr_0 = 2.7249e-04
Loss = 8.2417e-02, PNorm = 101.0655, GNorm = 1.0950, lr_0 = 2.7243e-04
Loss = 8.6403e-02, PNorm = 101.0905, GNorm = 1.5904, lr_0 = 2.7237e-04
Loss = 6.8385e-02, PNorm = 101.1069, GNorm = 1.9642, lr_0 = 2.7232e-04
Loss = 7.5790e-02, PNorm = 101.1269, GNorm = 0.7614, lr_0 = 2.7226e-04
Loss = 8.5504e-02, PNorm = 101.1540, GNorm = 0.4284, lr_0 = 2.7220e-04
Loss = 9.7777e-02, PNorm = 101.1778, GNorm = 2.1139, lr_0 = 2.7214e-04
Loss = 9.1195e-02, PNorm = 101.2028, GNorm = 0.9930, lr_0 = 2.7208e-04
Loss = 8.9667e-02, PNorm = 101.2366, GNorm = 1.5817, lr_0 = 2.7203e-04
Loss = 1.1125e-01, PNorm = 101.2655, GNorm = 0.9024, lr_0 = 2.7197e-04
Validation rmse = 38.273920
Epoch 13
Loss = 1.0018e-01, PNorm = 101.2909, GNorm = 1.4435, lr_0 = 2.7191e-04
Loss = 7.4748e-02, PNorm = 101.3228, GNorm = 0.5018, lr_0 = 2.7185e-04
Loss = 7.8600e-02, PNorm = 101.3476, GNorm = 0.6482, lr_0 = 2.7180e-04
Loss = 6.3300e-02, PNorm = 101.3649, GNorm = 0.5494, lr_0 = 2.7174e-04
Loss = 7.4267e-02, PNorm = 101.3806, GNorm = 1.5166, lr_0 = 2.7168e-04
Loss = 6.5139e-02, PNorm = 101.3981, GNorm = 0.5497, lr_0 = 2.7162e-04
Loss = 8.1121e-02, PNorm = 101.4119, GNorm = 1.5443, lr_0 = 2.7157e-04
Loss = 8.6124e-02, PNorm = 101.4355, GNorm = 1.3139, lr_0 = 2.7151e-04
Loss = 7.9531e-02, PNorm = 101.4594, GNorm = 1.2178, lr_0 = 2.7145e-04
Loss = 8.3846e-02, PNorm = 101.4743, GNorm = 1.1683, lr_0 = 2.7139e-04
Loss = 7.5706e-02, PNorm = 101.4968, GNorm = 1.6940, lr_0 = 2.7134e-04
Loss = 6.2832e-02, PNorm = 101.5191, GNorm = 0.5952, lr_0 = 2.7128e-04
Loss = 7.6564e-02, PNorm = 101.5369, GNorm = 0.6870, lr_0 = 2.7122e-04
Loss = 6.9405e-02, PNorm = 101.5580, GNorm = 1.1441, lr_0 = 2.7116e-04
Loss = 8.8116e-02, PNorm = 101.5820, GNorm = 2.0061, lr_0 = 2.7111e-04
Loss = 8.1860e-02, PNorm = 101.6018, GNorm = 1.3052, lr_0 = 2.7105e-04
Loss = 9.9429e-02, PNorm = 101.6298, GNorm = 2.1590, lr_0 = 2.7099e-04
Loss = 9.0434e-02, PNorm = 101.6511, GNorm = 1.3054, lr_0 = 2.7093e-04
Loss = 9.0079e-02, PNorm = 101.6859, GNorm = 1.1274, lr_0 = 2.7088e-04
Loss = 8.9313e-02, PNorm = 101.7112, GNorm = 0.5198, lr_0 = 2.7082e-04
Loss = 1.0738e-01, PNorm = 101.7401, GNorm = 2.6114, lr_0 = 2.7076e-04
Loss = 8.3826e-02, PNorm = 101.7610, GNorm = 0.7704, lr_0 = 2.7070e-04
Loss = 8.3075e-02, PNorm = 101.7797, GNorm = 1.1893, lr_0 = 2.7065e-04
Loss = 9.6256e-02, PNorm = 101.8067, GNorm = 1.6454, lr_0 = 2.7059e-04
Loss = 8.3984e-02, PNorm = 101.8335, GNorm = 0.6262, lr_0 = 2.7053e-04
Validation rmse = 36.667319
Epoch 14
Loss = 5.8302e-02, PNorm = 101.8603, GNorm = 0.7764, lr_0 = 2.7047e-04
Loss = 7.0878e-02, PNorm = 101.8864, GNorm = 1.3988, lr_0 = 2.7041e-04
Loss = 7.3778e-02, PNorm = 101.9126, GNorm = 1.7387, lr_0 = 2.7035e-04
Loss = 6.7425e-02, PNorm = 101.9289, GNorm = 1.1192, lr_0 = 2.7030e-04
Loss = 8.4395e-02, PNorm = 101.9566, GNorm = 1.0729, lr_0 = 2.7024e-04
Loss = 8.0115e-02, PNorm = 101.9815, GNorm = 1.0033, lr_0 = 2.7018e-04
Loss = 8.1070e-02, PNorm = 102.0035, GNorm = 1.4208, lr_0 = 2.7013e-04
Loss = 9.9122e-02, PNorm = 102.0308, GNorm = 2.9010, lr_0 = 2.7007e-04
Loss = 8.6356e-02, PNorm = 102.0535, GNorm = 0.6529, lr_0 = 2.7001e-04
Loss = 7.2388e-02, PNorm = 102.0735, GNorm = 1.6765, lr_0 = 2.6995e-04
Loss = 6.7535e-02, PNorm = 102.0983, GNorm = 0.8301, lr_0 = 2.6990e-04
Loss = 7.0672e-02, PNorm = 102.1224, GNorm = 0.9257, lr_0 = 2.6984e-04
Loss = 8.8085e-02, PNorm = 102.1435, GNorm = 0.5008, lr_0 = 2.6978e-04
Loss = 7.1551e-02, PNorm = 102.1666, GNorm = 1.0168, lr_0 = 2.6973e-04
Loss = 8.5958e-02, PNorm = 102.1897, GNorm = 2.6795, lr_0 = 2.6967e-04
Loss = 7.4694e-02, PNorm = 102.2108, GNorm = 0.8730, lr_0 = 2.6961e-04
Loss = 7.9420e-02, PNorm = 102.2262, GNorm = 2.1743, lr_0 = 2.6955e-04
Loss = 1.0528e-01, PNorm = 102.2517, GNorm = 2.1242, lr_0 = 2.6950e-04
Loss = 7.5224e-02, PNorm = 102.2766, GNorm = 1.5413, lr_0 = 2.6944e-04
Loss = 8.8380e-02, PNorm = 102.3106, GNorm = 1.8381, lr_0 = 2.6938e-04
Loss = 8.4001e-02, PNorm = 102.3413, GNorm = 0.8691, lr_0 = 2.6933e-04
Loss = 7.1610e-02, PNorm = 102.3701, GNorm = 0.5344, lr_0 = 2.6927e-04
Loss = 7.4677e-02, PNorm = 102.3885, GNorm = 3.4563, lr_0 = 2.6921e-04
Loss = 6.9667e-02, PNorm = 102.4045, GNorm = 1.4519, lr_0 = 2.6915e-04
Loss = 6.9321e-02, PNorm = 102.4293, GNorm = 0.9211, lr_0 = 2.6910e-04
Validation rmse = 41.150067
Epoch 15
Loss = 1.0310e-01, PNorm = 102.4554, GNorm = 0.9316, lr_0 = 2.6904e-04
Loss = 9.0764e-02, PNorm = 102.4833, GNorm = 1.5791, lr_0 = 2.6898e-04
Loss = 7.0612e-02, PNorm = 102.5042, GNorm = 1.2626, lr_0 = 2.6893e-04
Loss = 9.0004e-02, PNorm = 102.5321, GNorm = 0.8446, lr_0 = 2.6887e-04
Loss = 9.7297e-02, PNorm = 102.5662, GNorm = 0.8613, lr_0 = 2.6881e-04
Loss = 7.9267e-02, PNorm = 102.5901, GNorm = 0.8717, lr_0 = 2.6876e-04
Loss = 7.1764e-02, PNorm = 102.6146, GNorm = 0.5929, lr_0 = 2.6870e-04
Loss = 7.9004e-02, PNorm = 102.6360, GNorm = 0.7925, lr_0 = 2.6864e-04
Loss = 6.6501e-02, PNorm = 102.6580, GNorm = 1.0534, lr_0 = 2.6858e-04
Loss = 6.0286e-02, PNorm = 102.6758, GNorm = 0.8639, lr_0 = 2.6853e-04
Loss = 5.9946e-02, PNorm = 102.6927, GNorm = 0.9765, lr_0 = 2.6847e-04
Loss = 7.1727e-02, PNorm = 102.7106, GNorm = 1.3619, lr_0 = 2.6841e-04
Loss = 7.2181e-02, PNorm = 102.7346, GNorm = 0.4853, lr_0 = 2.6836e-04
Loss = 7.1598e-02, PNorm = 102.7587, GNorm = 1.1774, lr_0 = 2.6830e-04
Loss = 6.1720e-02, PNorm = 102.7795, GNorm = 0.5697, lr_0 = 2.6824e-04
Loss = 7.1840e-02, PNorm = 102.7959, GNorm = 0.4350, lr_0 = 2.6819e-04
Loss = 6.7536e-02, PNorm = 102.8144, GNorm = 1.4620, lr_0 = 2.6813e-04
Loss = 1.0141e-01, PNorm = 102.8435, GNorm = 1.6271, lr_0 = 2.6807e-04
Loss = 8.4804e-02, PNorm = 102.8736, GNorm = 1.2168, lr_0 = 2.6802e-04
Loss = 6.8618e-02, PNorm = 102.9034, GNorm = 0.5268, lr_0 = 2.6796e-04
Loss = 9.0290e-02, PNorm = 102.9342, GNorm = 0.7035, lr_0 = 2.6790e-04
Loss = 7.7279e-02, PNorm = 102.9490, GNorm = 0.9348, lr_0 = 2.6785e-04
Loss = 5.9364e-02, PNorm = 102.9677, GNorm = 0.6255, lr_0 = 2.6779e-04
Loss = 8.8560e-02, PNorm = 102.9943, GNorm = 1.8250, lr_0 = 2.6773e-04
Loss = 6.8177e-02, PNorm = 103.0156, GNorm = 0.9291, lr_0 = 2.6767e-04
Validation rmse = 36.860165
Epoch 16
Loss = 5.7822e-02, PNorm = 103.0308, GNorm = 0.5375, lr_0 = 2.6762e-04
Loss = 6.0996e-02, PNorm = 103.0477, GNorm = 0.7921, lr_0 = 2.6756e-04
Loss = 6.4235e-02, PNorm = 103.0708, GNorm = 2.0916, lr_0 = 2.6750e-04
Loss = 7.7589e-02, PNorm = 103.0938, GNorm = 0.5802, lr_0 = 2.6745e-04
Loss = 6.0140e-02, PNorm = 103.1229, GNorm = 0.7042, lr_0 = 2.6739e-04
Loss = 8.4459e-02, PNorm = 103.1328, GNorm = 1.9692, lr_0 = 2.6733e-04
Loss = 9.9280e-02, PNorm = 103.1652, GNorm = 0.5141, lr_0 = 2.6728e-04
Loss = 9.3281e-02, PNorm = 103.1913, GNorm = 0.9916, lr_0 = 2.6722e-04
Loss = 7.0153e-02, PNorm = 103.2205, GNorm = 0.9052, lr_0 = 2.6716e-04
Loss = 7.3562e-02, PNorm = 103.2448, GNorm = 1.0998, lr_0 = 2.6711e-04
Loss = 8.6590e-02, PNorm = 103.2642, GNorm = 1.3314, lr_0 = 2.6705e-04
Loss = 8.2627e-02, PNorm = 103.2878, GNorm = 1.6534, lr_0 = 2.6700e-04
Loss = 7.9365e-02, PNorm = 103.3200, GNorm = 0.9070, lr_0 = 2.6694e-04
Loss = 8.5340e-02, PNorm = 103.3466, GNorm = 2.7288, lr_0 = 2.6688e-04
Loss = 6.3470e-02, PNorm = 103.3648, GNorm = 0.7865, lr_0 = 2.6683e-04
Loss = 6.1855e-02, PNorm = 103.3880, GNorm = 0.3639, lr_0 = 2.6677e-04
Loss = 7.3188e-02, PNorm = 103.4150, GNorm = 0.4598, lr_0 = 2.6671e-04
Loss = 7.2041e-02, PNorm = 103.4417, GNorm = 1.1682, lr_0 = 2.6666e-04
Loss = 7.8604e-02, PNorm = 103.4620, GNorm = 2.2870, lr_0 = 2.6660e-04
Loss = 6.0544e-02, PNorm = 103.4834, GNorm = 1.5206, lr_0 = 2.6654e-04
Loss = 6.7673e-02, PNorm = 103.5090, GNorm = 0.5378, lr_0 = 2.6649e-04
Loss = 6.3770e-02, PNorm = 103.5241, GNorm = 0.7313, lr_0 = 2.6643e-04
Loss = 6.2903e-02, PNorm = 103.5385, GNorm = 1.3204, lr_0 = 2.6637e-04
Loss = 5.5395e-02, PNorm = 103.5562, GNorm = 1.0186, lr_0 = 2.6632e-04
Loss = 5.6999e-02, PNorm = 103.5730, GNorm = 0.3551, lr_0 = 2.6626e-04
Validation rmse = 35.216449
Epoch 17
Loss = 5.8601e-02, PNorm = 103.5916, GNorm = 1.1828, lr_0 = 2.6620e-04
Loss = 6.1811e-02, PNorm = 103.6060, GNorm = 0.9591, lr_0 = 2.6615e-04
Loss = 6.8188e-02, PNorm = 103.6222, GNorm = 1.3367, lr_0 = 2.6609e-04
Loss = 8.0697e-02, PNorm = 103.6391, GNorm = 1.0446, lr_0 = 2.6603e-04
Loss = 5.8319e-02, PNorm = 103.6658, GNorm = 0.8993, lr_0 = 2.6598e-04
Loss = 4.5744e-02, PNorm = 103.6841, GNorm = 0.6759, lr_0 = 2.6592e-04
Loss = 6.6138e-02, PNorm = 103.7039, GNorm = 0.6367, lr_0 = 2.6587e-04
Loss = 5.7211e-02, PNorm = 103.7227, GNorm = 1.0693, lr_0 = 2.6581e-04
Loss = 5.3895e-02, PNorm = 103.7411, GNorm = 1.3201, lr_0 = 2.6575e-04
Loss = 6.8034e-02, PNorm = 103.7655, GNorm = 0.4917, lr_0 = 2.6570e-04
Loss = 6.1067e-02, PNorm = 103.7830, GNorm = 0.9028, lr_0 = 2.6564e-04
Loss = 9.0771e-02, PNorm = 103.7976, GNorm = 9.0527, lr_0 = 2.6558e-04
Loss = 9.6040e-02, PNorm = 103.8315, GNorm = 0.5649, lr_0 = 2.6553e-04
Loss = 1.0120e-01, PNorm = 103.8798, GNorm = 1.2229, lr_0 = 2.6547e-04
Loss = 8.2116e-02, PNorm = 103.9230, GNorm = 0.5637, lr_0 = 2.6542e-04
Loss = 6.7726e-02, PNorm = 103.9582, GNorm = 0.7350, lr_0 = 2.6536e-04
Loss = 5.8487e-02, PNorm = 103.9855, GNorm = 0.4084, lr_0 = 2.6530e-04
Loss = 8.2923e-02, PNorm = 104.0170, GNorm = 0.7970, lr_0 = 2.6525e-04
Loss = 7.1616e-02, PNorm = 104.0421, GNorm = 0.8698, lr_0 = 2.6519e-04
Loss = 6.5056e-02, PNorm = 104.0728, GNorm = 0.8985, lr_0 = 2.6513e-04
Loss = 7.9094e-02, PNorm = 104.0934, GNorm = 0.9051, lr_0 = 2.6508e-04
Loss = 6.8515e-02, PNorm = 104.1094, GNorm = 1.0744, lr_0 = 2.6502e-04
Loss = 7.2393e-02, PNorm = 104.1377, GNorm = 0.9463, lr_0 = 2.6497e-04
Loss = 6.4107e-02, PNorm = 104.1565, GNorm = 1.5219, lr_0 = 2.6491e-04
Loss = 6.3544e-02, PNorm = 104.1747, GNorm = 1.0249, lr_0 = 2.6485e-04
Validation rmse = 34.266126
Epoch 18
Loss = 5.1195e-02, PNorm = 104.1933, GNorm = 0.6081, lr_0 = 2.6480e-04
Loss = 5.3485e-02, PNorm = 104.2098, GNorm = 0.6096, lr_0 = 2.6474e-04
Loss = 5.7695e-02, PNorm = 104.2312, GNorm = 0.9128, lr_0 = 2.6468e-04
Loss = 5.3646e-02, PNorm = 104.2516, GNorm = 0.7539, lr_0 = 2.6463e-04
Loss = 6.1840e-02, PNorm = 104.2717, GNorm = 0.6597, lr_0 = 2.6457e-04
Loss = 6.3697e-02, PNorm = 104.2934, GNorm = 0.5523, lr_0 = 2.6452e-04
Loss = 6.9862e-02, PNorm = 104.3110, GNorm = 0.5538, lr_0 = 2.6446e-04
Loss = 6.5679e-02, PNorm = 104.3300, GNorm = 0.7727, lr_0 = 2.6440e-04
Loss = 5.9790e-02, PNorm = 104.3522, GNorm = 1.2627, lr_0 = 2.6435e-04
Loss = 6.3593e-02, PNorm = 104.3736, GNorm = 0.9151, lr_0 = 2.6429e-04
Loss = 6.9876e-02, PNorm = 104.4047, GNorm = 1.2031, lr_0 = 2.6424e-04
Loss = 5.6985e-02, PNorm = 104.4256, GNorm = 1.0608, lr_0 = 2.6418e-04
Loss = 7.0398e-02, PNorm = 104.4525, GNorm = 0.5891, lr_0 = 2.6412e-04
Loss = 5.6461e-02, PNorm = 104.4793, GNorm = 0.5086, lr_0 = 2.6407e-04
Loss = 6.1146e-02, PNorm = 104.4996, GNorm = 1.8593, lr_0 = 2.6401e-04
Loss = 6.4821e-02, PNorm = 104.5249, GNorm = 0.4719, lr_0 = 2.6396e-04
Loss = 7.0157e-02, PNorm = 104.5470, GNorm = 0.3397, lr_0 = 2.6390e-04
Loss = 7.1397e-02, PNorm = 104.5718, GNorm = 1.6078, lr_0 = 2.6384e-04
Loss = 5.7383e-02, PNorm = 104.5979, GNorm = 0.4174, lr_0 = 2.6379e-04
Loss = 5.4589e-02, PNorm = 104.6100, GNorm = 0.7060, lr_0 = 2.6373e-04
Loss = 6.6387e-02, PNorm = 104.6263, GNorm = 0.9659, lr_0 = 2.6368e-04
Loss = 5.9473e-02, PNorm = 104.6456, GNorm = 0.7962, lr_0 = 2.6362e-04
Loss = 7.4321e-02, PNorm = 104.6734, GNorm = 1.4454, lr_0 = 2.6357e-04
Loss = 6.5152e-02, PNorm = 104.6922, GNorm = 0.9398, lr_0 = 2.6351e-04
Loss = 5.9271e-02, PNorm = 104.7139, GNorm = 0.7667, lr_0 = 2.6345e-04
Validation rmse = 34.703235
Epoch 19
Loss = 4.0803e-02, PNorm = 104.7261, GNorm = 0.4662, lr_0 = 2.6340e-04
Loss = 5.7590e-02, PNorm = 104.7402, GNorm = 0.7471, lr_0 = 2.6334e-04
Loss = 5.4756e-02, PNorm = 104.7620, GNorm = 1.1931, lr_0 = 2.6329e-04
Loss = 6.4873e-02, PNorm = 104.7771, GNorm = 0.5568, lr_0 = 2.6323e-04
Loss = 6.1631e-02, PNorm = 104.8018, GNorm = 0.7390, lr_0 = 2.6317e-04
Loss = 4.9618e-02, PNorm = 104.8253, GNorm = 0.6868, lr_0 = 2.6312e-04
Loss = 6.0523e-02, PNorm = 104.8500, GNorm = 1.1494, lr_0 = 2.6306e-04
Loss = 4.9286e-02, PNorm = 104.8675, GNorm = 0.6103, lr_0 = 2.6301e-04
Loss = 5.4946e-02, PNorm = 104.8891, GNorm = 1.1254, lr_0 = 2.6295e-04
Loss = 5.3201e-02, PNorm = 104.9024, GNorm = 0.4485, lr_0 = 2.6290e-04
Loss = 6.0035e-02, PNorm = 104.9263, GNorm = 1.1114, lr_0 = 2.6284e-04
Loss = 5.8434e-02, PNorm = 104.9451, GNorm = 1.2304, lr_0 = 2.6278e-04
Loss = 5.2289e-02, PNorm = 104.9580, GNorm = 0.8306, lr_0 = 2.6273e-04
Loss = 5.8702e-02, PNorm = 104.9713, GNorm = 0.6201, lr_0 = 2.6267e-04
Loss = 7.7165e-02, PNorm = 104.9955, GNorm = 2.5808, lr_0 = 2.6262e-04
Loss = 7.2796e-02, PNorm = 105.0242, GNorm = 1.3762, lr_0 = 2.6256e-04
Loss = 6.2611e-02, PNorm = 105.0538, GNorm = 0.5701, lr_0 = 2.6251e-04
Loss = 6.1017e-02, PNorm = 105.0827, GNorm = 0.3357, lr_0 = 2.6245e-04
Loss = 5.9920e-02, PNorm = 105.0977, GNorm = 0.7367, lr_0 = 2.6239e-04
Loss = 6.2739e-02, PNorm = 105.1170, GNorm = 0.5678, lr_0 = 2.6234e-04
Loss = 6.4255e-02, PNorm = 105.1362, GNorm = 0.8712, lr_0 = 2.6228e-04
Loss = 5.5696e-02, PNorm = 105.1599, GNorm = 0.5683, lr_0 = 2.6223e-04
Loss = 5.5817e-02, PNorm = 105.1806, GNorm = 0.8856, lr_0 = 2.6217e-04
Loss = 6.2313e-02, PNorm = 105.1997, GNorm = 0.3714, lr_0 = 2.6212e-04
Loss = 6.5461e-02, PNorm = 105.2212, GNorm = 0.6668, lr_0 = 2.6206e-04
Validation rmse = 33.535967
Epoch 20
Loss = 3.8195e-02, PNorm = 105.2410, GNorm = 0.8490, lr_0 = 2.6200e-04
Loss = 4.6638e-02, PNorm = 105.2619, GNorm = 0.4574, lr_0 = 2.6194e-04
Loss = 4.8813e-02, PNorm = 105.2746, GNorm = 0.3328, lr_0 = 2.6189e-04
Loss = 6.5540e-02, PNorm = 105.2961, GNorm = 0.7290, lr_0 = 2.6183e-04
Loss = 5.5280e-02, PNorm = 105.3185, GNorm = 1.2466, lr_0 = 2.6178e-04
Loss = 6.2976e-02, PNorm = 105.3420, GNorm = 0.4546, lr_0 = 2.6172e-04
Loss = 5.7855e-02, PNorm = 105.3612, GNorm = 0.3840, lr_0 = 2.6167e-04
Loss = 4.7262e-02, PNorm = 105.3884, GNorm = 0.5984, lr_0 = 2.6161e-04
Loss = 5.2115e-02, PNorm = 105.4114, GNorm = 0.5674, lr_0 = 2.6156e-04
Loss = 5.8738e-02, PNorm = 105.4200, GNorm = 0.6568, lr_0 = 2.6150e-04
Loss = 4.8499e-02, PNorm = 105.4380, GNorm = 0.6133, lr_0 = 2.6145e-04
Loss = 5.1658e-02, PNorm = 105.4581, GNorm = 1.0000, lr_0 = 2.6139e-04
Loss = 5.1020e-02, PNorm = 105.4820, GNorm = 0.9772, lr_0 = 2.6133e-04
Loss = 6.1526e-02, PNorm = 105.4997, GNorm = 0.6919, lr_0 = 2.6128e-04
Loss = 6.6355e-02, PNorm = 105.5222, GNorm = 0.5023, lr_0 = 2.6122e-04
Loss = 5.6833e-02, PNorm = 105.5458, GNorm = 1.2142, lr_0 = 2.6117e-04
Loss = 5.7016e-02, PNorm = 105.5698, GNorm = 0.5073, lr_0 = 2.6111e-04
Loss = 6.7963e-02, PNorm = 105.5895, GNorm = 2.2844, lr_0 = 2.6106e-04
Loss = 5.0333e-02, PNorm = 105.6104, GNorm = 1.2468, lr_0 = 2.6100e-04
Loss = 5.6477e-02, PNorm = 105.6394, GNorm = 0.3473, lr_0 = 2.6095e-04
Loss = 6.3181e-02, PNorm = 105.6599, GNorm = 0.6382, lr_0 = 2.6089e-04
Loss = 5.0121e-02, PNorm = 105.6774, GNorm = 0.7103, lr_0 = 2.6084e-04
Loss = 5.7786e-02, PNorm = 105.7000, GNorm = 1.0163, lr_0 = 2.6078e-04
Loss = 5.2651e-02, PNorm = 105.7215, GNorm = 0.9938, lr_0 = 2.6073e-04
Loss = 7.0403e-02, PNorm = 105.7486, GNorm = 1.1421, lr_0 = 2.6067e-04
Validation rmse = 33.528126
Epoch 21
Loss = 3.9899e-02, PNorm = 105.7702, GNorm = 0.8138, lr_0 = 2.6062e-04
Loss = 5.7797e-02, PNorm = 105.7909, GNorm = 0.7574, lr_0 = 2.6056e-04
Loss = 5.5987e-02, PNorm = 105.8178, GNorm = 0.8530, lr_0 = 2.6051e-04
Loss = 4.8103e-02, PNorm = 105.8425, GNorm = 0.6328, lr_0 = 2.6045e-04
Loss = 4.6629e-02, PNorm = 105.8560, GNorm = 0.7065, lr_0 = 2.6040e-04
Loss = 4.8181e-02, PNorm = 105.8692, GNorm = 0.6952, lr_0 = 2.6034e-04
Loss = 4.9815e-02, PNorm = 105.8892, GNorm = 0.5763, lr_0 = 2.6028e-04
Loss = 5.7906e-02, PNorm = 105.9059, GNorm = 0.6686, lr_0 = 2.6023e-04
Loss = 4.7959e-02, PNorm = 105.9227, GNorm = 0.8994, lr_0 = 2.6017e-04
Loss = 4.5637e-02, PNorm = 105.9429, GNorm = 0.4138, lr_0 = 2.6012e-04
Loss = 5.4079e-02, PNorm = 105.9567, GNorm = 0.6830, lr_0 = 2.6006e-04
Loss = 5.5642e-02, PNorm = 105.9731, GNorm = 0.5582, lr_0 = 2.6001e-04
Loss = 5.3887e-02, PNorm = 105.9966, GNorm = 1.0815, lr_0 = 2.5995e-04
Loss = 5.0114e-02, PNorm = 106.0176, GNorm = 0.3646, lr_0 = 2.5990e-04
Loss = 4.9351e-02, PNorm = 106.0359, GNorm = 0.5219, lr_0 = 2.5984e-04
Loss = 5.5172e-02, PNorm = 106.0536, GNorm = 1.4898, lr_0 = 2.5979e-04
Loss = 6.1151e-02, PNorm = 106.0756, GNorm = 0.3707, lr_0 = 2.5973e-04
Loss = 5.2405e-02, PNorm = 106.1022, GNorm = 0.8320, lr_0 = 2.5968e-04
Loss = 5.3459e-02, PNorm = 106.1256, GNorm = 0.7167, lr_0 = 2.5962e-04
Loss = 5.2765e-02, PNorm = 106.1500, GNorm = 0.4084, lr_0 = 2.5957e-04
Loss = 6.5744e-02, PNorm = 106.1733, GNorm = 0.4574, lr_0 = 2.5951e-04
Loss = 5.9648e-02, PNorm = 106.1977, GNorm = 0.6137, lr_0 = 2.5946e-04
Loss = 5.9219e-02, PNorm = 106.2217, GNorm = 1.1409, lr_0 = 2.5940e-04
Loss = 6.1102e-02, PNorm = 106.2482, GNorm = 0.4983, lr_0 = 2.5935e-04
Loss = 6.7003e-02, PNorm = 106.2703, GNorm = 0.7376, lr_0 = 2.5929e-04
Validation rmse = 36.016989
Epoch 22
Loss = 5.0517e-02, PNorm = 106.3011, GNorm = 1.1441, lr_0 = 2.5924e-04
Loss = 4.9216e-02, PNorm = 106.3289, GNorm = 0.7566, lr_0 = 2.5918e-04
Loss = 4.8379e-02, PNorm = 106.3543, GNorm = 0.5903, lr_0 = 2.5913e-04
Loss = 5.1715e-02, PNorm = 106.3780, GNorm = 0.4221, lr_0 = 2.5907e-04
Loss = 4.6481e-02, PNorm = 106.4002, GNorm = 0.4613, lr_0 = 2.5902e-04
Loss = 4.4456e-02, PNorm = 106.4195, GNorm = 0.5615, lr_0 = 2.5896e-04
Loss = 4.8187e-02, PNorm = 106.4370, GNorm = 1.4093, lr_0 = 2.5891e-04
Loss = 4.9712e-02, PNorm = 106.4524, GNorm = 0.4940, lr_0 = 2.5885e-04
Loss = 4.3380e-02, PNorm = 106.4712, GNorm = 0.4354, lr_0 = 2.5880e-04
Loss = 5.0728e-02, PNorm = 106.4940, GNorm = 0.4389, lr_0 = 2.5874e-04
Loss = 3.9814e-02, PNorm = 106.5093, GNorm = 0.8956, lr_0 = 2.5869e-04
Loss = 4.8898e-02, PNorm = 106.5180, GNorm = 0.9878, lr_0 = 2.5863e-04
Loss = 8.5968e-02, PNorm = 106.5277, GNorm = 0.7809, lr_0 = 2.5858e-04
Loss = 7.6533e-02, PNorm = 106.5617, GNorm = 1.1418, lr_0 = 2.5853e-04
Loss = 6.9724e-02, PNorm = 106.5943, GNorm = 0.9328, lr_0 = 2.5847e-04
Loss = 6.5693e-02, PNorm = 106.6306, GNorm = 0.8222, lr_0 = 2.5842e-04
Loss = 6.2666e-02, PNorm = 106.6540, GNorm = 1.1747, lr_0 = 2.5836e-04
Loss = 5.7200e-02, PNorm = 106.6881, GNorm = 0.7773, lr_0 = 2.5831e-04
Loss = 6.1483e-02, PNorm = 106.7075, GNorm = 0.8759, lr_0 = 2.5825e-04
Loss = 6.6360e-02, PNorm = 106.7349, GNorm = 0.4298, lr_0 = 2.5820e-04
Loss = 5.2527e-02, PNorm = 106.7587, GNorm = 0.3827, lr_0 = 2.5814e-04
Loss = 6.1596e-02, PNorm = 106.7867, GNorm = 0.7885, lr_0 = 2.5809e-04
Loss = 6.1793e-02, PNorm = 106.8172, GNorm = 1.3263, lr_0 = 2.5803e-04
Loss = 5.9865e-02, PNorm = 106.8397, GNorm = 0.9654, lr_0 = 2.5798e-04
Loss = 7.1107e-02, PNorm = 106.8614, GNorm = 1.3015, lr_0 = 2.5792e-04
Validation rmse = 37.211302
Epoch 23
Loss = 4.3716e-02, PNorm = 106.8920, GNorm = 0.4229, lr_0 = 2.5787e-04
Loss = 6.2271e-02, PNorm = 106.9183, GNorm = 1.8722, lr_0 = 2.5781e-04
Loss = 5.5793e-02, PNorm = 106.9438, GNorm = 0.8545, lr_0 = 2.5776e-04
Loss = 4.6718e-02, PNorm = 106.9662, GNorm = 0.3957, lr_0 = 2.5770e-04
Loss = 1.5618e-01, PNorm = 106.9864, GNorm = 1.5057, lr_0 = 2.5765e-04
Loss = 8.1666e-02, PNorm = 107.0292, GNorm = 1.1149, lr_0 = 2.5760e-04
Loss = 7.9284e-02, PNorm = 107.0862, GNorm = 1.1088, lr_0 = 2.5754e-04
Loss = 7.5350e-02, PNorm = 107.1272, GNorm = 0.4482, lr_0 = 2.5749e-04
Loss = 6.6054e-02, PNorm = 107.1594, GNorm = 0.4438, lr_0 = 2.5743e-04
Loss = 7.7158e-02, PNorm = 107.1952, GNorm = 0.4015, lr_0 = 2.5738e-04
Loss = 6.6034e-02, PNorm = 107.2300, GNorm = 0.6298, lr_0 = 2.5732e-04
Loss = 5.3349e-02, PNorm = 107.2616, GNorm = 0.9770, lr_0 = 2.5727e-04
Loss = 6.2764e-02, PNorm = 107.2901, GNorm = 0.3353, lr_0 = 2.5721e-04
Loss = 4.6654e-02, PNorm = 107.3129, GNorm = 1.0597, lr_0 = 2.5716e-04
Loss = 5.2959e-02, PNorm = 107.3322, GNorm = 0.6791, lr_0 = 2.5710e-04
Loss = 5.6388e-02, PNorm = 107.3488, GNorm = 0.4475, lr_0 = 2.5705e-04
Loss = 5.9218e-02, PNorm = 107.3731, GNorm = 0.6182, lr_0 = 2.5700e-04
Loss = 4.6876e-02, PNorm = 107.3978, GNorm = 0.4135, lr_0 = 2.5694e-04
Loss = 5.4801e-02, PNorm = 107.4212, GNorm = 0.8303, lr_0 = 2.5689e-04
Loss = 5.1451e-02, PNorm = 107.4472, GNorm = 2.1135, lr_0 = 2.5683e-04
Loss = 5.9458e-02, PNorm = 107.4685, GNorm = 0.5629, lr_0 = 2.5678e-04
Loss = 6.4558e-02, PNorm = 107.4961, GNorm = 1.5069, lr_0 = 2.5672e-04
Loss = 6.0428e-02, PNorm = 107.5202, GNorm = 1.1153, lr_0 = 2.5667e-04
Loss = 4.7803e-02, PNorm = 107.5444, GNorm = 0.5467, lr_0 = 2.5661e-04
Loss = 5.3885e-02, PNorm = 107.5667, GNorm = 0.3617, lr_0 = 2.5656e-04
Validation rmse = 32.581593
Epoch 24
Loss = 4.9125e-02, PNorm = 107.5803, GNorm = 0.6240, lr_0 = 2.5651e-04
Loss = 4.8799e-02, PNorm = 107.6016, GNorm = 0.4679, lr_0 = 2.5645e-04
Loss = 5.7570e-02, PNorm = 107.6261, GNorm = 0.4482, lr_0 = 2.5640e-04
Loss = 5.7031e-02, PNorm = 107.6444, GNorm = 0.7044, lr_0 = 2.5634e-04
Loss = 6.5454e-02, PNorm = 107.6688, GNorm = 1.3761, lr_0 = 2.5629e-04
Loss = 6.3259e-02, PNorm = 107.6943, GNorm = 1.9074, lr_0 = 2.5623e-04
Loss = 5.4492e-02, PNorm = 107.7267, GNorm = 0.4944, lr_0 = 2.5618e-04
Loss = 5.8088e-02, PNorm = 107.7503, GNorm = 0.4351, lr_0 = 2.5613e-04
Loss = 4.6897e-02, PNorm = 107.7768, GNorm = 0.4918, lr_0 = 2.5607e-04
Loss = 7.2845e-02, PNorm = 107.7990, GNorm = 1.2356, lr_0 = 2.5602e-04
Loss = 6.0240e-02, PNorm = 107.8225, GNorm = 0.4996, lr_0 = 2.5596e-04
Loss = 5.3167e-02, PNorm = 107.8505, GNorm = 0.5496, lr_0 = 2.5591e-04
Loss = 4.5340e-02, PNorm = 107.8753, GNorm = 0.3448, lr_0 = 2.5585e-04
Loss = 4.3203e-02, PNorm = 107.8953, GNorm = 0.4825, lr_0 = 2.5580e-04
Loss = 4.4910e-02, PNorm = 107.9144, GNorm = 0.4763, lr_0 = 2.5575e-04
Loss = 3.9081e-02, PNorm = 107.9260, GNorm = 0.3323, lr_0 = 2.5569e-04
Loss = 4.8572e-02, PNorm = 107.9497, GNorm = 0.6303, lr_0 = 2.5564e-04
Loss = 5.5887e-02, PNorm = 107.9720, GNorm = 0.5036, lr_0 = 2.5558e-04
Loss = 4.5995e-02, PNorm = 107.9876, GNorm = 1.8138, lr_0 = 2.5553e-04
Loss = 5.7398e-02, PNorm = 108.0160, GNorm = 0.7892, lr_0 = 2.5548e-04
Loss = 4.4008e-02, PNorm = 108.0369, GNorm = 0.3750, lr_0 = 2.5542e-04
Loss = 5.7423e-02, PNorm = 108.0580, GNorm = 1.6712, lr_0 = 2.5537e-04
Loss = 6.6580e-02, PNorm = 108.0840, GNorm = 0.5100, lr_0 = 2.5531e-04
Loss = 6.1430e-02, PNorm = 108.1130, GNorm = 1.1123, lr_0 = 2.5526e-04
Loss = 4.7840e-02, PNorm = 108.1396, GNorm = 0.4483, lr_0 = 2.5520e-04
Validation rmse = 32.343456
Epoch 25
Loss = 5.2994e-02, PNorm = 108.1572, GNorm = 0.7498, lr_0 = 2.5515e-04
Loss = 4.8397e-02, PNorm = 108.1772, GNorm = 0.8907, lr_0 = 2.5510e-04
Loss = 4.7966e-02, PNorm = 108.1976, GNorm = 0.8873, lr_0 = 2.5504e-04
Loss = 5.0830e-02, PNorm = 108.2217, GNorm = 0.4171, lr_0 = 2.5499e-04
Loss = 4.2306e-02, PNorm = 108.2378, GNorm = 0.3112, lr_0 = 2.5493e-04
Loss = 4.0246e-02, PNorm = 108.2514, GNorm = 0.3542, lr_0 = 2.5488e-04
Loss = 4.7658e-02, PNorm = 108.2664, GNorm = 0.5939, lr_0 = 2.5483e-04
Loss = 6.2326e-02, PNorm = 108.2887, GNorm = 0.8501, lr_0 = 2.5477e-04
Loss = 5.6055e-02, PNorm = 108.3169, GNorm = 0.5195, lr_0 = 2.5472e-04
Loss = 4.6289e-02, PNorm = 108.3399, GNorm = 0.4203, lr_0 = 2.5466e-04
Loss = 5.1988e-02, PNorm = 108.3617, GNorm = 0.8655, lr_0 = 2.5461e-04
Loss = 4.9080e-02, PNorm = 108.3827, GNorm = 0.4063, lr_0 = 2.5456e-04
Loss = 5.1225e-02, PNorm = 108.4069, GNorm = 1.3395, lr_0 = 2.5450e-04
Loss = 5.0988e-02, PNorm = 108.4306, GNorm = 0.6261, lr_0 = 2.5445e-04
Loss = 4.5103e-02, PNorm = 108.4507, GNorm = 0.6523, lr_0 = 2.5439e-04
Loss = 4.1258e-02, PNorm = 108.4607, GNorm = 1.0719, lr_0 = 2.5434e-04
Loss = 4.9003e-02, PNorm = 108.4768, GNorm = 1.1210, lr_0 = 2.5429e-04
Loss = 4.5170e-02, PNorm = 108.4972, GNorm = 0.7467, lr_0 = 2.5423e-04
Loss = 4.3629e-02, PNorm = 108.5146, GNorm = 0.4132, lr_0 = 2.5418e-04
Loss = 5.2362e-02, PNorm = 108.5358, GNorm = 1.2316, lr_0 = 2.5413e-04
Loss = 5.6304e-02, PNorm = 108.5643, GNorm = 1.0726, lr_0 = 2.5407e-04
Loss = 4.8991e-02, PNorm = 108.5806, GNorm = 1.5608, lr_0 = 2.5402e-04
Loss = 5.2633e-02, PNorm = 108.6052, GNorm = 1.0476, lr_0 = 2.5396e-04
Loss = 4.5378e-02, PNorm = 108.6261, GNorm = 1.1404, lr_0 = 2.5391e-04
Loss = 4.9330e-02, PNorm = 108.6430, GNorm = 0.6334, lr_0 = 2.5386e-04
Validation rmse = 33.170824
Epoch 26
Loss = 3.9044e-02, PNorm = 108.6585, GNorm = 0.4448, lr_0 = 2.5380e-04
Loss = 5.3524e-02, PNorm = 108.6825, GNorm = 0.2958, lr_0 = 2.5375e-04
Loss = 5.4450e-02, PNorm = 108.7035, GNorm = 1.3046, lr_0 = 2.5369e-04
Loss = 4.2004e-02, PNorm = 108.7308, GNorm = 0.7529, lr_0 = 2.5364e-04
Loss = 4.5060e-02, PNorm = 108.7498, GNorm = 0.7330, lr_0 = 2.5359e-04
Loss = 4.5361e-02, PNorm = 108.7671, GNorm = 1.7253, lr_0 = 2.5353e-04
Loss = 4.1785e-02, PNorm = 108.7897, GNorm = 0.3713, lr_0 = 2.5348e-04
Loss = 3.9497e-02, PNorm = 108.8077, GNorm = 0.6182, lr_0 = 2.5343e-04
Loss = 4.1114e-02, PNorm = 108.8262, GNorm = 0.8846, lr_0 = 2.5337e-04
Loss = 4.5201e-02, PNorm = 108.8409, GNorm = 0.8927, lr_0 = 2.5332e-04
Loss = 4.4738e-02, PNorm = 108.8579, GNorm = 0.4967, lr_0 = 2.5326e-04
Loss = 4.5168e-02, PNorm = 108.8666, GNorm = 0.7753, lr_0 = 2.5321e-04
Loss = 4.1898e-02, PNorm = 108.8828, GNorm = 0.5861, lr_0 = 2.5316e-04
Loss = 4.5635e-02, PNorm = 108.9063, GNorm = 0.3336, lr_0 = 2.5310e-04
Loss = 4.5701e-02, PNorm = 108.9242, GNorm = 0.9352, lr_0 = 2.5305e-04
Loss = 4.3530e-02, PNorm = 108.9467, GNorm = 0.9173, lr_0 = 2.5300e-04
Loss = 5.4785e-02, PNorm = 108.9631, GNorm = 0.4872, lr_0 = 2.5294e-04
Loss = 4.2035e-02, PNorm = 108.9765, GNorm = 1.0169, lr_0 = 2.5289e-04
Loss = 4.7096e-02, PNorm = 108.9942, GNorm = 1.0229, lr_0 = 2.5284e-04
Loss = 4.9056e-02, PNorm = 109.0132, GNorm = 0.6896, lr_0 = 2.5278e-04
Loss = 3.7042e-02, PNorm = 109.0345, GNorm = 0.3203, lr_0 = 2.5273e-04
Loss = 4.1442e-02, PNorm = 109.0523, GNorm = 0.3644, lr_0 = 2.5268e-04
Loss = 4.2918e-02, PNorm = 109.0685, GNorm = 1.4934, lr_0 = 2.5262e-04
Loss = 3.6392e-02, PNorm = 109.0882, GNorm = 0.4097, lr_0 = 2.5257e-04
Loss = 4.0983e-02, PNorm = 109.1075, GNorm = 0.5119, lr_0 = 2.5251e-04
Validation rmse = 31.931227
Epoch 27
Loss = 3.4129e-02, PNorm = 109.1336, GNorm = 0.3072, lr_0 = 2.5246e-04
Loss = 3.4381e-02, PNorm = 109.1515, GNorm = 0.3487, lr_0 = 2.5240e-04
Loss = 4.4118e-02, PNorm = 109.1690, GNorm = 0.2737, lr_0 = 2.5235e-04
Loss = 4.4122e-02, PNorm = 109.1868, GNorm = 0.4341, lr_0 = 2.5230e-04
Loss = 4.4735e-02, PNorm = 109.2024, GNorm = 1.1593, lr_0 = 2.5224e-04
Loss = 4.5007e-02, PNorm = 109.2250, GNorm = 0.7259, lr_0 = 2.5219e-04
Loss = 4.2120e-02, PNorm = 109.2459, GNorm = 0.4730, lr_0 = 2.5213e-04
Loss = 5.0019e-02, PNorm = 109.2666, GNorm = 0.6150, lr_0 = 2.5208e-04
Loss = 3.9969e-02, PNorm = 109.2881, GNorm = 0.7825, lr_0 = 2.5203e-04
Loss = 3.9698e-02, PNorm = 109.3001, GNorm = 0.6087, lr_0 = 2.5197e-04
Loss = 3.7503e-02, PNorm = 109.3132, GNorm = 0.4667, lr_0 = 2.5192e-04
Loss = 4.3071e-02, PNorm = 109.3305, GNorm = 0.5031, lr_0 = 2.5187e-04
Loss = 4.3472e-02, PNorm = 109.3464, GNorm = 0.9398, lr_0 = 2.5181e-04
Loss = 4.4921e-02, PNorm = 109.3624, GNorm = 0.3738, lr_0 = 2.5176e-04
Loss = 3.2648e-02, PNorm = 109.3763, GNorm = 0.6165, lr_0 = 2.5171e-04
Loss = 4.1886e-02, PNorm = 109.3895, GNorm = 0.8400, lr_0 = 2.5165e-04
Loss = 3.5474e-02, PNorm = 109.4082, GNorm = 0.4309, lr_0 = 2.5160e-04
Loss = 4.6173e-02, PNorm = 109.4294, GNorm = 0.4678, lr_0 = 2.5155e-04
Loss = 5.0292e-02, PNorm = 109.4542, GNorm = 0.6771, lr_0 = 2.5149e-04
Loss = 3.8267e-02, PNorm = 109.4716, GNorm = 0.5509, lr_0 = 2.5144e-04
Loss = 4.2964e-02, PNorm = 109.4914, GNorm = 0.3679, lr_0 = 2.5139e-04
Loss = 3.7637e-02, PNorm = 109.5070, GNorm = 0.7327, lr_0 = 2.5133e-04
Loss = 3.4438e-02, PNorm = 109.5235, GNorm = 0.4644, lr_0 = 2.5128e-04
Loss = 3.9887e-02, PNorm = 109.5388, GNorm = 0.9268, lr_0 = 2.5123e-04
Loss = 4.6529e-02, PNorm = 109.5474, GNorm = 0.4786, lr_0 = 2.5117e-04
Validation rmse = 31.579819
Epoch 28
Loss = 4.0841e-02, PNorm = 109.5693, GNorm = 0.9765, lr_0 = 2.5112e-04
Loss = 5.0083e-02, PNorm = 109.5956, GNorm = 0.5018, lr_0 = 2.5107e-04
Loss = 3.8532e-02, PNorm = 109.6197, GNorm = 0.5577, lr_0 = 2.5102e-04
Loss = 4.2297e-02, PNorm = 109.6423, GNorm = 0.3661, lr_0 = 2.5096e-04
Loss = 4.6727e-02, PNorm = 109.6664, GNorm = 0.9203, lr_0 = 2.5091e-04
Loss = 3.9595e-02, PNorm = 109.6873, GNorm = 0.6094, lr_0 = 2.5086e-04
Loss = 4.3853e-02, PNorm = 109.7090, GNorm = 0.3542, lr_0 = 2.5080e-04
Loss = 3.1085e-02, PNorm = 109.7262, GNorm = 0.6042, lr_0 = 2.5075e-04
Loss = 4.0639e-02, PNorm = 109.7505, GNorm = 0.4423, lr_0 = 2.5070e-04
Loss = 4.0857e-02, PNorm = 109.7667, GNorm = 0.4202, lr_0 = 2.5064e-04
Loss = 3.8403e-02, PNorm = 109.7880, GNorm = 0.3488, lr_0 = 2.5059e-04
Loss = 3.6241e-02, PNorm = 109.8101, GNorm = 0.6482, lr_0 = 2.5054e-04
Loss = 4.1463e-02, PNorm = 109.8317, GNorm = 0.8704, lr_0 = 2.5048e-04
Loss = 3.8633e-02, PNorm = 109.8470, GNorm = 0.4405, lr_0 = 2.5043e-04
Loss = 4.5164e-02, PNorm = 109.8654, GNorm = 0.3072, lr_0 = 2.5038e-04
Loss = 3.5779e-02, PNorm = 109.8855, GNorm = 0.6682, lr_0 = 2.5032e-04
Loss = 4.2265e-02, PNorm = 109.9019, GNorm = 0.5512, lr_0 = 2.5027e-04
Loss = 4.6976e-02, PNorm = 109.9167, GNorm = 0.6839, lr_0 = 2.5022e-04
Loss = 4.1614e-02, PNorm = 109.9400, GNorm = 0.6800, lr_0 = 2.5017e-04
Loss = 4.0659e-02, PNorm = 109.9601, GNorm = 0.4590, lr_0 = 2.5011e-04
Loss = 4.8877e-02, PNorm = 109.9785, GNorm = 0.7081, lr_0 = 2.5006e-04
Loss = 4.4266e-02, PNorm = 110.0002, GNorm = 0.5647, lr_0 = 2.5001e-04
Loss = 4.5538e-02, PNorm = 110.0271, GNorm = 0.3643, lr_0 = 2.4995e-04
Loss = 4.5585e-02, PNorm = 110.0507, GNorm = 0.4978, lr_0 = 2.4990e-04
Loss = 4.3118e-02, PNorm = 110.0792, GNorm = 0.3180, lr_0 = 2.4985e-04
Validation rmse = 32.601077
Epoch 29
Loss = 4.5860e-02, PNorm = 110.1008, GNorm = 0.5812, lr_0 = 2.4979e-04
Loss = 3.9947e-02, PNorm = 110.1237, GNorm = 0.2643, lr_0 = 2.4974e-04
Loss = 4.4131e-02, PNorm = 110.1430, GNorm = 0.3929, lr_0 = 2.4969e-04
Loss = 4.8812e-02, PNorm = 110.1682, GNorm = 0.6257, lr_0 = 2.4964e-04
Loss = 4.3996e-02, PNorm = 110.1931, GNorm = 1.3606, lr_0 = 2.4958e-04
Loss = 4.0550e-02, PNorm = 110.2251, GNorm = 0.8051, lr_0 = 2.4953e-04
Loss = 5.6421e-02, PNorm = 110.2445, GNorm = 0.2693, lr_0 = 2.4948e-04
Loss = 6.0427e-02, PNorm = 110.2689, GNorm = 0.9757, lr_0 = 2.4942e-04
Loss = 4.9195e-02, PNorm = 110.2991, GNorm = 0.7800, lr_0 = 2.4937e-04
Loss = 5.5181e-02, PNorm = 110.3264, GNorm = 0.6485, lr_0 = 2.4932e-04
Loss = 4.7602e-02, PNorm = 110.3562, GNorm = 0.4437, lr_0 = 2.4927e-04
Loss = 4.2625e-02, PNorm = 110.3840, GNorm = 0.3549, lr_0 = 2.4921e-04
Loss = 3.8123e-02, PNorm = 110.4063, GNorm = 0.3889, lr_0 = 2.4916e-04
Loss = 4.1874e-02, PNorm = 110.4199, GNorm = 1.6565, lr_0 = 2.4911e-04
Loss = 4.4333e-02, PNorm = 110.4397, GNorm = 1.1646, lr_0 = 2.4905e-04
Loss = 5.2805e-02, PNorm = 110.4595, GNorm = 0.5839, lr_0 = 2.4900e-04
Loss = 4.6200e-02, PNorm = 110.4807, GNorm = 0.4283, lr_0 = 2.4895e-04
Loss = 3.4535e-02, PNorm = 110.5031, GNorm = 0.5611, lr_0 = 2.4890e-04
Loss = 4.0839e-02, PNorm = 110.5226, GNorm = 0.5827, lr_0 = 2.4884e-04
Loss = 3.8316e-02, PNorm = 110.5423, GNorm = 0.4380, lr_0 = 2.4879e-04
Loss = 5.2717e-02, PNorm = 110.5599, GNorm = 0.8220, lr_0 = 2.4874e-04
Loss = 4.1597e-02, PNorm = 110.5818, GNorm = 0.4487, lr_0 = 2.4869e-04
Loss = 4.5854e-02, PNorm = 110.6029, GNorm = 0.3148, lr_0 = 2.4863e-04
Loss = 3.8045e-02, PNorm = 110.6223, GNorm = 0.5689, lr_0 = 2.4858e-04
Loss = 4.6663e-02, PNorm = 110.6410, GNorm = 0.5411, lr_0 = 2.4853e-04
Validation rmse = 31.641988
Epoch 30
Loss = 3.2019e-02, PNorm = 110.6651, GNorm = 0.2596, lr_0 = 2.4847e-04
Loss = 4.5857e-02, PNorm = 110.6886, GNorm = 0.5852, lr_0 = 2.4842e-04
Loss = 3.9430e-02, PNorm = 110.7099, GNorm = 0.5688, lr_0 = 2.4837e-04
Loss = 4.0084e-02, PNorm = 110.7258, GNorm = 0.5587, lr_0 = 2.4832e-04
Loss = 3.6539e-02, PNorm = 110.7444, GNorm = 0.3469, lr_0 = 2.4826e-04
Loss = 3.0180e-02, PNorm = 110.7569, GNorm = 0.2887, lr_0 = 2.4821e-04
Loss = 2.9761e-02, PNorm = 110.7707, GNorm = 0.3475, lr_0 = 2.4816e-04
Loss = 3.2604e-02, PNorm = 110.7888, GNorm = 0.6981, lr_0 = 2.4811e-04
Loss = 4.2831e-02, PNorm = 110.8040, GNorm = 0.3538, lr_0 = 2.4805e-04
Loss = 4.6591e-02, PNorm = 110.8264, GNorm = 0.7903, lr_0 = 2.4800e-04
Loss = 4.8323e-02, PNorm = 110.8426, GNorm = 0.2860, lr_0 = 2.4795e-04
Loss = 4.3457e-02, PNorm = 110.8563, GNorm = 0.2747, lr_0 = 2.4790e-04
Loss = 3.7720e-02, PNorm = 110.8774, GNorm = 0.4089, lr_0 = 2.4784e-04
Loss = 3.3589e-02, PNorm = 110.8925, GNorm = 0.6940, lr_0 = 2.4779e-04
Loss = 4.2419e-02, PNorm = 110.9098, GNorm = 0.4350, lr_0 = 2.4774e-04
Loss = 4.3090e-02, PNorm = 110.9263, GNorm = 0.6576, lr_0 = 2.4769e-04
Loss = 3.7988e-02, PNorm = 110.9486, GNorm = 0.6912, lr_0 = 2.4763e-04
Loss = 3.9941e-02, PNorm = 110.9728, GNorm = 0.4506, lr_0 = 2.4758e-04
Loss = 3.9348e-02, PNorm = 111.0046, GNorm = 0.3516, lr_0 = 2.4753e-04
Loss = 3.9701e-02, PNorm = 111.0224, GNorm = 0.8378, lr_0 = 2.4748e-04
Loss = 3.1270e-02, PNorm = 111.0371, GNorm = 0.4397, lr_0 = 2.4742e-04
Loss = 3.6944e-02, PNorm = 111.0489, GNorm = 0.6520, lr_0 = 2.4737e-04
Loss = 3.3460e-02, PNorm = 111.0648, GNorm = 0.3906, lr_0 = 2.4732e-04
Loss = 4.2570e-02, PNorm = 111.0821, GNorm = 0.3731, lr_0 = 2.4727e-04
Loss = 3.7729e-02, PNorm = 111.1072, GNorm = 0.5234, lr_0 = 2.4721e-04
Validation rmse = 31.813314
Epoch 31
Loss = 3.9457e-02, PNorm = 111.1282, GNorm = 1.0056, lr_0 = 2.4716e-04
Loss = 4.5225e-02, PNorm = 111.1509, GNorm = 0.3180, lr_0 = 2.4711e-04
Loss = 4.4601e-02, PNorm = 111.1797, GNorm = 0.8666, lr_0 = 2.4706e-04
Loss = 4.8468e-02, PNorm = 111.1988, GNorm = 0.3870, lr_0 = 2.4700e-04
Loss = 3.7313e-02, PNorm = 111.2224, GNorm = 0.4023, lr_0 = 2.4695e-04
Loss = 4.4567e-02, PNorm = 111.2508, GNorm = 0.2526, lr_0 = 2.4690e-04
Loss = 3.2458e-02, PNorm = 111.2724, GNorm = 0.2703, lr_0 = 2.4685e-04
Loss = 3.4374e-02, PNorm = 111.2934, GNorm = 0.1994, lr_0 = 2.4679e-04
Loss = 3.7592e-02, PNorm = 111.3140, GNorm = 0.5300, lr_0 = 2.4674e-04
Loss = 3.6213e-02, PNorm = 111.3330, GNorm = 0.4816, lr_0 = 2.4669e-04
Loss = 3.5825e-02, PNorm = 111.3604, GNorm = 0.5834, lr_0 = 2.4664e-04
Loss = 3.8100e-02, PNorm = 111.3804, GNorm = 1.0925, lr_0 = 2.4659e-04
Loss = 3.8370e-02, PNorm = 111.4030, GNorm = 1.2528, lr_0 = 2.4653e-04
Loss = 3.6029e-02, PNorm = 111.4235, GNorm = 0.2512, lr_0 = 2.4648e-04
Loss = 3.6673e-02, PNorm = 111.4404, GNorm = 0.3300, lr_0 = 2.4643e-04
Loss = 4.0670e-02, PNorm = 111.4601, GNorm = 0.4857, lr_0 = 2.4638e-04
Loss = 4.0927e-02, PNorm = 111.4742, GNorm = 0.4793, lr_0 = 2.4632e-04
Loss = 4.6506e-02, PNorm = 111.4938, GNorm = 0.3400, lr_0 = 2.4627e-04
Loss = 3.7247e-02, PNorm = 111.5120, GNorm = 0.4129, lr_0 = 2.4622e-04
Loss = 3.3672e-02, PNorm = 111.5329, GNorm = 0.2808, lr_0 = 2.4617e-04
Loss = 3.8059e-02, PNorm = 111.5551, GNorm = 0.8599, lr_0 = 2.4612e-04
Loss = 3.9605e-02, PNorm = 111.5781, GNorm = 0.3340, lr_0 = 2.4606e-04
Loss = 4.7429e-02, PNorm = 111.6050, GNorm = 0.7550, lr_0 = 2.4601e-04
Loss = 4.4734e-02, PNorm = 111.6309, GNorm = 0.6207, lr_0 = 2.4596e-04
Loss = 4.3252e-02, PNorm = 111.6642, GNorm = 0.2900, lr_0 = 2.4591e-04
Validation rmse = 32.075402
Epoch 32
Loss = 3.7007e-02, PNorm = 111.6890, GNorm = 0.3065, lr_0 = 2.4586e-04
Loss = 4.2616e-02, PNorm = 111.7152, GNorm = 1.0561, lr_0 = 2.4580e-04
Loss = 3.8669e-02, PNorm = 111.7433, GNorm = 0.3476, lr_0 = 2.4575e-04
Loss = 3.7510e-02, PNorm = 111.7716, GNorm = 0.4324, lr_0 = 2.4570e-04
Loss = 3.8970e-02, PNorm = 111.7904, GNorm = 0.5570, lr_0 = 2.4565e-04
Loss = 3.5654e-02, PNorm = 111.8090, GNorm = 0.5233, lr_0 = 2.4559e-04
Loss = 3.5971e-02, PNorm = 111.8276, GNorm = 0.7282, lr_0 = 2.4554e-04
Loss = 3.6840e-02, PNorm = 111.8428, GNorm = 0.9984, lr_0 = 2.4549e-04
Loss = 3.3842e-02, PNorm = 111.8615, GNorm = 0.4989, lr_0 = 2.4544e-04
Loss = 2.9394e-02, PNorm = 111.8752, GNorm = 0.2423, lr_0 = 2.4539e-04
Loss = 3.0914e-02, PNorm = 111.8940, GNorm = 1.0496, lr_0 = 2.4533e-04
Loss = 3.5967e-02, PNorm = 111.9100, GNorm = 0.5176, lr_0 = 2.4528e-04
Loss = 3.7678e-02, PNorm = 111.9318, GNorm = 1.0096, lr_0 = 2.4523e-04
Loss = 3.1836e-02, PNorm = 111.9494, GNorm = 0.3102, lr_0 = 2.4518e-04
Loss = 3.3899e-02, PNorm = 111.9727, GNorm = 0.5668, lr_0 = 2.4513e-04
Loss = 3.7059e-02, PNorm = 111.9884, GNorm = 0.3230, lr_0 = 2.4507e-04
Loss = 3.3819e-02, PNorm = 112.0051, GNorm = 0.3332, lr_0 = 2.4502e-04
Loss = 4.1224e-02, PNorm = 112.0216, GNorm = 0.2614, lr_0 = 2.4497e-04
Loss = 3.2128e-02, PNorm = 112.0416, GNorm = 0.5599, lr_0 = 2.4492e-04
Loss = 3.9026e-02, PNorm = 112.0645, GNorm = 0.6398, lr_0 = 2.4487e-04
Loss = 3.4016e-02, PNorm = 112.0836, GNorm = 0.3447, lr_0 = 2.4482e-04
Loss = 3.8125e-02, PNorm = 112.1049, GNorm = 0.7806, lr_0 = 2.4476e-04
Loss = 3.8114e-02, PNorm = 112.1186, GNorm = 0.2853, lr_0 = 2.4471e-04
Loss = 5.5138e-02, PNorm = 112.1321, GNorm = 1.7149, lr_0 = 2.4466e-04
Loss = 6.0661e-02, PNorm = 112.1639, GNorm = 0.3613, lr_0 = 2.4461e-04
Validation rmse = 33.464229
Epoch 33
Loss = 3.5695e-02, PNorm = 112.2056, GNorm = 0.7950, lr_0 = 2.4456e-04
Loss = 4.1086e-02, PNorm = 112.2333, GNorm = 1.0478, lr_0 = 2.4450e-04
Loss = 3.1203e-02, PNorm = 112.2579, GNorm = 0.4785, lr_0 = 2.4445e-04
Loss = 3.3976e-02, PNorm = 112.2772, GNorm = 0.6060, lr_0 = 2.4440e-04
Loss = 3.5354e-02, PNorm = 112.3025, GNorm = 0.7608, lr_0 = 2.4435e-04
Loss = 3.9025e-02, PNorm = 112.3216, GNorm = 0.7577, lr_0 = 2.4430e-04
Loss = 3.9070e-02, PNorm = 112.3479, GNorm = 0.3457, lr_0 = 2.4425e-04
Loss = 3.9878e-02, PNorm = 112.3722, GNorm = 0.3690, lr_0 = 2.4419e-04
Loss = 8.7225e-02, PNorm = 112.4063, GNorm = 0.8955, lr_0 = 2.4414e-04
Loss = 6.0422e-02, PNorm = 112.4557, GNorm = 2.1614, lr_0 = 2.4409e-04
Loss = 4.5209e-02, PNorm = 112.5017, GNorm = 0.4372, lr_0 = 2.4404e-04
Loss = 5.8785e-02, PNorm = 112.5333, GNorm = 2.1663, lr_0 = 2.4399e-04
Loss = 4.7708e-02, PNorm = 112.5604, GNorm = 0.4595, lr_0 = 2.4393e-04
Loss = 5.1240e-02, PNorm = 112.5868, GNorm = 0.8496, lr_0 = 2.4388e-04
Loss = 5.0072e-02, PNorm = 112.6197, GNorm = 0.6114, lr_0 = 2.4383e-04
Loss = 4.9856e-02, PNorm = 112.6547, GNorm = 0.5997, lr_0 = 2.4378e-04
Loss = 4.3307e-02, PNorm = 112.6865, GNorm = 0.4469, lr_0 = 2.4373e-04
Loss = 4.4871e-02, PNorm = 112.7098, GNorm = 0.5025, lr_0 = 2.4368e-04
Loss = 4.2191e-02, PNorm = 112.7345, GNorm = 0.4420, lr_0 = 2.4362e-04
Loss = 4.5494e-02, PNorm = 112.7586, GNorm = 0.9616, lr_0 = 2.4357e-04
Loss = 3.6611e-02, PNorm = 112.7797, GNorm = 0.3951, lr_0 = 2.4352e-04
Loss = 4.6211e-02, PNorm = 112.8042, GNorm = 0.9278, lr_0 = 2.4347e-04
Loss = 5.2531e-02, PNorm = 112.8212, GNorm = 1.1075, lr_0 = 2.4342e-04
Loss = 4.8988e-02, PNorm = 112.8482, GNorm = 1.0432, lr_0 = 2.4337e-04
Loss = 4.0065e-02, PNorm = 112.8777, GNorm = 0.6301, lr_0 = 2.4332e-04
Validation rmse = 32.987065
Epoch 34
Loss = 4.0883e-02, PNorm = 112.8969, GNorm = 0.9166, lr_0 = 2.4326e-04
Loss = 5.0269e-02, PNorm = 112.9202, GNorm = 1.0346, lr_0 = 2.4321e-04
Loss = 3.8226e-02, PNorm = 112.9495, GNorm = 0.5417, lr_0 = 2.4316e-04
Loss = 4.0714e-02, PNorm = 112.9761, GNorm = 0.5372, lr_0 = 2.4310e-04
Loss = 3.3784e-02, PNorm = 113.0002, GNorm = 0.2602, lr_0 = 2.4305e-04
Loss = 3.5878e-02, PNorm = 113.0148, GNorm = 0.3886, lr_0 = 2.4300e-04
Loss = 4.0213e-02, PNorm = 113.0347, GNorm = 0.6076, lr_0 = 2.4295e-04
Loss = 3.9787e-02, PNorm = 113.0548, GNorm = 0.3390, lr_0 = 2.4290e-04
Loss = 3.4336e-02, PNorm = 113.0689, GNorm = 0.5478, lr_0 = 2.4285e-04
Loss = 3.7470e-02, PNorm = 113.0839, GNorm = 0.2446, lr_0 = 2.4279e-04
Loss = 3.9185e-02, PNorm = 113.1063, GNorm = 0.3353, lr_0 = 2.4274e-04
Loss = 3.6446e-02, PNorm = 113.1293, GNorm = 0.5036, lr_0 = 2.4269e-04
Loss = 3.2153e-02, PNorm = 113.1478, GNorm = 0.2457, lr_0 = 2.4264e-04
Loss = 3.6221e-02, PNorm = 113.1654, GNorm = 0.3180, lr_0 = 2.4259e-04
Loss = 3.6537e-02, PNorm = 113.1832, GNorm = 0.3565, lr_0 = 2.4254e-04
Loss = 3.4912e-02, PNorm = 113.2022, GNorm = 0.3566, lr_0 = 2.4249e-04
Loss = 3.3700e-02, PNorm = 113.2221, GNorm = 0.2774, lr_0 = 2.4243e-04
Loss = 4.3837e-02, PNorm = 113.2457, GNorm = 0.2546, lr_0 = 2.4238e-04
Loss = 4.0137e-02, PNorm = 113.2667, GNorm = 0.6452, lr_0 = 2.4233e-04
Loss = 3.7237e-02, PNorm = 113.2816, GNorm = 0.2964, lr_0 = 2.4228e-04
Loss = 3.3756e-02, PNorm = 113.3031, GNorm = 0.5893, lr_0 = 2.4223e-04
Loss = 3.5161e-02, PNorm = 113.3237, GNorm = 0.5653, lr_0 = 2.4218e-04
Loss = 4.2418e-02, PNorm = 113.3468, GNorm = 0.4611, lr_0 = 2.4213e-04
Loss = 3.0777e-02, PNorm = 113.3624, GNorm = 0.2577, lr_0 = 2.4208e-04
Loss = 3.9089e-02, PNorm = 113.3832, GNorm = 0.4667, lr_0 = 2.4202e-04
Validation rmse = 32.008846
Epoch 35
Loss = 3.1481e-02, PNorm = 113.4082, GNorm = 0.4586, lr_0 = 2.4197e-04
Loss = 2.9071e-02, PNorm = 113.4232, GNorm = 0.6169, lr_0 = 2.4192e-04
Loss = 3.5198e-02, PNorm = 113.4439, GNorm = 0.3922, lr_0 = 2.4187e-04
Loss = 3.5035e-02, PNorm = 113.4599, GNorm = 0.3951, lr_0 = 2.4182e-04
Loss = 3.3100e-02, PNorm = 113.4798, GNorm = 0.2179, lr_0 = 2.4177e-04
Loss = 3.3844e-02, PNorm = 113.4989, GNorm = 0.4460, lr_0 = 2.4172e-04
Loss = 4.6469e-02, PNorm = 113.5164, GNorm = 0.6303, lr_0 = 2.4167e-04
Loss = 4.3342e-02, PNorm = 113.5355, GNorm = 0.8293, lr_0 = 2.4161e-04
Loss = 3.6103e-02, PNorm = 113.5584, GNorm = 0.4488, lr_0 = 2.4156e-04
Loss = 3.7322e-02, PNorm = 113.5834, GNorm = 0.2224, lr_0 = 2.4151e-04
Loss = 2.7608e-02, PNorm = 113.6032, GNorm = 0.3464, lr_0 = 2.4146e-04
Loss = 3.8275e-02, PNorm = 113.6275, GNorm = 0.4489, lr_0 = 2.4141e-04
Loss = 2.8128e-02, PNorm = 113.6467, GNorm = 0.5730, lr_0 = 2.4136e-04
Loss = 3.7396e-02, PNorm = 113.6686, GNorm = 0.6418, lr_0 = 2.4131e-04
Loss = 3.0014e-02, PNorm = 113.6864, GNorm = 0.2694, lr_0 = 2.4126e-04
Loss = 3.3775e-02, PNorm = 113.7032, GNorm = 0.8362, lr_0 = 2.4120e-04
Loss = 3.5115e-02, PNorm = 113.7221, GNorm = 0.3226, lr_0 = 2.4115e-04
Loss = 3.8064e-02, PNorm = 113.7387, GNorm = 0.5612, lr_0 = 2.4110e-04
Loss = 3.4651e-02, PNorm = 113.7588, GNorm = 0.3295, lr_0 = 2.4105e-04
Loss = 3.5654e-02, PNorm = 113.7735, GNorm = 0.5453, lr_0 = 2.4100e-04
Loss = 2.9619e-02, PNorm = 113.7906, GNorm = 0.5141, lr_0 = 2.4095e-04
Loss = 2.9027e-02, PNorm = 113.8069, GNorm = 0.6949, lr_0 = 2.4090e-04
Loss = 3.2384e-02, PNorm = 113.8174, GNorm = 0.9329, lr_0 = 2.4085e-04
Loss = 3.3310e-02, PNorm = 113.8349, GNorm = 0.3060, lr_0 = 2.4080e-04
Loss = 2.7648e-02, PNorm = 113.8476, GNorm = 0.2853, lr_0 = 2.4075e-04
Validation rmse = 30.411559
Epoch 36
Loss = 2.9390e-02, PNorm = 113.8616, GNorm = 0.3886, lr_0 = 2.4069e-04
Loss = 2.7836e-02, PNorm = 113.8815, GNorm = 0.2669, lr_0 = 2.4064e-04
Loss = 2.9499e-02, PNorm = 113.9022, GNorm = 0.2343, lr_0 = 2.4059e-04
Loss = 3.1022e-02, PNorm = 113.9190, GNorm = 0.2750, lr_0 = 2.4054e-04
Loss = 2.8890e-02, PNorm = 113.9366, GNorm = 0.8622, lr_0 = 2.4049e-04
Loss = 3.5123e-02, PNorm = 113.9540, GNorm = 0.7771, lr_0 = 2.4044e-04
Loss = 3.5741e-02, PNorm = 113.9707, GNorm = 0.9543, lr_0 = 2.4039e-04
Loss = 3.3718e-02, PNorm = 113.9865, GNorm = 0.3591, lr_0 = 2.4034e-04
Loss = 2.6679e-02, PNorm = 114.0017, GNorm = 0.2125, lr_0 = 2.4029e-04
Loss = 3.0361e-02, PNorm = 114.0179, GNorm = 0.4501, lr_0 = 2.4024e-04
Loss = 3.0958e-02, PNorm = 114.0360, GNorm = 0.5164, lr_0 = 2.4018e-04
Loss = 2.6242e-02, PNorm = 114.0501, GNorm = 0.5363, lr_0 = 2.4013e-04
Loss = 3.2092e-02, PNorm = 114.0672, GNorm = 0.5074, lr_0 = 2.4008e-04
Loss = 3.0160e-02, PNorm = 114.0922, GNorm = 0.3941, lr_0 = 2.4003e-04
Loss = 2.5472e-02, PNorm = 114.1121, GNorm = 0.3755, lr_0 = 2.3998e-04
Loss = 3.5731e-02, PNorm = 114.1309, GNorm = 0.9141, lr_0 = 2.3993e-04
Loss = 3.5495e-02, PNorm = 114.1504, GNorm = 0.3231, lr_0 = 2.3988e-04
Loss = 3.3472e-02, PNorm = 114.1738, GNorm = 0.4407, lr_0 = 2.3983e-04
Loss = 3.1597e-02, PNorm = 114.1850, GNorm = 0.5882, lr_0 = 2.3978e-04
Loss = 2.6543e-02, PNorm = 114.2043, GNorm = 0.3557, lr_0 = 2.3973e-04
Loss = 3.1852e-02, PNorm = 114.2209, GNorm = 0.5101, lr_0 = 2.3968e-04
Loss = 2.8250e-02, PNorm = 114.2328, GNorm = 0.5396, lr_0 = 2.3963e-04
Loss = 3.3625e-02, PNorm = 114.2488, GNorm = 0.3228, lr_0 = 2.3957e-04
Loss = 2.6218e-02, PNorm = 114.2662, GNorm = 0.4925, lr_0 = 2.3952e-04
Loss = 3.2275e-02, PNorm = 114.2803, GNorm = 0.2351, lr_0 = 2.3947e-04
Validation rmse = 31.043793
Epoch 37
Loss = 3.4611e-02, PNorm = 114.3012, GNorm = 0.4465, lr_0 = 2.3942e-04
Loss = 2.9230e-02, PNorm = 114.3215, GNorm = 0.4633, lr_0 = 2.3937e-04
Loss = 3.7466e-02, PNorm = 114.3400, GNorm = 0.4202, lr_0 = 2.3932e-04
Loss = 2.8114e-02, PNorm = 114.3537, GNorm = 0.3341, lr_0 = 2.3927e-04
Loss = 3.1159e-02, PNorm = 114.3627, GNorm = 0.8907, lr_0 = 2.3922e-04
Loss = 3.3947e-02, PNorm = 114.3866, GNorm = 0.5691, lr_0 = 2.3917e-04
Loss = 3.3335e-02, PNorm = 114.4101, GNorm = 0.5361, lr_0 = 2.3912e-04
Loss = 2.9382e-02, PNorm = 114.4321, GNorm = 0.1757, lr_0 = 2.3907e-04
Loss = 3.8168e-02, PNorm = 114.4544, GNorm = 0.7216, lr_0 = 2.3902e-04
Loss = 3.6338e-02, PNorm = 114.4835, GNorm = 0.7940, lr_0 = 2.3897e-04
Loss = 3.5112e-02, PNorm = 114.5141, GNorm = 0.5581, lr_0 = 2.3892e-04
Loss = 3.9984e-02, PNorm = 114.5365, GNorm = 0.3463, lr_0 = 2.3886e-04
Loss = 4.0132e-02, PNorm = 114.5554, GNorm = 0.6945, lr_0 = 2.3881e-04
Loss = 2.8627e-02, PNorm = 114.5744, GNorm = 0.3272, lr_0 = 2.3876e-04
Loss = 2.3469e-02, PNorm = 114.5951, GNorm = 0.2506, lr_0 = 2.3871e-04
Loss = 3.4236e-02, PNorm = 114.6114, GNorm = 0.5465, lr_0 = 2.3866e-04
Loss = 2.9594e-02, PNorm = 114.6271, GNorm = 0.3986, lr_0 = 2.3861e-04
Loss = 3.2680e-02, PNorm = 114.6466, GNorm = 0.2115, lr_0 = 2.3856e-04
Loss = 3.3130e-02, PNorm = 114.6613, GNorm = 0.2393, lr_0 = 2.3851e-04
Loss = 2.7459e-02, PNorm = 114.6781, GNorm = 0.3521, lr_0 = 2.3846e-04
Loss = 3.3914e-02, PNorm = 114.6924, GNorm = 0.3251, lr_0 = 2.3841e-04
Loss = 2.9301e-02, PNorm = 114.7139, GNorm = 0.3733, lr_0 = 2.3836e-04
Loss = 3.0212e-02, PNorm = 114.7316, GNorm = 0.6608, lr_0 = 2.3831e-04
Loss = 2.7621e-02, PNorm = 114.7525, GNorm = 0.4835, lr_0 = 2.3826e-04
Loss = 3.6968e-02, PNorm = 114.7711, GNorm = 0.6726, lr_0 = 2.3821e-04
Validation rmse = 30.488360
Epoch 38
Loss = 3.0634e-02, PNorm = 114.7908, GNorm = 0.9504, lr_0 = 2.3816e-04
Loss = 2.6413e-02, PNorm = 114.8121, GNorm = 0.4902, lr_0 = 2.3811e-04
Loss = 2.5898e-02, PNorm = 114.8330, GNorm = 0.2808, lr_0 = 2.3806e-04
Loss = 2.9995e-02, PNorm = 114.8484, GNorm = 0.6398, lr_0 = 2.3801e-04
Loss = 3.1468e-02, PNorm = 114.8699, GNorm = 0.4809, lr_0 = 2.3796e-04
Loss = 3.6685e-02, PNorm = 114.8838, GNorm = 0.6771, lr_0 = 2.3790e-04
Loss = 3.2712e-02, PNorm = 114.8985, GNorm = 0.4602, lr_0 = 2.3785e-04
Loss = 2.9461e-02, PNorm = 114.9120, GNorm = 0.4334, lr_0 = 2.3780e-04
Loss = 3.2654e-02, PNorm = 114.9313, GNorm = 0.4367, lr_0 = 2.3775e-04
Loss = 2.8843e-02, PNorm = 114.9519, GNorm = 0.4464, lr_0 = 2.3770e-04
Loss = 3.3231e-02, PNorm = 114.9695, GNorm = 0.2114, lr_0 = 2.3765e-04
Loss = 3.4466e-02, PNorm = 114.9871, GNorm = 0.4078, lr_0 = 2.3760e-04
Loss = 3.0684e-02, PNorm = 115.0134, GNorm = 0.2426, lr_0 = 2.3755e-04
Loss = 2.6237e-02, PNorm = 115.0343, GNorm = 0.2215, lr_0 = 2.3750e-04
Loss = 3.7439e-02, PNorm = 115.0518, GNorm = 1.1242, lr_0 = 2.3745e-04
Loss = 3.9034e-02, PNorm = 115.0744, GNorm = 0.6113, lr_0 = 2.3740e-04
Loss = 3.1315e-02, PNorm = 115.0948, GNorm = 0.5091, lr_0 = 2.3735e-04
Loss = 3.0512e-02, PNorm = 115.1152, GNorm = 0.5490, lr_0 = 2.3730e-04
Loss = 3.9659e-02, PNorm = 115.1386, GNorm = 0.4578, lr_0 = 2.3725e-04
Loss = 3.7488e-02, PNorm = 115.1674, GNorm = 1.0966, lr_0 = 2.3720e-04
Loss = 2.8581e-02, PNorm = 115.1965, GNorm = 0.3179, lr_0 = 2.3715e-04
Loss = 3.1855e-02, PNorm = 115.2213, GNorm = 0.5084, lr_0 = 2.3710e-04
Loss = 3.2751e-02, PNorm = 115.2377, GNorm = 0.4069, lr_0 = 2.3705e-04
Loss = 3.4707e-02, PNorm = 115.2536, GNorm = 0.8697, lr_0 = 2.3700e-04
Loss = 3.9211e-02, PNorm = 115.2697, GNorm = 0.5770, lr_0 = 2.3695e-04
Validation rmse = 30.835638
Epoch 39
Loss = 1.0117e-01, PNorm = 115.2880, GNorm = 1.3839, lr_0 = 2.3690e-04
Loss = 6.4639e-02, PNorm = 115.3259, GNorm = 0.8772, lr_0 = 2.3685e-04
Loss = 4.6419e-02, PNorm = 115.3759, GNorm = 0.4667, lr_0 = 2.3680e-04
Loss = 3.3503e-02, PNorm = 115.4156, GNorm = 0.3988, lr_0 = 2.3675e-04
Loss = 3.6624e-02, PNorm = 115.4464, GNorm = 0.5377, lr_0 = 2.3670e-04
Loss = 2.7657e-02, PNorm = 115.4794, GNorm = 0.5653, lr_0 = 2.3665e-04
Loss = 3.0885e-02, PNorm = 115.5095, GNorm = 0.2992, lr_0 = 2.3660e-04
Loss = 3.7517e-02, PNorm = 115.5353, GNorm = 0.3091, lr_0 = 2.3655e-04
Loss = 4.6156e-02, PNorm = 115.5641, GNorm = 1.4115, lr_0 = 2.3650e-04
Loss = 3.2718e-02, PNorm = 115.5882, GNorm = 0.2628, lr_0 = 2.3645e-04
Loss = 3.4060e-02, PNorm = 115.6151, GNorm = 0.5404, lr_0 = 2.3640e-04
Loss = 3.5148e-02, PNorm = 115.6395, GNorm = 0.3697, lr_0 = 2.3635e-04
Loss = 4.3008e-02, PNorm = 115.6642, GNorm = 0.4682, lr_0 = 2.3630e-04
Loss = 3.0428e-02, PNorm = 115.6850, GNorm = 0.4183, lr_0 = 2.3625e-04
Loss = 3.6051e-02, PNorm = 115.7046, GNorm = 0.3562, lr_0 = 2.3620e-04
Loss = 3.7084e-02, PNorm = 115.7298, GNorm = 0.3947, lr_0 = 2.3615e-04
Loss = 3.2652e-02, PNorm = 115.7461, GNorm = 0.3595, lr_0 = 2.3610e-04
Loss = 3.4048e-02, PNorm = 115.7666, GNorm = 0.7126, lr_0 = 2.3605e-04
Loss = 3.2299e-02, PNorm = 115.7912, GNorm = 0.3733, lr_0 = 2.3600e-04
Loss = 3.2187e-02, PNorm = 115.8095, GNorm = 0.6964, lr_0 = 2.3595e-04
Loss = 3.3704e-02, PNorm = 115.8300, GNorm = 0.3865, lr_0 = 2.3590e-04
Loss = 3.2512e-02, PNorm = 115.8553, GNorm = 0.6101, lr_0 = 2.3585e-04
Loss = 3.0064e-02, PNorm = 115.8740, GNorm = 0.2869, lr_0 = 2.3580e-04
Loss = 2.9718e-02, PNorm = 115.8928, GNorm = 0.2414, lr_0 = 2.3575e-04
Loss = 2.6762e-02, PNorm = 115.9141, GNorm = 0.2504, lr_0 = 2.3570e-04
Validation rmse = 30.863576
Epoch 40
Loss = 2.7363e-02, PNorm = 115.9363, GNorm = 0.4166, lr_0 = 2.3564e-04
Loss = 2.7322e-02, PNorm = 115.9539, GNorm = 0.4456, lr_0 = 2.3559e-04
Loss = 2.8084e-02, PNorm = 115.9688, GNorm = 0.8452, lr_0 = 2.3554e-04
Loss = 3.5938e-02, PNorm = 115.9858, GNorm = 0.4292, lr_0 = 2.3549e-04
Loss = 3.3239e-02, PNorm = 116.0090, GNorm = 0.3192, lr_0 = 2.3544e-04
Loss = 3.2561e-02, PNorm = 116.0214, GNorm = 0.7867, lr_0 = 2.3539e-04
Loss = 2.5873e-02, PNorm = 116.0403, GNorm = 0.4219, lr_0 = 2.3534e-04
Loss = 2.7269e-02, PNorm = 116.0574, GNorm = 0.4128, lr_0 = 2.3529e-04
Loss = 3.0081e-02, PNorm = 116.0760, GNorm = 0.6066, lr_0 = 2.3524e-04
Loss = 2.7011e-02, PNorm = 116.0964, GNorm = 0.3074, lr_0 = 2.3519e-04
Loss = 3.5847e-02, PNorm = 116.1135, GNorm = 0.4291, lr_0 = 2.3514e-04
Loss = 3.1887e-02, PNorm = 116.1267, GNorm = 0.3581, lr_0 = 2.3509e-04
Loss = 3.5371e-02, PNorm = 116.1540, GNorm = 0.2889, lr_0 = 2.3504e-04
Loss = 3.0453e-02, PNorm = 116.1778, GNorm = 0.2758, lr_0 = 2.3499e-04
Loss = 3.2409e-02, PNorm = 116.1974, GNorm = 0.4123, lr_0 = 2.3494e-04
Loss = 3.1892e-02, PNorm = 116.2135, GNorm = 0.5338, lr_0 = 2.3489e-04
Loss = 3.5193e-02, PNorm = 116.2351, GNorm = 0.2467, lr_0 = 2.3484e-04
Loss = 2.9901e-02, PNorm = 116.2563, GNorm = 0.2924, lr_0 = 2.3479e-04
Loss = 3.0721e-02, PNorm = 116.2723, GNorm = 0.5772, lr_0 = 2.3474e-04
Loss = 2.9144e-02, PNorm = 116.2885, GNorm = 0.8888, lr_0 = 2.3469e-04
Loss = 3.2023e-02, PNorm = 116.3037, GNorm = 0.2683, lr_0 = 2.3464e-04
Loss = 3.6093e-02, PNorm = 116.3225, GNorm = 0.4141, lr_0 = 2.3460e-04
Loss = 3.0082e-02, PNorm = 116.3465, GNorm = 0.4021, lr_0 = 2.3455e-04
Loss = 3.3100e-02, PNorm = 116.3680, GNorm = 0.5711, lr_0 = 2.3450e-04
Loss = 2.7810e-02, PNorm = 116.3869, GNorm = 0.2712, lr_0 = 2.3445e-04
Validation rmse = 30.734706
Epoch 41
Loss = 3.1206e-02, PNorm = 116.4031, GNorm = 0.2954, lr_0 = 2.3440e-04
Loss = 3.0213e-02, PNorm = 116.4231, GNorm = 0.7596, lr_0 = 2.3435e-04
Loss = 2.6767e-02, PNorm = 116.4389, GNorm = 0.8515, lr_0 = 2.3430e-04
Loss = 2.5895e-02, PNorm = 116.4614, GNorm = 0.3986, lr_0 = 2.3425e-04
Loss = 2.4071e-02, PNorm = 116.4769, GNorm = 0.2324, lr_0 = 2.3420e-04
Loss = 3.0147e-02, PNorm = 116.4983, GNorm = 0.6351, lr_0 = 2.3415e-04
Loss = 3.0794e-02, PNorm = 116.5214, GNorm = 0.3423, lr_0 = 2.3410e-04
Loss = 3.2657e-02, PNorm = 116.5379, GNorm = 0.7160, lr_0 = 2.3405e-04
Loss = 2.3365e-02, PNorm = 116.5558, GNorm = 0.3880, lr_0 = 2.3400e-04
Loss = 3.0990e-02, PNorm = 116.5681, GNorm = 0.4211, lr_0 = 2.3395e-04
Loss = 2.6921e-02, PNorm = 116.5793, GNorm = 0.2845, lr_0 = 2.3390e-04
Loss = 2.6521e-02, PNorm = 116.5989, GNorm = 0.4617, lr_0 = 2.3385e-04
Loss = 2.3357e-02, PNorm = 116.6137, GNorm = 0.3493, lr_0 = 2.3380e-04
Loss = 2.3029e-02, PNorm = 116.6286, GNorm = 0.2454, lr_0 = 2.3375e-04
Loss = 2.9920e-02, PNorm = 116.6454, GNorm = 0.3974, lr_0 = 2.3370e-04
Loss = 2.9174e-02, PNorm = 116.6642, GNorm = 0.2099, lr_0 = 2.3365e-04
Loss = 4.1786e-02, PNorm = 116.6880, GNorm = 0.3321, lr_0 = 2.3360e-04
Loss = 2.8862e-02, PNorm = 116.7102, GNorm = 0.5052, lr_0 = 2.3355e-04
Loss = 2.7724e-02, PNorm = 116.7296, GNorm = 0.3522, lr_0 = 2.3350e-04
Loss = 2.4346e-02, PNorm = 116.7435, GNorm = 0.4008, lr_0 = 2.3345e-04
Loss = 2.7303e-02, PNorm = 116.7578, GNorm = 0.3594, lr_0 = 2.3340e-04
Loss = 3.8451e-02, PNorm = 116.7671, GNorm = 0.3197, lr_0 = 2.3336e-04
Loss = 3.5301e-02, PNorm = 116.7880, GNorm = 0.3964, lr_0 = 2.3331e-04
Loss = 2.7076e-02, PNorm = 116.8133, GNorm = 0.2772, lr_0 = 2.3326e-04
Loss = 3.5949e-02, PNorm = 116.8377, GNorm = 0.6083, lr_0 = 2.3321e-04
Validation rmse = 30.255670
Epoch 42
Loss = 3.1214e-02, PNorm = 116.8631, GNorm = 0.2833, lr_0 = 2.3316e-04
Loss = 2.7859e-02, PNorm = 116.8921, GNorm = 0.3592, lr_0 = 2.3311e-04
Loss = 2.9034e-02, PNorm = 116.9066, GNorm = 0.2656, lr_0 = 2.3306e-04
Loss = 2.3808e-02, PNorm = 116.9169, GNorm = 0.4642, lr_0 = 2.3301e-04
Loss = 2.3432e-02, PNorm = 116.9293, GNorm = 0.4625, lr_0 = 2.3296e-04
Loss = 2.6077e-02, PNorm = 116.9413, GNorm = 0.5781, lr_0 = 2.3291e-04
Loss = 3.0282e-02, PNorm = 116.9628, GNorm = 0.3134, lr_0 = 2.3286e-04
Loss = 3.0138e-02, PNorm = 116.9841, GNorm = 0.9562, lr_0 = 2.3281e-04
Loss = 3.6663e-02, PNorm = 117.0052, GNorm = 0.3113, lr_0 = 2.3276e-04
Loss = 2.8167e-02, PNorm = 117.0267, GNorm = 0.4445, lr_0 = 2.3271e-04
Loss = 2.8773e-02, PNorm = 117.0433, GNorm = 0.3521, lr_0 = 2.3266e-04
Loss = 2.9710e-02, PNorm = 117.0610, GNorm = 0.2787, lr_0 = 2.3261e-04
Loss = 2.8065e-02, PNorm = 117.0784, GNorm = 0.2961, lr_0 = 2.3257e-04
Loss = 2.4285e-02, PNorm = 117.1027, GNorm = 0.3335, lr_0 = 2.3252e-04
Loss = 2.8333e-02, PNorm = 117.1235, GNorm = 0.5012, lr_0 = 2.3247e-04
Loss = 2.9335e-02, PNorm = 117.1421, GNorm = 0.2470, lr_0 = 2.3242e-04
Loss = 2.8797e-02, PNorm = 117.1629, GNorm = 0.2748, lr_0 = 2.3237e-04
Loss = 2.6505e-02, PNorm = 117.1825, GNorm = 0.5165, lr_0 = 2.3232e-04
Loss = 2.8831e-02, PNorm = 117.2036, GNorm = 0.6554, lr_0 = 2.3227e-04
Loss = 3.2358e-02, PNorm = 117.2206, GNorm = 0.7529, lr_0 = 2.3222e-04
Loss = 3.1007e-02, PNorm = 117.2404, GNorm = 0.6766, lr_0 = 2.3217e-04
Loss = 3.2742e-02, PNorm = 117.2633, GNorm = 0.4640, lr_0 = 2.3212e-04
Loss = 4.6563e-02, PNorm = 117.2821, GNorm = 0.3281, lr_0 = 2.3207e-04
Loss = 3.0194e-02, PNorm = 117.3011, GNorm = 0.7538, lr_0 = 2.3202e-04
Loss = 2.9635e-02, PNorm = 117.3263, GNorm = 0.2443, lr_0 = 2.3197e-04
Validation rmse = 30.352977
Epoch 43
Loss = 2.5100e-02, PNorm = 117.3445, GNorm = 0.2651, lr_0 = 2.3193e-04
Loss = 3.1445e-02, PNorm = 117.3655, GNorm = 0.3324, lr_0 = 2.3188e-04
Loss = 2.6988e-02, PNorm = 117.3856, GNorm = 0.4143, lr_0 = 2.3183e-04
Loss = 2.3167e-02, PNorm = 117.4031, GNorm = 0.2169, lr_0 = 2.3178e-04
Loss = 2.4979e-02, PNorm = 117.4133, GNorm = 0.4148, lr_0 = 2.3173e-04
Loss = 3.0209e-02, PNorm = 117.4280, GNorm = 0.2651, lr_0 = 2.3168e-04
Loss = 2.3013e-02, PNorm = 117.4526, GNorm = 0.2602, lr_0 = 2.3163e-04
Loss = 2.7132e-02, PNorm = 117.4743, GNorm = 0.4354, lr_0 = 2.3158e-04
Loss = 2.7906e-02, PNorm = 117.4961, GNorm = 0.4900, lr_0 = 2.3153e-04
Loss = 2.9023e-02, PNorm = 117.5188, GNorm = 0.3846, lr_0 = 2.3148e-04
Loss = 2.9115e-02, PNorm = 117.5318, GNorm = 0.2415, lr_0 = 2.3143e-04
Loss = 3.0395e-02, PNorm = 117.5479, GNorm = 0.3150, lr_0 = 2.3139e-04
Loss = 2.6248e-02, PNorm = 117.5720, GNorm = 0.2897, lr_0 = 2.3134e-04
Loss = 2.7929e-02, PNorm = 117.5893, GNorm = 0.6930, lr_0 = 2.3129e-04
Loss = 3.4148e-02, PNorm = 117.6116, GNorm = 0.2758, lr_0 = 2.3124e-04
Loss = 3.0928e-02, PNorm = 117.6325, GNorm = 0.6299, lr_0 = 2.3119e-04
Loss = 5.4560e-02, PNorm = 117.6461, GNorm = 0.7143, lr_0 = 2.3114e-04
Loss = 3.7309e-02, PNorm = 117.6731, GNorm = 0.4528, lr_0 = 2.3109e-04
Loss = 4.0920e-02, PNorm = 117.7115, GNorm = 0.2756, lr_0 = 2.3104e-04
Loss = 2.8530e-02, PNorm = 117.7367, GNorm = 0.2856, lr_0 = 2.3099e-04
Loss = 3.0401e-02, PNorm = 117.7621, GNorm = 0.2492, lr_0 = 2.3094e-04
Loss = 3.2815e-02, PNorm = 117.7806, GNorm = 0.2400, lr_0 = 2.3090e-04
Loss = 3.2325e-02, PNorm = 117.8078, GNorm = 0.5875, lr_0 = 2.3085e-04
Loss = 2.7006e-02, PNorm = 117.8369, GNorm = 0.5700, lr_0 = 2.3080e-04
Loss = 3.1626e-02, PNorm = 117.8597, GNorm = 0.3520, lr_0 = 2.3075e-04
Validation rmse = 30.801242
Epoch 44
Loss = 2.6215e-02, PNorm = 117.8759, GNorm = 0.3915, lr_0 = 2.3070e-04
Loss = 3.0534e-02, PNorm = 117.8977, GNorm = 0.9368, lr_0 = 2.3065e-04
Loss = 2.8082e-02, PNorm = 117.9178, GNorm = 0.6992, lr_0 = 2.3060e-04
Loss = 3.2391e-02, PNorm = 117.9363, GNorm = 0.7240, lr_0 = 2.3055e-04
Loss = 3.0766e-02, PNorm = 117.9601, GNorm = 0.4568, lr_0 = 2.3050e-04
Loss = 2.9313e-02, PNorm = 117.9808, GNorm = 0.2414, lr_0 = 2.3046e-04
Loss = 2.8366e-02, PNorm = 117.9954, GNorm = 0.3189, lr_0 = 2.3041e-04
Loss = 3.0097e-02, PNorm = 118.0150, GNorm = 0.3820, lr_0 = 2.3036e-04
Loss = 2.3237e-02, PNorm = 118.0299, GNorm = 0.2459, lr_0 = 2.3031e-04
Loss = 2.9006e-02, PNorm = 118.0497, GNorm = 0.2900, lr_0 = 2.3026e-04
Loss = 2.8836e-02, PNorm = 118.0741, GNorm = 0.2003, lr_0 = 2.3021e-04
Loss = 2.9142e-02, PNorm = 118.0930, GNorm = 0.3327, lr_0 = 2.3016e-04
Loss = 2.6203e-02, PNorm = 118.1091, GNorm = 0.3250, lr_0 = 2.3011e-04
Loss = 2.5042e-02, PNorm = 118.1323, GNorm = 0.2204, lr_0 = 2.3007e-04
Loss = 2.9152e-02, PNorm = 118.1489, GNorm = 0.3913, lr_0 = 2.3002e-04
Loss = 2.6112e-02, PNorm = 118.1623, GNorm = 0.6553, lr_0 = 2.2997e-04
Loss = 2.8507e-02, PNorm = 118.1799, GNorm = 0.1727, lr_0 = 2.2992e-04
Loss = 2.8775e-02, PNorm = 118.1977, GNorm = 0.4851, lr_0 = 2.2987e-04
Loss = 2.5714e-02, PNorm = 118.2194, GNorm = 0.2284, lr_0 = 2.2982e-04
Loss = 2.7551e-02, PNorm = 118.2338, GNorm = 0.3986, lr_0 = 2.2977e-04
Loss = 2.4759e-02, PNorm = 118.2489, GNorm = 0.2347, lr_0 = 2.2972e-04
Loss = 2.8157e-02, PNorm = 118.2633, GNorm = 0.4300, lr_0 = 2.2968e-04
Loss = 2.4367e-02, PNorm = 118.2789, GNorm = 0.4415, lr_0 = 2.2963e-04
Loss = 2.6213e-02, PNorm = 118.2943, GNorm = 0.2833, lr_0 = 2.2958e-04
Loss = 2.5394e-02, PNorm = 118.3144, GNorm = 0.2958, lr_0 = 2.2953e-04
Validation rmse = 29.744450
Epoch 45
Loss = 2.9545e-02, PNorm = 118.3279, GNorm = 0.3619, lr_0 = 2.2948e-04
Loss = 2.5422e-02, PNorm = 118.3435, GNorm = 0.3418, lr_0 = 2.2943e-04
Loss = 2.3541e-02, PNorm = 118.3644, GNorm = 0.3383, lr_0 = 2.2938e-04
Loss = 2.3076e-02, PNorm = 118.3830, GNorm = 0.4486, lr_0 = 2.2933e-04
Loss = 2.3956e-02, PNorm = 118.4035, GNorm = 0.4025, lr_0 = 2.2929e-04
Loss = 3.6239e-02, PNorm = 118.4191, GNorm = 0.8928, lr_0 = 2.2924e-04
Loss = 2.7154e-02, PNorm = 118.4349, GNorm = 0.3578, lr_0 = 2.2919e-04
Loss = 2.9003e-02, PNorm = 118.4524, GNorm = 0.5530, lr_0 = 2.2914e-04
Loss = 2.7870e-02, PNorm = 118.4754, GNorm = 0.3099, lr_0 = 2.2909e-04
Loss = 2.6416e-02, PNorm = 118.4935, GNorm = 0.1565, lr_0 = 2.2904e-04
Loss = 2.6058e-02, PNorm = 118.5144, GNorm = 0.3580, lr_0 = 2.2899e-04
Loss = 2.3459e-02, PNorm = 118.5274, GNorm = 0.4463, lr_0 = 2.2895e-04
Loss = 2.1409e-02, PNorm = 118.5424, GNorm = 0.2439, lr_0 = 2.2890e-04
Loss = 2.5940e-02, PNorm = 118.5604, GNorm = 0.6762, lr_0 = 2.2885e-04
Loss = 2.5680e-02, PNorm = 118.5782, GNorm = 0.3911, lr_0 = 2.2880e-04
Loss = 3.0857e-02, PNorm = 118.6070, GNorm = 0.4139, lr_0 = 2.2875e-04
Loss = 2.3890e-02, PNorm = 118.6289, GNorm = 0.3046, lr_0 = 2.2870e-04
Loss = 2.6780e-02, PNorm = 118.6461, GNorm = 0.7757, lr_0 = 2.2866e-04
Loss = 2.8233e-02, PNorm = 118.6620, GNorm = 0.2372, lr_0 = 2.2861e-04
Loss = 2.5781e-02, PNorm = 118.6783, GNorm = 0.2931, lr_0 = 2.2856e-04
Loss = 2.2758e-02, PNorm = 118.6991, GNorm = 0.1624, lr_0 = 2.2851e-04
Loss = 2.4842e-02, PNorm = 118.7151, GNorm = 0.4752, lr_0 = 2.2846e-04
Loss = 2.7934e-02, PNorm = 118.7307, GNorm = 0.3360, lr_0 = 2.2841e-04
Loss = 3.1649e-02, PNorm = 118.7503, GNorm = 0.4472, lr_0 = 2.2836e-04
Loss = 2.9400e-02, PNorm = 118.7707, GNorm = 0.3697, lr_0 = 2.2832e-04
Validation rmse = 29.688306
Epoch 46
Loss = 2.3429e-02, PNorm = 118.7892, GNorm = 0.4101, lr_0 = 2.2827e-04
Loss = 2.2478e-02, PNorm = 118.8055, GNorm = 0.6286, lr_0 = 2.2822e-04
Loss = 2.1268e-02, PNorm = 118.8293, GNorm = 0.3026, lr_0 = 2.2817e-04
Loss = 2.3145e-02, PNorm = 118.8442, GNorm = 0.5494, lr_0 = 2.2812e-04
Loss = 2.5321e-02, PNorm = 118.8606, GNorm = 0.4839, lr_0 = 2.2807e-04
Loss = 3.0456e-02, PNorm = 118.8729, GNorm = 0.2439, lr_0 = 2.2803e-04
Loss = 3.5814e-02, PNorm = 118.8998, GNorm = 0.3113, lr_0 = 2.2798e-04
Loss = 2.3824e-02, PNorm = 118.9182, GNorm = 0.1932, lr_0 = 2.2793e-04
Loss = 3.0352e-02, PNorm = 118.9360, GNorm = 0.2341, lr_0 = 2.2788e-04
Loss = 2.2885e-02, PNorm = 118.9554, GNorm = 0.1803, lr_0 = 2.2783e-04
Loss = 2.1991e-02, PNorm = 118.9724, GNorm = 0.2408, lr_0 = 2.2778e-04
Loss = 2.2693e-02, PNorm = 118.9854, GNorm = 0.5697, lr_0 = 2.2774e-04
Loss = 3.0049e-02, PNorm = 119.0037, GNorm = 0.3565, lr_0 = 2.2769e-04
Loss = 2.2174e-02, PNorm = 119.0204, GNorm = 0.1679, lr_0 = 2.2764e-04
Loss = 2.3781e-02, PNorm = 119.0468, GNorm = 0.4006, lr_0 = 2.2759e-04
Loss = 2.3975e-02, PNorm = 119.0662, GNorm = 0.4226, lr_0 = 2.2754e-04
Loss = 2.8713e-02, PNorm = 119.0881, GNorm = 0.6752, lr_0 = 2.2750e-04
Loss = 2.6409e-02, PNorm = 119.1056, GNorm = 0.3202, lr_0 = 2.2745e-04
Loss = 2.5859e-02, PNorm = 119.1139, GNorm = 0.2502, lr_0 = 2.2740e-04
Loss = 3.2937e-02, PNorm = 119.1287, GNorm = 0.5136, lr_0 = 2.2735e-04
Loss = 2.4385e-02, PNorm = 119.1483, GNorm = 0.5888, lr_0 = 2.2730e-04
Loss = 2.8958e-02, PNorm = 119.1689, GNorm = 0.2837, lr_0 = 2.2725e-04
Loss = 2.9364e-02, PNorm = 119.1868, GNorm = 0.3463, lr_0 = 2.2721e-04
Loss = 2.4708e-02, PNorm = 119.2052, GNorm = 0.4660, lr_0 = 2.2716e-04
Loss = 2.6738e-02, PNorm = 119.2234, GNorm = 0.2816, lr_0 = 2.2711e-04
Validation rmse = 30.003642
Epoch 47
Loss = 3.0372e-02, PNorm = 119.2448, GNorm = 0.9541, lr_0 = 2.2706e-04
Loss = 2.0368e-02, PNorm = 119.2643, GNorm = 0.3667, lr_0 = 2.2701e-04
Loss = 2.3522e-02, PNorm = 119.2821, GNorm = 0.4648, lr_0 = 2.2696e-04
Loss = 2.7597e-02, PNorm = 119.2980, GNorm = 0.7447, lr_0 = 2.2691e-04
Loss = 2.3891e-02, PNorm = 119.3184, GNorm = 0.1731, lr_0 = 2.2686e-04
Loss = 2.4729e-02, PNorm = 119.3341, GNorm = 0.4487, lr_0 = 2.2682e-04
Loss = 2.7816e-02, PNorm = 119.3541, GNorm = 0.2633, lr_0 = 2.2677e-04
Loss = 2.6924e-02, PNorm = 119.3749, GNorm = 0.3781, lr_0 = 2.2672e-04
Loss = 2.1318e-02, PNorm = 119.3909, GNorm = 0.2113, lr_0 = 2.2667e-04
Loss = 2.2259e-02, PNorm = 119.4108, GNorm = 0.2535, lr_0 = 2.2662e-04
Loss = 2.3861e-02, PNorm = 119.4246, GNorm = 0.4025, lr_0 = 2.2658e-04
Loss = 2.3183e-02, PNorm = 119.4407, GNorm = 0.4038, lr_0 = 2.2653e-04
Loss = 2.1203e-02, PNorm = 119.4525, GNorm = 0.2260, lr_0 = 2.2648e-04
Loss = 2.6630e-02, PNorm = 119.4675, GNorm = 0.2215, lr_0 = 2.2643e-04
Loss = 2.7399e-02, PNorm = 119.4850, GNorm = 0.3626, lr_0 = 2.2638e-04
Loss = 3.0305e-02, PNorm = 119.5044, GNorm = 0.6626, lr_0 = 2.2634e-04
Loss = 2.6643e-02, PNorm = 119.5268, GNorm = 0.3558, lr_0 = 2.2629e-04
Loss = 2.4889e-02, PNorm = 119.5421, GNorm = 0.2515, lr_0 = 2.2624e-04
Loss = 2.3461e-02, PNorm = 119.5564, GNorm = 0.2708, lr_0 = 2.2619e-04
Loss = 2.9419e-02, PNorm = 119.5750, GNorm = 0.6784, lr_0 = 2.2614e-04
Loss = 2.7560e-02, PNorm = 119.6007, GNorm = 0.8126, lr_0 = 2.2610e-04
Loss = 2.2600e-02, PNorm = 119.6247, GNorm = 0.1808, lr_0 = 2.2605e-04
Loss = 2.4559e-02, PNorm = 119.6456, GNorm = 0.3043, lr_0 = 2.2600e-04
Loss = 2.4634e-02, PNorm = 119.6564, GNorm = 0.2454, lr_0 = 2.2595e-04
Loss = 2.5039e-02, PNorm = 119.6626, GNorm = 0.1989, lr_0 = 2.2590e-04
Validation rmse = 29.789916
Epoch 48
Loss = 2.4472e-02, PNorm = 119.6759, GNorm = 0.3032, lr_0 = 2.2586e-04
Loss = 2.2274e-02, PNorm = 119.6934, GNorm = 0.2381, lr_0 = 2.2581e-04
Loss = 3.4777e-02, PNorm = 119.7083, GNorm = 0.5622, lr_0 = 2.2576e-04
Loss = 2.4057e-02, PNorm = 119.7306, GNorm = 0.1746, lr_0 = 2.2571e-04
Loss = 2.4551e-02, PNorm = 119.7478, GNorm = 0.3690, lr_0 = 2.2567e-04
Loss = 3.3710e-02, PNorm = 119.7665, GNorm = 0.4266, lr_0 = 2.2562e-04
Loss = 3.0210e-02, PNorm = 119.7938, GNorm = 0.5765, lr_0 = 2.2557e-04
Loss = 3.2051e-02, PNorm = 119.8227, GNorm = 0.3343, lr_0 = 2.2552e-04
Loss = 2.3144e-02, PNorm = 119.8463, GNorm = 0.2291, lr_0 = 2.2547e-04
Loss = 2.8390e-02, PNorm = 119.8678, GNorm = 0.3841, lr_0 = 2.2543e-04
Loss = 2.6830e-02, PNorm = 119.8876, GNorm = 0.5146, lr_0 = 2.2538e-04
Loss = 2.1786e-02, PNorm = 119.9043, GNorm = 0.3532, lr_0 = 2.2533e-04
Loss = 2.0597e-02, PNorm = 119.9202, GNorm = 0.1935, lr_0 = 2.2528e-04
Loss = 3.2472e-02, PNorm = 119.9360, GNorm = 0.4028, lr_0 = 2.2524e-04
Loss = 2.5254e-02, PNorm = 119.9477, GNorm = 0.3598, lr_0 = 2.2519e-04
Loss = 2.2098e-02, PNorm = 119.9675, GNorm = 0.2066, lr_0 = 2.2514e-04
Loss = 2.7405e-02, PNorm = 119.9820, GNorm = 0.4756, lr_0 = 2.2509e-04
Loss = 2.9359e-02, PNorm = 120.0071, GNorm = 0.3086, lr_0 = 2.2504e-04
Loss = 2.7766e-02, PNorm = 120.0346, GNorm = 0.1524, lr_0 = 2.2500e-04
Loss = 2.6688e-02, PNorm = 120.0564, GNorm = 0.4902, lr_0 = 2.2495e-04
Loss = 2.4578e-02, PNorm = 120.0774, GNorm = 0.2681, lr_0 = 2.2490e-04
Loss = 2.0988e-02, PNorm = 120.1031, GNorm = 0.2408, lr_0 = 2.2485e-04
Loss = 2.3919e-02, PNorm = 120.1165, GNorm = 0.5072, lr_0 = 2.2481e-04
Loss = 2.1153e-02, PNorm = 120.1342, GNorm = 0.5120, lr_0 = 2.2476e-04
Loss = 2.3773e-02, PNorm = 120.1487, GNorm = 0.3042, lr_0 = 2.2471e-04
Validation rmse = 28.481073
Epoch 49
Loss = 2.3386e-02, PNorm = 120.1676, GNorm = 0.4086, lr_0 = 2.2466e-04
Loss = 2.0917e-02, PNorm = 120.1841, GNorm = 0.4707, lr_0 = 2.2462e-04
Loss = 1.9884e-02, PNorm = 120.1994, GNorm = 0.3533, lr_0 = 2.2457e-04
Loss = 2.1424e-02, PNorm = 120.2142, GNorm = 0.1974, lr_0 = 2.2452e-04
Loss = 2.0395e-02, PNorm = 120.2303, GNorm = 0.2221, lr_0 = 2.2447e-04
Loss = 1.8518e-02, PNorm = 120.2422, GNorm = 0.4513, lr_0 = 2.2443e-04
Loss = 2.3702e-02, PNorm = 120.2618, GNorm = 0.3369, lr_0 = 2.2438e-04
Loss = 2.1763e-02, PNorm = 120.2735, GNorm = 0.3075, lr_0 = 2.2433e-04
Loss = 2.3875e-02, PNorm = 120.2890, GNorm = 0.3568, lr_0 = 2.2428e-04
Loss = 2.3227e-02, PNorm = 120.3071, GNorm = 0.2754, lr_0 = 2.2424e-04
Loss = 2.2557e-02, PNorm = 120.3258, GNorm = 0.5732, lr_0 = 2.2419e-04
Loss = 2.1834e-02, PNorm = 120.3378, GNorm = 0.2992, lr_0 = 2.2414e-04
Loss = 2.8979e-02, PNorm = 120.3536, GNorm = 0.3369, lr_0 = 2.2409e-04
Loss = 2.8794e-02, PNorm = 120.3718, GNorm = 0.2630, lr_0 = 2.2405e-04
Loss = 2.7588e-02, PNorm = 120.3910, GNorm = 0.4073, lr_0 = 2.2400e-04
Loss = 2.4521e-02, PNorm = 120.4118, GNorm = 0.6233, lr_0 = 2.2395e-04
Loss = 1.8564e-02, PNorm = 120.4278, GNorm = 0.3199, lr_0 = 2.2390e-04
Loss = 2.1515e-02, PNorm = 120.4505, GNorm = 0.5642, lr_0 = 2.2386e-04
Loss = 2.5645e-02, PNorm = 120.4654, GNorm = 0.2511, lr_0 = 2.2381e-04
Loss = 2.4208e-02, PNorm = 120.4838, GNorm = 0.2686, lr_0 = 2.2376e-04
Loss = 2.2629e-02, PNorm = 120.4987, GNorm = 0.3830, lr_0 = 2.2376e-04
Loss = 2.6980e-02, PNorm = 120.5224, GNorm = 0.3948, lr_0 = 2.2376e-04
Loss = 2.4584e-02, PNorm = 120.5386, GNorm = 0.2399, lr_0 = 2.2376e-04
Loss = 2.2708e-02, PNorm = 120.5565, GNorm = 0.2215, lr_0 = 2.2376e-04
Loss = 2.4447e-02, PNorm = 120.5695, GNorm = 0.3055, lr_0 = 2.2376e-04
Validation rmse = 30.906498
Model 0 best validation rmse = 28.481073 on epoch 48
Loading pretrained parameter "encoder.encoder.0.cached_zero_vector".
Loading pretrained parameter "encoder.encoder.0.W_i.weight".
Loading pretrained parameter "encoder.encoder.0.W_h.weight".
Loading pretrained parameter "encoder.encoder.0.W_o.weight".
Loading pretrained parameter "encoder.encoder.0.W_o.bias".
Loading pretrained parameter "encoder.encoder.1.cached_zero_vector".
Loading pretrained parameter "encoder.encoder.1.W_i.weight".
Loading pretrained parameter "encoder.encoder.1.W_h.weight".
Loading pretrained parameter "encoder.encoder.1.W_o.weight".
Loading pretrained parameter "encoder.encoder.1.W_o.bias".
Loading pretrained parameter "ffn.1.weight".
Loading pretrained parameter "ffn.1.bias".
Loading pretrained parameter "ffn.4.weight".
Loading pretrained parameter "ffn.4.bias".
Moving model to cuda
Model 0 test rmse = 28.530153
Ensemble test rmse = 28.530153
1-fold cross validation
	Seed 0 ==> test rmse = 28.530153
Overall test rmse = 28.530153 +/- 0.000000
Elapsed time = 0:40:31
