Command line
python /home/kpg/chemprop/train.py --data_path ../../../data/splits/lambda_max_abs/deep4chem/group_by_smiles/smiles_target_train.csv --dataset_type regression --save_dir /home/kimele03/uvvisml/uvvisml/models/multitask_all_checkpoints/scaffold/results/507323/49670157 --config_path /home/kimele03/uvvisml/uvvisml/models/multitask_all_checkpoints/scaffold/results/507323/49670157/hyperopt.json --metric rmse --epochs 50 --gpu 0 --ensemble_size 1 --separate_val_path ../../../data/splits/lambda_max_abs/deep4chem/group_by_smiles/smiles_target_val.csv --separate_test_path ../../../data/splits/lambda_max_abs/deep4chem/group_by_smiles/smiles_target_test.csv --number_of_molecules 2
Args
{'activation': 'ReLU',
 'aggregation': 'mean',
 'aggregation_norm': 100,
 'atom_descriptor_scaling': True,
 'atom_descriptors': None,
 'atom_descriptors_path': None,
 'atom_descriptors_size': 0,
 'atom_features_size': 0,
 'atom_messages': False,
 'batch_size': 85,
 'bias': False,
 'bond_feature_scaling': True,
 'bond_features_path': None,
 'bond_features_size': 0,
 'cache_cutoff': 10000,
 'checkpoint_dir': None,
 'checkpoint_frzn': None,
 'checkpoint_path': None,
 'checkpoint_paths': None,
 'class_balance': False,
 'config_path': '/home/kimele03/uvvisml/uvvisml/models/multitask_all_checkpoints/scaffold/results/507323/49670157/hyperopt.json',
 'crossval_index_dir': None,
 'crossval_index_file': None,
 'crossval_index_sets': None,
 'cuda': True,
 'data_path': '../../../data/splits/lambda_max_abs/deep4chem/group_by_smiles/smiles_target_train.csv',
 'data_weights_path': None,
 'dataset_type': 'regression',
 'depth': 5,
 'device': device(type='cuda', index=0),
 'dropout': 0.0,
 'empty_cache': False,
 'ensemble_size': 1,
 'epochs': 50,
 'explicit_h': False,
 'extra_metrics': [],
 'features_generator': None,
 'features_only': False,
 'features_path': None,
 'features_scaling': True,
 'features_size': None,
 'ffn_hidden_size': 1579,
 'ffn_num_layers': 3,
 'final_lr': 0.0007863854683138158,
 'folds_file': None,
 'freeze_first_only': False,
 'frzn_ffn_layers': 0,
 'gpu': 0,
 'grad_clip': None,
 'hidden_size': 1509,
 'ignore_columns': None,
 'init_lr': 0.0001976958617841594,
 'log_frequency': 10,
 'max_data_size': None,
 'max_lr': 0.0009253344143475046,
 'metric': 'rmse',
 'metrics': ['rmse'],
 'minimize_score': True,
 'mpn_shared': False,
 'multiclass_num_classes': 3,
 'no_atom_descriptor_scaling': False,
 'no_bond_features_scaling': False,
 'no_cache_mol': False,
 'no_cuda': False,
 'no_features_scaling': False,
 'num_folds': 1,
 'num_lrs': 1,
 'num_tasks': 1,
 'num_workers': 8,
 'number_of_molecules': 2,
 'overwrite_default_atom_features': False,
 'overwrite_default_bond_features': False,
 'pytorch_seed': 0,
 'quiet': False,
 'reaction': False,
 'reaction_mode': 'reac_diff',
 'resume_experiment': False,
 'save_dir': '/home/kimele03/uvvisml/uvvisml/models/multitask_all_checkpoints/scaffold/results/507323/49670157',
 'save_preds': False,
 'save_smiles_splits': False,
 'seed': 0,
 'separate_test_atom_descriptors_path': None,
 'separate_test_bond_features_path': None,
 'separate_test_features_path': None,
 'separate_test_path': '../../../data/splits/lambda_max_abs/deep4chem/group_by_smiles/smiles_target_test.csv',
 'separate_val_atom_descriptors_path': None,
 'separate_val_bond_features_path': None,
 'separate_val_features_path': None,
 'separate_val_path': '../../../data/splits/lambda_max_abs/deep4chem/group_by_smiles/smiles_target_val.csv',
 'show_individual_scores': False,
 'smiles_columns': ['smiles', 'solvent'],
 'split_sizes': (0.8, 0.1, 0.1),
 'split_type': 'random',
 'target_columns': None,
 'target_weights': None,
 'task_names': ['peakwavs_max'],
 'test': False,
 'test_fold_index': None,
 'train_data_size': None,
 'undirected': False,
 'use_input_features': False,
 'val_fold_index': None,
 'warmup_epochs': 6}
Loading data
Number of tasks = 1
Fold 0
Splitting data with seed 0
Total size = 13,242 | train size = 13,242 | val size = 1,633 | test size = 1,710
Fitting scaler
Building model 0
MoleculeModel(
  (encoder): MPN(
    (encoder): ModuleList(
      (0): MPNEncoder(
        (dropout_layer): Dropout(p=0.0, inplace=False)
        (act_func): ReLU()
        (W_i): Linear(in_features=147, out_features=1509, bias=False)
        (W_h): Linear(in_features=1509, out_features=1509, bias=False)
        (W_o): Linear(in_features=1642, out_features=1509, bias=True)
      )
      (1): MPNEncoder(
        (dropout_layer): Dropout(p=0.0, inplace=False)
        (act_func): ReLU()
        (W_i): Linear(in_features=147, out_features=1509, bias=False)
        (W_h): Linear(in_features=1509, out_features=1509, bias=False)
        (W_o): Linear(in_features=1642, out_features=1509, bias=True)
      )
    )
  )
  (ffn): Sequential(
    (0): Dropout(p=0.0, inplace=False)
    (1): Linear(in_features=3018, out_features=1579, bias=True)
    (2): ReLU()
    (3): Dropout(p=0.0, inplace=False)
    (4): Linear(in_features=1579, out_features=1579, bias=True)
    (5): ReLU()
    (6): Dropout(p=0.0, inplace=False)
    (7): Linear(in_features=1579, out_features=1, bias=True)
  )
)
Number of parameters = 17,222,801
Moving model to cuda
Epoch 0
Loss = 1.3433e+00, PNorm = 101.7772, GNorm = 3.7994, lr_0 = 2.0630e-04
Loss = 7.6300e-01, PNorm = 101.8075, GNorm = 2.6615, lr_0 = 2.1413e-04
Loss = 8.9214e-01, PNorm = 101.8259, GNorm = 8.7515, lr_0 = 2.2195e-04
Loss = 9.3541e-01, PNorm = 101.8455, GNorm = 1.2906, lr_0 = 2.2977e-04
Loss = 7.2891e-01, PNorm = 101.8691, GNorm = 0.9977, lr_0 = 2.3760e-04
Loss = 5.7817e-01, PNorm = 101.8913, GNorm = 11.3360, lr_0 = 2.4542e-04
Loss = 7.2093e-01, PNorm = 101.9148, GNorm = 3.3748, lr_0 = 2.5325e-04
Loss = 6.3245e-01, PNorm = 101.9442, GNorm = 1.3014, lr_0 = 2.6107e-04
Loss = 5.9685e-01, PNorm = 101.9783, GNorm = 5.7553, lr_0 = 2.6889e-04
Loss = 5.1407e-01, PNorm = 102.0151, GNorm = 21.0158, lr_0 = 2.7672e-04
Loss = 5.2525e-01, PNorm = 102.0468, GNorm = 5.2100, lr_0 = 2.8454e-04
Loss = 4.8559e-01, PNorm = 102.0859, GNorm = 1.0171, lr_0 = 2.9237e-04
Loss = 4.4924e-01, PNorm = 102.1221, GNorm = 6.3177, lr_0 = 3.0019e-04
Loss = 3.9006e-01, PNorm = 102.1606, GNorm = 5.7875, lr_0 = 3.0802e-04
Loss = 3.6798e-01, PNorm = 102.2011, GNorm = 2.3350, lr_0 = 3.1584e-04
Validation rmse = 71.423108
Epoch 1
Loss = 4.0086e-01, PNorm = 102.2419, GNorm = 11.0844, lr_0 = 3.2445e-04
Loss = 3.3017e-01, PNorm = 102.2784, GNorm = 7.4781, lr_0 = 3.3227e-04
Loss = 3.4475e-01, PNorm = 102.3221, GNorm = 1.7390, lr_0 = 3.4009e-04
Loss = 2.8011e-01, PNorm = 102.3643, GNorm = 5.5617, lr_0 = 3.4792e-04
Loss = 3.2070e-01, PNorm = 102.4044, GNorm = 2.8519, lr_0 = 3.5574e-04
Loss = 2.8867e-01, PNorm = 102.4420, GNorm = 0.9440, lr_0 = 3.6357e-04
Loss = 2.7783e-01, PNorm = 102.4810, GNorm = 2.0001, lr_0 = 3.7139e-04
Loss = 3.1435e-01, PNorm = 102.5196, GNorm = 4.9725, lr_0 = 3.7921e-04
Loss = 2.4965e-01, PNorm = 102.5636, GNorm = 2.2551, lr_0 = 3.8704e-04
Loss = 4.7166e-01, PNorm = 102.6120, GNorm = 3.8183, lr_0 = 3.9486e-04
Loss = 3.2513e-01, PNorm = 102.6812, GNorm = 2.0880, lr_0 = 4.0269e-04
Loss = 3.5676e-01, PNorm = 102.7384, GNorm = 3.0097, lr_0 = 4.1051e-04
Loss = 3.1403e-01, PNorm = 102.7912, GNorm = 6.4187, lr_0 = 4.1833e-04
Loss = 2.8033e-01, PNorm = 102.8366, GNorm = 3.9649, lr_0 = 4.2616e-04
Loss = 3.0637e-01, PNorm = 102.8832, GNorm = 4.1484, lr_0 = 4.3398e-04
Loss = 2.4685e-01, PNorm = 102.9279, GNorm = 1.2160, lr_0 = 4.4181e-04
Validation rmse = 55.187879
Epoch 2
Loss = 2.3082e-01, PNorm = 102.9771, GNorm = 1.5000, lr_0 = 4.4963e-04
Loss = 2.3949e-01, PNorm = 103.0281, GNorm = 3.2966, lr_0 = 4.5746e-04
Loss = 1.9352e-01, PNorm = 103.0819, GNorm = 2.1373, lr_0 = 4.6528e-04
Loss = 2.2071e-01, PNorm = 103.1369, GNorm = 3.5507, lr_0 = 4.7310e-04
Loss = 2.2926e-01, PNorm = 103.1961, GNorm = 3.1238, lr_0 = 4.8093e-04
Loss = 2.9153e-01, PNorm = 103.2612, GNorm = 4.2275, lr_0 = 4.8875e-04
Loss = 2.5831e-01, PNorm = 103.3415, GNorm = 2.4656, lr_0 = 4.9658e-04
Loss = 2.0091e-01, PNorm = 103.4127, GNorm = 2.3899, lr_0 = 5.0440e-04
Loss = 2.2687e-01, PNorm = 103.4856, GNorm = 4.2000, lr_0 = 5.1222e-04
Loss = 2.0304e-01, PNorm = 103.5555, GNorm = 6.7203, lr_0 = 5.2005e-04
Loss = 2.1061e-01, PNorm = 103.6219, GNorm = 4.3163, lr_0 = 5.2787e-04
Loss = 1.7384e-01, PNorm = 103.6879, GNorm = 2.6530, lr_0 = 5.3570e-04
Loss = 1.9837e-01, PNorm = 103.7555, GNorm = 3.7090, lr_0 = 5.4352e-04
Loss = 2.1641e-01, PNorm = 103.8310, GNorm = 2.8036, lr_0 = 5.5134e-04
Loss = 2.3214e-01, PNorm = 103.9151, GNorm = 2.1455, lr_0 = 5.5917e-04
Validation rmse = 47.660050
Epoch 3
Loss = 1.8549e-01, PNorm = 104.0158, GNorm = 0.7900, lr_0 = 5.6699e-04
Loss = 1.5041e-01, PNorm = 104.0974, GNorm = 1.6472, lr_0 = 5.7482e-04
Loss = 1.7433e-01, PNorm = 104.1771, GNorm = 1.1474, lr_0 = 5.8264e-04
Loss = 1.4373e-01, PNorm = 104.2483, GNorm = 3.2781, lr_0 = 5.9046e-04
Loss = 1.9354e-01, PNorm = 104.3194, GNorm = 4.9246, lr_0 = 5.9829e-04
Loss = 1.6874e-01, PNorm = 104.3933, GNorm = 5.8430, lr_0 = 6.0611e-04
Loss = 2.2461e-01, PNorm = 104.4744, GNorm = 4.6868, lr_0 = 6.1394e-04
Loss = 1.9100e-01, PNorm = 104.5788, GNorm = 3.9098, lr_0 = 6.2176e-04
Loss = 1.5657e-01, PNorm = 104.6738, GNorm = 2.1157, lr_0 = 6.2958e-04
Loss = 1.3425e-01, PNorm = 104.7566, GNorm = 1.6925, lr_0 = 6.3741e-04
Loss = 1.3241e-01, PNorm = 104.8334, GNorm = 2.4117, lr_0 = 6.4523e-04
Loss = 1.2612e-01, PNorm = 104.8955, GNorm = 2.8937, lr_0 = 6.5306e-04
Loss = 1.3572e-01, PNorm = 104.9587, GNorm = 1.6007, lr_0 = 6.6088e-04
Loss = 1.5424e-01, PNorm = 105.0303, GNorm = 3.4062, lr_0 = 6.6870e-04
Loss = 1.7112e-01, PNorm = 105.1073, GNorm = 0.9702, lr_0 = 6.7653e-04
Loss = 1.7648e-01, PNorm = 105.2082, GNorm = 2.4690, lr_0 = 6.8435e-04
Validation rmse = 56.181776
Epoch 4
Loss = 1.7759e-01, PNorm = 105.3258, GNorm = 3.3185, lr_0 = 6.9218e-04
Loss = 1.4944e-01, PNorm = 105.4329, GNorm = 2.8346, lr_0 = 7.0000e-04
Loss = 1.1516e-01, PNorm = 105.5227, GNorm = 2.5463, lr_0 = 7.0783e-04
Loss = 1.2014e-01, PNorm = 105.6005, GNorm = 2.7965, lr_0 = 7.1565e-04
Loss = 1.4020e-01, PNorm = 105.6835, GNorm = 2.1412, lr_0 = 7.2347e-04
Loss = 1.4700e-01, PNorm = 105.7807, GNorm = 2.0747, lr_0 = 7.3130e-04
Loss = 1.4509e-01, PNorm = 105.8944, GNorm = 0.8521, lr_0 = 7.3912e-04
Loss = 1.2894e-01, PNorm = 105.9875, GNorm = 1.6614, lr_0 = 7.4695e-04
Loss = 1.1761e-01, PNorm = 106.0704, GNorm = 2.1632, lr_0 = 7.5477e-04
Loss = 1.2725e-01, PNorm = 106.1635, GNorm = 2.0254, lr_0 = 7.6259e-04
Loss = 1.1960e-01, PNorm = 106.2494, GNorm = 1.1307, lr_0 = 7.7042e-04
Loss = 8.6732e-02, PNorm = 106.3448, GNorm = 0.6390, lr_0 = 7.7824e-04
Loss = 9.7132e-02, PNorm = 106.4200, GNorm = 1.1656, lr_0 = 7.8607e-04
Loss = 9.2678e-02, PNorm = 106.4943, GNorm = 1.2991, lr_0 = 7.9389e-04
Loss = 9.6694e-02, PNorm = 106.5783, GNorm = 1.8508, lr_0 = 8.0171e-04
Validation rmse = 44.760966
Epoch 5
Loss = 1.0907e-01, PNorm = 106.6534, GNorm = 1.1448, lr_0 = 8.1032e-04
Loss = 1.3213e-01, PNorm = 106.7531, GNorm = 4.1334, lr_0 = 8.1814e-04
Loss = 1.1068e-01, PNorm = 106.8405, GNorm = 1.7335, lr_0 = 8.2597e-04
Loss = 9.7508e-02, PNorm = 106.9272, GNorm = 1.0925, lr_0 = 8.3379e-04
Loss = 1.0454e-01, PNorm = 107.0189, GNorm = 0.8661, lr_0 = 8.4162e-04
Loss = 9.3351e-02, PNorm = 107.1247, GNorm = 1.3765, lr_0 = 8.4944e-04
Loss = 1.0454e-01, PNorm = 107.2211, GNorm = 2.2060, lr_0 = 8.5727e-04
Loss = 1.0065e-01, PNorm = 107.3271, GNorm = 0.6251, lr_0 = 8.6509e-04
Loss = 1.0598e-01, PNorm = 107.4207, GNorm = 1.5249, lr_0 = 8.7291e-04
Loss = 7.8415e-02, PNorm = 107.5161, GNorm = 1.2262, lr_0 = 8.8074e-04
Loss = 8.4873e-02, PNorm = 107.5823, GNorm = 0.8397, lr_0 = 8.8856e-04
Loss = 7.5194e-02, PNorm = 107.6548, GNorm = 1.4091, lr_0 = 8.9639e-04
Loss = 1.0496e-01, PNorm = 107.7434, GNorm = 2.1306, lr_0 = 9.0421e-04
Loss = 1.0501e-01, PNorm = 107.8602, GNorm = 2.7483, lr_0 = 9.1203e-04
Loss = 1.0666e-01, PNorm = 107.9634, GNorm = 2.2385, lr_0 = 9.1986e-04
Loss = 1.0253e-01, PNorm = 108.0779, GNorm = 1.3090, lr_0 = 9.2527e-04
Validation rmse = 40.902718
Epoch 6
Loss = 9.5136e-02, PNorm = 108.1917, GNorm = 0.7444, lr_0 = 9.2505e-04
Loss = 6.6287e-02, PNorm = 108.2931, GNorm = 0.8396, lr_0 = 9.2483e-04
Loss = 8.3574e-02, PNorm = 108.3816, GNorm = 1.4626, lr_0 = 9.2461e-04
Loss = 7.2714e-02, PNorm = 108.4605, GNorm = 1.6661, lr_0 = 9.2439e-04
Loss = 8.4989e-02, PNorm = 108.5411, GNorm = 1.7128, lr_0 = 9.2417e-04
Loss = 7.7082e-02, PNorm = 108.6374, GNorm = 0.5342, lr_0 = 9.2394e-04
Loss = 7.6353e-02, PNorm = 108.7381, GNorm = 1.1555, lr_0 = 9.2372e-04
Loss = 6.8671e-02, PNorm = 108.8310, GNorm = 0.4859, lr_0 = 9.2350e-04
Loss = 6.7904e-02, PNorm = 108.9030, GNorm = 0.6881, lr_0 = 9.2328e-04
Loss = 7.7654e-02, PNorm = 108.9967, GNorm = 0.7596, lr_0 = 9.2306e-04
Loss = 6.2839e-02, PNorm = 109.0976, GNorm = 0.3058, lr_0 = 9.2284e-04
Loss = 6.1009e-02, PNorm = 109.1867, GNorm = 1.5078, lr_0 = 9.2262e-04
Loss = 7.9164e-02, PNorm = 109.2729, GNorm = 0.7309, lr_0 = 9.2240e-04
Loss = 5.8649e-02, PNorm = 109.3565, GNorm = 0.7043, lr_0 = 9.2218e-04
Loss = 7.0868e-02, PNorm = 109.4427, GNorm = 1.2375, lr_0 = 9.2196e-04
Loss = 7.8704e-02, PNorm = 109.5302, GNorm = 0.9167, lr_0 = 9.2174e-04
Validation rmse = 38.850746
Epoch 7
Loss = 6.8260e-02, PNorm = 109.6014, GNorm = 0.5885, lr_0 = 9.2152e-04
Loss = 6.0967e-02, PNorm = 109.6896, GNorm = 0.5212, lr_0 = 9.2130e-04
Loss = 6.4925e-02, PNorm = 109.7582, GNorm = 1.3282, lr_0 = 9.2108e-04
Loss = 6.3070e-02, PNorm = 109.8264, GNorm = 0.8878, lr_0 = 9.2086e-04
Loss = 5.6109e-02, PNorm = 109.8905, GNorm = 0.7143, lr_0 = 9.2064e-04
Loss = 6.7442e-02, PNorm = 109.9553, GNorm = 1.6733, lr_0 = 9.2042e-04
Loss = 5.0035e-02, PNorm = 110.0244, GNorm = 0.4298, lr_0 = 9.2020e-04
Loss = 5.6070e-02, PNorm = 110.0858, GNorm = 0.5075, lr_0 = 9.1999e-04
Loss = 6.4272e-02, PNorm = 110.1601, GNorm = 0.8642, lr_0 = 9.1977e-04
Loss = 6.6799e-02, PNorm = 110.2788, GNorm = 1.3384, lr_0 = 9.1955e-04
Loss = 7.3347e-02, PNorm = 110.4007, GNorm = 2.2671, lr_0 = 9.1933e-04
Loss = 6.8741e-02, PNorm = 110.5209, GNorm = 0.5456, lr_0 = 9.1911e-04
Loss = 6.4800e-02, PNorm = 110.6236, GNorm = 2.0939, lr_0 = 9.1889e-04
Loss = 8.6835e-02, PNorm = 110.7161, GNorm = 0.9879, lr_0 = 9.1867e-04
Loss = 9.5885e-02, PNorm = 110.8480, GNorm = 0.4607, lr_0 = 9.1845e-04
Validation rmse = 34.856182
Epoch 8
Loss = 5.9283e-02, PNorm = 110.9693, GNorm = 1.3544, lr_0 = 9.1823e-04
Loss = 8.1692e-02, PNorm = 111.0716, GNorm = 0.9453, lr_0 = 9.1801e-04
Loss = 6.7371e-02, PNorm = 111.1736, GNorm = 1.0133, lr_0 = 9.1779e-04
Loss = 5.2908e-02, PNorm = 111.2594, GNorm = 0.5943, lr_0 = 9.1757e-04
Loss = 5.7933e-02, PNorm = 111.3315, GNorm = 0.7009, lr_0 = 9.1736e-04
Loss = 5.0343e-02, PNorm = 111.4030, GNorm = 1.0447, lr_0 = 9.1714e-04
Loss = 5.0956e-02, PNorm = 111.4828, GNorm = 0.8078, lr_0 = 9.1692e-04
Loss = 6.3401e-02, PNorm = 111.5530, GNorm = 0.4420, lr_0 = 9.1670e-04
Loss = 5.0236e-02, PNorm = 111.6179, GNorm = 0.9849, lr_0 = 9.1648e-04
Loss = 5.3902e-02, PNorm = 111.6811, GNorm = 0.9614, lr_0 = 9.1626e-04
Loss = 4.8342e-02, PNorm = 111.7483, GNorm = 0.3820, lr_0 = 9.1604e-04
Loss = 4.4479e-02, PNorm = 111.8035, GNorm = 0.4578, lr_0 = 9.1582e-04
Loss = 5.1183e-02, PNorm = 111.8608, GNorm = 0.4345, lr_0 = 9.1561e-04
Loss = 4.9681e-02, PNorm = 111.9229, GNorm = 0.3031, lr_0 = 9.1539e-04
Loss = 5.1364e-02, PNorm = 111.9898, GNorm = 0.7614, lr_0 = 9.1517e-04
Loss = 5.0569e-02, PNorm = 112.0433, GNorm = 0.5651, lr_0 = 9.1495e-04
Validation rmse = 34.730581
Epoch 9
Loss = 5.1837e-02, PNorm = 112.1136, GNorm = 0.8255, lr_0 = 9.1473e-04
Loss = 4.8321e-02, PNorm = 112.1696, GNorm = 0.3273, lr_0 = 9.1451e-04
Loss = 5.4002e-02, PNorm = 112.2276, GNorm = 1.2761, lr_0 = 9.1430e-04
Loss = 4.1742e-02, PNorm = 112.2813, GNorm = 0.4777, lr_0 = 9.1408e-04
Loss = 5.4797e-02, PNorm = 112.3452, GNorm = 0.4235, lr_0 = 9.1386e-04
Loss = 4.2011e-02, PNorm = 112.4098, GNorm = 1.0065, lr_0 = 9.1364e-04
Loss = 5.8636e-02, PNorm = 112.4817, GNorm = 0.6313, lr_0 = 9.1342e-04
Loss = 4.9217e-02, PNorm = 112.5606, GNorm = 0.4007, lr_0 = 9.1321e-04
Loss = 5.1391e-02, PNorm = 112.6350, GNorm = 0.5102, lr_0 = 9.1299e-04
Loss = 4.1903e-02, PNorm = 112.6989, GNorm = 0.8765, lr_0 = 9.1277e-04
Loss = 5.0688e-02, PNorm = 112.7643, GNorm = 0.7161, lr_0 = 9.1255e-04
Loss = 5.4899e-02, PNorm = 112.8428, GNorm = 0.9820, lr_0 = 9.1234e-04
Loss = 6.8353e-02, PNorm = 112.9321, GNorm = 1.0978, lr_0 = 9.1212e-04
Loss = 5.0413e-02, PNorm = 113.0158, GNorm = 0.3790, lr_0 = 9.1190e-04
Loss = 5.7348e-02, PNorm = 113.1122, GNorm = 0.4015, lr_0 = 9.1168e-04
Validation rmse = 32.158897
Epoch 10
Loss = 3.8873e-02, PNorm = 113.2099, GNorm = 0.5514, lr_0 = 9.1144e-04
Loss = 5.1094e-02, PNorm = 113.3129, GNorm = 0.3809, lr_0 = 9.1123e-04
Loss = 4.4516e-02, PNorm = 113.3956, GNorm = 1.1212, lr_0 = 9.1101e-04
Loss = 4.0901e-02, PNorm = 113.4596, GNorm = 1.6599, lr_0 = 9.1079e-04
Loss = 4.6732e-02, PNorm = 113.5320, GNorm = 0.4023, lr_0 = 9.1057e-04
Loss = 4.7303e-02, PNorm = 113.6134, GNorm = 1.0785, lr_0 = 9.1036e-04
Loss = 3.6987e-02, PNorm = 113.6820, GNorm = 0.3574, lr_0 = 9.1014e-04
Loss = 3.4706e-02, PNorm = 113.7358, GNorm = 0.2450, lr_0 = 9.0992e-04
Loss = 4.7174e-02, PNorm = 113.8004, GNorm = 1.3928, lr_0 = 9.0971e-04
Loss = 4.9519e-02, PNorm = 113.8688, GNorm = 0.5627, lr_0 = 9.0949e-04
Loss = 5.3889e-02, PNorm = 113.9486, GNorm = 1.5076, lr_0 = 9.0927e-04
Loss = 5.8640e-02, PNorm = 114.0276, GNorm = 0.6015, lr_0 = 9.0905e-04
Loss = 5.1776e-02, PNorm = 114.1155, GNorm = 1.1494, lr_0 = 9.0884e-04
Loss = 4.5851e-02, PNorm = 114.1971, GNorm = 0.7269, lr_0 = 9.0862e-04
Loss = 4.9693e-02, PNorm = 114.2672, GNorm = 0.6393, lr_0 = 9.0840e-04
Loss = 6.1449e-02, PNorm = 114.3298, GNorm = 0.8834, lr_0 = 9.0819e-04
Validation rmse = 34.933176
Epoch 11
Loss = 4.9060e-02, PNorm = 114.4064, GNorm = 0.6680, lr_0 = 9.0797e-04
Loss = 3.8014e-02, PNorm = 114.4803, GNorm = 0.3119, lr_0 = 9.0775e-04
Loss = 3.7878e-02, PNorm = 114.5589, GNorm = 0.9446, lr_0 = 9.0754e-04
Loss = 4.0398e-02, PNorm = 114.6251, GNorm = 0.8303, lr_0 = 9.0732e-04
Loss = 3.5819e-02, PNorm = 114.7010, GNorm = 0.5409, lr_0 = 9.0710e-04
Loss = 3.9241e-02, PNorm = 114.7627, GNorm = 0.7042, lr_0 = 9.0689e-04
Loss = 4.0655e-02, PNorm = 114.8135, GNorm = 0.4127, lr_0 = 9.0667e-04
Loss = 4.8708e-02, PNorm = 114.8784, GNorm = 0.2862, lr_0 = 9.0646e-04
Loss = 4.0889e-02, PNorm = 114.9425, GNorm = 0.4118, lr_0 = 9.0624e-04
Loss = 4.0844e-02, PNorm = 115.0150, GNorm = 0.7110, lr_0 = 9.0602e-04
Loss = 3.4447e-02, PNorm = 115.0684, GNorm = 0.5503, lr_0 = 9.0581e-04
Loss = 4.4082e-02, PNorm = 115.1330, GNorm = 0.8495, lr_0 = 9.0559e-04
Loss = 3.7025e-02, PNorm = 115.2014, GNorm = 0.3668, lr_0 = 9.0538e-04
Loss = 2.8271e-02, PNorm = 115.2605, GNorm = 0.2936, lr_0 = 9.0516e-04
Loss = 3.2041e-02, PNorm = 115.3164, GNorm = 0.2056, lr_0 = 9.0494e-04
Validation rmse = 30.629678
Epoch 12
Loss = 2.3311e-02, PNorm = 115.3625, GNorm = 0.6090, lr_0 = 9.0473e-04
Loss = 3.2065e-02, PNorm = 115.4181, GNorm = 0.3107, lr_0 = 9.0451e-04
Loss = 3.4698e-02, PNorm = 115.4709, GNorm = 0.5259, lr_0 = 9.0430e-04
Loss = 4.0249e-02, PNorm = 115.5253, GNorm = 0.5016, lr_0 = 9.0408e-04
Loss = 3.7793e-02, PNorm = 115.5850, GNorm = 0.5011, lr_0 = 9.0386e-04
Loss = 3.0430e-02, PNorm = 115.6385, GNorm = 0.2099, lr_0 = 9.0365e-04
Loss = 2.9107e-02, PNorm = 115.6844, GNorm = 0.2411, lr_0 = 9.0343e-04
Loss = 3.5043e-02, PNorm = 115.7273, GNorm = 1.0832, lr_0 = 9.0322e-04
Loss = 2.8425e-02, PNorm = 115.7806, GNorm = 0.4539, lr_0 = 9.0300e-04
Loss = 2.8872e-02, PNorm = 115.8274, GNorm = 0.3309, lr_0 = 9.0279e-04
Loss = 3.0484e-02, PNorm = 115.8810, GNorm = 0.4974, lr_0 = 9.0257e-04
Loss = 2.5406e-02, PNorm = 115.9314, GNorm = 0.2735, lr_0 = 9.0236e-04
Loss = 2.7815e-02, PNorm = 115.9762, GNorm = 0.3076, lr_0 = 9.0214e-04
Loss = 3.2924e-02, PNorm = 116.0234, GNorm = 0.6333, lr_0 = 9.0193e-04
Loss = 3.2274e-02, PNorm = 116.0665, GNorm = 0.6837, lr_0 = 9.0171e-04
Loss = 2.7277e-02, PNorm = 116.1175, GNorm = 0.5426, lr_0 = 9.0150e-04
Validation rmse = 32.020274
Epoch 13
Loss = 2.9869e-02, PNorm = 116.1720, GNorm = 0.2872, lr_0 = 9.0128e-04
Loss = 3.1835e-02, PNorm = 116.2254, GNorm = 0.3256, lr_0 = 9.0107e-04
Loss = 3.1202e-02, PNorm = 116.2664, GNorm = 0.7761, lr_0 = 9.0085e-04
Loss = 3.0534e-02, PNorm = 116.3186, GNorm = 0.4529, lr_0 = 9.0064e-04
Loss = 2.6730e-02, PNorm = 116.3697, GNorm = 0.2797, lr_0 = 9.0042e-04
Loss = 2.5135e-02, PNorm = 116.4078, GNorm = 0.2068, lr_0 = 9.0021e-04
Loss = 1.8208e-02, PNorm = 116.4432, GNorm = 0.2262, lr_0 = 8.9999e-04
Loss = 2.0192e-02, PNorm = 116.4742, GNorm = 0.3265, lr_0 = 8.9978e-04
Loss = 2.1574e-02, PNorm = 116.5141, GNorm = 0.3270, lr_0 = 8.9956e-04
Loss = 2.4534e-02, PNorm = 116.5531, GNorm = 0.4230, lr_0 = 8.9935e-04
Loss = 3.2629e-02, PNorm = 116.6029, GNorm = 0.2644, lr_0 = 8.9913e-04
Loss = 2.7988e-02, PNorm = 116.6548, GNorm = 0.4938, lr_0 = 8.9892e-04
Loss = 2.6256e-02, PNorm = 116.7065, GNorm = 0.1871, lr_0 = 8.9870e-04
Loss = 2.8083e-02, PNorm = 116.7585, GNorm = 0.4940, lr_0 = 8.9849e-04
Loss = 2.9010e-02, PNorm = 116.8106, GNorm = 1.0178, lr_0 = 8.9828e-04
Loss = 2.6130e-02, PNorm = 116.8598, GNorm = 0.2158, lr_0 = 8.9806e-04
Validation rmse = 30.639032
Epoch 14
Loss = 2.5623e-02, PNorm = 116.9092, GNorm = 0.4902, lr_0 = 8.9785e-04
Loss = 2.5607e-02, PNorm = 116.9548, GNorm = 0.2014, lr_0 = 8.9763e-04
Loss = 2.4918e-02, PNorm = 117.0002, GNorm = 0.3961, lr_0 = 8.9742e-04
Loss = 2.2332e-02, PNorm = 117.0525, GNorm = 0.1805, lr_0 = 8.9720e-04
Loss = 1.9589e-02, PNorm = 117.0922, GNorm = 0.2235, lr_0 = 8.9699e-04
Loss = 2.2208e-02, PNorm = 117.1244, GNorm = 0.3732, lr_0 = 8.9678e-04
Loss = 2.3776e-02, PNorm = 117.1669, GNorm = 0.6379, lr_0 = 8.9656e-04
Loss = 2.3260e-02, PNorm = 117.2035, GNorm = 0.4096, lr_0 = 8.9635e-04
Loss = 2.5657e-02, PNorm = 117.2404, GNorm = 0.5836, lr_0 = 8.9613e-04
Loss = 2.6539e-02, PNorm = 117.2767, GNorm = 0.2536, lr_0 = 8.9592e-04
Loss = 3.8261e-02, PNorm = 117.3324, GNorm = 0.5065, lr_0 = 8.9571e-04
Loss = 2.6100e-02, PNorm = 117.3876, GNorm = 0.3781, lr_0 = 8.9549e-04
Loss = 2.7230e-02, PNorm = 117.4470, GNorm = 0.1296, lr_0 = 8.9528e-04
Loss = 2.2785e-02, PNorm = 117.4997, GNorm = 0.1798, lr_0 = 8.9507e-04
Loss = 2.3856e-02, PNorm = 117.5349, GNorm = 0.2023, lr_0 = 8.9485e-04
Validation rmse = 29.382511
Epoch 15
Loss = 1.9111e-02, PNorm = 117.5756, GNorm = 0.2368, lr_0 = 8.9462e-04
Loss = 2.3466e-02, PNorm = 117.6113, GNorm = 0.3596, lr_0 = 8.9440e-04
Loss = 2.2386e-02, PNorm = 117.6491, GNorm = 0.2466, lr_0 = 8.9419e-04
Loss = 1.9901e-02, PNorm = 117.6815, GNorm = 0.4204, lr_0 = 8.9398e-04
Loss = 1.8171e-02, PNorm = 117.7247, GNorm = 0.2162, lr_0 = 8.9376e-04
Loss = 2.1176e-02, PNorm = 117.7665, GNorm = 0.2198, lr_0 = 8.9355e-04
Loss = 1.8173e-02, PNorm = 117.8041, GNorm = 0.1859, lr_0 = 8.9334e-04
Loss = 2.1153e-02, PNorm = 117.8372, GNorm = 0.2596, lr_0 = 8.9313e-04
Loss = 2.7127e-02, PNorm = 117.8902, GNorm = 0.3537, lr_0 = 8.9291e-04
Loss = 2.7972e-02, PNorm = 117.9390, GNorm = 0.5185, lr_0 = 8.9270e-04
Loss = 2.2239e-02, PNorm = 117.9896, GNorm = 0.5743, lr_0 = 8.9249e-04
Loss = 2.1832e-02, PNorm = 118.0490, GNorm = 0.2568, lr_0 = 8.9227e-04
Loss = 2.2890e-02, PNorm = 118.1173, GNorm = 0.2129, lr_0 = 8.9206e-04
Loss = 2.2167e-02, PNorm = 118.1724, GNorm = 0.1939, lr_0 = 8.9185e-04
Loss = 1.9004e-02, PNorm = 118.2234, GNorm = 0.2120, lr_0 = 8.9163e-04
Loss = 2.1898e-02, PNorm = 118.2662, GNorm = 0.2428, lr_0 = 8.9142e-04
Validation rmse = 29.033293
Epoch 16
Loss = 1.6897e-02, PNorm = 118.3107, GNorm = 0.2186, lr_0 = 8.9121e-04
Loss = 1.7288e-02, PNorm = 118.3558, GNorm = 0.1808, lr_0 = 8.9100e-04
Loss = 1.6528e-02, PNorm = 118.3771, GNorm = 0.2455, lr_0 = 8.9078e-04
Loss = 2.8786e-02, PNorm = 118.4142, GNorm = 1.2771, lr_0 = 8.9057e-04
Loss = 3.8818e-02, PNorm = 118.4940, GNorm = 1.1703, lr_0 = 8.9036e-04
Loss = 4.1100e-02, PNorm = 118.5930, GNorm = 0.6341, lr_0 = 8.9015e-04
Loss = 3.6712e-02, PNorm = 118.6721, GNorm = 0.3372, lr_0 = 8.8993e-04
Loss = 5.1860e-02, PNorm = 118.7642, GNorm = 0.6834, lr_0 = 8.8972e-04
Loss = 5.7596e-02, PNorm = 118.9461, GNorm = 0.4915, lr_0 = 8.8951e-04
Loss = 5.3495e-02, PNorm = 119.1231, GNorm = 0.5693, lr_0 = 8.8930e-04
Loss = 4.5228e-02, PNorm = 119.2793, GNorm = 0.5030, lr_0 = 8.8909e-04
Loss = 3.9697e-02, PNorm = 119.4098, GNorm = 0.5359, lr_0 = 8.8887e-04
Loss = 3.3056e-02, PNorm = 119.5298, GNorm = 0.2899, lr_0 = 8.8866e-04
Loss = 3.0704e-02, PNorm = 119.6187, GNorm = 0.3685, lr_0 = 8.8845e-04
Loss = 4.0231e-02, PNorm = 119.6904, GNorm = 0.6071, lr_0 = 8.8824e-04
Validation rmse = 32.118899
Epoch 17
Loss = 3.3320e-02, PNorm = 119.7838, GNorm = 0.3987, lr_0 = 8.8803e-04
Loss = 3.0258e-02, PNorm = 119.8738, GNorm = 0.4259, lr_0 = 8.8781e-04
Loss = 2.9442e-02, PNorm = 119.9525, GNorm = 0.9831, lr_0 = 8.8760e-04
Loss = 2.2827e-02, PNorm = 120.0074, GNorm = 0.4298, lr_0 = 8.8739e-04
Loss = 2.2255e-02, PNorm = 120.0618, GNorm = 0.1831, lr_0 = 8.8718e-04
Loss = 2.4136e-02, PNorm = 120.1183, GNorm = 0.2736, lr_0 = 8.8697e-04
Loss = 2.4702e-02, PNorm = 120.1758, GNorm = 0.2507, lr_0 = 8.8676e-04
Loss = 8.8293e-02, PNorm = 120.2344, GNorm = 1.1765, lr_0 = 8.8654e-04
Loss = 7.9012e-02, PNorm = 120.5204, GNorm = 0.9386, lr_0 = 8.8633e-04
Loss = 1.3539e-01, PNorm = 120.9642, GNorm = 2.9012, lr_0 = 8.8612e-04
Loss = 7.1249e-02, PNorm = 121.3605, GNorm = 1.2517, lr_0 = 8.8591e-04
Loss = 8.0788e-02, PNorm = 121.6702, GNorm = 0.9683, lr_0 = 8.8570e-04
Loss = 6.2973e-02, PNorm = 121.9023, GNorm = 0.8896, lr_0 = 8.8549e-04
Loss = 7.5076e-02, PNorm = 122.1074, GNorm = 1.0533, lr_0 = 8.8528e-04
Loss = 6.4332e-02, PNorm = 122.3090, GNorm = 0.6643, lr_0 = 8.8506e-04
Loss = 5.3042e-02, PNorm = 122.4607, GNorm = 0.9379, lr_0 = 8.8485e-04
Validation rmse = 31.371838
Epoch 18
Loss = 3.9259e-02, PNorm = 122.5834, GNorm = 0.8437, lr_0 = 8.8464e-04
Loss = 3.7723e-02, PNorm = 122.6807, GNorm = 0.2187, lr_0 = 8.8443e-04
Loss = 2.8798e-02, PNorm = 122.7771, GNorm = 0.3643, lr_0 = 8.8422e-04
Loss = 4.3350e-02, PNorm = 122.8485, GNorm = 0.3130, lr_0 = 8.8401e-04
Loss = 3.6747e-02, PNorm = 122.9231, GNorm = 0.8690, lr_0 = 8.8380e-04
Loss = 4.4379e-02, PNorm = 122.9973, GNorm = 0.6394, lr_0 = 8.8359e-04
Loss = 3.9118e-02, PNorm = 123.0702, GNorm = 0.3201, lr_0 = 8.8338e-04
Loss = 3.6388e-02, PNorm = 123.1512, GNorm = 0.6856, lr_0 = 8.8317e-04
Loss = 3.5748e-02, PNorm = 123.2319, GNorm = 0.4778, lr_0 = 8.8296e-04
Loss = 3.1263e-02, PNorm = 123.2957, GNorm = 0.5558, lr_0 = 8.8275e-04
Loss = 3.4891e-02, PNorm = 123.3693, GNorm = 0.2944, lr_0 = 8.8253e-04
Loss = 2.7768e-02, PNorm = 123.4260, GNorm = 0.2473, lr_0 = 8.8232e-04
Loss = 2.5193e-02, PNorm = 123.4713, GNorm = 0.5021, lr_0 = 8.8211e-04
Loss = 2.3816e-02, PNorm = 123.5217, GNorm = 0.2344, lr_0 = 8.8190e-04
Loss = 2.7523e-02, PNorm = 123.5678, GNorm = 0.3290, lr_0 = 8.8169e-04
Validation rmse = 30.326570
Epoch 19
Loss = 2.4173e-02, PNorm = 123.6232, GNorm = 0.4212, lr_0 = 8.8146e-04
Loss = 2.4372e-02, PNorm = 123.6691, GNorm = 0.3555, lr_0 = 8.8125e-04
Loss = 2.4051e-02, PNorm = 123.7185, GNorm = 0.6372, lr_0 = 8.8104e-04
Loss = 1.6356e-02, PNorm = 123.7773, GNorm = 0.2363, lr_0 = 8.8083e-04
Loss = 1.8130e-02, PNorm = 123.8180, GNorm = 0.3403, lr_0 = 8.8062e-04
Loss = 1.8556e-02, PNorm = 123.8478, GNorm = 0.2835, lr_0 = 8.8041e-04
Loss = 1.9833e-02, PNorm = 123.8817, GNorm = 0.3310, lr_0 = 8.8020e-04
Loss = 1.9740e-02, PNorm = 123.9227, GNorm = 0.3955, lr_0 = 8.7999e-04
Loss = 1.8725e-02, PNorm = 123.9597, GNorm = 0.4166, lr_0 = 8.7978e-04
Loss = 2.3411e-02, PNorm = 123.9917, GNorm = 0.1776, lr_0 = 8.7957e-04
Loss = 2.2037e-02, PNorm = 124.0272, GNorm = 0.2952, lr_0 = 8.7936e-04
Loss = 2.7120e-02, PNorm = 124.0668, GNorm = 0.2031, lr_0 = 8.7915e-04
Loss = 3.1102e-02, PNorm = 124.1454, GNorm = 0.3892, lr_0 = 8.7894e-04
Loss = 4.2809e-02, PNorm = 124.2320, GNorm = 0.8749, lr_0 = 8.7873e-04
Loss = 3.1113e-02, PNorm = 124.3236, GNorm = 0.3371, lr_0 = 8.7852e-04
Loss = 3.0648e-02, PNorm = 124.3927, GNorm = 0.2923, lr_0 = 8.7831e-04
Validation rmse = 30.599176
Epoch 20
Loss = 1.9518e-02, PNorm = 124.4553, GNorm = 0.2367, lr_0 = 8.7810e-04
Loss = 2.0230e-02, PNorm = 124.5075, GNorm = 0.2374, lr_0 = 8.7789e-04
Loss = 1.9308e-02, PNorm = 124.5546, GNorm = 0.3998, lr_0 = 8.7768e-04
Loss = 2.5555e-02, PNorm = 124.5859, GNorm = 0.4539, lr_0 = 8.7747e-04
Loss = 1.9840e-02, PNorm = 124.6257, GNorm = 0.5071, lr_0 = 8.7727e-04
Loss = 1.9352e-02, PNorm = 124.6654, GNorm = 0.2888, lr_0 = 8.7706e-04
Loss = 1.8644e-02, PNorm = 124.7051, GNorm = 0.1322, lr_0 = 8.7685e-04
Loss = 1.8693e-02, PNorm = 124.7411, GNorm = 0.3115, lr_0 = 8.7664e-04
Loss = 1.8406e-02, PNorm = 124.7751, GNorm = 0.3906, lr_0 = 8.7643e-04
Loss = 2.1614e-02, PNorm = 124.8142, GNorm = 0.2216, lr_0 = 8.7622e-04
Loss = 2.1204e-02, PNorm = 124.8562, GNorm = 0.2168, lr_0 = 8.7601e-04
Loss = 1.7993e-02, PNorm = 124.8930, GNorm = 0.2855, lr_0 = 8.7580e-04
Loss = 1.6952e-02, PNorm = 124.9334, GNorm = 0.3655, lr_0 = 8.7559e-04
Loss = 2.0485e-02, PNorm = 124.9664, GNorm = 0.4794, lr_0 = 8.7538e-04
Loss = 2.0351e-02, PNorm = 125.0021, GNorm = 0.3067, lr_0 = 8.7518e-04
Loss = 1.9030e-02, PNorm = 125.0478, GNorm = 0.2440, lr_0 = 8.7497e-04
Validation rmse = 29.646796
Epoch 21
Loss = 1.7791e-02, PNorm = 125.0893, GNorm = 0.3381, lr_0 = 8.7476e-04
Loss = 2.0554e-02, PNorm = 125.1304, GNorm = 0.3203, lr_0 = 8.7455e-04
Loss = 1.4058e-02, PNorm = 125.1674, GNorm = 0.1920, lr_0 = 8.7434e-04
Loss = 1.4981e-02, PNorm = 125.2089, GNorm = 0.2785, lr_0 = 8.7413e-04
Loss = 1.6162e-02, PNorm = 125.2474, GNorm = 0.2160, lr_0 = 8.7392e-04
Loss = 1.6814e-02, PNorm = 125.2785, GNorm = 0.2124, lr_0 = 8.7371e-04
Loss = 1.8532e-02, PNorm = 125.3093, GNorm = 0.3057, lr_0 = 8.7351e-04
Loss = 1.5907e-02, PNorm = 125.3484, GNorm = 0.1334, lr_0 = 8.7330e-04
Loss = 1.5933e-02, PNorm = 125.3964, GNorm = 0.3488, lr_0 = 8.7309e-04
Loss = 1.8831e-02, PNorm = 125.4329, GNorm = 0.2968, lr_0 = 8.7288e-04
Loss = 2.1631e-02, PNorm = 125.4759, GNorm = 0.3039, lr_0 = 8.7267e-04
Loss = 1.9283e-02, PNorm = 125.5148, GNorm = 0.1623, lr_0 = 8.7247e-04
Loss = 1.4577e-02, PNorm = 125.5526, GNorm = 0.1235, lr_0 = 8.7226e-04
Loss = 1.6048e-02, PNorm = 125.5869, GNorm = 0.2307, lr_0 = 8.7205e-04
Loss = 1.5710e-02, PNorm = 125.6240, GNorm = 0.2326, lr_0 = 8.7184e-04
Validation rmse = 29.183738
Epoch 22
Loss = 1.0778e-02, PNorm = 125.6571, GNorm = 0.2158, lr_0 = 8.7163e-04
Loss = 1.2749e-02, PNorm = 125.6867, GNorm = 0.1256, lr_0 = 8.7142e-04
Loss = 1.0795e-02, PNorm = 125.7132, GNorm = 0.1012, lr_0 = 8.7122e-04
Loss = 1.2853e-02, PNorm = 125.7428, GNorm = 0.1517, lr_0 = 8.7101e-04
Loss = 1.2489e-02, PNorm = 125.7636, GNorm = 0.2563, lr_0 = 8.7080e-04
Loss = 1.2973e-02, PNorm = 125.7881, GNorm = 0.1583, lr_0 = 8.7059e-04
Loss = 1.2804e-02, PNorm = 125.8179, GNorm = 0.2911, lr_0 = 8.7039e-04
Loss = 1.3178e-02, PNorm = 125.8418, GNorm = 0.2276, lr_0 = 8.7018e-04
Loss = 1.5500e-02, PNorm = 125.8684, GNorm = 0.2106, lr_0 = 8.6997e-04
Loss = 1.5333e-02, PNorm = 125.8957, GNorm = 0.2725, lr_0 = 8.6976e-04
Loss = 1.6527e-02, PNorm = 125.9345, GNorm = 0.1580, lr_0 = 8.6956e-04
Loss = 1.8801e-02, PNorm = 125.9841, GNorm = 0.1299, lr_0 = 8.6935e-04
Loss = 1.7174e-02, PNorm = 126.0372, GNorm = 0.2360, lr_0 = 8.6914e-04
Loss = 1.3664e-02, PNorm = 126.0770, GNorm = 0.2467, lr_0 = 8.6893e-04
Loss = 1.6959e-02, PNorm = 126.1127, GNorm = 0.3261, lr_0 = 8.6873e-04
Loss = 1.7644e-02, PNorm = 126.1475, GNorm = 0.2578, lr_0 = 8.6852e-04
Validation rmse = 28.810465
Epoch 23
Loss = 1.2237e-02, PNorm = 126.1831, GNorm = 0.1543, lr_0 = 8.6831e-04
Loss = 1.2760e-02, PNorm = 126.2145, GNorm = 0.0945, lr_0 = 8.6810e-04
Loss = 1.5720e-02, PNorm = 126.2488, GNorm = 0.1819, lr_0 = 8.6790e-04
Loss = 1.0559e-02, PNorm = 126.2874, GNorm = 0.1332, lr_0 = 8.6769e-04
Loss = 1.2223e-02, PNorm = 126.3189, GNorm = 0.2240, lr_0 = 8.6748e-04
Loss = 1.3717e-02, PNorm = 126.3464, GNorm = 0.1780, lr_0 = 8.6728e-04
Loss = 1.4478e-02, PNorm = 126.3759, GNorm = 0.4572, lr_0 = 8.6707e-04
Loss = 1.4912e-02, PNorm = 126.4106, GNorm = 0.1709, lr_0 = 8.6686e-04
Loss = 1.4240e-02, PNorm = 126.4535, GNorm = 0.1785, lr_0 = 8.6666e-04
Loss = 1.5997e-02, PNorm = 126.4791, GNorm = 0.2596, lr_0 = 8.6645e-04
Loss = 1.2576e-02, PNorm = 126.5040, GNorm = 0.2207, lr_0 = 8.6624e-04
Loss = 1.1804e-02, PNorm = 126.5330, GNorm = 0.2746, lr_0 = 8.6604e-04
Loss = 1.5210e-02, PNorm = 126.5693, GNorm = 0.2694, lr_0 = 8.6583e-04
Loss = 1.5982e-02, PNorm = 126.6066, GNorm = 0.2107, lr_0 = 8.6562e-04
Loss = 1.1623e-02, PNorm = 126.6419, GNorm = 0.2294, lr_0 = 8.6542e-04
Validation rmse = 28.754226
Epoch 24
Loss = 9.1671e-03, PNorm = 126.6768, GNorm = 0.1176, lr_0 = 8.6519e-04
Loss = 1.3689e-02, PNorm = 126.7033, GNorm = 0.2284, lr_0 = 8.6498e-04
Loss = 9.2455e-03, PNorm = 126.7346, GNorm = 0.1093, lr_0 = 8.6478e-04
Loss = 1.4159e-02, PNorm = 126.7682, GNorm = 0.2493, lr_0 = 8.6457e-04
Loss = 1.4591e-02, PNorm = 126.7924, GNorm = 0.5858, lr_0 = 8.6436e-04
Loss = 1.5552e-02, PNorm = 126.8339, GNorm = 0.1934, lr_0 = 8.6416e-04
Loss = 1.4100e-02, PNorm = 126.8724, GNorm = 0.1342, lr_0 = 8.6395e-04
Loss = 1.7762e-02, PNorm = 126.9075, GNorm = 0.1979, lr_0 = 8.6375e-04
Loss = 1.5676e-02, PNorm = 126.9503, GNorm = 0.2074, lr_0 = 8.6354e-04
Loss = 1.1940e-02, PNorm = 126.9947, GNorm = 0.0957, lr_0 = 8.6333e-04
Loss = 1.1769e-02, PNorm = 127.0265, GNorm = 0.1704, lr_0 = 8.6313e-04
Loss = 1.5372e-02, PNorm = 127.0600, GNorm = 0.3617, lr_0 = 8.6292e-04
Loss = 1.2204e-02, PNorm = 127.0960, GNorm = 0.1603, lr_0 = 8.6272e-04
Loss = 1.1875e-02, PNorm = 127.1240, GNorm = 0.2633, lr_0 = 8.6251e-04
Loss = 1.6102e-02, PNorm = 127.1657, GNorm = 0.2431, lr_0 = 8.6230e-04
Loss = 1.5993e-02, PNorm = 127.2132, GNorm = 0.1227, lr_0 = 8.6210e-04
Validation rmse = 27.982458
Epoch 25
Loss = 1.2335e-02, PNorm = 127.2500, GNorm = 0.1943, lr_0 = 8.6189e-04
Loss = 1.2357e-02, PNorm = 127.2812, GNorm = 0.2891, lr_0 = 8.6169e-04
Loss = 1.4360e-02, PNorm = 127.3086, GNorm = 0.1095, lr_0 = 8.6148e-04
Loss = 1.5334e-02, PNorm = 127.3520, GNorm = 0.2904, lr_0 = 8.6128e-04
Loss = 1.1617e-02, PNorm = 127.3966, GNorm = 0.1607, lr_0 = 8.6107e-04
Loss = 1.6995e-02, PNorm = 127.4337, GNorm = 0.4557, lr_0 = 8.6087e-04
Loss = 1.4621e-02, PNorm = 127.4712, GNorm = 0.2369, lr_0 = 8.6066e-04
Loss = 1.3496e-02, PNorm = 127.5169, GNorm = 0.3608, lr_0 = 8.6046e-04
Loss = 1.3449e-02, PNorm = 127.5560, GNorm = 0.2115, lr_0 = 8.6025e-04
Loss = 1.1315e-02, PNorm = 127.5969, GNorm = 0.1386, lr_0 = 8.6004e-04
Loss = 1.4717e-02, PNorm = 127.6325, GNorm = 0.1644, lr_0 = 8.5984e-04
Loss = 1.3374e-02, PNorm = 127.6669, GNorm = 0.2264, lr_0 = 8.5963e-04
Loss = 1.6764e-02, PNorm = 127.7099, GNorm = 0.2425, lr_0 = 8.5943e-04
Loss = 1.7727e-02, PNorm = 127.7488, GNorm = 0.3131, lr_0 = 8.5922e-04
Loss = 1.3335e-02, PNorm = 127.8008, GNorm = 0.2128, lr_0 = 8.5902e-04
Loss = 1.6391e-02, PNorm = 127.8425, GNorm = 0.0976, lr_0 = 8.5881e-04
Validation rmse = 27.712401
Epoch 26
Loss = 1.1445e-02, PNorm = 127.8807, GNorm = 0.2821, lr_0 = 8.5861e-04
Loss = 1.2901e-02, PNorm = 127.9243, GNorm = 0.1462, lr_0 = 8.5840e-04
Loss = 1.2558e-02, PNorm = 127.9614, GNorm = 0.2579, lr_0 = 8.5820e-04
Loss = 1.5174e-02, PNorm = 128.0183, GNorm = 0.1362, lr_0 = 8.5800e-04
Loss = 1.4639e-02, PNorm = 128.0795, GNorm = 0.1640, lr_0 = 8.5779e-04
Loss = 1.3677e-02, PNorm = 128.1226, GNorm = 0.1117, lr_0 = 8.5759e-04
Loss = 1.4040e-02, PNorm = 128.1682, GNorm = 0.3509, lr_0 = 8.5738e-04
Loss = 1.5907e-02, PNorm = 128.2173, GNorm = 0.4020, lr_0 = 8.5718e-04
Loss = 1.3893e-02, PNorm = 128.2659, GNorm = 0.3901, lr_0 = 8.5697e-04
Loss = 1.2168e-02, PNorm = 128.3158, GNorm = 0.1237, lr_0 = 8.5677e-04
Loss = 1.2500e-02, PNorm = 128.3531, GNorm = 0.2276, lr_0 = 8.5656e-04
Loss = 1.3512e-02, PNorm = 128.4012, GNorm = 0.0961, lr_0 = 8.5636e-04
Loss = 9.9942e-03, PNorm = 128.4400, GNorm = 0.1263, lr_0 = 8.5615e-04
Loss = 1.5473e-02, PNorm = 128.4716, GNorm = 0.2176, lr_0 = 8.5595e-04
Loss = 1.3129e-02, PNorm = 128.5115, GNorm = 0.0952, lr_0 = 8.5575e-04
Validation rmse = 28.446094
Epoch 27
Loss = 1.0423e-02, PNorm = 128.5515, GNorm = 0.1631, lr_0 = 8.5554e-04
Loss = 1.0468e-02, PNorm = 128.5808, GNorm = 0.1969, lr_0 = 8.5534e-04
Loss = 1.1811e-02, PNorm = 128.6167, GNorm = 0.2179, lr_0 = 8.5513e-04
Loss = 1.3088e-02, PNorm = 128.6591, GNorm = 0.2283, lr_0 = 8.5493e-04
Loss = 1.2625e-02, PNorm = 128.6982, GNorm = 0.2260, lr_0 = 8.5473e-04
Loss = 1.2185e-02, PNorm = 128.7384, GNorm = 0.3322, lr_0 = 8.5452e-04
Loss = 1.1442e-02, PNorm = 128.7704, GNorm = 0.1682, lr_0 = 8.5432e-04
Loss = 1.2862e-02, PNorm = 128.8144, GNorm = 0.1079, lr_0 = 8.5411e-04
Loss = 1.3295e-02, PNorm = 128.8521, GNorm = 0.1705, lr_0 = 8.5391e-04
Loss = 1.0442e-02, PNorm = 128.8865, GNorm = 0.2093, lr_0 = 8.5371e-04
Loss = 1.3431e-02, PNorm = 128.9216, GNorm = 0.1933, lr_0 = 8.5350e-04
Loss = 1.9830e-02, PNorm = 128.9681, GNorm = 0.2855, lr_0 = 8.5330e-04
Loss = 1.4118e-02, PNorm = 129.0173, GNorm = 0.1967, lr_0 = 8.5310e-04
Loss = 1.2432e-02, PNorm = 129.0596, GNorm = 0.4981, lr_0 = 8.5289e-04
Loss = 1.0037e-02, PNorm = 129.1073, GNorm = 0.2713, lr_0 = 8.5269e-04
Loss = 1.1740e-02, PNorm = 129.1500, GNorm = 0.1621, lr_0 = 8.5249e-04
Validation rmse = 28.903000
Epoch 28
Loss = 1.0015e-02, PNorm = 129.1884, GNorm = 0.1987, lr_0 = 8.5228e-04
Loss = 1.0965e-02, PNorm = 129.2348, GNorm = 0.2040, lr_0 = 8.5208e-04
Loss = 1.0641e-02, PNorm = 129.2724, GNorm = 0.2869, lr_0 = 8.5188e-04
Loss = 1.2107e-02, PNorm = 129.3075, GNorm = 0.3484, lr_0 = 8.5167e-04
Loss = 9.8810e-03, PNorm = 129.3550, GNorm = 0.2249, lr_0 = 8.5147e-04
Loss = 1.4560e-02, PNorm = 129.3923, GNorm = 0.1525, lr_0 = 8.5127e-04
Loss = 1.0970e-02, PNorm = 129.4261, GNorm = 0.2110, lr_0 = 8.5106e-04
Loss = 1.2663e-02, PNorm = 129.4562, GNorm = 0.3679, lr_0 = 8.5086e-04
Loss = 1.1861e-02, PNorm = 129.4904, GNorm = 0.1377, lr_0 = 8.5066e-04
Loss = 1.0603e-02, PNorm = 129.5273, GNorm = 0.2091, lr_0 = 8.5045e-04
Loss = 1.1894e-02, PNorm = 129.5652, GNorm = 0.2581, lr_0 = 8.5025e-04
Loss = 1.1598e-02, PNorm = 129.5987, GNorm = 0.2413, lr_0 = 8.5005e-04
Loss = 1.4524e-02, PNorm = 129.6352, GNorm = 0.2076, lr_0 = 8.4985e-04
Loss = 1.2617e-02, PNorm = 129.6805, GNorm = 0.4336, lr_0 = 8.4964e-04
Loss = 1.1410e-02, PNorm = 129.7192, GNorm = 0.3205, lr_0 = 8.4944e-04
Validation rmse = 27.137956
Epoch 29
Loss = 9.5859e-03, PNorm = 129.7676, GNorm = 0.1603, lr_0 = 8.4922e-04
Loss = 1.2568e-02, PNorm = 129.8042, GNorm = 0.3455, lr_0 = 8.4902e-04
Loss = 1.6140e-02, PNorm = 129.8597, GNorm = 0.3337, lr_0 = 8.4881e-04
Loss = 1.4115e-02, PNorm = 129.9220, GNorm = 0.2361, lr_0 = 8.4861e-04
Loss = 1.7703e-02, PNorm = 129.9798, GNorm = 0.3149, lr_0 = 8.4841e-04
Loss = 1.3130e-02, PNorm = 130.0575, GNorm = 0.2276, lr_0 = 8.4821e-04
Loss = 1.4970e-02, PNorm = 130.1198, GNorm = 0.1146, lr_0 = 8.4800e-04
Loss = 1.4677e-02, PNorm = 130.1826, GNorm = 0.2387, lr_0 = 8.4780e-04
Loss = 1.1856e-02, PNorm = 130.2415, GNorm = 0.1425, lr_0 = 8.4760e-04
Loss = 9.0922e-03, PNorm = 130.2988, GNorm = 0.2108, lr_0 = 8.4740e-04
Loss = 1.3381e-02, PNorm = 130.3444, GNorm = 0.1467, lr_0 = 8.4719e-04
Loss = 1.2440e-02, PNorm = 130.3865, GNorm = 0.1594, lr_0 = 8.4699e-04
Loss = 1.2292e-02, PNorm = 130.4420, GNorm = 0.2370, lr_0 = 8.4679e-04
Loss = 1.7987e-02, PNorm = 130.4984, GNorm = 0.4040, lr_0 = 8.4659e-04
Loss = 1.9622e-02, PNorm = 130.5529, GNorm = 0.3838, lr_0 = 8.4639e-04
Loss = 1.4525e-02, PNorm = 130.6215, GNorm = 0.1716, lr_0 = 8.4618e-04
Validation rmse = 28.907146
Epoch 30
Loss = 1.6711e-02, PNorm = 130.6901, GNorm = 0.2439, lr_0 = 8.4598e-04
Loss = 1.3527e-02, PNorm = 130.7453, GNorm = 0.1739, lr_0 = 8.4578e-04
Loss = 1.3392e-02, PNorm = 130.7940, GNorm = 0.2284, lr_0 = 8.4558e-04
Loss = 1.1412e-02, PNorm = 130.8382, GNorm = 0.0949, lr_0 = 8.4538e-04
Loss = 1.0210e-02, PNorm = 130.8825, GNorm = 0.2155, lr_0 = 8.4518e-04
Loss = 1.3823e-02, PNorm = 130.9334, GNorm = 0.5060, lr_0 = 8.4497e-04
Loss = 1.4272e-02, PNorm = 130.9779, GNorm = 0.3214, lr_0 = 8.4477e-04
Loss = 1.6068e-02, PNorm = 131.0239, GNorm = 0.3213, lr_0 = 8.4457e-04
Loss = 1.0864e-02, PNorm = 131.0788, GNorm = 0.1840, lr_0 = 8.4437e-04
Loss = 1.0350e-02, PNorm = 131.1264, GNorm = 0.1910, lr_0 = 8.4417e-04
Loss = 1.1248e-02, PNorm = 131.1739, GNorm = 0.2490, lr_0 = 8.4397e-04
Loss = 1.1134e-02, PNorm = 131.2227, GNorm = 0.2386, lr_0 = 8.4377e-04
Loss = 1.1830e-02, PNorm = 131.2646, GNorm = 0.1240, lr_0 = 8.4356e-04
Loss = 9.6782e-03, PNorm = 131.3063, GNorm = 0.1929, lr_0 = 8.4336e-04
Loss = 1.3540e-02, PNorm = 131.3414, GNorm = 0.2631, lr_0 = 8.4316e-04
Validation rmse = 29.181967
Epoch 31
Loss = 1.2558e-02, PNorm = 131.3894, GNorm = 0.3405, lr_0 = 8.4296e-04
Loss = 1.3889e-02, PNorm = 131.4427, GNorm = 0.3775, lr_0 = 8.4276e-04
Loss = 1.0356e-02, PNorm = 131.4910, GNorm = 0.3529, lr_0 = 8.4256e-04
Loss = 1.1202e-02, PNorm = 131.5324, GNorm = 0.1361, lr_0 = 8.4236e-04
Loss = 9.5142e-03, PNorm = 131.5736, GNorm = 0.1345, lr_0 = 8.4216e-04
Loss = 9.1344e-03, PNorm = 131.6133, GNorm = 0.2037, lr_0 = 8.4196e-04
Loss = 8.7553e-03, PNorm = 131.6525, GNorm = 0.1144, lr_0 = 8.4175e-04
Loss = 9.9341e-03, PNorm = 131.6867, GNorm = 0.1233, lr_0 = 8.4155e-04
Loss = 1.1051e-02, PNorm = 131.7220, GNorm = 0.1114, lr_0 = 8.4135e-04
Loss = 1.0972e-02, PNorm = 131.7568, GNorm = 0.3642, lr_0 = 8.4115e-04
Loss = 1.1087e-02, PNorm = 131.8006, GNorm = 0.2912, lr_0 = 8.4095e-04
Loss = 1.5881e-02, PNorm = 131.8401, GNorm = 0.1956, lr_0 = 8.4075e-04
Loss = 1.2193e-02, PNorm = 131.8889, GNorm = 0.2274, lr_0 = 8.4055e-04
Loss = 1.0944e-02, PNorm = 131.9369, GNorm = 0.1360, lr_0 = 8.4035e-04
Loss = 1.2504e-02, PNorm = 131.9847, GNorm = 0.2653, lr_0 = 8.4015e-04
Loss = 1.4386e-02, PNorm = 132.0415, GNorm = 0.3194, lr_0 = 8.3995e-04
Validation rmse = 29.313315
Epoch 32
Loss = 1.0279e-02, PNorm = 132.1054, GNorm = 0.2860, lr_0 = 8.3975e-04
Loss = 9.5745e-03, PNorm = 132.1592, GNorm = 0.2422, lr_0 = 8.3955e-04
Loss = 1.0148e-02, PNorm = 132.2053, GNorm = 0.1747, lr_0 = 8.3935e-04
Loss = 1.1913e-02, PNorm = 132.2452, GNorm = 0.3149, lr_0 = 8.3915e-04
Loss = 1.0380e-02, PNorm = 132.2948, GNorm = 0.1142, lr_0 = 8.3895e-04
Loss = 8.9989e-03, PNorm = 132.3350, GNorm = 0.0780, lr_0 = 8.3875e-04
Loss = 6.9860e-03, PNorm = 132.3661, GNorm = 0.0914, lr_0 = 8.3855e-04
Loss = 9.4657e-03, PNorm = 132.3969, GNorm = 0.1757, lr_0 = 8.3835e-04
Loss = 9.0179e-03, PNorm = 132.4334, GNorm = 0.2744, lr_0 = 8.3815e-04
Loss = 9.6015e-03, PNorm = 132.4625, GNorm = 0.1852, lr_0 = 8.3795e-04
Loss = 1.0309e-02, PNorm = 132.5018, GNorm = 0.3269, lr_0 = 8.3775e-04
Loss = 8.7706e-03, PNorm = 132.5405, GNorm = 0.2415, lr_0 = 8.3755e-04
Loss = 1.2363e-02, PNorm = 132.5795, GNorm = 0.2630, lr_0 = 8.3735e-04
Loss = 1.0636e-02, PNorm = 132.6177, GNorm = 0.1928, lr_0 = 8.3715e-04
Loss = 1.1861e-02, PNorm = 132.6564, GNorm = 0.2062, lr_0 = 8.3695e-04
Loss = 1.1162e-02, PNorm = 132.7039, GNorm = 0.0852, lr_0 = 8.3675e-04
Validation rmse = 28.496160
Epoch 33
Loss = 1.1522e-02, PNorm = 132.7463, GNorm = 0.1134, lr_0 = 8.3655e-04
Loss = 9.6435e-03, PNorm = 132.7950, GNorm = 0.1881, lr_0 = 8.3635e-04
Loss = 9.1634e-03, PNorm = 132.8447, GNorm = 0.1955, lr_0 = 8.3615e-04
Loss = 1.0255e-02, PNorm = 132.8871, GNorm = 0.2124, lr_0 = 8.3595e-04
Loss = 9.7100e-03, PNorm = 132.9290, GNorm = 0.1005, lr_0 = 8.3575e-04
Loss = 9.5998e-03, PNorm = 132.9669, GNorm = 0.2015, lr_0 = 8.3555e-04
Loss = 9.4914e-03, PNorm = 133.0115, GNorm = 0.2525, lr_0 = 8.3535e-04
Loss = 8.6940e-03, PNorm = 133.0528, GNorm = 0.1294, lr_0 = 8.3515e-04
Loss = 9.8635e-03, PNorm = 133.0953, GNorm = 0.1160, lr_0 = 8.3495e-04
Loss = 1.0704e-02, PNorm = 133.1312, GNorm = 0.2014, lr_0 = 8.3476e-04
Loss = 8.2718e-03, PNorm = 133.1700, GNorm = 0.1676, lr_0 = 8.3456e-04
Loss = 1.0299e-02, PNorm = 133.1999, GNorm = 0.0906, lr_0 = 8.3436e-04
Loss = 9.7919e-03, PNorm = 133.2429, GNorm = 0.1496, lr_0 = 8.3416e-04
Loss = 8.3474e-03, PNorm = 133.2773, GNorm = 0.1923, lr_0 = 8.3396e-04
Loss = 8.6756e-03, PNorm = 133.3122, GNorm = 0.2027, lr_0 = 8.3376e-04
Validation rmse = 27.420686
Epoch 34
Loss = 5.6565e-03, PNorm = 133.3524, GNorm = 0.1610, lr_0 = 8.3354e-04
Loss = 8.2069e-03, PNorm = 133.3911, GNorm = 0.1091, lr_0 = 8.3334e-04
Loss = 8.5929e-03, PNorm = 133.4240, GNorm = 0.1912, lr_0 = 8.3314e-04
Loss = 7.2044e-03, PNorm = 133.4583, GNorm = 0.1321, lr_0 = 8.3294e-04
Loss = 6.4149e-03, PNorm = 133.4874, GNorm = 0.1552, lr_0 = 8.3275e-04
Loss = 8.3327e-03, PNorm = 133.5145, GNorm = 0.1462, lr_0 = 8.3255e-04
Loss = 7.8882e-03, PNorm = 133.5523, GNorm = 0.1597, lr_0 = 8.3235e-04
Loss = 9.3069e-03, PNorm = 133.5943, GNorm = 0.2716, lr_0 = 8.3215e-04
Loss = 8.3891e-03, PNorm = 133.6347, GNorm = 0.0727, lr_0 = 8.3195e-04
Loss = 1.1900e-02, PNorm = 133.6737, GNorm = 0.1541, lr_0 = 8.3175e-04
Loss = 1.1898e-02, PNorm = 133.7209, GNorm = 0.1530, lr_0 = 8.3156e-04
Loss = 1.0464e-02, PNorm = 133.7768, GNorm = 0.2480, lr_0 = 8.3136e-04
Loss = 9.9498e-03, PNorm = 133.8315, GNorm = 0.1302, lr_0 = 8.3116e-04
Loss = 9.2439e-03, PNorm = 133.8740, GNorm = 0.2235, lr_0 = 8.3096e-04
Loss = 9.9524e-03, PNorm = 133.9141, GNorm = 0.1908, lr_0 = 8.3076e-04
Loss = 8.8050e-03, PNorm = 133.9471, GNorm = 0.2113, lr_0 = 8.3056e-04
Validation rmse = 27.279014
Epoch 35
Loss = 8.0397e-03, PNorm = 133.9842, GNorm = 0.2043, lr_0 = 8.3037e-04
Loss = 8.8712e-03, PNorm = 134.0149, GNorm = 0.3894, lr_0 = 8.3017e-04
Loss = 1.2011e-02, PNorm = 134.0557, GNorm = 0.3405, lr_0 = 8.2997e-04
Loss = 1.1753e-02, PNorm = 134.1005, GNorm = 0.1309, lr_0 = 8.2977e-04
Loss = 1.0370e-02, PNorm = 134.1618, GNorm = 0.1426, lr_0 = 8.2957e-04
Loss = 7.5966e-03, PNorm = 134.2070, GNorm = 0.1481, lr_0 = 8.2938e-04
Loss = 1.0168e-02, PNorm = 134.2503, GNorm = 0.1174, lr_0 = 8.2918e-04
Loss = 8.5759e-03, PNorm = 134.2957, GNorm = 0.1526, lr_0 = 8.2898e-04
Loss = 1.0171e-02, PNorm = 134.3333, GNorm = 0.2553, lr_0 = 8.2878e-04
Loss = 1.0604e-02, PNorm = 134.3792, GNorm = 0.1125, lr_0 = 8.2858e-04
Loss = 1.1947e-02, PNorm = 134.4344, GNorm = 0.1486, lr_0 = 8.2839e-04
Loss = 1.0173e-02, PNorm = 134.4817, GNorm = 0.1357, lr_0 = 8.2819e-04
Loss = 9.9649e-03, PNorm = 134.5279, GNorm = 0.2478, lr_0 = 8.2799e-04
Loss = 8.2684e-03, PNorm = 134.5782, GNorm = 0.0883, lr_0 = 8.2779e-04
Loss = 7.9468e-03, PNorm = 134.6241, GNorm = 0.1053, lr_0 = 8.2760e-04
Validation rmse = 27.942931
Epoch 36
Loss = 1.0793e-02, PNorm = 134.6628, GNorm = 0.1681, lr_0 = 8.2740e-04
Loss = 1.0998e-02, PNorm = 134.7110, GNorm = 0.1481, lr_0 = 8.2720e-04
Loss = 1.1055e-02, PNorm = 134.7654, GNorm = 0.2765, lr_0 = 8.2700e-04
Loss = 9.6835e-03, PNorm = 134.8313, GNorm = 0.1375, lr_0 = 8.2681e-04
Loss = 1.2336e-02, PNorm = 134.8891, GNorm = 0.4062, lr_0 = 8.2661e-04
Loss = 9.8726e-03, PNorm = 134.9420, GNorm = 0.2200, lr_0 = 8.2641e-04
Loss = 8.7329e-03, PNorm = 134.9933, GNorm = 0.1382, lr_0 = 8.2622e-04
Loss = 8.0956e-03, PNorm = 135.0393, GNorm = 0.0851, lr_0 = 8.2602e-04
Loss = 9.8787e-03, PNorm = 135.0891, GNorm = 0.1409, lr_0 = 8.2582e-04
Loss = 9.1337e-03, PNorm = 135.1402, GNorm = 0.0944, lr_0 = 8.2562e-04
Loss = 9.7775e-03, PNorm = 135.1942, GNorm = 0.1584, lr_0 = 8.2543e-04
Loss = 7.1055e-03, PNorm = 135.2431, GNorm = 0.2153, lr_0 = 8.2523e-04
Loss = 7.7414e-03, PNorm = 135.2873, GNorm = 0.2504, lr_0 = 8.2503e-04
Loss = 8.0531e-03, PNorm = 135.3340, GNorm = 0.1176, lr_0 = 8.2484e-04
Loss = 9.8644e-03, PNorm = 135.3797, GNorm = 0.0774, lr_0 = 8.2464e-04
Loss = 6.9177e-03, PNorm = 135.4187, GNorm = 0.0648, lr_0 = 8.2444e-04
Validation rmse = 28.170527
Epoch 37
Loss = 7.9937e-03, PNorm = 135.4553, GNorm = 0.2355, lr_0 = 8.2425e-04
Loss = 9.6110e-03, PNorm = 135.4996, GNorm = 0.1108, lr_0 = 8.2405e-04
Loss = 7.7038e-03, PNorm = 135.5384, GNorm = 0.1789, lr_0 = 8.2385e-04
Loss = 7.4612e-03, PNorm = 135.5818, GNorm = 0.1441, lr_0 = 8.2366e-04
Loss = 1.0332e-02, PNorm = 135.6227, GNorm = 0.3110, lr_0 = 8.2346e-04
Loss = 1.4974e-02, PNorm = 135.6740, GNorm = 0.5632, lr_0 = 8.2326e-04
Loss = 1.3912e-02, PNorm = 135.7412, GNorm = 0.4654, lr_0 = 8.2307e-04
Loss = 1.1121e-02, PNorm = 135.8214, GNorm = 0.1238, lr_0 = 8.2287e-04
Loss = 8.8878e-03, PNorm = 135.8806, GNorm = 0.1702, lr_0 = 8.2268e-04
Loss = 1.0485e-02, PNorm = 135.9275, GNorm = 0.0954, lr_0 = 8.2248e-04
Loss = 9.3036e-03, PNorm = 135.9696, GNorm = 0.1262, lr_0 = 8.2228e-04
Loss = 8.8012e-03, PNorm = 136.0099, GNorm = 0.0888, lr_0 = 8.2209e-04
Loss = 7.5925e-03, PNorm = 136.0572, GNorm = 0.1541, lr_0 = 8.2189e-04
Loss = 6.7624e-03, PNorm = 136.0950, GNorm = 0.1055, lr_0 = 8.2169e-04
Loss = 8.5715e-03, PNorm = 136.1275, GNorm = 0.3006, lr_0 = 8.2150e-04
Validation rmse = 28.701233
Epoch 38
Loss = 4.3739e-03, PNorm = 136.1647, GNorm = 0.1103, lr_0 = 8.2128e-04
Loss = 7.6294e-03, PNorm = 136.2000, GNorm = 0.2001, lr_0 = 8.2109e-04
Loss = 6.5187e-03, PNorm = 136.2345, GNorm = 0.1012, lr_0 = 8.2089e-04
Loss = 7.0005e-03, PNorm = 136.2705, GNorm = 0.1027, lr_0 = 8.2070e-04
Loss = 7.4032e-03, PNorm = 136.3045, GNorm = 0.1149, lr_0 = 8.2050e-04
Loss = 7.1087e-03, PNorm = 136.3415, GNorm = 0.0992, lr_0 = 8.2030e-04
Loss = 7.1667e-03, PNorm = 136.3814, GNorm = 0.1123, lr_0 = 8.2011e-04
Loss = 1.0209e-02, PNorm = 136.4212, GNorm = 0.2177, lr_0 = 8.1991e-04
Loss = 8.9065e-03, PNorm = 136.4644, GNorm = 0.1373, lr_0 = 8.1972e-04
Loss = 1.0064e-02, PNorm = 136.5039, GNorm = 0.2137, lr_0 = 8.1952e-04
Loss = 8.2490e-03, PNorm = 136.5480, GNorm = 0.1018, lr_0 = 8.1933e-04
Loss = 6.9896e-03, PNorm = 136.5933, GNorm = 0.0771, lr_0 = 8.1913e-04
Loss = 7.1407e-03, PNorm = 136.6351, GNorm = 0.1106, lr_0 = 8.1894e-04
Loss = 7.1123e-03, PNorm = 136.6744, GNorm = 0.1229, lr_0 = 8.1874e-04
Loss = 9.3322e-03, PNorm = 136.7195, GNorm = 0.1935, lr_0 = 8.1854e-04
Loss = 9.1127e-03, PNorm = 136.7581, GNorm = 0.1036, lr_0 = 8.1835e-04
Validation rmse = 29.090074
Epoch 39
Loss = 8.9228e-03, PNorm = 136.8118, GNorm = 0.1661, lr_0 = 8.1815e-04
Loss = 7.9789e-03, PNorm = 136.8588, GNorm = 0.1297, lr_0 = 8.1796e-04
Loss = 8.3150e-03, PNorm = 136.9130, GNorm = 0.2042, lr_0 = 8.1776e-04
Loss = 1.0977e-02, PNorm = 136.9876, GNorm = 0.2188, lr_0 = 8.1757e-04
Loss = 1.3415e-02, PNorm = 137.0580, GNorm = 0.2612, lr_0 = 8.1737e-04
Loss = 1.0142e-02, PNorm = 137.1292, GNorm = 0.1643, lr_0 = 8.1718e-04
Loss = 1.0053e-02, PNorm = 137.1846, GNorm = 0.1280, lr_0 = 8.1698e-04
Loss = 9.1762e-03, PNorm = 137.2436, GNorm = 0.1534, lr_0 = 8.1679e-04
Loss = 9.8464e-03, PNorm = 137.3006, GNorm = 0.1078, lr_0 = 8.1659e-04
Loss = 1.2212e-02, PNorm = 137.3860, GNorm = 0.3016, lr_0 = 8.1640e-04
Loss = 1.2606e-02, PNorm = 137.4676, GNorm = 0.1356, lr_0 = 8.1620e-04
Loss = 1.0916e-02, PNorm = 137.5470, GNorm = 0.0920, lr_0 = 8.1601e-04
Loss = 1.1771e-02, PNorm = 137.6221, GNorm = 0.1967, lr_0 = 8.1582e-04
Loss = 1.0132e-02, PNorm = 137.6903, GNorm = 0.1196, lr_0 = 8.1562e-04
Loss = 1.1286e-02, PNorm = 137.7510, GNorm = 0.2784, lr_0 = 8.1543e-04
Loss = 1.0459e-02, PNorm = 137.8132, GNorm = 0.3663, lr_0 = 8.1523e-04
Validation rmse = 28.581556
Epoch 40
Loss = 7.8948e-03, PNorm = 137.8679, GNorm = 0.0886, lr_0 = 8.1504e-04
Loss = 7.1446e-03, PNorm = 137.9061, GNorm = 0.1944, lr_0 = 8.1484e-04
Loss = 9.3768e-03, PNorm = 137.9547, GNorm = 0.1528, lr_0 = 8.1465e-04
Loss = 7.7154e-03, PNorm = 137.9943, GNorm = 0.0721, lr_0 = 8.1445e-04
Loss = 8.4957e-03, PNorm = 138.0389, GNorm = 0.2265, lr_0 = 8.1426e-04
Loss = 7.3799e-03, PNorm = 138.0814, GNorm = 0.2428, lr_0 = 8.1407e-04
Loss = 1.1659e-02, PNorm = 138.1219, GNorm = 0.3353, lr_0 = 8.1387e-04
Loss = 8.8210e-03, PNorm = 138.1748, GNorm = 0.2391, lr_0 = 8.1368e-04
Loss = 1.3024e-02, PNorm = 138.2202, GNorm = 0.3352, lr_0 = 8.1348e-04
Loss = 1.0736e-02, PNorm = 138.2877, GNorm = 0.2465, lr_0 = 8.1329e-04
Loss = 1.1307e-02, PNorm = 138.3573, GNorm = 0.1288, lr_0 = 8.1309e-04
Loss = 9.6788e-03, PNorm = 138.4130, GNorm = 0.1637, lr_0 = 8.1290e-04
Loss = 1.1540e-02, PNorm = 138.4796, GNorm = 0.1579, lr_0 = 8.1271e-04
Loss = 9.8851e-03, PNorm = 138.5508, GNorm = 0.1114, lr_0 = 8.1251e-04
Loss = 1.0763e-02, PNorm = 138.6091, GNorm = 0.1052, lr_0 = 8.1232e-04
Validation rmse = 29.303881
Epoch 41
Loss = 8.0183e-03, PNorm = 138.6683, GNorm = 0.1809, lr_0 = 8.1213e-04
Loss = 7.3020e-03, PNorm = 138.7232, GNorm = 0.1016, lr_0 = 8.1193e-04
Loss = 8.5403e-03, PNorm = 138.7762, GNorm = 0.1243, lr_0 = 8.1174e-04
Loss = 6.8504e-03, PNorm = 138.8171, GNorm = 0.1557, lr_0 = 8.1154e-04
Loss = 6.0680e-03, PNorm = 138.8563, GNorm = 0.0981, lr_0 = 8.1135e-04
Loss = 7.1725e-03, PNorm = 138.8952, GNorm = 0.1216, lr_0 = 8.1116e-04
Loss = 7.2754e-03, PNorm = 138.9373, GNorm = 0.1346, lr_0 = 8.1096e-04
Loss = 6.0841e-03, PNorm = 138.9729, GNorm = 0.2277, lr_0 = 8.1077e-04
Loss = 7.2598e-03, PNorm = 139.0089, GNorm = 0.1126, lr_0 = 8.1058e-04
Loss = 6.1488e-03, PNorm = 139.0451, GNorm = 0.1157, lr_0 = 8.1038e-04
Loss = 7.1399e-03, PNorm = 139.0870, GNorm = 0.1961, lr_0 = 8.1019e-04
Loss = 6.8484e-03, PNorm = 139.1233, GNorm = 0.0840, lr_0 = 8.1000e-04
Loss = 6.6787e-03, PNorm = 139.1499, GNorm = 0.0687, lr_0 = 8.0980e-04
Loss = 8.1448e-03, PNorm = 139.1858, GNorm = 0.0597, lr_0 = 8.0961e-04
Loss = 7.9714e-03, PNorm = 139.2273, GNorm = 0.1521, lr_0 = 8.0942e-04
Loss = 8.3269e-03, PNorm = 139.2730, GNorm = 0.3939, lr_0 = 8.0922e-04
Validation rmse = 28.990093
Epoch 42
Loss = 7.3724e-03, PNorm = 139.3280, GNorm = 0.1254, lr_0 = 8.0903e-04
Loss = 7.4844e-03, PNorm = 139.3757, GNorm = 0.0763, lr_0 = 8.0884e-04
Loss = 6.0729e-03, PNorm = 139.4095, GNorm = 0.0997, lr_0 = 8.0865e-04
Loss = 6.8371e-03, PNorm = 139.4488, GNorm = 0.1328, lr_0 = 8.0845e-04
Loss = 6.3543e-03, PNorm = 139.4792, GNorm = 0.0858, lr_0 = 8.0826e-04
Loss = 7.3059e-03, PNorm = 139.5190, GNorm = 0.2266, lr_0 = 8.0807e-04
Loss = 6.4266e-03, PNorm = 139.5511, GNorm = 0.2777, lr_0 = 8.0787e-04
Loss = 8.4574e-03, PNorm = 139.5899, GNorm = 0.2889, lr_0 = 8.0768e-04
Loss = 7.3741e-03, PNorm = 139.6279, GNorm = 0.0719, lr_0 = 8.0749e-04
Loss = 6.9003e-03, PNorm = 139.6676, GNorm = 0.2869, lr_0 = 8.0730e-04
Loss = 5.8558e-03, PNorm = 139.7075, GNorm = 0.1632, lr_0 = 8.0710e-04
Loss = 5.9637e-03, PNorm = 139.7387, GNorm = 0.1176, lr_0 = 8.0691e-04
Loss = 6.2153e-03, PNorm = 139.7743, GNorm = 0.1471, lr_0 = 8.0672e-04
Loss = 6.2566e-03, PNorm = 139.8139, GNorm = 0.1562, lr_0 = 8.0653e-04
Loss = 7.2916e-03, PNorm = 139.8562, GNorm = 0.0766, lr_0 = 8.0633e-04
Validation rmse = 28.303103
Epoch 43
Loss = 5.3707e-03, PNorm = 139.9020, GNorm = 0.0995, lr_0 = 8.0612e-04
Loss = 6.2877e-03, PNorm = 139.9396, GNorm = 0.0815, lr_0 = 8.0593e-04
Loss = 6.3884e-03, PNorm = 139.9797, GNorm = 0.0934, lr_0 = 8.0574e-04
Loss = 6.7203e-03, PNorm = 140.0203, GNorm = 0.1680, lr_0 = 8.0555e-04
Loss = 5.6319e-03, PNorm = 140.0610, GNorm = 0.0727, lr_0 = 8.0535e-04
Loss = 5.4938e-03, PNorm = 140.0970, GNorm = 0.2064, lr_0 = 8.0516e-04
Loss = 6.7723e-03, PNorm = 140.1342, GNorm = 0.3045, lr_0 = 8.0497e-04
Loss = 1.0806e-02, PNorm = 140.1788, GNorm = 0.2976, lr_0 = 8.0478e-04
Loss = 9.4566e-03, PNorm = 140.2457, GNorm = 0.1605, lr_0 = 8.0458e-04
Loss = 8.2283e-03, PNorm = 140.2981, GNorm = 0.1781, lr_0 = 8.0439e-04
Loss = 8.4515e-03, PNorm = 140.3477, GNorm = 0.1410, lr_0 = 8.0420e-04
Loss = 7.7654e-03, PNorm = 140.3916, GNorm = 0.2178, lr_0 = 8.0401e-04
Loss = 8.4723e-03, PNorm = 140.4411, GNorm = 0.2036, lr_0 = 8.0382e-04
Loss = 6.6843e-03, PNorm = 140.4970, GNorm = 0.1163, lr_0 = 8.0363e-04
Loss = 7.2168e-03, PNorm = 140.5378, GNorm = 0.1293, lr_0 = 8.0343e-04
Loss = 6.1866e-03, PNorm = 140.5786, GNorm = 0.0806, lr_0 = 8.0324e-04
Validation rmse = 28.634234
Epoch 44
Loss = 5.3281e-03, PNorm = 140.6168, GNorm = 0.0707, lr_0 = 8.0305e-04
Loss = 4.2086e-03, PNorm = 140.6481, GNorm = 0.1001, lr_0 = 8.0286e-04
Loss = 5.6158e-03, PNorm = 140.6793, GNorm = 0.1002, lr_0 = 8.0267e-04
Loss = 7.6434e-03, PNorm = 140.7157, GNorm = 0.1652, lr_0 = 8.0248e-04
Loss = 8.0716e-03, PNorm = 140.7558, GNorm = 0.2422, lr_0 = 8.0228e-04
Loss = 7.0301e-03, PNorm = 140.8067, GNorm = 0.1288, lr_0 = 8.0209e-04
Loss = 7.9663e-03, PNorm = 140.8487, GNorm = 0.1329, lr_0 = 8.0190e-04
Loss = 8.5715e-03, PNorm = 140.8960, GNorm = 0.2136, lr_0 = 8.0171e-04
Loss = 7.3427e-03, PNorm = 140.9466, GNorm = 0.1077, lr_0 = 8.0152e-04
Loss = 7.1991e-03, PNorm = 141.0010, GNorm = 0.1037, lr_0 = 8.0133e-04
Loss = 6.2038e-03, PNorm = 141.0400, GNorm = 0.0843, lr_0 = 8.0114e-04
Loss = 6.9494e-03, PNorm = 141.0779, GNorm = 0.1274, lr_0 = 8.0095e-04
Loss = 7.3051e-03, PNorm = 141.1175, GNorm = 0.1135, lr_0 = 8.0075e-04
Loss = 5.5506e-03, PNorm = 141.1637, GNorm = 0.2154, lr_0 = 8.0056e-04
Loss = 7.1566e-03, PNorm = 141.2106, GNorm = 0.0952, lr_0 = 8.0037e-04
Loss = 5.3872e-03, PNorm = 141.2479, GNorm = 0.1295, lr_0 = 8.0018e-04
Validation rmse = 27.772460
Epoch 45
Loss = 5.8484e-03, PNorm = 141.2809, GNorm = 0.1346, lr_0 = 7.9999e-04
Loss = 4.7584e-03, PNorm = 141.3158, GNorm = 0.1119, lr_0 = 7.9980e-04
Loss = 5.2106e-03, PNorm = 141.3532, GNorm = 0.0883, lr_0 = 7.9961e-04
Loss = 5.0984e-03, PNorm = 141.3833, GNorm = 0.1602, lr_0 = 7.9942e-04
Loss = 5.4554e-03, PNorm = 141.4076, GNorm = 0.1177, lr_0 = 7.9923e-04
Loss = 6.2281e-03, PNorm = 141.4418, GNorm = 0.1329, lr_0 = 7.9904e-04
Loss = 5.9572e-03, PNorm = 141.4812, GNorm = 0.1070, lr_0 = 7.9885e-04
Loss = 5.3643e-03, PNorm = 141.5100, GNorm = 0.0628, lr_0 = 7.9866e-04
Loss = 5.2421e-03, PNorm = 141.5401, GNorm = 0.1276, lr_0 = 7.9847e-04
Loss = 6.0093e-03, PNorm = 141.5723, GNorm = 0.0645, lr_0 = 7.9828e-04
Loss = 6.5330e-03, PNorm = 141.6121, GNorm = 0.2925, lr_0 = 7.9808e-04
Loss = 7.7499e-03, PNorm = 141.6571, GNorm = 0.1107, lr_0 = 7.9789e-04
Loss = 4.9408e-03, PNorm = 141.6976, GNorm = 0.0667, lr_0 = 7.9770e-04
Loss = 5.8261e-03, PNorm = 141.7339, GNorm = 0.2369, lr_0 = 7.9751e-04
Loss = 6.2691e-03, PNorm = 141.7782, GNorm = 0.1631, lr_0 = 7.9732e-04
Validation rmse = 28.398835
Epoch 46
Loss = 7.0499e-03, PNorm = 141.8236, GNorm = 0.1628, lr_0 = 7.9713e-04
Loss = 6.5656e-03, PNorm = 141.8682, GNorm = 0.1660, lr_0 = 7.9694e-04
Loss = 6.2126e-03, PNorm = 141.9065, GNorm = 0.1639, lr_0 = 7.9675e-04
Loss = 6.6877e-03, PNorm = 141.9448, GNorm = 0.1272, lr_0 = 7.9656e-04
Loss = 6.8851e-03, PNorm = 142.0003, GNorm = 0.1792, lr_0 = 7.9637e-04
Loss = 6.4526e-03, PNorm = 142.0538, GNorm = 0.0803, lr_0 = 7.9618e-04
Loss = 5.7007e-03, PNorm = 142.0911, GNorm = 0.1771, lr_0 = 7.9599e-04
Loss = 7.3898e-03, PNorm = 142.1223, GNorm = 0.1938, lr_0 = 7.9580e-04
Loss = 7.1143e-03, PNorm = 142.1698, GNorm = 0.1322, lr_0 = 7.9561e-04
Loss = 7.1213e-03, PNorm = 142.2254, GNorm = 0.1296, lr_0 = 7.9542e-04
Loss = 6.7346e-03, PNorm = 142.2847, GNorm = 0.1064, lr_0 = 7.9523e-04
Loss = 8.0266e-03, PNorm = 142.3330, GNorm = 0.2827, lr_0 = 7.9504e-04
Loss = 7.2949e-03, PNorm = 142.3844, GNorm = 0.1252, lr_0 = 7.9485e-04
Loss = 9.5537e-03, PNorm = 142.4411, GNorm = 0.1237, lr_0 = 7.9466e-04
Loss = 8.5504e-03, PNorm = 142.5064, GNorm = 0.0610, lr_0 = 7.9448e-04
Loss = 5.8673e-03, PNorm = 142.5670, GNorm = 0.1092, lr_0 = 7.9429e-04
Validation rmse = 28.438622
Epoch 47
Loss = 6.7670e-03, PNorm = 142.6245, GNorm = 0.0452, lr_0 = 7.9410e-04
Loss = 6.4911e-03, PNorm = 142.6789, GNorm = 0.0556, lr_0 = 7.9391e-04
Loss = 6.1401e-03, PNorm = 142.7416, GNorm = 0.1207, lr_0 = 7.9372e-04
Loss = 7.6411e-03, PNorm = 142.8059, GNorm = 0.1779, lr_0 = 7.9353e-04
Loss = 7.7299e-03, PNorm = 142.8689, GNorm = 0.0824, lr_0 = 7.9334e-04
Loss = 6.7278e-03, PNorm = 142.9217, GNorm = 0.0887, lr_0 = 7.9315e-04
Loss = 5.4091e-03, PNorm = 142.9699, GNorm = 0.0876, lr_0 = 7.9296e-04
Loss = 6.5503e-03, PNorm = 143.0142, GNorm = 0.0611, lr_0 = 7.9277e-04
Loss = 6.5404e-03, PNorm = 143.0588, GNorm = 0.1756, lr_0 = 7.9258e-04
Loss = 7.8801e-03, PNorm = 143.1081, GNorm = 0.0933, lr_0 = 7.9239e-04
Loss = 7.3518e-03, PNorm = 143.1628, GNorm = 0.1718, lr_0 = 7.9220e-04
Loss = 7.7905e-03, PNorm = 143.2123, GNorm = 0.2496, lr_0 = 7.9202e-04
Loss = 9.9937e-03, PNorm = 143.2554, GNorm = 0.1399, lr_0 = 7.9183e-04
Loss = 6.8563e-03, PNorm = 143.3130, GNorm = 0.1347, lr_0 = 7.9164e-04
Loss = 7.9234e-03, PNorm = 143.3747, GNorm = 0.1222, lr_0 = 7.9145e-04
Validation rmse = 27.396556
Epoch 48
Loss = 5.9768e-03, PNorm = 143.4378, GNorm = 0.1296, lr_0 = 7.9124e-04
Loss = 5.3813e-03, PNorm = 143.4846, GNorm = 0.1790, lr_0 = 7.9105e-04
Loss = 7.5057e-03, PNorm = 143.5258, GNorm = 0.1207, lr_0 = 7.9086e-04
Loss = 8.9883e-03, PNorm = 143.5822, GNorm = 0.3435, lr_0 = 7.9067e-04
Loss = 1.1043e-02, PNorm = 143.6525, GNorm = 0.3757, lr_0 = 7.9049e-04
Loss = 1.2589e-02, PNorm = 143.7518, GNorm = 0.2017, lr_0 = 7.9030e-04
Loss = 8.1997e-03, PNorm = 143.8305, GNorm = 0.2016, lr_0 = 7.9011e-04
Loss = 6.7103e-03, PNorm = 143.8990, GNorm = 0.0765, lr_0 = 7.8992e-04
Loss = 8.3682e-03, PNorm = 143.9542, GNorm = 0.1723, lr_0 = 7.8973e-04
Loss = 8.9735e-03, PNorm = 144.0159, GNorm = 0.2503, lr_0 = 7.8954e-04
Loss = 6.5654e-03, PNorm = 144.0843, GNorm = 0.1846, lr_0 = 7.8936e-04
Loss = 6.4455e-03, PNorm = 144.1451, GNorm = 0.1398, lr_0 = 7.8917e-04
Loss = 7.2051e-03, PNorm = 144.1933, GNorm = 0.1411, lr_0 = 7.8898e-04
Loss = 7.9725e-03, PNorm = 144.2524, GNorm = 0.1508, lr_0 = 7.8879e-04
Loss = 7.4893e-03, PNorm = 144.3114, GNorm = 0.1432, lr_0 = 7.8860e-04
Loss = 5.7539e-03, PNorm = 144.3568, GNorm = 0.1263, lr_0 = 7.8841e-04
Validation rmse = 27.236423
Epoch 49
Loss = 5.2450e-03, PNorm = 144.3952, GNorm = 0.0884, lr_0 = 7.8823e-04
Loss = 5.8998e-03, PNorm = 144.4314, GNorm = 0.0906, lr_0 = 7.8804e-04
Loss = 5.4746e-03, PNorm = 144.4720, GNorm = 0.1707, lr_0 = 7.8785e-04
Loss = 6.3651e-03, PNorm = 144.5135, GNorm = 0.0723, lr_0 = 7.8766e-04
Loss = 6.4472e-03, PNorm = 144.5541, GNorm = 0.1853, lr_0 = 7.8747e-04
Loss = 6.3513e-03, PNorm = 144.5927, GNorm = 0.1751, lr_0 = 7.8729e-04
Loss = 5.1069e-03, PNorm = 144.6390, GNorm = 0.0959, lr_0 = 7.8710e-04
Loss = 5.7796e-03, PNorm = 144.6809, GNorm = 0.1129, lr_0 = 7.8691e-04
Loss = 6.3024e-03, PNorm = 144.7249, GNorm = 0.1352, lr_0 = 7.8672e-04
Loss = 5.4726e-03, PNorm = 144.7609, GNorm = 0.0634, lr_0 = 7.8654e-04
Loss = 6.5049e-03, PNorm = 144.8007, GNorm = 0.1143, lr_0 = 7.8639e-04
Loss = 5.1364e-03, PNorm = 144.8444, GNorm = 0.0775, lr_0 = 7.8639e-04
Loss = 5.8689e-03, PNorm = 144.8861, GNorm = 0.0762, lr_0 = 7.8639e-04
Loss = 5.9314e-03, PNorm = 144.9351, GNorm = 0.0888, lr_0 = 7.8639e-04
Loss = 5.2853e-03, PNorm = 144.9805, GNorm = 0.1278, lr_0 = 7.8639e-04
Validation rmse = 28.062146
Model 0 best validation rmse = 27.137956 on epoch 28
Loading pretrained parameter "encoder.encoder.0.cached_zero_vector".
Loading pretrained parameter "encoder.encoder.0.W_i.weight".
Loading pretrained parameter "encoder.encoder.0.W_h.weight".
Loading pretrained parameter "encoder.encoder.0.W_o.weight".
Loading pretrained parameter "encoder.encoder.0.W_o.bias".
Loading pretrained parameter "encoder.encoder.1.cached_zero_vector".
Loading pretrained parameter "encoder.encoder.1.W_i.weight".
Loading pretrained parameter "encoder.encoder.1.W_h.weight".
Loading pretrained parameter "encoder.encoder.1.W_o.weight".
Loading pretrained parameter "encoder.encoder.1.W_o.bias".
Loading pretrained parameter "ffn.1.weight".
Loading pretrained parameter "ffn.1.bias".
Loading pretrained parameter "ffn.4.weight".
Loading pretrained parameter "ffn.4.bias".
Loading pretrained parameter "ffn.7.weight".
Loading pretrained parameter "ffn.7.bias".
Moving model to cuda
Model 0 test rmse = 24.320850
Ensemble test rmse = 24.320850
1-fold cross validation
	Seed 0 ==> test rmse = 24.320850
Overall test rmse = 24.320850 +/- 0.000000
Elapsed time = 0:39:23
