Command line
python /home/kpg/chemprop/train.py --data_path ../../../data/splits/lambda_max_abs/deep4chem/group_by_smiles/smiles_target_train.csv --dataset_type regression --save_dir /home/kimele03/uvvisml/uvvisml/models/emi_all_checkpoints/group_by_smiles/results/507015/49673624 --config_path /home/kimele03/uvvisml/uvvisml/models/emi_all_checkpoints/group_by_smiles/results/507015/49673624/hyperopt.json --metric rmse --epochs 50 --gpu 0 --ensemble_size 1 --separate_val_path ../../../data/splits/lambda_max_abs/deep4chem/group_by_smiles/smiles_target_val.csv --separate_test_path ../../../data/splits/lambda_max_abs/deep4chem/group_by_smiles/smiles_target_test.csv --number_of_molecules 2
Args
{'activation': 'ReLU',
 'aggregation': 'mean',
 'aggregation_norm': 100,
 'atom_descriptor_scaling': True,
 'atom_descriptors': None,
 'atom_descriptors_path': None,
 'atom_descriptors_size': 0,
 'atom_features_size': 0,
 'atom_messages': False,
 'batch_size': 61,
 'bias': False,
 'bond_feature_scaling': True,
 'bond_features_path': None,
 'bond_features_size': 0,
 'cache_cutoff': 10000,
 'checkpoint_dir': None,
 'checkpoint_frzn': None,
 'checkpoint_path': None,
 'checkpoint_paths': None,
 'class_balance': False,
 'config_path': '/home/kimele03/uvvisml/uvvisml/models/emi_all_checkpoints/group_by_smiles/results/507015/49673624/hyperopt.json',
 'crossval_index_dir': None,
 'crossval_index_file': None,
 'crossval_index_sets': None,
 'cuda': True,
 'data_path': '../../../data/splits/lambda_max_abs/deep4chem/group_by_smiles/smiles_target_train.csv',
 'data_weights_path': None,
 'dataset_type': 'regression',
 'depth': 4,
 'device': device(type='cuda', index=0),
 'dropout': 0.0,
 'empty_cache': False,
 'ensemble_size': 1,
 'epochs': 50,
 'explicit_h': False,
 'extra_metrics': [],
 'features_generator': None,
 'features_only': False,
 'features_path': None,
 'features_scaling': True,
 'features_size': None,
 'ffn_hidden_size': 505,
 'ffn_num_layers': 3,
 'final_lr': 0.0008295503838560004,
 'folds_file': None,
 'freeze_first_only': False,
 'frzn_ffn_layers': 0,
 'gpu': 0,
 'grad_clip': None,
 'hidden_size': 300,
 'ignore_columns': None,
 'init_lr': 0.001,
 'log_frequency': 10,
 'max_data_size': None,
 'max_lr': 0.001,
 'metric': 'rmse',
 'metrics': ['rmse'],
 'minimize_score': True,
 'mpn_shared': False,
 'multiclass_num_classes': 3,
 'no_atom_descriptor_scaling': False,
 'no_bond_features_scaling': False,
 'no_cache_mol': False,
 'no_cuda': False,
 'no_features_scaling': False,
 'num_folds': 1,
 'num_lrs': 1,
 'num_tasks': 1,
 'num_workers': 8,
 'number_of_molecules': 2,
 'overwrite_default_atom_features': False,
 'overwrite_default_bond_features': False,
 'pytorch_seed': 0,
 'quiet': False,
 'reaction': False,
 'reaction_mode': 'reac_diff',
 'resume_experiment': False,
 'save_dir': '/home/kimele03/uvvisml/uvvisml/models/emi_all_checkpoints/group_by_smiles/results/507015/49673624',
 'save_preds': False,
 'save_smiles_splits': False,
 'seed': 0,
 'separate_test_atom_descriptors_path': None,
 'separate_test_bond_features_path': None,
 'separate_test_features_path': None,
 'separate_test_path': '../../../data/splits/lambda_max_abs/deep4chem/group_by_smiles/smiles_target_test.csv',
 'separate_val_atom_descriptors_path': None,
 'separate_val_bond_features_path': None,
 'separate_val_features_path': None,
 'separate_val_path': '../../../data/splits/lambda_max_abs/deep4chem/group_by_smiles/smiles_target_val.csv',
 'show_individual_scores': False,
 'smiles_columns': ['smiles', 'solvent'],
 'split_sizes': (0.8, 0.1, 0.1),
 'split_type': 'random',
 'target_columns': None,
 'target_weights': None,
 'task_names': ['peakwavs_max'],
 'test': False,
 'test_fold_index': None,
 'train_data_size': None,
 'undirected': False,
 'use_input_features': False,
 'val_fold_index': None,
 'warmup_epochs': 5}
Loading data
Number of tasks = 1
Fold 0
Splitting data with seed 0
Total size = 13,242 | train size = 13,242 | val size = 1,633 | test size = 1,710
Fitting scaler
Building model 0
MoleculeModel(
  (encoder): MPN(
    (encoder): ModuleList(
      (0): MPNEncoder(
        (dropout_layer): Dropout(p=0.0, inplace=False)
        (act_func): ReLU()
        (W_i): Linear(in_features=147, out_features=300, bias=False)
        (W_h): Linear(in_features=300, out_features=300, bias=False)
        (W_o): Linear(in_features=433, out_features=300, bias=True)
      )
      (1): MPNEncoder(
        (dropout_layer): Dropout(p=0.0, inplace=False)
        (act_func): ReLU()
        (W_i): Linear(in_features=147, out_features=300, bias=False)
        (W_h): Linear(in_features=300, out_features=300, bias=False)
        (W_o): Linear(in_features=433, out_features=300, bias=True)
      )
    )
  )
  (ffn): Sequential(
    (0): Dropout(p=0.0, inplace=False)
    (1): Linear(in_features=600, out_features=505, bias=True)
    (2): ReLU()
    (3): Dropout(p=0.0, inplace=False)
    (4): Linear(in_features=505, out_features=505, bias=True)
    (5): ReLU()
    (6): Dropout(p=0.0, inplace=False)
    (7): Linear(in_features=505, out_features=1, bias=True)
  )
)
Number of parameters = 1,088,741
Moving model to cuda
Epoch 0
Loss = 1.7392e+00, PNorm = 52.5360, GNorm = 0.9247, lr_0 = 1.0000e-03
Loss = 9.0617e-01, PNorm = 52.6073, GNorm = 1.4164, lr_0 = 1.0000e-03
Loss = 7.7954e-01, PNorm = 52.6621, GNorm = 2.4330, lr_0 = 1.0000e-03
Loss = 7.8940e-01, PNorm = 52.6930, GNorm = 1.7360, lr_0 = 1.0000e-03
Loss = 1.0554e+00, PNorm = 52.7294, GNorm = 1.0212, lr_0 = 1.0000e-03
Loss = 8.0332e-01, PNorm = 52.7722, GNorm = 1.4535, lr_0 = 1.0000e-03
Loss = 7.0492e-01, PNorm = 52.8201, GNorm = 5.1879, lr_0 = 1.0000e-03
Loss = 5.0548e-01, PNorm = 52.8622, GNorm = 1.9650, lr_0 = 1.0000e-03
Loss = 6.1948e-01, PNorm = 52.9109, GNorm = 3.0729, lr_0 = 1.0000e-03
Loss = 5.8711e-01, PNorm = 52.9649, GNorm = 8.5798, lr_0 = 1.0000e-03
Loss = 6.3331e-01, PNorm = 53.0144, GNorm = 1.4766, lr_0 = 1.0000e-03
Loss = 6.2495e-01, PNorm = 53.0781, GNorm = 3.9670, lr_0 = 1.0000e-03
Loss = 4.5406e-01, PNorm = 53.1350, GNorm = 7.4943, lr_0 = 1.0000e-03
Loss = 4.1400e-01, PNorm = 53.1931, GNorm = 1.2146, lr_0 = 1.0000e-03
Loss = 4.3879e-01, PNorm = 53.2326, GNorm = 0.9525, lr_0 = 1.0000e-03
Loss = 4.6038e-01, PNorm = 53.2800, GNorm = 2.9819, lr_0 = 1.0000e-03
Loss = 3.5081e-01, PNorm = 53.3217, GNorm = 1.1525, lr_0 = 1.0000e-03
Loss = 3.7415e-01, PNorm = 53.3680, GNorm = 6.9791, lr_0 = 1.0000e-03
Loss = 4.0953e-01, PNorm = 53.4084, GNorm = 5.2488, lr_0 = 1.0000e-03
Loss = 5.1207e-01, PNorm = 53.4563, GNorm = 1.4582, lr_0 = 1.0000e-03
Loss = 3.0966e-01, PNorm = 53.5053, GNorm = 2.1064, lr_0 = 1.0000e-03
Validation rmse = 66.864637
Epoch 1
Loss = 4.1850e-01, PNorm = 53.5575, GNorm = 7.3579, lr_0 = 1.0000e-03
Loss = 3.0066e-01, PNorm = 53.6008, GNorm = 2.0771, lr_0 = 1.0000e-03
Loss = 3.1327e-01, PNorm = 53.6377, GNorm = 2.4538, lr_0 = 1.0000e-03
Loss = 3.0283e-01, PNorm = 53.6828, GNorm = 3.8033, lr_0 = 1.0000e-03
Loss = 2.9111e-01, PNorm = 53.7332, GNorm = 9.5109, lr_0 = 1.0000e-03
Loss = 3.0818e-01, PNorm = 53.7555, GNorm = 3.9153, lr_0 = 1.0000e-03
Loss = 3.1515e-01, PNorm = 53.7928, GNorm = 3.1984, lr_0 = 1.0000e-03
Loss = 2.6151e-01, PNorm = 53.8224, GNorm = 6.0188, lr_0 = 1.0000e-03
Loss = 2.5542e-01, PNorm = 53.8612, GNorm = 1.9286, lr_0 = 1.0000e-03
Loss = 3.2361e-01, PNorm = 53.8894, GNorm = 2.3302, lr_0 = 1.0000e-03
Loss = 2.9218e-01, PNorm = 53.9312, GNorm = 3.8663, lr_0 = 1.0000e-03
Loss = 2.8772e-01, PNorm = 53.9748, GNorm = 5.8345, lr_0 = 1.0000e-03
Loss = 2.2999e-01, PNorm = 54.0171, GNorm = 1.0493, lr_0 = 1.0000e-03
Loss = 2.4646e-01, PNorm = 54.0619, GNorm = 3.3251, lr_0 = 1.0000e-03
Loss = 2.2047e-01, PNorm = 54.1034, GNorm = 1.3163, lr_0 = 1.0000e-03
Loss = 2.8302e-01, PNorm = 54.1460, GNorm = 1.6640, lr_0 = 1.0000e-03
Loss = 2.9330e-01, PNorm = 54.1903, GNorm = 1.1640, lr_0 = 1.0000e-03
Loss = 3.0145e-01, PNorm = 54.2388, GNorm = 1.6979, lr_0 = 1.0000e-03
Loss = 2.1979e-01, PNorm = 54.2870, GNorm = 0.6328, lr_0 = 1.0000e-03
Loss = 2.6864e-01, PNorm = 54.3305, GNorm = 3.4347, lr_0 = 1.0000e-03
Loss = 2.3472e-01, PNorm = 54.3808, GNorm = 4.9341, lr_0 = 1.0000e-03
Loss = 2.4200e-01, PNorm = 54.4224, GNorm = 4.0085, lr_0 = 1.0000e-03
Validation rmse = 53.684545
Epoch 2
Loss = 2.4552e-01, PNorm = 54.4724, GNorm = 1.7135, lr_0 = 1.0000e-03
Loss = 2.0870e-01, PNorm = 54.5117, GNorm = 2.1319, lr_0 = 1.0000e-03
Loss = 2.1245e-01, PNorm = 54.5582, GNorm = 3.5285, lr_0 = 1.0000e-03
Loss = 2.0897e-01, PNorm = 54.6001, GNorm = 6.4836, lr_0 = 1.0000e-03
Loss = 2.0642e-01, PNorm = 54.6489, GNorm = 1.8688, lr_0 = 1.0000e-03
Loss = 1.9859e-01, PNorm = 54.7009, GNorm = 1.4865, lr_0 = 1.0000e-03
Loss = 1.9494e-01, PNorm = 54.7537, GNorm = 1.2009, lr_0 = 1.0000e-03
Loss = 2.6186e-01, PNorm = 54.7980, GNorm = 3.5626, lr_0 = 1.0000e-03
Loss = 1.7484e-01, PNorm = 54.8437, GNorm = 0.8069, lr_0 = 1.0000e-03
Loss = 2.1157e-01, PNorm = 54.8973, GNorm = 3.6883, lr_0 = 1.0000e-03
Loss = 1.5264e-01, PNorm = 54.9473, GNorm = 0.4994, lr_0 = 1.0000e-03
Loss = 2.0031e-01, PNorm = 54.9942, GNorm = 1.3576, lr_0 = 1.0000e-03
Loss = 2.1683e-01, PNorm = 55.0521, GNorm = 5.4064, lr_0 = 1.0000e-03
Loss = 2.2234e-01, PNorm = 55.0983, GNorm = 3.7219, lr_0 = 1.0000e-03
Loss = 2.1410e-01, PNorm = 55.1458, GNorm = 4.2588, lr_0 = 1.0000e-03
Loss = 1.5960e-01, PNorm = 55.2031, GNorm = 1.6184, lr_0 = 1.0000e-03
Loss = 1.6218e-01, PNorm = 55.2465, GNorm = 1.4081, lr_0 = 1.0000e-03
Loss = 1.6607e-01, PNorm = 55.2955, GNorm = 4.3608, lr_0 = 1.0000e-03
Loss = 1.7777e-01, PNorm = 55.3370, GNorm = 2.1943, lr_0 = 1.0000e-03
Loss = 1.4339e-01, PNorm = 55.3832, GNorm = 2.2175, lr_0 = 1.0000e-03
Loss = 1.8308e-01, PNorm = 55.4336, GNorm = 0.6687, lr_0 = 1.0000e-03
Loss = 1.7902e-01, PNorm = 55.4864, GNorm = 2.9862, lr_0 = 1.0000e-03
Validation rmse = 49.182643
Epoch 3
Loss = 1.4695e-01, PNorm = 55.5364, GNorm = 2.2943, lr_0 = 1.0000e-03
Loss = 1.4617e-01, PNorm = 55.5810, GNorm = 4.5233, lr_0 = 1.0000e-03
Loss = 1.1588e-01, PNorm = 55.6240, GNorm = 0.9369, lr_0 = 1.0000e-03
Loss = 1.5288e-01, PNorm = 55.6693, GNorm = 0.7208, lr_0 = 1.0000e-03
Loss = 1.3999e-01, PNorm = 55.7178, GNorm = 3.9871, lr_0 = 1.0000e-03
Loss = 1.8623e-01, PNorm = 55.7674, GNorm = 4.6948, lr_0 = 1.0000e-03
Loss = 1.4951e-01, PNorm = 55.8164, GNorm = 1.8735, lr_0 = 1.0000e-03
Loss = 1.4865e-01, PNorm = 55.8620, GNorm = 1.6663, lr_0 = 1.0000e-03
Loss = 1.6793e-01, PNorm = 55.9104, GNorm = 0.8178, lr_0 = 1.0000e-03
Loss = 1.4270e-01, PNorm = 55.9613, GNorm = 5.1869, lr_0 = 1.0000e-03
Loss = 1.2736e-01, PNorm = 56.0069, GNorm = 2.5157, lr_0 = 1.0000e-03
Loss = 1.2443e-01, PNorm = 56.0497, GNorm = 1.1254, lr_0 = 1.0000e-03
Loss = 1.1122e-01, PNorm = 56.1002, GNorm = 1.5874, lr_0 = 1.0000e-03
Loss = 1.3630e-01, PNorm = 56.1387, GNorm = 0.9194, lr_0 = 1.0000e-03
Loss = 1.1850e-01, PNorm = 56.1790, GNorm = 2.3635, lr_0 = 1.0000e-03
Loss = 1.1169e-01, PNorm = 56.2162, GNorm = 1.5656, lr_0 = 1.0000e-03
Loss = 1.1334e-01, PNorm = 56.2582, GNorm = 1.0318, lr_0 = 1.0000e-03
Loss = 1.1761e-01, PNorm = 56.3036, GNorm = 0.9953, lr_0 = 1.0000e-03
Loss = 1.1652e-01, PNorm = 56.3405, GNorm = 1.2922, lr_0 = 1.0000e-03
Loss = 1.5250e-01, PNorm = 56.3852, GNorm = 2.6077, lr_0 = 1.0000e-03
Loss = 1.7122e-01, PNorm = 56.4360, GNorm = 3.3437, lr_0 = 1.0000e-03
Validation rmse = 125.893622
Epoch 4
Loss = 1.0500e+00, PNorm = 56.5053, GNorm = 11.8786, lr_0 = 1.0000e-03
Loss = 4.9964e-01, PNorm = 56.6633, GNorm = 2.4946, lr_0 = 1.0000e-03
Loss = 2.8542e-01, PNorm = 56.8037, GNorm = 2.4111, lr_0 = 1.0000e-03
Loss = 1.8943e-01, PNorm = 56.8997, GNorm = 1.2242, lr_0 = 1.0000e-03
Loss = 1.7311e-01, PNorm = 56.9663, GNorm = 2.3127, lr_0 = 1.0000e-03
Loss = 1.6606e-01, PNorm = 57.0156, GNorm = 0.9412, lr_0 = 1.0000e-03
Loss = 1.4219e-01, PNorm = 57.0651, GNorm = 2.1064, lr_0 = 1.0000e-03
Loss = 1.7660e-01, PNorm = 57.0995, GNorm = 0.7393, lr_0 = 1.0000e-03
Loss = 1.5916e-01, PNorm = 57.1450, GNorm = 3.2894, lr_0 = 1.0000e-03
Loss = 1.4054e-01, PNorm = 57.1872, GNorm = 0.8243, lr_0 = 1.0000e-03
Loss = 1.2754e-01, PNorm = 57.2249, GNorm = 0.6845, lr_0 = 1.0000e-03
Loss = 1.0427e-01, PNorm = 57.2618, GNorm = 0.9704, lr_0 = 1.0000e-03
Loss = 1.3168e-01, PNorm = 57.2950, GNorm = 2.0076, lr_0 = 1.0000e-03
Loss = 1.1816e-01, PNorm = 57.3348, GNorm = 1.7262, lr_0 = 1.0000e-03
Loss = 1.1855e-01, PNorm = 57.3672, GNorm = 1.0036, lr_0 = 1.0000e-03
Loss = 1.1358e-01, PNorm = 57.3980, GNorm = 1.1948, lr_0 = 1.0000e-03
Loss = 1.0642e-01, PNorm = 57.4195, GNorm = 1.7444, lr_0 = 1.0000e-03
Loss = 1.1082e-01, PNorm = 57.4591, GNorm = 2.9667, lr_0 = 1.0000e-03
Loss = 1.0187e-01, PNorm = 57.4924, GNorm = 1.0013, lr_0 = 1.0000e-03
Loss = 8.5961e-02, PNorm = 57.5318, GNorm = 1.1528, lr_0 = 1.0000e-03
Loss = 1.0603e-01, PNorm = 57.5755, GNorm = 1.6279, lr_0 = 1.0000e-03
Loss = 9.4898e-02, PNorm = 57.6044, GNorm = 0.8556, lr_0 = 1.0000e-03
Validation rmse = 61.685476
Epoch 5
Loss = 2.2256e-01, PNorm = 57.6493, GNorm = 2.3480, lr_0 = 9.9979e-04
Loss = 1.4783e-01, PNorm = 57.7014, GNorm = 1.1601, lr_0 = 9.9960e-04
Loss = 1.6106e-01, PNorm = 57.7433, GNorm = 4.1244, lr_0 = 9.9941e-04
Loss = 1.4487e-01, PNorm = 57.7884, GNorm = 0.9680, lr_0 = 9.9922e-04
Loss = 1.1316e-01, PNorm = 57.8190, GNorm = 0.6614, lr_0 = 9.9902e-04
Loss = 1.1052e-01, PNorm = 57.8524, GNorm = 1.2363, lr_0 = 9.9883e-04
Loss = 1.1590e-01, PNorm = 57.8852, GNorm = 1.9954, lr_0 = 9.9864e-04
Loss = 9.8511e-02, PNorm = 57.9142, GNorm = 1.3040, lr_0 = 9.9845e-04
Loss = 1.0654e-01, PNorm = 57.9394, GNorm = 1.0337, lr_0 = 9.9826e-04
Loss = 1.0831e-01, PNorm = 57.9750, GNorm = 1.4924, lr_0 = 9.9807e-04
Loss = 1.1485e-01, PNorm = 58.0056, GNorm = 1.9817, lr_0 = 9.9788e-04
Loss = 1.1170e-01, PNorm = 58.0339, GNorm = 3.5578, lr_0 = 9.9769e-04
Loss = 9.7934e-02, PNorm = 58.0632, GNorm = 0.9883, lr_0 = 9.9750e-04
Loss = 9.1382e-02, PNorm = 58.0972, GNorm = 0.6721, lr_0 = 9.9731e-04
Loss = 8.8454e-02, PNorm = 58.1186, GNorm = 0.7916, lr_0 = 9.9711e-04
Loss = 9.3621e-02, PNorm = 58.1464, GNorm = 0.8398, lr_0 = 9.9692e-04
Loss = 9.0467e-02, PNorm = 58.1754, GNorm = 0.8686, lr_0 = 9.9673e-04
Loss = 9.5479e-02, PNorm = 58.2083, GNorm = 1.5030, lr_0 = 9.9654e-04
Loss = 7.5138e-02, PNorm = 58.2359, GNorm = 1.6305, lr_0 = 9.9635e-04
Loss = 6.9842e-02, PNorm = 58.2520, GNorm = 0.7745, lr_0 = 9.9616e-04
Loss = 8.4600e-02, PNorm = 58.2734, GNorm = 1.0747, lr_0 = 9.9597e-04
Loss = 9.4719e-02, PNorm = 58.3075, GNorm = 0.6908, lr_0 = 9.9578e-04
Validation rmse = 39.499791
Epoch 6
Loss = 5.9519e-02, PNorm = 58.3383, GNorm = 0.5838, lr_0 = 9.9557e-04
Loss = 6.5921e-02, PNorm = 58.3626, GNorm = 0.4547, lr_0 = 9.9538e-04
Loss = 6.7707e-02, PNorm = 58.3819, GNorm = 0.4690, lr_0 = 9.9519e-04
Loss = 8.3344e-02, PNorm = 58.4037, GNorm = 0.5796, lr_0 = 9.9500e-04
Loss = 7.2359e-02, PNorm = 58.4330, GNorm = 0.5629, lr_0 = 9.9481e-04
Loss = 8.8953e-02, PNorm = 58.4601, GNorm = 1.7059, lr_0 = 9.9462e-04
Loss = 8.3960e-02, PNorm = 58.4880, GNorm = 1.0241, lr_0 = 9.9443e-04
Loss = 6.9129e-02, PNorm = 58.5033, GNorm = 0.6243, lr_0 = 9.9424e-04
Loss = 6.5741e-02, PNorm = 58.5283, GNorm = 2.1376, lr_0 = 9.9405e-04
Loss = 5.7471e-02, PNorm = 58.5530, GNorm = 0.8601, lr_0 = 9.9386e-04
Loss = 8.2376e-02, PNorm = 58.5765, GNorm = 0.9955, lr_0 = 9.9367e-04
Loss = 6.7231e-02, PNorm = 58.6061, GNorm = 0.5068, lr_0 = 9.9348e-04
Loss = 7.0652e-02, PNorm = 58.6322, GNorm = 0.3380, lr_0 = 9.9329e-04
Loss = 6.0184e-02, PNorm = 58.6525, GNorm = 0.4629, lr_0 = 9.9310e-04
Loss = 6.9809e-02, PNorm = 58.6782, GNorm = 0.6100, lr_0 = 9.9291e-04
Loss = 6.1700e-02, PNorm = 58.7021, GNorm = 2.1776, lr_0 = 9.9272e-04
Loss = 7.4165e-02, PNorm = 58.7219, GNorm = 0.8981, lr_0 = 9.9253e-04
Loss = 7.4069e-02, PNorm = 58.7510, GNorm = 0.8487, lr_0 = 9.9234e-04
Loss = 6.6420e-02, PNorm = 58.7828, GNorm = 2.0299, lr_0 = 9.9215e-04
Loss = 8.5881e-02, PNorm = 58.8098, GNorm = 1.5609, lr_0 = 9.9196e-04
Loss = 7.9153e-02, PNorm = 58.8325, GNorm = 1.6772, lr_0 = 9.9177e-04
Validation rmse = 41.808773
Epoch 7
Loss = 1.1674e-01, PNorm = 58.8652, GNorm = 1.2494, lr_0 = 9.9156e-04
Loss = 6.3741e-02, PNorm = 58.8829, GNorm = 1.1960, lr_0 = 9.9137e-04
Loss = 7.9922e-02, PNorm = 58.9162, GNorm = 1.6024, lr_0 = 9.9118e-04
Loss = 8.7759e-02, PNorm = 58.9537, GNorm = 1.2795, lr_0 = 9.9099e-04
Loss = 6.3355e-02, PNorm = 58.9881, GNorm = 0.9305, lr_0 = 9.9080e-04
Loss = 7.3029e-02, PNorm = 59.0161, GNorm = 3.0960, lr_0 = 9.9061e-04
Loss = 7.6438e-02, PNorm = 59.0438, GNorm = 0.8338, lr_0 = 9.9042e-04
Loss = 6.3783e-02, PNorm = 59.0682, GNorm = 1.6021, lr_0 = 9.9023e-04
Loss = 8.0819e-02, PNorm = 59.0957, GNorm = 1.5298, lr_0 = 9.9004e-04
Loss = 6.3565e-02, PNorm = 59.1234, GNorm = 0.9283, lr_0 = 9.8985e-04
Loss = 5.9341e-02, PNorm = 59.1475, GNorm = 1.0293, lr_0 = 9.8966e-04
Loss = 6.5062e-02, PNorm = 59.1710, GNorm = 0.6484, lr_0 = 9.8947e-04
Loss = 5.9590e-02, PNorm = 59.1967, GNorm = 0.7408, lr_0 = 9.8928e-04
Loss = 7.0381e-02, PNorm = 59.2242, GNorm = 2.3707, lr_0 = 9.8909e-04
Loss = 7.0975e-02, PNorm = 59.2470, GNorm = 0.9788, lr_0 = 9.8891e-04
Loss = 6.4835e-02, PNorm = 59.2696, GNorm = 1.0666, lr_0 = 9.8872e-04
Loss = 6.5467e-02, PNorm = 59.2987, GNorm = 1.7740, lr_0 = 9.8853e-04
Loss = 5.7747e-02, PNorm = 59.3270, GNorm = 0.7582, lr_0 = 9.8834e-04
Loss = 6.1206e-02, PNorm = 59.3540, GNorm = 1.6578, lr_0 = 9.8815e-04
Loss = 7.9029e-02, PNorm = 59.3781, GNorm = 2.8184, lr_0 = 9.8796e-04
Loss = 8.1413e-02, PNorm = 59.4098, GNorm = 2.5014, lr_0 = 9.8777e-04
Loss = 6.0882e-02, PNorm = 59.4455, GNorm = 0.6270, lr_0 = 9.8758e-04
Validation rmse = 36.086689
Epoch 8
Loss = 5.8605e-02, PNorm = 59.4725, GNorm = 0.8341, lr_0 = 9.8737e-04
Loss = 4.8893e-02, PNorm = 59.4967, GNorm = 0.5733, lr_0 = 9.8718e-04
Loss = 5.5583e-02, PNorm = 59.5121, GNorm = 0.6509, lr_0 = 9.8700e-04
Loss = 4.9108e-02, PNorm = 59.5364, GNorm = 0.8639, lr_0 = 9.8681e-04
Loss = 5.6533e-02, PNorm = 59.5625, GNorm = 1.0862, lr_0 = 9.8662e-04
Loss = 6.0351e-02, PNorm = 59.5931, GNorm = 0.7027, lr_0 = 9.8643e-04
Loss = 6.6399e-02, PNorm = 59.6165, GNorm = 0.9274, lr_0 = 9.8624e-04
Loss = 5.3812e-02, PNorm = 59.6378, GNorm = 0.8469, lr_0 = 9.8605e-04
Loss = 4.6566e-02, PNorm = 59.6604, GNorm = 0.5362, lr_0 = 9.8586e-04
Loss = 5.5007e-02, PNorm = 59.6803, GNorm = 0.3439, lr_0 = 9.8567e-04
Loss = 6.4774e-02, PNorm = 59.7055, GNorm = 1.4313, lr_0 = 9.8549e-04
Loss = 5.2479e-02, PNorm = 59.7293, GNorm = 0.8516, lr_0 = 9.8530e-04
Loss = 6.1035e-02, PNorm = 59.7570, GNorm = 1.0910, lr_0 = 9.8511e-04
Loss = 6.7725e-02, PNorm = 59.7850, GNorm = 0.6616, lr_0 = 9.8492e-04
Loss = 6.1039e-02, PNorm = 59.8075, GNorm = 0.4184, lr_0 = 9.8473e-04
Loss = 6.0479e-02, PNorm = 59.8310, GNorm = 2.0669, lr_0 = 9.8454e-04
Loss = 6.1357e-02, PNorm = 59.8517, GNorm = 1.4757, lr_0 = 9.8435e-04
Loss = 5.6009e-02, PNorm = 59.8731, GNorm = 1.0519, lr_0 = 9.8417e-04
Loss = 4.8867e-02, PNorm = 59.8960, GNorm = 1.3038, lr_0 = 9.8398e-04
Loss = 5.0845e-02, PNorm = 59.9181, GNorm = 0.9235, lr_0 = 9.8379e-04
Loss = 6.4747e-02, PNorm = 59.9436, GNorm = 2.8788, lr_0 = 9.8360e-04
Loss = 4.4626e-02, PNorm = 59.9621, GNorm = 0.6371, lr_0 = 9.8341e-04
Validation rmse = 36.014671
Epoch 9
Loss = 5.0418e-02, PNorm = 59.9941, GNorm = 1.3265, lr_0 = 9.8321e-04
Loss = 4.8685e-02, PNorm = 60.0132, GNorm = 0.5532, lr_0 = 9.8302e-04
Loss = 5.7819e-02, PNorm = 60.0344, GNorm = 2.0410, lr_0 = 9.8283e-04
Loss = 4.6988e-02, PNorm = 60.0564, GNorm = 0.5335, lr_0 = 9.8264e-04
Loss = 4.9511e-02, PNorm = 60.0796, GNorm = 0.6206, lr_0 = 9.8245e-04
Loss = 4.8337e-02, PNorm = 60.0962, GNorm = 0.7302, lr_0 = 9.8227e-04
Loss = 5.4708e-02, PNorm = 60.1199, GNorm = 0.5285, lr_0 = 9.8208e-04
Loss = 4.6282e-02, PNorm = 60.1426, GNorm = 0.6787, lr_0 = 9.8189e-04
Loss = 4.3281e-02, PNorm = 60.1676, GNorm = 0.8855, lr_0 = 9.8170e-04
Loss = 5.5670e-02, PNorm = 60.1928, GNorm = 0.7995, lr_0 = 9.8151e-04
Loss = 4.8954e-02, PNorm = 60.2132, GNorm = 0.5300, lr_0 = 9.8133e-04
Loss = 6.3962e-02, PNorm = 60.2305, GNorm = 0.4180, lr_0 = 9.8114e-04
Loss = 4.4681e-02, PNorm = 60.2472, GNorm = 0.5231, lr_0 = 9.8095e-04
Loss = 4.0432e-02, PNorm = 60.2760, GNorm = 0.7757, lr_0 = 9.8076e-04
Loss = 4.5302e-02, PNorm = 60.2944, GNorm = 0.7809, lr_0 = 9.8058e-04
Loss = 5.5058e-02, PNorm = 60.3199, GNorm = 1.0687, lr_0 = 9.8039e-04
Loss = 4.5824e-02, PNorm = 60.3442, GNorm = 0.3612, lr_0 = 9.8020e-04
Loss = 6.6123e-02, PNorm = 60.3731, GNorm = 2.3447, lr_0 = 9.8001e-04
Loss = 5.9330e-02, PNorm = 60.4055, GNorm = 1.3791, lr_0 = 9.7983e-04
Loss = 6.9057e-02, PNorm = 60.4368, GNorm = 1.6694, lr_0 = 9.7964e-04
Loss = 5.7801e-02, PNorm = 60.4706, GNorm = 0.6264, lr_0 = 9.7945e-04
Loss = 5.1102e-02, PNorm = 60.4954, GNorm = 0.7053, lr_0 = 9.7926e-04
Loss = 3.1655e-02, PNorm = 60.4973, GNorm = 2.1496, lr_0 = 9.7924e-04
Validation rmse = 33.327936
Epoch 10
Loss = 5.5142e-02, PNorm = 60.5309, GNorm = 0.7907, lr_0 = 9.7906e-04
Loss = 4.2358e-02, PNorm = 60.5613, GNorm = 0.9222, lr_0 = 9.7887e-04
Loss = 4.6403e-02, PNorm = 60.5848, GNorm = 0.6079, lr_0 = 9.7868e-04
Loss = 4.4291e-02, PNorm = 60.6030, GNorm = 0.4316, lr_0 = 9.7850e-04
Loss = 4.3258e-02, PNorm = 60.6161, GNorm = 1.0571, lr_0 = 9.7831e-04
Loss = 4.0118e-02, PNorm = 60.6344, GNorm = 1.2621, lr_0 = 9.7812e-04
Loss = 4.9904e-02, PNorm = 60.6559, GNorm = 1.9991, lr_0 = 9.7793e-04
Loss = 5.4439e-02, PNorm = 60.6760, GNorm = 2.1568, lr_0 = 9.7775e-04
Loss = 4.2750e-02, PNorm = 60.7033, GNorm = 2.0152, lr_0 = 9.7756e-04
Loss = 4.9227e-02, PNorm = 60.7298, GNorm = 0.7831, lr_0 = 9.7737e-04
Loss = 3.7616e-02, PNorm = 60.7539, GNorm = 0.6232, lr_0 = 9.7719e-04
Loss = 4.9596e-02, PNorm = 60.7688, GNorm = 0.6755, lr_0 = 9.7700e-04
Loss = 4.4806e-02, PNorm = 60.7874, GNorm = 1.5670, lr_0 = 9.7681e-04
Loss = 5.5331e-02, PNorm = 60.8113, GNorm = 2.0872, lr_0 = 9.7662e-04
Loss = 5.1320e-02, PNorm = 60.8413, GNorm = 1.4900, lr_0 = 9.7644e-04
Loss = 6.5591e-02, PNorm = 60.8657, GNorm = 1.0269, lr_0 = 9.7625e-04
Loss = 4.6477e-02, PNorm = 60.8986, GNorm = 0.7844, lr_0 = 9.7606e-04
Loss = 4.7750e-02, PNorm = 60.9323, GNorm = 0.7051, lr_0 = 9.7588e-04
Loss = 5.4249e-02, PNorm = 60.9620, GNorm = 0.5598, lr_0 = 9.7569e-04
Loss = 5.0293e-02, PNorm = 60.9873, GNorm = 0.7473, lr_0 = 9.7550e-04
Loss = 4.4857e-02, PNorm = 61.0150, GNorm = 0.8547, lr_0 = 9.7532e-04
Validation rmse = 32.787672
Epoch 11
Loss = 6.1787e-02, PNorm = 61.0329, GNorm = 0.8159, lr_0 = 9.7511e-04
Loss = 3.5954e-02, PNorm = 61.0532, GNorm = 0.3833, lr_0 = 9.7493e-04
Loss = 4.5711e-02, PNorm = 61.0774, GNorm = 0.6049, lr_0 = 9.7474e-04
Loss = 4.7553e-02, PNorm = 61.1037, GNorm = 1.0221, lr_0 = 9.7455e-04
Loss = 3.8647e-02, PNorm = 61.1301, GNorm = 1.2400, lr_0 = 9.7437e-04
Loss = 4.5482e-02, PNorm = 61.1499, GNorm = 0.3480, lr_0 = 9.7418e-04
Loss = 3.2847e-02, PNorm = 61.1786, GNorm = 0.3286, lr_0 = 9.7399e-04
Loss = 4.0471e-02, PNorm = 61.1994, GNorm = 0.8360, lr_0 = 9.7381e-04
Loss = 3.8745e-02, PNorm = 61.2192, GNorm = 0.3819, lr_0 = 9.7362e-04
Loss = 4.1814e-02, PNorm = 61.2356, GNorm = 0.7349, lr_0 = 9.7343e-04
Loss = 4.3407e-02, PNorm = 61.2563, GNorm = 0.5464, lr_0 = 9.7325e-04
Loss = 3.6357e-02, PNorm = 61.2762, GNorm = 0.5389, lr_0 = 9.7306e-04
Loss = 4.8325e-02, PNorm = 61.2960, GNorm = 0.5049, lr_0 = 9.7288e-04
Loss = 4.7951e-02, PNorm = 61.3146, GNorm = 2.2359, lr_0 = 9.7269e-04
Loss = 5.2978e-02, PNorm = 61.3352, GNorm = 0.7846, lr_0 = 9.7250e-04
Loss = 4.1761e-02, PNorm = 61.3612, GNorm = 0.6690, lr_0 = 9.7232e-04
Loss = 4.6792e-02, PNorm = 61.3873, GNorm = 0.5268, lr_0 = 9.7213e-04
Loss = 3.8155e-02, PNorm = 61.4135, GNorm = 0.7208, lr_0 = 9.7194e-04
Loss = 4.0018e-02, PNorm = 61.4405, GNorm = 0.6515, lr_0 = 9.7176e-04
Loss = 3.8453e-02, PNorm = 61.4621, GNorm = 2.1040, lr_0 = 9.7157e-04
Loss = 4.7372e-02, PNorm = 61.4882, GNorm = 1.4044, lr_0 = 9.7139e-04
Loss = 4.6784e-02, PNorm = 61.5145, GNorm = 0.5466, lr_0 = 9.7120e-04
Validation rmse = 35.063050
Epoch 12
Loss = 5.2192e-02, PNorm = 61.5325, GNorm = 0.3991, lr_0 = 9.7100e-04
Loss = 4.5367e-02, PNorm = 61.5567, GNorm = 0.4273, lr_0 = 9.7081e-04
Loss = 4.4113e-02, PNorm = 61.5802, GNorm = 0.7682, lr_0 = 9.7062e-04
Loss = 3.9488e-02, PNorm = 61.6121, GNorm = 1.3439, lr_0 = 9.7044e-04
Loss = 3.7163e-02, PNorm = 61.6314, GNorm = 0.9191, lr_0 = 9.7025e-04
Loss = 4.2689e-02, PNorm = 61.6420, GNorm = 1.1301, lr_0 = 9.7007e-04
Loss = 3.2310e-02, PNorm = 61.6611, GNorm = 0.3370, lr_0 = 9.6988e-04
Loss = 3.8158e-02, PNorm = 61.6871, GNorm = 0.4957, lr_0 = 9.6970e-04
Loss = 4.0375e-02, PNorm = 61.7026, GNorm = 1.4545, lr_0 = 9.6951e-04
Loss = 3.1347e-02, PNorm = 61.7181, GNorm = 1.2412, lr_0 = 9.6933e-04
Loss = 4.4136e-02, PNorm = 61.7430, GNorm = 1.2095, lr_0 = 9.6914e-04
Loss = 4.6548e-02, PNorm = 61.7583, GNorm = 1.5564, lr_0 = 9.6895e-04
Loss = 4.0013e-02, PNorm = 61.7770, GNorm = 0.6523, lr_0 = 9.6877e-04
Loss = 4.9438e-02, PNorm = 61.7996, GNorm = 1.1150, lr_0 = 9.6858e-04
Loss = 4.3734e-02, PNorm = 61.8213, GNorm = 0.9756, lr_0 = 9.6840e-04
Loss = 3.4546e-02, PNorm = 61.8383, GNorm = 0.4379, lr_0 = 9.6821e-04
Loss = 3.2124e-02, PNorm = 61.8612, GNorm = 0.7132, lr_0 = 9.6803e-04
Loss = 3.5387e-02, PNorm = 61.8766, GNorm = 0.7129, lr_0 = 9.6784e-04
Loss = 4.9177e-02, PNorm = 61.8953, GNorm = 1.2940, lr_0 = 9.6766e-04
Loss = 4.4846e-02, PNorm = 61.9174, GNorm = 1.5445, lr_0 = 9.6747e-04
Loss = 5.0378e-02, PNorm = 61.9456, GNorm = 2.0347, lr_0 = 9.6729e-04
Loss = 5.1999e-02, PNorm = 61.9848, GNorm = 1.0150, lr_0 = 9.6710e-04
Validation rmse = 35.144591
Epoch 13
Loss = 3.6288e-02, PNorm = 62.0263, GNorm = 1.1189, lr_0 = 9.6692e-04
Loss = 4.7536e-02, PNorm = 62.0454, GNorm = 0.6213, lr_0 = 9.6673e-04
Loss = 3.9804e-02, PNorm = 62.0619, GNorm = 1.7705, lr_0 = 9.6655e-04
Loss = 3.8112e-02, PNorm = 62.0789, GNorm = 0.4570, lr_0 = 9.6636e-04
Loss = 3.8332e-02, PNorm = 62.1025, GNorm = 0.3707, lr_0 = 9.6618e-04
Loss = 3.9504e-02, PNorm = 62.1300, GNorm = 0.6792, lr_0 = 9.6599e-04
Loss = 4.0237e-02, PNorm = 62.1520, GNorm = 1.3574, lr_0 = 9.6581e-04
Loss = 3.8997e-02, PNorm = 62.1683, GNorm = 0.4878, lr_0 = 9.6562e-04
Loss = 3.7185e-02, PNorm = 62.1840, GNorm = 0.8367, lr_0 = 9.6544e-04
Loss = 3.7542e-02, PNorm = 62.2010, GNorm = 0.6729, lr_0 = 9.6525e-04
Loss = 3.6255e-02, PNorm = 62.2215, GNorm = 0.9994, lr_0 = 9.6507e-04
Loss = 4.1486e-02, PNorm = 62.2478, GNorm = 0.6332, lr_0 = 9.6488e-04
Loss = 4.0799e-02, PNorm = 62.2729, GNorm = 0.5927, lr_0 = 9.6470e-04
Loss = 3.7529e-02, PNorm = 62.2982, GNorm = 0.4112, lr_0 = 9.6451e-04
Loss = 3.8646e-02, PNorm = 62.3215, GNorm = 0.5230, lr_0 = 9.6433e-04
Loss = 3.7033e-02, PNorm = 62.3371, GNorm = 0.3295, lr_0 = 9.6415e-04
Loss = 3.8275e-02, PNorm = 62.3576, GNorm = 0.6757, lr_0 = 9.6396e-04
Loss = 4.0710e-02, PNorm = 62.3792, GNorm = 1.1453, lr_0 = 9.6378e-04
Loss = 4.1869e-02, PNorm = 62.4077, GNorm = 1.0751, lr_0 = 9.6359e-04
Loss = 3.7792e-02, PNorm = 62.4301, GNorm = 0.5295, lr_0 = 9.6341e-04
Loss = 3.4706e-02, PNorm = 62.4521, GNorm = 0.3671, lr_0 = 9.6322e-04
Validation rmse = 32.897517
Epoch 14
Loss = 1.7582e-02, PNorm = 62.4842, GNorm = 0.4485, lr_0 = 9.6302e-04
Loss = 2.8662e-02, PNorm = 62.5091, GNorm = 0.5981, lr_0 = 9.6284e-04
Loss = 2.7851e-02, PNorm = 62.5366, GNorm = 0.4045, lr_0 = 9.6265e-04
Loss = 2.6527e-02, PNorm = 62.5504, GNorm = 1.1596, lr_0 = 9.6247e-04
Loss = 3.7912e-02, PNorm = 62.5602, GNorm = 0.7317, lr_0 = 9.6228e-04
Loss = 3.6964e-02, PNorm = 62.5809, GNorm = 0.4731, lr_0 = 9.6210e-04
Loss = 2.8837e-02, PNorm = 62.5992, GNorm = 0.3118, lr_0 = 9.6192e-04
Loss = 2.9693e-02, PNorm = 62.6148, GNorm = 0.4354, lr_0 = 9.6173e-04
Loss = 3.0330e-02, PNorm = 62.6283, GNorm = 0.4983, lr_0 = 9.6155e-04
Loss = 2.5389e-02, PNorm = 62.6414, GNorm = 0.4493, lr_0 = 9.6136e-04
Loss = 2.4464e-02, PNorm = 62.6593, GNorm = 0.4596, lr_0 = 9.6118e-04
Loss = 3.0657e-02, PNorm = 62.6802, GNorm = 0.4550, lr_0 = 9.6100e-04
Loss = 3.3423e-02, PNorm = 62.6967, GNorm = 0.9309, lr_0 = 9.6081e-04
Loss = 3.3377e-02, PNorm = 62.7108, GNorm = 0.5662, lr_0 = 9.6063e-04
Loss = 3.3995e-02, PNorm = 62.7309, GNorm = 1.0035, lr_0 = 9.6044e-04
Loss = 4.0559e-02, PNorm = 62.7523, GNorm = 0.6735, lr_0 = 9.6026e-04
Loss = 3.1519e-02, PNorm = 62.7732, GNorm = 0.4174, lr_0 = 9.6008e-04
Loss = 3.3000e-02, PNorm = 62.7891, GNorm = 0.3646, lr_0 = 9.5989e-04
Loss = 3.5274e-02, PNorm = 62.8103, GNorm = 0.5075, lr_0 = 9.5971e-04
Loss = 2.9225e-02, PNorm = 62.8295, GNorm = 0.6129, lr_0 = 9.5953e-04
Loss = 3.1112e-02, PNorm = 62.8488, GNorm = 1.3692, lr_0 = 9.5934e-04
Loss = 3.0797e-02, PNorm = 62.8668, GNorm = 0.3401, lr_0 = 9.5916e-04
Validation rmse = 37.868809
Epoch 15
Loss = 7.5413e-02, PNorm = 62.8904, GNorm = 1.4891, lr_0 = 9.5896e-04
Loss = 5.3351e-02, PNorm = 62.9248, GNorm = 0.5499, lr_0 = 9.5877e-04
Loss = 5.2512e-02, PNorm = 62.9604, GNorm = 0.5614, lr_0 = 9.5859e-04
Loss = 4.2887e-02, PNorm = 62.9987, GNorm = 0.2908, lr_0 = 9.5841e-04
Loss = 4.3017e-02, PNorm = 63.0307, GNorm = 0.5660, lr_0 = 9.5822e-04
Loss = 3.8923e-02, PNorm = 63.0649, GNorm = 1.1016, lr_0 = 9.5804e-04
Loss = 3.4897e-02, PNorm = 63.0970, GNorm = 0.6913, lr_0 = 9.5786e-04
Loss = 3.3599e-02, PNorm = 63.1230, GNorm = 0.7124, lr_0 = 9.5767e-04
Loss = 3.0714e-02, PNorm = 63.1373, GNorm = 0.3859, lr_0 = 9.5749e-04
Loss = 2.6073e-02, PNorm = 63.1539, GNorm = 0.4205, lr_0 = 9.5731e-04
Loss = 3.2548e-02, PNorm = 63.1752, GNorm = 0.7511, lr_0 = 9.5712e-04
Loss = 3.0416e-02, PNorm = 63.1922, GNorm = 0.4229, lr_0 = 9.5694e-04
Loss = 2.4215e-02, PNorm = 63.2067, GNorm = 0.3893, lr_0 = 9.5676e-04
Loss = 3.2649e-02, PNorm = 63.2260, GNorm = 0.5064, lr_0 = 9.5657e-04
Loss = 3.1782e-02, PNorm = 63.2499, GNorm = 0.9519, lr_0 = 9.5639e-04
Loss = 2.8155e-02, PNorm = 63.2705, GNorm = 0.3145, lr_0 = 9.5621e-04
Loss = 2.8769e-02, PNorm = 63.2854, GNorm = 0.9706, lr_0 = 9.5602e-04
Loss = 3.0740e-02, PNorm = 63.3069, GNorm = 0.9139, lr_0 = 9.5584e-04
Loss = 3.2976e-02, PNorm = 63.3193, GNorm = 0.4364, lr_0 = 9.5566e-04
Loss = 2.2194e-02, PNorm = 63.3365, GNorm = 0.3813, lr_0 = 9.5548e-04
Loss = 3.8262e-02, PNorm = 63.3571, GNorm = 1.4820, lr_0 = 9.5529e-04
Loss = 3.4127e-02, PNorm = 63.3791, GNorm = 0.5466, lr_0 = 9.5511e-04
Validation rmse = 36.138221
Epoch 16
Loss = 3.2853e-02, PNorm = 63.4070, GNorm = 0.9138, lr_0 = 9.5491e-04
Loss = 2.9266e-02, PNorm = 63.4280, GNorm = 0.8839, lr_0 = 9.5473e-04
Loss = 2.9571e-02, PNorm = 63.4443, GNorm = 0.5034, lr_0 = 9.5454e-04
Loss = 2.3826e-02, PNorm = 63.4651, GNorm = 0.8895, lr_0 = 9.5436e-04
Loss = 2.8451e-02, PNorm = 63.4834, GNorm = 0.7252, lr_0 = 9.5418e-04
Loss = 4.6405e-02, PNorm = 63.5106, GNorm = 1.1855, lr_0 = 9.5400e-04
Loss = 3.6376e-02, PNorm = 63.5400, GNorm = 0.5397, lr_0 = 9.5381e-04
Loss = 3.6059e-02, PNorm = 63.5729, GNorm = 0.4706, lr_0 = 9.5363e-04
Loss = 2.9015e-02, PNorm = 63.5923, GNorm = 0.3197, lr_0 = 9.5345e-04
Loss = 3.2770e-02, PNorm = 63.6155, GNorm = 0.5516, lr_0 = 9.5327e-04
Loss = 3.3015e-02, PNorm = 63.6495, GNorm = 0.5264, lr_0 = 9.5308e-04
Loss = 4.6290e-02, PNorm = 63.6810, GNorm = 0.4221, lr_0 = 9.5290e-04
Loss = 3.6648e-02, PNorm = 63.7148, GNorm = 0.8674, lr_0 = 9.5272e-04
Loss = 3.4091e-02, PNorm = 63.7428, GNorm = 1.2353, lr_0 = 9.5254e-04
Loss = 3.2670e-02, PNorm = 63.7683, GNorm = 0.7614, lr_0 = 9.5235e-04
Loss = 3.2580e-02, PNorm = 63.7840, GNorm = 0.4099, lr_0 = 9.5217e-04
Loss = 2.8428e-02, PNorm = 63.7986, GNorm = 1.1164, lr_0 = 9.5199e-04
Loss = 2.6865e-02, PNorm = 63.8240, GNorm = 0.6383, lr_0 = 9.5181e-04
Loss = 2.7332e-02, PNorm = 63.8418, GNorm = 0.5811, lr_0 = 9.5163e-04
Loss = 3.2504e-02, PNorm = 63.8533, GNorm = 1.2031, lr_0 = 9.5144e-04
Loss = 3.1626e-02, PNorm = 63.8651, GNorm = 0.5281, lr_0 = 9.5126e-04
Loss = 2.7584e-02, PNorm = 63.8830, GNorm = 0.4761, lr_0 = 9.5108e-04
Loss = 4.4496e-02, PNorm = 63.8849, GNorm = 2.3888, lr_0 = 9.5106e-04
Validation rmse = 36.030939
Epoch 17
Loss = 4.5171e-02, PNorm = 63.9101, GNorm = 0.5837, lr_0 = 9.5088e-04
Loss = 3.1458e-02, PNorm = 63.9382, GNorm = 1.4320, lr_0 = 9.5070e-04
Loss = 3.8186e-02, PNorm = 63.9649, GNorm = 0.6168, lr_0 = 9.5052e-04
Loss = 2.6139e-02, PNorm = 63.9856, GNorm = 0.3825, lr_0 = 9.5033e-04
Loss = 2.0960e-02, PNorm = 64.0057, GNorm = 0.2310, lr_0 = 9.5015e-04
Loss = 2.7689e-02, PNorm = 64.0211, GNorm = 0.6692, lr_0 = 9.4997e-04
Loss = 2.7406e-02, PNorm = 64.0347, GNorm = 0.6790, lr_0 = 9.4979e-04
Loss = 2.8993e-02, PNorm = 64.0499, GNorm = 0.5909, lr_0 = 9.4961e-04
Loss = 2.2313e-02, PNorm = 64.0714, GNorm = 0.4738, lr_0 = 9.4942e-04
Loss = 2.4849e-02, PNorm = 64.0873, GNorm = 0.5986, lr_0 = 9.4924e-04
Loss = 2.9865e-02, PNorm = 64.1029, GNorm = 0.3937, lr_0 = 9.4906e-04
Loss = 3.8784e-02, PNorm = 64.1209, GNorm = 0.8154, lr_0 = 9.4888e-04
Loss = 3.0090e-02, PNorm = 64.1467, GNorm = 1.0374, lr_0 = 9.4870e-04
Loss = 2.7049e-02, PNorm = 64.1678, GNorm = 0.4402, lr_0 = 9.4852e-04
Loss = 3.4586e-02, PNorm = 64.1926, GNorm = 0.3366, lr_0 = 9.4834e-04
Loss = 2.8143e-02, PNorm = 64.2177, GNorm = 0.9197, lr_0 = 9.4815e-04
Loss = 2.5372e-02, PNorm = 64.2419, GNorm = 0.3395, lr_0 = 9.4797e-04
Loss = 2.2331e-02, PNorm = 64.2516, GNorm = 0.3241, lr_0 = 9.4779e-04
Loss = 2.8421e-02, PNorm = 64.2671, GNorm = 0.5539, lr_0 = 9.4761e-04
Loss = 2.4272e-02, PNorm = 64.2873, GNorm = 0.4698, lr_0 = 9.4743e-04
Loss = 1.9546e-02, PNorm = 64.3084, GNorm = 0.3043, lr_0 = 9.4725e-04
Validation rmse = 33.012443
Epoch 18
Loss = 2.1984e-02, PNorm = 64.3262, GNorm = 0.8355, lr_0 = 9.4705e-04
Loss = 2.5801e-02, PNorm = 64.3476, GNorm = 0.7858, lr_0 = 9.4687e-04
Loss = 2.8124e-02, PNorm = 64.3634, GNorm = 0.7651, lr_0 = 9.4669e-04
Loss = 2.6799e-02, PNorm = 64.3755, GNorm = 0.1859, lr_0 = 9.4650e-04
Loss = 2.6685e-02, PNorm = 64.3964, GNorm = 0.7641, lr_0 = 9.4632e-04
Loss = 3.5949e-02, PNorm = 64.4190, GNorm = 0.6253, lr_0 = 9.4614e-04
Loss = 2.7014e-02, PNorm = 64.4437, GNorm = 0.7069, lr_0 = 9.4596e-04
Loss = 2.3792e-02, PNorm = 64.4616, GNorm = 0.4014, lr_0 = 9.4578e-04
Loss = 2.7449e-02, PNorm = 64.4788, GNorm = 0.4122, lr_0 = 9.4560e-04
Loss = 2.5883e-02, PNorm = 64.5050, GNorm = 0.5313, lr_0 = 9.4542e-04
Loss = 2.7910e-02, PNorm = 64.5264, GNorm = 0.4003, lr_0 = 9.4524e-04
Loss = 2.4972e-02, PNorm = 64.5469, GNorm = 0.9367, lr_0 = 9.4506e-04
Loss = 2.7384e-02, PNorm = 64.5609, GNorm = 0.3510, lr_0 = 9.4488e-04
Loss = 2.3097e-02, PNorm = 64.5745, GNorm = 0.2898, lr_0 = 9.4469e-04
Loss = 2.6972e-02, PNorm = 64.5957, GNorm = 0.8697, lr_0 = 9.4451e-04
Loss = 2.5084e-02, PNorm = 64.6140, GNorm = 0.6425, lr_0 = 9.4433e-04
Loss = 2.9766e-02, PNorm = 64.6284, GNorm = 0.6831, lr_0 = 9.4415e-04
Loss = 2.3442e-02, PNorm = 64.6476, GNorm = 0.7549, lr_0 = 9.4397e-04
Loss = 3.0904e-02, PNorm = 64.6680, GNorm = 0.5084, lr_0 = 9.4379e-04
Loss = 2.9865e-02, PNorm = 64.6894, GNorm = 0.7318, lr_0 = 9.4361e-04
Loss = 2.8983e-02, PNorm = 64.7081, GNorm = 0.4964, lr_0 = 9.4343e-04
Loss = 2.4626e-02, PNorm = 64.7284, GNorm = 0.3829, lr_0 = 9.4325e-04
Validation rmse = 33.146292
Epoch 19
Loss = 3.1057e-02, PNorm = 64.7468, GNorm = 0.3267, lr_0 = 9.4305e-04
Loss = 3.2986e-02, PNorm = 64.7669, GNorm = 0.6643, lr_0 = 9.4287e-04
Loss = 2.3947e-02, PNorm = 64.7967, GNorm = 0.2632, lr_0 = 9.4269e-04
Loss = 2.2902e-02, PNorm = 64.8175, GNorm = 0.2441, lr_0 = 9.4251e-04
Loss = 1.6299e-02, PNorm = 64.8342, GNorm = 0.5719, lr_0 = 9.4233e-04
Loss = 2.3887e-02, PNorm = 64.8471, GNorm = 1.1790, lr_0 = 9.4215e-04
Loss = 2.2521e-02, PNorm = 64.8610, GNorm = 0.3031, lr_0 = 9.4197e-04
Loss = 2.8528e-02, PNorm = 64.8799, GNorm = 0.4593, lr_0 = 9.4179e-04
Loss = 2.4375e-02, PNorm = 64.8996, GNorm = 0.5642, lr_0 = 9.4161e-04
Loss = 2.3166e-02, PNorm = 64.9220, GNorm = 0.5019, lr_0 = 9.4143e-04
Loss = 1.7800e-02, PNorm = 64.9378, GNorm = 0.4044, lr_0 = 9.4125e-04
Loss = 2.6502e-02, PNorm = 64.9495, GNorm = 0.7534, lr_0 = 9.4107e-04
Loss = 3.8954e-02, PNorm = 64.9679, GNorm = 0.3891, lr_0 = 9.4089e-04
Loss = 3.6355e-02, PNorm = 65.0067, GNorm = 0.5085, lr_0 = 9.4071e-04
Loss = 2.9783e-02, PNorm = 65.0389, GNorm = 0.5087, lr_0 = 9.4053e-04
Loss = 2.9320e-02, PNorm = 65.0585, GNorm = 0.9281, lr_0 = 9.4035e-04
Loss = 2.9865e-02, PNorm = 65.0838, GNorm = 0.5737, lr_0 = 9.4017e-04
Loss = 3.0128e-02, PNorm = 65.1144, GNorm = 0.6112, lr_0 = 9.3999e-04
Loss = 3.7090e-02, PNorm = 65.1412, GNorm = 1.2011, lr_0 = 9.3981e-04
Loss = 2.8079e-02, PNorm = 65.1658, GNorm = 1.2684, lr_0 = 9.3963e-04
Loss = 2.9483e-02, PNorm = 65.1884, GNorm = 0.5284, lr_0 = 9.3945e-04
Loss = 2.9171e-02, PNorm = 65.2112, GNorm = 0.5991, lr_0 = 9.3927e-04
Validation rmse = 33.152562
Epoch 20
Loss = 2.6732e-02, PNorm = 65.2342, GNorm = 0.5836, lr_0 = 9.3907e-04
Loss = 2.9390e-02, PNorm = 65.2595, GNorm = 0.9866, lr_0 = 9.3889e-04
Loss = 2.0787e-02, PNorm = 65.2821, GNorm = 0.3319, lr_0 = 9.3871e-04
Loss = 2.4689e-02, PNorm = 65.2940, GNorm = 0.4499, lr_0 = 9.3853e-04
Loss = 2.4812e-02, PNorm = 65.3125, GNorm = 0.4365, lr_0 = 9.3835e-04
Loss = 2.1521e-02, PNorm = 65.3368, GNorm = 0.7888, lr_0 = 9.3817e-04
Loss = 1.9928e-02, PNorm = 65.3610, GNorm = 0.5200, lr_0 = 9.3799e-04
Loss = 2.2735e-02, PNorm = 65.3773, GNorm = 0.4235, lr_0 = 9.3781e-04
Loss = 2.0644e-02, PNorm = 65.3857, GNorm = 0.4708, lr_0 = 9.3763e-04
Loss = 2.2795e-02, PNorm = 65.3935, GNorm = 0.2833, lr_0 = 9.3745e-04
Loss = 2.0558e-02, PNorm = 65.4108, GNorm = 0.4432, lr_0 = 9.3728e-04
Loss = 2.4575e-02, PNorm = 65.4316, GNorm = 0.7237, lr_0 = 9.3710e-04
Loss = 2.9810e-02, PNorm = 65.4572, GNorm = 0.5651, lr_0 = 9.3692e-04
Loss = 2.1411e-02, PNorm = 65.4844, GNorm = 0.7285, lr_0 = 9.3674e-04
Loss = 2.7955e-02, PNorm = 65.5113, GNorm = 0.6289, lr_0 = 9.3656e-04
Loss = 2.6090e-02, PNorm = 65.5323, GNorm = 0.5632, lr_0 = 9.3638e-04
Loss = 1.9969e-02, PNorm = 65.5487, GNorm = 0.5099, lr_0 = 9.3620e-04
Loss = 2.8159e-02, PNorm = 65.5634, GNorm = 0.6971, lr_0 = 9.3602e-04
Loss = 2.3397e-02, PNorm = 65.5799, GNorm = 0.8845, lr_0 = 9.3584e-04
Loss = 2.2002e-02, PNorm = 65.6044, GNorm = 0.3309, lr_0 = 9.3566e-04
Loss = 2.0175e-02, PNorm = 65.6212, GNorm = 0.2895, lr_0 = 9.3548e-04
Validation rmse = 33.329455
Epoch 21
Loss = 1.8915e-02, PNorm = 65.6417, GNorm = 0.4572, lr_0 = 9.3529e-04
Loss = 2.5542e-02, PNorm = 65.6640, GNorm = 0.4812, lr_0 = 9.3511e-04
Loss = 2.2096e-02, PNorm = 65.6880, GNorm = 0.4095, lr_0 = 9.3493e-04
Loss = 2.0126e-02, PNorm = 65.7109, GNorm = 0.3853, lr_0 = 9.3475e-04
Loss = 1.7712e-02, PNorm = 65.7261, GNorm = 0.3575, lr_0 = 9.3457e-04
Loss = 1.6768e-02, PNorm = 65.7443, GNorm = 0.2688, lr_0 = 9.3439e-04
Loss = 2.2654e-02, PNorm = 65.7596, GNorm = 0.3872, lr_0 = 9.3421e-04
Loss = 1.5988e-02, PNorm = 65.7760, GNorm = 0.6112, lr_0 = 9.3403e-04
Loss = 1.7976e-02, PNorm = 65.7920, GNorm = 0.6570, lr_0 = 9.3386e-04
Loss = 1.8151e-02, PNorm = 65.8069, GNorm = 0.3023, lr_0 = 9.3368e-04
Loss = 2.1184e-02, PNorm = 65.8270, GNorm = 0.4649, lr_0 = 9.3350e-04
Loss = 2.2047e-02, PNorm = 65.8424, GNorm = 0.6777, lr_0 = 9.3332e-04
Loss = 2.0325e-02, PNorm = 65.8582, GNorm = 0.5026, lr_0 = 9.3314e-04
Loss = 2.2416e-02, PNorm = 65.8771, GNorm = 0.5230, lr_0 = 9.3296e-04
Loss = 2.2553e-02, PNorm = 65.9026, GNorm = 0.2574, lr_0 = 9.3278e-04
Loss = 2.8107e-02, PNorm = 65.9197, GNorm = 0.9067, lr_0 = 9.3261e-04
Loss = 2.2174e-02, PNorm = 65.9344, GNorm = 0.3839, lr_0 = 9.3243e-04
Loss = 2.0631e-02, PNorm = 65.9549, GNorm = 0.4691, lr_0 = 9.3225e-04
Loss = 2.5743e-02, PNorm = 65.9732, GNorm = 0.8505, lr_0 = 9.3207e-04
Loss = 1.8101e-02, PNorm = 65.9993, GNorm = 0.2306, lr_0 = 9.3189e-04
Loss = 2.0360e-02, PNorm = 66.0163, GNorm = 0.7526, lr_0 = 9.3171e-04
Loss = 2.1705e-02, PNorm = 66.0349, GNorm = 0.4574, lr_0 = 9.3154e-04
Validation rmse = 32.236500
Epoch 22
Loss = 2.0789e-02, PNorm = 66.0485, GNorm = 0.7176, lr_0 = 9.3134e-04
Loss = 1.9816e-02, PNorm = 66.0707, GNorm = 0.2968, lr_0 = 9.3116e-04
Loss = 1.5569e-02, PNorm = 66.0868, GNorm = 0.4550, lr_0 = 9.3098e-04
Loss = 1.7160e-02, PNorm = 66.1052, GNorm = 0.3443, lr_0 = 9.3080e-04
Loss = 1.8267e-02, PNorm = 66.1227, GNorm = 0.6192, lr_0 = 9.3063e-04
Loss = 1.6494e-02, PNorm = 66.1336, GNorm = 0.2936, lr_0 = 9.3045e-04
Loss = 1.7196e-02, PNorm = 66.1412, GNorm = 0.2955, lr_0 = 9.3027e-04
Loss = 1.7623e-02, PNorm = 66.1506, GNorm = 0.4744, lr_0 = 9.3009e-04
Loss = 1.7938e-02, PNorm = 66.1704, GNorm = 0.4552, lr_0 = 9.2991e-04
Loss = 1.6568e-02, PNorm = 66.1876, GNorm = 0.3753, lr_0 = 9.2974e-04
Loss = 1.7309e-02, PNorm = 66.1972, GNorm = 0.5246, lr_0 = 9.2956e-04
Loss = 1.9425e-02, PNorm = 66.2194, GNorm = 0.3495, lr_0 = 9.2938e-04
Loss = 1.9274e-02, PNorm = 66.2379, GNorm = 0.3511, lr_0 = 9.2920e-04
Loss = 1.9400e-02, PNorm = 66.2510, GNorm = 0.3205, lr_0 = 9.2903e-04
Loss = 1.9219e-02, PNorm = 66.2744, GNorm = 0.8822, lr_0 = 9.2885e-04
Loss = 2.6216e-02, PNorm = 66.2998, GNorm = 0.2670, lr_0 = 9.2867e-04
Loss = 2.5939e-02, PNorm = 66.3299, GNorm = 0.6395, lr_0 = 9.2849e-04
Loss = 2.5165e-02, PNorm = 66.3553, GNorm = 0.3270, lr_0 = 9.2831e-04
Loss = 1.9981e-02, PNorm = 66.3782, GNorm = 0.5221, lr_0 = 9.2814e-04
Loss = 2.3128e-02, PNorm = 66.4019, GNorm = 0.4317, lr_0 = 9.2796e-04
Loss = 2.0859e-02, PNorm = 66.4195, GNorm = 0.4543, lr_0 = 9.2778e-04
Loss = 2.3896e-02, PNorm = 66.4389, GNorm = 0.5269, lr_0 = 9.2760e-04
Validation rmse = 31.623648
Epoch 23
Loss = 3.2245e-02, PNorm = 66.4669, GNorm = 1.5363, lr_0 = 9.2741e-04
Loss = 2.9530e-02, PNorm = 66.4986, GNorm = 0.5459, lr_0 = 9.2723e-04
Loss = 2.3094e-02, PNorm = 66.5241, GNorm = 0.8797, lr_0 = 9.2705e-04
Loss = 2.5193e-02, PNorm = 66.5598, GNorm = 0.4470, lr_0 = 9.2688e-04
Loss = 1.9279e-02, PNorm = 66.5951, GNorm = 0.4822, lr_0 = 9.2670e-04
Loss = 1.7707e-02, PNorm = 66.6170, GNorm = 0.2712, lr_0 = 9.2652e-04
Loss = 1.6653e-02, PNorm = 66.6354, GNorm = 0.3822, lr_0 = 9.2634e-04
Loss = 2.3425e-02, PNorm = 66.6504, GNorm = 0.4527, lr_0 = 9.2617e-04
Loss = 2.1453e-02, PNorm = 66.6652, GNorm = 0.6587, lr_0 = 9.2599e-04
Loss = 1.6841e-02, PNorm = 66.6821, GNorm = 0.7391, lr_0 = 9.2581e-04
Loss = 2.3425e-02, PNorm = 66.6956, GNorm = 0.4431, lr_0 = 9.2564e-04
Loss = 2.0199e-02, PNorm = 66.7156, GNorm = 0.5308, lr_0 = 9.2546e-04
Loss = 1.9719e-02, PNorm = 66.7303, GNorm = 0.3523, lr_0 = 9.2528e-04
Loss = 1.9206e-02, PNorm = 66.7428, GNorm = 0.7860, lr_0 = 9.2510e-04
Loss = 1.7042e-02, PNorm = 66.7608, GNorm = 0.4358, lr_0 = 9.2493e-04
Loss = 1.6378e-02, PNorm = 66.7751, GNorm = 0.4823, lr_0 = 9.2475e-04
Loss = 1.8338e-02, PNorm = 66.7969, GNorm = 0.5150, lr_0 = 9.2457e-04
Loss = 2.3697e-02, PNorm = 66.8174, GNorm = 1.0825, lr_0 = 9.2440e-04
Loss = 2.8887e-02, PNorm = 66.8405, GNorm = 0.7230, lr_0 = 9.2422e-04
Loss = 2.2184e-02, PNorm = 66.8682, GNorm = 0.9925, lr_0 = 9.2404e-04
Loss = 2.4507e-02, PNorm = 66.8942, GNorm = 0.5280, lr_0 = 9.2387e-04
Validation rmse = 32.285198
Epoch 24
Loss = 3.7236e-02, PNorm = 66.9198, GNorm = 1.2204, lr_0 = 9.2367e-04
Loss = 2.2953e-02, PNorm = 66.9438, GNorm = 0.6240, lr_0 = 9.2349e-04
Loss = 2.9465e-02, PNorm = 66.9678, GNorm = 0.3266, lr_0 = 9.2332e-04
Loss = 2.6322e-02, PNorm = 66.9970, GNorm = 0.6113, lr_0 = 9.2314e-04
Loss = 2.4438e-02, PNorm = 67.0302, GNorm = 0.4223, lr_0 = 9.2296e-04
Loss = 2.0503e-02, PNorm = 67.0479, GNorm = 0.2451, lr_0 = 9.2279e-04
Loss = 2.0725e-02, PNorm = 67.0725, GNorm = 0.3596, lr_0 = 9.2261e-04
Loss = 2.5242e-02, PNorm = 67.1042, GNorm = 0.9051, lr_0 = 9.2243e-04
Loss = 2.2468e-02, PNorm = 67.1265, GNorm = 1.1268, lr_0 = 9.2226e-04
Loss = 2.5010e-02, PNorm = 67.1438, GNorm = 0.3502, lr_0 = 9.2208e-04
Loss = 1.8981e-02, PNorm = 67.1681, GNorm = 0.4936, lr_0 = 9.2191e-04
Loss = 2.1276e-02, PNorm = 67.1873, GNorm = 0.5384, lr_0 = 9.2173e-04
Loss = 2.0157e-02, PNorm = 67.2145, GNorm = 0.2623, lr_0 = 9.2155e-04
Loss = 1.5522e-02, PNorm = 67.2402, GNorm = 0.3016, lr_0 = 9.2138e-04
Loss = 1.7549e-02, PNorm = 67.2600, GNorm = 0.2319, lr_0 = 9.2120e-04
Loss = 2.4844e-02, PNorm = 67.2787, GNorm = 0.4141, lr_0 = 9.2102e-04
Loss = 1.7671e-02, PNorm = 67.2993, GNorm = 0.6406, lr_0 = 9.2085e-04
Loss = 1.8155e-02, PNorm = 67.3218, GNorm = 0.4801, lr_0 = 9.2067e-04
Loss = 2.0250e-02, PNorm = 67.3351, GNorm = 0.2720, lr_0 = 9.2050e-04
Loss = 2.6268e-02, PNorm = 67.3586, GNorm = 0.3788, lr_0 = 9.2032e-04
Loss = 2.2557e-02, PNorm = 67.3832, GNorm = 0.6337, lr_0 = 9.2014e-04
Loss = 2.1702e-02, PNorm = 67.4110, GNorm = 0.5319, lr_0 = 9.1997e-04
Validation rmse = 31.571194
Epoch 25
Loss = 3.4319e-02, PNorm = 67.4520, GNorm = 0.7743, lr_0 = 9.1979e-04
Loss = 3.4890e-02, PNorm = 67.5097, GNorm = 0.7743, lr_0 = 9.1961e-04
Loss = 3.4455e-02, PNorm = 67.5569, GNorm = 0.4596, lr_0 = 9.1944e-04
Loss = 2.6545e-02, PNorm = 67.6018, GNorm = 0.2788, lr_0 = 9.1926e-04
Loss = 2.6658e-02, PNorm = 67.6312, GNorm = 0.5802, lr_0 = 9.1909e-04
Loss = 2.7367e-02, PNorm = 67.6598, GNorm = 0.5670, lr_0 = 9.1891e-04
Loss = 2.2067e-02, PNorm = 67.6931, GNorm = 0.2756, lr_0 = 9.1874e-04
Loss = 2.2355e-02, PNorm = 67.7232, GNorm = 0.5125, lr_0 = 9.1856e-04
Loss = 1.8324e-02, PNorm = 67.7513, GNorm = 0.2268, lr_0 = 9.1838e-04
Loss = 1.6678e-02, PNorm = 67.7728, GNorm = 0.4253, lr_0 = 9.1821e-04
Loss = 2.0351e-02, PNorm = 67.7903, GNorm = 0.6496, lr_0 = 9.1803e-04
Loss = 1.9581e-02, PNorm = 67.8103, GNorm = 0.7772, lr_0 = 9.1786e-04
Loss = 2.2102e-02, PNorm = 67.8331, GNorm = 0.4544, lr_0 = 9.1768e-04
Loss = 1.5442e-02, PNorm = 67.8565, GNorm = 0.2711, lr_0 = 9.1751e-04
Loss = 2.3906e-02, PNorm = 67.8710, GNorm = 0.4366, lr_0 = 9.1733e-04
Loss = 1.6293e-02, PNorm = 67.8904, GNorm = 0.2061, lr_0 = 9.1715e-04
Loss = 2.0128e-02, PNorm = 67.9076, GNorm = 0.4622, lr_0 = 9.1698e-04
Loss = 2.5545e-02, PNorm = 67.9278, GNorm = 0.8996, lr_0 = 9.1680e-04
Loss = 2.4308e-02, PNorm = 67.9427, GNorm = 0.5928, lr_0 = 9.1663e-04
Loss = 3.0658e-02, PNorm = 67.9670, GNorm = 0.5150, lr_0 = 9.1645e-04
Loss = 2.0927e-02, PNorm = 67.9914, GNorm = 0.4178, lr_0 = 9.1628e-04
Loss = 2.2616e-02, PNorm = 68.0119, GNorm = 0.5833, lr_0 = 9.1610e-04
Validation rmse = 30.573798
Epoch 26
Loss = 2.0300e-02, PNorm = 68.0356, GNorm = 0.2525, lr_0 = 9.1591e-04
Loss = 1.9589e-02, PNorm = 68.0611, GNorm = 0.3161, lr_0 = 9.1573e-04
Loss = 1.9673e-02, PNorm = 68.0907, GNorm = 0.3099, lr_0 = 9.1556e-04
Loss = 1.6700e-02, PNorm = 68.1167, GNorm = 0.2781, lr_0 = 9.1538e-04
Loss = 1.5980e-02, PNorm = 68.1348, GNorm = 0.2060, lr_0 = 9.1521e-04
Loss = 1.8030e-02, PNorm = 68.1499, GNorm = 0.1783, lr_0 = 9.1503e-04
Loss = 1.6935e-02, PNorm = 68.1682, GNorm = 0.4934, lr_0 = 9.1486e-04
Loss = 1.5736e-02, PNorm = 68.1851, GNorm = 0.5072, lr_0 = 9.1468e-04
Loss = 1.8871e-02, PNorm = 68.1982, GNorm = 0.2295, lr_0 = 9.1451e-04
Loss = 2.0598e-02, PNorm = 68.2179, GNorm = 0.3178, lr_0 = 9.1433e-04
Loss = 1.5921e-02, PNorm = 68.2409, GNorm = 0.6318, lr_0 = 9.1416e-04
Loss = 2.1114e-02, PNorm = 68.2594, GNorm = 0.4746, lr_0 = 9.1398e-04
Loss = 1.9717e-02, PNorm = 68.2764, GNorm = 0.2051, lr_0 = 9.1381e-04
Loss = 2.1120e-02, PNorm = 68.2961, GNorm = 0.1930, lr_0 = 9.1363e-04
Loss = 2.4951e-02, PNorm = 68.3132, GNorm = 0.6334, lr_0 = 9.1346e-04
Loss = 2.0752e-02, PNorm = 68.3382, GNorm = 0.2803, lr_0 = 9.1328e-04
Loss = 2.0014e-02, PNorm = 68.3617, GNorm = 0.2636, lr_0 = 9.1311e-04
Loss = 1.5578e-02, PNorm = 68.3775, GNorm = 0.4520, lr_0 = 9.1293e-04
Loss = 1.3943e-02, PNorm = 68.3892, GNorm = 0.3110, lr_0 = 9.1276e-04
Loss = 1.7142e-02, PNorm = 68.4030, GNorm = 0.5741, lr_0 = 9.1258e-04
Loss = 1.3968e-02, PNorm = 68.4275, GNorm = 0.3391, lr_0 = 9.1241e-04
Loss = 1.4842e-02, PNorm = 68.4445, GNorm = 0.6135, lr_0 = 9.1224e-04
Validation rmse = 31.073532
Epoch 27
Loss = 2.5507e-02, PNorm = 68.4678, GNorm = 0.6146, lr_0 = 9.1204e-04
Loss = 2.4163e-02, PNorm = 68.4983, GNorm = 0.4862, lr_0 = 9.1187e-04
Loss = 2.3585e-02, PNorm = 68.5214, GNorm = 0.5824, lr_0 = 9.1169e-04
Loss = 1.5443e-02, PNorm = 68.5415, GNorm = 0.2899, lr_0 = 9.1152e-04
Loss = 1.8550e-02, PNorm = 68.5632, GNorm = 0.5280, lr_0 = 9.1135e-04
Loss = 1.7840e-02, PNorm = 68.5839, GNorm = 0.4325, lr_0 = 9.1117e-04
Loss = 1.4714e-02, PNorm = 68.6075, GNorm = 0.3657, lr_0 = 9.1100e-04
Loss = 1.3670e-02, PNorm = 68.6260, GNorm = 0.4436, lr_0 = 9.1082e-04
Loss = 1.5337e-02, PNorm = 68.6377, GNorm = 0.2899, lr_0 = 9.1065e-04
Loss = 1.7698e-02, PNorm = 68.6553, GNorm = 0.5099, lr_0 = 9.1047e-04
Loss = 1.8310e-02, PNorm = 68.6806, GNorm = 0.3508, lr_0 = 9.1030e-04
Loss = 1.6428e-02, PNorm = 68.6989, GNorm = 0.3319, lr_0 = 9.1013e-04
Loss = 1.2591e-02, PNorm = 68.7087, GNorm = 0.1647, lr_0 = 9.0995e-04
Loss = 1.4906e-02, PNorm = 68.7254, GNorm = 0.1913, lr_0 = 9.0978e-04
Loss = 2.2582e-02, PNorm = 68.7455, GNorm = 0.7615, lr_0 = 9.0960e-04
Loss = 2.5178e-02, PNorm = 68.7746, GNorm = 0.8212, lr_0 = 9.0943e-04
Loss = 2.1420e-02, PNorm = 68.7995, GNorm = 0.3903, lr_0 = 9.0926e-04
Loss = 1.9231e-02, PNorm = 68.8241, GNorm = 0.4217, lr_0 = 9.0908e-04
Loss = 1.7185e-02, PNorm = 68.8412, GNorm = 0.2294, lr_0 = 9.0891e-04
Loss = 1.6859e-02, PNorm = 68.8563, GNorm = 0.3269, lr_0 = 9.0873e-04
Loss = 1.8802e-02, PNorm = 68.8707, GNorm = 0.4460, lr_0 = 9.0856e-04
Validation rmse = 31.267751
Epoch 28
Loss = 1.1557e-02, PNorm = 68.8896, GNorm = 0.2119, lr_0 = 9.0837e-04
Loss = 1.7669e-02, PNorm = 68.9029, GNorm = 0.3175, lr_0 = 9.0819e-04
Loss = 1.7281e-02, PNorm = 68.9217, GNorm = 0.6830, lr_0 = 9.0802e-04
Loss = 1.4333e-02, PNorm = 68.9397, GNorm = 0.3577, lr_0 = 9.0785e-04
Loss = 1.5745e-02, PNorm = 68.9567, GNorm = 0.3924, lr_0 = 9.0767e-04
Loss = 1.4301e-02, PNorm = 68.9673, GNorm = 0.2392, lr_0 = 9.0750e-04
Loss = 1.4366e-02, PNorm = 68.9827, GNorm = 0.2286, lr_0 = 9.0733e-04
Loss = 1.1701e-02, PNorm = 68.9981, GNorm = 0.3056, lr_0 = 9.0715e-04
Loss = 1.5068e-02, PNorm = 69.0130, GNorm = 0.1972, lr_0 = 9.0698e-04
Loss = 1.2254e-02, PNorm = 69.0259, GNorm = 0.2246, lr_0 = 9.0681e-04
Loss = 1.2738e-02, PNorm = 69.0427, GNorm = 0.4079, lr_0 = 9.0663e-04
Loss = 1.5913e-02, PNorm = 69.0564, GNorm = 0.3709, lr_0 = 9.0646e-04
Loss = 1.7564e-02, PNorm = 69.0743, GNorm = 0.4150, lr_0 = 9.0628e-04
Loss = 1.1950e-02, PNorm = 69.0941, GNorm = 0.1618, lr_0 = 9.0611e-04
Loss = 1.4764e-02, PNorm = 69.1070, GNorm = 0.3785, lr_0 = 9.0594e-04
Loss = 1.8534e-02, PNorm = 69.1223, GNorm = 0.3275, lr_0 = 9.0576e-04
Loss = 1.5371e-02, PNorm = 69.1400, GNorm = 0.2330, lr_0 = 9.0559e-04
Loss = 1.6584e-02, PNorm = 69.1555, GNorm = 0.5625, lr_0 = 9.0542e-04
Loss = 1.3528e-02, PNorm = 69.1738, GNorm = 0.3944, lr_0 = 9.0524e-04
Loss = 1.3442e-02, PNorm = 69.1870, GNorm = 0.2152, lr_0 = 9.0507e-04
Loss = 1.3958e-02, PNorm = 69.2004, GNorm = 0.1647, lr_0 = 9.0490e-04
Loss = 1.2874e-02, PNorm = 69.2126, GNorm = 0.2452, lr_0 = 9.0473e-04
Validation rmse = 29.322464
Epoch 29
Loss = 1.1693e-02, PNorm = 69.2295, GNorm = 0.2756, lr_0 = 9.0453e-04
Loss = 1.2941e-02, PNorm = 69.2417, GNorm = 0.2985, lr_0 = 9.0436e-04
Loss = 1.4024e-02, PNorm = 69.2625, GNorm = 0.2335, lr_0 = 9.0419e-04
Loss = 1.3325e-02, PNorm = 69.2774, GNorm = 0.4507, lr_0 = 9.0402e-04
Loss = 1.1645e-02, PNorm = 69.2915, GNorm = 0.2439, lr_0 = 9.0384e-04
Loss = 1.5290e-02, PNorm = 69.3073, GNorm = 0.3793, lr_0 = 9.0367e-04
Loss = 1.3755e-02, PNorm = 69.3226, GNorm = 0.2197, lr_0 = 9.0350e-04
Loss = 1.3618e-02, PNorm = 69.3387, GNorm = 0.2494, lr_0 = 9.0332e-04
Loss = 1.2894e-02, PNorm = 69.3550, GNorm = 0.4059, lr_0 = 9.0315e-04
Loss = 1.5524e-02, PNorm = 69.3688, GNorm = 0.7371, lr_0 = 9.0298e-04
Loss = 1.5701e-02, PNorm = 69.3816, GNorm = 0.3217, lr_0 = 9.0281e-04
Loss = 1.3722e-02, PNorm = 69.3964, GNorm = 0.2465, lr_0 = 9.0263e-04
Loss = 1.2366e-02, PNorm = 69.4140, GNorm = 0.2441, lr_0 = 9.0246e-04
Loss = 1.5817e-02, PNorm = 69.4280, GNorm = 0.2948, lr_0 = 9.0229e-04
Loss = 1.4198e-02, PNorm = 69.4427, GNorm = 0.2724, lr_0 = 9.0211e-04
Loss = 1.6136e-02, PNorm = 69.4562, GNorm = 0.4631, lr_0 = 9.0194e-04
Loss = 1.4288e-02, PNorm = 69.4776, GNorm = 0.2595, lr_0 = 9.0177e-04
Loss = 1.6384e-02, PNorm = 69.4968, GNorm = 0.2517, lr_0 = 9.0160e-04
Loss = 1.3732e-02, PNorm = 69.5133, GNorm = 0.2233, lr_0 = 9.0142e-04
Loss = 1.7550e-02, PNorm = 69.5266, GNorm = 0.1909, lr_0 = 9.0125e-04
Loss = 1.3701e-02, PNorm = 69.5461, GNorm = 0.2201, lr_0 = 9.0108e-04
Loss = 1.9438e-02, PNorm = 69.5660, GNorm = 0.5597, lr_0 = 9.0091e-04
Validation rmse = 32.195185
Epoch 30
Loss = 2.4451e-02, PNorm = 69.5924, GNorm = 0.9964, lr_0 = 9.0072e-04
Loss = 1.8401e-02, PNorm = 69.6208, GNorm = 0.8018, lr_0 = 9.0054e-04
Loss = 1.7270e-02, PNorm = 69.6458, GNorm = 0.4011, lr_0 = 9.0037e-04
Loss = 1.4189e-02, PNorm = 69.6710, GNorm = 0.2193, lr_0 = 9.0020e-04
Loss = 1.2362e-02, PNorm = 69.6924, GNorm = 0.1896, lr_0 = 9.0003e-04
Loss = 1.0843e-02, PNorm = 69.7062, GNorm = 0.3418, lr_0 = 8.9986e-04
Loss = 1.2165e-02, PNorm = 69.7181, GNorm = 0.2758, lr_0 = 8.9968e-04
Loss = 1.5703e-02, PNorm = 69.7393, GNorm = 0.2319, lr_0 = 8.9951e-04
Loss = 1.6424e-02, PNorm = 69.7577, GNorm = 0.3421, lr_0 = 8.9934e-04
Loss = 1.3997e-02, PNorm = 69.7798, GNorm = 0.2430, lr_0 = 8.9917e-04
Loss = 1.6107e-02, PNorm = 69.8061, GNorm = 0.4814, lr_0 = 8.9900e-04
Loss = 1.2717e-02, PNorm = 69.8244, GNorm = 0.5991, lr_0 = 8.9882e-04
Loss = 1.3788e-02, PNorm = 69.8414, GNorm = 0.2975, lr_0 = 8.9865e-04
Loss = 1.0840e-02, PNorm = 69.8531, GNorm = 0.1664, lr_0 = 8.9848e-04
Loss = 1.4897e-02, PNorm = 69.8611, GNorm = 0.5177, lr_0 = 8.9831e-04
Loss = 1.3688e-02, PNorm = 69.8813, GNorm = 0.4480, lr_0 = 8.9814e-04
Loss = 1.5483e-02, PNorm = 69.8918, GNorm = 0.2794, lr_0 = 8.9796e-04
Loss = 1.2101e-02, PNorm = 69.9106, GNorm = 0.1508, lr_0 = 8.9779e-04
Loss = 1.6793e-02, PNorm = 69.9269, GNorm = 0.6365, lr_0 = 8.9762e-04
Loss = 2.2903e-02, PNorm = 69.9420, GNorm = 0.7871, lr_0 = 8.9745e-04
Loss = 2.6401e-02, PNorm = 69.9728, GNorm = 0.3669, lr_0 = 8.9728e-04
Validation rmse = 31.894685
Epoch 31
Loss = 1.6751e-02, PNorm = 70.0117, GNorm = 0.5429, lr_0 = 8.9709e-04
Loss = 2.8861e-02, PNorm = 70.0482, GNorm = 0.3913, lr_0 = 8.9692e-04
Loss = 2.0322e-02, PNorm = 70.0894, GNorm = 0.4513, lr_0 = 8.9674e-04
Loss = 1.9189e-02, PNorm = 70.1156, GNorm = 0.3335, lr_0 = 8.9657e-04
Loss = 1.5744e-02, PNorm = 70.1405, GNorm = 0.6997, lr_0 = 8.9640e-04
Loss = 1.9197e-02, PNorm = 70.1692, GNorm = 0.5073, lr_0 = 8.9623e-04
Loss = 1.4095e-02, PNorm = 70.1946, GNorm = 0.3860, lr_0 = 8.9606e-04
Loss = 1.3759e-02, PNorm = 70.2114, GNorm = 0.2524, lr_0 = 8.9589e-04
Loss = 1.5070e-02, PNorm = 70.2317, GNorm = 0.1830, lr_0 = 8.9572e-04
Loss = 1.2961e-02, PNorm = 70.2443, GNorm = 0.2703, lr_0 = 8.9554e-04
Loss = 1.3155e-02, PNorm = 70.2548, GNorm = 0.4336, lr_0 = 8.9537e-04
Loss = 1.2840e-02, PNorm = 70.2665, GNorm = 0.2937, lr_0 = 8.9520e-04
Loss = 1.3880e-02, PNorm = 70.2791, GNorm = 0.2502, lr_0 = 8.9503e-04
Loss = 1.3139e-02, PNorm = 70.2981, GNorm = 0.3219, lr_0 = 8.9486e-04
Loss = 1.3520e-02, PNorm = 70.3199, GNorm = 0.1860, lr_0 = 8.9469e-04
Loss = 1.6980e-02, PNorm = 70.3419, GNorm = 0.2099, lr_0 = 8.9452e-04
Loss = 1.4482e-02, PNorm = 70.3650, GNorm = 0.2135, lr_0 = 8.9435e-04
Loss = 1.3098e-02, PNorm = 70.3836, GNorm = 0.3453, lr_0 = 8.9417e-04
Loss = 1.5212e-02, PNorm = 70.4017, GNorm = 0.3298, lr_0 = 8.9400e-04
Loss = 1.5628e-02, PNorm = 70.4235, GNorm = 0.1934, lr_0 = 8.9383e-04
Loss = 1.7418e-02, PNorm = 70.4460, GNorm = 0.3333, lr_0 = 8.9366e-04
Loss = 2.5524e-02, PNorm = 70.4757, GNorm = 0.9573, lr_0 = 8.9349e-04
Validation rmse = 32.141995
Epoch 32
Loss = 2.2254e-02, PNorm = 70.5042, GNorm = 0.5787, lr_0 = 8.9330e-04
Loss = 1.8165e-02, PNorm = 70.5448, GNorm = 0.4021, lr_0 = 8.9313e-04
Loss = 2.0910e-02, PNorm = 70.5741, GNorm = 0.2998, lr_0 = 8.9296e-04
Loss = 1.8173e-02, PNorm = 70.6016, GNorm = 0.5909, lr_0 = 8.9279e-04
Loss = 1.9524e-02, PNorm = 70.6285, GNorm = 0.5840, lr_0 = 8.9262e-04
Loss = 1.8554e-02, PNorm = 70.6495, GNorm = 0.4260, lr_0 = 8.9245e-04
Loss = 1.6863e-02, PNorm = 70.6753, GNorm = 0.5135, lr_0 = 8.9228e-04
Loss = 1.5215e-02, PNorm = 70.6975, GNorm = 0.4947, lr_0 = 8.9211e-04
Loss = 1.4535e-02, PNorm = 70.7166, GNorm = 0.1722, lr_0 = 8.9194e-04
Loss = 1.2574e-02, PNorm = 70.7348, GNorm = 0.2255, lr_0 = 8.9176e-04
Loss = 1.3259e-02, PNorm = 70.7523, GNorm = 0.3449, lr_0 = 8.9159e-04
Loss = 1.3523e-02, PNorm = 70.7725, GNorm = 0.1935, lr_0 = 8.9142e-04
Loss = 1.2201e-02, PNorm = 70.7905, GNorm = 0.2697, lr_0 = 8.9125e-04
Loss = 1.3635e-02, PNorm = 70.8063, GNorm = 0.4449, lr_0 = 8.9108e-04
Loss = 1.2846e-02, PNorm = 70.8170, GNorm = 0.2694, lr_0 = 8.9091e-04
Loss = 1.3562e-02, PNorm = 70.8330, GNorm = 0.6692, lr_0 = 8.9074e-04
Loss = 1.5924e-02, PNorm = 70.8522, GNorm = 0.4154, lr_0 = 8.9057e-04
Loss = 1.5911e-02, PNorm = 70.8769, GNorm = 0.4167, lr_0 = 8.9040e-04
Loss = 1.2627e-02, PNorm = 70.9020, GNorm = 0.3220, lr_0 = 8.9023e-04
Loss = 1.4541e-02, PNorm = 70.9165, GNorm = 0.3269, lr_0 = 8.9006e-04
Loss = 1.5158e-02, PNorm = 70.9266, GNorm = 0.7642, lr_0 = 8.8989e-04
Loss = 1.7160e-02, PNorm = 70.9421, GNorm = 0.3166, lr_0 = 8.8972e-04
Validation rmse = 30.477017
Epoch 33
Loss = 1.3207e-02, PNorm = 70.9582, GNorm = 0.5209, lr_0 = 8.8953e-04
Loss = 1.6310e-02, PNorm = 70.9810, GNorm = 0.2877, lr_0 = 8.8936e-04
Loss = 1.6849e-02, PNorm = 71.0047, GNorm = 0.6505, lr_0 = 8.8919e-04
Loss = 1.6478e-02, PNorm = 71.0211, GNorm = 0.5366, lr_0 = 8.8902e-04
Loss = 1.6748e-02, PNorm = 71.0436, GNorm = 0.1826, lr_0 = 8.8885e-04
Loss = 1.2794e-02, PNorm = 71.0637, GNorm = 0.4245, lr_0 = 8.8868e-04
Loss = 1.5176e-02, PNorm = 71.0850, GNorm = 0.4007, lr_0 = 8.8851e-04
Loss = 1.2521e-02, PNorm = 71.1008, GNorm = 0.3176, lr_0 = 8.8834e-04
Loss = 1.6207e-02, PNorm = 71.1169, GNorm = 0.3678, lr_0 = 8.8817e-04
Loss = 1.5301e-02, PNorm = 71.1425, GNorm = 0.2122, lr_0 = 8.8800e-04
Loss = 1.9191e-02, PNorm = 71.1728, GNorm = 0.3505, lr_0 = 8.8783e-04
Loss = 1.4697e-02, PNorm = 71.1926, GNorm = 0.3729, lr_0 = 8.8766e-04
Loss = 1.5353e-02, PNorm = 71.2110, GNorm = 0.6577, lr_0 = 8.8749e-04
Loss = 1.7258e-02, PNorm = 71.2345, GNorm = 0.3071, lr_0 = 8.8732e-04
Loss = 1.5964e-02, PNorm = 71.2541, GNorm = 0.5733, lr_0 = 8.8715e-04
Loss = 1.5103e-02, PNorm = 71.2729, GNorm = 0.3635, lr_0 = 8.8698e-04
Loss = 1.6900e-02, PNorm = 71.2959, GNorm = 0.4527, lr_0 = 8.8681e-04
Loss = 1.5064e-02, PNorm = 71.3179, GNorm = 0.2139, lr_0 = 8.8664e-04
Loss = 1.3045e-02, PNorm = 71.3378, GNorm = 0.3808, lr_0 = 8.8647e-04
Loss = 1.6277e-02, PNorm = 71.3558, GNorm = 0.4238, lr_0 = 8.8630e-04
Loss = 1.5401e-02, PNorm = 71.3746, GNorm = 0.5892, lr_0 = 8.8613e-04
Loss = 1.0858e-02, PNorm = 71.3932, GNorm = 0.2281, lr_0 = 8.8596e-04
Loss = 6.8393e-03, PNorm = 71.3942, GNorm = 0.6872, lr_0 = 8.8595e-04
Validation rmse = 30.996555
Epoch 34
Loss = 1.4738e-02, PNorm = 71.4113, GNorm = 0.7082, lr_0 = 8.8578e-04
Loss = 1.9020e-02, PNorm = 71.4356, GNorm = 0.5457, lr_0 = 8.8561e-04
Loss = 1.5402e-02, PNorm = 71.4535, GNorm = 0.4892, lr_0 = 8.8544e-04
Loss = 1.6492e-02, PNorm = 71.4784, GNorm = 0.2081, lr_0 = 8.8527e-04
Loss = 1.5057e-02, PNorm = 71.4980, GNorm = 0.5080, lr_0 = 8.8510e-04
Loss = 1.4617e-02, PNorm = 71.5204, GNorm = 0.5606, lr_0 = 8.8493e-04
Loss = 1.3018e-02, PNorm = 71.5437, GNorm = 0.3332, lr_0 = 8.8476e-04
Loss = 1.2232e-02, PNorm = 71.5610, GNorm = 0.2731, lr_0 = 8.8459e-04
Loss = 1.1887e-02, PNorm = 71.5801, GNorm = 0.3207, lr_0 = 8.8442e-04
Loss = 1.2695e-02, PNorm = 71.5977, GNorm = 0.1836, lr_0 = 8.8425e-04
Loss = 1.1054e-02, PNorm = 71.6104, GNorm = 0.1416, lr_0 = 8.8408e-04
Loss = 1.3113e-02, PNorm = 71.6263, GNorm = 0.2389, lr_0 = 8.8391e-04
Loss = 1.2465e-02, PNorm = 71.6419, GNorm = 0.2781, lr_0 = 8.8375e-04
Loss = 1.1197e-02, PNorm = 71.6570, GNorm = 0.2488, lr_0 = 8.8358e-04
Loss = 1.1452e-02, PNorm = 71.6683, GNorm = 0.2742, lr_0 = 8.8341e-04
Loss = 1.2424e-02, PNorm = 71.6842, GNorm = 0.1632, lr_0 = 8.8324e-04
Loss = 1.3289e-02, PNorm = 71.7010, GNorm = 0.2254, lr_0 = 8.8307e-04
Loss = 1.0832e-02, PNorm = 71.7144, GNorm = 0.1613, lr_0 = 8.8290e-04
Loss = 1.2559e-02, PNorm = 71.7278, GNorm = 0.7027, lr_0 = 8.8273e-04
Loss = 1.2104e-02, PNorm = 71.7497, GNorm = 0.1838, lr_0 = 8.8256e-04
Loss = 1.2836e-02, PNorm = 71.7685, GNorm = 0.4246, lr_0 = 8.8239e-04
Validation rmse = 32.670658
Epoch 35
Loss = 1.7367e-02, PNorm = 71.7909, GNorm = 0.3794, lr_0 = 8.8221e-04
Loss = 1.5360e-02, PNorm = 71.8061, GNorm = 0.4395, lr_0 = 8.8204e-04
Loss = 1.0287e-02, PNorm = 71.8227, GNorm = 0.3193, lr_0 = 8.8187e-04
Loss = 1.1372e-02, PNorm = 71.8411, GNorm = 0.1915, lr_0 = 8.8170e-04
Loss = 1.1612e-02, PNorm = 71.8567, GNorm = 0.2470, lr_0 = 8.8153e-04
Loss = 1.3613e-02, PNorm = 71.8727, GNorm = 0.2523, lr_0 = 8.8136e-04
Loss = 1.3546e-02, PNorm = 71.8954, GNorm = 0.5417, lr_0 = 8.8120e-04
Loss = 1.1336e-02, PNorm = 71.9160, GNorm = 0.2724, lr_0 = 8.8103e-04
Loss = 1.2740e-02, PNorm = 71.9315, GNorm = 0.3124, lr_0 = 8.8086e-04
Loss = 1.1544e-02, PNorm = 71.9437, GNorm = 0.2859, lr_0 = 8.8069e-04
Loss = 1.5005e-02, PNorm = 71.9570, GNorm = 0.2104, lr_0 = 8.8052e-04
Loss = 1.3517e-02, PNorm = 71.9813, GNorm = 0.2198, lr_0 = 8.8035e-04
Loss = 1.0940e-02, PNorm = 71.9991, GNorm = 0.2649, lr_0 = 8.8018e-04
Loss = 1.4843e-02, PNorm = 72.0218, GNorm = 0.4822, lr_0 = 8.8002e-04
Loss = 1.3054e-02, PNorm = 72.0375, GNorm = 0.2021, lr_0 = 8.7985e-04
Loss = 1.2189e-02, PNorm = 72.0540, GNorm = 0.2422, lr_0 = 8.7968e-04
Loss = 1.2972e-02, PNorm = 72.0682, GNorm = 0.3250, lr_0 = 8.7951e-04
Loss = 1.3887e-02, PNorm = 72.0847, GNorm = 0.8863, lr_0 = 8.7934e-04
Loss = 1.2268e-02, PNorm = 72.1038, GNorm = 0.2525, lr_0 = 8.7917e-04
Loss = 1.1013e-02, PNorm = 72.1155, GNorm = 0.5893, lr_0 = 8.7901e-04
Loss = 1.2151e-02, PNorm = 72.1328, GNorm = 0.2615, lr_0 = 8.7884e-04
Loss = 1.2554e-02, PNorm = 72.1545, GNorm = 0.1842, lr_0 = 8.7867e-04
Validation rmse = 30.097657
Epoch 36
Loss = 1.2957e-02, PNorm = 72.1788, GNorm = 0.3336, lr_0 = 8.7848e-04
Loss = 1.2950e-02, PNorm = 72.1970, GNorm = 0.1824, lr_0 = 8.7832e-04
Loss = 9.1232e-03, PNorm = 72.2165, GNorm = 0.1713, lr_0 = 8.7815e-04
Loss = 1.0937e-02, PNorm = 72.2370, GNorm = 0.1423, lr_0 = 8.7798e-04
Loss = 1.0575e-02, PNorm = 72.2569, GNorm = 0.2807, lr_0 = 8.7781e-04
Loss = 1.5243e-02, PNorm = 72.2694, GNorm = 0.3678, lr_0 = 8.7764e-04
Loss = 1.3715e-02, PNorm = 72.2855, GNorm = 0.3387, lr_0 = 8.7748e-04
Loss = 1.0247e-02, PNorm = 72.3053, GNorm = 0.2117, lr_0 = 8.7731e-04
Loss = 1.2140e-02, PNorm = 72.3257, GNorm = 0.2653, lr_0 = 8.7714e-04
Loss = 1.0493e-02, PNorm = 72.3413, GNorm = 0.2001, lr_0 = 8.7697e-04
Loss = 9.9892e-03, PNorm = 72.3544, GNorm = 0.2401, lr_0 = 8.7681e-04
Loss = 1.2347e-02, PNorm = 72.3741, GNorm = 0.4241, lr_0 = 8.7664e-04
Loss = 1.0177e-02, PNorm = 72.3876, GNorm = 0.2271, lr_0 = 8.7647e-04
Loss = 9.3610e-03, PNorm = 72.3979, GNorm = 0.2555, lr_0 = 8.7630e-04
Loss = 1.2515e-02, PNorm = 72.4097, GNorm = 0.3107, lr_0 = 8.7613e-04
Loss = 1.2975e-02, PNorm = 72.4265, GNorm = 0.3186, lr_0 = 8.7597e-04
Loss = 1.2841e-02, PNorm = 72.4426, GNorm = 0.3231, lr_0 = 8.7580e-04
Loss = 9.1794e-03, PNorm = 72.4593, GNorm = 0.1702, lr_0 = 8.7563e-04
Loss = 1.2060e-02, PNorm = 72.4869, GNorm = 0.1484, lr_0 = 8.7546e-04
Loss = 1.4358e-02, PNorm = 72.5059, GNorm = 0.3529, lr_0 = 8.7530e-04
Loss = 1.1802e-02, PNorm = 72.5210, GNorm = 0.4565, lr_0 = 8.7513e-04
Loss = 1.4515e-02, PNorm = 72.5363, GNorm = 0.3779, lr_0 = 8.7496e-04
Validation rmse = 30.966221
Epoch 37
Loss = 1.0565e-02, PNorm = 72.5587, GNorm = 0.3817, lr_0 = 8.7479e-04
Loss = 1.2555e-02, PNorm = 72.5782, GNorm = 0.4846, lr_0 = 8.7463e-04
Loss = 1.1368e-02, PNorm = 72.5980, GNorm = 0.4003, lr_0 = 8.7446e-04
Loss = 9.2177e-03, PNorm = 72.6112, GNorm = 0.1742, lr_0 = 8.7429e-04
Loss = 1.0653e-02, PNorm = 72.6312, GNorm = 0.4660, lr_0 = 8.7412e-04
Loss = 1.1642e-02, PNorm = 72.6513, GNorm = 0.1515, lr_0 = 8.7396e-04
Loss = 9.9419e-03, PNorm = 72.6693, GNorm = 0.2018, lr_0 = 8.7379e-04
Loss = 1.6095e-02, PNorm = 72.6824, GNorm = 0.3603, lr_0 = 8.7362e-04
Loss = 1.0595e-02, PNorm = 72.6902, GNorm = 0.3095, lr_0 = 8.7346e-04
Loss = 9.2023e-03, PNorm = 72.7055, GNorm = 0.2162, lr_0 = 8.7329e-04
Loss = 1.0302e-02, PNorm = 72.7272, GNorm = 0.2126, lr_0 = 8.7312e-04
Loss = 1.2061e-02, PNorm = 72.7491, GNorm = 0.2817, lr_0 = 8.7295e-04
Loss = 1.4279e-02, PNorm = 72.7658, GNorm = 0.5980, lr_0 = 8.7279e-04
Loss = 1.4271e-02, PNorm = 72.7839, GNorm = 0.4310, lr_0 = 8.7262e-04
Loss = 1.1704e-02, PNorm = 72.8024, GNorm = 0.2576, lr_0 = 8.7245e-04
Loss = 1.1230e-02, PNorm = 72.8181, GNorm = 0.2068, lr_0 = 8.7229e-04
Loss = 1.0185e-02, PNorm = 72.8336, GNorm = 0.2035, lr_0 = 8.7212e-04
Loss = 1.3941e-02, PNorm = 72.8516, GNorm = 0.2415, lr_0 = 8.7195e-04
Loss = 1.1244e-02, PNorm = 72.8629, GNorm = 0.1961, lr_0 = 8.7179e-04
Loss = 1.1871e-02, PNorm = 72.8760, GNorm = 0.4392, lr_0 = 8.7162e-04
Loss = 1.1480e-02, PNorm = 72.8938, GNorm = 0.3301, lr_0 = 8.7145e-04
Validation rmse = 31.553006
Epoch 38
Loss = 9.5049e-03, PNorm = 72.9204, GNorm = 0.4537, lr_0 = 8.7127e-04
Loss = 1.3375e-02, PNorm = 72.9415, GNorm = 0.2115, lr_0 = 8.7110e-04
Loss = 9.8383e-03, PNorm = 72.9581, GNorm = 0.2728, lr_0 = 8.7094e-04
Loss = 1.2462e-02, PNorm = 72.9783, GNorm = 0.3231, lr_0 = 8.7077e-04
Loss = 1.2189e-02, PNorm = 73.0008, GNorm = 0.3310, lr_0 = 8.7060e-04
Loss = 1.3747e-02, PNorm = 73.0240, GNorm = 0.8493, lr_0 = 8.7044e-04
Loss = 1.3305e-02, PNorm = 73.0520, GNorm = 0.2078, lr_0 = 8.7027e-04
Loss = 1.2889e-02, PNorm = 73.0731, GNorm = 0.2021, lr_0 = 8.7010e-04
Loss = 1.4545e-02, PNorm = 73.0933, GNorm = 0.2701, lr_0 = 8.6994e-04
Loss = 1.0859e-02, PNorm = 73.1095, GNorm = 0.2642, lr_0 = 8.6977e-04
Loss = 1.0713e-02, PNorm = 73.1225, GNorm = 0.1617, lr_0 = 8.6960e-04
Loss = 8.8156e-03, PNorm = 73.1384, GNorm = 0.1931, lr_0 = 8.6944e-04
Loss = 9.5802e-03, PNorm = 73.1536, GNorm = 0.1834, lr_0 = 8.6927e-04
Loss = 1.2399e-02, PNorm = 73.1687, GNorm = 0.2935, lr_0 = 8.6910e-04
Loss = 1.2170e-02, PNorm = 73.1858, GNorm = 0.2710, lr_0 = 8.6894e-04
Loss = 1.0746e-02, PNorm = 73.2107, GNorm = 0.2751, lr_0 = 8.6877e-04
Loss = 1.2326e-02, PNorm = 73.2342, GNorm = 0.3721, lr_0 = 8.6861e-04
Loss = 1.1006e-02, PNorm = 73.2603, GNorm = 0.2449, lr_0 = 8.6844e-04
Loss = 1.0045e-02, PNorm = 73.2782, GNorm = 0.1573, lr_0 = 8.6827e-04
Loss = 1.1978e-02, PNorm = 73.3042, GNorm = 0.2232, lr_0 = 8.6811e-04
Loss = 1.1245e-02, PNorm = 73.3213, GNorm = 0.4311, lr_0 = 8.6794e-04
Loss = 1.4087e-02, PNorm = 73.3417, GNorm = 0.3165, lr_0 = 8.6777e-04
Validation rmse = 30.193795
Epoch 39
Loss = 1.5028e-02, PNorm = 73.3733, GNorm = 0.3426, lr_0 = 8.6759e-04
Loss = 1.6886e-02, PNorm = 73.3955, GNorm = 0.2179, lr_0 = 8.6743e-04
Loss = 1.3347e-02, PNorm = 73.4267, GNorm = 0.2274, lr_0 = 8.6726e-04
Loss = 1.6779e-02, PNorm = 73.4570, GNorm = 0.6302, lr_0 = 8.6709e-04
Loss = 1.2738e-02, PNorm = 73.4846, GNorm = 0.2113, lr_0 = 8.6693e-04
Loss = 1.0679e-02, PNorm = 73.5087, GNorm = 0.1981, lr_0 = 8.6676e-04
Loss = 1.6105e-02, PNorm = 73.5269, GNorm = 0.4279, lr_0 = 8.6660e-04
Loss = 1.6982e-02, PNorm = 73.5570, GNorm = 0.3166, lr_0 = 8.6643e-04
Loss = 1.2343e-02, PNorm = 73.5840, GNorm = 0.1515, lr_0 = 8.6626e-04
Loss = 1.3355e-02, PNorm = 73.6094, GNorm = 0.2442, lr_0 = 8.6610e-04
Loss = 1.2712e-02, PNorm = 73.6240, GNorm = 0.1522, lr_0 = 8.6593e-04
Loss = 1.4120e-02, PNorm = 73.6451, GNorm = 0.1288, lr_0 = 8.6577e-04
Loss = 1.5892e-02, PNorm = 73.6738, GNorm = 0.2162, lr_0 = 8.6560e-04
Loss = 1.4261e-02, PNorm = 73.7068, GNorm = 0.3748, lr_0 = 8.6544e-04
Loss = 1.7310e-02, PNorm = 73.7352, GNorm = 0.2060, lr_0 = 8.6527e-04
Loss = 1.2480e-02, PNorm = 73.7632, GNorm = 0.1631, lr_0 = 8.6511e-04
Loss = 1.0567e-02, PNorm = 73.7915, GNorm = 0.2336, lr_0 = 8.6494e-04
Loss = 1.1317e-02, PNorm = 73.8167, GNorm = 0.3545, lr_0 = 8.6477e-04
Loss = 1.2514e-02, PNorm = 73.8362, GNorm = 0.2221, lr_0 = 8.6461e-04
Loss = 1.5144e-02, PNorm = 73.8552, GNorm = 0.6039, lr_0 = 8.6444e-04
Loss = 1.2503e-02, PNorm = 73.8766, GNorm = 0.2277, lr_0 = 8.6428e-04
Loss = 1.3451e-02, PNorm = 73.8941, GNorm = 0.3144, lr_0 = 8.6411e-04
Validation rmse = 30.629330
Epoch 40
Loss = 1.3860e-02, PNorm = 73.9173, GNorm = 0.2843, lr_0 = 8.6393e-04
Loss = 1.2981e-02, PNorm = 73.9393, GNorm = 0.3237, lr_0 = 8.6377e-04
Loss = 1.1501e-02, PNorm = 73.9637, GNorm = 0.4207, lr_0 = 8.6360e-04
Loss = 1.4286e-02, PNorm = 73.9928, GNorm = 0.5250, lr_0 = 8.6343e-04
Loss = 1.1805e-02, PNorm = 74.0158, GNorm = 0.2896, lr_0 = 8.6327e-04
Loss = 9.9800e-03, PNorm = 74.0343, GNorm = 0.2637, lr_0 = 8.6310e-04
Loss = 1.0636e-02, PNorm = 74.0512, GNorm = 0.1850, lr_0 = 8.6294e-04
Loss = 8.4047e-03, PNorm = 74.0717, GNorm = 0.2060, lr_0 = 8.6277e-04
Loss = 9.9636e-03, PNorm = 74.0857, GNorm = 0.1746, lr_0 = 8.6261e-04
Loss = 1.1434e-02, PNorm = 74.0987, GNorm = 0.2473, lr_0 = 8.6244e-04
Loss = 9.7755e-03, PNorm = 74.1128, GNorm = 0.4309, lr_0 = 8.6228e-04
Loss = 9.6004e-03, PNorm = 74.1276, GNorm = 0.2173, lr_0 = 8.6211e-04
Loss = 1.4781e-02, PNorm = 74.1436, GNorm = 0.2714, lr_0 = 8.6195e-04
Loss = 1.2036e-02, PNorm = 74.1690, GNorm = 0.1687, lr_0 = 8.6178e-04
Loss = 1.4212e-02, PNorm = 74.1989, GNorm = 0.1984, lr_0 = 8.6162e-04
Loss = 1.2119e-02, PNorm = 74.2264, GNorm = 0.4550, lr_0 = 8.6145e-04
Loss = 1.1845e-02, PNorm = 74.2446, GNorm = 0.3633, lr_0 = 8.6129e-04
Loss = 1.0842e-02, PNorm = 74.2572, GNorm = 0.1574, lr_0 = 8.6112e-04
Loss = 9.7065e-03, PNorm = 74.2698, GNorm = 0.2206, lr_0 = 8.6096e-04
Loss = 1.1003e-02, PNorm = 74.2878, GNorm = 0.1359, lr_0 = 8.6079e-04
Loss = 1.3493e-02, PNorm = 74.3061, GNorm = 0.3435, lr_0 = 8.6063e-04
Loss = 1.0470e-02, PNorm = 74.3284, GNorm = 0.1618, lr_0 = 8.6047e-04
Loss = 8.8333e-03, PNorm = 74.3307, GNorm = 0.3989, lr_0 = 8.6045e-04
Validation rmse = 30.487385
Epoch 41
Loss = 1.1580e-02, PNorm = 74.3509, GNorm = 0.2311, lr_0 = 8.6028e-04
Loss = 1.2095e-02, PNorm = 74.3685, GNorm = 0.3720, lr_0 = 8.6012e-04
Loss = 1.3184e-02, PNorm = 74.3872, GNorm = 0.4357, lr_0 = 8.5996e-04
Loss = 1.0324e-02, PNorm = 74.4041, GNorm = 0.6284, lr_0 = 8.5979e-04
Loss = 9.6396e-03, PNorm = 74.4178, GNorm = 0.1501, lr_0 = 8.5963e-04
Loss = 8.8876e-03, PNorm = 74.4310, GNorm = 0.2885, lr_0 = 8.5946e-04
Loss = 8.1267e-03, PNorm = 74.4454, GNorm = 0.1148, lr_0 = 8.5930e-04
Loss = 9.9201e-03, PNorm = 74.4610, GNorm = 0.2888, lr_0 = 8.5913e-04
Loss = 1.0907e-02, PNorm = 74.4802, GNorm = 0.1250, lr_0 = 8.5897e-04
Loss = 8.3313e-03, PNorm = 74.5000, GNorm = 0.2336, lr_0 = 8.5880e-04
Loss = 8.2125e-03, PNorm = 74.5127, GNorm = 0.2283, lr_0 = 8.5864e-04
Loss = 7.6959e-03, PNorm = 74.5297, GNorm = 0.1258, lr_0 = 8.5848e-04
Loss = 1.0563e-02, PNorm = 74.5513, GNorm = 0.2602, lr_0 = 8.5831e-04
Loss = 1.0296e-02, PNorm = 74.5732, GNorm = 0.1820, lr_0 = 8.5815e-04
Loss = 8.0914e-03, PNorm = 74.5940, GNorm = 0.2825, lr_0 = 8.5798e-04
Loss = 8.9062e-03, PNorm = 74.6104, GNorm = 0.3521, lr_0 = 8.5782e-04
Loss = 9.0976e-03, PNorm = 74.6229, GNorm = 0.1573, lr_0 = 8.5765e-04
Loss = 9.4554e-03, PNorm = 74.6377, GNorm = 0.2306, lr_0 = 8.5749e-04
Loss = 1.0127e-02, PNorm = 74.6541, GNorm = 0.2117, lr_0 = 8.5733e-04
Loss = 1.8805e-02, PNorm = 74.6779, GNorm = 0.2691, lr_0 = 8.5716e-04
Loss = 1.5180e-02, PNorm = 74.7102, GNorm = 0.3594, lr_0 = 8.5700e-04
Validation rmse = 30.222636
Epoch 42
Loss = 1.8784e-02, PNorm = 74.7456, GNorm = 0.3358, lr_0 = 8.5682e-04
Loss = 2.0101e-02, PNorm = 74.7803, GNorm = 0.3159, lr_0 = 8.5665e-04
Loss = 2.1573e-02, PNorm = 74.8157, GNorm = 0.3946, lr_0 = 8.5649e-04
Loss = 1.3322e-02, PNorm = 74.8497, GNorm = 0.2274, lr_0 = 8.5633e-04
Loss = 1.3320e-02, PNorm = 74.8822, GNorm = 0.1746, lr_0 = 8.5616e-04
Loss = 1.4036e-02, PNorm = 74.9096, GNorm = 0.1408, lr_0 = 8.5600e-04
Loss = 1.2073e-02, PNorm = 74.9367, GNorm = 0.2142, lr_0 = 8.5583e-04
Loss = 1.4091e-02, PNorm = 74.9583, GNorm = 0.3769, lr_0 = 8.5567e-04
Loss = 1.3163e-02, PNorm = 74.9759, GNorm = 0.1557, lr_0 = 8.5551e-04
Loss = 1.0159e-02, PNorm = 74.9990, GNorm = 0.2152, lr_0 = 8.5534e-04
Loss = 1.0428e-02, PNorm = 75.0186, GNorm = 0.1924, lr_0 = 8.5518e-04
Loss = 8.4474e-03, PNorm = 75.0368, GNorm = 0.1098, lr_0 = 8.5502e-04
Loss = 1.0233e-02, PNorm = 75.0523, GNorm = 0.1175, lr_0 = 8.5485e-04
Loss = 1.0185e-02, PNorm = 75.0705, GNorm = 0.2088, lr_0 = 8.5469e-04
Loss = 9.7751e-03, PNorm = 75.0926, GNorm = 0.2050, lr_0 = 8.5453e-04
Loss = 7.0616e-03, PNorm = 75.1089, GNorm = 0.2745, lr_0 = 8.5436e-04
Loss = 1.0624e-02, PNorm = 75.1210, GNorm = 0.2216, lr_0 = 8.5420e-04
Loss = 8.3637e-03, PNorm = 75.1301, GNorm = 0.2826, lr_0 = 8.5403e-04
Loss = 8.1864e-03, PNorm = 75.1463, GNorm = 0.3786, lr_0 = 8.5387e-04
Loss = 1.1381e-02, PNorm = 75.1618, GNorm = 0.2358, lr_0 = 8.5371e-04
Loss = 1.0288e-02, PNorm = 75.1758, GNorm = 0.4255, lr_0 = 8.5354e-04
Loss = 1.6677e-02, PNorm = 75.1984, GNorm = 0.8458, lr_0 = 8.5338e-04
Validation rmse = 32.995582
Epoch 43
Loss = 1.8934e-02, PNorm = 75.2358, GNorm = 0.2767, lr_0 = 8.5320e-04
Loss = 1.5890e-02, PNorm = 75.2627, GNorm = 0.5458, lr_0 = 8.5304e-04
Loss = 1.3210e-02, PNorm = 75.2872, GNorm = 0.1831, lr_0 = 8.5288e-04
Loss = 1.0359e-02, PNorm = 75.3101, GNorm = 0.1746, lr_0 = 8.5271e-04
Loss = 7.8740e-03, PNorm = 75.3252, GNorm = 0.1852, lr_0 = 8.5255e-04
Loss = 9.6562e-03, PNorm = 75.3410, GNorm = 0.1177, lr_0 = 8.5239e-04
Loss = 8.5610e-03, PNorm = 75.3610, GNorm = 0.1861, lr_0 = 8.5222e-04
Loss = 8.2514e-03, PNorm = 75.3767, GNorm = 0.1818, lr_0 = 8.5206e-04
Loss = 8.1998e-03, PNorm = 75.3894, GNorm = 0.1522, lr_0 = 8.5190e-04
Loss = 1.0622e-02, PNorm = 75.4029, GNorm = 0.2078, lr_0 = 8.5173e-04
Loss = 1.6146e-02, PNorm = 75.4233, GNorm = 0.4954, lr_0 = 8.5157e-04
Loss = 1.2016e-02, PNorm = 75.4477, GNorm = 0.4674, lr_0 = 8.5141e-04
Loss = 1.2160e-02, PNorm = 75.4668, GNorm = 0.2749, lr_0 = 8.5124e-04
Loss = 1.3751e-02, PNorm = 75.4887, GNorm = 0.1709, lr_0 = 8.5108e-04
Loss = 1.0971e-02, PNorm = 75.5119, GNorm = 0.1779, lr_0 = 8.5092e-04
Loss = 1.0847e-02, PNorm = 75.5305, GNorm = 0.1891, lr_0 = 8.5076e-04
Loss = 1.0684e-02, PNorm = 75.5525, GNorm = 0.1848, lr_0 = 8.5059e-04
Loss = 6.9364e-03, PNorm = 75.5660, GNorm = 0.2171, lr_0 = 8.5043e-04
Loss = 8.7628e-03, PNorm = 75.5777, GNorm = 0.1733, lr_0 = 8.5027e-04
Loss = 9.3799e-03, PNorm = 75.5929, GNorm = 0.1868, lr_0 = 8.5011e-04
Loss = 9.9798e-03, PNorm = 75.6061, GNorm = 0.2867, lr_0 = 8.4994e-04
Loss = 1.0075e-02, PNorm = 75.6224, GNorm = 0.3588, lr_0 = 8.4978e-04
Validation rmse = 30.946807
Epoch 44
Loss = 1.4357e-02, PNorm = 75.6454, GNorm = 0.3362, lr_0 = 8.4960e-04
Loss = 8.6913e-03, PNorm = 75.6644, GNorm = 0.1753, lr_0 = 8.4944e-04
Loss = 1.1602e-02, PNorm = 75.6785, GNorm = 0.2549, lr_0 = 8.4928e-04
Loss = 1.3954e-02, PNorm = 75.7011, GNorm = 0.3007, lr_0 = 8.4911e-04
Loss = 1.4652e-02, PNorm = 75.7328, GNorm = 0.5589, lr_0 = 8.4895e-04
Loss = 1.5133e-02, PNorm = 75.7490, GNorm = 0.6335, lr_0 = 8.4879e-04
Loss = 1.1316e-02, PNorm = 75.7718, GNorm = 0.3327, lr_0 = 8.4863e-04
Loss = 9.0692e-03, PNorm = 75.7921, GNorm = 0.3078, lr_0 = 8.4846e-04
Loss = 8.0252e-03, PNorm = 75.8076, GNorm = 0.1573, lr_0 = 8.4830e-04
Loss = 9.8064e-03, PNorm = 75.8238, GNorm = 0.1987, lr_0 = 8.4814e-04
Loss = 8.9493e-03, PNorm = 75.8378, GNorm = 0.3641, lr_0 = 8.4798e-04
Loss = 1.3446e-02, PNorm = 75.8519, GNorm = 0.2568, lr_0 = 8.4781e-04
Loss = 1.2620e-02, PNorm = 75.8739, GNorm = 0.2669, lr_0 = 8.4765e-04
Loss = 9.4472e-03, PNorm = 75.8941, GNorm = 0.2991, lr_0 = 8.4749e-04
Loss = 8.0670e-03, PNorm = 75.9071, GNorm = 0.2061, lr_0 = 8.4733e-04
Loss = 7.7582e-03, PNorm = 75.9176, GNorm = 0.2024, lr_0 = 8.4717e-04
Loss = 7.9359e-03, PNorm = 75.9249, GNorm = 0.1651, lr_0 = 8.4700e-04
Loss = 8.6476e-03, PNorm = 75.9366, GNorm = 0.2607, lr_0 = 8.4684e-04
Loss = 8.3614e-03, PNorm = 75.9492, GNorm = 0.2195, lr_0 = 8.4668e-04
Loss = 1.0707e-02, PNorm = 75.9665, GNorm = 0.2280, lr_0 = 8.4652e-04
Loss = 7.5359e-03, PNorm = 75.9844, GNorm = 0.3328, lr_0 = 8.4636e-04
Validation rmse = 29.616439
Epoch 45
Loss = 1.0366e-02, PNorm = 75.9982, GNorm = 0.1986, lr_0 = 8.4618e-04
Loss = 8.7612e-03, PNorm = 76.0140, GNorm = 0.1408, lr_0 = 8.4602e-04
Loss = 8.7545e-03, PNorm = 76.0304, GNorm = 0.2756, lr_0 = 8.4585e-04
Loss = 7.0965e-03, PNorm = 76.0488, GNorm = 0.0860, lr_0 = 8.4569e-04
Loss = 8.1853e-03, PNorm = 76.0633, GNorm = 0.2821, lr_0 = 8.4553e-04
Loss = 7.7114e-03, PNorm = 76.0818, GNorm = 0.1784, lr_0 = 8.4537e-04
Loss = 8.5600e-03, PNorm = 76.0991, GNorm = 0.1608, lr_0 = 8.4521e-04
Loss = 8.7770e-03, PNorm = 76.1111, GNorm = 0.3336, lr_0 = 8.4504e-04
Loss = 7.7001e-03, PNorm = 76.1224, GNorm = 0.1379, lr_0 = 8.4488e-04
Loss = 6.5148e-03, PNorm = 76.1345, GNorm = 0.2792, lr_0 = 8.4472e-04
Loss = 8.3436e-03, PNorm = 76.1461, GNorm = 0.0881, lr_0 = 8.4456e-04
Loss = 6.6100e-03, PNorm = 76.1595, GNorm = 0.1307, lr_0 = 8.4440e-04
Loss = 7.2828e-03, PNorm = 76.1767, GNorm = 0.1550, lr_0 = 8.4424e-04
Loss = 8.9855e-03, PNorm = 76.1896, GNorm = 0.2615, lr_0 = 8.4407e-04
Loss = 7.6306e-03, PNorm = 76.2049, GNorm = 0.2532, lr_0 = 8.4391e-04
Loss = 8.2937e-03, PNorm = 76.2197, GNorm = 0.2527, lr_0 = 8.4375e-04
Loss = 1.1171e-02, PNorm = 76.2355, GNorm = 0.4642, lr_0 = 8.4359e-04
Loss = 9.9004e-03, PNorm = 76.2499, GNorm = 0.1445, lr_0 = 8.4343e-04
Loss = 8.1887e-03, PNorm = 76.2664, GNorm = 0.1662, lr_0 = 8.4327e-04
Loss = 7.5082e-03, PNorm = 76.2812, GNorm = 0.1936, lr_0 = 8.4311e-04
Loss = 1.1625e-02, PNorm = 76.3013, GNorm = 0.2831, lr_0 = 8.4294e-04
Loss = 8.5626e-03, PNorm = 76.3223, GNorm = 0.3057, lr_0 = 8.4278e-04
Validation rmse = 29.918463
Epoch 46
Loss = 8.1418e-03, PNorm = 76.3400, GNorm = 0.2624, lr_0 = 8.4261e-04
Loss = 8.4343e-03, PNorm = 76.3569, GNorm = 0.1561, lr_0 = 8.4244e-04
Loss = 2.0535e-02, PNorm = 76.3912, GNorm = 0.3036, lr_0 = 8.4228e-04
Loss = 1.9162e-02, PNorm = 76.4322, GNorm = 0.2193, lr_0 = 8.4212e-04
Loss = 1.7104e-02, PNorm = 76.4676, GNorm = 0.5221, lr_0 = 8.4196e-04
Loss = 1.2673e-02, PNorm = 76.4980, GNorm = 0.2166, lr_0 = 8.4180e-04
Loss = 1.2042e-02, PNorm = 76.5282, GNorm = 0.4355, lr_0 = 8.4164e-04
Loss = 1.3136e-02, PNorm = 76.5600, GNorm = 0.2293, lr_0 = 8.4148e-04
Loss = 1.4015e-02, PNorm = 76.5822, GNorm = 0.2712, lr_0 = 8.4132e-04
Loss = 1.4848e-02, PNorm = 76.6044, GNorm = 0.6592, lr_0 = 8.4116e-04
Loss = 1.2084e-02, PNorm = 76.6329, GNorm = 0.2003, lr_0 = 8.4100e-04
Loss = 1.3521e-02, PNorm = 76.6596, GNorm = 0.2867, lr_0 = 8.4083e-04
Loss = 1.3233e-02, PNorm = 76.6880, GNorm = 0.2182, lr_0 = 8.4067e-04
Loss = 1.1225e-02, PNorm = 76.7154, GNorm = 0.2942, lr_0 = 8.4051e-04
Loss = 1.1957e-02, PNorm = 76.7373, GNorm = 0.3459, lr_0 = 8.4035e-04
Loss = 1.1415e-02, PNorm = 76.7557, GNorm = 0.2217, lr_0 = 8.4019e-04
Loss = 1.2559e-02, PNorm = 76.7772, GNorm = 0.3171, lr_0 = 8.4003e-04
Loss = 1.2385e-02, PNorm = 76.7993, GNorm = 0.3716, lr_0 = 8.3987e-04
Loss = 1.0580e-02, PNorm = 76.8188, GNorm = 0.2408, lr_0 = 8.3971e-04
Loss = 1.2548e-02, PNorm = 76.8402, GNorm = 0.1135, lr_0 = 8.3955e-04
Loss = 1.0824e-02, PNorm = 76.8598, GNorm = 0.3791, lr_0 = 8.3939e-04
Loss = 1.0707e-02, PNorm = 76.8801, GNorm = 0.2543, lr_0 = 8.3923e-04
Validation rmse = 30.574678
Epoch 47
Loss = 1.0720e-02, PNorm = 76.9038, GNorm = 0.3057, lr_0 = 8.3905e-04
Loss = 9.3093e-03, PNorm = 76.9244, GNorm = 0.1450, lr_0 = 8.3889e-04
Loss = 1.0452e-02, PNorm = 76.9427, GNorm = 0.2414, lr_0 = 8.3873e-04
Loss = 8.7204e-03, PNorm = 76.9553, GNorm = 0.1828, lr_0 = 8.3857e-04
Loss = 1.0284e-02, PNorm = 76.9764, GNorm = 0.1540, lr_0 = 8.3841e-04
Loss = 9.0419e-03, PNorm = 76.9929, GNorm = 0.1265, lr_0 = 8.3825e-04
Loss = 8.6844e-03, PNorm = 77.0096, GNorm = 0.1313, lr_0 = 8.3809e-04
Loss = 8.6491e-03, PNorm = 77.0269, GNorm = 0.3583, lr_0 = 8.3793e-04
Loss = 8.5165e-03, PNorm = 77.0424, GNorm = 0.2193, lr_0 = 8.3777e-04
Loss = 7.5353e-03, PNorm = 77.0563, GNorm = 0.3209, lr_0 = 8.3761e-04
Loss = 6.9429e-03, PNorm = 77.0693, GNorm = 0.2148, lr_0 = 8.3745e-04
Loss = 7.7461e-03, PNorm = 77.0808, GNorm = 0.0933, lr_0 = 8.3729e-04
Loss = 6.1758e-03, PNorm = 77.0919, GNorm = 0.1139, lr_0 = 8.3713e-04
Loss = 1.0326e-02, PNorm = 77.1063, GNorm = 0.1775, lr_0 = 8.3697e-04
Loss = 7.6008e-03, PNorm = 77.1198, GNorm = 0.1665, lr_0 = 8.3681e-04
Loss = 8.1110e-03, PNorm = 77.1332, GNorm = 0.2262, lr_0 = 8.3664e-04
Loss = 6.8253e-03, PNorm = 77.1462, GNorm = 0.1486, lr_0 = 8.3648e-04
Loss = 8.4488e-03, PNorm = 77.1604, GNorm = 0.1318, lr_0 = 8.3632e-04
Loss = 7.2074e-03, PNorm = 77.1751, GNorm = 0.1814, lr_0 = 8.3616e-04
Loss = 8.2687e-03, PNorm = 77.1880, GNorm = 0.1769, lr_0 = 8.3600e-04
Loss = 6.1985e-03, PNorm = 77.1988, GNorm = 0.1576, lr_0 = 8.3584e-04
Validation rmse = 29.493050
Epoch 48
Loss = 8.0997e-03, PNorm = 77.2124, GNorm = 0.2498, lr_0 = 8.3567e-04
Loss = 6.1485e-03, PNorm = 77.2216, GNorm = 0.1244, lr_0 = 8.3551e-04
Loss = 7.2845e-03, PNorm = 77.2333, GNorm = 0.1191, lr_0 = 8.3535e-04
Loss = 5.8420e-03, PNorm = 77.2486, GNorm = 0.1260, lr_0 = 8.3519e-04
Loss = 6.5999e-03, PNorm = 77.2611, GNorm = 0.1877, lr_0 = 8.3503e-04
Loss = 8.3476e-03, PNorm = 77.2727, GNorm = 0.1519, lr_0 = 8.3487e-04
Loss = 6.2613e-03, PNorm = 77.2880, GNorm = 0.1225, lr_0 = 8.3471e-04
Loss = 7.5221e-03, PNorm = 77.3014, GNorm = 0.1268, lr_0 = 8.3455e-04
Loss = 7.0048e-03, PNorm = 77.3158, GNorm = 0.1649, lr_0 = 8.3439e-04
Loss = 5.8136e-03, PNorm = 77.3284, GNorm = 0.1728, lr_0 = 8.3423e-04
Loss = 7.0848e-03, PNorm = 77.3425, GNorm = 0.1155, lr_0 = 8.3407e-04
Loss = 5.8626e-03, PNorm = 77.3551, GNorm = 0.1034, lr_0 = 8.3391e-04
Loss = 7.7226e-03, PNorm = 77.3673, GNorm = 0.1320, lr_0 = 8.3375e-04
Loss = 6.7874e-03, PNorm = 77.3753, GNorm = 0.0954, lr_0 = 8.3359e-04
Loss = 6.4032e-03, PNorm = 77.3835, GNorm = 0.1075, lr_0 = 8.3343e-04
Loss = 6.9661e-03, PNorm = 77.3952, GNorm = 0.1578, lr_0 = 8.3327e-04
Loss = 6.0866e-03, PNorm = 77.4082, GNorm = 0.1122, lr_0 = 8.3311e-04
Loss = 6.2468e-03, PNorm = 77.4183, GNorm = 0.1374, lr_0 = 8.3295e-04
Loss = 6.5367e-03, PNorm = 77.4323, GNorm = 0.1311, lr_0 = 8.3280e-04
Loss = 6.1735e-03, PNorm = 77.4418, GNorm = 0.1789, lr_0 = 8.3264e-04
Loss = 6.8142e-03, PNorm = 77.4506, GNorm = 0.0897, lr_0 = 8.3248e-04
Loss = 6.3336e-03, PNorm = 77.4606, GNorm = 0.3191, lr_0 = 8.3232e-04
Validation rmse = 29.620788
Epoch 49
Loss = 5.7003e-03, PNorm = 77.4760, GNorm = 0.2061, lr_0 = 8.3216e-04
Loss = 7.6548e-03, PNorm = 77.4957, GNorm = 0.2526, lr_0 = 8.3200e-04
Loss = 7.9391e-03, PNorm = 77.5056, GNorm = 0.1280, lr_0 = 8.3184e-04
Loss = 7.8377e-03, PNorm = 77.5179, GNorm = 0.2345, lr_0 = 8.3168e-04
Loss = 6.0583e-03, PNorm = 77.5336, GNorm = 0.2394, lr_0 = 8.3152e-04
Loss = 8.4297e-03, PNorm = 77.5453, GNorm = 0.3343, lr_0 = 8.3136e-04
Loss = 7.4501e-03, PNorm = 77.5603, GNorm = 0.2120, lr_0 = 8.3120e-04
Loss = 7.8424e-03, PNorm = 77.5755, GNorm = 0.1566, lr_0 = 8.3104e-04
Loss = 8.6139e-03, PNorm = 77.5934, GNorm = 0.1640, lr_0 = 8.3088e-04
Loss = 7.3869e-03, PNorm = 77.6101, GNorm = 0.0959, lr_0 = 8.3073e-04
Loss = 7.0638e-03, PNorm = 77.6260, GNorm = 0.2005, lr_0 = 8.3057e-04
Loss = 7.1248e-03, PNorm = 77.6403, GNorm = 0.1195, lr_0 = 8.3041e-04
Loss = 6.4281e-03, PNorm = 77.6559, GNorm = 0.0910, lr_0 = 8.3025e-04
Loss = 5.5700e-03, PNorm = 77.6749, GNorm = 0.0930, lr_0 = 8.3009e-04
Loss = 7.4601e-03, PNorm = 77.6932, GNorm = 0.1454, lr_0 = 8.2993e-04
Loss = 6.4632e-03, PNorm = 77.7087, GNorm = 0.1388, lr_0 = 8.2977e-04
Loss = 7.0634e-03, PNorm = 77.7224, GNorm = 0.1962, lr_0 = 8.2961e-04
Loss = 6.4167e-03, PNorm = 77.7300, GNorm = 0.1690, lr_0 = 8.2955e-04
Loss = 6.3155e-03, PNorm = 77.7395, GNorm = 0.1469, lr_0 = 8.2955e-04
Loss = 7.5775e-03, PNorm = 77.7575, GNorm = 0.1316, lr_0 = 8.2955e-04
Loss = 7.8722e-03, PNorm = 77.7695, GNorm = 0.2202, lr_0 = 8.2955e-04
Loss = 6.5454e-03, PNorm = 77.7824, GNorm = 0.1155, lr_0 = 8.2955e-04
Validation rmse = 29.228652
Model 0 best validation rmse = 29.228652 on epoch 49
Loading pretrained parameter "encoder.encoder.0.cached_zero_vector".
Loading pretrained parameter "encoder.encoder.0.W_i.weight".
Loading pretrained parameter "encoder.encoder.0.W_h.weight".
Loading pretrained parameter "encoder.encoder.0.W_o.weight".
Loading pretrained parameter "encoder.encoder.0.W_o.bias".
Loading pretrained parameter "encoder.encoder.1.cached_zero_vector".
Loading pretrained parameter "encoder.encoder.1.W_i.weight".
Loading pretrained parameter "encoder.encoder.1.W_h.weight".
Loading pretrained parameter "encoder.encoder.1.W_o.weight".
Loading pretrained parameter "encoder.encoder.1.W_o.bias".
Loading pretrained parameter "ffn.1.weight".
Loading pretrained parameter "ffn.1.bias".
Loading pretrained parameter "ffn.4.weight".
Loading pretrained parameter "ffn.4.bias".
Loading pretrained parameter "ffn.7.weight".
Loading pretrained parameter "ffn.7.bias".
Moving model to cuda
Model 0 test rmse = 26.445266
Ensemble test rmse = 26.445266
1-fold cross validation
	Seed 0 ==> test rmse = 26.445266
Overall test rmse = 26.445266 +/- 0.000000
Elapsed time = 0:34:53
