Command line
python /home/kpg/chemprop/train.py --data_path ../../../data/splits/lambda_max_abs/deep4chem/group_by_smiles/smiles_target_train.csv --dataset_type regression --save_dir /home/kimele03/uvvisml/uvvisml/models/quantum_yield_checkpoints/group_by_smiles/results/507327/49668512 --config_path /home/kimele03/uvvisml/uvvisml/models/quantum_yield_checkpoints/group_by_smiles/results/507327/49668512/hyperopt.json --metric rmse --epochs 50 --gpu 0 --ensemble_size 1 --separate_val_path ../../../data/splits/lambda_max_abs/deep4chem/group_by_smiles/smiles_target_val.csv --separate_test_path ../../../data/splits/lambda_max_abs/deep4chem/group_by_smiles/smiles_target_test.csv --number_of_molecules 2
Args
{'activation': 'ReLU',
 'aggregation': 'mean',
 'aggregation_norm': 100,
 'atom_descriptor_scaling': True,
 'atom_descriptors': None,
 'atom_descriptors_path': None,
 'atom_descriptors_size': 0,
 'atom_features_size': 0,
 'atom_messages': False,
 'batch_size': 63,
 'bias': False,
 'bond_feature_scaling': True,
 'bond_features_path': None,
 'bond_features_size': 0,
 'cache_cutoff': 10000,
 'checkpoint_dir': None,
 'checkpoint_frzn': None,
 'checkpoint_path': None,
 'checkpoint_paths': None,
 'class_balance': False,
 'config_path': '/home/kimele03/uvvisml/uvvisml/models/quantum_yield_checkpoints/group_by_smiles/results/507327/49668512/hyperopt.json',
 'crossval_index_dir': None,
 'crossval_index_file': None,
 'crossval_index_sets': None,
 'cuda': True,
 'data_path': '../../../data/splits/lambda_max_abs/deep4chem/group_by_smiles/smiles_target_train.csv',
 'data_weights_path': None,
 'dataset_type': 'regression',
 'depth': 5,
 'device': device(type='cuda', index=0),
 'dropout': 0.15117868593848224,
 'empty_cache': False,
 'ensemble_size': 1,
 'epochs': 50,
 'explicit_h': False,
 'extra_metrics': [],
 'features_generator': None,
 'features_only': False,
 'features_path': None,
 'features_scaling': True,
 'features_size': None,
 'ffn_hidden_size': 913,
 'ffn_num_layers': 2,
 'final_lr': 1.3669460363989735e-05,
 'folds_file': None,
 'freeze_first_only': False,
 'frzn_ffn_layers': 0,
 'gpu': 0,
 'grad_clip': None,
 'hidden_size': 2330,
 'ignore_columns': None,
 'init_lr': 5.416235471020633e-06,
 'log_frequency': 10,
 'max_data_size': None,
 'max_lr': 0.0008767223566581047,
 'metric': 'rmse',
 'metrics': ['rmse'],
 'minimize_score': True,
 'mpn_shared': False,
 'multiclass_num_classes': 3,
 'no_atom_descriptor_scaling': False,
 'no_bond_features_scaling': False,
 'no_cache_mol': False,
 'no_cuda': False,
 'no_features_scaling': False,
 'num_folds': 1,
 'num_lrs': 1,
 'num_tasks': 1,
 'num_workers': 8,
 'number_of_molecules': 2,
 'overwrite_default_atom_features': False,
 'overwrite_default_bond_features': False,
 'pytorch_seed': 0,
 'quiet': False,
 'reaction': False,
 'reaction_mode': 'reac_diff',
 'resume_experiment': False,
 'save_dir': '/home/kimele03/uvvisml/uvvisml/models/quantum_yield_checkpoints/group_by_smiles/results/507327/49668512',
 'save_preds': False,
 'save_smiles_splits': False,
 'seed': 0,
 'separate_test_atom_descriptors_path': None,
 'separate_test_bond_features_path': None,
 'separate_test_features_path': None,
 'separate_test_path': '../../../data/splits/lambda_max_abs/deep4chem/group_by_smiles/smiles_target_test.csv',
 'separate_val_atom_descriptors_path': None,
 'separate_val_bond_features_path': None,
 'separate_val_features_path': None,
 'separate_val_path': '../../../data/splits/lambda_max_abs/deep4chem/group_by_smiles/smiles_target_val.csv',
 'show_individual_scores': False,
 'smiles_columns': ['smiles', 'solvent'],
 'split_sizes': (0.8, 0.1, 0.1),
 'split_type': 'random',
 'target_columns': None,
 'target_weights': None,
 'task_names': ['peakwavs_max'],
 'test': False,
 'test_fold_index': None,
 'train_data_size': None,
 'undirected': False,
 'use_input_features': False,
 'val_fold_index': None,
 'warmup_epochs': 5}
Loading data
Number of tasks = 1
Fold 0
Splitting data with seed 0
Total size = 13,242 | train size = 13,242 | val size = 1,633 | test size = 1,710
Fitting scaler
Building model 0
MoleculeModel(
  (encoder): MPN(
    (encoder): ModuleList(
      (0): MPNEncoder(
        (dropout_layer): Dropout(p=0.15117868593848224, inplace=False)
        (act_func): ReLU()
        (W_i): Linear(in_features=147, out_features=2330, bias=False)
        (W_h): Linear(in_features=2330, out_features=2330, bias=False)
        (W_o): Linear(in_features=2463, out_features=2330, bias=True)
      )
      (1): MPNEncoder(
        (dropout_layer): Dropout(p=0.15117868593848224, inplace=False)
        (act_func): ReLU()
        (W_i): Linear(in_features=147, out_features=2330, bias=False)
        (W_h): Linear(in_features=2330, out_features=2330, bias=False)
        (W_o): Linear(in_features=2463, out_features=2330, bias=True)
      )
    )
  )
  (ffn): Sequential(
    (0): Dropout(p=0.15117868593848224, inplace=False)
    (1): Linear(in_features=4660, out_features=913, bias=True)
    (2): ReLU()
    (3): Dropout(p=0.15117868593848224, inplace=False)
    (4): Linear(in_features=913, out_features=1, bias=True)
  )
)
Number of parameters = 27,286,127
Moving model to cuda
Epoch 0
Loss = 1.2161e+00, PNorm = 107.3699, GNorm = 10.6655, lr_0 = 1.4544e-05
Loss = 9.2613e-01, PNorm = 107.3703, GNorm = 4.6414, lr_0 = 2.2842e-05
Loss = 8.2785e-01, PNorm = 107.3712, GNorm = 17.0609, lr_0 = 3.1141e-05
Loss = 8.4028e-01, PNorm = 107.3725, GNorm = 4.3094, lr_0 = 3.9439e-05
Loss = 1.0660e+00, PNorm = 107.3746, GNorm = 21.2890, lr_0 = 4.7737e-05
Loss = 7.8285e-01, PNorm = 107.3774, GNorm = 15.2340, lr_0 = 5.6035e-05
Loss = 7.3893e-01, PNorm = 107.3814, GNorm = 4.6609, lr_0 = 6.4333e-05
Loss = 6.8188e-01, PNorm = 107.3852, GNorm = 4.5814, lr_0 = 7.2631e-05
Loss = 7.1929e-01, PNorm = 107.3900, GNorm = 3.2254, lr_0 = 8.0929e-05
Loss = 6.8475e-01, PNorm = 107.3964, GNorm = 22.0987, lr_0 = 8.9228e-05
Loss = 7.9157e-01, PNorm = 107.4028, GNorm = 13.0643, lr_0 = 9.7526e-05
Loss = 7.7259e-01, PNorm = 107.4116, GNorm = 9.9598, lr_0 = 1.0582e-04
Loss = 7.0613e-01, PNorm = 107.4212, GNorm = 3.6953, lr_0 = 1.1412e-04
Loss = 5.7677e-01, PNorm = 107.4323, GNorm = 3.0853, lr_0 = 1.2242e-04
Loss = 6.7050e-01, PNorm = 107.4442, GNorm = 10.9567, lr_0 = 1.3072e-04
Loss = 6.3155e-01, PNorm = 107.4581, GNorm = 3.7293, lr_0 = 1.3902e-04
Loss = 5.7263e-01, PNorm = 107.4723, GNorm = 2.2202, lr_0 = 1.4731e-04
Loss = 5.2324e-01, PNorm = 107.4880, GNorm = 5.0792, lr_0 = 1.5561e-04
Loss = 5.4084e-01, PNorm = 107.5033, GNorm = 3.5178, lr_0 = 1.6391e-04
Loss = 5.9042e-01, PNorm = 107.5185, GNorm = 4.1010, lr_0 = 1.7221e-04
Loss = 3.9160e-01, PNorm = 107.5372, GNorm = 1.9556, lr_0 = 1.8051e-04
Loss = 3.7450e-01, PNorm = 107.5391, GNorm = 5.0597, lr_0 = 1.8134e-04
Validation rmse = 75.358094
Epoch 1
Loss = 4.9479e-01, PNorm = 107.5591, GNorm = 6.4489, lr_0 = 1.8964e-04
Loss = 4.3714e-01, PNorm = 107.5777, GNorm = 4.8184, lr_0 = 1.9793e-04
Loss = 4.5399e-01, PNorm = 107.5961, GNorm = 12.1303, lr_0 = 2.0623e-04
Loss = 3.8227e-01, PNorm = 107.6165, GNorm = 1.9788, lr_0 = 2.1453e-04
Loss = 3.7569e-01, PNorm = 107.6354, GNorm = 6.9501, lr_0 = 2.2283e-04
Loss = 3.6472e-01, PNorm = 107.6573, GNorm = 2.3011, lr_0 = 2.3113e-04
Loss = 4.2518e-01, PNorm = 107.6758, GNorm = 19.1049, lr_0 = 2.3942e-04
Loss = 4.1585e-01, PNorm = 107.7013, GNorm = 6.5144, lr_0 = 2.4772e-04
Loss = 4.3180e-01, PNorm = 107.7278, GNorm = 4.3362, lr_0 = 2.5602e-04
Loss = 4.3134e-01, PNorm = 107.7537, GNorm = 7.4273, lr_0 = 2.6432e-04
Loss = 4.1905e-01, PNorm = 107.7776, GNorm = 2.6538, lr_0 = 2.7262e-04
Loss = 4.0965e-01, PNorm = 107.8071, GNorm = 5.0651, lr_0 = 2.8091e-04
Loss = 5.0662e-01, PNorm = 107.8532, GNorm = 1.8137, lr_0 = 2.8921e-04
Loss = 3.4700e-01, PNorm = 107.8908, GNorm = 2.0138, lr_0 = 2.9751e-04
Loss = 3.7804e-01, PNorm = 107.9295, GNorm = 2.2751, lr_0 = 3.0581e-04
Loss = 3.8796e-01, PNorm = 107.9616, GNorm = 8.0197, lr_0 = 3.1411e-04
Loss = 4.4448e-01, PNorm = 107.9939, GNorm = 2.9603, lr_0 = 3.2241e-04
Loss = 3.8182e-01, PNorm = 108.0236, GNorm = 8.8535, lr_0 = 3.3070e-04
Loss = 4.6674e-01, PNorm = 108.0573, GNorm = 1.5361, lr_0 = 3.3900e-04
Loss = 2.8847e-01, PNorm = 108.0900, GNorm = 2.6266, lr_0 = 3.4730e-04
Loss = 3.2472e-01, PNorm = 108.1186, GNorm = 4.2420, lr_0 = 3.5560e-04
Loss = 2.2415e-01, PNorm = 108.1221, GNorm = 2.7862, lr_0 = 3.5643e-04
Validation rmse = 63.378604
Epoch 2
Loss = 3.0899e-01, PNorm = 108.1455, GNorm = 3.1466, lr_0 = 3.6473e-04
Loss = 3.1800e-01, PNorm = 108.1782, GNorm = 5.3701, lr_0 = 3.7302e-04
Loss = 3.2730e-01, PNorm = 108.2105, GNorm = 15.4515, lr_0 = 3.8132e-04
Loss = 3.4952e-01, PNorm = 108.2504, GNorm = 7.5017, lr_0 = 3.8962e-04
Loss = 3.3370e-01, PNorm = 108.2859, GNorm = 2.6919, lr_0 = 3.9792e-04
Loss = 3.1264e-01, PNorm = 108.3234, GNorm = 2.8485, lr_0 = 4.0622e-04
Loss = 3.1455e-01, PNorm = 108.3629, GNorm = 4.1237, lr_0 = 4.1452e-04
Loss = 3.4683e-01, PNorm = 108.4017, GNorm = 1.2053, lr_0 = 4.2281e-04
Loss = 3.3274e-01, PNorm = 108.4497, GNorm = 3.8113, lr_0 = 4.3111e-04
Loss = 3.2504e-01, PNorm = 108.4945, GNorm = 2.3999, lr_0 = 4.3941e-04
Loss = 2.6713e-01, PNorm = 108.5439, GNorm = 2.1590, lr_0 = 4.4771e-04
Loss = 3.0944e-01, PNorm = 108.5929, GNorm = 1.5799, lr_0 = 4.5601e-04
Loss = 3.1099e-01, PNorm = 108.6421, GNorm = 1.6650, lr_0 = 4.6430e-04
Loss = 2.8554e-01, PNorm = 108.6880, GNorm = 2.9556, lr_0 = 4.7260e-04
Loss = 3.1519e-01, PNorm = 108.7355, GNorm = 0.8550, lr_0 = 4.8090e-04
Loss = 2.9137e-01, PNorm = 108.7856, GNorm = 2.4425, lr_0 = 4.8920e-04
Loss = 2.7404e-01, PNorm = 108.8454, GNorm = 2.1979, lr_0 = 4.9750e-04
Loss = 2.5370e-01, PNorm = 108.9062, GNorm = 1.2557, lr_0 = 5.0579e-04
Loss = 2.2419e-01, PNorm = 108.9610, GNorm = 1.9911, lr_0 = 5.1409e-04
Loss = 2.4516e-01, PNorm = 109.0154, GNorm = 3.7122, lr_0 = 5.2239e-04
Loss = 2.7229e-01, PNorm = 109.0689, GNorm = 3.7095, lr_0 = 5.3069e-04
Loss = 8.1677e-02, PNorm = 109.0749, GNorm = 2.1662, lr_0 = 5.3152e-04
Validation rmse = 53.092057
Epoch 3
Loss = 2.0094e-01, PNorm = 109.1288, GNorm = 2.5461, lr_0 = 5.3982e-04
Loss = 1.8885e-01, PNorm = 109.1838, GNorm = 1.8655, lr_0 = 5.4812e-04
Loss = 1.7476e-01, PNorm = 109.2330, GNorm = 2.0442, lr_0 = 5.5641e-04
Loss = 2.0915e-01, PNorm = 109.2846, GNorm = 2.2240, lr_0 = 5.6471e-04
Loss = 1.8712e-01, PNorm = 109.3356, GNorm = 1.8134, lr_0 = 5.7301e-04
Loss = 2.3667e-01, PNorm = 109.3846, GNorm = 2.9658, lr_0 = 5.8131e-04
Loss = 2.0011e-01, PNorm = 109.4414, GNorm = 1.6181, lr_0 = 5.8961e-04
Loss = 2.0820e-01, PNorm = 109.5037, GNorm = 3.9415, lr_0 = 5.9790e-04
Loss = 1.9757e-01, PNorm = 109.5802, GNorm = 3.6047, lr_0 = 6.0620e-04
Loss = 1.6815e-01, PNorm = 109.6525, GNorm = 1.1816, lr_0 = 6.1450e-04
Loss = 1.9030e-01, PNorm = 109.7284, GNorm = 2.1952, lr_0 = 6.2280e-04
Loss = 1.9349e-01, PNorm = 109.8010, GNorm = 1.4695, lr_0 = 6.3110e-04
Loss = 1.4998e-01, PNorm = 109.8654, GNorm = 3.1386, lr_0 = 6.3940e-04
Loss = 1.8842e-01, PNorm = 109.9436, GNorm = 1.5123, lr_0 = 6.4769e-04
Loss = 1.5930e-01, PNorm = 110.0068, GNorm = 4.4538, lr_0 = 6.5599e-04
Loss = 1.4948e-01, PNorm = 110.0641, GNorm = 0.9241, lr_0 = 6.6429e-04
Loss = 2.1188e-01, PNorm = 110.1255, GNorm = 4.1664, lr_0 = 6.7259e-04
Loss = 2.0686e-01, PNorm = 110.2007, GNorm = 2.3025, lr_0 = 6.8089e-04
Loss = 2.0551e-01, PNorm = 110.2703, GNorm = 1.2455, lr_0 = 6.8918e-04
Loss = 3.3536e-01, PNorm = 110.3695, GNorm = 3.4780, lr_0 = 6.9748e-04
Loss = 2.6230e-01, PNorm = 110.4867, GNorm = 1.6032, lr_0 = 7.0578e-04
Loss = 8.3274e-01, PNorm = 110.4989, GNorm = 3.9929, lr_0 = 7.0661e-04
Validation rmse = 77.659647
Epoch 4
Loss = 3.2467e-01, PNorm = 110.6322, GNorm = 1.9468, lr_0 = 7.1491e-04
Loss = 2.6131e-01, PNorm = 110.7725, GNorm = 1.8966, lr_0 = 7.2321e-04
Loss = 2.0738e-01, PNorm = 110.8965, GNorm = 3.4003, lr_0 = 7.3150e-04
Loss = 1.9470e-01, PNorm = 110.9961, GNorm = 4.0651, lr_0 = 7.3980e-04
Loss = 1.7382e-01, PNorm = 111.0756, GNorm = 0.7422, lr_0 = 7.4810e-04
Loss = 1.7869e-01, PNorm = 111.1518, GNorm = 1.3183, lr_0 = 7.5640e-04
Loss = 1.9947e-01, PNorm = 111.2330, GNorm = 2.5190, lr_0 = 7.6470e-04
Loss = 1.8374e-01, PNorm = 111.3349, GNorm = 1.4108, lr_0 = 7.7300e-04
Loss = 1.4840e-01, PNorm = 111.4160, GNorm = 1.1349, lr_0 = 7.8129e-04
Loss = 1.5970e-01, PNorm = 111.4988, GNorm = 1.3910, lr_0 = 7.8959e-04
Loss = 1.2992e-01, PNorm = 111.5830, GNorm = 0.6268, lr_0 = 7.9789e-04
Loss = 1.5909e-01, PNorm = 111.6555, GNorm = 1.2270, lr_0 = 8.0619e-04
Loss = 1.4543e-01, PNorm = 111.7390, GNorm = 0.9611, lr_0 = 8.1449e-04
Loss = 1.1828e-01, PNorm = 111.8048, GNorm = 0.6416, lr_0 = 8.2278e-04
Loss = 1.5413e-01, PNorm = 111.8676, GNorm = 3.1813, lr_0 = 8.3108e-04
Loss = 1.3663e-01, PNorm = 111.9530, GNorm = 1.2925, lr_0 = 8.3938e-04
Loss = 1.1291e-01, PNorm = 112.0446, GNorm = 0.4912, lr_0 = 8.4768e-04
Loss = 1.2990e-01, PNorm = 112.1171, GNorm = 1.4003, lr_0 = 8.5598e-04
Loss = 1.4645e-01, PNorm = 112.1988, GNorm = 1.7547, lr_0 = 8.6428e-04
Loss = 1.3726e-01, PNorm = 112.2849, GNorm = 3.2875, lr_0 = 8.7257e-04
Loss = 1.4852e-01, PNorm = 112.3718, GNorm = 1.4796, lr_0 = 8.7479e-04
Loss = 4.0089e-01, PNorm = 112.3821, GNorm = 3.9340, lr_0 = 8.7441e-04
Validation rmse = 56.015161
Epoch 5
Loss = 1.6532e-01, PNorm = 112.5098, GNorm = 0.9020, lr_0 = 8.7057e-04
Loss = 1.8360e-01, PNorm = 112.6207, GNorm = 2.3488, lr_0 = 8.6674e-04
Loss = 1.8370e-01, PNorm = 112.7282, GNorm = 1.3885, lr_0 = 8.6293e-04
Loss = 1.3302e-01, PNorm = 112.8269, GNorm = 1.2987, lr_0 = 8.5914e-04
Loss = 1.3882e-01, PNorm = 112.9147, GNorm = 1.0701, lr_0 = 8.5537e-04
Loss = 1.1676e-01, PNorm = 112.9986, GNorm = 0.4346, lr_0 = 8.5161e-04
Loss = 1.2571e-01, PNorm = 113.0775, GNorm = 1.9959, lr_0 = 8.4787e-04
Loss = 1.3325e-01, PNorm = 113.1514, GNorm = 2.1680, lr_0 = 8.4414e-04
Loss = 1.3248e-01, PNorm = 113.2287, GNorm = 0.9882, lr_0 = 8.4044e-04
Loss = 1.1228e-01, PNorm = 113.2998, GNorm = 1.0614, lr_0 = 8.3674e-04
Loss = 1.6458e-01, PNorm = 113.3680, GNorm = 0.9633, lr_0 = 8.3307e-04
Loss = 9.5698e-02, PNorm = 113.4494, GNorm = 1.2079, lr_0 = 8.2941e-04
Loss = 1.0799e-01, PNorm = 113.5273, GNorm = 1.2072, lr_0 = 8.2576e-04
Loss = 1.0521e-01, PNorm = 113.5862, GNorm = 0.4035, lr_0 = 8.2213e-04
Loss = 9.8747e-02, PNorm = 113.6385, GNorm = 0.6988, lr_0 = 8.1852e-04
Loss = 1.0316e-01, PNorm = 113.7073, GNorm = 1.0567, lr_0 = 8.1493e-04
Loss = 1.2385e-01, PNorm = 113.7880, GNorm = 0.5662, lr_0 = 8.1135e-04
Loss = 1.0294e-01, PNorm = 113.8602, GNorm = 0.5346, lr_0 = 8.0778e-04
Loss = 8.4685e-02, PNorm = 113.9276, GNorm = 0.6559, lr_0 = 8.0423e-04
Loss = 9.4541e-02, PNorm = 113.9832, GNorm = 1.0543, lr_0 = 8.0070e-04
Loss = 1.1284e-01, PNorm = 114.0455, GNorm = 2.2423, lr_0 = 7.9718e-04
Validation rmse = 41.176627
Epoch 6
Loss = 1.0219e-01, PNorm = 114.1359, GNorm = 0.8308, lr_0 = 7.9368e-04
Loss = 9.5207e-02, PNorm = 114.2268, GNorm = 1.3985, lr_0 = 7.9019e-04
Loss = 9.0862e-02, PNorm = 114.2971, GNorm = 1.3026, lr_0 = 7.8672e-04
Loss = 9.8849e-02, PNorm = 114.3638, GNorm = 1.2647, lr_0 = 7.8326e-04
Loss = 1.0016e-01, PNorm = 114.4224, GNorm = 1.0575, lr_0 = 7.7982e-04
Loss = 9.9305e-02, PNorm = 114.4835, GNorm = 1.7148, lr_0 = 7.7640e-04
Loss = 1.0387e-01, PNorm = 114.5510, GNorm = 0.9689, lr_0 = 7.7298e-04
Loss = 1.0280e-01, PNorm = 114.6093, GNorm = 1.3699, lr_0 = 7.6959e-04
Loss = 1.0713e-01, PNorm = 114.6900, GNorm = 1.6607, lr_0 = 7.6621e-04
Loss = 1.1063e-01, PNorm = 114.7649, GNorm = 2.1715, lr_0 = 7.6284e-04
Loss = 8.6970e-02, PNorm = 114.8289, GNorm = 0.4660, lr_0 = 7.5949e-04
Loss = 1.0344e-01, PNorm = 114.8865, GNorm = 1.2106, lr_0 = 7.5615e-04
Loss = 9.9053e-02, PNorm = 114.9489, GNorm = 0.7190, lr_0 = 7.5283e-04
Loss = 8.6618e-02, PNorm = 115.0048, GNorm = 1.2096, lr_0 = 7.4952e-04
Loss = 7.9696e-02, PNorm = 115.0587, GNorm = 0.5136, lr_0 = 7.4623e-04
Loss = 8.2254e-02, PNorm = 115.1065, GNorm = 1.8800, lr_0 = 7.4295e-04
Loss = 9.7788e-02, PNorm = 115.1462, GNorm = 1.0503, lr_0 = 7.3969e-04
Loss = 7.9441e-02, PNorm = 115.1956, GNorm = 0.9229, lr_0 = 7.3644e-04
Loss = 8.0327e-02, PNorm = 115.2408, GNorm = 0.8380, lr_0 = 7.3320e-04
Loss = 8.2479e-02, PNorm = 115.2893, GNorm = 0.9892, lr_0 = 7.2998e-04
Loss = 9.3385e-02, PNorm = 115.3386, GNorm = 1.1395, lr_0 = 7.2677e-04
Validation rmse = 41.354926
Epoch 7
Loss = 8.8756e-02, PNorm = 115.3888, GNorm = 1.4443, lr_0 = 7.2326e-04
Loss = 8.6450e-02, PNorm = 115.4357, GNorm = 1.7024, lr_0 = 7.2008e-04
Loss = 8.5346e-02, PNorm = 115.4880, GNorm = 1.1520, lr_0 = 7.1692e-04
Loss = 8.7807e-02, PNorm = 115.5361, GNorm = 1.5803, lr_0 = 7.1377e-04
Loss = 6.7802e-02, PNorm = 115.5774, GNorm = 0.7697, lr_0 = 7.1063e-04
Loss = 7.7965e-02, PNorm = 115.6158, GNorm = 0.4614, lr_0 = 7.0751e-04
Loss = 7.5604e-02, PNorm = 115.6580, GNorm = 1.9068, lr_0 = 7.0440e-04
Loss = 8.7019e-02, PNorm = 115.7060, GNorm = 1.1250, lr_0 = 7.0131e-04
Loss = 6.8212e-02, PNorm = 115.7460, GNorm = 1.0035, lr_0 = 6.9823e-04
Loss = 6.9918e-02, PNorm = 115.7797, GNorm = 0.9101, lr_0 = 6.9516e-04
Loss = 7.6326e-02, PNorm = 115.8221, GNorm = 0.5719, lr_0 = 6.9211e-04
Loss = 6.8926e-02, PNorm = 115.8623, GNorm = 0.5464, lr_0 = 6.8906e-04
Loss = 7.8682e-02, PNorm = 115.9108, GNorm = 1.0892, lr_0 = 6.8604e-04
Loss = 8.3480e-02, PNorm = 115.9557, GNorm = 0.8767, lr_0 = 6.8302e-04
Loss = 8.6947e-02, PNorm = 116.0026, GNorm = 0.7835, lr_0 = 6.8002e-04
Loss = 7.8937e-02, PNorm = 116.0579, GNorm = 0.8218, lr_0 = 6.7703e-04
Loss = 6.3661e-02, PNorm = 116.1104, GNorm = 0.7007, lr_0 = 6.7406e-04
Loss = 6.4347e-02, PNorm = 116.1496, GNorm = 1.3501, lr_0 = 6.7110e-04
Loss = 8.8711e-02, PNorm = 116.1832, GNorm = 1.0682, lr_0 = 6.6815e-04
Loss = 7.1605e-02, PNorm = 116.2314, GNorm = 0.6830, lr_0 = 6.6521e-04
Loss = 6.9305e-02, PNorm = 116.2795, GNorm = 0.9146, lr_0 = 6.6229e-04
Validation rmse = 34.327934
Epoch 8
Loss = 5.1230e-02, PNorm = 116.3212, GNorm = 0.6070, lr_0 = 6.5909e-04
Loss = 5.6602e-02, PNorm = 116.3554, GNorm = 0.9303, lr_0 = 6.5620e-04
Loss = 6.3520e-02, PNorm = 116.3867, GNorm = 0.6255, lr_0 = 6.5331e-04
Loss = 6.0311e-02, PNorm = 116.4178, GNorm = 1.4020, lr_0 = 6.5044e-04
Loss = 6.8382e-02, PNorm = 116.4503, GNorm = 1.1595, lr_0 = 6.4758e-04
Loss = 7.1491e-02, PNorm = 116.4838, GNorm = 1.3524, lr_0 = 6.4474e-04
Loss = 6.9770e-02, PNorm = 116.5257, GNorm = 1.1752, lr_0 = 6.4191e-04
Loss = 6.2283e-02, PNorm = 116.5688, GNorm = 0.8026, lr_0 = 6.3909e-04
Loss = 7.8964e-02, PNorm = 116.6051, GNorm = 0.7373, lr_0 = 6.3628e-04
Loss = 6.6368e-02, PNorm = 116.6464, GNorm = 0.7254, lr_0 = 6.3348e-04
Loss = 6.7512e-02, PNorm = 116.6829, GNorm = 0.8662, lr_0 = 6.3070e-04
Loss = 5.9379e-02, PNorm = 116.7219, GNorm = 0.3916, lr_0 = 6.2793e-04
Loss = 6.2245e-02, PNorm = 116.7538, GNorm = 0.7014, lr_0 = 6.2517e-04
Loss = 5.8573e-02, PNorm = 116.7949, GNorm = 0.5437, lr_0 = 6.2242e-04
Loss = 6.7269e-02, PNorm = 116.8264, GNorm = 0.6733, lr_0 = 6.1969e-04
Loss = 5.7994e-02, PNorm = 116.8595, GNorm = 0.3262, lr_0 = 6.1697e-04
Loss = 6.5642e-02, PNorm = 116.9014, GNorm = 0.6740, lr_0 = 6.1426e-04
Loss = 7.1565e-02, PNorm = 116.9425, GNorm = 0.6874, lr_0 = 6.1156e-04
Loss = 5.6038e-02, PNorm = 116.9855, GNorm = 0.7492, lr_0 = 6.0887e-04
Loss = 6.6001e-02, PNorm = 117.0261, GNorm = 0.6658, lr_0 = 6.0620e-04
Loss = 5.8440e-02, PNorm = 117.0531, GNorm = 0.4743, lr_0 = 6.0353e-04
Validation rmse = 33.857203
Epoch 9
Loss = 5.5781e-02, PNorm = 117.0928, GNorm = 0.5373, lr_0 = 6.0062e-04
Loss = 5.3511e-02, PNorm = 117.1287, GNorm = 0.4286, lr_0 = 5.9798e-04
Loss = 5.5684e-02, PNorm = 117.1606, GNorm = 1.2429, lr_0 = 5.9535e-04
Loss = 5.2569e-02, PNorm = 117.1964, GNorm = 0.8634, lr_0 = 5.9273e-04
Loss = 5.3462e-02, PNorm = 117.2225, GNorm = 0.4885, lr_0 = 5.9013e-04
Loss = 5.3382e-02, PNorm = 117.2489, GNorm = 0.8032, lr_0 = 5.8754e-04
Loss = 4.9354e-02, PNorm = 117.2718, GNorm = 0.9463, lr_0 = 5.8496e-04
Loss = 4.9961e-02, PNorm = 117.3032, GNorm = 0.5607, lr_0 = 5.8239e-04
Loss = 5.8954e-02, PNorm = 117.3385, GNorm = 0.5591, lr_0 = 5.7983e-04
Loss = 5.9360e-02, PNorm = 117.3751, GNorm = 0.7310, lr_0 = 5.7728e-04
Loss = 5.4322e-02, PNorm = 117.4071, GNorm = 0.5297, lr_0 = 5.7474e-04
Loss = 5.4302e-02, PNorm = 117.4407, GNorm = 0.7717, lr_0 = 5.7222e-04
Loss = 6.2103e-02, PNorm = 117.4741, GNorm = 1.4266, lr_0 = 5.6970e-04
Loss = 5.3174e-02, PNorm = 117.5082, GNorm = 0.7623, lr_0 = 5.6720e-04
Loss = 5.4937e-02, PNorm = 117.5488, GNorm = 0.6923, lr_0 = 5.6471e-04
Loss = 5.9380e-02, PNorm = 117.5854, GNorm = 0.4126, lr_0 = 5.6223e-04
Loss = 5.6322e-02, PNorm = 117.6242, GNorm = 0.6395, lr_0 = 5.5976e-04
Loss = 4.8659e-02, PNorm = 117.6639, GNorm = 0.6217, lr_0 = 5.5730e-04
Loss = 6.6395e-02, PNorm = 117.7020, GNorm = 0.6217, lr_0 = 5.5485e-04
Loss = 6.2543e-02, PNorm = 117.7421, GNorm = 0.8453, lr_0 = 5.5241e-04
Loss = 6.6804e-02, PNorm = 117.7668, GNorm = 0.5070, lr_0 = 5.4999e-04
Validation rmse = 33.920650
Epoch 10
Loss = 5.4360e-02, PNorm = 117.8123, GNorm = 0.7472, lr_0 = 5.4733e-04
Loss = 5.7361e-02, PNorm = 117.8497, GNorm = 0.6978, lr_0 = 5.4492e-04
Loss = 5.0173e-02, PNorm = 117.8749, GNorm = 0.3914, lr_0 = 5.4253e-04
Loss = 5.0720e-02, PNorm = 117.9011, GNorm = 0.5241, lr_0 = 5.4015e-04
Loss = 5.3176e-02, PNorm = 117.9355, GNorm = 0.4649, lr_0 = 5.3777e-04
Loss = 4.4700e-02, PNorm = 117.9687, GNorm = 0.4209, lr_0 = 5.3541e-04
Loss = 5.8034e-02, PNorm = 117.9954, GNorm = 0.6532, lr_0 = 5.3306e-04
Loss = 4.9359e-02, PNorm = 118.0273, GNorm = 0.6868, lr_0 = 5.3072e-04
Loss = 4.2299e-02, PNorm = 118.0526, GNorm = 0.8226, lr_0 = 5.2838e-04
Loss = 4.4516e-02, PNorm = 118.0778, GNorm = 0.6527, lr_0 = 5.2606e-04
Loss = 5.2172e-02, PNorm = 118.1054, GNorm = 0.6170, lr_0 = 5.2375e-04
Loss = 5.4185e-02, PNorm = 118.1318, GNorm = 0.5188, lr_0 = 5.2145e-04
Loss = 6.0070e-02, PNorm = 118.1620, GNorm = 1.1490, lr_0 = 5.1916e-04
Loss = 6.4097e-02, PNorm = 118.1983, GNorm = 0.4347, lr_0 = 5.1688e-04
Loss = 5.5903e-02, PNorm = 118.2300, GNorm = 0.5374, lr_0 = 5.1461e-04
Loss = 5.5452e-02, PNorm = 118.2601, GNorm = 0.5043, lr_0 = 5.1235e-04
Loss = 4.2064e-02, PNorm = 118.2933, GNorm = 0.4668, lr_0 = 5.1009e-04
Loss = 5.1523e-02, PNorm = 118.3281, GNorm = 0.4421, lr_0 = 5.0785e-04
Loss = 6.0772e-02, PNorm = 118.3593, GNorm = 1.1512, lr_0 = 5.0562e-04
Loss = 4.9508e-02, PNorm = 118.3898, GNorm = 1.0448, lr_0 = 5.0340e-04
Loss = 4.2990e-02, PNorm = 118.4194, GNorm = 0.3840, lr_0 = 5.0119e-04
Validation rmse = 31.568903
Epoch 11
Loss = 4.5297e-02, PNorm = 118.4485, GNorm = 0.7500, lr_0 = 4.9899e-04
Loss = 3.6258e-02, PNorm = 118.4723, GNorm = 0.4987, lr_0 = 4.9679e-04
Loss = 4.6480e-02, PNorm = 118.5002, GNorm = 0.4026, lr_0 = 4.9461e-04
Loss = 3.9401e-02, PNorm = 118.5253, GNorm = 0.4110, lr_0 = 4.9244e-04
Loss = 4.1171e-02, PNorm = 118.5438, GNorm = 0.9774, lr_0 = 4.9028e-04
Loss = 4.3375e-02, PNorm = 118.5689, GNorm = 0.5819, lr_0 = 4.8812e-04
Loss = 4.6462e-02, PNorm = 118.5934, GNorm = 0.2686, lr_0 = 4.8598e-04
Loss = 4.5177e-02, PNorm = 118.6209, GNorm = 0.5957, lr_0 = 4.8384e-04
Loss = 4.7111e-02, PNorm = 118.6449, GNorm = 0.5772, lr_0 = 4.8172e-04
Loss = 4.8239e-02, PNorm = 118.6673, GNorm = 0.5043, lr_0 = 4.7960e-04
Loss = 5.1510e-02, PNorm = 118.6950, GNorm = 0.3309, lr_0 = 4.7749e-04
Loss = 5.2254e-02, PNorm = 118.7237, GNorm = 1.5951, lr_0 = 4.7539e-04
Loss = 3.9723e-02, PNorm = 118.7531, GNorm = 0.6848, lr_0 = 4.7331e-04
Loss = 4.1224e-02, PNorm = 118.7783, GNorm = 0.3563, lr_0 = 4.7123e-04
Loss = 4.0561e-02, PNorm = 118.7985, GNorm = 0.9455, lr_0 = 4.6916e-04
Loss = 4.0506e-02, PNorm = 118.8211, GNorm = 0.4342, lr_0 = 4.6709e-04
Loss = 4.4300e-02, PNorm = 118.8397, GNorm = 0.6703, lr_0 = 4.6504e-04
Loss = 4.4860e-02, PNorm = 118.8647, GNorm = 0.4503, lr_0 = 4.6300e-04
Loss = 5.4249e-02, PNorm = 118.8908, GNorm = 0.7801, lr_0 = 4.6097e-04
Loss = 4.3542e-02, PNorm = 118.9246, GNorm = 0.3836, lr_0 = 4.5894e-04
Loss = 4.3618e-02, PNorm = 118.9592, GNorm = 1.2178, lr_0 = 4.5692e-04
Validation rmse = 31.842622
Epoch 12
Loss = 4.4365e-02, PNorm = 118.9870, GNorm = 0.6870, lr_0 = 4.5472e-04
Loss = 3.3125e-02, PNorm = 119.0111, GNorm = 0.3317, lr_0 = 4.5272e-04
Loss = 4.8429e-02, PNorm = 119.0341, GNorm = 0.5329, lr_0 = 4.5073e-04
Loss = 3.6897e-02, PNorm = 119.0577, GNorm = 0.3474, lr_0 = 4.4875e-04
Loss = 4.2555e-02, PNorm = 119.0844, GNorm = 1.1132, lr_0 = 4.4678e-04
Loss = 4.5817e-02, PNorm = 119.1008, GNorm = 0.2784, lr_0 = 4.4481e-04
Loss = 3.6498e-02, PNorm = 119.1201, GNorm = 0.4813, lr_0 = 4.4286e-04
Loss = 4.4979e-02, PNorm = 119.1472, GNorm = 0.6878, lr_0 = 4.4091e-04
Loss = 3.7431e-02, PNorm = 119.1684, GNorm = 1.5770, lr_0 = 4.3898e-04
Loss = 4.9198e-02, PNorm = 119.1910, GNorm = 0.5412, lr_0 = 4.3705e-04
Loss = 4.8748e-02, PNorm = 119.2243, GNorm = 0.9626, lr_0 = 4.3513e-04
Loss = 3.9082e-02, PNorm = 119.2538, GNorm = 0.4254, lr_0 = 4.3322e-04
Loss = 4.3929e-02, PNorm = 119.2823, GNorm = 0.8873, lr_0 = 4.3131e-04
Loss = 3.3539e-02, PNorm = 119.3065, GNorm = 0.2463, lr_0 = 4.2942e-04
Loss = 4.2126e-02, PNorm = 119.3298, GNorm = 0.5813, lr_0 = 4.2753e-04
Loss = 3.5758e-02, PNorm = 119.3535, GNorm = 0.3202, lr_0 = 4.2565e-04
Loss = 4.5258e-02, PNorm = 119.3717, GNorm = 0.7169, lr_0 = 4.2378e-04
Loss = 4.5937e-02, PNorm = 119.3939, GNorm = 0.7418, lr_0 = 4.2192e-04
Loss = 3.5495e-02, PNorm = 119.4148, GNorm = 0.5299, lr_0 = 4.2007e-04
Loss = 3.7450e-02, PNorm = 119.4408, GNorm = 0.7873, lr_0 = 4.1822e-04
Loss = 4.2056e-02, PNorm = 119.4624, GNorm = 0.6589, lr_0 = 4.1638e-04
Validation rmse = 32.760284
Epoch 13
Loss = 4.2360e-02, PNorm = 119.4885, GNorm = 0.9793, lr_0 = 4.1437e-04
Loss = 4.3600e-02, PNorm = 119.5180, GNorm = 0.4376, lr_0 = 4.1255e-04
Loss = 3.6528e-02, PNorm = 119.5427, GNorm = 0.3379, lr_0 = 4.1074e-04
Loss = 4.0324e-02, PNorm = 119.5564, GNorm = 0.8097, lr_0 = 4.0893e-04
Loss = 3.4787e-02, PNorm = 119.5695, GNorm = 0.6370, lr_0 = 4.0714e-04
Loss = 3.6657e-02, PNorm = 119.5917, GNorm = 0.2278, lr_0 = 4.0535e-04
Loss = 3.5744e-02, PNorm = 119.6110, GNorm = 0.4936, lr_0 = 4.0357e-04
Loss = 3.7563e-02, PNorm = 119.6284, GNorm = 0.6976, lr_0 = 4.0180e-04
Loss = 2.8528e-02, PNorm = 119.6486, GNorm = 0.2811, lr_0 = 4.0003e-04
Loss = 3.4122e-02, PNorm = 119.6609, GNorm = 0.4561, lr_0 = 3.9827e-04
Loss = 3.5324e-02, PNorm = 119.6827, GNorm = 0.5372, lr_0 = 3.9652e-04
Loss = 4.5488e-02, PNorm = 119.7122, GNorm = 0.8372, lr_0 = 3.9478e-04
Loss = 3.8017e-02, PNorm = 119.7384, GNorm = 0.6404, lr_0 = 3.9305e-04
Loss = 3.7503e-02, PNorm = 119.7621, GNorm = 0.4411, lr_0 = 3.9132e-04
Loss = 3.7071e-02, PNorm = 119.7826, GNorm = 0.6799, lr_0 = 3.8960e-04
Loss = 3.5728e-02, PNorm = 119.8032, GNorm = 0.9240, lr_0 = 3.8789e-04
Loss = 3.8786e-02, PNorm = 119.8217, GNorm = 0.9279, lr_0 = 3.8618e-04
Loss = 3.9159e-02, PNorm = 119.8437, GNorm = 0.6516, lr_0 = 3.8449e-04
Loss = 3.5235e-02, PNorm = 119.8693, GNorm = 0.5527, lr_0 = 3.8280e-04
Loss = 3.4593e-02, PNorm = 119.8895, GNorm = 0.4335, lr_0 = 3.8112e-04
Loss = 3.2845e-02, PNorm = 119.9071, GNorm = 0.6784, lr_0 = 3.7944e-04
Validation rmse = 29.866248
Epoch 14
Loss = 2.8543e-02, PNorm = 119.9302, GNorm = 0.3155, lr_0 = 3.7761e-04
Loss = 3.5275e-02, PNorm = 119.9512, GNorm = 0.3677, lr_0 = 3.7595e-04
Loss = 3.2695e-02, PNorm = 119.9701, GNorm = 0.7655, lr_0 = 3.7430e-04
Loss = 3.7114e-02, PNorm = 119.9943, GNorm = 0.6717, lr_0 = 3.7265e-04
Loss = 3.8373e-02, PNorm = 120.0167, GNorm = 0.4287, lr_0 = 3.7102e-04
Loss = 3.0728e-02, PNorm = 120.0329, GNorm = 0.3651, lr_0 = 3.6939e-04
Loss = 3.4572e-02, PNorm = 120.0466, GNorm = 0.9889, lr_0 = 3.6776e-04
Loss = 3.7205e-02, PNorm = 120.0613, GNorm = 0.7640, lr_0 = 3.6615e-04
Loss = 3.2613e-02, PNorm = 120.0767, GNorm = 0.3677, lr_0 = 3.6454e-04
Loss = 3.6213e-02, PNorm = 120.0956, GNorm = 0.9024, lr_0 = 3.6294e-04
Loss = 3.3099e-02, PNorm = 120.1141, GNorm = 0.9287, lr_0 = 3.6134e-04
Loss = 4.0877e-02, PNorm = 120.1328, GNorm = 1.1205, lr_0 = 3.5975e-04
Loss = 4.3009e-02, PNorm = 120.1503, GNorm = 0.5556, lr_0 = 3.5817e-04
Loss = 3.9469e-02, PNorm = 120.1754, GNorm = 0.5495, lr_0 = 3.5660e-04
Loss = 4.6462e-02, PNorm = 120.1997, GNorm = 0.3484, lr_0 = 3.5503e-04
Loss = 3.8477e-02, PNorm = 120.2233, GNorm = 0.2969, lr_0 = 3.5347e-04
Loss = 4.1220e-02, PNorm = 120.2478, GNorm = 1.2076, lr_0 = 3.5192e-04
Loss = 3.2191e-02, PNorm = 120.2693, GNorm = 0.6817, lr_0 = 3.5037e-04
Loss = 3.1243e-02, PNorm = 120.2895, GNorm = 0.3685, lr_0 = 3.4884e-04
Loss = 3.5790e-02, PNorm = 120.3034, GNorm = 0.4685, lr_0 = 3.4730e-04
Loss = 2.9837e-02, PNorm = 120.3163, GNorm = 0.4681, lr_0 = 3.4578e-04
Validation rmse = 30.993865
Epoch 15
Loss = 2.6625e-02, PNorm = 120.3342, GNorm = 0.3783, lr_0 = 3.4411e-04
Loss = 3.2372e-02, PNorm = 120.3482, GNorm = 0.2525, lr_0 = 3.4259e-04
Loss = 3.0962e-02, PNorm = 120.3631, GNorm = 0.5047, lr_0 = 3.4109e-04
Loss = 2.8519e-02, PNorm = 120.3797, GNorm = 0.3704, lr_0 = 3.3959e-04
Loss = 3.3574e-02, PNorm = 120.3893, GNorm = 0.6053, lr_0 = 3.3810e-04
Loss = 2.4971e-02, PNorm = 120.4070, GNorm = 0.7570, lr_0 = 3.3661e-04
Loss = 3.1452e-02, PNorm = 120.4242, GNorm = 0.7210, lr_0 = 3.3513e-04
Loss = 3.0077e-02, PNorm = 120.4414, GNorm = 0.3606, lr_0 = 3.3366e-04
Loss = 3.1244e-02, PNorm = 120.4622, GNorm = 0.3885, lr_0 = 3.3220e-04
Loss = 3.9674e-02, PNorm = 120.4811, GNorm = 0.4862, lr_0 = 3.3074e-04
Loss = 3.3113e-02, PNorm = 120.5019, GNorm = 0.6089, lr_0 = 3.2928e-04
Loss = 3.1521e-02, PNorm = 120.5211, GNorm = 0.3291, lr_0 = 3.2784e-04
Loss = 3.7258e-02, PNorm = 120.5375, GNorm = 0.5194, lr_0 = 3.2640e-04
Loss = 3.2071e-02, PNorm = 120.5558, GNorm = 0.3606, lr_0 = 3.2496e-04
Loss = 3.5770e-02, PNorm = 120.5708, GNorm = 0.6747, lr_0 = 3.2353e-04
Loss = 3.3325e-02, PNorm = 120.5877, GNorm = 0.5462, lr_0 = 3.2211e-04
Loss = 3.0168e-02, PNorm = 120.6075, GNorm = 0.2396, lr_0 = 3.2070e-04
Loss = 2.9335e-02, PNorm = 120.6234, GNorm = 0.2974, lr_0 = 3.1929e-04
Loss = 2.2798e-02, PNorm = 120.6389, GNorm = 0.5318, lr_0 = 3.1789e-04
Loss = 3.0532e-02, PNorm = 120.6539, GNorm = 0.5564, lr_0 = 3.1649e-04
Loss = 3.0390e-02, PNorm = 120.6667, GNorm = 0.5643, lr_0 = 3.1510e-04
Validation rmse = 29.756233
Epoch 16
Loss = 2.7264e-02, PNorm = 120.6789, GNorm = 0.4440, lr_0 = 3.1371e-04
Loss = 3.0410e-02, PNorm = 120.6988, GNorm = 0.3760, lr_0 = 3.1234e-04
Loss = 2.7169e-02, PNorm = 120.7158, GNorm = 0.5616, lr_0 = 3.1096e-04
Loss = 2.9809e-02, PNorm = 120.7322, GNorm = 0.5481, lr_0 = 3.0960e-04
Loss = 3.0234e-02, PNorm = 120.7454, GNorm = 0.6731, lr_0 = 3.0824e-04
Loss = 3.7012e-02, PNorm = 120.7651, GNorm = 1.6455, lr_0 = 3.0688e-04
Loss = 3.3107e-02, PNorm = 120.7871, GNorm = 0.5321, lr_0 = 3.0553e-04
Loss = 4.3182e-02, PNorm = 120.8097, GNorm = 0.9325, lr_0 = 3.0419e-04
Loss = 3.7591e-02, PNorm = 120.8267, GNorm = 0.8800, lr_0 = 3.0286e-04
Loss = 3.0884e-02, PNorm = 120.8508, GNorm = 0.2752, lr_0 = 3.0153e-04
Loss = 2.9851e-02, PNorm = 120.8665, GNorm = 0.3093, lr_0 = 3.0020e-04
Loss = 3.1443e-02, PNorm = 120.8811, GNorm = 0.4349, lr_0 = 2.9888e-04
Loss = 2.6738e-02, PNorm = 120.8928, GNorm = 0.3640, lr_0 = 2.9757e-04
Loss = 2.7322e-02, PNorm = 120.9014, GNorm = 0.3997, lr_0 = 2.9626e-04
Loss = 2.9642e-02, PNorm = 120.9130, GNorm = 0.5725, lr_0 = 2.9496e-04
Loss = 3.0261e-02, PNorm = 120.9269, GNorm = 0.3108, lr_0 = 2.9366e-04
Loss = 3.0200e-02, PNorm = 120.9444, GNorm = 0.4573, lr_0 = 2.9237e-04
Loss = 3.0248e-02, PNorm = 120.9650, GNorm = 0.3355, lr_0 = 2.9109e-04
Loss = 2.6865e-02, PNorm = 120.9819, GNorm = 0.5370, lr_0 = 2.8981e-04
Loss = 2.9294e-02, PNorm = 120.9944, GNorm = 0.3709, lr_0 = 2.8854e-04
Loss = 3.0018e-02, PNorm = 121.0072, GNorm = 0.7572, lr_0 = 2.8727e-04
Validation rmse = 30.172971
Epoch 17
Loss = 2.7430e-02, PNorm = 121.0215, GNorm = 0.6943, lr_0 = 2.8588e-04
Loss = 2.5738e-02, PNorm = 121.0384, GNorm = 0.2519, lr_0 = 2.8462e-04
Loss = 2.6965e-02, PNorm = 121.0532, GNorm = 0.2647, lr_0 = 2.8337e-04
Loss = 2.4187e-02, PNorm = 121.0691, GNorm = 0.5045, lr_0 = 2.8213e-04
Loss = 2.5484e-02, PNorm = 121.0800, GNorm = 0.2097, lr_0 = 2.8089e-04
Loss = 3.0158e-02, PNorm = 121.0935, GNorm = 0.4441, lr_0 = 2.7966e-04
Loss = 2.6885e-02, PNorm = 121.1077, GNorm = 0.3831, lr_0 = 2.7843e-04
Loss = 2.8578e-02, PNorm = 121.1227, GNorm = 0.4768, lr_0 = 2.7720e-04
Loss = 2.6167e-02, PNorm = 121.1344, GNorm = 0.3547, lr_0 = 2.7599e-04
Loss = 2.4782e-02, PNorm = 121.1477, GNorm = 0.3757, lr_0 = 2.7477e-04
Loss = 2.2474e-02, PNorm = 121.1614, GNorm = 0.3349, lr_0 = 2.7357e-04
Loss = 2.5574e-02, PNorm = 121.1717, GNorm = 0.3288, lr_0 = 2.7236e-04
Loss = 2.5698e-02, PNorm = 121.1830, GNorm = 0.2756, lr_0 = 2.7117e-04
Loss = 2.3943e-02, PNorm = 121.1946, GNorm = 0.3260, lr_0 = 2.6998e-04
Loss = 2.6717e-02, PNorm = 121.2098, GNorm = 0.4467, lr_0 = 2.6879e-04
Loss = 2.5226e-02, PNorm = 121.2185, GNorm = 0.3522, lr_0 = 2.6761e-04
Loss = 2.6406e-02, PNorm = 121.2299, GNorm = 0.3912, lr_0 = 2.6643e-04
Loss = 2.6668e-02, PNorm = 121.2422, GNorm = 0.3948, lr_0 = 2.6526e-04
Loss = 3.3520e-02, PNorm = 121.2577, GNorm = 0.9155, lr_0 = 2.6410e-04
Loss = 2.5986e-02, PNorm = 121.2702, GNorm = 0.2979, lr_0 = 2.6294e-04
Loss = 3.5954e-02, PNorm = 121.2801, GNorm = 0.6255, lr_0 = 2.6178e-04
Validation rmse = 29.518830
Epoch 18
Loss = 2.1552e-02, PNorm = 121.2962, GNorm = 0.3882, lr_0 = 2.6052e-04
Loss = 2.8186e-02, PNorm = 121.3142, GNorm = 0.5165, lr_0 = 2.5937e-04
Loss = 2.2917e-02, PNorm = 121.3304, GNorm = 0.2922, lr_0 = 2.5823e-04
Loss = 2.7622e-02, PNorm = 121.3427, GNorm = 0.5020, lr_0 = 2.5710e-04
Loss = 2.9036e-02, PNorm = 121.3525, GNorm = 0.7381, lr_0 = 2.5597e-04
Loss = 2.9653e-02, PNorm = 121.3647, GNorm = 0.5778, lr_0 = 2.5484e-04
Loss = 2.6521e-02, PNorm = 121.3797, GNorm = 0.3682, lr_0 = 2.5372e-04
Loss = 3.4597e-02, PNorm = 121.3966, GNorm = 0.6203, lr_0 = 2.5261e-04
Loss = 3.0116e-02, PNorm = 121.4129, GNorm = 0.8925, lr_0 = 2.5150e-04
Loss = 2.7702e-02, PNorm = 121.4253, GNorm = 0.2558, lr_0 = 2.5039e-04
Loss = 3.0697e-02, PNorm = 121.4380, GNorm = 0.2882, lr_0 = 2.4929e-04
Loss = 2.9289e-02, PNorm = 121.4507, GNorm = 0.5326, lr_0 = 2.4820e-04
Loss = 2.7352e-02, PNorm = 121.4672, GNorm = 0.5025, lr_0 = 2.4711e-04
Loss = 2.7474e-02, PNorm = 121.4792, GNorm = 0.1796, lr_0 = 2.4602e-04
Loss = 2.9146e-02, PNorm = 121.4969, GNorm = 0.3328, lr_0 = 2.4494e-04
Loss = 2.7065e-02, PNorm = 121.5115, GNorm = 0.3070, lr_0 = 2.4387e-04
Loss = 2.4379e-02, PNorm = 121.5216, GNorm = 0.3370, lr_0 = 2.4279e-04
Loss = 2.7076e-02, PNorm = 121.5309, GNorm = 0.9363, lr_0 = 2.4173e-04
Loss = 2.7000e-02, PNorm = 121.5481, GNorm = 0.2918, lr_0 = 2.4067e-04
Loss = 2.8989e-02, PNorm = 121.5637, GNorm = 0.6237, lr_0 = 2.3961e-04
Loss = 2.7851e-02, PNorm = 121.5755, GNorm = 0.4816, lr_0 = 2.3856e-04
Validation rmse = 29.299352
Epoch 19
Loss = 2.0400e-02, PNorm = 121.5863, GNorm = 0.2624, lr_0 = 2.3740e-04
Loss = 2.3921e-02, PNorm = 121.5982, GNorm = 0.3096, lr_0 = 2.3636e-04
Loss = 2.3697e-02, PNorm = 121.6117, GNorm = 0.3617, lr_0 = 2.3532e-04
Loss = 2.2186e-02, PNorm = 121.6264, GNorm = 0.2278, lr_0 = 2.3429e-04
Loss = 1.7216e-02, PNorm = 121.6376, GNorm = 0.2034, lr_0 = 2.3326e-04
Loss = 1.9460e-02, PNorm = 121.6468, GNorm = 0.2420, lr_0 = 2.3223e-04
Loss = 2.5320e-02, PNorm = 121.6569, GNorm = 0.3655, lr_0 = 2.3121e-04
Loss = 2.1398e-02, PNorm = 121.6688, GNorm = 0.2073, lr_0 = 2.3020e-04
Loss = 2.2120e-02, PNorm = 121.6805, GNorm = 0.2592, lr_0 = 2.2919e-04
Loss = 2.4220e-02, PNorm = 121.6893, GNorm = 0.4567, lr_0 = 2.2818e-04
Loss = 2.1112e-02, PNorm = 121.6979, GNorm = 0.5692, lr_0 = 2.2718e-04
Loss = 2.0105e-02, PNorm = 121.7065, GNorm = 0.3181, lr_0 = 2.2618e-04
Loss = 2.8223e-02, PNorm = 121.7161, GNorm = 0.3117, lr_0 = 2.2518e-04
Loss = 2.2866e-02, PNorm = 121.7279, GNorm = 0.2982, lr_0 = 2.2420e-04
Loss = 3.0749e-02, PNorm = 121.7385, GNorm = 0.3945, lr_0 = 2.2321e-04
Loss = 2.3403e-02, PNorm = 121.7476, GNorm = 0.3660, lr_0 = 2.2223e-04
Loss = 3.5426e-02, PNorm = 121.7628, GNorm = 0.6217, lr_0 = 2.2125e-04
Loss = 3.2815e-02, PNorm = 121.7820, GNorm = 0.5143, lr_0 = 2.2028e-04
Loss = 2.4482e-02, PNorm = 121.7972, GNorm = 0.4178, lr_0 = 2.1931e-04
Loss = 2.7194e-02, PNorm = 121.8109, GNorm = 0.5957, lr_0 = 2.1835e-04
Loss = 2.3322e-02, PNorm = 121.8236, GNorm = 0.3168, lr_0 = 2.1739e-04
Validation rmse = 28.879495
Epoch 20
Loss = 2.1673e-02, PNorm = 121.8347, GNorm = 0.5313, lr_0 = 2.1634e-04
Loss = 2.2199e-02, PNorm = 121.8428, GNorm = 0.5913, lr_0 = 2.1539e-04
Loss = 2.4724e-02, PNorm = 121.8542, GNorm = 0.5620, lr_0 = 2.1444e-04
Loss = 2.4017e-02, PNorm = 121.8652, GNorm = 0.2942, lr_0 = 2.1350e-04
Loss = 2.3397e-02, PNorm = 121.8751, GNorm = 0.2556, lr_0 = 2.1256e-04
Loss = 2.0453e-02, PNorm = 121.8856, GNorm = 0.2736, lr_0 = 2.1163e-04
Loss = 2.3372e-02, PNorm = 121.8942, GNorm = 0.8746, lr_0 = 2.1070e-04
Loss = 2.5353e-02, PNorm = 121.9032, GNorm = 0.6089, lr_0 = 2.0977e-04
Loss = 2.1381e-02, PNorm = 121.9139, GNorm = 0.2516, lr_0 = 2.0885e-04
Loss = 1.9545e-02, PNorm = 121.9234, GNorm = 0.3635, lr_0 = 2.0793e-04
Loss = 2.0103e-02, PNorm = 121.9301, GNorm = 0.4208, lr_0 = 2.0702e-04
Loss = 2.3808e-02, PNorm = 121.9376, GNorm = 0.3547, lr_0 = 2.0611e-04
Loss = 2.4393e-02, PNorm = 121.9487, GNorm = 0.2032, lr_0 = 2.0521e-04
Loss = 2.2313e-02, PNorm = 121.9583, GNorm = 0.2553, lr_0 = 2.0430e-04
Loss = 2.4143e-02, PNorm = 121.9677, GNorm = 0.3275, lr_0 = 2.0341e-04
Loss = 2.1390e-02, PNorm = 121.9762, GNorm = 0.1395, lr_0 = 2.0251e-04
Loss = 1.8247e-02, PNorm = 121.9848, GNorm = 0.2728, lr_0 = 2.0162e-04
Loss = 2.1488e-02, PNorm = 121.9908, GNorm = 0.2688, lr_0 = 2.0074e-04
Loss = 2.4283e-02, PNorm = 121.9972, GNorm = 0.2680, lr_0 = 1.9986e-04
Loss = 2.4497e-02, PNorm = 122.0054, GNorm = 0.5383, lr_0 = 1.9898e-04
Loss = 2.7698e-02, PNorm = 122.0204, GNorm = 0.4896, lr_0 = 1.9810e-04
Validation rmse = 29.112384
Epoch 21
Loss = 2.4996e-02, PNorm = 122.0294, GNorm = 0.4652, lr_0 = 1.9723e-04
Loss = 2.4697e-02, PNorm = 122.0380, GNorm = 0.4968, lr_0 = 1.9637e-04
Loss = 2.5404e-02, PNorm = 122.0495, GNorm = 0.4370, lr_0 = 1.9550e-04
Loss = 1.6327e-02, PNorm = 122.0573, GNorm = 0.2070, lr_0 = 1.9464e-04
Loss = 1.7825e-02, PNorm = 122.0650, GNorm = 0.2539, lr_0 = 1.9379e-04
Loss = 1.8271e-02, PNorm = 122.0752, GNorm = 0.2456, lr_0 = 1.9294e-04
Loss = 2.0281e-02, PNorm = 122.0832, GNorm = 0.2409, lr_0 = 1.9209e-04
Loss = 1.9873e-02, PNorm = 122.0920, GNorm = 0.4296, lr_0 = 1.9125e-04
Loss = 2.1359e-02, PNorm = 122.1007, GNorm = 0.2046, lr_0 = 1.9041e-04
Loss = 2.5488e-02, PNorm = 122.1080, GNorm = 0.2695, lr_0 = 1.8957e-04
Loss = 1.9578e-02, PNorm = 122.1166, GNorm = 0.4312, lr_0 = 1.8874e-04
Loss = 2.2145e-02, PNorm = 122.1256, GNorm = 0.3180, lr_0 = 1.8791e-04
Loss = 1.9657e-02, PNorm = 122.1328, GNorm = 0.3806, lr_0 = 1.8708e-04
Loss = 2.4398e-02, PNorm = 122.1433, GNorm = 0.2958, lr_0 = 1.8626e-04
Loss = 2.2896e-02, PNorm = 122.1545, GNorm = 0.3799, lr_0 = 1.8544e-04
Loss = 2.1784e-02, PNorm = 122.1626, GNorm = 0.2409, lr_0 = 1.8463e-04
Loss = 1.9415e-02, PNorm = 122.1703, GNorm = 0.3488, lr_0 = 1.8382e-04
Loss = 2.2269e-02, PNorm = 122.1777, GNorm = 0.4473, lr_0 = 1.8301e-04
Loss = 2.2330e-02, PNorm = 122.1862, GNorm = 0.2328, lr_0 = 1.8220e-04
Loss = 2.0917e-02, PNorm = 122.1939, GNorm = 0.3025, lr_0 = 1.8140e-04
Loss = 2.1722e-02, PNorm = 122.2020, GNorm = 0.2820, lr_0 = 1.8061e-04
Validation rmse = 29.487669
Epoch 22
Loss = 1.8924e-02, PNorm = 122.2092, GNorm = 0.2821, lr_0 = 1.7973e-04
Loss = 2.1633e-02, PNorm = 122.2193, GNorm = 0.6822, lr_0 = 1.7894e-04
Loss = 2.0203e-02, PNorm = 122.2276, GNorm = 0.4362, lr_0 = 1.7816e-04
Loss = 2.0283e-02, PNorm = 122.2387, GNorm = 0.2263, lr_0 = 1.7738e-04
Loss = 2.0824e-02, PNorm = 122.2485, GNorm = 0.4577, lr_0 = 1.7660e-04
Loss = 1.6514e-02, PNorm = 122.2550, GNorm = 0.2114, lr_0 = 1.7582e-04
Loss = 1.8929e-02, PNorm = 122.2645, GNorm = 0.2067, lr_0 = 1.7505e-04
Loss = 1.7753e-02, PNorm = 122.2736, GNorm = 0.5317, lr_0 = 1.7428e-04
Loss = 2.2348e-02, PNorm = 122.2820, GNorm = 0.9990, lr_0 = 1.7351e-04
Loss = 2.1236e-02, PNorm = 122.2897, GNorm = 0.2844, lr_0 = 1.7275e-04
Loss = 2.6858e-02, PNorm = 122.2955, GNorm = 0.6340, lr_0 = 1.7199e-04
Loss = 2.1451e-02, PNorm = 122.3049, GNorm = 0.3425, lr_0 = 1.7124e-04
Loss = 2.4093e-02, PNorm = 122.3130, GNorm = 0.6165, lr_0 = 1.7048e-04
Loss = 1.8892e-02, PNorm = 122.3208, GNorm = 0.2140, lr_0 = 1.6973e-04
Loss = 2.4185e-02, PNorm = 122.3286, GNorm = 0.2950, lr_0 = 1.6899e-04
Loss = 2.7781e-02, PNorm = 122.3390, GNorm = 0.6707, lr_0 = 1.6825e-04
Loss = 2.6927e-02, PNorm = 122.3496, GNorm = 0.6253, lr_0 = 1.6751e-04
Loss = 1.8470e-02, PNorm = 122.3598, GNorm = 0.3027, lr_0 = 1.6677e-04
Loss = 2.1090e-02, PNorm = 122.3670, GNorm = 0.4769, lr_0 = 1.6604e-04
Loss = 1.9754e-02, PNorm = 122.3748, GNorm = 0.3499, lr_0 = 1.6531e-04
Loss = 2.0581e-02, PNorm = 122.3853, GNorm = 0.3332, lr_0 = 1.6458e-04
Validation rmse = 28.493015
Epoch 23
Loss = 1.7649e-02, PNorm = 122.3935, GNorm = 0.3297, lr_0 = 1.6379e-04
Loss = 3.0216e-02, PNorm = 122.4007, GNorm = 0.5252, lr_0 = 1.6307e-04
Loss = 2.0222e-02, PNorm = 122.4093, GNorm = 0.5086, lr_0 = 1.6235e-04
Loss = 2.2826e-02, PNorm = 122.4195, GNorm = 0.5515, lr_0 = 1.6164e-04
Loss = 1.5897e-02, PNorm = 122.4298, GNorm = 0.1549, lr_0 = 1.6093e-04
Loss = 1.6624e-02, PNorm = 122.4369, GNorm = 0.4495, lr_0 = 1.6022e-04
Loss = 1.7331e-02, PNorm = 122.4445, GNorm = 0.3689, lr_0 = 1.5952e-04
Loss = 2.1132e-02, PNorm = 122.4499, GNorm = 0.2903, lr_0 = 1.5882e-04
Loss = 1.9431e-02, PNorm = 122.4556, GNorm = 0.3408, lr_0 = 1.5812e-04
Loss = 1.5592e-02, PNorm = 122.4615, GNorm = 0.3450, lr_0 = 1.5742e-04
Loss = 1.7856e-02, PNorm = 122.4673, GNorm = 0.1696, lr_0 = 1.5673e-04
Loss = 2.0228e-02, PNorm = 122.4752, GNorm = 0.3502, lr_0 = 1.5604e-04
Loss = 2.2505e-02, PNorm = 122.4811, GNorm = 0.7628, lr_0 = 1.5536e-04
Loss = 1.8922e-02, PNorm = 122.4849, GNorm = 0.3037, lr_0 = 1.5468e-04
Loss = 2.1683e-02, PNorm = 122.4922, GNorm = 0.4079, lr_0 = 1.5400e-04
Loss = 1.7923e-02, PNorm = 122.5014, GNorm = 0.1797, lr_0 = 1.5332e-04
Loss = 1.8884e-02, PNorm = 122.5102, GNorm = 0.2726, lr_0 = 1.5265e-04
Loss = 2.2146e-02, PNorm = 122.5172, GNorm = 0.5242, lr_0 = 1.5197e-04
Loss = 2.1514e-02, PNorm = 122.5255, GNorm = 0.3234, lr_0 = 1.5131e-04
Loss = 1.7544e-02, PNorm = 122.5347, GNorm = 0.2994, lr_0 = 1.5064e-04
Loss = 1.9552e-02, PNorm = 122.5443, GNorm = 0.2955, lr_0 = 1.4998e-04
Validation rmse = 27.816429
Epoch 24
Loss = 1.9982e-02, PNorm = 122.5526, GNorm = 0.3558, lr_0 = 1.4926e-04
Loss = 2.0958e-02, PNorm = 122.5596, GNorm = 0.4991, lr_0 = 1.4860e-04
Loss = 1.6390e-02, PNorm = 122.5676, GNorm = 0.2450, lr_0 = 1.4795e-04
Loss = 2.0030e-02, PNorm = 122.5746, GNorm = 0.3485, lr_0 = 1.4730e-04
Loss = 1.7923e-02, PNorm = 122.5809, GNorm = 0.2364, lr_0 = 1.4665e-04
Loss = 1.7743e-02, PNorm = 122.5867, GNorm = 0.2708, lr_0 = 1.4601e-04
Loss = 1.8367e-02, PNorm = 122.5930, GNorm = 0.2773, lr_0 = 1.4536e-04
Loss = 1.5860e-02, PNorm = 122.6009, GNorm = 0.3451, lr_0 = 1.4473e-04
Loss = 2.1790e-02, PNorm = 122.6088, GNorm = 0.2048, lr_0 = 1.4409e-04
Loss = 1.7503e-02, PNorm = 122.6149, GNorm = 0.3983, lr_0 = 1.4346e-04
Loss = 1.7275e-02, PNorm = 122.6203, GNorm = 0.3234, lr_0 = 1.4283e-04
Loss = 2.0331e-02, PNorm = 122.6269, GNorm = 0.2463, lr_0 = 1.4220e-04
Loss = 1.5159e-02, PNorm = 122.6324, GNorm = 0.2430, lr_0 = 1.4157e-04
Loss = 1.8137e-02, PNorm = 122.6381, GNorm = 0.2486, lr_0 = 1.4095e-04
Loss = 2.0029e-02, PNorm = 122.6451, GNorm = 0.2871, lr_0 = 1.4033e-04
Loss = 1.6636e-02, PNorm = 122.6505, GNorm = 0.2444, lr_0 = 1.3972e-04
Loss = 1.9447e-02, PNorm = 122.6597, GNorm = 0.4921, lr_0 = 1.3910e-04
Loss = 1.6740e-02, PNorm = 122.6691, GNorm = 0.3813, lr_0 = 1.3849e-04
Loss = 2.3617e-02, PNorm = 122.6760, GNorm = 0.4669, lr_0 = 1.3788e-04
Loss = 2.4303e-02, PNorm = 122.6840, GNorm = 0.2530, lr_0 = 1.3728e-04
Loss = 1.9126e-02, PNorm = 122.6924, GNorm = 0.5076, lr_0 = 1.3667e-04
Validation rmse = 28.163889
Epoch 25
Loss = 1.7411e-02, PNorm = 122.6984, GNorm = 0.1713, lr_0 = 1.3601e-04
Loss = 1.7430e-02, PNorm = 122.7058, GNorm = 0.2984, lr_0 = 1.3542e-04
Loss = 2.1066e-02, PNorm = 122.7124, GNorm = 0.2074, lr_0 = 1.3482e-04
Loss = 1.4888e-02, PNorm = 122.7182, GNorm = 0.2829, lr_0 = 1.3423e-04
Loss = 2.1510e-02, PNorm = 122.7259, GNorm = 0.3956, lr_0 = 1.3364e-04
Loss = 1.8546e-02, PNorm = 122.7357, GNorm = 0.3485, lr_0 = 1.3305e-04
Loss = 2.0959e-02, PNorm = 122.7446, GNorm = 0.2321, lr_0 = 1.3247e-04
Loss = 2.1634e-02, PNorm = 122.7491, GNorm = 0.4723, lr_0 = 1.3189e-04
Loss = 1.6005e-02, PNorm = 122.7548, GNorm = 0.3479, lr_0 = 1.3131e-04
Loss = 1.7560e-02, PNorm = 122.7604, GNorm = 0.2309, lr_0 = 1.3073e-04
Loss = 1.8514e-02, PNorm = 122.7652, GNorm = 0.2518, lr_0 = 1.3015e-04
Loss = 1.8575e-02, PNorm = 122.7683, GNorm = 0.4342, lr_0 = 1.2958e-04
Loss = 1.6919e-02, PNorm = 122.7734, GNorm = 0.2953, lr_0 = 1.2901e-04
Loss = 2.0128e-02, PNorm = 122.7784, GNorm = 0.4371, lr_0 = 1.2845e-04
Loss = 1.9663e-02, PNorm = 122.7861, GNorm = 0.1745, lr_0 = 1.2788e-04
Loss = 1.8686e-02, PNorm = 122.7913, GNorm = 0.1820, lr_0 = 1.2732e-04
Loss = 1.6906e-02, PNorm = 122.7979, GNorm = 0.3282, lr_0 = 1.2676e-04
Loss = 2.0852e-02, PNorm = 122.8057, GNorm = 0.2858, lr_0 = 1.2620e-04
Loss = 2.1021e-02, PNorm = 122.8112, GNorm = 0.4428, lr_0 = 1.2565e-04
Loss = 1.7710e-02, PNorm = 122.8167, GNorm = 0.5284, lr_0 = 1.2510e-04
Loss = 2.1397e-02, PNorm = 122.8236, GNorm = 0.3358, lr_0 = 1.2455e-04
Validation rmse = 27.890476
Epoch 26
Loss = 1.7240e-02, PNorm = 122.8301, GNorm = 0.3946, lr_0 = 1.2395e-04
Loss = 1.8039e-02, PNorm = 122.8359, GNorm = 0.2965, lr_0 = 1.2340e-04
Loss = 1.9259e-02, PNorm = 122.8455, GNorm = 0.2399, lr_0 = 1.2286e-04
Loss = 1.8918e-02, PNorm = 122.8533, GNorm = 0.3055, lr_0 = 1.2232e-04
Loss = 1.7273e-02, PNorm = 122.8579, GNorm = 0.2318, lr_0 = 1.2178e-04
Loss = 2.0705e-02, PNorm = 122.8649, GNorm = 0.4298, lr_0 = 1.2125e-04
Loss = 2.0248e-02, PNorm = 122.8718, GNorm = 0.2959, lr_0 = 1.2071e-04
Loss = 1.5754e-02, PNorm = 122.8764, GNorm = 0.4850, lr_0 = 1.2018e-04
Loss = 1.7743e-02, PNorm = 122.8810, GNorm = 0.1741, lr_0 = 1.1966e-04
Loss = 2.1894e-02, PNorm = 122.8855, GNorm = 0.2681, lr_0 = 1.1913e-04
Loss = 1.8884e-02, PNorm = 122.8902, GNorm = 0.3737, lr_0 = 1.1861e-04
Loss = 1.8724e-02, PNorm = 122.8960, GNorm = 0.5228, lr_0 = 1.1809e-04
Loss = 1.7145e-02, PNorm = 122.9032, GNorm = 0.2176, lr_0 = 1.1757e-04
Loss = 1.5398e-02, PNorm = 122.9083, GNorm = 0.2524, lr_0 = 1.1705e-04
Loss = 1.3927e-02, PNorm = 122.9134, GNorm = 0.2987, lr_0 = 1.1654e-04
Loss = 1.7229e-02, PNorm = 122.9203, GNorm = 0.3623, lr_0 = 1.1602e-04
Loss = 1.5213e-02, PNorm = 122.9265, GNorm = 0.1447, lr_0 = 1.1551e-04
Loss = 1.3999e-02, PNorm = 122.9310, GNorm = 0.3102, lr_0 = 1.1501e-04
Loss = 1.8995e-02, PNorm = 122.9345, GNorm = 0.2243, lr_0 = 1.1450e-04
Loss = 1.8334e-02, PNorm = 122.9393, GNorm = 0.2373, lr_0 = 1.1400e-04
Loss = 1.8278e-02, PNorm = 122.9470, GNorm = 0.2333, lr_0 = 1.1350e-04
Validation rmse = 28.038043
Epoch 27
Loss = 1.5989e-02, PNorm = 122.9534, GNorm = 0.2688, lr_0 = 1.1300e-04
Loss = 1.9478e-02, PNorm = 122.9602, GNorm = 0.2667, lr_0 = 1.1250e-04
Loss = 2.0073e-02, PNorm = 122.9682, GNorm = 0.3529, lr_0 = 1.1201e-04
Loss = 1.3713e-02, PNorm = 122.9768, GNorm = 0.1852, lr_0 = 1.1152e-04
Loss = 1.9605e-02, PNorm = 122.9841, GNorm = 0.2480, lr_0 = 1.1103e-04
Loss = 1.7537e-02, PNorm = 122.9914, GNorm = 0.8821, lr_0 = 1.1054e-04
Loss = 2.1864e-02, PNorm = 122.9988, GNorm = 0.4743, lr_0 = 1.1005e-04
Loss = 1.8090e-02, PNorm = 123.0046, GNorm = 0.4074, lr_0 = 1.0957e-04
Loss = 2.1155e-02, PNorm = 123.0077, GNorm = 0.7104, lr_0 = 1.0909e-04
Loss = 1.7135e-02, PNorm = 123.0121, GNorm = 0.2102, lr_0 = 1.0861e-04
Loss = 1.7891e-02, PNorm = 123.0170, GNorm = 0.3400, lr_0 = 1.0813e-04
Loss = 1.6655e-02, PNorm = 123.0214, GNorm = 0.2632, lr_0 = 1.0766e-04
Loss = 1.5641e-02, PNorm = 123.0255, GNorm = 0.2097, lr_0 = 1.0718e-04
Loss = 1.4844e-02, PNorm = 123.0304, GNorm = 0.2972, lr_0 = 1.0671e-04
Loss = 2.5921e-02, PNorm = 123.0350, GNorm = 0.2176, lr_0 = 1.0624e-04
Loss = 1.8704e-02, PNorm = 123.0405, GNorm = 0.3417, lr_0 = 1.0578e-04
Loss = 1.8497e-02, PNorm = 123.0448, GNorm = 0.2897, lr_0 = 1.0531e-04
Loss = 1.4798e-02, PNorm = 123.0483, GNorm = 0.2393, lr_0 = 1.0485e-04
Loss = 1.5482e-02, PNorm = 123.0525, GNorm = 0.3667, lr_0 = 1.0439e-04
Loss = 1.4164e-02, PNorm = 123.0569, GNorm = 0.2672, lr_0 = 1.0393e-04
Loss = 1.4289e-02, PNorm = 123.0616, GNorm = 0.4394, lr_0 = 1.0347e-04
Validation rmse = 28.949913
Epoch 28
Loss = 1.2829e-02, PNorm = 123.0661, GNorm = 0.2162, lr_0 = 1.0297e-04
Loss = 1.6987e-02, PNorm = 123.0705, GNorm = 0.4939, lr_0 = 1.0252e-04
Loss = 1.6922e-02, PNorm = 123.0753, GNorm = 0.3102, lr_0 = 1.0207e-04
Loss = 1.8831e-02, PNorm = 123.0801, GNorm = 0.3516, lr_0 = 1.0162e-04
Loss = 1.9018e-02, PNorm = 123.0861, GNorm = 0.4308, lr_0 = 1.0118e-04
Loss = 1.6295e-02, PNorm = 123.0918, GNorm = 0.3066, lr_0 = 1.0073e-04
Loss = 1.4879e-02, PNorm = 123.0954, GNorm = 0.1608, lr_0 = 1.0029e-04
Loss = 1.8796e-02, PNorm = 123.1007, GNorm = 0.3199, lr_0 = 9.9848e-05
Loss = 1.6217e-02, PNorm = 123.1055, GNorm = 0.2507, lr_0 = 9.9409e-05
Loss = 1.4777e-02, PNorm = 123.1113, GNorm = 0.2592, lr_0 = 9.8973e-05
Loss = 1.6554e-02, PNorm = 123.1157, GNorm = 0.3461, lr_0 = 9.8538e-05
Loss = 1.8565e-02, PNorm = 123.1183, GNorm = 0.7007, lr_0 = 9.8105e-05
Loss = 1.6980e-02, PNorm = 123.1234, GNorm = 0.3128, lr_0 = 9.7674e-05
Loss = 1.6938e-02, PNorm = 123.1284, GNorm = 0.2551, lr_0 = 9.7245e-05
Loss = 1.8564e-02, PNorm = 123.1333, GNorm = 0.2208, lr_0 = 9.6818e-05
Loss = 1.6656e-02, PNorm = 123.1392, GNorm = 0.1318, lr_0 = 9.6392e-05
Loss = 2.0301e-02, PNorm = 123.1426, GNorm = 0.5451, lr_0 = 9.5969e-05
Loss = 1.8740e-02, PNorm = 123.1482, GNorm = 0.1934, lr_0 = 9.5547e-05
Loss = 1.5247e-02, PNorm = 123.1532, GNorm = 0.2353, lr_0 = 9.5127e-05
Loss = 1.4280e-02, PNorm = 123.1580, GNorm = 0.1605, lr_0 = 9.4709e-05
Loss = 1.4585e-02, PNorm = 123.1619, GNorm = 0.2692, lr_0 = 9.4293e-05
Validation rmse = 28.203781
Epoch 29
Loss = 1.1951e-02, PNorm = 123.1666, GNorm = 0.2082, lr_0 = 9.3838e-05
Loss = 1.5175e-02, PNorm = 123.1694, GNorm = 0.1683, lr_0 = 9.3425e-05
Loss = 1.5241e-02, PNorm = 123.1741, GNorm = 0.2162, lr_0 = 9.3015e-05
Loss = 1.4984e-02, PNorm = 123.1794, GNorm = 0.2742, lr_0 = 9.2606e-05
Loss = 1.6765e-02, PNorm = 123.1854, GNorm = 0.4456, lr_0 = 9.2199e-05
Loss = 1.3317e-02, PNorm = 123.1908, GNorm = 0.2704, lr_0 = 9.1794e-05
Loss = 1.7181e-02, PNorm = 123.1953, GNorm = 0.2978, lr_0 = 9.1391e-05
Loss = 1.6115e-02, PNorm = 123.2001, GNorm = 0.2552, lr_0 = 9.0989e-05
Loss = 1.6482e-02, PNorm = 123.2039, GNorm = 0.3937, lr_0 = 9.0590e-05
Loss = 1.6892e-02, PNorm = 123.2066, GNorm = 0.2761, lr_0 = 9.0192e-05
Loss = 1.1528e-02, PNorm = 123.2104, GNorm = 0.1437, lr_0 = 8.9795e-05
Loss = 1.3101e-02, PNorm = 123.2145, GNorm = 0.3166, lr_0 = 8.9401e-05
Loss = 1.6714e-02, PNorm = 123.2193, GNorm = 0.2065, lr_0 = 8.9008e-05
Loss = 1.9646e-02, PNorm = 123.2232, GNorm = 0.3347, lr_0 = 8.8617e-05
Loss = 1.4710e-02, PNorm = 123.2280, GNorm = 0.1739, lr_0 = 8.8228e-05
Loss = 1.6704e-02, PNorm = 123.2319, GNorm = 0.2849, lr_0 = 8.7840e-05
Loss = 1.3901e-02, PNorm = 123.2367, GNorm = 0.2569, lr_0 = 8.7454e-05
Loss = 1.8669e-02, PNorm = 123.2424, GNorm = 0.2517, lr_0 = 8.7070e-05
Loss = 1.6189e-02, PNorm = 123.2469, GNorm = 0.1741, lr_0 = 8.6687e-05
Loss = 1.9825e-02, PNorm = 123.2512, GNorm = 0.4189, lr_0 = 8.6306e-05
Loss = 1.3790e-02, PNorm = 123.2545, GNorm = 0.2336, lr_0 = 8.5927e-05
Validation rmse = 27.581692
Epoch 30
Loss = 1.5175e-02, PNorm = 123.2582, GNorm = 0.2875, lr_0 = 8.5512e-05
Loss = 1.7326e-02, PNorm = 123.2628, GNorm = 0.2249, lr_0 = 8.5136e-05
Loss = 1.3109e-02, PNorm = 123.2686, GNorm = 0.1449, lr_0 = 8.4762e-05
Loss = 1.5842e-02, PNorm = 123.2731, GNorm = 0.2142, lr_0 = 8.4390e-05
Loss = 1.3088e-02, PNorm = 123.2770, GNorm = 0.3701, lr_0 = 8.4019e-05
Loss = 1.2681e-02, PNorm = 123.2780, GNorm = 0.3030, lr_0 = 8.3650e-05
Loss = 1.4273e-02, PNorm = 123.2810, GNorm = 0.4661, lr_0 = 8.3282e-05
Loss = 1.6992e-02, PNorm = 123.2859, GNorm = 0.2665, lr_0 = 8.2917e-05
Loss = 1.5839e-02, PNorm = 123.2896, GNorm = 0.4524, lr_0 = 8.2552e-05
Loss = 1.9168e-02, PNorm = 123.2924, GNorm = 0.1798, lr_0 = 8.2190e-05
Loss = 1.6607e-02, PNorm = 123.2958, GNorm = 0.4328, lr_0 = 8.1829e-05
Loss = 1.2852e-02, PNorm = 123.2987, GNorm = 0.2179, lr_0 = 8.1469e-05
Loss = 1.5094e-02, PNorm = 123.3022, GNorm = 0.2022, lr_0 = 8.1111e-05
Loss = 1.5469e-02, PNorm = 123.3072, GNorm = 0.5052, lr_0 = 8.0755e-05
Loss = 1.5119e-02, PNorm = 123.3107, GNorm = 0.3109, lr_0 = 8.0400e-05
Loss = 1.6606e-02, PNorm = 123.3143, GNorm = 0.2526, lr_0 = 8.0047e-05
Loss = 1.4990e-02, PNorm = 123.3193, GNorm = 0.1524, lr_0 = 7.9695e-05
Loss = 1.5278e-02, PNorm = 123.3220, GNorm = 0.2542, lr_0 = 7.9345e-05
Loss = 1.4389e-02, PNorm = 123.3250, GNorm = 0.2104, lr_0 = 7.8996e-05
Loss = 2.1873e-02, PNorm = 123.3279, GNorm = 0.9264, lr_0 = 7.8649e-05
Loss = 1.6917e-02, PNorm = 123.3331, GNorm = 0.3999, lr_0 = 7.8304e-05
Validation rmse = 28.436049
Epoch 31
Loss = 1.4800e-02, PNorm = 123.3369, GNorm = 0.3474, lr_0 = 7.7925e-05
Loss = 1.4825e-02, PNorm = 123.3423, GNorm = 0.2797, lr_0 = 7.7583e-05
Loss = 1.1542e-02, PNorm = 123.3455, GNorm = 0.2874, lr_0 = 7.7242e-05
Loss = 1.2403e-02, PNorm = 123.3486, GNorm = 0.1542, lr_0 = 7.6903e-05
Loss = 1.3995e-02, PNorm = 123.3505, GNorm = 0.1640, lr_0 = 7.6565e-05
Loss = 1.2172e-02, PNorm = 123.3533, GNorm = 0.2053, lr_0 = 7.6228e-05
Loss = 1.4153e-02, PNorm = 123.3556, GNorm = 0.2416, lr_0 = 7.5893e-05
Loss = 1.6506e-02, PNorm = 123.3582, GNorm = 0.3534, lr_0 = 7.5560e-05
Loss = 1.3947e-02, PNorm = 123.3624, GNorm = 0.3456, lr_0 = 7.5228e-05
Loss = 1.4517e-02, PNorm = 123.3678, GNorm = 0.3484, lr_0 = 7.4898e-05
Loss = 1.5485e-02, PNorm = 123.3724, GNorm = 0.3708, lr_0 = 7.4568e-05
Loss = 1.8831e-02, PNorm = 123.3738, GNorm = 0.7369, lr_0 = 7.4241e-05
Loss = 1.4333e-02, PNorm = 123.3761, GNorm = 0.5854, lr_0 = 7.3915e-05
Loss = 1.5135e-02, PNorm = 123.3802, GNorm = 0.2024, lr_0 = 7.3590e-05
Loss = 1.8580e-02, PNorm = 123.3856, GNorm = 0.3242, lr_0 = 7.3267e-05
Loss = 1.9095e-02, PNorm = 123.3893, GNorm = 0.3126, lr_0 = 7.2945e-05
Loss = 1.4441e-02, PNorm = 123.3906, GNorm = 0.3110, lr_0 = 7.2624e-05
Loss = 1.6011e-02, PNorm = 123.3943, GNorm = 0.2540, lr_0 = 7.2305e-05
Loss = 1.3580e-02, PNorm = 123.3977, GNorm = 0.1926, lr_0 = 7.1987e-05
Loss = 1.7967e-02, PNorm = 123.4002, GNorm = 0.2802, lr_0 = 7.1671e-05
Loss = 1.6064e-02, PNorm = 123.4049, GNorm = 0.2487, lr_0 = 7.1356e-05
Validation rmse = 27.732652
Epoch 32
Loss = 1.4711e-02, PNorm = 123.4085, GNorm = 0.2711, lr_0 = 7.1043e-05
Loss = 1.5214e-02, PNorm = 123.4127, GNorm = 0.1582, lr_0 = 7.0731e-05
Loss = 1.5208e-02, PNorm = 123.4166, GNorm = 0.4714, lr_0 = 7.0420e-05
Loss = 1.4933e-02, PNorm = 123.4208, GNorm = 0.4319, lr_0 = 7.0111e-05
Loss = 1.4185e-02, PNorm = 123.4248, GNorm = 0.2098, lr_0 = 6.9803e-05
Loss = 1.4678e-02, PNorm = 123.4284, GNorm = 0.3061, lr_0 = 6.9496e-05
Loss = 1.2736e-02, PNorm = 123.4309, GNorm = 0.2286, lr_0 = 6.9191e-05
Loss = 1.4513e-02, PNorm = 123.4323, GNorm = 0.1400, lr_0 = 6.8887e-05
Loss = 1.3460e-02, PNorm = 123.4346, GNorm = 0.2303, lr_0 = 6.8584e-05
Loss = 1.3326e-02, PNorm = 123.4383, GNorm = 0.2753, lr_0 = 6.8283e-05
Loss = 1.3993e-02, PNorm = 123.4416, GNorm = 0.1876, lr_0 = 6.7983e-05
Loss = 1.5430e-02, PNorm = 123.4431, GNorm = 0.3057, lr_0 = 6.7684e-05
Loss = 1.4234e-02, PNorm = 123.4450, GNorm = 0.1742, lr_0 = 6.7386e-05
Loss = 1.5255e-02, PNorm = 123.4493, GNorm = 0.4206, lr_0 = 6.7090e-05
Loss = 1.4724e-02, PNorm = 123.4511, GNorm = 0.3017, lr_0 = 6.6796e-05
Loss = 1.4627e-02, PNorm = 123.4541, GNorm = 0.2867, lr_0 = 6.6502e-05
Loss = 1.8978e-02, PNorm = 123.4582, GNorm = 0.4829, lr_0 = 6.6210e-05
Loss = 1.3134e-02, PNorm = 123.4616, GNorm = 0.2075, lr_0 = 6.5919e-05
Loss = 1.4887e-02, PNorm = 123.4647, GNorm = 0.3414, lr_0 = 6.5629e-05
Loss = 1.8045e-02, PNorm = 123.4670, GNorm = 0.2684, lr_0 = 6.5341e-05
Loss = 1.9744e-02, PNorm = 123.4698, GNorm = 0.5220, lr_0 = 6.5054e-05
Validation rmse = 27.242982
Epoch 33
Loss = 1.1117e-02, PNorm = 123.4729, GNorm = 0.2066, lr_0 = 6.4740e-05
Loss = 1.2538e-02, PNorm = 123.4742, GNorm = 0.2561, lr_0 = 6.4455e-05
Loss = 1.5011e-02, PNorm = 123.4774, GNorm = 0.2873, lr_0 = 6.4172e-05
Loss = 1.8256e-02, PNorm = 123.4810, GNorm = 0.2474, lr_0 = 6.3890e-05
Loss = 1.3364e-02, PNorm = 123.4830, GNorm = 0.2070, lr_0 = 6.3609e-05
Loss = 1.4067e-02, PNorm = 123.4860, GNorm = 0.2002, lr_0 = 6.3330e-05
Loss = 1.6794e-02, PNorm = 123.4907, GNorm = 0.2990, lr_0 = 6.3052e-05
Loss = 1.3829e-02, PNorm = 123.4941, GNorm = 0.2403, lr_0 = 6.2775e-05
Loss = 1.7286e-02, PNorm = 123.4987, GNorm = 0.3479, lr_0 = 6.2499e-05
Loss = 1.7752e-02, PNorm = 123.5021, GNorm = 0.2077, lr_0 = 6.2224e-05
Loss = 1.2790e-02, PNorm = 123.5049, GNorm = 0.2562, lr_0 = 6.1951e-05
Loss = 1.4940e-02, PNorm = 123.5077, GNorm = 0.2809, lr_0 = 6.1679e-05
Loss = 1.3277e-02, PNorm = 123.5100, GNorm = 0.2076, lr_0 = 6.1408e-05
Loss = 1.3331e-02, PNorm = 123.5126, GNorm = 0.2110, lr_0 = 6.1138e-05
Loss = 1.4062e-02, PNorm = 123.5160, GNorm = 0.1747, lr_0 = 6.0869e-05
Loss = 1.1267e-02, PNorm = 123.5192, GNorm = 0.4480, lr_0 = 6.0602e-05
Loss = 1.3295e-02, PNorm = 123.5218, GNorm = 0.2348, lr_0 = 6.0336e-05
Loss = 1.5895e-02, PNorm = 123.5247, GNorm = 0.2803, lr_0 = 6.0071e-05
Loss = 1.4455e-02, PNorm = 123.5288, GNorm = 0.1934, lr_0 = 5.9807e-05
Loss = 1.6534e-02, PNorm = 123.5301, GNorm = 0.2966, lr_0 = 5.9544e-05
Loss = 1.2550e-02, PNorm = 123.5324, GNorm = 0.2615, lr_0 = 5.9282e-05
Validation rmse = 27.822055
Epoch 34
Loss = 1.2711e-02, PNorm = 123.5350, GNorm = 0.2198, lr_0 = 5.8996e-05
Loss = 1.2788e-02, PNorm = 123.5373, GNorm = 0.2885, lr_0 = 5.8737e-05
Loss = 1.3642e-02, PNorm = 123.5401, GNorm = 0.7502, lr_0 = 5.8479e-05
Loss = 1.2628e-02, PNorm = 123.5428, GNorm = 0.2464, lr_0 = 5.8222e-05
Loss = 1.2943e-02, PNorm = 123.5464, GNorm = 0.2783, lr_0 = 5.7966e-05
Loss = 1.5634e-02, PNorm = 123.5491, GNorm = 0.2061, lr_0 = 5.7711e-05
Loss = 1.3096e-02, PNorm = 123.5524, GNorm = 0.2197, lr_0 = 5.7458e-05
Loss = 1.1899e-02, PNorm = 123.5545, GNorm = 0.2124, lr_0 = 5.7205e-05
Loss = 1.3455e-02, PNorm = 123.5567, GNorm = 0.1529, lr_0 = 5.6954e-05
Loss = 1.3261e-02, PNorm = 123.5592, GNorm = 0.1543, lr_0 = 5.6704e-05
Loss = 1.3623e-02, PNorm = 123.5624, GNorm = 0.2225, lr_0 = 5.6455e-05
Loss = 1.3769e-02, PNorm = 123.5649, GNorm = 0.3869, lr_0 = 5.6207e-05
Loss = 1.4161e-02, PNorm = 123.5665, GNorm = 0.2212, lr_0 = 5.5960e-05
Loss = 1.3384e-02, PNorm = 123.5686, GNorm = 0.1822, lr_0 = 5.5714e-05
Loss = 1.4886e-02, PNorm = 123.5706, GNorm = 0.4130, lr_0 = 5.5469e-05
Loss = 1.3819e-02, PNorm = 123.5725, GNorm = 0.1970, lr_0 = 5.5225e-05
Loss = 1.1858e-02, PNorm = 123.5745, GNorm = 0.2509, lr_0 = 5.4983e-05
Loss = 1.1783e-02, PNorm = 123.5769, GNorm = 0.1496, lr_0 = 5.4741e-05
Loss = 1.5102e-02, PNorm = 123.5788, GNorm = 0.1815, lr_0 = 5.4501e-05
Loss = 1.3015e-02, PNorm = 123.5820, GNorm = 0.2720, lr_0 = 5.4261e-05
Loss = 1.4537e-02, PNorm = 123.5843, GNorm = 0.2609, lr_0 = 5.4023e-05
Validation rmse = 27.685527
Epoch 35
Loss = 1.3219e-02, PNorm = 123.5867, GNorm = 0.2310, lr_0 = 5.3762e-05
Loss = 1.4289e-02, PNorm = 123.5886, GNorm = 0.2194, lr_0 = 5.3525e-05
Loss = 1.3046e-02, PNorm = 123.5911, GNorm = 0.3122, lr_0 = 5.3290e-05
Loss = 1.2146e-02, PNorm = 123.5937, GNorm = 0.1766, lr_0 = 5.3056e-05
Loss = 1.3412e-02, PNorm = 123.5952, GNorm = 0.3545, lr_0 = 5.2823e-05
Loss = 1.6570e-02, PNorm = 123.5972, GNorm = 0.3385, lr_0 = 5.2591e-05
Loss = 1.1811e-02, PNorm = 123.5999, GNorm = 0.2107, lr_0 = 5.2360e-05
Loss = 1.2699e-02, PNorm = 123.6021, GNorm = 0.2290, lr_0 = 5.2130e-05
Loss = 1.2238e-02, PNorm = 123.6041, GNorm = 0.1977, lr_0 = 5.1901e-05
Loss = 1.5322e-02, PNorm = 123.6062, GNorm = 0.2954, lr_0 = 5.1673e-05
Loss = 1.2859e-02, PNorm = 123.6075, GNorm = 0.2813, lr_0 = 5.1446e-05
Loss = 1.3488e-02, PNorm = 123.6085, GNorm = 0.1718, lr_0 = 5.1220e-05
Loss = 1.3040e-02, PNorm = 123.6100, GNorm = 0.2205, lr_0 = 5.0995e-05
Loss = 1.3371e-02, PNorm = 123.6117, GNorm = 0.2354, lr_0 = 5.0771e-05
Loss = 1.3881e-02, PNorm = 123.6142, GNorm = 0.2304, lr_0 = 5.0548e-05
Loss = 1.2137e-02, PNorm = 123.6176, GNorm = 0.3194, lr_0 = 5.0326e-05
Loss = 1.3750e-02, PNorm = 123.6196, GNorm = 0.3271, lr_0 = 5.0104e-05
Loss = 1.2310e-02, PNorm = 123.6223, GNorm = 0.3254, lr_0 = 4.9884e-05
Loss = 1.4688e-02, PNorm = 123.6241, GNorm = 0.2722, lr_0 = 4.9665e-05
Loss = 1.0523e-02, PNorm = 123.6257, GNorm = 0.2387, lr_0 = 4.9447e-05
Loss = 1.2318e-02, PNorm = 123.6277, GNorm = 0.2117, lr_0 = 4.9230e-05
Validation rmse = 27.706273
Epoch 36
Loss = 1.3606e-02, PNorm = 123.6306, GNorm = 0.2225, lr_0 = 4.8992e-05
Loss = 1.4743e-02, PNorm = 123.6334, GNorm = 0.1767, lr_0 = 4.8777e-05
Loss = 1.1598e-02, PNorm = 123.6368, GNorm = 0.4156, lr_0 = 4.8562e-05
Loss = 1.5846e-02, PNorm = 123.6402, GNorm = 0.1279, lr_0 = 4.8349e-05
Loss = 1.3078e-02, PNorm = 123.6429, GNorm = 0.3866, lr_0 = 4.8136e-05
Loss = 1.4335e-02, PNorm = 123.6445, GNorm = 0.1975, lr_0 = 4.7925e-05
Loss = 1.2377e-02, PNorm = 123.6464, GNorm = 0.1722, lr_0 = 4.7714e-05
Loss = 1.2131e-02, PNorm = 123.6481, GNorm = 0.3308, lr_0 = 4.7505e-05
Loss = 1.5639e-02, PNorm = 123.6494, GNorm = 0.1867, lr_0 = 4.7296e-05
Loss = 1.1610e-02, PNorm = 123.6499, GNorm = 0.1718, lr_0 = 4.7088e-05
Loss = 1.1356e-02, PNorm = 123.6520, GNorm = 0.1788, lr_0 = 4.6881e-05
Loss = 1.4395e-02, PNorm = 123.6550, GNorm = 0.2039, lr_0 = 4.6675e-05
Loss = 1.3490e-02, PNorm = 123.6570, GNorm = 0.1835, lr_0 = 4.6470e-05
Loss = 1.2330e-02, PNorm = 123.6583, GNorm = 0.2919, lr_0 = 4.6266e-05
Loss = 1.2402e-02, PNorm = 123.6608, GNorm = 0.2807, lr_0 = 4.6063e-05
Loss = 1.4938e-02, PNorm = 123.6629, GNorm = 0.3047, lr_0 = 4.5861e-05
Loss = 1.0894e-02, PNorm = 123.6651, GNorm = 0.1954, lr_0 = 4.5659e-05
Loss = 1.2245e-02, PNorm = 123.6673, GNorm = 0.2499, lr_0 = 4.5458e-05
Loss = 1.4461e-02, PNorm = 123.6696, GNorm = 0.1943, lr_0 = 4.5259e-05
Loss = 1.1107e-02, PNorm = 123.6715, GNorm = 0.1789, lr_0 = 4.5060e-05
Loss = 1.2471e-02, PNorm = 123.6734, GNorm = 0.2633, lr_0 = 4.4862e-05
Validation rmse = 27.761815
Epoch 37
Loss = 9.3852e-03, PNorm = 123.6748, GNorm = 0.3252, lr_0 = 4.4665e-05
Loss = 1.1754e-02, PNorm = 123.6780, GNorm = 0.3190, lr_0 = 4.4469e-05
Loss = 1.8455e-02, PNorm = 123.6806, GNorm = 0.2861, lr_0 = 4.4273e-05
Loss = 1.4405e-02, PNorm = 123.6822, GNorm = 0.2959, lr_0 = 4.4079e-05
Loss = 1.1834e-02, PNorm = 123.6848, GNorm = 0.5475, lr_0 = 4.3885e-05
Loss = 1.2853e-02, PNorm = 123.6880, GNorm = 0.1582, lr_0 = 4.3692e-05
Loss = 1.6334e-02, PNorm = 123.6906, GNorm = 0.4386, lr_0 = 4.3500e-05
Loss = 1.4993e-02, PNorm = 123.6918, GNorm = 0.3399, lr_0 = 4.3309e-05
Loss = 1.2132e-02, PNorm = 123.6933, GNorm = 0.1836, lr_0 = 4.3119e-05
Loss = 1.0561e-02, PNorm = 123.6955, GNorm = 0.2455, lr_0 = 4.2929e-05
Loss = 1.3730e-02, PNorm = 123.6969, GNorm = 0.2308, lr_0 = 4.2741e-05
Loss = 1.0365e-02, PNorm = 123.6980, GNorm = 0.1590, lr_0 = 4.2553e-05
Loss = 1.2328e-02, PNorm = 123.6997, GNorm = 0.3996, lr_0 = 4.2366e-05
Loss = 1.4677e-02, PNorm = 123.7020, GNorm = 0.2883, lr_0 = 4.2180e-05
Loss = 1.2083e-02, PNorm = 123.7048, GNorm = 0.2950, lr_0 = 4.1995e-05
Loss = 1.3964e-02, PNorm = 123.7067, GNorm = 0.4152, lr_0 = 4.1810e-05
Loss = 1.2692e-02, PNorm = 123.7086, GNorm = 0.5299, lr_0 = 4.1626e-05
Loss = 1.2763e-02, PNorm = 123.7113, GNorm = 0.1904, lr_0 = 4.1443e-05
Loss = 1.1789e-02, PNorm = 123.7135, GNorm = 0.1743, lr_0 = 4.1261e-05
Loss = 1.4764e-02, PNorm = 123.7151, GNorm = 0.2070, lr_0 = 4.1080e-05
Loss = 1.1493e-02, PNorm = 123.7168, GNorm = 0.3558, lr_0 = 4.0900e-05
Validation rmse = 27.949976
Epoch 38
Loss = 1.8494e-02, PNorm = 123.7181, GNorm = 0.3648, lr_0 = 4.0702e-05
Loss = 1.0963e-02, PNorm = 123.7200, GNorm = 0.1149, lr_0 = 4.0523e-05
Loss = 1.1018e-02, PNorm = 123.7216, GNorm = 0.1650, lr_0 = 4.0345e-05
Loss = 1.2363e-02, PNorm = 123.7226, GNorm = 0.3468, lr_0 = 4.0168e-05
Loss = 1.3168e-02, PNorm = 123.7239, GNorm = 0.1375, lr_0 = 3.9991e-05
Loss = 1.2261e-02, PNorm = 123.7261, GNorm = 0.4288, lr_0 = 3.9816e-05
Loss = 1.0578e-02, PNorm = 123.7282, GNorm = 0.1279, lr_0 = 3.9641e-05
Loss = 1.2176e-02, PNorm = 123.7298, GNorm = 0.1848, lr_0 = 3.9467e-05
Loss = 1.1159e-02, PNorm = 123.7316, GNorm = 0.2184, lr_0 = 3.9293e-05
Loss = 9.9514e-03, PNorm = 123.7332, GNorm = 0.1790, lr_0 = 3.9121e-05
Loss = 1.2637e-02, PNorm = 123.7344, GNorm = 0.2412, lr_0 = 3.8949e-05
Loss = 1.2582e-02, PNorm = 123.7358, GNorm = 0.2821, lr_0 = 3.8778e-05
Loss = 1.4353e-02, PNorm = 123.7375, GNorm = 0.2513, lr_0 = 3.8607e-05
Loss = 1.0947e-02, PNorm = 123.7391, GNorm = 0.3355, lr_0 = 3.8438e-05
Loss = 1.1679e-02, PNorm = 123.7403, GNorm = 0.1787, lr_0 = 3.8269e-05
Loss = 1.0174e-02, PNorm = 123.7408, GNorm = 0.3039, lr_0 = 3.8101e-05
Loss = 1.5872e-02, PNorm = 123.7427, GNorm = 0.1395, lr_0 = 3.7933e-05
Loss = 1.1471e-02, PNorm = 123.7455, GNorm = 0.2008, lr_0 = 3.7767e-05
Loss = 1.5808e-02, PNorm = 123.7477, GNorm = 0.1465, lr_0 = 3.7601e-05
Loss = 1.4611e-02, PNorm = 123.7490, GNorm = 0.2395, lr_0 = 3.7435e-05
Loss = 1.1270e-02, PNorm = 123.7500, GNorm = 0.1829, lr_0 = 3.7271e-05
Validation rmse = 27.634574
Epoch 39
Loss = 1.4566e-02, PNorm = 123.7507, GNorm = 0.3213, lr_0 = 3.7091e-05
Loss = 1.4379e-02, PNorm = 123.7515, GNorm = 0.7546, lr_0 = 3.6928e-05
Loss = 1.1157e-02, PNorm = 123.7541, GNorm = 0.3222, lr_0 = 3.6766e-05
Loss = 1.2311e-02, PNorm = 123.7562, GNorm = 0.2050, lr_0 = 3.6604e-05
Loss = 1.1240e-02, PNorm = 123.7571, GNorm = 0.3957, lr_0 = 3.6443e-05
Loss = 1.2463e-02, PNorm = 123.7593, GNorm = 0.2580, lr_0 = 3.6283e-05
Loss = 1.3502e-02, PNorm = 123.7617, GNorm = 0.2146, lr_0 = 3.6124e-05
Loss = 1.3578e-02, PNorm = 123.7632, GNorm = 0.2221, lr_0 = 3.5965e-05
Loss = 1.3374e-02, PNorm = 123.7645, GNorm = 0.2002, lr_0 = 3.5807e-05
Loss = 1.2420e-02, PNorm = 123.7655, GNorm = 0.3673, lr_0 = 3.5650e-05
Loss = 1.2282e-02, PNorm = 123.7678, GNorm = 0.2035, lr_0 = 3.5493e-05
Loss = 1.3332e-02, PNorm = 123.7697, GNorm = 0.1905, lr_0 = 3.5337e-05
Loss = 1.5475e-02, PNorm = 123.7714, GNorm = 0.2327, lr_0 = 3.5182e-05
Loss = 1.5285e-02, PNorm = 123.7732, GNorm = 0.2622, lr_0 = 3.5027e-05
Loss = 1.3267e-02, PNorm = 123.7748, GNorm = 0.1521, lr_0 = 3.4873e-05
Loss = 1.1817e-02, PNorm = 123.7763, GNorm = 0.2542, lr_0 = 3.4720e-05
Loss = 1.0453e-02, PNorm = 123.7774, GNorm = 0.2015, lr_0 = 3.4568e-05
Loss = 1.0701e-02, PNorm = 123.7785, GNorm = 0.2647, lr_0 = 3.4416e-05
Loss = 1.1198e-02, PNorm = 123.7800, GNorm = 0.2464, lr_0 = 3.4265e-05
Loss = 1.0863e-02, PNorm = 123.7815, GNorm = 0.3167, lr_0 = 3.4114e-05
Loss = 1.2472e-02, PNorm = 123.7824, GNorm = 0.2901, lr_0 = 3.3964e-05
Validation rmse = 27.737808
Epoch 40
Loss = 8.3919e-03, PNorm = 123.7830, GNorm = 0.1947, lr_0 = 3.3800e-05
Loss = 1.1099e-02, PNorm = 123.7845, GNorm = 0.3848, lr_0 = 3.3652e-05
Loss = 1.3530e-02, PNorm = 123.7859, GNorm = 0.2165, lr_0 = 3.3504e-05
Loss = 1.3104e-02, PNorm = 123.7874, GNorm = 0.3127, lr_0 = 3.3357e-05
Loss = 1.1578e-02, PNorm = 123.7890, GNorm = 0.1435, lr_0 = 3.3210e-05
Loss = 1.0014e-02, PNorm = 123.7899, GNorm = 0.1810, lr_0 = 3.3064e-05
Loss = 1.0977e-02, PNorm = 123.7909, GNorm = 0.1328, lr_0 = 3.2919e-05
Loss = 1.0566e-02, PNorm = 123.7925, GNorm = 0.3815, lr_0 = 3.2774e-05
Loss = 9.4057e-03, PNorm = 123.7934, GNorm = 0.1553, lr_0 = 3.2630e-05
Loss = 1.4185e-02, PNorm = 123.7947, GNorm = 0.3960, lr_0 = 3.2487e-05
Loss = 1.1935e-02, PNorm = 123.7959, GNorm = 0.4305, lr_0 = 3.2344e-05
Loss = 1.2626e-02, PNorm = 123.7972, GNorm = 0.2993, lr_0 = 3.2202e-05
Loss = 1.1933e-02, PNorm = 123.7986, GNorm = 0.1522, lr_0 = 3.2060e-05
Loss = 1.3291e-02, PNorm = 123.8006, GNorm = 0.2617, lr_0 = 3.1920e-05
Loss = 1.4799e-02, PNorm = 123.8025, GNorm = 0.1317, lr_0 = 3.1779e-05
Loss = 1.2422e-02, PNorm = 123.8045, GNorm = 0.1459, lr_0 = 3.1640e-05
Loss = 1.2010e-02, PNorm = 123.8067, GNorm = 0.3220, lr_0 = 3.1501e-05
Loss = 1.2522e-02, PNorm = 123.8078, GNorm = 0.1362, lr_0 = 3.1362e-05
Loss = 1.2274e-02, PNorm = 123.8091, GNorm = 0.2119, lr_0 = 3.1225e-05
Loss = 1.3795e-02, PNorm = 123.8104, GNorm = 0.2720, lr_0 = 3.1087e-05
Loss = 1.4511e-02, PNorm = 123.8122, GNorm = 0.1388, lr_0 = 3.0951e-05
Validation rmse = 27.767432
Epoch 41
Loss = 1.3827e-02, PNorm = 123.8132, GNorm = 0.3760, lr_0 = 3.0801e-05
Loss = 1.6100e-02, PNorm = 123.8143, GNorm = 0.3163, lr_0 = 3.0666e-05
Loss = 1.0932e-02, PNorm = 123.8162, GNorm = 0.2755, lr_0 = 3.0531e-05
Loss = 1.0442e-02, PNorm = 123.8178, GNorm = 0.1139, lr_0 = 3.0397e-05
Loss = 1.0497e-02, PNorm = 123.8192, GNorm = 0.1739, lr_0 = 3.0263e-05
Loss = 1.3617e-02, PNorm = 123.8207, GNorm = 0.3113, lr_0 = 3.0131e-05
Loss = 1.2738e-02, PNorm = 123.8218, GNorm = 0.1556, lr_0 = 2.9998e-05
Loss = 9.6780e-03, PNorm = 123.8226, GNorm = 0.1355, lr_0 = 2.9866e-05
Loss = 1.1367e-02, PNorm = 123.8241, GNorm = 0.2684, lr_0 = 2.9735e-05
Loss = 1.1286e-02, PNorm = 123.8253, GNorm = 0.1466, lr_0 = 2.9604e-05
Loss = 1.0459e-02, PNorm = 123.8259, GNorm = 0.2077, lr_0 = 2.9474e-05
Loss = 1.0708e-02, PNorm = 123.8267, GNorm = 0.1712, lr_0 = 2.9345e-05
Loss = 1.1327e-02, PNorm = 123.8274, GNorm = 0.2968, lr_0 = 2.9216e-05
Loss = 1.2404e-02, PNorm = 123.8278, GNorm = 0.1722, lr_0 = 2.9088e-05
Loss = 1.5053e-02, PNorm = 123.8294, GNorm = 0.2910, lr_0 = 2.8960e-05
Loss = 1.1965e-02, PNorm = 123.8310, GNorm = 0.1851, lr_0 = 2.8833e-05
Loss = 1.1575e-02, PNorm = 123.8319, GNorm = 0.1615, lr_0 = 2.8706e-05
Loss = 1.1988e-02, PNorm = 123.8328, GNorm = 0.2052, lr_0 = 2.8580e-05
Loss = 1.3576e-02, PNorm = 123.8333, GNorm = 0.2598, lr_0 = 2.8454e-05
Loss = 1.1550e-02, PNorm = 123.8346, GNorm = 0.3634, lr_0 = 2.8329e-05
Loss = 1.0962e-02, PNorm = 123.8357, GNorm = 0.2563, lr_0 = 2.8205e-05
Validation rmse = 27.635463
Epoch 42
Loss = 9.3941e-03, PNorm = 123.8367, GNorm = 0.1764, lr_0 = 2.8081e-05
Loss = 1.2402e-02, PNorm = 123.8374, GNorm = 0.2569, lr_0 = 2.7957e-05
Loss = 1.2597e-02, PNorm = 123.8377, GNorm = 0.1760, lr_0 = 2.7835e-05
Loss = 8.6370e-03, PNorm = 123.8387, GNorm = 0.1413, lr_0 = 2.7712e-05
Loss = 1.1564e-02, PNorm = 123.8399, GNorm = 0.4040, lr_0 = 2.7591e-05
Loss = 1.1767e-02, PNorm = 123.8413, GNorm = 0.2484, lr_0 = 2.7469e-05
Loss = 1.4257e-02, PNorm = 123.8424, GNorm = 0.2629, lr_0 = 2.7349e-05
Loss = 1.4847e-02, PNorm = 123.8437, GNorm = 0.3732, lr_0 = 2.7229e-05
Loss = 1.2443e-02, PNorm = 123.8455, GNorm = 0.5074, lr_0 = 2.7109e-05
Loss = 1.1296e-02, PNorm = 123.8466, GNorm = 0.2322, lr_0 = 2.6990e-05
Loss = 1.3630e-02, PNorm = 123.8478, GNorm = 0.1785, lr_0 = 2.6871e-05
Loss = 1.2716e-02, PNorm = 123.8491, GNorm = 0.2583, lr_0 = 2.6753e-05
Loss = 1.0422e-02, PNorm = 123.8500, GNorm = 0.2949, lr_0 = 2.6636e-05
Loss = 1.2122e-02, PNorm = 123.8507, GNorm = 0.2283, lr_0 = 2.6519e-05
Loss = 1.1045e-02, PNorm = 123.8517, GNorm = 0.1272, lr_0 = 2.6402e-05
Loss = 1.0054e-02, PNorm = 123.8525, GNorm = 0.1332, lr_0 = 2.6286e-05
Loss = 1.2144e-02, PNorm = 123.8534, GNorm = 0.2828, lr_0 = 2.6171e-05
Loss = 1.1607e-02, PNorm = 123.8544, GNorm = 0.2648, lr_0 = 2.6056e-05
Loss = 1.3633e-02, PNorm = 123.8551, GNorm = 0.2974, lr_0 = 2.5941e-05
Loss = 1.2051e-02, PNorm = 123.8562, GNorm = 0.2339, lr_0 = 2.5827e-05
Loss = 1.0113e-02, PNorm = 123.8576, GNorm = 0.1760, lr_0 = 2.5714e-05
Validation rmse = 27.812472
Epoch 43
Loss = 9.1322e-03, PNorm = 123.8592, GNorm = 0.2818, lr_0 = 2.5589e-05
Loss = 1.1624e-02, PNorm = 123.8606, GNorm = 0.2305, lr_0 = 2.5477e-05
Loss = 1.0916e-02, PNorm = 123.8618, GNorm = 0.2683, lr_0 = 2.5365e-05
Loss = 1.1969e-02, PNorm = 123.8630, GNorm = 0.2339, lr_0 = 2.5254e-05
Loss = 1.0027e-02, PNorm = 123.8640, GNorm = 0.1150, lr_0 = 2.5143e-05
Loss = 1.3067e-02, PNorm = 123.8642, GNorm = 0.1759, lr_0 = 2.5032e-05
Loss = 1.0906e-02, PNorm = 123.8648, GNorm = 0.1931, lr_0 = 2.4922e-05
Loss = 8.8463e-03, PNorm = 123.8656, GNorm = 0.2528, lr_0 = 2.4813e-05
Loss = 1.3059e-02, PNorm = 123.8670, GNorm = 0.5979, lr_0 = 2.4704e-05
Loss = 1.2370e-02, PNorm = 123.8686, GNorm = 0.2091, lr_0 = 2.4595e-05
Loss = 1.5752e-02, PNorm = 123.8695, GNorm = 0.1316, lr_0 = 2.4487e-05
Loss = 1.0944e-02, PNorm = 123.8705, GNorm = 0.2327, lr_0 = 2.4380e-05
Loss = 1.3472e-02, PNorm = 123.8717, GNorm = 0.1857, lr_0 = 2.4272e-05
Loss = 1.3385e-02, PNorm = 123.8733, GNorm = 0.1329, lr_0 = 2.4166e-05
Loss = 8.4122e-03, PNorm = 123.8745, GNorm = 0.1479, lr_0 = 2.4060e-05
Loss = 1.1894e-02, PNorm = 123.8752, GNorm = 0.1724, lr_0 = 2.3954e-05
Loss = 1.1640e-02, PNorm = 123.8760, GNorm = 0.2306, lr_0 = 2.3849e-05
Loss = 1.0800e-02, PNorm = 123.8773, GNorm = 0.1211, lr_0 = 2.3744e-05
Loss = 1.3624e-02, PNorm = 123.8785, GNorm = 0.1584, lr_0 = 2.3640e-05
Loss = 1.3025e-02, PNorm = 123.8798, GNorm = 0.1912, lr_0 = 2.3536e-05
Loss = 1.1586e-02, PNorm = 123.8816, GNorm = 0.3098, lr_0 = 2.3432e-05
Validation rmse = 27.686051
Epoch 44
Loss = 1.8138e-02, PNorm = 123.8830, GNorm = 0.2799, lr_0 = 2.3319e-05
Loss = 9.9667e-03, PNorm = 123.8840, GNorm = 0.3832, lr_0 = 2.3217e-05
Loss = 1.0120e-02, PNorm = 123.8846, GNorm = 0.2054, lr_0 = 2.3115e-05
Loss = 1.0994e-02, PNorm = 123.8854, GNorm = 0.2407, lr_0 = 2.3013e-05
Loss = 1.1298e-02, PNorm = 123.8864, GNorm = 0.2428, lr_0 = 2.2912e-05
Loss = 1.2042e-02, PNorm = 123.8878, GNorm = 0.3282, lr_0 = 2.2811e-05
Loss = 1.2153e-02, PNorm = 123.8888, GNorm = 0.1402, lr_0 = 2.2711e-05
Loss = 1.0699e-02, PNorm = 123.8894, GNorm = 0.1012, lr_0 = 2.2611e-05
Loss = 1.1705e-02, PNorm = 123.8899, GNorm = 0.5135, lr_0 = 2.2512e-05
Loss = 1.3153e-02, PNorm = 123.8912, GNorm = 0.2803, lr_0 = 2.2413e-05
Loss = 1.2275e-02, PNorm = 123.8922, GNorm = 0.1258, lr_0 = 2.2315e-05
Loss = 1.1066e-02, PNorm = 123.8931, GNorm = 0.2428, lr_0 = 2.2217e-05
Loss = 1.3994e-02, PNorm = 123.8945, GNorm = 0.3524, lr_0 = 2.2119e-05
Loss = 1.2542e-02, PNorm = 123.8957, GNorm = 0.1751, lr_0 = 2.2022e-05
Loss = 1.1538e-02, PNorm = 123.8968, GNorm = 0.3107, lr_0 = 2.1925e-05
Loss = 1.1165e-02, PNorm = 123.8973, GNorm = 0.1774, lr_0 = 2.1829e-05
Loss = 1.0102e-02, PNorm = 123.8979, GNorm = 0.2010, lr_0 = 2.1733e-05
Loss = 1.1973e-02, PNorm = 123.8988, GNorm = 0.2703, lr_0 = 2.1637e-05
Loss = 1.0394e-02, PNorm = 123.8993, GNorm = 0.2173, lr_0 = 2.1542e-05
Loss = 1.5021e-02, PNorm = 123.8999, GNorm = 0.4177, lr_0 = 2.1448e-05
Loss = 1.0415e-02, PNorm = 123.9005, GNorm = 0.1202, lr_0 = 2.1353e-05
Validation rmse = 27.436793
Epoch 45
Loss = 8.2099e-03, PNorm = 123.9017, GNorm = 0.2162, lr_0 = 2.1250e-05
Loss = 1.3243e-02, PNorm = 123.9028, GNorm = 0.2200, lr_0 = 2.1157e-05
Loss = 1.1166e-02, PNorm = 123.9037, GNorm = 0.1531, lr_0 = 2.1064e-05
Loss = 9.2966e-03, PNorm = 123.9049, GNorm = 0.1620, lr_0 = 2.0971e-05
Loss = 1.0262e-02, PNorm = 123.9059, GNorm = 0.1637, lr_0 = 2.0879e-05
Loss = 1.1220e-02, PNorm = 123.9065, GNorm = 0.1975, lr_0 = 2.0787e-05
Loss = 1.0068e-02, PNorm = 123.9074, GNorm = 0.1512, lr_0 = 2.0696e-05
Loss = 1.2001e-02, PNorm = 123.9083, GNorm = 0.1593, lr_0 = 2.0605e-05
Loss = 9.9589e-03, PNorm = 123.9090, GNorm = 0.1228, lr_0 = 2.0515e-05
Loss = 1.2213e-02, PNorm = 123.9102, GNorm = 0.2203, lr_0 = 2.0425e-05
Loss = 1.1122e-02, PNorm = 123.9113, GNorm = 0.2109, lr_0 = 2.0335e-05
Loss = 1.1139e-02, PNorm = 123.9125, GNorm = 0.2828, lr_0 = 2.0245e-05
Loss = 9.4290e-03, PNorm = 123.9132, GNorm = 0.4855, lr_0 = 2.0156e-05
Loss = 1.3692e-02, PNorm = 123.9143, GNorm = 0.3668, lr_0 = 2.0068e-05
Loss = 9.6705e-03, PNorm = 123.9152, GNorm = 0.1724, lr_0 = 1.9980e-05
Loss = 1.1623e-02, PNorm = 123.9158, GNorm = 0.3834, lr_0 = 1.9892e-05
Loss = 1.1816e-02, PNorm = 123.9168, GNorm = 0.1718, lr_0 = 1.9805e-05
Loss = 1.1763e-02, PNorm = 123.9181, GNorm = 0.4750, lr_0 = 1.9718e-05
Loss = 1.0800e-02, PNorm = 123.9189, GNorm = 0.2898, lr_0 = 1.9631e-05
Loss = 1.0376e-02, PNorm = 123.9192, GNorm = 0.2246, lr_0 = 1.9545e-05
Loss = 1.2413e-02, PNorm = 123.9197, GNorm = 0.2898, lr_0 = 1.9459e-05
Validation rmse = 27.520516
Epoch 46
Loss = 8.3699e-03, PNorm = 123.9204, GNorm = 0.2143, lr_0 = 1.9365e-05
Loss = 9.6432e-03, PNorm = 123.9212, GNorm = 0.2332, lr_0 = 1.9280e-05
Loss = 9.2143e-03, PNorm = 123.9219, GNorm = 0.1683, lr_0 = 1.9195e-05
Loss = 1.1152e-02, PNorm = 123.9225, GNorm = 0.1445, lr_0 = 1.9111e-05
Loss = 1.0710e-02, PNorm = 123.9231, GNorm = 0.1664, lr_0 = 1.9027e-05
Loss = 1.6441e-02, PNorm = 123.9241, GNorm = 0.4009, lr_0 = 1.8943e-05
Loss = 1.0881e-02, PNorm = 123.9250, GNorm = 0.1831, lr_0 = 1.8860e-05
Loss = 1.5261e-02, PNorm = 123.9260, GNorm = 0.1776, lr_0 = 1.8777e-05
Loss = 1.0123e-02, PNorm = 123.9269, GNorm = 0.1778, lr_0 = 1.8695e-05
Loss = 1.0505e-02, PNorm = 123.9276, GNorm = 0.2949, lr_0 = 1.8612e-05
Loss = 1.0544e-02, PNorm = 123.9280, GNorm = 0.1581, lr_0 = 1.8531e-05
Loss = 1.2749e-02, PNorm = 123.9286, GNorm = 0.2210, lr_0 = 1.8449e-05
Loss = 1.1394e-02, PNorm = 123.9298, GNorm = 0.4616, lr_0 = 1.8368e-05
Loss = 9.5221e-03, PNorm = 123.9308, GNorm = 0.2702, lr_0 = 1.8287e-05
Loss = 1.0129e-02, PNorm = 123.9318, GNorm = 0.2573, lr_0 = 1.8207e-05
Loss = 1.1388e-02, PNorm = 123.9324, GNorm = 0.2402, lr_0 = 1.8127e-05
Loss = 1.5331e-02, PNorm = 123.9331, GNorm = 0.2723, lr_0 = 1.8047e-05
Loss = 1.2233e-02, PNorm = 123.9338, GNorm = 0.2051, lr_0 = 1.7968e-05
Loss = 1.0110e-02, PNorm = 123.9345, GNorm = 0.1887, lr_0 = 1.7889e-05
Loss = 1.1545e-02, PNorm = 123.9349, GNorm = 0.2342, lr_0 = 1.7811e-05
Loss = 1.0531e-02, PNorm = 123.9355, GNorm = 0.1914, lr_0 = 1.7732e-05
Validation rmse = 27.444036
Epoch 47
Loss = 5.1551e-03, PNorm = 123.9360, GNorm = 0.1926, lr_0 = 1.7647e-05
Loss = 1.0321e-02, PNorm = 123.9365, GNorm = 0.2081, lr_0 = 1.7569e-05
Loss = 9.9055e-03, PNorm = 123.9370, GNorm = 0.2825, lr_0 = 1.7492e-05
Loss = 1.1070e-02, PNorm = 123.9374, GNorm = 0.2062, lr_0 = 1.7415e-05
Loss = 1.1065e-02, PNorm = 123.9380, GNorm = 0.1776, lr_0 = 1.7339e-05
Loss = 9.8677e-03, PNorm = 123.9387, GNorm = 0.1471, lr_0 = 1.7262e-05
Loss = 1.2490e-02, PNorm = 123.9395, GNorm = 0.2545, lr_0 = 1.7187e-05
Loss = 1.2402e-02, PNorm = 123.9404, GNorm = 0.3245, lr_0 = 1.7111e-05
Loss = 1.1139e-02, PNorm = 123.9412, GNorm = 0.1762, lr_0 = 1.7036e-05
Loss = 9.6524e-03, PNorm = 123.9413, GNorm = 0.1545, lr_0 = 1.6961e-05
Loss = 9.1830e-03, PNorm = 123.9415, GNorm = 0.1842, lr_0 = 1.6887e-05
Loss = 1.2098e-02, PNorm = 123.9422, GNorm = 0.1734, lr_0 = 1.6812e-05
Loss = 1.2646e-02, PNorm = 123.9429, GNorm = 0.3708, lr_0 = 1.6739e-05
Loss = 1.2689e-02, PNorm = 123.9438, GNorm = 0.2557, lr_0 = 1.6665e-05
Loss = 1.2312e-02, PNorm = 123.9447, GNorm = 0.2497, lr_0 = 1.6592e-05
Loss = 1.1095e-02, PNorm = 123.9453, GNorm = 0.1513, lr_0 = 1.6519e-05
Loss = 1.0165e-02, PNorm = 123.9458, GNorm = 0.3216, lr_0 = 1.6446e-05
Loss = 1.3510e-02, PNorm = 123.9467, GNorm = 0.2097, lr_0 = 1.6374e-05
Loss = 1.0067e-02, PNorm = 123.9476, GNorm = 0.2978, lr_0 = 1.6302e-05
Loss = 1.2849e-02, PNorm = 123.9485, GNorm = 0.2007, lr_0 = 1.6230e-05
Loss = 1.1954e-02, PNorm = 123.9493, GNorm = 0.2365, lr_0 = 1.6159e-05
Validation rmse = 27.477776
Epoch 48
Loss = 7.2705e-03, PNorm = 123.9498, GNorm = 0.1793, lr_0 = 1.6088e-05
Loss = 9.0590e-03, PNorm = 123.9503, GNorm = 0.1874, lr_0 = 1.6017e-05
Loss = 1.0939e-02, PNorm = 123.9507, GNorm = 0.1937, lr_0 = 1.5947e-05
Loss = 9.0603e-03, PNorm = 123.9511, GNorm = 0.1590, lr_0 = 1.5877e-05
Loss = 9.7326e-03, PNorm = 123.9514, GNorm = 0.1275, lr_0 = 1.5807e-05
Loss = 1.2428e-02, PNorm = 123.9520, GNorm = 0.2010, lr_0 = 1.5738e-05
Loss = 1.2235e-02, PNorm = 123.9527, GNorm = 0.3099, lr_0 = 1.5669e-05
Loss = 1.3249e-02, PNorm = 123.9531, GNorm = 0.1735, lr_0 = 1.5600e-05
Loss = 1.4231e-02, PNorm = 123.9538, GNorm = 0.2251, lr_0 = 1.5531e-05
Loss = 9.2970e-03, PNorm = 123.9547, GNorm = 0.1334, lr_0 = 1.5463e-05
Loss = 9.8224e-03, PNorm = 123.9556, GNorm = 0.2248, lr_0 = 1.5395e-05
Loss = 1.1074e-02, PNorm = 123.9562, GNorm = 0.2485, lr_0 = 1.5327e-05
Loss = 1.1456e-02, PNorm = 123.9566, GNorm = 0.1902, lr_0 = 1.5260e-05
Loss = 1.2250e-02, PNorm = 123.9569, GNorm = 0.2225, lr_0 = 1.5193e-05
Loss = 1.0659e-02, PNorm = 123.9574, GNorm = 0.1188, lr_0 = 1.5126e-05
Loss = 1.0171e-02, PNorm = 123.9582, GNorm = 0.1937, lr_0 = 1.5060e-05
Loss = 1.0411e-02, PNorm = 123.9588, GNorm = 0.1790, lr_0 = 1.4994e-05
Loss = 1.4115e-02, PNorm = 123.9593, GNorm = 0.1907, lr_0 = 1.4928e-05
Loss = 8.7317e-03, PNorm = 123.9599, GNorm = 0.3486, lr_0 = 1.4862e-05
Loss = 1.0301e-02, PNorm = 123.9605, GNorm = 0.2552, lr_0 = 1.4797e-05
Loss = 9.9457e-03, PNorm = 123.9613, GNorm = 0.1398, lr_0 = 1.4732e-05
Validation rmse = 27.454855
Epoch 49
Loss = 7.3539e-03, PNorm = 123.9619, GNorm = 0.1926, lr_0 = 1.4661e-05
Loss = 1.2099e-02, PNorm = 123.9626, GNorm = 0.2123, lr_0 = 1.4596e-05
Loss = 9.8626e-03, PNorm = 123.9632, GNorm = 0.1537, lr_0 = 1.4532e-05
Loss = 1.1482e-02, PNorm = 123.9637, GNorm = 0.3700, lr_0 = 1.4468e-05
Loss = 8.6492e-03, PNorm = 123.9637, GNorm = 0.1385, lr_0 = 1.4405e-05
Loss = 1.2226e-02, PNorm = 123.9640, GNorm = 0.3043, lr_0 = 1.4342e-05
Loss = 9.9430e-03, PNorm = 123.9645, GNorm = 0.1185, lr_0 = 1.4279e-05
Loss = 1.2283e-02, PNorm = 123.9650, GNorm = 0.5899, lr_0 = 1.4216e-05
Loss = 1.3502e-02, PNorm = 123.9657, GNorm = 0.2529, lr_0 = 1.4153e-05
Loss = 1.0217e-02, PNorm = 123.9662, GNorm = 0.4411, lr_0 = 1.4091e-05
Loss = 1.0993e-02, PNorm = 123.9667, GNorm = 0.6287, lr_0 = 1.4029e-05
Loss = 1.0313e-02, PNorm = 123.9676, GNorm = 0.1892, lr_0 = 1.3968e-05
Loss = 1.1547e-02, PNorm = 123.9679, GNorm = 0.2222, lr_0 = 1.3906e-05
Loss = 1.1348e-02, PNorm = 123.9683, GNorm = 0.1403, lr_0 = 1.3845e-05
Loss = 8.9756e-03, PNorm = 123.9687, GNorm = 0.1154, lr_0 = 1.3784e-05
Loss = 1.5017e-02, PNorm = 123.9691, GNorm = 0.6044, lr_0 = 1.3724e-05
Loss = 1.0816e-02, PNorm = 123.9698, GNorm = 0.1623, lr_0 = 1.3669e-05
Loss = 1.0226e-02, PNorm = 123.9706, GNorm = 0.2329, lr_0 = 1.3669e-05
Loss = 1.0002e-02, PNorm = 123.9713, GNorm = 0.1817, lr_0 = 1.3669e-05
Loss = 1.1162e-02, PNorm = 123.9719, GNorm = 0.1231, lr_0 = 1.3669e-05
Loss = 1.0837e-02, PNorm = 123.9725, GNorm = 0.1502, lr_0 = 1.3669e-05
Validation rmse = 27.505112
Model 0 best validation rmse = 27.242982 on epoch 32
Loading pretrained parameter "encoder.encoder.0.cached_zero_vector".
Loading pretrained parameter "encoder.encoder.0.W_i.weight".
Loading pretrained parameter "encoder.encoder.0.W_h.weight".
Loading pretrained parameter "encoder.encoder.0.W_o.weight".
Loading pretrained parameter "encoder.encoder.0.W_o.bias".
Loading pretrained parameter "encoder.encoder.1.cached_zero_vector".
Loading pretrained parameter "encoder.encoder.1.W_i.weight".
Loading pretrained parameter "encoder.encoder.1.W_h.weight".
Loading pretrained parameter "encoder.encoder.1.W_o.weight".
Loading pretrained parameter "encoder.encoder.1.W_o.bias".
Loading pretrained parameter "ffn.1.weight".
Loading pretrained parameter "ffn.1.bias".
Loading pretrained parameter "ffn.4.weight".
Loading pretrained parameter "ffn.4.bias".
Moving model to cuda
Model 0 test rmse = 26.920100
Ensemble test rmse = 26.920100
1-fold cross validation
	Seed 0 ==> test rmse = 26.920100
Overall test rmse = 26.920100 +/- 0.000000
Elapsed time = 0:44:40
