Command line
python /home/kpg/chemprop/train.py --data_path ../../../data/splits/lambda_max_abs/deep4chem/group_by_smiles/smiles_target_train.csv --dataset_type regression --save_dir /home/kimele03/uvvisml/uvvisml/models/lambda_max_emi_checkpoints/group_by_smiles/results/507104/49669580 --config_path /home/kimele03/uvvisml/uvvisml/models/lambda_max_emi_checkpoints/group_by_smiles/results/507104/49669580/hyperopt.json --metric rmse --epochs 50 --gpu 0 --ensemble_size 1 --separate_val_path ../../../data/splits/lambda_max_abs/deep4chem/group_by_smiles/smiles_target_val.csv --separate_test_path ../../../data/splits/lambda_max_abs/deep4chem/group_by_smiles/smiles_target_test.csv --number_of_molecules 2
Args
{'activation': 'ReLU',
 'aggregation': 'mean',
 'aggregation_norm': 100,
 'atom_descriptor_scaling': True,
 'atom_descriptors': None,
 'atom_descriptors_path': None,
 'atom_descriptors_size': 0,
 'atom_features_size': 0,
 'atom_messages': False,
 'batch_size': 69,
 'bias': False,
 'bond_feature_scaling': True,
 'bond_features_path': None,
 'bond_features_size': 0,
 'cache_cutoff': 10000,
 'checkpoint_dir': None,
 'checkpoint_frzn': None,
 'checkpoint_path': None,
 'checkpoint_paths': None,
 'class_balance': False,
 'config_path': '/home/kimele03/uvvisml/uvvisml/models/lambda_max_emi_checkpoints/group_by_smiles/results/507104/49669580/hyperopt.json',
 'crossval_index_dir': None,
 'crossval_index_file': None,
 'crossval_index_sets': None,
 'cuda': True,
 'data_path': '../../../data/splits/lambda_max_abs/deep4chem/group_by_smiles/smiles_target_train.csv',
 'data_weights_path': None,
 'dataset_type': 'regression',
 'depth': 2,
 'device': device(type='cuda', index=0),
 'dropout': 0.28282592693340386,
 'empty_cache': False,
 'ensemble_size': 1,
 'epochs': 50,
 'explicit_h': False,
 'extra_metrics': [],
 'features_generator': None,
 'features_only': False,
 'features_path': None,
 'features_scaling': True,
 'features_size': None,
 'ffn_hidden_size': 2307,
 'ffn_num_layers': 2,
 'final_lr': 9.884130121384408e-06,
 'folds_file': None,
 'freeze_first_only': False,
 'frzn_ffn_layers': 0,
 'gpu': 0,
 'grad_clip': None,
 'hidden_size': 1985,
 'ignore_columns': None,
 'init_lr': 4.396718402863155e-07,
 'log_frequency': 10,
 'max_data_size': None,
 'max_lr': 0.00043967184028631545,
 'metric': 'rmse',
 'metrics': ['rmse'],
 'minimize_score': True,
 'mpn_shared': False,
 'multiclass_num_classes': 3,
 'no_atom_descriptor_scaling': False,
 'no_bond_features_scaling': False,
 'no_cache_mol': False,
 'no_cuda': False,
 'no_features_scaling': False,
 'num_folds': 1,
 'num_lrs': 1,
 'num_tasks': 1,
 'num_workers': 8,
 'number_of_molecules': 2,
 'overwrite_default_atom_features': False,
 'overwrite_default_bond_features': False,
 'pytorch_seed': 0,
 'quiet': False,
 'reaction': False,
 'reaction_mode': 'reac_diff',
 'resume_experiment': False,
 'save_dir': '/home/kimele03/uvvisml/uvvisml/models/lambda_max_emi_checkpoints/group_by_smiles/results/507104/49669580',
 'save_preds': False,
 'save_smiles_splits': False,
 'seed': 0,
 'separate_test_atom_descriptors_path': None,
 'separate_test_bond_features_path': None,
 'separate_test_features_path': None,
 'separate_test_path': '../../../data/splits/lambda_max_abs/deep4chem/group_by_smiles/smiles_target_test.csv',
 'separate_val_atom_descriptors_path': None,
 'separate_val_bond_features_path': None,
 'separate_val_features_path': None,
 'separate_val_path': '../../../data/splits/lambda_max_abs/deep4chem/group_by_smiles/smiles_target_val.csv',
 'show_individual_scores': False,
 'smiles_columns': ['smiles', 'solvent'],
 'split_sizes': (0.8, 0.1, 0.1),
 'split_type': 'random',
 'target_columns': None,
 'target_weights': None,
 'task_names': ['peakwavs_max'],
 'test': False,
 'test_fold_index': None,
 'train_data_size': None,
 'undirected': False,
 'use_input_features': False,
 'val_fold_index': None,
 'warmup_epochs': 2}
Loading data
Number of tasks = 1
Fold 0
Splitting data with seed 0
Total size = 13,242 | train size = 13,242 | val size = 1,633 | test size = 1,710
Fitting scaler
Building model 0
MoleculeModel(
  (encoder): MPN(
    (encoder): ModuleList(
      (0): MPNEncoder(
        (dropout_layer): Dropout(p=0.28282592693340386, inplace=False)
        (act_func): ReLU()
        (W_i): Linear(in_features=147, out_features=1985, bias=False)
        (W_h): Linear(in_features=1985, out_features=1985, bias=False)
        (W_o): Linear(in_features=2118, out_features=1985, bias=True)
      )
      (1): MPNEncoder(
        (dropout_layer): Dropout(p=0.28282592693340386, inplace=False)
        (act_func): ReLU()
        (W_i): Linear(in_features=147, out_features=1985, bias=False)
        (W_h): Linear(in_features=1985, out_features=1985, bias=False)
        (W_o): Linear(in_features=2118, out_features=1985, bias=True)
      )
    )
  )
  (ffn): Sequential(
    (0): Dropout(p=0.28282592693340386, inplace=False)
    (1): Linear(in_features=3970, out_features=2307, bias=True)
    (2): ReLU()
    (3): Dropout(p=0.28282592693340386, inplace=False)
    (4): Linear(in_features=2307, out_features=1, bias=True)
  )
)
Number of parameters = 26,043,845
Moving model to cuda
Epoch 0
Loss = 1.1967e+00, PNorm = 107.4390, GNorm = 3.7044, lr_0 = 1.3088e-05
Loss = 9.1133e-01, PNorm = 107.4394, GNorm = 2.9871, lr_0 = 2.4586e-05
Loss = 9.5243e-01, PNorm = 107.4406, GNorm = 5.5983, lr_0 = 3.6084e-05
Loss = 1.0861e+00, PNorm = 107.4430, GNorm = 9.5251, lr_0 = 4.7582e-05
Loss = 1.0030e+00, PNorm = 107.4465, GNorm = 8.9572, lr_0 = 5.9081e-05
Loss = 9.6252e-01, PNorm = 107.4518, GNorm = 3.9208, lr_0 = 7.0579e-05
Loss = 7.0382e-01, PNorm = 107.4594, GNorm = 2.2255, lr_0 = 8.2077e-05
Loss = 8.4705e-01, PNorm = 107.4694, GNorm = 6.8183, lr_0 = 9.3575e-05
Loss = 8.6474e-01, PNorm = 107.4812, GNorm = 3.5698, lr_0 = 1.0507e-04
Loss = 8.7017e-01, PNorm = 107.4955, GNorm = 2.9368, lr_0 = 1.1657e-04
Loss = 8.2956e-01, PNorm = 107.5141, GNorm = 3.5102, lr_0 = 1.2807e-04
Loss = 7.2868e-01, PNorm = 107.5357, GNorm = 6.2938, lr_0 = 1.3957e-04
Loss = 7.2376e-01, PNorm = 107.5566, GNorm = 1.8884, lr_0 = 1.5107e-04
Loss = 9.4363e-01, PNorm = 107.5806, GNorm = 3.7882, lr_0 = 1.6256e-04
Loss = 7.5547e-01, PNorm = 107.6071, GNorm = 4.4277, lr_0 = 1.7406e-04
Loss = 7.5781e-01, PNorm = 107.6352, GNorm = 2.1330, lr_0 = 1.8556e-04
Loss = 7.3120e-01, PNorm = 107.6677, GNorm = 6.3605, lr_0 = 1.9706e-04
Loss = 5.8096e-01, PNorm = 107.7002, GNorm = 3.0277, lr_0 = 2.0856e-04
Loss = 5.1317e-01, PNorm = 107.7308, GNorm = 6.7513, lr_0 = 2.2006e-04
Validation rmse = 85.584027
Epoch 1
Loss = 7.0482e-01, PNorm = 107.7751, GNorm = 1.6874, lr_0 = 2.3270e-04
Loss = 7.0148e-01, PNorm = 107.8256, GNorm = 7.7565, lr_0 = 2.4420e-04
Loss = 6.7783e-01, PNorm = 107.8789, GNorm = 6.1241, lr_0 = 2.5570e-04
Loss = 5.1243e-01, PNorm = 107.9266, GNorm = 1.1720, lr_0 = 2.6720e-04
Loss = 5.2832e-01, PNorm = 107.9736, GNorm = 1.2310, lr_0 = 2.7870e-04
Loss = 5.0743e-01, PNorm = 108.0279, GNorm = 2.6022, lr_0 = 2.9019e-04
Loss = 4.4469e-01, PNorm = 108.0857, GNorm = 3.0216, lr_0 = 3.0169e-04
Loss = 4.6184e-01, PNorm = 108.1522, GNorm = 2.3056, lr_0 = 3.1319e-04
Loss = 4.0166e-01, PNorm = 108.2218, GNorm = 4.4478, lr_0 = 3.2469e-04
Loss = 4.8166e-01, PNorm = 108.2753, GNorm = 3.0122, lr_0 = 3.3619e-04
Loss = 3.9879e-01, PNorm = 108.3439, GNorm = 1.6856, lr_0 = 3.4769e-04
Loss = 4.9300e-01, PNorm = 108.4189, GNorm = 2.3531, lr_0 = 3.5918e-04
Loss = 4.0089e-01, PNorm = 108.4983, GNorm = 1.4027, lr_0 = 3.7068e-04
Loss = 4.2348e-01, PNorm = 108.5679, GNorm = 2.0157, lr_0 = 3.8218e-04
Loss = 4.3992e-01, PNorm = 108.6458, GNorm = 3.3638, lr_0 = 3.9368e-04
Loss = 4.0380e-01, PNorm = 108.7181, GNorm = 2.5171, lr_0 = 4.0518e-04
Loss = 3.9509e-01, PNorm = 108.7981, GNorm = 2.8247, lr_0 = 4.1668e-04
Loss = 3.7307e-01, PNorm = 108.8817, GNorm = 2.1156, lr_0 = 4.2817e-04
Loss = 3.3839e-01, PNorm = 108.9516, GNorm = 1.7572, lr_0 = 4.3967e-04
Validation rmse = 65.011047
Epoch 2
Loss = 3.5341e-01, PNorm = 109.0279, GNorm = 1.4191, lr_0 = 4.3786e-04
Loss = 2.8635e-01, PNorm = 109.0992, GNorm = 1.6572, lr_0 = 4.3605e-04
Loss = 3.2970e-01, PNorm = 109.1651, GNorm = 10.0161, lr_0 = 4.3425e-04
Loss = 3.8126e-01, PNorm = 109.2322, GNorm = 3.7917, lr_0 = 4.3245e-04
Loss = 3.4352e-01, PNorm = 109.3166, GNorm = 2.9986, lr_0 = 4.3067e-04
Loss = 3.6680e-01, PNorm = 109.3936, GNorm = 3.0047, lr_0 = 4.2889e-04
Loss = 4.0888e-01, PNorm = 109.4611, GNorm = 4.6241, lr_0 = 4.2711e-04
Loss = 2.9734e-01, PNorm = 109.5169, GNorm = 5.8721, lr_0 = 4.2535e-04
Loss = 3.4685e-01, PNorm = 109.5871, GNorm = 0.8041, lr_0 = 4.2359e-04
Loss = 2.8489e-01, PNorm = 109.6448, GNorm = 1.0212, lr_0 = 4.2184e-04
Loss = 3.0027e-01, PNorm = 109.7021, GNorm = 1.1159, lr_0 = 4.2010e-04
Loss = 3.3420e-01, PNorm = 109.7616, GNorm = 1.6424, lr_0 = 4.1837e-04
Loss = 3.2425e-01, PNorm = 109.8143, GNorm = 3.1881, lr_0 = 4.1664e-04
Loss = 2.9908e-01, PNorm = 109.8718, GNorm = 1.2195, lr_0 = 4.1492e-04
Loss = 2.5727e-01, PNorm = 109.9270, GNorm = 3.0147, lr_0 = 4.1320e-04
Loss = 3.0378e-01, PNorm = 109.9983, GNorm = 2.3052, lr_0 = 4.1149e-04
Loss = 2.4019e-01, PNorm = 110.0556, GNorm = 2.1756, lr_0 = 4.0980e-04
Loss = 2.6999e-01, PNorm = 110.1142, GNorm = 3.1927, lr_0 = 4.0810e-04
Loss = 2.4346e-01, PNorm = 110.1657, GNorm = 2.0742, lr_0 = 4.0642e-04
Validation rmse = 55.592997
Epoch 3
Loss = 2.3291e-01, PNorm = 110.2132, GNorm = 1.2653, lr_0 = 4.0474e-04
Loss = 2.2975e-01, PNorm = 110.2683, GNorm = 0.8192, lr_0 = 4.0307e-04
Loss = 2.0970e-01, PNorm = 110.3151, GNorm = 1.9896, lr_0 = 4.0140e-04
Loss = 2.4093e-01, PNorm = 110.3706, GNorm = 1.6307, lr_0 = 3.9974e-04
Loss = 2.5056e-01, PNorm = 110.4196, GNorm = 1.4923, lr_0 = 3.9809e-04
Loss = 2.6572e-01, PNorm = 110.4726, GNorm = 2.6926, lr_0 = 3.9645e-04
Loss = 2.5186e-01, PNorm = 110.5259, GNorm = 3.0664, lr_0 = 3.9481e-04
Loss = 2.5377e-01, PNorm = 110.5802, GNorm = 2.4833, lr_0 = 3.9318e-04
Loss = 2.7276e-01, PNorm = 110.6492, GNorm = 1.6093, lr_0 = 3.9155e-04
Loss = 2.2066e-01, PNorm = 110.7054, GNorm = 2.5832, lr_0 = 3.8994e-04
Loss = 2.3396e-01, PNorm = 110.7546, GNorm = 0.9846, lr_0 = 3.8833e-04
Loss = 1.9937e-01, PNorm = 110.8035, GNorm = 1.8776, lr_0 = 3.8672e-04
Loss = 2.7546e-01, PNorm = 110.8519, GNorm = 1.4067, lr_0 = 3.8512e-04
Loss = 2.9289e-01, PNorm = 110.9096, GNorm = 2.3755, lr_0 = 3.8353e-04
Loss = 2.2810e-01, PNorm = 110.9621, GNorm = 3.0993, lr_0 = 3.8195e-04
Loss = 2.0619e-01, PNorm = 111.0198, GNorm = 1.1735, lr_0 = 3.8037e-04
Loss = 2.3618e-01, PNorm = 111.0661, GNorm = 2.0787, lr_0 = 3.7880e-04
Loss = 2.2697e-01, PNorm = 111.1101, GNorm = 1.2407, lr_0 = 3.7723e-04
Loss = 2.3390e-01, PNorm = 111.1722, GNorm = 3.8402, lr_0 = 3.7568e-04
Validation rmse = 61.641277
Epoch 4
Loss = 2.5025e-01, PNorm = 111.2234, GNorm = 0.7699, lr_0 = 3.7412e-04
Loss = 2.7481e-01, PNorm = 111.2828, GNorm = 1.6144, lr_0 = 3.7258e-04
Loss = 2.0452e-01, PNorm = 111.3430, GNorm = 1.3111, lr_0 = 3.7104e-04
Loss = 1.8611e-01, PNorm = 111.3960, GNorm = 0.9827, lr_0 = 3.6951e-04
Loss = 2.0187e-01, PNorm = 111.4476, GNorm = 2.2473, lr_0 = 3.6798e-04
Loss = 2.4402e-01, PNorm = 111.4962, GNorm = 0.9605, lr_0 = 3.6646e-04
Loss = 2.3772e-01, PNorm = 111.5647, GNorm = 1.4460, lr_0 = 3.6495e-04
Loss = 2.5302e-01, PNorm = 111.6206, GNorm = 2.3133, lr_0 = 3.6344e-04
Loss = 1.8873e-01, PNorm = 111.6630, GNorm = 1.6798, lr_0 = 3.6194e-04
Loss = 1.8310e-01, PNorm = 111.7075, GNorm = 1.1732, lr_0 = 3.6044e-04
Loss = 1.9476e-01, PNorm = 111.7496, GNorm = 1.5399, lr_0 = 3.5895e-04
Loss = 2.2406e-01, PNorm = 111.7937, GNorm = 1.9960, lr_0 = 3.5747e-04
Loss = 2.4106e-01, PNorm = 111.8451, GNorm = 3.3019, lr_0 = 3.5599e-04
Loss = 1.7626e-01, PNorm = 111.8961, GNorm = 0.8483, lr_0 = 3.5452e-04
Loss = 1.6143e-01, PNorm = 111.9477, GNorm = 2.1743, lr_0 = 3.5306e-04
Loss = 1.7198e-01, PNorm = 111.9964, GNorm = 2.7791, lr_0 = 3.5160e-04
Loss = 1.6825e-01, PNorm = 112.0348, GNorm = 1.7977, lr_0 = 3.5015e-04
Loss = 1.7693e-01, PNorm = 112.0766, GNorm = 1.0034, lr_0 = 3.4870e-04
Loss = 1.8343e-01, PNorm = 112.1266, GNorm = 1.5171, lr_0 = 3.4726e-04
Validation rmse = 47.754070
Epoch 5
Loss = 1.5809e-01, PNorm = 112.1773, GNorm = 0.8422, lr_0 = 3.4583e-04
Loss = 1.3739e-01, PNorm = 112.2273, GNorm = 1.4661, lr_0 = 3.4440e-04
Loss = 1.4822e-01, PNorm = 112.2643, GNorm = 0.7781, lr_0 = 3.4298e-04
Loss = 2.0176e-01, PNorm = 112.3102, GNorm = 2.5068, lr_0 = 3.4156e-04
Loss = 1.5999e-01, PNorm = 112.3569, GNorm = 2.5393, lr_0 = 3.4015e-04
Loss = 1.7913e-01, PNorm = 112.3972, GNorm = 1.2635, lr_0 = 3.3874e-04
Loss = 2.1508e-01, PNorm = 112.4541, GNorm = 0.9373, lr_0 = 3.3734e-04
Loss = 1.6946e-01, PNorm = 112.5002, GNorm = 3.9147, lr_0 = 3.3595e-04
Loss = 1.9211e-01, PNorm = 112.5542, GNorm = 1.3746, lr_0 = 3.3456e-04
Loss = 1.6117e-01, PNorm = 112.6020, GNorm = 2.0751, lr_0 = 3.3318e-04
Loss = 2.0589e-01, PNorm = 112.6501, GNorm = 0.7408, lr_0 = 3.3180e-04
Loss = 1.6115e-01, PNorm = 112.6965, GNorm = 0.8281, lr_0 = 3.3043e-04
Loss = 1.5979e-01, PNorm = 112.7416, GNorm = 2.2213, lr_0 = 3.2907e-04
Loss = 1.4362e-01, PNorm = 112.7716, GNorm = 1.9309, lr_0 = 3.2771e-04
Loss = 1.6541e-01, PNorm = 112.8135, GNorm = 2.8021, lr_0 = 3.2635e-04
Loss = 2.3237e-01, PNorm = 112.8623, GNorm = 1.4207, lr_0 = 3.2501e-04
Loss = 1.9837e-01, PNorm = 112.9169, GNorm = 1.6494, lr_0 = 3.2366e-04
Loss = 1.2961e-01, PNorm = 112.9729, GNorm = 0.6889, lr_0 = 3.2233e-04
Loss = 1.5280e-01, PNorm = 113.0128, GNorm = 0.7483, lr_0 = 3.2100e-04
Loss = 1.6344e-01, PNorm = 113.0576, GNorm = 1.7191, lr_0 = 3.1967e-04
Validation rmse = 48.599532
Epoch 6
Loss = 1.4142e-01, PNorm = 113.1053, GNorm = 0.7220, lr_0 = 3.1835e-04
Loss = 1.3810e-01, PNorm = 113.1479, GNorm = 0.6800, lr_0 = 3.1703e-04
Loss = 1.5178e-01, PNorm = 113.1839, GNorm = 1.3538, lr_0 = 3.1572e-04
Loss = 1.4240e-01, PNorm = 113.2206, GNorm = 0.7442, lr_0 = 3.1442e-04
Loss = 1.5019e-01, PNorm = 113.2657, GNorm = 1.9037, lr_0 = 3.1312e-04
Loss = 1.8702e-01, PNorm = 113.2986, GNorm = 2.7377, lr_0 = 3.1183e-04
Loss = 1.4209e-01, PNorm = 113.3334, GNorm = 1.2255, lr_0 = 3.1054e-04
Loss = 1.3563e-01, PNorm = 113.3708, GNorm = 1.5455, lr_0 = 3.0926e-04
Loss = 1.4576e-01, PNorm = 113.4183, GNorm = 1.2302, lr_0 = 3.0798e-04
Loss = 1.5575e-01, PNorm = 113.4596, GNorm = 1.3772, lr_0 = 3.0671e-04
Loss = 1.7255e-01, PNorm = 113.5085, GNorm = 2.4436, lr_0 = 3.0544e-04
Loss = 1.5855e-01, PNorm = 113.5562, GNorm = 1.5914, lr_0 = 3.0418e-04
Loss = 1.4453e-01, PNorm = 113.5975, GNorm = 1.3503, lr_0 = 3.0292e-04
Loss = 1.3909e-01, PNorm = 113.6371, GNorm = 1.4545, lr_0 = 3.0167e-04
Loss = 1.6231e-01, PNorm = 113.6700, GNorm = 1.1542, lr_0 = 3.0042e-04
Loss = 1.4962e-01, PNorm = 113.6997, GNorm = 0.9443, lr_0 = 2.9918e-04
Loss = 1.4484e-01, PNorm = 113.7381, GNorm = 1.9516, lr_0 = 2.9795e-04
Loss = 1.4837e-01, PNorm = 113.7737, GNorm = 1.3475, lr_0 = 2.9672e-04
Loss = 1.4489e-01, PNorm = 113.8019, GNorm = 0.9440, lr_0 = 2.9549e-04
Validation rmse = 42.821205
Epoch 7
Loss = 1.1720e-01, PNorm = 113.8363, GNorm = 2.0169, lr_0 = 2.9427e-04
Loss = 1.3191e-01, PNorm = 113.8705, GNorm = 0.6198, lr_0 = 2.9305e-04
Loss = 1.3892e-01, PNorm = 113.9055, GNorm = 1.0138, lr_0 = 2.9184e-04
Loss = 1.2368e-01, PNorm = 113.9399, GNorm = 1.5070, lr_0 = 2.9064e-04
Loss = 1.1695e-01, PNorm = 113.9669, GNorm = 0.8237, lr_0 = 2.8944e-04
Loss = 1.3210e-01, PNorm = 114.0000, GNorm = 1.0498, lr_0 = 2.8824e-04
Loss = 1.4028e-01, PNorm = 114.0342, GNorm = 1.0567, lr_0 = 2.8705e-04
Loss = 1.4024e-01, PNorm = 114.0687, GNorm = 0.6592, lr_0 = 2.8587e-04
Loss = 1.2905e-01, PNorm = 114.0992, GNorm = 1.4054, lr_0 = 2.8468e-04
Loss = 1.4783e-01, PNorm = 114.1297, GNorm = 2.1110, lr_0 = 2.8351e-04
Loss = 1.3871e-01, PNorm = 114.1743, GNorm = 0.7696, lr_0 = 2.8234e-04
Loss = 1.4388e-01, PNorm = 114.2121, GNorm = 1.0082, lr_0 = 2.8117e-04
Loss = 1.2697e-01, PNorm = 114.2540, GNorm = 0.5016, lr_0 = 2.8001e-04
Loss = 1.4095e-01, PNorm = 114.2872, GNorm = 0.6859, lr_0 = 2.7885e-04
Loss = 1.3072e-01, PNorm = 114.3233, GNorm = 0.6550, lr_0 = 2.7770e-04
Loss = 1.2224e-01, PNorm = 114.3476, GNorm = 1.0382, lr_0 = 2.7655e-04
Loss = 1.3475e-01, PNorm = 114.3754, GNorm = 0.8990, lr_0 = 2.7541e-04
Loss = 1.3798e-01, PNorm = 114.4132, GNorm = 1.3768, lr_0 = 2.7427e-04
Loss = 1.1946e-01, PNorm = 114.4526, GNorm = 2.0288, lr_0 = 2.7314e-04
Validation rmse = 42.869670
Epoch 8
Loss = 1.1742e-01, PNorm = 114.4901, GNorm = 2.4294, lr_0 = 2.7201e-04
Loss = 1.2466e-01, PNorm = 114.5236, GNorm = 0.7177, lr_0 = 2.7089e-04
Loss = 1.1385e-01, PNorm = 114.5476, GNorm = 0.6263, lr_0 = 2.6977e-04
Loss = 1.0993e-01, PNorm = 114.5744, GNorm = 3.9819, lr_0 = 2.6865e-04
Loss = 1.3296e-01, PNorm = 114.6087, GNorm = 0.6758, lr_0 = 2.6755e-04
Loss = 1.2674e-01, PNorm = 114.6457, GNorm = 0.9470, lr_0 = 2.6644e-04
Loss = 1.1098e-01, PNorm = 114.6764, GNorm = 0.7253, lr_0 = 2.6534e-04
Loss = 1.1825e-01, PNorm = 114.7146, GNorm = 1.6425, lr_0 = 2.6424e-04
Loss = 1.4506e-01, PNorm = 114.7386, GNorm = 2.0959, lr_0 = 2.6315e-04
Loss = 1.2397e-01, PNorm = 114.7677, GNorm = 0.9663, lr_0 = 2.6206e-04
Loss = 1.2588e-01, PNorm = 114.7972, GNorm = 0.6535, lr_0 = 2.6098e-04
Loss = 1.2449e-01, PNorm = 114.8294, GNorm = 0.6685, lr_0 = 2.5990e-04
Loss = 1.1824e-01, PNorm = 114.8619, GNorm = 0.8953, lr_0 = 2.5883e-04
Loss = 1.1205e-01, PNorm = 114.8860, GNorm = 0.5683, lr_0 = 2.5776e-04
Loss = 1.2342e-01, PNorm = 114.9140, GNorm = 0.6946, lr_0 = 2.5670e-04
Loss = 1.0309e-01, PNorm = 114.9486, GNorm = 0.8175, lr_0 = 2.5564e-04
Loss = 1.4798e-01, PNorm = 114.9750, GNorm = 0.6111, lr_0 = 2.5458e-04
Loss = 1.3470e-01, PNorm = 115.0078, GNorm = 2.1040, lr_0 = 2.5353e-04
Loss = 1.6809e-01, PNorm = 115.0552, GNorm = 1.5874, lr_0 = 2.5248e-04
Validation rmse = 47.560909
Epoch 9
Loss = 1.4222e-01, PNorm = 115.0887, GNorm = 1.3097, lr_0 = 2.5144e-04
Loss = 1.3937e-01, PNorm = 115.1373, GNorm = 0.5014, lr_0 = 2.5040e-04
Loss = 1.2057e-01, PNorm = 115.1657, GNorm = 1.4039, lr_0 = 2.4936e-04
Loss = 1.0878e-01, PNorm = 115.1958, GNorm = 0.5827, lr_0 = 2.4833e-04
Loss = 1.1178e-01, PNorm = 115.2206, GNorm = 1.3840, lr_0 = 2.4731e-04
Loss = 9.5352e-02, PNorm = 115.2390, GNorm = 0.7641, lr_0 = 2.4629e-04
Loss = 1.3184e-01, PNorm = 115.2623, GNorm = 0.9136, lr_0 = 2.4527e-04
Loss = 1.1393e-01, PNorm = 115.2804, GNorm = 0.8234, lr_0 = 2.4426e-04
Loss = 1.1120e-01, PNorm = 115.3108, GNorm = 1.1043, lr_0 = 2.4325e-04
Loss = 1.0955e-01, PNorm = 115.3428, GNorm = 0.7622, lr_0 = 2.4224e-04
Loss = 1.1533e-01, PNorm = 115.3702, GNorm = 0.8121, lr_0 = 2.4124e-04
Loss = 1.0511e-01, PNorm = 115.3878, GNorm = 1.4630, lr_0 = 2.4025e-04
Loss = 1.1376e-01, PNorm = 115.4126, GNorm = 1.1790, lr_0 = 2.3925e-04
Loss = 9.8821e-02, PNorm = 115.4378, GNorm = 1.3414, lr_0 = 2.3826e-04
Loss = 1.2033e-01, PNorm = 115.4656, GNorm = 1.1835, lr_0 = 2.3728e-04
Loss = 1.1699e-01, PNorm = 115.4948, GNorm = 0.5051, lr_0 = 2.3630e-04
Loss = 1.1361e-01, PNorm = 115.5235, GNorm = 0.9731, lr_0 = 2.3532e-04
Loss = 1.1585e-01, PNorm = 115.5547, GNorm = 0.7377, lr_0 = 2.3435e-04
Loss = 1.1225e-01, PNorm = 115.5845, GNorm = 0.6685, lr_0 = 2.3338e-04
Validation rmse = 39.514188
Epoch 10
Loss = 1.1603e-01, PNorm = 115.6066, GNorm = 1.5156, lr_0 = 2.3242e-04
Loss = 9.4329e-02, PNorm = 115.6284, GNorm = 1.0500, lr_0 = 2.3146e-04
Loss = 1.0554e-01, PNorm = 115.6552, GNorm = 0.6641, lr_0 = 2.3050e-04
Loss = 1.0694e-01, PNorm = 115.6811, GNorm = 1.0213, lr_0 = 2.2955e-04
Loss = 9.1122e-02, PNorm = 115.7003, GNorm = 1.6382, lr_0 = 2.2860e-04
Loss = 9.1490e-02, PNorm = 115.7228, GNorm = 0.9085, lr_0 = 2.2766e-04
Loss = 1.1823e-01, PNorm = 115.7467, GNorm = 0.6668, lr_0 = 2.2672e-04
Loss = 1.1737e-01, PNorm = 115.7658, GNorm = 0.8424, lr_0 = 2.2578e-04
Loss = 1.0459e-01, PNorm = 115.7913, GNorm = 1.6422, lr_0 = 2.2485e-04
Loss = 9.1958e-02, PNorm = 115.8174, GNorm = 0.9466, lr_0 = 2.2392e-04
Loss = 1.0220e-01, PNorm = 115.8395, GNorm = 0.7632, lr_0 = 2.2300e-04
Loss = 9.8248e-02, PNorm = 115.8620, GNorm = 0.8682, lr_0 = 2.2207e-04
Loss = 9.3579e-02, PNorm = 115.8891, GNorm = 0.8309, lr_0 = 2.2116e-04
Loss = 1.1719e-01, PNorm = 115.9134, GNorm = 1.0030, lr_0 = 2.2024e-04
Loss = 1.1890e-01, PNorm = 115.9383, GNorm = 0.7247, lr_0 = 2.1933e-04
Loss = 9.3758e-02, PNorm = 115.9672, GNorm = 0.9054, lr_0 = 2.1843e-04
Loss = 1.0658e-01, PNorm = 115.9901, GNorm = 1.3357, lr_0 = 2.1752e-04
Loss = 9.4166e-02, PNorm = 116.0103, GNorm = 0.7467, lr_0 = 2.1663e-04
Loss = 1.0035e-01, PNorm = 116.0293, GNorm = 1.2365, lr_0 = 2.1573e-04
Loss = 9.2757e-02, PNorm = 116.0477, GNorm = 1.3841, lr_0 = 2.1484e-04
Validation rmse = 37.513064
Epoch 11
Loss = 1.0127e-01, PNorm = 116.0713, GNorm = 0.5693, lr_0 = 2.1395e-04
Loss = 9.4948e-02, PNorm = 116.0964, GNorm = 0.6819, lr_0 = 2.1307e-04
Loss = 1.1011e-01, PNorm = 116.1232, GNorm = 0.5378, lr_0 = 2.1219e-04
Loss = 1.0782e-01, PNorm = 116.1509, GNorm = 0.6696, lr_0 = 2.1131e-04
Loss = 9.0099e-02, PNorm = 116.1768, GNorm = 0.5317, lr_0 = 2.1044e-04
Loss = 8.5085e-02, PNorm = 116.2016, GNorm = 1.0575, lr_0 = 2.0957e-04
Loss = 8.8334e-02, PNorm = 116.2196, GNorm = 0.7077, lr_0 = 2.0870e-04
Loss = 9.5447e-02, PNorm = 116.2374, GNorm = 0.6026, lr_0 = 2.0784e-04
Loss = 9.5410e-02, PNorm = 116.2562, GNorm = 0.5604, lr_0 = 2.0698e-04
Loss = 9.5931e-02, PNorm = 116.2715, GNorm = 0.5154, lr_0 = 2.0613e-04
Loss = 9.6903e-02, PNorm = 116.2960, GNorm = 0.9436, lr_0 = 2.0528e-04
Loss = 1.0914e-01, PNorm = 116.3217, GNorm = 0.6336, lr_0 = 2.0443e-04
Loss = 1.0414e-01, PNorm = 116.3495, GNorm = 0.4669, lr_0 = 2.0358e-04
Loss = 1.1042e-01, PNorm = 116.3725, GNorm = 1.2267, lr_0 = 2.0274e-04
Loss = 1.1131e-01, PNorm = 116.3954, GNorm = 0.8382, lr_0 = 2.0191e-04
Loss = 9.8867e-02, PNorm = 116.4161, GNorm = 0.8497, lr_0 = 2.0107e-04
Loss = 8.3719e-02, PNorm = 116.4335, GNorm = 0.6124, lr_0 = 2.0024e-04
Loss = 9.4228e-02, PNorm = 116.4540, GNorm = 1.4631, lr_0 = 1.9941e-04
Loss = 8.2598e-02, PNorm = 116.4735, GNorm = 0.7850, lr_0 = 1.9859e-04
Validation rmse = 37.268015
Epoch 12
Loss = 9.9010e-02, PNorm = 116.4964, GNorm = 1.3673, lr_0 = 1.9769e-04
Loss = 9.5464e-02, PNorm = 116.5088, GNorm = 1.3288, lr_0 = 1.9687e-04
Loss = 1.0123e-01, PNorm = 116.5331, GNorm = 0.8367, lr_0 = 1.9606e-04
Loss = 8.5626e-02, PNorm = 116.5567, GNorm = 0.9408, lr_0 = 1.9525e-04
Loss = 8.8204e-02, PNorm = 116.5732, GNorm = 0.7366, lr_0 = 1.9444e-04
Loss = 8.3831e-02, PNorm = 116.5929, GNorm = 0.5997, lr_0 = 1.9364e-04
Loss = 1.0553e-01, PNorm = 116.6191, GNorm = 0.5114, lr_0 = 1.9284e-04
Loss = 8.2543e-02, PNorm = 116.6403, GNorm = 0.9228, lr_0 = 1.9204e-04
Loss = 9.4206e-02, PNorm = 116.6621, GNorm = 1.2655, lr_0 = 1.9125e-04
Loss = 8.2012e-02, PNorm = 116.6785, GNorm = 0.5564, lr_0 = 1.9046e-04
Loss = 8.8779e-02, PNorm = 116.6952, GNorm = 1.0560, lr_0 = 1.8967e-04
Loss = 1.0320e-01, PNorm = 116.7132, GNorm = 1.2161, lr_0 = 1.8889e-04
Loss = 8.8895e-02, PNorm = 116.7363, GNorm = 1.2260, lr_0 = 1.8811e-04
Loss = 8.2986e-02, PNorm = 116.7563, GNorm = 0.7914, lr_0 = 1.8733e-04
Loss = 8.0311e-02, PNorm = 116.7729, GNorm = 1.3496, lr_0 = 1.8656e-04
Loss = 1.0611e-01, PNorm = 116.7928, GNorm = 0.7034, lr_0 = 1.8579e-04
Loss = 8.0190e-02, PNorm = 116.8106, GNorm = 0.7914, lr_0 = 1.8502e-04
Loss = 7.8605e-02, PNorm = 116.8329, GNorm = 0.4151, lr_0 = 1.8425e-04
Loss = 1.0699e-01, PNorm = 116.8507, GNorm = 1.3602, lr_0 = 1.8349e-04
Validation rmse = 37.145543
Epoch 13
Loss = 8.9323e-02, PNorm = 116.8652, GNorm = 1.0590, lr_0 = 1.8274e-04
Loss = 8.7203e-02, PNorm = 116.8842, GNorm = 0.5158, lr_0 = 1.8198e-04
Loss = 7.0485e-02, PNorm = 116.9048, GNorm = 0.8267, lr_0 = 1.8123e-04
Loss = 8.6683e-02, PNorm = 116.9201, GNorm = 0.6059, lr_0 = 1.8048e-04
Loss = 8.1861e-02, PNorm = 116.9356, GNorm = 0.5788, lr_0 = 1.7973e-04
Loss = 7.3712e-02, PNorm = 116.9551, GNorm = 0.7642, lr_0 = 1.7899e-04
Loss = 8.0137e-02, PNorm = 116.9715, GNorm = 1.3566, lr_0 = 1.7825e-04
Loss = 7.3292e-02, PNorm = 116.9852, GNorm = 0.8275, lr_0 = 1.7752e-04
Loss = 7.1280e-02, PNorm = 116.9983, GNorm = 0.4432, lr_0 = 1.7678e-04
Loss = 8.7452e-02, PNorm = 117.0116, GNorm = 0.6355, lr_0 = 1.7605e-04
Loss = 8.9907e-02, PNorm = 117.0301, GNorm = 0.6370, lr_0 = 1.7533e-04
Loss = 9.4851e-02, PNorm = 117.0443, GNorm = 0.5292, lr_0 = 1.7460e-04
Loss = 9.2978e-02, PNorm = 117.0638, GNorm = 0.5610, lr_0 = 1.7388e-04
Loss = 9.3526e-02, PNorm = 117.0814, GNorm = 0.6662, lr_0 = 1.7316e-04
Loss = 9.8082e-02, PNorm = 117.1030, GNorm = 1.1421, lr_0 = 1.7245e-04
Loss = 7.2201e-02, PNorm = 117.1246, GNorm = 0.4276, lr_0 = 1.7173e-04
Loss = 9.5175e-02, PNorm = 117.1380, GNorm = 0.5064, lr_0 = 1.7102e-04
Loss = 9.3583e-02, PNorm = 117.1522, GNorm = 1.8485, lr_0 = 1.7032e-04
Loss = 9.2256e-02, PNorm = 117.1722, GNorm = 0.8454, lr_0 = 1.6961e-04
Validation rmse = 36.648951
Epoch 14
Loss = 8.0544e-02, PNorm = 117.1871, GNorm = 1.1643, lr_0 = 1.6891e-04
Loss = 7.0364e-02, PNorm = 117.2011, GNorm = 0.7132, lr_0 = 1.6822e-04
Loss = 7.8601e-02, PNorm = 117.2194, GNorm = 0.4393, lr_0 = 1.6752e-04
Loss = 8.5996e-02, PNorm = 117.2350, GNorm = 0.8160, lr_0 = 1.6683e-04
Loss = 8.8729e-02, PNorm = 117.2506, GNorm = 1.3693, lr_0 = 1.6614e-04
Loss = 7.8003e-02, PNorm = 117.2641, GNorm = 0.8526, lr_0 = 1.6545e-04
Loss = 7.5164e-02, PNorm = 117.2798, GNorm = 1.2345, lr_0 = 1.6477e-04
Loss = 7.1553e-02, PNorm = 117.2933, GNorm = 0.3904, lr_0 = 1.6409e-04
Loss = 7.4334e-02, PNorm = 117.3108, GNorm = 0.4727, lr_0 = 1.6341e-04
Loss = 8.0773e-02, PNorm = 117.3274, GNorm = 0.7821, lr_0 = 1.6274e-04
Loss = 8.2093e-02, PNorm = 117.3424, GNorm = 0.9427, lr_0 = 1.6206e-04
Loss = 8.5744e-02, PNorm = 117.3562, GNorm = 1.5048, lr_0 = 1.6139e-04
Loss = 8.1420e-02, PNorm = 117.3724, GNorm = 1.1333, lr_0 = 1.6073e-04
Loss = 1.1002e-01, PNorm = 117.3901, GNorm = 0.9456, lr_0 = 1.6006e-04
Loss = 8.9758e-02, PNorm = 117.4087, GNorm = 1.2200, lr_0 = 1.5940e-04
Loss = 7.2970e-02, PNorm = 117.4296, GNorm = 1.0847, lr_0 = 1.5874e-04
Loss = 8.3731e-02, PNorm = 117.4448, GNorm = 0.5909, lr_0 = 1.5809e-04
Loss = 7.0814e-02, PNorm = 117.4591, GNorm = 0.4298, lr_0 = 1.5744e-04
Loss = 7.9189e-02, PNorm = 117.4752, GNorm = 0.5217, lr_0 = 1.5679e-04
Validation rmse = 36.648383
Epoch 15
Loss = 1.1058e-01, PNorm = 117.4885, GNorm = 1.7216, lr_0 = 1.5614e-04
Loss = 8.6224e-02, PNorm = 117.5029, GNorm = 0.9904, lr_0 = 1.5549e-04
Loss = 9.0209e-02, PNorm = 117.5212, GNorm = 0.6077, lr_0 = 1.5485e-04
Loss = 8.6207e-02, PNorm = 117.5423, GNorm = 0.4586, lr_0 = 1.5421e-04
Loss = 8.2130e-02, PNorm = 117.5547, GNorm = 0.9201, lr_0 = 1.5357e-04
Loss = 7.1510e-02, PNorm = 117.5678, GNorm = 1.4361, lr_0 = 1.5294e-04
Loss = 7.4811e-02, PNorm = 117.5776, GNorm = 0.4155, lr_0 = 1.5231e-04
Loss = 6.8137e-02, PNorm = 117.5870, GNorm = 0.7480, lr_0 = 1.5168e-04
Loss = 6.9725e-02, PNorm = 117.6004, GNorm = 1.2087, lr_0 = 1.5105e-04
Loss = 8.5024e-02, PNorm = 117.6112, GNorm = 0.7272, lr_0 = 1.5043e-04
Loss = 8.9072e-02, PNorm = 117.6274, GNorm = 0.6509, lr_0 = 1.4981e-04
Loss = 7.3201e-02, PNorm = 117.6433, GNorm = 0.7087, lr_0 = 1.4919e-04
Loss = 7.4108e-02, PNorm = 117.6546, GNorm = 0.6302, lr_0 = 1.4857e-04
Loss = 7.5645e-02, PNorm = 117.6706, GNorm = 0.5812, lr_0 = 1.4796e-04
Loss = 8.7252e-02, PNorm = 117.6867, GNorm = 1.2487, lr_0 = 1.4735e-04
Loss = 9.1142e-02, PNorm = 117.6987, GNorm = 0.6647, lr_0 = 1.4674e-04
Loss = 7.6347e-02, PNorm = 117.7137, GNorm = 0.4218, lr_0 = 1.4613e-04
Loss = 6.5569e-02, PNorm = 117.7282, GNorm = 0.8784, lr_0 = 1.4553e-04
Loss = 8.5091e-02, PNorm = 117.7401, GNorm = 1.1195, lr_0 = 1.4493e-04
Loss = 7.0966e-02, PNorm = 117.7557, GNorm = 0.4133, lr_0 = 1.4433e-04
Validation rmse = 36.057929
Epoch 16
Loss = 6.2294e-02, PNorm = 117.7680, GNorm = 0.7764, lr_0 = 1.4373e-04
Loss = 6.3542e-02, PNorm = 117.7793, GNorm = 0.5195, lr_0 = 1.4314e-04
Loss = 7.0475e-02, PNorm = 117.7918, GNorm = 0.4684, lr_0 = 1.4255e-04
Loss = 7.5201e-02, PNorm = 117.8039, GNorm = 0.9212, lr_0 = 1.4196e-04
Loss = 9.1105e-02, PNorm = 117.8167, GNorm = 1.1613, lr_0 = 1.4137e-04
Loss = 8.3739e-02, PNorm = 117.8344, GNorm = 0.9282, lr_0 = 1.4079e-04
Loss = 7.8643e-02, PNorm = 117.8492, GNorm = 0.9938, lr_0 = 1.4021e-04
Loss = 7.5212e-02, PNorm = 117.8647, GNorm = 0.5908, lr_0 = 1.3963e-04
Loss = 6.6551e-02, PNorm = 117.8779, GNorm = 0.4403, lr_0 = 1.3905e-04
Loss = 7.2202e-02, PNorm = 117.8923, GNorm = 1.2481, lr_0 = 1.3848e-04
Loss = 8.0720e-02, PNorm = 117.9037, GNorm = 0.8725, lr_0 = 1.3790e-04
Loss = 6.2818e-02, PNorm = 117.9153, GNorm = 0.5665, lr_0 = 1.3733e-04
Loss = 6.8187e-02, PNorm = 117.9263, GNorm = 0.5736, lr_0 = 1.3677e-04
Loss = 8.0047e-02, PNorm = 117.9358, GNorm = 1.3675, lr_0 = 1.3620e-04
Loss = 7.2914e-02, PNorm = 117.9459, GNorm = 0.5585, lr_0 = 1.3564e-04
Loss = 7.8289e-02, PNorm = 117.9597, GNorm = 0.9680, lr_0 = 1.3508e-04
Loss = 7.6070e-02, PNorm = 117.9684, GNorm = 0.9678, lr_0 = 1.3452e-04
Loss = 6.7481e-02, PNorm = 117.9785, GNorm = 1.2829, lr_0 = 1.3396e-04
Loss = 6.9037e-02, PNorm = 117.9910, GNorm = 0.3972, lr_0 = 1.3341e-04
Validation rmse = 34.790187
Epoch 17
Loss = 7.0722e-02, PNorm = 118.0018, GNorm = 0.4413, lr_0 = 1.3286e-04
Loss = 5.9638e-02, PNorm = 118.0107, GNorm = 0.3897, lr_0 = 1.3231e-04
Loss = 7.9260e-02, PNorm = 118.0226, GNorm = 0.6775, lr_0 = 1.3176e-04
Loss = 5.8702e-02, PNorm = 118.0331, GNorm = 0.6341, lr_0 = 1.3122e-04
Loss = 5.9990e-02, PNorm = 118.0425, GNorm = 0.3546, lr_0 = 1.3068e-04
Loss = 7.7881e-02, PNorm = 118.0568, GNorm = 0.4717, lr_0 = 1.3014e-04
Loss = 7.4887e-02, PNorm = 118.0713, GNorm = 1.1945, lr_0 = 1.2960e-04
Loss = 6.9057e-02, PNorm = 118.0807, GNorm = 0.3758, lr_0 = 1.2907e-04
Loss = 6.7973e-02, PNorm = 118.0887, GNorm = 0.5387, lr_0 = 1.2853e-04
Loss = 6.6239e-02, PNorm = 118.0984, GNorm = 0.9546, lr_0 = 1.2800e-04
Loss = 7.5320e-02, PNorm = 118.1108, GNorm = 1.0025, lr_0 = 1.2747e-04
Loss = 6.4663e-02, PNorm = 118.1233, GNorm = 0.5003, lr_0 = 1.2695e-04
Loss = 7.1151e-02, PNorm = 118.1348, GNorm = 0.9968, lr_0 = 1.2642e-04
Loss = 7.0812e-02, PNorm = 118.1477, GNorm = 0.4525, lr_0 = 1.2590e-04
Loss = 7.9579e-02, PNorm = 118.1625, GNorm = 1.1743, lr_0 = 1.2538e-04
Loss = 8.1573e-02, PNorm = 118.1772, GNorm = 0.6107, lr_0 = 1.2486e-04
Loss = 7.3401e-02, PNorm = 118.1917, GNorm = 0.7145, lr_0 = 1.2435e-04
Loss = 6.0775e-02, PNorm = 118.2016, GNorm = 0.7974, lr_0 = 1.2383e-04
Loss = 7.0224e-02, PNorm = 118.2111, GNorm = 0.5962, lr_0 = 1.2332e-04
Validation rmse = 34.212810
Epoch 18
Loss = 5.6026e-02, PNorm = 118.2221, GNorm = 0.4756, lr_0 = 1.2281e-04
Loss = 6.8466e-02, PNorm = 118.2319, GNorm = 0.7085, lr_0 = 1.2230e-04
Loss = 6.0721e-02, PNorm = 118.2393, GNorm = 0.9255, lr_0 = 1.2180e-04
Loss = 7.8265e-02, PNorm = 118.2517, GNorm = 1.2270, lr_0 = 1.2130e-04
Loss = 7.1202e-02, PNorm = 118.2646, GNorm = 0.6977, lr_0 = 1.2079e-04
Loss = 6.7386e-02, PNorm = 118.2755, GNorm = 0.9405, lr_0 = 1.2030e-04
Loss = 6.1376e-02, PNorm = 118.2854, GNorm = 0.5725, lr_0 = 1.1980e-04
Loss = 6.7658e-02, PNorm = 118.2954, GNorm = 0.8346, lr_0 = 1.1930e-04
Loss = 7.1178e-02, PNorm = 118.3075, GNorm = 0.4259, lr_0 = 1.1881e-04
Loss = 7.2104e-02, PNorm = 118.3173, GNorm = 0.6580, lr_0 = 1.1832e-04
Loss = 6.2269e-02, PNorm = 118.3299, GNorm = 0.4702, lr_0 = 1.1783e-04
Loss = 6.9216e-02, PNorm = 118.3416, GNorm = 0.8675, lr_0 = 1.1734e-04
Loss = 7.1962e-02, PNorm = 118.3509, GNorm = 0.7574, lr_0 = 1.1686e-04
Loss = 7.4229e-02, PNorm = 118.3640, GNorm = 0.4075, lr_0 = 1.1638e-04
Loss = 6.4905e-02, PNorm = 118.3724, GNorm = 0.6251, lr_0 = 1.1590e-04
Loss = 6.6272e-02, PNorm = 118.3824, GNorm = 0.7722, lr_0 = 1.1542e-04
Loss = 6.5176e-02, PNorm = 118.3923, GNorm = 1.4433, lr_0 = 1.1494e-04
Loss = 6.2962e-02, PNorm = 118.3997, GNorm = 1.0292, lr_0 = 1.1447e-04
Loss = 7.7370e-02, PNorm = 118.4079, GNorm = 0.6567, lr_0 = 1.1399e-04
Validation rmse = 33.839040
Epoch 19
Loss = 5.1326e-02, PNorm = 118.4146, GNorm = 0.3901, lr_0 = 1.1352e-04
Loss = 7.0322e-02, PNorm = 118.4270, GNorm = 0.4317, lr_0 = 1.1305e-04
Loss = 7.1695e-02, PNorm = 118.4385, GNorm = 0.8800, lr_0 = 1.1259e-04
Loss = 6.6699e-02, PNorm = 118.4520, GNorm = 0.4159, lr_0 = 1.1212e-04
Loss = 6.3636e-02, PNorm = 118.4601, GNorm = 0.7004, lr_0 = 1.1166e-04
Loss = 6.4116e-02, PNorm = 118.4714, GNorm = 0.4131, lr_0 = 1.1120e-04
Loss = 6.4434e-02, PNorm = 118.4808, GNorm = 0.4964, lr_0 = 1.1074e-04
Loss = 6.2966e-02, PNorm = 118.4888, GNorm = 0.4734, lr_0 = 1.1028e-04
Loss = 6.4422e-02, PNorm = 118.4984, GNorm = 0.5131, lr_0 = 1.0982e-04
Loss = 5.2520e-02, PNorm = 118.5060, GNorm = 0.3464, lr_0 = 1.0937e-04
Loss = 6.2656e-02, PNorm = 118.5128, GNorm = 0.3407, lr_0 = 1.0892e-04
Loss = 6.8480e-02, PNorm = 118.5237, GNorm = 0.6298, lr_0 = 1.0847e-04
Loss = 7.1521e-02, PNorm = 118.5349, GNorm = 0.6804, lr_0 = 1.0802e-04
Loss = 8.0036e-02, PNorm = 118.5474, GNorm = 4.3620, lr_0 = 1.0757e-04
Loss = 7.5641e-02, PNorm = 118.5576, GNorm = 0.5607, lr_0 = 1.0713e-04
Loss = 6.7424e-02, PNorm = 118.5649, GNorm = 0.9163, lr_0 = 1.0669e-04
Loss = 6.6368e-02, PNorm = 118.5727, GNorm = 0.4925, lr_0 = 1.0625e-04
Loss = 5.9679e-02, PNorm = 118.5829, GNorm = 0.8936, lr_0 = 1.0581e-04
Loss = 6.4949e-02, PNorm = 118.5916, GNorm = 0.4962, lr_0 = 1.0537e-04
Validation rmse = 34.765412
Epoch 20
Loss = 6.0044e-02, PNorm = 118.6015, GNorm = 0.4985, lr_0 = 1.0494e-04
Loss = 5.5978e-02, PNorm = 118.6089, GNorm = 0.5155, lr_0 = 1.0450e-04
Loss = 7.0630e-02, PNorm = 118.6173, GNorm = 1.5306, lr_0 = 1.0407e-04
Loss = 6.4159e-02, PNorm = 118.6255, GNorm = 1.2517, lr_0 = 1.0364e-04
Loss = 6.5255e-02, PNorm = 118.6324, GNorm = 0.6311, lr_0 = 1.0321e-04
Loss = 6.9191e-02, PNorm = 118.6384, GNorm = 0.4548, lr_0 = 1.0279e-04
Loss = 5.3160e-02, PNorm = 118.6465, GNorm = 0.4624, lr_0 = 1.0236e-04
Loss = 6.3219e-02, PNorm = 118.6549, GNorm = 0.8210, lr_0 = 1.0194e-04
Loss = 5.8383e-02, PNorm = 118.6627, GNorm = 0.5735, lr_0 = 1.0152e-04
Loss = 5.9845e-02, PNorm = 118.6711, GNorm = 0.5811, lr_0 = 1.0110e-04
Loss = 6.4878e-02, PNorm = 118.6798, GNorm = 0.6787, lr_0 = 1.0068e-04
Loss = 7.5473e-02, PNorm = 118.6890, GNorm = 0.6406, lr_0 = 1.0026e-04
Loss = 5.2365e-02, PNorm = 118.6993, GNorm = 0.5373, lr_0 = 9.9850e-05
Loss = 6.3153e-02, PNorm = 118.7098, GNorm = 0.5333, lr_0 = 9.9438e-05
Loss = 6.0413e-02, PNorm = 118.7169, GNorm = 0.9437, lr_0 = 9.9027e-05
Loss = 6.0074e-02, PNorm = 118.7274, GNorm = 1.0906, lr_0 = 9.8618e-05
Loss = 6.3448e-02, PNorm = 118.7328, GNorm = 0.3531, lr_0 = 9.8211e-05
Loss = 5.9647e-02, PNorm = 118.7416, GNorm = 0.5693, lr_0 = 9.7805e-05
Loss = 5.3969e-02, PNorm = 118.7487, GNorm = 0.4983, lr_0 = 9.7401e-05
Loss = 7.7763e-02, PNorm = 118.7577, GNorm = 0.8179, lr_0 = 9.6998e-05
Validation rmse = 34.701021
Epoch 21
Loss = 5.8987e-02, PNorm = 118.7648, GNorm = 0.4880, lr_0 = 9.6598e-05
Loss = 5.8216e-02, PNorm = 118.7720, GNorm = 0.9010, lr_0 = 9.6199e-05
Loss = 5.1716e-02, PNorm = 118.7790, GNorm = 0.5743, lr_0 = 9.5801e-05
Loss = 5.3255e-02, PNorm = 118.7860, GNorm = 0.6607, lr_0 = 9.5406e-05
Loss = 5.8402e-02, PNorm = 118.7936, GNorm = 0.5709, lr_0 = 9.5011e-05
Loss = 6.4841e-02, PNorm = 118.8014, GNorm = 0.4902, lr_0 = 9.4619e-05
Loss = 6.0631e-02, PNorm = 118.8089, GNorm = 1.1361, lr_0 = 9.4228e-05
Loss = 6.3114e-02, PNorm = 118.8164, GNorm = 0.4962, lr_0 = 9.3839e-05
Loss = 6.2762e-02, PNorm = 118.8243, GNorm = 0.7281, lr_0 = 9.3451e-05
Loss = 6.3950e-02, PNorm = 118.8324, GNorm = 1.0313, lr_0 = 9.3065e-05
Loss = 6.2899e-02, PNorm = 118.8384, GNorm = 0.4265, lr_0 = 9.2681e-05
Loss = 6.1297e-02, PNorm = 118.8435, GNorm = 0.7654, lr_0 = 9.2298e-05
Loss = 6.8712e-02, PNorm = 118.8494, GNorm = 0.7614, lr_0 = 9.1917e-05
Loss = 6.8949e-02, PNorm = 118.8606, GNorm = 1.0469, lr_0 = 9.1537e-05
Loss = 5.6449e-02, PNorm = 118.8696, GNorm = 0.7536, lr_0 = 9.1159e-05
Loss = 6.9960e-02, PNorm = 118.8798, GNorm = 0.6971, lr_0 = 9.0782e-05
Loss = 6.2001e-02, PNorm = 118.8865, GNorm = 1.1454, lr_0 = 9.0407e-05
Loss = 6.3317e-02, PNorm = 118.8960, GNorm = 0.6034, lr_0 = 9.0034e-05
Loss = 5.8256e-02, PNorm = 118.9026, GNorm = 0.7264, lr_0 = 8.9662e-05
Validation rmse = 34.577400
Epoch 22
Loss = 6.0722e-02, PNorm = 118.9117, GNorm = 0.4411, lr_0 = 8.9291e-05
Loss = 5.7287e-02, PNorm = 118.9203, GNorm = 0.6215, lr_0 = 8.8923e-05
Loss = 6.5408e-02, PNorm = 118.9298, GNorm = 0.7821, lr_0 = 8.8555e-05
Loss = 6.2219e-02, PNorm = 118.9402, GNorm = 0.7427, lr_0 = 8.8189e-05
Loss = 5.8783e-02, PNorm = 118.9486, GNorm = 0.4547, lr_0 = 8.7825e-05
Loss = 5.4664e-02, PNorm = 118.9513, GNorm = 0.5957, lr_0 = 8.7462e-05
Loss = 5.5990e-02, PNorm = 118.9583, GNorm = 0.5857, lr_0 = 8.7101e-05
Loss = 5.3295e-02, PNorm = 118.9650, GNorm = 0.6427, lr_0 = 8.6741e-05
Loss = 5.0905e-02, PNorm = 118.9672, GNorm = 0.3393, lr_0 = 8.6383e-05
Loss = 6.1977e-02, PNorm = 118.9704, GNorm = 0.7552, lr_0 = 8.6026e-05
Loss = 5.5336e-02, PNorm = 118.9768, GNorm = 0.5667, lr_0 = 8.5671e-05
Loss = 6.7359e-02, PNorm = 118.9825, GNorm = 0.7421, lr_0 = 8.5317e-05
Loss = 5.0752e-02, PNorm = 118.9902, GNorm = 0.5245, lr_0 = 8.4964e-05
Loss = 5.6097e-02, PNorm = 118.9982, GNorm = 0.5299, lr_0 = 8.4613e-05
Loss = 5.7428e-02, PNorm = 119.0059, GNorm = 1.2262, lr_0 = 8.4264e-05
Loss = 6.7932e-02, PNorm = 119.0127, GNorm = 0.5782, lr_0 = 8.3916e-05
Loss = 6.5499e-02, PNorm = 119.0228, GNorm = 1.4808, lr_0 = 8.3569e-05
Loss = 6.6573e-02, PNorm = 119.0294, GNorm = 0.4821, lr_0 = 8.3224e-05
Loss = 6.1532e-02, PNorm = 119.0351, GNorm = 0.4795, lr_0 = 8.2880e-05
Validation rmse = 33.134131
Epoch 23
Loss = 5.2022e-02, PNorm = 119.0415, GNorm = 0.6200, lr_0 = 8.2538e-05
Loss = 6.4586e-02, PNorm = 119.0482, GNorm = 0.7810, lr_0 = 8.2197e-05
Loss = 5.3322e-02, PNorm = 119.0535, GNorm = 0.5627, lr_0 = 8.1857e-05
Loss = 5.7309e-02, PNorm = 119.0593, GNorm = 0.6200, lr_0 = 8.1519e-05
Loss = 5.0804e-02, PNorm = 119.0668, GNorm = 0.6303, lr_0 = 8.1182e-05
Loss = 6.7396e-02, PNorm = 119.0728, GNorm = 0.5523, lr_0 = 8.0847e-05
Loss = 6.4932e-02, PNorm = 119.0813, GNorm = 0.3984, lr_0 = 8.0513e-05
Loss = 6.6193e-02, PNorm = 119.0896, GNorm = 0.8100, lr_0 = 8.0180e-05
Loss = 5.8708e-02, PNorm = 119.0954, GNorm = 0.4835, lr_0 = 7.9849e-05
Loss = 5.4565e-02, PNorm = 119.1048, GNorm = 0.6183, lr_0 = 7.9519e-05
Loss = 4.8742e-02, PNorm = 119.1101, GNorm = 0.5901, lr_0 = 7.9191e-05
Loss = 6.0105e-02, PNorm = 119.1162, GNorm = 0.8184, lr_0 = 7.8864e-05
Loss = 5.6266e-02, PNorm = 119.1220, GNorm = 0.4730, lr_0 = 7.8538e-05
Loss = 5.1057e-02, PNorm = 119.1304, GNorm = 1.2462, lr_0 = 7.8213e-05
Loss = 5.9116e-02, PNorm = 119.1380, GNorm = 0.8681, lr_0 = 7.7890e-05
Loss = 5.7064e-02, PNorm = 119.1448, GNorm = 0.6814, lr_0 = 7.7569e-05
Loss = 5.9895e-02, PNorm = 119.1481, GNorm = 1.1481, lr_0 = 7.7248e-05
Loss = 6.2558e-02, PNorm = 119.1525, GNorm = 0.4659, lr_0 = 7.6929e-05
Loss = 5.8183e-02, PNorm = 119.1602, GNorm = 0.6959, lr_0 = 7.6611e-05
Validation rmse = 33.849238
Epoch 24
Loss = 6.1023e-02, PNorm = 119.1656, GNorm = 0.9157, lr_0 = 7.6263e-05
Loss = 6.9986e-02, PNorm = 119.1718, GNorm = 0.5348, lr_0 = 7.5948e-05
Loss = 5.5848e-02, PNorm = 119.1816, GNorm = 1.2031, lr_0 = 7.5634e-05
Loss = 7.1378e-02, PNorm = 119.1917, GNorm = 0.4947, lr_0 = 7.5322e-05
Loss = 5.3424e-02, PNorm = 119.2001, GNorm = 0.5673, lr_0 = 7.5011e-05
Loss = 5.4180e-02, PNorm = 119.2056, GNorm = 0.4311, lr_0 = 7.4701e-05
Loss = 5.6449e-02, PNorm = 119.2108, GNorm = 0.6116, lr_0 = 7.4392e-05
Loss = 6.1562e-02, PNorm = 119.2171, GNorm = 1.4577, lr_0 = 7.4085e-05
Loss = 6.2755e-02, PNorm = 119.2235, GNorm = 0.7797, lr_0 = 7.3779e-05
Loss = 4.9280e-02, PNorm = 119.2307, GNorm = 0.5343, lr_0 = 7.3474e-05
Loss = 5.1141e-02, PNorm = 119.2358, GNorm = 0.7047, lr_0 = 7.3171e-05
Loss = 4.6345e-02, PNorm = 119.2422, GNorm = 0.5807, lr_0 = 7.2868e-05
Loss = 4.3908e-02, PNorm = 119.2436, GNorm = 0.3872, lr_0 = 7.2567e-05
Loss = 6.3473e-02, PNorm = 119.2487, GNorm = 0.5450, lr_0 = 7.2268e-05
Loss = 5.4686e-02, PNorm = 119.2559, GNorm = 0.5100, lr_0 = 7.1969e-05
Loss = 5.3861e-02, PNorm = 119.2620, GNorm = 0.6222, lr_0 = 7.1672e-05
Loss = 6.0602e-02, PNorm = 119.2679, GNorm = 0.6257, lr_0 = 7.1376e-05
Loss = 5.5798e-02, PNorm = 119.2720, GNorm = 0.5806, lr_0 = 7.1081e-05
Loss = 5.9479e-02, PNorm = 119.2800, GNorm = 0.4836, lr_0 = 7.0787e-05
Validation rmse = 32.443934
Epoch 25
Loss = 6.1120e-02, PNorm = 119.2853, GNorm = 0.7082, lr_0 = 7.0495e-05
Loss = 5.2179e-02, PNorm = 119.2899, GNorm = 0.4507, lr_0 = 7.0204e-05
Loss = 5.3947e-02, PNorm = 119.2980, GNorm = 0.9083, lr_0 = 6.9914e-05
Loss = 5.1836e-02, PNorm = 119.3027, GNorm = 0.5789, lr_0 = 6.9625e-05
Loss = 5.2123e-02, PNorm = 119.3070, GNorm = 0.8241, lr_0 = 6.9337e-05
Loss = 5.6300e-02, PNorm = 119.3114, GNorm = 0.7215, lr_0 = 6.9051e-05
Loss = 6.3327e-02, PNorm = 119.3190, GNorm = 0.6665, lr_0 = 6.8766e-05
Loss = 5.5609e-02, PNorm = 119.3240, GNorm = 0.6638, lr_0 = 6.8481e-05
Loss = 5.6943e-02, PNorm = 119.3295, GNorm = 0.4445, lr_0 = 6.8199e-05
Loss = 5.8607e-02, PNorm = 119.3354, GNorm = 0.8337, lr_0 = 6.7917e-05
Loss = 5.5276e-02, PNorm = 119.3405, GNorm = 0.7254, lr_0 = 6.7636e-05
Loss = 4.7790e-02, PNorm = 119.3452, GNorm = 0.4158, lr_0 = 6.7357e-05
Loss = 5.0599e-02, PNorm = 119.3495, GNorm = 0.4756, lr_0 = 6.7079e-05
Loss = 5.2426e-02, PNorm = 119.3562, GNorm = 0.5237, lr_0 = 6.6802e-05
Loss = 5.1624e-02, PNorm = 119.3611, GNorm = 1.0578, lr_0 = 6.6526e-05
Loss = 5.9811e-02, PNorm = 119.3684, GNorm = 1.5141, lr_0 = 6.6251e-05
Loss = 5.4024e-02, PNorm = 119.3742, GNorm = 0.2664, lr_0 = 6.5977e-05
Loss = 6.1265e-02, PNorm = 119.3788, GNorm = 0.4123, lr_0 = 6.5705e-05
Loss = 5.5111e-02, PNorm = 119.3837, GNorm = 0.9709, lr_0 = 6.5433e-05
Validation rmse = 32.185121
Epoch 26
Loss = 4.0891e-02, PNorm = 119.3883, GNorm = 0.3617, lr_0 = 6.5163e-05
Loss = 5.7112e-02, PNorm = 119.3944, GNorm = 0.5588, lr_0 = 6.4894e-05
Loss = 6.2964e-02, PNorm = 119.4015, GNorm = 0.4840, lr_0 = 6.4626e-05
Loss = 5.3329e-02, PNorm = 119.4072, GNorm = 0.8400, lr_0 = 6.4359e-05
Loss = 5.7587e-02, PNorm = 119.4101, GNorm = 1.1909, lr_0 = 6.4093e-05
Loss = 5.4265e-02, PNorm = 119.4153, GNorm = 0.4551, lr_0 = 6.3828e-05
Loss = 5.1117e-02, PNorm = 119.4200, GNorm = 0.6165, lr_0 = 6.3564e-05
Loss = 5.0941e-02, PNorm = 119.4238, GNorm = 0.9650, lr_0 = 6.3302e-05
Loss = 5.1172e-02, PNorm = 119.4264, GNorm = 0.3586, lr_0 = 6.3040e-05
Loss = 5.5364e-02, PNorm = 119.4297, GNorm = 0.8446, lr_0 = 6.2780e-05
Loss = 5.3794e-02, PNorm = 119.4346, GNorm = 0.6732, lr_0 = 6.2520e-05
Loss = 5.3990e-02, PNorm = 119.4410, GNorm = 0.3112, lr_0 = 6.2262e-05
Loss = 6.1013e-02, PNorm = 119.4463, GNorm = 0.6972, lr_0 = 6.2005e-05
Loss = 5.9583e-02, PNorm = 119.4500, GNorm = 0.6211, lr_0 = 6.1749e-05
Loss = 4.9761e-02, PNorm = 119.4520, GNorm = 0.9854, lr_0 = 6.1494e-05
Loss = 5.0863e-02, PNorm = 119.4540, GNorm = 0.5999, lr_0 = 6.1240e-05
Loss = 4.4664e-02, PNorm = 119.4589, GNorm = 0.5284, lr_0 = 6.0987e-05
Loss = 5.2234e-02, PNorm = 119.4633, GNorm = 0.8706, lr_0 = 6.0735e-05
Loss = 5.1083e-02, PNorm = 119.4682, GNorm = 0.3781, lr_0 = 6.0484e-05
Loss = 5.4122e-02, PNorm = 119.4736, GNorm = 0.7511, lr_0 = 6.0234e-05
Validation rmse = 31.946686
Epoch 27
Loss = 4.7469e-02, PNorm = 119.4781, GNorm = 0.4808, lr_0 = 5.9985e-05
Loss = 5.4919e-02, PNorm = 119.4819, GNorm = 0.6056, lr_0 = 5.9737e-05
Loss = 5.4972e-02, PNorm = 119.4869, GNorm = 0.7405, lr_0 = 5.9491e-05
Loss = 5.0471e-02, PNorm = 119.4909, GNorm = 0.3473, lr_0 = 5.9245e-05
Loss = 5.3355e-02, PNorm = 119.4955, GNorm = 0.5581, lr_0 = 5.9000e-05
Loss = 5.8768e-02, PNorm = 119.5024, GNorm = 0.5227, lr_0 = 5.8756e-05
Loss = 5.1250e-02, PNorm = 119.5080, GNorm = 0.4834, lr_0 = 5.8514e-05
Loss = 4.9622e-02, PNorm = 119.5120, GNorm = 0.6135, lr_0 = 5.8272e-05
Loss = 5.6025e-02, PNorm = 119.5155, GNorm = 0.6289, lr_0 = 5.8031e-05
Loss = 5.6822e-02, PNorm = 119.5200, GNorm = 0.9505, lr_0 = 5.7792e-05
Loss = 4.7406e-02, PNorm = 119.5240, GNorm = 0.5720, lr_0 = 5.7553e-05
Loss = 4.7888e-02, PNorm = 119.5289, GNorm = 0.4470, lr_0 = 5.7315e-05
Loss = 5.0421e-02, PNorm = 119.5328, GNorm = 0.6498, lr_0 = 5.7078e-05
Loss = 6.0855e-02, PNorm = 119.5390, GNorm = 0.7211, lr_0 = 5.6843e-05
Loss = 4.8702e-02, PNorm = 119.5434, GNorm = 0.3280, lr_0 = 5.6608e-05
Loss = 4.3628e-02, PNorm = 119.5480, GNorm = 0.4228, lr_0 = 5.6374e-05
Loss = 4.4830e-02, PNorm = 119.5518, GNorm = 0.4410, lr_0 = 5.6141e-05
Loss = 5.2615e-02, PNorm = 119.5557, GNorm = 0.4735, lr_0 = 5.5909e-05
Loss = 5.8657e-02, PNorm = 119.5588, GNorm = 0.8710, lr_0 = 5.5678e-05
Validation rmse = 32.163872
Epoch 28
Loss = 4.2276e-02, PNorm = 119.5615, GNorm = 0.5081, lr_0 = 5.5448e-05
Loss = 5.5054e-02, PNorm = 119.5657, GNorm = 0.3508, lr_0 = 5.5219e-05
Loss = 4.8382e-02, PNorm = 119.5691, GNorm = 0.5069, lr_0 = 5.4991e-05
Loss = 6.0524e-02, PNorm = 119.5765, GNorm = 0.5128, lr_0 = 5.4764e-05
Loss = 4.9687e-02, PNorm = 119.5801, GNorm = 1.1513, lr_0 = 5.4538e-05
Loss = 4.3100e-02, PNorm = 119.5821, GNorm = 0.3208, lr_0 = 5.4312e-05
Loss = 5.4422e-02, PNorm = 119.5839, GNorm = 0.4548, lr_0 = 5.4088e-05
Loss = 4.6758e-02, PNorm = 119.5891, GNorm = 0.3964, lr_0 = 5.3865e-05
Loss = 4.9364e-02, PNorm = 119.5931, GNorm = 0.5441, lr_0 = 5.3642e-05
Loss = 4.4235e-02, PNorm = 119.5992, GNorm = 0.3918, lr_0 = 5.3420e-05
Loss = 5.3205e-02, PNorm = 119.6039, GNorm = 0.5369, lr_0 = 5.3200e-05
Loss = 4.8556e-02, PNorm = 119.6071, GNorm = 0.5651, lr_0 = 5.2980e-05
Loss = 4.8959e-02, PNorm = 119.6110, GNorm = 0.7153, lr_0 = 5.2761e-05
Loss = 5.7756e-02, PNorm = 119.6136, GNorm = 0.4500, lr_0 = 5.2543e-05
Loss = 5.6660e-02, PNorm = 119.6180, GNorm = 0.5040, lr_0 = 5.2326e-05
Loss = 5.6158e-02, PNorm = 119.6241, GNorm = 0.3597, lr_0 = 5.2110e-05
Loss = 5.0778e-02, PNorm = 119.6290, GNorm = 0.8339, lr_0 = 5.1895e-05
Loss = 5.9764e-02, PNorm = 119.6349, GNorm = 0.7415, lr_0 = 5.1680e-05
Loss = 5.1175e-02, PNorm = 119.6394, GNorm = 0.8585, lr_0 = 5.1467e-05
Validation rmse = 32.373059
Epoch 29
Loss = 4.8396e-02, PNorm = 119.6440, GNorm = 0.5754, lr_0 = 5.1254e-05
Loss = 4.4667e-02, PNorm = 119.6457, GNorm = 0.3627, lr_0 = 5.1042e-05
Loss = 5.6331e-02, PNorm = 119.6492, GNorm = 0.3866, lr_0 = 5.0832e-05
Loss = 4.8111e-02, PNorm = 119.6528, GNorm = 0.4961, lr_0 = 5.0622e-05
Loss = 4.6775e-02, PNorm = 119.6561, GNorm = 0.7155, lr_0 = 5.0413e-05
Loss = 4.9040e-02, PNorm = 119.6605, GNorm = 0.4950, lr_0 = 5.0204e-05
Loss = 5.0429e-02, PNorm = 119.6642, GNorm = 0.4943, lr_0 = 4.9997e-05
Loss = 5.6434e-02, PNorm = 119.6666, GNorm = 0.6314, lr_0 = 4.9790e-05
Loss = 5.2913e-02, PNorm = 119.6690, GNorm = 0.6488, lr_0 = 4.9585e-05
Loss = 4.5924e-02, PNorm = 119.6724, GNorm = 0.3051, lr_0 = 4.9380e-05
Loss = 4.9463e-02, PNorm = 119.6766, GNorm = 0.5513, lr_0 = 4.9176e-05
Loss = 4.5727e-02, PNorm = 119.6813, GNorm = 0.8534, lr_0 = 4.8973e-05
Loss = 5.2705e-02, PNorm = 119.6853, GNorm = 0.4763, lr_0 = 4.8770e-05
Loss = 4.0886e-02, PNorm = 119.6865, GNorm = 0.3485, lr_0 = 4.8569e-05
Loss = 5.0380e-02, PNorm = 119.6908, GNorm = 0.4915, lr_0 = 4.8368e-05
Loss = 5.4604e-02, PNorm = 119.6961, GNorm = 0.7026, lr_0 = 4.8168e-05
Loss = 5.4313e-02, PNorm = 119.7006, GNorm = 0.4620, lr_0 = 4.7970e-05
Loss = 5.0832e-02, PNorm = 119.7039, GNorm = 0.4535, lr_0 = 4.7771e-05
Loss = 4.7022e-02, PNorm = 119.7070, GNorm = 0.8692, lr_0 = 4.7574e-05
Validation rmse = 32.841253
Epoch 30
Loss = 4.6723e-02, PNorm = 119.7116, GNorm = 0.6751, lr_0 = 4.7377e-05
Loss = 5.7268e-02, PNorm = 119.7153, GNorm = 0.9429, lr_0 = 4.7182e-05
Loss = 4.4012e-02, PNorm = 119.7176, GNorm = 0.3614, lr_0 = 4.6987e-05
Loss = 5.2506e-02, PNorm = 119.7212, GNorm = 0.6182, lr_0 = 4.6793e-05
Loss = 4.1608e-02, PNorm = 119.7237, GNorm = 0.6274, lr_0 = 4.6599e-05
Loss = 4.6835e-02, PNorm = 119.7273, GNorm = 0.3340, lr_0 = 4.6407e-05
Loss = 5.4246e-02, PNorm = 119.7311, GNorm = 1.2579, lr_0 = 4.6215e-05
Loss = 5.8076e-02, PNorm = 119.7348, GNorm = 0.6495, lr_0 = 4.6024e-05
Loss = 5.6990e-02, PNorm = 119.7371, GNorm = 0.7144, lr_0 = 4.5834e-05
Loss = 5.3373e-02, PNorm = 119.7396, GNorm = 0.3294, lr_0 = 4.5645e-05
Loss = 4.3494e-02, PNorm = 119.7439, GNorm = 0.8350, lr_0 = 4.5456e-05
Loss = 5.6382e-02, PNorm = 119.7489, GNorm = 0.3991, lr_0 = 4.5269e-05
Loss = 5.3220e-02, PNorm = 119.7523, GNorm = 1.2846, lr_0 = 4.5082e-05
Loss = 5.2561e-02, PNorm = 119.7549, GNorm = 0.6560, lr_0 = 4.4895e-05
Loss = 5.1748e-02, PNorm = 119.7603, GNorm = 0.5739, lr_0 = 4.4710e-05
Loss = 4.4542e-02, PNorm = 119.7649, GNorm = 0.8660, lr_0 = 4.4525e-05
Loss = 4.0150e-02, PNorm = 119.7682, GNorm = 0.4944, lr_0 = 4.4341e-05
Loss = 4.7365e-02, PNorm = 119.7719, GNorm = 0.3674, lr_0 = 4.4158e-05
Loss = 5.5622e-02, PNorm = 119.7754, GNorm = 0.6023, lr_0 = 4.3976e-05
Validation rmse = 31.712906
Epoch 31
Loss = 4.4693e-02, PNorm = 119.7771, GNorm = 0.3862, lr_0 = 4.3794e-05
Loss = 4.6791e-02, PNorm = 119.7801, GNorm = 0.3889, lr_0 = 4.3613e-05
Loss = 4.9786e-02, PNorm = 119.7838, GNorm = 0.4272, lr_0 = 4.3433e-05
Loss = 4.2647e-02, PNorm = 119.7871, GNorm = 0.6354, lr_0 = 4.3253e-05
Loss = 5.0724e-02, PNorm = 119.7897, GNorm = 0.5665, lr_0 = 4.3075e-05
Loss = 4.7396e-02, PNorm = 119.7941, GNorm = 0.7126, lr_0 = 4.2897e-05
Loss = 4.9037e-02, PNorm = 119.7985, GNorm = 0.6153, lr_0 = 4.2720e-05
Loss = 5.1899e-02, PNorm = 119.8028, GNorm = 0.5954, lr_0 = 4.2543e-05
Loss = 5.1265e-02, PNorm = 119.8061, GNorm = 0.6084, lr_0 = 4.2367e-05
Loss = 4.7160e-02, PNorm = 119.8086, GNorm = 0.4274, lr_0 = 4.2192e-05
Loss = 4.3346e-02, PNorm = 119.8101, GNorm = 0.5615, lr_0 = 4.2018e-05
Loss = 4.4644e-02, PNorm = 119.8128, GNorm = 0.3673, lr_0 = 4.1845e-05
Loss = 4.5055e-02, PNorm = 119.8150, GNorm = 0.4409, lr_0 = 4.1672e-05
Loss = 5.0268e-02, PNorm = 119.8175, GNorm = 0.4442, lr_0 = 4.1500e-05
Loss = 4.8199e-02, PNorm = 119.8196, GNorm = 0.3831, lr_0 = 4.1328e-05
Loss = 4.3273e-02, PNorm = 119.8220, GNorm = 0.3218, lr_0 = 4.1157e-05
Loss = 4.9623e-02, PNorm = 119.8250, GNorm = 0.5418, lr_0 = 4.0987e-05
Loss = 5.1137e-02, PNorm = 119.8284, GNorm = 0.5186, lr_0 = 4.0818e-05
Loss = 4.9771e-02, PNorm = 119.8323, GNorm = 0.9730, lr_0 = 4.0649e-05
Loss = 5.2859e-02, PNorm = 119.8360, GNorm = 0.8673, lr_0 = 4.0482e-05
Validation rmse = 32.392685
Epoch 32
Loss = 4.4526e-02, PNorm = 119.8394, GNorm = 0.4941, lr_0 = 4.0314e-05
Loss = 5.0763e-02, PNorm = 119.8434, GNorm = 0.9366, lr_0 = 4.0148e-05
Loss = 4.9285e-02, PNorm = 119.8477, GNorm = 0.4818, lr_0 = 3.9982e-05
Loss = 5.1207e-02, PNorm = 119.8503, GNorm = 0.5142, lr_0 = 3.9817e-05
Loss = 5.2895e-02, PNorm = 119.8541, GNorm = 0.7738, lr_0 = 3.9652e-05
Loss = 4.3817e-02, PNorm = 119.8560, GNorm = 0.3914, lr_0 = 3.9488e-05
Loss = 4.1254e-02, PNorm = 119.8581, GNorm = 0.6026, lr_0 = 3.9325e-05
Loss = 4.5423e-02, PNorm = 119.8592, GNorm = 0.4442, lr_0 = 3.9163e-05
Loss = 4.9025e-02, PNorm = 119.8639, GNorm = 0.5262, lr_0 = 3.9001e-05
Loss = 5.1804e-02, PNorm = 119.8676, GNorm = 0.3625, lr_0 = 3.8840e-05
Loss = 3.8830e-02, PNorm = 119.8698, GNorm = 0.3044, lr_0 = 3.8680e-05
Loss = 4.8715e-02, PNorm = 119.8723, GNorm = 0.6572, lr_0 = 3.8520e-05
Loss = 4.6279e-02, PNorm = 119.8756, GNorm = 0.4410, lr_0 = 3.8361e-05
Loss = 4.7664e-02, PNorm = 119.8790, GNorm = 0.6248, lr_0 = 3.8202e-05
Loss = 5.5552e-02, PNorm = 119.8815, GNorm = 0.6467, lr_0 = 3.8044e-05
Loss = 4.6078e-02, PNorm = 119.8830, GNorm = 0.2816, lr_0 = 3.7887e-05
Loss = 4.0492e-02, PNorm = 119.8860, GNorm = 0.5432, lr_0 = 3.7731e-05
Loss = 5.4735e-02, PNorm = 119.8898, GNorm = 0.3788, lr_0 = 3.7575e-05
Loss = 5.2086e-02, PNorm = 119.8930, GNorm = 0.6236, lr_0 = 3.7420e-05
Validation rmse = 32.120702
Epoch 33
Loss = 4.5600e-02, PNorm = 119.8963, GNorm = 0.9731, lr_0 = 3.7265e-05
Loss = 4.8096e-02, PNorm = 119.8992, GNorm = 0.6524, lr_0 = 3.7111e-05
Loss = 4.6208e-02, PNorm = 119.9015, GNorm = 0.7545, lr_0 = 3.6958e-05
Loss = 4.2600e-02, PNorm = 119.9034, GNorm = 0.6671, lr_0 = 3.6805e-05
Loss = 4.6936e-02, PNorm = 119.9064, GNorm = 0.6108, lr_0 = 3.6653e-05
Loss = 4.6985e-02, PNorm = 119.9094, GNorm = 0.4080, lr_0 = 3.6502e-05
Loss = 4.6929e-02, PNorm = 119.9122, GNorm = 0.3730, lr_0 = 3.6351e-05
Loss = 4.9960e-02, PNorm = 119.9162, GNorm = 0.8740, lr_0 = 3.6201e-05
Loss = 5.0249e-02, PNorm = 119.9181, GNorm = 0.6034, lr_0 = 3.6051e-05
Loss = 4.6383e-02, PNorm = 119.9204, GNorm = 0.9910, lr_0 = 3.5902e-05
Loss = 4.1119e-02, PNorm = 119.9222, GNorm = 0.4014, lr_0 = 3.5754e-05
Loss = 4.6141e-02, PNorm = 119.9246, GNorm = 0.5514, lr_0 = 3.5606e-05
Loss = 4.3269e-02, PNorm = 119.9289, GNorm = 0.4990, lr_0 = 3.5459e-05
Loss = 4.6957e-02, PNorm = 119.9322, GNorm = 0.5724, lr_0 = 3.5313e-05
Loss = 4.9412e-02, PNorm = 119.9344, GNorm = 0.4129, lr_0 = 3.5167e-05
Loss = 5.4419e-02, PNorm = 119.9373, GNorm = 0.3827, lr_0 = 3.5022e-05
Loss = 5.3994e-02, PNorm = 119.9394, GNorm = 0.6653, lr_0 = 3.4877e-05
Loss = 5.1091e-02, PNorm = 119.9408, GNorm = 0.5644, lr_0 = 3.4733e-05
Loss = 4.9183e-02, PNorm = 119.9422, GNorm = 0.7175, lr_0 = 3.4589e-05
Validation rmse = 31.751042
Epoch 34
Loss = 4.2443e-02, PNorm = 119.9448, GNorm = 0.5860, lr_0 = 3.4446e-05
Loss = 4.5316e-02, PNorm = 119.9471, GNorm = 0.3977, lr_0 = 3.4304e-05
Loss = 4.4893e-02, PNorm = 119.9497, GNorm = 0.3612, lr_0 = 3.4162e-05
Loss = 4.9898e-02, PNorm = 119.9511, GNorm = 0.5195, lr_0 = 3.4021e-05
Loss = 5.2626e-02, PNorm = 119.9536, GNorm = 0.4935, lr_0 = 3.3881e-05
Loss = 4.5964e-02, PNorm = 119.9563, GNorm = 0.7877, lr_0 = 3.3741e-05
Loss = 5.5861e-02, PNorm = 119.9607, GNorm = 0.4853, lr_0 = 3.3601e-05
Loss = 4.8588e-02, PNorm = 119.9646, GNorm = 0.4496, lr_0 = 3.3463e-05
Loss = 4.4407e-02, PNorm = 119.9676, GNorm = 0.5997, lr_0 = 3.3324e-05
Loss = 4.3582e-02, PNorm = 119.9705, GNorm = 0.6048, lr_0 = 3.3187e-05
Loss = 4.5759e-02, PNorm = 119.9737, GNorm = 0.5908, lr_0 = 3.3050e-05
Loss = 4.2939e-02, PNorm = 119.9763, GNorm = 0.6624, lr_0 = 3.2913e-05
Loss = 4.1333e-02, PNorm = 119.9780, GNorm = 0.7045, lr_0 = 3.2777e-05
Loss = 4.2011e-02, PNorm = 119.9797, GNorm = 0.4005, lr_0 = 3.2642e-05
Loss = 4.9024e-02, PNorm = 119.9814, GNorm = 0.3073, lr_0 = 3.2507e-05
Loss = 4.5833e-02, PNorm = 119.9818, GNorm = 0.4360, lr_0 = 3.2373e-05
Loss = 4.2225e-02, PNorm = 119.9829, GNorm = 0.6478, lr_0 = 3.2239e-05
Loss = 4.9966e-02, PNorm = 119.9849, GNorm = 0.5628, lr_0 = 3.2106e-05
Loss = 4.5142e-02, PNorm = 119.9871, GNorm = 0.4601, lr_0 = 3.1973e-05
Validation rmse = 31.946081
Epoch 35
Loss = 4.5453e-02, PNorm = 119.9891, GNorm = 0.4543, lr_0 = 3.1828e-05
Loss = 4.2459e-02, PNorm = 119.9912, GNorm = 0.5287, lr_0 = 3.1696e-05
Loss = 4.3203e-02, PNorm = 119.9942, GNorm = 0.7461, lr_0 = 3.1565e-05
Loss = 5.0810e-02, PNorm = 119.9972, GNorm = 0.5470, lr_0 = 3.1435e-05
Loss = 4.4516e-02, PNorm = 120.0001, GNorm = 0.5846, lr_0 = 3.1305e-05
Loss = 4.7074e-02, PNorm = 120.0026, GNorm = 0.4202, lr_0 = 3.1176e-05
Loss = 4.9126e-02, PNorm = 120.0048, GNorm = 0.5051, lr_0 = 3.1047e-05
Loss = 4.7681e-02, PNorm = 120.0082, GNorm = 0.5818, lr_0 = 3.0919e-05
Loss = 4.6993e-02, PNorm = 120.0100, GNorm = 0.3290, lr_0 = 3.0791e-05
Loss = 3.9852e-02, PNorm = 120.0113, GNorm = 0.3287, lr_0 = 3.0664e-05
Loss = 4.5856e-02, PNorm = 120.0139, GNorm = 0.6348, lr_0 = 3.0537e-05
Loss = 4.2496e-02, PNorm = 120.0162, GNorm = 0.5059, lr_0 = 3.0411e-05
Loss = 4.7735e-02, PNorm = 120.0183, GNorm = 1.0140, lr_0 = 3.0285e-05
Loss = 4.1982e-02, PNorm = 120.0206, GNorm = 0.5062, lr_0 = 3.0160e-05
Loss = 4.5187e-02, PNorm = 120.0231, GNorm = 0.5514, lr_0 = 3.0036e-05
Loss = 4.1380e-02, PNorm = 120.0253, GNorm = 0.3713, lr_0 = 2.9912e-05
Loss = 4.4001e-02, PNorm = 120.0283, GNorm = 0.4782, lr_0 = 2.9788e-05
Loss = 3.8906e-02, PNorm = 120.0294, GNorm = 0.3272, lr_0 = 2.9665e-05
Loss = 4.1679e-02, PNorm = 120.0308, GNorm = 0.3684, lr_0 = 2.9542e-05
Validation rmse = 32.718316
Epoch 36
Loss = 3.8166e-02, PNorm = 120.0320, GNorm = 0.4564, lr_0 = 2.9420e-05
Loss = 5.0081e-02, PNorm = 120.0340, GNorm = 0.4830, lr_0 = 2.9299e-05
Loss = 4.3682e-02, PNorm = 120.0370, GNorm = 0.5249, lr_0 = 2.9178e-05
Loss = 5.3232e-02, PNorm = 120.0408, GNorm = 0.5277, lr_0 = 2.9057e-05
Loss = 4.3172e-02, PNorm = 120.0432, GNorm = 0.3975, lr_0 = 2.8937e-05
Loss = 4.6421e-02, PNorm = 120.0442, GNorm = 0.4098, lr_0 = 2.8818e-05
Loss = 3.8755e-02, PNorm = 120.0454, GNorm = 0.7636, lr_0 = 2.8699e-05
Loss = 4.5424e-02, PNorm = 120.0467, GNorm = 0.5730, lr_0 = 2.8580e-05
Loss = 3.8600e-02, PNorm = 120.0488, GNorm = 0.3247, lr_0 = 2.8462e-05
Loss = 4.3850e-02, PNorm = 120.0504, GNorm = 0.5646, lr_0 = 2.8345e-05
Loss = 4.9697e-02, PNorm = 120.0529, GNorm = 0.5723, lr_0 = 2.8227e-05
Loss = 4.2112e-02, PNorm = 120.0550, GNorm = 0.4368, lr_0 = 2.8111e-05
Loss = 4.9900e-02, PNorm = 120.0568, GNorm = 0.4713, lr_0 = 2.7995e-05
Loss = 5.0442e-02, PNorm = 120.0592, GNorm = 0.6753, lr_0 = 2.7879e-05
Loss = 4.3514e-02, PNorm = 120.0608, GNorm = 0.5927, lr_0 = 2.7764e-05
Loss = 3.9897e-02, PNorm = 120.0624, GNorm = 1.0335, lr_0 = 2.7649e-05
Loss = 4.3504e-02, PNorm = 120.0640, GNorm = 0.7429, lr_0 = 2.7535e-05
Loss = 4.4975e-02, PNorm = 120.0665, GNorm = 0.4753, lr_0 = 2.7421e-05
Loss = 4.8180e-02, PNorm = 120.0687, GNorm = 0.4257, lr_0 = 2.7308e-05
Loss = 4.1003e-02, PNorm = 120.0703, GNorm = 0.3268, lr_0 = 2.7195e-05
Validation rmse = 31.751568
Epoch 37
Loss = 3.8375e-02, PNorm = 120.0730, GNorm = 0.5253, lr_0 = 2.7083e-05
Loss = 5.0388e-02, PNorm = 120.0751, GNorm = 0.7215, lr_0 = 2.6971e-05
Loss = 4.1733e-02, PNorm = 120.0761, GNorm = 0.5375, lr_0 = 2.6860e-05
Loss = 5.1104e-02, PNorm = 120.0775, GNorm = 0.5761, lr_0 = 2.6749e-05
Loss = 5.1224e-02, PNorm = 120.0800, GNorm = 0.4921, lr_0 = 2.6638e-05
Loss = 4.8026e-02, PNorm = 120.0832, GNorm = 0.6889, lr_0 = 2.6528e-05
Loss = 5.3041e-02, PNorm = 120.0851, GNorm = 0.7106, lr_0 = 2.6418e-05
Loss = 3.9514e-02, PNorm = 120.0869, GNorm = 0.6693, lr_0 = 2.6309e-05
Loss = 4.3859e-02, PNorm = 120.0893, GNorm = 0.5821, lr_0 = 2.6201e-05
Loss = 4.3562e-02, PNorm = 120.0907, GNorm = 0.6585, lr_0 = 2.6092e-05
Loss = 3.8325e-02, PNorm = 120.0918, GNorm = 0.6598, lr_0 = 2.5985e-05
Loss = 4.2519e-02, PNorm = 120.0940, GNorm = 0.8197, lr_0 = 2.5877e-05
Loss = 4.3377e-02, PNorm = 120.0955, GNorm = 0.3318, lr_0 = 2.5770e-05
Loss = 4.4252e-02, PNorm = 120.0977, GNorm = 0.4439, lr_0 = 2.5664e-05
Loss = 4.2341e-02, PNorm = 120.0991, GNorm = 0.5523, lr_0 = 2.5558e-05
Loss = 4.7071e-02, PNorm = 120.1003, GNorm = 0.8410, lr_0 = 2.5452e-05
Loss = 4.2213e-02, PNorm = 120.1014, GNorm = 0.9409, lr_0 = 2.5347e-05
Loss = 4.4924e-02, PNorm = 120.1038, GNorm = 0.5419, lr_0 = 2.5242e-05
Loss = 4.6165e-02, PNorm = 120.1059, GNorm = 0.4734, lr_0 = 2.5138e-05
Validation rmse = 31.822320
Epoch 38
Loss = 4.9175e-02, PNorm = 120.1081, GNorm = 0.6977, lr_0 = 2.5034e-05
Loss = 3.7358e-02, PNorm = 120.1111, GNorm = 0.5755, lr_0 = 2.4931e-05
Loss = 4.2969e-02, PNorm = 120.1129, GNorm = 0.4565, lr_0 = 2.4828e-05
Loss = 4.6744e-02, PNorm = 120.1141, GNorm = 0.3950, lr_0 = 2.4725e-05
Loss = 4.2826e-02, PNorm = 120.1160, GNorm = 0.5026, lr_0 = 2.4623e-05
Loss = 3.8610e-02, PNorm = 120.1168, GNorm = 0.5643, lr_0 = 2.4522e-05
Loss = 4.6022e-02, PNorm = 120.1182, GNorm = 0.3381, lr_0 = 2.4420e-05
Loss = 4.6604e-02, PNorm = 120.1201, GNorm = 0.5760, lr_0 = 2.4319e-05
Loss = 4.0833e-02, PNorm = 120.1219, GNorm = 1.2018, lr_0 = 2.4219e-05
Loss = 4.6207e-02, PNorm = 120.1231, GNorm = 0.5057, lr_0 = 2.4119e-05
Loss = 4.4763e-02, PNorm = 120.1246, GNorm = 0.5227, lr_0 = 2.4019e-05
Loss = 5.2598e-02, PNorm = 120.1267, GNorm = 1.0316, lr_0 = 2.3920e-05
Loss = 4.3718e-02, PNorm = 120.1283, GNorm = 0.3840, lr_0 = 2.3821e-05
Loss = 3.9108e-02, PNorm = 120.1299, GNorm = 0.3798, lr_0 = 2.3723e-05
Loss = 5.2807e-02, PNorm = 120.1318, GNorm = 0.4829, lr_0 = 2.3625e-05
Loss = 3.7152e-02, PNorm = 120.1331, GNorm = 0.3507, lr_0 = 2.3527e-05
Loss = 4.4943e-02, PNorm = 120.1350, GNorm = 0.5843, lr_0 = 2.3430e-05
Loss = 3.5132e-02, PNorm = 120.1361, GNorm = 0.3745, lr_0 = 2.3333e-05
Loss = 4.2762e-02, PNorm = 120.1367, GNorm = 0.4061, lr_0 = 2.3237e-05
Validation rmse = 31.207938
Epoch 39
Loss = 4.4770e-02, PNorm = 120.1375, GNorm = 0.4530, lr_0 = 2.3141e-05
Loss = 4.0758e-02, PNorm = 120.1394, GNorm = 0.7846, lr_0 = 2.3045e-05
Loss = 3.6913e-02, PNorm = 120.1413, GNorm = 0.7039, lr_0 = 2.2950e-05
Loss = 4.2160e-02, PNorm = 120.1431, GNorm = 0.4913, lr_0 = 2.2855e-05
Loss = 3.4882e-02, PNorm = 120.1446, GNorm = 0.4286, lr_0 = 2.2761e-05
Loss = 5.1364e-02, PNorm = 120.1458, GNorm = 0.5256, lr_0 = 2.2667e-05
Loss = 4.2960e-02, PNorm = 120.1466, GNorm = 0.4501, lr_0 = 2.2573e-05
Loss = 4.5657e-02, PNorm = 120.1476, GNorm = 0.5925, lr_0 = 2.2480e-05
Loss = 4.5444e-02, PNorm = 120.1484, GNorm = 0.4198, lr_0 = 2.2387e-05
Loss = 5.2695e-02, PNorm = 120.1506, GNorm = 0.4344, lr_0 = 2.2295e-05
Loss = 4.9701e-02, PNorm = 120.1529, GNorm = 0.9612, lr_0 = 2.2202e-05
Loss = 4.7772e-02, PNorm = 120.1550, GNorm = 0.9223, lr_0 = 2.2111e-05
Loss = 3.8658e-02, PNorm = 120.1570, GNorm = 0.5203, lr_0 = 2.2019e-05
Loss = 4.3338e-02, PNorm = 120.1585, GNorm = 0.4154, lr_0 = 2.1928e-05
Loss = 4.5735e-02, PNorm = 120.1592, GNorm = 0.4682, lr_0 = 2.1838e-05
Loss = 4.3501e-02, PNorm = 120.1605, GNorm = 0.4071, lr_0 = 2.1748e-05
Loss = 4.6319e-02, PNorm = 120.1624, GNorm = 0.3915, lr_0 = 2.1658e-05
Loss = 4.1872e-02, PNorm = 120.1641, GNorm = 0.3942, lr_0 = 2.1568e-05
Loss = 3.7696e-02, PNorm = 120.1657, GNorm = 0.6046, lr_0 = 2.1479e-05
Validation rmse = 31.692049
Epoch 40
Loss = 4.1970e-02, PNorm = 120.1673, GNorm = 0.5589, lr_0 = 2.1391e-05
Loss = 4.2640e-02, PNorm = 120.1691, GNorm = 0.4356, lr_0 = 2.1302e-05
Loss = 4.1800e-02, PNorm = 120.1703, GNorm = 0.3751, lr_0 = 2.1214e-05
Loss = 4.6307e-02, PNorm = 120.1711, GNorm = 0.6622, lr_0 = 2.1127e-05
Loss = 3.9353e-02, PNorm = 120.1726, GNorm = 0.5459, lr_0 = 2.1039e-05
Loss = 3.9908e-02, PNorm = 120.1744, GNorm = 0.4692, lr_0 = 2.0952e-05
Loss = 3.7803e-02, PNorm = 120.1751, GNorm = 0.4034, lr_0 = 2.0866e-05
Loss = 4.1850e-02, PNorm = 120.1761, GNorm = 0.4295, lr_0 = 2.0780e-05
Loss = 4.2311e-02, PNorm = 120.1781, GNorm = 0.4858, lr_0 = 2.0694e-05
Loss = 4.4529e-02, PNorm = 120.1796, GNorm = 0.6675, lr_0 = 2.0608e-05
Loss = 4.2348e-02, PNorm = 120.1821, GNorm = 0.7133, lr_0 = 2.0523e-05
Loss = 4.3695e-02, PNorm = 120.1837, GNorm = 0.7273, lr_0 = 2.0438e-05
Loss = 4.3898e-02, PNorm = 120.1850, GNorm = 0.4316, lr_0 = 2.0354e-05
Loss = 4.3003e-02, PNorm = 120.1859, GNorm = 0.3777, lr_0 = 2.0270e-05
Loss = 4.0480e-02, PNorm = 120.1869, GNorm = 0.3279, lr_0 = 2.0186e-05
Loss = 4.4379e-02, PNorm = 120.1879, GNorm = 0.3672, lr_0 = 2.0103e-05
Loss = 4.5099e-02, PNorm = 120.1881, GNorm = 0.4981, lr_0 = 2.0020e-05
Loss = 4.3499e-02, PNorm = 120.1887, GNorm = 0.4161, lr_0 = 1.9937e-05
Loss = 4.5352e-02, PNorm = 120.1907, GNorm = 0.8445, lr_0 = 1.9855e-05
Validation rmse = 31.939331
Epoch 41
Loss = 3.9682e-02, PNorm = 120.1915, GNorm = 0.3747, lr_0 = 1.9773e-05
Loss = 4.5032e-02, PNorm = 120.1931, GNorm = 0.5102, lr_0 = 1.9691e-05
Loss = 3.6852e-02, PNorm = 120.1943, GNorm = 0.4559, lr_0 = 1.9610e-05
Loss = 3.5768e-02, PNorm = 120.1959, GNorm = 0.3332, lr_0 = 1.9529e-05
Loss = 4.8322e-02, PNorm = 120.1971, GNorm = 0.4463, lr_0 = 1.9448e-05
Loss = 4.2433e-02, PNorm = 120.1984, GNorm = 0.3935, lr_0 = 1.9368e-05
Loss = 4.5331e-02, PNorm = 120.2000, GNorm = 0.8896, lr_0 = 1.9288e-05
Loss = 4.3037e-02, PNorm = 120.2011, GNorm = 0.4016, lr_0 = 1.9208e-05
Loss = 4.1147e-02, PNorm = 120.2023, GNorm = 0.4003, lr_0 = 1.9129e-05
Loss = 3.9221e-02, PNorm = 120.2042, GNorm = 0.4158, lr_0 = 1.9050e-05
Loss = 3.6671e-02, PNorm = 120.2051, GNorm = 0.4619, lr_0 = 1.8971e-05
Loss = 4.3043e-02, PNorm = 120.2067, GNorm = 0.7040, lr_0 = 1.8892e-05
Loss = 4.1254e-02, PNorm = 120.2080, GNorm = 0.8597, lr_0 = 1.8814e-05
Loss = 5.1929e-02, PNorm = 120.2090, GNorm = 0.5640, lr_0 = 1.8737e-05
Loss = 4.0595e-02, PNorm = 120.2101, GNorm = 0.4108, lr_0 = 1.8659e-05
Loss = 4.1257e-02, PNorm = 120.2109, GNorm = 0.3791, lr_0 = 1.8582e-05
Loss = 4.5602e-02, PNorm = 120.2121, GNorm = 0.8102, lr_0 = 1.8505e-05
Loss = 4.5247e-02, PNorm = 120.2136, GNorm = 0.3901, lr_0 = 1.8429e-05
Loss = 3.8895e-02, PNorm = 120.2150, GNorm = 0.5013, lr_0 = 1.8353e-05
Loss = 4.7953e-02, PNorm = 120.2165, GNorm = 0.5258, lr_0 = 1.8277e-05
Validation rmse = 31.614286
Epoch 42
Loss = 4.3305e-02, PNorm = 120.2174, GNorm = 0.5479, lr_0 = 1.8202e-05
Loss = 3.8635e-02, PNorm = 120.2185, GNorm = 0.4525, lr_0 = 1.8126e-05
Loss = 4.0850e-02, PNorm = 120.2189, GNorm = 0.8117, lr_0 = 1.8051e-05
Loss = 3.7285e-02, PNorm = 120.2203, GNorm = 0.2864, lr_0 = 1.7977e-05
Loss = 4.3204e-02, PNorm = 120.2212, GNorm = 0.4658, lr_0 = 1.7903e-05
Loss = 4.2596e-02, PNorm = 120.2230, GNorm = 0.7469, lr_0 = 1.7829e-05
Loss = 5.0090e-02, PNorm = 120.2250, GNorm = 0.8214, lr_0 = 1.7755e-05
Loss = 4.0183e-02, PNorm = 120.2273, GNorm = 0.7396, lr_0 = 1.7682e-05
Loss = 4.3377e-02, PNorm = 120.2287, GNorm = 0.6258, lr_0 = 1.7609e-05
Loss = 4.2231e-02, PNorm = 120.2304, GNorm = 0.4064, lr_0 = 1.7536e-05
Loss = 4.1411e-02, PNorm = 120.2321, GNorm = 0.3845, lr_0 = 1.7463e-05
Loss = 4.4664e-02, PNorm = 120.2330, GNorm = 0.6140, lr_0 = 1.7391e-05
Loss = 4.2428e-02, PNorm = 120.2340, GNorm = 0.7012, lr_0 = 1.7320e-05
Loss = 3.6641e-02, PNorm = 120.2356, GNorm = 0.4024, lr_0 = 1.7248e-05
Loss = 4.7504e-02, PNorm = 120.2371, GNorm = 0.5917, lr_0 = 1.7177e-05
Loss = 4.3810e-02, PNorm = 120.2382, GNorm = 0.4652, lr_0 = 1.7106e-05
Loss = 3.9267e-02, PNorm = 120.2386, GNorm = 0.6771, lr_0 = 1.7035e-05
Loss = 4.1988e-02, PNorm = 120.2399, GNorm = 0.4741, lr_0 = 1.6965e-05
Loss = 4.2918e-02, PNorm = 120.2408, GNorm = 0.4613, lr_0 = 1.6895e-05
Validation rmse = 31.444089
Epoch 43
Loss = 4.3368e-02, PNorm = 120.2420, GNorm = 0.3788, lr_0 = 1.6825e-05
Loss = 3.8796e-02, PNorm = 120.2435, GNorm = 0.3411, lr_0 = 1.6755e-05
Loss = 3.9374e-02, PNorm = 120.2447, GNorm = 0.4515, lr_0 = 1.6686e-05
Loss = 3.9892e-02, PNorm = 120.2455, GNorm = 0.3769, lr_0 = 1.6617e-05
Loss = 4.2811e-02, PNorm = 120.2463, GNorm = 0.3800, lr_0 = 1.6549e-05
Loss = 4.2850e-02, PNorm = 120.2475, GNorm = 0.2598, lr_0 = 1.6480e-05
Loss = 3.8199e-02, PNorm = 120.2484, GNorm = 0.3165, lr_0 = 1.6412e-05
Loss = 4.0974e-02, PNorm = 120.2497, GNorm = 0.2684, lr_0 = 1.6344e-05
Loss = 4.4334e-02, PNorm = 120.2505, GNorm = 0.5310, lr_0 = 1.6277e-05
Loss = 3.9778e-02, PNorm = 120.2507, GNorm = 0.7950, lr_0 = 1.6210e-05
Loss = 4.4656e-02, PNorm = 120.2516, GNorm = 0.6187, lr_0 = 1.6143e-05
Loss = 4.4083e-02, PNorm = 120.2523, GNorm = 0.6447, lr_0 = 1.6076e-05
Loss = 3.9287e-02, PNorm = 120.2531, GNorm = 0.4416, lr_0 = 1.6010e-05
Loss = 4.4116e-02, PNorm = 120.2537, GNorm = 0.9533, lr_0 = 1.5943e-05
Loss = 3.8254e-02, PNorm = 120.2543, GNorm = 0.5346, lr_0 = 1.5878e-05
Loss = 4.4221e-02, PNorm = 120.2551, GNorm = 0.3759, lr_0 = 1.5812e-05
Loss = 4.6061e-02, PNorm = 120.2562, GNorm = 0.4711, lr_0 = 1.5747e-05
Loss = 3.9887e-02, PNorm = 120.2574, GNorm = 1.0562, lr_0 = 1.5682e-05
Loss = 4.1044e-02, PNorm = 120.2584, GNorm = 0.7836, lr_0 = 1.5617e-05
Validation rmse = 31.358102
Epoch 44
Loss = 4.0952e-02, PNorm = 120.2590, GNorm = 0.3831, lr_0 = 1.5552e-05
Loss = 4.4343e-02, PNorm = 120.2604, GNorm = 0.4504, lr_0 = 1.5488e-05
Loss = 4.2802e-02, PNorm = 120.2615, GNorm = 0.4981, lr_0 = 1.5424e-05
Loss = 3.5719e-02, PNorm = 120.2622, GNorm = 0.3554, lr_0 = 1.5360e-05
Loss = 4.1781e-02, PNorm = 120.2632, GNorm = 0.4430, lr_0 = 1.5297e-05
Loss = 4.4836e-02, PNorm = 120.2642, GNorm = 0.5352, lr_0 = 1.5234e-05
Loss = 3.5877e-02, PNorm = 120.2648, GNorm = 0.2846, lr_0 = 1.5171e-05
Loss = 4.3014e-02, PNorm = 120.2657, GNorm = 0.5653, lr_0 = 1.5108e-05
Loss = 3.9552e-02, PNorm = 120.2670, GNorm = 0.5428, lr_0 = 1.5046e-05
Loss = 4.1675e-02, PNorm = 120.2679, GNorm = 0.6151, lr_0 = 1.4984e-05
Loss = 3.3688e-02, PNorm = 120.2691, GNorm = 0.5056, lr_0 = 1.4922e-05
Loss = 3.8003e-02, PNorm = 120.2698, GNorm = 0.8067, lr_0 = 1.4860e-05
Loss = 4.3732e-02, PNorm = 120.2710, GNorm = 0.5491, lr_0 = 1.4799e-05
Loss = 3.9630e-02, PNorm = 120.2722, GNorm = 0.5512, lr_0 = 1.4737e-05
Loss = 4.3765e-02, PNorm = 120.2731, GNorm = 0.6323, lr_0 = 1.4677e-05
Loss = 3.7986e-02, PNorm = 120.2739, GNorm = 0.3997, lr_0 = 1.4616e-05
Loss = 4.6137e-02, PNorm = 120.2744, GNorm = 0.5704, lr_0 = 1.4556e-05
Loss = 4.2196e-02, PNorm = 120.2754, GNorm = 0.3612, lr_0 = 1.4495e-05
Loss = 4.4143e-02, PNorm = 120.2761, GNorm = 0.9068, lr_0 = 1.4436e-05
Validation rmse = 31.322432
Epoch 45
Loss = 3.7149e-02, PNorm = 120.2771, GNorm = 0.4153, lr_0 = 1.4376e-05
Loss = 4.3697e-02, PNorm = 120.2776, GNorm = 0.4913, lr_0 = 1.4317e-05
Loss = 3.7319e-02, PNorm = 120.2784, GNorm = 0.3037, lr_0 = 1.4257e-05
Loss = 3.9243e-02, PNorm = 120.2791, GNorm = 0.4972, lr_0 = 1.4199e-05
Loss = 3.5374e-02, PNorm = 120.2800, GNorm = 0.8139, lr_0 = 1.4140e-05
Loss = 3.8063e-02, PNorm = 120.2809, GNorm = 0.3422, lr_0 = 1.4081e-05
Loss = 4.5247e-02, PNorm = 120.2819, GNorm = 0.6360, lr_0 = 1.4023e-05
Loss = 3.7160e-02, PNorm = 120.2832, GNorm = 0.4669, lr_0 = 1.3965e-05
Loss = 4.0869e-02, PNorm = 120.2844, GNorm = 0.4934, lr_0 = 1.3908e-05
Loss = 4.0808e-02, PNorm = 120.2855, GNorm = 0.4006, lr_0 = 1.3850e-05
Loss = 3.8559e-02, PNorm = 120.2870, GNorm = 0.6478, lr_0 = 1.3793e-05
Loss = 4.0740e-02, PNorm = 120.2874, GNorm = 0.5503, lr_0 = 1.3736e-05
Loss = 4.1787e-02, PNorm = 120.2884, GNorm = 0.6632, lr_0 = 1.3679e-05
Loss = 4.2953e-02, PNorm = 120.2892, GNorm = 0.3768, lr_0 = 1.3623e-05
Loss = 4.3357e-02, PNorm = 120.2902, GNorm = 0.5539, lr_0 = 1.3566e-05
Loss = 4.5853e-02, PNorm = 120.2910, GNorm = 0.5303, lr_0 = 1.3510e-05
Loss = 3.8736e-02, PNorm = 120.2918, GNorm = 0.3494, lr_0 = 1.3455e-05
Loss = 4.4576e-02, PNorm = 120.2928, GNorm = 0.3294, lr_0 = 1.3399e-05
Loss = 4.9635e-02, PNorm = 120.2938, GNorm = 0.6341, lr_0 = 1.3344e-05
Validation rmse = 31.401732
Epoch 46
Loss = 5.1033e-02, PNorm = 120.2956, GNorm = 0.6024, lr_0 = 1.3289e-05
Loss = 3.6293e-02, PNorm = 120.2967, GNorm = 0.3278, lr_0 = 1.3234e-05
Loss = 3.8270e-02, PNorm = 120.2978, GNorm = 0.4258, lr_0 = 1.3179e-05
Loss = 4.2841e-02, PNorm = 120.2991, GNorm = 0.5619, lr_0 = 1.3125e-05
Loss = 3.8824e-02, PNorm = 120.2998, GNorm = 0.3257, lr_0 = 1.3070e-05
Loss = 4.8186e-02, PNorm = 120.3005, GNorm = 0.3674, lr_0 = 1.3016e-05
Loss = 4.4380e-02, PNorm = 120.3014, GNorm = 0.5658, lr_0 = 1.2963e-05
Loss = 3.7602e-02, PNorm = 120.3023, GNorm = 0.3663, lr_0 = 1.2909e-05
Loss = 4.0751e-02, PNorm = 120.3027, GNorm = 0.3681, lr_0 = 1.2856e-05
Loss = 3.5503e-02, PNorm = 120.3030, GNorm = 0.3838, lr_0 = 1.2803e-05
Loss = 4.5663e-02, PNorm = 120.3035, GNorm = 0.4512, lr_0 = 1.2750e-05
Loss = 4.6369e-02, PNorm = 120.3044, GNorm = 0.5205, lr_0 = 1.2697e-05
Loss = 3.6039e-02, PNorm = 120.3056, GNorm = 0.2929, lr_0 = 1.2645e-05
Loss = 4.0648e-02, PNorm = 120.3064, GNorm = 0.4239, lr_0 = 1.2592e-05
Loss = 4.1571e-02, PNorm = 120.3073, GNorm = 0.3821, lr_0 = 1.2540e-05
Loss = 5.2775e-02, PNorm = 120.3081, GNorm = 0.7224, lr_0 = 1.2489e-05
Loss = 4.1033e-02, PNorm = 120.3090, GNorm = 0.3981, lr_0 = 1.2437e-05
Loss = 4.0125e-02, PNorm = 120.3101, GNorm = 0.5245, lr_0 = 1.2386e-05
Loss = 4.2861e-02, PNorm = 120.3111, GNorm = 0.3879, lr_0 = 1.2334e-05
Validation rmse = 31.033054
Epoch 47
Loss = 4.4040e-02, PNorm = 120.3123, GNorm = 0.4452, lr_0 = 1.2278e-05
Loss = 3.9526e-02, PNorm = 120.3130, GNorm = 0.4632, lr_0 = 1.2228e-05
Loss = 4.0368e-02, PNorm = 120.3135, GNorm = 0.8535, lr_0 = 1.2177e-05
Loss = 4.6846e-02, PNorm = 120.3141, GNorm = 0.4293, lr_0 = 1.2127e-05
Loss = 4.1458e-02, PNorm = 120.3147, GNorm = 0.4376, lr_0 = 1.2077e-05
Loss = 4.3564e-02, PNorm = 120.3160, GNorm = 0.5499, lr_0 = 1.2027e-05
Loss = 3.8324e-02, PNorm = 120.3176, GNorm = 0.4786, lr_0 = 1.1977e-05
Loss = 3.9285e-02, PNorm = 120.3187, GNorm = 0.7069, lr_0 = 1.1928e-05
Loss = 3.6501e-02, PNorm = 120.3195, GNorm = 0.2918, lr_0 = 1.1878e-05
Loss = 4.0323e-02, PNorm = 120.3202, GNorm = 0.6952, lr_0 = 1.1829e-05
Loss = 4.6710e-02, PNorm = 120.3208, GNorm = 0.6672, lr_0 = 1.1780e-05
Loss = 4.7870e-02, PNorm = 120.3216, GNorm = 1.9911, lr_0 = 1.1732e-05
Loss = 4.2469e-02, PNorm = 120.3221, GNorm = 0.3517, lr_0 = 1.1683e-05
Loss = 4.2808e-02, PNorm = 120.3223, GNorm = 0.9422, lr_0 = 1.1635e-05
Loss = 3.7543e-02, PNorm = 120.3226, GNorm = 0.9352, lr_0 = 1.1587e-05
Loss = 4.1228e-02, PNorm = 120.3233, GNorm = 0.6908, lr_0 = 1.1539e-05
Loss = 4.8517e-02, PNorm = 120.3243, GNorm = 0.8107, lr_0 = 1.1492e-05
Loss = 3.8261e-02, PNorm = 120.3244, GNorm = 0.4751, lr_0 = 1.1444e-05
Loss = 3.8717e-02, PNorm = 120.3254, GNorm = 0.3711, lr_0 = 1.1397e-05
Loss = 3.7833e-02, PNorm = 120.3260, GNorm = 0.5825, lr_0 = 1.1350e-05
Validation rmse = 31.804160
Epoch 48
Loss = 4.0191e-02, PNorm = 120.3267, GNorm = 0.3897, lr_0 = 1.1303e-05
Loss = 4.7761e-02, PNorm = 120.3275, GNorm = 0.4425, lr_0 = 1.1256e-05
Loss = 3.8819e-02, PNorm = 120.3280, GNorm = 0.2600, lr_0 = 1.1210e-05
Loss = 4.5127e-02, PNorm = 120.3289, GNorm = 0.4068, lr_0 = 1.1163e-05
Loss = 4.7592e-02, PNorm = 120.3295, GNorm = 0.4190, lr_0 = 1.1117e-05
Loss = 4.6814e-02, PNorm = 120.3306, GNorm = 0.5175, lr_0 = 1.1071e-05
Loss = 4.1364e-02, PNorm = 120.3313, GNorm = 0.6665, lr_0 = 1.1026e-05
Loss = 3.7061e-02, PNorm = 120.3322, GNorm = 0.4484, lr_0 = 1.0980e-05
Loss = 3.8482e-02, PNorm = 120.3328, GNorm = 0.3372, lr_0 = 1.0935e-05
Loss = 3.6035e-02, PNorm = 120.3334, GNorm = 0.4456, lr_0 = 1.0889e-05
Loss = 4.6652e-02, PNorm = 120.3339, GNorm = 0.3463, lr_0 = 1.0844e-05
Loss = 3.8931e-02, PNorm = 120.3342, GNorm = 0.3917, lr_0 = 1.0800e-05
Loss = 4.0006e-02, PNorm = 120.3349, GNorm = 0.5528, lr_0 = 1.0755e-05
Loss = 4.1153e-02, PNorm = 120.3357, GNorm = 0.3437, lr_0 = 1.0711e-05
Loss = 4.0699e-02, PNorm = 120.3366, GNorm = 0.2855, lr_0 = 1.0666e-05
Loss = 3.9858e-02, PNorm = 120.3369, GNorm = 0.4150, lr_0 = 1.0622e-05
Loss = 3.7322e-02, PNorm = 120.3376, GNorm = 0.5374, lr_0 = 1.0578e-05
Loss = 3.7306e-02, PNorm = 120.3385, GNorm = 0.4200, lr_0 = 1.0535e-05
Loss = 3.8100e-02, PNorm = 120.3392, GNorm = 0.4351, lr_0 = 1.0491e-05
Validation rmse = 31.346742
Epoch 49
Loss = 4.4732e-02, PNorm = 120.3402, GNorm = 0.4674, lr_0 = 1.0448e-05
Loss = 3.6108e-02, PNorm = 120.3411, GNorm = 0.4520, lr_0 = 1.0405e-05
Loss = 3.5672e-02, PNorm = 120.3411, GNorm = 0.4844, lr_0 = 1.0362e-05
Loss = 3.9628e-02, PNorm = 120.3421, GNorm = 0.6469, lr_0 = 1.0319e-05
Loss = 3.9553e-02, PNorm = 120.3425, GNorm = 0.4831, lr_0 = 1.0276e-05
Loss = 3.6658e-02, PNorm = 120.3431, GNorm = 0.3065, lr_0 = 1.0234e-05
Loss = 3.9827e-02, PNorm = 120.3438, GNorm = 0.3916, lr_0 = 1.0192e-05
Loss = 4.2903e-02, PNorm = 120.3446, GNorm = 0.7131, lr_0 = 1.0149e-05
Loss = 3.5640e-02, PNorm = 120.3453, GNorm = 0.4307, lr_0 = 1.0108e-05
Loss = 4.4346e-02, PNorm = 120.3456, GNorm = 0.4161, lr_0 = 1.0066e-05
Loss = 4.2940e-02, PNorm = 120.3462, GNorm = 0.4097, lr_0 = 1.0024e-05
Loss = 4.3747e-02, PNorm = 120.3472, GNorm = 0.6853, lr_0 = 9.9828e-06
Loss = 3.8698e-02, PNorm = 120.3483, GNorm = 0.3820, lr_0 = 9.9416e-06
Loss = 3.9290e-02, PNorm = 120.3487, GNorm = 0.7284, lr_0 = 9.9005e-06
Loss = 4.4193e-02, PNorm = 120.3498, GNorm = 0.5405, lr_0 = 9.8841e-06
Loss = 3.7890e-02, PNorm = 120.3505, GNorm = 0.6059, lr_0 = 9.8841e-06
Loss = 3.9384e-02, PNorm = 120.3509, GNorm = 0.3601, lr_0 = 9.8841e-06
Loss = 4.4067e-02, PNorm = 120.3516, GNorm = 0.5929, lr_0 = 9.8841e-06
Loss = 4.0039e-02, PNorm = 120.3522, GNorm = 0.3483, lr_0 = 9.8841e-06
Validation rmse = 31.457959
Model 0 best validation rmse = 31.033054 on epoch 46
Loading pretrained parameter "encoder.encoder.0.cached_zero_vector".
Loading pretrained parameter "encoder.encoder.0.W_i.weight".
Loading pretrained parameter "encoder.encoder.0.W_h.weight".
Loading pretrained parameter "encoder.encoder.0.W_o.weight".
Loading pretrained parameter "encoder.encoder.0.W_o.bias".
Loading pretrained parameter "encoder.encoder.1.cached_zero_vector".
Loading pretrained parameter "encoder.encoder.1.W_i.weight".
Loading pretrained parameter "encoder.encoder.1.W_h.weight".
Loading pretrained parameter "encoder.encoder.1.W_o.weight".
Loading pretrained parameter "encoder.encoder.1.W_o.bias".
Loading pretrained parameter "ffn.1.weight".
Loading pretrained parameter "ffn.1.bias".
Loading pretrained parameter "ffn.4.weight".
Loading pretrained parameter "ffn.4.bias".
Moving model to cuda
Model 0 test rmse = 28.788819
Ensemble test rmse = 28.788819
1-fold cross validation
	Seed 0 ==> test rmse = 28.788819
Overall test rmse = 28.788819 +/- 0.000000
Elapsed time = 0:34:46
