Command line
python /home/kpg/chemprop/train.py --data_path ../../../data/splits/lambda_max_abs/deep4chem/group_by_smiles/smiles_target_train.csv --dataset_type regression --save_dir /home/kimele03/uvvisml/uvvisml/models/log_lifetime_checkpoints/random/results/507325/49668063 --config_path /home/kimele03/uvvisml/uvvisml/models/log_lifetime_checkpoints/random/results/507325/49668063/hyperopt.json --metric rmse --epochs 50 --gpu 0 --ensemble_size 1 --separate_val_path ../../../data/splits/lambda_max_abs/deep4chem/group_by_smiles/smiles_target_val.csv --separate_test_path ../../../data/splits/lambda_max_abs/deep4chem/group_by_smiles/smiles_target_test.csv --number_of_molecules 2
Args
{'activation': 'ReLU',
 'aggregation': 'mean',
 'aggregation_norm': 100,
 'atom_descriptor_scaling': True,
 'atom_descriptors': None,
 'atom_descriptors_path': None,
 'atom_descriptors_size': 0,
 'atom_features_size': 0,
 'atom_messages': False,
 'batch_size': 86,
 'bias': False,
 'bond_feature_scaling': True,
 'bond_features_path': None,
 'bond_features_size': 0,
 'cache_cutoff': 10000,
 'checkpoint_dir': None,
 'checkpoint_frzn': None,
 'checkpoint_path': None,
 'checkpoint_paths': None,
 'class_balance': False,
 'config_path': '/home/kimele03/uvvisml/uvvisml/models/log_lifetime_checkpoints/random/results/507325/49668063/hyperopt.json',
 'crossval_index_dir': None,
 'crossval_index_file': None,
 'crossval_index_sets': None,
 'cuda': True,
 'data_path': '../../../data/splits/lambda_max_abs/deep4chem/group_by_smiles/smiles_target_train.csv',
 'data_weights_path': None,
 'dataset_type': 'regression',
 'depth': 2,
 'device': device(type='cuda', index=0),
 'dropout': 0.38758047860381095,
 'empty_cache': False,
 'ensemble_size': 1,
 'epochs': 50,
 'explicit_h': False,
 'extra_metrics': [],
 'features_generator': None,
 'features_only': False,
 'features_path': None,
 'features_scaling': True,
 'features_size': None,
 'ffn_hidden_size': 482,
 'ffn_num_layers': 1,
 'final_lr': 0.0001661425600296433,
 'folds_file': None,
 'freeze_first_only': False,
 'frzn_ffn_layers': 0,
 'gpu': 0,
 'grad_clip': None,
 'hidden_size': 1235,
 'ignore_columns': None,
 'init_lr': 6.219547728333126e-06,
 'log_frequency': 10,
 'max_data_size': None,
 'max_lr': 0.00046900912576198757,
 'metric': 'rmse',
 'metrics': ['rmse'],
 'minimize_score': True,
 'mpn_shared': False,
 'multiclass_num_classes': 3,
 'no_atom_descriptor_scaling': False,
 'no_bond_features_scaling': False,
 'no_cache_mol': False,
 'no_cuda': False,
 'no_features_scaling': False,
 'num_folds': 1,
 'num_lrs': 1,
 'num_tasks': 1,
 'num_workers': 8,
 'number_of_molecules': 2,
 'overwrite_default_atom_features': False,
 'overwrite_default_bond_features': False,
 'pytorch_seed': 0,
 'quiet': False,
 'reaction': False,
 'reaction_mode': 'reac_diff',
 'resume_experiment': False,
 'save_dir': '/home/kimele03/uvvisml/uvvisml/models/log_lifetime_checkpoints/random/results/507325/49668063',
 'save_preds': False,
 'save_smiles_splits': False,
 'seed': 0,
 'separate_test_atom_descriptors_path': None,
 'separate_test_bond_features_path': None,
 'separate_test_features_path': None,
 'separate_test_path': '../../../data/splits/lambda_max_abs/deep4chem/group_by_smiles/smiles_target_test.csv',
 'separate_val_atom_descriptors_path': None,
 'separate_val_bond_features_path': None,
 'separate_val_features_path': None,
 'separate_val_path': '../../../data/splits/lambda_max_abs/deep4chem/group_by_smiles/smiles_target_val.csv',
 'show_individual_scores': False,
 'smiles_columns': ['smiles', 'solvent'],
 'split_sizes': (0.8, 0.1, 0.1),
 'split_type': 'random',
 'target_columns': None,
 'target_weights': None,
 'task_names': ['peakwavs_max'],
 'test': False,
 'test_fold_index': None,
 'train_data_size': None,
 'undirected': False,
 'use_input_features': False,
 'val_fold_index': None,
 'warmup_epochs': 2}
Loading data
Number of tasks = 1
Fold 0
Splitting data with seed 0
Total size = 13,242 | train size = 13,242 | val size = 1,633 | test size = 1,710
Fitting scaler
Building model 0
MoleculeModel(
  (encoder): MPN(
    (encoder): ModuleList(
      (0): MPNEncoder(
        (dropout_layer): Dropout(p=0.38758047860381095, inplace=False)
        (act_func): ReLU()
        (W_i): Linear(in_features=147, out_features=1235, bias=False)
        (W_h): Linear(in_features=1235, out_features=1235, bias=False)
        (W_o): Linear(in_features=1368, out_features=1235, bias=True)
      )
      (1): MPNEncoder(
        (dropout_layer): Dropout(p=0.38758047860381095, inplace=False)
        (act_func): ReLU()
        (W_i): Linear(in_features=147, out_features=1235, bias=False)
        (W_h): Linear(in_features=1235, out_features=1235, bias=False)
        (W_o): Linear(in_features=1368, out_features=1235, bias=True)
      )
    )
  )
  (ffn): Sequential(
    (0): Dropout(p=0.38758047860381095, inplace=False)
    (1): Linear(in_features=2470, out_features=1, bias=True)
  )
)
Number of parameters = 6,799,911
Moving model to cuda
Epoch 0
Loss = 1.1821e+00, PNorm = 74.7906, GNorm = 5.0243, lr_0 = 2.2856e-05
Loss = 9.5203e-01, PNorm = 74.7910, GNorm = 6.3032, lr_0 = 3.7980e-05
Loss = 9.7904e-01, PNorm = 74.7922, GNorm = 7.1770, lr_0 = 5.3103e-05
Loss = 1.0519e+00, PNorm = 74.7946, GNorm = 3.9907, lr_0 = 6.8227e-05
Loss = 9.3316e-01, PNorm = 74.7992, GNorm = 3.2528, lr_0 = 8.3351e-05
Loss = 7.8104e-01, PNorm = 74.8057, GNorm = 4.6659, lr_0 = 9.8475e-05
Loss = 8.5747e-01, PNorm = 74.8140, GNorm = 4.8863, lr_0 = 1.1360e-04
Loss = 8.4270e-01, PNorm = 74.8260, GNorm = 2.2311, lr_0 = 1.2872e-04
Loss = 8.3280e-01, PNorm = 74.8412, GNorm = 6.7894, lr_0 = 1.4385e-04
Loss = 8.3676e-01, PNorm = 74.8595, GNorm = 2.6476, lr_0 = 1.5897e-04
Loss = 8.1793e-01, PNorm = 74.8775, GNorm = 3.1399, lr_0 = 1.7409e-04
Loss = 7.5780e-01, PNorm = 74.9008, GNorm = 2.5912, lr_0 = 1.8922e-04
Loss = 7.3627e-01, PNorm = 74.9261, GNorm = 1.7614, lr_0 = 2.0434e-04
Loss = 7.6575e-01, PNorm = 74.9567, GNorm = 2.2960, lr_0 = 2.1947e-04
Loss = 5.8456e-01, PNorm = 74.9832, GNorm = 7.2749, lr_0 = 2.3459e-04
Validation rmse = 86.612379
Epoch 1
Loss = 7.6626e-01, PNorm = 75.0211, GNorm = 7.9226, lr_0 = 2.5123e-04
Loss = 7.8604e-01, PNorm = 75.0639, GNorm = 6.8148, lr_0 = 2.6635e-04
Loss = 6.8532e-01, PNorm = 75.1102, GNorm = 1.9250, lr_0 = 2.8147e-04
Loss = 5.7318e-01, PNorm = 75.1553, GNorm = 2.1465, lr_0 = 2.9660e-04
Loss = 6.3712e-01, PNorm = 75.2048, GNorm = 1.9182, lr_0 = 3.1172e-04
Loss = 5.7776e-01, PNorm = 75.2590, GNorm = 8.1529, lr_0 = 3.2685e-04
Loss = 5.4727e-01, PNorm = 75.3154, GNorm = 5.3673, lr_0 = 3.4197e-04
Loss = 5.4803e-01, PNorm = 75.3686, GNorm = 6.5849, lr_0 = 3.5709e-04
Loss = 5.8577e-01, PNorm = 75.4250, GNorm = 1.4145, lr_0 = 3.7222e-04
Loss = 6.0443e-01, PNorm = 75.4923, GNorm = 2.6687, lr_0 = 3.8734e-04
Loss = 5.5434e-01, PNorm = 75.5656, GNorm = 1.7056, lr_0 = 4.0246e-04
Loss = 5.2278e-01, PNorm = 75.6427, GNorm = 8.5249, lr_0 = 4.1759e-04
Loss = 5.6138e-01, PNorm = 75.7102, GNorm = 6.0463, lr_0 = 4.3271e-04
Loss = 5.2758e-01, PNorm = 75.7842, GNorm = 2.2265, lr_0 = 4.4784e-04
Loss = 5.3444e-01, PNorm = 75.8730, GNorm = 0.8886, lr_0 = 4.6296e-04
Validation rmse = 75.311395
Epoch 2
Loss = 4.6678e-01, PNorm = 75.9729, GNorm = 1.9955, lr_0 = 4.6861e-04
Loss = 4.9229e-01, PNorm = 76.0459, GNorm = 3.5411, lr_0 = 4.6795e-04
Loss = 4.2911e-01, PNorm = 76.1302, GNorm = 3.5510, lr_0 = 4.6729e-04
Loss = 4.0188e-01, PNorm = 76.2046, GNorm = 2.9244, lr_0 = 4.6663e-04
Loss = 4.6123e-01, PNorm = 76.2831, GNorm = 5.1186, lr_0 = 4.6597e-04
Loss = 4.8149e-01, PNorm = 76.3556, GNorm = 5.8999, lr_0 = 4.6531e-04
Loss = 4.4118e-01, PNorm = 76.4199, GNorm = 1.8142, lr_0 = 4.6466e-04
Loss = 5.0473e-01, PNorm = 76.5024, GNorm = 3.2874, lr_0 = 4.6400e-04
Loss = 4.3496e-01, PNorm = 76.5794, GNorm = 3.4652, lr_0 = 4.6334e-04
Loss = 4.3813e-01, PNorm = 76.6540, GNorm = 2.7255, lr_0 = 4.6269e-04
Loss = 4.0628e-01, PNorm = 76.7199, GNorm = 1.3423, lr_0 = 4.6204e-04
Loss = 3.8097e-01, PNorm = 76.7851, GNorm = 1.2159, lr_0 = 4.6138e-04
Loss = 4.7823e-01, PNorm = 76.8417, GNorm = 4.7906, lr_0 = 4.6073e-04
Loss = 4.0628e-01, PNorm = 76.9106, GNorm = 9.3616, lr_0 = 4.6008e-04
Loss = 4.5170e-01, PNorm = 76.9755, GNorm = 3.2351, lr_0 = 4.5943e-04
Loss = 4.5934e-01, PNorm = 77.0421, GNorm = 0.9856, lr_0 = 4.5878e-04
Validation rmse = 75.243559
Epoch 3
Loss = 3.8795e-01, PNorm = 77.1106, GNorm = 3.2351, lr_0 = 4.5814e-04
Loss = 3.6200e-01, PNorm = 77.1732, GNorm = 0.8457, lr_0 = 4.5749e-04
Loss = 3.7306e-01, PNorm = 77.2384, GNorm = 0.9996, lr_0 = 4.5684e-04
Loss = 3.3822e-01, PNorm = 77.2949, GNorm = 1.0502, lr_0 = 4.5620e-04
Loss = 3.7265e-01, PNorm = 77.3479, GNorm = 2.8537, lr_0 = 4.5555e-04
Loss = 3.7650e-01, PNorm = 77.3983, GNorm = 3.8593, lr_0 = 4.5491e-04
Loss = 3.4852e-01, PNorm = 77.4635, GNorm = 1.4187, lr_0 = 4.5427e-04
Loss = 3.3768e-01, PNorm = 77.5268, GNorm = 2.6519, lr_0 = 4.5363e-04
Loss = 3.0267e-01, PNorm = 77.5788, GNorm = 4.3762, lr_0 = 4.5299e-04
Loss = 3.1421e-01, PNorm = 77.6224, GNorm = 1.6380, lr_0 = 4.5235e-04
Loss = 3.6021e-01, PNorm = 77.6666, GNorm = 3.7142, lr_0 = 4.5171e-04
Loss = 3.3081e-01, PNorm = 77.7079, GNorm = 4.0309, lr_0 = 4.5107e-04
Loss = 3.3147e-01, PNorm = 77.7678, GNorm = 2.6819, lr_0 = 4.5043e-04
Loss = 3.2928e-01, PNorm = 77.8226, GNorm = 2.2898, lr_0 = 4.4980e-04
Loss = 3.2129e-01, PNorm = 77.8761, GNorm = 1.2001, lr_0 = 4.4916e-04
Validation rmse = 68.399258
Epoch 4
Loss = 3.7432e-01, PNorm = 77.9264, GNorm = 4.7306, lr_0 = 4.4853e-04
Loss = 3.2250e-01, PNorm = 77.9798, GNorm = 1.6644, lr_0 = 4.4789e-04
Loss = 2.8424e-01, PNorm = 78.0437, GNorm = 4.3042, lr_0 = 4.4726e-04
Loss = 2.9714e-01, PNorm = 78.1056, GNorm = 1.7700, lr_0 = 4.4663e-04
Loss = 3.3284e-01, PNorm = 78.1568, GNorm = 3.5486, lr_0 = 4.4600e-04
Loss = 3.8644e-01, PNorm = 78.2212, GNorm = 6.7201, lr_0 = 4.4537e-04
Loss = 2.6422e-01, PNorm = 78.2826, GNorm = 1.2504, lr_0 = 4.4474e-04
Loss = 2.5352e-01, PNorm = 78.3288, GNorm = 0.7532, lr_0 = 4.4411e-04
Loss = 3.3752e-01, PNorm = 78.3721, GNorm = 3.4388, lr_0 = 4.4348e-04
Loss = 3.7056e-01, PNorm = 78.4199, GNorm = 4.9039, lr_0 = 4.4286e-04
Loss = 3.5476e-01, PNorm = 78.4838, GNorm = 4.4661, lr_0 = 4.4223e-04
Loss = 2.9656e-01, PNorm = 78.5218, GNorm = 1.4994, lr_0 = 4.4161e-04
Loss = 2.7817e-01, PNorm = 78.5704, GNorm = 0.5784, lr_0 = 4.4099e-04
Loss = 2.6812e-01, PNorm = 78.6112, GNorm = 1.6172, lr_0 = 4.4036e-04
Loss = 3.0179e-01, PNorm = 78.6596, GNorm = 0.9579, lr_0 = 4.3974e-04
Validation rmse = 61.058721
Epoch 5
Loss = 2.7254e-01, PNorm = 78.6982, GNorm = 1.3264, lr_0 = 4.3912e-04
Loss = 2.2629e-01, PNorm = 78.7513, GNorm = 1.9741, lr_0 = 4.3850e-04
Loss = 2.8929e-01, PNorm = 78.7979, GNorm = 4.0467, lr_0 = 4.3788e-04
Loss = 3.0762e-01, PNorm = 78.8477, GNorm = 3.3935, lr_0 = 4.3726e-04
Loss = 2.9791e-01, PNorm = 78.9005, GNorm = 4.4770, lr_0 = 4.3664e-04
Loss = 3.2589e-01, PNorm = 78.9579, GNorm = 3.1687, lr_0 = 4.3603e-04
Loss = 2.5996e-01, PNorm = 79.0183, GNorm = 0.9412, lr_0 = 4.3541e-04
Loss = 3.0574e-01, PNorm = 79.0725, GNorm = 4.5641, lr_0 = 4.3480e-04
Loss = 3.2008e-01, PNorm = 79.1225, GNorm = 1.4291, lr_0 = 4.3418e-04
Loss = 2.9098e-01, PNorm = 79.1633, GNorm = 1.3079, lr_0 = 4.3357e-04
Loss = 2.6739e-01, PNorm = 79.2082, GNorm = 3.2890, lr_0 = 4.3296e-04
Loss = 2.7992e-01, PNorm = 79.2419, GNorm = 4.8091, lr_0 = 4.3235e-04
Loss = 3.7490e-01, PNorm = 79.2921, GNorm = 1.6926, lr_0 = 4.3174e-04
Loss = 2.7079e-01, PNorm = 79.3543, GNorm = 1.8269, lr_0 = 4.3113e-04
Loss = 2.5929e-01, PNorm = 79.3886, GNorm = 3.9253, lr_0 = 4.3052e-04
Loss = 2.8965e-01, PNorm = 79.4237, GNorm = 3.2814, lr_0 = 4.2991e-04
Validation rmse = 59.047384
Epoch 6
Loss = 2.5933e-01, PNorm = 79.4662, GNorm = 1.1006, lr_0 = 4.2930e-04
Loss = 2.2178e-01, PNorm = 79.4991, GNorm = 1.3844, lr_0 = 4.2870e-04
Loss = 2.4423e-01, PNorm = 79.5431, GNorm = 1.3272, lr_0 = 4.2809e-04
Loss = 2.7131e-01, PNorm = 79.5701, GNorm = 1.6929, lr_0 = 4.2749e-04
Loss = 3.0289e-01, PNorm = 79.6134, GNorm = 3.0331, lr_0 = 4.2688e-04
Loss = 2.5012e-01, PNorm = 79.6662, GNorm = 3.8930, lr_0 = 4.2628e-04
Loss = 2.8388e-01, PNorm = 79.7099, GNorm = 1.8087, lr_0 = 4.2568e-04
Loss = 2.8070e-01, PNorm = 79.7757, GNorm = 3.5514, lr_0 = 4.2508e-04
Loss = 3.1443e-01, PNorm = 79.8297, GNorm = 2.0747, lr_0 = 4.2448e-04
Loss = 2.7829e-01, PNorm = 79.8789, GNorm = 1.4843, lr_0 = 4.2388e-04
Loss = 2.9079e-01, PNorm = 79.9248, GNorm = 4.2274, lr_0 = 4.2328e-04
Loss = 2.5593e-01, PNorm = 79.9658, GNorm = 0.8262, lr_0 = 4.2268e-04
Loss = 2.7014e-01, PNorm = 80.0207, GNorm = 1.5433, lr_0 = 4.2208e-04
Loss = 2.8073e-01, PNorm = 80.0653, GNorm = 3.6339, lr_0 = 4.2149e-04
Loss = 2.5732e-01, PNorm = 80.1009, GNorm = 2.5413, lr_0 = 4.2089e-04
Validation rmse = 58.120376
Epoch 7
Loss = 2.1252e-01, PNorm = 80.1435, GNorm = 3.3634, lr_0 = 4.2030e-04
Loss = 2.2615e-01, PNorm = 80.1899, GNorm = 0.8852, lr_0 = 4.1971e-04
Loss = 2.6300e-01, PNorm = 80.2250, GNorm = 1.3486, lr_0 = 4.1911e-04
Loss = 2.1670e-01, PNorm = 80.2693, GNorm = 3.3155, lr_0 = 4.1852e-04
Loss = 2.6435e-01, PNorm = 80.3205, GNorm = 3.1971, lr_0 = 4.1793e-04
Loss = 2.4446e-01, PNorm = 80.3613, GNorm = 0.9060, lr_0 = 4.1734e-04
Loss = 2.4222e-01, PNorm = 80.4071, GNorm = 4.0543, lr_0 = 4.1675e-04
Loss = 2.4069e-01, PNorm = 80.4440, GNorm = 1.2933, lr_0 = 4.1616e-04
Loss = 2.6357e-01, PNorm = 80.4805, GNorm = 1.3421, lr_0 = 4.1557e-04
Loss = 3.0135e-01, PNorm = 80.5212, GNorm = 1.9476, lr_0 = 4.1499e-04
Loss = 2.7222e-01, PNorm = 80.5819, GNorm = 3.3031, lr_0 = 4.1440e-04
Loss = 2.8080e-01, PNorm = 80.6358, GNorm = 1.6475, lr_0 = 4.1382e-04
Loss = 2.4991e-01, PNorm = 80.6791, GNorm = 1.3426, lr_0 = 4.1323e-04
Loss = 2.5437e-01, PNorm = 80.7112, GNorm = 2.6270, lr_0 = 4.1265e-04
Loss = 2.5444e-01, PNorm = 80.7549, GNorm = 0.6702, lr_0 = 4.1207e-04
Loss = 2.1768e-01, PNorm = 80.7858, GNorm = 1.0637, lr_0 = 4.1148e-04
Validation rmse = 53.718736
Epoch 8
Loss = 2.3393e-01, PNorm = 80.8174, GNorm = 0.9909, lr_0 = 4.1090e-04
Loss = 2.1535e-01, PNorm = 80.8427, GNorm = 0.9997, lr_0 = 4.1032e-04
Loss = 2.3753e-01, PNorm = 80.8780, GNorm = 2.4032, lr_0 = 4.0974e-04
Loss = 2.5960e-01, PNorm = 80.9358, GNorm = 2.7701, lr_0 = 4.0916e-04
Loss = 2.1021e-01, PNorm = 80.9861, GNorm = 4.5760, lr_0 = 4.0859e-04
Loss = 2.2450e-01, PNorm = 81.0404, GNorm = 1.9504, lr_0 = 4.0801e-04
Loss = 2.5726e-01, PNorm = 81.0786, GNorm = 3.9127, lr_0 = 4.0743e-04
Loss = 2.1236e-01, PNorm = 81.1151, GNorm = 2.1002, lr_0 = 4.0686e-04
Loss = 2.3349e-01, PNorm = 81.1532, GNorm = 1.8752, lr_0 = 4.0628e-04
Loss = 2.4231e-01, PNorm = 81.1948, GNorm = 1.0422, lr_0 = 4.0571e-04
Loss = 2.1131e-01, PNorm = 81.2515, GNorm = 1.4306, lr_0 = 4.0514e-04
Loss = 2.3146e-01, PNorm = 81.2805, GNorm = 1.0249, lr_0 = 4.0457e-04
Loss = 2.3270e-01, PNorm = 81.3289, GNorm = 1.8016, lr_0 = 4.0399e-04
Loss = 2.5850e-01, PNorm = 81.3590, GNorm = 1.4687, lr_0 = 4.0342e-04
Loss = 2.4823e-01, PNorm = 81.4081, GNorm = 1.0076, lr_0 = 4.0285e-04
Validation rmse = 52.723150
Epoch 9
Loss = 2.3090e-01, PNorm = 81.4393, GNorm = 0.9485, lr_0 = 4.0228e-04
Loss = 2.0851e-01, PNorm = 81.4774, GNorm = 1.1357, lr_0 = 4.0172e-04
Loss = 2.2446e-01, PNorm = 81.5129, GNorm = 1.2234, lr_0 = 4.0115e-04
Loss = 2.1049e-01, PNorm = 81.5464, GNorm = 1.2843, lr_0 = 4.0058e-04
Loss = 2.3338e-01, PNorm = 81.5888, GNorm = 2.0195, lr_0 = 4.0002e-04
Loss = 2.2837e-01, PNorm = 81.6335, GNorm = 1.7638, lr_0 = 3.9945e-04
Loss = 2.3400e-01, PNorm = 81.6711, GNorm = 1.5385, lr_0 = 3.9889e-04
Loss = 2.0419e-01, PNorm = 81.7116, GNorm = 1.0797, lr_0 = 3.9833e-04
Loss = 2.2536e-01, PNorm = 81.7566, GNorm = 2.3282, lr_0 = 3.9776e-04
Loss = 2.1397e-01, PNorm = 81.7934, GNorm = 0.5838, lr_0 = 3.9720e-04
Loss = 2.5314e-01, PNorm = 81.8296, GNorm = 1.8833, lr_0 = 3.9664e-04
Loss = 2.5360e-01, PNorm = 81.8591, GNorm = 1.2788, lr_0 = 3.9608e-04
Loss = 2.0741e-01, PNorm = 81.8989, GNorm = 1.3245, lr_0 = 3.9552e-04
Loss = 2.1672e-01, PNorm = 81.9399, GNorm = 1.2656, lr_0 = 3.9496e-04
Loss = 2.2158e-01, PNorm = 81.9799, GNorm = 1.6204, lr_0 = 3.9440e-04
Validation rmse = 51.602519
Epoch 10
Loss = 2.2089e-01, PNorm = 82.0130, GNorm = 1.2987, lr_0 = 3.9385e-04
Loss = 2.0137e-01, PNorm = 82.0575, GNorm = 1.2577, lr_0 = 3.9329e-04
Loss = 2.1286e-01, PNorm = 82.1042, GNorm = 1.0127, lr_0 = 3.9274e-04
Loss = 1.7734e-01, PNorm = 82.1350, GNorm = 1.2775, lr_0 = 3.9218e-04
Loss = 1.9613e-01, PNorm = 82.1613, GNorm = 1.9803, lr_0 = 3.9163e-04
Loss = 2.7478e-01, PNorm = 82.1989, GNorm = 6.5366, lr_0 = 3.9107e-04
Loss = 1.9405e-01, PNorm = 82.2365, GNorm = 1.5105, lr_0 = 3.9052e-04
Loss = 1.9211e-01, PNorm = 82.2767, GNorm = 2.5334, lr_0 = 3.8997e-04
Loss = 2.2504e-01, PNorm = 82.3263, GNorm = 1.5439, lr_0 = 3.8942e-04
Loss = 2.1609e-01, PNorm = 82.3732, GNorm = 0.7843, lr_0 = 3.8887e-04
Loss = 2.0813e-01, PNorm = 82.4224, GNorm = 2.4885, lr_0 = 3.8832e-04
Loss = 2.2057e-01, PNorm = 82.4510, GNorm = 0.9046, lr_0 = 3.8777e-04
Loss = 2.1536e-01, PNorm = 82.4815, GNorm = 1.2307, lr_0 = 3.8723e-04
Loss = 2.2335e-01, PNorm = 82.5234, GNorm = 1.2276, lr_0 = 3.8668e-04
Loss = 2.2718e-01, PNorm = 82.5689, GNorm = 1.3247, lr_0 = 3.8613e-04
Loss = 2.1540e-01, PNorm = 82.6037, GNorm = 2.2963, lr_0 = 3.8559e-04
Validation rmse = 52.780685
Epoch 11
Loss = 2.2083e-01, PNorm = 82.6422, GNorm = 0.7969, lr_0 = 3.8504e-04
Loss = 2.1284e-01, PNorm = 82.6783, GNorm = 1.2919, lr_0 = 3.8450e-04
Loss = 2.0893e-01, PNorm = 82.7120, GNorm = 2.2340, lr_0 = 3.8396e-04
Loss = 1.9940e-01, PNorm = 82.7615, GNorm = 1.8150, lr_0 = 3.8341e-04
Loss = 1.9614e-01, PNorm = 82.8067, GNorm = 0.8528, lr_0 = 3.8287e-04
Loss = 1.8290e-01, PNorm = 82.8362, GNorm = 1.2632, lr_0 = 3.8233e-04
Loss = 1.8981e-01, PNorm = 82.8652, GNorm = 0.9771, lr_0 = 3.8179e-04
Loss = 1.8338e-01, PNorm = 82.9079, GNorm = 3.5362, lr_0 = 3.8125e-04
Loss = 2.0173e-01, PNorm = 82.9526, GNorm = 1.6527, lr_0 = 3.8071e-04
Loss = 2.3068e-01, PNorm = 82.9844, GNorm = 1.8676, lr_0 = 3.8018e-04
Loss = 2.1911e-01, PNorm = 83.0214, GNorm = 2.3754, lr_0 = 3.7964e-04
Loss = 2.4289e-01, PNorm = 83.0694, GNorm = 2.0073, lr_0 = 3.7910e-04
Loss = 2.2538e-01, PNorm = 83.0809, GNorm = 0.8162, lr_0 = 3.7857e-04
Loss = 1.8268e-01, PNorm = 83.1135, GNorm = 3.7736, lr_0 = 3.7803e-04
Loss = 1.9922e-01, PNorm = 83.1598, GNorm = 0.7201, lr_0 = 3.7750e-04
Validation rmse = 48.453551
Epoch 12
Loss = 2.7368e-01, PNorm = 83.2019, GNorm = 2.2599, lr_0 = 3.7697e-04
Loss = 1.7413e-01, PNorm = 83.2378, GNorm = 0.7980, lr_0 = 3.7643e-04
Loss = 2.2147e-01, PNorm = 83.2641, GNorm = 0.8809, lr_0 = 3.7590e-04
Loss = 1.8035e-01, PNorm = 83.2993, GNorm = 3.0737, lr_0 = 3.7537e-04
Loss = 1.8428e-01, PNorm = 83.3222, GNorm = 3.2166, lr_0 = 3.7484e-04
Loss = 2.0422e-01, PNorm = 83.3551, GNorm = 1.0602, lr_0 = 3.7431e-04
Loss = 1.6575e-01, PNorm = 83.3914, GNorm = 1.0560, lr_0 = 3.7378e-04
Loss = 1.9200e-01, PNorm = 83.4280, GNorm = 0.9115, lr_0 = 3.7326e-04
Loss = 1.8244e-01, PNorm = 83.4485, GNorm = 0.8018, lr_0 = 3.7273e-04
Loss = 2.1608e-01, PNorm = 83.4716, GNorm = 1.7285, lr_0 = 3.7220e-04
Loss = 1.9913e-01, PNorm = 83.5080, GNorm = 1.8894, lr_0 = 3.7168e-04
Loss = 1.9922e-01, PNorm = 83.5503, GNorm = 1.5548, lr_0 = 3.7115e-04
Loss = 2.0657e-01, PNorm = 83.5730, GNorm = 0.7596, lr_0 = 3.7063e-04
Loss = 1.9530e-01, PNorm = 83.6134, GNorm = 1.5988, lr_0 = 3.7011e-04
Loss = 2.1490e-01, PNorm = 83.6509, GNorm = 1.4867, lr_0 = 3.6958e-04
Loss = 2.0748e-01, PNorm = 83.6908, GNorm = 1.5461, lr_0 = 3.6906e-04
Validation rmse = 50.003806
Epoch 13
Loss = 2.0746e-01, PNorm = 83.7095, GNorm = 0.9572, lr_0 = 3.6854e-04
Loss = 1.8679e-01, PNorm = 83.7335, GNorm = 1.2282, lr_0 = 3.6802e-04
Loss = 1.8868e-01, PNorm = 83.7640, GNorm = 0.9608, lr_0 = 3.6750e-04
Loss = 1.9411e-01, PNorm = 83.7957, GNorm = 2.5364, lr_0 = 3.6698e-04
Loss = 1.9253e-01, PNorm = 83.8365, GNorm = 2.5428, lr_0 = 3.6646e-04
Loss = 1.8822e-01, PNorm = 83.8733, GNorm = 1.3774, lr_0 = 3.6594e-04
Loss = 1.6995e-01, PNorm = 83.9187, GNorm = 0.6325, lr_0 = 3.6543e-04
Loss = 1.6917e-01, PNorm = 83.9404, GNorm = 0.6943, lr_0 = 3.6491e-04
Loss = 1.9209e-01, PNorm = 83.9653, GNorm = 1.8169, lr_0 = 3.6440e-04
Loss = 2.1391e-01, PNorm = 84.0034, GNorm = 0.8035, lr_0 = 3.6388e-04
Loss = 2.4853e-01, PNorm = 84.0519, GNorm = 2.6665, lr_0 = 3.6337e-04
Loss = 2.1338e-01, PNorm = 84.0883, GNorm = 3.1085, lr_0 = 3.6286e-04
Loss = 1.9852e-01, PNorm = 84.1436, GNorm = 1.3094, lr_0 = 3.6234e-04
Loss = 1.9774e-01, PNorm = 84.1789, GNorm = 0.8640, lr_0 = 3.6183e-04
Loss = 1.8006e-01, PNorm = 84.2081, GNorm = 2.5066, lr_0 = 3.6132e-04
Validation rmse = 48.687557
Epoch 14
Loss = 1.5941e-01, PNorm = 84.2403, GNorm = 0.8424, lr_0 = 3.6081e-04
Loss = 1.7773e-01, PNorm = 84.2759, GNorm = 1.4691, lr_0 = 3.6030e-04
Loss = 1.8305e-01, PNorm = 84.3038, GNorm = 3.3295, lr_0 = 3.5979e-04
Loss = 1.8788e-01, PNorm = 84.3255, GNorm = 1.7714, lr_0 = 3.5928e-04
Loss = 1.7359e-01, PNorm = 84.3616, GNorm = 1.5154, lr_0 = 3.5878e-04
Loss = 1.6773e-01, PNorm = 84.3906, GNorm = 2.2768, lr_0 = 3.5827e-04
Loss = 1.5239e-01, PNorm = 84.4146, GNorm = 2.3825, lr_0 = 3.5776e-04
Loss = 1.9426e-01, PNorm = 84.4483, GNorm = 0.9175, lr_0 = 3.5726e-04
Loss = 1.7662e-01, PNorm = 84.4705, GNorm = 1.4860, lr_0 = 3.5675e-04
Loss = 1.8540e-01, PNorm = 84.5104, GNorm = 1.3786, lr_0 = 3.5625e-04
Loss = 1.9173e-01, PNorm = 84.5429, GNorm = 1.1617, lr_0 = 3.5575e-04
Loss = 1.9771e-01, PNorm = 84.5623, GNorm = 2.0649, lr_0 = 3.5525e-04
Loss = 1.9968e-01, PNorm = 84.5927, GNorm = 1.3209, lr_0 = 3.5474e-04
Loss = 2.0695e-01, PNorm = 84.6333, GNorm = 0.7652, lr_0 = 3.5424e-04
Loss = 2.5350e-01, PNorm = 84.6656, GNorm = 3.5870, lr_0 = 3.5374e-04
Validation rmse = 48.435907
Epoch 15
Loss = 2.1439e-01, PNorm = 84.7154, GNorm = 2.1463, lr_0 = 3.5324e-04
Loss = 1.9989e-01, PNorm = 84.7601, GNorm = 1.7496, lr_0 = 3.5274e-04
Loss = 2.0284e-01, PNorm = 84.7901, GNorm = 2.2057, lr_0 = 3.5225e-04
Loss = 1.9701e-01, PNorm = 84.8423, GNorm = 1.9677, lr_0 = 3.5175e-04
Loss = 1.6424e-01, PNorm = 84.8653, GNorm = 0.5651, lr_0 = 3.5125e-04
Loss = 1.7787e-01, PNorm = 84.8852, GNorm = 0.6738, lr_0 = 3.5076e-04
Loss = 1.7711e-01, PNorm = 84.9199, GNorm = 1.4762, lr_0 = 3.5026e-04
Loss = 1.9062e-01, PNorm = 84.9450, GNorm = 1.6444, lr_0 = 3.4977e-04
Loss = 2.2607e-01, PNorm = 84.9838, GNorm = 0.9268, lr_0 = 3.4927e-04
Loss = 1.8170e-01, PNorm = 85.0152, GNorm = 1.3901, lr_0 = 3.4878e-04
Loss = 1.8526e-01, PNorm = 85.0519, GNorm = 1.0265, lr_0 = 3.4829e-04
Loss = 1.9999e-01, PNorm = 85.0902, GNorm = 0.5727, lr_0 = 3.4779e-04
Loss = 2.1874e-01, PNorm = 85.1164, GNorm = 0.9126, lr_0 = 3.4730e-04
Loss = 1.6147e-01, PNorm = 85.1392, GNorm = 1.2186, lr_0 = 3.4681e-04
Loss = 1.6347e-01, PNorm = 85.1769, GNorm = 0.6679, lr_0 = 3.4632e-04
Loss = 1.7525e-01, PNorm = 85.2081, GNorm = 1.7064, lr_0 = 3.4583e-04
Validation rmse = 49.649884
Epoch 16
Loss = 1.7484e-01, PNorm = 85.2465, GNorm = 0.8435, lr_0 = 3.4535e-04
Loss = 1.7163e-01, PNorm = 85.2708, GNorm = 0.8294, lr_0 = 3.4486e-04
Loss = 1.9450e-01, PNorm = 85.3004, GNorm = 0.7529, lr_0 = 3.4437e-04
Loss = 2.1355e-01, PNorm = 85.3363, GNorm = 1.4317, lr_0 = 3.4388e-04
Loss = 1.6408e-01, PNorm = 85.3670, GNorm = 0.8781, lr_0 = 3.4340e-04
Loss = 1.5541e-01, PNorm = 85.4003, GNorm = 0.6548, lr_0 = 3.4291e-04
Loss = 1.7958e-01, PNorm = 85.4395, GNorm = 0.7425, lr_0 = 3.4243e-04
Loss = 2.2581e-01, PNorm = 85.4644, GNorm = 0.9992, lr_0 = 3.4195e-04
Loss = 1.7981e-01, PNorm = 85.5049, GNorm = 1.0185, lr_0 = 3.4146e-04
Loss = 1.5703e-01, PNorm = 85.5412, GNorm = 1.3450, lr_0 = 3.4098e-04
Loss = 1.6646e-01, PNorm = 85.5669, GNorm = 0.8451, lr_0 = 3.4050e-04
Loss = 1.6523e-01, PNorm = 85.5882, GNorm = 1.1009, lr_0 = 3.4002e-04
Loss = 2.0086e-01, PNorm = 85.6195, GNorm = 2.5759, lr_0 = 3.3954e-04
Loss = 1.7755e-01, PNorm = 85.6500, GNorm = 0.9774, lr_0 = 3.3906e-04
Loss = 1.6438e-01, PNorm = 85.6822, GNorm = 3.2371, lr_0 = 3.3858e-04
Validation rmse = 48.374837
Epoch 17
Loss = 1.8050e-01, PNorm = 85.7034, GNorm = 0.6669, lr_0 = 3.3810e-04
Loss = 1.6100e-01, PNorm = 85.7276, GNorm = 0.7197, lr_0 = 3.3763e-04
Loss = 1.6216e-01, PNorm = 85.7524, GNorm = 1.4035, lr_0 = 3.3715e-04
Loss = 1.5638e-01, PNorm = 85.7875, GNorm = 1.2233, lr_0 = 3.3667e-04
Loss = 1.8234e-01, PNorm = 85.8177, GNorm = 1.0358, lr_0 = 3.3620e-04
Loss = 1.7093e-01, PNorm = 85.8456, GNorm = 0.9577, lr_0 = 3.3572e-04
Loss = 1.6717e-01, PNorm = 85.8739, GNorm = 2.1522, lr_0 = 3.3525e-04
Loss = 1.6979e-01, PNorm = 85.8929, GNorm = 0.6783, lr_0 = 3.3477e-04
Loss = 1.8887e-01, PNorm = 85.9196, GNorm = 1.4375, lr_0 = 3.3430e-04
Loss = 1.7003e-01, PNorm = 85.9617, GNorm = 1.2552, lr_0 = 3.3383e-04
Loss = 1.8370e-01, PNorm = 85.9884, GNorm = 2.5449, lr_0 = 3.3336e-04
Loss = 1.6675e-01, PNorm = 86.0297, GNorm = 0.8377, lr_0 = 3.3289e-04
Loss = 1.6860e-01, PNorm = 86.0562, GNorm = 0.7040, lr_0 = 3.3242e-04
Loss = 1.8054e-01, PNorm = 86.0885, GNorm = 0.9257, lr_0 = 3.3195e-04
Loss = 1.7219e-01, PNorm = 86.1158, GNorm = 1.7714, lr_0 = 3.3148e-04
Loss = 1.5003e-01, PNorm = 86.1428, GNorm = 1.0233, lr_0 = 3.3101e-04
Validation rmse = 46.482793
Epoch 18
Loss = 1.5542e-01, PNorm = 86.1743, GNorm = 0.5976, lr_0 = 3.3054e-04
Loss = 1.7054e-01, PNorm = 86.2036, GNorm = 2.1185, lr_0 = 3.3008e-04
Loss = 1.6944e-01, PNorm = 86.2472, GNorm = 0.9129, lr_0 = 3.2961e-04
Loss = 1.8204e-01, PNorm = 86.2721, GNorm = 1.2248, lr_0 = 3.2915e-04
Loss = 1.6690e-01, PNorm = 86.2951, GNorm = 3.1746, lr_0 = 3.2868e-04
Loss = 1.6741e-01, PNorm = 86.3187, GNorm = 2.0142, lr_0 = 3.2822e-04
Loss = 1.9796e-01, PNorm = 86.3473, GNorm = 1.8075, lr_0 = 3.2775e-04
Loss = 2.2340e-01, PNorm = 86.3923, GNorm = 0.8312, lr_0 = 3.2729e-04
Loss = 1.9124e-01, PNorm = 86.4430, GNorm = 1.1287, lr_0 = 3.2683e-04
Loss = 1.7554e-01, PNorm = 86.4604, GNorm = 2.1679, lr_0 = 3.2637e-04
Loss = 1.9975e-01, PNorm = 86.4993, GNorm = 1.7237, lr_0 = 3.2591e-04
Loss = 1.7225e-01, PNorm = 86.5242, GNorm = 1.2429, lr_0 = 3.2545e-04
Loss = 1.5460e-01, PNorm = 86.5528, GNorm = 0.9551, lr_0 = 3.2499e-04
Loss = 1.4555e-01, PNorm = 86.5891, GNorm = 1.2067, lr_0 = 3.2453e-04
Loss = 1.6909e-01, PNorm = 86.6164, GNorm = 0.9068, lr_0 = 3.2407e-04
Validation rmse = 45.592848
Epoch 19
Loss = 1.6234e-01, PNorm = 86.6390, GNorm = 0.6658, lr_0 = 3.2361e-04
Loss = 1.8403e-01, PNorm = 86.6715, GNorm = 1.8052, lr_0 = 3.2315e-04
Loss = 1.8249e-01, PNorm = 86.7030, GNorm = 0.8744, lr_0 = 3.2270e-04
Loss = 1.5039e-01, PNorm = 86.7270, GNorm = 0.8528, lr_0 = 3.2224e-04
Loss = 1.4306e-01, PNorm = 86.7602, GNorm = 1.2489, lr_0 = 3.2179e-04
Loss = 1.7566e-01, PNorm = 86.7956, GNorm = 1.1455, lr_0 = 3.2133e-04
Loss = 1.6472e-01, PNorm = 86.8224, GNorm = 0.7431, lr_0 = 3.2088e-04
Loss = 1.4321e-01, PNorm = 86.8400, GNorm = 1.4753, lr_0 = 3.2043e-04
Loss = 1.5258e-01, PNorm = 86.8735, GNorm = 0.8664, lr_0 = 3.1997e-04
Loss = 1.4780e-01, PNorm = 86.9069, GNorm = 0.7551, lr_0 = 3.1952e-04
Loss = 1.8438e-01, PNorm = 86.9274, GNorm = 0.9222, lr_0 = 3.1907e-04
Loss = 2.2661e-01, PNorm = 86.9675, GNorm = 1.2050, lr_0 = 3.1862e-04
Loss = 1.5877e-01, PNorm = 86.9837, GNorm = 1.4182, lr_0 = 3.1817e-04
Loss = 1.8319e-01, PNorm = 87.0100, GNorm = 1.0288, lr_0 = 3.1772e-04
Loss = 1.8865e-01, PNorm = 87.0528, GNorm = 0.8108, lr_0 = 3.1727e-04
Validation rmse = 46.236215
Epoch 20
Loss = 1.6770e-01, PNorm = 87.0835, GNorm = 1.3990, lr_0 = 3.1682e-04
Loss = 1.6908e-01, PNorm = 87.1096, GNorm = 0.5891, lr_0 = 3.1638e-04
Loss = 1.9870e-01, PNorm = 87.1364, GNorm = 1.4790, lr_0 = 3.1593e-04
Loss = 1.9429e-01, PNorm = 87.1681, GNorm = 1.3981, lr_0 = 3.1548e-04
Loss = 1.6787e-01, PNorm = 87.1928, GNorm = 1.1421, lr_0 = 3.1504e-04
Loss = 1.3959e-01, PNorm = 87.2160, GNorm = 0.6141, lr_0 = 3.1459e-04
Loss = 1.5851e-01, PNorm = 87.2452, GNorm = 0.6900, lr_0 = 3.1415e-04
Loss = 1.7922e-01, PNorm = 87.2710, GNorm = 2.3144, lr_0 = 3.1371e-04
Loss = 1.5611e-01, PNorm = 87.2936, GNorm = 0.7624, lr_0 = 3.1326e-04
Loss = 1.6615e-01, PNorm = 87.3338, GNorm = 0.9467, lr_0 = 3.1282e-04
Loss = 1.4178e-01, PNorm = 87.3581, GNorm = 0.8636, lr_0 = 3.1238e-04
Loss = 1.6150e-01, PNorm = 87.3893, GNorm = 0.8615, lr_0 = 3.1194e-04
Loss = 1.6419e-01, PNorm = 87.4268, GNorm = 0.9704, lr_0 = 3.1150e-04
Loss = 1.4691e-01, PNorm = 87.4536, GNorm = 1.2569, lr_0 = 3.1106e-04
Loss = 1.5556e-01, PNorm = 87.4828, GNorm = 1.6511, lr_0 = 3.1062e-04
Loss = 1.7853e-01, PNorm = 87.5105, GNorm = 0.6036, lr_0 = 3.1018e-04
Validation rmse = 45.606102
Epoch 21
Loss = 1.6460e-01, PNorm = 87.5391, GNorm = 0.9634, lr_0 = 3.0974e-04
Loss = 1.6211e-01, PNorm = 87.5667, GNorm = 0.7639, lr_0 = 3.0930e-04
Loss = 1.1705e-01, PNorm = 87.5935, GNorm = 0.8417, lr_0 = 3.0887e-04
Loss = 1.4316e-01, PNorm = 87.6158, GNorm = 1.7630, lr_0 = 3.0843e-04
Loss = 1.6878e-01, PNorm = 87.6360, GNorm = 1.7180, lr_0 = 3.0800e-04
Loss = 1.5301e-01, PNorm = 87.6692, GNorm = 0.6176, lr_0 = 3.0756e-04
Loss = 1.7453e-01, PNorm = 87.7056, GNorm = 2.6649, lr_0 = 3.0713e-04
Loss = 1.6143e-01, PNorm = 87.7248, GNorm = 2.2661, lr_0 = 3.0669e-04
Loss = 1.8080e-01, PNorm = 87.7570, GNorm = 1.1439, lr_0 = 3.0626e-04
Loss = 1.7181e-01, PNorm = 87.7806, GNorm = 1.1128, lr_0 = 3.0583e-04
Loss = 1.5966e-01, PNorm = 87.8121, GNorm = 1.8633, lr_0 = 3.0540e-04
Loss = 1.6317e-01, PNorm = 87.8431, GNorm = 1.2148, lr_0 = 3.0496e-04
Loss = 1.4608e-01, PNorm = 87.8644, GNorm = 2.1625, lr_0 = 3.0453e-04
Loss = 1.7277e-01, PNorm = 87.8883, GNorm = 0.5841, lr_0 = 3.0410e-04
Loss = 1.7333e-01, PNorm = 87.9217, GNorm = 0.5928, lr_0 = 3.0367e-04
Validation rmse = 47.087762
Epoch 22
Loss = 1.9701e-01, PNorm = 87.9594, GNorm = 1.3827, lr_0 = 3.0325e-04
Loss = 1.8010e-01, PNorm = 88.0020, GNorm = 0.6776, lr_0 = 3.0282e-04
Loss = 1.6505e-01, PNorm = 88.0402, GNorm = 0.6092, lr_0 = 3.0239e-04
Loss = 1.6141e-01, PNorm = 88.0823, GNorm = 0.8421, lr_0 = 3.0196e-04
Loss = 1.3880e-01, PNorm = 88.0990, GNorm = 0.7884, lr_0 = 3.0154e-04
Loss = 1.4787e-01, PNorm = 88.1097, GNorm = 0.9269, lr_0 = 3.0111e-04
Loss = 1.2865e-01, PNorm = 88.1353, GNorm = 1.0437, lr_0 = 3.0068e-04
Loss = 1.2401e-01, PNorm = 88.1601, GNorm = 0.6907, lr_0 = 3.0026e-04
Loss = 1.7375e-01, PNorm = 88.1799, GNorm = 1.3590, lr_0 = 2.9984e-04
Loss = 1.5006e-01, PNorm = 88.2195, GNorm = 0.5681, lr_0 = 2.9941e-04
Loss = 1.8905e-01, PNorm = 88.2548, GNorm = 2.3352, lr_0 = 2.9899e-04
Loss = 1.9801e-01, PNorm = 88.2830, GNorm = 0.9309, lr_0 = 2.9857e-04
Loss = 1.6820e-01, PNorm = 88.3202, GNorm = 0.8349, lr_0 = 2.9815e-04
Loss = 1.5556e-01, PNorm = 88.3452, GNorm = 0.8148, lr_0 = 2.9773e-04
Loss = 1.5631e-01, PNorm = 88.3777, GNorm = 1.2825, lr_0 = 2.9730e-04
Loss = 1.4956e-01, PNorm = 88.3964, GNorm = 1.3855, lr_0 = 2.9689e-04
Validation rmse = 45.387249
Epoch 23
Loss = 1.5803e-01, PNorm = 88.4185, GNorm = 2.5256, lr_0 = 2.9647e-04
Loss = 1.5184e-01, PNorm = 88.4469, GNorm = 1.6578, lr_0 = 2.9605e-04
Loss = 1.9000e-01, PNorm = 88.4786, GNorm = 0.8612, lr_0 = 2.9563e-04
Loss = 1.4681e-01, PNorm = 88.5051, GNorm = 1.2268, lr_0 = 2.9521e-04
Loss = 1.6235e-01, PNorm = 88.5380, GNorm = 0.7343, lr_0 = 2.9479e-04
Loss = 1.9570e-01, PNorm = 88.5682, GNorm = 0.3508, lr_0 = 2.9438e-04
Loss = 1.4623e-01, PNorm = 88.5984, GNorm = 1.2135, lr_0 = 2.9396e-04
Loss = 1.5570e-01, PNorm = 88.6412, GNorm = 0.4226, lr_0 = 2.9355e-04
Loss = 1.4295e-01, PNorm = 88.6708, GNorm = 1.5663, lr_0 = 2.9313e-04
Loss = 1.5202e-01, PNorm = 88.7034, GNorm = 1.4117, lr_0 = 2.9272e-04
Loss = 1.6396e-01, PNorm = 88.7210, GNorm = 1.1393, lr_0 = 2.9231e-04
Loss = 1.6075e-01, PNorm = 88.7499, GNorm = 2.7055, lr_0 = 2.9189e-04
Loss = 1.6564e-01, PNorm = 88.7880, GNorm = 0.8872, lr_0 = 2.9148e-04
Loss = 1.6119e-01, PNorm = 88.8109, GNorm = 0.8454, lr_0 = 2.9107e-04
Loss = 1.3151e-01, PNorm = 88.8373, GNorm = 1.1070, lr_0 = 2.9066e-04
Validation rmse = 45.527661
Epoch 24
Loss = 1.4829e-01, PNorm = 88.8598, GNorm = 1.4921, lr_0 = 2.9025e-04
Loss = 1.7322e-01, PNorm = 88.8957, GNorm = 1.4558, lr_0 = 2.8984e-04
Loss = 1.6878e-01, PNorm = 88.9122, GNorm = 1.8718, lr_0 = 2.8943e-04
Loss = 1.6137e-01, PNorm = 88.9453, GNorm = 1.0558, lr_0 = 2.8902e-04
Loss = 1.5242e-01, PNorm = 88.9807, GNorm = 1.4458, lr_0 = 2.8861e-04
Loss = 1.4693e-01, PNorm = 89.0097, GNorm = 0.6048, lr_0 = 2.8820e-04
Loss = 1.6401e-01, PNorm = 89.0309, GNorm = 0.7396, lr_0 = 2.8780e-04
Loss = 1.1942e-01, PNorm = 89.0518, GNorm = 0.5922, lr_0 = 2.8739e-04
Loss = 1.4709e-01, PNorm = 89.0776, GNorm = 1.1035, lr_0 = 2.8699e-04
Loss = 1.1405e-01, PNorm = 89.0936, GNorm = 0.5236, lr_0 = 2.8658e-04
Loss = 1.3112e-01, PNorm = 89.1008, GNorm = 1.2047, lr_0 = 2.8618e-04
Loss = 1.4732e-01, PNorm = 89.1195, GNorm = 1.1686, lr_0 = 2.8577e-04
Loss = 1.4468e-01, PNorm = 89.1441, GNorm = 0.9632, lr_0 = 2.8537e-04
Loss = 1.5123e-01, PNorm = 89.1790, GNorm = 0.9076, lr_0 = 2.8496e-04
Loss = 1.6702e-01, PNorm = 89.2034, GNorm = 1.0444, lr_0 = 2.8456e-04
Validation rmse = 44.047959
Epoch 25
Loss = 1.3383e-01, PNorm = 89.2248, GNorm = 0.8939, lr_0 = 2.8416e-04
Loss = 1.3508e-01, PNorm = 89.2494, GNorm = 1.4132, lr_0 = 2.8376e-04
Loss = 1.6056e-01, PNorm = 89.2770, GNorm = 0.7624, lr_0 = 2.8336e-04
Loss = 1.4849e-01, PNorm = 89.3113, GNorm = 0.6447, lr_0 = 2.8296e-04
Loss = 1.4446e-01, PNorm = 89.3476, GNorm = 0.8019, lr_0 = 2.8256e-04
Loss = 1.6992e-01, PNorm = 89.3724, GNorm = 0.8642, lr_0 = 2.8216e-04
Loss = 1.6149e-01, PNorm = 89.4055, GNorm = 0.6575, lr_0 = 2.8176e-04
Loss = 1.5039e-01, PNorm = 89.4318, GNorm = 0.7423, lr_0 = 2.8136e-04
Loss = 1.6105e-01, PNorm = 89.4527, GNorm = 1.2275, lr_0 = 2.8097e-04
Loss = 1.9947e-01, PNorm = 89.4768, GNorm = 1.0891, lr_0 = 2.8057e-04
Loss = 1.3730e-01, PNorm = 89.5051, GNorm = 0.7256, lr_0 = 2.8017e-04
Loss = 1.3675e-01, PNorm = 89.5263, GNorm = 0.5799, lr_0 = 2.7978e-04
Loss = 1.6511e-01, PNorm = 89.5613, GNorm = 1.7448, lr_0 = 2.7938e-04
Loss = 1.4180e-01, PNorm = 89.6058, GNorm = 1.5303, lr_0 = 2.7899e-04
Loss = 1.5603e-01, PNorm = 89.6253, GNorm = 2.3541, lr_0 = 2.7859e-04
Loss = 1.5595e-01, PNorm = 89.6521, GNorm = 0.5640, lr_0 = 2.7820e-04
Validation rmse = 44.254570
Epoch 26
Loss = 1.5653e-01, PNorm = 89.6790, GNorm = 1.7053, lr_0 = 2.7781e-04
Loss = 1.5840e-01, PNorm = 89.7022, GNorm = 1.5816, lr_0 = 2.7742e-04
Loss = 1.3366e-01, PNorm = 89.7221, GNorm = 1.2701, lr_0 = 2.7702e-04
Loss = 1.4151e-01, PNorm = 89.7386, GNorm = 0.7543, lr_0 = 2.7663e-04
Loss = 1.3355e-01, PNorm = 89.7687, GNorm = 0.7045, lr_0 = 2.7624e-04
Loss = 1.4812e-01, PNorm = 89.7958, GNorm = 1.3130, lr_0 = 2.7585e-04
Loss = 1.4698e-01, PNorm = 89.8190, GNorm = 1.5703, lr_0 = 2.7546e-04
Loss = 1.5968e-01, PNorm = 89.8446, GNorm = 2.6666, lr_0 = 2.7507e-04
Loss = 1.5846e-01, PNorm = 89.8724, GNorm = 3.1865, lr_0 = 2.7468e-04
Loss = 1.5715e-01, PNorm = 89.8996, GNorm = 1.3183, lr_0 = 2.7430e-04
Loss = 1.6784e-01, PNorm = 89.9251, GNorm = 0.8755, lr_0 = 2.7391e-04
Loss = 1.3265e-01, PNorm = 89.9589, GNorm = 1.8584, lr_0 = 2.7352e-04
Loss = 1.4454e-01, PNorm = 89.9863, GNorm = 0.8826, lr_0 = 2.7314e-04
Loss = 1.3092e-01, PNorm = 90.0145, GNorm = 1.0051, lr_0 = 2.7275e-04
Loss = 1.5134e-01, PNorm = 90.0311, GNorm = 1.4073, lr_0 = 2.7237e-04
Validation rmse = 43.347074
Epoch 27
Loss = 1.5766e-01, PNorm = 90.0414, GNorm = 0.8256, lr_0 = 2.7198e-04
Loss = 1.4306e-01, PNorm = 90.0642, GNorm = 0.6340, lr_0 = 2.7160e-04
Loss = 1.4745e-01, PNorm = 90.0877, GNorm = 1.4619, lr_0 = 2.7121e-04
Loss = 1.4709e-01, PNorm = 90.1113, GNorm = 1.6530, lr_0 = 2.7083e-04
Loss = 1.5475e-01, PNorm = 90.1348, GNorm = 1.2347, lr_0 = 2.7045e-04
Loss = 1.2925e-01, PNorm = 90.1623, GNorm = 0.6333, lr_0 = 2.7007e-04
Loss = 1.2475e-01, PNorm = 90.1871, GNorm = 1.1797, lr_0 = 2.6969e-04
Loss = 1.3832e-01, PNorm = 90.2111, GNorm = 0.5159, lr_0 = 2.6930e-04
Loss = 1.4328e-01, PNorm = 90.2327, GNorm = 0.7413, lr_0 = 2.6892e-04
Loss = 1.2443e-01, PNorm = 90.2528, GNorm = 0.5879, lr_0 = 2.6854e-04
Loss = 1.3708e-01, PNorm = 90.2711, GNorm = 2.6014, lr_0 = 2.6816e-04
Loss = 1.6985e-01, PNorm = 90.3007, GNorm = 1.5092, lr_0 = 2.6779e-04
Loss = 1.3977e-01, PNorm = 90.3240, GNorm = 0.6963, lr_0 = 2.6741e-04
Loss = 1.2440e-01, PNorm = 90.3416, GNorm = 0.6342, lr_0 = 2.6703e-04
Loss = 1.3154e-01, PNorm = 90.3676, GNorm = 0.5110, lr_0 = 2.6665e-04
Loss = 1.5588e-01, PNorm = 90.3823, GNorm = 1.1432, lr_0 = 2.6628e-04
Validation rmse = 43.414187
Epoch 28
Loss = 1.4119e-01, PNorm = 90.4019, GNorm = 1.2050, lr_0 = 2.6590e-04
Loss = 1.2567e-01, PNorm = 90.4290, GNorm = 0.5791, lr_0 = 2.6553e-04
Loss = 1.5076e-01, PNorm = 90.4508, GNorm = 1.3737, lr_0 = 2.6515e-04
Loss = 1.3569e-01, PNorm = 90.4742, GNorm = 1.0577, lr_0 = 2.6478e-04
Loss = 1.3648e-01, PNorm = 90.4911, GNorm = 1.0924, lr_0 = 2.6440e-04
Loss = 1.5527e-01, PNorm = 90.5182, GNorm = 2.7418, lr_0 = 2.6403e-04
Loss = 1.4271e-01, PNorm = 90.5463, GNorm = 1.5083, lr_0 = 2.6366e-04
Loss = 1.3804e-01, PNorm = 90.5715, GNorm = 3.1448, lr_0 = 2.6328e-04
Loss = 1.4534e-01, PNorm = 90.6032, GNorm = 2.1383, lr_0 = 2.6291e-04
Loss = 1.3440e-01, PNorm = 90.6310, GNorm = 1.4386, lr_0 = 2.6254e-04
Loss = 1.3363e-01, PNorm = 90.6464, GNorm = 0.4995, lr_0 = 2.6217e-04
Loss = 1.4414e-01, PNorm = 90.6678, GNorm = 1.3569, lr_0 = 2.6180e-04
Loss = 1.4178e-01, PNorm = 90.6895, GNorm = 0.6676, lr_0 = 2.6143e-04
Loss = 1.5742e-01, PNorm = 90.7210, GNorm = 1.2774, lr_0 = 2.6106e-04
Loss = 1.3836e-01, PNorm = 90.7315, GNorm = 0.7649, lr_0 = 2.6069e-04
Validation rmse = 44.179929
Epoch 29
Loss = 1.4739e-01, PNorm = 90.7541, GNorm = 1.2675, lr_0 = 2.6032e-04
Loss = 1.3915e-01, PNorm = 90.7724, GNorm = 1.3144, lr_0 = 2.5996e-04
Loss = 1.7330e-01, PNorm = 90.7971, GNorm = 1.7641, lr_0 = 2.5959e-04
Loss = 1.4172e-01, PNorm = 90.8265, GNorm = 0.4890, lr_0 = 2.5922e-04
Loss = 1.7550e-01, PNorm = 90.8547, GNorm = 0.4589, lr_0 = 2.5886e-04
Loss = 1.4902e-01, PNorm = 90.8890, GNorm = 0.5728, lr_0 = 2.5849e-04
Loss = 1.4176e-01, PNorm = 90.9088, GNorm = 0.5872, lr_0 = 2.5813e-04
Loss = 1.4793e-01, PNorm = 90.9284, GNorm = 0.6154, lr_0 = 2.5776e-04
Loss = 1.3255e-01, PNorm = 90.9537, GNorm = 0.8690, lr_0 = 2.5740e-04
Loss = 1.1359e-01, PNorm = 90.9710, GNorm = 0.4322, lr_0 = 2.5703e-04
Loss = 1.2275e-01, PNorm = 90.9821, GNorm = 0.4993, lr_0 = 2.5667e-04
Loss = 1.1030e-01, PNorm = 91.0048, GNorm = 1.3815, lr_0 = 2.5631e-04
Loss = 1.4462e-01, PNorm = 91.0300, GNorm = 0.5028, lr_0 = 2.5595e-04
Loss = 1.2748e-01, PNorm = 91.0570, GNorm = 0.8005, lr_0 = 2.5559e-04
Loss = 1.4754e-01, PNorm = 91.0809, GNorm = 1.2864, lr_0 = 2.5522e-04
Validation rmse = 42.610689
Epoch 30
Loss = 1.3370e-01, PNorm = 91.1067, GNorm = 0.5437, lr_0 = 2.5486e-04
Loss = 1.4373e-01, PNorm = 91.1296, GNorm = 0.5479, lr_0 = 2.5450e-04
Loss = 1.4096e-01, PNorm = 91.1474, GNorm = 0.6895, lr_0 = 2.5414e-04
Loss = 1.1969e-01, PNorm = 91.1704, GNorm = 0.9398, lr_0 = 2.5379e-04
Loss = 1.3367e-01, PNorm = 91.1861, GNorm = 1.5447, lr_0 = 2.5343e-04
Loss = 1.4672e-01, PNorm = 91.2035, GNorm = 1.1232, lr_0 = 2.5307e-04
Loss = 1.2798e-01, PNorm = 91.2307, GNorm = 1.1268, lr_0 = 2.5271e-04
Loss = 1.3691e-01, PNorm = 91.2542, GNorm = 1.2967, lr_0 = 2.5236e-04
Loss = 1.2022e-01, PNorm = 91.2718, GNorm = 0.6192, lr_0 = 2.5200e-04
Loss = 1.1858e-01, PNorm = 91.2941, GNorm = 1.5075, lr_0 = 2.5164e-04
Loss = 1.4342e-01, PNorm = 91.3144, GNorm = 1.6224, lr_0 = 2.5129e-04
Loss = 1.4386e-01, PNorm = 91.3326, GNorm = 0.4250, lr_0 = 2.5093e-04
Loss = 1.2322e-01, PNorm = 91.3512, GNorm = 0.7079, lr_0 = 2.5058e-04
Loss = 1.2807e-01, PNorm = 91.3704, GNorm = 0.9383, lr_0 = 2.5023e-04
Loss = 1.4087e-01, PNorm = 91.3973, GNorm = 0.8154, lr_0 = 2.4987e-04
Loss = 1.4996e-01, PNorm = 91.4252, GNorm = 1.1818, lr_0 = 2.4952e-04
Validation rmse = 43.171865
Epoch 31
Loss = 1.3076e-01, PNorm = 91.4405, GNorm = 0.4986, lr_0 = 2.4917e-04
Loss = 1.2198e-01, PNorm = 91.4557, GNorm = 0.8645, lr_0 = 2.4881e-04
Loss = 1.1381e-01, PNorm = 91.4699, GNorm = 0.6424, lr_0 = 2.4846e-04
Loss = 1.3727e-01, PNorm = 91.4927, GNorm = 0.4510, lr_0 = 2.4811e-04
Loss = 1.4001e-01, PNorm = 91.5147, GNorm = 0.8656, lr_0 = 2.4776e-04
Loss = 1.2687e-01, PNorm = 91.5440, GNorm = 0.5898, lr_0 = 2.4741e-04
Loss = 1.4650e-01, PNorm = 91.5718, GNorm = 2.1244, lr_0 = 2.4706e-04
Loss = 1.4382e-01, PNorm = 91.5936, GNorm = 0.9586, lr_0 = 2.4671e-04
Loss = 1.2856e-01, PNorm = 91.6183, GNorm = 0.7727, lr_0 = 2.4637e-04
Loss = 1.3648e-01, PNorm = 91.6432, GNorm = 1.2251, lr_0 = 2.4602e-04
Loss = 1.4325e-01, PNorm = 91.6652, GNorm = 1.0003, lr_0 = 2.4567e-04
Loss = 1.1307e-01, PNorm = 91.6894, GNorm = 0.8253, lr_0 = 2.4532e-04
Loss = 1.4116e-01, PNorm = 91.7088, GNorm = 0.9741, lr_0 = 2.4498e-04
Loss = 1.2680e-01, PNorm = 91.7222, GNorm = 1.4252, lr_0 = 2.4463e-04
Loss = 1.8378e-01, PNorm = 91.7440, GNorm = 0.6973, lr_0 = 2.4429e-04
Validation rmse = 44.253762
Epoch 32
Loss = 1.0922e-01, PNorm = 91.7664, GNorm = 0.8461, lr_0 = 2.4394e-04
Loss = 1.2457e-01, PNorm = 91.7921, GNorm = 1.5133, lr_0 = 2.4360e-04
Loss = 1.4890e-01, PNorm = 91.8138, GNorm = 1.6647, lr_0 = 2.4325e-04
Loss = 1.2169e-01, PNorm = 91.8351, GNorm = 0.7759, lr_0 = 2.4291e-04
Loss = 1.4038e-01, PNorm = 91.8568, GNorm = 0.6360, lr_0 = 2.4257e-04
Loss = 1.1472e-01, PNorm = 91.8724, GNorm = 0.4454, lr_0 = 2.4222e-04
Loss = 1.2325e-01, PNorm = 91.8903, GNorm = 0.6955, lr_0 = 2.4188e-04
Loss = 1.4597e-01, PNorm = 91.9176, GNorm = 1.2853, lr_0 = 2.4154e-04
Loss = 1.3216e-01, PNorm = 91.9430, GNorm = 0.5573, lr_0 = 2.4120e-04
Loss = 1.3094e-01, PNorm = 91.9598, GNorm = 0.6593, lr_0 = 2.4086e-04
Loss = 1.2344e-01, PNorm = 91.9816, GNorm = 0.7385, lr_0 = 2.4052e-04
Loss = 1.2033e-01, PNorm = 92.0000, GNorm = 0.5208, lr_0 = 2.4018e-04
Loss = 1.2970e-01, PNorm = 92.0169, GNorm = 0.7671, lr_0 = 2.3984e-04
Loss = 1.3879e-01, PNorm = 92.0252, GNorm = 1.1207, lr_0 = 2.3950e-04
Loss = 1.3306e-01, PNorm = 92.0470, GNorm = 1.4919, lr_0 = 2.3916e-04
Loss = 1.7181e-01, PNorm = 92.0668, GNorm = 0.4889, lr_0 = 2.3882e-04
Validation rmse = 42.755139
Epoch 33
Loss = 1.1247e-01, PNorm = 92.0904, GNorm = 0.4437, lr_0 = 2.3849e-04
Loss = 1.2722e-01, PNorm = 92.1043, GNorm = 1.3664, lr_0 = 2.3815e-04
Loss = 1.3069e-01, PNorm = 92.1281, GNorm = 0.5128, lr_0 = 2.3781e-04
Loss = 1.2826e-01, PNorm = 92.1554, GNorm = 0.9246, lr_0 = 2.3748e-04
Loss = 1.2718e-01, PNorm = 92.1768, GNorm = 0.4956, lr_0 = 2.3714e-04
Loss = 1.5113e-01, PNorm = 92.2003, GNorm = 0.9854, lr_0 = 2.3681e-04
Loss = 1.1351e-01, PNorm = 92.2147, GNorm = 0.6100, lr_0 = 2.3647e-04
Loss = 1.2653e-01, PNorm = 92.2288, GNorm = 1.4656, lr_0 = 2.3614e-04
Loss = 1.1681e-01, PNorm = 92.2469, GNorm = 0.4897, lr_0 = 2.3581e-04
Loss = 1.5230e-01, PNorm = 92.2674, GNorm = 0.6179, lr_0 = 2.3547e-04
Loss = 1.2241e-01, PNorm = 92.2944, GNorm = 0.4494, lr_0 = 2.3514e-04
Loss = 1.3048e-01, PNorm = 92.3079, GNorm = 0.8351, lr_0 = 2.3481e-04
Loss = 1.3868e-01, PNorm = 92.3259, GNorm = 1.5376, lr_0 = 2.3448e-04
Loss = 1.4166e-01, PNorm = 92.3576, GNorm = 1.3378, lr_0 = 2.3415e-04
Loss = 1.3054e-01, PNorm = 92.3794, GNorm = 0.5510, lr_0 = 2.3382e-04
Validation rmse = 42.317969
Epoch 34
Loss = 1.3619e-01, PNorm = 92.4012, GNorm = 0.9900, lr_0 = 2.3349e-04
Loss = 1.2792e-01, PNorm = 92.4216, GNorm = 0.6153, lr_0 = 2.3316e-04
Loss = 1.2976e-01, PNorm = 92.4414, GNorm = 0.8847, lr_0 = 2.3283e-04
Loss = 1.4868e-01, PNorm = 92.4638, GNorm = 1.7369, lr_0 = 2.3250e-04
Loss = 1.3063e-01, PNorm = 92.4874, GNorm = 0.5609, lr_0 = 2.3217e-04
Loss = 1.2648e-01, PNorm = 92.5104, GNorm = 0.6172, lr_0 = 2.3184e-04
Loss = 1.2809e-01, PNorm = 92.5244, GNorm = 0.9664, lr_0 = 2.3151e-04
Loss = 1.3190e-01, PNorm = 92.5471, GNorm = 1.1533, lr_0 = 2.3119e-04
Loss = 1.2766e-01, PNorm = 92.5737, GNorm = 1.3474, lr_0 = 2.3086e-04
Loss = 1.3493e-01, PNorm = 92.5816, GNorm = 2.3042, lr_0 = 2.3053e-04
Loss = 1.4196e-01, PNorm = 92.6025, GNorm = 1.2431, lr_0 = 2.3021e-04
Loss = 1.3521e-01, PNorm = 92.6319, GNorm = 2.1601, lr_0 = 2.2988e-04
Loss = 1.3982e-01, PNorm = 92.6568, GNorm = 1.1759, lr_0 = 2.2956e-04
Loss = 1.5207e-01, PNorm = 92.6721, GNorm = 0.5923, lr_0 = 2.2924e-04
Loss = 1.2290e-01, PNorm = 92.6989, GNorm = 1.2659, lr_0 = 2.2891e-04
Validation rmse = 43.749374
Epoch 35
Loss = 1.4516e-01, PNorm = 92.7306, GNorm = 1.4589, lr_0 = 2.2859e-04
Loss = 1.1822e-01, PNorm = 92.7546, GNorm = 1.0811, lr_0 = 2.2827e-04
Loss = 1.2421e-01, PNorm = 92.7826, GNorm = 0.5592, lr_0 = 2.2794e-04
Loss = 1.3085e-01, PNorm = 92.7986, GNorm = 0.9302, lr_0 = 2.2762e-04
Loss = 1.3149e-01, PNorm = 92.8183, GNorm = 1.2360, lr_0 = 2.2730e-04
Loss = 1.3035e-01, PNorm = 92.8355, GNorm = 1.5210, lr_0 = 2.2698e-04
Loss = 1.2718e-01, PNorm = 92.8543, GNorm = 0.4795, lr_0 = 2.2666e-04
Loss = 1.1869e-01, PNorm = 92.8810, GNorm = 0.5806, lr_0 = 2.2634e-04
Loss = 1.2847e-01, PNorm = 92.9022, GNorm = 0.5962, lr_0 = 2.2602e-04
Loss = 1.2948e-01, PNorm = 92.9215, GNorm = 0.7200, lr_0 = 2.2570e-04
Loss = 1.2986e-01, PNorm = 92.9406, GNorm = 0.6392, lr_0 = 2.2538e-04
Loss = 1.3257e-01, PNorm = 92.9605, GNorm = 0.7471, lr_0 = 2.2506e-04
Loss = 1.6022e-01, PNorm = 92.9751, GNorm = 1.5253, lr_0 = 2.2474e-04
Loss = 1.2782e-01, PNorm = 92.9984, GNorm = 0.6073, lr_0 = 2.2443e-04
Loss = 1.1503e-01, PNorm = 93.0145, GNorm = 0.6286, lr_0 = 2.2411e-04
Loss = 1.0439e-01, PNorm = 93.0333, GNorm = 0.5872, lr_0 = 2.2379e-04
Validation rmse = 41.369542
Epoch 36
Loss = 1.2458e-01, PNorm = 93.0528, GNorm = 1.2372, lr_0 = 2.2348e-04
Loss = 1.3181e-01, PNorm = 93.0706, GNorm = 0.5842, lr_0 = 2.2316e-04
Loss = 1.5069e-01, PNorm = 93.0898, GNorm = 0.5596, lr_0 = 2.2285e-04
Loss = 1.1873e-01, PNorm = 93.1147, GNorm = 0.5106, lr_0 = 2.2253e-04
Loss = 1.2689e-01, PNorm = 93.1304, GNorm = 0.7729, lr_0 = 2.2222e-04
Loss = 1.2176e-01, PNorm = 93.1486, GNorm = 0.7620, lr_0 = 2.2190e-04
Loss = 1.2361e-01, PNorm = 93.1715, GNorm = 0.6651, lr_0 = 2.2159e-04
Loss = 1.1388e-01, PNorm = 93.1852, GNorm = 0.5953, lr_0 = 2.2128e-04
Loss = 1.1462e-01, PNorm = 93.2035, GNorm = 0.6378, lr_0 = 2.2097e-04
Loss = 1.2824e-01, PNorm = 93.2130, GNorm = 2.0693, lr_0 = 2.2065e-04
Loss = 1.4352e-01, PNorm = 93.2316, GNorm = 1.1610, lr_0 = 2.2034e-04
Loss = 1.2224e-01, PNorm = 93.2512, GNorm = 1.1163, lr_0 = 2.2003e-04
Loss = 1.3019e-01, PNorm = 93.2777, GNorm = 0.7972, lr_0 = 2.1972e-04
Loss = 1.2352e-01, PNorm = 93.2971, GNorm = 1.0084, lr_0 = 2.1941e-04
Loss = 1.2273e-01, PNorm = 93.3120, GNorm = 0.9788, lr_0 = 2.1910e-04
Validation rmse = 41.387219
Epoch 37
Loss = 1.2521e-01, PNorm = 93.3293, GNorm = 1.1403, lr_0 = 2.1879e-04
Loss = 1.2543e-01, PNorm = 93.3493, GNorm = 0.8713, lr_0 = 2.1848e-04
Loss = 1.2439e-01, PNorm = 93.3630, GNorm = 0.6017, lr_0 = 2.1817e-04
Loss = 1.2684e-01, PNorm = 93.3776, GNorm = 0.6623, lr_0 = 2.1787e-04
Loss = 1.2501e-01, PNorm = 93.3947, GNorm = 1.0984, lr_0 = 2.1756e-04
Loss = 1.3431e-01, PNorm = 93.4113, GNorm = 1.0073, lr_0 = 2.1725e-04
Loss = 1.3940e-01, PNorm = 93.4294, GNorm = 0.5681, lr_0 = 2.1694e-04
Loss = 1.1217e-01, PNorm = 93.4578, GNorm = 0.6372, lr_0 = 2.1664e-04
Loss = 1.2133e-01, PNorm = 93.4715, GNorm = 0.5047, lr_0 = 2.1633e-04
Loss = 1.0139e-01, PNorm = 93.4892, GNorm = 1.0533, lr_0 = 2.1603e-04
Loss = 1.2754e-01, PNorm = 93.5112, GNorm = 1.5052, lr_0 = 2.1572e-04
Loss = 1.1814e-01, PNorm = 93.5304, GNorm = 0.8533, lr_0 = 2.1542e-04
Loss = 9.7284e-02, PNorm = 93.5460, GNorm = 0.3206, lr_0 = 2.1511e-04
Loss = 1.2045e-01, PNorm = 93.5631, GNorm = 0.8184, lr_0 = 2.1481e-04
Loss = 1.2601e-01, PNorm = 93.5839, GNorm = 1.0377, lr_0 = 2.1451e-04
Loss = 1.3686e-01, PNorm = 93.6014, GNorm = 0.7576, lr_0 = 2.1420e-04
Validation rmse = 42.672181
Epoch 38
Loss = 1.3703e-01, PNorm = 93.6261, GNorm = 0.5404, lr_0 = 2.1390e-04
Loss = 1.2078e-01, PNorm = 93.6508, GNorm = 0.8240, lr_0 = 2.1360e-04
Loss = 1.1220e-01, PNorm = 93.6676, GNorm = 0.4575, lr_0 = 2.1330e-04
Loss = 1.2513e-01, PNorm = 93.6897, GNorm = 0.8017, lr_0 = 2.1299e-04
Loss = 1.2291e-01, PNorm = 93.7095, GNorm = 0.8194, lr_0 = 2.1269e-04
Loss = 1.4739e-01, PNorm = 93.7308, GNorm = 0.7009, lr_0 = 2.1239e-04
Loss = 1.1429e-01, PNorm = 93.7535, GNorm = 2.1784, lr_0 = 2.1209e-04
Loss = 1.3085e-01, PNorm = 93.7764, GNorm = 2.2348, lr_0 = 2.1179e-04
Loss = 1.4163e-01, PNorm = 93.7973, GNorm = 0.8972, lr_0 = 2.1150e-04
Loss = 1.2942e-01, PNorm = 93.8132, GNorm = 0.5775, lr_0 = 2.1120e-04
Loss = 1.5845e-01, PNorm = 93.8341, GNorm = 0.7103, lr_0 = 2.1090e-04
Loss = 1.5188e-01, PNorm = 93.8564, GNorm = 0.7913, lr_0 = 2.1060e-04
Loss = 1.1995e-01, PNorm = 93.8751, GNorm = 1.6679, lr_0 = 2.1030e-04
Loss = 1.1872e-01, PNorm = 93.8922, GNorm = 1.5069, lr_0 = 2.1001e-04
Loss = 1.2066e-01, PNorm = 93.9156, GNorm = 0.6073, lr_0 = 2.0971e-04
Validation rmse = 40.284108
Epoch 39
Loss = 1.1769e-01, PNorm = 93.9308, GNorm = 0.7925, lr_0 = 2.0941e-04
Loss = 1.2065e-01, PNorm = 93.9493, GNorm = 0.5347, lr_0 = 2.0912e-04
Loss = 1.2035e-01, PNorm = 93.9642, GNorm = 1.1810, lr_0 = 2.0882e-04
Loss = 1.1603e-01, PNorm = 93.9823, GNorm = 1.0006, lr_0 = 2.0853e-04
Loss = 1.2906e-01, PNorm = 94.0014, GNorm = 0.9359, lr_0 = 2.0823e-04
Loss = 1.1075e-01, PNorm = 94.0097, GNorm = 0.9306, lr_0 = 2.0794e-04
Loss = 1.1843e-01, PNorm = 94.0266, GNorm = 0.5890, lr_0 = 2.0765e-04
Loss = 1.2783e-01, PNorm = 94.0454, GNorm = 0.7171, lr_0 = 2.0735e-04
Loss = 1.2931e-01, PNorm = 94.0652, GNorm = 0.9289, lr_0 = 2.0706e-04
Loss = 1.2689e-01, PNorm = 94.0786, GNorm = 0.6277, lr_0 = 2.0677e-04
Loss = 1.0530e-01, PNorm = 94.0920, GNorm = 0.7951, lr_0 = 2.0648e-04
Loss = 1.1368e-01, PNorm = 94.1050, GNorm = 0.6171, lr_0 = 2.0618e-04
Loss = 1.2370e-01, PNorm = 94.1237, GNorm = 0.5425, lr_0 = 2.0589e-04
Loss = 1.1502e-01, PNorm = 94.1421, GNorm = 1.3383, lr_0 = 2.0560e-04
Loss = 1.1725e-01, PNorm = 94.1578, GNorm = 0.3968, lr_0 = 2.0531e-04
Validation rmse = 41.388474
Epoch 40
Loss = 1.2383e-01, PNorm = 94.1764, GNorm = 1.4725, lr_0 = 2.0502e-04
Loss = 1.1068e-01, PNorm = 94.1939, GNorm = 1.1804, lr_0 = 2.0473e-04
Loss = 1.1213e-01, PNorm = 94.2130, GNorm = 0.9865, lr_0 = 2.0444e-04
Loss = 1.1420e-01, PNorm = 94.2223, GNorm = 0.9449, lr_0 = 2.0415e-04
Loss = 1.1361e-01, PNorm = 94.2415, GNorm = 1.7491, lr_0 = 2.0387e-04
Loss = 1.0018e-01, PNorm = 94.2617, GNorm = 0.5296, lr_0 = 2.0358e-04
Loss = 1.1826e-01, PNorm = 94.2740, GNorm = 1.1629, lr_0 = 2.0329e-04
Loss = 1.1225e-01, PNorm = 94.2950, GNorm = 0.4668, lr_0 = 2.0300e-04
Loss = 1.2708e-01, PNorm = 94.3160, GNorm = 0.8585, lr_0 = 2.0272e-04
Loss = 1.2498e-01, PNorm = 94.3337, GNorm = 1.3283, lr_0 = 2.0243e-04
Loss = 1.2389e-01, PNorm = 94.3429, GNorm = 0.6007, lr_0 = 2.0214e-04
Loss = 1.3012e-01, PNorm = 94.3644, GNorm = 2.7753, lr_0 = 2.0186e-04
Loss = 1.1448e-01, PNorm = 94.3783, GNorm = 0.7271, lr_0 = 2.0157e-04
Loss = 1.1430e-01, PNorm = 94.3930, GNorm = 0.4068, lr_0 = 2.0129e-04
Loss = 1.3077e-01, PNorm = 94.4087, GNorm = 0.7477, lr_0 = 2.0101e-04
Loss = 1.0703e-01, PNorm = 94.4270, GNorm = 0.6795, lr_0 = 2.0072e-04
Validation rmse = 42.149326
Epoch 41
Loss = 1.3547e-01, PNorm = 94.4499, GNorm = 1.0007, lr_0 = 2.0044e-04
Loss = 1.0773e-01, PNorm = 94.4668, GNorm = 1.2164, lr_0 = 2.0015e-04
Loss = 1.1388e-01, PNorm = 94.4875, GNorm = 0.6859, lr_0 = 1.9987e-04
Loss = 1.2393e-01, PNorm = 94.5020, GNorm = 0.6884, lr_0 = 1.9959e-04
Loss = 1.2894e-01, PNorm = 94.5200, GNorm = 0.4325, lr_0 = 1.9931e-04
Loss = 1.1708e-01, PNorm = 94.5333, GNorm = 0.9335, lr_0 = 1.9903e-04
Loss = 1.2435e-01, PNorm = 94.5428, GNorm = 1.3021, lr_0 = 1.9875e-04
Loss = 1.2124e-01, PNorm = 94.5646, GNorm = 1.2773, lr_0 = 1.9847e-04
Loss = 1.0877e-01, PNorm = 94.5837, GNorm = 0.7503, lr_0 = 1.9818e-04
Loss = 1.3403e-01, PNorm = 94.5977, GNorm = 0.9091, lr_0 = 1.9791e-04
Loss = 1.1801e-01, PNorm = 94.6188, GNorm = 1.0886, lr_0 = 1.9763e-04
Loss = 1.0721e-01, PNorm = 94.6429, GNorm = 0.5282, lr_0 = 1.9735e-04
Loss = 1.0011e-01, PNorm = 94.6496, GNorm = 0.9748, lr_0 = 1.9707e-04
Loss = 1.2745e-01, PNorm = 94.6622, GNorm = 0.5747, lr_0 = 1.9679e-04
Loss = 9.8027e-02, PNorm = 94.6756, GNorm = 0.6885, lr_0 = 1.9651e-04
Validation rmse = 42.923357
Epoch 42
Loss = 1.1453e-01, PNorm = 94.6930, GNorm = 1.1379, lr_0 = 1.9623e-04
Loss = 1.0572e-01, PNorm = 94.7139, GNorm = 0.4951, lr_0 = 1.9596e-04
Loss = 1.0606e-01, PNorm = 94.7273, GNorm = 0.5151, lr_0 = 1.9568e-04
Loss = 1.0165e-01, PNorm = 94.7434, GNorm = 1.0169, lr_0 = 1.9540e-04
Loss = 1.2692e-01, PNorm = 94.7643, GNorm = 0.8318, lr_0 = 1.9513e-04
Loss = 1.3863e-01, PNorm = 94.7879, GNorm = 0.7825, lr_0 = 1.9485e-04
Loss = 1.1718e-01, PNorm = 94.8052, GNorm = 0.7521, lr_0 = 1.9458e-04
Loss = 1.1077e-01, PNorm = 94.8167, GNorm = 0.8658, lr_0 = 1.9430e-04
Loss = 1.1580e-01, PNorm = 94.8376, GNorm = 0.4722, lr_0 = 1.9403e-04
Loss = 1.1481e-01, PNorm = 94.8485, GNorm = 0.6956, lr_0 = 1.9375e-04
Loss = 1.1444e-01, PNorm = 94.8578, GNorm = 0.6175, lr_0 = 1.9348e-04
Loss = 1.1159e-01, PNorm = 94.8745, GNorm = 0.6889, lr_0 = 1.9321e-04
Loss = 1.2461e-01, PNorm = 94.8971, GNorm = 0.6013, lr_0 = 1.9293e-04
Loss = 9.7369e-02, PNorm = 94.9123, GNorm = 0.5370, lr_0 = 1.9266e-04
Loss = 1.2721e-01, PNorm = 94.9243, GNorm = 0.9238, lr_0 = 1.9239e-04
Loss = 1.2521e-01, PNorm = 94.9328, GNorm = 0.7451, lr_0 = 1.9212e-04
Validation rmse = 41.850598
Epoch 43
Loss = 1.1914e-01, PNorm = 94.9496, GNorm = 1.2365, lr_0 = 1.9185e-04
Loss = 1.1009e-01, PNorm = 94.9640, GNorm = 0.5074, lr_0 = 1.9158e-04
Loss = 1.0837e-01, PNorm = 94.9808, GNorm = 0.6229, lr_0 = 1.9131e-04
Loss = 1.3227e-01, PNorm = 94.9976, GNorm = 1.4800, lr_0 = 1.9104e-04
Loss = 1.1794e-01, PNorm = 95.0161, GNorm = 0.8261, lr_0 = 1.9077e-04
Loss = 1.0017e-01, PNorm = 95.0354, GNorm = 0.3835, lr_0 = 1.9050e-04
Loss = 1.1386e-01, PNorm = 95.0549, GNorm = 0.9646, lr_0 = 1.9023e-04
Loss = 9.9314e-02, PNorm = 95.0693, GNorm = 1.0526, lr_0 = 1.8996e-04
Loss = 1.0882e-01, PNorm = 95.0794, GNorm = 0.8901, lr_0 = 1.8969e-04
Loss = 1.3094e-01, PNorm = 95.0997, GNorm = 0.4884, lr_0 = 1.8942e-04
Loss = 1.2356e-01, PNorm = 95.1216, GNorm = 0.4340, lr_0 = 1.8916e-04
Loss = 1.0511e-01, PNorm = 95.1365, GNorm = 0.5089, lr_0 = 1.8889e-04
Loss = 1.0713e-01, PNorm = 95.1519, GNorm = 1.3171, lr_0 = 1.8862e-04
Loss = 1.1866e-01, PNorm = 95.1714, GNorm = 0.9565, lr_0 = 1.8836e-04
Loss = 1.4163e-01, PNorm = 95.1856, GNorm = 0.7478, lr_0 = 1.8809e-04
Validation rmse = 42.690674
Epoch 44
Loss = 1.1801e-01, PNorm = 95.2027, GNorm = 0.4987, lr_0 = 1.8780e-04
Loss = 1.2754e-01, PNorm = 95.2176, GNorm = 0.7700, lr_0 = 1.8753e-04
Loss = 1.1158e-01, PNorm = 95.2334, GNorm = 1.1281, lr_0 = 1.8727e-04
Loss = 1.0984e-01, PNorm = 95.2507, GNorm = 0.6152, lr_0 = 1.8700e-04
Loss = 1.2896e-01, PNorm = 95.2672, GNorm = 0.5888, lr_0 = 1.8674e-04
Loss = 1.0566e-01, PNorm = 95.2826, GNorm = 0.5512, lr_0 = 1.8647e-04
Loss = 1.3588e-01, PNorm = 95.3019, GNorm = 0.7355, lr_0 = 1.8621e-04
Loss = 1.1010e-01, PNorm = 95.3189, GNorm = 0.5954, lr_0 = 1.8595e-04
Loss = 1.1452e-01, PNorm = 95.3376, GNorm = 0.7030, lr_0 = 1.8569e-04
Loss = 1.1360e-01, PNorm = 95.3525, GNorm = 0.6268, lr_0 = 1.8542e-04
Loss = 1.1751e-01, PNorm = 95.3678, GNorm = 2.4748, lr_0 = 1.8516e-04
Loss = 1.0581e-01, PNorm = 95.3897, GNorm = 1.5261, lr_0 = 1.8490e-04
Loss = 1.2407e-01, PNorm = 95.4107, GNorm = 0.4939, lr_0 = 1.8464e-04
Loss = 1.0034e-01, PNorm = 95.4280, GNorm = 0.4047, lr_0 = 1.8438e-04
Loss = 1.1368e-01, PNorm = 95.4398, GNorm = 0.5562, lr_0 = 1.8412e-04
Validation rmse = 40.931023
Epoch 45
Loss = 7.5512e-02, PNorm = 95.4542, GNorm = 0.5619, lr_0 = 1.8386e-04
Loss = 1.1635e-01, PNorm = 95.4661, GNorm = 0.7752, lr_0 = 1.8360e-04
Loss = 1.0097e-01, PNorm = 95.4765, GNorm = 0.6522, lr_0 = 1.8334e-04
Loss = 1.0952e-01, PNorm = 95.4862, GNorm = 1.2838, lr_0 = 1.8308e-04
Loss = 9.4860e-02, PNorm = 95.4941, GNorm = 0.5272, lr_0 = 1.8282e-04
Loss = 1.0163e-01, PNorm = 95.5037, GNorm = 0.6664, lr_0 = 1.8256e-04
Loss = 1.0818e-01, PNorm = 95.5136, GNorm = 0.7080, lr_0 = 1.8231e-04
Loss = 1.2272e-01, PNorm = 95.5339, GNorm = 1.3213, lr_0 = 1.8205e-04
Loss = 9.6483e-02, PNorm = 95.5536, GNorm = 0.5037, lr_0 = 1.8179e-04
Loss = 1.2683e-01, PNorm = 95.5642, GNorm = 1.0050, lr_0 = 1.8153e-04
Loss = 1.2870e-01, PNorm = 95.5858, GNorm = 0.6782, lr_0 = 1.8128e-04
Loss = 9.6259e-02, PNorm = 95.6022, GNorm = 0.4254, lr_0 = 1.8102e-04
Loss = 1.1504e-01, PNorm = 95.6229, GNorm = 1.2034, lr_0 = 1.8077e-04
Loss = 1.1059e-01, PNorm = 95.6381, GNorm = 0.6677, lr_0 = 1.8051e-04
Loss = 1.2588e-01, PNorm = 95.6485, GNorm = 1.4768, lr_0 = 1.8026e-04
Loss = 1.4125e-01, PNorm = 95.6686, GNorm = 0.6977, lr_0 = 1.8000e-04
Validation rmse = 40.687043
Epoch 46
Loss = 1.0267e-01, PNorm = 95.6797, GNorm = 1.9256, lr_0 = 1.7975e-04
Loss = 1.1228e-01, PNorm = 95.6943, GNorm = 1.3297, lr_0 = 1.7949e-04
Loss = 1.2304e-01, PNorm = 95.7050, GNorm = 0.8667, lr_0 = 1.7924e-04
Loss = 1.1148e-01, PNorm = 95.7148, GNorm = 0.7004, lr_0 = 1.7899e-04
Loss = 1.2503e-01, PNorm = 95.7366, GNorm = 1.3298, lr_0 = 1.7873e-04
Loss = 1.1046e-01, PNorm = 95.7539, GNorm = 0.6123, lr_0 = 1.7848e-04
Loss = 1.0456e-01, PNorm = 95.7688, GNorm = 0.4556, lr_0 = 1.7823e-04
Loss = 1.1420e-01, PNorm = 95.7831, GNorm = 0.4223, lr_0 = 1.7798e-04
Loss = 1.0949e-01, PNorm = 95.7931, GNorm = 0.6479, lr_0 = 1.7773e-04
Loss = 1.0742e-01, PNorm = 95.8079, GNorm = 0.6695, lr_0 = 1.7748e-04
Loss = 1.0269e-01, PNorm = 95.8185, GNorm = 1.2205, lr_0 = 1.7723e-04
Loss = 1.0377e-01, PNorm = 95.8331, GNorm = 1.6514, lr_0 = 1.7698e-04
Loss = 1.2611e-01, PNorm = 95.8457, GNorm = 0.5179, lr_0 = 1.7673e-04
Loss = 1.0584e-01, PNorm = 95.8640, GNorm = 0.6685, lr_0 = 1.7648e-04
Loss = 1.2481e-01, PNorm = 95.8854, GNorm = 0.5797, lr_0 = 1.7623e-04
Validation rmse = 41.239423
Epoch 47
Loss = 1.1460e-01, PNorm = 95.8986, GNorm = 0.6969, lr_0 = 1.7598e-04
Loss = 9.4679e-02, PNorm = 95.9085, GNorm = 0.6488, lr_0 = 1.7573e-04
Loss = 1.2917e-01, PNorm = 95.9224, GNorm = 1.0844, lr_0 = 1.7548e-04
Loss = 1.0426e-01, PNorm = 95.9351, GNorm = 0.5597, lr_0 = 1.7523e-04
Loss = 1.1945e-01, PNorm = 95.9510, GNorm = 0.7373, lr_0 = 1.7499e-04
Loss = 1.0734e-01, PNorm = 95.9689, GNorm = 1.3626, lr_0 = 1.7474e-04
Loss = 1.2672e-01, PNorm = 95.9881, GNorm = 0.7802, lr_0 = 1.7449e-04
Loss = 1.1616e-01, PNorm = 96.0048, GNorm = 0.9792, lr_0 = 1.7425e-04
Loss = 1.0502e-01, PNorm = 96.0234, GNorm = 0.7355, lr_0 = 1.7400e-04
Loss = 1.1308e-01, PNorm = 96.0412, GNorm = 0.5913, lr_0 = 1.7375e-04
Loss = 9.9542e-02, PNorm = 96.0526, GNorm = 0.4975, lr_0 = 1.7351e-04
Loss = 9.4697e-02, PNorm = 96.0597, GNorm = 0.4721, lr_0 = 1.7326e-04
Loss = 1.2947e-01, PNorm = 96.0765, GNorm = 1.7887, lr_0 = 1.7302e-04
Loss = 9.8536e-02, PNorm = 96.0867, GNorm = 0.6143, lr_0 = 1.7277e-04
Loss = 1.1355e-01, PNorm = 96.0977, GNorm = 0.9163, lr_0 = 1.7253e-04
Loss = 1.0116e-01, PNorm = 96.1127, GNorm = 0.4768, lr_0 = 1.7229e-04
Validation rmse = 40.582251
Epoch 48
Loss = 1.0287e-01, PNorm = 96.1299, GNorm = 0.4557, lr_0 = 1.7204e-04
Loss = 1.1786e-01, PNorm = 96.1440, GNorm = 0.8768, lr_0 = 1.7180e-04
Loss = 1.0483e-01, PNorm = 96.1581, GNorm = 1.0183, lr_0 = 1.7156e-04
Loss = 1.2820e-01, PNorm = 96.1710, GNorm = 0.7837, lr_0 = 1.7132e-04
Loss = 1.1267e-01, PNorm = 96.1779, GNorm = 0.7027, lr_0 = 1.7107e-04
Loss = 1.0066e-01, PNorm = 96.1966, GNorm = 0.3630, lr_0 = 1.7083e-04
Loss = 1.0848e-01, PNorm = 96.2087, GNorm = 1.8092, lr_0 = 1.7059e-04
Loss = 1.0221e-01, PNorm = 96.2223, GNorm = 1.4946, lr_0 = 1.7035e-04
Loss = 1.0764e-01, PNorm = 96.2395, GNorm = 1.0078, lr_0 = 1.7011e-04
Loss = 1.0238e-01, PNorm = 96.2534, GNorm = 0.6515, lr_0 = 1.6987e-04
Loss = 1.1173e-01, PNorm = 96.2659, GNorm = 0.7109, lr_0 = 1.6963e-04
Loss = 1.0816e-01, PNorm = 96.2742, GNorm = 0.5372, lr_0 = 1.6939e-04
Loss = 1.1618e-01, PNorm = 96.2874, GNorm = 0.5587, lr_0 = 1.6915e-04
Loss = 1.1468e-01, PNorm = 96.3057, GNorm = 0.4800, lr_0 = 1.6891e-04
Loss = 1.0960e-01, PNorm = 96.3245, GNorm = 1.5036, lr_0 = 1.6867e-04
Validation rmse = 42.025810
Epoch 49
Loss = 1.1487e-01, PNorm = 96.3404, GNorm = 0.6812, lr_0 = 1.6844e-04
Loss = 1.0650e-01, PNorm = 96.3535, GNorm = 0.4846, lr_0 = 1.6820e-04
Loss = 1.1374e-01, PNorm = 96.3622, GNorm = 0.6611, lr_0 = 1.6796e-04
Loss = 1.1832e-01, PNorm = 96.3767, GNorm = 0.6095, lr_0 = 1.6772e-04
Loss = 1.0738e-01, PNorm = 96.3920, GNorm = 1.3004, lr_0 = 1.6749e-04
Loss = 1.2122e-01, PNorm = 96.4094, GNorm = 0.7424, lr_0 = 1.6725e-04
Loss = 9.9788e-02, PNorm = 96.4267, GNorm = 0.5413, lr_0 = 1.6701e-04
Loss = 1.1727e-01, PNorm = 96.4391, GNorm = 3.6152, lr_0 = 1.6678e-04
Loss = 1.2474e-01, PNorm = 96.4494, GNorm = 1.8704, lr_0 = 1.6654e-04
Loss = 1.3449e-01, PNorm = 96.4679, GNorm = 0.6151, lr_0 = 1.6631e-04
Loss = 1.1061e-01, PNorm = 96.4905, GNorm = 1.0803, lr_0 = 1.6614e-04
Loss = 1.0579e-01, PNorm = 96.5088, GNorm = 0.4954, lr_0 = 1.6614e-04
Loss = 1.1608e-01, PNorm = 96.5241, GNorm = 0.5748, lr_0 = 1.6614e-04
Loss = 1.2478e-01, PNorm = 96.5425, GNorm = 0.4846, lr_0 = 1.6614e-04
Loss = 1.0334e-01, PNorm = 96.5574, GNorm = 0.4656, lr_0 = 1.6614e-04
Validation rmse = 41.652035
Model 0 best validation rmse = 40.284108 on epoch 38
Loading pretrained parameter "encoder.encoder.0.cached_zero_vector".
Loading pretrained parameter "encoder.encoder.0.W_i.weight".
Loading pretrained parameter "encoder.encoder.0.W_h.weight".
Loading pretrained parameter "encoder.encoder.0.W_o.weight".
Loading pretrained parameter "encoder.encoder.0.W_o.bias".
Loading pretrained parameter "encoder.encoder.1.cached_zero_vector".
Loading pretrained parameter "encoder.encoder.1.W_i.weight".
Loading pretrained parameter "encoder.encoder.1.W_h.weight".
Loading pretrained parameter "encoder.encoder.1.W_o.weight".
Loading pretrained parameter "encoder.encoder.1.W_o.bias".
Loading pretrained parameter "ffn.1.weight".
Loading pretrained parameter "ffn.1.bias".
Moving model to cuda
Model 0 test rmse = 38.590525
Ensemble test rmse = 38.590525
1-fold cross validation
	Seed 0 ==> test rmse = 38.590525
Overall test rmse = 38.590525 +/- 0.000000
Elapsed time = 0:36:10
