Command line
python /home/kpg/chemprop/train.py --data_path ../../../data/splits/lambda_max_abs/deep4chem/group_by_smiles/smiles_target_train.csv --dataset_type regression --save_dir /home/kimele03/uvvisml/uvvisml/models/lambda_max_abs_checkpoints/group_by_smiles/results/507044/49667285 --config_path /home/kimele03/uvvisml/uvvisml/models/lambda_max_abs_checkpoints/group_by_smiles/results/507044/49667285/hyperopt.json --metric rmse --epochs 50 --gpu 0 --ensemble_size 1 --separate_val_path ../../../data/splits/lambda_max_abs/deep4chem/group_by_smiles/smiles_target_val.csv --separate_test_path ../../../data/splits/lambda_max_abs/deep4chem/group_by_smiles/smiles_target_test.csv --number_of_molecules 2
Args
{'activation': 'ReLU',
 'aggregation': 'mean',
 'aggregation_norm': 100,
 'atom_descriptor_scaling': True,
 'atom_descriptors': None,
 'atom_descriptors_path': None,
 'atom_descriptors_size': 0,
 'atom_features_size': 0,
 'atom_messages': False,
 'batch_size': 73,
 'bias': False,
 'bond_feature_scaling': True,
 'bond_features_path': None,
 'bond_features_size': 0,
 'cache_cutoff': 10000,
 'checkpoint_dir': None,
 'checkpoint_frzn': None,
 'checkpoint_path': None,
 'checkpoint_paths': None,
 'class_balance': False,
 'config_path': '/home/kimele03/uvvisml/uvvisml/models/lambda_max_abs_checkpoints/group_by_smiles/results/507044/49667285/hyperopt.json',
 'crossval_index_dir': None,
 'crossval_index_file': None,
 'crossval_index_sets': None,
 'cuda': True,
 'data_path': '../../../data/splits/lambda_max_abs/deep4chem/group_by_smiles/smiles_target_train.csv',
 'data_weights_path': None,
 'dataset_type': 'regression',
 'depth': 5,
 'device': device(type='cuda', index=0),
 'dropout': 0.11525608832411993,
 'empty_cache': False,
 'ensemble_size': 1,
 'epochs': 50,
 'explicit_h': False,
 'extra_metrics': [],
 'features_generator': None,
 'features_only': False,
 'features_path': None,
 'features_scaling': True,
 'features_size': None,
 'ffn_hidden_size': 1580,
 'ffn_num_layers': 2,
 'final_lr': 0.0004498209496667415,
 'folds_file': None,
 'freeze_first_only': False,
 'frzn_ffn_layers': 0,
 'gpu': 0,
 'grad_clip': None,
 'hidden_size': 2249,
 'ignore_columns': None,
 'init_lr': 5.146045488215197e-05,
 'log_frequency': 10,
 'max_data_size': None,
 'max_lr': 0.0006124556390565177,
 'metric': 'rmse',
 'metrics': ['rmse'],
 'minimize_score': True,
 'mpn_shared': False,
 'multiclass_num_classes': 3,
 'no_atom_descriptor_scaling': False,
 'no_bond_features_scaling': False,
 'no_cache_mol': False,
 'no_cuda': False,
 'no_features_scaling': False,
 'num_folds': 1,
 'num_lrs': 1,
 'num_tasks': 1,
 'num_workers': 8,
 'number_of_molecules': 2,
 'overwrite_default_atom_features': False,
 'overwrite_default_bond_features': False,
 'pytorch_seed': 0,
 'quiet': False,
 'reaction': False,
 'reaction_mode': 'reac_diff',
 'resume_experiment': False,
 'save_dir': '/home/kimele03/uvvisml/uvvisml/models/lambda_max_abs_checkpoints/group_by_smiles/results/507044/49667285',
 'save_preds': False,
 'save_smiles_splits': False,
 'seed': 0,
 'separate_test_atom_descriptors_path': None,
 'separate_test_bond_features_path': None,
 'separate_test_features_path': None,
 'separate_test_path': '../../../data/splits/lambda_max_abs/deep4chem/group_by_smiles/smiles_target_test.csv',
 'separate_val_atom_descriptors_path': None,
 'separate_val_bond_features_path': None,
 'separate_val_features_path': None,
 'separate_val_path': '../../../data/splits/lambda_max_abs/deep4chem/group_by_smiles/smiles_target_val.csv',
 'show_individual_scores': False,
 'smiles_columns': ['smiles', 'solvent'],
 'split_sizes': (0.8, 0.1, 0.1),
 'split_type': 'random',
 'target_columns': None,
 'target_weights': None,
 'task_names': ['peakwavs_max'],
 'test': False,
 'test_fold_index': None,
 'train_data_size': None,
 'undirected': False,
 'use_input_features': False,
 'val_fold_index': None,
 'warmup_epochs': 5}
Loading data
Number of tasks = 1
Fold 0
Splitting data with seed 0
Total size = 13,242 | train size = 13,242 | val size = 1,633 | test size = 1,710
Fitting scaler
Building model 0
MoleculeModel(
  (encoder): MPN(
    (encoder): ModuleList(
      (0): MPNEncoder(
        (dropout_layer): Dropout(p=0.11525608832411993, inplace=False)
        (act_func): ReLU()
        (W_i): Linear(in_features=147, out_features=2249, bias=False)
        (W_h): Linear(in_features=2249, out_features=2249, bias=False)
        (W_o): Linear(in_features=2382, out_features=2249, bias=True)
      )
      (1): MPNEncoder(
        (dropout_layer): Dropout(p=0.11525608832411993, inplace=False)
        (act_func): ReLU()
        (W_i): Linear(in_features=147, out_features=2249, bias=False)
        (W_h): Linear(in_features=2249, out_features=2249, bias=False)
        (W_o): Linear(in_features=2382, out_features=2249, bias=True)
      )
    )
  )
  (ffn): Sequential(
    (0): Dropout(p=0.11525608832411993, inplace=False)
    (1): Linear(in_features=4498, out_features=1580, bias=True)
    (2): ReLU()
    (3): Dropout(p=0.11525608832411993, inplace=False)
    (4): Linear(in_features=1580, out_features=1, bias=True)
  )
)
Number of parameters = 28,610,441
Moving model to cuda
Epoch 0
Loss = 1.2798e+00, PNorm = 109.6193, GNorm = 3.0185, lr_0 = 5.8279e-05
Loss = 8.2801e-01, PNorm = 109.6232, GNorm = 6.0449, lr_0 = 6.4478e-05
Loss = 7.4804e-01, PNorm = 109.6280, GNorm = 11.6751, lr_0 = 7.0677e-05
Loss = 1.0514e+00, PNorm = 109.6315, GNorm = 9.5669, lr_0 = 7.6876e-05
Loss = 9.0976e-01, PNorm = 109.6364, GNorm = 4.1596, lr_0 = 8.3075e-05
Loss = 7.9148e-01, PNorm = 109.6430, GNorm = 1.4738, lr_0 = 8.9273e-05
Loss = 6.2423e-01, PNorm = 109.6503, GNorm = 1.7358, lr_0 = 9.5472e-05
Loss = 7.5220e-01, PNorm = 109.6576, GNorm = 2.4953, lr_0 = 1.0167e-04
Loss = 6.4697e-01, PNorm = 109.6668, GNorm = 8.2177, lr_0 = 1.0787e-04
Loss = 7.5510e-01, PNorm = 109.6777, GNorm = 4.3661, lr_0 = 1.1407e-04
Loss = 6.0081e-01, PNorm = 109.6920, GNorm = 2.0139, lr_0 = 1.2027e-04
Loss = 5.2377e-01, PNorm = 109.7062, GNorm = 12.8897, lr_0 = 1.2647e-04
Loss = 5.6869e-01, PNorm = 109.7227, GNorm = 2.6682, lr_0 = 1.3267e-04
Loss = 5.3046e-01, PNorm = 109.7381, GNorm = 9.2770, lr_0 = 1.3886e-04
Loss = 4.9825e-01, PNorm = 109.7556, GNorm = 9.2558, lr_0 = 1.4506e-04
Loss = 5.6860e-01, PNorm = 109.7728, GNorm = 2.3675, lr_0 = 1.5126e-04
Loss = 5.0050e-01, PNorm = 109.7903, GNorm = 7.9798, lr_0 = 1.5746e-04
Loss = 4.0615e-01, PNorm = 109.8094, GNorm = 5.9183, lr_0 = 1.6366e-04
Validation rmse = 76.192818
Epoch 1
Loss = 4.7486e-01, PNorm = 109.8324, GNorm = 5.6485, lr_0 = 1.7048e-04
Loss = 4.7765e-01, PNorm = 109.8518, GNorm = 2.5017, lr_0 = 1.7668e-04
Loss = 5.0096e-01, PNorm = 109.8783, GNorm = 6.8525, lr_0 = 1.8288e-04
Loss = 3.9885e-01, PNorm = 109.9038, GNorm = 4.5103, lr_0 = 1.8907e-04
Loss = 3.9890e-01, PNorm = 109.9243, GNorm = 2.7680, lr_0 = 1.9527e-04
Loss = 2.9142e-01, PNorm = 109.9443, GNorm = 3.3521, lr_0 = 2.0147e-04
Loss = 3.6189e-01, PNorm = 109.9626, GNorm = 10.9868, lr_0 = 2.0767e-04
Loss = 3.7204e-01, PNorm = 109.9847, GNorm = 3.1688, lr_0 = 2.1387e-04
Loss = 3.6206e-01, PNorm = 110.0050, GNorm = 11.3057, lr_0 = 2.2007e-04
Loss = 3.5963e-01, PNorm = 110.0291, GNorm = 2.8133, lr_0 = 2.2627e-04
Loss = 6.0960e-01, PNorm = 110.0627, GNorm = 1.7501, lr_0 = 2.3247e-04
Loss = 4.2251e-01, PNorm = 110.1095, GNorm = 1.8212, lr_0 = 2.3867e-04
Loss = 3.9243e-01, PNorm = 110.1495, GNorm = 5.1296, lr_0 = 2.4486e-04
Loss = 3.9673e-01, PNorm = 110.1795, GNorm = 3.0244, lr_0 = 2.5106e-04
Loss = 3.8678e-01, PNorm = 110.2114, GNorm = 3.5185, lr_0 = 2.5726e-04
Loss = 3.3769e-01, PNorm = 110.2390, GNorm = 3.1058, lr_0 = 2.6346e-04
Loss = 3.3224e-01, PNorm = 110.2659, GNorm = 1.7044, lr_0 = 2.6966e-04
Loss = 2.7899e-01, PNorm = 110.2888, GNorm = 1.1351, lr_0 = 2.7586e-04
Validation rmse = 58.356058
Epoch 2
Loss = 2.6648e-01, PNorm = 110.3155, GNorm = 1.7489, lr_0 = 2.8268e-04
Loss = 2.5371e-01, PNorm = 110.3384, GNorm = 1.9762, lr_0 = 2.8888e-04
Loss = 2.7804e-01, PNorm = 110.3614, GNorm = 4.7448, lr_0 = 2.9507e-04
Loss = 2.9415e-01, PNorm = 110.3911, GNorm = 5.8319, lr_0 = 3.0127e-04
Loss = 2.6479e-01, PNorm = 110.4184, GNorm = 3.1078, lr_0 = 3.0747e-04
Loss = 2.8961e-01, PNorm = 110.4515, GNorm = 3.1585, lr_0 = 3.1367e-04
Loss = 2.6992e-01, PNorm = 110.4783, GNorm = 0.7274, lr_0 = 3.1987e-04
Loss = 2.4067e-01, PNorm = 110.5121, GNorm = 7.4506, lr_0 = 3.2607e-04
Loss = 2.3153e-01, PNorm = 110.5395, GNorm = 0.9521, lr_0 = 3.3227e-04
Loss = 2.7015e-01, PNorm = 110.5757, GNorm = 2.4395, lr_0 = 3.3847e-04
Loss = 2.8462e-01, PNorm = 110.6089, GNorm = 3.7918, lr_0 = 3.4467e-04
Loss = 2.8235e-01, PNorm = 110.6454, GNorm = 6.8029, lr_0 = 3.5086e-04
Loss = 2.7084e-01, PNorm = 110.6845, GNorm = 3.8580, lr_0 = 3.5706e-04
Loss = 2.1656e-01, PNorm = 110.7156, GNorm = 1.7664, lr_0 = 3.6326e-04
Loss = 2.6408e-01, PNorm = 110.7641, GNorm = 6.0297, lr_0 = 3.6946e-04
Loss = 2.1821e-01, PNorm = 110.7997, GNorm = 2.0096, lr_0 = 3.7566e-04
Loss = 2.4901e-01, PNorm = 110.8425, GNorm = 1.8793, lr_0 = 3.8186e-04
Loss = 2.3405e-01, PNorm = 110.8873, GNorm = 2.8913, lr_0 = 3.8806e-04
Validation rmse = 50.041864
Epoch 3
Loss = 1.8131e-01, PNorm = 110.9311, GNorm = 1.5774, lr_0 = 3.9426e-04
Loss = 1.8435e-01, PNorm = 110.9730, GNorm = 2.0620, lr_0 = 4.0046e-04
Loss = 1.7189e-01, PNorm = 111.0091, GNorm = 2.3017, lr_0 = 4.0665e-04
Loss = 2.3192e-01, PNorm = 111.0527, GNorm = 2.6611, lr_0 = 4.1285e-04
Loss = 2.8745e-01, PNorm = 111.1064, GNorm = 6.0681, lr_0 = 4.1905e-04
Loss = 2.8437e-01, PNorm = 111.1713, GNorm = 3.8145, lr_0 = 4.2525e-04
Loss = 2.4330e-01, PNorm = 111.2410, GNorm = 2.7821, lr_0 = 4.3145e-04
Loss = 2.1746e-01, PNorm = 111.3029, GNorm = 3.4540, lr_0 = 4.3765e-04
Loss = 1.9672e-01, PNorm = 111.3595, GNorm = 5.7797, lr_0 = 4.4385e-04
Loss = 2.1604e-01, PNorm = 111.4254, GNorm = 1.3633, lr_0 = 4.5005e-04
Loss = 1.6968e-01, PNorm = 111.4858, GNorm = 3.0814, lr_0 = 4.5624e-04
Loss = 2.0529e-01, PNorm = 111.5390, GNorm = 3.2311, lr_0 = 4.6244e-04
Loss = 1.9619e-01, PNorm = 111.5956, GNorm = 4.0009, lr_0 = 4.6864e-04
Loss = 1.8377e-01, PNorm = 111.6526, GNorm = 1.1847, lr_0 = 4.7484e-04
Loss = 1.9321e-01, PNorm = 111.7115, GNorm = 2.1496, lr_0 = 4.8104e-04
Loss = 1.7161e-01, PNorm = 111.7740, GNorm = 1.4301, lr_0 = 4.8724e-04
Loss = 1.9910e-01, PNorm = 111.8330, GNorm = 3.8336, lr_0 = 4.9344e-04
Loss = 1.9807e-01, PNorm = 111.8960, GNorm = 5.5312, lr_0 = 4.9964e-04
Validation rmse = 60.922932
Epoch 4
Loss = 2.4188e-01, PNorm = 111.9677, GNorm = 3.7903, lr_0 = 5.0646e-04
Loss = 1.9151e-01, PNorm = 112.0384, GNorm = 3.3101, lr_0 = 5.1265e-04
Loss = 1.5554e-01, PNorm = 112.1063, GNorm = 1.4188, lr_0 = 5.1885e-04
Loss = 1.4710e-01, PNorm = 112.1590, GNorm = 1.7072, lr_0 = 5.2505e-04
Loss = 1.5393e-01, PNorm = 112.2096, GNorm = 1.8395, lr_0 = 5.3125e-04
Loss = 1.4042e-01, PNorm = 112.2690, GNorm = 1.7093, lr_0 = 5.3745e-04
Loss = 1.6029e-01, PNorm = 112.3321, GNorm = 2.4339, lr_0 = 5.4365e-04
Loss = 1.6165e-01, PNorm = 112.4102, GNorm = 2.5232, lr_0 = 5.4985e-04
Loss = 1.4177e-01, PNorm = 112.4811, GNorm = 1.4910, lr_0 = 5.5605e-04
Loss = 1.1987e-01, PNorm = 112.5452, GNorm = 0.9616, lr_0 = 5.6225e-04
Loss = 1.3865e-01, PNorm = 112.6096, GNorm = 1.6609, lr_0 = 5.6844e-04
Loss = 1.5794e-01, PNorm = 112.6827, GNorm = 0.9333, lr_0 = 5.7464e-04
Loss = 1.6276e-01, PNorm = 112.7582, GNorm = 1.1978, lr_0 = 5.8084e-04
Loss = 1.2387e-01, PNorm = 112.8347, GNorm = 1.2711, lr_0 = 5.8704e-04
Loss = 1.2489e-01, PNorm = 112.9027, GNorm = 1.3809, lr_0 = 5.9324e-04
Loss = 1.1999e-01, PNorm = 112.9659, GNorm = 0.7611, lr_0 = 5.9944e-04
Loss = 1.3385e-01, PNorm = 113.0404, GNorm = 1.5110, lr_0 = 6.0564e-04
Loss = 1.1717e-01, PNorm = 113.1013, GNorm = 1.1446, lr_0 = 6.1184e-04
Validation rmse = 39.980727
Epoch 5
Loss = 1.3799e-01, PNorm = 113.1792, GNorm = 0.6745, lr_0 = 6.1222e-04
Loss = 1.1477e-01, PNorm = 113.2496, GNorm = 0.7092, lr_0 = 6.1199e-04
Loss = 1.1241e-01, PNorm = 113.3098, GNorm = 0.7595, lr_0 = 6.1176e-04
Loss = 1.2464e-01, PNorm = 113.3648, GNorm = 2.6989, lr_0 = 6.1153e-04
Loss = 1.2150e-01, PNorm = 113.4240, GNorm = 0.9217, lr_0 = 6.1130e-04
Loss = 1.2197e-01, PNorm = 113.4951, GNorm = 1.1680, lr_0 = 6.1106e-04
Loss = 1.0213e-01, PNorm = 113.5548, GNorm = 1.0968, lr_0 = 6.1083e-04
Loss = 1.2930e-01, PNorm = 113.6087, GNorm = 0.9198, lr_0 = 6.1060e-04
Loss = 1.1726e-01, PNorm = 113.6748, GNorm = 0.9386, lr_0 = 6.1037e-04
Loss = 1.5583e-01, PNorm = 113.7378, GNorm = 2.4972, lr_0 = 6.1014e-04
Loss = 9.2655e-02, PNorm = 113.8074, GNorm = 0.7856, lr_0 = 6.0991e-04
Loss = 1.0526e-01, PNorm = 113.8705, GNorm = 1.0512, lr_0 = 6.0968e-04
Loss = 1.0081e-01, PNorm = 113.9227, GNorm = 0.6274, lr_0 = 6.0945e-04
Loss = 1.1373e-01, PNorm = 113.9834, GNorm = 2.9924, lr_0 = 6.0922e-04
Loss = 1.3334e-01, PNorm = 114.0607, GNorm = 0.7264, lr_0 = 6.0898e-04
Loss = 1.1200e-01, PNorm = 114.1309, GNorm = 1.8031, lr_0 = 6.0875e-04
Loss = 9.1919e-02, PNorm = 114.1914, GNorm = 0.8635, lr_0 = 6.0852e-04
Loss = 8.6717e-02, PNorm = 114.2452, GNorm = 0.8687, lr_0 = 6.0829e-04
Validation rmse = 49.541961
Epoch 6
Loss = 1.2646e-01, PNorm = 114.3009, GNorm = 2.8192, lr_0 = 6.0806e-04
Loss = 9.2404e-02, PNorm = 114.3649, GNorm = 1.1587, lr_0 = 6.0783e-04
Loss = 7.8516e-02, PNorm = 114.4170, GNorm = 1.0913, lr_0 = 6.0760e-04
Loss = 8.5881e-02, PNorm = 114.4622, GNorm = 0.8076, lr_0 = 6.0737e-04
Loss = 8.4579e-02, PNorm = 114.5079, GNorm = 0.6710, lr_0 = 6.0714e-04
Loss = 9.1427e-02, PNorm = 114.5498, GNorm = 0.5574, lr_0 = 6.0691e-04
Loss = 9.4562e-02, PNorm = 114.5912, GNorm = 0.6077, lr_0 = 6.0668e-04
Loss = 8.5448e-02, PNorm = 114.6415, GNorm = 1.2353, lr_0 = 6.0645e-04
Loss = 8.7013e-02, PNorm = 114.7045, GNorm = 2.7370, lr_0 = 6.0622e-04
Loss = 1.0295e-01, PNorm = 114.7699, GNorm = 0.5603, lr_0 = 6.0599e-04
Loss = 8.3871e-02, PNorm = 114.8303, GNorm = 0.7248, lr_0 = 6.0576e-04
Loss = 9.1138e-02, PNorm = 114.8835, GNorm = 0.8746, lr_0 = 6.0553e-04
Loss = 8.3159e-02, PNorm = 114.9354, GNorm = 0.9966, lr_0 = 6.0530e-04
Loss = 6.8183e-02, PNorm = 114.9854, GNorm = 1.4893, lr_0 = 6.0507e-04
Loss = 8.2629e-02, PNorm = 115.0238, GNorm = 0.7164, lr_0 = 6.0485e-04
Loss = 8.9898e-02, PNorm = 115.0663, GNorm = 1.3114, lr_0 = 6.0462e-04
Loss = 8.8073e-02, PNorm = 115.1218, GNorm = 1.0898, lr_0 = 6.0439e-04
Loss = 8.5335e-02, PNorm = 115.1743, GNorm = 1.1149, lr_0 = 6.0416e-04
Validation rmse = 41.526191
Epoch 7
Loss = 1.1514e-01, PNorm = 115.2361, GNorm = 1.2981, lr_0 = 6.0391e-04
Loss = 6.3686e-02, PNorm = 115.2780, GNorm = 0.7719, lr_0 = 6.0368e-04
Loss = 8.4211e-02, PNorm = 115.3221, GNorm = 0.7486, lr_0 = 6.0345e-04
Loss = 8.3602e-02, PNorm = 115.3768, GNorm = 1.2305, lr_0 = 6.0322e-04
Loss = 7.4246e-02, PNorm = 115.4284, GNorm = 1.3240, lr_0 = 6.0299e-04
Loss = 7.8808e-02, PNorm = 115.4803, GNorm = 0.7939, lr_0 = 6.0276e-04
Loss = 7.8894e-02, PNorm = 115.5290, GNorm = 0.7887, lr_0 = 6.0253e-04
Loss = 9.1680e-02, PNorm = 115.5810, GNorm = 2.0028, lr_0 = 6.0231e-04
Loss = 7.3882e-02, PNorm = 115.6274, GNorm = 0.4583, lr_0 = 6.0208e-04
Loss = 6.0346e-02, PNorm = 115.6747, GNorm = 0.7915, lr_0 = 6.0185e-04
Loss = 6.4127e-02, PNorm = 115.7136, GNorm = 0.7962, lr_0 = 6.0162e-04
Loss = 9.4596e-02, PNorm = 115.7793, GNorm = 2.1341, lr_0 = 6.0139e-04
Loss = 8.9540e-02, PNorm = 115.8547, GNorm = 0.6584, lr_0 = 6.0117e-04
Loss = 9.7271e-02, PNorm = 115.9297, GNorm = 1.8616, lr_0 = 6.0094e-04
Loss = 9.8967e-02, PNorm = 116.0094, GNorm = 0.7202, lr_0 = 6.0071e-04
Loss = 8.5063e-02, PNorm = 116.0705, GNorm = 1.4114, lr_0 = 6.0048e-04
Loss = 9.2112e-02, PNorm = 116.1322, GNorm = 0.4712, lr_0 = 6.0026e-04
Loss = 9.1841e-02, PNorm = 116.1976, GNorm = 0.6350, lr_0 = 6.0003e-04
Loss = 6.9448e-02, PNorm = 116.2589, GNorm = 1.3008, lr_0 = 5.9980e-04
Validation rmse = 35.699733
Epoch 8
Loss = 5.8061e-02, PNorm = 116.3075, GNorm = 1.2230, lr_0 = 5.9957e-04
Loss = 6.5546e-02, PNorm = 116.3501, GNorm = 0.9198, lr_0 = 5.9935e-04
Loss = 7.3149e-02, PNorm = 116.3949, GNorm = 2.1853, lr_0 = 5.9912e-04
Loss = 6.7614e-02, PNorm = 116.4463, GNorm = 0.5376, lr_0 = 5.9889e-04
Loss = 6.2441e-02, PNorm = 116.4898, GNorm = 0.6938, lr_0 = 5.9867e-04
Loss = 5.8911e-02, PNorm = 116.5266, GNorm = 0.9349, lr_0 = 5.9844e-04
Loss = 5.0916e-02, PNorm = 116.5658, GNorm = 0.6937, lr_0 = 5.9821e-04
Loss = 6.4152e-02, PNorm = 116.6041, GNorm = 1.0276, lr_0 = 5.9799e-04
Loss = 7.1071e-02, PNorm = 116.6479, GNorm = 0.7362, lr_0 = 5.9776e-04
Loss = 6.1836e-02, PNorm = 116.6939, GNorm = 0.4756, lr_0 = 5.9753e-04
Loss = 6.4389e-02, PNorm = 116.7356, GNorm = 0.7301, lr_0 = 5.9731e-04
Loss = 6.6983e-02, PNorm = 116.7807, GNorm = 0.9885, lr_0 = 5.9708e-04
Loss = 6.7555e-02, PNorm = 116.8235, GNorm = 1.7570, lr_0 = 5.9685e-04
Loss = 7.0123e-02, PNorm = 116.8713, GNorm = 1.5225, lr_0 = 5.9663e-04
Loss = 7.1602e-02, PNorm = 116.9254, GNorm = 1.3671, lr_0 = 5.9640e-04
Loss = 7.5945e-02, PNorm = 116.9893, GNorm = 0.5330, lr_0 = 5.9618e-04
Loss = 6.5205e-02, PNorm = 117.0531, GNorm = 0.6541, lr_0 = 5.9595e-04
Loss = 6.0133e-02, PNorm = 117.1003, GNorm = 1.0004, lr_0 = 5.9572e-04
Validation rmse = 35.462765
Epoch 9
Loss = 6.4110e-02, PNorm = 117.1606, GNorm = 1.5055, lr_0 = 5.9548e-04
Loss = 4.9875e-02, PNorm = 117.2019, GNorm = 0.5906, lr_0 = 5.9525e-04
Loss = 6.1691e-02, PNorm = 117.2524, GNorm = 0.4114, lr_0 = 5.9502e-04
Loss = 7.1600e-02, PNorm = 117.3007, GNorm = 1.2912, lr_0 = 5.9480e-04
Loss = 5.4367e-02, PNorm = 117.3446, GNorm = 1.0559, lr_0 = 5.9457e-04
Loss = 5.8888e-02, PNorm = 117.3889, GNorm = 0.7161, lr_0 = 5.9435e-04
Loss = 5.3480e-02, PNorm = 117.4328, GNorm = 0.8176, lr_0 = 5.9412e-04
Loss = 6.8618e-02, PNorm = 117.4779, GNorm = 0.8188, lr_0 = 5.9390e-04
Loss = 5.7497e-02, PNorm = 117.5294, GNorm = 0.4193, lr_0 = 5.9367e-04
Loss = 6.3866e-02, PNorm = 117.5787, GNorm = 1.1541, lr_0 = 5.9345e-04
Loss = 4.4405e-02, PNorm = 117.6263, GNorm = 1.0255, lr_0 = 5.9322e-04
Loss = 5.1055e-02, PNorm = 117.6624, GNorm = 0.5820, lr_0 = 5.9300e-04
Loss = 5.9864e-02, PNorm = 117.7001, GNorm = 0.9904, lr_0 = 5.9277e-04
Loss = 6.2745e-02, PNorm = 117.7486, GNorm = 1.5081, lr_0 = 5.9255e-04
Loss = 6.4450e-02, PNorm = 117.7983, GNorm = 0.4960, lr_0 = 5.9233e-04
Loss = 5.5675e-02, PNorm = 117.8586, GNorm = 0.3467, lr_0 = 5.9210e-04
Loss = 7.6513e-02, PNorm = 117.9212, GNorm = 1.7113, lr_0 = 5.9188e-04
Loss = 6.5055e-02, PNorm = 117.9737, GNorm = 1.2516, lr_0 = 5.9165e-04
Validation rmse = 32.781269
Epoch 10
Loss = 5.8313e-02, PNorm = 118.0337, GNorm = 0.5836, lr_0 = 5.9141e-04
Loss = 6.1157e-02, PNorm = 118.0902, GNorm = 1.4152, lr_0 = 5.9118e-04
Loss = 5.6864e-02, PNorm = 118.1363, GNorm = 0.7697, lr_0 = 5.9096e-04
Loss = 4.6239e-02, PNorm = 118.1736, GNorm = 0.4475, lr_0 = 5.9073e-04
Loss = 4.8587e-02, PNorm = 118.2169, GNorm = 0.6346, lr_0 = 5.9051e-04
Loss = 5.0324e-02, PNorm = 118.2591, GNorm = 0.5182, lr_0 = 5.9029e-04
Loss = 5.6087e-02, PNorm = 118.3039, GNorm = 1.1060, lr_0 = 5.9006e-04
Loss = 4.6944e-02, PNorm = 118.3435, GNorm = 0.6132, lr_0 = 5.8984e-04
Loss = 4.7783e-02, PNorm = 118.3806, GNorm = 0.8119, lr_0 = 5.8962e-04
Loss = 5.4655e-02, PNorm = 118.4185, GNorm = 0.5853, lr_0 = 5.8939e-04
Loss = 6.0062e-02, PNorm = 118.4693, GNorm = 1.0227, lr_0 = 5.8917e-04
Loss = 8.3450e-02, PNorm = 118.5245, GNorm = 0.6774, lr_0 = 5.8895e-04
Loss = 7.1737e-02, PNorm = 118.5856, GNorm = 1.0759, lr_0 = 5.8872e-04
Loss = 6.3227e-02, PNorm = 118.6401, GNorm = 0.5298, lr_0 = 5.8850e-04
Loss = 5.5251e-02, PNorm = 118.6922, GNorm = 0.6118, lr_0 = 5.8828e-04
Loss = 6.1506e-02, PNorm = 118.7436, GNorm = 0.7977, lr_0 = 5.8805e-04
Loss = 6.2257e-02, PNorm = 118.7976, GNorm = 0.5185, lr_0 = 5.8783e-04
Loss = 5.5788e-02, PNorm = 118.8379, GNorm = 0.4886, lr_0 = 5.8761e-04
Validation rmse = 32.164832
Epoch 11
Loss = 6.0574e-02, PNorm = 118.8838, GNorm = 0.7338, lr_0 = 5.8739e-04
Loss = 4.5840e-02, PNorm = 118.9308, GNorm = 0.4061, lr_0 = 5.8716e-04
Loss = 5.9844e-02, PNorm = 118.9799, GNorm = 0.9033, lr_0 = 5.8694e-04
Loss = 4.9282e-02, PNorm = 119.0250, GNorm = 0.4776, lr_0 = 5.8672e-04
Loss = 5.2087e-02, PNorm = 119.0755, GNorm = 1.3857, lr_0 = 5.8650e-04
Loss = 5.7190e-02, PNorm = 119.1222, GNorm = 1.0943, lr_0 = 5.8627e-04
Loss = 4.9605e-02, PNorm = 119.1573, GNorm = 1.1731, lr_0 = 5.8605e-04
Loss = 4.7319e-02, PNorm = 119.1923, GNorm = 0.7074, lr_0 = 5.8583e-04
Loss = 5.2860e-02, PNorm = 119.2212, GNorm = 1.0535, lr_0 = 5.8561e-04
Loss = 5.2822e-02, PNorm = 119.2673, GNorm = 1.8374, lr_0 = 5.8539e-04
Loss = 5.8499e-02, PNorm = 119.3187, GNorm = 0.6572, lr_0 = 5.8516e-04
Loss = 4.7159e-02, PNorm = 119.3657, GNorm = 0.5732, lr_0 = 5.8494e-04
Loss = 3.9410e-02, PNorm = 119.4050, GNorm = 0.3422, lr_0 = 5.8472e-04
Loss = 4.7512e-02, PNorm = 119.4488, GNorm = 0.6319, lr_0 = 5.8450e-04
Loss = 5.0749e-02, PNorm = 119.4926, GNorm = 1.1544, lr_0 = 5.8428e-04
Loss = 4.0900e-02, PNorm = 119.5379, GNorm = 0.7353, lr_0 = 5.8406e-04
Loss = 4.5230e-02, PNorm = 119.5768, GNorm = 0.9233, lr_0 = 5.8384e-04
Loss = 5.3206e-02, PNorm = 119.6232, GNorm = 1.1159, lr_0 = 5.8361e-04
Validation rmse = 31.160693
Epoch 12
Loss = 5.2478e-02, PNorm = 119.6701, GNorm = 0.6644, lr_0 = 5.8337e-04
Loss = 4.0087e-02, PNorm = 119.7121, GNorm = 0.4699, lr_0 = 5.8315e-04
Loss = 4.8826e-02, PNorm = 119.7567, GNorm = 0.4229, lr_0 = 5.8293e-04
Loss = 5.0064e-02, PNorm = 119.8099, GNorm = 1.2286, lr_0 = 5.8271e-04
Loss = 5.2451e-02, PNorm = 119.8666, GNorm = 0.4468, lr_0 = 5.8249e-04
Loss = 4.6999e-02, PNorm = 119.9133, GNorm = 0.6184, lr_0 = 5.8227e-04
Loss = 4.6747e-02, PNorm = 119.9605, GNorm = 0.5136, lr_0 = 5.8205e-04
Loss = 4.0438e-02, PNorm = 119.9932, GNorm = 0.2261, lr_0 = 5.8183e-04
Loss = 4.9144e-02, PNorm = 120.0351, GNorm = 0.4503, lr_0 = 5.8161e-04
Loss = 4.4147e-02, PNorm = 120.0833, GNorm = 0.4543, lr_0 = 5.8139e-04
Loss = 4.2276e-02, PNorm = 120.1197, GNorm = 0.3539, lr_0 = 5.8116e-04
Loss = 4.1629e-02, PNorm = 120.1601, GNorm = 0.3047, lr_0 = 5.8094e-04
Loss = 4.2892e-02, PNorm = 120.2045, GNorm = 0.7496, lr_0 = 5.8072e-04
Loss = 3.8027e-02, PNorm = 120.2463, GNorm = 0.5730, lr_0 = 5.8050e-04
Loss = 4.3430e-02, PNorm = 120.2870, GNorm = 0.5607, lr_0 = 5.8028e-04
Loss = 5.8200e-02, PNorm = 120.3322, GNorm = 0.5700, lr_0 = 5.8006e-04
Loss = 4.4644e-02, PNorm = 120.3716, GNorm = 0.5366, lr_0 = 5.7985e-04
Loss = 4.3813e-02, PNorm = 120.4181, GNorm = 0.9199, lr_0 = 5.7963e-04
Validation rmse = 32.952975
Epoch 13
Loss = 4.2437e-02, PNorm = 120.4698, GNorm = 0.3429, lr_0 = 5.7941e-04
Loss = 4.3297e-02, PNorm = 120.5145, GNorm = 0.5589, lr_0 = 5.7919e-04
Loss = 3.8134e-02, PNorm = 120.5533, GNorm = 0.4380, lr_0 = 5.7897e-04
Loss = 4.5717e-02, PNorm = 120.5853, GNorm = 0.8202, lr_0 = 5.7875e-04
Loss = 3.5856e-02, PNorm = 120.6223, GNorm = 0.3035, lr_0 = 5.7853e-04
Loss = 3.7044e-02, PNorm = 120.6548, GNorm = 0.6381, lr_0 = 5.7831e-04
Loss = 4.1720e-02, PNorm = 120.6880, GNorm = 1.1164, lr_0 = 5.7809e-04
Loss = 3.3578e-02, PNorm = 120.7241, GNorm = 0.5719, lr_0 = 5.7787e-04
Loss = 3.1099e-02, PNorm = 120.7576, GNorm = 0.3404, lr_0 = 5.7765e-04
Loss = 3.5879e-02, PNorm = 120.7923, GNorm = 0.4569, lr_0 = 5.7743e-04
Loss = 3.3813e-02, PNorm = 120.8321, GNorm = 0.4829, lr_0 = 5.7721e-04
Loss = 4.0740e-02, PNorm = 120.8620, GNorm = 0.9658, lr_0 = 5.7700e-04
Loss = 4.7091e-02, PNorm = 120.9132, GNorm = 1.5078, lr_0 = 5.7678e-04
Loss = 4.3323e-02, PNorm = 120.9610, GNorm = 0.8467, lr_0 = 5.7656e-04
Loss = 3.9064e-02, PNorm = 121.0001, GNorm = 0.5837, lr_0 = 5.7634e-04
Loss = 3.8131e-02, PNorm = 121.0313, GNorm = 0.6231, lr_0 = 5.7612e-04
Loss = 3.2037e-02, PNorm = 121.0701, GNorm = 0.3567, lr_0 = 5.7590e-04
Loss = 4.5141e-02, PNorm = 121.1091, GNorm = 0.4130, lr_0 = 5.7569e-04
Validation rmse = 32.674101
Epoch 14
Loss = 2.4417e-02, PNorm = 121.1560, GNorm = 0.3484, lr_0 = 5.7545e-04
Loss = 4.1090e-02, PNorm = 121.2044, GNorm = 0.9503, lr_0 = 5.7523e-04
Loss = 3.8686e-02, PNorm = 121.2435, GNorm = 0.4562, lr_0 = 5.7501e-04
Loss = 3.6565e-02, PNorm = 121.2898, GNorm = 0.5670, lr_0 = 5.7479e-04
Loss = 4.5268e-02, PNorm = 121.3338, GNorm = 0.4197, lr_0 = 5.7457e-04
Loss = 3.6266e-02, PNorm = 121.3741, GNorm = 0.3257, lr_0 = 5.7436e-04
Loss = 3.4350e-02, PNorm = 121.4063, GNorm = 0.4380, lr_0 = 5.7414e-04
Loss = 3.1324e-02, PNorm = 121.4342, GNorm = 0.7479, lr_0 = 5.7392e-04
Loss = 4.1557e-02, PNorm = 121.4702, GNorm = 0.8913, lr_0 = 5.7370e-04
Loss = 3.7990e-02, PNorm = 121.5151, GNorm = 1.0673, lr_0 = 5.7349e-04
Loss = 3.6734e-02, PNorm = 121.5521, GNorm = 0.8688, lr_0 = 5.7327e-04
Loss = 3.1998e-02, PNorm = 121.5832, GNorm = 0.5534, lr_0 = 5.7305e-04
Loss = 4.8785e-02, PNorm = 121.6236, GNorm = 0.4742, lr_0 = 5.7284e-04
Loss = 3.4785e-02, PNorm = 121.6655, GNorm = 0.4245, lr_0 = 5.7262e-04
Loss = 3.8176e-02, PNorm = 121.7139, GNorm = 0.4683, lr_0 = 5.7240e-04
Loss = 4.5909e-02, PNorm = 121.7616, GNorm = 0.5894, lr_0 = 5.7218e-04
Loss = 3.7000e-02, PNorm = 121.8045, GNorm = 0.3198, lr_0 = 5.7197e-04
Loss = 3.7954e-02, PNorm = 121.8529, GNorm = 0.4293, lr_0 = 5.7175e-04
Loss = 2.8737e-02, PNorm = 121.8985, GNorm = 0.2445, lr_0 = 5.7153e-04
Loss = 2.8062e-02, PNorm = 121.9030, GNorm = 0.4965, lr_0 = 5.7151e-04
Validation rmse = 32.280346
Epoch 15
Loss = 3.9384e-02, PNorm = 121.9488, GNorm = 0.4990, lr_0 = 5.7130e-04
Loss = 4.1460e-02, PNorm = 121.9841, GNorm = 0.5254, lr_0 = 5.7108e-04
Loss = 3.4964e-02, PNorm = 122.0274, GNorm = 0.3284, lr_0 = 5.7086e-04
Loss = 3.6832e-02, PNorm = 122.0672, GNorm = 0.4252, lr_0 = 5.7065e-04
Loss = 2.9487e-02, PNorm = 122.1136, GNorm = 0.3030, lr_0 = 5.7043e-04
Loss = 3.6157e-02, PNorm = 122.1524, GNorm = 0.2679, lr_0 = 5.7021e-04
Loss = 3.4421e-02, PNorm = 122.1897, GNorm = 0.5637, lr_0 = 5.7000e-04
Loss = 3.2725e-02, PNorm = 122.2242, GNorm = 0.6387, lr_0 = 5.6978e-04
Loss = 3.9560e-02, PNorm = 122.2678, GNorm = 0.4499, lr_0 = 5.6957e-04
Loss = 3.9827e-02, PNorm = 122.3197, GNorm = 0.3404, lr_0 = 5.6935e-04
Loss = 5.3803e-02, PNorm = 122.3744, GNorm = 1.5717, lr_0 = 5.6914e-04
Loss = 3.9854e-02, PNorm = 122.4374, GNorm = 0.7860, lr_0 = 5.6892e-04
Loss = 3.6735e-02, PNorm = 122.4845, GNorm = 0.3610, lr_0 = 5.6870e-04
Loss = 3.7932e-02, PNorm = 122.5423, GNorm = 0.3970, lr_0 = 5.6849e-04
Loss = 3.6768e-02, PNorm = 122.6015, GNorm = 0.3873, lr_0 = 5.6827e-04
Loss = 2.8544e-02, PNorm = 122.6382, GNorm = 0.3010, lr_0 = 5.6806e-04
Loss = 3.2166e-02, PNorm = 122.6755, GNorm = 0.4437, lr_0 = 5.6784e-04
Loss = 3.1502e-02, PNorm = 122.7130, GNorm = 0.4374, lr_0 = 5.6763e-04
Validation rmse = 31.152753
Epoch 16
Loss = 3.5003e-02, PNorm = 122.7477, GNorm = 1.2273, lr_0 = 5.6741e-04
Loss = 3.5227e-02, PNorm = 122.7922, GNorm = 0.5042, lr_0 = 5.6720e-04
Loss = 3.0539e-02, PNorm = 122.8285, GNorm = 0.3580, lr_0 = 5.6698e-04
Loss = 3.2229e-02, PNorm = 122.8686, GNorm = 0.8100, lr_0 = 5.6677e-04
Loss = 4.0137e-02, PNorm = 122.9152, GNorm = 1.1161, lr_0 = 5.6655e-04
Loss = 4.4178e-02, PNorm = 122.9708, GNorm = 0.7626, lr_0 = 5.6634e-04
Loss = 5.1316e-02, PNorm = 123.0264, GNorm = 1.3089, lr_0 = 5.6612e-04
Loss = 4.4095e-02, PNorm = 123.0882, GNorm = 0.5592, lr_0 = 5.6591e-04
Loss = 4.3689e-02, PNorm = 123.1466, GNorm = 0.5118, lr_0 = 5.6570e-04
Loss = 4.1872e-02, PNorm = 123.2113, GNorm = 0.2890, lr_0 = 5.6548e-04
Loss = 4.2199e-02, PNorm = 123.2577, GNorm = 0.8955, lr_0 = 5.6527e-04
Loss = 3.3118e-02, PNorm = 123.2975, GNorm = 0.3758, lr_0 = 5.6505e-04
Loss = 3.7427e-02, PNorm = 123.3411, GNorm = 0.7767, lr_0 = 5.6484e-04
Loss = 3.6382e-02, PNorm = 123.3893, GNorm = 0.7816, lr_0 = 5.6462e-04
Loss = 3.9557e-02, PNorm = 123.4445, GNorm = 0.3972, lr_0 = 5.6441e-04
Loss = 3.4281e-02, PNorm = 123.5088, GNorm = 0.7742, lr_0 = 5.6420e-04
Loss = 3.5438e-02, PNorm = 123.5561, GNorm = 0.3409, lr_0 = 5.6398e-04
Loss = 3.3155e-02, PNorm = 123.5978, GNorm = 0.5061, lr_0 = 5.6377e-04
Validation rmse = 31.895669
Epoch 17
Loss = 3.6948e-02, PNorm = 123.6499, GNorm = 0.8221, lr_0 = 5.6353e-04
Loss = 3.0119e-02, PNorm = 123.6962, GNorm = 0.3837, lr_0 = 5.6332e-04
Loss = 3.6403e-02, PNorm = 123.7336, GNorm = 0.2878, lr_0 = 5.6311e-04
Loss = 3.1400e-02, PNorm = 123.7788, GNorm = 0.4904, lr_0 = 5.6289e-04
Loss = 3.3605e-02, PNorm = 123.8260, GNorm = 0.5970, lr_0 = 5.6268e-04
Loss = 3.0591e-02, PNorm = 123.8669, GNorm = 0.7041, lr_0 = 5.6247e-04
Loss = 3.3542e-02, PNorm = 123.9069, GNorm = 0.3922, lr_0 = 5.6225e-04
Loss = 2.6647e-02, PNorm = 123.9518, GNorm = 0.2639, lr_0 = 5.6204e-04
Loss = 3.6894e-02, PNorm = 123.9934, GNorm = 0.2570, lr_0 = 5.6183e-04
Loss = 3.8785e-02, PNorm = 124.0377, GNorm = 0.7319, lr_0 = 5.6162e-04
Loss = 4.0435e-02, PNorm = 124.0936, GNorm = 0.3906, lr_0 = 5.6140e-04
Loss = 3.2904e-02, PNorm = 124.1396, GNorm = 0.5025, lr_0 = 5.6119e-04
Loss = 3.9414e-02, PNorm = 124.1969, GNorm = 0.4026, lr_0 = 5.6098e-04
Loss = 2.6825e-02, PNorm = 124.2523, GNorm = 0.2809, lr_0 = 5.6077e-04
Loss = 3.5418e-02, PNorm = 124.2994, GNorm = 0.6907, lr_0 = 5.6055e-04
Loss = 3.2758e-02, PNorm = 124.3532, GNorm = 0.3824, lr_0 = 5.6034e-04
Loss = 3.3541e-02, PNorm = 124.4000, GNorm = 0.5168, lr_0 = 5.6013e-04
Loss = 3.9440e-02, PNorm = 124.4495, GNorm = 0.6423, lr_0 = 5.5992e-04
Validation rmse = 32.715313
Epoch 18
Loss = 3.5772e-02, PNorm = 124.5027, GNorm = 0.5441, lr_0 = 5.5970e-04
Loss = 3.5412e-02, PNorm = 124.5518, GNorm = 0.6126, lr_0 = 5.5949e-04
Loss = 3.5066e-02, PNorm = 124.5973, GNorm = 1.1021, lr_0 = 5.5928e-04
Loss = 3.5850e-02, PNorm = 124.6480, GNorm = 0.5826, lr_0 = 5.5907e-04
Loss = 3.6876e-02, PNorm = 124.6932, GNorm = 0.4836, lr_0 = 5.5886e-04
Loss = 2.8270e-02, PNorm = 124.7405, GNorm = 0.4178, lr_0 = 5.5864e-04
Loss = 3.6881e-02, PNorm = 124.7771, GNorm = 0.3776, lr_0 = 5.5843e-04
Loss = 4.5115e-02, PNorm = 124.8319, GNorm = 1.1264, lr_0 = 5.5822e-04
Loss = 3.7935e-02, PNorm = 124.8903, GNorm = 0.8722, lr_0 = 5.5801e-04
Loss = 3.1391e-02, PNorm = 124.9417, GNorm = 0.7794, lr_0 = 5.5780e-04
Loss = 3.1064e-02, PNorm = 124.9862, GNorm = 0.3583, lr_0 = 5.5759e-04
Loss = 3.1709e-02, PNorm = 125.0381, GNorm = 0.7353, lr_0 = 5.5738e-04
Loss = 3.3501e-02, PNorm = 125.0940, GNorm = 0.2411, lr_0 = 5.5716e-04
Loss = 3.1161e-02, PNorm = 125.1328, GNorm = 0.3133, lr_0 = 5.5695e-04
Loss = 3.0343e-02, PNorm = 125.1713, GNorm = 0.7762, lr_0 = 5.5674e-04
Loss = 3.1159e-02, PNorm = 125.2119, GNorm = 0.5737, lr_0 = 5.5653e-04
Loss = 2.7064e-02, PNorm = 125.2583, GNorm = 0.4890, lr_0 = 5.5632e-04
Loss = 4.1456e-02, PNorm = 125.3054, GNorm = 0.4212, lr_0 = 5.5611e-04
Validation rmse = 30.468225
Epoch 19
Loss = 2.1384e-02, PNorm = 125.3523, GNorm = 0.1908, lr_0 = 5.5588e-04
Loss = 3.1605e-02, PNorm = 125.4023, GNorm = 0.6283, lr_0 = 5.5567e-04
Loss = 3.4843e-02, PNorm = 125.4548, GNorm = 0.9254, lr_0 = 5.5546e-04
Loss = 3.4914e-02, PNorm = 125.5119, GNorm = 0.5788, lr_0 = 5.5525e-04
Loss = 2.5708e-02, PNorm = 125.5567, GNorm = 0.4087, lr_0 = 5.5504e-04
Loss = 3.0521e-02, PNorm = 125.6061, GNorm = 0.4254, lr_0 = 5.5483e-04
Loss = 3.3174e-02, PNorm = 125.6460, GNorm = 0.5844, lr_0 = 5.5462e-04
Loss = 2.8883e-02, PNorm = 125.6927, GNorm = 0.5194, lr_0 = 5.5441e-04
Loss = 3.0591e-02, PNorm = 125.7360, GNorm = 0.2382, lr_0 = 5.5420e-04
Loss = 3.3952e-02, PNorm = 125.7777, GNorm = 0.5495, lr_0 = 5.5399e-04
Loss = 2.8301e-02, PNorm = 125.8227, GNorm = 0.3329, lr_0 = 5.5378e-04
Loss = 3.5282e-02, PNorm = 125.8761, GNorm = 0.4253, lr_0 = 5.5357e-04
Loss = 3.5556e-02, PNorm = 125.9293, GNorm = 0.4233, lr_0 = 5.5336e-04
Loss = 3.3955e-02, PNorm = 125.9797, GNorm = 0.7734, lr_0 = 5.5315e-04
Loss = 4.4334e-02, PNorm = 126.0385, GNorm = 0.6832, lr_0 = 5.5294e-04
Loss = 4.1655e-02, PNorm = 126.1021, GNorm = 0.3811, lr_0 = 5.5273e-04
Loss = 3.4381e-02, PNorm = 126.1700, GNorm = 0.5219, lr_0 = 5.5252e-04
Loss = 3.1748e-02, PNorm = 126.2252, GNorm = 0.2815, lr_0 = 5.5231e-04
Validation rmse = 30.512911
Epoch 20
Loss = 2.9716e-02, PNorm = 126.2684, GNorm = 0.4931, lr_0 = 5.5208e-04
Loss = 2.6655e-02, PNorm = 126.3098, GNorm = 0.2460, lr_0 = 5.5187e-04
Loss = 3.1005e-02, PNorm = 126.3560, GNorm = 0.3134, lr_0 = 5.5166e-04
Loss = 3.3167e-02, PNorm = 126.4066, GNorm = 0.5162, lr_0 = 5.5145e-04
Loss = 2.7712e-02, PNorm = 126.4583, GNorm = 0.4745, lr_0 = 5.5124e-04
Loss = 2.6062e-02, PNorm = 126.5107, GNorm = 0.5677, lr_0 = 5.5103e-04
Loss = 2.8269e-02, PNorm = 126.5547, GNorm = 0.4973, lr_0 = 5.5083e-04
Loss = 2.4769e-02, PNorm = 126.5933, GNorm = 0.3914, lr_0 = 5.5062e-04
Loss = 2.7676e-02, PNorm = 126.6303, GNorm = 0.2128, lr_0 = 5.5041e-04
Loss = 2.3553e-02, PNorm = 126.6624, GNorm = 0.2611, lr_0 = 5.5020e-04
Loss = 3.0167e-02, PNorm = 126.6972, GNorm = 0.3214, lr_0 = 5.4999e-04
Loss = 3.1068e-02, PNorm = 126.7462, GNorm = 0.8245, lr_0 = 5.4978e-04
Loss = 3.1872e-02, PNorm = 126.7931, GNorm = 0.6853, lr_0 = 5.4957e-04
Loss = 3.4036e-02, PNorm = 126.8314, GNorm = 0.2258, lr_0 = 5.4937e-04
Loss = 2.6329e-02, PNorm = 126.8759, GNorm = 0.4423, lr_0 = 5.4916e-04
Loss = 3.1135e-02, PNorm = 126.9156, GNorm = 0.4270, lr_0 = 5.4895e-04
Loss = 2.7840e-02, PNorm = 126.9523, GNorm = 0.4009, lr_0 = 5.4874e-04
Loss = 2.5518e-02, PNorm = 126.9937, GNorm = 0.6699, lr_0 = 5.4853e-04
Validation rmse = 31.807155
Epoch 21
Loss = 1.9052e-02, PNorm = 127.0381, GNorm = 0.2882, lr_0 = 5.4833e-04
Loss = 2.6797e-02, PNorm = 127.0813, GNorm = 0.2415, lr_0 = 5.4812e-04
Loss = 3.1966e-02, PNorm = 127.1261, GNorm = 0.7773, lr_0 = 5.4791e-04
Loss = 2.3327e-02, PNorm = 127.1642, GNorm = 0.5164, lr_0 = 5.4770e-04
Loss = 2.8907e-02, PNorm = 127.1999, GNorm = 0.7770, lr_0 = 5.4750e-04
Loss = 2.6439e-02, PNorm = 127.2435, GNorm = 0.4170, lr_0 = 5.4729e-04
Loss = 2.3510e-02, PNorm = 127.2928, GNorm = 0.3939, lr_0 = 5.4708e-04
Loss = 2.7504e-02, PNorm = 127.3351, GNorm = 0.3336, lr_0 = 5.4687e-04
Loss = 3.0907e-02, PNorm = 127.3698, GNorm = 0.5528, lr_0 = 5.4667e-04
Loss = 2.6572e-02, PNorm = 127.4119, GNorm = 0.7023, lr_0 = 5.4646e-04
Loss = 2.8070e-02, PNorm = 127.4710, GNorm = 0.3332, lr_0 = 5.4625e-04
Loss = 2.9034e-02, PNorm = 127.5218, GNorm = 0.2153, lr_0 = 5.4605e-04
Loss = 3.1192e-02, PNorm = 127.5657, GNorm = 0.4350, lr_0 = 5.4584e-04
Loss = 2.9255e-02, PNorm = 127.6095, GNorm = 0.3699, lr_0 = 5.4563e-04
Loss = 2.9277e-02, PNorm = 127.6620, GNorm = 0.5395, lr_0 = 5.4543e-04
Loss = 2.1613e-02, PNorm = 127.7065, GNorm = 0.4170, lr_0 = 5.4522e-04
Loss = 2.7240e-02, PNorm = 127.7500, GNorm = 0.1727, lr_0 = 5.4501e-04
Loss = 2.6419e-02, PNorm = 127.7943, GNorm = 0.4138, lr_0 = 5.4481e-04
Loss = 2.8196e-02, PNorm = 127.8416, GNorm = 0.5879, lr_0 = 5.4460e-04
Loss = 2.1105e-02, PNorm = 127.8468, GNorm = 0.4642, lr_0 = 5.4458e-04
Validation rmse = 30.362369
Epoch 22
Loss = 2.3944e-02, PNorm = 127.8951, GNorm = 0.3106, lr_0 = 5.4437e-04
Loss = 2.2266e-02, PNorm = 127.9388, GNorm = 0.3833, lr_0 = 5.4417e-04
Loss = 1.9757e-02, PNorm = 127.9819, GNorm = 0.2347, lr_0 = 5.4396e-04
Loss = 2.4304e-02, PNorm = 128.0188, GNorm = 0.5259, lr_0 = 5.4375e-04
Loss = 2.3878e-02, PNorm = 128.0566, GNorm = 0.2176, lr_0 = 5.4355e-04
Loss = 2.2279e-02, PNorm = 128.0921, GNorm = 0.3632, lr_0 = 5.4334e-04
Loss = 2.1331e-02, PNorm = 128.1277, GNorm = 0.4057, lr_0 = 5.4314e-04
Loss = 2.5135e-02, PNorm = 128.1610, GNorm = 0.3383, lr_0 = 5.4293e-04
Loss = 2.7251e-02, PNorm = 128.1893, GNorm = 0.5643, lr_0 = 5.4272e-04
Loss = 3.3244e-02, PNorm = 128.2343, GNorm = 0.4736, lr_0 = 5.4252e-04
Loss = 2.6781e-02, PNorm = 128.2820, GNorm = 0.3221, lr_0 = 5.4231e-04
Loss = 3.7387e-02, PNorm = 128.3484, GNorm = 0.4768, lr_0 = 5.4211e-04
Loss = 3.3703e-02, PNorm = 128.4201, GNorm = 0.4485, lr_0 = 5.4190e-04
Loss = 2.9982e-02, PNorm = 128.4888, GNorm = 0.3759, lr_0 = 5.4170e-04
Loss = 2.5759e-02, PNorm = 128.5373, GNorm = 0.2936, lr_0 = 5.4149e-04
Loss = 2.7884e-02, PNorm = 128.5784, GNorm = 0.3999, lr_0 = 5.4129e-04
Loss = 2.9074e-02, PNorm = 128.6296, GNorm = 0.2680, lr_0 = 5.4108e-04
Loss = 2.6315e-02, PNorm = 128.6826, GNorm = 0.4359, lr_0 = 5.4088e-04
Validation rmse = 30.469467
Epoch 23
Loss = 2.4741e-02, PNorm = 128.7327, GNorm = 0.4283, lr_0 = 5.4067e-04
Loss = 2.6747e-02, PNorm = 128.7881, GNorm = 0.2433, lr_0 = 5.4047e-04
Loss = 2.7909e-02, PNorm = 128.8386, GNorm = 0.4739, lr_0 = 5.4026e-04
Loss = 2.6341e-02, PNorm = 128.8853, GNorm = 0.2380, lr_0 = 5.4006e-04
Loss = 2.6063e-02, PNorm = 128.9401, GNorm = 0.3492, lr_0 = 5.3985e-04
Loss = 2.4948e-02, PNorm = 128.9864, GNorm = 0.6990, lr_0 = 5.3965e-04
Loss = 2.8434e-02, PNorm = 129.0307, GNorm = 0.3742, lr_0 = 5.3944e-04
Loss = 2.0241e-02, PNorm = 129.0659, GNorm = 0.1391, lr_0 = 5.3924e-04
Loss = 2.3534e-02, PNorm = 129.0971, GNorm = 0.2784, lr_0 = 5.3904e-04
Loss = 2.2020e-02, PNorm = 129.1360, GNorm = 0.5004, lr_0 = 5.3883e-04
Loss = 2.7092e-02, PNorm = 129.1780, GNorm = 0.1909, lr_0 = 5.3863e-04
Loss = 2.7041e-02, PNorm = 129.2180, GNorm = 0.3295, lr_0 = 5.3842e-04
Loss = 2.2461e-02, PNorm = 129.2663, GNorm = 0.3657, lr_0 = 5.3822e-04
Loss = 2.9987e-02, PNorm = 129.3083, GNorm = 0.6730, lr_0 = 5.3802e-04
Loss = 3.1156e-02, PNorm = 129.3535, GNorm = 0.2211, lr_0 = 5.3781e-04
Loss = 3.0179e-02, PNorm = 129.4042, GNorm = 0.1711, lr_0 = 5.3761e-04
Loss = 2.2114e-02, PNorm = 129.4547, GNorm = 0.2743, lr_0 = 5.3740e-04
Loss = 2.6602e-02, PNorm = 129.5013, GNorm = 0.3890, lr_0 = 5.3720e-04
Validation rmse = 29.249401
Epoch 24
Loss = 2.0165e-02, PNorm = 129.5461, GNorm = 0.3793, lr_0 = 5.3698e-04
Loss = 2.6266e-02, PNorm = 129.5925, GNorm = 0.5657, lr_0 = 5.3677e-04
Loss = 2.1564e-02, PNorm = 129.6358, GNorm = 0.2237, lr_0 = 5.3657e-04
Loss = 2.2490e-02, PNorm = 129.6712, GNorm = 0.3955, lr_0 = 5.3637e-04
Loss = 2.5610e-02, PNorm = 129.7144, GNorm = 0.3566, lr_0 = 5.3616e-04
Loss = 2.4685e-02, PNorm = 129.7547, GNorm = 0.3537, lr_0 = 5.3596e-04
Loss = 2.3638e-02, PNorm = 129.8070, GNorm = 0.2369, lr_0 = 5.3576e-04
Loss = 2.7820e-02, PNorm = 129.8533, GNorm = 0.3657, lr_0 = 5.3555e-04
Loss = 2.3487e-02, PNorm = 129.8930, GNorm = 1.0596, lr_0 = 5.3535e-04
Loss = 2.9731e-02, PNorm = 129.9389, GNorm = 0.4339, lr_0 = 5.3515e-04
Loss = 2.3765e-02, PNorm = 129.9926, GNorm = 0.2866, lr_0 = 5.3495e-04
Loss = 2.1879e-02, PNorm = 130.0327, GNorm = 0.4672, lr_0 = 5.3474e-04
Loss = 2.5023e-02, PNorm = 130.0749, GNorm = 0.1754, lr_0 = 5.3454e-04
Loss = 2.0816e-02, PNorm = 130.1166, GNorm = 0.3567, lr_0 = 5.3434e-04
Loss = 1.8760e-02, PNorm = 130.1561, GNorm = 0.4059, lr_0 = 5.3414e-04
Loss = 2.1259e-02, PNorm = 130.1942, GNorm = 0.4667, lr_0 = 5.3393e-04
Loss = 2.1675e-02, PNorm = 130.2361, GNorm = 0.2820, lr_0 = 5.3373e-04
Loss = 2.6878e-02, PNorm = 130.2847, GNorm = 0.3455, lr_0 = 5.3353e-04
Validation rmse = 29.918279
Epoch 25
Loss = 2.3708e-02, PNorm = 130.3234, GNorm = 0.5140, lr_0 = 5.3331e-04
Loss = 2.3394e-02, PNorm = 130.3671, GNorm = 0.3203, lr_0 = 5.3310e-04
Loss = 1.9773e-02, PNorm = 130.4092, GNorm = 0.4990, lr_0 = 5.3290e-04
Loss = 2.1815e-02, PNorm = 130.4568, GNorm = 0.4841, lr_0 = 5.3270e-04
Loss = 2.6175e-02, PNorm = 130.5195, GNorm = 0.5484, lr_0 = 5.3250e-04
Loss = 2.5982e-02, PNorm = 130.5722, GNorm = 0.3368, lr_0 = 5.3230e-04
Loss = 2.5595e-02, PNorm = 130.6166, GNorm = 0.3935, lr_0 = 5.3210e-04
Loss = 2.1646e-02, PNorm = 130.6653, GNorm = 0.6132, lr_0 = 5.3189e-04
Loss = 2.2147e-02, PNorm = 130.7109, GNorm = 0.3081, lr_0 = 5.3169e-04
Loss = 2.3357e-02, PNorm = 130.7539, GNorm = 0.3235, lr_0 = 5.3149e-04
Loss = 2.5619e-02, PNorm = 130.7979, GNorm = 0.3012, lr_0 = 5.3129e-04
Loss = 2.3327e-02, PNorm = 130.8640, GNorm = 0.3600, lr_0 = 5.3109e-04
Loss = 2.3463e-02, PNorm = 130.9148, GNorm = 0.3733, lr_0 = 5.3089e-04
Loss = 2.4544e-02, PNorm = 130.9572, GNorm = 0.5334, lr_0 = 5.3069e-04
Loss = 4.6056e-02, PNorm = 131.0332, GNorm = 0.7677, lr_0 = 5.3048e-04
Loss = 4.5622e-02, PNorm = 131.1260, GNorm = 0.9427, lr_0 = 5.3028e-04
Loss = 3.3932e-02, PNorm = 131.2321, GNorm = 0.3965, lr_0 = 5.3008e-04
Loss = 3.3535e-02, PNorm = 131.3192, GNorm = 0.2051, lr_0 = 5.2988e-04
Validation rmse = 30.649406
Epoch 26
Loss = 2.2351e-02, PNorm = 131.3936, GNorm = 0.5813, lr_0 = 5.2968e-04
Loss = 2.7071e-02, PNorm = 131.4543, GNorm = 0.3029, lr_0 = 5.2948e-04
Loss = 4.6922e-02, PNorm = 131.5467, GNorm = 0.8432, lr_0 = 5.2928e-04
Loss = 4.5769e-02, PNorm = 131.6626, GNorm = 0.5003, lr_0 = 5.2908e-04
Loss = 3.2641e-02, PNorm = 131.7574, GNorm = 0.3031, lr_0 = 5.2888e-04
Loss = 2.7236e-02, PNorm = 131.8280, GNorm = 0.3784, lr_0 = 5.2868e-04
Loss = 2.7391e-02, PNorm = 131.8946, GNorm = 0.2449, lr_0 = 5.2848e-04
Loss = 3.0887e-02, PNorm = 131.9601, GNorm = 0.1848, lr_0 = 5.2828e-04
Loss = 2.8769e-02, PNorm = 132.0229, GNorm = 0.5245, lr_0 = 5.2808e-04
Loss = 2.9488e-02, PNorm = 132.0891, GNorm = 0.3855, lr_0 = 5.2788e-04
Loss = 2.7061e-02, PNorm = 132.1479, GNorm = 0.5446, lr_0 = 5.2768e-04
Loss = 2.3745e-02, PNorm = 132.2029, GNorm = 0.4362, lr_0 = 5.2748e-04
Loss = 2.5237e-02, PNorm = 132.2483, GNorm = 0.3593, lr_0 = 5.2728e-04
Loss = 2.5160e-02, PNorm = 132.3025, GNorm = 0.1595, lr_0 = 5.2708e-04
Loss = 2.5023e-02, PNorm = 132.3610, GNorm = 0.2473, lr_0 = 5.2688e-04
Loss = 2.5881e-02, PNorm = 132.4154, GNorm = 0.3517, lr_0 = 5.2668e-04
Loss = 2.5340e-02, PNorm = 132.4617, GNorm = 0.2783, lr_0 = 5.2648e-04
Loss = 2.6456e-02, PNorm = 132.4998, GNorm = 0.4547, lr_0 = 5.2628e-04
Validation rmse = 29.959650
Epoch 27
Loss = 2.7009e-02, PNorm = 132.5618, GNorm = 1.1562, lr_0 = 5.2606e-04
Loss = 2.3187e-02, PNorm = 132.6244, GNorm = 0.4753, lr_0 = 5.2586e-04
Loss = 2.3121e-02, PNorm = 132.6844, GNorm = 0.1720, lr_0 = 5.2566e-04
Loss = 2.1583e-02, PNorm = 132.7363, GNorm = 0.6217, lr_0 = 5.2546e-04
Loss = 2.9058e-02, PNorm = 132.7921, GNorm = 0.7989, lr_0 = 5.2526e-04
Loss = 2.4269e-02, PNorm = 132.8408, GNorm = 0.2278, lr_0 = 5.2507e-04
Loss = 2.3225e-02, PNorm = 132.8930, GNorm = 0.6972, lr_0 = 5.2487e-04
Loss = 2.8001e-02, PNorm = 132.9410, GNorm = 0.2712, lr_0 = 5.2467e-04
Loss = 2.3717e-02, PNorm = 132.9914, GNorm = 0.5661, lr_0 = 5.2447e-04
Loss = 2.6599e-02, PNorm = 133.0394, GNorm = 0.6394, lr_0 = 5.2427e-04
Loss = 2.6494e-02, PNorm = 133.0884, GNorm = 0.3331, lr_0 = 5.2407e-04
Loss = 2.3851e-02, PNorm = 133.1237, GNorm = 0.5686, lr_0 = 5.2387e-04
Loss = 2.8845e-02, PNorm = 133.1727, GNorm = 0.2539, lr_0 = 5.2367e-04
Loss = 3.0986e-02, PNorm = 133.2367, GNorm = 0.4623, lr_0 = 5.2348e-04
Loss = 3.5307e-02, PNorm = 133.2986, GNorm = 1.0122, lr_0 = 5.2328e-04
Loss = 2.2162e-02, PNorm = 133.3572, GNorm = 0.2942, lr_0 = 5.2308e-04
Loss = 2.0376e-02, PNorm = 133.4051, GNorm = 0.1843, lr_0 = 5.2288e-04
Loss = 1.8063e-02, PNorm = 133.4537, GNorm = 0.2150, lr_0 = 5.2268e-04
Validation rmse = 31.563452
Epoch 28
Loss = 1.5402e-02, PNorm = 133.4857, GNorm = 0.3898, lr_0 = 5.2249e-04
Loss = 2.2255e-02, PNorm = 133.5202, GNorm = 0.2313, lr_0 = 5.2229e-04
Loss = 1.9972e-02, PNorm = 133.5656, GNorm = 0.2398, lr_0 = 5.2209e-04
Loss = 1.8850e-02, PNorm = 133.6052, GNorm = 0.5029, lr_0 = 5.2189e-04
Loss = 2.2301e-02, PNorm = 133.6531, GNorm = 0.2881, lr_0 = 5.2169e-04
Loss = 2.1837e-02, PNorm = 133.7024, GNorm = 0.2497, lr_0 = 5.2150e-04
Loss = 1.8499e-02, PNorm = 133.7416, GNorm = 0.2818, lr_0 = 5.2130e-04
Loss = 2.0862e-02, PNorm = 133.7820, GNorm = 0.2076, lr_0 = 5.2110e-04
Loss = 1.7420e-02, PNorm = 133.8189, GNorm = 0.3287, lr_0 = 5.2090e-04
Loss = 1.9688e-02, PNorm = 133.8609, GNorm = 0.3429, lr_0 = 5.2071e-04
Loss = 2.4346e-02, PNorm = 133.9019, GNorm = 0.4273, lr_0 = 5.2051e-04
Loss = 1.8643e-02, PNorm = 133.9463, GNorm = 0.3540, lr_0 = 5.2031e-04
Loss = 2.7471e-02, PNorm = 133.9913, GNorm = 0.1593, lr_0 = 5.2012e-04
Loss = 2.5348e-02, PNorm = 134.0393, GNorm = 0.2263, lr_0 = 5.1992e-04
Loss = 2.1130e-02, PNorm = 134.0786, GNorm = 0.2419, lr_0 = 5.1972e-04
Loss = 2.8028e-02, PNorm = 134.1272, GNorm = 0.2323, lr_0 = 5.1952e-04
Loss = 2.3817e-02, PNorm = 134.1743, GNorm = 0.2064, lr_0 = 5.1933e-04
Loss = 2.4247e-02, PNorm = 134.2207, GNorm = 0.4066, lr_0 = 5.1913e-04
Loss = 2.6120e-02, PNorm = 134.2776, GNorm = 0.5110, lr_0 = 5.1893e-04
Loss = 1.2716e-02, PNorm = 134.2826, GNorm = 0.2206, lr_0 = 5.1891e-04
Validation rmse = 30.442747
Epoch 29
Loss = 2.1809e-02, PNorm = 134.3373, GNorm = 0.2898, lr_0 = 5.1872e-04
Loss = 1.8387e-02, PNorm = 134.3885, GNorm = 0.4023, lr_0 = 5.1852e-04
Loss = 1.6441e-02, PNorm = 134.4367, GNorm = 0.2660, lr_0 = 5.1832e-04
Loss = 2.0978e-02, PNorm = 134.4817, GNorm = 0.1142, lr_0 = 5.1813e-04
Loss = 2.3585e-02, PNorm = 134.5228, GNorm = 0.3940, lr_0 = 5.1793e-04
Loss = 2.2558e-02, PNorm = 134.5721, GNorm = 0.4868, lr_0 = 5.1774e-04
Loss = 2.7655e-02, PNorm = 134.6340, GNorm = 0.3371, lr_0 = 5.1754e-04
Loss = 2.5309e-02, PNorm = 134.6963, GNorm = 0.2749, lr_0 = 5.1734e-04
Loss = 2.4680e-02, PNorm = 134.7502, GNorm = 0.4990, lr_0 = 5.1715e-04
Loss = 2.2526e-02, PNorm = 134.8091, GNorm = 0.3912, lr_0 = 5.1695e-04
Loss = 2.1895e-02, PNorm = 134.8642, GNorm = 0.3015, lr_0 = 5.1676e-04
Loss = 2.3258e-02, PNorm = 134.9106, GNorm = 0.3278, lr_0 = 5.1656e-04
Loss = 2.5846e-02, PNorm = 134.9591, GNorm = 0.3734, lr_0 = 5.1636e-04
Loss = 2.2085e-02, PNorm = 135.0185, GNorm = 0.6621, lr_0 = 5.1617e-04
Loss = 2.8778e-02, PNorm = 135.0830, GNorm = 0.3662, lr_0 = 5.1597e-04
Loss = 3.1640e-02, PNorm = 135.1550, GNorm = 0.3969, lr_0 = 5.1578e-04
Loss = 2.9134e-02, PNorm = 135.2239, GNorm = 0.4179, lr_0 = 5.1558e-04
Loss = 2.4092e-02, PNorm = 135.2883, GNorm = 0.4631, lr_0 = 5.1539e-04
Validation rmse = 29.913748
Epoch 30
Loss = 2.1835e-02, PNorm = 135.3546, GNorm = 0.3013, lr_0 = 5.1517e-04
Loss = 2.1071e-02, PNorm = 135.4033, GNorm = 0.3833, lr_0 = 5.1498e-04
Loss = 2.0414e-02, PNorm = 135.4466, GNorm = 0.3214, lr_0 = 5.1478e-04
Loss = 2.0865e-02, PNorm = 135.4963, GNorm = 0.3109, lr_0 = 5.1459e-04
Loss = 1.8225e-02, PNorm = 135.5438, GNorm = 0.4076, lr_0 = 5.1439e-04
Loss = 1.7329e-02, PNorm = 135.5911, GNorm = 0.2542, lr_0 = 5.1420e-04
Loss = 2.6867e-02, PNorm = 135.6402, GNorm = 0.5265, lr_0 = 5.1400e-04
Loss = 2.5852e-02, PNorm = 135.6821, GNorm = 0.4445, lr_0 = 5.1381e-04
Loss = 2.0404e-02, PNorm = 135.7394, GNorm = 0.2449, lr_0 = 5.1361e-04
Loss = 1.6858e-02, PNorm = 135.7906, GNorm = 0.3406, lr_0 = 5.1342e-04
Loss = 1.7660e-02, PNorm = 135.8321, GNorm = 0.2216, lr_0 = 5.1322e-04
Loss = 1.7396e-02, PNorm = 135.8624, GNorm = 0.1911, lr_0 = 5.1303e-04
Loss = 2.3694e-02, PNorm = 135.8988, GNorm = 0.3945, lr_0 = 5.1284e-04
Loss = 2.5494e-02, PNorm = 135.9525, GNorm = 0.7145, lr_0 = 5.1264e-04
Loss = 2.2921e-02, PNorm = 136.0209, GNorm = 0.6679, lr_0 = 5.1245e-04
Loss = 2.4556e-02, PNorm = 136.0734, GNorm = 0.5573, lr_0 = 5.1225e-04
Loss = 2.5962e-02, PNorm = 136.1174, GNorm = 0.8387, lr_0 = 5.1206e-04
Loss = 2.4986e-02, PNorm = 136.1638, GNorm = 0.4683, lr_0 = 5.1186e-04
Validation rmse = 29.008205
Epoch 31
Loss = 2.2942e-02, PNorm = 136.2212, GNorm = 0.2747, lr_0 = 5.1167e-04
Loss = 1.4665e-02, PNorm = 136.2731, GNorm = 0.2292, lr_0 = 5.1148e-04
Loss = 1.7089e-02, PNorm = 136.3116, GNorm = 0.5336, lr_0 = 5.1128e-04
Loss = 1.8828e-02, PNorm = 136.3535, GNorm = 0.3034, lr_0 = 5.1109e-04
Loss = 1.5989e-02, PNorm = 136.3989, GNorm = 0.1862, lr_0 = 5.1090e-04
Loss = 1.7024e-02, PNorm = 136.4355, GNorm = 0.1877, lr_0 = 5.1070e-04
Loss = 1.7503e-02, PNorm = 136.4729, GNorm = 0.2249, lr_0 = 5.1051e-04
Loss = 1.4982e-02, PNorm = 136.5083, GNorm = 0.3240, lr_0 = 5.1032e-04
Loss = 1.9350e-02, PNorm = 136.5415, GNorm = 0.2340, lr_0 = 5.1012e-04
Loss = 1.7866e-02, PNorm = 136.5746, GNorm = 0.4467, lr_0 = 5.0993e-04
Loss = 1.6887e-02, PNorm = 136.6108, GNorm = 0.2695, lr_0 = 5.0974e-04
Loss = 2.0989e-02, PNorm = 136.6478, GNorm = 0.3355, lr_0 = 5.0954e-04
Loss = 2.1191e-02, PNorm = 136.6925, GNorm = 0.4808, lr_0 = 5.0935e-04
Loss = 2.4258e-02, PNorm = 136.7401, GNorm = 0.6903, lr_0 = 5.0916e-04
Loss = 2.4501e-02, PNorm = 136.7950, GNorm = 0.6599, lr_0 = 5.0896e-04
Loss = 2.0183e-02, PNorm = 136.8565, GNorm = 0.2475, lr_0 = 5.0877e-04
Loss = 2.9032e-02, PNorm = 136.9099, GNorm = 0.6922, lr_0 = 5.0858e-04
Loss = 2.5258e-02, PNorm = 136.9736, GNorm = 0.3076, lr_0 = 5.0839e-04
Validation rmse = 30.088290
Epoch 32
Loss = 2.7202e-02, PNorm = 137.0532, GNorm = 0.4293, lr_0 = 5.0817e-04
Loss = 2.2564e-02, PNorm = 137.1268, GNorm = 0.1833, lr_0 = 5.0798e-04
Loss = 2.0036e-02, PNorm = 137.1918, GNorm = 0.4443, lr_0 = 5.0779e-04
Loss = 1.9611e-02, PNorm = 137.2483, GNorm = 0.1694, lr_0 = 5.0760e-04
Loss = 1.8618e-02, PNorm = 137.2961, GNorm = 0.2747, lr_0 = 5.0740e-04
Loss = 1.7002e-02, PNorm = 137.3429, GNorm = 0.2006, lr_0 = 5.0721e-04
Loss = 1.9148e-02, PNorm = 137.3870, GNorm = 0.3555, lr_0 = 5.0702e-04
Loss = 1.5294e-02, PNorm = 137.4300, GNorm = 0.4578, lr_0 = 5.0683e-04
Loss = 1.9474e-02, PNorm = 137.4703, GNorm = 0.6091, lr_0 = 5.0664e-04
Loss = 2.3135e-02, PNorm = 137.5121, GNorm = 0.3048, lr_0 = 5.0644e-04
Loss = 2.2023e-02, PNorm = 137.5647, GNorm = 0.4664, lr_0 = 5.0625e-04
Loss = 1.8618e-02, PNorm = 137.6212, GNorm = 0.1889, lr_0 = 5.0606e-04
Loss = 2.0601e-02, PNorm = 137.6734, GNorm = 0.3190, lr_0 = 5.0587e-04
Loss = 1.8115e-02, PNorm = 137.7296, GNorm = 0.1566, lr_0 = 5.0568e-04
Loss = 2.0830e-02, PNorm = 137.7783, GNorm = 0.3373, lr_0 = 5.0548e-04
Loss = 2.1422e-02, PNorm = 137.8272, GNorm = 0.3703, lr_0 = 5.0529e-04
Loss = 2.5169e-02, PNorm = 137.8700, GNorm = 0.3606, lr_0 = 5.0510e-04
Loss = 2.7147e-02, PNorm = 137.9297, GNorm = 0.2557, lr_0 = 5.0491e-04
Validation rmse = 30.127375
Epoch 33
Loss = 1.9636e-02, PNorm = 137.9825, GNorm = 0.3275, lr_0 = 5.0472e-04
Loss = 1.5130e-02, PNorm = 138.0330, GNorm = 0.1529, lr_0 = 5.0453e-04
Loss = 2.1062e-02, PNorm = 138.0771, GNorm = 0.2665, lr_0 = 5.0434e-04
Loss = 1.6340e-02, PNorm = 138.1265, GNorm = 0.3459, lr_0 = 5.0415e-04
Loss = 1.6942e-02, PNorm = 138.1645, GNorm = 0.1637, lr_0 = 5.0395e-04
Loss = 1.6482e-02, PNorm = 138.1990, GNorm = 0.2372, lr_0 = 5.0376e-04
Loss = 1.7184e-02, PNorm = 138.2385, GNorm = 0.4084, lr_0 = 5.0357e-04
Loss = 2.0648e-02, PNorm = 138.2800, GNorm = 0.2679, lr_0 = 5.0338e-04
Loss = 1.8787e-02, PNorm = 138.3295, GNorm = 0.4389, lr_0 = 5.0319e-04
Loss = 1.6808e-02, PNorm = 138.3703, GNorm = 0.2091, lr_0 = 5.0300e-04
Loss = 1.9681e-02, PNorm = 138.4060, GNorm = 0.2812, lr_0 = 5.0281e-04
Loss = 2.2776e-02, PNorm = 138.4479, GNorm = 0.6288, lr_0 = 5.0262e-04
Loss = 1.7735e-02, PNorm = 138.4997, GNorm = 0.2132, lr_0 = 5.0243e-04
Loss = 1.5734e-02, PNorm = 138.5398, GNorm = 0.1627, lr_0 = 5.0224e-04
Loss = 1.7734e-02, PNorm = 138.5829, GNorm = 0.1793, lr_0 = 5.0205e-04
Loss = 1.9594e-02, PNorm = 138.6249, GNorm = 0.5154, lr_0 = 5.0186e-04
Loss = 2.3901e-02, PNorm = 138.6634, GNorm = 0.1996, lr_0 = 5.0167e-04
Loss = 1.9170e-02, PNorm = 138.7208, GNorm = 0.2564, lr_0 = 5.0148e-04
Validation rmse = 29.801511
Epoch 34
Loss = 1.8912e-02, PNorm = 138.7835, GNorm = 0.4880, lr_0 = 5.0127e-04
Loss = 2.0176e-02, PNorm = 138.8318, GNorm = 0.9277, lr_0 = 5.0108e-04
Loss = 1.9461e-02, PNorm = 138.8810, GNorm = 0.4124, lr_0 = 5.0089e-04
Loss = 1.7194e-02, PNorm = 138.9338, GNorm = 0.2837, lr_0 = 5.0070e-04
Loss = 1.6148e-02, PNorm = 138.9790, GNorm = 0.3721, lr_0 = 5.0051e-04
Loss = 1.6593e-02, PNorm = 139.0199, GNorm = 0.2137, lr_0 = 5.0032e-04
Loss = 1.3940e-02, PNorm = 139.0592, GNorm = 0.2087, lr_0 = 5.0013e-04
Loss = 1.9601e-02, PNorm = 139.0957, GNorm = 0.2804, lr_0 = 4.9994e-04
Loss = 1.7695e-02, PNorm = 139.1400, GNorm = 0.5884, lr_0 = 4.9975e-04
Loss = 1.8095e-02, PNorm = 139.1803, GNorm = 0.1659, lr_0 = 4.9956e-04
Loss = 1.7642e-02, PNorm = 139.2191, GNorm = 0.2722, lr_0 = 4.9937e-04
Loss = 2.2526e-02, PNorm = 139.2656, GNorm = 0.7388, lr_0 = 4.9918e-04
Loss = 2.5443e-02, PNorm = 139.3329, GNorm = 0.3609, lr_0 = 4.9900e-04
Loss = 2.4567e-02, PNorm = 139.4042, GNorm = 0.2638, lr_0 = 4.9881e-04
Loss = 1.8025e-02, PNorm = 139.4697, GNorm = 0.3974, lr_0 = 4.9862e-04
Loss = 1.7823e-02, PNorm = 139.5270, GNorm = 0.1738, lr_0 = 4.9843e-04
Loss = 2.1364e-02, PNorm = 139.5764, GNorm = 0.2190, lr_0 = 4.9824e-04
Loss = 1.9431e-02, PNorm = 139.6237, GNorm = 0.2397, lr_0 = 4.9805e-04
Validation rmse = 28.819111
Epoch 35
Loss = 1.9666e-02, PNorm = 139.6735, GNorm = 0.5634, lr_0 = 4.9784e-04
Loss = 1.6220e-02, PNorm = 139.7254, GNorm = 0.2320, lr_0 = 4.9765e-04
Loss = 1.7529e-02, PNorm = 139.7701, GNorm = 0.1706, lr_0 = 4.9747e-04
Loss = 1.9035e-02, PNorm = 139.8181, GNorm = 0.3290, lr_0 = 4.9728e-04
Loss = 1.6529e-02, PNorm = 139.8655, GNorm = 0.4210, lr_0 = 4.9709e-04
Loss = 2.2224e-02, PNorm = 139.9207, GNorm = 0.4290, lr_0 = 4.9690e-04
Loss = 1.8005e-02, PNorm = 139.9903, GNorm = 0.2342, lr_0 = 4.9671e-04
Loss = 1.8386e-02, PNorm = 140.0450, GNorm = 0.4884, lr_0 = 4.9652e-04
Loss = 1.9675e-02, PNorm = 140.0846, GNorm = 0.1912, lr_0 = 4.9634e-04
Loss = 1.5767e-02, PNorm = 140.1310, GNorm = 0.1930, lr_0 = 4.9615e-04
Loss = 1.4929e-02, PNorm = 140.1679, GNorm = 0.2499, lr_0 = 4.9596e-04
Loss = 1.3584e-02, PNorm = 140.2031, GNorm = 0.2852, lr_0 = 4.9577e-04
Loss = 1.7447e-02, PNorm = 140.2360, GNorm = 0.2366, lr_0 = 4.9558e-04
Loss = 1.6877e-02, PNorm = 140.2744, GNorm = 0.2716, lr_0 = 4.9540e-04
Loss = 1.7579e-02, PNorm = 140.3141, GNorm = 0.4972, lr_0 = 4.9521e-04
Loss = 1.7106e-02, PNorm = 140.3674, GNorm = 0.3174, lr_0 = 4.9502e-04
Loss = 1.7230e-02, PNorm = 140.4236, GNorm = 0.3997, lr_0 = 4.9483e-04
Loss = 1.4732e-02, PNorm = 140.4644, GNorm = 0.3713, lr_0 = 4.9465e-04
Loss = 1.5541e-02, PNorm = 140.5131, GNorm = 0.1881, lr_0 = 4.9446e-04
Validation rmse = 31.854020
Epoch 36
Loss = 1.6311e-02, PNorm = 140.5554, GNorm = 0.1263, lr_0 = 4.9427e-04
Loss = 2.4002e-02, PNorm = 140.6073, GNorm = 0.2264, lr_0 = 4.9408e-04
Loss = 2.0638e-02, PNorm = 140.6713, GNorm = 0.4509, lr_0 = 4.9390e-04
Loss = 1.5099e-02, PNorm = 140.7246, GNorm = 0.1812, lr_0 = 4.9371e-04
Loss = 2.1421e-02, PNorm = 140.7724, GNorm = 0.2359, lr_0 = 4.9352e-04
Loss = 1.7082e-02, PNorm = 140.8171, GNorm = 0.3885, lr_0 = 4.9334e-04
Loss = 1.9305e-02, PNorm = 140.8670, GNorm = 0.1476, lr_0 = 4.9315e-04
Loss = 1.6450e-02, PNorm = 140.9175, GNorm = 0.2888, lr_0 = 4.9296e-04
Loss = 1.8292e-02, PNorm = 140.9690, GNorm = 0.3136, lr_0 = 4.9278e-04
Loss = 1.8793e-02, PNorm = 141.0214, GNorm = 0.3019, lr_0 = 4.9259e-04
Loss = 1.7268e-02, PNorm = 141.0681, GNorm = 0.5712, lr_0 = 4.9240e-04
Loss = 1.7280e-02, PNorm = 141.1216, GNorm = 0.3963, lr_0 = 4.9222e-04
Loss = 1.7174e-02, PNorm = 141.1723, GNorm = 0.2424, lr_0 = 4.9203e-04
Loss = 1.6314e-02, PNorm = 141.2128, GNorm = 0.2765, lr_0 = 4.9184e-04
Loss = 1.5992e-02, PNorm = 141.2566, GNorm = 0.2746, lr_0 = 4.9166e-04
Loss = 1.8658e-02, PNorm = 141.2992, GNorm = 0.2104, lr_0 = 4.9147e-04
Loss = 1.4925e-02, PNorm = 141.3375, GNorm = 0.1691, lr_0 = 4.9128e-04
Loss = 1.7248e-02, PNorm = 141.3790, GNorm = 0.4819, lr_0 = 4.9110e-04
Validation rmse = 29.083032
Epoch 37
Loss = 1.5864e-02, PNorm = 141.4338, GNorm = 0.1687, lr_0 = 4.9089e-04
Loss = 2.3292e-02, PNorm = 141.4944, GNorm = 0.4068, lr_0 = 4.9071e-04
Loss = 1.6498e-02, PNorm = 141.5498, GNorm = 0.3954, lr_0 = 4.9052e-04
Loss = 1.7829e-02, PNorm = 141.6090, GNorm = 0.2634, lr_0 = 4.9034e-04
Loss = 1.7780e-02, PNorm = 141.6673, GNorm = 0.2273, lr_0 = 4.9015e-04
Loss = 2.0424e-02, PNorm = 141.7213, GNorm = 0.4945, lr_0 = 4.8996e-04
Loss = 2.4706e-02, PNorm = 141.7804, GNorm = 0.4710, lr_0 = 4.8978e-04
Loss = 1.8620e-02, PNorm = 141.8391, GNorm = 0.3292, lr_0 = 4.8959e-04
Loss = 1.8000e-02, PNorm = 141.8957, GNorm = 0.2040, lr_0 = 4.8941e-04
Loss = 1.6420e-02, PNorm = 141.9396, GNorm = 1.0097, lr_0 = 4.8922e-04
Loss = 1.9671e-02, PNorm = 141.9817, GNorm = 0.2341, lr_0 = 4.8904e-04
Loss = 2.0645e-02, PNorm = 142.0348, GNorm = 0.3969, lr_0 = 4.8885e-04
Loss = 2.0246e-02, PNorm = 142.0980, GNorm = 0.6271, lr_0 = 4.8867e-04
Loss = 1.7346e-02, PNorm = 142.1622, GNorm = 0.3001, lr_0 = 4.8848e-04
Loss = 1.6418e-02, PNorm = 142.2151, GNorm = 0.2273, lr_0 = 4.8830e-04
Loss = 1.3313e-02, PNorm = 142.2678, GNorm = 0.3763, lr_0 = 4.8811e-04
Loss = 1.9583e-02, PNorm = 142.3222, GNorm = 0.2357, lr_0 = 4.8793e-04
Loss = 1.9991e-02, PNorm = 142.3754, GNorm = 0.5109, lr_0 = 4.8774e-04
Validation rmse = 29.532945
Epoch 38
Loss = 1.7052e-02, PNorm = 142.4324, GNorm = 0.1980, lr_0 = 4.8756e-04
Loss = 1.4941e-02, PNorm = 142.4771, GNorm = 0.1657, lr_0 = 4.8737e-04
Loss = 1.7132e-02, PNorm = 142.5152, GNorm = 0.3502, lr_0 = 4.8719e-04
Loss = 1.6488e-02, PNorm = 142.5580, GNorm = 0.1605, lr_0 = 4.8700e-04
Loss = 1.5651e-02, PNorm = 142.6095, GNorm = 0.2647, lr_0 = 4.8682e-04
Loss = 1.4306e-02, PNorm = 142.6631, GNorm = 0.1655, lr_0 = 4.8663e-04
Loss = 1.7499e-02, PNorm = 142.7016, GNorm = 0.1986, lr_0 = 4.8645e-04
Loss = 1.3954e-02, PNorm = 142.7518, GNorm = 0.3458, lr_0 = 4.8627e-04
Loss = 1.7685e-02, PNorm = 142.7942, GNorm = 0.5912, lr_0 = 4.8608e-04
Loss = 1.6929e-02, PNorm = 142.8389, GNorm = 0.2430, lr_0 = 4.8590e-04
Loss = 1.7862e-02, PNorm = 142.8773, GNorm = 0.1626, lr_0 = 4.8571e-04
Loss = 1.4803e-02, PNorm = 142.9254, GNorm = 0.2716, lr_0 = 4.8553e-04
Loss = 1.6433e-02, PNorm = 142.9755, GNorm = 0.2833, lr_0 = 4.8535e-04
Loss = 1.6409e-02, PNorm = 143.0223, GNorm = 0.2968, lr_0 = 4.8516e-04
Loss = 1.4445e-02, PNorm = 143.0749, GNorm = 0.2700, lr_0 = 4.8498e-04
Loss = 2.0981e-02, PNorm = 143.1292, GNorm = 0.2159, lr_0 = 4.8479e-04
Loss = 1.9482e-02, PNorm = 143.1887, GNorm = 0.1578, lr_0 = 4.8461e-04
Loss = 2.0359e-02, PNorm = 143.2482, GNorm = 0.1812, lr_0 = 4.8443e-04
Validation rmse = 29.349607
Epoch 39
Loss = 2.1803e-02, PNorm = 143.3161, GNorm = 0.3185, lr_0 = 4.8422e-04
Loss = 2.0166e-02, PNorm = 143.3812, GNorm = 0.3358, lr_0 = 4.8404e-04
Loss = 1.4601e-02, PNorm = 143.4394, GNorm = 0.1559, lr_0 = 4.8386e-04
Loss = 1.7646e-02, PNorm = 143.5019, GNorm = 0.1688, lr_0 = 4.8367e-04
Loss = 1.5112e-02, PNorm = 143.5528, GNorm = 0.4821, lr_0 = 4.8349e-04
Loss = 1.7748e-02, PNorm = 143.5981, GNorm = 0.4697, lr_0 = 4.8331e-04
Loss = 1.7285e-02, PNorm = 143.6479, GNorm = 0.3033, lr_0 = 4.8312e-04
Loss = 1.4939e-02, PNorm = 143.6970, GNorm = 0.2044, lr_0 = 4.8294e-04
Loss = 1.5729e-02, PNorm = 143.7497, GNorm = 0.3929, lr_0 = 4.8276e-04
Loss = 1.8732e-02, PNorm = 143.7880, GNorm = 0.3511, lr_0 = 4.8258e-04
Loss = 2.2563e-02, PNorm = 143.8495, GNorm = 0.1221, lr_0 = 4.8239e-04
Loss = 1.6471e-02, PNorm = 143.9067, GNorm = 0.1625, lr_0 = 4.8221e-04
Loss = 2.0258e-02, PNorm = 143.9668, GNorm = 0.2461, lr_0 = 4.8203e-04
Loss = 1.5351e-02, PNorm = 144.0264, GNorm = 0.1886, lr_0 = 4.8185e-04
Loss = 1.4203e-02, PNorm = 144.0785, GNorm = 0.2421, lr_0 = 4.8166e-04
Loss = 1.3654e-02, PNorm = 144.1295, GNorm = 0.2883, lr_0 = 4.8148e-04
Loss = 1.4887e-02, PNorm = 144.1763, GNorm = 0.1626, lr_0 = 4.8130e-04
Loss = 1.5285e-02, PNorm = 144.2184, GNorm = 0.3383, lr_0 = 4.8112e-04
Validation rmse = 29.437862
Epoch 40
Loss = 1.3062e-02, PNorm = 144.2663, GNorm = 0.1836, lr_0 = 4.8091e-04
Loss = 1.4809e-02, PNorm = 144.3032, GNorm = 0.3384, lr_0 = 4.8073e-04
Loss = 1.7289e-02, PNorm = 144.3509, GNorm = 0.4650, lr_0 = 4.8055e-04
Loss = 1.4950e-02, PNorm = 144.4024, GNorm = 0.2528, lr_0 = 4.8037e-04
Loss = 1.5027e-02, PNorm = 144.4406, GNorm = 0.3265, lr_0 = 4.8019e-04
Loss = 1.3912e-02, PNorm = 144.4825, GNorm = 0.2335, lr_0 = 4.8000e-04
Loss = 1.1684e-02, PNorm = 144.5223, GNorm = 0.1172, lr_0 = 4.7982e-04
Loss = 1.3046e-02, PNorm = 144.5655, GNorm = 0.1681, lr_0 = 4.7964e-04
Loss = 1.6575e-02, PNorm = 144.6063, GNorm = 0.3703, lr_0 = 4.7946e-04
Loss = 1.8672e-02, PNorm = 144.6529, GNorm = 0.9318, lr_0 = 4.7928e-04
Loss = 2.7797e-02, PNorm = 144.6940, GNorm = 0.5099, lr_0 = 4.7910e-04
Loss = 2.3215e-02, PNorm = 144.7824, GNorm = 0.4928, lr_0 = 4.7891e-04
Loss = 2.4977e-02, PNorm = 144.8678, GNorm = 0.2961, lr_0 = 4.7873e-04
Loss = 1.7335e-02, PNorm = 144.9421, GNorm = 0.2092, lr_0 = 4.7855e-04
Loss = 1.9304e-02, PNorm = 144.9995, GNorm = 0.1853, lr_0 = 4.7837e-04
Loss = 2.2150e-02, PNorm = 145.0605, GNorm = 0.7657, lr_0 = 4.7819e-04
Loss = 1.5589e-02, PNorm = 145.1275, GNorm = 0.1993, lr_0 = 4.7801e-04
Loss = 1.6981e-02, PNorm = 145.1808, GNorm = 0.1385, lr_0 = 4.7783e-04
Validation rmse = 29.622497
Epoch 41
Loss = 2.0557e-02, PNorm = 145.2264, GNorm = 0.3977, lr_0 = 4.7765e-04
Loss = 1.4238e-02, PNorm = 145.2883, GNorm = 0.1571, lr_0 = 4.7747e-04
Loss = 1.3846e-02, PNorm = 145.3377, GNorm = 0.3542, lr_0 = 4.7728e-04
Loss = 1.1763e-02, PNorm = 145.3781, GNorm = 0.2125, lr_0 = 4.7710e-04
Loss = 1.6064e-02, PNorm = 145.4113, GNorm = 0.1681, lr_0 = 4.7692e-04
Loss = 1.8487e-02, PNorm = 145.4464, GNorm = 0.1583, lr_0 = 4.7674e-04
Loss = 1.3691e-02, PNorm = 145.4827, GNorm = 0.1810, lr_0 = 4.7656e-04
Loss = 1.5876e-02, PNorm = 145.5367, GNorm = 0.2943, lr_0 = 4.7638e-04
Loss = 1.3491e-02, PNorm = 145.5786, GNorm = 0.3633, lr_0 = 4.7620e-04
Loss = 1.3418e-02, PNorm = 145.6210, GNorm = 0.1404, lr_0 = 4.7602e-04
Loss = 1.1120e-02, PNorm = 145.6580, GNorm = 0.1499, lr_0 = 4.7584e-04
Loss = 1.9431e-02, PNorm = 145.6982, GNorm = 0.5367, lr_0 = 4.7566e-04
Loss = 1.8971e-02, PNorm = 145.7622, GNorm = 0.2413, lr_0 = 4.7548e-04
Loss = 1.8240e-02, PNorm = 145.8233, GNorm = 0.0976, lr_0 = 4.7530e-04
Loss = 1.4262e-02, PNorm = 145.8697, GNorm = 0.1965, lr_0 = 4.7512e-04
Loss = 1.9223e-02, PNorm = 145.9163, GNorm = 0.4149, lr_0 = 4.7494e-04
Loss = 1.8776e-02, PNorm = 145.9604, GNorm = 0.2602, lr_0 = 4.7476e-04
Loss = 1.4143e-02, PNorm = 146.0165, GNorm = 0.1768, lr_0 = 4.7458e-04
Validation rmse = 29.982130
Epoch 42
Loss = 1.2322e-02, PNorm = 146.0723, GNorm = 0.1127, lr_0 = 4.7438e-04
Loss = 1.6625e-02, PNorm = 146.1312, GNorm = 0.2670, lr_0 = 4.7420e-04
Loss = 1.6985e-02, PNorm = 146.1738, GNorm = 0.1461, lr_0 = 4.7402e-04
Loss = 1.4741e-02, PNorm = 146.2153, GNorm = 0.3272, lr_0 = 4.7384e-04
Loss = 1.5323e-02, PNorm = 146.2525, GNorm = 0.2370, lr_0 = 4.7366e-04
Loss = 1.7828e-02, PNorm = 146.3040, GNorm = 0.1854, lr_0 = 4.7348e-04
Loss = 1.5075e-02, PNorm = 146.3541, GNorm = 0.1904, lr_0 = 4.7330e-04
Loss = 1.2297e-02, PNorm = 146.4060, GNorm = 0.1029, lr_0 = 4.7312e-04
Loss = 1.4693e-02, PNorm = 146.4574, GNorm = 0.2521, lr_0 = 4.7295e-04
Loss = 1.4710e-02, PNorm = 146.5029, GNorm = 0.2183, lr_0 = 4.7277e-04
Loss = 1.4645e-02, PNorm = 146.5461, GNorm = 0.2040, lr_0 = 4.7259e-04
Loss = 1.8355e-02, PNorm = 146.5973, GNorm = 0.4428, lr_0 = 4.7241e-04
Loss = 1.4128e-02, PNorm = 146.6632, GNorm = 0.2811, lr_0 = 4.7223e-04
Loss = 1.3223e-02, PNorm = 146.7192, GNorm = 0.2697, lr_0 = 4.7205e-04
Loss = 1.5499e-02, PNorm = 146.7665, GNorm = 0.1296, lr_0 = 4.7187e-04
Loss = 1.6770e-02, PNorm = 146.8145, GNorm = 0.2412, lr_0 = 4.7169e-04
Loss = 1.6357e-02, PNorm = 146.8704, GNorm = 0.2500, lr_0 = 4.7151e-04
Loss = 1.5420e-02, PNorm = 146.9169, GNorm = 0.2264, lr_0 = 4.7134e-04
Loss = 1.3278e-02, PNorm = 146.9624, GNorm = 0.2195, lr_0 = 4.7116e-04
Validation rmse = 29.400485
Epoch 43
Loss = 1.2692e-02, PNorm = 147.0087, GNorm = 0.1735, lr_0 = 4.7098e-04
Loss = 1.2282e-02, PNorm = 147.0546, GNorm = 0.3109, lr_0 = 4.7080e-04
Loss = 1.3935e-02, PNorm = 147.0896, GNorm = 0.1311, lr_0 = 4.7062e-04
Loss = 1.3015e-02, PNorm = 147.1283, GNorm = 0.1558, lr_0 = 4.7044e-04
Loss = 1.4596e-02, PNorm = 147.1670, GNorm = 0.3753, lr_0 = 4.7027e-04
Loss = 1.2438e-02, PNorm = 147.2233, GNorm = 0.2036, lr_0 = 4.7009e-04
Loss = 1.3402e-02, PNorm = 147.2795, GNorm = 0.3344, lr_0 = 4.6991e-04
Loss = 1.3602e-02, PNorm = 147.3286, GNorm = 0.3878, lr_0 = 4.6973e-04
Loss = 1.9544e-02, PNorm = 147.3776, GNorm = 0.4035, lr_0 = 4.6955e-04
Loss = 1.4145e-02, PNorm = 147.4289, GNorm = 0.1433, lr_0 = 4.6937e-04
Loss = 1.8189e-02, PNorm = 147.4835, GNorm = 0.1707, lr_0 = 4.6920e-04
Loss = 1.4852e-02, PNorm = 147.5324, GNorm = 0.2224, lr_0 = 4.6902e-04
Loss = 1.6319e-02, PNorm = 147.5865, GNorm = 0.6559, lr_0 = 4.6884e-04
Loss = 1.6158e-02, PNorm = 147.6469, GNorm = 0.2927, lr_0 = 4.6866e-04
Loss = 1.2560e-02, PNorm = 147.7038, GNorm = 0.2281, lr_0 = 4.6849e-04
Loss = 1.6228e-02, PNorm = 147.7439, GNorm = 0.1615, lr_0 = 4.6831e-04
Loss = 1.4370e-02, PNorm = 147.7961, GNorm = 0.2215, lr_0 = 4.6813e-04
Loss = 1.4451e-02, PNorm = 147.8426, GNorm = 0.2046, lr_0 = 4.6795e-04
Validation rmse = 30.040301
Epoch 44
Loss = 1.4205e-02, PNorm = 147.9076, GNorm = 0.2304, lr_0 = 4.6776e-04
Loss = 1.2045e-02, PNorm = 147.9600, GNorm = 0.3599, lr_0 = 4.6758e-04
Loss = 1.4224e-02, PNorm = 148.0050, GNorm = 0.2322, lr_0 = 4.6740e-04
Loss = 1.3620e-02, PNorm = 148.0529, GNorm = 0.1641, lr_0 = 4.6723e-04
Loss = 1.3923e-02, PNorm = 148.0970, GNorm = 0.1690, lr_0 = 4.6705e-04
Loss = 1.7879e-02, PNorm = 148.1560, GNorm = 0.2668, lr_0 = 4.6687e-04
Loss = 1.4385e-02, PNorm = 148.2134, GNorm = 0.5395, lr_0 = 4.6670e-04
Loss = 1.6554e-02, PNorm = 148.2530, GNorm = 0.1350, lr_0 = 4.6652e-04
Loss = 1.6414e-02, PNorm = 148.3115, GNorm = 0.3970, lr_0 = 4.6634e-04
Loss = 1.2720e-02, PNorm = 148.3648, GNorm = 0.4151, lr_0 = 4.6617e-04
Loss = 1.5106e-02, PNorm = 148.4175, GNorm = 0.2654, lr_0 = 4.6599e-04
Loss = 1.6046e-02, PNorm = 148.4685, GNorm = 0.1817, lr_0 = 4.6581e-04
Loss = 1.3226e-02, PNorm = 148.5139, GNorm = 0.1905, lr_0 = 4.6564e-04
Loss = 1.3283e-02, PNorm = 148.5641, GNorm = 0.2942, lr_0 = 4.6546e-04
Loss = 1.3977e-02, PNorm = 148.6028, GNorm = 0.1545, lr_0 = 4.6528e-04
Loss = 1.1937e-02, PNorm = 148.6512, GNorm = 0.2016, lr_0 = 4.6511e-04
Loss = 1.3955e-02, PNorm = 148.6869, GNorm = 0.0967, lr_0 = 4.6493e-04
Loss = 1.3369e-02, PNorm = 148.7282, GNorm = 0.3551, lr_0 = 4.6476e-04
Validation rmse = 30.053580
Epoch 45
Loss = 1.3687e-02, PNorm = 148.7772, GNorm = 0.2633, lr_0 = 4.6456e-04
Loss = 1.6267e-02, PNorm = 148.8296, GNorm = 0.5313, lr_0 = 4.6439e-04
Loss = 1.1570e-02, PNorm = 148.8788, GNorm = 0.1746, lr_0 = 4.6421e-04
Loss = 1.2559e-02, PNorm = 148.9274, GNorm = 0.4102, lr_0 = 4.6403e-04
Loss = 1.0959e-02, PNorm = 148.9696, GNorm = 0.1309, lr_0 = 4.6386e-04
Loss = 1.2663e-02, PNorm = 149.0020, GNorm = 0.2970, lr_0 = 4.6368e-04
Loss = 1.1874e-02, PNorm = 149.0446, GNorm = 0.1722, lr_0 = 4.6351e-04
Loss = 1.1564e-02, PNorm = 149.0849, GNorm = 0.4321, lr_0 = 4.6333e-04
Loss = 1.4222e-02, PNorm = 149.1256, GNorm = 0.5145, lr_0 = 4.6316e-04
Loss = 1.2555e-02, PNorm = 149.1685, GNorm = 0.3375, lr_0 = 4.6298e-04
Loss = 1.4885e-02, PNorm = 149.2156, GNorm = 0.4824, lr_0 = 4.6281e-04
Loss = 1.7599e-02, PNorm = 149.2768, GNorm = 0.3628, lr_0 = 4.6263e-04
Loss = 1.4057e-02, PNorm = 149.3222, GNorm = 0.2958, lr_0 = 4.6245e-04
Loss = 1.4188e-02, PNorm = 149.3629, GNorm = 0.1381, lr_0 = 4.6228e-04
Loss = 1.3814e-02, PNorm = 149.4105, GNorm = 0.1857, lr_0 = 4.6210e-04
Loss = 1.5210e-02, PNorm = 149.4623, GNorm = 0.1941, lr_0 = 4.6193e-04
Loss = 1.2547e-02, PNorm = 149.5088, GNorm = 0.1672, lr_0 = 4.6175e-04
Loss = 1.3678e-02, PNorm = 149.5469, GNorm = 0.2124, lr_0 = 4.6158e-04
Validation rmse = 28.283346
Epoch 46
Loss = 1.1702e-02, PNorm = 149.5931, GNorm = 0.2343, lr_0 = 4.6140e-04
Loss = 1.1578e-02, PNorm = 149.6494, GNorm = 0.1576, lr_0 = 4.6123e-04
Loss = 1.3268e-02, PNorm = 149.6894, GNorm = 0.1342, lr_0 = 4.6105e-04
Loss = 1.3812e-02, PNorm = 149.7321, GNorm = 0.2201, lr_0 = 4.6088e-04
Loss = 1.5762e-02, PNorm = 149.7758, GNorm = 0.2345, lr_0 = 4.6071e-04
Loss = 1.2873e-02, PNorm = 149.8260, GNorm = 0.3297, lr_0 = 4.6053e-04
Loss = 1.4015e-02, PNorm = 149.8805, GNorm = 0.2354, lr_0 = 4.6036e-04
Loss = 1.4972e-02, PNorm = 149.9367, GNorm = 0.1589, lr_0 = 4.6018e-04
Loss = 1.4238e-02, PNorm = 149.9960, GNorm = 0.4416, lr_0 = 4.6001e-04
Loss = 1.5940e-02, PNorm = 150.0654, GNorm = 0.2880, lr_0 = 4.5983e-04
Loss = 1.4798e-02, PNorm = 150.1240, GNorm = 0.1445, lr_0 = 4.5966e-04
Loss = 1.1037e-02, PNorm = 150.1691, GNorm = 0.1381, lr_0 = 4.5949e-04
Loss = 1.3498e-02, PNorm = 150.2113, GNorm = 0.3107, lr_0 = 4.5931e-04
Loss = 1.3516e-02, PNorm = 150.2600, GNorm = 0.2347, lr_0 = 4.5914e-04
Loss = 1.3293e-02, PNorm = 150.3092, GNorm = 0.4806, lr_0 = 4.5896e-04
Loss = 1.4364e-02, PNorm = 150.3660, GNorm = 0.1900, lr_0 = 4.5879e-04
Loss = 1.2757e-02, PNorm = 150.4084, GNorm = 0.2285, lr_0 = 4.5862e-04
Loss = 1.4818e-02, PNorm = 150.4549, GNorm = 0.2316, lr_0 = 4.5844e-04
Validation rmse = 29.258145
Epoch 47
Loss = 1.6176e-02, PNorm = 150.5142, GNorm = 0.2476, lr_0 = 4.5825e-04
Loss = 1.0992e-02, PNorm = 150.5704, GNorm = 0.1168, lr_0 = 4.5808e-04
Loss = 1.1852e-02, PNorm = 150.6188, GNorm = 0.2342, lr_0 = 4.5790e-04
Loss = 1.0766e-02, PNorm = 150.6584, GNorm = 0.1034, lr_0 = 4.5773e-04
Loss = 1.1917e-02, PNorm = 150.6969, GNorm = 0.1316, lr_0 = 4.5756e-04
Loss = 1.2458e-02, PNorm = 150.7300, GNorm = 0.1572, lr_0 = 4.5738e-04
Loss = 1.2562e-02, PNorm = 150.7682, GNorm = 0.4061, lr_0 = 4.5721e-04
Loss = 1.3432e-02, PNorm = 150.8084, GNorm = 0.1530, lr_0 = 4.5704e-04
Loss = 1.3943e-02, PNorm = 150.8486, GNorm = 0.4185, lr_0 = 4.5686e-04
Loss = 1.3210e-02, PNorm = 150.8975, GNorm = 0.1391, lr_0 = 4.5669e-04
Loss = 1.1943e-02, PNorm = 150.9393, GNorm = 0.1720, lr_0 = 4.5652e-04
Loss = 1.4476e-02, PNorm = 150.9845, GNorm = 0.2051, lr_0 = 4.5634e-04
Loss = 1.2970e-02, PNorm = 151.0329, GNorm = 0.1222, lr_0 = 4.5617e-04
Loss = 1.0474e-02, PNorm = 151.0757, GNorm = 0.1224, lr_0 = 4.5600e-04
Loss = 1.2643e-02, PNorm = 151.1100, GNorm = 0.2361, lr_0 = 4.5583e-04
Loss = 1.2767e-02, PNorm = 151.1542, GNorm = 0.0836, lr_0 = 4.5565e-04
Loss = 1.3273e-02, PNorm = 151.2047, GNorm = 0.1464, lr_0 = 4.5548e-04
Loss = 1.1759e-02, PNorm = 151.2575, GNorm = 0.2794, lr_0 = 4.5531e-04
Validation rmse = 27.960536
Epoch 48
Loss = 1.3112e-02, PNorm = 151.2960, GNorm = 0.7820, lr_0 = 4.5514e-04
Loss = 1.1127e-02, PNorm = 151.3476, GNorm = 0.2415, lr_0 = 4.5496e-04
Loss = 1.2455e-02, PNorm = 151.4062, GNorm = 0.2468, lr_0 = 4.5479e-04
Loss = 1.3583e-02, PNorm = 151.4619, GNorm = 0.1635, lr_0 = 4.5462e-04
Loss = 1.9354e-02, PNorm = 151.5344, GNorm = 0.4615, lr_0 = 4.5445e-04
Loss = 1.5442e-02, PNorm = 151.6066, GNorm = 0.2039, lr_0 = 4.5427e-04
Loss = 1.5487e-02, PNorm = 151.6705, GNorm = 0.1678, lr_0 = 4.5410e-04
Loss = 1.5201e-02, PNorm = 151.7352, GNorm = 0.1616, lr_0 = 4.5393e-04
Loss = 1.2535e-02, PNorm = 151.7997, GNorm = 0.1927, lr_0 = 4.5376e-04
Loss = 1.4080e-02, PNorm = 151.8520, GNorm = 0.2342, lr_0 = 4.5359e-04
Loss = 1.3629e-02, PNorm = 151.9103, GNorm = 0.2978, lr_0 = 4.5341e-04
Loss = 1.5531e-02, PNorm = 151.9575, GNorm = 0.4212, lr_0 = 4.5324e-04
Loss = 1.3635e-02, PNorm = 152.0121, GNorm = 0.7191, lr_0 = 4.5307e-04
Loss = 1.4977e-02, PNorm = 152.0754, GNorm = 0.4206, lr_0 = 4.5290e-04
Loss = 1.4677e-02, PNorm = 152.1344, GNorm = 0.2675, lr_0 = 4.5273e-04
Loss = 1.4759e-02, PNorm = 152.1950, GNorm = 0.1637, lr_0 = 4.5256e-04
Loss = 1.4095e-02, PNorm = 152.2490, GNorm = 0.1762, lr_0 = 4.5238e-04
Loss = 1.4402e-02, PNorm = 152.2960, GNorm = 0.2938, lr_0 = 4.5221e-04
Validation rmse = 28.581467
Epoch 49
Loss = 1.5688e-02, PNorm = 152.3515, GNorm = 0.2637, lr_0 = 4.5203e-04
Loss = 1.2667e-02, PNorm = 152.4101, GNorm = 0.2389, lr_0 = 4.5185e-04
Loss = 1.1265e-02, PNorm = 152.4553, GNorm = 0.1897, lr_0 = 4.5168e-04
Loss = 1.3108e-02, PNorm = 152.4994, GNorm = 0.1074, lr_0 = 4.5151e-04
Loss = 1.1466e-02, PNorm = 152.5467, GNorm = 0.1874, lr_0 = 4.5134e-04
Loss = 1.2078e-02, PNorm = 152.6020, GNorm = 0.3416, lr_0 = 4.5117e-04
Loss = 1.2414e-02, PNorm = 152.6407, GNorm = 0.2047, lr_0 = 4.5100e-04
Loss = 1.3855e-02, PNorm = 152.6893, GNorm = 0.2287, lr_0 = 4.5083e-04
Loss = 1.0141e-02, PNorm = 152.7336, GNorm = 0.2676, lr_0 = 4.5066e-04
Loss = 1.1334e-02, PNorm = 152.7804, GNorm = 0.1912, lr_0 = 4.5049e-04
Loss = 1.4229e-02, PNorm = 152.8305, GNorm = 0.1911, lr_0 = 4.5032e-04
Loss = 1.5628e-02, PNorm = 152.8811, GNorm = 0.4161, lr_0 = 4.5014e-04
Loss = 1.3880e-02, PNorm = 152.9334, GNorm = 0.1886, lr_0 = 4.4997e-04
Loss = 1.5418e-02, PNorm = 152.9780, GNorm = 0.1936, lr_0 = 4.4982e-04
Loss = 1.4521e-02, PNorm = 153.0427, GNorm = 0.2865, lr_0 = 4.4982e-04
Loss = 1.2986e-02, PNorm = 153.0966, GNorm = 0.5144, lr_0 = 4.4982e-04
Loss = 1.6335e-02, PNorm = 153.1631, GNorm = 0.3087, lr_0 = 4.4982e-04
Loss = 1.3668e-02, PNorm = 153.2261, GNorm = 0.2617, lr_0 = 4.4982e-04
Validation rmse = 30.724735
Model 0 best validation rmse = 27.960536 on epoch 47
Loading pretrained parameter "encoder.encoder.0.cached_zero_vector".
Loading pretrained parameter "encoder.encoder.0.W_i.weight".
Loading pretrained parameter "encoder.encoder.0.W_h.weight".
Loading pretrained parameter "encoder.encoder.0.W_o.weight".
Loading pretrained parameter "encoder.encoder.0.W_o.bias".
Loading pretrained parameter "encoder.encoder.1.cached_zero_vector".
Loading pretrained parameter "encoder.encoder.1.W_i.weight".
Loading pretrained parameter "encoder.encoder.1.W_h.weight".
Loading pretrained parameter "encoder.encoder.1.W_o.weight".
Loading pretrained parameter "encoder.encoder.1.W_o.bias".
Loading pretrained parameter "ffn.1.weight".
Loading pretrained parameter "ffn.1.bias".
Loading pretrained parameter "ffn.4.weight".
Loading pretrained parameter "ffn.4.bias".
Moving model to cuda
Model 0 test rmse = 25.238615
Ensemble test rmse = 25.238615
1-fold cross validation
	Seed 0 ==> test rmse = 25.238615
Overall test rmse = 25.238615 +/- 0.000000
Elapsed time = 0:44:10
