Command line
python /home/kpg/chemprop/train.py --data_path ../../../data/splits/lambda_max_abs/deep4chem/group_by_smiles/smiles_target_train.csv --dataset_type regression --save_dir /home/kimele03/uvvisml/uvvisml/models/log_lifetime_checkpoints/random/results/507325/49670935 --config_path /home/kimele03/uvvisml/uvvisml/models/log_lifetime_checkpoints/random/results/507325/49670935/hyperopt.json --metric rmse --epochs 50 --gpu 0 --ensemble_size 1 --separate_val_path ../../../data/splits/lambda_max_abs/deep4chem/group_by_smiles/smiles_target_val.csv --separate_test_path ../../../data/splits/lambda_max_abs/deep4chem/group_by_smiles/smiles_target_test.csv --number_of_molecules 2
Args
{'activation': 'ReLU',
 'aggregation': 'mean',
 'aggregation_norm': 100,
 'atom_descriptor_scaling': True,
 'atom_descriptors': None,
 'atom_descriptors_path': None,
 'atom_descriptors_size': 0,
 'atom_features_size': 0,
 'atom_messages': False,
 'batch_size': 69,
 'bias': False,
 'bond_feature_scaling': True,
 'bond_features_path': None,
 'bond_features_size': 0,
 'cache_cutoff': 10000,
 'checkpoint_dir': None,
 'checkpoint_frzn': None,
 'checkpoint_path': None,
 'checkpoint_paths': None,
 'class_balance': False,
 'config_path': '/home/kimele03/uvvisml/uvvisml/models/log_lifetime_checkpoints/random/results/507325/49670935/hyperopt.json',
 'crossval_index_dir': None,
 'crossval_index_file': None,
 'crossval_index_sets': None,
 'cuda': True,
 'data_path': '../../../data/splits/lambda_max_abs/deep4chem/group_by_smiles/smiles_target_train.csv',
 'data_weights_path': None,
 'dataset_type': 'regression',
 'depth': 5,
 'device': device(type='cuda', index=0),
 'dropout': 0.04928156923094124,
 'empty_cache': False,
 'ensemble_size': 1,
 'epochs': 50,
 'explicit_h': False,
 'extra_metrics': [],
 'features_generator': None,
 'features_only': False,
 'features_path': None,
 'features_scaling': True,
 'features_size': None,
 'ffn_hidden_size': 998,
 'ffn_num_layers': 2,
 'final_lr': 1.2862532904102832e-05,
 'folds_file': None,
 'freeze_first_only': False,
 'frzn_ffn_layers': 0,
 'gpu': 0,
 'grad_clip': None,
 'hidden_size': 300,
 'ignore_columns': None,
 'init_lr': 4.407221940667096e-07,
 'log_frequency': 10,
 'max_data_size': None,
 'max_lr': 0.00018131303087169423,
 'metric': 'rmse',
 'metrics': ['rmse'],
 'minimize_score': True,
 'mpn_shared': False,
 'multiclass_num_classes': 3,
 'no_atom_descriptor_scaling': False,
 'no_bond_features_scaling': False,
 'no_cache_mol': False,
 'no_cuda': False,
 'no_features_scaling': False,
 'num_folds': 1,
 'num_lrs': 1,
 'num_tasks': 1,
 'num_workers': 8,
 'number_of_molecules': 2,
 'overwrite_default_atom_features': False,
 'overwrite_default_bond_features': False,
 'pytorch_seed': 0,
 'quiet': False,
 'reaction': False,
 'reaction_mode': 'reac_diff',
 'resume_experiment': False,
 'save_dir': '/home/kimele03/uvvisml/uvvisml/models/log_lifetime_checkpoints/random/results/507325/49670935',
 'save_preds': False,
 'save_smiles_splits': False,
 'seed': 0,
 'separate_test_atom_descriptors_path': None,
 'separate_test_bond_features_path': None,
 'separate_test_features_path': None,
 'separate_test_path': '../../../data/splits/lambda_max_abs/deep4chem/group_by_smiles/smiles_target_test.csv',
 'separate_val_atom_descriptors_path': None,
 'separate_val_bond_features_path': None,
 'separate_val_features_path': None,
 'separate_val_path': '../../../data/splits/lambda_max_abs/deep4chem/group_by_smiles/smiles_target_val.csv',
 'show_individual_scores': False,
 'smiles_columns': ['smiles', 'solvent'],
 'split_sizes': (0.8, 0.1, 0.1),
 'split_type': 'random',
 'target_columns': None,
 'target_weights': None,
 'task_names': ['peakwavs_max'],
 'test': False,
 'test_fold_index': None,
 'train_data_size': None,
 'undirected': False,
 'use_input_features': False,
 'val_fold_index': None,
 'warmup_epochs': 4}
Loading data
Number of tasks = 1
Fold 0
Splitting data with seed 0
Total size = 13,242 | train size = 13,242 | val size = 1,633 | test size = 1,710
Fitting scaler
Building model 0
MoleculeModel(
  (encoder): MPN(
    (encoder): ModuleList(
      (0): MPNEncoder(
        (dropout_layer): Dropout(p=0.04928156923094124, inplace=False)
        (act_func): ReLU()
        (W_i): Linear(in_features=147, out_features=300, bias=False)
        (W_h): Linear(in_features=300, out_features=300, bias=False)
        (W_o): Linear(in_features=433, out_features=300, bias=True)
      )
      (1): MPNEncoder(
        (dropout_layer): Dropout(p=0.04928156923094124, inplace=False)
        (act_func): ReLU()
        (W_i): Linear(in_features=147, out_features=300, bias=False)
        (W_h): Linear(in_features=300, out_features=300, bias=False)
        (W_o): Linear(in_features=433, out_features=300, bias=True)
      )
    )
  )
  (ffn): Sequential(
    (0): Dropout(p=0.04928156923094124, inplace=False)
    (1): Linear(in_features=600, out_features=998, bias=True)
    (2): ReLU()
    (3): Dropout(p=0.04928156923094124, inplace=False)
    (4): Linear(in_features=998, out_features=1, bias=True)
  )
)
Number of parameters = 1,129,997
Moving model to cuda
Epoch 0
Loss = 1.2347e+00, PNorm = 49.5885, GNorm = 2.3918, lr_0 = 3.0449e-06
Loss = 9.4928e-01, PNorm = 49.5885, GNorm = 4.9260, lr_0 = 5.4123e-06
Loss = 1.0217e+00, PNorm = 49.5884, GNorm = 3.0088, lr_0 = 7.7798e-06
Loss = 1.1452e+00, PNorm = 49.5884, GNorm = 1.8214, lr_0 = 1.0147e-05
Loss = 1.0363e+00, PNorm = 49.5884, GNorm = 5.2723, lr_0 = 1.2515e-05
Loss = 1.0096e+00, PNorm = 49.5885, GNorm = 1.9466, lr_0 = 1.4882e-05
Loss = 7.9694e-01, PNorm = 49.5886, GNorm = 2.8883, lr_0 = 1.7250e-05
Loss = 9.5582e-01, PNorm = 49.5887, GNorm = 4.1127, lr_0 = 1.9617e-05
Loss = 9.3916e-01, PNorm = 49.5890, GNorm = 4.8025, lr_0 = 2.1984e-05
Loss = 9.5905e-01, PNorm = 49.5893, GNorm = 3.7381, lr_0 = 2.4352e-05
Loss = 9.5052e-01, PNorm = 49.5898, GNorm = 8.8447, lr_0 = 2.6719e-05
Loss = 9.0876e-01, PNorm = 49.5904, GNorm = 2.2725, lr_0 = 2.9087e-05
Loss = 8.1252e-01, PNorm = 49.5912, GNorm = 1.8416, lr_0 = 3.1454e-05
Loss = 1.0487e+00, PNorm = 49.5921, GNorm = 4.6579, lr_0 = 3.3822e-05
Loss = 7.5453e-01, PNorm = 49.5928, GNorm = 8.3021, lr_0 = 3.6189e-05
Loss = 8.4714e-01, PNorm = 49.5938, GNorm = 12.7287, lr_0 = 3.8556e-05
Loss = 9.0563e-01, PNorm = 49.5947, GNorm = 10.8969, lr_0 = 4.0924e-05
Loss = 7.4733e-01, PNorm = 49.5959, GNorm = 4.1283, lr_0 = 4.3291e-05
Loss = 6.3114e-01, PNorm = 49.5970, GNorm = 11.0325, lr_0 = 4.5659e-05
Validation rmse = 90.045296
Epoch 1
Loss = 8.1887e-01, PNorm = 49.5986, GNorm = 6.7802, lr_0 = 4.8263e-05
Loss = 8.2715e-01, PNorm = 49.6003, GNorm = 3.2021, lr_0 = 5.0630e-05
Loss = 7.7822e-01, PNorm = 49.6023, GNorm = 5.9281, lr_0 = 5.2998e-05
Loss = 6.3401e-01, PNorm = 49.6048, GNorm = 5.4043, lr_0 = 5.5365e-05
Loss = 7.0212e-01, PNorm = 49.6068, GNorm = 10.9561, lr_0 = 5.7733e-05
Loss = 7.2923e-01, PNorm = 49.6089, GNorm = 8.2120, lr_0 = 6.0100e-05
Loss = 6.5452e-01, PNorm = 49.6113, GNorm = 5.2986, lr_0 = 6.2468e-05
Loss = 6.0878e-01, PNorm = 49.6144, GNorm = 11.5972, lr_0 = 6.4835e-05
Loss = 6.2541e-01, PNorm = 49.6168, GNorm = 17.7591, lr_0 = 6.7202e-05
Loss = 6.6634e-01, PNorm = 49.6190, GNorm = 4.7424, lr_0 = 6.9570e-05
Loss = 6.0708e-01, PNorm = 49.6215, GNorm = 2.9118, lr_0 = 7.1937e-05
Loss = 6.8719e-01, PNorm = 49.6241, GNorm = 2.2437, lr_0 = 7.4305e-05
Loss = 5.9848e-01, PNorm = 49.6282, GNorm = 4.5150, lr_0 = 7.6672e-05
Loss = 5.7539e-01, PNorm = 49.6320, GNorm = 6.0321, lr_0 = 7.9040e-05
Loss = 6.5984e-01, PNorm = 49.6356, GNorm = 3.9629, lr_0 = 8.1407e-05
Loss = 5.6838e-01, PNorm = 49.6390, GNorm = 19.3050, lr_0 = 8.3775e-05
Loss = 6.9717e-01, PNorm = 49.6411, GNorm = 26.1569, lr_0 = 8.6142e-05
Loss = 6.3306e-01, PNorm = 49.6437, GNorm = 21.4923, lr_0 = 8.8509e-05
Loss = 5.6715e-01, PNorm = 49.6471, GNorm = 5.4890, lr_0 = 9.0877e-05
Validation rmse = 80.058280
Epoch 2
Loss = 5.2174e-01, PNorm = 49.6524, GNorm = 3.6619, lr_0 = 9.3244e-05
Loss = 5.3165e-01, PNorm = 49.6581, GNorm = 4.3899, lr_0 = 9.5612e-05
Loss = 4.8421e-01, PNorm = 49.6632, GNorm = 3.4708, lr_0 = 9.7979e-05
Loss = 4.9243e-01, PNorm = 49.6666, GNorm = 9.7158, lr_0 = 1.0035e-04
Loss = 4.5762e-01, PNorm = 49.6701, GNorm = 17.3559, lr_0 = 1.0271e-04
Loss = 4.9549e-01, PNorm = 49.6744, GNorm = 6.0711, lr_0 = 1.0508e-04
Loss = 5.1028e-01, PNorm = 49.6788, GNorm = 25.8919, lr_0 = 1.0745e-04
Loss = 4.7425e-01, PNorm = 49.6817, GNorm = 32.5702, lr_0 = 1.0982e-04
Loss = 5.3680e-01, PNorm = 49.6861, GNorm = 13.8700, lr_0 = 1.1218e-04
Loss = 4.1528e-01, PNorm = 49.6922, GNorm = 8.4123, lr_0 = 1.1455e-04
Loss = 4.9589e-01, PNorm = 49.6980, GNorm = 10.4376, lr_0 = 1.1692e-04
Loss = 4.5932e-01, PNorm = 49.7032, GNorm = 6.4201, lr_0 = 1.1929e-04
Loss = 4.4245e-01, PNorm = 49.7078, GNorm = 3.4191, lr_0 = 1.2165e-04
Loss = 3.9999e-01, PNorm = 49.7135, GNorm = 3.4416, lr_0 = 1.2402e-04
Loss = 3.8004e-01, PNorm = 49.7191, GNorm = 12.1735, lr_0 = 1.2639e-04
Loss = 4.4805e-01, PNorm = 49.7255, GNorm = 12.1157, lr_0 = 1.2876e-04
Loss = 3.6995e-01, PNorm = 49.7302, GNorm = 11.4168, lr_0 = 1.3112e-04
Loss = 4.0442e-01, PNorm = 49.7360, GNorm = 32.6260, lr_0 = 1.3349e-04
Loss = 3.7800e-01, PNorm = 49.7400, GNorm = 9.6675, lr_0 = 1.3586e-04
Validation rmse = 66.794039
Epoch 3
Loss = 3.1392e-01, PNorm = 49.7451, GNorm = 14.0006, lr_0 = 1.3823e-04
Loss = 3.6147e-01, PNorm = 49.7501, GNorm = 27.1971, lr_0 = 1.4059e-04
Loss = 3.2844e-01, PNorm = 49.7557, GNorm = 22.0178, lr_0 = 1.4296e-04
Loss = 3.8722e-01, PNorm = 49.7614, GNorm = 17.4137, lr_0 = 1.4533e-04
Loss = 3.9581e-01, PNorm = 49.7669, GNorm = 3.3838, lr_0 = 1.4770e-04
Loss = 4.2812e-01, PNorm = 49.7723, GNorm = 2.3324, lr_0 = 1.5006e-04
Loss = 4.3767e-01, PNorm = 49.7785, GNorm = 17.3498, lr_0 = 1.5243e-04
Loss = 3.9627e-01, PNorm = 49.7831, GNorm = 3.4332, lr_0 = 1.5480e-04
Loss = 4.0999e-01, PNorm = 49.7902, GNorm = 6.9125, lr_0 = 1.5717e-04
Loss = 3.8450e-01, PNorm = 49.7964, GNorm = 2.8503, lr_0 = 1.5953e-04
Loss = 3.2444e-01, PNorm = 49.8038, GNorm = 11.8193, lr_0 = 1.6190e-04
Loss = 3.1104e-01, PNorm = 49.8089, GNorm = 1.5988, lr_0 = 1.6427e-04
Loss = 3.4370e-01, PNorm = 49.8137, GNorm = 6.6369, lr_0 = 1.6663e-04
Loss = 3.3037e-01, PNorm = 49.8192, GNorm = 18.3075, lr_0 = 1.6900e-04
Loss = 2.9449e-01, PNorm = 49.8248, GNorm = 8.4429, lr_0 = 1.7137e-04
Loss = 2.7952e-01, PNorm = 49.8309, GNorm = 6.9609, lr_0 = 1.7374e-04
Loss = 3.3295e-01, PNorm = 49.8378, GNorm = 2.6073, lr_0 = 1.7610e-04
Loss = 2.9548e-01, PNorm = 49.8436, GNorm = 3.9588, lr_0 = 1.7847e-04
Loss = 3.2267e-01, PNorm = 49.8511, GNorm = 26.4728, lr_0 = 1.8084e-04
Validation rmse = 62.576636
Epoch 4
Loss = 2.9361e-01, PNorm = 49.8580, GNorm = 7.4163, lr_0 = 1.8088e-04
Loss = 3.1374e-01, PNorm = 49.8659, GNorm = 12.4555, lr_0 = 1.8033e-04
Loss = 3.1957e-01, PNorm = 49.8711, GNorm = 8.0956, lr_0 = 1.7979e-04
Loss = 2.7927e-01, PNorm = 49.8780, GNorm = 21.7690, lr_0 = 1.7925e-04
Loss = 3.2715e-01, PNorm = 49.8847, GNorm = 20.9443, lr_0 = 1.7871e-04
Loss = 3.2445e-01, PNorm = 49.8908, GNorm = 13.3423, lr_0 = 1.7817e-04
Loss = 3.2254e-01, PNorm = 49.8981, GNorm = 5.2202, lr_0 = 1.7764e-04
Loss = 3.2236e-01, PNorm = 49.9055, GNorm = 2.8828, lr_0 = 1.7710e-04
Loss = 2.4713e-01, PNorm = 49.9116, GNorm = 2.8404, lr_0 = 1.7657e-04
Loss = 2.3833e-01, PNorm = 49.9167, GNorm = 3.1087, lr_0 = 1.7604e-04
Loss = 3.0195e-01, PNorm = 49.9217, GNorm = 14.6292, lr_0 = 1.7551e-04
Loss = 3.2427e-01, PNorm = 49.9272, GNorm = 11.0549, lr_0 = 1.7498e-04
Loss = 3.5947e-01, PNorm = 49.9315, GNorm = 12.6687, lr_0 = 1.7446e-04
Loss = 3.0348e-01, PNorm = 49.9384, GNorm = 10.0596, lr_0 = 1.7393e-04
Loss = 2.8916e-01, PNorm = 49.9441, GNorm = 15.7273, lr_0 = 1.7341e-04
Loss = 2.9582e-01, PNorm = 49.9513, GNorm = 23.7322, lr_0 = 1.7289e-04
Loss = 2.5104e-01, PNorm = 49.9574, GNorm = 2.8715, lr_0 = 1.7237e-04
Loss = 2.9528e-01, PNorm = 49.9648, GNorm = 11.6744, lr_0 = 1.7185e-04
Loss = 2.4949e-01, PNorm = 49.9716, GNorm = 9.2343, lr_0 = 1.7133e-04
Validation rmse = 56.601657
Epoch 5
Loss = 2.5850e-01, PNorm = 49.9773, GNorm = 4.4344, lr_0 = 1.7082e-04
Loss = 2.5695e-01, PNorm = 49.9836, GNorm = 12.9338, lr_0 = 1.7030e-04
Loss = 2.3348e-01, PNorm = 49.9905, GNorm = 11.8374, lr_0 = 1.6979e-04
Loss = 2.9535e-01, PNorm = 49.9970, GNorm = 5.2549, lr_0 = 1.6928e-04
Loss = 2.6432e-01, PNorm = 50.0026, GNorm = 19.5890, lr_0 = 1.6877e-04
Loss = 2.7099e-01, PNorm = 50.0088, GNorm = 2.4730, lr_0 = 1.6826e-04
Loss = 2.8923e-01, PNorm = 50.0173, GNorm = 14.3067, lr_0 = 1.6776e-04
Loss = 2.7232e-01, PNorm = 50.0237, GNorm = 11.4717, lr_0 = 1.6725e-04
Loss = 2.7842e-01, PNorm = 50.0305, GNorm = 5.1011, lr_0 = 1.6675e-04
Loss = 2.3944e-01, PNorm = 50.0367, GNorm = 5.0361, lr_0 = 1.6625e-04
Loss = 2.9844e-01, PNorm = 50.0423, GNorm = 9.0669, lr_0 = 1.6575e-04
Loss = 2.5220e-01, PNorm = 50.0475, GNorm = 4.0113, lr_0 = 1.6525e-04
Loss = 2.3064e-01, PNorm = 50.0526, GNorm = 4.2728, lr_0 = 1.6475e-04
Loss = 2.3684e-01, PNorm = 50.0568, GNorm = 4.7318, lr_0 = 1.6426e-04
Loss = 2.6225e-01, PNorm = 50.0607, GNorm = 20.5404, lr_0 = 1.6377e-04
Loss = 3.0893e-01, PNorm = 50.0673, GNorm = 14.3963, lr_0 = 1.6327e-04
Loss = 3.0874e-01, PNorm = 50.0758, GNorm = 3.5867, lr_0 = 1.6278e-04
Loss = 1.9630e-01, PNorm = 50.0808, GNorm = 6.2361, lr_0 = 1.6229e-04
Loss = 2.1902e-01, PNorm = 50.0862, GNorm = 5.9806, lr_0 = 1.6180e-04
Loss = 2.4019e-01, PNorm = 50.0908, GNorm = 2.9383, lr_0 = 1.6132e-04
Validation rmse = 54.500675
Epoch 6
Loss = 2.3313e-01, PNorm = 50.0962, GNorm = 3.3222, lr_0 = 1.6083e-04
Loss = 2.0474e-01, PNorm = 50.1022, GNorm = 13.7321, lr_0 = 1.6035e-04
Loss = 2.3411e-01, PNorm = 50.1073, GNorm = 4.2892, lr_0 = 1.5987e-04
Loss = 2.2708e-01, PNorm = 50.1132, GNorm = 15.1685, lr_0 = 1.5939e-04
Loss = 2.3295e-01, PNorm = 50.1174, GNorm = 14.7619, lr_0 = 1.5891e-04
Loss = 2.4876e-01, PNorm = 50.1223, GNorm = 5.9280, lr_0 = 1.5843e-04
Loss = 2.1320e-01, PNorm = 50.1288, GNorm = 5.8494, lr_0 = 1.5795e-04
Loss = 2.3139e-01, PNorm = 50.1345, GNorm = 6.4293, lr_0 = 1.5748e-04
Loss = 2.2580e-01, PNorm = 50.1416, GNorm = 2.4605, lr_0 = 1.5700e-04
Loss = 2.3709e-01, PNorm = 50.1490, GNorm = 2.3787, lr_0 = 1.5653e-04
Loss = 2.1710e-01, PNorm = 50.1550, GNorm = 7.6687, lr_0 = 1.5606e-04
Loss = 2.2209e-01, PNorm = 50.1610, GNorm = 7.8918, lr_0 = 1.5559e-04
Loss = 2.2845e-01, PNorm = 50.1663, GNorm = 4.8354, lr_0 = 1.5512e-04
Loss = 1.9859e-01, PNorm = 50.1709, GNorm = 4.8491, lr_0 = 1.5466e-04
Loss = 2.0902e-01, PNorm = 50.1755, GNorm = 7.2991, lr_0 = 1.5419e-04
Loss = 2.3011e-01, PNorm = 50.1798, GNorm = 13.3517, lr_0 = 1.5373e-04
Loss = 2.4218e-01, PNorm = 50.1855, GNorm = 3.0650, lr_0 = 1.5327e-04
Loss = 2.1365e-01, PNorm = 50.1907, GNorm = 3.5100, lr_0 = 1.5281e-04
Loss = 2.0254e-01, PNorm = 50.1929, GNorm = 3.3490, lr_0 = 1.5235e-04
Validation rmse = 51.694358
Epoch 7
Loss = 1.8595e-01, PNorm = 50.1971, GNorm = 11.5301, lr_0 = 1.5189e-04
Loss = 2.0399e-01, PNorm = 50.2026, GNorm = 5.0152, lr_0 = 1.5143e-04
Loss = 2.4236e-01, PNorm = 50.2091, GNorm = 5.5375, lr_0 = 1.5098e-04
Loss = 1.9117e-01, PNorm = 50.2147, GNorm = 4.6402, lr_0 = 1.5052e-04
Loss = 1.9304e-01, PNorm = 50.2208, GNorm = 5.1006, lr_0 = 1.5007e-04
Loss = 2.2058e-01, PNorm = 50.2259, GNorm = 4.7260, lr_0 = 1.4962e-04
Loss = 2.1279e-01, PNorm = 50.2305, GNorm = 10.7816, lr_0 = 1.4917e-04
Loss = 2.1124e-01, PNorm = 50.2351, GNorm = 3.0808, lr_0 = 1.4872e-04
Loss = 1.8070e-01, PNorm = 50.2406, GNorm = 3.0113, lr_0 = 1.4827e-04
Loss = 2.2377e-01, PNorm = 50.2446, GNorm = 5.8897, lr_0 = 1.4783e-04
Loss = 2.1676e-01, PNorm = 50.2503, GNorm = 8.9839, lr_0 = 1.4738e-04
Loss = 1.9928e-01, PNorm = 50.2571, GNorm = 1.9119, lr_0 = 1.4694e-04
Loss = 2.1719e-01, PNorm = 50.2634, GNorm = 4.4463, lr_0 = 1.4650e-04
Loss = 2.0728e-01, PNorm = 50.2691, GNorm = 3.4094, lr_0 = 1.4606e-04
Loss = 1.9917e-01, PNorm = 50.2751, GNorm = 19.6771, lr_0 = 1.4562e-04
Loss = 1.7385e-01, PNorm = 50.2799, GNorm = 2.6654, lr_0 = 1.4518e-04
Loss = 2.2296e-01, PNorm = 50.2844, GNorm = 7.4752, lr_0 = 1.4474e-04
Loss = 1.8483e-01, PNorm = 50.2900, GNorm = 1.3788, lr_0 = 1.4431e-04
Loss = 1.6307e-01, PNorm = 50.2968, GNorm = 11.0574, lr_0 = 1.4387e-04
Validation rmse = 54.329242
Epoch 8
Loss = 1.7649e-01, PNorm = 50.3034, GNorm = 11.5135, lr_0 = 1.4344e-04
Loss = 1.9530e-01, PNorm = 50.3099, GNorm = 3.2872, lr_0 = 1.4301e-04
Loss = 1.8212e-01, PNorm = 50.3151, GNorm = 8.5336, lr_0 = 1.4258e-04
Loss = 1.8345e-01, PNorm = 50.3195, GNorm = 19.3095, lr_0 = 1.4215e-04
Loss = 2.1445e-01, PNorm = 50.3244, GNorm = 8.1692, lr_0 = 1.4172e-04
Loss = 1.9229e-01, PNorm = 50.3289, GNorm = 4.3482, lr_0 = 1.4130e-04
Loss = 2.0076e-01, PNorm = 50.3343, GNorm = 4.1977, lr_0 = 1.4087e-04
Loss = 2.2956e-01, PNorm = 50.3395, GNorm = 19.8947, lr_0 = 1.4045e-04
Loss = 2.2548e-01, PNorm = 50.3432, GNorm = 4.5566, lr_0 = 1.4003e-04
Loss = 1.7047e-01, PNorm = 50.3479, GNorm = 4.8480, lr_0 = 1.3961e-04
Loss = 1.9196e-01, PNorm = 50.3524, GNorm = 9.4491, lr_0 = 1.3919e-04
Loss = 1.7951e-01, PNorm = 50.3575, GNorm = 3.4787, lr_0 = 1.3877e-04
Loss = 1.8992e-01, PNorm = 50.3646, GNorm = 2.3264, lr_0 = 1.3835e-04
Loss = 1.6909e-01, PNorm = 50.3689, GNorm = 4.1660, lr_0 = 1.3793e-04
Loss = 1.8090e-01, PNorm = 50.3729, GNorm = 4.1622, lr_0 = 1.3752e-04
Loss = 1.7847e-01, PNorm = 50.3783, GNorm = 2.4039, lr_0 = 1.3711e-04
Loss = 1.8560e-01, PNorm = 50.3834, GNorm = 4.6433, lr_0 = 1.3669e-04
Loss = 1.5153e-01, PNorm = 50.3888, GNorm = 3.4564, lr_0 = 1.3628e-04
Loss = 2.0469e-01, PNorm = 50.3933, GNorm = 11.6057, lr_0 = 1.3587e-04
Validation rmse = 48.323160
Epoch 9
Loss = 2.3338e-01, PNorm = 50.3963, GNorm = 18.7292, lr_0 = 1.3546e-04
Loss = 1.6799e-01, PNorm = 50.4020, GNorm = 4.1553, lr_0 = 1.3506e-04
Loss = 1.5457e-01, PNorm = 50.4061, GNorm = 2.1709, lr_0 = 1.3465e-04
Loss = 1.5770e-01, PNorm = 50.4117, GNorm = 8.1521, lr_0 = 1.3425e-04
Loss = 1.5239e-01, PNorm = 50.4173, GNorm = 5.8190, lr_0 = 1.3384e-04
Loss = 1.5955e-01, PNorm = 50.4216, GNorm = 8.8804, lr_0 = 1.3344e-04
Loss = 2.0791e-01, PNorm = 50.4249, GNorm = 4.2577, lr_0 = 1.3304e-04
Loss = 1.9393e-01, PNorm = 50.4281, GNorm = 12.9839, lr_0 = 1.3264e-04
Loss = 1.9772e-01, PNorm = 50.4317, GNorm = 5.6411, lr_0 = 1.3224e-04
Loss = 1.4385e-01, PNorm = 50.4369, GNorm = 4.4181, lr_0 = 1.3184e-04
Loss = 1.5165e-01, PNorm = 50.4418, GNorm = 2.6877, lr_0 = 1.3145e-04
Loss = 1.5667e-01, PNorm = 50.4465, GNorm = 9.1777, lr_0 = 1.3105e-04
Loss = 1.9334e-01, PNorm = 50.4526, GNorm = 3.0549, lr_0 = 1.3066e-04
Loss = 1.5151e-01, PNorm = 50.4565, GNorm = 4.7391, lr_0 = 1.3026e-04
Loss = 1.7875e-01, PNorm = 50.4591, GNorm = 2.6125, lr_0 = 1.2987e-04
Loss = 1.6097e-01, PNorm = 50.4619, GNorm = 7.2282, lr_0 = 1.2948e-04
Loss = 2.0843e-01, PNorm = 50.4670, GNorm = 2.4471, lr_0 = 1.2909e-04
Loss = 1.8218e-01, PNorm = 50.4730, GNorm = 2.2180, lr_0 = 1.2870e-04
Loss = 1.8639e-01, PNorm = 50.4806, GNorm = 4.6009, lr_0 = 1.2832e-04
Validation rmse = 46.516625
Epoch 10
Loss = 1.9568e-01, PNorm = 50.4849, GNorm = 1.8591, lr_0 = 1.2793e-04
Loss = 1.5467e-01, PNorm = 50.4886, GNorm = 7.3234, lr_0 = 1.2755e-04
Loss = 1.8712e-01, PNorm = 50.4928, GNorm = 7.1322, lr_0 = 1.2716e-04
Loss = 1.8971e-01, PNorm = 50.4964, GNorm = 15.2386, lr_0 = 1.2678e-04
Loss = 1.6527e-01, PNorm = 50.4997, GNorm = 13.0578, lr_0 = 1.2640e-04
Loss = 1.5356e-01, PNorm = 50.5039, GNorm = 2.9732, lr_0 = 1.2602e-04
Loss = 1.7281e-01, PNorm = 50.5071, GNorm = 6.4298, lr_0 = 1.2564e-04
Loss = 1.5887e-01, PNorm = 50.5097, GNorm = 6.7993, lr_0 = 1.2526e-04
Loss = 1.4677e-01, PNorm = 50.5129, GNorm = 10.9423, lr_0 = 1.2489e-04
Loss = 1.4828e-01, PNorm = 50.5168, GNorm = 13.5345, lr_0 = 1.2451e-04
Loss = 1.8824e-01, PNorm = 50.5221, GNorm = 3.3932, lr_0 = 1.2414e-04
Loss = 1.6047e-01, PNorm = 50.5264, GNorm = 3.7931, lr_0 = 1.2376e-04
Loss = 1.4745e-01, PNorm = 50.5324, GNorm = 3.9679, lr_0 = 1.2339e-04
Loss = 1.5663e-01, PNorm = 50.5359, GNorm = 1.9381, lr_0 = 1.2302e-04
Loss = 1.7164e-01, PNorm = 50.5393, GNorm = 3.5076, lr_0 = 1.2265e-04
Loss = 1.6100e-01, PNorm = 50.5425, GNorm = 15.5575, lr_0 = 1.2228e-04
Loss = 1.9387e-01, PNorm = 50.5476, GNorm = 7.0783, lr_0 = 1.2191e-04
Loss = 1.5689e-01, PNorm = 50.5526, GNorm = 3.0129, lr_0 = 1.2155e-04
Loss = 1.4997e-01, PNorm = 50.5570, GNorm = 9.3665, lr_0 = 1.2118e-04
Loss = 1.5284e-01, PNorm = 50.5603, GNorm = 1.4780, lr_0 = 1.2082e-04
Validation rmse = 45.974136
Epoch 11
Loss = 1.4414e-01, PNorm = 50.5634, GNorm = 3.6503, lr_0 = 1.2045e-04
Loss = 1.3806e-01, PNorm = 50.5661, GNorm = 2.0048, lr_0 = 1.2009e-04
Loss = 1.7004e-01, PNorm = 50.5692, GNorm = 1.9625, lr_0 = 1.1973e-04
Loss = 1.4999e-01, PNorm = 50.5741, GNorm = 10.0855, lr_0 = 1.1937e-04
Loss = 1.5825e-01, PNorm = 50.5784, GNorm = 2.1546, lr_0 = 1.1901e-04
Loss = 1.3759e-01, PNorm = 50.5823, GNorm = 2.5856, lr_0 = 1.1865e-04
Loss = 1.5816e-01, PNorm = 50.5860, GNorm = 4.9477, lr_0 = 1.1830e-04
Loss = 1.6558e-01, PNorm = 50.5892, GNorm = 11.8890, lr_0 = 1.1794e-04
Loss = 1.3830e-01, PNorm = 50.5936, GNorm = 4.8125, lr_0 = 1.1759e-04
Loss = 1.4123e-01, PNorm = 50.5961, GNorm = 1.9082, lr_0 = 1.1723e-04
Loss = 1.4887e-01, PNorm = 50.5993, GNorm = 2.7187, lr_0 = 1.1688e-04
Loss = 1.5348e-01, PNorm = 50.6038, GNorm = 6.3572, lr_0 = 1.1653e-04
Loss = 1.7190e-01, PNorm = 50.6066, GNorm = 5.7001, lr_0 = 1.1618e-04
Loss = 1.5592e-01, PNorm = 50.6084, GNorm = 3.4950, lr_0 = 1.1583e-04
Loss = 1.8383e-01, PNorm = 50.6117, GNorm = 5.4774, lr_0 = 1.1548e-04
Loss = 1.5360e-01, PNorm = 50.6153, GNorm = 1.7445, lr_0 = 1.1513e-04
Loss = 1.2957e-01, PNorm = 50.6185, GNorm = 1.1947, lr_0 = 1.1479e-04
Loss = 1.4276e-01, PNorm = 50.6220, GNorm = 3.6312, lr_0 = 1.1444e-04
Loss = 1.1795e-01, PNorm = 50.6247, GNorm = 4.8929, lr_0 = 1.1410e-04
Validation rmse = 44.846545
Epoch 12
Loss = 1.5102e-01, PNorm = 50.6281, GNorm = 11.3012, lr_0 = 1.1372e-04
Loss = 1.3980e-01, PNorm = 50.6312, GNorm = 1.6729, lr_0 = 1.1338e-04
Loss = 1.6300e-01, PNorm = 50.6353, GNorm = 1.3526, lr_0 = 1.1304e-04
Loss = 1.2031e-01, PNorm = 50.6390, GNorm = 2.4215, lr_0 = 1.1270e-04
Loss = 1.3720e-01, PNorm = 50.6428, GNorm = 5.2321, lr_0 = 1.1236e-04
Loss = 1.3058e-01, PNorm = 50.6455, GNorm = 6.3992, lr_0 = 1.1202e-04
Loss = 1.3947e-01, PNorm = 50.6488, GNorm = 2.4261, lr_0 = 1.1168e-04
Loss = 1.3616e-01, PNorm = 50.6521, GNorm = 8.3171, lr_0 = 1.1135e-04
Loss = 1.4751e-01, PNorm = 50.6556, GNorm = 12.4972, lr_0 = 1.1101e-04
Loss = 1.5265e-01, PNorm = 50.6581, GNorm = 2.3701, lr_0 = 1.1068e-04
Loss = 1.4766e-01, PNorm = 50.6597, GNorm = 9.9568, lr_0 = 1.1035e-04
Loss = 1.8925e-01, PNorm = 50.6622, GNorm = 16.3011, lr_0 = 1.1001e-04
Loss = 1.7864e-01, PNorm = 50.6657, GNorm = 7.9656, lr_0 = 1.0968e-04
Loss = 1.5200e-01, PNorm = 50.6701, GNorm = 2.5956, lr_0 = 1.0935e-04
Loss = 1.5257e-01, PNorm = 50.6736, GNorm = 2.9221, lr_0 = 1.0903e-04
Loss = 1.4494e-01, PNorm = 50.6784, GNorm = 1.8199, lr_0 = 1.0870e-04
Loss = 1.1513e-01, PNorm = 50.6820, GNorm = 1.5113, lr_0 = 1.0837e-04
Loss = 1.2915e-01, PNorm = 50.6854, GNorm = 7.2664, lr_0 = 1.0804e-04
Loss = 1.6545e-01, PNorm = 50.6883, GNorm = 2.4178, lr_0 = 1.0772e-04
Validation rmse = 43.948676
Epoch 13
Loss = 1.3995e-01, PNorm = 50.6916, GNorm = 2.7997, lr_0 = 1.0740e-04
Loss = 1.3000e-01, PNorm = 50.6953, GNorm = 1.4022, lr_0 = 1.0707e-04
Loss = 1.2185e-01, PNorm = 50.7000, GNorm = 5.6719, lr_0 = 1.0675e-04
Loss = 1.3236e-01, PNorm = 50.7036, GNorm = 6.7444, lr_0 = 1.0643e-04
Loss = 1.1556e-01, PNorm = 50.7056, GNorm = 3.0674, lr_0 = 1.0611e-04
Loss = 1.2331e-01, PNorm = 50.7091, GNorm = 3.8423, lr_0 = 1.0579e-04
Loss = 1.2872e-01, PNorm = 50.7121, GNorm = 1.3201, lr_0 = 1.0547e-04
Loss = 1.2157e-01, PNorm = 50.7145, GNorm = 6.0150, lr_0 = 1.0516e-04
Loss = 1.0898e-01, PNorm = 50.7163, GNorm = 2.4406, lr_0 = 1.0484e-04
Loss = 1.2971e-01, PNorm = 50.7187, GNorm = 4.7273, lr_0 = 1.0452e-04
Loss = 1.4341e-01, PNorm = 50.7205, GNorm = 7.3783, lr_0 = 1.0421e-04
Loss = 1.3955e-01, PNorm = 50.7236, GNorm = 8.5270, lr_0 = 1.0390e-04
Loss = 1.5049e-01, PNorm = 50.7273, GNorm = 10.5509, lr_0 = 1.0358e-04
Loss = 1.6312e-01, PNorm = 50.7312, GNorm = 3.6448, lr_0 = 1.0327e-04
Loss = 1.4810e-01, PNorm = 50.7340, GNorm = 9.6638, lr_0 = 1.0296e-04
Loss = 1.3782e-01, PNorm = 50.7371, GNorm = 5.6616, lr_0 = 1.0265e-04
Loss = 1.2793e-01, PNorm = 50.7396, GNorm = 4.7580, lr_0 = 1.0234e-04
Loss = 1.3563e-01, PNorm = 50.7427, GNorm = 4.1489, lr_0 = 1.0204e-04
Loss = 1.6143e-01, PNorm = 50.7447, GNorm = 14.8527, lr_0 = 1.0173e-04
Validation rmse = 44.802908
Epoch 14
Loss = 1.6052e-01, PNorm = 50.7470, GNorm = 13.7711, lr_0 = 1.0142e-04
Loss = 1.3302e-01, PNorm = 50.7507, GNorm = 2.5408, lr_0 = 1.0112e-04
Loss = 1.2036e-01, PNorm = 50.7547, GNorm = 2.0135, lr_0 = 1.0081e-04
Loss = 1.5059e-01, PNorm = 50.7583, GNorm = 9.1706, lr_0 = 1.0051e-04
Loss = 1.2896e-01, PNorm = 50.7609, GNorm = 10.9984, lr_0 = 1.0021e-04
Loss = 1.2874e-01, PNorm = 50.7637, GNorm = 1.5474, lr_0 = 9.9908e-05
Loss = 1.1387e-01, PNorm = 50.7663, GNorm = 6.5093, lr_0 = 9.9607e-05
Loss = 1.1363e-01, PNorm = 50.7682, GNorm = 1.7363, lr_0 = 9.9308e-05
Loss = 1.1713e-01, PNorm = 50.7707, GNorm = 2.3061, lr_0 = 9.9009e-05
Loss = 1.2930e-01, PNorm = 50.7736, GNorm = 5.2437, lr_0 = 9.8712e-05
Loss = 1.1914e-01, PNorm = 50.7765, GNorm = 7.1331, lr_0 = 9.8415e-05
Loss = 1.3126e-01, PNorm = 50.7792, GNorm = 5.8085, lr_0 = 9.8119e-05
Loss = 1.2971e-01, PNorm = 50.7814, GNorm = 2.2239, lr_0 = 9.7824e-05
Loss = 1.5729e-01, PNorm = 50.7843, GNorm = 5.5323, lr_0 = 9.7530e-05
Loss = 1.4274e-01, PNorm = 50.7864, GNorm = 4.8135, lr_0 = 9.7236e-05
Loss = 1.1939e-01, PNorm = 50.7895, GNorm = 2.4721, lr_0 = 9.6944e-05
Loss = 1.3372e-01, PNorm = 50.7935, GNorm = 2.4113, lr_0 = 9.6652e-05
Loss = 1.1796e-01, PNorm = 50.7956, GNorm = 3.9282, lr_0 = 9.6362e-05
Loss = 1.3027e-01, PNorm = 50.7983, GNorm = 2.7586, lr_0 = 9.6072e-05
Validation rmse = 45.407768
Epoch 15
Loss = 1.4759e-01, PNorm = 50.7996, GNorm = 12.2275, lr_0 = 9.5783e-05
Loss = 1.1819e-01, PNorm = 50.8023, GNorm = 2.1962, lr_0 = 9.5495e-05
Loss = 1.3877e-01, PNorm = 50.8054, GNorm = 1.8882, lr_0 = 9.5208e-05
Loss = 1.4588e-01, PNorm = 50.8093, GNorm = 2.4868, lr_0 = 9.4922e-05
Loss = 1.3190e-01, PNorm = 50.8130, GNorm = 5.3418, lr_0 = 9.4636e-05
Loss = 1.1914e-01, PNorm = 50.8157, GNorm = 5.0208, lr_0 = 9.4352e-05
Loss = 1.0256e-01, PNorm = 50.8183, GNorm = 1.2714, lr_0 = 9.4068e-05
Loss = 1.0519e-01, PNorm = 50.8208, GNorm = 2.8751, lr_0 = 9.3785e-05
Loss = 1.1550e-01, PNorm = 50.8236, GNorm = 5.4455, lr_0 = 9.3503e-05
Loss = 1.3181e-01, PNorm = 50.8256, GNorm = 3.6176, lr_0 = 9.3222e-05
Loss = 1.4705e-01, PNorm = 50.8277, GNorm = 2.4548, lr_0 = 9.2942e-05
Loss = 1.3191e-01, PNorm = 50.8310, GNorm = 2.1339, lr_0 = 9.2662e-05
Loss = 1.2246e-01, PNorm = 50.8340, GNorm = 4.8773, lr_0 = 9.2384e-05
Loss = 1.1846e-01, PNorm = 50.8364, GNorm = 2.8204, lr_0 = 9.2106e-05
Loss = 1.2237e-01, PNorm = 50.8382, GNorm = 3.9723, lr_0 = 9.1829e-05
Loss = 1.3655e-01, PNorm = 50.8397, GNorm = 8.9893, lr_0 = 9.1553e-05
Loss = 1.2907e-01, PNorm = 50.8413, GNorm = 4.9701, lr_0 = 9.1277e-05
Loss = 1.0996e-01, PNorm = 50.8433, GNorm = 2.7168, lr_0 = 9.1003e-05
Loss = 1.1872e-01, PNorm = 50.8468, GNorm = 6.2281, lr_0 = 9.0729e-05
Loss = 1.2164e-01, PNorm = 50.8490, GNorm = 7.3202, lr_0 = 9.0456e-05
Validation rmse = 42.279485
Epoch 16
Loss = 1.0786e-01, PNorm = 50.8514, GNorm = 5.2557, lr_0 = 9.0184e-05
Loss = 1.1517e-01, PNorm = 50.8538, GNorm = 1.9011, lr_0 = 8.9913e-05
Loss = 1.3434e-01, PNorm = 50.8568, GNorm = 3.7005, lr_0 = 8.9643e-05
Loss = 1.2307e-01, PNorm = 50.8589, GNorm = 7.5642, lr_0 = 8.9373e-05
Loss = 1.4164e-01, PNorm = 50.8609, GNorm = 7.7975, lr_0 = 8.9105e-05
Loss = 1.2000e-01, PNorm = 50.8641, GNorm = 5.3551, lr_0 = 8.8837e-05
Loss = 1.3538e-01, PNorm = 50.8667, GNorm = 11.5017, lr_0 = 8.8570e-05
Loss = 1.2432e-01, PNorm = 50.8683, GNorm = 5.4615, lr_0 = 8.8303e-05
Loss = 1.2135e-01, PNorm = 50.8700, GNorm = 4.4923, lr_0 = 8.8038e-05
Loss = 1.1278e-01, PNorm = 50.8738, GNorm = 1.6836, lr_0 = 8.7773e-05
Loss = 1.1694e-01, PNorm = 50.8769, GNorm = 2.0723, lr_0 = 8.7509e-05
Loss = 1.0990e-01, PNorm = 50.8799, GNorm = 5.4849, lr_0 = 8.7246e-05
Loss = 1.1067e-01, PNorm = 50.8834, GNorm = 1.6576, lr_0 = 8.6984e-05
Loss = 1.2003e-01, PNorm = 50.8858, GNorm = 6.1600, lr_0 = 8.6722e-05
Loss = 1.2091e-01, PNorm = 50.8873, GNorm = 5.2055, lr_0 = 8.6461e-05
Loss = 1.2065e-01, PNorm = 50.8891, GNorm = 2.7069, lr_0 = 8.6201e-05
Loss = 1.0867e-01, PNorm = 50.8916, GNorm = 1.1833, lr_0 = 8.5942e-05
Loss = 1.2717e-01, PNorm = 50.8941, GNorm = 11.2526, lr_0 = 8.5684e-05
Loss = 1.1122e-01, PNorm = 50.8960, GNorm = 1.8696, lr_0 = 8.5426e-05
Validation rmse = 41.911201
Epoch 17
Loss = 1.1607e-01, PNorm = 50.8988, GNorm = 2.5538, lr_0 = 8.5169e-05
Loss = 1.0862e-01, PNorm = 50.9006, GNorm = 5.8680, lr_0 = 8.4913e-05
Loss = 1.1417e-01, PNorm = 50.9030, GNorm = 4.3466, lr_0 = 8.4658e-05
Loss = 9.1507e-02, PNorm = 50.9050, GNorm = 1.6006, lr_0 = 8.4403e-05
Loss = 1.0852e-01, PNorm = 50.9076, GNorm = 1.1465, lr_0 = 8.4149e-05
Loss = 1.1925e-01, PNorm = 50.9102, GNorm = 3.6272, lr_0 = 8.3896e-05
Loss = 1.2128e-01, PNorm = 50.9126, GNorm = 3.5860, lr_0 = 8.3644e-05
Loss = 1.1566e-01, PNorm = 50.9151, GNorm = 10.9372, lr_0 = 8.3393e-05
Loss = 1.1466e-01, PNorm = 50.9171, GNorm = 7.1691, lr_0 = 8.3142e-05
Loss = 1.0798e-01, PNorm = 50.9190, GNorm = 9.0506, lr_0 = 8.2892e-05
Loss = 1.2466e-01, PNorm = 50.9218, GNorm = 5.5529, lr_0 = 8.2642e-05
Loss = 1.1920e-01, PNorm = 50.9246, GNorm = 5.6732, lr_0 = 8.2394e-05
Loss = 1.1128e-01, PNorm = 50.9265, GNorm = 5.5539, lr_0 = 8.2146e-05
Loss = 1.1109e-01, PNorm = 50.9292, GNorm = 5.1942, lr_0 = 8.1899e-05
Loss = 1.2743e-01, PNorm = 50.9311, GNorm = 3.4024, lr_0 = 8.1653e-05
Loss = 1.3239e-01, PNorm = 50.9343, GNorm = 3.4653, lr_0 = 8.1407e-05
Loss = 1.2261e-01, PNorm = 50.9370, GNorm = 12.1157, lr_0 = 8.1163e-05
Loss = 9.3479e-02, PNorm = 50.9392, GNorm = 7.2679, lr_0 = 8.0919e-05
Loss = 1.1291e-01, PNorm = 50.9420, GNorm = 3.8790, lr_0 = 8.0675e-05
Validation rmse = 41.213756
Epoch 18
Loss = 1.0880e-01, PNorm = 50.9442, GNorm = 3.8198, lr_0 = 8.0433e-05
Loss = 1.1462e-01, PNorm = 50.9468, GNorm = 8.1768, lr_0 = 8.0191e-05
Loss = 1.0771e-01, PNorm = 50.9489, GNorm = 6.4350, lr_0 = 7.9950e-05
Loss = 1.3384e-01, PNorm = 50.9511, GNorm = 6.6637, lr_0 = 7.9709e-05
Loss = 1.1032e-01, PNorm = 50.9539, GNorm = 2.3340, lr_0 = 7.9470e-05
Loss = 1.1551e-01, PNorm = 50.9566, GNorm = 7.8298, lr_0 = 7.9231e-05
Loss = 1.1166e-01, PNorm = 50.9586, GNorm = 5.7208, lr_0 = 7.8992e-05
Loss = 1.0675e-01, PNorm = 50.9600, GNorm = 8.4671, lr_0 = 7.8755e-05
Loss = 1.2133e-01, PNorm = 50.9621, GNorm = 8.7879, lr_0 = 7.8518e-05
Loss = 1.3257e-01, PNorm = 50.9642, GNorm = 8.6795, lr_0 = 7.8282e-05
Loss = 1.2105e-01, PNorm = 50.9666, GNorm = 6.6205, lr_0 = 7.8047e-05
Loss = 9.6129e-02, PNorm = 50.9686, GNorm = 1.7352, lr_0 = 7.7812e-05
Loss = 1.0949e-01, PNorm = 50.9710, GNorm = 2.6218, lr_0 = 7.7578e-05
Loss = 1.2676e-01, PNorm = 50.9732, GNorm = 4.3493, lr_0 = 7.7345e-05
Loss = 1.0876e-01, PNorm = 50.9759, GNorm = 2.9087, lr_0 = 7.7112e-05
Loss = 9.7780e-02, PNorm = 50.9785, GNorm = 2.4189, lr_0 = 7.6880e-05
Loss = 1.0301e-01, PNorm = 50.9807, GNorm = 6.2016, lr_0 = 7.6649e-05
Loss = 1.0148e-01, PNorm = 50.9824, GNorm = 3.7234, lr_0 = 7.6419e-05
Loss = 1.1504e-01, PNorm = 50.9836, GNorm = 5.0036, lr_0 = 7.6189e-05
Validation rmse = 40.820755
Epoch 19
Loss = 9.1371e-02, PNorm = 50.9855, GNorm = 3.1319, lr_0 = 7.5960e-05
Loss = 1.3337e-01, PNorm = 50.9878, GNorm = 3.1817, lr_0 = 7.5731e-05
Loss = 1.1823e-01, PNorm = 50.9894, GNorm = 4.2926, lr_0 = 7.5503e-05
Loss = 1.1664e-01, PNorm = 50.9910, GNorm = 1.7375, lr_0 = 7.5276e-05
Loss = 1.0519e-01, PNorm = 50.9932, GNorm = 2.0681, lr_0 = 7.5050e-05
Loss = 9.5907e-02, PNorm = 50.9953, GNorm = 1.5485, lr_0 = 7.4824e-05
Loss = 1.1939e-01, PNorm = 50.9977, GNorm = 7.9011, lr_0 = 7.4599e-05
Loss = 1.0622e-01, PNorm = 50.9995, GNorm = 6.5810, lr_0 = 7.4375e-05
Loss = 1.0584e-01, PNorm = 51.0022, GNorm = 2.2053, lr_0 = 7.4151e-05
Loss = 9.4376e-02, PNorm = 51.0040, GNorm = 1.6583, lr_0 = 7.3928e-05
Loss = 1.0014e-01, PNorm = 51.0058, GNorm = 1.3205, lr_0 = 7.3706e-05
Loss = 1.0846e-01, PNorm = 51.0078, GNorm = 3.0201, lr_0 = 7.3485e-05
Loss = 1.0499e-01, PNorm = 51.0100, GNorm = 7.0726, lr_0 = 7.3264e-05
Loss = 1.1127e-01, PNorm = 51.0132, GNorm = 11.4561, lr_0 = 7.3043e-05
Loss = 1.2729e-01, PNorm = 51.0155, GNorm = 5.8183, lr_0 = 7.2824e-05
Loss = 1.0532e-01, PNorm = 51.0182, GNorm = 2.4788, lr_0 = 7.2605e-05
Loss = 1.2216e-01, PNorm = 51.0202, GNorm = 6.3228, lr_0 = 7.2386e-05
Loss = 1.0903e-01, PNorm = 51.0221, GNorm = 2.0633, lr_0 = 7.2169e-05
Loss = 1.1370e-01, PNorm = 51.0247, GNorm = 1.9193, lr_0 = 7.1952e-05
Validation rmse = 40.381488
Epoch 20
Loss = 1.0076e-01, PNorm = 51.0271, GNorm = 1.4390, lr_0 = 7.1735e-05
Loss = 9.2664e-02, PNorm = 51.0290, GNorm = 1.8534, lr_0 = 7.1520e-05
Loss = 1.1770e-01, PNorm = 51.0310, GNorm = 8.1757, lr_0 = 7.1305e-05
Loss = 1.1594e-01, PNorm = 51.0330, GNorm = 10.5178, lr_0 = 7.1090e-05
Loss = 1.1440e-01, PNorm = 51.0352, GNorm = 4.0218, lr_0 = 7.0876e-05
Loss = 1.0658e-01, PNorm = 51.0368, GNorm = 3.0548, lr_0 = 7.0663e-05
Loss = 1.0825e-01, PNorm = 51.0387, GNorm = 8.5931, lr_0 = 7.0451e-05
Loss = 1.0413e-01, PNorm = 51.0410, GNorm = 6.5913, lr_0 = 7.0239e-05
Loss = 1.0762e-01, PNorm = 51.0429, GNorm = 9.0182, lr_0 = 7.0028e-05
Loss = 1.0168e-01, PNorm = 51.0445, GNorm = 4.7956, lr_0 = 6.9817e-05
Loss = 1.0239e-01, PNorm = 51.0462, GNorm = 1.7525, lr_0 = 6.9607e-05
Loss = 1.0894e-01, PNorm = 51.0484, GNorm = 2.1698, lr_0 = 6.9398e-05
Loss = 9.5204e-02, PNorm = 51.0499, GNorm = 1.7546, lr_0 = 6.9189e-05
Loss = 9.8644e-02, PNorm = 51.0514, GNorm = 1.7492, lr_0 = 6.8981e-05
Loss = 1.0554e-01, PNorm = 51.0532, GNorm = 1.8873, lr_0 = 6.8774e-05
Loss = 1.0235e-01, PNorm = 51.0552, GNorm = 2.3087, lr_0 = 6.8567e-05
Loss = 9.7234e-02, PNorm = 51.0568, GNorm = 3.0280, lr_0 = 6.8361e-05
Loss = 9.4116e-02, PNorm = 51.0585, GNorm = 4.6097, lr_0 = 6.8155e-05
Loss = 9.7579e-02, PNorm = 51.0602, GNorm = 4.8047, lr_0 = 6.7950e-05
Loss = 1.3769e-01, PNorm = 51.0626, GNorm = 1.9902, lr_0 = 6.7746e-05
Validation rmse = 41.158033
Epoch 21
Loss = 1.0338e-01, PNorm = 51.0640, GNorm = 7.6361, lr_0 = 6.7542e-05
Loss = 1.0843e-01, PNorm = 51.0670, GNorm = 5.2948, lr_0 = 6.7339e-05
Loss = 8.0653e-02, PNorm = 51.0690, GNorm = 2.3804, lr_0 = 6.7137e-05
Loss = 8.5134e-02, PNorm = 51.0699, GNorm = 1.3602, lr_0 = 6.6935e-05
Loss = 1.0165e-01, PNorm = 51.0717, GNorm = 4.4370, lr_0 = 6.6734e-05
Loss = 1.2013e-01, PNorm = 51.0735, GNorm = 1.3429, lr_0 = 6.6533e-05
Loss = 1.0024e-01, PNorm = 51.0758, GNorm = 2.3747, lr_0 = 6.6333e-05
Loss = 1.0574e-01, PNorm = 51.0773, GNorm = 3.7875, lr_0 = 6.6133e-05
Loss = 1.0828e-01, PNorm = 51.0789, GNorm = 1.5029, lr_0 = 6.5934e-05
Loss = 1.1232e-01, PNorm = 51.0808, GNorm = 2.3829, lr_0 = 6.5736e-05
Loss = 1.0671e-01, PNorm = 51.0825, GNorm = 5.2425, lr_0 = 6.5539e-05
Loss = 1.0134e-01, PNorm = 51.0842, GNorm = 5.3648, lr_0 = 6.5341e-05
Loss = 1.0351e-01, PNorm = 51.0861, GNorm = 5.9090, lr_0 = 6.5145e-05
Loss = 1.0493e-01, PNorm = 51.0878, GNorm = 3.4939, lr_0 = 6.4949e-05
Loss = 9.5714e-02, PNorm = 51.0894, GNorm = 6.5654, lr_0 = 6.4754e-05
Loss = 1.1101e-01, PNorm = 51.0907, GNorm = 1.9769, lr_0 = 6.4559e-05
Loss = 1.0414e-01, PNorm = 51.0919, GNorm = 3.6281, lr_0 = 6.4365e-05
Loss = 1.0351e-01, PNorm = 51.0937, GNorm = 1.9706, lr_0 = 6.4171e-05
Loss = 9.0344e-02, PNorm = 51.0954, GNorm = 4.9814, lr_0 = 6.3978e-05
Validation rmse = 39.928117
Epoch 22
Loss = 1.1143e-01, PNorm = 51.0975, GNorm = 2.3857, lr_0 = 6.3786e-05
Loss = 1.0489e-01, PNorm = 51.0994, GNorm = 7.1865, lr_0 = 6.3594e-05
Loss = 1.1147e-01, PNorm = 51.1019, GNorm = 8.5029, lr_0 = 6.3403e-05
Loss = 1.0699e-01, PNorm = 51.1032, GNorm = 8.9591, lr_0 = 6.3212e-05
Loss = 1.0003e-01, PNorm = 51.1047, GNorm = 3.4438, lr_0 = 6.3022e-05
Loss = 9.1979e-02, PNorm = 51.1060, GNorm = 3.6667, lr_0 = 6.2833e-05
Loss = 9.6813e-02, PNorm = 51.1081, GNorm = 2.0657, lr_0 = 6.2644e-05
Loss = 8.2515e-02, PNorm = 51.1100, GNorm = 2.3727, lr_0 = 6.2455e-05
Loss = 8.6201e-02, PNorm = 51.1111, GNorm = 3.0418, lr_0 = 6.2268e-05
Loss = 9.6613e-02, PNorm = 51.1127, GNorm = 6.2629, lr_0 = 6.2080e-05
Loss = 9.4781e-02, PNorm = 51.1139, GNorm = 2.7378, lr_0 = 6.1894e-05
Loss = 9.9891e-02, PNorm = 51.1154, GNorm = 2.9739, lr_0 = 6.1708e-05
Loss = 1.0896e-01, PNorm = 51.1170, GNorm = 5.3540, lr_0 = 6.1522e-05
Loss = 9.6710e-02, PNorm = 51.1191, GNorm = 1.6880, lr_0 = 6.1337e-05
Loss = 1.1538e-01, PNorm = 51.1217, GNorm = 6.7772, lr_0 = 6.1153e-05
Loss = 1.0355e-01, PNorm = 51.1232, GNorm = 2.3677, lr_0 = 6.0969e-05
Loss = 9.2965e-02, PNorm = 51.1255, GNorm = 8.1719, lr_0 = 6.0785e-05
Loss = 1.1201e-01, PNorm = 51.1263, GNorm = 3.2995, lr_0 = 6.0603e-05
Loss = 1.0572e-01, PNorm = 51.1276, GNorm = 5.0320, lr_0 = 6.0420e-05
Validation rmse = 39.890442
Epoch 23
Loss = 8.4584e-02, PNorm = 51.1291, GNorm = 4.5878, lr_0 = 6.0239e-05
Loss = 1.1296e-01, PNorm = 51.1299, GNorm = 2.8508, lr_0 = 6.0058e-05
Loss = 9.8337e-02, PNorm = 51.1316, GNorm = 3.7611, lr_0 = 5.9877e-05
Loss = 1.0173e-01, PNorm = 51.1340, GNorm = 1.8706, lr_0 = 5.9697e-05
Loss = 8.5766e-02, PNorm = 51.1364, GNorm = 5.4129, lr_0 = 5.9517e-05
Loss = 1.0519e-01, PNorm = 51.1379, GNorm = 5.5518, lr_0 = 5.9339e-05
Loss = 1.0356e-01, PNorm = 51.1398, GNorm = 9.3264, lr_0 = 5.9160e-05
Loss = 1.0696e-01, PNorm = 51.1415, GNorm = 1.5914, lr_0 = 5.8982e-05
Loss = 9.0475e-02, PNorm = 51.1431, GNorm = 1.7060, lr_0 = 5.8805e-05
Loss = 1.0413e-01, PNorm = 51.1455, GNorm = 5.7033, lr_0 = 5.8628e-05
Loss = 8.1730e-02, PNorm = 51.1473, GNorm = 1.8603, lr_0 = 5.8452e-05
Loss = 8.8059e-02, PNorm = 51.1491, GNorm = 2.8663, lr_0 = 5.8276e-05
Loss = 1.0581e-01, PNorm = 51.1499, GNorm = 5.1555, lr_0 = 5.8101e-05
Loss = 1.0621e-01, PNorm = 51.1514, GNorm = 1.6994, lr_0 = 5.7926e-05
Loss = 1.0492e-01, PNorm = 51.1524, GNorm = 2.0859, lr_0 = 5.7752e-05
Loss = 9.2860e-02, PNorm = 51.1539, GNorm = 1.1338, lr_0 = 5.7578e-05
Loss = 9.8190e-02, PNorm = 51.1555, GNorm = 7.5440, lr_0 = 5.7405e-05
Loss = 1.0221e-01, PNorm = 51.1574, GNorm = 2.1600, lr_0 = 5.7232e-05
Loss = 9.4802e-02, PNorm = 51.1592, GNorm = 5.6836, lr_0 = 5.7060e-05
Validation rmse = 38.830698
Epoch 24
Loss = 1.0845e-01, PNorm = 51.1599, GNorm = 7.0349, lr_0 = 5.6872e-05
Loss = 1.1983e-01, PNorm = 51.1611, GNorm = 1.7835, lr_0 = 5.6701e-05
Loss = 9.6416e-02, PNorm = 51.1632, GNorm = 2.8079, lr_0 = 5.6530e-05
Loss = 1.1494e-01, PNorm = 51.1656, GNorm = 1.5817, lr_0 = 5.6360e-05
Loss = 8.5673e-02, PNorm = 51.1675, GNorm = 1.6903, lr_0 = 5.6191e-05
Loss = 1.0299e-01, PNorm = 51.1695, GNorm = 3.6402, lr_0 = 5.6022e-05
Loss = 8.9306e-02, PNorm = 51.1713, GNorm = 2.8770, lr_0 = 5.5853e-05
Loss = 9.2146e-02, PNorm = 51.1718, GNorm = 2.1077, lr_0 = 5.5685e-05
Loss = 9.3148e-02, PNorm = 51.1729, GNorm = 3.2048, lr_0 = 5.5518e-05
Loss = 8.9633e-02, PNorm = 51.1739, GNorm = 3.0567, lr_0 = 5.5351e-05
Loss = 8.9207e-02, PNorm = 51.1749, GNorm = 3.4015, lr_0 = 5.5184e-05
Loss = 8.1180e-02, PNorm = 51.1764, GNorm = 3.5058, lr_0 = 5.5019e-05
Loss = 7.9415e-02, PNorm = 51.1771, GNorm = 3.6702, lr_0 = 5.4853e-05
Loss = 1.0329e-01, PNorm = 51.1783, GNorm = 3.9229, lr_0 = 5.4688e-05
Loss = 1.0507e-01, PNorm = 51.1798, GNorm = 2.4919, lr_0 = 5.4524e-05
Loss = 8.6508e-02, PNorm = 51.1815, GNorm = 3.4287, lr_0 = 5.4360e-05
Loss = 1.0552e-01, PNorm = 51.1827, GNorm = 3.1050, lr_0 = 5.4196e-05
Loss = 1.0064e-01, PNorm = 51.1845, GNorm = 2.4094, lr_0 = 5.4033e-05
Loss = 1.0257e-01, PNorm = 51.1859, GNorm = 1.1674, lr_0 = 5.3871e-05
Validation rmse = 39.405636
Epoch 25
Loss = 7.3587e-02, PNorm = 51.1873, GNorm = 2.2241, lr_0 = 5.3709e-05
Loss = 8.3013e-02, PNorm = 51.1886, GNorm = 5.7982, lr_0 = 5.3547e-05
Loss = 1.0249e-01, PNorm = 51.1900, GNorm = 5.7798, lr_0 = 5.3386e-05
Loss = 8.4748e-02, PNorm = 51.1915, GNorm = 2.2761, lr_0 = 5.3226e-05
Loss = 9.5824e-02, PNorm = 51.1930, GNorm = 1.6160, lr_0 = 5.3066e-05
Loss = 1.0022e-01, PNorm = 51.1947, GNorm = 2.0464, lr_0 = 5.2906e-05
Loss = 9.4742e-02, PNorm = 51.1968, GNorm = 2.4027, lr_0 = 5.2747e-05
Loss = 1.0166e-01, PNorm = 51.1991, GNorm = 2.2284, lr_0 = 5.2588e-05
Loss = 9.5127e-02, PNorm = 51.2009, GNorm = 3.4545, lr_0 = 5.2430e-05
Loss = 8.7282e-02, PNorm = 51.2016, GNorm = 2.5112, lr_0 = 5.2273e-05
Loss = 9.0010e-02, PNorm = 51.2027, GNorm = 2.3754, lr_0 = 5.2116e-05
Loss = 1.0178e-01, PNorm = 51.2042, GNorm = 4.0551, lr_0 = 5.1959e-05
Loss = 9.2311e-02, PNorm = 51.2057, GNorm = 1.5451, lr_0 = 5.1803e-05
Loss = 9.1864e-02, PNorm = 51.2073, GNorm = 2.3338, lr_0 = 5.1647e-05
Loss = 7.9570e-02, PNorm = 51.2086, GNorm = 2.3625, lr_0 = 5.1492e-05
Loss = 1.0747e-01, PNorm = 51.2102, GNorm = 4.9538, lr_0 = 5.1337e-05
Loss = 8.4102e-02, PNorm = 51.2119, GNorm = 5.1336, lr_0 = 5.1182e-05
Loss = 1.0139e-01, PNorm = 51.2136, GNorm = 2.4303, lr_0 = 5.1028e-05
Loss = 9.1070e-02, PNorm = 51.2148, GNorm = 9.1789, lr_0 = 5.0875e-05
Validation rmse = 38.747345
Epoch 26
Loss = 8.0863e-02, PNorm = 51.2154, GNorm = 3.4721, lr_0 = 5.0722e-05
Loss = 1.0678e-01, PNorm = 51.2168, GNorm = 4.7874, lr_0 = 5.0569e-05
Loss = 1.0804e-01, PNorm = 51.2187, GNorm = 7.7091, lr_0 = 5.0417e-05
Loss = 9.5037e-02, PNorm = 51.2206, GNorm = 7.7509, lr_0 = 5.0266e-05
Loss = 8.4772e-02, PNorm = 51.2217, GNorm = 4.7048, lr_0 = 5.0115e-05
Loss = 9.8959e-02, PNorm = 51.2227, GNorm = 2.3838, lr_0 = 4.9964e-05
Loss = 8.7044e-02, PNorm = 51.2244, GNorm = 2.7354, lr_0 = 4.9814e-05
Loss = 9.2087e-02, PNorm = 51.2252, GNorm = 2.4009, lr_0 = 4.9664e-05
Loss = 8.5229e-02, PNorm = 51.2269, GNorm = 1.9989, lr_0 = 4.9515e-05
Loss = 8.5521e-02, PNorm = 51.2281, GNorm = 4.4782, lr_0 = 4.9366e-05
Loss = 1.0278e-01, PNorm = 51.2298, GNorm = 2.4467, lr_0 = 4.9217e-05
Loss = 9.1557e-02, PNorm = 51.2319, GNorm = 4.2877, lr_0 = 4.9069e-05
Loss = 9.0147e-02, PNorm = 51.2328, GNorm = 1.2264, lr_0 = 4.8922e-05
Loss = 1.0491e-01, PNorm = 51.2337, GNorm = 5.2765, lr_0 = 4.8775e-05
Loss = 8.3773e-02, PNorm = 51.2340, GNorm = 8.2742, lr_0 = 4.8628e-05
Loss = 9.1311e-02, PNorm = 51.2345, GNorm = 5.1338, lr_0 = 4.8482e-05
Loss = 9.2102e-02, PNorm = 51.2359, GNorm = 2.0410, lr_0 = 4.8336e-05
Loss = 7.3792e-02, PNorm = 51.2370, GNorm = 3.6696, lr_0 = 4.8191e-05
Loss = 1.0155e-01, PNorm = 51.2376, GNorm = 2.9087, lr_0 = 4.8046e-05
Loss = 9.0497e-02, PNorm = 51.2385, GNorm = 4.9530, lr_0 = 4.7901e-05
Validation rmse = 37.973242
Epoch 27
Loss = 8.3154e-02, PNorm = 51.2395, GNorm = 3.3883, lr_0 = 4.7757e-05
Loss = 8.2616e-02, PNorm = 51.2406, GNorm = 1.7239, lr_0 = 4.7614e-05
Loss = 8.7073e-02, PNorm = 51.2420, GNorm = 4.7990, lr_0 = 4.7470e-05
Loss = 8.8815e-02, PNorm = 51.2435, GNorm = 2.4946, lr_0 = 4.7328e-05
Loss = 8.6612e-02, PNorm = 51.2450, GNorm = 2.5965, lr_0 = 4.7185e-05
Loss = 1.0914e-01, PNorm = 51.2464, GNorm = 2.7710, lr_0 = 4.7043e-05
Loss = 8.3600e-02, PNorm = 51.2479, GNorm = 1.5016, lr_0 = 4.6902e-05
Loss = 7.6389e-02, PNorm = 51.2493, GNorm = 1.2514, lr_0 = 4.6761e-05
Loss = 9.3235e-02, PNorm = 51.2506, GNorm = 3.7797, lr_0 = 4.6620e-05
Loss = 8.3799e-02, PNorm = 51.2519, GNorm = 4.5687, lr_0 = 4.6480e-05
Loss = 8.2953e-02, PNorm = 51.2531, GNorm = 3.4391, lr_0 = 4.6340e-05
Loss = 8.6757e-02, PNorm = 51.2544, GNorm = 5.0499, lr_0 = 4.6201e-05
Loss = 8.9359e-02, PNorm = 51.2554, GNorm = 2.7060, lr_0 = 4.6062e-05
Loss = 1.0343e-01, PNorm = 51.2571, GNorm = 3.4424, lr_0 = 4.5924e-05
Loss = 8.8651e-02, PNorm = 51.2590, GNorm = 1.4263, lr_0 = 4.5786e-05
Loss = 8.2504e-02, PNorm = 51.2605, GNorm = 5.8165, lr_0 = 4.5648e-05
Loss = 9.3400e-02, PNorm = 51.2615, GNorm = 1.9366, lr_0 = 4.5511e-05
Loss = 8.0622e-02, PNorm = 51.2623, GNorm = 1.9626, lr_0 = 4.5374e-05
Loss = 8.9831e-02, PNorm = 51.2631, GNorm = 1.3525, lr_0 = 4.5237e-05
Validation rmse = 37.672376
Epoch 28
Loss = 7.6792e-02, PNorm = 51.2640, GNorm = 2.5163, lr_0 = 4.5101e-05
Loss = 9.6147e-02, PNorm = 51.2654, GNorm = 1.9586, lr_0 = 4.4966e-05
Loss = 8.5195e-02, PNorm = 51.2667, GNorm = 1.5439, lr_0 = 4.4830e-05
Loss = 1.0297e-01, PNorm = 51.2681, GNorm = 5.8316, lr_0 = 4.4696e-05
Loss = 8.0717e-02, PNorm = 51.2696, GNorm = 3.1003, lr_0 = 4.4561e-05
Loss = 8.3036e-02, PNorm = 51.2705, GNorm = 2.6167, lr_0 = 4.4427e-05
Loss = 9.3081e-02, PNorm = 51.2718, GNorm = 2.7881, lr_0 = 4.4294e-05
Loss = 8.5230e-02, PNorm = 51.2731, GNorm = 2.6515, lr_0 = 4.4160e-05
Loss = 9.0967e-02, PNorm = 51.2741, GNorm = 4.5794, lr_0 = 4.4028e-05
Loss = 8.6111e-02, PNorm = 51.2758, GNorm = 5.5596, lr_0 = 4.3895e-05
Loss = 9.4903e-02, PNorm = 51.2766, GNorm = 3.8331, lr_0 = 4.3763e-05
Loss = 7.3064e-02, PNorm = 51.2779, GNorm = 1.3474, lr_0 = 4.3632e-05
Loss = 7.9530e-02, PNorm = 51.2791, GNorm = 6.0022, lr_0 = 4.3501e-05
Loss = 9.2470e-02, PNorm = 51.2804, GNorm = 5.8937, lr_0 = 4.3370e-05
Loss = 9.5114e-02, PNorm = 51.2817, GNorm = 5.0308, lr_0 = 4.3239e-05
Loss = 8.5481e-02, PNorm = 51.2825, GNorm = 3.1449, lr_0 = 4.3109e-05
Loss = 1.0680e-01, PNorm = 51.2836, GNorm = 7.0550, lr_0 = 4.2980e-05
Loss = 9.3508e-02, PNorm = 51.2850, GNorm = 4.7888, lr_0 = 4.2850e-05
Loss = 8.6285e-02, PNorm = 51.2865, GNorm = 2.8580, lr_0 = 4.2722e-05
Validation rmse = 37.882029
Epoch 29
Loss = 7.2462e-02, PNorm = 51.2873, GNorm = 3.6714, lr_0 = 4.2593e-05
Loss = 8.5851e-02, PNorm = 51.2887, GNorm = 1.2083, lr_0 = 4.2465e-05
Loss = 1.1004e-01, PNorm = 51.2896, GNorm = 8.2597, lr_0 = 4.2337e-05
Loss = 8.6639e-02, PNorm = 51.2906, GNorm = 2.2509, lr_0 = 4.2210e-05
Loss = 9.0090e-02, PNorm = 51.2919, GNorm = 3.1128, lr_0 = 4.2083e-05
Loss = 9.0773e-02, PNorm = 51.2929, GNorm = 3.4058, lr_0 = 4.1957e-05
Loss = 8.8625e-02, PNorm = 51.2937, GNorm = 7.1836, lr_0 = 4.1830e-05
Loss = 9.5638e-02, PNorm = 51.2947, GNorm = 2.3460, lr_0 = 4.1705e-05
Loss = 8.6262e-02, PNorm = 51.2959, GNorm = 2.0632, lr_0 = 4.1579e-05
Loss = 9.2702e-02, PNorm = 51.2971, GNorm = 1.7515, lr_0 = 4.1454e-05
Loss = 8.9990e-02, PNorm = 51.2985, GNorm = 2.5927, lr_0 = 4.1330e-05
Loss = 8.1729e-02, PNorm = 51.2997, GNorm = 7.8963, lr_0 = 4.1205e-05
Loss = 8.4024e-02, PNorm = 51.3004, GNorm = 1.6220, lr_0 = 4.1081e-05
Loss = 6.9164e-02, PNorm = 51.3010, GNorm = 2.3737, lr_0 = 4.0958e-05
Loss = 8.3783e-02, PNorm = 51.3018, GNorm = 2.1026, lr_0 = 4.0835e-05
Loss = 8.8470e-02, PNorm = 51.3028, GNorm = 3.5820, lr_0 = 4.0712e-05
Loss = 8.8457e-02, PNorm = 51.3042, GNorm = 3.0685, lr_0 = 4.0589e-05
Loss = 8.8781e-02, PNorm = 51.3062, GNorm = 2.1866, lr_0 = 4.0467e-05
Loss = 8.7163e-02, PNorm = 51.3070, GNorm = 2.7059, lr_0 = 4.0346e-05
Validation rmse = 36.672126
Epoch 30
Loss = 7.6436e-02, PNorm = 51.3080, GNorm = 2.0087, lr_0 = 4.0224e-05
Loss = 9.6420e-02, PNorm = 51.3087, GNorm = 2.6838, lr_0 = 4.0103e-05
Loss = 8.3905e-02, PNorm = 51.3096, GNorm = 1.0727, lr_0 = 3.9983e-05
Loss = 8.5464e-02, PNorm = 51.3104, GNorm = 1.8386, lr_0 = 3.9863e-05
Loss = 7.7307e-02, PNorm = 51.3111, GNorm = 3.7858, lr_0 = 3.9743e-05
Loss = 8.3303e-02, PNorm = 51.3121, GNorm = 2.7512, lr_0 = 3.9623e-05
Loss = 8.8999e-02, PNorm = 51.3134, GNorm = 3.1235, lr_0 = 3.9504e-05
Loss = 1.0574e-01, PNorm = 51.3145, GNorm = 2.4800, lr_0 = 3.9385e-05
Loss = 9.8260e-02, PNorm = 51.3153, GNorm = 4.4962, lr_0 = 3.9267e-05
Loss = 9.1650e-02, PNorm = 51.3160, GNorm = 3.1708, lr_0 = 3.9149e-05
Loss = 9.4454e-02, PNorm = 51.3171, GNorm = 3.7548, lr_0 = 3.9031e-05
Loss = 9.4613e-02, PNorm = 51.3185, GNorm = 2.1779, lr_0 = 3.8914e-05
Loss = 7.4538e-02, PNorm = 51.3197, GNorm = 2.1188, lr_0 = 3.8797e-05
Loss = 9.3882e-02, PNorm = 51.3207, GNorm = 5.0763, lr_0 = 3.8680e-05
Loss = 8.9173e-02, PNorm = 51.3219, GNorm = 4.0554, lr_0 = 3.8564e-05
Loss = 8.2725e-02, PNorm = 51.3228, GNorm = 4.5807, lr_0 = 3.8448e-05
Loss = 6.6701e-02, PNorm = 51.3234, GNorm = 4.1005, lr_0 = 3.8332e-05
Loss = 8.2960e-02, PNorm = 51.3246, GNorm = 2.6389, lr_0 = 3.8217e-05
Loss = 9.2254e-02, PNorm = 51.3257, GNorm = 2.7503, lr_0 = 3.8102e-05
Validation rmse = 37.451268
Epoch 31
Loss = 6.6125e-02, PNorm = 51.3267, GNorm = 4.4608, lr_0 = 3.7987e-05
Loss = 7.7392e-02, PNorm = 51.3281, GNorm = 1.0538, lr_0 = 3.7873e-05
Loss = 8.7774e-02, PNorm = 51.3289, GNorm = 3.6777, lr_0 = 3.7759e-05
Loss = 7.0797e-02, PNorm = 51.3296, GNorm = 2.1927, lr_0 = 3.7646e-05
Loss = 8.2573e-02, PNorm = 51.3301, GNorm = 1.4786, lr_0 = 3.7533e-05
Loss = 1.0517e-01, PNorm = 51.3310, GNorm = 6.0612, lr_0 = 3.7420e-05
Loss = 8.0586e-02, PNorm = 51.3317, GNorm = 3.9573, lr_0 = 3.7307e-05
Loss = 8.6530e-02, PNorm = 51.3323, GNorm = 2.4295, lr_0 = 3.7195e-05
Loss = 8.8649e-02, PNorm = 51.3335, GNorm = 3.2574, lr_0 = 3.7083e-05
Loss = 8.8387e-02, PNorm = 51.3351, GNorm = 2.3851, lr_0 = 3.6972e-05
Loss = 8.2882e-02, PNorm = 51.3357, GNorm = 5.3551, lr_0 = 3.6860e-05
Loss = 8.6145e-02, PNorm = 51.3362, GNorm = 5.4780, lr_0 = 3.6750e-05
Loss = 8.7795e-02, PNorm = 51.3369, GNorm = 6.2852, lr_0 = 3.6639e-05
Loss = 8.9331e-02, PNorm = 51.3378, GNorm = 3.2752, lr_0 = 3.6529e-05
Loss = 7.6757e-02, PNorm = 51.3394, GNorm = 1.8854, lr_0 = 3.6419e-05
Loss = 8.0978e-02, PNorm = 51.3408, GNorm = 2.5028, lr_0 = 3.6310e-05
Loss = 8.3627e-02, PNorm = 51.3418, GNorm = 4.3589, lr_0 = 3.6200e-05
Loss = 8.4494e-02, PNorm = 51.3424, GNorm = 2.0145, lr_0 = 3.6092e-05
Loss = 8.8851e-02, PNorm = 51.3433, GNorm = 3.5676, lr_0 = 3.5983e-05
Loss = 9.7669e-02, PNorm = 51.3443, GNorm = 5.4031, lr_0 = 3.5875e-05
Validation rmse = 36.998185
Epoch 32
Loss = 7.5228e-02, PNorm = 51.3451, GNorm = 1.5041, lr_0 = 3.5767e-05
Loss = 7.9789e-02, PNorm = 51.3462, GNorm = 2.4247, lr_0 = 3.5659e-05
Loss = 8.4485e-02, PNorm = 51.3478, GNorm = 2.0401, lr_0 = 3.5552e-05
Loss = 8.7205e-02, PNorm = 51.3487, GNorm = 1.6675, lr_0 = 3.5445e-05
Loss = 9.0517e-02, PNorm = 51.3503, GNorm = 6.8292, lr_0 = 3.5339e-05
Loss = 7.5136e-02, PNorm = 51.3514, GNorm = 1.7181, lr_0 = 3.5232e-05
Loss = 7.7599e-02, PNorm = 51.3520, GNorm = 1.6720, lr_0 = 3.5127e-05
Loss = 8.1506e-02, PNorm = 51.3523, GNorm = 4.2699, lr_0 = 3.5021e-05
Loss = 7.9352e-02, PNorm = 51.3537, GNorm = 1.2694, lr_0 = 3.4916e-05
Loss = 8.3028e-02, PNorm = 51.3547, GNorm = 3.9671, lr_0 = 3.4811e-05
Loss = 7.7881e-02, PNorm = 51.3550, GNorm = 7.7575, lr_0 = 3.4706e-05
Loss = 8.4424e-02, PNorm = 51.3557, GNorm = 5.6073, lr_0 = 3.4602e-05
Loss = 8.6234e-02, PNorm = 51.3566, GNorm = 2.8246, lr_0 = 3.4498e-05
Loss = 8.2929e-02, PNorm = 51.3570, GNorm = 2.1934, lr_0 = 3.4394e-05
Loss = 8.8720e-02, PNorm = 51.3584, GNorm = 2.2411, lr_0 = 3.4290e-05
Loss = 9.0333e-02, PNorm = 51.3588, GNorm = 1.8869, lr_0 = 3.4187e-05
Loss = 7.5976e-02, PNorm = 51.3597, GNorm = 2.0304, lr_0 = 3.4084e-05
Loss = 9.0150e-02, PNorm = 51.3607, GNorm = 1.5556, lr_0 = 3.3982e-05
Loss = 8.1087e-02, PNorm = 51.3620, GNorm = 7.9728, lr_0 = 3.3880e-05
Validation rmse = 37.547974
Epoch 33
Loss = 7.7039e-02, PNorm = 51.3632, GNorm = 5.2347, lr_0 = 3.3778e-05
Loss = 8.8831e-02, PNorm = 51.3634, GNorm = 5.5372, lr_0 = 3.3676e-05
Loss = 7.5866e-02, PNorm = 51.3645, GNorm = 4.0107, lr_0 = 3.3575e-05
Loss = 7.7475e-02, PNorm = 51.3656, GNorm = 1.9034, lr_0 = 3.3474e-05
Loss = 9.3967e-02, PNorm = 51.3665, GNorm = 5.9606, lr_0 = 3.3373e-05
Loss = 7.5304e-02, PNorm = 51.3676, GNorm = 2.7412, lr_0 = 3.3273e-05
Loss = 7.5267e-02, PNorm = 51.3688, GNorm = 1.7880, lr_0 = 3.3173e-05
Loss = 8.3798e-02, PNorm = 51.3699, GNorm = 1.4406, lr_0 = 3.3073e-05
Loss = 7.1763e-02, PNorm = 51.3709, GNorm = 2.8447, lr_0 = 3.2974e-05
Loss = 7.6063e-02, PNorm = 51.3715, GNorm = 3.1743, lr_0 = 3.2875e-05
Loss = 6.9506e-02, PNorm = 51.3722, GNorm = 5.2083, lr_0 = 3.2776e-05
Loss = 9.4035e-02, PNorm = 51.3728, GNorm = 2.5259, lr_0 = 3.2677e-05
Loss = 7.1881e-02, PNorm = 51.3737, GNorm = 4.7402, lr_0 = 3.2579e-05
Loss = 7.9226e-02, PNorm = 51.3749, GNorm = 4.7210, lr_0 = 3.2481e-05
Loss = 8.0413e-02, PNorm = 51.3758, GNorm = 1.2603, lr_0 = 3.2383e-05
Loss = 8.1610e-02, PNorm = 51.3766, GNorm = 1.4499, lr_0 = 3.2286e-05
Loss = 7.8565e-02, PNorm = 51.3774, GNorm = 1.9045, lr_0 = 3.2189e-05
Loss = 9.1519e-02, PNorm = 51.3782, GNorm = 5.9592, lr_0 = 3.2092e-05
Loss = 7.8883e-02, PNorm = 51.3784, GNorm = 1.8207, lr_0 = 3.1996e-05
Validation rmse = 36.844222
Epoch 34
Loss = 9.8460e-02, PNorm = 51.3790, GNorm = 3.8899, lr_0 = 3.1899e-05
Loss = 8.2032e-02, PNorm = 51.3797, GNorm = 2.1425, lr_0 = 3.1804e-05
Loss = 7.0278e-02, PNorm = 51.3802, GNorm = 1.9898, lr_0 = 3.1708e-05
Loss = 8.5737e-02, PNorm = 51.3804, GNorm = 1.4028, lr_0 = 3.1613e-05
Loss = 7.7525e-02, PNorm = 51.3812, GNorm = 3.4378, lr_0 = 3.1517e-05
Loss = 7.0262e-02, PNorm = 51.3818, GNorm = 7.1465, lr_0 = 3.1423e-05
Loss = 9.7874e-02, PNorm = 51.3829, GNorm = 3.6170, lr_0 = 3.1328e-05
Loss = 8.2740e-02, PNorm = 51.3837, GNorm = 1.5798, lr_0 = 3.1234e-05
Loss = 8.1007e-02, PNorm = 51.3848, GNorm = 2.2145, lr_0 = 3.1140e-05
Loss = 7.9419e-02, PNorm = 51.3859, GNorm = 2.3428, lr_0 = 3.1046e-05
Loss = 8.4309e-02, PNorm = 51.3867, GNorm = 4.0020, lr_0 = 3.0953e-05
Loss = 8.1915e-02, PNorm = 51.3870, GNorm = 7.2774, lr_0 = 3.0860e-05
Loss = 7.5999e-02, PNorm = 51.3874, GNorm = 3.6602, lr_0 = 3.0767e-05
Loss = 7.6728e-02, PNorm = 51.3884, GNorm = 8.2550, lr_0 = 3.0675e-05
Loss = 7.2868e-02, PNorm = 51.3890, GNorm = 1.7586, lr_0 = 3.0582e-05
Loss = 7.2053e-02, PNorm = 51.3901, GNorm = 3.8261, lr_0 = 3.0491e-05
Loss = 7.2803e-02, PNorm = 51.3911, GNorm = 1.3135, lr_0 = 3.0399e-05
Loss = 9.1437e-02, PNorm = 51.3919, GNorm = 3.0720, lr_0 = 3.0307e-05
Loss = 8.2502e-02, PNorm = 51.3926, GNorm = 4.1371, lr_0 = 3.0216e-05
Validation rmse = 36.843725
Epoch 35
Loss = 7.9356e-02, PNorm = 51.3938, GNorm = 1.2158, lr_0 = 3.0116e-05
Loss = 7.7757e-02, PNorm = 51.3942, GNorm = 2.3808, lr_0 = 3.0026e-05
Loss = 8.8948e-02, PNorm = 51.3952, GNorm = 4.5009, lr_0 = 2.9936e-05
Loss = 8.6074e-02, PNorm = 51.3965, GNorm = 2.7812, lr_0 = 2.9845e-05
Loss = 7.5992e-02, PNorm = 51.3969, GNorm = 2.3586, lr_0 = 2.9756e-05
Loss = 8.2216e-02, PNorm = 51.3975, GNorm = 3.8671, lr_0 = 2.9666e-05
Loss = 8.5408e-02, PNorm = 51.3987, GNorm = 3.7004, lr_0 = 2.9577e-05
Loss = 7.8634e-02, PNorm = 51.3997, GNorm = 3.8808, lr_0 = 2.9488e-05
Loss = 8.0099e-02, PNorm = 51.4003, GNorm = 1.6358, lr_0 = 2.9399e-05
Loss = 7.2866e-02, PNorm = 51.4008, GNorm = 4.2405, lr_0 = 2.9311e-05
Loss = 8.1475e-02, PNorm = 51.4014, GNorm = 1.4851, lr_0 = 2.9223e-05
Loss = 8.7236e-02, PNorm = 51.4023, GNorm = 11.2087, lr_0 = 2.9135e-05
Loss = 8.6952e-02, PNorm = 51.4026, GNorm = 8.4843, lr_0 = 2.9047e-05
Loss = 8.6023e-02, PNorm = 51.4037, GNorm = 1.9646, lr_0 = 2.8960e-05
Loss = 8.2066e-02, PNorm = 51.4047, GNorm = 4.0272, lr_0 = 2.8873e-05
Loss = 7.6725e-02, PNorm = 51.4056, GNorm = 1.2594, lr_0 = 2.8786e-05
Loss = 7.2388e-02, PNorm = 51.4065, GNorm = 2.0868, lr_0 = 2.8700e-05
Loss = 6.7105e-02, PNorm = 51.4069, GNorm = 2.3579, lr_0 = 2.8613e-05
Loss = 7.5332e-02, PNorm = 51.4072, GNorm = 4.4043, lr_0 = 2.8527e-05
Validation rmse = 36.447687
Epoch 36
Loss = 7.1358e-02, PNorm = 51.4078, GNorm = 2.1360, lr_0 = 2.8442e-05
Loss = 8.9524e-02, PNorm = 51.4088, GNorm = 2.1744, lr_0 = 2.8356e-05
Loss = 7.6240e-02, PNorm = 51.4097, GNorm = 2.3517, lr_0 = 2.8271e-05
Loss = 9.2561e-02, PNorm = 51.4107, GNorm = 6.6129, lr_0 = 2.8186e-05
Loss = 7.4227e-02, PNorm = 51.4117, GNorm = 7.4135, lr_0 = 2.8101e-05
Loss = 7.9338e-02, PNorm = 51.4125, GNorm = 2.3961, lr_0 = 2.8016e-05
Loss = 7.1442e-02, PNorm = 51.4131, GNorm = 2.0877, lr_0 = 2.7932e-05
Loss = 7.8420e-02, PNorm = 51.4138, GNorm = 2.7879, lr_0 = 2.7848e-05
Loss = 7.4280e-02, PNorm = 51.4148, GNorm = 3.8769, lr_0 = 2.7764e-05
Loss = 8.2912e-02, PNorm = 51.4154, GNorm = 1.8864, lr_0 = 2.7681e-05
Loss = 8.2667e-02, PNorm = 51.4159, GNorm = 3.7630, lr_0 = 2.7598e-05
Loss = 7.3699e-02, PNorm = 51.4163, GNorm = 4.4252, lr_0 = 2.7515e-05
Loss = 8.6515e-02, PNorm = 51.4171, GNorm = 2.9410, lr_0 = 2.7432e-05
Loss = 8.8998e-02, PNorm = 51.4183, GNorm = 6.0233, lr_0 = 2.7350e-05
Loss = 7.9849e-02, PNorm = 51.4190, GNorm = 2.0228, lr_0 = 2.7267e-05
Loss = 7.7242e-02, PNorm = 51.4198, GNorm = 3.6471, lr_0 = 2.7185e-05
Loss = 8.3433e-02, PNorm = 51.4202, GNorm = 1.5226, lr_0 = 2.7104e-05
Loss = 8.1489e-02, PNorm = 51.4207, GNorm = 2.4037, lr_0 = 2.7022e-05
Loss = 7.6077e-02, PNorm = 51.4215, GNorm = 2.2982, lr_0 = 2.6941e-05
Loss = 8.2446e-02, PNorm = 51.4218, GNorm = 1.7867, lr_0 = 2.6860e-05
Validation rmse = 35.814594
Epoch 37
Loss = 7.9877e-02, PNorm = 51.4229, GNorm = 2.5058, lr_0 = 2.6779e-05
Loss = 7.8758e-02, PNorm = 51.4238, GNorm = 3.2385, lr_0 = 2.6699e-05
Loss = 6.8840e-02, PNorm = 51.4247, GNorm = 3.9013, lr_0 = 2.6618e-05
Loss = 8.5561e-02, PNorm = 51.4250, GNorm = 2.6961, lr_0 = 2.6538e-05
Loss = 8.1180e-02, PNorm = 51.4262, GNorm = 2.0128, lr_0 = 2.6458e-05
Loss = 8.3759e-02, PNorm = 51.4271, GNorm = 4.1965, lr_0 = 2.6379e-05
Loss = 8.7968e-02, PNorm = 51.4284, GNorm = 1.7580, lr_0 = 2.6300e-05
Loss = 7.7629e-02, PNorm = 51.4292, GNorm = 1.9475, lr_0 = 2.6220e-05
Loss = 7.5803e-02, PNorm = 51.4301, GNorm = 6.9110, lr_0 = 2.6142e-05
Loss = 8.1165e-02, PNorm = 51.4305, GNorm = 3.4663, lr_0 = 2.6063e-05
Loss = 7.1446e-02, PNorm = 51.4309, GNorm = 2.8743, lr_0 = 2.5985e-05
Loss = 7.3408e-02, PNorm = 51.4312, GNorm = 5.6442, lr_0 = 2.5906e-05
Loss = 8.0890e-02, PNorm = 51.4318, GNorm = 3.0612, lr_0 = 2.5829e-05
Loss = 7.7759e-02, PNorm = 51.4322, GNorm = 2.5739, lr_0 = 2.5751e-05
Loss = 7.0350e-02, PNorm = 51.4329, GNorm = 1.5438, lr_0 = 2.5673e-05
Loss = 8.1553e-02, PNorm = 51.4333, GNorm = 7.4362, lr_0 = 2.5596e-05
Loss = 6.9462e-02, PNorm = 51.4337, GNorm = 4.0140, lr_0 = 2.5519e-05
Loss = 8.5808e-02, PNorm = 51.4346, GNorm = 6.2739, lr_0 = 2.5443e-05
Loss = 7.7149e-02, PNorm = 51.4354, GNorm = 1.8278, lr_0 = 2.5366e-05
Validation rmse = 36.582338
Epoch 38
Loss = 8.1627e-02, PNorm = 51.4357, GNorm = 2.3169, lr_0 = 2.5290e-05
Loss = 7.1985e-02, PNorm = 51.4368, GNorm = 2.7750, lr_0 = 2.5214e-05
Loss = 8.0045e-02, PNorm = 51.4373, GNorm = 2.9898, lr_0 = 2.5138e-05
Loss = 7.0742e-02, PNorm = 51.4377, GNorm = 1.8299, lr_0 = 2.5062e-05
Loss = 8.5431e-02, PNorm = 51.4384, GNorm = 3.4091, lr_0 = 2.4987e-05
Loss = 7.6399e-02, PNorm = 51.4389, GNorm = 7.9097, lr_0 = 2.4912e-05
Loss = 7.9852e-02, PNorm = 51.4395, GNorm = 1.3125, lr_0 = 2.4837e-05
Loss = 8.3559e-02, PNorm = 51.4403, GNorm = 6.1388, lr_0 = 2.4762e-05
Loss = 8.0905e-02, PNorm = 51.4410, GNorm = 1.7219, lr_0 = 2.4688e-05
Loss = 7.7702e-02, PNorm = 51.4419, GNorm = 4.4785, lr_0 = 2.4614e-05
Loss = 7.8400e-02, PNorm = 51.4424, GNorm = 1.7962, lr_0 = 2.4540e-05
Loss = 9.2570e-02, PNorm = 51.4429, GNorm = 1.9761, lr_0 = 2.4466e-05
Loss = 7.0036e-02, PNorm = 51.4434, GNorm = 1.0444, lr_0 = 2.4392e-05
Loss = 6.5802e-02, PNorm = 51.4443, GNorm = 5.1666, lr_0 = 2.4319e-05
Loss = 9.4019e-02, PNorm = 51.4448, GNorm = 6.9166, lr_0 = 2.4246e-05
Loss = 6.6432e-02, PNorm = 51.4454, GNorm = 2.0883, lr_0 = 2.4173e-05
Loss = 7.9332e-02, PNorm = 51.4462, GNorm = 4.6350, lr_0 = 2.4100e-05
Loss = 7.4994e-02, PNorm = 51.4470, GNorm = 2.8078, lr_0 = 2.4028e-05
Loss = 7.3645e-02, PNorm = 51.4475, GNorm = 4.0545, lr_0 = 2.3955e-05
Validation rmse = 35.461973
Epoch 39
Loss = 8.1393e-02, PNorm = 51.4478, GNorm = 1.5479, lr_0 = 2.3883e-05
Loss = 7.9193e-02, PNorm = 51.4481, GNorm = 4.3272, lr_0 = 2.3812e-05
Loss = 6.9841e-02, PNorm = 51.4488, GNorm = 5.5043, lr_0 = 2.3740e-05
Loss = 8.0018e-02, PNorm = 51.4493, GNorm = 4.2607, lr_0 = 2.3669e-05
Loss = 6.3800e-02, PNorm = 51.4500, GNorm = 2.2163, lr_0 = 2.3597e-05
Loss = 8.2011e-02, PNorm = 51.4508, GNorm = 2.9407, lr_0 = 2.3526e-05
Loss = 6.7569e-02, PNorm = 51.4514, GNorm = 9.2944, lr_0 = 2.3456e-05
Loss = 7.8641e-02, PNorm = 51.4518, GNorm = 4.5722, lr_0 = 2.3385e-05
Loss = 7.3954e-02, PNorm = 51.4523, GNorm = 2.8450, lr_0 = 2.3315e-05
Loss = 7.8194e-02, PNorm = 51.4533, GNorm = 3.1101, lr_0 = 2.3245e-05
Loss = 8.4682e-02, PNorm = 51.4541, GNorm = 4.2873, lr_0 = 2.3175e-05
Loss = 8.2527e-02, PNorm = 51.4547, GNorm = 2.9335, lr_0 = 2.3105e-05
Loss = 7.8946e-02, PNorm = 51.4555, GNorm = 8.4710, lr_0 = 2.3036e-05
Loss = 7.4666e-02, PNorm = 51.4565, GNorm = 1.4592, lr_0 = 2.2966e-05
Loss = 8.0132e-02, PNorm = 51.4570, GNorm = 3.8538, lr_0 = 2.2897e-05
Loss = 8.3178e-02, PNorm = 51.4576, GNorm = 5.3550, lr_0 = 2.2829e-05
Loss = 7.3043e-02, PNorm = 51.4578, GNorm = 2.5108, lr_0 = 2.2760e-05
Loss = 7.7173e-02, PNorm = 51.4581, GNorm = 2.1309, lr_0 = 2.2691e-05
Loss = 6.5218e-02, PNorm = 51.4585, GNorm = 1.7909, lr_0 = 2.2623e-05
Validation rmse = 35.684493
Epoch 40
Loss = 7.5516e-02, PNorm = 51.4593, GNorm = 3.4516, lr_0 = 2.2555e-05
Loss = 7.7619e-02, PNorm = 51.4599, GNorm = 3.9155, lr_0 = 2.2487e-05
Loss = 6.8496e-02, PNorm = 51.4602, GNorm = 1.6071, lr_0 = 2.2420e-05
Loss = 8.4522e-02, PNorm = 51.4607, GNorm = 2.7601, lr_0 = 2.2352e-05
Loss = 7.2739e-02, PNorm = 51.4618, GNorm = 2.9222, lr_0 = 2.2285e-05
Loss = 6.4792e-02, PNorm = 51.4624, GNorm = 4.3818, lr_0 = 2.2218e-05
Loss = 6.7699e-02, PNorm = 51.4624, GNorm = 1.9460, lr_0 = 2.2151e-05
Loss = 7.9479e-02, PNorm = 51.4630, GNorm = 2.8964, lr_0 = 2.2085e-05
Loss = 6.9098e-02, PNorm = 51.4637, GNorm = 1.4526, lr_0 = 2.2018e-05
Loss = 8.2169e-02, PNorm = 51.4644, GNorm = 3.5809, lr_0 = 2.1952e-05
Loss = 7.8471e-02, PNorm = 51.4652, GNorm = 3.8892, lr_0 = 2.1886e-05
Loss = 7.4363e-02, PNorm = 51.4659, GNorm = 2.5288, lr_0 = 2.1820e-05
Loss = 8.4299e-02, PNorm = 51.4664, GNorm = 2.4324, lr_0 = 2.1755e-05
Loss = 7.7769e-02, PNorm = 51.4675, GNorm = 3.7501, lr_0 = 2.1689e-05
Loss = 6.7251e-02, PNorm = 51.4681, GNorm = 1.0287, lr_0 = 2.1624e-05
Loss = 8.1600e-02, PNorm = 51.4686, GNorm = 3.1822, lr_0 = 2.1559e-05
Loss = 7.4377e-02, PNorm = 51.4688, GNorm = 2.8968, lr_0 = 2.1494e-05
Loss = 7.5291e-02, PNorm = 51.4692, GNorm = 2.3535, lr_0 = 2.1429e-05
Loss = 7.4172e-02, PNorm = 51.4697, GNorm = 3.3772, lr_0 = 2.1365e-05
Validation rmse = 35.185292
Epoch 41
Loss = 7.4884e-02, PNorm = 51.4701, GNorm = 4.3222, lr_0 = 2.1301e-05
Loss = 7.8873e-02, PNorm = 51.4708, GNorm = 4.8694, lr_0 = 2.1237e-05
Loss = 6.9497e-02, PNorm = 51.4713, GNorm = 2.9454, lr_0 = 2.1173e-05
Loss = 7.6017e-02, PNorm = 51.4722, GNorm = 1.6345, lr_0 = 2.1109e-05
Loss = 7.8107e-02, PNorm = 51.4727, GNorm = 4.8713, lr_0 = 2.1046e-05
Loss = 7.8711e-02, PNorm = 51.4731, GNorm = 1.5621, lr_0 = 2.0982e-05
Loss = 7.8887e-02, PNorm = 51.4737, GNorm = 6.9843, lr_0 = 2.0919e-05
Loss = 8.4461e-02, PNorm = 51.4743, GNorm = 3.1586, lr_0 = 2.0856e-05
Loss = 6.3363e-02, PNorm = 51.4750, GNorm = 1.7762, lr_0 = 2.0794e-05
Loss = 7.6184e-02, PNorm = 51.4756, GNorm = 3.5232, lr_0 = 2.0731e-05
Loss = 7.2876e-02, PNorm = 51.4759, GNorm = 2.9364, lr_0 = 2.0669e-05
Loss = 8.7413e-02, PNorm = 51.4765, GNorm = 6.0369, lr_0 = 2.0607e-05
Loss = 7.8503e-02, PNorm = 51.4769, GNorm = 5.5221, lr_0 = 2.0545e-05
Loss = 7.8083e-02, PNorm = 51.4773, GNorm = 1.0826, lr_0 = 2.0483e-05
Loss = 7.6353e-02, PNorm = 51.4777, GNorm = 2.4319, lr_0 = 2.0421e-05
Loss = 6.9183e-02, PNorm = 51.4782, GNorm = 1.6258, lr_0 = 2.0360e-05
Loss = 7.3863e-02, PNorm = 51.4786, GNorm = 1.8161, lr_0 = 2.0299e-05
Loss = 8.7201e-02, PNorm = 51.4793, GNorm = 2.3178, lr_0 = 2.0238e-05
Loss = 6.5796e-02, PNorm = 51.4800, GNorm = 1.2200, lr_0 = 2.0177e-05
Loss = 9.1992e-02, PNorm = 51.4804, GNorm = 6.7923, lr_0 = 2.0116e-05
Validation rmse = 36.970068
Epoch 42
Loss = 8.4501e-02, PNorm = 51.4811, GNorm = 1.2568, lr_0 = 2.0056e-05
Loss = 7.2255e-02, PNorm = 51.4815, GNorm = 3.5439, lr_0 = 1.9995e-05
Loss = 7.0014e-02, PNorm = 51.4819, GNorm = 3.8876, lr_0 = 1.9935e-05
Loss = 6.9374e-02, PNorm = 51.4822, GNorm = 3.2339, lr_0 = 1.9875e-05
Loss = 7.5252e-02, PNorm = 51.4830, GNorm = 2.1312, lr_0 = 1.9816e-05
Loss = 8.2322e-02, PNorm = 51.4836, GNorm = 2.2087, lr_0 = 1.9756e-05
Loss = 8.0688e-02, PNorm = 51.4839, GNorm = 2.0806, lr_0 = 1.9697e-05
Loss = 6.8962e-02, PNorm = 51.4846, GNorm = 2.1761, lr_0 = 1.9637e-05
Loss = 7.1434e-02, PNorm = 51.4848, GNorm = 4.0348, lr_0 = 1.9578e-05
Loss = 7.2302e-02, PNorm = 51.4852, GNorm = 1.4677, lr_0 = 1.9519e-05
Loss = 8.0632e-02, PNorm = 51.4857, GNorm = 3.1977, lr_0 = 1.9461e-05
Loss = 7.6723e-02, PNorm = 51.4860, GNorm = 1.2199, lr_0 = 1.9402e-05
Loss = 6.6794e-02, PNorm = 51.4864, GNorm = 1.1230, lr_0 = 1.9344e-05
Loss = 8.0741e-02, PNorm = 51.4868, GNorm = 3.4168, lr_0 = 1.9286e-05
Loss = 7.9674e-02, PNorm = 51.4874, GNorm = 2.0245, lr_0 = 1.9228e-05
Loss = 7.6379e-02, PNorm = 51.4881, GNorm = 1.4012, lr_0 = 1.9170e-05
Loss = 6.8136e-02, PNorm = 51.4887, GNorm = 2.1948, lr_0 = 1.9112e-05
Loss = 6.9962e-02, PNorm = 51.4891, GNorm = 1.3219, lr_0 = 1.9055e-05
Loss = 7.7061e-02, PNorm = 51.4893, GNorm = 2.0805, lr_0 = 1.8998e-05
Validation rmse = 35.328504
Epoch 43
Loss = 9.7413e-02, PNorm = 51.4898, GNorm = 2.2411, lr_0 = 1.8940e-05
Loss = 6.5501e-02, PNorm = 51.4906, GNorm = 2.9756, lr_0 = 1.8883e-05
Loss = 7.3861e-02, PNorm = 51.4914, GNorm = 3.8319, lr_0 = 1.8827e-05
Loss = 7.3538e-02, PNorm = 51.4917, GNorm = 4.2432, lr_0 = 1.8770e-05
Loss = 7.7186e-02, PNorm = 51.4923, GNorm = 2.2262, lr_0 = 1.8714e-05
Loss = 7.6306e-02, PNorm = 51.4930, GNorm = 2.9747, lr_0 = 1.8657e-05
Loss = 6.4567e-02, PNorm = 51.4932, GNorm = 2.2683, lr_0 = 1.8601e-05
Loss = 7.4623e-02, PNorm = 51.4935, GNorm = 2.1794, lr_0 = 1.8545e-05
Loss = 9.1176e-02, PNorm = 51.4940, GNorm = 4.3777, lr_0 = 1.8490e-05
Loss = 7.1571e-02, PNorm = 51.4946, GNorm = 1.5939, lr_0 = 1.8434e-05
Loss = 7.2932e-02, PNorm = 51.4949, GNorm = 2.0468, lr_0 = 1.8379e-05
Loss = 8.0078e-02, PNorm = 51.4954, GNorm = 4.4013, lr_0 = 1.8323e-05
Loss = 7.2164e-02, PNorm = 51.4958, GNorm = 2.1990, lr_0 = 1.8268e-05
Loss = 7.6982e-02, PNorm = 51.4962, GNorm = 7.0656, lr_0 = 1.8213e-05
Loss = 7.1556e-02, PNorm = 51.4967, GNorm = 1.5063, lr_0 = 1.8158e-05
Loss = 6.8875e-02, PNorm = 51.4971, GNorm = 2.7148, lr_0 = 1.8104e-05
Loss = 7.9172e-02, PNorm = 51.4976, GNorm = 2.1815, lr_0 = 1.8049e-05
Loss = 7.4036e-02, PNorm = 51.4978, GNorm = 3.2408, lr_0 = 1.7995e-05
Loss = 6.4910e-02, PNorm = 51.4983, GNorm = 7.7600, lr_0 = 1.7941e-05
Validation rmse = 35.588411
Epoch 44
Loss = 7.0091e-02, PNorm = 51.4986, GNorm = 1.7057, lr_0 = 1.7887e-05
Loss = 7.7280e-02, PNorm = 51.4989, GNorm = 3.0536, lr_0 = 1.7833e-05
Loss = 7.3198e-02, PNorm = 51.4994, GNorm = 1.4242, lr_0 = 1.7780e-05
Loss = 6.6135e-02, PNorm = 51.4997, GNorm = 2.2376, lr_0 = 1.7726e-05
Loss = 7.8294e-02, PNorm = 51.5000, GNorm = 1.2126, lr_0 = 1.7673e-05
Loss = 7.8051e-02, PNorm = 51.5003, GNorm = 1.2709, lr_0 = 1.7620e-05
Loss = 6.8323e-02, PNorm = 51.5008, GNorm = 1.2851, lr_0 = 1.7567e-05
Loss = 8.4075e-02, PNorm = 51.5012, GNorm = 2.2917, lr_0 = 1.7514e-05
Loss = 6.7488e-02, PNorm = 51.5015, GNorm = 3.3770, lr_0 = 1.7461e-05
Loss = 7.6175e-02, PNorm = 51.5020, GNorm = 1.5902, lr_0 = 1.7409e-05
Loss = 7.2884e-02, PNorm = 51.5026, GNorm = 1.7071, lr_0 = 1.7356e-05
Loss = 7.2497e-02, PNorm = 51.5031, GNorm = 2.9441, lr_0 = 1.7304e-05
Loss = 7.9862e-02, PNorm = 51.5036, GNorm = 4.4940, lr_0 = 1.7252e-05
Loss = 6.7528e-02, PNorm = 51.5039, GNorm = 1.1923, lr_0 = 1.7200e-05
Loss = 7.8790e-02, PNorm = 51.5042, GNorm = 3.7116, lr_0 = 1.7149e-05
Loss = 7.2991e-02, PNorm = 51.5046, GNorm = 4.3459, lr_0 = 1.7097e-05
Loss = 7.1742e-02, PNorm = 51.5051, GNorm = 2.8545, lr_0 = 1.7046e-05
Loss = 7.2581e-02, PNorm = 51.5057, GNorm = 2.8356, lr_0 = 1.6994e-05
Loss = 7.7035e-02, PNorm = 51.5060, GNorm = 8.4751, lr_0 = 1.6943e-05
Validation rmse = 35.964208
Epoch 45
Loss = 7.7340e-02, PNorm = 51.5065, GNorm = 3.5334, lr_0 = 1.6892e-05
Loss = 7.2318e-02, PNorm = 51.5071, GNorm = 2.0464, lr_0 = 1.6842e-05
Loss = 6.4161e-02, PNorm = 51.5074, GNorm = 1.1786, lr_0 = 1.6791e-05
Loss = 6.6353e-02, PNorm = 51.5079, GNorm = 6.5039, lr_0 = 1.6740e-05
Loss = 6.3543e-02, PNorm = 51.5084, GNorm = 6.2270, lr_0 = 1.6690e-05
Loss = 6.3739e-02, PNorm = 51.5088, GNorm = 4.0858, lr_0 = 1.6640e-05
Loss = 7.4349e-02, PNorm = 51.5089, GNorm = 4.1948, lr_0 = 1.6590e-05
Loss = 7.1454e-02, PNorm = 51.5092, GNorm = 1.3149, lr_0 = 1.6540e-05
Loss = 7.0579e-02, PNorm = 51.5096, GNorm = 3.0208, lr_0 = 1.6490e-05
Loss = 6.8457e-02, PNorm = 51.5100, GNorm = 1.2837, lr_0 = 1.6441e-05
Loss = 7.0014e-02, PNorm = 51.5105, GNorm = 2.6873, lr_0 = 1.6391e-05
Loss = 7.8374e-02, PNorm = 51.5107, GNorm = 4.9333, lr_0 = 1.6342e-05
Loss = 7.6412e-02, PNorm = 51.5110, GNorm = 5.6931, lr_0 = 1.6293e-05
Loss = 7.2957e-02, PNorm = 51.5113, GNorm = 1.8224, lr_0 = 1.6244e-05
Loss = 7.2926e-02, PNorm = 51.5118, GNorm = 1.4479, lr_0 = 1.6195e-05
Loss = 7.6355e-02, PNorm = 51.5121, GNorm = 2.0636, lr_0 = 1.6146e-05
Loss = 6.7755e-02, PNorm = 51.5125, GNorm = 3.5173, lr_0 = 1.6098e-05
Loss = 8.4660e-02, PNorm = 51.5127, GNorm = 2.4961, lr_0 = 1.6049e-05
Loss = 8.1294e-02, PNorm = 51.5133, GNorm = 1.6568, lr_0 = 1.6001e-05
Validation rmse = 35.485136
Epoch 46
Loss = 8.2807e-02, PNorm = 51.5139, GNorm = 3.6478, lr_0 = 1.5953e-05
Loss = 6.1499e-02, PNorm = 51.5141, GNorm = 2.1110, lr_0 = 1.5905e-05
Loss = 7.8203e-02, PNorm = 51.5146, GNorm = 1.4330, lr_0 = 1.5857e-05
Loss = 8.1431e-02, PNorm = 51.5151, GNorm = 4.5985, lr_0 = 1.5809e-05
Loss = 6.3368e-02, PNorm = 51.5157, GNorm = 2.6372, lr_0 = 1.5762e-05
Loss = 8.6694e-02, PNorm = 51.5160, GNorm = 5.6818, lr_0 = 1.5714e-05
Loss = 8.0098e-02, PNorm = 51.5163, GNorm = 2.5478, lr_0 = 1.5667e-05
Loss = 6.5735e-02, PNorm = 51.5169, GNorm = 4.8406, lr_0 = 1.5620e-05
Loss = 7.1678e-02, PNorm = 51.5177, GNorm = 3.4049, lr_0 = 1.5573e-05
Loss = 7.2234e-02, PNorm = 51.5183, GNorm = 1.8584, lr_0 = 1.5526e-05
Loss = 7.3721e-02, PNorm = 51.5186, GNorm = 2.3952, lr_0 = 1.5480e-05
Loss = 7.7756e-02, PNorm = 51.5191, GNorm = 2.6018, lr_0 = 1.5433e-05
Loss = 6.2583e-02, PNorm = 51.5196, GNorm = 5.7663, lr_0 = 1.5387e-05
Loss = 6.6460e-02, PNorm = 51.5198, GNorm = 2.8753, lr_0 = 1.5340e-05
Loss = 6.6013e-02, PNorm = 51.5200, GNorm = 1.1128, lr_0 = 1.5294e-05
Loss = 7.5090e-02, PNorm = 51.5203, GNorm = 1.9284, lr_0 = 1.5248e-05
Loss = 7.6413e-02, PNorm = 51.5205, GNorm = 1.5025, lr_0 = 1.5202e-05
Loss = 7.4153e-02, PNorm = 51.5208, GNorm = 3.8147, lr_0 = 1.5157e-05
Loss = 7.4624e-02, PNorm = 51.5212, GNorm = 2.0727, lr_0 = 1.5111e-05
Validation rmse = 35.695330
Epoch 47
Loss = 9.5959e-02, PNorm = 51.5215, GNorm = 3.8583, lr_0 = 1.5061e-05
Loss = 7.6211e-02, PNorm = 51.5218, GNorm = 8.5626, lr_0 = 1.5016e-05
Loss = 6.9104e-02, PNorm = 51.5220, GNorm = 2.8631, lr_0 = 1.4971e-05
Loss = 8.5204e-02, PNorm = 51.5224, GNorm = 2.1882, lr_0 = 1.4926e-05
Loss = 7.6693e-02, PNorm = 51.5229, GNorm = 2.8007, lr_0 = 1.4881e-05
Loss = 7.7843e-02, PNorm = 51.5234, GNorm = 2.7420, lr_0 = 1.4836e-05
Loss = 6.8627e-02, PNorm = 51.5237, GNorm = 0.9868, lr_0 = 1.4791e-05
Loss = 7.4697e-02, PNorm = 51.5242, GNorm = 2.7258, lr_0 = 1.4747e-05
Loss = 6.9407e-02, PNorm = 51.5245, GNorm = 2.9095, lr_0 = 1.4703e-05
Loss = 7.0021e-02, PNorm = 51.5248, GNorm = 7.8167, lr_0 = 1.4658e-05
Loss = 7.6065e-02, PNorm = 51.5252, GNorm = 1.4889, lr_0 = 1.4614e-05
Loss = 7.5251e-02, PNorm = 51.5255, GNorm = 2.5532, lr_0 = 1.4570e-05
Loss = 7.0828e-02, PNorm = 51.5259, GNorm = 1.4836, lr_0 = 1.4527e-05
Loss = 6.8197e-02, PNorm = 51.5263, GNorm = 5.3648, lr_0 = 1.4483e-05
Loss = 6.5740e-02, PNorm = 51.5265, GNorm = 5.8680, lr_0 = 1.4439e-05
Loss = 6.7913e-02, PNorm = 51.5269, GNorm = 2.0646, lr_0 = 1.4396e-05
Loss = 8.9450e-02, PNorm = 51.5276, GNorm = 3.4039, lr_0 = 1.4353e-05
Loss = 6.4893e-02, PNorm = 51.5280, GNorm = 3.2823, lr_0 = 1.4310e-05
Loss = 7.5973e-02, PNorm = 51.5282, GNorm = 1.8856, lr_0 = 1.4267e-05
Loss = 6.4140e-02, PNorm = 51.5289, GNorm = 1.6314, lr_0 = 1.4224e-05
Validation rmse = 35.775570
Epoch 48
Loss = 6.7036e-02, PNorm = 51.5294, GNorm = 2.2919, lr_0 = 1.4181e-05
Loss = 7.1871e-02, PNorm = 51.5300, GNorm = 4.7236, lr_0 = 1.4138e-05
Loss = 6.2482e-02, PNorm = 51.5303, GNorm = 1.4341, lr_0 = 1.4096e-05
Loss = 7.3154e-02, PNorm = 51.5305, GNorm = 1.0164, lr_0 = 1.4053e-05
Loss = 8.7877e-02, PNorm = 51.5311, GNorm = 1.4790, lr_0 = 1.4011e-05
Loss = 7.6085e-02, PNorm = 51.5314, GNorm = 7.4929, lr_0 = 1.3969e-05
Loss = 6.8224e-02, PNorm = 51.5316, GNorm = 2.1481, lr_0 = 1.3927e-05
Loss = 6.8246e-02, PNorm = 51.5321, GNorm = 2.0537, lr_0 = 1.3885e-05
Loss = 7.3831e-02, PNorm = 51.5324, GNorm = 5.1297, lr_0 = 1.3843e-05
Loss = 6.0649e-02, PNorm = 51.5326, GNorm = 2.9753, lr_0 = 1.3802e-05
Loss = 7.6001e-02, PNorm = 51.5329, GNorm = 2.0924, lr_0 = 1.3760e-05
Loss = 5.7199e-02, PNorm = 51.5332, GNorm = 1.1754, lr_0 = 1.3719e-05
Loss = 7.1927e-02, PNorm = 51.5335, GNorm = 5.5363, lr_0 = 1.3678e-05
Loss = 8.5536e-02, PNorm = 51.5337, GNorm = 2.0912, lr_0 = 1.3636e-05
Loss = 7.2987e-02, PNorm = 51.5340, GNorm = 2.4711, lr_0 = 1.3595e-05
Loss = 6.6536e-02, PNorm = 51.5346, GNorm = 1.4754, lr_0 = 1.3555e-05
Loss = 7.1005e-02, PNorm = 51.5349, GNorm = 2.7639, lr_0 = 1.3514e-05
Loss = 7.8138e-02, PNorm = 51.5352, GNorm = 1.1778, lr_0 = 1.3473e-05
Loss = 7.2600e-02, PNorm = 51.5355, GNorm = 3.1587, lr_0 = 1.3433e-05
Validation rmse = 35.524114
Epoch 49
Loss = 7.6163e-02, PNorm = 51.5360, GNorm = 3.0301, lr_0 = 1.3392e-05
Loss = 6.2572e-02, PNorm = 51.5363, GNorm = 5.5377, lr_0 = 1.3352e-05
Loss = 6.4774e-02, PNorm = 51.5367, GNorm = 2.5879, lr_0 = 1.3312e-05
Loss = 7.2573e-02, PNorm = 51.5371, GNorm = 2.5515, lr_0 = 1.3272e-05
Loss = 7.1713e-02, PNorm = 51.5375, GNorm = 2.0682, lr_0 = 1.3232e-05
Loss = 6.1251e-02, PNorm = 51.5379, GNorm = 4.0352, lr_0 = 1.3192e-05
Loss = 7.7179e-02, PNorm = 51.5380, GNorm = 3.3575, lr_0 = 1.3152e-05
Loss = 6.9537e-02, PNorm = 51.5383, GNorm = 1.3397, lr_0 = 1.3113e-05
Loss = 6.4668e-02, PNorm = 51.5388, GNorm = 2.5897, lr_0 = 1.3073e-05
Loss = 7.1535e-02, PNorm = 51.5389, GNorm = 1.8942, lr_0 = 1.3034e-05
Loss = 6.8402e-02, PNorm = 51.5393, GNorm = 1.3908, lr_0 = 1.2995e-05
Loss = 7.9034e-02, PNorm = 51.5397, GNorm = 3.9829, lr_0 = 1.2956e-05
Loss = 5.9583e-02, PNorm = 51.5401, GNorm = 2.3057, lr_0 = 1.2917e-05
Loss = 6.8983e-02, PNorm = 51.5402, GNorm = 2.8465, lr_0 = 1.2878e-05
Loss = 8.2667e-02, PNorm = 51.5407, GNorm = 1.9897, lr_0 = 1.2863e-05
Loss = 6.8101e-02, PNorm = 51.5411, GNorm = 2.5353, lr_0 = 1.2863e-05
Loss = 6.5196e-02, PNorm = 51.5414, GNorm = 2.1989, lr_0 = 1.2863e-05
Loss = 7.6179e-02, PNorm = 51.5415, GNorm = 2.5888, lr_0 = 1.2863e-05
Loss = 7.5255e-02, PNorm = 51.5417, GNorm = 4.0552, lr_0 = 1.2863e-05
Validation rmse = 35.178955
Model 0 best validation rmse = 35.178955 on epoch 49
Loading pretrained parameter "encoder.encoder.0.cached_zero_vector".
Loading pretrained parameter "encoder.encoder.0.W_i.weight".
Loading pretrained parameter "encoder.encoder.0.W_h.weight".
Loading pretrained parameter "encoder.encoder.0.W_o.weight".
Loading pretrained parameter "encoder.encoder.0.W_o.bias".
Loading pretrained parameter "encoder.encoder.1.cached_zero_vector".
Loading pretrained parameter "encoder.encoder.1.W_i.weight".
Loading pretrained parameter "encoder.encoder.1.W_h.weight".
Loading pretrained parameter "encoder.encoder.1.W_o.weight".
Loading pretrained parameter "encoder.encoder.1.W_o.bias".
Loading pretrained parameter "ffn.1.weight".
Loading pretrained parameter "ffn.1.bias".
Loading pretrained parameter "ffn.4.weight".
Loading pretrained parameter "ffn.4.bias".
Moving model to cuda
Model 0 test rmse = 31.694279
Ensemble test rmse = 31.694279
1-fold cross validation
	Seed 0 ==> test rmse = 31.694279
Overall test rmse = 31.694279 +/- 0.000000
Elapsed time = 0:36:27
