Command line
python /home/kpg/chemprop/train.py --data_path ../../../data/splits/lambda_max_abs/deep4chem/group_by_smiles/smiles_target_train.csv --dataset_type regression --save_dir /home/kimele03/uvvisml/uvvisml/models/quantum_yield_checkpoints/group_by_smiles/results/507327/49670131 --config_path /home/kimele03/uvvisml/uvvisml/models/quantum_yield_checkpoints/group_by_smiles/results/507327/49670131/hyperopt.json --metric rmse --epochs 50 --gpu 0 --ensemble_size 1 --separate_val_path ../../../data/splits/lambda_max_abs/deep4chem/group_by_smiles/smiles_target_val.csv --separate_test_path ../../../data/splits/lambda_max_abs/deep4chem/group_by_smiles/smiles_target_test.csv --number_of_molecules 2
Args
{'activation': 'ReLU',
 'aggregation': 'mean',
 'aggregation_norm': 100,
 'atom_descriptor_scaling': True,
 'atom_descriptors': None,
 'atom_descriptors_path': None,
 'atom_descriptors_size': 0,
 'atom_features_size': 0,
 'atom_messages': False,
 'batch_size': 81,
 'bias': False,
 'bond_feature_scaling': True,
 'bond_features_path': None,
 'bond_features_size': 0,
 'cache_cutoff': 10000,
 'checkpoint_dir': None,
 'checkpoint_frzn': None,
 'checkpoint_path': None,
 'checkpoint_paths': None,
 'class_balance': False,
 'config_path': '/home/kimele03/uvvisml/uvvisml/models/quantum_yield_checkpoints/group_by_smiles/results/507327/49670131/hyperopt.json',
 'crossval_index_dir': None,
 'crossval_index_file': None,
 'crossval_index_sets': None,
 'cuda': True,
 'data_path': '../../../data/splits/lambda_max_abs/deep4chem/group_by_smiles/smiles_target_train.csv',
 'data_weights_path': None,
 'dataset_type': 'regression',
 'depth': 5,
 'device': device(type='cuda', index=0),
 'dropout': 0.06983450168088091,
 'empty_cache': False,
 'ensemble_size': 1,
 'epochs': 50,
 'explicit_h': False,
 'extra_metrics': [],
 'features_generator': None,
 'features_only': False,
 'features_path': None,
 'features_scaling': True,
 'features_size': None,
 'ffn_hidden_size': 991,
 'ffn_num_layers': 2,
 'final_lr': 1.366946036398974e-05,
 'folds_file': None,
 'freeze_first_only': False,
 'frzn_ffn_layers': 0,
 'gpu': 0,
 'grad_clip': None,
 'hidden_size': 2155,
 'ignore_columns': None,
 'init_lr': 5.416235471020634e-06,
 'log_frequency': 10,
 'max_data_size': None,
 'max_lr': 0.000876722356658105,
 'metric': 'rmse',
 'metrics': ['rmse'],
 'minimize_score': True,
 'mpn_shared': False,
 'multiclass_num_classes': 3,
 'no_atom_descriptor_scaling': False,
 'no_bond_features_scaling': False,
 'no_cache_mol': False,
 'no_cuda': False,
 'no_features_scaling': False,
 'num_folds': 1,
 'num_lrs': 1,
 'num_tasks': 1,
 'num_workers': 8,
 'number_of_molecules': 2,
 'overwrite_default_atom_features': False,
 'overwrite_default_bond_features': False,
 'pytorch_seed': 0,
 'quiet': False,
 'reaction': False,
 'reaction_mode': 'reac_diff',
 'resume_experiment': False,
 'save_dir': '/home/kimele03/uvvisml/uvvisml/models/quantum_yield_checkpoints/group_by_smiles/results/507327/49670131',
 'save_preds': False,
 'save_smiles_splits': False,
 'seed': 0,
 'separate_test_atom_descriptors_path': None,
 'separate_test_bond_features_path': None,
 'separate_test_features_path': None,
 'separate_test_path': '../../../data/splits/lambda_max_abs/deep4chem/group_by_smiles/smiles_target_test.csv',
 'separate_val_atom_descriptors_path': None,
 'separate_val_bond_features_path': None,
 'separate_val_features_path': None,
 'separate_val_path': '../../../data/splits/lambda_max_abs/deep4chem/group_by_smiles/smiles_target_val.csv',
 'show_individual_scores': False,
 'smiles_columns': ['smiles', 'solvent'],
 'split_sizes': (0.8, 0.1, 0.1),
 'split_type': 'random',
 'target_columns': None,
 'target_weights': None,
 'task_names': ['peakwavs_max'],
 'test': False,
 'test_fold_index': None,
 'train_data_size': None,
 'undirected': False,
 'use_input_features': False,
 'val_fold_index': None,
 'warmup_epochs': 5}
Loading data
Number of tasks = 1
Fold 0
Splitting data with seed 0
Total size = 13,242 | train size = 13,242 | val size = 1,633 | test size = 1,710
Fitting scaler
Building model 0
MoleculeModel(
  (encoder): MPN(
    (encoder): ModuleList(
      (0): MPNEncoder(
        (dropout_layer): Dropout(p=0.06983450168088091, inplace=False)
        (act_func): ReLU()
        (W_i): Linear(in_features=147, out_features=2155, bias=False)
        (W_h): Linear(in_features=2155, out_features=2155, bias=False)
        (W_o): Linear(in_features=2288, out_features=2155, bias=True)
      )
      (1): MPNEncoder(
        (dropout_layer): Dropout(p=0.06983450168088091, inplace=False)
        (act_func): ReLU()
        (W_i): Linear(in_features=147, out_features=2155, bias=False)
        (W_h): Linear(in_features=2155, out_features=2155, bias=False)
        (W_o): Linear(in_features=2288, out_features=2155, bias=True)
      )
    )
  )
  (ffn): Sequential(
    (0): Dropout(p=0.06983450168088091, inplace=False)
    (1): Linear(in_features=4310, out_features=991, bias=True)
    (2): ReLU()
    (3): Dropout(p=0.06983450168088091, inplace=False)
    (4): Linear(in_features=991, out_features=1, bias=True)
  )
)
Number of parameters = 24,064,713
Moving model to cuda
Epoch 0
Loss = 1.1192e+00, PNorm = 104.4893, GNorm = 9.6110, lr_0 = 1.7176e-05
Loss = 8.0979e-01, PNorm = 104.4901, GNorm = 2.5942, lr_0 = 2.7867e-05
Loss = 7.6829e-01, PNorm = 104.4915, GNorm = 2.6619, lr_0 = 3.8558e-05
Loss = 1.0437e+00, PNorm = 104.4934, GNorm = 3.2538, lr_0 = 4.9249e-05
Loss = 8.1719e-01, PNorm = 104.4964, GNorm = 5.4807, lr_0 = 5.9940e-05
Loss = 6.2149e-01, PNorm = 104.5005, GNorm = 7.6338, lr_0 = 7.0631e-05
Loss = 7.0920e-01, PNorm = 104.5057, GNorm = 9.3185, lr_0 = 8.1321e-05
Loss = 7.1863e-01, PNorm = 104.5116, GNorm = 16.0043, lr_0 = 9.2012e-05
Loss = 7.0697e-01, PNorm = 104.5209, GNorm = 3.3675, lr_0 = 1.0270e-04
Loss = 6.6157e-01, PNorm = 104.5315, GNorm = 6.0553, lr_0 = 1.1339e-04
Loss = 5.0509e-01, PNorm = 104.5440, GNorm = 2.7299, lr_0 = 1.2408e-04
Loss = 8.3138e-01, PNorm = 104.5573, GNorm = 26.5140, lr_0 = 1.3478e-04
Loss = 7.6665e-01, PNorm = 104.5727, GNorm = 4.1938, lr_0 = 1.4547e-04
Loss = 6.3575e-01, PNorm = 104.5917, GNorm = 1.9336, lr_0 = 1.5616e-04
Loss = 5.9470e-01, PNorm = 104.6106, GNorm = 3.6760, lr_0 = 1.6685e-04
Loss = 4.1429e-01, PNorm = 104.6294, GNorm = 5.0516, lr_0 = 1.7754e-04
Validation rmse = 82.197586
Epoch 1
Loss = 5.9788e-01, PNorm = 104.6528, GNorm = 7.5152, lr_0 = 1.8930e-04
Loss = 6.4055e-01, PNorm = 104.6752, GNorm = 14.6511, lr_0 = 1.9999e-04
Loss = 5.7686e-01, PNorm = 104.7051, GNorm = 6.8552, lr_0 = 2.1068e-04
Loss = 3.9211e-01, PNorm = 104.7349, GNorm = 7.0207, lr_0 = 2.2137e-04
Loss = 4.7555e-01, PNorm = 104.7584, GNorm = 4.0814, lr_0 = 2.3206e-04
Loss = 3.7019e-01, PNorm = 104.7844, GNorm = 6.9567, lr_0 = 2.4275e-04
Loss = 3.8555e-01, PNorm = 104.8101, GNorm = 2.2711, lr_0 = 2.5344e-04
Loss = 3.4045e-01, PNorm = 104.8345, GNorm = 4.6773, lr_0 = 2.6414e-04
Loss = 3.3559e-01, PNorm = 104.8632, GNorm = 1.6443, lr_0 = 2.7483e-04
Loss = 6.0978e-01, PNorm = 104.9017, GNorm = 3.0094, lr_0 = 2.8552e-04
Loss = 4.6925e-01, PNorm = 104.9629, GNorm = 6.7260, lr_0 = 2.9621e-04
Loss = 4.2177e-01, PNorm = 105.0163, GNorm = 4.8562, lr_0 = 3.0690e-04
Loss = 4.0233e-01, PNorm = 105.0559, GNorm = 6.2873, lr_0 = 3.1759e-04
Loss = 3.4399e-01, PNorm = 105.0887, GNorm = 2.2550, lr_0 = 3.2828e-04
Loss = 3.7918e-01, PNorm = 105.1205, GNorm = 4.5769, lr_0 = 3.3897e-04
Loss = 3.4313e-01, PNorm = 105.1546, GNorm = 3.4679, lr_0 = 3.4966e-04
Validation rmse = 61.182042
Epoch 2
Loss = 3.3060e-01, PNorm = 105.1899, GNorm = 5.7631, lr_0 = 3.6142e-04
Loss = 2.9059e-01, PNorm = 105.2189, GNorm = 3.5036, lr_0 = 3.7211e-04
Loss = 2.6772e-01, PNorm = 105.2477, GNorm = 11.2254, lr_0 = 3.8280e-04
Loss = 2.8281e-01, PNorm = 105.2826, GNorm = 4.8206, lr_0 = 3.9349e-04
Loss = 2.7554e-01, PNorm = 105.3173, GNorm = 4.4788, lr_0 = 4.0419e-04
Loss = 2.8746e-01, PNorm = 105.3614, GNorm = 2.4025, lr_0 = 4.1488e-04
Loss = 2.6403e-01, PNorm = 105.4022, GNorm = 3.4947, lr_0 = 4.2557e-04
Loss = 2.8044e-01, PNorm = 105.4502, GNorm = 2.2097, lr_0 = 4.3626e-04
Loss = 2.5794e-01, PNorm = 105.4957, GNorm = 4.0169, lr_0 = 4.4695e-04
Loss = 2.6886e-01, PNorm = 105.5546, GNorm = 7.0797, lr_0 = 4.5764e-04
Loss = 3.0751e-01, PNorm = 105.6103, GNorm = 7.7348, lr_0 = 4.6833e-04
Loss = 3.2918e-01, PNorm = 105.6668, GNorm = 1.9092, lr_0 = 4.7902e-04
Loss = 2.9921e-01, PNorm = 105.7218, GNorm = 6.7000, lr_0 = 4.8971e-04
Loss = 2.9062e-01, PNorm = 105.7873, GNorm = 1.9708, lr_0 = 5.0040e-04
Loss = 2.3754e-01, PNorm = 105.8394, GNorm = 0.9194, lr_0 = 5.1109e-04
Loss = 2.5560e-01, PNorm = 105.8908, GNorm = 6.5929, lr_0 = 5.2179e-04
Loss = 2.4015e-01, PNorm = 105.9593, GNorm = 2.8242, lr_0 = 5.3248e-04
Validation rmse = 62.745303
Epoch 3
Loss = 2.8410e-01, PNorm = 106.0307, GNorm = 2.5102, lr_0 = 5.4317e-04
Loss = 2.2700e-01, PNorm = 106.1077, GNorm = 3.2328, lr_0 = 5.5386e-04
Loss = 2.0795e-01, PNorm = 106.1797, GNorm = 1.9249, lr_0 = 5.6455e-04
Loss = 2.0955e-01, PNorm = 106.2394, GNorm = 1.5511, lr_0 = 5.7524e-04
Loss = 2.1709e-01, PNorm = 106.3053, GNorm = 0.9980, lr_0 = 5.8593e-04
Loss = 2.1319e-01, PNorm = 106.3873, GNorm = 6.1343, lr_0 = 5.9662e-04
Loss = 2.2532e-01, PNorm = 106.4694, GNorm = 3.3407, lr_0 = 6.0731e-04
Loss = 1.8769e-01, PNorm = 106.5581, GNorm = 5.6275, lr_0 = 6.1800e-04
Loss = 2.0250e-01, PNorm = 106.6431, GNorm = 3.8472, lr_0 = 6.2869e-04
Loss = 1.5652e-01, PNorm = 106.7159, GNorm = 1.2502, lr_0 = 6.3938e-04
Loss = 1.9334e-01, PNorm = 106.7890, GNorm = 3.1977, lr_0 = 6.5008e-04
Loss = 1.8072e-01, PNorm = 106.8636, GNorm = 3.5093, lr_0 = 6.6077e-04
Loss = 1.7272e-01, PNorm = 106.9428, GNorm = 2.0153, lr_0 = 6.7146e-04
Loss = 1.7173e-01, PNorm = 107.0268, GNorm = 1.3386, lr_0 = 6.8215e-04
Loss = 1.9450e-01, PNorm = 107.0979, GNorm = 1.5734, lr_0 = 6.9284e-04
Loss = 2.7572e-01, PNorm = 107.1966, GNorm = 1.8098, lr_0 = 7.0353e-04
Validation rmse = 65.112946
Epoch 4
Loss = 2.6914e-01, PNorm = 107.3571, GNorm = 2.0332, lr_0 = 7.1529e-04
Loss = 2.1079e-01, PNorm = 107.4974, GNorm = 2.3713, lr_0 = 7.2598e-04
Loss = 1.6970e-01, PNorm = 107.6074, GNorm = 1.2973, lr_0 = 7.3667e-04
Loss = 1.9751e-01, PNorm = 107.7097, GNorm = 0.8206, lr_0 = 7.4736e-04
Loss = 1.8310e-01, PNorm = 107.8069, GNorm = 1.1097, lr_0 = 7.5805e-04
Loss = 2.1632e-01, PNorm = 107.9108, GNorm = 0.8493, lr_0 = 7.6874e-04
Loss = 1.9061e-01, PNorm = 108.0163, GNorm = 1.6259, lr_0 = 7.7944e-04
Loss = 1.5424e-01, PNorm = 108.1120, GNorm = 2.9758, lr_0 = 7.9013e-04
Loss = 1.3076e-01, PNorm = 108.2060, GNorm = 1.0549, lr_0 = 8.0082e-04
Loss = 1.5263e-01, PNorm = 108.2903, GNorm = 1.0337, lr_0 = 8.1151e-04
Loss = 1.5535e-01, PNorm = 108.3765, GNorm = 1.6168, lr_0 = 8.2220e-04
Loss = 1.4836e-01, PNorm = 108.4544, GNorm = 6.1836, lr_0 = 8.3289e-04
Loss = 1.2442e-01, PNorm = 108.5620, GNorm = 0.8909, lr_0 = 8.4358e-04
Loss = 1.4392e-01, PNorm = 108.6608, GNorm = 0.6005, lr_0 = 8.5427e-04
Loss = 1.4872e-01, PNorm = 108.7594, GNorm = 1.3087, lr_0 = 8.6496e-04
Loss = 1.2334e-01, PNorm = 108.8602, GNorm = 0.5160, lr_0 = 8.7565e-04
Validation rmse = 43.605607
Epoch 5
Loss = 1.3851e-01, PNorm = 108.9404, GNorm = 3.6250, lr_0 = 8.7226e-04
Loss = 1.3257e-01, PNorm = 109.0323, GNorm = 1.4105, lr_0 = 8.6732e-04
Loss = 1.3939e-01, PNorm = 109.1255, GNorm = 2.9217, lr_0 = 8.6242e-04
Loss = 1.4072e-01, PNorm = 109.2196, GNorm = 1.0994, lr_0 = 8.5754e-04
Loss = 1.3300e-01, PNorm = 109.3044, GNorm = 1.9626, lr_0 = 8.5269e-04
Loss = 1.2614e-01, PNorm = 109.4091, GNorm = 0.8727, lr_0 = 8.4786e-04
Loss = 1.2939e-01, PNorm = 109.4977, GNorm = 2.3641, lr_0 = 8.4307e-04
Loss = 1.2612e-01, PNorm = 109.5938, GNorm = 2.3267, lr_0 = 8.3830e-04
Loss = 1.4160e-01, PNorm = 109.6858, GNorm = 0.9580, lr_0 = 8.3356e-04
Loss = 1.2392e-01, PNorm = 109.7862, GNorm = 0.5899, lr_0 = 8.2884e-04
Loss = 1.2586e-01, PNorm = 109.8781, GNorm = 1.7540, lr_0 = 8.2415e-04
Loss = 1.1184e-01, PNorm = 109.9538, GNorm = 0.5882, lr_0 = 8.1949e-04
Loss = 1.1856e-01, PNorm = 110.0353, GNorm = 1.1696, lr_0 = 8.1486e-04
Loss = 1.2514e-01, PNorm = 110.1402, GNorm = 0.9122, lr_0 = 8.1025e-04
Loss = 9.0122e-02, PNorm = 110.2245, GNorm = 0.9268, lr_0 = 8.0566e-04
Loss = 8.7046e-02, PNorm = 110.2914, GNorm = 0.8187, lr_0 = 8.0111e-04
Loss = 1.0044e-01, PNorm = 110.3679, GNorm = 1.0146, lr_0 = 7.9657e-04
Loss = 9.3282e-02, PNorm = 110.3767, GNorm = 1.4997, lr_0 = 7.9612e-04
Validation rmse = 39.234789
Epoch 6
Loss = 8.0999e-02, PNorm = 110.4622, GNorm = 0.4816, lr_0 = 7.9162e-04
Loss = 7.5514e-02, PNorm = 110.5289, GNorm = 1.6996, lr_0 = 7.8714e-04
Loss = 8.2628e-02, PNorm = 110.5831, GNorm = 0.8257, lr_0 = 7.8269e-04
Loss = 7.9681e-02, PNorm = 110.6430, GNorm = 0.5437, lr_0 = 7.7826e-04
Loss = 9.9812e-02, PNorm = 110.6953, GNorm = 0.7713, lr_0 = 7.7386e-04
Loss = 7.7843e-02, PNorm = 110.7490, GNorm = 0.5425, lr_0 = 7.6948e-04
Loss = 8.1706e-02, PNorm = 110.8138, GNorm = 0.7329, lr_0 = 7.6513e-04
Loss = 8.0834e-02, PNorm = 110.8753, GNorm = 0.5456, lr_0 = 7.6080e-04
Loss = 8.3219e-02, PNorm = 110.9340, GNorm = 0.9912, lr_0 = 7.5650e-04
Loss = 8.1764e-02, PNorm = 111.0175, GNorm = 0.8556, lr_0 = 7.5222e-04
Loss = 9.5415e-02, PNorm = 111.0947, GNorm = 0.5502, lr_0 = 7.4796e-04
Loss = 7.7218e-02, PNorm = 111.1719, GNorm = 1.3727, lr_0 = 7.4373e-04
Loss = 9.0031e-02, PNorm = 111.2374, GNorm = 1.3057, lr_0 = 7.3952e-04
Loss = 1.0995e-01, PNorm = 111.3066, GNorm = 2.4076, lr_0 = 7.3534e-04
Loss = 9.5521e-02, PNorm = 111.3748, GNorm = 0.4119, lr_0 = 7.3118e-04
Loss = 7.3902e-02, PNorm = 111.4384, GNorm = 0.9059, lr_0 = 7.2704e-04
Validation rmse = 37.252053
Epoch 7
Loss = 6.6838e-02, PNorm = 111.4888, GNorm = 0.3629, lr_0 = 7.2293e-04
Loss = 7.1842e-02, PNorm = 111.5335, GNorm = 0.8629, lr_0 = 7.1884e-04
Loss = 8.3721e-02, PNorm = 111.5893, GNorm = 1.0026, lr_0 = 7.1478e-04
Loss = 6.3656e-02, PNorm = 111.6353, GNorm = 0.4154, lr_0 = 7.1073e-04
Loss = 6.9369e-02, PNorm = 111.6769, GNorm = 0.4256, lr_0 = 7.0671e-04
Loss = 6.8163e-02, PNorm = 111.7188, GNorm = 1.3199, lr_0 = 7.0271e-04
Loss = 9.3213e-02, PNorm = 111.7803, GNorm = 1.9913, lr_0 = 6.9874e-04
Loss = 7.0587e-02, PNorm = 111.8257, GNorm = 0.7041, lr_0 = 6.9479e-04
Loss = 6.2207e-02, PNorm = 111.8721, GNorm = 0.6091, lr_0 = 6.9086e-04
Loss = 6.9748e-02, PNorm = 111.9258, GNorm = 0.9953, lr_0 = 6.8695e-04
Loss = 7.9774e-02, PNorm = 111.9845, GNorm = 0.5609, lr_0 = 6.8306e-04
Loss = 7.1766e-02, PNorm = 112.0437, GNorm = 0.7618, lr_0 = 6.7920e-04
Loss = 7.1046e-02, PNorm = 112.0961, GNorm = 1.0965, lr_0 = 6.7536e-04
Loss = 5.3985e-02, PNorm = 112.1405, GNorm = 0.3582, lr_0 = 6.7154e-04
Loss = 7.9986e-02, PNorm = 112.1851, GNorm = 0.5705, lr_0 = 6.6774e-04
Loss = 6.4530e-02, PNorm = 112.2408, GNorm = 0.9160, lr_0 = 6.6396e-04
Validation rmse = 35.517481
Epoch 8
Loss = 4.8446e-02, PNorm = 112.2965, GNorm = 0.6416, lr_0 = 6.5983e-04
Loss = 5.6117e-02, PNorm = 112.3323, GNorm = 1.0582, lr_0 = 6.5610e-04
Loss = 5.4019e-02, PNorm = 112.3653, GNorm = 0.7007, lr_0 = 6.5239e-04
Loss = 5.1697e-02, PNorm = 112.4000, GNorm = 0.4991, lr_0 = 6.4870e-04
Loss = 5.3594e-02, PNorm = 112.4314, GNorm = 0.6101, lr_0 = 6.4503e-04
Loss = 6.0511e-02, PNorm = 112.4717, GNorm = 1.0167, lr_0 = 6.4138e-04
Loss = 6.1997e-02, PNorm = 112.5110, GNorm = 0.8003, lr_0 = 6.3775e-04
Loss = 6.9510e-02, PNorm = 112.5494, GNorm = 0.8858, lr_0 = 6.3414e-04
Loss = 6.0707e-02, PNorm = 112.5846, GNorm = 0.4517, lr_0 = 6.3055e-04
Loss = 5.2097e-02, PNorm = 112.6246, GNorm = 0.4464, lr_0 = 6.2699e-04
Loss = 5.9729e-02, PNorm = 112.6581, GNorm = 0.5578, lr_0 = 6.2344e-04
Loss = 4.7154e-02, PNorm = 112.6949, GNorm = 0.5391, lr_0 = 6.1991e-04
Loss = 5.1550e-02, PNorm = 112.7307, GNorm = 0.7452, lr_0 = 6.1641e-04
Loss = 5.4268e-02, PNorm = 112.7660, GNorm = 0.4190, lr_0 = 6.1292e-04
Loss = 5.8907e-02, PNorm = 112.7996, GNorm = 0.4800, lr_0 = 6.0945e-04
Loss = 5.3005e-02, PNorm = 112.8418, GNorm = 1.3110, lr_0 = 6.0601e-04
Loss = 6.0519e-02, PNorm = 112.8802, GNorm = 1.3564, lr_0 = 6.0258e-04
Validation rmse = 34.585784
Epoch 9
Loss = 4.6574e-02, PNorm = 112.9239, GNorm = 0.7393, lr_0 = 5.9917e-04
Loss = 4.6890e-02, PNorm = 112.9577, GNorm = 0.6312, lr_0 = 5.9578e-04
Loss = 5.0484e-02, PNorm = 112.9936, GNorm = 0.4843, lr_0 = 5.9241e-04
Loss = 4.7178e-02, PNorm = 113.0278, GNorm = 0.7854, lr_0 = 5.8906e-04
Loss = 5.3443e-02, PNorm = 113.0627, GNorm = 0.7937, lr_0 = 5.8573e-04
Loss = 4.7375e-02, PNorm = 113.0895, GNorm = 0.4951, lr_0 = 5.8241e-04
Loss = 5.0175e-02, PNorm = 113.1226, GNorm = 0.7821, lr_0 = 5.7912e-04
Loss = 5.0465e-02, PNorm = 113.1618, GNorm = 0.4012, lr_0 = 5.7584e-04
Loss = 5.6038e-02, PNorm = 113.1974, GNorm = 1.1918, lr_0 = 5.7258e-04
Loss = 4.1301e-02, PNorm = 113.2314, GNorm = 0.9525, lr_0 = 5.6935e-04
Loss = 4.2352e-02, PNorm = 113.2602, GNorm = 0.5344, lr_0 = 5.6612e-04
Loss = 5.7104e-02, PNorm = 113.2939, GNorm = 0.5296, lr_0 = 5.6292e-04
Loss = 4.5134e-02, PNorm = 113.3322, GNorm = 0.7580, lr_0 = 5.5974e-04
Loss = 5.6336e-02, PNorm = 113.3735, GNorm = 0.4557, lr_0 = 5.5657e-04
Loss = 5.2026e-02, PNorm = 113.4197, GNorm = 1.1215, lr_0 = 5.5342e-04
Loss = 5.3117e-02, PNorm = 113.4544, GNorm = 1.3012, lr_0 = 5.5029e-04
Validation rmse = 32.151579
Epoch 10
Loss = 4.4762e-02, PNorm = 113.4852, GNorm = 1.1217, lr_0 = 5.4687e-04
Loss = 4.3229e-02, PNorm = 113.5209, GNorm = 0.5527, lr_0 = 5.4378e-04
Loss = 4.1702e-02, PNorm = 113.5472, GNorm = 1.1981, lr_0 = 5.4070e-04
Loss = 3.5360e-02, PNorm = 113.5678, GNorm = 0.2949, lr_0 = 5.3764e-04
Loss = 3.5918e-02, PNorm = 113.5945, GNorm = 0.4402, lr_0 = 5.3460e-04
Loss = 4.2204e-02, PNorm = 113.6188, GNorm = 0.3839, lr_0 = 5.3158e-04
Loss = 3.6726e-02, PNorm = 113.6449, GNorm = 0.2991, lr_0 = 5.2857e-04
Loss = 3.6486e-02, PNorm = 113.6655, GNorm = 0.8102, lr_0 = 5.2558e-04
Loss = 4.8712e-02, PNorm = 113.6917, GNorm = 0.4665, lr_0 = 5.2261e-04
Loss = 6.0701e-02, PNorm = 113.7207, GNorm = 0.7094, lr_0 = 5.1965e-04
Loss = 5.0080e-02, PNorm = 113.7625, GNorm = 1.3937, lr_0 = 5.1671e-04
Loss = 4.7169e-02, PNorm = 113.8000, GNorm = 0.6966, lr_0 = 5.1379e-04
Loss = 4.4986e-02, PNorm = 113.8290, GNorm = 0.4965, lr_0 = 5.1088e-04
Loss = 4.6989e-02, PNorm = 113.8632, GNorm = 0.7760, lr_0 = 5.0799e-04
Loss = 4.3763e-02, PNorm = 113.8994, GNorm = 0.3272, lr_0 = 5.0512e-04
Loss = 4.4181e-02, PNorm = 113.9304, GNorm = 0.6038, lr_0 = 5.0226e-04
Validation rmse = 30.260743
Epoch 11
Loss = 5.0304e-02, PNorm = 113.9571, GNorm = 0.6602, lr_0 = 4.9942e-04
Loss = 3.2994e-02, PNorm = 113.9809, GNorm = 0.4040, lr_0 = 4.9659e-04
Loss = 4.0178e-02, PNorm = 114.0059, GNorm = 0.7203, lr_0 = 4.9378e-04
Loss = 3.8548e-02, PNorm = 114.0404, GNorm = 0.3737, lr_0 = 4.9099e-04
Loss = 4.0685e-02, PNorm = 114.0707, GNorm = 0.7798, lr_0 = 4.8821e-04
Loss = 3.0353e-02, PNorm = 114.0955, GNorm = 0.3241, lr_0 = 4.8545e-04
Loss = 3.9084e-02, PNorm = 114.1106, GNorm = 0.7509, lr_0 = 4.8271e-04
Loss = 3.8968e-02, PNorm = 114.1254, GNorm = 1.3351, lr_0 = 4.7998e-04
Loss = 3.7732e-02, PNorm = 114.1472, GNorm = 0.5133, lr_0 = 4.7726e-04
Loss = 4.3491e-02, PNorm = 114.1750, GNorm = 0.3282, lr_0 = 4.7456e-04
Loss = 3.6736e-02, PNorm = 114.2033, GNorm = 0.3820, lr_0 = 4.7188e-04
Loss = 3.8316e-02, PNorm = 114.2289, GNorm = 0.5409, lr_0 = 4.6921e-04
Loss = 3.9007e-02, PNorm = 114.2581, GNorm = 0.4757, lr_0 = 4.6655e-04
Loss = 3.4327e-02, PNorm = 114.2822, GNorm = 0.4983, lr_0 = 4.6391e-04
Loss = 2.8618e-02, PNorm = 114.3059, GNorm = 0.6110, lr_0 = 4.6129e-04
Loss = 3.4632e-02, PNorm = 114.3331, GNorm = 0.4324, lr_0 = 4.5868e-04
Loss = 3.2716e-02, PNorm = 114.3506, GNorm = 0.3613, lr_0 = 4.5609e-04
Validation rmse = 31.086859
Epoch 12
Loss = 4.0559e-02, PNorm = 114.3676, GNorm = 0.7357, lr_0 = 4.5325e-04
Loss = 3.6418e-02, PNorm = 114.3879, GNorm = 0.2361, lr_0 = 4.5068e-04
Loss = 3.6598e-02, PNorm = 114.4186, GNorm = 0.9484, lr_0 = 4.4813e-04
Loss = 3.7830e-02, PNorm = 114.4511, GNorm = 0.3774, lr_0 = 4.4560e-04
Loss = 3.8611e-02, PNorm = 114.4748, GNorm = 0.5213, lr_0 = 4.4308e-04
Loss = 3.9069e-02, PNorm = 114.4995, GNorm = 0.5771, lr_0 = 4.4057e-04
Loss = 3.5298e-02, PNorm = 114.5192, GNorm = 0.8892, lr_0 = 4.3808e-04
Loss = 3.8519e-02, PNorm = 114.5430, GNorm = 1.2369, lr_0 = 4.3560e-04
Loss = 3.6467e-02, PNorm = 114.5687, GNorm = 0.4455, lr_0 = 4.3314e-04
Loss = 3.3547e-02, PNorm = 114.5950, GNorm = 0.3054, lr_0 = 4.3069e-04
Loss = 3.0530e-02, PNorm = 114.6167, GNorm = 0.3642, lr_0 = 4.2825e-04
Loss = 2.8831e-02, PNorm = 114.6355, GNorm = 0.2352, lr_0 = 4.2583e-04
Loss = 3.5050e-02, PNorm = 114.6590, GNorm = 0.5567, lr_0 = 4.2342e-04
Loss = 4.2196e-02, PNorm = 114.6827, GNorm = 0.4940, lr_0 = 4.2103e-04
Loss = 3.2872e-02, PNorm = 114.7050, GNorm = 0.3853, lr_0 = 4.1864e-04
Loss = 3.0118e-02, PNorm = 114.7277, GNorm = 0.4244, lr_0 = 4.1628e-04
Validation rmse = 31.435191
Epoch 13
Loss = 2.8775e-02, PNorm = 114.7492, GNorm = 0.2961, lr_0 = 4.1392e-04
Loss = 3.1329e-02, PNorm = 114.7704, GNorm = 0.9291, lr_0 = 4.1158e-04
Loss = 3.2074e-02, PNorm = 114.7857, GNorm = 0.4200, lr_0 = 4.0925e-04
Loss = 3.3162e-02, PNorm = 114.8028, GNorm = 0.4012, lr_0 = 4.0694e-04
Loss = 3.3529e-02, PNorm = 114.8252, GNorm = 0.8510, lr_0 = 4.0463e-04
Loss = 3.5144e-02, PNorm = 114.8458, GNorm = 0.3399, lr_0 = 4.0234e-04
Loss = 2.8167e-02, PNorm = 114.8598, GNorm = 0.6443, lr_0 = 4.0007e-04
Loss = 2.7447e-02, PNorm = 114.8780, GNorm = 0.4419, lr_0 = 3.9781e-04
Loss = 2.4068e-02, PNorm = 114.9000, GNorm = 0.4041, lr_0 = 3.9556e-04
Loss = 3.1355e-02, PNorm = 114.9213, GNorm = 0.3439, lr_0 = 3.9332e-04
Loss = 3.1886e-02, PNorm = 114.9375, GNorm = 0.4361, lr_0 = 3.9109e-04
Loss = 3.2069e-02, PNorm = 114.9614, GNorm = 0.5124, lr_0 = 3.8888e-04
Loss = 3.3173e-02, PNorm = 114.9829, GNorm = 0.3172, lr_0 = 3.8668e-04
Loss = 2.9555e-02, PNorm = 115.0008, GNorm = 0.6587, lr_0 = 3.8449e-04
Loss = 2.8104e-02, PNorm = 115.0204, GNorm = 0.4355, lr_0 = 3.8232e-04
Loss = 2.8529e-02, PNorm = 115.0386, GNorm = 0.3266, lr_0 = 3.8016e-04
Validation rmse = 31.242819
Epoch 14
Loss = 2.1735e-02, PNorm = 115.0567, GNorm = 0.2823, lr_0 = 3.7779e-04
Loss = 2.8171e-02, PNorm = 115.0743, GNorm = 0.3178, lr_0 = 3.7565e-04
Loss = 2.3606e-02, PNorm = 115.0903, GNorm = 0.4902, lr_0 = 3.7353e-04
Loss = 2.8352e-02, PNorm = 115.1097, GNorm = 0.4089, lr_0 = 3.7142e-04
Loss = 2.7366e-02, PNorm = 115.1261, GNorm = 0.2890, lr_0 = 3.6932e-04
Loss = 2.2913e-02, PNorm = 115.1384, GNorm = 0.6013, lr_0 = 3.6723e-04
Loss = 2.7263e-02, PNorm = 115.1503, GNorm = 0.4241, lr_0 = 3.6515e-04
Loss = 2.0745e-02, PNorm = 115.1649, GNorm = 0.3953, lr_0 = 3.6308e-04
Loss = 2.3874e-02, PNorm = 115.1797, GNorm = 0.3722, lr_0 = 3.6103e-04
Loss = 2.4749e-02, PNorm = 115.1940, GNorm = 0.4942, lr_0 = 3.5899e-04
Loss = 3.1490e-02, PNorm = 115.2073, GNorm = 0.3110, lr_0 = 3.5696e-04
Loss = 3.8121e-02, PNorm = 115.2268, GNorm = 0.5209, lr_0 = 3.5494e-04
Loss = 3.1080e-02, PNorm = 115.2466, GNorm = 0.3633, lr_0 = 3.5293e-04
Loss = 3.4288e-02, PNorm = 115.2710, GNorm = 0.4672, lr_0 = 3.5093e-04
Loss = 2.9509e-02, PNorm = 115.2845, GNorm = 0.2795, lr_0 = 3.4895e-04
Loss = 2.5175e-02, PNorm = 115.3019, GNorm = 0.5659, lr_0 = 3.4697e-04
Loss = 2.4304e-02, PNorm = 115.3215, GNorm = 0.5443, lr_0 = 3.4501e-04
Validation rmse = 30.441606
Epoch 15
Loss = 2.3975e-02, PNorm = 115.3364, GNorm = 0.3356, lr_0 = 3.4306e-04
Loss = 2.7147e-02, PNorm = 115.3504, GNorm = 0.4619, lr_0 = 3.4112e-04
Loss = 2.5462e-02, PNorm = 115.3684, GNorm = 0.4249, lr_0 = 3.3919e-04
Loss = 2.7345e-02, PNorm = 115.3805, GNorm = 0.4747, lr_0 = 3.3727e-04
Loss = 2.2012e-02, PNorm = 115.3975, GNorm = 0.3416, lr_0 = 3.3536e-04
Loss = 2.5934e-02, PNorm = 115.4108, GNorm = 0.7370, lr_0 = 3.3347e-04
Loss = 2.5252e-02, PNorm = 115.4277, GNorm = 0.4075, lr_0 = 3.3158e-04
Loss = 2.6198e-02, PNorm = 115.4412, GNorm = 0.3827, lr_0 = 3.2970e-04
Loss = 2.8102e-02, PNorm = 115.4583, GNorm = 0.4800, lr_0 = 3.2784e-04
Loss = 3.0441e-02, PNorm = 115.4743, GNorm = 0.3009, lr_0 = 3.2598e-04
Loss = 2.7399e-02, PNorm = 115.4919, GNorm = 0.2358, lr_0 = 3.2414e-04
Loss = 2.6276e-02, PNorm = 115.5028, GNorm = 0.2688, lr_0 = 3.2231e-04
Loss = 2.5187e-02, PNorm = 115.5116, GNorm = 0.4954, lr_0 = 3.2048e-04
Loss = 2.4975e-02, PNorm = 115.5285, GNorm = 0.2336, lr_0 = 3.1867e-04
Loss = 2.0268e-02, PNorm = 115.5457, GNorm = 0.4353, lr_0 = 3.1687e-04
Loss = 2.5892e-02, PNorm = 115.5554, GNorm = 0.2388, lr_0 = 3.1507e-04
Validation rmse = 29.572330
Epoch 16
Loss = 2.3635e-02, PNorm = 115.5662, GNorm = 0.5353, lr_0 = 3.1311e-04
Loss = 2.1955e-02, PNorm = 115.5801, GNorm = 0.1823, lr_0 = 3.1134e-04
Loss = 2.3522e-02, PNorm = 115.5929, GNorm = 0.4533, lr_0 = 3.0958e-04
Loss = 2.5618e-02, PNorm = 115.6056, GNorm = 0.9541, lr_0 = 3.0783e-04
Loss = 2.5815e-02, PNorm = 115.6206, GNorm = 0.3879, lr_0 = 3.0609e-04
Loss = 2.6904e-02, PNorm = 115.6358, GNorm = 0.5934, lr_0 = 3.0436e-04
Loss = 2.1402e-02, PNorm = 115.6475, GNorm = 0.2620, lr_0 = 3.0264e-04
Loss = 2.4308e-02, PNorm = 115.6594, GNorm = 0.2353, lr_0 = 3.0092e-04
Loss = 2.3952e-02, PNorm = 115.6727, GNorm = 0.3602, lr_0 = 2.9922e-04
Loss = 2.6430e-02, PNorm = 115.6864, GNorm = 0.3913, lr_0 = 2.9753e-04
Loss = 2.1984e-02, PNorm = 115.6974, GNorm = 0.3145, lr_0 = 2.9585e-04
Loss = 2.2005e-02, PNorm = 115.7086, GNorm = 0.2696, lr_0 = 2.9417e-04
Loss = 2.4862e-02, PNorm = 115.7189, GNorm = 0.2814, lr_0 = 2.9251e-04
Loss = 2.5878e-02, PNorm = 115.7378, GNorm = 0.2192, lr_0 = 2.9085e-04
Loss = 2.0937e-02, PNorm = 115.7513, GNorm = 0.3344, lr_0 = 2.8921e-04
Loss = 2.4843e-02, PNorm = 115.7603, GNorm = 0.2224, lr_0 = 2.8757e-04
Validation rmse = 29.727912
Epoch 17
Loss = 2.7937e-02, PNorm = 115.7716, GNorm = 0.3840, lr_0 = 2.8595e-04
Loss = 2.0172e-02, PNorm = 115.7848, GNorm = 0.1941, lr_0 = 2.8433e-04
Loss = 1.9898e-02, PNorm = 115.7967, GNorm = 0.3705, lr_0 = 2.8272e-04
Loss = 1.9657e-02, PNorm = 115.8062, GNorm = 0.2759, lr_0 = 2.8112e-04
Loss = 2.3840e-02, PNorm = 115.8137, GNorm = 0.6298, lr_0 = 2.7953e-04
Loss = 2.2289e-02, PNorm = 115.8247, GNorm = 0.4034, lr_0 = 2.7795e-04
Loss = 2.1257e-02, PNorm = 115.8348, GNorm = 0.5381, lr_0 = 2.7638e-04
Loss = 1.9663e-02, PNorm = 115.8451, GNorm = 0.3117, lr_0 = 2.7481e-04
Loss = 2.1472e-02, PNorm = 115.8584, GNorm = 0.2695, lr_0 = 2.7326e-04
Loss = 2.2841e-02, PNorm = 115.8719, GNorm = 0.4331, lr_0 = 2.7171e-04
Loss = 2.0873e-02, PNorm = 115.8838, GNorm = 0.2506, lr_0 = 2.7018e-04
Loss = 1.9500e-02, PNorm = 115.8937, GNorm = 0.2868, lr_0 = 2.6865e-04
Loss = 2.2829e-02, PNorm = 115.9038, GNorm = 0.3493, lr_0 = 2.6713e-04
Loss = 2.2081e-02, PNorm = 115.9146, GNorm = 0.2284, lr_0 = 2.6562e-04
Loss = 2.3144e-02, PNorm = 115.9288, GNorm = 0.5129, lr_0 = 2.6412e-04
Loss = 2.5714e-02, PNorm = 115.9451, GNorm = 0.2596, lr_0 = 2.6262e-04
Loss = 2.6522e-02, PNorm = 115.9582, GNorm = 0.3746, lr_0 = 2.6114e-04
Validation rmse = 29.458275
Epoch 18
Loss = 1.9317e-02, PNorm = 115.9741, GNorm = 0.2904, lr_0 = 2.5951e-04
Loss = 2.0342e-02, PNorm = 115.9881, GNorm = 0.4569, lr_0 = 2.5804e-04
Loss = 1.6481e-02, PNorm = 115.9991, GNorm = 0.3009, lr_0 = 2.5658e-04
Loss = 2.3118e-02, PNorm = 116.0089, GNorm = 0.3935, lr_0 = 2.5513e-04
Loss = 1.7811e-02, PNorm = 116.0188, GNorm = 0.2312, lr_0 = 2.5369e-04
Loss = 2.0309e-02, PNorm = 116.0288, GNorm = 0.3027, lr_0 = 2.5225e-04
Loss = 2.2900e-02, PNorm = 116.0361, GNorm = 0.4882, lr_0 = 2.5083e-04
Loss = 2.1622e-02, PNorm = 116.0450, GNorm = 0.5432, lr_0 = 2.4941e-04
Loss = 1.8063e-02, PNorm = 116.0556, GNorm = 0.2347, lr_0 = 2.4800e-04
Loss = 2.0726e-02, PNorm = 116.0673, GNorm = 0.2311, lr_0 = 2.4659e-04
Loss = 2.1141e-02, PNorm = 116.0779, GNorm = 0.1887, lr_0 = 2.4520e-04
Loss = 2.1484e-02, PNorm = 116.0889, GNorm = 0.4816, lr_0 = 2.4381e-04
Loss = 2.2778e-02, PNorm = 116.1004, GNorm = 0.5295, lr_0 = 2.4243e-04
Loss = 1.7690e-02, PNorm = 116.1109, GNorm = 0.1753, lr_0 = 2.4106e-04
Loss = 1.9640e-02, PNorm = 116.1222, GNorm = 0.2235, lr_0 = 2.3970e-04
Loss = 2.3469e-02, PNorm = 116.1321, GNorm = 0.2334, lr_0 = 2.3834e-04
Validation rmse = 29.629408
Epoch 19
Loss = 1.5586e-02, PNorm = 116.1392, GNorm = 0.2994, lr_0 = 2.3699e-04
Loss = 2.0017e-02, PNorm = 116.1488, GNorm = 0.3617, lr_0 = 2.3565e-04
Loss = 2.0930e-02, PNorm = 116.1600, GNorm = 0.6339, lr_0 = 2.3432e-04
Loss = 1.5054e-02, PNorm = 116.1733, GNorm = 0.2386, lr_0 = 2.3299e-04
Loss = 1.6523e-02, PNorm = 116.1817, GNorm = 0.1665, lr_0 = 2.3168e-04
Loss = 2.0391e-02, PNorm = 116.1879, GNorm = 0.2730, lr_0 = 2.3037e-04
Loss = 2.1218e-02, PNorm = 116.1958, GNorm = 0.3277, lr_0 = 2.2906e-04
Loss = 1.7047e-02, PNorm = 116.2089, GNorm = 0.2001, lr_0 = 2.2777e-04
Loss = 1.6342e-02, PNorm = 116.2185, GNorm = 0.2669, lr_0 = 2.2648e-04
Loss = 1.8017e-02, PNorm = 116.2259, GNorm = 0.1965, lr_0 = 2.2520e-04
Loss = 2.0607e-02, PNorm = 116.2351, GNorm = 0.2438, lr_0 = 2.2392e-04
Loss = 2.2934e-02, PNorm = 116.2435, GNorm = 0.3534, lr_0 = 2.2266e-04
Loss = 2.0574e-02, PNorm = 116.2521, GNorm = 0.2800, lr_0 = 2.2140e-04
Loss = 2.7655e-02, PNorm = 116.2640, GNorm = 0.5669, lr_0 = 2.2015e-04
Loss = 2.3352e-02, PNorm = 116.2756, GNorm = 0.1923, lr_0 = 2.1890e-04
Loss = 2.0332e-02, PNorm = 116.2907, GNorm = 0.6276, lr_0 = 2.1766e-04
Validation rmse = 28.482718
Epoch 20
Loss = 1.3335e-02, PNorm = 116.3023, GNorm = 0.2405, lr_0 = 2.1631e-04
Loss = 1.7244e-02, PNorm = 116.3114, GNorm = 0.3543, lr_0 = 2.1508e-04
Loss = 1.6381e-02, PNorm = 116.3204, GNorm = 0.3529, lr_0 = 2.1387e-04
Loss = 1.8478e-02, PNorm = 116.3313, GNorm = 0.4528, lr_0 = 2.1266e-04
Loss = 1.8133e-02, PNorm = 116.3427, GNorm = 0.5129, lr_0 = 2.1145e-04
Loss = 1.8229e-02, PNorm = 116.3521, GNorm = 0.3782, lr_0 = 2.1026e-04
Loss = 1.8209e-02, PNorm = 116.3598, GNorm = 0.2924, lr_0 = 2.0907e-04
Loss = 1.5916e-02, PNorm = 116.3685, GNorm = 0.3953, lr_0 = 2.0789e-04
Loss = 1.6245e-02, PNorm = 116.3760, GNorm = 0.2744, lr_0 = 2.0671e-04
Loss = 1.8012e-02, PNorm = 116.3844, GNorm = 0.2903, lr_0 = 2.0554e-04
Loss = 2.2027e-02, PNorm = 116.3960, GNorm = 0.2172, lr_0 = 2.0438e-04
Loss = 1.9754e-02, PNorm = 116.4056, GNorm = 0.3528, lr_0 = 2.0322e-04
Loss = 1.7704e-02, PNorm = 116.4151, GNorm = 0.3370, lr_0 = 2.0207e-04
Loss = 1.5851e-02, PNorm = 116.4224, GNorm = 0.3779, lr_0 = 2.0093e-04
Loss = 1.8486e-02, PNorm = 116.4278, GNorm = 0.2869, lr_0 = 1.9979e-04
Loss = 1.8948e-02, PNorm = 116.4343, GNorm = 0.1351, lr_0 = 1.9866e-04
Loss = 1.8097e-02, PNorm = 116.4442, GNorm = 0.4627, lr_0 = 1.9754e-04
Validation rmse = 29.400724
Epoch 21
Loss = 1.7893e-02, PNorm = 116.4524, GNorm = 0.3022, lr_0 = 1.9642e-04
Loss = 1.8755e-02, PNorm = 116.4609, GNorm = 0.3527, lr_0 = 1.9531e-04
Loss = 1.4086e-02, PNorm = 116.4710, GNorm = 0.1322, lr_0 = 1.9421e-04
Loss = 1.4102e-02, PNorm = 116.4755, GNorm = 0.2223, lr_0 = 1.9311e-04
Loss = 1.6352e-02, PNorm = 116.4803, GNorm = 0.4673, lr_0 = 1.9201e-04
Loss = 1.5216e-02, PNorm = 116.4874, GNorm = 0.1563, lr_0 = 1.9093e-04
Loss = 1.6000e-02, PNorm = 116.4951, GNorm = 0.1516, lr_0 = 1.8985e-04
Loss = 1.8835e-02, PNorm = 116.5010, GNorm = 0.1815, lr_0 = 1.8877e-04
Loss = 1.6951e-02, PNorm = 116.5082, GNorm = 0.2578, lr_0 = 1.8771e-04
Loss = 1.5917e-02, PNorm = 116.5152, GNorm = 0.4422, lr_0 = 1.8664e-04
Loss = 2.1587e-02, PNorm = 116.5257, GNorm = 0.3689, lr_0 = 1.8559e-04
Loss = 1.9445e-02, PNorm = 116.5372, GNorm = 0.2251, lr_0 = 1.8454e-04
Loss = 1.6080e-02, PNorm = 116.5436, GNorm = 0.2796, lr_0 = 1.8350e-04
Loss = 1.6959e-02, PNorm = 116.5484, GNorm = 0.3444, lr_0 = 1.8246e-04
Loss = 1.7881e-02, PNorm = 116.5586, GNorm = 0.6389, lr_0 = 1.8143e-04
Loss = 1.8379e-02, PNorm = 116.5666, GNorm = 0.1555, lr_0 = 1.8040e-04
Validation rmse = 28.879189
Epoch 22
Loss = 1.3029e-02, PNorm = 116.5759, GNorm = 0.2851, lr_0 = 1.7928e-04
Loss = 1.6752e-02, PNorm = 116.5864, GNorm = 0.6242, lr_0 = 1.7826e-04
Loss = 1.5387e-02, PNorm = 116.5948, GNorm = 0.3091, lr_0 = 1.7725e-04
Loss = 1.3903e-02, PNorm = 116.6012, GNorm = 0.1826, lr_0 = 1.7625e-04
Loss = 1.3573e-02, PNorm = 116.6084, GNorm = 0.2476, lr_0 = 1.7525e-04
Loss = 1.5103e-02, PNorm = 116.6153, GNorm = 0.1703, lr_0 = 1.7426e-04
Loss = 1.4071e-02, PNorm = 116.6210, GNorm = 0.2330, lr_0 = 1.7328e-04
Loss = 1.5506e-02, PNorm = 116.6270, GNorm = 0.4040, lr_0 = 1.7230e-04
Loss = 1.8094e-02, PNorm = 116.6315, GNorm = 0.2469, lr_0 = 1.7132e-04
Loss = 1.6154e-02, PNorm = 116.6366, GNorm = 0.4196, lr_0 = 1.7035e-04
Loss = 1.6214e-02, PNorm = 116.6423, GNorm = 0.3826, lr_0 = 1.6939e-04
Loss = 1.7221e-02, PNorm = 116.6489, GNorm = 0.2405, lr_0 = 1.6843e-04
Loss = 1.8029e-02, PNorm = 116.6586, GNorm = 0.1161, lr_0 = 1.6748e-04
Loss = 1.7986e-02, PNorm = 116.6669, GNorm = 0.1601, lr_0 = 1.6653e-04
Loss = 1.6414e-02, PNorm = 116.6747, GNorm = 0.3601, lr_0 = 1.6559e-04
Loss = 1.7501e-02, PNorm = 116.6825, GNorm = 0.2431, lr_0 = 1.6465e-04
Loss = 1.8103e-02, PNorm = 116.6940, GNorm = 0.3621, lr_0 = 1.6372e-04
Validation rmse = 28.903940
Epoch 23
Loss = 1.7704e-02, PNorm = 116.7018, GNorm = 0.2382, lr_0 = 1.6280e-04
Loss = 1.8170e-02, PNorm = 116.7123, GNorm = 0.6434, lr_0 = 1.6187e-04
Loss = 1.7236e-02, PNorm = 116.7248, GNorm = 0.6486, lr_0 = 1.6096e-04
Loss = 1.2125e-02, PNorm = 116.7348, GNorm = 0.2241, lr_0 = 1.6005e-04
Loss = 1.5488e-02, PNorm = 116.7413, GNorm = 0.1628, lr_0 = 1.5914e-04
Loss = 1.5633e-02, PNorm = 116.7468, GNorm = 0.2919, lr_0 = 1.5824e-04
Loss = 1.3557e-02, PNorm = 116.7529, GNorm = 0.1797, lr_0 = 1.5735e-04
Loss = 1.2927e-02, PNorm = 116.7578, GNorm = 0.4891, lr_0 = 1.5646e-04
Loss = 1.5787e-02, PNorm = 116.7626, GNorm = 0.4354, lr_0 = 1.5557e-04
Loss = 1.9200e-02, PNorm = 116.7703, GNorm = 0.2464, lr_0 = 1.5469e-04
Loss = 1.5029e-02, PNorm = 116.7752, GNorm = 0.4545, lr_0 = 1.5382e-04
Loss = 1.4436e-02, PNorm = 116.7810, GNorm = 0.1468, lr_0 = 1.5295e-04
Loss = 1.4462e-02, PNorm = 116.7872, GNorm = 0.5121, lr_0 = 1.5208e-04
Loss = 2.1406e-02, PNorm = 116.7928, GNorm = 0.4985, lr_0 = 1.5122e-04
Loss = 1.3615e-02, PNorm = 116.8006, GNorm = 0.2800, lr_0 = 1.5037e-04
Loss = 1.6221e-02, PNorm = 116.8088, GNorm = 0.6090, lr_0 = 1.4952e-04
Validation rmse = 28.557652
Epoch 24
Loss = 1.4505e-02, PNorm = 116.8159, GNorm = 0.1951, lr_0 = 1.4859e-04
Loss = 1.4352e-02, PNorm = 116.8246, GNorm = 0.2465, lr_0 = 1.4774e-04
Loss = 1.4974e-02, PNorm = 116.8309, GNorm = 0.1574, lr_0 = 1.4691e-04
Loss = 1.3652e-02, PNorm = 116.8369, GNorm = 0.2260, lr_0 = 1.4608e-04
Loss = 1.3304e-02, PNorm = 116.8392, GNorm = 0.1418, lr_0 = 1.4525e-04
Loss = 1.4304e-02, PNorm = 116.8441, GNorm = 0.2719, lr_0 = 1.4443e-04
Loss = 1.7993e-02, PNorm = 116.8526, GNorm = 0.3280, lr_0 = 1.4361e-04
Loss = 1.8327e-02, PNorm = 116.8610, GNorm = 0.2692, lr_0 = 1.4280e-04
Loss = 1.5448e-02, PNorm = 116.8679, GNorm = 0.2557, lr_0 = 1.4199e-04
Loss = 1.4203e-02, PNorm = 116.8731, GNorm = 0.1660, lr_0 = 1.4119e-04
Loss = 1.4017e-02, PNorm = 116.8800, GNorm = 0.2541, lr_0 = 1.4039e-04
Loss = 1.6173e-02, PNorm = 116.8850, GNorm = 0.1697, lr_0 = 1.3960e-04
Loss = 1.3291e-02, PNorm = 116.8906, GNorm = 0.3512, lr_0 = 1.3881e-04
Loss = 1.2616e-02, PNorm = 116.8974, GNorm = 0.1800, lr_0 = 1.3802e-04
Loss = 1.6952e-02, PNorm = 116.9037, GNorm = 0.4076, lr_0 = 1.3724e-04
Loss = 1.7589e-02, PNorm = 116.9118, GNorm = 0.2182, lr_0 = 1.3646e-04
Validation rmse = 27.926658
Epoch 25
Loss = 1.4186e-02, PNorm = 116.9169, GNorm = 0.3687, lr_0 = 1.3569e-04
Loss = 1.3224e-02, PNorm = 116.9224, GNorm = 0.2385, lr_0 = 1.3493e-04
Loss = 1.4218e-02, PNorm = 116.9268, GNorm = 0.2443, lr_0 = 1.3416e-04
Loss = 1.3117e-02, PNorm = 116.9302, GNorm = 0.2700, lr_0 = 1.3340e-04
Loss = 1.5620e-02, PNorm = 116.9356, GNorm = 0.2026, lr_0 = 1.3265e-04
Loss = 1.5886e-02, PNorm = 116.9417, GNorm = 0.2207, lr_0 = 1.3190e-04
Loss = 1.2901e-02, PNorm = 116.9458, GNorm = 0.2242, lr_0 = 1.3115e-04
Loss = 1.2358e-02, PNorm = 116.9516, GNorm = 0.2382, lr_0 = 1.3041e-04
Loss = 1.2907e-02, PNorm = 116.9578, GNorm = 0.1620, lr_0 = 1.2967e-04
Loss = 1.2857e-02, PNorm = 116.9618, GNorm = 0.3329, lr_0 = 1.2894e-04
Loss = 1.3138e-02, PNorm = 116.9645, GNorm = 0.3697, lr_0 = 1.2821e-04
Loss = 1.5311e-02, PNorm = 116.9708, GNorm = 0.3950, lr_0 = 1.2748e-04
Loss = 1.4652e-02, PNorm = 116.9768, GNorm = 0.2422, lr_0 = 1.2676e-04
Loss = 1.6774e-02, PNorm = 116.9820, GNorm = 0.1641, lr_0 = 1.2605e-04
Loss = 1.8208e-02, PNorm = 116.9882, GNorm = 0.6699, lr_0 = 1.2533e-04
Loss = 1.5894e-02, PNorm = 116.9953, GNorm = 0.4401, lr_0 = 1.2462e-04
Loss = 1.6050e-02, PNorm = 117.0017, GNorm = 0.2919, lr_0 = 1.2392e-04
Loss = 6.7775e-03, PNorm = 117.0020, GNorm = 0.2695, lr_0 = 1.2385e-04
Validation rmse = 28.748165
Epoch 26
Loss = 1.3380e-02, PNorm = 117.0061, GNorm = 0.1559, lr_0 = 1.2315e-04
Loss = 1.6812e-02, PNorm = 117.0124, GNorm = 0.2682, lr_0 = 1.2245e-04
Loss = 1.3051e-02, PNorm = 117.0174, GNorm = 0.1861, lr_0 = 1.2176e-04
Loss = 1.6643e-02, PNorm = 117.0209, GNorm = 0.2923, lr_0 = 1.2107e-04
Loss = 1.3180e-02, PNorm = 117.0267, GNorm = 0.3173, lr_0 = 1.2039e-04
Loss = 1.2607e-02, PNorm = 117.0317, GNorm = 0.1788, lr_0 = 1.1970e-04
Loss = 1.4854e-02, PNorm = 117.0350, GNorm = 0.4906, lr_0 = 1.1903e-04
Loss = 1.3889e-02, PNorm = 117.0395, GNorm = 0.2052, lr_0 = 1.1835e-04
Loss = 1.5999e-02, PNorm = 117.0468, GNorm = 0.3102, lr_0 = 1.1768e-04
Loss = 1.4186e-02, PNorm = 117.0538, GNorm = 0.4236, lr_0 = 1.1702e-04
Loss = 1.1058e-02, PNorm = 117.0597, GNorm = 0.1798, lr_0 = 1.1636e-04
Loss = 1.4443e-02, PNorm = 117.0652, GNorm = 0.4922, lr_0 = 1.1570e-04
Loss = 1.3381e-02, PNorm = 117.0710, GNorm = 0.2191, lr_0 = 1.1504e-04
Loss = 1.1280e-02, PNorm = 117.0757, GNorm = 0.1386, lr_0 = 1.1439e-04
Loss = 1.4691e-02, PNorm = 117.0788, GNorm = 0.4540, lr_0 = 1.1375e-04
Loss = 1.2819e-02, PNorm = 117.0834, GNorm = 0.2303, lr_0 = 1.1310e-04
Validation rmse = 28.482677
Epoch 27
Loss = 1.2383e-02, PNorm = 117.0875, GNorm = 0.5182, lr_0 = 1.1246e-04
Loss = 1.2075e-02, PNorm = 117.0922, GNorm = 0.2377, lr_0 = 1.1183e-04
Loss = 1.2287e-02, PNorm = 117.0982, GNorm = 0.2618, lr_0 = 1.1119e-04
Loss = 1.4221e-02, PNorm = 117.1056, GNorm = 0.2491, lr_0 = 1.1057e-04
Loss = 1.4468e-02, PNorm = 117.1123, GNorm = 0.1722, lr_0 = 1.0994e-04
Loss = 1.2734e-02, PNorm = 117.1180, GNorm = 0.2125, lr_0 = 1.0932e-04
Loss = 1.4207e-02, PNorm = 117.1210, GNorm = 0.2588, lr_0 = 1.0870e-04
Loss = 1.2717e-02, PNorm = 117.1247, GNorm = 0.3628, lr_0 = 1.0808e-04
Loss = 1.2184e-02, PNorm = 117.1298, GNorm = 0.2122, lr_0 = 1.0747e-04
Loss = 1.2350e-02, PNorm = 117.1337, GNorm = 0.3848, lr_0 = 1.0687e-04
Loss = 1.2466e-02, PNorm = 117.1371, GNorm = 0.3769, lr_0 = 1.0626e-04
Loss = 1.7448e-02, PNorm = 117.1404, GNorm = 0.1631, lr_0 = 1.0566e-04
Loss = 1.5651e-02, PNorm = 117.1458, GNorm = 0.4336, lr_0 = 1.0506e-04
Loss = 1.1135e-02, PNorm = 117.1497, GNorm = 0.2874, lr_0 = 1.0447e-04
Loss = 1.0919e-02, PNorm = 117.1532, GNorm = 0.1470, lr_0 = 1.0388e-04
Loss = 1.2007e-02, PNorm = 117.1569, GNorm = 0.3709, lr_0 = 1.0329e-04
Validation rmse = 28.661049
Epoch 28
Loss = 9.7729e-03, PNorm = 117.1592, GNorm = 0.1854, lr_0 = 1.0265e-04
Loss = 1.3463e-02, PNorm = 117.1628, GNorm = 0.4559, lr_0 = 1.0207e-04
Loss = 1.2210e-02, PNorm = 117.1675, GNorm = 0.4696, lr_0 = 1.0149e-04
Loss = 1.3622e-02, PNorm = 117.1726, GNorm = 0.3334, lr_0 = 1.0091e-04
Loss = 1.3895e-02, PNorm = 117.1762, GNorm = 0.2975, lr_0 = 1.0034e-04
Loss = 1.1138e-02, PNorm = 117.1802, GNorm = 0.4200, lr_0 = 9.9776e-05
Loss = 1.5636e-02, PNorm = 117.1849, GNorm = 0.3527, lr_0 = 9.9211e-05
Loss = 1.1337e-02, PNorm = 117.1899, GNorm = 0.2715, lr_0 = 9.8650e-05
Loss = 1.2575e-02, PNorm = 117.1943, GNorm = 0.1820, lr_0 = 9.8092e-05
Loss = 1.3117e-02, PNorm = 117.2002, GNorm = 0.2786, lr_0 = 9.7537e-05
Loss = 1.4710e-02, PNorm = 117.2048, GNorm = 0.1711, lr_0 = 9.6986e-05
Loss = 1.4148e-02, PNorm = 117.2079, GNorm = 0.1806, lr_0 = 9.6437e-05
Loss = 1.2815e-02, PNorm = 117.2130, GNorm = 0.2599, lr_0 = 9.5891e-05
Loss = 1.6807e-02, PNorm = 117.2156, GNorm = 0.3354, lr_0 = 9.5349e-05
Loss = 1.2096e-02, PNorm = 117.2197, GNorm = 0.1760, lr_0 = 9.4810e-05
Loss = 1.1060e-02, PNorm = 117.2237, GNorm = 0.2353, lr_0 = 9.4273e-05
Loss = 1.0619e-02, PNorm = 117.2275, GNorm = 0.3082, lr_0 = 9.3740e-05
Loss = 1.3897e-02, PNorm = 117.2278, GNorm = 0.4303, lr_0 = 9.3687e-05
Validation rmse = 28.526768
Epoch 29
Loss = 1.0221e-02, PNorm = 117.2305, GNorm = 0.1882, lr_0 = 9.3157e-05
Loss = 1.0536e-02, PNorm = 117.2333, GNorm = 0.1607, lr_0 = 9.2630e-05
Loss = 1.1260e-02, PNorm = 117.2382, GNorm = 0.2015, lr_0 = 9.2106e-05
Loss = 1.0816e-02, PNorm = 117.2435, GNorm = 0.2095, lr_0 = 9.1585e-05
Loss = 1.1094e-02, PNorm = 117.2469, GNorm = 0.1967, lr_0 = 9.1067e-05
Loss = 1.4196e-02, PNorm = 117.2475, GNorm = 0.4008, lr_0 = 9.0552e-05
Loss = 1.1633e-02, PNorm = 117.2486, GNorm = 0.1742, lr_0 = 9.0039e-05
Loss = 1.0608e-02, PNorm = 117.2526, GNorm = 0.2321, lr_0 = 8.9530e-05
Loss = 1.0972e-02, PNorm = 117.2554, GNorm = 0.1702, lr_0 = 8.9024e-05
Loss = 1.4635e-02, PNorm = 117.2591, GNorm = 0.6272, lr_0 = 8.8520e-05
Loss = 1.2202e-02, PNorm = 117.2631, GNorm = 0.2031, lr_0 = 8.8019e-05
Loss = 1.2557e-02, PNorm = 117.2660, GNorm = 0.1741, lr_0 = 8.7521e-05
Loss = 1.1493e-02, PNorm = 117.2707, GNorm = 0.1791, lr_0 = 8.7026e-05
Loss = 1.5460e-02, PNorm = 117.2766, GNorm = 0.2107, lr_0 = 8.6534e-05
Loss = 1.5507e-02, PNorm = 117.2805, GNorm = 0.2538, lr_0 = 8.6045e-05
Loss = 1.2274e-02, PNorm = 117.2841, GNorm = 0.2643, lr_0 = 8.5558e-05
Validation rmse = 27.976214
Epoch 30
Loss = 1.5570e-02, PNorm = 117.2866, GNorm = 0.2374, lr_0 = 8.5074e-05
Loss = 1.0697e-02, PNorm = 117.2904, GNorm = 0.2769, lr_0 = 8.4593e-05
Loss = 1.1683e-02, PNorm = 117.2944, GNorm = 0.2910, lr_0 = 8.4114e-05
Loss = 1.0188e-02, PNorm = 117.2979, GNorm = 0.1367, lr_0 = 8.3638e-05
Loss = 1.0973e-02, PNorm = 117.2999, GNorm = 0.3996, lr_0 = 8.3165e-05
Loss = 1.4460e-02, PNorm = 117.3029, GNorm = 0.3385, lr_0 = 8.2695e-05
Loss = 1.3530e-02, PNorm = 117.3055, GNorm = 0.2905, lr_0 = 8.2227e-05
Loss = 1.4056e-02, PNorm = 117.3086, GNorm = 0.2230, lr_0 = 8.1762e-05
Loss = 9.2592e-03, PNorm = 117.3117, GNorm = 0.1524, lr_0 = 8.1299e-05
Loss = 1.2553e-02, PNorm = 117.3150, GNorm = 0.2880, lr_0 = 8.0839e-05
Loss = 1.0830e-02, PNorm = 117.3199, GNorm = 0.1556, lr_0 = 8.0382e-05
Loss = 1.2299e-02, PNorm = 117.3242, GNorm = 0.2776, lr_0 = 7.9927e-05
Loss = 1.2439e-02, PNorm = 117.3281, GNorm = 0.1722, lr_0 = 7.9475e-05
Loss = 9.5631e-03, PNorm = 117.3309, GNorm = 0.2079, lr_0 = 7.9026e-05
Loss = 1.1871e-02, PNorm = 117.3325, GNorm = 0.2296, lr_0 = 7.8579e-05
Loss = 1.5595e-02, PNorm = 117.3356, GNorm = 0.3475, lr_0 = 7.8134e-05
Validation rmse = 28.010695
Epoch 31
Loss = 8.9665e-03, PNorm = 117.3373, GNorm = 0.2850, lr_0 = 7.7648e-05
Loss = 1.0606e-02, PNorm = 117.3407, GNorm = 0.1568, lr_0 = 7.7209e-05
Loss = 1.0015e-02, PNorm = 117.3437, GNorm = 0.2164, lr_0 = 7.6772e-05
Loss = 1.1689e-02, PNorm = 117.3463, GNorm = 0.1974, lr_0 = 7.6338e-05
Loss = 8.8949e-03, PNorm = 117.3497, GNorm = 0.1239, lr_0 = 7.5906e-05
Loss = 9.9584e-03, PNorm = 117.3526, GNorm = 0.1644, lr_0 = 7.5477e-05
Loss = 1.1905e-02, PNorm = 117.3557, GNorm = 0.2220, lr_0 = 7.5050e-05
Loss = 1.0780e-02, PNorm = 117.3595, GNorm = 0.2248, lr_0 = 7.4625e-05
Loss = 1.2300e-02, PNorm = 117.3624, GNorm = 0.1792, lr_0 = 7.4203e-05
Loss = 1.2322e-02, PNorm = 117.3656, GNorm = 0.3739, lr_0 = 7.3783e-05
Loss = 1.1539e-02, PNorm = 117.3695, GNorm = 0.3304, lr_0 = 7.3366e-05
Loss = 1.1471e-02, PNorm = 117.3730, GNorm = 0.2978, lr_0 = 7.2951e-05
Loss = 1.7772e-02, PNorm = 117.3760, GNorm = 0.2697, lr_0 = 7.2538e-05
Loss = 1.1313e-02, PNorm = 117.3778, GNorm = 0.2720, lr_0 = 7.2128e-05
Loss = 1.1570e-02, PNorm = 117.3794, GNorm = 0.1530, lr_0 = 7.1720e-05
Loss = 1.2510e-02, PNorm = 117.3819, GNorm = 0.1151, lr_0 = 7.1314e-05
Loss = 1.1282e-02, PNorm = 117.3859, GNorm = 0.1877, lr_0 = 7.0911e-05
Validation rmse = 27.873919
Epoch 32
Loss = 1.1280e-02, PNorm = 117.3899, GNorm = 0.1343, lr_0 = 7.0510e-05
Loss = 1.1352e-02, PNorm = 117.3919, GNorm = 0.1948, lr_0 = 7.0111e-05
Loss = 1.0812e-02, PNorm = 117.3946, GNorm = 0.1452, lr_0 = 6.9714e-05
Loss = 1.1518e-02, PNorm = 117.3968, GNorm = 0.3691, lr_0 = 6.9320e-05
Loss = 1.0259e-02, PNorm = 117.3991, GNorm = 0.1875, lr_0 = 6.8928e-05
Loss = 1.0777e-02, PNorm = 117.4012, GNorm = 0.1538, lr_0 = 6.8538e-05
Loss = 8.3794e-03, PNorm = 117.4036, GNorm = 0.2396, lr_0 = 6.8150e-05
Loss = 1.0660e-02, PNorm = 117.4074, GNorm = 0.1632, lr_0 = 6.7765e-05
Loss = 1.0312e-02, PNorm = 117.4106, GNorm = 0.2399, lr_0 = 6.7381e-05
Loss = 1.1637e-02, PNorm = 117.4133, GNorm = 0.4373, lr_0 = 6.7000e-05
Loss = 1.0338e-02, PNorm = 117.4170, GNorm = 0.2222, lr_0 = 6.6621e-05
Loss = 1.1806e-02, PNorm = 117.4200, GNorm = 0.1261, lr_0 = 6.6244e-05
Loss = 1.1991e-02, PNorm = 117.4229, GNorm = 0.1264, lr_0 = 6.5869e-05
Loss = 9.9050e-03, PNorm = 117.4259, GNorm = 0.1642, lr_0 = 6.5497e-05
Loss = 1.2092e-02, PNorm = 117.4286, GNorm = 0.1606, lr_0 = 6.5126e-05
Loss = 1.7824e-02, PNorm = 117.4318, GNorm = 0.7023, lr_0 = 6.4758e-05
Validation rmse = 28.419163
Epoch 33
Loss = 9.7225e-03, PNorm = 117.4347, GNorm = 0.2877, lr_0 = 6.4355e-05
Loss = 1.0287e-02, PNorm = 117.4364, GNorm = 0.2077, lr_0 = 6.3991e-05
Loss = 1.2112e-02, PNorm = 117.4392, GNorm = 0.2086, lr_0 = 6.3629e-05
Loss = 1.0237e-02, PNorm = 117.4416, GNorm = 0.2175, lr_0 = 6.3269e-05
Loss = 1.2069e-02, PNorm = 117.4447, GNorm = 0.5985, lr_0 = 6.2911e-05
Loss = 1.0023e-02, PNorm = 117.4474, GNorm = 0.1435, lr_0 = 6.2555e-05
Loss = 1.1846e-02, PNorm = 117.4501, GNorm = 0.1931, lr_0 = 6.2201e-05
Loss = 1.2402e-02, PNorm = 117.4524, GNorm = 0.2393, lr_0 = 6.1850e-05
Loss = 1.0654e-02, PNorm = 117.4539, GNorm = 0.1324, lr_0 = 6.1500e-05
Loss = 1.2010e-02, PNorm = 117.4556, GNorm = 0.2334, lr_0 = 6.1152e-05
Loss = 1.0983e-02, PNorm = 117.4594, GNorm = 0.1814, lr_0 = 6.0806e-05
Loss = 8.9685e-03, PNorm = 117.4627, GNorm = 0.1503, lr_0 = 6.0462e-05
Loss = 1.0295e-02, PNorm = 117.4658, GNorm = 0.1905, lr_0 = 6.0120e-05
Loss = 1.1802e-02, PNorm = 117.4691, GNorm = 0.1787, lr_0 = 5.9780e-05
Loss = 1.0590e-02, PNorm = 117.4717, GNorm = 0.2696, lr_0 = 5.9442e-05
Loss = 1.0734e-02, PNorm = 117.4746, GNorm = 0.3431, lr_0 = 5.9105e-05
Validation rmse = 28.067587
Epoch 34
Loss = 8.0352e-03, PNorm = 117.4771, GNorm = 0.2086, lr_0 = 5.8771e-05
Loss = 9.5653e-03, PNorm = 117.4799, GNorm = 0.1489, lr_0 = 5.8439e-05
Loss = 1.0063e-02, PNorm = 117.4827, GNorm = 0.2149, lr_0 = 5.8108e-05
Loss = 9.8203e-03, PNorm = 117.4849, GNorm = 0.1910, lr_0 = 5.7779e-05
Loss = 1.0922e-02, PNorm = 117.4866, GNorm = 0.1222, lr_0 = 5.7453e-05
Loss = 9.0478e-03, PNorm = 117.4875, GNorm = 0.1404, lr_0 = 5.7128e-05
Loss = 1.2232e-02, PNorm = 117.4892, GNorm = 0.2845, lr_0 = 5.6804e-05
Loss = 1.1459e-02, PNorm = 117.4920, GNorm = 0.1440, lr_0 = 5.6483e-05
Loss = 1.0969e-02, PNorm = 117.4948, GNorm = 0.2092, lr_0 = 5.6164e-05
Loss = 1.2660e-02, PNorm = 117.4971, GNorm = 0.2646, lr_0 = 5.5846e-05
Loss = 1.0918e-02, PNorm = 117.4999, GNorm = 0.2362, lr_0 = 5.5530e-05
Loss = 1.0294e-02, PNorm = 117.5024, GNorm = 0.1893, lr_0 = 5.5216e-05
Loss = 1.0437e-02, PNorm = 117.5046, GNorm = 0.2718, lr_0 = 5.4903e-05
Loss = 1.0225e-02, PNorm = 117.5073, GNorm = 0.2525, lr_0 = 5.4593e-05
Loss = 1.1162e-02, PNorm = 117.5104, GNorm = 0.1255, lr_0 = 5.4284e-05
Loss = 1.1125e-02, PNorm = 117.5132, GNorm = 0.2664, lr_0 = 5.3977e-05
Loss = 1.0515e-02, PNorm = 117.5156, GNorm = 0.2502, lr_0 = 5.3672e-05
Validation rmse = 28.017188
Epoch 35
Loss = 1.1175e-02, PNorm = 117.5182, GNorm = 0.1327, lr_0 = 5.3338e-05
Loss = 8.7000e-03, PNorm = 117.5198, GNorm = 0.2264, lr_0 = 5.3036e-05
Loss = 1.0529e-02, PNorm = 117.5215, GNorm = 0.2087, lr_0 = 5.2736e-05
Loss = 1.1539e-02, PNorm = 117.5241, GNorm = 0.3850, lr_0 = 5.2438e-05
Loss = 1.1136e-02, PNorm = 117.5277, GNorm = 0.3656, lr_0 = 5.2141e-05
Loss = 1.0308e-02, PNorm = 117.5308, GNorm = 0.2427, lr_0 = 5.1846e-05
Loss = 9.2600e-03, PNorm = 117.5335, GNorm = 0.1721, lr_0 = 5.1553e-05
Loss = 1.1339e-02, PNorm = 117.5356, GNorm = 0.1241, lr_0 = 5.1261e-05
Loss = 1.1039e-02, PNorm = 117.5379, GNorm = 0.1928, lr_0 = 5.0971e-05
Loss = 9.2881e-03, PNorm = 117.5394, GNorm = 0.2932, lr_0 = 5.0683e-05
Loss = 1.0767e-02, PNorm = 117.5410, GNorm = 0.2038, lr_0 = 5.0396e-05
Loss = 1.1337e-02, PNorm = 117.5439, GNorm = 0.1832, lr_0 = 5.0111e-05
Loss = 1.0306e-02, PNorm = 117.5466, GNorm = 0.2594, lr_0 = 4.9828e-05
Loss = 9.9944e-03, PNorm = 117.5477, GNorm = 0.5102, lr_0 = 4.9546e-05
Loss = 8.8876e-03, PNorm = 117.5494, GNorm = 0.2133, lr_0 = 4.9266e-05
Loss = 9.6189e-03, PNorm = 117.5506, GNorm = 0.1108, lr_0 = 4.8987e-05
Validation rmse = 28.092837
Epoch 36
Loss = 1.0578e-02, PNorm = 117.5537, GNorm = 0.1751, lr_0 = 4.8710e-05
Loss = 1.0654e-02, PNorm = 117.5557, GNorm = 0.1175, lr_0 = 4.8434e-05
Loss = 1.1755e-02, PNorm = 117.5582, GNorm = 0.1622, lr_0 = 4.8160e-05
Loss = 8.8299e-03, PNorm = 117.5609, GNorm = 0.1318, lr_0 = 4.7888e-05
Loss = 1.1752e-02, PNorm = 117.5627, GNorm = 0.1998, lr_0 = 4.7617e-05
Loss = 1.0460e-02, PNorm = 117.5638, GNorm = 0.1310, lr_0 = 4.7348e-05
Loss = 1.0685e-02, PNorm = 117.5650, GNorm = 0.3144, lr_0 = 4.7080e-05
Loss = 9.2474e-03, PNorm = 117.5661, GNorm = 0.1566, lr_0 = 4.6813e-05
Loss = 9.4000e-03, PNorm = 117.5677, GNorm = 0.2206, lr_0 = 4.6549e-05
Loss = 9.9271e-03, PNorm = 117.5690, GNorm = 0.1869, lr_0 = 4.6285e-05
Loss = 9.4013e-03, PNorm = 117.5695, GNorm = 0.2121, lr_0 = 4.6023e-05
Loss = 8.0058e-03, PNorm = 117.5714, GNorm = 0.1211, lr_0 = 4.5763e-05
Loss = 1.1786e-02, PNorm = 117.5732, GNorm = 0.1694, lr_0 = 4.5504e-05
Loss = 8.3697e-03, PNorm = 117.5756, GNorm = 0.1656, lr_0 = 4.5247e-05
Loss = 1.2851e-02, PNorm = 117.5781, GNorm = 0.2145, lr_0 = 4.4991e-05
Loss = 8.9332e-03, PNorm = 117.5802, GNorm = 0.1864, lr_0 = 4.4736e-05
Validation rmse = 27.773488
Epoch 37
Loss = 6.9800e-03, PNorm = 117.5818, GNorm = 0.1108, lr_0 = 4.4458e-05
Loss = 9.6679e-03, PNorm = 117.5833, GNorm = 0.3870, lr_0 = 4.4207e-05
Loss = 1.2063e-02, PNorm = 117.5847, GNorm = 0.2431, lr_0 = 4.3957e-05
Loss = 8.6701e-03, PNorm = 117.5859, GNorm = 0.1425, lr_0 = 4.3708e-05
Loss = 8.8598e-03, PNorm = 117.5883, GNorm = 0.2522, lr_0 = 4.3461e-05
Loss = 1.1627e-02, PNorm = 117.5908, GNorm = 0.1859, lr_0 = 4.3215e-05
Loss = 1.0678e-02, PNorm = 117.5921, GNorm = 0.1389, lr_0 = 4.2970e-05
Loss = 8.1639e-03, PNorm = 117.5941, GNorm = 0.1319, lr_0 = 4.2727e-05
Loss = 1.1259e-02, PNorm = 117.5961, GNorm = 0.2124, lr_0 = 4.2486e-05
Loss = 8.6594e-03, PNorm = 117.5977, GNorm = 0.1478, lr_0 = 4.2245e-05
Loss = 1.0277e-02, PNorm = 117.5997, GNorm = 0.2815, lr_0 = 4.2006e-05
Loss = 9.3947e-03, PNorm = 117.6017, GNorm = 0.1737, lr_0 = 4.1769e-05
Loss = 1.0410e-02, PNorm = 117.6034, GNorm = 0.1320, lr_0 = 4.1532e-05
Loss = 8.1981e-03, PNorm = 117.6052, GNorm = 0.1951, lr_0 = 4.1297e-05
Loss = 8.4628e-03, PNorm = 117.6068, GNorm = 0.1701, lr_0 = 4.1064e-05
Loss = 1.0236e-02, PNorm = 117.6081, GNorm = 0.1192, lr_0 = 4.0832e-05
Loss = 1.1148e-02, PNorm = 117.6092, GNorm = 0.1182, lr_0 = 4.0601e-05
Validation rmse = 27.894822
Epoch 38
Loss = 9.3856e-03, PNorm = 117.6116, GNorm = 0.1921, lr_0 = 4.0371e-05
Loss = 7.8791e-03, PNorm = 117.6139, GNorm = 0.1320, lr_0 = 4.0143e-05
Loss = 1.0629e-02, PNorm = 117.6158, GNorm = 0.1917, lr_0 = 3.9915e-05
Loss = 1.2015e-02, PNorm = 117.6176, GNorm = 0.2178, lr_0 = 3.9690e-05
Loss = 9.6702e-03, PNorm = 117.6190, GNorm = 0.1708, lr_0 = 3.9465e-05
Loss = 9.5663e-03, PNorm = 117.6207, GNorm = 0.1684, lr_0 = 3.9242e-05
Loss = 8.4329e-03, PNorm = 117.6222, GNorm = 0.2408, lr_0 = 3.9020e-05
Loss = 9.5322e-03, PNorm = 117.6237, GNorm = 0.2277, lr_0 = 3.8799e-05
Loss = 8.9021e-03, PNorm = 117.6252, GNorm = 0.1545, lr_0 = 3.8580e-05
Loss = 1.1293e-02, PNorm = 117.6262, GNorm = 0.1465, lr_0 = 3.8361e-05
Loss = 8.4335e-03, PNorm = 117.6277, GNorm = 0.3899, lr_0 = 3.8144e-05
Loss = 7.9783e-03, PNorm = 117.6299, GNorm = 0.1934, lr_0 = 3.7929e-05
Loss = 1.0264e-02, PNorm = 117.6326, GNorm = 0.1359, lr_0 = 3.7714e-05
Loss = 1.0026e-02, PNorm = 117.6352, GNorm = 0.2908, lr_0 = 3.7501e-05
Loss = 1.2701e-02, PNorm = 117.6373, GNorm = 0.2129, lr_0 = 3.7289e-05
Loss = 9.0041e-03, PNorm = 117.6387, GNorm = 0.1969, lr_0 = 3.7078e-05
Validation rmse = 27.712860
Epoch 39
Loss = 1.0769e-02, PNorm = 117.6396, GNorm = 0.4140, lr_0 = 3.6847e-05
Loss = 8.6645e-03, PNorm = 117.6410, GNorm = 0.1205, lr_0 = 3.6639e-05
Loss = 8.9768e-03, PNorm = 117.6426, GNorm = 0.3486, lr_0 = 3.6431e-05
Loss = 9.6303e-03, PNorm = 117.6436, GNorm = 0.2288, lr_0 = 3.6225e-05
Loss = 9.6077e-03, PNorm = 117.6454, GNorm = 0.2662, lr_0 = 3.6020e-05
Loss = 1.0401e-02, PNorm = 117.6471, GNorm = 0.1700, lr_0 = 3.5817e-05
Loss = 1.0526e-02, PNorm = 117.6483, GNorm = 0.2178, lr_0 = 3.5614e-05
Loss = 7.8053e-03, PNorm = 117.6498, GNorm = 0.1284, lr_0 = 3.5413e-05
Loss = 1.1810e-02, PNorm = 117.6517, GNorm = 0.2844, lr_0 = 3.5212e-05
Loss = 1.0020e-02, PNorm = 117.6535, GNorm = 0.1578, lr_0 = 3.5013e-05
Loss = 9.9939e-03, PNorm = 117.6547, GNorm = 0.1929, lr_0 = 3.4815e-05
Loss = 1.0536e-02, PNorm = 117.6560, GNorm = 0.2645, lr_0 = 3.4618e-05
Loss = 8.3288e-03, PNorm = 117.6570, GNorm = 0.2520, lr_0 = 3.4422e-05
Loss = 9.1491e-03, PNorm = 117.6582, GNorm = 0.2976, lr_0 = 3.4227e-05
Loss = 7.4768e-03, PNorm = 117.6595, GNorm = 0.1392, lr_0 = 3.4034e-05
Loss = 7.9565e-03, PNorm = 117.6607, GNorm = 0.1106, lr_0 = 3.3841e-05
Validation rmse = 27.807587
Epoch 40
Loss = 5.7873e-03, PNorm = 117.6608, GNorm = 0.1693, lr_0 = 3.3650e-05
Loss = 9.3441e-03, PNorm = 117.6619, GNorm = 0.3974, lr_0 = 3.3460e-05
Loss = 9.3902e-03, PNorm = 117.6635, GNorm = 0.1828, lr_0 = 3.3270e-05
Loss = 8.5738e-03, PNorm = 117.6650, GNorm = 0.1467, lr_0 = 3.3082e-05
Loss = 6.8440e-03, PNorm = 117.6662, GNorm = 0.1709, lr_0 = 3.2895e-05
Loss = 9.2942e-03, PNorm = 117.6673, GNorm = 0.2167, lr_0 = 3.2709e-05
Loss = 7.1816e-03, PNorm = 117.6691, GNorm = 0.1633, lr_0 = 3.2524e-05
Loss = 1.0338e-02, PNorm = 117.6703, GNorm = 0.2208, lr_0 = 3.2340e-05
Loss = 9.6289e-03, PNorm = 117.6720, GNorm = 0.2737, lr_0 = 3.2157e-05
Loss = 8.1889e-03, PNorm = 117.6733, GNorm = 0.2985, lr_0 = 3.1975e-05
Loss = 1.0888e-02, PNorm = 117.6748, GNorm = 0.1547, lr_0 = 3.1794e-05
Loss = 1.0208e-02, PNorm = 117.6757, GNorm = 0.1683, lr_0 = 3.1614e-05
Loss = 9.7284e-03, PNorm = 117.6769, GNorm = 0.2298, lr_0 = 3.1435e-05
Loss = 1.0621e-02, PNorm = 117.6780, GNorm = 0.1659, lr_0 = 3.1258e-05
Loss = 9.0218e-03, PNorm = 117.6790, GNorm = 0.2261, lr_0 = 3.1081e-05
Loss = 9.9012e-03, PNorm = 117.6803, GNorm = 0.3099, lr_0 = 3.0905e-05
Loss = 1.0762e-02, PNorm = 117.6814, GNorm = 0.1436, lr_0 = 3.0730e-05
Validation rmse = 28.259672
Epoch 41
Loss = 1.1204e-02, PNorm = 117.6834, GNorm = 0.2664, lr_0 = 3.0539e-05
Loss = 8.8797e-03, PNorm = 117.6852, GNorm = 0.1218, lr_0 = 3.0366e-05
Loss = 7.2580e-03, PNorm = 117.6871, GNorm = 0.1229, lr_0 = 3.0194e-05
Loss = 1.0030e-02, PNorm = 117.6893, GNorm = 0.1486, lr_0 = 3.0024e-05
Loss = 8.5266e-03, PNorm = 117.6901, GNorm = 0.1549, lr_0 = 2.9854e-05
Loss = 8.2105e-03, PNorm = 117.6904, GNorm = 0.1589, lr_0 = 2.9685e-05
Loss = 1.0079e-02, PNorm = 117.6915, GNorm = 0.1696, lr_0 = 2.9517e-05
Loss = 7.4209e-03, PNorm = 117.6923, GNorm = 0.1855, lr_0 = 2.9350e-05
Loss = 8.7432e-03, PNorm = 117.6931, GNorm = 0.1943, lr_0 = 2.9184e-05
Loss = 9.4621e-03, PNorm = 117.6946, GNorm = 0.1487, lr_0 = 2.9019e-05
Loss = 1.1970e-02, PNorm = 117.6958, GNorm = 0.4764, lr_0 = 2.8855e-05
Loss = 9.4606e-03, PNorm = 117.6972, GNorm = 0.0953, lr_0 = 2.8692e-05
Loss = 9.3598e-03, PNorm = 117.6985, GNorm = 0.1306, lr_0 = 2.8529e-05
Loss = 1.0843e-02, PNorm = 117.6996, GNorm = 0.5001, lr_0 = 2.8368e-05
Loss = 1.0989e-02, PNorm = 117.7010, GNorm = 0.1448, lr_0 = 2.8207e-05
Loss = 9.6153e-03, PNorm = 117.7018, GNorm = 0.1871, lr_0 = 2.8048e-05
Validation rmse = 27.722741
Epoch 42
Loss = 1.0675e-02, PNorm = 117.7027, GNorm = 0.1770, lr_0 = 2.7889e-05
Loss = 9.9849e-03, PNorm = 117.7040, GNorm = 0.1406, lr_0 = 2.7731e-05
Loss = 6.7293e-03, PNorm = 117.7051, GNorm = 0.1413, lr_0 = 2.7575e-05
Loss = 7.6644e-03, PNorm = 117.7061, GNorm = 0.1311, lr_0 = 2.7419e-05
Loss = 1.0938e-02, PNorm = 117.7070, GNorm = 0.2212, lr_0 = 2.7263e-05
Loss = 1.0168e-02, PNorm = 117.7076, GNorm = 0.2547, lr_0 = 2.7109e-05
Loss = 8.4211e-03, PNorm = 117.7087, GNorm = 0.3224, lr_0 = 2.6956e-05
Loss = 8.9467e-03, PNorm = 117.7097, GNorm = 0.1839, lr_0 = 2.6803e-05
Loss = 9.6342e-03, PNorm = 117.7113, GNorm = 0.1356, lr_0 = 2.6652e-05
Loss = 9.4587e-03, PNorm = 117.7122, GNorm = 0.1668, lr_0 = 2.6501e-05
Loss = 8.3361e-03, PNorm = 117.7132, GNorm = 0.1609, lr_0 = 2.6351e-05
Loss = 7.1729e-03, PNorm = 117.7149, GNorm = 0.1479, lr_0 = 2.6202e-05
Loss = 8.8162e-03, PNorm = 117.7167, GNorm = 0.1348, lr_0 = 2.6054e-05
Loss = 7.2490e-03, PNorm = 117.7182, GNorm = 0.1712, lr_0 = 2.5906e-05
Loss = 1.0064e-02, PNorm = 117.7191, GNorm = 0.1433, lr_0 = 2.5760e-05
Loss = 9.2554e-03, PNorm = 117.7199, GNorm = 0.2189, lr_0 = 2.5614e-05
Validation rmse = 27.972673
Epoch 43
Loss = 6.1169e-03, PNorm = 117.7204, GNorm = 0.1268, lr_0 = 2.5455e-05
Loss = 8.5282e-03, PNorm = 117.7214, GNorm = 0.1431, lr_0 = 2.5311e-05
Loss = 8.4573e-03, PNorm = 117.7224, GNorm = 0.1385, lr_0 = 2.5168e-05
Loss = 9.5002e-03, PNorm = 117.7235, GNorm = 0.3489, lr_0 = 2.5025e-05
Loss = 9.5875e-03, PNorm = 117.7246, GNorm = 0.1354, lr_0 = 2.4884e-05
Loss = 8.3032e-03, PNorm = 117.7255, GNorm = 0.2243, lr_0 = 2.4743e-05
Loss = 7.4357e-03, PNorm = 117.7265, GNorm = 0.2631, lr_0 = 2.4603e-05
Loss = 9.4098e-03, PNorm = 117.7279, GNorm = 0.2673, lr_0 = 2.4464e-05
Loss = 9.7932e-03, PNorm = 117.7291, GNorm = 0.1083, lr_0 = 2.4325e-05
Loss = 8.4209e-03, PNorm = 117.7302, GNorm = 0.1591, lr_0 = 2.4188e-05
Loss = 1.0500e-02, PNorm = 117.7310, GNorm = 0.1483, lr_0 = 2.4051e-05
Loss = 6.7656e-03, PNorm = 117.7311, GNorm = 0.2143, lr_0 = 2.3915e-05
Loss = 1.0562e-02, PNorm = 117.7315, GNorm = 0.1534, lr_0 = 2.3780e-05
Loss = 8.5736e-03, PNorm = 117.7323, GNorm = 0.1712, lr_0 = 2.3645e-05
Loss = 1.0588e-02, PNorm = 117.7329, GNorm = 0.3759, lr_0 = 2.3511e-05
Loss = 9.9074e-03, PNorm = 117.7334, GNorm = 0.1791, lr_0 = 2.3378e-05
Loss = 7.8848e-03, PNorm = 117.7348, GNorm = 0.1131, lr_0 = 2.3246e-05
Validation rmse = 27.968381
Epoch 44
Loss = 9.4330e-03, PNorm = 117.7363, GNorm = 0.1618, lr_0 = 2.3115e-05
Loss = 7.0137e-03, PNorm = 117.7374, GNorm = 0.2258, lr_0 = 2.2984e-05
Loss = 8.1825e-03, PNorm = 117.7382, GNorm = 0.1983, lr_0 = 2.2854e-05
Loss = 8.6714e-03, PNorm = 117.7390, GNorm = 0.1485, lr_0 = 2.2725e-05
Loss = 1.1673e-02, PNorm = 117.7397, GNorm = 0.1839, lr_0 = 2.2596e-05
Loss = 7.0398e-03, PNorm = 117.7403, GNorm = 0.1613, lr_0 = 2.2468e-05
Loss = 8.3418e-03, PNorm = 117.7408, GNorm = 0.1847, lr_0 = 2.2341e-05
Loss = 9.5995e-03, PNorm = 117.7411, GNorm = 0.1456, lr_0 = 2.2215e-05
Loss = 7.0052e-03, PNorm = 117.7416, GNorm = 0.1823, lr_0 = 2.2089e-05
Loss = 1.0497e-02, PNorm = 117.7429, GNorm = 0.2333, lr_0 = 2.1964e-05
Loss = 8.7683e-03, PNorm = 117.7440, GNorm = 0.2025, lr_0 = 2.1840e-05
Loss = 7.9240e-03, PNorm = 117.7446, GNorm = 0.2063, lr_0 = 2.1716e-05
Loss = 7.9388e-03, PNorm = 117.7457, GNorm = 0.1757, lr_0 = 2.1594e-05
Loss = 8.6599e-03, PNorm = 117.7461, GNorm = 0.0786, lr_0 = 2.1471e-05
Loss = 7.6174e-03, PNorm = 117.7468, GNorm = 0.2408, lr_0 = 2.1350e-05
Loss = 1.1012e-02, PNorm = 117.7476, GNorm = 0.1860, lr_0 = 2.1229e-05
Validation rmse = 27.783147
Epoch 45
Loss = 1.3739e-02, PNorm = 117.7490, GNorm = 0.4859, lr_0 = 2.1097e-05
Loss = 8.2077e-03, PNorm = 117.7498, GNorm = 0.1878, lr_0 = 2.0978e-05
Loss = 7.5247e-03, PNorm = 117.7505, GNorm = 0.1589, lr_0 = 2.0859e-05
Loss = 7.1536e-03, PNorm = 117.7513, GNorm = 0.2047, lr_0 = 2.0741e-05
Loss = 8.5619e-03, PNorm = 117.7522, GNorm = 0.1300, lr_0 = 2.0624e-05
Loss = 9.0968e-03, PNorm = 117.7531, GNorm = 0.1289, lr_0 = 2.0507e-05
Loss = 7.2666e-03, PNorm = 117.7536, GNorm = 0.1377, lr_0 = 2.0391e-05
Loss = 9.5994e-03, PNorm = 117.7546, GNorm = 0.1752, lr_0 = 2.0276e-05
Loss = 8.4577e-03, PNorm = 117.7556, GNorm = 0.2483, lr_0 = 2.0161e-05
Loss = 8.0618e-03, PNorm = 117.7566, GNorm = 0.2282, lr_0 = 2.0047e-05
Loss = 1.0331e-02, PNorm = 117.7572, GNorm = 0.1180, lr_0 = 1.9934e-05
Loss = 8.1098e-03, PNorm = 117.7577, GNorm = 0.3019, lr_0 = 1.9821e-05
Loss = 8.4913e-03, PNorm = 117.7587, GNorm = 0.2292, lr_0 = 1.9709e-05
Loss = 1.0184e-02, PNorm = 117.7600, GNorm = 0.1442, lr_0 = 1.9597e-05
Loss = 7.9919e-03, PNorm = 117.7610, GNorm = 0.2301, lr_0 = 1.9486e-05
Loss = 7.9823e-03, PNorm = 117.7618, GNorm = 0.1800, lr_0 = 1.9376e-05
Loss = 1.0625e-02, PNorm = 117.7625, GNorm = 0.2207, lr_0 = 1.9267e-05
Validation rmse = 27.851751
Epoch 46
Loss = 6.5355e-03, PNorm = 117.7629, GNorm = 0.1141, lr_0 = 1.9158e-05
Loss = 6.5502e-03, PNorm = 117.7636, GNorm = 0.1650, lr_0 = 1.9049e-05
Loss = 8.6818e-03, PNorm = 117.7643, GNorm = 0.2547, lr_0 = 1.8941e-05
Loss = 1.0925e-02, PNorm = 117.7650, GNorm = 0.2420, lr_0 = 1.8834e-05
Loss = 8.2823e-03, PNorm = 117.7661, GNorm = 0.1821, lr_0 = 1.8728e-05
Loss = 1.0584e-02, PNorm = 117.7672, GNorm = 0.1204, lr_0 = 1.8622e-05
Loss = 8.7038e-03, PNorm = 117.7682, GNorm = 0.1932, lr_0 = 1.8516e-05
Loss = 8.4214e-03, PNorm = 117.7687, GNorm = 0.2548, lr_0 = 1.8412e-05
Loss = 9.5829e-03, PNorm = 117.7697, GNorm = 0.1272, lr_0 = 1.8308e-05
Loss = 7.4281e-03, PNorm = 117.7710, GNorm = 0.1537, lr_0 = 1.8204e-05
Loss = 8.1421e-03, PNorm = 117.7717, GNorm = 0.1227, lr_0 = 1.8101e-05
Loss = 1.1259e-02, PNorm = 117.7724, GNorm = 0.1076, lr_0 = 1.7999e-05
Loss = 9.0104e-03, PNorm = 117.7728, GNorm = 0.2339, lr_0 = 1.7897e-05
Loss = 8.2249e-03, PNorm = 117.7731, GNorm = 0.1459, lr_0 = 1.7796e-05
Loss = 1.0276e-02, PNorm = 117.7737, GNorm = 0.2005, lr_0 = 1.7695e-05
Loss = 7.3574e-03, PNorm = 117.7744, GNorm = 0.1753, lr_0 = 1.7595e-05
Validation rmse = 27.622817
Epoch 47
Loss = 7.5950e-03, PNorm = 117.7749, GNorm = 0.1368, lr_0 = 1.7485e-05
Loss = 6.3287e-03, PNorm = 117.7754, GNorm = 0.2787, lr_0 = 1.7386e-05
Loss = 1.0398e-02, PNorm = 117.7759, GNorm = 0.2508, lr_0 = 1.7288e-05
Loss = 7.8772e-03, PNorm = 117.7766, GNorm = 0.1239, lr_0 = 1.7190e-05
Loss = 6.9935e-03, PNorm = 117.7772, GNorm = 0.1062, lr_0 = 1.7093e-05
Loss = 9.4866e-03, PNorm = 117.7780, GNorm = 0.2080, lr_0 = 1.6996e-05
Loss = 8.2514e-03, PNorm = 117.7788, GNorm = 0.1525, lr_0 = 1.6900e-05
Loss = 6.5702e-03, PNorm = 117.7790, GNorm = 0.1901, lr_0 = 1.6805e-05
Loss = 8.7891e-03, PNorm = 117.7794, GNorm = 0.1329, lr_0 = 1.6710e-05
Loss = 8.3559e-03, PNorm = 117.7803, GNorm = 0.2543, lr_0 = 1.6615e-05
Loss = 8.9376e-03, PNorm = 117.7813, GNorm = 0.0993, lr_0 = 1.6521e-05
Loss = 9.7648e-03, PNorm = 117.7822, GNorm = 0.1842, lr_0 = 1.6428e-05
Loss = 7.3748e-03, PNorm = 117.7827, GNorm = 0.1421, lr_0 = 1.6335e-05
Loss = 1.0707e-02, PNorm = 117.7836, GNorm = 0.1926, lr_0 = 1.6242e-05
Loss = 7.5309e-03, PNorm = 117.7845, GNorm = 0.3177, lr_0 = 1.6150e-05
Loss = 8.7117e-03, PNorm = 117.7854, GNorm = 0.1202, lr_0 = 1.6059e-05
Validation rmse = 27.621086
Epoch 48
Loss = 6.6141e-03, PNorm = 117.7858, GNorm = 0.2034, lr_0 = 1.5968e-05
Loss = 6.8355e-03, PNorm = 117.7862, GNorm = 0.1368, lr_0 = 1.5878e-05
Loss = 7.2988e-03, PNorm = 117.7868, GNorm = 0.1125, lr_0 = 1.5788e-05
Loss = 7.7389e-03, PNorm = 117.7872, GNorm = 0.2124, lr_0 = 1.5699e-05
Loss = 9.1003e-03, PNorm = 117.7878, GNorm = 0.2615, lr_0 = 1.5610e-05
Loss = 1.1073e-02, PNorm = 117.7887, GNorm = 0.1264, lr_0 = 1.5522e-05
Loss = 1.0393e-02, PNorm = 117.7895, GNorm = 0.1542, lr_0 = 1.5434e-05
Loss = 7.7811e-03, PNorm = 117.7901, GNorm = 0.1235, lr_0 = 1.5347e-05
Loss = 7.4267e-03, PNorm = 117.7904, GNorm = 0.2414, lr_0 = 1.5260e-05
Loss = 9.7582e-03, PNorm = 117.7911, GNorm = 0.2575, lr_0 = 1.5173e-05
Loss = 9.2637e-03, PNorm = 117.7918, GNorm = 0.1578, lr_0 = 1.5088e-05
Loss = 8.9333e-03, PNorm = 117.7923, GNorm = 0.1748, lr_0 = 1.5002e-05
Loss = 7.0047e-03, PNorm = 117.7927, GNorm = 0.1675, lr_0 = 1.4917e-05
Loss = 9.9036e-03, PNorm = 117.7933, GNorm = 0.1401, lr_0 = 1.4833e-05
Loss = 7.7031e-03, PNorm = 117.7936, GNorm = 0.4255, lr_0 = 1.4749e-05
Loss = 7.9591e-03, PNorm = 117.7940, GNorm = 0.1983, lr_0 = 1.4666e-05
Loss = 6.3042e-03, PNorm = 117.7945, GNorm = 0.1329, lr_0 = 1.4583e-05
Loss = 8.3281e-03, PNorm = 117.7946, GNorm = 0.2272, lr_0 = 1.4574e-05
Validation rmse = 27.723245
Epoch 49
Loss = 8.1624e-03, PNorm = 117.7952, GNorm = 0.1944, lr_0 = 1.4492e-05
Loss = 7.5673e-03, PNorm = 117.7956, GNorm = 0.1360, lr_0 = 1.4410e-05
Loss = 8.9444e-03, PNorm = 117.7962, GNorm = 0.1405, lr_0 = 1.4328e-05
Loss = 7.8153e-03, PNorm = 117.7967, GNorm = 0.1885, lr_0 = 1.4247e-05
Loss = 7.5959e-03, PNorm = 117.7973, GNorm = 0.1653, lr_0 = 1.4167e-05
Loss = 1.0624e-02, PNorm = 117.7978, GNorm = 0.2927, lr_0 = 1.4087e-05
Loss = 7.0524e-03, PNorm = 117.7982, GNorm = 0.1368, lr_0 = 1.4007e-05
Loss = 8.7996e-03, PNorm = 117.7986, GNorm = 0.2608, lr_0 = 1.3928e-05
Loss = 8.4306e-03, PNorm = 117.7990, GNorm = 0.1453, lr_0 = 1.3849e-05
Loss = 9.1693e-03, PNorm = 117.7998, GNorm = 0.2438, lr_0 = 1.3771e-05
Loss = 7.4720e-03, PNorm = 117.8000, GNorm = 0.1136, lr_0 = 1.3693e-05
Loss = 1.0658e-02, PNorm = 117.8006, GNorm = 0.1236, lr_0 = 1.3669e-05
Loss = 7.6024e-03, PNorm = 117.8012, GNorm = 0.1649, lr_0 = 1.3669e-05
Loss = 7.2318e-03, PNorm = 117.8019, GNorm = 0.1339, lr_0 = 1.3669e-05
Loss = 9.6711e-03, PNorm = 117.8028, GNorm = 0.1284, lr_0 = 1.3669e-05
Loss = 7.8340e-03, PNorm = 117.8036, GNorm = 0.1896, lr_0 = 1.3669e-05
Validation rmse = 27.689666
Model 0 best validation rmse = 27.621086 on epoch 47
Loading pretrained parameter "encoder.encoder.0.cached_zero_vector".
Loading pretrained parameter "encoder.encoder.0.W_i.weight".
Loading pretrained parameter "encoder.encoder.0.W_h.weight".
Loading pretrained parameter "encoder.encoder.0.W_o.weight".
Loading pretrained parameter "encoder.encoder.0.W_o.bias".
Loading pretrained parameter "encoder.encoder.1.cached_zero_vector".
Loading pretrained parameter "encoder.encoder.1.W_i.weight".
Loading pretrained parameter "encoder.encoder.1.W_h.weight".
Loading pretrained parameter "encoder.encoder.1.W_o.weight".
Loading pretrained parameter "encoder.encoder.1.W_o.bias".
Loading pretrained parameter "ffn.1.weight".
Loading pretrained parameter "ffn.1.bias".
Loading pretrained parameter "ffn.4.weight".
Loading pretrained parameter "ffn.4.bias".
Moving model to cuda
Model 0 test rmse = 26.147353
Ensemble test rmse = 26.147353
1-fold cross validation
	Seed 0 ==> test rmse = 26.147353
Overall test rmse = 26.147353 +/- 0.000000
Elapsed time = 0:41:50
