Command line
python /home/kpg/chemprop/train.py --data_path ../../../data/splits/lambda_max_abs/deep4chem/group_by_smiles/smiles_target_train.csv --dataset_type regression --save_dir /home/kimele03/uvvisml/uvvisml/models/log_lifetime_checkpoints/random/results/507325/49671680 --config_path /home/kimele03/uvvisml/uvvisml/models/log_lifetime_checkpoints/random/results/507325/49671680/hyperopt.json --metric rmse --epochs 50 --gpu 0 --ensemble_size 1 --separate_val_path ../../../data/splits/lambda_max_abs/deep4chem/group_by_smiles/smiles_target_val.csv --separate_test_path ../../../data/splits/lambda_max_abs/deep4chem/group_by_smiles/smiles_target_test.csv --number_of_molecules 2
Args
{'activation': 'ReLU',
 'aggregation': 'mean',
 'aggregation_norm': 100,
 'atom_descriptor_scaling': True,
 'atom_descriptors': None,
 'atom_descriptors_path': None,
 'atom_descriptors_size': 0,
 'atom_features_size': 0,
 'atom_messages': False,
 'batch_size': 77,
 'bias': False,
 'bond_feature_scaling': True,
 'bond_features_path': None,
 'bond_features_size': 0,
 'cache_cutoff': 10000,
 'checkpoint_dir': None,
 'checkpoint_frzn': None,
 'checkpoint_path': None,
 'checkpoint_paths': None,
 'class_balance': False,
 'config_path': '/home/kimele03/uvvisml/uvvisml/models/log_lifetime_checkpoints/random/results/507325/49671680/hyperopt.json',
 'crossval_index_dir': None,
 'crossval_index_file': None,
 'crossval_index_sets': None,
 'cuda': True,
 'data_path': '../../../data/splits/lambda_max_abs/deep4chem/group_by_smiles/smiles_target_train.csv',
 'data_weights_path': None,
 'dataset_type': 'regression',
 'depth': 6,
 'device': device(type='cuda', index=0),
 'dropout': 0.0,
 'empty_cache': False,
 'ensemble_size': 1,
 'epochs': 50,
 'explicit_h': False,
 'extra_metrics': [],
 'features_generator': None,
 'features_only': False,
 'features_path': None,
 'features_scaling': True,
 'features_size': None,
 'ffn_hidden_size': 832,
 'ffn_num_layers': 2,
 'final_lr': 1.4953207161182508e-05,
 'folds_file': None,
 'freeze_first_only': False,
 'frzn_ffn_layers': 0,
 'gpu': 0,
 'grad_clip': None,
 'hidden_size': 577,
 'ignore_columns': None,
 'init_lr': 3.6694192555294784e-07,
 'log_frequency': 10,
 'max_data_size': None,
 'max_lr': 0.0001813425355612387,
 'metric': 'rmse',
 'metrics': ['rmse'],
 'minimize_score': True,
 'mpn_shared': False,
 'multiclass_num_classes': 3,
 'no_atom_descriptor_scaling': False,
 'no_bond_features_scaling': False,
 'no_cache_mol': False,
 'no_cuda': False,
 'no_features_scaling': False,
 'num_folds': 1,
 'num_lrs': 1,
 'num_tasks': 1,
 'num_workers': 8,
 'number_of_molecules': 2,
 'overwrite_default_atom_features': False,
 'overwrite_default_bond_features': False,
 'pytorch_seed': 0,
 'quiet': False,
 'reaction': False,
 'reaction_mode': 'reac_diff',
 'resume_experiment': False,
 'save_dir': '/home/kimele03/uvvisml/uvvisml/models/log_lifetime_checkpoints/random/results/507325/49671680',
 'save_preds': False,
 'save_smiles_splits': False,
 'seed': 0,
 'separate_test_atom_descriptors_path': None,
 'separate_test_bond_features_path': None,
 'separate_test_features_path': None,
 'separate_test_path': '../../../data/splits/lambda_max_abs/deep4chem/group_by_smiles/smiles_target_test.csv',
 'separate_val_atom_descriptors_path': None,
 'separate_val_bond_features_path': None,
 'separate_val_features_path': None,
 'separate_val_path': '../../../data/splits/lambda_max_abs/deep4chem/group_by_smiles/smiles_target_val.csv',
 'show_individual_scores': False,
 'smiles_columns': ['smiles', 'solvent'],
 'split_sizes': (0.8, 0.1, 0.1),
 'split_type': 'random',
 'target_columns': None,
 'target_weights': None,
 'task_names': ['peakwavs_max'],
 'test': False,
 'test_fold_index': None,
 'train_data_size': None,
 'undirected': False,
 'use_input_features': False,
 'val_fold_index': None,
 'warmup_epochs': 4}
Loading data
Number of tasks = 1
Fold 0
Splitting data with seed 0
Total size = 13,242 | train size = 13,242 | val size = 1,633 | test size = 1,710
Fitting scaler
Building model 0
MoleculeModel(
  (encoder): MPN(
    (encoder): ModuleList(
      (0): MPNEncoder(
        (dropout_layer): Dropout(p=0.0, inplace=False)
        (act_func): ReLU()
        (W_i): Linear(in_features=147, out_features=577, bias=False)
        (W_h): Linear(in_features=577, out_features=577, bias=False)
        (W_o): Linear(in_features=710, out_features=577, bias=True)
      )
      (1): MPNEncoder(
        (dropout_layer): Dropout(p=0.0, inplace=False)
        (act_func): ReLU()
        (W_i): Linear(in_features=147, out_features=577, bias=False)
        (W_h): Linear(in_features=577, out_features=577, bias=False)
        (W_o): Linear(in_features=710, out_features=577, bias=True)
      )
    )
  )
  (ffn): Sequential(
    (0): Dropout(p=0.0, inplace=False)
    (1): Linear(in_features=1154, out_features=832, bias=True)
    (2): ReLU()
    (3): Dropout(p=0.0, inplace=False)
    (4): Linear(in_features=832, out_features=1, bias=True)
  )
)
Number of parameters = 2,618,937
Moving model to cuda
Epoch 0
Loss = 1.1314e+00, PNorm = 62.2227, GNorm = 10.3137, lr_0 = 3.2774e-06
Loss = 9.3821e-01, PNorm = 62.2227, GNorm = 4.7794, lr_0 = 5.9232e-06
Loss = 8.9280e-01, PNorm = 62.2227, GNorm = 2.3774, lr_0 = 8.5691e-06
Loss = 1.1368e+00, PNorm = 62.2229, GNorm = 4.0016, lr_0 = 1.1215e-05
Loss = 9.1349e-01, PNorm = 62.2230, GNorm = 14.4351, lr_0 = 1.3861e-05
Loss = 7.7684e-01, PNorm = 62.2234, GNorm = 7.2785, lr_0 = 1.6507e-05
Loss = 7.3059e-01, PNorm = 62.2237, GNorm = 2.2721, lr_0 = 1.9152e-05
Loss = 8.2754e-01, PNorm = 62.2242, GNorm = 4.1673, lr_0 = 2.1798e-05
Loss = 8.0369e-01, PNorm = 62.2249, GNorm = 1.8635, lr_0 = 2.4444e-05
Loss = 7.6161e-01, PNorm = 62.2259, GNorm = 3.5239, lr_0 = 2.7090e-05
Loss = 7.7706e-01, PNorm = 62.2271, GNorm = 2.2175, lr_0 = 2.9736e-05
Loss = 6.9737e-01, PNorm = 62.2282, GNorm = 3.5719, lr_0 = 3.2382e-05
Loss = 7.0723e-01, PNorm = 62.2294, GNorm = 2.0607, lr_0 = 3.5027e-05
Loss = 7.1441e-01, PNorm = 62.2306, GNorm = 13.3570, lr_0 = 3.7673e-05
Loss = 6.8005e-01, PNorm = 62.2324, GNorm = 19.1474, lr_0 = 4.0319e-05
Loss = 6.3384e-01, PNorm = 62.2342, GNorm = 14.2669, lr_0 = 4.2965e-05
Loss = 4.6989e-01, PNorm = 62.2360, GNorm = 17.4736, lr_0 = 4.5611e-05
Validation rmse = 80.966431
Epoch 1
Loss = 6.3674e-01, PNorm = 62.2386, GNorm = 22.2610, lr_0 = 4.8521e-05
Loss = 7.2168e-01, PNorm = 62.2406, GNorm = 11.8196, lr_0 = 5.1167e-05
Loss = 6.5407e-01, PNorm = 62.2428, GNorm = 29.2671, lr_0 = 5.3813e-05
Loss = 4.8234e-01, PNorm = 62.2458, GNorm = 7.0275, lr_0 = 5.6459e-05
Loss = 5.8386e-01, PNorm = 62.2487, GNorm = 2.7858, lr_0 = 5.9105e-05
Loss = 4.6982e-01, PNorm = 62.2520, GNorm = 2.0489, lr_0 = 6.1750e-05
Loss = 4.8441e-01, PNorm = 62.2561, GNorm = 20.3100, lr_0 = 6.4396e-05
Loss = 4.1545e-01, PNorm = 62.2598, GNorm = 13.7702, lr_0 = 6.7042e-05
Loss = 5.0601e-01, PNorm = 62.2623, GNorm = 11.7063, lr_0 = 6.9688e-05
Loss = 5.0293e-01, PNorm = 62.2651, GNorm = 3.8817, lr_0 = 7.2334e-05
Loss = 6.1178e-01, PNorm = 62.2687, GNorm = 24.4000, lr_0 = 7.4980e-05
Loss = 4.9018e-01, PNorm = 62.2724, GNorm = 10.6280, lr_0 = 7.7626e-05
Loss = 4.7455e-01, PNorm = 62.2762, GNorm = 10.9744, lr_0 = 8.0271e-05
Loss = 4.4453e-01, PNorm = 62.2805, GNorm = 27.0451, lr_0 = 8.2917e-05
Loss = 4.7523e-01, PNorm = 62.2842, GNorm = 26.0875, lr_0 = 8.5563e-05
Loss = 4.6335e-01, PNorm = 62.2882, GNorm = 3.0806, lr_0 = 8.8209e-05
Loss = 4.1914e-01, PNorm = 62.2931, GNorm = 15.2502, lr_0 = 9.0855e-05
Validation rmse = 68.756073
Epoch 2
Loss = 3.7118e-01, PNorm = 62.2996, GNorm = 6.1583, lr_0 = 9.3501e-05
Loss = 3.6782e-01, PNorm = 62.3052, GNorm = 17.8088, lr_0 = 9.6146e-05
Loss = 3.2840e-01, PNorm = 62.3116, GNorm = 16.7437, lr_0 = 9.8792e-05
Loss = 3.3821e-01, PNorm = 62.3159, GNorm = 7.6588, lr_0 = 1.0144e-04
Loss = 3.7591e-01, PNorm = 62.3202, GNorm = 32.1649, lr_0 = 1.0408e-04
Loss = 3.6199e-01, PNorm = 62.3250, GNorm = 6.0870, lr_0 = 1.0673e-04
Loss = 3.9142e-01, PNorm = 62.3286, GNorm = 17.6438, lr_0 = 1.0938e-04
Loss = 3.8872e-01, PNorm = 62.3352, GNorm = 37.6592, lr_0 = 1.1202e-04
Loss = 2.9094e-01, PNorm = 62.3416, GNorm = 4.3222, lr_0 = 1.1467e-04
Loss = 3.6664e-01, PNorm = 62.3493, GNorm = 24.6313, lr_0 = 1.1731e-04
Loss = 3.4560e-01, PNorm = 62.3562, GNorm = 42.2795, lr_0 = 1.1996e-04
Loss = 3.3115e-01, PNorm = 62.3633, GNorm = 18.7678, lr_0 = 1.2260e-04
Loss = 3.4724e-01, PNorm = 62.3700, GNorm = 25.7077, lr_0 = 1.2525e-04
Loss = 4.1382e-01, PNorm = 62.3760, GNorm = 21.9002, lr_0 = 1.2790e-04
Loss = 3.7539e-01, PNorm = 62.3825, GNorm = 5.1109, lr_0 = 1.3054e-04
Loss = 3.4261e-01, PNorm = 62.3909, GNorm = 15.3414, lr_0 = 1.3319e-04
Loss = 3.4253e-01, PNorm = 62.3970, GNorm = 15.8020, lr_0 = 1.3583e-04
Validation rmse = 62.318095
Epoch 3
Loss = 2.6493e-01, PNorm = 62.4033, GNorm = 12.6979, lr_0 = 1.3848e-04
Loss = 2.7179e-01, PNorm = 62.4102, GNorm = 10.5370, lr_0 = 1.4113e-04
Loss = 2.4782e-01, PNorm = 62.4182, GNorm = 9.7476, lr_0 = 1.4377e-04
Loss = 2.7172e-01, PNorm = 62.4260, GNorm = 14.0541, lr_0 = 1.4642e-04
Loss = 2.8018e-01, PNorm = 62.4326, GNorm = 7.4905, lr_0 = 1.4906e-04
Loss = 2.9042e-01, PNorm = 62.4403, GNorm = 12.7815, lr_0 = 1.5171e-04
Loss = 2.8445e-01, PNorm = 62.4469, GNorm = 18.9954, lr_0 = 1.5435e-04
Loss = 2.7806e-01, PNorm = 62.4550, GNorm = 18.7882, lr_0 = 1.5700e-04
Loss = 3.9018e-01, PNorm = 62.4639, GNorm = 19.4039, lr_0 = 1.5965e-04
Loss = 3.3952e-01, PNorm = 62.4732, GNorm = 23.8149, lr_0 = 1.6229e-04
Loss = 2.4722e-01, PNorm = 62.4816, GNorm = 15.0890, lr_0 = 1.6494e-04
Loss = 3.0345e-01, PNorm = 62.4895, GNorm = 24.0378, lr_0 = 1.6758e-04
Loss = 2.5284e-01, PNorm = 62.4986, GNorm = 14.9497, lr_0 = 1.7023e-04
Loss = 2.6967e-01, PNorm = 62.5065, GNorm = 13.8823, lr_0 = 1.7288e-04
Loss = 2.8156e-01, PNorm = 62.5171, GNorm = 22.1794, lr_0 = 1.7552e-04
Loss = 2.9439e-01, PNorm = 62.5260, GNorm = 5.0837, lr_0 = 1.7817e-04
Loss = 2.6753e-01, PNorm = 62.5354, GNorm = 25.0552, lr_0 = 1.8081e-04
Validation rmse = 59.731144
Epoch 4
Loss = 2.3423e-01, PNorm = 62.5449, GNorm = 8.6265, lr_0 = 1.8088e-04
Loss = 2.5001e-01, PNorm = 62.5546, GNorm = 13.0681, lr_0 = 1.8031e-04
Loss = 2.5387e-01, PNorm = 62.5628, GNorm = 5.8481, lr_0 = 1.7974e-04
Loss = 2.3091e-01, PNorm = 62.5720, GNorm = 25.5183, lr_0 = 1.7917e-04
Loss = 2.4909e-01, PNorm = 62.5807, GNorm = 7.4619, lr_0 = 1.7860e-04
Loss = 2.6777e-01, PNorm = 62.5904, GNorm = 15.2613, lr_0 = 1.7804e-04
Loss = 2.4596e-01, PNorm = 62.5991, GNorm = 2.6015, lr_0 = 1.7747e-04
Loss = 2.1578e-01, PNorm = 62.6068, GNorm = 8.6182, lr_0 = 1.7691e-04
Loss = 1.7131e-01, PNorm = 62.6130, GNorm = 3.7387, lr_0 = 1.7635e-04
Loss = 1.8477e-01, PNorm = 62.6187, GNorm = 14.1163, lr_0 = 1.7579e-04
Loss = 2.2131e-01, PNorm = 62.6240, GNorm = 3.3198, lr_0 = 1.7523e-04
Loss = 2.5680e-01, PNorm = 62.6319, GNorm = 16.0535, lr_0 = 1.7468e-04
Loss = 2.3051e-01, PNorm = 62.6393, GNorm = 19.5679, lr_0 = 1.7413e-04
Loss = 1.7624e-01, PNorm = 62.6469, GNorm = 13.1264, lr_0 = 1.7357e-04
Loss = 2.2151e-01, PNorm = 62.6511, GNorm = 7.0189, lr_0 = 1.7302e-04
Loss = 1.8169e-01, PNorm = 62.6577, GNorm = 10.2534, lr_0 = 1.7248e-04
Loss = 1.9599e-01, PNorm = 62.6657, GNorm = 15.8341, lr_0 = 1.7193e-04
Validation rmse = 50.130858
Epoch 5
Loss = 2.0064e-01, PNorm = 62.6723, GNorm = 4.5148, lr_0 = 1.7139e-04
Loss = 1.7839e-01, PNorm = 62.6809, GNorm = 10.3711, lr_0 = 1.7084e-04
Loss = 1.6828e-01, PNorm = 62.6884, GNorm = 7.5766, lr_0 = 1.7030e-04
Loss = 2.0852e-01, PNorm = 62.6951, GNorm = 2.5610, lr_0 = 1.6976e-04
Loss = 2.2309e-01, PNorm = 62.7014, GNorm = 19.4108, lr_0 = 1.6922e-04
Loss = 1.8468e-01, PNorm = 62.7087, GNorm = 13.1783, lr_0 = 1.6869e-04
Loss = 1.8885e-01, PNorm = 62.7164, GNorm = 12.2524, lr_0 = 1.6815e-04
Loss = 1.9162e-01, PNorm = 62.7247, GNorm = 11.0519, lr_0 = 1.6762e-04
Loss = 1.7842e-01, PNorm = 62.7315, GNorm = 2.7624, lr_0 = 1.6709e-04
Loss = 2.0877e-01, PNorm = 62.7376, GNorm = 2.6089, lr_0 = 1.6656e-04
Loss = 1.8956e-01, PNorm = 62.7433, GNorm = 3.2977, lr_0 = 1.6603e-04
Loss = 1.9516e-01, PNorm = 62.7503, GNorm = 14.9340, lr_0 = 1.6551e-04
Loss = 1.9896e-01, PNorm = 62.7551, GNorm = 25.6850, lr_0 = 1.6498e-04
Loss = 1.9811e-01, PNorm = 62.7613, GNorm = 4.9462, lr_0 = 1.6446e-04
Loss = 2.2832e-01, PNorm = 62.7701, GNorm = 22.2267, lr_0 = 1.6394e-04
Loss = 1.7756e-01, PNorm = 62.7768, GNorm = 11.2170, lr_0 = 1.6342e-04
Loss = 1.5777e-01, PNorm = 62.7843, GNorm = 11.1497, lr_0 = 1.6290e-04
Loss = 1.8543e-01, PNorm = 62.7905, GNorm = 16.3357, lr_0 = 1.6239e-04
Validation rmse = 50.920520
Epoch 6
Loss = 1.8409e-01, PNorm = 62.7967, GNorm = 11.9343, lr_0 = 1.6187e-04
Loss = 1.5621e-01, PNorm = 62.8039, GNorm = 15.1872, lr_0 = 1.6136e-04
Loss = 1.4305e-01, PNorm = 62.8116, GNorm = 7.9539, lr_0 = 1.6085e-04
Loss = 1.6316e-01, PNorm = 62.8197, GNorm = 11.8656, lr_0 = 1.6034e-04
Loss = 1.6519e-01, PNorm = 62.8266, GNorm = 11.3591, lr_0 = 1.5983e-04
Loss = 1.5522e-01, PNorm = 62.8335, GNorm = 4.0626, lr_0 = 1.5933e-04
Loss = 2.1037e-01, PNorm = 62.8383, GNorm = 11.5658, lr_0 = 1.5882e-04
Loss = 1.7057e-01, PNorm = 62.8466, GNorm = 16.5289, lr_0 = 1.5832e-04
Loss = 2.0983e-01, PNorm = 62.8563, GNorm = 3.5515, lr_0 = 1.5782e-04
Loss = 1.9770e-01, PNorm = 62.8646, GNorm = 15.8466, lr_0 = 1.5732e-04
Loss = 1.7373e-01, PNorm = 62.8726, GNorm = 5.3260, lr_0 = 1.5682e-04
Loss = 1.7974e-01, PNorm = 62.8787, GNorm = 6.6604, lr_0 = 1.5632e-04
Loss = 1.3642e-01, PNorm = 62.8868, GNorm = 1.8470, lr_0 = 1.5583e-04
Loss = 1.6622e-01, PNorm = 62.8932, GNorm = 2.8630, lr_0 = 1.5533e-04
Loss = 1.6683e-01, PNorm = 62.9006, GNorm = 6.5536, lr_0 = 1.5484e-04
Loss = 1.4462e-01, PNorm = 62.9081, GNorm = 5.9198, lr_0 = 1.5435e-04
Loss = 1.4457e-01, PNorm = 62.9130, GNorm = 17.7495, lr_0 = 1.5386e-04
Validation rmse = 45.931883
Epoch 7
Loss = 1.1079e-01, PNorm = 62.9182, GNorm = 3.5227, lr_0 = 1.5337e-04
Loss = 1.3029e-01, PNorm = 62.9242, GNorm = 5.8075, lr_0 = 1.5289e-04
Loss = 1.4941e-01, PNorm = 62.9315, GNorm = 14.5718, lr_0 = 1.5240e-04
Loss = 1.2043e-01, PNorm = 62.9382, GNorm = 5.2862, lr_0 = 1.5192e-04
Loss = 1.5062e-01, PNorm = 62.9451, GNorm = 4.9787, lr_0 = 1.5144e-04
Loss = 1.4062e-01, PNorm = 62.9512, GNorm = 15.7439, lr_0 = 1.5096e-04
Loss = 1.6984e-01, PNorm = 62.9581, GNorm = 3.6877, lr_0 = 1.5048e-04
Loss = 1.4212e-01, PNorm = 62.9644, GNorm = 7.2597, lr_0 = 1.5001e-04
Loss = 1.6258e-01, PNorm = 62.9701, GNorm = 7.9202, lr_0 = 1.4953e-04
Loss = 1.3488e-01, PNorm = 62.9771, GNorm = 11.3579, lr_0 = 1.4906e-04
Loss = 1.4491e-01, PNorm = 62.9834, GNorm = 4.4268, lr_0 = 1.4858e-04
Loss = 1.4079e-01, PNorm = 62.9905, GNorm = 11.2896, lr_0 = 1.4811e-04
Loss = 1.5451e-01, PNorm = 62.9978, GNorm = 3.4554, lr_0 = 1.4765e-04
Loss = 1.1915e-01, PNorm = 63.0038, GNorm = 5.5605, lr_0 = 1.4718e-04
Loss = 1.1202e-01, PNorm = 63.0094, GNorm = 3.5421, lr_0 = 1.4671e-04
Loss = 1.6940e-01, PNorm = 63.0153, GNorm = 4.1157, lr_0 = 1.4625e-04
Loss = 1.2798e-01, PNorm = 63.0223, GNorm = 19.3842, lr_0 = 1.4578e-04
Validation rmse = 45.065511
Epoch 8
Loss = 1.1614e-01, PNorm = 63.0285, GNorm = 6.0512, lr_0 = 1.4532e-04
Loss = 1.2682e-01, PNorm = 63.0350, GNorm = 7.8283, lr_0 = 1.4486e-04
Loss = 1.2728e-01, PNorm = 63.0410, GNorm = 13.4422, lr_0 = 1.4440e-04
Loss = 1.2701e-01, PNorm = 63.0462, GNorm = 7.5133, lr_0 = 1.4395e-04
Loss = 1.2949e-01, PNorm = 63.0516, GNorm = 8.9085, lr_0 = 1.4349e-04
Loss = 1.2477e-01, PNorm = 63.0558, GNorm = 3.4805, lr_0 = 1.4303e-04
Loss = 1.1211e-01, PNorm = 63.0620, GNorm = 7.2386, lr_0 = 1.4258e-04
Loss = 1.5214e-01, PNorm = 63.0699, GNorm = 14.1334, lr_0 = 1.4213e-04
Loss = 1.4176e-01, PNorm = 63.0769, GNorm = 15.6222, lr_0 = 1.4168e-04
Loss = 1.4385e-01, PNorm = 63.0817, GNorm = 6.7173, lr_0 = 1.4123e-04
Loss = 1.1851e-01, PNorm = 63.0870, GNorm = 2.6552, lr_0 = 1.4078e-04
Loss = 1.0846e-01, PNorm = 63.0933, GNorm = 14.4809, lr_0 = 1.4034e-04
Loss = 1.1324e-01, PNorm = 63.0975, GNorm = 7.4598, lr_0 = 1.3989e-04
Loss = 1.3303e-01, PNorm = 63.1029, GNorm = 7.2508, lr_0 = 1.3945e-04
Loss = 1.1523e-01, PNorm = 63.1076, GNorm = 4.1122, lr_0 = 1.3901e-04
Loss = 1.5751e-01, PNorm = 63.1135, GNorm = 3.6242, lr_0 = 1.3857e-04
Loss = 1.4947e-01, PNorm = 63.1182, GNorm = 3.6230, lr_0 = 1.3813e-04
Validation rmse = 46.685790
Epoch 9
Loss = 1.4664e-01, PNorm = 63.1243, GNorm = 17.9340, lr_0 = 1.3769e-04
Loss = 1.5369e-01, PNorm = 63.1315, GNorm = 18.9270, lr_0 = 1.3726e-04
Loss = 1.1653e-01, PNorm = 63.1385, GNorm = 2.0676, lr_0 = 1.3682e-04
Loss = 9.2292e-02, PNorm = 63.1457, GNorm = 2.8554, lr_0 = 1.3639e-04
Loss = 9.8128e-02, PNorm = 63.1508, GNorm = 7.3107, lr_0 = 1.3596e-04
Loss = 1.3465e-01, PNorm = 63.1550, GNorm = 11.8670, lr_0 = 1.3552e-04
Loss = 1.1588e-01, PNorm = 63.1590, GNorm = 1.8060, lr_0 = 1.3510e-04
Loss = 1.1918e-01, PNorm = 63.1647, GNorm = 10.1991, lr_0 = 1.3467e-04
Loss = 1.0254e-01, PNorm = 63.1707, GNorm = 2.0502, lr_0 = 1.3424e-04
Loss = 9.8452e-02, PNorm = 63.1752, GNorm = 3.1836, lr_0 = 1.3382e-04
Loss = 9.0091e-02, PNorm = 63.1794, GNorm = 6.2821, lr_0 = 1.3339e-04
Loss = 1.0554e-01, PNorm = 63.1845, GNorm = 2.8577, lr_0 = 1.3297e-04
Loss = 9.8091e-02, PNorm = 63.1880, GNorm = 8.2584, lr_0 = 1.3255e-04
Loss = 1.2949e-01, PNorm = 63.1908, GNorm = 3.8033, lr_0 = 1.3213e-04
Loss = 1.0851e-01, PNorm = 63.1967, GNorm = 6.8636, lr_0 = 1.3171e-04
Loss = 1.1716e-01, PNorm = 63.2035, GNorm = 9.1158, lr_0 = 1.3129e-04
Loss = 1.0685e-01, PNorm = 63.2098, GNorm = 4.1864, lr_0 = 1.3088e-04
Validation rmse = 41.972864
Epoch 10
Loss = 1.1043e-01, PNorm = 63.2142, GNorm = 6.9310, lr_0 = 1.3046e-04
Loss = 9.3866e-02, PNorm = 63.2188, GNorm = 12.7665, lr_0 = 1.3005e-04
Loss = 1.2107e-01, PNorm = 63.2232, GNorm = 11.2538, lr_0 = 1.2964e-04
Loss = 1.0026e-01, PNorm = 63.2276, GNorm = 2.6487, lr_0 = 1.2923e-04
Loss = 8.7861e-02, PNorm = 63.2320, GNorm = 1.9414, lr_0 = 1.2882e-04
Loss = 9.8398e-02, PNorm = 63.2369, GNorm = 3.2807, lr_0 = 1.2841e-04
Loss = 1.3996e-01, PNorm = 63.2410, GNorm = 6.4336, lr_0 = 1.2800e-04
Loss = 1.0373e-01, PNorm = 63.2449, GNorm = 3.0230, lr_0 = 1.2760e-04
Loss = 1.1227e-01, PNorm = 63.2484, GNorm = 4.2450, lr_0 = 1.2719e-04
Loss = 1.0844e-01, PNorm = 63.2539, GNorm = 12.5934, lr_0 = 1.2679e-04
Loss = 9.8659e-02, PNorm = 63.2596, GNorm = 4.4064, lr_0 = 1.2639e-04
Loss = 1.0776e-01, PNorm = 63.2645, GNorm = 11.5597, lr_0 = 1.2599e-04
Loss = 1.3572e-01, PNorm = 63.2693, GNorm = 11.4555, lr_0 = 1.2559e-04
Loss = 1.2626e-01, PNorm = 63.2726, GNorm = 9.7350, lr_0 = 1.2519e-04
Loss = 9.1121e-02, PNorm = 63.2775, GNorm = 3.5351, lr_0 = 1.2479e-04
Loss = 1.1176e-01, PNorm = 63.2828, GNorm = 11.2387, lr_0 = 1.2440e-04
Loss = 8.1421e-02, PNorm = 63.2878, GNorm = 2.9195, lr_0 = 1.2401e-04
Loss = 8.5576e-02, PNorm = 63.2923, GNorm = 5.3259, lr_0 = 1.2361e-04
Validation rmse = 39.003251
Epoch 11
Loss = 8.4681e-02, PNorm = 63.2960, GNorm = 2.3233, lr_0 = 1.2322e-04
Loss = 9.5235e-02, PNorm = 63.2990, GNorm = 4.8820, lr_0 = 1.2283e-04
Loss = 1.2475e-01, PNorm = 63.3031, GNorm = 10.0495, lr_0 = 1.2244e-04
Loss = 1.0711e-01, PNorm = 63.3079, GNorm = 7.6294, lr_0 = 1.2205e-04
Loss = 9.5326e-02, PNorm = 63.3125, GNorm = 16.5638, lr_0 = 1.2167e-04
Loss = 1.1552e-01, PNorm = 63.3165, GNorm = 2.6810, lr_0 = 1.2128e-04
Loss = 1.1569e-01, PNorm = 63.3220, GNorm = 14.5625, lr_0 = 1.2090e-04
Loss = 1.0999e-01, PNorm = 63.3273, GNorm = 6.5786, lr_0 = 1.2051e-04
Loss = 1.1864e-01, PNorm = 63.3313, GNorm = 7.5118, lr_0 = 1.2013e-04
Loss = 1.1275e-01, PNorm = 63.3351, GNorm = 8.7099, lr_0 = 1.1975e-04
Loss = 9.5933e-02, PNorm = 63.3387, GNorm = 3.6588, lr_0 = 1.1937e-04
Loss = 8.3536e-02, PNorm = 63.3421, GNorm = 7.9294, lr_0 = 1.1900e-04
Loss = 1.0450e-01, PNorm = 63.3462, GNorm = 9.9709, lr_0 = 1.1862e-04
Loss = 8.9424e-02, PNorm = 63.3518, GNorm = 4.0573, lr_0 = 1.1824e-04
Loss = 8.3133e-02, PNorm = 63.3558, GNorm = 7.8859, lr_0 = 1.1787e-04
Loss = 8.2939e-02, PNorm = 63.3596, GNorm = 7.5036, lr_0 = 1.1749e-04
Loss = 7.7975e-02, PNorm = 63.3635, GNorm = 4.0478, lr_0 = 1.1712e-04
Validation rmse = 42.770973
Epoch 12
Loss = 1.1983e-01, PNorm = 63.3679, GNorm = 17.3895, lr_0 = 1.1675e-04
Loss = 1.2015e-01, PNorm = 63.3724, GNorm = 2.5896, lr_0 = 1.1638e-04
Loss = 1.0493e-01, PNorm = 63.3774, GNorm = 2.7331, lr_0 = 1.1601e-04
Loss = 7.7057e-02, PNorm = 63.3818, GNorm = 1.4598, lr_0 = 1.1565e-04
Loss = 7.6251e-02, PNorm = 63.3851, GNorm = 6.0518, lr_0 = 1.1528e-04
Loss = 7.6649e-02, PNorm = 63.3885, GNorm = 2.0735, lr_0 = 1.1491e-04
Loss = 8.6495e-02, PNorm = 63.3916, GNorm = 6.8370, lr_0 = 1.1455e-04
Loss = 7.7387e-02, PNorm = 63.3951, GNorm = 4.7467, lr_0 = 1.1419e-04
Loss = 9.5702e-02, PNorm = 63.3987, GNorm = 8.8957, lr_0 = 1.1383e-04
Loss = 7.5543e-02, PNorm = 63.4024, GNorm = 2.5599, lr_0 = 1.1347e-04
Loss = 9.2166e-02, PNorm = 63.4067, GNorm = 6.7587, lr_0 = 1.1311e-04
Loss = 7.7621e-02, PNorm = 63.4108, GNorm = 5.3424, lr_0 = 1.1275e-04
Loss = 6.4939e-02, PNorm = 63.4146, GNorm = 1.0244, lr_0 = 1.1239e-04
Loss = 7.1256e-02, PNorm = 63.4178, GNorm = 2.0915, lr_0 = 1.1203e-04
Loss = 8.6374e-02, PNorm = 63.4222, GNorm = 7.4535, lr_0 = 1.1168e-04
Loss = 9.4175e-02, PNorm = 63.4250, GNorm = 6.7137, lr_0 = 1.1133e-04
Loss = 9.5549e-02, PNorm = 63.4289, GNorm = 7.1187, lr_0 = 1.1097e-04
Validation rmse = 40.065892
Epoch 13
Loss = 8.5861e-02, PNorm = 63.4321, GNorm = 1.4243, lr_0 = 1.1062e-04
Loss = 7.0481e-02, PNorm = 63.4367, GNorm = 3.4865, lr_0 = 1.1027e-04
Loss = 7.3326e-02, PNorm = 63.4403, GNorm = 10.1971, lr_0 = 1.0992e-04
Loss = 7.7150e-02, PNorm = 63.4431, GNorm = 2.7123, lr_0 = 1.0957e-04
Loss = 6.9339e-02, PNorm = 63.4463, GNorm = 4.8936, lr_0 = 1.0923e-04
Loss = 6.4955e-02, PNorm = 63.4504, GNorm = 1.5922, lr_0 = 1.0888e-04
Loss = 8.5527e-02, PNorm = 63.4528, GNorm = 4.0441, lr_0 = 1.0854e-04
Loss = 8.0731e-02, PNorm = 63.4542, GNorm = 13.8006, lr_0 = 1.0819e-04
Loss = 8.1643e-02, PNorm = 63.4564, GNorm = 6.8034, lr_0 = 1.0785e-04
Loss = 7.8071e-02, PNorm = 63.4591, GNorm = 4.7629, lr_0 = 1.0751e-04
Loss = 7.8059e-02, PNorm = 63.4631, GNorm = 5.3316, lr_0 = 1.0717e-04
Loss = 9.2045e-02, PNorm = 63.4681, GNorm = 13.8077, lr_0 = 1.0683e-04
Loss = 9.2051e-02, PNorm = 63.4727, GNorm = 3.0890, lr_0 = 1.0649e-04
Loss = 8.6208e-02, PNorm = 63.4765, GNorm = 6.6736, lr_0 = 1.0615e-04
Loss = 7.5062e-02, PNorm = 63.4798, GNorm = 3.2695, lr_0 = 1.0582e-04
Loss = 9.2168e-02, PNorm = 63.4817, GNorm = 14.3143, lr_0 = 1.0548e-04
Loss = 9.3462e-02, PNorm = 63.4848, GNorm = 3.6841, lr_0 = 1.0515e-04
Validation rmse = 38.367556
Epoch 14
Loss = 6.3745e-02, PNorm = 63.4890, GNorm = 2.4051, lr_0 = 1.0481e-04
Loss = 6.4884e-02, PNorm = 63.4934, GNorm = 2.2859, lr_0 = 1.0448e-04
Loss = 6.7037e-02, PNorm = 63.4975, GNorm = 4.7306, lr_0 = 1.0415e-04
Loss = 8.7519e-02, PNorm = 63.5026, GNorm = 5.0004, lr_0 = 1.0382e-04
Loss = 6.8529e-02, PNorm = 63.5066, GNorm = 3.3068, lr_0 = 1.0349e-04
Loss = 7.0215e-02, PNorm = 63.5098, GNorm = 6.1945, lr_0 = 1.0316e-04
Loss = 6.2366e-02, PNorm = 63.5125, GNorm = 2.8222, lr_0 = 1.0284e-04
Loss = 6.0609e-02, PNorm = 63.5151, GNorm = 4.0780, lr_0 = 1.0251e-04
Loss = 5.8314e-02, PNorm = 63.5177, GNorm = 4.3015, lr_0 = 1.0219e-04
Loss = 7.0433e-02, PNorm = 63.5210, GNorm = 7.0600, lr_0 = 1.0186e-04
Loss = 7.0710e-02, PNorm = 63.5237, GNorm = 2.5845, lr_0 = 1.0154e-04
Loss = 7.2451e-02, PNorm = 63.5267, GNorm = 3.0842, lr_0 = 1.0122e-04
Loss = 8.1124e-02, PNorm = 63.5306, GNorm = 6.4252, lr_0 = 1.0090e-04
Loss = 7.3028e-02, PNorm = 63.5342, GNorm = 1.1058, lr_0 = 1.0058e-04
Loss = 1.0137e-01, PNorm = 63.5372, GNorm = 9.8171, lr_0 = 1.0026e-04
Loss = 7.7870e-02, PNorm = 63.5406, GNorm = 4.9493, lr_0 = 9.9943e-05
Loss = 7.9719e-02, PNorm = 63.5432, GNorm = 2.7367, lr_0 = 9.9626e-05
Validation rmse = 38.171770
Epoch 15
Loss = 7.6560e-02, PNorm = 63.5468, GNorm = 5.1678, lr_0 = 9.9311e-05
Loss = 6.8560e-02, PNorm = 63.5504, GNorm = 6.1006, lr_0 = 9.8996e-05
Loss = 8.7499e-02, PNorm = 63.5538, GNorm = 2.9202, lr_0 = 9.8683e-05
Loss = 1.0303e-01, PNorm = 63.5578, GNorm = 11.5525, lr_0 = 9.8370e-05
Loss = 9.4368e-02, PNorm = 63.5616, GNorm = 6.4194, lr_0 = 9.8058e-05
Loss = 8.1299e-02, PNorm = 63.5654, GNorm = 12.7866, lr_0 = 9.7748e-05
Loss = 6.2276e-02, PNorm = 63.5694, GNorm = 3.0942, lr_0 = 9.7438e-05
Loss = 5.8047e-02, PNorm = 63.5728, GNorm = 2.4854, lr_0 = 9.7130e-05
Loss = 7.5144e-02, PNorm = 63.5755, GNorm = 5.5895, lr_0 = 9.6822e-05
Loss = 7.0898e-02, PNorm = 63.5790, GNorm = 4.1070, lr_0 = 9.6515e-05
Loss = 6.2656e-02, PNorm = 63.5821, GNorm = 7.1757, lr_0 = 9.6210e-05
Loss = 6.6043e-02, PNorm = 63.5848, GNorm = 5.0175, lr_0 = 9.5905e-05
Loss = 6.4738e-02, PNorm = 63.5882, GNorm = 2.0657, lr_0 = 9.5601e-05
Loss = 6.6686e-02, PNorm = 63.5910, GNorm = 5.2414, lr_0 = 9.5298e-05
Loss = 8.0421e-02, PNorm = 63.5935, GNorm = 2.6607, lr_0 = 9.4996e-05
Loss = 5.4916e-02, PNorm = 63.5961, GNorm = 5.8697, lr_0 = 9.4696e-05
Loss = 6.1314e-02, PNorm = 63.5988, GNorm = 6.3725, lr_0 = 9.4396e-05
Loss = 6.3939e-02, PNorm = 63.6012, GNorm = 5.3201, lr_0 = 9.4097e-05
Validation rmse = 38.346005
Epoch 16
Loss = 6.1567e-02, PNorm = 63.6033, GNorm = 10.8102, lr_0 = 9.3799e-05
Loss = 7.8780e-02, PNorm = 63.6057, GNorm = 7.8524, lr_0 = 9.3501e-05
Loss = 5.6606e-02, PNorm = 63.6088, GNorm = 1.8842, lr_0 = 9.3205e-05
Loss = 7.2427e-02, PNorm = 63.6119, GNorm = 9.4755, lr_0 = 9.2910e-05
Loss = 7.2611e-02, PNorm = 63.6148, GNorm = 8.2984, lr_0 = 9.2616e-05
Loss = 6.4505e-02, PNorm = 63.6180, GNorm = 4.8048, lr_0 = 9.2322e-05
Loss = 7.3371e-02, PNorm = 63.6202, GNorm = 3.0612, lr_0 = 9.2030e-05
Loss = 7.3787e-02, PNorm = 63.6233, GNorm = 2.2852, lr_0 = 9.1738e-05
Loss = 5.7276e-02, PNorm = 63.6275, GNorm = 5.9326, lr_0 = 9.1448e-05
Loss = 6.7265e-02, PNorm = 63.6303, GNorm = 1.8985, lr_0 = 9.1158e-05
Loss = 5.1344e-02, PNorm = 63.6328, GNorm = 8.7668, lr_0 = 9.0870e-05
Loss = 5.6490e-02, PNorm = 63.6357, GNorm = 2.2460, lr_0 = 9.0582e-05
Loss = 6.8665e-02, PNorm = 63.6381, GNorm = 7.4817, lr_0 = 9.0295e-05
Loss = 6.6849e-02, PNorm = 63.6410, GNorm = 1.7955, lr_0 = 9.0009e-05
Loss = 5.2128e-02, PNorm = 63.6440, GNorm = 2.8776, lr_0 = 8.9724e-05
Loss = 5.6652e-02, PNorm = 63.6471, GNorm = 3.5858, lr_0 = 8.9439e-05
Loss = 5.3704e-02, PNorm = 63.6489, GNorm = 6.5519, lr_0 = 8.9156e-05
Validation rmse = 37.046072
Epoch 17
Loss = 6.2908e-02, PNorm = 63.6511, GNorm = 8.2145, lr_0 = 8.8874e-05
Loss = 5.4901e-02, PNorm = 63.6526, GNorm = 1.6242, lr_0 = 8.8592e-05
Loss = 5.6586e-02, PNorm = 63.6548, GNorm = 7.4595, lr_0 = 8.8312e-05
Loss = 4.7900e-02, PNorm = 63.6571, GNorm = 3.2644, lr_0 = 8.8032e-05
Loss = 6.1041e-02, PNorm = 63.6599, GNorm = 4.3270, lr_0 = 8.7753e-05
Loss = 5.6269e-02, PNorm = 63.6618, GNorm = 1.9082, lr_0 = 8.7475e-05
Loss = 5.7685e-02, PNorm = 63.6642, GNorm = 4.8154, lr_0 = 8.7198e-05
Loss = 5.4569e-02, PNorm = 63.6664, GNorm = 3.0390, lr_0 = 8.6922e-05
Loss = 6.1206e-02, PNorm = 63.6685, GNorm = 4.5737, lr_0 = 8.6647e-05
Loss = 5.8803e-02, PNorm = 63.6710, GNorm = 3.2011, lr_0 = 8.6372e-05
Loss = 5.9819e-02, PNorm = 63.6733, GNorm = 4.1098, lr_0 = 8.6099e-05
Loss = 6.2937e-02, PNorm = 63.6771, GNorm = 4.6801, lr_0 = 8.5826e-05
Loss = 6.7953e-02, PNorm = 63.6815, GNorm = 4.1753, lr_0 = 8.5554e-05
Loss = 6.5958e-02, PNorm = 63.6847, GNorm = 4.2608, lr_0 = 8.5283e-05
Loss = 6.8861e-02, PNorm = 63.6874, GNorm = 8.9090, lr_0 = 8.5013e-05
Loss = 6.1179e-02, PNorm = 63.6904, GNorm = 3.5055, lr_0 = 8.4744e-05
Loss = 4.8899e-02, PNorm = 63.6930, GNorm = 2.4438, lr_0 = 8.4475e-05
Validation rmse = 35.120327
Epoch 18
Loss = 4.9629e-02, PNorm = 63.6949, GNorm = 4.9058, lr_0 = 8.4208e-05
Loss = 5.7137e-02, PNorm = 63.6973, GNorm = 5.2881, lr_0 = 8.3941e-05
Loss = 4.9869e-02, PNorm = 63.6994, GNorm = 1.9347, lr_0 = 8.3675e-05
Loss = 6.2453e-02, PNorm = 63.7021, GNorm = 1.9925, lr_0 = 8.3410e-05
Loss = 5.3955e-02, PNorm = 63.7045, GNorm = 0.9219, lr_0 = 8.3146e-05
Loss = 5.6456e-02, PNorm = 63.7063, GNorm = 6.0592, lr_0 = 8.2882e-05
Loss = 6.3569e-02, PNorm = 63.7073, GNorm = 9.3540, lr_0 = 8.2620e-05
Loss = 7.3101e-02, PNorm = 63.7093, GNorm = 6.6246, lr_0 = 8.2358e-05
Loss = 7.6055e-02, PNorm = 63.7114, GNorm = 9.5196, lr_0 = 8.2097e-05
Loss = 5.9271e-02, PNorm = 63.7132, GNorm = 4.9189, lr_0 = 8.1837e-05
Loss = 5.7042e-02, PNorm = 63.7155, GNorm = 4.7770, lr_0 = 8.1578e-05
Loss = 6.7650e-02, PNorm = 63.7180, GNorm = 2.0730, lr_0 = 8.1320e-05
Loss = 6.0456e-02, PNorm = 63.7210, GNorm = 3.7296, lr_0 = 8.1062e-05
Loss = 4.5267e-02, PNorm = 63.7237, GNorm = 1.7028, lr_0 = 8.0805e-05
Loss = 4.8331e-02, PNorm = 63.7260, GNorm = 5.9691, lr_0 = 8.0549e-05
Loss = 4.9595e-02, PNorm = 63.7286, GNorm = 1.9286, lr_0 = 8.0294e-05
Loss = 5.5889e-02, PNorm = 63.7305, GNorm = 2.0867, lr_0 = 8.0040e-05
Validation rmse = 35.102507
Epoch 19
Loss = 3.7368e-02, PNorm = 63.7322, GNorm = 2.1812, lr_0 = 7.9786e-05
Loss = 6.0574e-02, PNorm = 63.7346, GNorm = 3.8239, lr_0 = 7.9534e-05
Loss = 5.4101e-02, PNorm = 63.7365, GNorm = 3.5136, lr_0 = 7.9282e-05
Loss = 4.5607e-02, PNorm = 63.7390, GNorm = 3.1738, lr_0 = 7.9031e-05
Loss = 5.1726e-02, PNorm = 63.7412, GNorm = 3.4098, lr_0 = 7.8780e-05
Loss = 4.3649e-02, PNorm = 63.7428, GNorm = 2.7721, lr_0 = 7.8531e-05
Loss = 4.7252e-02, PNorm = 63.7447, GNorm = 5.8122, lr_0 = 7.8282e-05
Loss = 5.6980e-02, PNorm = 63.7477, GNorm = 5.5213, lr_0 = 7.8034e-05
Loss = 5.0058e-02, PNorm = 63.7493, GNorm = 4.0887, lr_0 = 7.7787e-05
Loss = 5.1261e-02, PNorm = 63.7511, GNorm = 8.1765, lr_0 = 7.7541e-05
Loss = 6.0708e-02, PNorm = 63.7529, GNorm = 1.6300, lr_0 = 7.7295e-05
Loss = 5.6061e-02, PNorm = 63.7561, GNorm = 6.2192, lr_0 = 7.7050e-05
Loss = 5.9529e-02, PNorm = 63.7586, GNorm = 1.9275, lr_0 = 7.6806e-05
Loss = 6.0085e-02, PNorm = 63.7608, GNorm = 3.6065, lr_0 = 7.6563e-05
Loss = 5.9061e-02, PNorm = 63.7624, GNorm = 3.8413, lr_0 = 7.6320e-05
Loss = 6.0892e-02, PNorm = 63.7650, GNorm = 6.6556, lr_0 = 7.6079e-05
Loss = 5.6985e-02, PNorm = 63.7680, GNorm = 3.7389, lr_0 = 7.5838e-05
Validation rmse = 35.195677
Epoch 20
Loss = 3.6516e-02, PNorm = 63.7699, GNorm = 2.8167, lr_0 = 7.5597e-05
Loss = 4.5066e-02, PNorm = 63.7717, GNorm = 4.6766, lr_0 = 7.5358e-05
Loss = 6.3942e-02, PNorm = 63.7741, GNorm = 3.3939, lr_0 = 7.5119e-05
Loss = 4.7549e-02, PNorm = 63.7767, GNorm = 3.6640, lr_0 = 7.4881e-05
Loss = 5.4810e-02, PNorm = 63.7796, GNorm = 2.0593, lr_0 = 7.4644e-05
Loss = 4.9663e-02, PNorm = 63.7817, GNorm = 5.1500, lr_0 = 7.4408e-05
Loss = 5.0239e-02, PNorm = 63.7836, GNorm = 3.1691, lr_0 = 7.4172e-05
Loss = 4.7951e-02, PNorm = 63.7854, GNorm = 1.8623, lr_0 = 7.3937e-05
Loss = 4.9026e-02, PNorm = 63.7866, GNorm = 1.8933, lr_0 = 7.3703e-05
Loss = 4.0929e-02, PNorm = 63.7886, GNorm = 1.7172, lr_0 = 7.3469e-05
Loss = 5.9658e-02, PNorm = 63.7905, GNorm = 5.9362, lr_0 = 7.3237e-05
Loss = 5.1628e-02, PNorm = 63.7918, GNorm = 4.0115, lr_0 = 7.3005e-05
Loss = 4.7805e-02, PNorm = 63.7937, GNorm = 1.8340, lr_0 = 7.2774e-05
Loss = 4.2948e-02, PNorm = 63.7960, GNorm = 3.4992, lr_0 = 7.2543e-05
Loss = 4.6660e-02, PNorm = 63.7983, GNorm = 5.5265, lr_0 = 7.2313e-05
Loss = 4.6104e-02, PNorm = 63.8003, GNorm = 5.0402, lr_0 = 7.2084e-05
Loss = 5.4687e-02, PNorm = 63.8026, GNorm = 8.2356, lr_0 = 7.1856e-05
Loss = 8.0799e-02, PNorm = 63.8049, GNorm = 8.5558, lr_0 = 7.1628e-05
Validation rmse = 43.082071
Epoch 21
Loss = 6.2921e-02, PNorm = 63.8069, GNorm = 6.7513, lr_0 = 7.1401e-05
Loss = 4.9869e-02, PNorm = 63.8097, GNorm = 3.1955, lr_0 = 7.1175e-05
Loss = 3.8709e-02, PNorm = 63.8120, GNorm = 8.3399, lr_0 = 7.0950e-05
Loss = 4.5451e-02, PNorm = 63.8139, GNorm = 5.0994, lr_0 = 7.0725e-05
Loss = 5.7966e-02, PNorm = 63.8164, GNorm = 4.9212, lr_0 = 7.0501e-05
Loss = 4.4044e-02, PNorm = 63.8185, GNorm = 3.9682, lr_0 = 7.0278e-05
Loss = 4.7502e-02, PNorm = 63.8201, GNorm = 3.9228, lr_0 = 7.0055e-05
Loss = 5.0898e-02, PNorm = 63.8217, GNorm = 2.4748, lr_0 = 6.9833e-05
Loss = 5.0788e-02, PNorm = 63.8235, GNorm = 8.3357, lr_0 = 6.9612e-05
Loss = 5.2406e-02, PNorm = 63.8252, GNorm = 1.7470, lr_0 = 6.9392e-05
Loss = 5.3294e-02, PNorm = 63.8268, GNorm = 3.3906, lr_0 = 6.9172e-05
Loss = 6.2674e-02, PNorm = 63.8287, GNorm = 13.8486, lr_0 = 6.8953e-05
Loss = 5.4397e-02, PNorm = 63.8304, GNorm = 2.2942, lr_0 = 6.8734e-05
Loss = 5.0760e-02, PNorm = 63.8323, GNorm = 3.1788, lr_0 = 6.8517e-05
Loss = 4.8853e-02, PNorm = 63.8348, GNorm = 1.3686, lr_0 = 6.8300e-05
Loss = 5.5809e-02, PNorm = 63.8376, GNorm = 3.8327, lr_0 = 6.8083e-05
Loss = 7.6783e-02, PNorm = 63.8395, GNorm = 10.5338, lr_0 = 6.7868e-05
Validation rmse = 36.254905
Epoch 22
Loss = 5.6867e-02, PNorm = 63.8414, GNorm = 5.2343, lr_0 = 6.7653e-05
Loss = 5.8131e-02, PNorm = 63.8437, GNorm = 4.5340, lr_0 = 6.7438e-05
Loss = 5.1413e-02, PNorm = 63.8458, GNorm = 4.2736, lr_0 = 6.7225e-05
Loss = 4.7042e-02, PNorm = 63.8480, GNorm = 1.4331, lr_0 = 6.7012e-05
Loss = 4.0785e-02, PNorm = 63.8495, GNorm = 5.6627, lr_0 = 6.6799e-05
Loss = 3.5907e-02, PNorm = 63.8513, GNorm = 2.2198, lr_0 = 6.6588e-05
Loss = 4.2492e-02, PNorm = 63.8536, GNorm = 5.7587, lr_0 = 6.6377e-05
Loss = 4.4676e-02, PNorm = 63.8549, GNorm = 4.1519, lr_0 = 6.6167e-05
Loss = 5.0349e-02, PNorm = 63.8560, GNorm = 2.5002, lr_0 = 6.5957e-05
Loss = 4.6450e-02, PNorm = 63.8579, GNorm = 2.1337, lr_0 = 6.5748e-05
Loss = 5.1233e-02, PNorm = 63.8596, GNorm = 2.5871, lr_0 = 6.5540e-05
Loss = 5.0066e-02, PNorm = 63.8612, GNorm = 1.9549, lr_0 = 6.5332e-05
Loss = 4.5349e-02, PNorm = 63.8633, GNorm = 4.5163, lr_0 = 6.5125e-05
Loss = 6.1110e-02, PNorm = 63.8656, GNorm = 1.3919, lr_0 = 6.4919e-05
Loss = 5.3458e-02, PNorm = 63.8678, GNorm = 5.4264, lr_0 = 6.4714e-05
Loss = 4.4656e-02, PNorm = 63.8699, GNorm = 2.8500, lr_0 = 6.4509e-05
Loss = 5.1915e-02, PNorm = 63.8715, GNorm = 3.6974, lr_0 = 6.4304e-05
Validation rmse = 34.394074
Epoch 23
Loss = 3.2735e-02, PNorm = 63.8730, GNorm = 1.2519, lr_0 = 6.4101e-05
Loss = 5.0501e-02, PNorm = 63.8741, GNorm = 6.0372, lr_0 = 6.3898e-05
Loss = 4.1059e-02, PNorm = 63.8758, GNorm = 2.4194, lr_0 = 6.3695e-05
Loss = 6.7830e-02, PNorm = 63.8786, GNorm = 8.1222, lr_0 = 6.3493e-05
Loss = 4.8882e-02, PNorm = 63.8802, GNorm = 3.7780, lr_0 = 6.3292e-05
Loss = 4.8625e-02, PNorm = 63.8818, GNorm = 3.4087, lr_0 = 6.3092e-05
Loss = 5.5956e-02, PNorm = 63.8837, GNorm = 1.5601, lr_0 = 6.2892e-05
Loss = 4.3280e-02, PNorm = 63.8860, GNorm = 2.5487, lr_0 = 6.2693e-05
Loss = 4.2645e-02, PNorm = 63.8882, GNorm = 4.5997, lr_0 = 6.2494e-05
Loss = 3.6123e-02, PNorm = 63.8895, GNorm = 5.5680, lr_0 = 6.2296e-05
Loss = 3.9216e-02, PNorm = 63.8909, GNorm = 3.9742, lr_0 = 6.2099e-05
Loss = 4.4462e-02, PNorm = 63.8923, GNorm = 3.3347, lr_0 = 6.1902e-05
Loss = 4.2243e-02, PNorm = 63.8933, GNorm = 2.8081, lr_0 = 6.1706e-05
Loss = 4.9555e-02, PNorm = 63.8942, GNorm = 3.1100, lr_0 = 6.1511e-05
Loss = 5.0118e-02, PNorm = 63.8951, GNorm = 5.1883, lr_0 = 6.1316e-05
Loss = 4.5177e-02, PNorm = 63.8971, GNorm = 2.1601, lr_0 = 6.1122e-05
Loss = 4.1853e-02, PNorm = 63.8991, GNorm = 5.0376, lr_0 = 6.0928e-05
Validation rmse = 33.571840
Epoch 24
Loss = 3.8688e-02, PNorm = 63.9004, GNorm = 6.2147, lr_0 = 6.0735e-05
Loss = 4.6854e-02, PNorm = 63.9018, GNorm = 6.1160, lr_0 = 6.0543e-05
Loss = 4.4355e-02, PNorm = 63.9033, GNorm = 4.0241, lr_0 = 6.0351e-05
Loss = 5.0943e-02, PNorm = 63.9056, GNorm = 4.5618, lr_0 = 6.0160e-05
Loss = 4.3314e-02, PNorm = 63.9074, GNorm = 4.5734, lr_0 = 5.9969e-05
Loss = 4.5639e-02, PNorm = 63.9094, GNorm = 7.0295, lr_0 = 5.9779e-05
Loss = 4.6639e-02, PNorm = 63.9102, GNorm = 5.5768, lr_0 = 5.9590e-05
Loss = 5.1368e-02, PNorm = 63.9113, GNorm = 3.1906, lr_0 = 5.9401e-05
Loss = 3.7295e-02, PNorm = 63.9128, GNorm = 6.0267, lr_0 = 5.9213e-05
Loss = 3.8127e-02, PNorm = 63.9147, GNorm = 1.8796, lr_0 = 5.9025e-05
Loss = 3.9911e-02, PNorm = 63.9162, GNorm = 5.6118, lr_0 = 5.8839e-05
Loss = 3.5310e-02, PNorm = 63.9174, GNorm = 2.8573, lr_0 = 5.8652e-05
Loss = 4.3296e-02, PNorm = 63.9189, GNorm = 1.7748, lr_0 = 5.8466e-05
Loss = 4.6811e-02, PNorm = 63.9201, GNorm = 4.5565, lr_0 = 5.8281e-05
Loss = 3.7984e-02, PNorm = 63.9210, GNorm = 2.1052, lr_0 = 5.8097e-05
Loss = 5.7701e-02, PNorm = 63.9227, GNorm = 3.3475, lr_0 = 5.7913e-05
Loss = 5.1220e-02, PNorm = 63.9245, GNorm = 7.7600, lr_0 = 5.7729e-05
Validation rmse = 34.048151
Epoch 25
Loss = 3.3193e-02, PNorm = 63.9263, GNorm = 2.6329, lr_0 = 5.7546e-05
Loss = 4.5541e-02, PNorm = 63.9278, GNorm = 4.1068, lr_0 = 5.7364e-05
Loss = 4.7369e-02, PNorm = 63.9292, GNorm = 2.1526, lr_0 = 5.7182e-05
Loss = 3.9794e-02, PNorm = 63.9307, GNorm = 1.1228, lr_0 = 5.7001e-05
Loss = 3.9543e-02, PNorm = 63.9319, GNorm = 1.5541, lr_0 = 5.6821e-05
Loss = 4.8428e-02, PNorm = 63.9343, GNorm = 1.9884, lr_0 = 5.6641e-05
Loss = 4.2890e-02, PNorm = 63.9365, GNorm = 2.7371, lr_0 = 5.6461e-05
Loss = 4.5317e-02, PNorm = 63.9381, GNorm = 5.7254, lr_0 = 5.6282e-05
Loss = 4.5034e-02, PNorm = 63.9392, GNorm = 2.5710, lr_0 = 5.6104e-05
Loss = 3.8309e-02, PNorm = 63.9407, GNorm = 2.7506, lr_0 = 5.5926e-05
Loss = 4.2891e-02, PNorm = 63.9426, GNorm = 6.4800, lr_0 = 5.5749e-05
Loss = 3.9261e-02, PNorm = 63.9438, GNorm = 11.6869, lr_0 = 5.5573e-05
Loss = 3.7193e-02, PNorm = 63.9449, GNorm = 3.7698, lr_0 = 5.5397e-05
Loss = 3.7206e-02, PNorm = 63.9460, GNorm = 2.7074, lr_0 = 5.5221e-05
Loss = 6.1176e-02, PNorm = 63.9477, GNorm = 7.4378, lr_0 = 5.5046e-05
Loss = 4.8744e-02, PNorm = 63.9498, GNorm = 1.9249, lr_0 = 5.4872e-05
Loss = 3.7316e-02, PNorm = 63.9520, GNorm = 2.7972, lr_0 = 5.4698e-05
Loss = 3.8044e-02, PNorm = 63.9534, GNorm = 3.2380, lr_0 = 5.4525e-05
Validation rmse = 34.345407
Epoch 26
Loss = 4.3568e-02, PNorm = 63.9546, GNorm = 2.2793, lr_0 = 5.4352e-05
Loss = 4.7646e-02, PNorm = 63.9561, GNorm = 6.1665, lr_0 = 5.4180e-05
Loss = 3.8635e-02, PNorm = 63.9581, GNorm = 3.0333, lr_0 = 5.4008e-05
Loss = 4.1662e-02, PNorm = 63.9591, GNorm = 7.8609, lr_0 = 5.3837e-05
Loss = 3.9713e-02, PNorm = 63.9602, GNorm = 0.6890, lr_0 = 5.3667e-05
Loss = 4.0456e-02, PNorm = 63.9615, GNorm = 1.8546, lr_0 = 5.3497e-05
Loss = 4.1200e-02, PNorm = 63.9629, GNorm = 3.7131, lr_0 = 5.3327e-05
Loss = 3.6061e-02, PNorm = 63.9640, GNorm = 1.6739, lr_0 = 5.3158e-05
Loss = 4.0903e-02, PNorm = 63.9656, GNorm = 2.1033, lr_0 = 5.2990e-05
Loss = 3.8258e-02, PNorm = 63.9676, GNorm = 2.5011, lr_0 = 5.2822e-05
Loss = 4.0184e-02, PNorm = 63.9687, GNorm = 6.0385, lr_0 = 5.2655e-05
Loss = 3.9296e-02, PNorm = 63.9697, GNorm = 3.7480, lr_0 = 5.2488e-05
Loss = 3.3867e-02, PNorm = 63.9706, GNorm = 3.2775, lr_0 = 5.2322e-05
Loss = 3.3994e-02, PNorm = 63.9720, GNorm = 1.3614, lr_0 = 5.2156e-05
Loss = 3.6772e-02, PNorm = 63.9735, GNorm = 1.7213, lr_0 = 5.1991e-05
Loss = 3.7445e-02, PNorm = 63.9743, GNorm = 3.7053, lr_0 = 5.1826e-05
Loss = 4.1902e-02, PNorm = 63.9754, GNorm = 4.3103, lr_0 = 5.1662e-05
Validation rmse = 33.195293
Epoch 27
Loss = 2.9089e-02, PNorm = 63.9768, GNorm = 1.6930, lr_0 = 5.1499e-05
Loss = 3.9428e-02, PNorm = 63.9778, GNorm = 3.0703, lr_0 = 5.1335e-05
Loss = 3.7526e-02, PNorm = 63.9789, GNorm = 1.9796, lr_0 = 5.1173e-05
Loss = 3.6498e-02, PNorm = 63.9802, GNorm = 2.2153, lr_0 = 5.1011e-05
Loss = 4.2176e-02, PNorm = 63.9814, GNorm = 3.3028, lr_0 = 5.0849e-05
Loss = 4.2252e-02, PNorm = 63.9829, GNorm = 7.9368, lr_0 = 5.0688e-05
Loss = 3.4512e-02, PNorm = 63.9844, GNorm = 7.9488, lr_0 = 5.0528e-05
Loss = 4.6426e-02, PNorm = 63.9856, GNorm = 4.3325, lr_0 = 5.0367e-05
Loss = 3.6923e-02, PNorm = 63.9866, GNorm = 2.0788, lr_0 = 5.0208e-05
Loss = 3.2194e-02, PNorm = 63.9878, GNorm = 2.0782, lr_0 = 5.0049e-05
Loss = 3.2691e-02, PNorm = 63.9888, GNorm = 3.3164, lr_0 = 4.9890e-05
Loss = 4.2117e-02, PNorm = 63.9901, GNorm = 5.6034, lr_0 = 4.9732e-05
Loss = 4.6576e-02, PNorm = 63.9919, GNorm = 6.4904, lr_0 = 4.9575e-05
Loss = 3.0725e-02, PNorm = 63.9936, GNorm = 2.6882, lr_0 = 4.9418e-05
Loss = 2.9642e-02, PNorm = 63.9950, GNorm = 1.5970, lr_0 = 4.9261e-05
Loss = 3.7315e-02, PNorm = 63.9963, GNorm = 3.4692, lr_0 = 4.9105e-05
Loss = 3.6235e-02, PNorm = 63.9968, GNorm = 3.9429, lr_0 = 4.8950e-05
Validation rmse = 33.887576
Epoch 28
Loss = 2.8139e-02, PNorm = 63.9975, GNorm = 1.4207, lr_0 = 4.8795e-05
Loss = 3.7850e-02, PNorm = 63.9988, GNorm = 1.7434, lr_0 = 4.8640e-05
Loss = 3.1749e-02, PNorm = 64.0003, GNorm = 1.5878, lr_0 = 4.8486e-05
Loss = 4.2465e-02, PNorm = 64.0018, GNorm = 6.0681, lr_0 = 4.8332e-05
Loss = 3.9842e-02, PNorm = 64.0030, GNorm = 2.5206, lr_0 = 4.8179e-05
Loss = 3.3782e-02, PNorm = 64.0040, GNorm = 2.2892, lr_0 = 4.8027e-05
Loss = 3.7725e-02, PNorm = 64.0056, GNorm = 5.2610, lr_0 = 4.7875e-05
Loss = 3.7940e-02, PNorm = 64.0067, GNorm = 2.2085, lr_0 = 4.7723e-05
Loss = 3.0596e-02, PNorm = 64.0079, GNorm = 3.4899, lr_0 = 4.7572e-05
Loss = 4.5751e-02, PNorm = 64.0089, GNorm = 2.1286, lr_0 = 4.7421e-05
Loss = 3.5640e-02, PNorm = 64.0104, GNorm = 4.2458, lr_0 = 4.7271e-05
Loss = 3.2747e-02, PNorm = 64.0114, GNorm = 1.7114, lr_0 = 4.7121e-05
Loss = 3.9307e-02, PNorm = 64.0124, GNorm = 1.6132, lr_0 = 4.6972e-05
Loss = 3.9499e-02, PNorm = 64.0136, GNorm = 4.6978, lr_0 = 4.6823e-05
Loss = 3.9451e-02, PNorm = 64.0147, GNorm = 3.3380, lr_0 = 4.6675e-05
Loss = 4.0543e-02, PNorm = 64.0158, GNorm = 1.6802, lr_0 = 4.6527e-05
Loss = 3.6653e-02, PNorm = 64.0169, GNorm = 2.9415, lr_0 = 4.6380e-05
Validation rmse = 34.227715
Epoch 29
Loss = 3.4399e-02, PNorm = 64.0181, GNorm = 3.7863, lr_0 = 4.6233e-05
Loss = 3.3826e-02, PNorm = 64.0195, GNorm = 1.7300, lr_0 = 4.6086e-05
Loss = 4.5019e-02, PNorm = 64.0207, GNorm = 3.1182, lr_0 = 4.5940e-05
Loss = 4.1009e-02, PNorm = 64.0222, GNorm = 2.1076, lr_0 = 4.5795e-05
Loss = 2.9508e-02, PNorm = 64.0238, GNorm = 1.8615, lr_0 = 4.5650e-05
Loss = 3.5112e-02, PNorm = 64.0250, GNorm = 5.0091, lr_0 = 4.5505e-05
Loss = 3.7349e-02, PNorm = 64.0263, GNorm = 5.3077, lr_0 = 4.5361e-05
Loss = 4.0154e-02, PNorm = 64.0275, GNorm = 5.4721, lr_0 = 4.5217e-05
Loss = 3.9008e-02, PNorm = 64.0285, GNorm = 8.4405, lr_0 = 4.5074e-05
Loss = 4.0175e-02, PNorm = 64.0299, GNorm = 3.3982, lr_0 = 4.4931e-05
Loss = 4.0160e-02, PNorm = 64.0313, GNorm = 7.3640, lr_0 = 4.4789e-05
Loss = 3.9977e-02, PNorm = 64.0321, GNorm = 2.5975, lr_0 = 4.4647e-05
Loss = 3.0872e-02, PNorm = 64.0331, GNorm = 4.4547, lr_0 = 4.4506e-05
Loss = 3.0508e-02, PNorm = 64.0342, GNorm = 2.5189, lr_0 = 4.4365e-05
Loss = 4.6328e-02, PNorm = 64.0353, GNorm = 3.3090, lr_0 = 4.4224e-05
Loss = 3.4022e-02, PNorm = 64.0365, GNorm = 3.5897, lr_0 = 4.4084e-05
Loss = 3.8316e-02, PNorm = 64.0374, GNorm = 6.4000, lr_0 = 4.3945e-05
Validation rmse = 32.876137
Epoch 30
Loss = 1.8551e-02, PNorm = 64.0385, GNorm = 1.8057, lr_0 = 4.3805e-05
Loss = 3.7967e-02, PNorm = 64.0397, GNorm = 1.8148, lr_0 = 4.3667e-05
Loss = 3.1545e-02, PNorm = 64.0408, GNorm = 1.5056, lr_0 = 4.3528e-05
Loss = 3.8248e-02, PNorm = 64.0419, GNorm = 1.5485, lr_0 = 4.3390e-05
Loss = 2.7250e-02, PNorm = 64.0430, GNorm = 1.7162, lr_0 = 4.3253e-05
Loss = 3.0018e-02, PNorm = 64.0440, GNorm = 2.7013, lr_0 = 4.3116e-05
Loss = 3.9490e-02, PNorm = 64.0451, GNorm = 2.6391, lr_0 = 4.2979e-05
Loss = 3.5167e-02, PNorm = 64.0459, GNorm = 1.9278, lr_0 = 4.2843e-05
Loss = 4.0203e-02, PNorm = 64.0469, GNorm = 1.2475, lr_0 = 4.2708e-05
Loss = 2.5678e-02, PNorm = 64.0482, GNorm = 2.0877, lr_0 = 4.2572e-05
Loss = 4.0793e-02, PNorm = 64.0496, GNorm = 4.9913, lr_0 = 4.2438e-05
Loss = 3.1785e-02, PNorm = 64.0510, GNorm = 3.3993, lr_0 = 4.2303e-05
Loss = 3.5427e-02, PNorm = 64.0522, GNorm = 2.1222, lr_0 = 4.2169e-05
Loss = 3.1581e-02, PNorm = 64.0534, GNorm = 3.3654, lr_0 = 4.2036e-05
Loss = 2.9922e-02, PNorm = 64.0542, GNorm = 4.3111, lr_0 = 4.1902e-05
Loss = 3.1771e-02, PNorm = 64.0549, GNorm = 7.3368, lr_0 = 4.1770e-05
Loss = 3.4454e-02, PNorm = 64.0557, GNorm = 7.1827, lr_0 = 4.1637e-05
Loss = 3.1950e-02, PNorm = 64.0566, GNorm = 2.6828, lr_0 = 4.1505e-05
Validation rmse = 32.813030
Epoch 31
Loss = 3.2869e-02, PNorm = 64.0576, GNorm = 4.6861, lr_0 = 4.1374e-05
Loss = 3.4390e-02, PNorm = 64.0585, GNorm = 2.9276, lr_0 = 4.1243e-05
Loss = 2.7269e-02, PNorm = 64.0593, GNorm = 1.4223, lr_0 = 4.1112e-05
Loss = 3.7996e-02, PNorm = 64.0608, GNorm = 2.4869, lr_0 = 4.0982e-05
Loss = 3.4326e-02, PNorm = 64.0622, GNorm = 1.5291, lr_0 = 4.0852e-05
Loss = 3.5304e-02, PNorm = 64.0635, GNorm = 4.1229, lr_0 = 4.0723e-05
Loss = 3.4339e-02, PNorm = 64.0646, GNorm = 2.6063, lr_0 = 4.0594e-05
Loss = 3.3586e-02, PNorm = 64.0658, GNorm = 2.1877, lr_0 = 4.0465e-05
Loss = 3.1532e-02, PNorm = 64.0666, GNorm = 1.0197, lr_0 = 4.0337e-05
Loss = 3.1014e-02, PNorm = 64.0672, GNorm = 1.4359, lr_0 = 4.0209e-05
Loss = 3.3540e-02, PNorm = 64.0681, GNorm = 2.8564, lr_0 = 4.0082e-05
Loss = 3.5109e-02, PNorm = 64.0693, GNorm = 4.7963, lr_0 = 3.9955e-05
Loss = 3.1202e-02, PNorm = 64.0704, GNorm = 2.0958, lr_0 = 3.9829e-05
Loss = 3.1497e-02, PNorm = 64.0711, GNorm = 1.2661, lr_0 = 3.9702e-05
Loss = 2.9080e-02, PNorm = 64.0720, GNorm = 1.8218, lr_0 = 3.9577e-05
Loss = 3.1775e-02, PNorm = 64.0731, GNorm = 2.8299, lr_0 = 3.9451e-05
Loss = 3.7541e-02, PNorm = 64.0740, GNorm = 2.9097, lr_0 = 3.9326e-05
Validation rmse = 32.944266
Epoch 32
Loss = 3.3538e-02, PNorm = 64.0751, GNorm = 1.7801, lr_0 = 3.9202e-05
Loss = 3.2506e-02, PNorm = 64.0763, GNorm = 3.0272, lr_0 = 3.9078e-05
Loss = 3.4517e-02, PNorm = 64.0776, GNorm = 4.6997, lr_0 = 3.8954e-05
Loss = 3.5283e-02, PNorm = 64.0788, GNorm = 2.6815, lr_0 = 3.8830e-05
Loss = 3.4389e-02, PNorm = 64.0799, GNorm = 3.5014, lr_0 = 3.8707e-05
Loss = 3.1108e-02, PNorm = 64.0807, GNorm = 3.4389, lr_0 = 3.8585e-05
Loss = 2.7794e-02, PNorm = 64.0812, GNorm = 2.9219, lr_0 = 3.8463e-05
Loss = 3.0168e-02, PNorm = 64.0822, GNorm = 3.1349, lr_0 = 3.8341e-05
Loss = 3.6946e-02, PNorm = 64.0834, GNorm = 3.1905, lr_0 = 3.8219e-05
Loss = 2.9047e-02, PNorm = 64.0842, GNorm = 1.7964, lr_0 = 3.8098e-05
Loss = 3.1678e-02, PNorm = 64.0848, GNorm = 1.4882, lr_0 = 3.7978e-05
Loss = 2.6906e-02, PNorm = 64.0858, GNorm = 4.4529, lr_0 = 3.7857e-05
Loss = 3.4082e-02, PNorm = 64.0867, GNorm = 2.3388, lr_0 = 3.7737e-05
Loss = 3.0060e-02, PNorm = 64.0876, GNorm = 2.6777, lr_0 = 3.7618e-05
Loss = 2.8821e-02, PNorm = 64.0884, GNorm = 1.1046, lr_0 = 3.7499e-05
Loss = 3.0449e-02, PNorm = 64.0893, GNorm = 3.9409, lr_0 = 3.7380e-05
Loss = 3.8582e-02, PNorm = 64.0901, GNorm = 2.3659, lr_0 = 3.7262e-05
Validation rmse = 33.879987
Epoch 33
Loss = 3.0097e-02, PNorm = 64.0911, GNorm = 3.0262, lr_0 = 3.7144e-05
Loss = 3.3283e-02, PNorm = 64.0919, GNorm = 2.1739, lr_0 = 3.7026e-05
Loss = 2.8302e-02, PNorm = 64.0930, GNorm = 2.2296, lr_0 = 3.6909e-05
Loss = 2.8069e-02, PNorm = 64.0941, GNorm = 6.5271, lr_0 = 3.6792e-05
Loss = 3.5072e-02, PNorm = 64.0951, GNorm = 2.6533, lr_0 = 3.6675e-05
Loss = 4.1785e-02, PNorm = 64.0959, GNorm = 2.0342, lr_0 = 3.6559e-05
Loss = 4.0821e-02, PNorm = 64.0965, GNorm = 1.3264, lr_0 = 3.6443e-05
Loss = 3.8106e-02, PNorm = 64.0973, GNorm = 1.8739, lr_0 = 3.6328e-05
Loss = 3.6588e-02, PNorm = 64.0983, GNorm = 2.9599, lr_0 = 3.6213e-05
Loss = 3.4571e-02, PNorm = 64.0993, GNorm = 7.0325, lr_0 = 3.6098e-05
Loss = 3.4811e-02, PNorm = 64.1004, GNorm = 1.8101, lr_0 = 3.5984e-05
Loss = 2.6656e-02, PNorm = 64.1018, GNorm = 3.7818, lr_0 = 3.5870e-05
Loss = 3.2531e-02, PNorm = 64.1031, GNorm = 3.5682, lr_0 = 3.5756e-05
Loss = 3.4993e-02, PNorm = 64.1039, GNorm = 4.9461, lr_0 = 3.5643e-05
Loss = 2.9986e-02, PNorm = 64.1047, GNorm = 2.6612, lr_0 = 3.5530e-05
Loss = 3.4202e-02, PNorm = 64.1054, GNorm = 6.1997, lr_0 = 3.5417e-05
Loss = 3.6657e-02, PNorm = 64.1062, GNorm = 1.7293, lr_0 = 3.5305e-05
Validation rmse = 33.030980
Epoch 34
Loss = 3.6463e-02, PNorm = 64.1067, GNorm = 5.6405, lr_0 = 3.5193e-05
Loss = 4.0126e-02, PNorm = 64.1078, GNorm = 5.1150, lr_0 = 3.5082e-05
Loss = 3.8701e-02, PNorm = 64.1085, GNorm = 2.6364, lr_0 = 3.4971e-05
Loss = 3.3339e-02, PNorm = 64.1092, GNorm = 1.9211, lr_0 = 3.4860e-05
Loss = 2.9655e-02, PNorm = 64.1101, GNorm = 2.7223, lr_0 = 3.4750e-05
Loss = 3.3667e-02, PNorm = 64.1110, GNorm = 1.4218, lr_0 = 3.4640e-05
Loss = 2.9049e-02, PNorm = 64.1118, GNorm = 1.0992, lr_0 = 3.4530e-05
Loss = 2.9464e-02, PNorm = 64.1128, GNorm = 1.3783, lr_0 = 3.4420e-05
Loss = 3.0701e-02, PNorm = 64.1136, GNorm = 1.9512, lr_0 = 3.4311e-05
Loss = 3.0177e-02, PNorm = 64.1142, GNorm = 1.5104, lr_0 = 3.4203e-05
Loss = 3.4932e-02, PNorm = 64.1151, GNorm = 8.2607, lr_0 = 3.4094e-05
Loss = 3.2138e-02, PNorm = 64.1157, GNorm = 6.4272, lr_0 = 3.3986e-05
Loss = 3.3690e-02, PNorm = 64.1164, GNorm = 4.0807, lr_0 = 3.3879e-05
Loss = 3.0161e-02, PNorm = 64.1172, GNorm = 1.2677, lr_0 = 3.3771e-05
Loss = 2.7520e-02, PNorm = 64.1181, GNorm = 3.5166, lr_0 = 3.3664e-05
Loss = 3.2410e-02, PNorm = 64.1193, GNorm = 1.4771, lr_0 = 3.3558e-05
Loss = 2.8542e-02, PNorm = 64.1201, GNorm = 2.1968, lr_0 = 3.3452e-05
Validation rmse = 33.130401
Epoch 35
Loss = 4.7818e-02, PNorm = 64.1210, GNorm = 3.6580, lr_0 = 3.3346e-05
Loss = 2.6922e-02, PNorm = 64.1218, GNorm = 2.7480, lr_0 = 3.3240e-05
Loss = 2.9713e-02, PNorm = 64.1227, GNorm = 1.9378, lr_0 = 3.3135e-05
Loss = 3.3270e-02, PNorm = 64.1237, GNorm = 2.7953, lr_0 = 3.3030e-05
Loss = 2.8781e-02, PNorm = 64.1244, GNorm = 2.7375, lr_0 = 3.2925e-05
Loss = 3.3583e-02, PNorm = 64.1255, GNorm = 4.6166, lr_0 = 3.2821e-05
Loss = 3.5931e-02, PNorm = 64.1264, GNorm = 4.3717, lr_0 = 3.2717e-05
Loss = 2.6563e-02, PNorm = 64.1270, GNorm = 3.7545, lr_0 = 3.2613e-05
Loss = 3.0094e-02, PNorm = 64.1277, GNorm = 5.4727, lr_0 = 3.2510e-05
Loss = 2.8913e-02, PNorm = 64.1285, GNorm = 2.0907, lr_0 = 3.2407e-05
Loss = 3.4702e-02, PNorm = 64.1293, GNorm = 2.8974, lr_0 = 3.2304e-05
Loss = 3.1559e-02, PNorm = 64.1296, GNorm = 2.0102, lr_0 = 3.2202e-05
Loss = 2.9226e-02, PNorm = 64.1305, GNorm = 2.8648, lr_0 = 3.2100e-05
Loss = 2.8863e-02, PNorm = 64.1316, GNorm = 1.1017, lr_0 = 3.1998e-05
Loss = 3.1485e-02, PNorm = 64.1325, GNorm = 1.2693, lr_0 = 3.1897e-05
Loss = 3.0841e-02, PNorm = 64.1332, GNorm = 2.4570, lr_0 = 3.1796e-05
Loss = 2.5306e-02, PNorm = 64.1338, GNorm = 4.7485, lr_0 = 3.1695e-05
Loss = 3.6111e-02, PNorm = 64.1343, GNorm = 4.8825, lr_0 = 3.1595e-05
Validation rmse = 32.684527
Epoch 36
Loss = 2.7899e-02, PNorm = 64.1353, GNorm = 5.0428, lr_0 = 3.1495e-05
Loss = 2.8016e-02, PNorm = 64.1366, GNorm = 2.9376, lr_0 = 3.1395e-05
Loss = 4.0513e-02, PNorm = 64.1373, GNorm = 1.2286, lr_0 = 3.1296e-05
Loss = 3.8668e-02, PNorm = 64.1382, GNorm = 2.5273, lr_0 = 3.1196e-05
Loss = 3.4126e-02, PNorm = 64.1390, GNorm = 3.3881, lr_0 = 3.1098e-05
Loss = 2.6119e-02, PNorm = 64.1397, GNorm = 1.5140, lr_0 = 3.0999e-05
Loss = 3.0276e-02, PNorm = 64.1404, GNorm = 1.4590, lr_0 = 3.0901e-05
Loss = 3.1087e-02, PNorm = 64.1412, GNorm = 1.9460, lr_0 = 3.0803e-05
Loss = 3.1833e-02, PNorm = 64.1418, GNorm = 2.9997, lr_0 = 3.0705e-05
Loss = 2.9069e-02, PNorm = 64.1424, GNorm = 1.3601, lr_0 = 3.0608e-05
Loss = 2.7154e-02, PNorm = 64.1432, GNorm = 1.7357, lr_0 = 3.0511e-05
Loss = 3.1300e-02, PNorm = 64.1441, GNorm = 1.5405, lr_0 = 3.0415e-05
Loss = 2.5233e-02, PNorm = 64.1449, GNorm = 1.0979, lr_0 = 3.0318e-05
Loss = 2.6750e-02, PNorm = 64.1455, GNorm = 2.1572, lr_0 = 3.0222e-05
Loss = 2.7576e-02, PNorm = 64.1463, GNorm = 1.9711, lr_0 = 3.0127e-05
Loss = 2.9452e-02, PNorm = 64.1469, GNorm = 1.5897, lr_0 = 3.0031e-05
Loss = 2.5453e-02, PNorm = 64.1473, GNorm = 1.8415, lr_0 = 2.9936e-05
Validation rmse = 32.178035
Epoch 37
Loss = 2.3073e-02, PNorm = 64.1483, GNorm = 3.3972, lr_0 = 2.9841e-05
Loss = 3.1952e-02, PNorm = 64.1493, GNorm = 2.8930, lr_0 = 2.9747e-05
Loss = 2.5233e-02, PNorm = 64.1502, GNorm = 3.9115, lr_0 = 2.9652e-05
Loss = 3.2444e-02, PNorm = 64.1508, GNorm = 4.0352, lr_0 = 2.9559e-05
Loss = 2.9965e-02, PNorm = 64.1517, GNorm = 2.7959, lr_0 = 2.9465e-05
Loss = 3.1234e-02, PNorm = 64.1527, GNorm = 3.6138, lr_0 = 2.9372e-05
Loss = 3.3094e-02, PNorm = 64.1536, GNorm = 3.2437, lr_0 = 2.9279e-05
Loss = 2.9384e-02, PNorm = 64.1544, GNorm = 4.7761, lr_0 = 2.9186e-05
Loss = 2.8327e-02, PNorm = 64.1551, GNorm = 4.5560, lr_0 = 2.9093e-05
Loss = 2.5668e-02, PNorm = 64.1558, GNorm = 3.8813, lr_0 = 2.9001e-05
Loss = 2.4763e-02, PNorm = 64.1562, GNorm = 1.7807, lr_0 = 2.8909e-05
Loss = 2.8687e-02, PNorm = 64.1564, GNorm = 1.9830, lr_0 = 2.8818e-05
Loss = 2.8376e-02, PNorm = 64.1569, GNorm = 6.4249, lr_0 = 2.8726e-05
Loss = 2.6498e-02, PNorm = 64.1573, GNorm = 3.0618, lr_0 = 2.8635e-05
Loss = 3.0671e-02, PNorm = 64.1579, GNorm = 1.3143, lr_0 = 2.8545e-05
Loss = 3.0860e-02, PNorm = 64.1583, GNorm = 3.4306, lr_0 = 2.8454e-05
Loss = 3.1451e-02, PNorm = 64.1592, GNorm = 3.7270, lr_0 = 2.8364e-05
Validation rmse = 32.814744
Epoch 38
Loss = 3.2754e-02, PNorm = 64.1599, GNorm = 2.6968, lr_0 = 2.8274e-05
Loss = 2.2819e-02, PNorm = 64.1608, GNorm = 4.3889, lr_0 = 2.8185e-05
Loss = 2.7088e-02, PNorm = 64.1617, GNorm = 1.5471, lr_0 = 2.8096e-05
Loss = 3.0316e-02, PNorm = 64.1625, GNorm = 3.7908, lr_0 = 2.8007e-05
Loss = 2.7311e-02, PNorm = 64.1634, GNorm = 2.9975, lr_0 = 2.7918e-05
Loss = 2.6082e-02, PNorm = 64.1642, GNorm = 2.4230, lr_0 = 2.7829e-05
Loss = 3.1064e-02, PNorm = 64.1649, GNorm = 3.8935, lr_0 = 2.7741e-05
Loss = 3.2266e-02, PNorm = 64.1657, GNorm = 4.3950, lr_0 = 2.7653e-05
Loss = 3.0341e-02, PNorm = 64.1665, GNorm = 2.6588, lr_0 = 2.7566e-05
Loss = 2.7103e-02, PNorm = 64.1671, GNorm = 2.1572, lr_0 = 2.7479e-05
Loss = 3.7774e-02, PNorm = 64.1680, GNorm = 3.3544, lr_0 = 2.7391e-05
Loss = 2.6532e-02, PNorm = 64.1687, GNorm = 4.3259, lr_0 = 2.7305e-05
Loss = 2.7325e-02, PNorm = 64.1694, GNorm = 4.0741, lr_0 = 2.7218e-05
Loss = 2.6969e-02, PNorm = 64.1704, GNorm = 3.8731, lr_0 = 2.7132e-05
Loss = 2.3757e-02, PNorm = 64.1712, GNorm = 1.5089, lr_0 = 2.7046e-05
Loss = 2.6906e-02, PNorm = 64.1718, GNorm = 2.7191, lr_0 = 2.6960e-05
Loss = 2.5765e-02, PNorm = 64.1722, GNorm = 3.2852, lr_0 = 2.6875e-05
Validation rmse = 31.833023
Epoch 39
Loss = 3.0326e-02, PNorm = 64.1725, GNorm = 5.8011, lr_0 = 2.6781e-05
Loss = 2.8186e-02, PNorm = 64.1732, GNorm = 3.8635, lr_0 = 2.6697e-05
Loss = 2.4434e-02, PNorm = 64.1738, GNorm = 3.6565, lr_0 = 2.6612e-05
Loss = 2.6887e-02, PNorm = 64.1742, GNorm = 1.9722, lr_0 = 2.6528e-05
Loss = 2.7263e-02, PNorm = 64.1748, GNorm = 2.8972, lr_0 = 2.6444e-05
Loss = 2.7633e-02, PNorm = 64.1756, GNorm = 3.4498, lr_0 = 2.6360e-05
Loss = 2.6270e-02, PNorm = 64.1762, GNorm = 3.0434, lr_0 = 2.6276e-05
Loss = 2.8724e-02, PNorm = 64.1770, GNorm = 0.9940, lr_0 = 2.6193e-05
Loss = 3.1220e-02, PNorm = 64.1777, GNorm = 6.4768, lr_0 = 2.6110e-05
Loss = 3.0193e-02, PNorm = 64.1784, GNorm = 4.2133, lr_0 = 2.6028e-05
Loss = 3.0655e-02, PNorm = 64.1791, GNorm = 7.9620, lr_0 = 2.5945e-05
Loss = 2.7783e-02, PNorm = 64.1797, GNorm = 4.2157, lr_0 = 2.5863e-05
Loss = 2.9887e-02, PNorm = 64.1803, GNorm = 5.3425, lr_0 = 2.5781e-05
Loss = 3.3123e-02, PNorm = 64.1810, GNorm = 6.5618, lr_0 = 2.5699e-05
Loss = 3.0240e-02, PNorm = 64.1817, GNorm = 1.1179, lr_0 = 2.5618e-05
Loss = 2.6070e-02, PNorm = 64.1823, GNorm = 1.8447, lr_0 = 2.5537e-05
Loss = 2.2253e-02, PNorm = 64.1830, GNorm = 2.3455, lr_0 = 2.5456e-05
Validation rmse = 32.725219
Epoch 40
Loss = 1.9180e-02, PNorm = 64.1839, GNorm = 2.5535, lr_0 = 2.5375e-05
Loss = 2.8500e-02, PNorm = 64.1847, GNorm = 2.7896, lr_0 = 2.5295e-05
Loss = 2.5603e-02, PNorm = 64.1852, GNorm = 5.2660, lr_0 = 2.5215e-05
Loss = 3.2663e-02, PNorm = 64.1858, GNorm = 8.5937, lr_0 = 2.5135e-05
Loss = 2.8032e-02, PNorm = 64.1863, GNorm = 2.9287, lr_0 = 2.5055e-05
Loss = 2.5888e-02, PNorm = 64.1866, GNorm = 2.0510, lr_0 = 2.4976e-05
Loss = 2.5439e-02, PNorm = 64.1872, GNorm = 1.8434, lr_0 = 2.4897e-05
Loss = 2.4277e-02, PNorm = 64.1879, GNorm = 2.2394, lr_0 = 2.4818e-05
Loss = 3.0223e-02, PNorm = 64.1885, GNorm = 4.7939, lr_0 = 2.4739e-05
Loss = 2.8766e-02, PNorm = 64.1892, GNorm = 1.0499, lr_0 = 2.4661e-05
Loss = 2.5439e-02, PNorm = 64.1896, GNorm = 2.0213, lr_0 = 2.4583e-05
Loss = 2.7653e-02, PNorm = 64.1901, GNorm = 5.8150, lr_0 = 2.4505e-05
Loss = 2.5572e-02, PNorm = 64.1910, GNorm = 3.7185, lr_0 = 2.4427e-05
Loss = 2.9673e-02, PNorm = 64.1917, GNorm = 2.8984, lr_0 = 2.4350e-05
Loss = 2.7430e-02, PNorm = 64.1926, GNorm = 1.2887, lr_0 = 2.4273e-05
Loss = 2.4942e-02, PNorm = 64.1931, GNorm = 1.1709, lr_0 = 2.4196e-05
Loss = 2.8900e-02, PNorm = 64.1938, GNorm = 4.6116, lr_0 = 2.4119e-05
Loss = 2.4955e-02, PNorm = 64.1945, GNorm = 1.8769, lr_0 = 2.4043e-05
Validation rmse = 32.685580
Epoch 41
Loss = 3.0039e-02, PNorm = 64.1951, GNorm = 4.5343, lr_0 = 2.3967e-05
Loss = 2.2283e-02, PNorm = 64.1957, GNorm = 2.1021, lr_0 = 2.3891e-05
Loss = 2.4488e-02, PNorm = 64.1965, GNorm = 2.4689, lr_0 = 2.3815e-05
Loss = 2.6677e-02, PNorm = 64.1971, GNorm = 2.2262, lr_0 = 2.3740e-05
Loss = 2.6393e-02, PNorm = 64.1975, GNorm = 1.3145, lr_0 = 2.3665e-05
Loss = 2.6035e-02, PNorm = 64.1981, GNorm = 1.2759, lr_0 = 2.3590e-05
Loss = 2.7751e-02, PNorm = 64.1987, GNorm = 1.8157, lr_0 = 2.3515e-05
Loss = 2.3755e-02, PNorm = 64.1990, GNorm = 2.8651, lr_0 = 2.3440e-05
Loss = 2.5002e-02, PNorm = 64.1995, GNorm = 2.1249, lr_0 = 2.3366e-05
Loss = 2.1370e-02, PNorm = 64.2000, GNorm = 1.5855, lr_0 = 2.3292e-05
Loss = 2.9351e-02, PNorm = 64.2006, GNorm = 1.8681, lr_0 = 2.3218e-05
Loss = 2.9360e-02, PNorm = 64.2008, GNorm = 2.2495, lr_0 = 2.3145e-05
Loss = 2.7179e-02, PNorm = 64.2014, GNorm = 1.4425, lr_0 = 2.3072e-05
Loss = 2.0547e-02, PNorm = 64.2018, GNorm = 3.2075, lr_0 = 2.2999e-05
Loss = 3.1798e-02, PNorm = 64.2023, GNorm = 3.8802, lr_0 = 2.2926e-05
Loss = 2.7027e-02, PNorm = 64.2030, GNorm = 6.1385, lr_0 = 2.2853e-05
Loss = 2.9664e-02, PNorm = 64.2035, GNorm = 2.8684, lr_0 = 2.2781e-05
Validation rmse = 32.017918
Epoch 42
Loss = 2.7021e-02, PNorm = 64.2039, GNorm = 1.0059, lr_0 = 2.2709e-05
Loss = 2.7027e-02, PNorm = 64.2044, GNorm = 3.4060, lr_0 = 2.2637e-05
Loss = 2.1556e-02, PNorm = 64.2048, GNorm = 2.5719, lr_0 = 2.2565e-05
Loss = 2.2416e-02, PNorm = 64.2053, GNorm = 1.2828, lr_0 = 2.2493e-05
Loss = 2.7325e-02, PNorm = 64.2058, GNorm = 2.3371, lr_0 = 2.2422e-05
Loss = 2.6691e-02, PNorm = 64.2063, GNorm = 1.1938, lr_0 = 2.2351e-05
Loss = 2.5659e-02, PNorm = 64.2071, GNorm = 3.2451, lr_0 = 2.2280e-05
Loss = 2.4574e-02, PNorm = 64.2077, GNorm = 3.8362, lr_0 = 2.2210e-05
Loss = 2.5474e-02, PNorm = 64.2083, GNorm = 3.7394, lr_0 = 2.2139e-05
Loss = 2.5600e-02, PNorm = 64.2090, GNorm = 2.4309, lr_0 = 2.2069e-05
Loss = 2.5703e-02, PNorm = 64.2094, GNorm = 1.2860, lr_0 = 2.1999e-05
Loss = 2.4427e-02, PNorm = 64.2099, GNorm = 1.9143, lr_0 = 2.1930e-05
Loss = 2.3650e-02, PNorm = 64.2105, GNorm = 1.7684, lr_0 = 2.1860e-05
Loss = 3.1329e-02, PNorm = 64.2115, GNorm = 2.9694, lr_0 = 2.1791e-05
Loss = 2.2961e-02, PNorm = 64.2121, GNorm = 2.2246, lr_0 = 2.1722e-05
Loss = 2.7511e-02, PNorm = 64.2126, GNorm = 1.5391, lr_0 = 2.1653e-05
Loss = 2.5700e-02, PNorm = 64.2130, GNorm = 2.4464, lr_0 = 2.1585e-05
Validation rmse = 31.820105
Epoch 43
Loss = 2.8520e-02, PNorm = 64.2138, GNorm = 2.3872, lr_0 = 2.1516e-05
Loss = 2.3619e-02, PNorm = 64.2144, GNorm = 1.4996, lr_0 = 2.1448e-05
Loss = 2.3253e-02, PNorm = 64.2149, GNorm = 3.3521, lr_0 = 2.1380e-05
Loss = 2.8691e-02, PNorm = 64.2153, GNorm = 4.6959, lr_0 = 2.1312e-05
Loss = 2.5162e-02, PNorm = 64.2159, GNorm = 1.2253, lr_0 = 2.1245e-05
Loss = 2.9412e-02, PNorm = 64.2164, GNorm = 4.0697, lr_0 = 2.1178e-05
Loss = 2.4248e-02, PNorm = 64.2169, GNorm = 2.4924, lr_0 = 2.1111e-05
Loss = 2.7620e-02, PNorm = 64.2174, GNorm = 4.5758, lr_0 = 2.1044e-05
Loss = 2.5091e-02, PNorm = 64.2179, GNorm = 5.3969, lr_0 = 2.0977e-05
Loss = 2.4434e-02, PNorm = 64.2185, GNorm = 4.5197, lr_0 = 2.0911e-05
Loss = 2.9476e-02, PNorm = 64.2189, GNorm = 3.0137, lr_0 = 2.0844e-05
Loss = 2.2167e-02, PNorm = 64.2194, GNorm = 1.2127, lr_0 = 2.0778e-05
Loss = 2.8360e-02, PNorm = 64.2199, GNorm = 2.5566, lr_0 = 2.0713e-05
Loss = 2.5099e-02, PNorm = 64.2205, GNorm = 2.4641, lr_0 = 2.0647e-05
Loss = 2.2095e-02, PNorm = 64.2209, GNorm = 3.5378, lr_0 = 2.0582e-05
Loss = 2.6021e-02, PNorm = 64.2214, GNorm = 4.7116, lr_0 = 2.0516e-05
Loss = 2.3724e-02, PNorm = 64.2220, GNorm = 5.5714, lr_0 = 2.0451e-05
Validation rmse = 32.533013
Epoch 44
Loss = 2.5212e-02, PNorm = 64.2225, GNorm = 3.9841, lr_0 = 2.0387e-05
Loss = 2.4157e-02, PNorm = 64.2229, GNorm = 1.6425, lr_0 = 2.0322e-05
Loss = 2.5040e-02, PNorm = 64.2235, GNorm = 1.4285, lr_0 = 2.0258e-05
Loss = 2.5260e-02, PNorm = 64.2238, GNorm = 2.7385, lr_0 = 2.0193e-05
Loss = 2.4332e-02, PNorm = 64.2243, GNorm = 3.3443, lr_0 = 2.0129e-05
Loss = 3.1496e-02, PNorm = 64.2245, GNorm = 2.2898, lr_0 = 2.0066e-05
Loss = 2.4056e-02, PNorm = 64.2248, GNorm = 2.5153, lr_0 = 2.0002e-05
Loss = 2.8347e-02, PNorm = 64.2254, GNorm = 2.6622, lr_0 = 1.9939e-05
Loss = 2.4846e-02, PNorm = 64.2262, GNorm = 5.5388, lr_0 = 1.9876e-05
Loss = 2.3750e-02, PNorm = 64.2268, GNorm = 2.0731, lr_0 = 1.9813e-05
Loss = 2.6462e-02, PNorm = 64.2274, GNorm = 3.9619, lr_0 = 1.9750e-05
Loss = 2.4282e-02, PNorm = 64.2279, GNorm = 0.9977, lr_0 = 1.9687e-05
Loss = 2.2663e-02, PNorm = 64.2285, GNorm = 2.6170, lr_0 = 1.9625e-05
Loss = 2.6012e-02, PNorm = 64.2290, GNorm = 1.2243, lr_0 = 1.9563e-05
Loss = 2.4127e-02, PNorm = 64.2297, GNorm = 3.2895, lr_0 = 1.9501e-05
Loss = 2.3344e-02, PNorm = 64.2300, GNorm = 1.3498, lr_0 = 1.9439e-05
Loss = 2.6915e-02, PNorm = 64.2306, GNorm = 1.4689, lr_0 = 1.9378e-05
Validation rmse = 31.843525
Epoch 45
Loss = 1.9270e-02, PNorm = 64.2314, GNorm = 2.3817, lr_0 = 1.9316e-05
Loss = 2.5728e-02, PNorm = 64.2320, GNorm = 1.5999, lr_0 = 1.9255e-05
Loss = 2.3879e-02, PNorm = 64.2324, GNorm = 3.1036, lr_0 = 1.9194e-05
Loss = 2.1394e-02, PNorm = 64.2329, GNorm = 2.3480, lr_0 = 1.9133e-05
Loss = 2.1533e-02, PNorm = 64.2332, GNorm = 1.3743, lr_0 = 1.9073e-05
Loss = 2.1308e-02, PNorm = 64.2334, GNorm = 3.5321, lr_0 = 1.9012e-05
Loss = 2.2666e-02, PNorm = 64.2339, GNorm = 2.3803, lr_0 = 1.8952e-05
Loss = 2.6169e-02, PNorm = 64.2344, GNorm = 1.9179, lr_0 = 1.8892e-05
Loss = 2.2302e-02, PNorm = 64.2348, GNorm = 2.4112, lr_0 = 1.8832e-05
Loss = 2.3917e-02, PNorm = 64.2352, GNorm = 3.3940, lr_0 = 1.8772e-05
Loss = 2.3160e-02, PNorm = 64.2356, GNorm = 4.7199, lr_0 = 1.8713e-05
Loss = 2.5435e-02, PNorm = 64.2361, GNorm = 5.6136, lr_0 = 1.8654e-05
Loss = 2.3649e-02, PNorm = 64.2365, GNorm = 3.9574, lr_0 = 1.8595e-05
Loss = 2.5597e-02, PNorm = 64.2369, GNorm = 2.1387, lr_0 = 1.8536e-05
Loss = 2.2298e-02, PNorm = 64.2374, GNorm = 1.8794, lr_0 = 1.8477e-05
Loss = 2.3606e-02, PNorm = 64.2378, GNorm = 4.6906, lr_0 = 1.8419e-05
Loss = 2.8189e-02, PNorm = 64.2386, GNorm = 3.1579, lr_0 = 1.8360e-05
Loss = 3.2253e-02, PNorm = 64.2393, GNorm = 5.4960, lr_0 = 1.8302e-05
Validation rmse = 32.374787
Epoch 46
Loss = 2.0460e-02, PNorm = 64.2398, GNorm = 1.8739, lr_0 = 1.8244e-05
Loss = 2.3324e-02, PNorm = 64.2404, GNorm = 5.1243, lr_0 = 1.8186e-05
Loss = 3.1177e-02, PNorm = 64.2409, GNorm = 2.1017, lr_0 = 1.8129e-05
Loss = 2.7485e-02, PNorm = 64.2413, GNorm = 4.0279, lr_0 = 1.8071e-05
Loss = 2.5119e-02, PNorm = 64.2418, GNorm = 2.4584, lr_0 = 1.8014e-05
Loss = 2.7424e-02, PNorm = 64.2424, GNorm = 0.8663, lr_0 = 1.7957e-05
Loss = 2.1190e-02, PNorm = 64.2430, GNorm = 1.6397, lr_0 = 1.7900e-05
Loss = 2.2643e-02, PNorm = 64.2435, GNorm = 1.0950, lr_0 = 1.7843e-05
Loss = 2.4554e-02, PNorm = 64.2440, GNorm = 2.2959, lr_0 = 1.7787e-05
Loss = 2.6606e-02, PNorm = 64.2443, GNorm = 2.1559, lr_0 = 1.7731e-05
Loss = 2.2129e-02, PNorm = 64.2447, GNorm = 3.0865, lr_0 = 1.7674e-05
Loss = 2.4144e-02, PNorm = 64.2450, GNorm = 3.2511, lr_0 = 1.7618e-05
Loss = 2.3110e-02, PNorm = 64.2454, GNorm = 3.0433, lr_0 = 1.7563e-05
Loss = 2.5293e-02, PNorm = 64.2456, GNorm = 1.1481, lr_0 = 1.7507e-05
Loss = 2.4358e-02, PNorm = 64.2461, GNorm = 1.0513, lr_0 = 1.7451e-05
Loss = 2.6339e-02, PNorm = 64.2466, GNorm = 1.4085, lr_0 = 1.7396e-05
Loss = 2.4405e-02, PNorm = 64.2471, GNorm = 0.8874, lr_0 = 1.7341e-05
Validation rmse = 31.655566
Epoch 47
Loss = 2.3105e-02, PNorm = 64.2473, GNorm = 5.3468, lr_0 = 1.7286e-05
Loss = 1.9601e-02, PNorm = 64.2475, GNorm = 1.9162, lr_0 = 1.7231e-05
Loss = 2.9552e-02, PNorm = 64.2479, GNorm = 1.3668, lr_0 = 1.7177e-05
Loss = 2.5174e-02, PNorm = 64.2484, GNorm = 2.5014, lr_0 = 1.7122e-05
Loss = 2.0812e-02, PNorm = 64.2490, GNorm = 3.3681, lr_0 = 1.7068e-05
Loss = 2.5148e-02, PNorm = 64.2497, GNorm = 2.4991, lr_0 = 1.7014e-05
Loss = 2.1928e-02, PNorm = 64.2501, GNorm = 3.2987, lr_0 = 1.6960e-05
Loss = 1.9021e-02, PNorm = 64.2506, GNorm = 3.4872, lr_0 = 1.6907e-05
Loss = 2.1087e-02, PNorm = 64.2510, GNorm = 1.1198, lr_0 = 1.6853e-05
Loss = 2.7150e-02, PNorm = 64.2514, GNorm = 4.1110, lr_0 = 1.6800e-05
Loss = 2.6348e-02, PNorm = 64.2519, GNorm = 4.7862, lr_0 = 1.6746e-05
Loss = 2.2758e-02, PNorm = 64.2522, GNorm = 2.5699, lr_0 = 1.6693e-05
Loss = 2.0421e-02, PNorm = 64.2524, GNorm = 4.2822, lr_0 = 1.6640e-05
Loss = 2.7174e-02, PNorm = 64.2527, GNorm = 1.5599, lr_0 = 1.6588e-05
Loss = 2.1299e-02, PNorm = 64.2532, GNorm = 1.3737, lr_0 = 1.6535e-05
Loss = 2.4846e-02, PNorm = 64.2537, GNorm = 2.1323, lr_0 = 1.6483e-05
Loss = 2.4535e-02, PNorm = 64.2542, GNorm = 1.8988, lr_0 = 1.6431e-05
Validation rmse = 31.690046
Epoch 48
Loss = 2.2470e-02, PNorm = 64.2543, GNorm = 0.9906, lr_0 = 1.6379e-05
Loss = 2.0923e-02, PNorm = 64.2548, GNorm = 5.3978, lr_0 = 1.6327e-05
Loss = 1.9365e-02, PNorm = 64.2554, GNorm = 0.9307, lr_0 = 1.6275e-05
Loss = 2.2420e-02, PNorm = 64.2557, GNorm = 6.8763, lr_0 = 1.6223e-05
Loss = 3.0497e-02, PNorm = 64.2564, GNorm = 4.4518, lr_0 = 1.6172e-05
Loss = 2.8265e-02, PNorm = 64.2571, GNorm = 2.2319, lr_0 = 1.6121e-05
Loss = 2.3031e-02, PNorm = 64.2573, GNorm = 1.4577, lr_0 = 1.6070e-05
Loss = 2.1149e-02, PNorm = 64.2574, GNorm = 3.0394, lr_0 = 1.6019e-05
Loss = 1.6351e-02, PNorm = 64.2576, GNorm = 2.6736, lr_0 = 1.5968e-05
Loss = 2.7287e-02, PNorm = 64.2579, GNorm = 4.2274, lr_0 = 1.5918e-05
Loss = 2.1669e-02, PNorm = 64.2581, GNorm = 2.6565, lr_0 = 1.5867e-05
Loss = 2.2953e-02, PNorm = 64.2584, GNorm = 3.2180, lr_0 = 1.5817e-05
Loss = 2.8736e-02, PNorm = 64.2589, GNorm = 2.0135, lr_0 = 1.5767e-05
Loss = 2.6276e-02, PNorm = 64.2593, GNorm = 3.0160, lr_0 = 1.5717e-05
Loss = 2.3089e-02, PNorm = 64.2596, GNorm = 2.1009, lr_0 = 1.5667e-05
Loss = 2.1143e-02, PNorm = 64.2601, GNorm = 2.0023, lr_0 = 1.5617e-05
Loss = 1.9490e-02, PNorm = 64.2605, GNorm = 2.0436, lr_0 = 1.5568e-05
Validation rmse = 31.198383
Epoch 49
Loss = 2.6782e-02, PNorm = 64.2610, GNorm = 2.6273, lr_0 = 1.5519e-05
Loss = 1.8547e-02, PNorm = 64.2614, GNorm = 1.4237, lr_0 = 1.5470e-05
Loss = 2.2168e-02, PNorm = 64.2618, GNorm = 3.2525, lr_0 = 1.5421e-05
Loss = 2.2489e-02, PNorm = 64.2621, GNorm = 3.0659, lr_0 = 1.5372e-05
Loss = 2.0894e-02, PNorm = 64.2625, GNorm = 1.4916, lr_0 = 1.5323e-05
Loss = 2.0416e-02, PNorm = 64.2629, GNorm = 1.2039, lr_0 = 1.5274e-05
Loss = 2.1222e-02, PNorm = 64.2632, GNorm = 1.1309, lr_0 = 1.5226e-05
Loss = 1.9706e-02, PNorm = 64.2637, GNorm = 1.5453, lr_0 = 1.5178e-05
Loss = 2.2060e-02, PNorm = 64.2639, GNorm = 1.4639, lr_0 = 1.5130e-05
Loss = 2.5154e-02, PNorm = 64.2642, GNorm = 1.2476, lr_0 = 1.5082e-05
Loss = 2.3707e-02, PNorm = 64.2645, GNorm = 3.9391, lr_0 = 1.5034e-05
Loss = 2.0975e-02, PNorm = 64.2649, GNorm = 1.2100, lr_0 = 1.4986e-05
Loss = 2.5393e-02, PNorm = 64.2652, GNorm = 3.9880, lr_0 = 1.4953e-05
Loss = 1.9981e-02, PNorm = 64.2656, GNorm = 1.4985, lr_0 = 1.4953e-05
Loss = 2.0702e-02, PNorm = 64.2659, GNorm = 4.0967, lr_0 = 1.4953e-05
Loss = 2.7029e-02, PNorm = 64.2663, GNorm = 3.6567, lr_0 = 1.4953e-05
Loss = 2.3615e-02, PNorm = 64.2667, GNorm = 2.3292, lr_0 = 1.4953e-05
Validation rmse = 32.084099
Model 0 best validation rmse = 31.198383 on epoch 48
Loading pretrained parameter "encoder.encoder.0.cached_zero_vector".
Loading pretrained parameter "encoder.encoder.0.W_i.weight".
Loading pretrained parameter "encoder.encoder.0.W_h.weight".
Loading pretrained parameter "encoder.encoder.0.W_o.weight".
Loading pretrained parameter "encoder.encoder.0.W_o.bias".
Loading pretrained parameter "encoder.encoder.1.cached_zero_vector".
Loading pretrained parameter "encoder.encoder.1.W_i.weight".
Loading pretrained parameter "encoder.encoder.1.W_h.weight".
Loading pretrained parameter "encoder.encoder.1.W_o.weight".
Loading pretrained parameter "encoder.encoder.1.W_o.bias".
Loading pretrained parameter "ffn.1.weight".
Loading pretrained parameter "ffn.1.bias".
Loading pretrained parameter "ffn.4.weight".
Loading pretrained parameter "ffn.4.bias".
Moving model to cuda
Model 0 test rmse = 28.321725
Ensemble test rmse = 28.321725
1-fold cross validation
	Seed 0 ==> test rmse = 28.321725
Overall test rmse = 28.321725 +/- 0.000000
Elapsed time = 0:36:49
