Command line
python /home/kpg/chemprop/train.py --data_path ../../../data/splits/lambda_max_abs/deep4chem/group_by_smiles/smiles_target_train.csv --dataset_type regression --save_dir /home/kimele03/uvvisml/uvvisml/models/emi_all_checkpoints/group_by_smiles/results/507015/49664119 --config_path /home/kimele03/uvvisml/uvvisml/models/emi_all_checkpoints/group_by_smiles/results/507015/49664119/hyperopt.json --metric rmse --epochs 50 --gpu 0 --ensemble_size 1 --separate_val_path ../../../data/splits/lambda_max_abs/deep4chem/group_by_smiles/smiles_target_val.csv --separate_test_path ../../../data/splits/lambda_max_abs/deep4chem/group_by_smiles/smiles_target_test.csv --number_of_molecules 2
Args
{'activation': 'ReLU',
 'aggregation': 'mean',
 'aggregation_norm': 100,
 'atom_descriptor_scaling': True,
 'atom_descriptors': None,
 'atom_descriptors_path': None,
 'atom_descriptors_size': 0,
 'atom_features_size': 0,
 'atom_messages': False,
 'batch_size': 71,
 'bias': False,
 'bond_feature_scaling': True,
 'bond_features_path': None,
 'bond_features_size': 0,
 'cache_cutoff': 10000,
 'checkpoint_dir': None,
 'checkpoint_frzn': None,
 'checkpoint_path': None,
 'checkpoint_paths': None,
 'class_balance': False,
 'config_path': '/home/kimele03/uvvisml/uvvisml/models/emi_all_checkpoints/group_by_smiles/results/507015/49664119/hyperopt.json',
 'crossval_index_dir': None,
 'crossval_index_file': None,
 'crossval_index_sets': None,
 'cuda': True,
 'data_path': '../../../data/splits/lambda_max_abs/deep4chem/group_by_smiles/smiles_target_train.csv',
 'data_weights_path': None,
 'dataset_type': 'regression',
 'depth': 4,
 'device': device(type='cuda', index=0),
 'dropout': 0.24857478105966588,
 'empty_cache': False,
 'ensemble_size': 1,
 'epochs': 50,
 'explicit_h': False,
 'extra_metrics': [],
 'features_generator': None,
 'features_only': False,
 'features_path': None,
 'features_scaling': True,
 'features_size': None,
 'ffn_hidden_size': 300,
 'ffn_num_layers': 2,
 'final_lr': 3.167232671609725e-05,
 'folds_file': None,
 'freeze_first_only': False,
 'frzn_ffn_layers': 0,
 'gpu': 0,
 'grad_clip': None,
 'hidden_size': 2400,
 'ignore_columns': None,
 'init_lr': 8.816035205849691e-06,
 'log_frequency': 10,
 'max_data_size': None,
 'max_lr': 0.00038013940092598646,
 'metric': 'rmse',
 'metrics': ['rmse'],
 'minimize_score': True,
 'mpn_shared': False,
 'multiclass_num_classes': 3,
 'no_atom_descriptor_scaling': False,
 'no_bond_features_scaling': False,
 'no_cache_mol': False,
 'no_cuda': False,
 'no_features_scaling': False,
 'num_folds': 1,
 'num_lrs': 1,
 'num_tasks': 1,
 'num_workers': 8,
 'number_of_molecules': 2,
 'overwrite_default_atom_features': False,
 'overwrite_default_bond_features': False,
 'pytorch_seed': 0,
 'quiet': False,
 'reaction': False,
 'reaction_mode': 'reac_diff',
 'resume_experiment': False,
 'save_dir': '/home/kimele03/uvvisml/uvvisml/models/emi_all_checkpoints/group_by_smiles/results/507015/49664119',
 'save_preds': False,
 'save_smiles_splits': False,
 'seed': 0,
 'separate_test_atom_descriptors_path': None,
 'separate_test_bond_features_path': None,
 'separate_test_features_path': None,
 'separate_test_path': '../../../data/splits/lambda_max_abs/deep4chem/group_by_smiles/smiles_target_test.csv',
 'separate_val_atom_descriptors_path': None,
 'separate_val_bond_features_path': None,
 'separate_val_features_path': None,
 'separate_val_path': '../../../data/splits/lambda_max_abs/deep4chem/group_by_smiles/smiles_target_val.csv',
 'show_individual_scores': False,
 'smiles_columns': ['smiles', 'solvent'],
 'split_sizes': (0.8, 0.1, 0.1),
 'split_type': 'random',
 'target_columns': None,
 'target_weights': None,
 'task_names': ['peakwavs_max'],
 'test': False,
 'test_fold_index': None,
 'train_data_size': None,
 'undirected': False,
 'use_input_features': False,
 'val_fold_index': None,
 'warmup_epochs': 5}
Loading data
Number of tasks = 1
Fold 0
Splitting data with seed 0
Total size = 13,242 | train size = 13,242 | val size = 1,633 | test size = 1,710
Fitting scaler
Building model 0
MoleculeModel(
  (encoder): MPN(
    (encoder): ModuleList(
      (0): MPNEncoder(
        (dropout_layer): Dropout(p=0.24857478105966588, inplace=False)
        (act_func): ReLU()
        (W_i): Linear(in_features=147, out_features=2400, bias=False)
        (W_h): Linear(in_features=2400, out_features=2400, bias=False)
        (W_o): Linear(in_features=2533, out_features=2400, bias=True)
      )
      (1): MPNEncoder(
        (dropout_layer): Dropout(p=0.24857478105966588, inplace=False)
        (act_func): ReLU()
        (W_i): Linear(in_features=147, out_features=2400, bias=False)
        (W_h): Linear(in_features=2400, out_features=2400, bias=False)
        (W_o): Linear(in_features=2533, out_features=2400, bias=True)
      )
    )
  )
  (ffn): Sequential(
    (0): Dropout(p=0.24857478105966588, inplace=False)
    (1): Linear(in_features=4800, out_features=300, bias=True)
    (2): ReLU()
    (3): Dropout(p=0.24857478105966588, inplace=False)
    (4): Linear(in_features=300, out_features=1, bias=True)
  )
)
Number of parameters = 25,834,201
Moving model to cuda
Epoch 0
Loss = 1.1953e+00, PNorm = 104.1589, GNorm = 5.6365, lr_0 = 1.3208e-05
Loss = 9.4417e-01, PNorm = 104.1591, GNorm = 4.5832, lr_0 = 1.7201e-05
Loss = 8.9525e-01, PNorm = 104.1596, GNorm = 3.5811, lr_0 = 2.1193e-05
Loss = 1.0846e+00, PNorm = 104.1604, GNorm = 11.5508, lr_0 = 2.5186e-05
Loss = 9.4650e-01, PNorm = 104.1613, GNorm = 4.3001, lr_0 = 2.9179e-05
Loss = 8.5500e-01, PNorm = 104.1626, GNorm = 5.8179, lr_0 = 3.3172e-05
Loss = 7.0179e-01, PNorm = 104.1642, GNorm = 10.7744, lr_0 = 3.7164e-05
Loss = 8.6661e-01, PNorm = 104.1661, GNorm = 3.9415, lr_0 = 4.1157e-05
Loss = 8.1278e-01, PNorm = 104.1683, GNorm = 3.3546, lr_0 = 4.5150e-05
Loss = 8.2254e-01, PNorm = 104.1711, GNorm = 7.0953, lr_0 = 4.9143e-05
Loss = 7.2565e-01, PNorm = 104.1747, GNorm = 3.4876, lr_0 = 5.3135e-05
Loss = 7.4733e-01, PNorm = 104.1796, GNorm = 8.5026, lr_0 = 5.7128e-05
Loss = 8.2120e-01, PNorm = 104.1829, GNorm = 4.5050, lr_0 = 6.1121e-05
Loss = 8.1225e-01, PNorm = 104.1877, GNorm = 7.1251, lr_0 = 6.5113e-05
Loss = 8.2241e-01, PNorm = 104.1925, GNorm = 3.7960, lr_0 = 6.9106e-05
Loss = 6.9926e-01, PNorm = 104.1987, GNorm = 3.5968, lr_0 = 7.3099e-05
Loss = 7.3237e-01, PNorm = 104.2042, GNorm = 4.5656, lr_0 = 7.7092e-05
Loss = 5.4834e-01, PNorm = 104.2101, GNorm = 2.2074, lr_0 = 8.1084e-05
Validation rmse = 86.721154
Epoch 1
Loss = 8.0486e-01, PNorm = 104.2182, GNorm = 18.8554, lr_0 = 8.5476e-05
Loss = 6.3831e-01, PNorm = 104.2262, GNorm = 7.3457, lr_0 = 8.9469e-05
Loss = 8.8764e-01, PNorm = 104.2344, GNorm = 8.3687, lr_0 = 9.3462e-05
Loss = 5.9288e-01, PNorm = 104.2446, GNorm = 2.8518, lr_0 = 9.7455e-05
Loss = 5.5231e-01, PNorm = 104.2539, GNorm = 7.0724, lr_0 = 1.0145e-04
Loss = 6.0621e-01, PNorm = 104.2631, GNorm = 2.7042, lr_0 = 1.0544e-04
Loss = 5.4595e-01, PNorm = 104.2733, GNorm = 3.3963, lr_0 = 1.0943e-04
Loss = 4.8150e-01, PNorm = 104.2863, GNorm = 4.4246, lr_0 = 1.1343e-04
Loss = 4.2704e-01, PNorm = 104.2961, GNorm = 7.5656, lr_0 = 1.1742e-04
Loss = 5.3649e-01, PNorm = 104.3067, GNorm = 13.4952, lr_0 = 1.2141e-04
Loss = 4.9023e-01, PNorm = 104.3183, GNorm = 6.9237, lr_0 = 1.2540e-04
Loss = 6.9116e-01, PNorm = 104.3322, GNorm = 2.8687, lr_0 = 1.2940e-04
Loss = 5.6601e-01, PNorm = 104.3488, GNorm = 1.5103, lr_0 = 1.3339e-04
Loss = 5.5806e-01, PNorm = 104.3644, GNorm = 2.9309, lr_0 = 1.3738e-04
Loss = 5.7023e-01, PNorm = 104.3785, GNorm = 8.8947, lr_0 = 1.4137e-04
Loss = 5.0978e-01, PNorm = 104.3947, GNorm = 2.4894, lr_0 = 1.4537e-04
Loss = 5.0476e-01, PNorm = 104.4083, GNorm = 4.8487, lr_0 = 1.4936e-04
Loss = 3.9305e-01, PNorm = 104.4218, GNorm = 5.9316, lr_0 = 1.5335e-04
Loss = 3.7408e-01, PNorm = 104.4355, GNorm = 2.4937, lr_0 = 1.5735e-04
Validation rmse = 69.669381
Epoch 2
Loss = 3.7054e-01, PNorm = 104.4486, GNorm = 2.3736, lr_0 = 1.6134e-04
Loss = 3.1950e-01, PNorm = 104.4643, GNorm = 4.7243, lr_0 = 1.6533e-04
Loss = 3.7989e-01, PNorm = 104.4755, GNorm = 8.2378, lr_0 = 1.6932e-04
Loss = 3.7291e-01, PNorm = 104.4880, GNorm = 3.7815, lr_0 = 1.7332e-04
Loss = 3.3437e-01, PNorm = 104.5022, GNorm = 1.9130, lr_0 = 1.7731e-04
Loss = 4.4591e-01, PNorm = 104.5188, GNorm = 1.9723, lr_0 = 1.8130e-04
Loss = 4.5304e-01, PNorm = 104.5379, GNorm = 4.3868, lr_0 = 1.8529e-04
Loss = 3.7892e-01, PNorm = 104.5560, GNorm = 7.2541, lr_0 = 1.8929e-04
Loss = 4.9987e-01, PNorm = 104.5784, GNorm = 4.4235, lr_0 = 1.9328e-04
Loss = 3.5838e-01, PNorm = 104.6006, GNorm = 1.1911, lr_0 = 1.9727e-04
Loss = 3.6761e-01, PNorm = 104.6224, GNorm = 1.5314, lr_0 = 2.0127e-04
Loss = 3.6282e-01, PNorm = 104.6420, GNorm = 3.7390, lr_0 = 2.0526e-04
Loss = 3.3920e-01, PNorm = 104.6579, GNorm = 1.1524, lr_0 = 2.0925e-04
Loss = 3.2272e-01, PNorm = 104.6728, GNorm = 4.9285, lr_0 = 2.1324e-04
Loss = 3.8423e-01, PNorm = 104.6873, GNorm = 6.0886, lr_0 = 2.1724e-04
Loss = 2.9721e-01, PNorm = 104.7051, GNorm = 2.1493, lr_0 = 2.2123e-04
Loss = 2.8737e-01, PNorm = 104.7225, GNorm = 3.2156, lr_0 = 2.2522e-04
Loss = 3.6293e-01, PNorm = 104.7386, GNorm = 1.9239, lr_0 = 2.2921e-04
Validation rmse = 75.740450
Epoch 3
Loss = 5.4819e-01, PNorm = 104.7630, GNorm = 18.7173, lr_0 = 2.3361e-04
Loss = 3.8685e-01, PNorm = 104.7826, GNorm = 4.1273, lr_0 = 2.3760e-04
Loss = 2.7294e-01, PNorm = 104.8054, GNorm = 2.7212, lr_0 = 2.4159e-04
Loss = 3.2150e-01, PNorm = 104.8262, GNorm = 4.3453, lr_0 = 2.4558e-04
Loss = 2.9224e-01, PNorm = 104.8458, GNorm = 5.9579, lr_0 = 2.4958e-04
Loss = 3.2797e-01, PNorm = 104.8654, GNorm = 2.1028, lr_0 = 2.5357e-04
Loss = 2.7560e-01, PNorm = 104.8844, GNorm = 1.3087, lr_0 = 2.5756e-04
Loss = 3.0357e-01, PNorm = 104.9023, GNorm = 2.9578, lr_0 = 2.6156e-04
Loss = 2.9565e-01, PNorm = 104.9274, GNorm = 1.9167, lr_0 = 2.6555e-04
Loss = 2.7260e-01, PNorm = 104.9532, GNorm = 7.1391, lr_0 = 2.6954e-04
Loss = 2.9045e-01, PNorm = 104.9761, GNorm = 5.6932, lr_0 = 2.7353e-04
Loss = 2.7048e-01, PNorm = 105.0045, GNorm = 1.8842, lr_0 = 2.7753e-04
Loss = 3.2853e-01, PNorm = 105.0296, GNorm = 3.0331, lr_0 = 2.8152e-04
Loss = 3.5077e-01, PNorm = 105.0592, GNorm = 2.3547, lr_0 = 2.8551e-04
Loss = 2.6992e-01, PNorm = 105.0831, GNorm = 1.5126, lr_0 = 2.8950e-04
Loss = 2.6663e-01, PNorm = 105.1067, GNorm = 1.9394, lr_0 = 2.9350e-04
Loss = 2.8655e-01, PNorm = 105.1294, GNorm = 2.7558, lr_0 = 2.9749e-04
Loss = 2.4193e-01, PNorm = 105.1589, GNorm = 1.1257, lr_0 = 3.0148e-04
Loss = 2.6261e-01, PNorm = 105.1859, GNorm = 2.3103, lr_0 = 3.0548e-04
Validation rmse = 54.895421
Epoch 4
Loss = 2.4343e-01, PNorm = 105.2154, GNorm = 2.8288, lr_0 = 3.0947e-04
Loss = 2.5305e-01, PNorm = 105.2425, GNorm = 2.6601, lr_0 = 3.1346e-04
Loss = 2.4596e-01, PNorm = 105.2755, GNorm = 1.4414, lr_0 = 3.1745e-04
Loss = 2.3099e-01, PNorm = 105.3033, GNorm = 2.6783, lr_0 = 3.2145e-04
Loss = 2.8270e-01, PNorm = 105.3378, GNorm = 0.9484, lr_0 = 3.2544e-04
Loss = 2.8827e-01, PNorm = 105.3724, GNorm = 3.2573, lr_0 = 3.2943e-04
Loss = 3.1454e-01, PNorm = 105.4073, GNorm = 2.3473, lr_0 = 3.3342e-04
Loss = 2.5701e-01, PNorm = 105.4462, GNorm = 3.1438, lr_0 = 3.3742e-04
Loss = 2.1406e-01, PNorm = 105.4792, GNorm = 5.8546, lr_0 = 3.4141e-04
Loss = 2.3630e-01, PNorm = 105.5124, GNorm = 3.1395, lr_0 = 3.4540e-04
Loss = 3.1596e-01, PNorm = 105.5536, GNorm = 3.4231, lr_0 = 3.4940e-04
Loss = 2.9607e-01, PNorm = 105.6050, GNorm = 2.4450, lr_0 = 3.5339e-04
Loss = 2.4055e-01, PNorm = 105.6538, GNorm = 1.2160, lr_0 = 3.5738e-04
Loss = 2.1271e-01, PNorm = 105.7020, GNorm = 2.6109, lr_0 = 3.6137e-04
Loss = 1.7353e-01, PNorm = 105.7390, GNorm = 5.3882, lr_0 = 3.6537e-04
Loss = 2.1832e-01, PNorm = 105.7807, GNorm = 5.0936, lr_0 = 3.6936e-04
Loss = 2.0732e-01, PNorm = 105.8188, GNorm = 3.4716, lr_0 = 3.7335e-04
Loss = 2.2455e-01, PNorm = 105.8550, GNorm = 1.9971, lr_0 = 3.7734e-04
Loss = 2.0777e-01, PNorm = 105.8911, GNorm = 1.5364, lr_0 = 3.7980e-04
Validation rmse = 52.666405
Epoch 5
Loss = 1.8000e-01, PNorm = 105.9376, GNorm = 2.1530, lr_0 = 3.7856e-04
Loss = 1.6320e-01, PNorm = 105.9700, GNorm = 0.6773, lr_0 = 3.7744e-04
Loss = 2.1077e-01, PNorm = 105.9990, GNorm = 4.8788, lr_0 = 3.7632e-04
Loss = 2.3643e-01, PNorm = 106.0336, GNorm = 6.4077, lr_0 = 3.7521e-04
Loss = 2.5359e-01, PNorm = 106.0785, GNorm = 5.9559, lr_0 = 3.7409e-04
Loss = 2.3561e-01, PNorm = 106.1279, GNorm = 2.4245, lr_0 = 3.7298e-04
Loss = 1.7114e-01, PNorm = 106.1672, GNorm = 2.4545, lr_0 = 3.7188e-04
Loss = 2.4403e-01, PNorm = 106.2030, GNorm = 4.3838, lr_0 = 3.7078e-04
Loss = 1.9829e-01, PNorm = 106.2401, GNorm = 2.6064, lr_0 = 3.6968e-04
Loss = 2.2254e-01, PNorm = 106.2782, GNorm = 1.9261, lr_0 = 3.6858e-04
Loss = 1.8521e-01, PNorm = 106.3075, GNorm = 3.1257, lr_0 = 3.6749e-04
Loss = 1.7004e-01, PNorm = 106.3367, GNorm = 1.7893, lr_0 = 3.6640e-04
Loss = 1.8051e-01, PNorm = 106.3568, GNorm = 1.4642, lr_0 = 3.6531e-04
Loss = 1.9747e-01, PNorm = 106.3856, GNorm = 1.7528, lr_0 = 3.6423e-04
Loss = 2.2095e-01, PNorm = 106.4194, GNorm = 3.5248, lr_0 = 3.6315e-04
Loss = 1.8840e-01, PNorm = 106.4507, GNorm = 3.7358, lr_0 = 3.6207e-04
Loss = 1.4388e-01, PNorm = 106.4812, GNorm = 2.5682, lr_0 = 3.6100e-04
Loss = 1.8755e-01, PNorm = 106.5122, GNorm = 1.6587, lr_0 = 3.5993e-04
Validation rmse = 46.795512
Epoch 6
Loss = 1.6165e-01, PNorm = 106.5361, GNorm = 2.2597, lr_0 = 3.5886e-04
Loss = 1.6615e-01, PNorm = 106.5639, GNorm = 0.8189, lr_0 = 3.5780e-04
Loss = 1.4281e-01, PNorm = 106.5968, GNorm = 3.0056, lr_0 = 3.5674e-04
Loss = 1.4861e-01, PNorm = 106.6278, GNorm = 1.6968, lr_0 = 3.5568e-04
Loss = 1.5019e-01, PNorm = 106.6518, GNorm = 1.5750, lr_0 = 3.5463e-04
Loss = 1.6542e-01, PNorm = 106.6776, GNorm = 1.4970, lr_0 = 3.5357e-04
Loss = 1.4791e-01, PNorm = 106.7033, GNorm = 2.0603, lr_0 = 3.5253e-04
Loss = 1.4100e-01, PNorm = 106.7213, GNorm = 1.5086, lr_0 = 3.5148e-04
Loss = 1.5885e-01, PNorm = 106.7551, GNorm = 1.1860, lr_0 = 3.5044e-04
Loss = 1.6127e-01, PNorm = 106.7922, GNorm = 1.2064, lr_0 = 3.4940e-04
Loss = 1.5865e-01, PNorm = 106.8197, GNorm = 1.0058, lr_0 = 3.4836e-04
Loss = 1.4305e-01, PNorm = 106.8497, GNorm = 1.5358, lr_0 = 3.4733e-04
Loss = 1.3725e-01, PNorm = 106.8724, GNorm = 1.0458, lr_0 = 3.4630e-04
Loss = 1.5370e-01, PNorm = 106.9011, GNorm = 1.5498, lr_0 = 3.4527e-04
Loss = 1.3748e-01, PNorm = 106.9328, GNorm = 3.1172, lr_0 = 3.4425e-04
Loss = 1.5668e-01, PNorm = 106.9624, GNorm = 1.4877, lr_0 = 3.4323e-04
Loss = 1.5270e-01, PNorm = 106.9903, GNorm = 2.0772, lr_0 = 3.4221e-04
Loss = 1.4400e-01, PNorm = 107.0194, GNorm = 0.9497, lr_0 = 3.4120e-04
Loss = 1.2702e-01, PNorm = 107.0430, GNorm = 2.7591, lr_0 = 3.4019e-04
Validation rmse = 41.320218
Epoch 7
Loss = 1.3451e-01, PNorm = 107.0730, GNorm = 1.0669, lr_0 = 3.3908e-04
Loss = 1.3504e-01, PNorm = 107.1008, GNorm = 1.8523, lr_0 = 3.3807e-04
Loss = 1.4018e-01, PNorm = 107.1300, GNorm = 1.3214, lr_0 = 3.3707e-04
Loss = 1.3994e-01, PNorm = 107.1552, GNorm = 2.7048, lr_0 = 3.3607e-04
Loss = 1.0686e-01, PNorm = 107.1792, GNorm = 1.9288, lr_0 = 3.3507e-04
Loss = 1.3289e-01, PNorm = 107.2039, GNorm = 1.2565, lr_0 = 3.3408e-04
Loss = 1.2786e-01, PNorm = 107.2330, GNorm = 0.8702, lr_0 = 3.3309e-04
Loss = 1.4452e-01, PNorm = 107.2636, GNorm = 2.9422, lr_0 = 3.3210e-04
Loss = 1.1995e-01, PNorm = 107.2897, GNorm = 1.5943, lr_0 = 3.3112e-04
Loss = 1.4200e-01, PNorm = 107.3177, GNorm = 1.0731, lr_0 = 3.3014e-04
Loss = 1.3713e-01, PNorm = 107.3447, GNorm = 3.3249, lr_0 = 3.2916e-04
Loss = 1.4657e-01, PNorm = 107.3759, GNorm = 1.2996, lr_0 = 3.2818e-04
Loss = 1.3208e-01, PNorm = 107.4065, GNorm = 1.2221, lr_0 = 3.2721e-04
Loss = 1.4207e-01, PNorm = 107.4334, GNorm = 0.7996, lr_0 = 3.2624e-04
Loss = 1.2929e-01, PNorm = 107.4584, GNorm = 2.1501, lr_0 = 3.2527e-04
Loss = 1.1829e-01, PNorm = 107.4806, GNorm = 0.7833, lr_0 = 3.2431e-04
Loss = 1.3348e-01, PNorm = 107.5054, GNorm = 0.8759, lr_0 = 3.2335e-04
Loss = 1.3845e-01, PNorm = 107.5367, GNorm = 1.9111, lr_0 = 3.2239e-04
Loss = 1.1468e-01, PNorm = 107.5661, GNorm = 1.6067, lr_0 = 3.2143e-04
Validation rmse = 40.487335
Epoch 8
Loss = 1.1286e-01, PNorm = 107.5933, GNorm = 0.7671, lr_0 = 3.2048e-04
Loss = 1.3205e-01, PNorm = 107.6221, GNorm = 1.5794, lr_0 = 3.1953e-04
Loss = 1.0698e-01, PNorm = 107.6430, GNorm = 1.2373, lr_0 = 3.1858e-04
Loss = 1.3113e-01, PNorm = 107.6701, GNorm = 3.4262, lr_0 = 3.1764e-04
Loss = 1.2527e-01, PNorm = 107.6994, GNorm = 2.9624, lr_0 = 3.1670e-04
Loss = 1.2387e-01, PNorm = 107.7257, GNorm = 2.6209, lr_0 = 3.1576e-04
Loss = 1.3673e-01, PNorm = 107.7606, GNorm = 2.5980, lr_0 = 3.1482e-04
Loss = 1.4540e-01, PNorm = 107.7979, GNorm = 0.8208, lr_0 = 3.1389e-04
Loss = 1.1290e-01, PNorm = 107.8279, GNorm = 0.8813, lr_0 = 3.1296e-04
Loss = 1.0158e-01, PNorm = 107.8517, GNorm = 0.7212, lr_0 = 3.1203e-04
Loss = 1.1816e-01, PNorm = 107.8810, GNorm = 1.4093, lr_0 = 3.1110e-04
Loss = 9.8663e-02, PNorm = 107.9052, GNorm = 0.7695, lr_0 = 3.1018e-04
Loss = 1.3111e-01, PNorm = 107.9254, GNorm = 3.6599, lr_0 = 3.0926e-04
Loss = 1.0546e-01, PNorm = 107.9553, GNorm = 1.7024, lr_0 = 3.0835e-04
Loss = 1.0227e-01, PNorm = 107.9827, GNorm = 0.6781, lr_0 = 3.0743e-04
Loss = 1.2390e-01, PNorm = 107.9999, GNorm = 0.9877, lr_0 = 3.0652e-04
Loss = 1.0662e-01, PNorm = 108.0245, GNorm = 1.3474, lr_0 = 3.0561e-04
Loss = 1.0663e-01, PNorm = 108.0490, GNorm = 0.7850, lr_0 = 3.0470e-04
Validation rmse = 37.745532
Epoch 9
Loss = 1.0614e-01, PNorm = 108.0737, GNorm = 2.0184, lr_0 = 3.0371e-04
Loss = 1.0039e-01, PNorm = 108.1018, GNorm = 0.4922, lr_0 = 3.0281e-04
Loss = 8.7946e-02, PNorm = 108.1237, GNorm = 1.1960, lr_0 = 3.0191e-04
Loss = 9.2113e-02, PNorm = 108.1441, GNorm = 1.5142, lr_0 = 3.0102e-04
Loss = 9.7719e-02, PNorm = 108.1655, GNorm = 0.9913, lr_0 = 3.0013e-04
Loss = 9.2199e-02, PNorm = 108.1866, GNorm = 2.2963, lr_0 = 2.9924e-04
Loss = 9.8255e-02, PNorm = 108.2062, GNorm = 1.3640, lr_0 = 2.9835e-04
Loss = 9.6708e-02, PNorm = 108.2264, GNorm = 1.0726, lr_0 = 2.9746e-04
Loss = 1.1097e-01, PNorm = 108.2494, GNorm = 1.0422, lr_0 = 2.9658e-04
Loss = 8.4678e-02, PNorm = 108.2700, GNorm = 0.6484, lr_0 = 2.9570e-04
Loss = 1.0613e-01, PNorm = 108.2926, GNorm = 0.6669, lr_0 = 2.9483e-04
Loss = 9.0527e-02, PNorm = 108.3086, GNorm = 0.6375, lr_0 = 2.9395e-04
Loss = 9.0115e-02, PNorm = 108.3260, GNorm = 0.9469, lr_0 = 2.9308e-04
Loss = 9.5345e-02, PNorm = 108.3420, GNorm = 0.4861, lr_0 = 2.9221e-04
Loss = 9.2521e-02, PNorm = 108.3627, GNorm = 0.6961, lr_0 = 2.9135e-04
Loss = 1.0837e-01, PNorm = 108.3840, GNorm = 2.8935, lr_0 = 2.9048e-04
Loss = 1.1350e-01, PNorm = 108.4127, GNorm = 2.1942, lr_0 = 2.8962e-04
Loss = 9.9001e-02, PNorm = 108.4409, GNorm = 0.9278, lr_0 = 2.8876e-04
Loss = 9.7101e-02, PNorm = 108.4625, GNorm = 1.1735, lr_0 = 2.8791e-04
Validation rmse = 38.165881
Epoch 10
Loss = 8.9466e-02, PNorm = 108.4821, GNorm = 0.7039, lr_0 = 2.8705e-04
Loss = 9.2208e-02, PNorm = 108.5025, GNorm = 0.9353, lr_0 = 2.8620e-04
Loss = 8.5496e-02, PNorm = 108.5224, GNorm = 2.1659, lr_0 = 2.8535e-04
Loss = 7.8490e-02, PNorm = 108.5386, GNorm = 0.6281, lr_0 = 2.8451e-04
Loss = 8.5096e-02, PNorm = 108.5605, GNorm = 1.4787, lr_0 = 2.8366e-04
Loss = 8.6700e-02, PNorm = 108.5836, GNorm = 1.4813, lr_0 = 2.8282e-04
Loss = 9.2411e-02, PNorm = 108.6046, GNorm = 0.8687, lr_0 = 2.8198e-04
Loss = 7.7696e-02, PNorm = 108.6255, GNorm = 0.5432, lr_0 = 2.8115e-04
Loss = 8.8719e-02, PNorm = 108.6430, GNorm = 1.2245, lr_0 = 2.8031e-04
Loss = 9.3826e-02, PNorm = 108.6640, GNorm = 1.4953, lr_0 = 2.7948e-04
Loss = 9.4931e-02, PNorm = 108.6908, GNorm = 2.0904, lr_0 = 2.7866e-04
Loss = 1.1700e-01, PNorm = 108.7198, GNorm = 0.5106, lr_0 = 2.7783e-04
Loss = 9.9762e-02, PNorm = 108.7422, GNorm = 0.9074, lr_0 = 2.7701e-04
Loss = 1.1705e-01, PNorm = 108.7586, GNorm = 1.5851, lr_0 = 2.7618e-04
Loss = 8.4397e-02, PNorm = 108.7791, GNorm = 0.6248, lr_0 = 2.7537e-04
Loss = 9.7466e-02, PNorm = 108.7994, GNorm = 1.3490, lr_0 = 2.7455e-04
Loss = 9.2297e-02, PNorm = 108.8199, GNorm = 0.8492, lr_0 = 2.7374e-04
Loss = 7.9640e-02, PNorm = 108.8396, GNorm = 0.5196, lr_0 = 2.7292e-04
Loss = 7.9871e-02, PNorm = 108.8585, GNorm = 0.5213, lr_0 = 2.7211e-04
Validation rmse = 34.472277
Epoch 11
Loss = 7.8228e-02, PNorm = 108.8760, GNorm = 0.9721, lr_0 = 2.7123e-04
Loss = 8.6535e-02, PNorm = 108.8924, GNorm = 0.6955, lr_0 = 2.7042e-04
Loss = 9.3695e-02, PNorm = 108.9171, GNorm = 2.8450, lr_0 = 2.6962e-04
Loss = 8.6520e-02, PNorm = 108.9408, GNorm = 1.7365, lr_0 = 2.6882e-04
Loss = 9.4369e-02, PNorm = 108.9621, GNorm = 2.6353, lr_0 = 2.6803e-04
Loss = 7.7434e-02, PNorm = 108.9876, GNorm = 0.7935, lr_0 = 2.6723e-04
Loss = 8.2849e-02, PNorm = 109.0105, GNorm = 1.1833, lr_0 = 2.6644e-04
Loss = 8.1322e-02, PNorm = 109.0286, GNorm = 0.7885, lr_0 = 2.6565e-04
Loss = 1.0236e-01, PNorm = 109.0474, GNorm = 0.7394, lr_0 = 2.6486e-04
Loss = 7.7418e-02, PNorm = 109.0684, GNorm = 2.5270, lr_0 = 2.6408e-04
Loss = 8.1094e-02, PNorm = 109.0908, GNorm = 0.6259, lr_0 = 2.6329e-04
Loss = 7.9925e-02, PNorm = 109.1097, GNorm = 0.9134, lr_0 = 2.6251e-04
Loss = 7.2514e-02, PNorm = 109.1248, GNorm = 1.0676, lr_0 = 2.6173e-04
Loss = 9.3882e-02, PNorm = 109.1432, GNorm = 1.2266, lr_0 = 2.6096e-04
Loss = 7.7100e-02, PNorm = 109.1624, GNorm = 0.8806, lr_0 = 2.6018e-04
Loss = 7.0177e-02, PNorm = 109.1804, GNorm = 0.7968, lr_0 = 2.5941e-04
Loss = 6.9299e-02, PNorm = 109.1942, GNorm = 1.4792, lr_0 = 2.5864e-04
Loss = 7.4041e-02, PNorm = 109.2063, GNorm = 0.8844, lr_0 = 2.5788e-04
Validation rmse = 34.361453
Epoch 12
Loss = 1.1379e-01, PNorm = 109.2198, GNorm = 1.4420, lr_0 = 2.5711e-04
Loss = 7.9607e-02, PNorm = 109.2393, GNorm = 0.9292, lr_0 = 2.5635e-04
Loss = 8.1105e-02, PNorm = 109.2595, GNorm = 0.6209, lr_0 = 2.5559e-04
Loss = 8.1138e-02, PNorm = 109.2781, GNorm = 0.7521, lr_0 = 2.5483e-04
Loss = 7.3387e-02, PNorm = 109.2960, GNorm = 0.6665, lr_0 = 2.5408e-04
Loss = 7.2540e-02, PNorm = 109.3138, GNorm = 1.2995, lr_0 = 2.5332e-04
Loss = 7.5792e-02, PNorm = 109.3331, GNorm = 1.0710, lr_0 = 2.5257e-04
Loss = 7.1094e-02, PNorm = 109.3494, GNorm = 0.4539, lr_0 = 2.5182e-04
Loss = 6.2046e-02, PNorm = 109.3672, GNorm = 1.0285, lr_0 = 2.5108e-04
Loss = 7.8829e-02, PNorm = 109.3836, GNorm = 1.5494, lr_0 = 2.5033e-04
Loss = 8.5198e-02, PNorm = 109.4022, GNorm = 1.3695, lr_0 = 2.4959e-04
Loss = 8.1135e-02, PNorm = 109.4212, GNorm = 1.2597, lr_0 = 2.4885e-04
Loss = 7.5441e-02, PNorm = 109.4403, GNorm = 0.9394, lr_0 = 2.4811e-04
Loss = 8.1310e-02, PNorm = 109.4608, GNorm = 0.6401, lr_0 = 2.4738e-04
Loss = 7.4115e-02, PNorm = 109.4811, GNorm = 1.8964, lr_0 = 2.4664e-04
Loss = 8.4244e-02, PNorm = 109.4987, GNorm = 0.8079, lr_0 = 2.4591e-04
Loss = 8.2948e-02, PNorm = 109.5176, GNorm = 0.9096, lr_0 = 2.4518e-04
Loss = 7.0278e-02, PNorm = 109.5374, GNorm = 0.5623, lr_0 = 2.4446e-04
Loss = 8.7295e-02, PNorm = 109.5553, GNorm = 1.0070, lr_0 = 2.4373e-04
Validation rmse = 38.342974
Epoch 13
Loss = 9.0555e-02, PNorm = 109.5774, GNorm = 1.4175, lr_0 = 2.4294e-04
Loss = 8.1720e-02, PNorm = 109.6011, GNorm = 1.2417, lr_0 = 2.4222e-04
Loss = 8.6028e-02, PNorm = 109.6241, GNorm = 1.2737, lr_0 = 2.4150e-04
Loss = 8.0858e-02, PNorm = 109.6402, GNorm = 0.7770, lr_0 = 2.4078e-04
Loss = 8.4621e-02, PNorm = 109.6572, GNorm = 1.4325, lr_0 = 2.4007e-04
Loss = 6.5202e-02, PNorm = 109.6735, GNorm = 0.5063, lr_0 = 2.3936e-04
Loss = 7.4948e-02, PNorm = 109.6865, GNorm = 1.5427, lr_0 = 2.3865e-04
Loss = 6.3074e-02, PNorm = 109.6981, GNorm = 1.7301, lr_0 = 2.3794e-04
Loss = 5.6178e-02, PNorm = 109.7112, GNorm = 0.5958, lr_0 = 2.3724e-04
Loss = 5.7322e-02, PNorm = 109.7268, GNorm = 0.5572, lr_0 = 2.3653e-04
Loss = 6.9281e-02, PNorm = 109.7424, GNorm = 1.0056, lr_0 = 2.3583e-04
Loss = 6.9106e-02, PNorm = 109.7544, GNorm = 0.8303, lr_0 = 2.3513e-04
Loss = 7.1929e-02, PNorm = 109.7745, GNorm = 1.1671, lr_0 = 2.3443e-04
Loss = 1.0109e-01, PNorm = 109.7899, GNorm = 0.9317, lr_0 = 2.3374e-04
Loss = 8.0215e-02, PNorm = 109.8076, GNorm = 1.4369, lr_0 = 2.3305e-04
Loss = 6.7763e-02, PNorm = 109.8241, GNorm = 1.1779, lr_0 = 2.3236e-04
Loss = 8.0501e-02, PNorm = 109.8456, GNorm = 1.1498, lr_0 = 2.3167e-04
Loss = 8.7574e-02, PNorm = 109.8668, GNorm = 1.7903, lr_0 = 2.3098e-04
Loss = 8.9215e-02, PNorm = 109.8922, GNorm = 0.8063, lr_0 = 2.3030e-04
Validation rmse = 39.181098
Epoch 14
Loss = 8.0245e-02, PNorm = 109.9188, GNorm = 1.2018, lr_0 = 2.2961e-04
Loss = 7.7473e-02, PNorm = 109.9428, GNorm = 0.7556, lr_0 = 2.2893e-04
Loss = 6.6053e-02, PNorm = 109.9616, GNorm = 0.6393, lr_0 = 2.2825e-04
Loss = 7.6897e-02, PNorm = 109.9808, GNorm = 1.1700, lr_0 = 2.2758e-04
Loss = 7.1396e-02, PNorm = 109.9972, GNorm = 1.2676, lr_0 = 2.2690e-04
Loss = 6.7309e-02, PNorm = 110.0129, GNorm = 0.9800, lr_0 = 2.2623e-04
Loss = 7.6928e-02, PNorm = 110.0243, GNorm = 1.7466, lr_0 = 2.2556e-04
Loss = 6.7586e-02, PNorm = 110.0350, GNorm = 0.5419, lr_0 = 2.2489e-04
Loss = 6.8140e-02, PNorm = 110.0514, GNorm = 1.6659, lr_0 = 2.2422e-04
Loss = 6.7225e-02, PNorm = 110.0677, GNorm = 1.1494, lr_0 = 2.2356e-04
Loss = 7.6315e-02, PNorm = 110.0867, GNorm = 1.7799, lr_0 = 2.2290e-04
Loss = 7.8431e-02, PNorm = 110.1017, GNorm = 0.6318, lr_0 = 2.2223e-04
Loss = 1.0076e-01, PNorm = 110.1215, GNorm = 1.4084, lr_0 = 2.2158e-04
Loss = 6.3462e-02, PNorm = 110.1381, GNorm = 0.5545, lr_0 = 2.2092e-04
Loss = 6.8471e-02, PNorm = 110.1517, GNorm = 1.1999, lr_0 = 2.2026e-04
Loss = 7.1542e-02, PNorm = 110.1661, GNorm = 1.4116, lr_0 = 2.1961e-04
Loss = 8.0657e-02, PNorm = 110.1815, GNorm = 1.5944, lr_0 = 2.1896e-04
Loss = 8.3383e-02, PNorm = 110.2006, GNorm = 0.9041, lr_0 = 2.1831e-04
Validation rmse = 34.607264
Epoch 15
Loss = 6.8094e-02, PNorm = 110.2205, GNorm = 0.8741, lr_0 = 2.1760e-04
Loss = 6.6430e-02, PNorm = 110.2380, GNorm = 0.8081, lr_0 = 2.1695e-04
Loss = 7.4145e-02, PNorm = 110.2539, GNorm = 0.6130, lr_0 = 2.1631e-04
Loss = 6.7564e-02, PNorm = 110.2742, GNorm = 0.6033, lr_0 = 2.1567e-04
Loss = 8.6844e-02, PNorm = 110.2896, GNorm = 2.1610, lr_0 = 2.1503e-04
Loss = 6.8567e-02, PNorm = 110.3086, GNorm = 0.5058, lr_0 = 2.1439e-04
Loss = 6.1141e-02, PNorm = 110.3251, GNorm = 0.8226, lr_0 = 2.1376e-04
Loss = 5.4627e-02, PNorm = 110.3353, GNorm = 0.6032, lr_0 = 2.1312e-04
Loss = 6.2517e-02, PNorm = 110.3469, GNorm = 0.4996, lr_0 = 2.1249e-04
Loss = 6.5214e-02, PNorm = 110.3649, GNorm = 0.9586, lr_0 = 2.1186e-04
Loss = 7.8055e-02, PNorm = 110.3831, GNorm = 1.0568, lr_0 = 2.1123e-04
Loss = 6.3550e-02, PNorm = 110.3982, GNorm = 0.7941, lr_0 = 2.1061e-04
Loss = 5.9732e-02, PNorm = 110.4127, GNorm = 0.5247, lr_0 = 2.0998e-04
Loss = 5.8158e-02, PNorm = 110.4273, GNorm = 0.5888, lr_0 = 2.0936e-04
Loss = 6.5627e-02, PNorm = 110.4407, GNorm = 1.5130, lr_0 = 2.0874e-04
Loss = 6.6173e-02, PNorm = 110.4513, GNorm = 0.8476, lr_0 = 2.0812e-04
Loss = 5.1866e-02, PNorm = 110.4633, GNorm = 0.7759, lr_0 = 2.0750e-04
Loss = 5.9291e-02, PNorm = 110.4738, GNorm = 0.5931, lr_0 = 2.0689e-04
Loss = 5.8008e-02, PNorm = 110.4834, GNorm = 0.4940, lr_0 = 2.0628e-04
Validation rmse = 32.720266
Epoch 16
Loss = 5.1272e-02, PNorm = 110.4909, GNorm = 0.6280, lr_0 = 2.0566e-04
Loss = 5.2223e-02, PNorm = 110.5031, GNorm = 0.9751, lr_0 = 2.0505e-04
Loss = 6.3751e-02, PNorm = 110.5167, GNorm = 2.4093, lr_0 = 2.0445e-04
Loss = 5.6744e-02, PNorm = 110.5333, GNorm = 0.8342, lr_0 = 2.0384e-04
Loss = 6.6200e-02, PNorm = 110.5459, GNorm = 0.6863, lr_0 = 2.0324e-04
Loss = 6.8872e-02, PNorm = 110.5618, GNorm = 0.6216, lr_0 = 2.0263e-04
Loss = 7.6383e-02, PNorm = 110.5792, GNorm = 2.2229, lr_0 = 2.0203e-04
Loss = 7.4984e-02, PNorm = 110.5941, GNorm = 0.9612, lr_0 = 2.0143e-04
Loss = 5.8338e-02, PNorm = 110.6075, GNorm = 0.7549, lr_0 = 2.0084e-04
Loss = 6.6096e-02, PNorm = 110.6241, GNorm = 0.6361, lr_0 = 2.0024e-04
Loss = 8.1572e-02, PNorm = 110.6383, GNorm = 1.2708, lr_0 = 1.9965e-04
Loss = 5.6239e-02, PNorm = 110.6514, GNorm = 0.5080, lr_0 = 1.9906e-04
Loss = 5.7445e-02, PNorm = 110.6655, GNorm = 0.5413, lr_0 = 1.9847e-04
Loss = 6.4237e-02, PNorm = 110.6810, GNorm = 0.8718, lr_0 = 1.9788e-04
Loss = 5.9666e-02, PNorm = 110.6944, GNorm = 0.4906, lr_0 = 1.9729e-04
Loss = 7.1027e-02, PNorm = 110.7096, GNorm = 1.7152, lr_0 = 1.9671e-04
Loss = 5.4313e-02, PNorm = 110.7222, GNorm = 0.3724, lr_0 = 1.9612e-04
Loss = 6.2509e-02, PNorm = 110.7362, GNorm = 1.0414, lr_0 = 1.9554e-04
Loss = 5.4080e-02, PNorm = 110.7485, GNorm = 0.6844, lr_0 = 1.9496e-04
Loss = 5.1223e-02, PNorm = 110.7496, GNorm = 1.0345, lr_0 = 1.9490e-04
Validation rmse = 34.329073
Epoch 17
Loss = 5.6605e-02, PNorm = 110.7616, GNorm = 1.3860, lr_0 = 1.9433e-04
Loss = 5.0688e-02, PNorm = 110.7715, GNorm = 0.6917, lr_0 = 1.9375e-04
Loss = 6.1118e-02, PNorm = 110.7829, GNorm = 1.0928, lr_0 = 1.9317e-04
Loss = 4.2132e-02, PNorm = 110.7939, GNorm = 0.4397, lr_0 = 1.9260e-04
Loss = 5.3432e-02, PNorm = 110.8058, GNorm = 0.4490, lr_0 = 1.9203e-04
Loss = 5.6537e-02, PNorm = 110.8177, GNorm = 0.6073, lr_0 = 1.9146e-04
Loss = 6.2024e-02, PNorm = 110.8339, GNorm = 0.6991, lr_0 = 1.9089e-04
Loss = 5.5450e-02, PNorm = 110.8474, GNorm = 1.1058, lr_0 = 1.9033e-04
Loss = 6.2169e-02, PNorm = 110.8590, GNorm = 0.9077, lr_0 = 1.8976e-04
Loss = 6.1880e-02, PNorm = 110.8703, GNorm = 1.0042, lr_0 = 1.8920e-04
Loss = 5.8406e-02, PNorm = 110.8845, GNorm = 0.8371, lr_0 = 1.8864e-04
Loss = 5.4573e-02, PNorm = 110.8998, GNorm = 1.1029, lr_0 = 1.8808e-04
Loss = 6.3146e-02, PNorm = 110.9129, GNorm = 1.0632, lr_0 = 1.8752e-04
Loss = 5.2883e-02, PNorm = 110.9292, GNorm = 0.8374, lr_0 = 1.8697e-04
Loss = 5.2189e-02, PNorm = 110.9407, GNorm = 0.6848, lr_0 = 1.8641e-04
Loss = 5.7081e-02, PNorm = 110.9529, GNorm = 0.5585, lr_0 = 1.8586e-04
Loss = 6.0897e-02, PNorm = 110.9673, GNorm = 0.5199, lr_0 = 1.8531e-04
Loss = 5.3633e-02, PNorm = 110.9764, GNorm = 0.4422, lr_0 = 1.8476e-04
Validation rmse = 31.925179
Epoch 18
Loss = 3.8942e-02, PNorm = 110.9879, GNorm = 0.5751, lr_0 = 1.8421e-04
Loss = 5.0226e-02, PNorm = 110.9999, GNorm = 0.5631, lr_0 = 1.8367e-04
Loss = 5.7954e-02, PNorm = 111.0108, GNorm = 0.7245, lr_0 = 1.8312e-04
Loss = 5.7538e-02, PNorm = 111.0222, GNorm = 1.5092, lr_0 = 1.8258e-04
Loss = 5.7378e-02, PNorm = 111.0331, GNorm = 0.9338, lr_0 = 1.8204e-04
Loss = 5.2131e-02, PNorm = 111.0435, GNorm = 0.4643, lr_0 = 1.8150e-04
Loss = 4.8841e-02, PNorm = 111.0565, GNorm = 0.6872, lr_0 = 1.8096e-04
Loss = 5.8267e-02, PNorm = 111.0675, GNorm = 0.9926, lr_0 = 1.8042e-04
Loss = 6.0869e-02, PNorm = 111.0786, GNorm = 0.7401, lr_0 = 1.7989e-04
Loss = 6.7855e-02, PNorm = 111.0907, GNorm = 0.7953, lr_0 = 1.7936e-04
Loss = 5.5194e-02, PNorm = 111.1048, GNorm = 0.4414, lr_0 = 1.7882e-04
Loss = 5.2897e-02, PNorm = 111.1172, GNorm = 0.8275, lr_0 = 1.7829e-04
Loss = 5.2361e-02, PNorm = 111.1281, GNorm = 1.3406, lr_0 = 1.7776e-04
Loss = 5.9443e-02, PNorm = 111.1416, GNorm = 1.1409, lr_0 = 1.7724e-04
Loss = 5.0197e-02, PNorm = 111.1549, GNorm = 0.5296, lr_0 = 1.7671e-04
Loss = 5.3632e-02, PNorm = 111.1650, GNorm = 1.0627, lr_0 = 1.7619e-04
Loss = 5.5181e-02, PNorm = 111.1786, GNorm = 1.3993, lr_0 = 1.7567e-04
Loss = 5.8266e-02, PNorm = 111.1930, GNorm = 0.8520, lr_0 = 1.7515e-04
Loss = 5.4372e-02, PNorm = 111.2027, GNorm = 0.3728, lr_0 = 1.7463e-04
Validation rmse = 31.607611
Epoch 19
Loss = 5.1746e-02, PNorm = 111.2141, GNorm = 1.3266, lr_0 = 1.7406e-04
Loss = 5.1724e-02, PNorm = 111.2268, GNorm = 0.8400, lr_0 = 1.7354e-04
Loss = 5.1067e-02, PNorm = 111.2362, GNorm = 0.4418, lr_0 = 1.7303e-04
Loss = 4.4402e-02, PNorm = 111.2459, GNorm = 0.9451, lr_0 = 1.7251e-04
Loss = 4.9698e-02, PNorm = 111.2557, GNorm = 0.3756, lr_0 = 1.7200e-04
Loss = 4.1490e-02, PNorm = 111.2659, GNorm = 0.4526, lr_0 = 1.7149e-04
Loss = 4.7385e-02, PNorm = 111.2762, GNorm = 1.4581, lr_0 = 1.7098e-04
Loss = 6.1767e-02, PNorm = 111.2890, GNorm = 0.4558, lr_0 = 1.7048e-04
Loss = 5.3750e-02, PNorm = 111.3017, GNorm = 0.5649, lr_0 = 1.6997e-04
Loss = 4.5733e-02, PNorm = 111.3112, GNorm = 0.3999, lr_0 = 1.6947e-04
Loss = 5.7640e-02, PNorm = 111.3233, GNorm = 0.7775, lr_0 = 1.6896e-04
Loss = 4.8792e-02, PNorm = 111.3363, GNorm = 0.8592, lr_0 = 1.6846e-04
Loss = 6.4214e-02, PNorm = 111.3471, GNorm = 0.8658, lr_0 = 1.6796e-04
Loss = 5.0111e-02, PNorm = 111.3583, GNorm = 0.6912, lr_0 = 1.6747e-04
Loss = 7.3344e-02, PNorm = 111.3698, GNorm = 0.5574, lr_0 = 1.6697e-04
Loss = 5.7307e-02, PNorm = 111.3831, GNorm = 1.1954, lr_0 = 1.6648e-04
Loss = 5.2881e-02, PNorm = 111.3940, GNorm = 0.5398, lr_0 = 1.6598e-04
Loss = 4.8499e-02, PNorm = 111.4059, GNorm = 0.5349, lr_0 = 1.6549e-04
Loss = 4.7152e-02, PNorm = 111.4161, GNorm = 0.7098, lr_0 = 1.6500e-04
Validation rmse = 31.370672
Epoch 20
Loss = 4.4935e-02, PNorm = 111.4224, GNorm = 0.3561, lr_0 = 1.6451e-04
Loss = 5.2538e-02, PNorm = 111.4317, GNorm = 0.8353, lr_0 = 1.6402e-04
Loss = 4.8111e-02, PNorm = 111.4416, GNorm = 0.9108, lr_0 = 1.6354e-04
Loss = 5.9137e-02, PNorm = 111.4517, GNorm = 0.3305, lr_0 = 1.6305e-04
Loss = 5.0842e-02, PNorm = 111.4644, GNorm = 0.7875, lr_0 = 1.6257e-04
Loss = 4.7804e-02, PNorm = 111.4760, GNorm = 0.9025, lr_0 = 1.6209e-04
Loss = 4.4028e-02, PNorm = 111.4881, GNorm = 0.9398, lr_0 = 1.6160e-04
Loss = 4.3125e-02, PNorm = 111.4968, GNorm = 0.5048, lr_0 = 1.6113e-04
Loss = 4.2593e-02, PNorm = 111.5029, GNorm = 0.6024, lr_0 = 1.6065e-04
Loss = 5.0299e-02, PNorm = 111.5108, GNorm = 0.5536, lr_0 = 1.6017e-04
Loss = 6.0293e-02, PNorm = 111.5198, GNorm = 0.6512, lr_0 = 1.5970e-04
Loss = 4.3416e-02, PNorm = 111.5297, GNorm = 0.4024, lr_0 = 1.5922e-04
Loss = 5.2492e-02, PNorm = 111.5387, GNorm = 1.0773, lr_0 = 1.5875e-04
Loss = 4.6323e-02, PNorm = 111.5467, GNorm = 0.4576, lr_0 = 1.5828e-04
Loss = 4.1511e-02, PNorm = 111.5573, GNorm = 1.1124, lr_0 = 1.5781e-04
Loss = 5.2751e-02, PNorm = 111.5650, GNorm = 1.2831, lr_0 = 1.5734e-04
Loss = 6.0243e-02, PNorm = 111.5743, GNorm = 0.3114, lr_0 = 1.5688e-04
Loss = 5.0291e-02, PNorm = 111.5841, GNorm = 0.9306, lr_0 = 1.5641e-04
Validation rmse = 30.990418
Epoch 21
Loss = 5.0122e-02, PNorm = 111.5983, GNorm = 0.9264, lr_0 = 1.5590e-04
Loss = 5.3053e-02, PNorm = 111.6120, GNorm = 0.4453, lr_0 = 1.5544e-04
Loss = 4.4277e-02, PNorm = 111.6219, GNorm = 0.4142, lr_0 = 1.5498e-04
Loss = 3.8407e-02, PNorm = 111.6294, GNorm = 0.4213, lr_0 = 1.5452e-04
Loss = 4.4770e-02, PNorm = 111.6367, GNorm = 0.8788, lr_0 = 1.5406e-04
Loss = 4.9574e-02, PNorm = 111.6434, GNorm = 0.9929, lr_0 = 1.5360e-04
Loss = 4.1913e-02, PNorm = 111.6511, GNorm = 0.4975, lr_0 = 1.5315e-04
Loss = 5.0661e-02, PNorm = 111.6589, GNorm = 0.7614, lr_0 = 1.5270e-04
Loss = 4.5491e-02, PNorm = 111.6663, GNorm = 0.5034, lr_0 = 1.5224e-04
Loss = 4.4101e-02, PNorm = 111.6750, GNorm = 1.1033, lr_0 = 1.5179e-04
Loss = 3.9535e-02, PNorm = 111.6863, GNorm = 0.3054, lr_0 = 1.5134e-04
Loss = 5.2745e-02, PNorm = 111.6964, GNorm = 0.5782, lr_0 = 1.5089e-04
Loss = 5.6825e-02, PNorm = 111.7076, GNorm = 0.9948, lr_0 = 1.5045e-04
Loss = 4.2959e-02, PNorm = 111.7181, GNorm = 0.4720, lr_0 = 1.5000e-04
Loss = 5.5083e-02, PNorm = 111.7280, GNorm = 0.4409, lr_0 = 1.4955e-04
Loss = 4.6688e-02, PNorm = 111.7375, GNorm = 0.8742, lr_0 = 1.4911e-04
Loss = 5.4023e-02, PNorm = 111.7471, GNorm = 0.6118, lr_0 = 1.4867e-04
Loss = 5.0563e-02, PNorm = 111.7557, GNorm = 0.5327, lr_0 = 1.4823e-04
Loss = 4.6138e-02, PNorm = 111.7643, GNorm = 0.3134, lr_0 = 1.4779e-04
Validation rmse = 31.648680
Epoch 22
Loss = 5.6910e-02, PNorm = 111.7729, GNorm = 1.6862, lr_0 = 1.4735e-04
Loss = 4.1816e-02, PNorm = 111.7817, GNorm = 0.7085, lr_0 = 1.4691e-04
Loss = 5.4023e-02, PNorm = 111.7921, GNorm = 0.8118, lr_0 = 1.4648e-04
Loss = 4.7047e-02, PNorm = 111.8019, GNorm = 1.2689, lr_0 = 1.4604e-04
Loss = 4.5232e-02, PNorm = 111.8105, GNorm = 0.2889, lr_0 = 1.4561e-04
Loss = 4.6544e-02, PNorm = 111.8179, GNorm = 0.5541, lr_0 = 1.4518e-04
Loss = 4.3940e-02, PNorm = 111.8278, GNorm = 0.5110, lr_0 = 1.4475e-04
Loss = 3.6501e-02, PNorm = 111.8366, GNorm = 0.3592, lr_0 = 1.4432e-04
Loss = 4.2138e-02, PNorm = 111.8423, GNorm = 0.6311, lr_0 = 1.4389e-04
Loss = 4.4460e-02, PNorm = 111.8503, GNorm = 0.6002, lr_0 = 1.4347e-04
Loss = 4.6649e-02, PNorm = 111.8604, GNorm = 1.4804, lr_0 = 1.4304e-04
Loss = 4.7840e-02, PNorm = 111.8686, GNorm = 0.5495, lr_0 = 1.4262e-04
Loss = 4.3271e-02, PNorm = 111.8785, GNorm = 1.3663, lr_0 = 1.4219e-04
Loss = 5.3171e-02, PNorm = 111.8910, GNorm = 1.2527, lr_0 = 1.4177e-04
Loss = 6.3819e-02, PNorm = 111.9033, GNorm = 1.4000, lr_0 = 1.4135e-04
Loss = 4.3917e-02, PNorm = 111.9128, GNorm = 0.7024, lr_0 = 1.4093e-04
Loss = 4.6393e-02, PNorm = 111.9217, GNorm = 0.9545, lr_0 = 1.4051e-04
Loss = 5.1757e-02, PNorm = 111.9292, GNorm = 0.9065, lr_0 = 1.4010e-04
Validation rmse = 31.612725
Epoch 23
Loss = 2.4486e-02, PNorm = 111.9393, GNorm = 0.6471, lr_0 = 1.3964e-04
Loss = 5.1550e-02, PNorm = 111.9452, GNorm = 0.5956, lr_0 = 1.3923e-04
Loss = 4.7461e-02, PNorm = 111.9538, GNorm = 0.3683, lr_0 = 1.3881e-04
Loss = 5.0726e-02, PNorm = 111.9667, GNorm = 0.5693, lr_0 = 1.3840e-04
Loss = 5.2977e-02, PNorm = 111.9795, GNorm = 0.4153, lr_0 = 1.3799e-04
Loss = 3.9658e-02, PNorm = 111.9910, GNorm = 0.4942, lr_0 = 1.3758e-04
Loss = 4.4194e-02, PNorm = 112.0001, GNorm = 0.4875, lr_0 = 1.3718e-04
Loss = 4.9438e-02, PNorm = 112.0073, GNorm = 0.6459, lr_0 = 1.3677e-04
Loss = 3.9119e-02, PNorm = 112.0170, GNorm = 0.3878, lr_0 = 1.3636e-04
Loss = 4.2193e-02, PNorm = 112.0235, GNorm = 0.5396, lr_0 = 1.3596e-04
Loss = 4.7932e-02, PNorm = 112.0341, GNorm = 2.0460, lr_0 = 1.3556e-04
Loss = 4.4063e-02, PNorm = 112.0407, GNorm = 0.9600, lr_0 = 1.3515e-04
Loss = 4.3745e-02, PNorm = 112.0462, GNorm = 0.6213, lr_0 = 1.3475e-04
Loss = 4.1103e-02, PNorm = 112.0550, GNorm = 0.5142, lr_0 = 1.3435e-04
Loss = 4.3478e-02, PNorm = 112.0610, GNorm = 1.0253, lr_0 = 1.3396e-04
Loss = 3.8977e-02, PNorm = 112.0678, GNorm = 0.3341, lr_0 = 1.3356e-04
Loss = 4.8290e-02, PNorm = 112.0738, GNorm = 0.7544, lr_0 = 1.3316e-04
Loss = 4.2081e-02, PNorm = 112.0820, GNorm = 0.3375, lr_0 = 1.3277e-04
Loss = 3.9023e-02, PNorm = 112.0899, GNorm = 0.6406, lr_0 = 1.3237e-04
Validation rmse = 29.565774
Epoch 24
Loss = 4.8774e-02, PNorm = 112.0991, GNorm = 0.6511, lr_0 = 1.3198e-04
Loss = 4.9897e-02, PNorm = 112.1092, GNorm = 0.4819, lr_0 = 1.3159e-04
Loss = 3.4762e-02, PNorm = 112.1196, GNorm = 0.3567, lr_0 = 1.3120e-04
Loss = 4.7613e-02, PNorm = 112.1281, GNorm = 0.7489, lr_0 = 1.3081e-04
Loss = 4.1886e-02, PNorm = 112.1369, GNorm = 0.5026, lr_0 = 1.3042e-04
Loss = 4.3898e-02, PNorm = 112.1432, GNorm = 0.4174, lr_0 = 1.3004e-04
Loss = 4.1341e-02, PNorm = 112.1502, GNorm = 0.6679, lr_0 = 1.2965e-04
Loss = 4.1108e-02, PNorm = 112.1587, GNorm = 0.6445, lr_0 = 1.2927e-04
Loss = 4.7763e-02, PNorm = 112.1661, GNorm = 0.7158, lr_0 = 1.2888e-04
Loss = 4.0516e-02, PNorm = 112.1726, GNorm = 0.9906, lr_0 = 1.2850e-04
Loss = 4.5328e-02, PNorm = 112.1795, GNorm = 0.6198, lr_0 = 1.2812e-04
Loss = 4.5842e-02, PNorm = 112.1889, GNorm = 0.5525, lr_0 = 1.2774e-04
Loss = 4.4010e-02, PNorm = 112.1997, GNorm = 0.6833, lr_0 = 1.2736e-04
Loss = 4.3833e-02, PNorm = 112.2087, GNorm = 0.3786, lr_0 = 1.2698e-04
Loss = 4.7368e-02, PNorm = 112.2178, GNorm = 0.6525, lr_0 = 1.2661e-04
Loss = 3.8548e-02, PNorm = 112.2268, GNorm = 0.6490, lr_0 = 1.2623e-04
Loss = 5.0967e-02, PNorm = 112.2357, GNorm = 0.5487, lr_0 = 1.2586e-04
Loss = 4.9295e-02, PNorm = 112.2444, GNorm = 1.3442, lr_0 = 1.2549e-04
Loss = 4.8326e-02, PNorm = 112.2537, GNorm = 1.6979, lr_0 = 1.2511e-04
Validation rmse = 31.747482
Epoch 25
Loss = 4.4192e-02, PNorm = 112.2638, GNorm = 0.5185, lr_0 = 1.2471e-04
Loss = 4.2819e-02, PNorm = 112.2717, GNorm = 0.4785, lr_0 = 1.2434e-04
Loss = 4.0719e-02, PNorm = 112.2755, GNorm = 0.7636, lr_0 = 1.2397e-04
Loss = 4.1687e-02, PNorm = 112.2821, GNorm = 0.6392, lr_0 = 1.2360e-04
Loss = 4.0996e-02, PNorm = 112.2895, GNorm = 0.6549, lr_0 = 1.2323e-04
Loss = 4.6676e-02, PNorm = 112.2982, GNorm = 0.7805, lr_0 = 1.2287e-04
Loss = 3.9026e-02, PNorm = 112.3047, GNorm = 0.4541, lr_0 = 1.2250e-04
Loss = 4.5570e-02, PNorm = 112.3126, GNorm = 0.6533, lr_0 = 1.2214e-04
Loss = 4.0309e-02, PNorm = 112.3198, GNorm = 0.7724, lr_0 = 1.2178e-04
Loss = 3.8888e-02, PNorm = 112.3264, GNorm = 0.5072, lr_0 = 1.2142e-04
Loss = 4.6522e-02, PNorm = 112.3318, GNorm = 0.8086, lr_0 = 1.2106e-04
Loss = 4.4191e-02, PNorm = 112.3370, GNorm = 0.9411, lr_0 = 1.2070e-04
Loss = 4.1723e-02, PNorm = 112.3458, GNorm = 0.5359, lr_0 = 1.2034e-04
Loss = 3.6370e-02, PNorm = 112.3520, GNorm = 0.2766, lr_0 = 1.1998e-04
Loss = 4.4980e-02, PNorm = 112.3595, GNorm = 0.7231, lr_0 = 1.1963e-04
Loss = 3.9788e-02, PNorm = 112.3692, GNorm = 0.5198, lr_0 = 1.1927e-04
Loss = 4.6847e-02, PNorm = 112.3768, GNorm = 0.5138, lr_0 = 1.1892e-04
Loss = 4.0854e-02, PNorm = 112.3871, GNorm = 0.4569, lr_0 = 1.1857e-04
Validation rmse = 30.468273
Epoch 26
Loss = 3.3923e-02, PNorm = 112.3947, GNorm = 0.8150, lr_0 = 1.1822e-04
Loss = 4.2298e-02, PNorm = 112.4013, GNorm = 0.2913, lr_0 = 1.1787e-04
Loss = 4.6148e-02, PNorm = 112.4080, GNorm = 0.3782, lr_0 = 1.1752e-04
Loss = 3.8227e-02, PNorm = 112.4187, GNorm = 0.4212, lr_0 = 1.1717e-04
Loss = 4.4364e-02, PNorm = 112.4277, GNorm = 0.3976, lr_0 = 1.1682e-04
Loss = 3.9878e-02, PNorm = 112.4365, GNorm = 0.3817, lr_0 = 1.1647e-04
Loss = 3.8269e-02, PNorm = 112.4449, GNorm = 0.5466, lr_0 = 1.1613e-04
Loss = 4.0999e-02, PNorm = 112.4492, GNorm = 1.1969, lr_0 = 1.1578e-04
Loss = 4.7969e-02, PNorm = 112.4537, GNorm = 0.7460, lr_0 = 1.1544e-04
Loss = 3.8694e-02, PNorm = 112.4604, GNorm = 0.7142, lr_0 = 1.1510e-04
Loss = 4.6636e-02, PNorm = 112.4693, GNorm = 0.4102, lr_0 = 1.1476e-04
Loss = 4.8082e-02, PNorm = 112.4799, GNorm = 1.0241, lr_0 = 1.1442e-04
Loss = 3.7310e-02, PNorm = 112.4875, GNorm = 0.6738, lr_0 = 1.1408e-04
Loss = 4.4050e-02, PNorm = 112.4943, GNorm = 0.4544, lr_0 = 1.1374e-04
Loss = 3.8129e-02, PNorm = 112.5009, GNorm = 0.4525, lr_0 = 1.1340e-04
Loss = 3.5389e-02, PNorm = 112.5088, GNorm = 0.4618, lr_0 = 1.1307e-04
Loss = 3.3445e-02, PNorm = 112.5150, GNorm = 0.6009, lr_0 = 1.1273e-04
Loss = 4.0296e-02, PNorm = 112.5212, GNorm = 0.7201, lr_0 = 1.1240e-04
Loss = 3.3736e-02, PNorm = 112.5278, GNorm = 0.8896, lr_0 = 1.1206e-04
Validation rmse = 29.174186
Epoch 27
Loss = 3.4558e-02, PNorm = 112.5354, GNorm = 0.6235, lr_0 = 1.1170e-04
Loss = 3.3984e-02, PNorm = 112.5424, GNorm = 0.3885, lr_0 = 1.1137e-04
Loss = 4.4916e-02, PNorm = 112.5491, GNorm = 0.8861, lr_0 = 1.1104e-04
Loss = 3.5651e-02, PNorm = 112.5569, GNorm = 0.4873, lr_0 = 1.1071e-04
Loss = 4.5397e-02, PNorm = 112.5638, GNorm = 0.7001, lr_0 = 1.1038e-04
Loss = 4.5434e-02, PNorm = 112.5706, GNorm = 0.6060, lr_0 = 1.1005e-04
Loss = 3.9731e-02, PNorm = 112.5788, GNorm = 0.7289, lr_0 = 1.0973e-04
Loss = 3.9603e-02, PNorm = 112.5854, GNorm = 0.4029, lr_0 = 1.0940e-04
Loss = 4.0983e-02, PNorm = 112.5908, GNorm = 0.9179, lr_0 = 1.0908e-04
Loss = 4.0572e-02, PNorm = 112.5968, GNorm = 0.4953, lr_0 = 1.0875e-04
Loss = 3.9570e-02, PNorm = 112.6041, GNorm = 0.8798, lr_0 = 1.0843e-04
Loss = 3.1578e-02, PNorm = 112.6108, GNorm = 0.8115, lr_0 = 1.0811e-04
Loss = 3.9882e-02, PNorm = 112.6169, GNorm = 1.1076, lr_0 = 1.0779e-04
Loss = 5.2216e-02, PNorm = 112.6242, GNorm = 0.9979, lr_0 = 1.0747e-04
Loss = 5.3935e-02, PNorm = 112.6310, GNorm = 1.4106, lr_0 = 1.0715e-04
Loss = 3.7893e-02, PNorm = 112.6396, GNorm = 0.7726, lr_0 = 1.0683e-04
Loss = 3.4555e-02, PNorm = 112.6469, GNorm = 1.3910, lr_0 = 1.0652e-04
Loss = 3.8946e-02, PNorm = 112.6513, GNorm = 0.6004, lr_0 = 1.0620e-04
Loss = 4.3377e-02, PNorm = 112.6573, GNorm = 0.7964, lr_0 = 1.0589e-04
Validation rmse = 29.584474
Epoch 28
Loss = 3.4880e-02, PNorm = 112.6642, GNorm = 0.8169, lr_0 = 1.0557e-04
Loss = 3.4406e-02, PNorm = 112.6714, GNorm = 0.7811, lr_0 = 1.0526e-04
Loss = 3.5361e-02, PNorm = 112.6782, GNorm = 0.4225, lr_0 = 1.0495e-04
Loss = 3.7438e-02, PNorm = 112.6838, GNorm = 0.7072, lr_0 = 1.0464e-04
Loss = 3.8792e-02, PNorm = 112.6896, GNorm = 0.9268, lr_0 = 1.0433e-04
Loss = 3.4448e-02, PNorm = 112.6954, GNorm = 0.8957, lr_0 = 1.0402e-04
Loss = 4.1453e-02, PNorm = 112.7028, GNorm = 0.8005, lr_0 = 1.0371e-04
Loss = 3.2307e-02, PNorm = 112.7095, GNorm = 0.6353, lr_0 = 1.0340e-04
Loss = 3.8682e-02, PNorm = 112.7145, GNorm = 0.4969, lr_0 = 1.0309e-04
Loss = 4.2651e-02, PNorm = 112.7211, GNorm = 0.7452, lr_0 = 1.0279e-04
Loss = 4.2683e-02, PNorm = 112.7289, GNorm = 1.3974, lr_0 = 1.0248e-04
Loss = 3.5052e-02, PNorm = 112.7353, GNorm = 0.3542, lr_0 = 1.0218e-04
Loss = 3.8893e-02, PNorm = 112.7415, GNorm = 0.6408, lr_0 = 1.0188e-04
Loss = 4.2565e-02, PNorm = 112.7490, GNorm = 0.3422, lr_0 = 1.0157e-04
Loss = 4.8783e-02, PNorm = 112.7558, GNorm = 0.7868, lr_0 = 1.0127e-04
Loss = 3.9611e-02, PNorm = 112.7640, GNorm = 0.2887, lr_0 = 1.0097e-04
Loss = 4.0750e-02, PNorm = 112.7710, GNorm = 0.4809, lr_0 = 1.0067e-04
Loss = 3.5625e-02, PNorm = 112.7761, GNorm = 0.3854, lr_0 = 1.0038e-04
Validation rmse = 30.088953
Epoch 29
Loss = 3.4132e-02, PNorm = 112.7820, GNorm = 0.3288, lr_0 = 1.0005e-04
Loss = 3.8721e-02, PNorm = 112.7874, GNorm = 0.4591, lr_0 = 9.9752e-05
Loss = 3.8574e-02, PNorm = 112.7947, GNorm = 0.7961, lr_0 = 9.9456e-05
Loss = 3.4522e-02, PNorm = 112.8024, GNorm = 0.3079, lr_0 = 9.9161e-05
Loss = 3.1863e-02, PNorm = 112.8094, GNorm = 0.4881, lr_0 = 9.8867e-05
Loss = 3.6306e-02, PNorm = 112.8151, GNorm = 0.5150, lr_0 = 9.8574e-05
Loss = 3.6006e-02, PNorm = 112.8207, GNorm = 0.5553, lr_0 = 9.8282e-05
Loss = 3.5685e-02, PNorm = 112.8251, GNorm = 0.4105, lr_0 = 9.7990e-05
Loss = 3.6458e-02, PNorm = 112.8300, GNorm = 0.4264, lr_0 = 9.7700e-05
Loss = 3.4268e-02, PNorm = 112.8363, GNorm = 0.6286, lr_0 = 9.7410e-05
Loss = 3.5426e-02, PNorm = 112.8413, GNorm = 0.3577, lr_0 = 9.7121e-05
Loss = 3.7409e-02, PNorm = 112.8473, GNorm = 0.5554, lr_0 = 9.6834e-05
Loss = 3.7158e-02, PNorm = 112.8511, GNorm = 0.5005, lr_0 = 9.6546e-05
Loss = 3.4761e-02, PNorm = 112.8538, GNorm = 0.6578, lr_0 = 9.6260e-05
Loss = 3.4549e-02, PNorm = 112.8594, GNorm = 0.6328, lr_0 = 9.5975e-05
Loss = 3.9700e-02, PNorm = 112.8656, GNorm = 0.4329, lr_0 = 9.5690e-05
Loss = 3.9709e-02, PNorm = 112.8715, GNorm = 0.7394, lr_0 = 9.5407e-05
Loss = 4.5230e-02, PNorm = 112.8789, GNorm = 0.6792, lr_0 = 9.5124e-05
Loss = 3.6755e-02, PNorm = 112.8860, GNorm = 0.3666, lr_0 = 9.4842e-05
Validation rmse = 29.245403
Epoch 30
Loss = 4.5718e-02, PNorm = 112.8939, GNorm = 0.8102, lr_0 = 9.4561e-05
Loss = 3.9040e-02, PNorm = 112.8983, GNorm = 0.6170, lr_0 = 9.4280e-05
Loss = 3.2382e-02, PNorm = 112.9047, GNorm = 0.4231, lr_0 = 9.4001e-05
Loss = 3.9383e-02, PNorm = 112.9107, GNorm = 0.3283, lr_0 = 9.3722e-05
Loss = 3.2731e-02, PNorm = 112.9148, GNorm = 0.7293, lr_0 = 9.3444e-05
Loss = 3.2561e-02, PNorm = 112.9191, GNorm = 0.4681, lr_0 = 9.3167e-05
Loss = 3.7150e-02, PNorm = 112.9255, GNorm = 1.1137, lr_0 = 9.2891e-05
Loss = 3.7634e-02, PNorm = 112.9322, GNorm = 0.4975, lr_0 = 9.2616e-05
Loss = 4.6791e-02, PNorm = 112.9384, GNorm = 0.6929, lr_0 = 9.2341e-05
Loss = 3.3781e-02, PNorm = 112.9439, GNorm = 0.3517, lr_0 = 9.2067e-05
Loss = 3.8057e-02, PNorm = 112.9502, GNorm = 0.6878, lr_0 = 9.1794e-05
Loss = 4.2334e-02, PNorm = 112.9562, GNorm = 0.4876, lr_0 = 9.1522e-05
Loss = 4.2843e-02, PNorm = 112.9643, GNorm = 0.3998, lr_0 = 9.1251e-05
Loss = 3.9104e-02, PNorm = 112.9723, GNorm = 0.4409, lr_0 = 9.0980e-05
Loss = 4.3288e-02, PNorm = 112.9801, GNorm = 0.3729, lr_0 = 9.0711e-05
Loss = 3.4129e-02, PNorm = 112.9871, GNorm = 0.5014, lr_0 = 9.0442e-05
Loss = 3.3628e-02, PNorm = 112.9930, GNorm = 0.3818, lr_0 = 9.0174e-05
Loss = 4.2647e-02, PNorm = 112.9984, GNorm = 0.4610, lr_0 = 8.9906e-05
Loss = 3.7071e-02, PNorm = 113.0029, GNorm = 0.5150, lr_0 = 8.9640e-05
Validation rmse = 30.236255
Epoch 31
Loss = 3.6063e-02, PNorm = 113.0077, GNorm = 0.5908, lr_0 = 8.9347e-05
Loss = 3.4070e-02, PNorm = 113.0129, GNorm = 0.7874, lr_0 = 8.9083e-05
Loss = 3.4386e-02, PNorm = 113.0164, GNorm = 0.5312, lr_0 = 8.8818e-05
Loss = 3.5375e-02, PNorm = 113.0217, GNorm = 0.9304, lr_0 = 8.8555e-05
Loss = 3.5594e-02, PNorm = 113.0279, GNorm = 0.3745, lr_0 = 8.8293e-05
Loss = 3.3027e-02, PNorm = 113.0318, GNorm = 0.7441, lr_0 = 8.8031e-05
Loss = 3.3884e-02, PNorm = 113.0342, GNorm = 0.5049, lr_0 = 8.7770e-05
Loss = 3.7384e-02, PNorm = 113.0390, GNorm = 2.1497, lr_0 = 8.7510e-05
Loss = 4.2207e-02, PNorm = 113.0466, GNorm = 1.1124, lr_0 = 8.7250e-05
Loss = 4.0047e-02, PNorm = 113.0523, GNorm = 0.4208, lr_0 = 8.6992e-05
Loss = 3.5779e-02, PNorm = 113.0586, GNorm = 0.5050, lr_0 = 8.6734e-05
Loss = 3.8774e-02, PNorm = 113.0650, GNorm = 0.6981, lr_0 = 8.6477e-05
Loss = 4.3237e-02, PNorm = 113.0716, GNorm = 0.6706, lr_0 = 8.6220e-05
Loss = 4.5848e-02, PNorm = 113.0780, GNorm = 0.5217, lr_0 = 8.5965e-05
Loss = 3.2515e-02, PNorm = 113.0818, GNorm = 0.4415, lr_0 = 8.5710e-05
Loss = 3.9777e-02, PNorm = 113.0856, GNorm = 0.9187, lr_0 = 8.5456e-05
Loss = 3.4742e-02, PNorm = 113.0914, GNorm = 0.7448, lr_0 = 8.5202e-05
Loss = 4.0507e-02, PNorm = 113.0984, GNorm = 0.4843, lr_0 = 8.4950e-05
Validation rmse = 30.028623
Epoch 32
Loss = 2.7541e-02, PNorm = 113.1031, GNorm = 0.3565, lr_0 = 8.4698e-05
Loss = 3.3218e-02, PNorm = 113.1081, GNorm = 0.3820, lr_0 = 8.4447e-05
Loss = 3.5308e-02, PNorm = 113.1133, GNorm = 0.5839, lr_0 = 8.4196e-05
Loss = 3.2868e-02, PNorm = 113.1191, GNorm = 0.3562, lr_0 = 8.3947e-05
Loss = 4.0175e-02, PNorm = 113.1232, GNorm = 0.5844, lr_0 = 8.3698e-05
Loss = 3.5758e-02, PNorm = 113.1282, GNorm = 0.8453, lr_0 = 8.3450e-05
Loss = 3.4365e-02, PNorm = 113.1325, GNorm = 0.2616, lr_0 = 8.3202e-05
Loss = 3.0805e-02, PNorm = 113.1361, GNorm = 0.2931, lr_0 = 8.2956e-05
Loss = 3.1778e-02, PNorm = 113.1414, GNorm = 0.7926, lr_0 = 8.2710e-05
Loss = 3.2214e-02, PNorm = 113.1459, GNorm = 0.4864, lr_0 = 8.2465e-05
Loss = 3.3640e-02, PNorm = 113.1485, GNorm = 0.4874, lr_0 = 8.2220e-05
Loss = 3.1360e-02, PNorm = 113.1522, GNorm = 0.5473, lr_0 = 8.1976e-05
Loss = 3.3948e-02, PNorm = 113.1556, GNorm = 0.4535, lr_0 = 8.1733e-05
Loss = 3.6031e-02, PNorm = 113.1608, GNorm = 0.2676, lr_0 = 8.1491e-05
Loss = 3.8965e-02, PNorm = 113.1669, GNorm = 0.3894, lr_0 = 8.1249e-05
Loss = 4.1492e-02, PNorm = 113.1726, GNorm = 0.6355, lr_0 = 8.1008e-05
Loss = 2.9681e-02, PNorm = 113.1778, GNorm = 0.3843, lr_0 = 8.0768e-05
Loss = 3.4922e-02, PNorm = 113.1818, GNorm = 0.8764, lr_0 = 8.0529e-05
Loss = 3.9893e-02, PNorm = 113.1864, GNorm = 0.6703, lr_0 = 8.0290e-05
Validation rmse = 29.420702
Epoch 33
Loss = 2.9610e-02, PNorm = 113.1919, GNorm = 0.3487, lr_0 = 8.0028e-05
Loss = 2.8028e-02, PNorm = 113.1964, GNorm = 0.3628, lr_0 = 7.9791e-05
Loss = 3.6993e-02, PNorm = 113.2006, GNorm = 0.5582, lr_0 = 7.9555e-05
Loss = 3.4634e-02, PNorm = 113.2044, GNorm = 0.5081, lr_0 = 7.9319e-05
Loss = 3.8514e-02, PNorm = 113.2078, GNorm = 0.5084, lr_0 = 7.9084e-05
Loss = 3.5262e-02, PNorm = 113.2124, GNorm = 0.3208, lr_0 = 7.8849e-05
Loss = 3.3849e-02, PNorm = 113.2172, GNorm = 0.4672, lr_0 = 7.8615e-05
Loss = 3.3643e-02, PNorm = 113.2229, GNorm = 0.4907, lr_0 = 7.8382e-05
Loss = 4.0500e-02, PNorm = 113.2277, GNorm = 0.7068, lr_0 = 7.8150e-05
Loss = 2.9498e-02, PNorm = 113.2309, GNorm = 0.4535, lr_0 = 7.7918e-05
Loss = 3.4254e-02, PNorm = 113.2358, GNorm = 0.6737, lr_0 = 7.7687e-05
Loss = 3.3323e-02, PNorm = 113.2413, GNorm = 0.6266, lr_0 = 7.7457e-05
Loss = 3.3072e-02, PNorm = 113.2484, GNorm = 0.5508, lr_0 = 7.7227e-05
Loss = 2.8980e-02, PNorm = 113.2537, GNorm = 0.6408, lr_0 = 7.6998e-05
Loss = 4.0781e-02, PNorm = 113.2601, GNorm = 1.0632, lr_0 = 7.6770e-05
Loss = 3.1020e-02, PNorm = 113.2656, GNorm = 0.4399, lr_0 = 7.6542e-05
Loss = 3.7199e-02, PNorm = 113.2700, GNorm = 0.7807, lr_0 = 7.6315e-05
Loss = 4.7123e-02, PNorm = 113.2758, GNorm = 0.4647, lr_0 = 7.6089e-05
Loss = 3.4151e-02, PNorm = 113.2813, GNorm = 0.5981, lr_0 = 7.5864e-05
Validation rmse = 28.732256
Epoch 34
Loss = 3.2129e-02, PNorm = 113.2853, GNorm = 0.3574, lr_0 = 7.5639e-05
Loss = 3.4358e-02, PNorm = 113.2880, GNorm = 0.3349, lr_0 = 7.5415e-05
Loss = 3.5864e-02, PNorm = 113.2928, GNorm = 0.6051, lr_0 = 7.5191e-05
Loss = 3.6389e-02, PNorm = 113.2982, GNorm = 0.3949, lr_0 = 7.4968e-05
Loss = 3.9270e-02, PNorm = 113.3023, GNorm = 0.3064, lr_0 = 7.4746e-05
Loss = 2.8576e-02, PNorm = 113.3053, GNorm = 0.6922, lr_0 = 7.4524e-05
Loss = 4.1282e-02, PNorm = 113.3094, GNorm = 0.4729, lr_0 = 7.4303e-05
Loss = 3.1597e-02, PNorm = 113.3147, GNorm = 0.4319, lr_0 = 7.4083e-05
Loss = 3.2582e-02, PNorm = 113.3199, GNorm = 0.7312, lr_0 = 7.3863e-05
Loss = 3.5609e-02, PNorm = 113.3231, GNorm = 0.8467, lr_0 = 7.3644e-05
Loss = 3.6671e-02, PNorm = 113.3277, GNorm = 0.5719, lr_0 = 7.3426e-05
Loss = 2.9891e-02, PNorm = 113.3315, GNorm = 0.4135, lr_0 = 7.3208e-05
Loss = 3.5471e-02, PNorm = 113.3346, GNorm = 0.9884, lr_0 = 7.2991e-05
Loss = 3.1795e-02, PNorm = 113.3384, GNorm = 0.4830, lr_0 = 7.2775e-05
Loss = 3.2360e-02, PNorm = 113.3416, GNorm = 0.4746, lr_0 = 7.2559e-05
Loss = 3.2895e-02, PNorm = 113.3455, GNorm = 0.4307, lr_0 = 7.2344e-05
Loss = 3.0442e-02, PNorm = 113.3504, GNorm = 0.3515, lr_0 = 7.2130e-05
Loss = 3.0953e-02, PNorm = 113.3538, GNorm = 0.5965, lr_0 = 7.1916e-05
Validation rmse = 28.979122
Epoch 35
Loss = 2.7947e-02, PNorm = 113.3587, GNorm = 0.4935, lr_0 = 7.1681e-05
Loss = 3.1551e-02, PNorm = 113.3637, GNorm = 0.6639, lr_0 = 7.1469e-05
Loss = 2.5823e-02, PNorm = 113.3687, GNorm = 0.3731, lr_0 = 7.1257e-05
Loss = 3.5240e-02, PNorm = 113.3720, GNorm = 0.8289, lr_0 = 7.1046e-05
Loss = 3.5730e-02, PNorm = 113.3752, GNorm = 0.7264, lr_0 = 7.0835e-05
Loss = 3.7169e-02, PNorm = 113.3798, GNorm = 0.6782, lr_0 = 7.0625e-05
Loss = 3.3351e-02, PNorm = 113.3842, GNorm = 0.5669, lr_0 = 7.0416e-05
Loss = 3.2662e-02, PNorm = 113.3891, GNorm = 0.7091, lr_0 = 7.0207e-05
Loss = 3.4907e-02, PNorm = 113.3933, GNorm = 0.4569, lr_0 = 6.9999e-05
Loss = 3.3901e-02, PNorm = 113.3972, GNorm = 0.4654, lr_0 = 6.9791e-05
Loss = 3.5576e-02, PNorm = 113.4000, GNorm = 0.2704, lr_0 = 6.9584e-05
Loss = 3.0861e-02, PNorm = 113.4042, GNorm = 0.3860, lr_0 = 6.9378e-05
Loss = 3.8051e-02, PNorm = 113.4092, GNorm = 0.4555, lr_0 = 6.9172e-05
Loss = 3.2206e-02, PNorm = 113.4157, GNorm = 0.4024, lr_0 = 6.8967e-05
Loss = 2.8475e-02, PNorm = 113.4199, GNorm = 0.4159, lr_0 = 6.8763e-05
Loss = 2.7583e-02, PNorm = 113.4236, GNorm = 0.4148, lr_0 = 6.8559e-05
Loss = 3.2778e-02, PNorm = 113.4273, GNorm = 0.8571, lr_0 = 6.8356e-05
Loss = 2.5659e-02, PNorm = 113.4303, GNorm = 0.5656, lr_0 = 6.8153e-05
Loss = 3.3235e-02, PNorm = 113.4332, GNorm = 0.2815, lr_0 = 6.7951e-05
Validation rmse = 28.539382
Epoch 36
Loss = 3.3193e-02, PNorm = 113.4368, GNorm = 0.5941, lr_0 = 6.7749e-05
Loss = 2.8264e-02, PNorm = 113.4413, GNorm = 0.4337, lr_0 = 6.7549e-05
Loss = 3.5955e-02, PNorm = 113.4455, GNorm = 0.5377, lr_0 = 6.7348e-05
Loss = 3.5363e-02, PNorm = 113.4491, GNorm = 0.6305, lr_0 = 6.7149e-05
Loss = 3.2136e-02, PNorm = 113.4521, GNorm = 0.3043, lr_0 = 6.6950e-05
Loss = 2.9524e-02, PNorm = 113.4552, GNorm = 0.7600, lr_0 = 6.6751e-05
Loss = 2.9460e-02, PNorm = 113.4577, GNorm = 0.3891, lr_0 = 6.6553e-05
Loss = 3.3413e-02, PNorm = 113.4606, GNorm = 0.4107, lr_0 = 6.6356e-05
Loss = 3.4375e-02, PNorm = 113.4648, GNorm = 0.4157, lr_0 = 6.6159e-05
Loss = 3.3334e-02, PNorm = 113.4703, GNorm = 0.2514, lr_0 = 6.5963e-05
Loss = 3.0376e-02, PNorm = 113.4755, GNorm = 0.3618, lr_0 = 6.5768e-05
Loss = 3.0575e-02, PNorm = 113.4782, GNorm = 0.5126, lr_0 = 6.5573e-05
Loss = 3.0347e-02, PNorm = 113.4818, GNorm = 0.3336, lr_0 = 6.5378e-05
Loss = 3.1685e-02, PNorm = 113.4853, GNorm = 0.3097, lr_0 = 6.5184e-05
Loss = 3.0282e-02, PNorm = 113.4882, GNorm = 0.3647, lr_0 = 6.4991e-05
Loss = 3.6495e-02, PNorm = 113.4927, GNorm = 0.3325, lr_0 = 6.4798e-05
Loss = 2.9613e-02, PNorm = 113.4968, GNorm = 0.3122, lr_0 = 6.4606e-05
Loss = 2.9067e-02, PNorm = 113.5017, GNorm = 0.2948, lr_0 = 6.4415e-05
Loss = 2.9896e-02, PNorm = 113.5067, GNorm = 0.4236, lr_0 = 6.4224e-05
Loss = 4.2646e-02, PNorm = 113.5072, GNorm = 0.6337, lr_0 = 6.4205e-05
Validation rmse = 28.951197
Epoch 37
Loss = 3.0462e-02, PNorm = 113.5117, GNorm = 0.4149, lr_0 = 6.4014e-05
Loss = 3.4911e-02, PNorm = 113.5157, GNorm = 0.5994, lr_0 = 6.3825e-05
Loss = 2.9903e-02, PNorm = 113.5194, GNorm = 0.9761, lr_0 = 6.3635e-05
Loss = 3.5926e-02, PNorm = 113.5223, GNorm = 1.1689, lr_0 = 6.3447e-05
Loss = 3.4940e-02, PNorm = 113.5263, GNorm = 0.6111, lr_0 = 6.3259e-05
Loss = 3.4800e-02, PNorm = 113.5305, GNorm = 0.6181, lr_0 = 6.3071e-05
Loss = 3.0201e-02, PNorm = 113.5325, GNorm = 0.2147, lr_0 = 6.2884e-05
Loss = 2.9726e-02, PNorm = 113.5370, GNorm = 0.4529, lr_0 = 6.2698e-05
Loss = 3.3062e-02, PNorm = 113.5416, GNorm = 0.9117, lr_0 = 6.2512e-05
Loss = 3.2549e-02, PNorm = 113.5456, GNorm = 0.8246, lr_0 = 6.2326e-05
Loss = 2.8768e-02, PNorm = 113.5497, GNorm = 0.3866, lr_0 = 6.2142e-05
Loss = 3.0757e-02, PNorm = 113.5531, GNorm = 0.4363, lr_0 = 6.1957e-05
Loss = 2.9163e-02, PNorm = 113.5567, GNorm = 0.6119, lr_0 = 6.1774e-05
Loss = 2.8231e-02, PNorm = 113.5598, GNorm = 0.4834, lr_0 = 6.1591e-05
Loss = 2.9548e-02, PNorm = 113.5627, GNorm = 0.4962, lr_0 = 6.1408e-05
Loss = 2.9838e-02, PNorm = 113.5663, GNorm = 0.4337, lr_0 = 6.1226e-05
Loss = 3.6827e-02, PNorm = 113.5691, GNorm = 1.1407, lr_0 = 6.1045e-05
Loss = 3.7419e-02, PNorm = 113.5725, GNorm = 0.7702, lr_0 = 6.0864e-05
Validation rmse = 29.698235
Epoch 38
Loss = 3.4687e-02, PNorm = 113.5761, GNorm = 0.2725, lr_0 = 6.0683e-05
Loss = 2.8581e-02, PNorm = 113.5810, GNorm = 0.8525, lr_0 = 6.0503e-05
Loss = 2.9123e-02, PNorm = 113.5848, GNorm = 0.7512, lr_0 = 6.0324e-05
Loss = 2.9675e-02, PNorm = 113.5870, GNorm = 0.4832, lr_0 = 6.0145e-05
Loss = 3.0657e-02, PNorm = 113.5895, GNorm = 0.5768, lr_0 = 5.9967e-05
Loss = 3.3216e-02, PNorm = 113.5932, GNorm = 0.5838, lr_0 = 5.9789e-05
Loss = 3.3898e-02, PNorm = 113.5960, GNorm = 0.4581, lr_0 = 5.9612e-05
Loss = 3.1386e-02, PNorm = 113.5994, GNorm = 0.4087, lr_0 = 5.9435e-05
Loss = 2.9229e-02, PNorm = 113.6037, GNorm = 0.3363, lr_0 = 5.9259e-05
Loss = 2.9538e-02, PNorm = 113.6068, GNorm = 0.5547, lr_0 = 5.9083e-05
Loss = 3.2926e-02, PNorm = 113.6122, GNorm = 0.4562, lr_0 = 5.8908e-05
Loss = 3.7339e-02, PNorm = 113.6173, GNorm = 0.4515, lr_0 = 5.8733e-05
Loss = 3.0449e-02, PNorm = 113.6209, GNorm = 0.6121, lr_0 = 5.8559e-05
Loss = 2.7076e-02, PNorm = 113.6241, GNorm = 0.4708, lr_0 = 5.8386e-05
Loss = 3.2907e-02, PNorm = 113.6276, GNorm = 0.3480, lr_0 = 5.8212e-05
Loss = 2.9098e-02, PNorm = 113.6318, GNorm = 0.6012, lr_0 = 5.8040e-05
Loss = 3.1103e-02, PNorm = 113.6348, GNorm = 0.5578, lr_0 = 5.7868e-05
Loss = 2.8873e-02, PNorm = 113.6382, GNorm = 0.3633, lr_0 = 5.7696e-05
Loss = 3.1023e-02, PNorm = 113.6409, GNorm = 0.4193, lr_0 = 5.7525e-05
Validation rmse = 28.825770
Epoch 39
Loss = 3.4794e-02, PNorm = 113.6438, GNorm = 0.4068, lr_0 = 5.7338e-05
Loss = 2.7958e-02, PNorm = 113.6475, GNorm = 0.4807, lr_0 = 5.7168e-05
Loss = 2.5826e-02, PNorm = 113.6506, GNorm = 0.4843, lr_0 = 5.6998e-05
Loss = 2.9357e-02, PNorm = 113.6540, GNorm = 0.6178, lr_0 = 5.6829e-05
Loss = 2.7576e-02, PNorm = 113.6582, GNorm = 0.6465, lr_0 = 5.6661e-05
Loss = 3.0671e-02, PNorm = 113.6608, GNorm = 0.3374, lr_0 = 5.6493e-05
Loss = 3.0042e-02, PNorm = 113.6628, GNorm = 0.5153, lr_0 = 5.6325e-05
Loss = 3.4642e-02, PNorm = 113.6650, GNorm = 0.6011, lr_0 = 5.6158e-05
Loss = 2.9938e-02, PNorm = 113.6680, GNorm = 0.4981, lr_0 = 5.5992e-05
Loss = 3.6188e-02, PNorm = 113.6720, GNorm = 0.5759, lr_0 = 5.5826e-05
Loss = 3.2662e-02, PNorm = 113.6751, GNorm = 0.6305, lr_0 = 5.5660e-05
Loss = 2.9343e-02, PNorm = 113.6784, GNorm = 0.5815, lr_0 = 5.5495e-05
Loss = 2.8556e-02, PNorm = 113.6807, GNorm = 0.3473, lr_0 = 5.5331e-05
Loss = 3.1491e-02, PNorm = 113.6835, GNorm = 0.2819, lr_0 = 5.5167e-05
Loss = 2.9048e-02, PNorm = 113.6869, GNorm = 0.3986, lr_0 = 5.5003e-05
Loss = 2.8500e-02, PNorm = 113.6897, GNorm = 0.2623, lr_0 = 5.4840e-05
Loss = 2.9822e-02, PNorm = 113.6921, GNorm = 0.3269, lr_0 = 5.4677e-05
Loss = 2.5773e-02, PNorm = 113.6947, GNorm = 0.4421, lr_0 = 5.4515e-05
Loss = 2.9793e-02, PNorm = 113.6980, GNorm = 0.3472, lr_0 = 5.4354e-05
Validation rmse = 28.650140
Epoch 40
Loss = 2.7018e-02, PNorm = 113.7010, GNorm = 0.2790, lr_0 = 5.4193e-05
Loss = 2.9539e-02, PNorm = 113.7045, GNorm = 0.3809, lr_0 = 5.4032e-05
Loss = 2.8993e-02, PNorm = 113.7073, GNorm = 0.4863, lr_0 = 5.3872e-05
Loss = 2.7989e-02, PNorm = 113.7111, GNorm = 0.3325, lr_0 = 5.3712e-05
Loss = 2.6376e-02, PNorm = 113.7137, GNorm = 0.3665, lr_0 = 5.3553e-05
Loss = 2.8613e-02, PNorm = 113.7160, GNorm = 0.2425, lr_0 = 5.3394e-05
Loss = 2.5868e-02, PNorm = 113.7192, GNorm = 0.3069, lr_0 = 5.3236e-05
Loss = 3.1321e-02, PNorm = 113.7219, GNorm = 0.3870, lr_0 = 5.3078e-05
Loss = 2.6623e-02, PNorm = 113.7247, GNorm = 0.6380, lr_0 = 5.2921e-05
Loss = 3.5835e-02, PNorm = 113.7279, GNorm = 0.8270, lr_0 = 5.2764e-05
Loss = 3.8739e-02, PNorm = 113.7306, GNorm = 0.6364, lr_0 = 5.2607e-05
Loss = 3.4289e-02, PNorm = 113.7349, GNorm = 1.0653, lr_0 = 5.2451e-05
Loss = 3.3900e-02, PNorm = 113.7400, GNorm = 0.2585, lr_0 = 5.2296e-05
Loss = 2.9921e-02, PNorm = 113.7442, GNorm = 0.3260, lr_0 = 5.2141e-05
Loss = 3.2967e-02, PNorm = 113.7461, GNorm = 0.6187, lr_0 = 5.1986e-05
Loss = 2.8623e-02, PNorm = 113.7485, GNorm = 0.3151, lr_0 = 5.1832e-05
Loss = 2.8780e-02, PNorm = 113.7520, GNorm = 0.4376, lr_0 = 5.1678e-05
Loss = 3.2210e-02, PNorm = 113.7543, GNorm = 0.3694, lr_0 = 5.1525e-05
Validation rmse = 29.686525
Epoch 41
Loss = 3.1762e-02, PNorm = 113.7571, GNorm = 0.4202, lr_0 = 5.1357e-05
Loss = 2.8235e-02, PNorm = 113.7612, GNorm = 0.3588, lr_0 = 5.1205e-05
Loss = 2.6478e-02, PNorm = 113.7644, GNorm = 0.3563, lr_0 = 5.1053e-05
Loss = 2.5464e-02, PNorm = 113.7679, GNorm = 0.3245, lr_0 = 5.0902e-05
Loss = 3.2193e-02, PNorm = 113.7708, GNorm = 0.5925, lr_0 = 5.0751e-05
Loss = 3.2348e-02, PNorm = 113.7730, GNorm = 0.5868, lr_0 = 5.0600e-05
Loss = 3.3314e-02, PNorm = 113.7760, GNorm = 0.5357, lr_0 = 5.0450e-05
Loss = 3.4682e-02, PNorm = 113.7801, GNorm = 0.4142, lr_0 = 5.0301e-05
Loss = 2.8746e-02, PNorm = 113.7841, GNorm = 0.5622, lr_0 = 5.0152e-05
Loss = 2.6801e-02, PNorm = 113.7874, GNorm = 0.5316, lr_0 = 5.0003e-05
Loss = 2.5538e-02, PNorm = 113.7897, GNorm = 0.4406, lr_0 = 4.9855e-05
Loss = 3.4948e-02, PNorm = 113.7923, GNorm = 0.5761, lr_0 = 4.9707e-05
Loss = 3.2898e-02, PNorm = 113.7947, GNorm = 0.7217, lr_0 = 4.9560e-05
Loss = 3.1764e-02, PNorm = 113.7974, GNorm = 1.6811, lr_0 = 4.9413e-05
Loss = 2.9666e-02, PNorm = 113.8001, GNorm = 0.4547, lr_0 = 4.9266e-05
Loss = 2.8322e-02, PNorm = 113.8021, GNorm = 0.2872, lr_0 = 4.9120e-05
Loss = 3.5917e-02, PNorm = 113.8048, GNorm = 0.5559, lr_0 = 4.8975e-05
Loss = 2.4015e-02, PNorm = 113.8079, GNorm = 0.7069, lr_0 = 4.8829e-05
Loss = 2.7310e-02, PNorm = 113.8101, GNorm = 0.5586, lr_0 = 4.8685e-05
Validation rmse = 28.956131
Epoch 42
Loss = 3.1197e-02, PNorm = 113.8126, GNorm = 0.4353, lr_0 = 4.8540e-05
Loss = 2.8299e-02, PNorm = 113.8144, GNorm = 0.3733, lr_0 = 4.8396e-05
Loss = 2.0900e-02, PNorm = 113.8162, GNorm = 0.3796, lr_0 = 4.8253e-05
Loss = 2.7437e-02, PNorm = 113.8181, GNorm = 0.5120, lr_0 = 4.8110e-05
Loss = 2.7365e-02, PNorm = 113.8208, GNorm = 0.4947, lr_0 = 4.7967e-05
Loss = 3.1272e-02, PNorm = 113.8241, GNorm = 0.5281, lr_0 = 4.7825e-05
Loss = 3.2328e-02, PNorm = 113.8269, GNorm = 0.3545, lr_0 = 4.7683e-05
Loss = 3.1930e-02, PNorm = 113.8285, GNorm = 0.3008, lr_0 = 4.7542e-05
Loss = 3.3708e-02, PNorm = 113.8315, GNorm = 0.5223, lr_0 = 4.7401e-05
Loss = 2.5417e-02, PNorm = 113.8342, GNorm = 0.4538, lr_0 = 4.7260e-05
Loss = 2.5038e-02, PNorm = 113.8354, GNorm = 0.3691, lr_0 = 4.7120e-05
Loss = 3.1904e-02, PNorm = 113.8370, GNorm = 0.2297, lr_0 = 4.6981e-05
Loss = 2.9258e-02, PNorm = 113.8391, GNorm = 0.7390, lr_0 = 4.6841e-05
Loss = 2.8644e-02, PNorm = 113.8413, GNorm = 0.6632, lr_0 = 4.6702e-05
Loss = 2.8625e-02, PNorm = 113.8443, GNorm = 0.4597, lr_0 = 4.6564e-05
Loss = 2.6774e-02, PNorm = 113.8474, GNorm = 0.3538, lr_0 = 4.6426e-05
Loss = 3.3031e-02, PNorm = 113.8503, GNorm = 0.5758, lr_0 = 4.6288e-05
Loss = 2.8799e-02, PNorm = 113.8530, GNorm = 0.3598, lr_0 = 4.6151e-05
Validation rmse = 28.862193
Epoch 43
Loss = 2.6664e-02, PNorm = 113.8557, GNorm = 0.3464, lr_0 = 4.6001e-05
Loss = 2.5969e-02, PNorm = 113.8583, GNorm = 0.3777, lr_0 = 4.5864e-05
Loss = 2.6808e-02, PNorm = 113.8609, GNorm = 0.8878, lr_0 = 4.5728e-05
Loss = 2.7217e-02, PNorm = 113.8632, GNorm = 0.5593, lr_0 = 4.5593e-05
Loss = 2.9623e-02, PNorm = 113.8661, GNorm = 0.4602, lr_0 = 4.5457e-05
Loss = 2.5431e-02, PNorm = 113.8696, GNorm = 0.2675, lr_0 = 4.5323e-05
Loss = 2.7041e-02, PNorm = 113.8727, GNorm = 0.4066, lr_0 = 4.5188e-05
Loss = 2.5983e-02, PNorm = 113.8747, GNorm = 0.2016, lr_0 = 4.5054e-05
Loss = 2.5303e-02, PNorm = 113.8768, GNorm = 0.7883, lr_0 = 4.4921e-05
Loss = 3.2159e-02, PNorm = 113.8792, GNorm = 0.2805, lr_0 = 4.4788e-05
Loss = 2.5932e-02, PNorm = 113.8815, GNorm = 0.7371, lr_0 = 4.4655e-05
Loss = 3.4644e-02, PNorm = 113.8837, GNorm = 0.3674, lr_0 = 4.4522e-05
Loss = 3.0393e-02, PNorm = 113.8858, GNorm = 0.5721, lr_0 = 4.4390e-05
Loss = 3.1587e-02, PNorm = 113.8872, GNorm = 0.4350, lr_0 = 4.4259e-05
Loss = 2.7056e-02, PNorm = 113.8906, GNorm = 0.5399, lr_0 = 4.4128e-05
Loss = 3.1138e-02, PNorm = 113.8930, GNorm = 0.5092, lr_0 = 4.3997e-05
Loss = 2.9388e-02, PNorm = 113.8950, GNorm = 0.6984, lr_0 = 4.3866e-05
Loss = 3.1770e-02, PNorm = 113.8976, GNorm = 0.5232, lr_0 = 4.3736e-05
Loss = 2.7558e-02, PNorm = 113.9006, GNorm = 0.4958, lr_0 = 4.3607e-05
Validation rmse = 29.514085
Epoch 44
Loss = 3.5188e-02, PNorm = 113.9039, GNorm = 0.8954, lr_0 = 4.3477e-05
Loss = 2.7214e-02, PNorm = 113.9064, GNorm = 0.5697, lr_0 = 4.3348e-05
Loss = 2.8470e-02, PNorm = 113.9077, GNorm = 0.2675, lr_0 = 4.3220e-05
Loss = 2.8005e-02, PNorm = 113.9098, GNorm = 0.9093, lr_0 = 4.3092e-05
Loss = 2.8925e-02, PNorm = 113.9118, GNorm = 0.7933, lr_0 = 4.2964e-05
Loss = 2.9826e-02, PNorm = 113.9137, GNorm = 0.2650, lr_0 = 4.2837e-05
Loss = 2.9013e-02, PNorm = 113.9152, GNorm = 0.7028, lr_0 = 4.2710e-05
Loss = 3.0124e-02, PNorm = 113.9168, GNorm = 0.4883, lr_0 = 4.2583e-05
Loss = 2.9370e-02, PNorm = 113.9201, GNorm = 0.7022, lr_0 = 4.2457e-05
Loss = 3.1140e-02, PNorm = 113.9247, GNorm = 0.6184, lr_0 = 4.2331e-05
Loss = 2.9938e-02, PNorm = 113.9279, GNorm = 0.5377, lr_0 = 4.2205e-05
Loss = 2.7349e-02, PNorm = 113.9299, GNorm = 0.4388, lr_0 = 4.2080e-05
Loss = 2.6030e-02, PNorm = 113.9328, GNorm = 0.3079, lr_0 = 4.1956e-05
Loss = 2.5260e-02, PNorm = 113.9348, GNorm = 0.4430, lr_0 = 4.1831e-05
Loss = 2.5502e-02, PNorm = 113.9364, GNorm = 0.4058, lr_0 = 4.1707e-05
Loss = 3.2779e-02, PNorm = 113.9383, GNorm = 0.3877, lr_0 = 4.1584e-05
Loss = 2.2990e-02, PNorm = 113.9401, GNorm = 0.2834, lr_0 = 4.1460e-05
Loss = 2.5958e-02, PNorm = 113.9418, GNorm = 0.3929, lr_0 = 4.1337e-05
Loss = 2.9404e-02, PNorm = 113.9440, GNorm = 0.3674, lr_0 = 4.1215e-05
Validation rmse = 28.705632
Epoch 45
Loss = 2.8220e-02, PNorm = 113.9461, GNorm = 0.6433, lr_0 = 4.1080e-05
Loss = 2.4771e-02, PNorm = 113.9487, GNorm = 0.6493, lr_0 = 4.0959e-05
Loss = 2.4997e-02, PNorm = 113.9519, GNorm = 0.1580, lr_0 = 4.0837e-05
Loss = 2.5906e-02, PNorm = 113.9543, GNorm = 0.5359, lr_0 = 4.0716e-05
Loss = 2.5117e-02, PNorm = 113.9561, GNorm = 0.4819, lr_0 = 4.0595e-05
Loss = 2.5593e-02, PNorm = 113.9578, GNorm = 0.2177, lr_0 = 4.0475e-05
Loss = 2.4802e-02, PNorm = 113.9598, GNorm = 0.3128, lr_0 = 4.0355e-05
Loss = 2.4306e-02, PNorm = 113.9616, GNorm = 0.2290, lr_0 = 4.0235e-05
Loss = 2.7002e-02, PNorm = 113.9632, GNorm = 0.3421, lr_0 = 4.0116e-05
Loss = 2.6676e-02, PNorm = 113.9652, GNorm = 0.6095, lr_0 = 3.9997e-05
Loss = 2.8246e-02, PNorm = 113.9668, GNorm = 0.4832, lr_0 = 3.9879e-05
Loss = 3.2642e-02, PNorm = 113.9689, GNorm = 0.7196, lr_0 = 3.9760e-05
Loss = 3.0187e-02, PNorm = 113.9714, GNorm = 0.4675, lr_0 = 3.9643e-05
Loss = 2.7298e-02, PNorm = 113.9728, GNorm = 0.2881, lr_0 = 3.9525e-05
Loss = 2.6408e-02, PNorm = 113.9748, GNorm = 0.4878, lr_0 = 3.9408e-05
Loss = 2.7199e-02, PNorm = 113.9772, GNorm = 0.5279, lr_0 = 3.9291e-05
Loss = 2.8688e-02, PNorm = 113.9788, GNorm = 0.8168, lr_0 = 3.9175e-05
Loss = 2.9610e-02, PNorm = 113.9808, GNorm = 0.3161, lr_0 = 3.9058e-05
Validation rmse = 28.926355
Epoch 46
Loss = 2.5107e-02, PNorm = 113.9827, GNorm = 0.5618, lr_0 = 3.8943e-05
Loss = 2.1002e-02, PNorm = 113.9848, GNorm = 0.3086, lr_0 = 3.8827e-05
Loss = 2.4095e-02, PNorm = 113.9875, GNorm = 0.3960, lr_0 = 3.8712e-05
Loss = 2.8494e-02, PNorm = 113.9901, GNorm = 0.6867, lr_0 = 3.8597e-05
Loss = 2.8007e-02, PNorm = 113.9921, GNorm = 0.3098, lr_0 = 3.8483e-05
Loss = 3.3461e-02, PNorm = 113.9940, GNorm = 0.3129, lr_0 = 3.8369e-05
Loss = 3.3707e-02, PNorm = 113.9964, GNorm = 0.6111, lr_0 = 3.8255e-05
Loss = 2.4835e-02, PNorm = 113.9993, GNorm = 0.4446, lr_0 = 3.8142e-05
Loss = 2.5135e-02, PNorm = 114.0008, GNorm = 0.5618, lr_0 = 3.8029e-05
Loss = 2.5173e-02, PNorm = 114.0029, GNorm = 0.5781, lr_0 = 3.7916e-05
Loss = 3.0204e-02, PNorm = 114.0055, GNorm = 0.7404, lr_0 = 3.7803e-05
Loss = 2.6238e-02, PNorm = 114.0074, GNorm = 0.2736, lr_0 = 3.7691e-05
Loss = 2.6775e-02, PNorm = 114.0095, GNorm = 0.8749, lr_0 = 3.7580e-05
Loss = 3.2135e-02, PNorm = 114.0109, GNorm = 0.6410, lr_0 = 3.7468e-05
Loss = 3.1613e-02, PNorm = 114.0115, GNorm = 0.3204, lr_0 = 3.7357e-05
Loss = 3.1150e-02, PNorm = 114.0133, GNorm = 0.3164, lr_0 = 3.7246e-05
Loss = 2.6309e-02, PNorm = 114.0158, GNorm = 0.4450, lr_0 = 3.7136e-05
Loss = 2.6470e-02, PNorm = 114.0179, GNorm = 0.3530, lr_0 = 3.7026e-05
Loss = 2.5209e-02, PNorm = 114.0192, GNorm = 0.3380, lr_0 = 3.6916e-05
Validation rmse = 28.134858
Epoch 47
Loss = 2.8170e-02, PNorm = 114.0203, GNorm = 0.5195, lr_0 = 3.6796e-05
Loss = 2.2524e-02, PNorm = 114.0216, GNorm = 0.3229, lr_0 = 3.6687e-05
Loss = 2.2846e-02, PNorm = 114.0232, GNorm = 0.3353, lr_0 = 3.6578e-05
Loss = 2.8800e-02, PNorm = 114.0252, GNorm = 0.5020, lr_0 = 3.6469e-05
Loss = 2.4898e-02, PNorm = 114.0271, GNorm = 0.3758, lr_0 = 3.6361e-05
Loss = 2.5750e-02, PNorm = 114.0294, GNorm = 0.3619, lr_0 = 3.6253e-05
Loss = 2.6880e-02, PNorm = 114.0316, GNorm = 0.2892, lr_0 = 3.6146e-05
Loss = 2.7702e-02, PNorm = 114.0338, GNorm = 0.3609, lr_0 = 3.6039e-05
Loss = 2.2156e-02, PNorm = 114.0355, GNorm = 0.4324, lr_0 = 3.5932e-05
Loss = 2.5228e-02, PNorm = 114.0376, GNorm = 0.4837, lr_0 = 3.5825e-05
Loss = 2.8306e-02, PNorm = 114.0392, GNorm = 0.4183, lr_0 = 3.5719e-05
Loss = 3.3783e-02, PNorm = 114.0408, GNorm = 0.3110, lr_0 = 3.5613e-05
Loss = 2.5690e-02, PNorm = 114.0425, GNorm = 0.5649, lr_0 = 3.5508e-05
Loss = 2.4833e-02, PNorm = 114.0440, GNorm = 0.4360, lr_0 = 3.5403e-05
Loss = 2.5882e-02, PNorm = 114.0457, GNorm = 0.3141, lr_0 = 3.5298e-05
Loss = 2.7681e-02, PNorm = 114.0479, GNorm = 0.5502, lr_0 = 3.5193e-05
Loss = 2.7257e-02, PNorm = 114.0506, GNorm = 0.5332, lr_0 = 3.5089e-05
Loss = 2.9348e-02, PNorm = 114.0531, GNorm = 0.8342, lr_0 = 3.4985e-05
Loss = 2.5997e-02, PNorm = 114.0554, GNorm = 0.3124, lr_0 = 3.4881e-05
Validation rmse = 29.302450
Epoch 48
Loss = 2.5871e-02, PNorm = 114.0569, GNorm = 0.3384, lr_0 = 3.4777e-05
Loss = 2.9564e-02, PNorm = 114.0583, GNorm = 0.8336, lr_0 = 3.4674e-05
Loss = 2.2226e-02, PNorm = 114.0596, GNorm = 0.8944, lr_0 = 3.4572e-05
Loss = 2.8314e-02, PNorm = 114.0603, GNorm = 0.2151, lr_0 = 3.4469e-05
Loss = 3.2016e-02, PNorm = 114.0626, GNorm = 0.4413, lr_0 = 3.4367e-05
Loss = 2.8647e-02, PNorm = 114.0658, GNorm = 0.3952, lr_0 = 3.4265e-05
Loss = 2.6203e-02, PNorm = 114.0679, GNorm = 0.7878, lr_0 = 3.4163e-05
Loss = 2.5131e-02, PNorm = 114.0699, GNorm = 0.5793, lr_0 = 3.4062e-05
Loss = 2.5873e-02, PNorm = 114.0709, GNorm = 0.3861, lr_0 = 3.3961e-05
Loss = 2.1140e-02, PNorm = 114.0721, GNorm = 0.3291, lr_0 = 3.3860e-05
Loss = 2.9792e-02, PNorm = 114.0737, GNorm = 0.5038, lr_0 = 3.3760e-05
Loss = 2.6467e-02, PNorm = 114.0756, GNorm = 0.3627, lr_0 = 3.3660e-05
Loss = 2.6784e-02, PNorm = 114.0775, GNorm = 0.4290, lr_0 = 3.3560e-05
Loss = 2.3781e-02, PNorm = 114.0795, GNorm = 0.2679, lr_0 = 3.3461e-05
Loss = 2.8744e-02, PNorm = 114.0813, GNorm = 0.2092, lr_0 = 3.3361e-05
Loss = 2.7401e-02, PNorm = 114.0827, GNorm = 0.3143, lr_0 = 3.3263e-05
Loss = 2.6812e-02, PNorm = 114.0837, GNorm = 0.6767, lr_0 = 3.3164e-05
Loss = 2.1640e-02, PNorm = 114.0855, GNorm = 0.4316, lr_0 = 3.3066e-05
Validation rmse = 28.363944
Epoch 49
Loss = 2.8833e-02, PNorm = 114.0875, GNorm = 0.7998, lr_0 = 3.2958e-05
Loss = 2.7639e-02, PNorm = 114.0894, GNorm = 0.4656, lr_0 = 3.2860e-05
Loss = 2.3703e-02, PNorm = 114.0916, GNorm = 0.2317, lr_0 = 3.2763e-05
Loss = 2.6995e-02, PNorm = 114.0937, GNorm = 0.4680, lr_0 = 3.2666e-05
Loss = 2.6630e-02, PNorm = 114.0963, GNorm = 0.5230, lr_0 = 3.2569e-05
Loss = 2.9162e-02, PNorm = 114.0987, GNorm = 0.8289, lr_0 = 3.2472e-05
Loss = 2.4141e-02, PNorm = 114.0999, GNorm = 0.2895, lr_0 = 3.2376e-05
Loss = 2.7982e-02, PNorm = 114.1018, GNorm = 0.3586, lr_0 = 3.2280e-05
Loss = 2.6596e-02, PNorm = 114.1033, GNorm = 0.5535, lr_0 = 3.2184e-05
Loss = 2.6021e-02, PNorm = 114.1053, GNorm = 0.5962, lr_0 = 3.2089e-05
Loss = 2.9002e-02, PNorm = 114.1070, GNorm = 0.4239, lr_0 = 3.1994e-05
Loss = 3.0499e-02, PNorm = 114.1081, GNorm = 0.3691, lr_0 = 3.1899e-05
Loss = 2.4035e-02, PNorm = 114.1096, GNorm = 0.2765, lr_0 = 3.1804e-05
Loss = 2.4642e-02, PNorm = 114.1112, GNorm = 0.3642, lr_0 = 3.1710e-05
Loss = 2.7995e-02, PNorm = 114.1126, GNorm = 0.3523, lr_0 = 3.1672e-05
Loss = 2.7014e-02, PNorm = 114.1144, GNorm = 0.5952, lr_0 = 3.1672e-05
Loss = 2.3797e-02, PNorm = 114.1156, GNorm = 0.3460, lr_0 = 3.1672e-05
Loss = 2.7207e-02, PNorm = 114.1168, GNorm = 0.3392, lr_0 = 3.1672e-05
Loss = 2.4369e-02, PNorm = 114.1182, GNorm = 0.5111, lr_0 = 3.1672e-05
Validation rmse = 28.655861
Model 0 best validation rmse = 28.134858 on epoch 46
Loading pretrained parameter "encoder.encoder.0.cached_zero_vector".
Loading pretrained parameter "encoder.encoder.0.W_i.weight".
Loading pretrained parameter "encoder.encoder.0.W_h.weight".
Loading pretrained parameter "encoder.encoder.0.W_o.weight".
Loading pretrained parameter "encoder.encoder.0.W_o.bias".
Loading pretrained parameter "encoder.encoder.1.cached_zero_vector".
Loading pretrained parameter "encoder.encoder.1.W_i.weight".
Loading pretrained parameter "encoder.encoder.1.W_h.weight".
Loading pretrained parameter "encoder.encoder.1.W_o.weight".
Loading pretrained parameter "encoder.encoder.1.W_o.bias".
Loading pretrained parameter "ffn.1.weight".
Loading pretrained parameter "ffn.1.bias".
Loading pretrained parameter "ffn.4.weight".
Loading pretrained parameter "ffn.4.bias".
Moving model to cuda
Model 0 test rmse = 27.615646
Ensemble test rmse = 27.615646
1-fold cross validation
	Seed 0 ==> test rmse = 27.615646
Overall test rmse = 27.615646 +/- 0.000000
Elapsed time = 0:40:34
