Command line
python /home/kpg/chemprop/train.py --data_path ../../../data/splits/lambda_max_abs/deep4chem/group_by_smiles/smiles_target_train.csv --dataset_type regression --save_dir /home/kimele03/uvvisml/uvvisml/models/abs_all_checkpoints/group_by_smiles/results/506982/49667601 --config_path /home/kimele03/uvvisml/uvvisml/models/abs_all_checkpoints/group_by_smiles/results/506982/49667601/hyperopt.json --metric rmse --epochs 50 --gpu 0 --ensemble_size 1 --separate_val_path ../../../data/splits/lambda_max_abs/deep4chem/group_by_smiles/smiles_target_val.csv --separate_test_path ../../../data/splits/lambda_max_abs/deep4chem/group_by_smiles/smiles_target_test.csv --number_of_molecules 2
Args
{'activation': 'ReLU',
 'aggregation': 'mean',
 'aggregation_norm': 100,
 'atom_descriptor_scaling': True,
 'atom_descriptors': None,
 'atom_descriptors_path': None,
 'atom_descriptors_size': 0,
 'atom_features_size': 0,
 'atom_messages': False,
 'batch_size': 62,
 'bias': False,
 'bond_feature_scaling': True,
 'bond_features_path': None,
 'bond_features_size': 0,
 'cache_cutoff': 10000,
 'checkpoint_dir': None,
 'checkpoint_frzn': None,
 'checkpoint_path': None,
 'checkpoint_paths': None,
 'class_balance': False,
 'config_path': '/home/kimele03/uvvisml/uvvisml/models/abs_all_checkpoints/group_by_smiles/results/506982/49667601/hyperopt.json',
 'crossval_index_dir': None,
 'crossval_index_file': None,
 'crossval_index_sets': None,
 'cuda': True,
 'data_path': '../../../data/splits/lambda_max_abs/deep4chem/group_by_smiles/smiles_target_train.csv',
 'data_weights_path': None,
 'dataset_type': 'regression',
 'depth': 3,
 'device': device(type='cuda', index=0),
 'dropout': 0.4,
 'empty_cache': False,
 'ensemble_size': 1,
 'epochs': 50,
 'explicit_h': False,
 'extra_metrics': [],
 'features_generator': None,
 'features_only': False,
 'features_path': None,
 'features_scaling': True,
 'features_size': None,
 'ffn_hidden_size': 2175,
 'ffn_num_layers': 3,
 'final_lr': 0.00010892237203918617,
 'folds_file': None,
 'freeze_first_only': False,
 'frzn_ffn_layers': 0,
 'gpu': 0,
 'grad_clip': None,
 'hidden_size': 1993,
 'ignore_columns': None,
 'init_lr': 1.4273345608422467e-05,
 'log_frequency': 10,
 'max_data_size': None,
 'max_lr': 0.0007776353225731206,
 'metric': 'rmse',
 'metrics': ['rmse'],
 'minimize_score': True,
 'mpn_shared': False,
 'multiclass_num_classes': 3,
 'no_atom_descriptor_scaling': False,
 'no_bond_features_scaling': False,
 'no_cache_mol': False,
 'no_cuda': False,
 'no_features_scaling': False,
 'num_folds': 1,
 'num_lrs': 1,
 'num_tasks': 1,
 'num_workers': 8,
 'number_of_molecules': 2,
 'overwrite_default_atom_features': False,
 'overwrite_default_bond_features': False,
 'pytorch_seed': 0,
 'quiet': False,
 'reaction': False,
 'reaction_mode': 'reac_diff',
 'resume_experiment': False,
 'save_dir': '/home/kimele03/uvvisml/uvvisml/models/abs_all_checkpoints/group_by_smiles/results/506982/49667601',
 'save_preds': False,
 'save_smiles_splits': False,
 'seed': 0,
 'separate_test_atom_descriptors_path': None,
 'separate_test_bond_features_path': None,
 'separate_test_features_path': None,
 'separate_test_path': '../../../data/splits/lambda_max_abs/deep4chem/group_by_smiles/smiles_target_test.csv',
 'separate_val_atom_descriptors_path': None,
 'separate_val_bond_features_path': None,
 'separate_val_features_path': None,
 'separate_val_path': '../../../data/splits/lambda_max_abs/deep4chem/group_by_smiles/smiles_target_val.csv',
 'show_individual_scores': False,
 'smiles_columns': ['smiles', 'solvent'],
 'split_sizes': (0.8, 0.1, 0.1),
 'split_type': 'random',
 'target_columns': None,
 'target_weights': None,
 'task_names': ['peakwavs_max'],
 'test': False,
 'test_fold_index': None,
 'train_data_size': None,
 'undirected': False,
 'use_input_features': False,
 'val_fold_index': None,
 'warmup_epochs': 6}
Loading data
Number of tasks = 1
Fold 0
Splitting data with seed 0
Total size = 13,242 | train size = 13,242 | val size = 1,633 | test size = 1,710
Fitting scaler
Building model 0
MoleculeModel(
  (encoder): MPN(
    (encoder): ModuleList(
      (0): MPNEncoder(
        (dropout_layer): Dropout(p=0.4, inplace=False)
        (act_func): ReLU()
        (W_i): Linear(in_features=147, out_features=1993, bias=False)
        (W_h): Linear(in_features=1993, out_features=1993, bias=False)
        (W_o): Linear(in_features=2126, out_features=1993, bias=True)
      )
      (1): MPNEncoder(
        (dropout_layer): Dropout(p=0.4, inplace=False)
        (act_func): ReLU()
        (W_i): Linear(in_features=147, out_features=1993, bias=False)
        (W_h): Linear(in_features=1993, out_features=1993, bias=False)
        (W_o): Linear(in_features=2126, out_features=1993, bias=True)
      )
    )
  )
  (ffn): Sequential(
    (0): Dropout(p=0.4, inplace=False)
    (1): Linear(in_features=3986, out_features=2175, bias=True)
    (2): ReLU()
    (3): Dropout(p=0.4, inplace=False)
    (4): Linear(in_features=2175, out_features=2175, bias=True)
    (5): ReLU()
    (6): Dropout(p=0.4, inplace=False)
    (7): Linear(in_features=2175, out_features=1, bias=True)
  )
)
Number of parameters = 30,418,949
Moving model to cuda
Epoch 0
Loss = 1.3092e+00, PNorm = 116.7969, GNorm = 8.2379, lr_0 = 2.0844e-05
Loss = 1.0214e+00, PNorm = 116.7973, GNorm = 7.8513, lr_0 = 2.6817e-05
Loss = 9.4978e-01, PNorm = 116.7979, GNorm = 8.8206, lr_0 = 3.2790e-05
Loss = 9.7740e-01, PNorm = 116.7987, GNorm = 7.4992, lr_0 = 3.8763e-05
Loss = 1.2622e+00, PNorm = 116.8002, GNorm = 6.3513, lr_0 = 4.4736e-05
Loss = 9.5548e-01, PNorm = 116.8024, GNorm = 4.4727, lr_0 = 5.0709e-05
Loss = 9.7096e-01, PNorm = 116.8054, GNorm = 4.2919, lr_0 = 5.6682e-05
Loss = 7.7536e-01, PNorm = 116.8090, GNorm = 6.9985, lr_0 = 6.2655e-05
Loss = 9.2869e-01, PNorm = 116.8134, GNorm = 8.7479, lr_0 = 6.8629e-05
Loss = 8.8906e-01, PNorm = 116.8188, GNorm = 8.7511, lr_0 = 7.4602e-05
Loss = 9.2395e-01, PNorm = 116.8250, GNorm = 5.3565, lr_0 = 8.0575e-05
Loss = 9.0475e-01, PNorm = 116.8335, GNorm = 5.9488, lr_0 = 8.6548e-05
Loss = 8.6523e-01, PNorm = 116.8430, GNorm = 5.9753, lr_0 = 9.2521e-05
Loss = 8.0369e-01, PNorm = 116.8537, GNorm = 6.1716, lr_0 = 9.8494e-05
Loss = 8.1670e-01, PNorm = 116.8642, GNorm = 4.3062, lr_0 = 1.0447e-04
Loss = 8.4512e-01, PNorm = 116.8768, GNorm = 5.4943, lr_0 = 1.1044e-04
Loss = 8.9680e-01, PNorm = 116.8879, GNorm = 6.5094, lr_0 = 1.1641e-04
Loss = 7.7164e-01, PNorm = 116.9014, GNorm = 7.1990, lr_0 = 1.2239e-04
Loss = 7.5454e-01, PNorm = 116.9155, GNorm = 6.9907, lr_0 = 1.2836e-04
Loss = 6.7488e-01, PNorm = 116.9293, GNorm = 5.9180, lr_0 = 1.3433e-04
Loss = 6.1802e-01, PNorm = 116.9425, GNorm = 2.3667, lr_0 = 1.4031e-04
Validation rmse = 82.287000
Epoch 1
Loss = 7.5376e-01, PNorm = 116.9609, GNorm = 4.1434, lr_0 = 1.4688e-04
Loss = 6.1549e-01, PNorm = 116.9791, GNorm = 4.7683, lr_0 = 1.5285e-04
Loss = 7.9598e-01, PNorm = 116.9973, GNorm = 2.6760, lr_0 = 1.5882e-04
Loss = 6.4206e-01, PNorm = 117.0181, GNorm = 8.8840, lr_0 = 1.6480e-04
Loss = 5.5988e-01, PNorm = 117.0350, GNorm = 5.0661, lr_0 = 1.7077e-04
Loss = 6.3841e-01, PNorm = 117.0528, GNorm = 8.3274, lr_0 = 1.7674e-04
Loss = 5.0477e-01, PNorm = 117.0720, GNorm = 3.3091, lr_0 = 1.8271e-04
Loss = 5.1318e-01, PNorm = 117.0919, GNorm = 7.3997, lr_0 = 1.8869e-04
Loss = 5.6323e-01, PNorm = 117.1148, GNorm = 4.1360, lr_0 = 1.9466e-04
Loss = 4.5605e-01, PNorm = 117.1365, GNorm = 3.0185, lr_0 = 2.0063e-04
Loss = 5.0461e-01, PNorm = 117.1569, GNorm = 3.2576, lr_0 = 2.0661e-04
Loss = 4.7971e-01, PNorm = 117.1791, GNorm = 6.2114, lr_0 = 2.1258e-04
Loss = 6.9766e-01, PNorm = 117.2026, GNorm = 2.1061, lr_0 = 2.1855e-04
Loss = 6.1457e-01, PNorm = 117.2342, GNorm = 4.2776, lr_0 = 2.2453e-04
Loss = 5.3555e-01, PNorm = 117.2639, GNorm = 1.7761, lr_0 = 2.3050e-04
Loss = 4.5498e-01, PNorm = 117.2922, GNorm = 3.4565, lr_0 = 2.3647e-04
Loss = 4.9470e-01, PNorm = 117.3208, GNorm = 4.7510, lr_0 = 2.4245e-04
Loss = 4.2049e-01, PNorm = 117.3509, GNorm = 7.9200, lr_0 = 2.4842e-04
Loss = 4.7278e-01, PNorm = 117.3815, GNorm = 4.2124, lr_0 = 2.5439e-04
Loss = 4.8306e-01, PNorm = 117.4181, GNorm = 2.2101, lr_0 = 2.6037e-04
Loss = 3.9945e-01, PNorm = 117.4515, GNorm = 12.8152, lr_0 = 2.6634e-04
Validation rmse = 77.953427
Epoch 2
Loss = 3.8688e-01, PNorm = 117.4871, GNorm = 1.5736, lr_0 = 2.7231e-04
Loss = 3.7509e-01, PNorm = 117.5182, GNorm = 1.6867, lr_0 = 2.7828e-04
Loss = 3.6871e-01, PNorm = 117.5515, GNorm = 2.8118, lr_0 = 2.8426e-04
Loss = 3.9991e-01, PNorm = 117.5802, GNorm = 3.7485, lr_0 = 2.9023e-04
Loss = 4.1399e-01, PNorm = 117.6147, GNorm = 3.5335, lr_0 = 2.9620e-04
Loss = 3.4831e-01, PNorm = 117.6459, GNorm = 2.0103, lr_0 = 3.0218e-04
Loss = 4.6284e-01, PNorm = 117.6794, GNorm = 1.4016, lr_0 = 3.0815e-04
Loss = 4.5046e-01, PNorm = 117.7165, GNorm = 4.6284, lr_0 = 3.1412e-04
Loss = 4.1612e-01, PNorm = 117.7543, GNorm = 1.8103, lr_0 = 3.2010e-04
Loss = 3.8869e-01, PNorm = 117.7952, GNorm = 1.2561, lr_0 = 3.2607e-04
Loss = 4.0208e-01, PNorm = 117.8373, GNorm = 1.2388, lr_0 = 3.3204e-04
Loss = 3.5734e-01, PNorm = 117.8787, GNorm = 4.1848, lr_0 = 3.3802e-04
Loss = 4.1305e-01, PNorm = 117.9195, GNorm = 3.1008, lr_0 = 3.4399e-04
Loss = 3.7857e-01, PNorm = 117.9605, GNorm = 2.4214, lr_0 = 3.4996e-04
Loss = 3.7143e-01, PNorm = 117.9959, GNorm = 2.0635, lr_0 = 3.5593e-04
Loss = 4.2073e-01, PNorm = 118.0343, GNorm = 5.8112, lr_0 = 3.6191e-04
Loss = 3.3459e-01, PNorm = 118.0699, GNorm = 2.2625, lr_0 = 3.6788e-04
Loss = 4.2723e-01, PNorm = 118.1158, GNorm = 1.7964, lr_0 = 3.7385e-04
Loss = 3.6188e-01, PNorm = 118.1527, GNorm = 3.6328, lr_0 = 3.7983e-04
Loss = 3.3976e-01, PNorm = 118.1908, GNorm = 3.0928, lr_0 = 3.8580e-04
Loss = 3.1709e-01, PNorm = 118.2267, GNorm = 1.1607, lr_0 = 3.9177e-04
Loss = 3.2117e-01, PNorm = 118.2635, GNorm = 3.2620, lr_0 = 3.9775e-04
Loss = 3.7440e-01, PNorm = 118.2676, GNorm = 3.2593, lr_0 = 3.9834e-04
Validation rmse = 63.953860
Epoch 3
Loss = 2.9952e-01, PNorm = 118.2993, GNorm = 1.3512, lr_0 = 4.0432e-04
Loss = 2.9045e-01, PNorm = 118.3377, GNorm = 0.8722, lr_0 = 4.1029e-04
Loss = 2.9131e-01, PNorm = 118.3746, GNorm = 1.6012, lr_0 = 4.1626e-04
Loss = 3.5285e-01, PNorm = 118.4157, GNorm = 2.9923, lr_0 = 4.2224e-04
Loss = 3.3124e-01, PNorm = 118.4595, GNorm = 3.9890, lr_0 = 4.2821e-04
Loss = 3.9912e-01, PNorm = 118.4965, GNorm = 3.2294, lr_0 = 4.3418e-04
Loss = 3.2157e-01, PNorm = 118.5352, GNorm = 2.2983, lr_0 = 4.4016e-04
Loss = 3.1629e-01, PNorm = 118.5747, GNorm = 2.0914, lr_0 = 4.4613e-04
Loss = 3.9211e-01, PNorm = 118.6232, GNorm = 2.0660, lr_0 = 4.5210e-04
Loss = 3.1170e-01, PNorm = 118.6787, GNorm = 5.0897, lr_0 = 4.5807e-04
Loss = 3.4719e-01, PNorm = 118.7293, GNorm = 3.7107, lr_0 = 4.6405e-04
Loss = 2.9076e-01, PNorm = 118.7761, GNorm = 3.4991, lr_0 = 4.7002e-04
Loss = 2.4567e-01, PNorm = 118.8163, GNorm = 1.4882, lr_0 = 4.7599e-04
Loss = 3.3794e-01, PNorm = 118.8728, GNorm = 3.0189, lr_0 = 4.8197e-04
Loss = 3.5840e-01, PNorm = 118.9192, GNorm = 1.5817, lr_0 = 4.8794e-04
Loss = 2.9085e-01, PNorm = 118.9640, GNorm = 3.4553, lr_0 = 4.9391e-04
Loss = 2.9712e-01, PNorm = 119.0163, GNorm = 0.8872, lr_0 = 4.9989e-04
Loss = 2.8799e-01, PNorm = 119.0693, GNorm = 2.0739, lr_0 = 5.0586e-04
Loss = 2.9984e-01, PNorm = 119.1192, GNorm = 1.2973, lr_0 = 5.1183e-04
Loss = 2.7575e-01, PNorm = 119.1770, GNorm = 1.1980, lr_0 = 5.1781e-04
Loss = 3.0215e-01, PNorm = 119.2292, GNorm = 2.9012, lr_0 = 5.2378e-04
Validation rmse = 56.550913
Epoch 4
Loss = 2.5674e-01, PNorm = 119.2843, GNorm = 1.2547, lr_0 = 5.2975e-04
Loss = 2.8827e-01, PNorm = 119.3406, GNorm = 2.0071, lr_0 = 5.3572e-04
Loss = 2.4719e-01, PNorm = 119.3975, GNorm = 1.8213, lr_0 = 5.4170e-04
Loss = 2.3918e-01, PNorm = 119.4535, GNorm = 1.3434, lr_0 = 5.4767e-04
Loss = 2.5767e-01, PNorm = 119.5034, GNorm = 4.4289, lr_0 = 5.5364e-04
Loss = 2.7456e-01, PNorm = 119.5589, GNorm = 2.6758, lr_0 = 5.5962e-04
Loss = 3.4709e-01, PNorm = 119.6201, GNorm = 2.8408, lr_0 = 5.6559e-04
Loss = 3.1741e-01, PNorm = 119.6947, GNorm = 3.8577, lr_0 = 5.7156e-04
Loss = 2.6304e-01, PNorm = 119.7518, GNorm = 1.2425, lr_0 = 5.7754e-04
Loss = 2.4673e-01, PNorm = 119.8059, GNorm = 3.8375, lr_0 = 5.8351e-04
Loss = 2.2648e-01, PNorm = 119.8568, GNorm = 3.6239, lr_0 = 5.8948e-04
Loss = 2.1291e-01, PNorm = 119.9138, GNorm = 1.1282, lr_0 = 5.9546e-04
Loss = 2.9195e-01, PNorm = 119.9730, GNorm = 2.2782, lr_0 = 6.0143e-04
Loss = 2.9997e-01, PNorm = 120.0465, GNorm = 2.1038, lr_0 = 6.0740e-04
Loss = 2.4158e-01, PNorm = 120.1115, GNorm = 1.7319, lr_0 = 6.1338e-04
Loss = 2.4433e-01, PNorm = 120.1869, GNorm = 2.0717, lr_0 = 6.1935e-04
Loss = 1.8713e-01, PNorm = 120.2683, GNorm = 2.4995, lr_0 = 6.2532e-04
Loss = 2.1050e-01, PNorm = 120.3414, GNorm = 1.4139, lr_0 = 6.3129e-04
Loss = 1.9471e-01, PNorm = 120.4118, GNorm = 0.9420, lr_0 = 6.3727e-04
Loss = 2.4372e-01, PNorm = 120.4911, GNorm = 0.8863, lr_0 = 6.4324e-04
Loss = 2.6610e-01, PNorm = 120.5670, GNorm = 2.1791, lr_0 = 6.4921e-04
Validation rmse = 49.860923
Epoch 5
Loss = 2.2299e-01, PNorm = 120.6772, GNorm = 2.8967, lr_0 = 6.5578e-04
Loss = 1.7866e-01, PNorm = 120.7816, GNorm = 2.5775, lr_0 = 6.6176e-04
Loss = 1.8818e-01, PNorm = 120.8567, GNorm = 1.8777, lr_0 = 6.6773e-04
Loss = 2.1747e-01, PNorm = 120.9344, GNorm = 2.1323, lr_0 = 6.7370e-04
Loss = 2.3681e-01, PNorm = 121.0214, GNorm = 3.0203, lr_0 = 6.7968e-04
Loss = 1.8964e-01, PNorm = 121.1075, GNorm = 2.7374, lr_0 = 6.8565e-04
Loss = 2.2694e-01, PNorm = 121.2005, GNorm = 1.3928, lr_0 = 6.9162e-04
Loss = 2.6054e-01, PNorm = 121.2954, GNorm = 1.9281, lr_0 = 6.9760e-04
Loss = 2.2148e-01, PNorm = 121.3963, GNorm = 1.0521, lr_0 = 7.0357e-04
Loss = 2.4274e-01, PNorm = 121.5006, GNorm = 2.2081, lr_0 = 7.0954e-04
Loss = 2.4833e-01, PNorm = 121.5966, GNorm = 4.0752, lr_0 = 7.1552e-04
Loss = 2.2852e-01, PNorm = 121.7063, GNorm = 1.5717, lr_0 = 7.2149e-04
Loss = 2.1146e-01, PNorm = 121.7989, GNorm = 1.3644, lr_0 = 7.2746e-04
Loss = 2.3072e-01, PNorm = 121.8969, GNorm = 4.8936, lr_0 = 7.3343e-04
Loss = 2.8806e-01, PNorm = 122.0019, GNorm = 2.9172, lr_0 = 7.3941e-04
Loss = 2.6715e-01, PNorm = 122.1202, GNorm = 3.4913, lr_0 = 7.4538e-04
Loss = 2.2380e-01, PNorm = 122.2261, GNorm = 0.9469, lr_0 = 7.5135e-04
Loss = 2.7374e-01, PNorm = 122.3277, GNorm = 2.3340, lr_0 = 7.5733e-04
Loss = 1.9514e-01, PNorm = 122.4261, GNorm = 0.8618, lr_0 = 7.6330e-04
Loss = 1.8463e-01, PNorm = 122.5186, GNorm = 1.1289, lr_0 = 7.6927e-04
Loss = 1.6238e-01, PNorm = 122.6033, GNorm = 0.9751, lr_0 = 7.7525e-04
Loss = 2.1739e-01, PNorm = 122.6821, GNorm = 2.4186, lr_0 = 7.7666e-04
Validation rmse = 54.781694
Epoch 6
Loss = 2.5614e-01, PNorm = 122.7833, GNorm = 2.3076, lr_0 = 7.7503e-04
Loss = 1.7135e-01, PNorm = 122.8909, GNorm = 0.9302, lr_0 = 7.7341e-04
Loss = 1.6461e-01, PNorm = 122.9777, GNorm = 1.2757, lr_0 = 7.7179e-04
Loss = 1.7594e-01, PNorm = 123.0448, GNorm = 0.9588, lr_0 = 7.7017e-04
Loss = 2.0963e-01, PNorm = 123.1204, GNorm = 0.9646, lr_0 = 7.6856e-04
Loss = 2.1268e-01, PNorm = 123.2009, GNorm = 1.6622, lr_0 = 7.6695e-04
Loss = 1.8303e-01, PNorm = 123.2856, GNorm = 0.8550, lr_0 = 7.6534e-04
Loss = 1.7037e-01, PNorm = 123.3643, GNorm = 1.7978, lr_0 = 7.6373e-04
Loss = 1.8281e-01, PNorm = 123.4559, GNorm = 2.0885, lr_0 = 7.6213e-04
Loss = 1.6988e-01, PNorm = 123.5334, GNorm = 2.4275, lr_0 = 7.6054e-04
Loss = 2.0309e-01, PNorm = 123.6122, GNorm = 2.9818, lr_0 = 7.5894e-04
Loss = 2.0807e-01, PNorm = 123.7022, GNorm = 3.7354, lr_0 = 7.5735e-04
Loss = 2.0182e-01, PNorm = 123.8229, GNorm = 0.9735, lr_0 = 7.5577e-04
Loss = 1.7506e-01, PNorm = 123.9312, GNorm = 1.7829, lr_0 = 7.5418e-04
Loss = 1.8078e-01, PNorm = 124.0320, GNorm = 1.4095, lr_0 = 7.5260e-04
Loss = 1.6729e-01, PNorm = 124.1221, GNorm = 1.3301, lr_0 = 7.5103e-04
Loss = 1.8776e-01, PNorm = 124.2086, GNorm = 1.7798, lr_0 = 7.4945e-04
Loss = 1.5641e-01, PNorm = 124.2959, GNorm = 1.8103, lr_0 = 7.4788e-04
Loss = 1.7120e-01, PNorm = 124.3771, GNorm = 0.9404, lr_0 = 7.4632e-04
Loss = 1.9662e-01, PNorm = 124.4516, GNorm = 1.5150, lr_0 = 7.4475e-04
Loss = 1.9729e-01, PNorm = 124.5475, GNorm = 1.3350, lr_0 = 7.4319e-04
Validation rmse = 46.397350
Epoch 7
Loss = 1.8402e-01, PNorm = 124.6504, GNorm = 0.9858, lr_0 = 7.4164e-04
Loss = 1.7381e-01, PNorm = 124.7413, GNorm = 2.4642, lr_0 = 7.4008e-04
Loss = 1.6382e-01, PNorm = 124.8265, GNorm = 2.0993, lr_0 = 7.3853e-04
Loss = 1.8953e-01, PNorm = 124.8968, GNorm = 0.8819, lr_0 = 7.3698e-04
Loss = 1.4422e-01, PNorm = 124.9666, GNorm = 1.3895, lr_0 = 7.3544e-04
Loss = 1.4329e-01, PNorm = 125.0301, GNorm = 0.8709, lr_0 = 7.3390e-04
Loss = 1.5931e-01, PNorm = 125.0924, GNorm = 1.1999, lr_0 = 7.3236e-04
Loss = 1.5634e-01, PNorm = 125.1610, GNorm = 0.8351, lr_0 = 7.3083e-04
Loss = 1.6794e-01, PNorm = 125.2395, GNorm = 1.7341, lr_0 = 7.2930e-04
Loss = 1.4539e-01, PNorm = 125.3127, GNorm = 1.5170, lr_0 = 7.2777e-04
Loss = 1.4724e-01, PNorm = 125.3801, GNorm = 1.1114, lr_0 = 7.2624e-04
Loss = 1.5327e-01, PNorm = 125.4507, GNorm = 1.5631, lr_0 = 7.2472e-04
Loss = 1.6815e-01, PNorm = 125.5316, GNorm = 1.4042, lr_0 = 7.2320e-04
Loss = 1.5536e-01, PNorm = 125.6140, GNorm = 1.7001, lr_0 = 7.2169e-04
Loss = 1.4389e-01, PNorm = 125.6856, GNorm = 1.5556, lr_0 = 7.2018e-04
Loss = 1.7732e-01, PNorm = 125.7563, GNorm = 1.7426, lr_0 = 7.1867e-04
Loss = 1.4416e-01, PNorm = 125.8279, GNorm = 1.1644, lr_0 = 7.1716e-04
Loss = 1.2684e-01, PNorm = 125.8881, GNorm = 0.6906, lr_0 = 7.1566e-04
Loss = 1.5276e-01, PNorm = 125.9468, GNorm = 0.9548, lr_0 = 7.1416e-04
Loss = 1.7303e-01, PNorm = 126.0092, GNorm = 3.0230, lr_0 = 7.1266e-04
Loss = 1.4148e-01, PNorm = 126.0889, GNorm = 0.9067, lr_0 = 7.1117e-04
Validation rmse = 42.647576
Epoch 8
Loss = 8.6070e-02, PNorm = 126.1700, GNorm = 0.9873, lr_0 = 7.0953e-04
Loss = 1.3588e-01, PNorm = 126.2359, GNorm = 0.9543, lr_0 = 7.0804e-04
Loss = 1.3787e-01, PNorm = 126.2932, GNorm = 0.8414, lr_0 = 7.0656e-04
Loss = 1.5255e-01, PNorm = 126.3424, GNorm = 2.6114, lr_0 = 7.0508e-04
Loss = 1.5159e-01, PNorm = 126.4099, GNorm = 1.1018, lr_0 = 7.0360e-04
Loss = 1.5310e-01, PNorm = 126.4850, GNorm = 2.4918, lr_0 = 7.0213e-04
Loss = 1.3264e-01, PNorm = 126.5498, GNorm = 1.4920, lr_0 = 7.0066e-04
Loss = 1.4676e-01, PNorm = 126.6088, GNorm = 1.7073, lr_0 = 6.9919e-04
Loss = 1.2815e-01, PNorm = 126.6855, GNorm = 1.6071, lr_0 = 6.9773e-04
Loss = 1.4349e-01, PNorm = 126.7535, GNorm = 1.8431, lr_0 = 6.9626e-04
Loss = 1.9135e-01, PNorm = 126.8191, GNorm = 1.1583, lr_0 = 6.9480e-04
Loss = 1.5311e-01, PNorm = 126.8912, GNorm = 0.8051, lr_0 = 6.9335e-04
Loss = 1.5600e-01, PNorm = 126.9644, GNorm = 1.9532, lr_0 = 6.9190e-04
Loss = 1.5135e-01, PNorm = 127.0377, GNorm = 1.6760, lr_0 = 6.9045e-04
Loss = 1.2956e-01, PNorm = 127.0966, GNorm = 1.1492, lr_0 = 6.8900e-04
Loss = 1.3555e-01, PNorm = 127.1523, GNorm = 1.1695, lr_0 = 6.8756e-04
Loss = 1.2322e-01, PNorm = 127.2012, GNorm = 0.8449, lr_0 = 6.8612e-04
Loss = 1.4270e-01, PNorm = 127.2574, GNorm = 2.1675, lr_0 = 6.8468e-04
Loss = 1.4367e-01, PNorm = 127.3124, GNorm = 0.6612, lr_0 = 6.8324e-04
Loss = 1.0974e-01, PNorm = 127.3748, GNorm = 0.6521, lr_0 = 6.8181e-04
Loss = 1.5060e-01, PNorm = 127.4434, GNorm = 3.0854, lr_0 = 6.8038e-04
Loss = 1.2855e-01, PNorm = 127.5060, GNorm = 1.8918, lr_0 = 6.7896e-04
Validation rmse = 41.373404
Epoch 9
Loss = 1.2729e-01, PNorm = 127.5711, GNorm = 0.7595, lr_0 = 6.7754e-04
Loss = 1.2675e-01, PNorm = 127.6371, GNorm = 0.6891, lr_0 = 6.7612e-04
Loss = 1.3827e-01, PNorm = 127.6972, GNorm = 1.3202, lr_0 = 6.7470e-04
Loss = 1.1973e-01, PNorm = 127.7592, GNorm = 0.8243, lr_0 = 6.7329e-04
Loss = 1.3352e-01, PNorm = 127.8198, GNorm = 0.9424, lr_0 = 6.7188e-04
Loss = 1.0577e-01, PNorm = 127.8703, GNorm = 0.9736, lr_0 = 6.7047e-04
Loss = 1.2418e-01, PNorm = 127.9200, GNorm = 1.6338, lr_0 = 6.6906e-04
Loss = 1.1108e-01, PNorm = 127.9698, GNorm = 0.7874, lr_0 = 6.6766e-04
Loss = 1.3148e-01, PNorm = 128.0289, GNorm = 2.2714, lr_0 = 6.6626e-04
Loss = 1.2424e-01, PNorm = 128.0894, GNorm = 1.7888, lr_0 = 6.6487e-04
Loss = 1.1713e-01, PNorm = 128.1466, GNorm = 1.3786, lr_0 = 6.6347e-04
Loss = 1.3523e-01, PNorm = 128.2031, GNorm = 0.8706, lr_0 = 6.6208e-04
Loss = 1.0916e-01, PNorm = 128.2651, GNorm = 0.6210, lr_0 = 6.6070e-04
Loss = 1.1625e-01, PNorm = 128.3228, GNorm = 1.0027, lr_0 = 6.5931e-04
Loss = 1.0898e-01, PNorm = 128.3729, GNorm = 0.8298, lr_0 = 6.5793e-04
Loss = 1.1801e-01, PNorm = 128.4273, GNorm = 0.8217, lr_0 = 6.5655e-04
Loss = 1.0960e-01, PNorm = 128.4849, GNorm = 0.8491, lr_0 = 6.5518e-04
Loss = 1.3819e-01, PNorm = 128.5462, GNorm = 1.4767, lr_0 = 6.5380e-04
Loss = 1.2497e-01, PNorm = 128.6161, GNorm = 0.7371, lr_0 = 6.5243e-04
Loss = 1.3635e-01, PNorm = 128.6846, GNorm = 0.8346, lr_0 = 6.5107e-04
Loss = 1.0945e-01, PNorm = 128.7554, GNorm = 0.8623, lr_0 = 6.4970e-04
Validation rmse = 39.304056
Epoch 10
Loss = 1.0992e-01, PNorm = 128.8221, GNorm = 2.4821, lr_0 = 6.4821e-04
Loss = 1.1343e-01, PNorm = 128.8840, GNorm = 1.0845, lr_0 = 6.4685e-04
Loss = 1.1002e-01, PNorm = 128.9447, GNorm = 0.9662, lr_0 = 6.4549e-04
Loss = 1.0644e-01, PNorm = 129.0069, GNorm = 1.4624, lr_0 = 6.4414e-04
Loss = 9.2749e-02, PNorm = 129.0593, GNorm = 0.9536, lr_0 = 6.4279e-04
Loss = 1.1496e-01, PNorm = 129.1085, GNorm = 0.9898, lr_0 = 6.4144e-04
Loss = 1.0249e-01, PNorm = 129.1608, GNorm = 0.8366, lr_0 = 6.4010e-04
Loss = 1.2724e-01, PNorm = 129.2045, GNorm = 1.2623, lr_0 = 6.3876e-04
Loss = 1.0646e-01, PNorm = 129.2536, GNorm = 1.1122, lr_0 = 6.3742e-04
Loss = 1.1454e-01, PNorm = 129.3009, GNorm = 0.8373, lr_0 = 6.3609e-04
Loss = 1.1292e-01, PNorm = 129.3509, GNorm = 1.6286, lr_0 = 6.3475e-04
Loss = 1.2079e-01, PNorm = 129.4141, GNorm = 0.9645, lr_0 = 6.3342e-04
Loss = 1.0956e-01, PNorm = 129.4687, GNorm = 0.6754, lr_0 = 6.3210e-04
Loss = 1.2311e-01, PNorm = 129.5234, GNorm = 0.6994, lr_0 = 6.3077e-04
Loss = 1.3164e-01, PNorm = 129.5853, GNorm = 1.4479, lr_0 = 6.2945e-04
Loss = 1.2273e-01, PNorm = 129.6415, GNorm = 0.9680, lr_0 = 6.2813e-04
Loss = 1.2955e-01, PNorm = 129.6927, GNorm = 1.1469, lr_0 = 6.2682e-04
Loss = 1.1098e-01, PNorm = 129.7512, GNorm = 2.0813, lr_0 = 6.2550e-04
Loss = 1.1894e-01, PNorm = 129.8161, GNorm = 1.2195, lr_0 = 6.2419e-04
Loss = 1.0665e-01, PNorm = 129.8713, GNorm = 0.6558, lr_0 = 6.2288e-04
Loss = 1.0614e-01, PNorm = 129.9238, GNorm = 0.7060, lr_0 = 6.2158e-04
Validation rmse = 37.494435
Epoch 11
Loss = 1.6513e-01, PNorm = 129.9773, GNorm = 1.3412, lr_0 = 6.2028e-04
Loss = 8.6626e-02, PNorm = 130.0265, GNorm = 0.4841, lr_0 = 6.1898e-04
Loss = 9.5174e-02, PNorm = 130.0742, GNorm = 0.5885, lr_0 = 6.1768e-04
Loss = 9.8733e-02, PNorm = 130.1255, GNorm = 0.8833, lr_0 = 6.1639e-04
Loss = 9.6931e-02, PNorm = 130.1715, GNorm = 0.9410, lr_0 = 6.1509e-04
Loss = 9.5037e-02, PNorm = 130.2182, GNorm = 0.9454, lr_0 = 6.1381e-04
Loss = 1.1002e-01, PNorm = 130.2740, GNorm = 0.8886, lr_0 = 6.1252e-04
Loss = 1.0334e-01, PNorm = 130.3321, GNorm = 1.0356, lr_0 = 6.1124e-04
Loss = 9.3659e-02, PNorm = 130.3774, GNorm = 0.9307, lr_0 = 6.0996e-04
Loss = 1.0799e-01, PNorm = 130.4260, GNorm = 2.7526, lr_0 = 6.0868e-04
Loss = 1.0323e-01, PNorm = 130.4729, GNorm = 0.8356, lr_0 = 6.0740e-04
Loss = 1.1327e-01, PNorm = 130.5339, GNorm = 0.7246, lr_0 = 6.0613e-04
Loss = 9.8650e-02, PNorm = 130.5914, GNorm = 0.6953, lr_0 = 6.0486e-04
Loss = 8.8681e-02, PNorm = 130.6392, GNorm = 0.7882, lr_0 = 6.0359e-04
Loss = 1.0119e-01, PNorm = 130.6880, GNorm = 1.4839, lr_0 = 6.0233e-04
Loss = 9.8728e-02, PNorm = 130.7376, GNorm = 1.0902, lr_0 = 6.0107e-04
Loss = 1.0327e-01, PNorm = 130.7836, GNorm = 0.5661, lr_0 = 5.9981e-04
Loss = 9.2883e-02, PNorm = 130.8297, GNorm = 0.8899, lr_0 = 5.9855e-04
Loss = 8.9122e-02, PNorm = 130.8864, GNorm = 0.9644, lr_0 = 5.9730e-04
Loss = 1.0205e-01, PNorm = 130.9296, GNorm = 0.8235, lr_0 = 5.9604e-04
Loss = 1.1593e-01, PNorm = 130.9782, GNorm = 1.4207, lr_0 = 5.9480e-04
Loss = 1.0773e-01, PNorm = 131.0335, GNorm = 1.2729, lr_0 = 5.9355e-04
Validation rmse = 35.636422
Epoch 12
Loss = 1.0018e-01, PNorm = 131.0814, GNorm = 1.4839, lr_0 = 5.9218e-04
Loss = 8.0988e-02, PNorm = 131.1248, GNorm = 0.5968, lr_0 = 5.9094e-04
Loss = 1.1158e-01, PNorm = 131.1725, GNorm = 0.9985, lr_0 = 5.8970e-04
Loss = 8.3501e-02, PNorm = 131.2196, GNorm = 0.7305, lr_0 = 5.8847e-04
Loss = 1.0845e-01, PNorm = 131.2742, GNorm = 1.0851, lr_0 = 5.8723e-04
Loss = 1.0627e-01, PNorm = 131.3230, GNorm = 0.8833, lr_0 = 5.8600e-04
Loss = 8.6518e-02, PNorm = 131.3711, GNorm = 0.9441, lr_0 = 5.8478e-04
Loss = 9.5213e-02, PNorm = 131.4236, GNorm = 1.0294, lr_0 = 5.8355e-04
Loss = 9.2278e-02, PNorm = 131.4705, GNorm = 0.7182, lr_0 = 5.8233e-04
Loss = 9.8899e-02, PNorm = 131.5210, GNorm = 0.7725, lr_0 = 5.8111e-04
Loss = 8.2330e-02, PNorm = 131.5637, GNorm = 0.6323, lr_0 = 5.7989e-04
Loss = 8.1494e-02, PNorm = 131.6078, GNorm = 0.9659, lr_0 = 5.7868e-04
Loss = 9.1428e-02, PNorm = 131.6512, GNorm = 0.8460, lr_0 = 5.7746e-04
Loss = 8.2012e-02, PNorm = 131.6907, GNorm = 1.1441, lr_0 = 5.7625e-04
Loss = 8.8680e-02, PNorm = 131.7363, GNorm = 0.5991, lr_0 = 5.7505e-04
Loss = 9.7164e-02, PNorm = 131.7863, GNorm = 0.9392, lr_0 = 5.7384e-04
Loss = 9.9174e-02, PNorm = 131.8373, GNorm = 0.6166, lr_0 = 5.7264e-04
Loss = 1.0331e-01, PNorm = 131.8830, GNorm = 1.0826, lr_0 = 5.7144e-04
Loss = 7.4139e-02, PNorm = 131.9321, GNorm = 0.7408, lr_0 = 5.7024e-04
Loss = 8.4793e-02, PNorm = 131.9802, GNorm = 0.8011, lr_0 = 5.6905e-04
Loss = 1.0818e-01, PNorm = 132.0237, GNorm = 1.1416, lr_0 = 5.6786e-04
Validation rmse = 37.180862
Epoch 13
Loss = 9.1525e-02, PNorm = 132.0710, GNorm = 1.0114, lr_0 = 5.6667e-04
Loss = 9.8858e-02, PNorm = 132.1183, GNorm = 1.1600, lr_0 = 5.6548e-04
Loss = 8.3696e-02, PNorm = 132.1645, GNorm = 0.4743, lr_0 = 5.6429e-04
Loss = 8.3573e-02, PNorm = 132.2075, GNorm = 0.9060, lr_0 = 5.6311e-04
Loss = 8.0770e-02, PNorm = 132.2504, GNorm = 0.5679, lr_0 = 5.6193e-04
Loss = 8.6641e-02, PNorm = 132.2885, GNorm = 0.5436, lr_0 = 5.6075e-04
Loss = 7.4156e-02, PNorm = 132.3296, GNorm = 0.6405, lr_0 = 5.5958e-04
Loss = 9.4799e-02, PNorm = 132.3725, GNorm = 0.6063, lr_0 = 5.5841e-04
Loss = 9.0509e-02, PNorm = 132.4138, GNorm = 1.3325, lr_0 = 5.5724e-04
Loss = 8.0051e-02, PNorm = 132.4587, GNorm = 1.3898, lr_0 = 5.5607e-04
Loss = 9.5222e-02, PNorm = 132.4993, GNorm = 1.1874, lr_0 = 5.5490e-04
Loss = 9.4977e-02, PNorm = 132.5502, GNorm = 0.6570, lr_0 = 5.5374e-04
Loss = 9.7224e-02, PNorm = 132.5940, GNorm = 1.1585, lr_0 = 5.5258e-04
Loss = 8.9132e-02, PNorm = 132.6392, GNorm = 1.9916, lr_0 = 5.5142e-04
Loss = 9.4537e-02, PNorm = 132.6872, GNorm = 1.5581, lr_0 = 5.5027e-04
Loss = 8.4210e-02, PNorm = 132.7314, GNorm = 0.8078, lr_0 = 5.4912e-04
Loss = 8.1428e-02, PNorm = 132.7769, GNorm = 0.5528, lr_0 = 5.4797e-04
Loss = 8.2130e-02, PNorm = 132.8203, GNorm = 1.0964, lr_0 = 5.4682e-04
Loss = 8.6915e-02, PNorm = 132.8669, GNorm = 0.6948, lr_0 = 5.4567e-04
Loss = 8.1997e-02, PNorm = 132.9101, GNorm = 0.9458, lr_0 = 5.4453e-04
Loss = 9.1849e-02, PNorm = 132.9458, GNorm = 0.5207, lr_0 = 5.4339e-04
Loss = 8.0703e-02, PNorm = 132.9889, GNorm = 1.0998, lr_0 = 5.4225e-04
Validation rmse = 36.353222
Epoch 14
Loss = 7.3630e-02, PNorm = 133.0309, GNorm = 0.7705, lr_0 = 5.4111e-04
Loss = 8.2010e-02, PNorm = 133.0746, GNorm = 0.6655, lr_0 = 5.3998e-04
Loss = 8.2575e-02, PNorm = 133.1137, GNorm = 0.7165, lr_0 = 5.3885e-04
Loss = 8.8819e-02, PNorm = 133.1643, GNorm = 1.1611, lr_0 = 5.3772e-04
Loss = 7.1701e-02, PNorm = 133.2079, GNorm = 0.5657, lr_0 = 5.3659e-04
Loss = 8.1875e-02, PNorm = 133.2467, GNorm = 0.7123, lr_0 = 5.3547e-04
Loss = 8.9936e-02, PNorm = 133.2825, GNorm = 0.5235, lr_0 = 5.3435e-04
Loss = 6.5503e-02, PNorm = 133.3179, GNorm = 0.6565, lr_0 = 5.3323e-04
Loss = 7.4354e-02, PNorm = 133.3543, GNorm = 0.8294, lr_0 = 5.3211e-04
Loss = 7.5428e-02, PNorm = 133.3899, GNorm = 0.9787, lr_0 = 5.3099e-04
Loss = 7.8593e-02, PNorm = 133.4325, GNorm = 0.6337, lr_0 = 5.2988e-04
Loss = 8.5781e-02, PNorm = 133.4764, GNorm = 1.1255, lr_0 = 5.2877e-04
Loss = 8.5142e-02, PNorm = 133.5195, GNorm = 0.8241, lr_0 = 5.2766e-04
Loss = 1.0491e-01, PNorm = 133.5620, GNorm = 0.8130, lr_0 = 5.2656e-04
Loss = 9.7095e-02, PNorm = 133.6095, GNorm = 1.1069, lr_0 = 5.2546e-04
Loss = 8.7865e-02, PNorm = 133.6557, GNorm = 1.4111, lr_0 = 5.2435e-04
Loss = 8.2413e-02, PNorm = 133.6988, GNorm = 0.6300, lr_0 = 5.2326e-04
Loss = 9.6944e-02, PNorm = 133.7457, GNorm = 0.9583, lr_0 = 5.2216e-04
Loss = 8.5574e-02, PNorm = 133.7984, GNorm = 1.0785, lr_0 = 5.2107e-04
Loss = 8.1649e-02, PNorm = 133.8414, GNorm = 0.8671, lr_0 = 5.1997e-04
Loss = 7.7959e-02, PNorm = 133.8882, GNorm = 0.7201, lr_0 = 5.1888e-04
Validation rmse = 35.297939
Epoch 15
Loss = 8.0847e-02, PNorm = 133.9359, GNorm = 0.8218, lr_0 = 5.1769e-04
Loss = 8.2775e-02, PNorm = 133.9806, GNorm = 0.6498, lr_0 = 5.1660e-04
Loss = 7.5020e-02, PNorm = 134.0196, GNorm = 0.8301, lr_0 = 5.1552e-04
Loss = 7.9828e-02, PNorm = 134.0616, GNorm = 0.6840, lr_0 = 5.1444e-04
Loss = 8.7181e-02, PNorm = 134.1023, GNorm = 0.7776, lr_0 = 5.1336e-04
Loss = 7.7040e-02, PNorm = 134.1457, GNorm = 1.0003, lr_0 = 5.1229e-04
Loss = 8.2225e-02, PNorm = 134.1826, GNorm = 0.5674, lr_0 = 5.1122e-04
Loss = 6.5238e-02, PNorm = 134.2150, GNorm = 0.9738, lr_0 = 5.1014e-04
Loss = 7.4154e-02, PNorm = 134.2527, GNorm = 0.6017, lr_0 = 5.0908e-04
Loss = 7.4193e-02, PNorm = 134.2938, GNorm = 0.8792, lr_0 = 5.0801e-04
Loss = 8.1627e-02, PNorm = 134.3396, GNorm = 1.0796, lr_0 = 5.0694e-04
Loss = 9.8732e-02, PNorm = 134.3837, GNorm = 0.9566, lr_0 = 5.0588e-04
Loss = 8.4171e-02, PNorm = 134.4272, GNorm = 1.0587, lr_0 = 5.0482e-04
Loss = 9.2492e-02, PNorm = 134.4760, GNorm = 1.1655, lr_0 = 5.0376e-04
Loss = 7.3819e-02, PNorm = 134.5186, GNorm = 0.8451, lr_0 = 5.0271e-04
Loss = 8.7470e-02, PNorm = 134.5559, GNorm = 0.6567, lr_0 = 5.0166e-04
Loss = 7.9040e-02, PNorm = 134.5965, GNorm = 0.4647, lr_0 = 5.0060e-04
Loss = 8.1914e-02, PNorm = 134.6391, GNorm = 2.1010, lr_0 = 4.9956e-04
Loss = 7.2601e-02, PNorm = 134.6786, GNorm = 0.6566, lr_0 = 4.9851e-04
Loss = 7.5280e-02, PNorm = 134.7238, GNorm = 0.7102, lr_0 = 4.9747e-04
Loss = 8.2323e-02, PNorm = 134.7650, GNorm = 0.7990, lr_0 = 4.9642e-04
Validation rmse = 34.506204
Epoch 16
Loss = 8.3183e-02, PNorm = 134.8022, GNorm = 1.3686, lr_0 = 4.9538e-04
Loss = 6.6092e-02, PNorm = 134.8403, GNorm = 0.6763, lr_0 = 4.9434e-04
Loss = 7.6617e-02, PNorm = 134.8777, GNorm = 0.7281, lr_0 = 4.9331e-04
Loss = 6.4107e-02, PNorm = 134.9104, GNorm = 0.7362, lr_0 = 4.9228e-04
Loss = 6.8196e-02, PNorm = 134.9374, GNorm = 0.9538, lr_0 = 4.9124e-04
Loss = 9.6346e-02, PNorm = 134.9722, GNorm = 1.6230, lr_0 = 4.9021e-04
Loss = 8.5653e-02, PNorm = 135.0199, GNorm = 0.7622, lr_0 = 4.8919e-04
Loss = 7.0583e-02, PNorm = 135.0650, GNorm = 0.4657, lr_0 = 4.8816e-04
Loss = 7.0453e-02, PNorm = 135.1092, GNorm = 0.6502, lr_0 = 4.8714e-04
Loss = 7.7439e-02, PNorm = 135.1521, GNorm = 0.6748, lr_0 = 4.8612e-04
Loss = 7.5406e-02, PNorm = 135.1948, GNorm = 1.0988, lr_0 = 4.8510e-04
Loss = 8.5607e-02, PNorm = 135.2339, GNorm = 1.8601, lr_0 = 4.8408e-04
Loss = 8.3293e-02, PNorm = 135.2765, GNorm = 1.4194, lr_0 = 4.8307e-04
Loss = 6.8936e-02, PNorm = 135.3162, GNorm = 0.7154, lr_0 = 4.8206e-04
Loss = 6.6953e-02, PNorm = 135.3476, GNorm = 0.4598, lr_0 = 4.8105e-04
Loss = 6.0639e-02, PNorm = 135.3813, GNorm = 0.5863, lr_0 = 4.8004e-04
Loss = 6.6427e-02, PNorm = 135.4142, GNorm = 0.4008, lr_0 = 4.7903e-04
Loss = 7.5849e-02, PNorm = 135.4516, GNorm = 0.6393, lr_0 = 4.7803e-04
Loss = 7.8897e-02, PNorm = 135.4870, GNorm = 0.6904, lr_0 = 4.7703e-04
Loss = 8.6280e-02, PNorm = 135.5207, GNorm = 0.7000, lr_0 = 4.7603e-04
Loss = 7.1902e-02, PNorm = 135.5595, GNorm = 0.3898, lr_0 = 4.7503e-04
Loss = 6.2693e-02, PNorm = 135.5996, GNorm = 0.6559, lr_0 = 4.7404e-04
Loss = 5.3378e-02, PNorm = 135.6027, GNorm = 0.7849, lr_0 = 4.7394e-04
Validation rmse = 34.565383
Epoch 17
Loss = 7.7613e-02, PNorm = 135.6412, GNorm = 1.0868, lr_0 = 4.7295e-04
Loss = 5.7018e-02, PNorm = 135.6737, GNorm = 0.6772, lr_0 = 4.7195e-04
Loss = 7.9033e-02, PNorm = 135.7113, GNorm = 0.7716, lr_0 = 4.7097e-04
Loss = 5.7180e-02, PNorm = 135.7415, GNorm = 0.6595, lr_0 = 4.6998e-04
Loss = 6.3888e-02, PNorm = 135.7731, GNorm = 1.1475, lr_0 = 4.6899e-04
Loss = 7.6044e-02, PNorm = 135.8093, GNorm = 1.3926, lr_0 = 4.6801e-04
Loss = 6.7895e-02, PNorm = 135.8487, GNorm = 0.9715, lr_0 = 4.6703e-04
Loss = 8.0328e-02, PNorm = 135.8929, GNorm = 0.7933, lr_0 = 4.6605e-04
Loss = 6.7315e-02, PNorm = 135.9273, GNorm = 0.3279, lr_0 = 4.6508e-04
Loss = 6.5333e-02, PNorm = 135.9604, GNorm = 0.3566, lr_0 = 4.6410e-04
Loss = 6.5825e-02, PNorm = 136.0005, GNorm = 0.5145, lr_0 = 4.6313e-04
Loss = 7.1169e-02, PNorm = 136.0360, GNorm = 0.6346, lr_0 = 4.6216e-04
Loss = 7.1684e-02, PNorm = 136.0755, GNorm = 0.6538, lr_0 = 4.6119e-04
Loss = 7.3411e-02, PNorm = 136.1167, GNorm = 0.8271, lr_0 = 4.6022e-04
Loss = 7.7880e-02, PNorm = 136.1575, GNorm = 0.5943, lr_0 = 4.5926e-04
Loss = 7.4027e-02, PNorm = 136.2023, GNorm = 0.5717, lr_0 = 4.5830e-04
Loss = 7.4885e-02, PNorm = 136.2471, GNorm = 0.7764, lr_0 = 4.5734e-04
Loss = 7.2267e-02, PNorm = 136.2921, GNorm = 0.6860, lr_0 = 4.5638e-04
Loss = 8.4589e-02, PNorm = 136.3417, GNorm = 0.8558, lr_0 = 4.5542e-04
Loss = 6.5522e-02, PNorm = 136.3765, GNorm = 0.6640, lr_0 = 4.5447e-04
Loss = 8.6194e-02, PNorm = 136.4054, GNorm = 0.9399, lr_0 = 4.5352e-04
Validation rmse = 32.920914
Epoch 18
Loss = 5.8335e-02, PNorm = 136.4412, GNorm = 0.5215, lr_0 = 4.5257e-04
Loss = 7.0238e-02, PNorm = 136.4780, GNorm = 0.8803, lr_0 = 4.5162e-04
Loss = 6.5027e-02, PNorm = 136.5108, GNorm = 0.7257, lr_0 = 4.5067e-04
Loss = 6.4945e-02, PNorm = 136.5468, GNorm = 0.6105, lr_0 = 4.4973e-04
Loss = 7.7541e-02, PNorm = 136.5820, GNorm = 1.1926, lr_0 = 4.4879e-04
Loss = 6.8181e-02, PNorm = 136.6169, GNorm = 0.3063, lr_0 = 4.4785e-04
Loss = 6.2808e-02, PNorm = 136.6574, GNorm = 0.8308, lr_0 = 4.4691e-04
Loss = 6.4929e-02, PNorm = 136.6860, GNorm = 0.7370, lr_0 = 4.4597e-04
Loss = 6.1857e-02, PNorm = 136.7206, GNorm = 0.9752, lr_0 = 4.4504e-04
Loss = 7.2932e-02, PNorm = 136.7527, GNorm = 1.3294, lr_0 = 4.4410e-04
Loss = 7.2594e-02, PNorm = 136.7915, GNorm = 1.1158, lr_0 = 4.4317e-04
Loss = 7.7563e-02, PNorm = 136.8326, GNorm = 1.0993, lr_0 = 4.4225e-04
Loss = 7.0728e-02, PNorm = 136.8683, GNorm = 0.6565, lr_0 = 4.4132e-04
Loss = 6.6418e-02, PNorm = 136.9094, GNorm = 0.8768, lr_0 = 4.4039e-04
Loss = 6.6342e-02, PNorm = 136.9524, GNorm = 0.5435, lr_0 = 4.3947e-04
Loss = 7.6323e-02, PNorm = 136.9838, GNorm = 0.7375, lr_0 = 4.3855e-04
Loss = 6.2996e-02, PNorm = 137.0175, GNorm = 0.6839, lr_0 = 4.3763e-04
Loss = 6.1894e-02, PNorm = 137.0520, GNorm = 0.7001, lr_0 = 4.3672e-04
Loss = 7.9417e-02, PNorm = 137.0906, GNorm = 0.8452, lr_0 = 4.3580e-04
Loss = 6.1003e-02, PNorm = 137.1340, GNorm = 0.4706, lr_0 = 4.3489e-04
Loss = 7.4541e-02, PNorm = 137.1697, GNorm = 0.4873, lr_0 = 4.3398e-04
Validation rmse = 32.616676
Epoch 19
Loss = 5.2678e-02, PNorm = 137.2044, GNorm = 0.5904, lr_0 = 4.3307e-04
Loss = 6.3689e-02, PNorm = 137.2401, GNorm = 0.5132, lr_0 = 4.3216e-04
Loss = 6.9860e-02, PNorm = 137.2738, GNorm = 0.7327, lr_0 = 4.3125e-04
Loss = 6.7088e-02, PNorm = 137.3101, GNorm = 1.3845, lr_0 = 4.3035e-04
Loss = 5.9721e-02, PNorm = 137.3484, GNorm = 0.6750, lr_0 = 4.2945e-04
Loss = 5.9183e-02, PNorm = 137.3815, GNorm = 0.5271, lr_0 = 4.2855e-04
Loss = 6.0310e-02, PNorm = 137.4084, GNorm = 0.8142, lr_0 = 4.2765e-04
Loss = 5.9555e-02, PNorm = 137.4442, GNorm = 0.7212, lr_0 = 4.2676e-04
Loss = 6.0363e-02, PNorm = 137.4784, GNorm = 0.9340, lr_0 = 4.2586e-04
Loss = 5.9718e-02, PNorm = 137.5163, GNorm = 0.6219, lr_0 = 4.2497e-04
Loss = 5.0463e-02, PNorm = 137.5445, GNorm = 0.7414, lr_0 = 4.2408e-04
Loss = 6.2207e-02, PNorm = 137.5756, GNorm = 0.3715, lr_0 = 4.2319e-04
Loss = 6.8093e-02, PNorm = 137.6065, GNorm = 0.9250, lr_0 = 4.2230e-04
Loss = 6.4569e-02, PNorm = 137.6449, GNorm = 0.4552, lr_0 = 4.2142e-04
Loss = 7.0706e-02, PNorm = 137.6809, GNorm = 0.9432, lr_0 = 4.2054e-04
Loss = 6.4782e-02, PNorm = 137.7099, GNorm = 0.4323, lr_0 = 4.1965e-04
Loss = 6.6432e-02, PNorm = 137.7430, GNorm = 0.6377, lr_0 = 4.1878e-04
Loss = 7.6495e-02, PNorm = 137.7821, GNorm = 0.5996, lr_0 = 4.1790e-04
Loss = 7.0960e-02, PNorm = 137.8244, GNorm = 0.4980, lr_0 = 4.1702e-04
Loss = 7.0251e-02, PNorm = 137.8668, GNorm = 0.6819, lr_0 = 4.1615e-04
Loss = 6.1508e-02, PNorm = 137.9031, GNorm = 0.6400, lr_0 = 4.1528e-04
Loss = 6.8244e-02, PNorm = 137.9418, GNorm = 0.6492, lr_0 = 4.1441e-04
Validation rmse = 34.005604
Epoch 20
Loss = 5.3780e-02, PNorm = 137.9757, GNorm = 0.5929, lr_0 = 4.1345e-04
Loss = 5.7261e-02, PNorm = 138.0066, GNorm = 0.7685, lr_0 = 4.1259e-04
Loss = 5.5297e-02, PNorm = 138.0384, GNorm = 0.9069, lr_0 = 4.1172e-04
Loss = 6.1678e-02, PNorm = 138.0725, GNorm = 0.5476, lr_0 = 4.1086e-04
Loss = 6.5668e-02, PNorm = 138.1033, GNorm = 0.5226, lr_0 = 4.1000e-04
Loss = 5.9717e-02, PNorm = 138.1326, GNorm = 0.4023, lr_0 = 4.0914e-04
Loss = 5.9073e-02, PNorm = 138.1705, GNorm = 0.7154, lr_0 = 4.0828e-04
Loss = 5.2184e-02, PNorm = 138.2035, GNorm = 0.3676, lr_0 = 4.0743e-04
Loss = 5.8330e-02, PNorm = 138.2348, GNorm = 0.6234, lr_0 = 4.0657e-04
Loss = 5.5211e-02, PNorm = 138.2623, GNorm = 0.6312, lr_0 = 4.0572e-04
Loss = 5.5563e-02, PNorm = 138.2887, GNorm = 0.5627, lr_0 = 4.0487e-04
Loss = 6.2482e-02, PNorm = 138.3146, GNorm = 0.7068, lr_0 = 4.0402e-04
Loss = 6.8040e-02, PNorm = 138.3511, GNorm = 0.5537, lr_0 = 4.0318e-04
Loss = 6.0996e-02, PNorm = 138.3828, GNorm = 0.4806, lr_0 = 4.0233e-04
Loss = 5.2107e-02, PNorm = 138.4125, GNorm = 0.6727, lr_0 = 4.0149e-04
Loss = 5.9482e-02, PNorm = 138.4385, GNorm = 0.5179, lr_0 = 4.0065e-04
Loss = 6.0789e-02, PNorm = 138.4694, GNorm = 0.8884, lr_0 = 3.9981e-04
Loss = 5.5012e-02, PNorm = 138.4953, GNorm = 0.4094, lr_0 = 3.9897e-04
Loss = 5.7818e-02, PNorm = 138.5228, GNorm = 0.7405, lr_0 = 3.9813e-04
Loss = 6.2412e-02, PNorm = 138.5554, GNorm = 0.9268, lr_0 = 3.9730e-04
Loss = 7.2205e-02, PNorm = 138.5898, GNorm = 0.8620, lr_0 = 3.9647e-04
Validation rmse = 34.653314
Epoch 21
Loss = 6.7105e-02, PNorm = 138.6279, GNorm = 1.0874, lr_0 = 3.9564e-04
Loss = 6.3906e-02, PNorm = 138.6697, GNorm = 0.7392, lr_0 = 3.9481e-04
Loss = 5.7075e-02, PNorm = 138.7091, GNorm = 0.6375, lr_0 = 3.9398e-04
Loss = 5.4670e-02, PNorm = 138.7380, GNorm = 0.5798, lr_0 = 3.9316e-04
Loss = 4.8759e-02, PNorm = 138.7678, GNorm = 0.3181, lr_0 = 3.9233e-04
Loss = 5.7546e-02, PNorm = 138.7971, GNorm = 0.8332, lr_0 = 3.9151e-04
Loss = 5.9786e-02, PNorm = 138.8257, GNorm = 0.6680, lr_0 = 3.9069e-04
Loss = 5.4933e-02, PNorm = 138.8588, GNorm = 0.6645, lr_0 = 3.8987e-04
Loss = 5.5301e-02, PNorm = 138.8865, GNorm = 0.4218, lr_0 = 3.8905e-04
Loss = 5.7070e-02, PNorm = 138.9169, GNorm = 0.6972, lr_0 = 3.8824e-04
Loss = 4.9486e-02, PNorm = 138.9465, GNorm = 0.5912, lr_0 = 3.8743e-04
Loss = 5.8108e-02, PNorm = 138.9781, GNorm = 0.5236, lr_0 = 3.8661e-04
Loss = 5.5487e-02, PNorm = 139.0113, GNorm = 0.6890, lr_0 = 3.8580e-04
Loss = 6.7559e-02, PNorm = 139.0417, GNorm = 0.6538, lr_0 = 3.8500e-04
Loss = 5.4637e-02, PNorm = 139.0736, GNorm = 0.5119, lr_0 = 3.8419e-04
Loss = 6.2093e-02, PNorm = 139.1027, GNorm = 0.7056, lr_0 = 3.8338e-04
Loss = 5.8807e-02, PNorm = 139.1381, GNorm = 0.4722, lr_0 = 3.8258e-04
Loss = 5.7481e-02, PNorm = 139.1711, GNorm = 0.5581, lr_0 = 3.8178e-04
Loss = 6.0574e-02, PNorm = 139.2019, GNorm = 0.5124, lr_0 = 3.8098e-04
Loss = 5.3011e-02, PNorm = 139.2351, GNorm = 0.4766, lr_0 = 3.8018e-04
Loss = 6.0401e-02, PNorm = 139.2757, GNorm = 0.5001, lr_0 = 3.7938e-04
Validation rmse = 33.135319
Epoch 22
Loss = 4.0239e-02, PNorm = 139.3114, GNorm = 0.5056, lr_0 = 3.7851e-04
Loss = 5.5333e-02, PNorm = 139.3454, GNorm = 0.4654, lr_0 = 3.7772e-04
Loss = 4.9540e-02, PNorm = 139.3735, GNorm = 0.5167, lr_0 = 3.7693e-04
Loss = 5.2512e-02, PNorm = 139.4002, GNorm = 0.5942, lr_0 = 3.7614e-04
Loss = 5.4518e-02, PNorm = 139.4324, GNorm = 0.7226, lr_0 = 3.7535e-04
Loss = 4.8503e-02, PNorm = 139.4591, GNorm = 0.4506, lr_0 = 3.7456e-04
Loss = 5.0461e-02, PNorm = 139.4807, GNorm = 0.5984, lr_0 = 3.7378e-04
Loss = 4.4926e-02, PNorm = 139.5089, GNorm = 0.5505, lr_0 = 3.7299e-04
Loss = 6.1232e-02, PNorm = 139.5358, GNorm = 0.6651, lr_0 = 3.7221e-04
Loss = 4.5796e-02, PNorm = 139.5643, GNorm = 0.5016, lr_0 = 3.7143e-04
Loss = 5.1071e-02, PNorm = 139.5903, GNorm = 0.6130, lr_0 = 3.7065e-04
Loss = 5.9250e-02, PNorm = 139.6174, GNorm = 0.4652, lr_0 = 3.6988e-04
Loss = 5.2496e-02, PNorm = 139.6468, GNorm = 0.5504, lr_0 = 3.6910e-04
Loss = 5.7844e-02, PNorm = 139.6747, GNorm = 0.5135, lr_0 = 3.6833e-04
Loss = 4.6426e-02, PNorm = 139.7030, GNorm = 0.7015, lr_0 = 3.6756e-04
Loss = 6.1348e-02, PNorm = 139.7354, GNorm = 0.4573, lr_0 = 3.6679e-04
Loss = 6.0054e-02, PNorm = 139.7729, GNorm = 0.5003, lr_0 = 3.6602e-04
Loss = 6.1494e-02, PNorm = 139.8041, GNorm = 0.6933, lr_0 = 3.6525e-04
Loss = 5.0171e-02, PNorm = 139.8324, GNorm = 0.6311, lr_0 = 3.6449e-04
Loss = 5.9876e-02, PNorm = 139.8623, GNorm = 0.3671, lr_0 = 3.6372e-04
Loss = 6.2378e-02, PNorm = 139.8937, GNorm = 0.8608, lr_0 = 3.6296e-04
Loss = 5.4051e-02, PNorm = 139.9269, GNorm = 0.5050, lr_0 = 3.6220e-04
Validation rmse = 33.001375
Epoch 23
Loss = 6.0052e-02, PNorm = 139.9565, GNorm = 0.6680, lr_0 = 3.6144e-04
Loss = 6.8773e-02, PNorm = 139.9964, GNorm = 0.6275, lr_0 = 3.6068e-04
Loss = 5.6584e-02, PNorm = 140.0311, GNorm = 0.7639, lr_0 = 3.5993e-04
Loss = 5.8858e-02, PNorm = 140.0641, GNorm = 0.7155, lr_0 = 3.5917e-04
Loss = 4.4234e-02, PNorm = 140.0957, GNorm = 0.2660, lr_0 = 3.5842e-04
Loss = 4.7831e-02, PNorm = 140.1191, GNorm = 0.5686, lr_0 = 3.5767e-04
Loss = 4.7598e-02, PNorm = 140.1470, GNorm = 0.3977, lr_0 = 3.5692e-04
Loss = 6.1311e-02, PNorm = 140.1741, GNorm = 1.0313, lr_0 = 3.5617e-04
Loss = 4.9476e-02, PNorm = 140.2036, GNorm = 0.8190, lr_0 = 3.5543e-04
Loss = 4.9466e-02, PNorm = 140.2320, GNorm = 0.7456, lr_0 = 3.5468e-04
Loss = 5.0189e-02, PNorm = 140.2567, GNorm = 0.4409, lr_0 = 3.5394e-04
Loss = 4.6938e-02, PNorm = 140.2827, GNorm = 0.3481, lr_0 = 3.5320e-04
Loss = 5.2011e-02, PNorm = 140.3108, GNorm = 0.6543, lr_0 = 3.5246e-04
Loss = 5.0744e-02, PNorm = 140.3401, GNorm = 1.0599, lr_0 = 3.5172e-04
Loss = 5.5280e-02, PNorm = 140.3752, GNorm = 0.7372, lr_0 = 3.5098e-04
Loss = 5.5649e-02, PNorm = 140.4032, GNorm = 0.5682, lr_0 = 3.5025e-04
Loss = 5.7492e-02, PNorm = 140.4334, GNorm = 0.5356, lr_0 = 3.4951e-04
Loss = 5.2260e-02, PNorm = 140.4603, GNorm = 0.5185, lr_0 = 3.4878e-04
Loss = 6.1157e-02, PNorm = 140.4843, GNorm = 0.3901, lr_0 = 3.4805e-04
Loss = 5.5273e-02, PNorm = 140.5159, GNorm = 0.7286, lr_0 = 3.4732e-04
Loss = 4.8347e-02, PNorm = 140.5489, GNorm = 0.7412, lr_0 = 3.4659e-04
Validation rmse = 31.264373
Epoch 24
Loss = 4.7113e-02, PNorm = 140.5841, GNorm = 0.6735, lr_0 = 3.4580e-04
Loss = 5.7844e-02, PNorm = 140.6131, GNorm = 0.4832, lr_0 = 3.4507e-04
Loss = 4.6439e-02, PNorm = 140.6416, GNorm = 1.0404, lr_0 = 3.4435e-04
Loss = 6.3668e-02, PNorm = 140.6778, GNorm = 0.4979, lr_0 = 3.4363e-04
Loss = 6.2117e-02, PNorm = 140.7084, GNorm = 0.7375, lr_0 = 3.4291e-04
Loss = 4.6735e-02, PNorm = 140.7404, GNorm = 0.7725, lr_0 = 3.4219e-04
Loss = 5.5459e-02, PNorm = 140.7647, GNorm = 0.6825, lr_0 = 3.4147e-04
Loss = 4.6611e-02, PNorm = 140.7906, GNorm = 0.6088, lr_0 = 3.4076e-04
Loss = 5.3538e-02, PNorm = 140.8248, GNorm = 0.4719, lr_0 = 3.4004e-04
Loss = 5.9448e-02, PNorm = 140.8541, GNorm = 0.6180, lr_0 = 3.3933e-04
Loss = 4.5606e-02, PNorm = 140.8817, GNorm = 0.4672, lr_0 = 3.3862e-04
Loss = 5.5389e-02, PNorm = 140.9093, GNorm = 0.6381, lr_0 = 3.3791e-04
Loss = 5.1656e-02, PNorm = 140.9395, GNorm = 0.5970, lr_0 = 3.3720e-04
Loss = 4.9115e-02, PNorm = 140.9696, GNorm = 0.7140, lr_0 = 3.3649e-04
Loss = 5.6285e-02, PNorm = 140.9954, GNorm = 0.2698, lr_0 = 3.3579e-04
Loss = 5.2383e-02, PNorm = 141.0228, GNorm = 0.5370, lr_0 = 3.3509e-04
Loss = 5.7769e-02, PNorm = 141.0523, GNorm = 0.6413, lr_0 = 3.3438e-04
Loss = 4.5193e-02, PNorm = 141.0848, GNorm = 0.6513, lr_0 = 3.3368e-04
Loss = 5.5798e-02, PNorm = 141.1139, GNorm = 0.4760, lr_0 = 3.3298e-04
Loss = 4.8053e-02, PNorm = 141.1426, GNorm = 0.4999, lr_0 = 3.3229e-04
Loss = 5.0648e-02, PNorm = 141.1745, GNorm = 0.4357, lr_0 = 3.3159e-04
Validation rmse = 31.365119
Epoch 25
Loss = 3.7794e-02, PNorm = 141.1982, GNorm = 0.3915, lr_0 = 3.3090e-04
Loss = 5.0391e-02, PNorm = 141.2275, GNorm = 0.6692, lr_0 = 3.3020e-04
Loss = 4.8222e-02, PNorm = 141.2547, GNorm = 0.4494, lr_0 = 3.2951e-04
Loss = 5.1341e-02, PNorm = 141.2798, GNorm = 0.5794, lr_0 = 3.2882e-04
Loss = 4.5620e-02, PNorm = 141.3060, GNorm = 0.4295, lr_0 = 3.2813e-04
Loss = 4.4520e-02, PNorm = 141.3355, GNorm = 0.4130, lr_0 = 3.2744e-04
Loss = 4.8867e-02, PNorm = 141.3589, GNorm = 0.3030, lr_0 = 3.2676e-04
Loss = 5.3076e-02, PNorm = 141.3831, GNorm = 0.8853, lr_0 = 3.2607e-04
Loss = 5.5034e-02, PNorm = 141.4139, GNorm = 0.9254, lr_0 = 3.2539e-04
Loss = 4.5960e-02, PNorm = 141.4397, GNorm = 0.4960, lr_0 = 3.2471e-04
Loss = 5.0384e-02, PNorm = 141.4653, GNorm = 0.5106, lr_0 = 3.2403e-04
Loss = 4.5687e-02, PNorm = 141.4907, GNorm = 0.6025, lr_0 = 3.2335e-04
Loss = 4.6217e-02, PNorm = 141.5199, GNorm = 0.4752, lr_0 = 3.2267e-04
Loss = 4.0710e-02, PNorm = 141.5447, GNorm = 0.4595, lr_0 = 3.2200e-04
Loss = 5.2615e-02, PNorm = 141.5720, GNorm = 0.8828, lr_0 = 3.2132e-04
Loss = 4.1558e-02, PNorm = 141.5959, GNorm = 0.4229, lr_0 = 3.2065e-04
Loss = 4.9705e-02, PNorm = 141.6215, GNorm = 0.6485, lr_0 = 3.1998e-04
Loss = 5.8700e-02, PNorm = 141.6492, GNorm = 0.6277, lr_0 = 3.1931e-04
Loss = 4.5043e-02, PNorm = 141.6735, GNorm = 0.3328, lr_0 = 3.1864e-04
Loss = 5.7032e-02, PNorm = 141.6990, GNorm = 0.5650, lr_0 = 3.1797e-04
Loss = 4.7880e-02, PNorm = 141.7292, GNorm = 0.4600, lr_0 = 3.1730e-04
Loss = 4.7878e-02, PNorm = 141.7574, GNorm = 0.3897, lr_0 = 3.1664e-04
Validation rmse = 31.106355
Epoch 26
Loss = 4.7573e-02, PNorm = 141.7821, GNorm = 0.7104, lr_0 = 3.1597e-04
Loss = 4.8830e-02, PNorm = 141.8102, GNorm = 0.2788, lr_0 = 3.1531e-04
Loss = 5.1734e-02, PNorm = 141.8371, GNorm = 0.5950, lr_0 = 3.1465e-04
Loss = 4.1239e-02, PNorm = 141.8619, GNorm = 0.6010, lr_0 = 3.1399e-04
Loss = 4.5486e-02, PNorm = 141.8878, GNorm = 0.4070, lr_0 = 3.1333e-04
Loss = 4.9929e-02, PNorm = 141.9167, GNorm = 0.5222, lr_0 = 3.1268e-04
Loss = 3.8538e-02, PNorm = 141.9395, GNorm = 0.7729, lr_0 = 3.1202e-04
Loss = 3.9902e-02, PNorm = 141.9573, GNorm = 0.5196, lr_0 = 3.1137e-04
Loss = 4.5600e-02, PNorm = 141.9784, GNorm = 0.4027, lr_0 = 3.1072e-04
Loss = 4.7138e-02, PNorm = 141.9989, GNorm = 0.5635, lr_0 = 3.1007e-04
Loss = 4.8935e-02, PNorm = 142.0234, GNorm = 0.6707, lr_0 = 3.0942e-04
Loss = 5.5560e-02, PNorm = 142.0526, GNorm = 0.5929, lr_0 = 3.0877e-04
Loss = 5.4446e-02, PNorm = 142.0755, GNorm = 0.6208, lr_0 = 3.0812e-04
Loss = 4.1217e-02, PNorm = 142.1063, GNorm = 0.4954, lr_0 = 3.0748e-04
Loss = 4.4273e-02, PNorm = 142.1323, GNorm = 0.7649, lr_0 = 3.0683e-04
Loss = 4.7426e-02, PNorm = 142.1557, GNorm = 0.4841, lr_0 = 3.0619e-04
Loss = 4.7526e-02, PNorm = 142.1854, GNorm = 0.4021, lr_0 = 3.0555e-04
Loss = 4.0835e-02, PNorm = 142.2136, GNorm = 0.2812, lr_0 = 3.0491e-04
Loss = 5.2442e-02, PNorm = 142.2376, GNorm = 0.6677, lr_0 = 3.0427e-04
Loss = 4.4502e-02, PNorm = 142.2628, GNorm = 0.5474, lr_0 = 3.0363e-04
Loss = 4.2345e-02, PNorm = 142.2891, GNorm = 0.5573, lr_0 = 3.0299e-04
Validation rmse = 30.214861
Epoch 27
Loss = 4.5935e-02, PNorm = 142.3174, GNorm = 0.3437, lr_0 = 3.0230e-04
Loss = 3.8307e-02, PNorm = 142.3417, GNorm = 0.5377, lr_0 = 3.0166e-04
Loss = 5.0286e-02, PNorm = 142.3616, GNorm = 0.4125, lr_0 = 3.0103e-04
Loss = 4.0520e-02, PNorm = 142.3853, GNorm = 0.5966, lr_0 = 3.0040e-04
Loss = 4.7104e-02, PNorm = 142.4116, GNorm = 0.8143, lr_0 = 2.9977e-04
Loss = 4.6979e-02, PNorm = 142.4348, GNorm = 0.6775, lr_0 = 2.9914e-04
Loss = 5.1927e-02, PNorm = 142.4656, GNorm = 0.5669, lr_0 = 2.9852e-04
Loss = 4.7929e-02, PNorm = 142.4934, GNorm = 0.6069, lr_0 = 2.9789e-04
Loss = 3.7189e-02, PNorm = 142.5162, GNorm = 0.4764, lr_0 = 2.9727e-04
Loss = 4.2332e-02, PNorm = 142.5358, GNorm = 0.6306, lr_0 = 2.9664e-04
Loss = 5.2275e-02, PNorm = 142.5571, GNorm = 0.3592, lr_0 = 2.9602e-04
Loss = 4.3999e-02, PNorm = 142.5862, GNorm = 0.3442, lr_0 = 2.9540e-04
Loss = 3.9790e-02, PNorm = 142.6130, GNorm = 0.3492, lr_0 = 2.9478e-04
Loss = 4.6599e-02, PNorm = 142.6361, GNorm = 0.3776, lr_0 = 2.9417e-04
Loss = 4.8566e-02, PNorm = 142.6612, GNorm = 0.5372, lr_0 = 2.9355e-04
Loss = 5.9002e-02, PNorm = 142.6888, GNorm = 0.3410, lr_0 = 2.9293e-04
Loss = 5.9384e-02, PNorm = 142.7128, GNorm = 0.4416, lr_0 = 2.9232e-04
Loss = 3.7922e-02, PNorm = 142.7367, GNorm = 0.3786, lr_0 = 2.9171e-04
Loss = 4.0199e-02, PNorm = 142.7609, GNorm = 0.5072, lr_0 = 2.9110e-04
Loss = 4.3906e-02, PNorm = 142.7816, GNorm = 0.3374, lr_0 = 2.9049e-04
Loss = 4.5551e-02, PNorm = 142.8024, GNorm = 0.4711, lr_0 = 2.8988e-04
Loss = 4.7231e-02, PNorm = 142.8233, GNorm = 0.5608, lr_0 = 2.8927e-04
Validation rmse = 31.749176
Epoch 28
Loss = 4.2537e-02, PNorm = 142.8492, GNorm = 0.5002, lr_0 = 2.8867e-04
Loss = 4.0149e-02, PNorm = 142.8729, GNorm = 0.3356, lr_0 = 2.8806e-04
Loss = 4.2570e-02, PNorm = 142.8947, GNorm = 0.6119, lr_0 = 2.8746e-04
Loss = 4.2094e-02, PNorm = 142.9169, GNorm = 0.2988, lr_0 = 2.8685e-04
Loss = 3.6800e-02, PNorm = 142.9382, GNorm = 0.5306, lr_0 = 2.8625e-04
Loss = 3.9998e-02, PNorm = 142.9569, GNorm = 0.4790, lr_0 = 2.8565e-04
Loss = 4.0446e-02, PNorm = 142.9776, GNorm = 0.8102, lr_0 = 2.8506e-04
Loss = 4.2554e-02, PNorm = 142.9987, GNorm = 0.4709, lr_0 = 2.8446e-04
Loss = 3.9384e-02, PNorm = 143.0232, GNorm = 0.4937, lr_0 = 2.8386e-04
Loss = 4.4290e-02, PNorm = 143.0456, GNorm = 0.6965, lr_0 = 2.8327e-04
Loss = 4.1732e-02, PNorm = 143.0639, GNorm = 0.4111, lr_0 = 2.8267e-04
Loss = 4.7478e-02, PNorm = 143.0882, GNorm = 0.5117, lr_0 = 2.8208e-04
Loss = 3.6563e-02, PNorm = 143.1106, GNorm = 0.3585, lr_0 = 2.8149e-04
Loss = 4.2784e-02, PNorm = 143.1269, GNorm = 0.4096, lr_0 = 2.8090e-04
Loss = 4.5650e-02, PNorm = 143.1436, GNorm = 0.5618, lr_0 = 2.8031e-04
Loss = 4.7645e-02, PNorm = 143.1698, GNorm = 0.4220, lr_0 = 2.7972e-04
Loss = 4.7419e-02, PNorm = 143.1971, GNorm = 0.4167, lr_0 = 2.7914e-04
Loss = 4.6807e-02, PNorm = 143.2237, GNorm = 0.5327, lr_0 = 2.7855e-04
Loss = 4.5977e-02, PNorm = 143.2486, GNorm = 0.6480, lr_0 = 2.7797e-04
Loss = 3.8145e-02, PNorm = 143.2676, GNorm = 0.7996, lr_0 = 2.7739e-04
Loss = 3.8781e-02, PNorm = 143.2886, GNorm = 0.4315, lr_0 = 2.7681e-04
Validation rmse = 31.352493
Epoch 29
Loss = 4.0145e-02, PNorm = 143.3044, GNorm = 0.4877, lr_0 = 2.7617e-04
Loss = 3.6480e-02, PNorm = 143.3247, GNorm = 0.4766, lr_0 = 2.7559e-04
Loss = 4.2204e-02, PNorm = 143.3475, GNorm = 0.4257, lr_0 = 2.7501e-04
Loss = 3.4939e-02, PNorm = 143.3704, GNorm = 0.2852, lr_0 = 2.7444e-04
Loss = 4.2434e-02, PNorm = 143.3946, GNorm = 0.4862, lr_0 = 2.7386e-04
Loss = 3.5891e-02, PNorm = 143.4143, GNorm = 0.4817, lr_0 = 2.7329e-04
Loss = 3.9281e-02, PNorm = 143.4327, GNorm = 0.4384, lr_0 = 2.7272e-04
Loss = 3.8335e-02, PNorm = 143.4528, GNorm = 0.4852, lr_0 = 2.7214e-04
Loss = 5.6778e-02, PNorm = 143.4692, GNorm = 0.2710, lr_0 = 2.7157e-04
Loss = 4.1451e-02, PNorm = 143.4902, GNorm = 0.8279, lr_0 = 2.7100e-04
Loss = 3.9850e-02, PNorm = 143.5166, GNorm = 0.5260, lr_0 = 2.7044e-04
Loss = 3.9838e-02, PNorm = 143.5421, GNorm = 0.5132, lr_0 = 2.6987e-04
Loss = 4.0776e-02, PNorm = 143.5637, GNorm = 0.3727, lr_0 = 2.6931e-04
Loss = 4.4051e-02, PNorm = 143.5873, GNorm = 0.4450, lr_0 = 2.6874e-04
Loss = 4.0773e-02, PNorm = 143.6109, GNorm = 0.4471, lr_0 = 2.6818e-04
Loss = 4.7367e-02, PNorm = 143.6312, GNorm = 0.5876, lr_0 = 2.6762e-04
Loss = 4.2947e-02, PNorm = 143.6548, GNorm = 0.4197, lr_0 = 2.6706e-04
Loss = 4.2684e-02, PNorm = 143.6761, GNorm = 0.3760, lr_0 = 2.6650e-04
Loss = 3.9735e-02, PNorm = 143.6984, GNorm = 0.5926, lr_0 = 2.6594e-04
Loss = 3.9356e-02, PNorm = 143.7137, GNorm = 0.5476, lr_0 = 2.6538e-04
Loss = 4.2275e-02, PNorm = 143.7356, GNorm = 0.7171, lr_0 = 2.6482e-04
Validation rmse = 29.842343
Epoch 30
Loss = 3.6891e-02, PNorm = 143.7571, GNorm = 0.3521, lr_0 = 2.6427e-04
Loss = 4.5735e-02, PNorm = 143.7810, GNorm = 0.3324, lr_0 = 2.6372e-04
Loss = 4.1291e-02, PNorm = 143.8011, GNorm = 0.5002, lr_0 = 2.6316e-04
Loss = 3.9294e-02, PNorm = 143.8246, GNorm = 0.4938, lr_0 = 2.6261e-04
Loss = 3.7815e-02, PNorm = 143.8445, GNorm = 0.2729, lr_0 = 2.6206e-04
Loss = 3.6504e-02, PNorm = 143.8639, GNorm = 0.4366, lr_0 = 2.6151e-04
Loss = 3.5120e-02, PNorm = 143.8832, GNorm = 0.4863, lr_0 = 2.6096e-04
Loss = 4.7231e-02, PNorm = 143.9003, GNorm = 0.3417, lr_0 = 2.6042e-04
Loss = 4.3256e-02, PNorm = 143.9256, GNorm = 0.5898, lr_0 = 2.5987e-04
Loss = 4.4904e-02, PNorm = 143.9440, GNorm = 0.4266, lr_0 = 2.5933e-04
Loss = 4.8256e-02, PNorm = 143.9645, GNorm = 0.4278, lr_0 = 2.5878e-04
Loss = 3.9003e-02, PNorm = 143.9886, GNorm = 0.4063, lr_0 = 2.5824e-04
Loss = 4.6796e-02, PNorm = 144.0123, GNorm = 0.5627, lr_0 = 2.5770e-04
Loss = 4.6247e-02, PNorm = 144.0287, GNorm = 0.5820, lr_0 = 2.5716e-04
Loss = 4.5157e-02, PNorm = 144.0541, GNorm = 0.5164, lr_0 = 2.5662e-04
Loss = 4.5198e-02, PNorm = 144.0890, GNorm = 0.4063, lr_0 = 2.5608e-04
Loss = 3.6486e-02, PNorm = 144.1149, GNorm = 0.3677, lr_0 = 2.5555e-04
Loss = 3.6688e-02, PNorm = 144.1342, GNorm = 0.4970, lr_0 = 2.5501e-04
Loss = 3.4843e-02, PNorm = 144.1492, GNorm = 0.5509, lr_0 = 2.5448e-04
Loss = 3.7015e-02, PNorm = 144.1625, GNorm = 0.5324, lr_0 = 2.5395e-04
Loss = 4.3338e-02, PNorm = 144.1809, GNorm = 0.6193, lr_0 = 2.5341e-04
Loss = 3.7247e-02, PNorm = 144.1993, GNorm = 0.4658, lr_0 = 2.5288e-04
Validation rmse = 30.704125
Epoch 31
Loss = 4.7521e-02, PNorm = 144.2245, GNorm = 0.3663, lr_0 = 2.5235e-04
Loss = 3.6487e-02, PNorm = 144.2453, GNorm = 0.4852, lr_0 = 2.5182e-04
Loss = 4.1814e-02, PNorm = 144.2653, GNorm = 0.3340, lr_0 = 2.5130e-04
Loss = 3.6589e-02, PNorm = 144.2868, GNorm = 0.9879, lr_0 = 2.5077e-04
Loss = 4.8837e-02, PNorm = 144.3120, GNorm = 0.9444, lr_0 = 2.5024e-04
Loss = 3.9090e-02, PNorm = 144.3358, GNorm = 0.6929, lr_0 = 2.4972e-04
Loss = 4.3870e-02, PNorm = 144.3565, GNorm = 0.4170, lr_0 = 2.4920e-04
Loss = 3.8315e-02, PNorm = 144.3778, GNorm = 0.5208, lr_0 = 2.4867e-04
Loss = 3.5096e-02, PNorm = 144.4026, GNorm = 0.3881, lr_0 = 2.4815e-04
Loss = 4.7464e-02, PNorm = 144.4266, GNorm = 0.7361, lr_0 = 2.4763e-04
Loss = 4.4444e-02, PNorm = 144.4508, GNorm = 0.3133, lr_0 = 2.4712e-04
Loss = 4.1764e-02, PNorm = 144.4741, GNorm = 0.3965, lr_0 = 2.4660e-04
Loss = 3.7975e-02, PNorm = 144.4937, GNorm = 0.7959, lr_0 = 2.4608e-04
Loss = 4.1354e-02, PNorm = 144.5149, GNorm = 0.4482, lr_0 = 2.4557e-04
Loss = 4.3911e-02, PNorm = 144.5369, GNorm = 0.7336, lr_0 = 2.4505e-04
Loss = 4.1500e-02, PNorm = 144.5560, GNorm = 0.2990, lr_0 = 2.4454e-04
Loss = 3.8835e-02, PNorm = 144.5769, GNorm = 0.3437, lr_0 = 2.4402e-04
Loss = 3.6069e-02, PNorm = 144.5992, GNorm = 0.3433, lr_0 = 2.4351e-04
Loss = 3.8266e-02, PNorm = 144.6220, GNorm = 0.3686, lr_0 = 2.4300e-04
Loss = 3.8293e-02, PNorm = 144.6435, GNorm = 0.2730, lr_0 = 2.4249e-04
Loss = 4.0134e-02, PNorm = 144.6614, GNorm = 0.2718, lr_0 = 2.4199e-04
Validation rmse = 29.995174
Epoch 32
Loss = 3.8452e-02, PNorm = 144.6817, GNorm = 0.5887, lr_0 = 2.4143e-04
Loss = 3.9331e-02, PNorm = 144.7039, GNorm = 0.7554, lr_0 = 2.4092e-04
Loss = 3.9063e-02, PNorm = 144.7261, GNorm = 0.2678, lr_0 = 2.4042e-04
Loss = 3.5021e-02, PNorm = 144.7477, GNorm = 0.3217, lr_0 = 2.3991e-04
Loss = 3.8890e-02, PNorm = 144.7635, GNorm = 0.3259, lr_0 = 2.3941e-04
Loss = 3.7121e-02, PNorm = 144.7821, GNorm = 0.6080, lr_0 = 2.3891e-04
Loss = 3.5015e-02, PNorm = 144.8016, GNorm = 0.2938, lr_0 = 2.3841e-04
Loss = 3.1174e-02, PNorm = 144.8204, GNorm = 0.2023, lr_0 = 2.3791e-04
Loss = 3.5507e-02, PNorm = 144.8328, GNorm = 0.4605, lr_0 = 2.3741e-04
Loss = 3.7226e-02, PNorm = 144.8509, GNorm = 0.6033, lr_0 = 2.3691e-04
Loss = 3.9833e-02, PNorm = 144.8729, GNorm = 0.4514, lr_0 = 2.3642e-04
Loss = 3.5033e-02, PNorm = 144.8934, GNorm = 0.6758, lr_0 = 2.3592e-04
Loss = 3.5720e-02, PNorm = 144.9090, GNorm = 0.4326, lr_0 = 2.3543e-04
Loss = 3.9375e-02, PNorm = 144.9269, GNorm = 0.4773, lr_0 = 2.3493e-04
Loss = 4.0390e-02, PNorm = 144.9427, GNorm = 0.3216, lr_0 = 2.3444e-04
Loss = 4.0849e-02, PNorm = 144.9619, GNorm = 0.4580, lr_0 = 2.3395e-04
Loss = 4.6973e-02, PNorm = 144.9861, GNorm = 0.5308, lr_0 = 2.3346e-04
Loss = 3.9824e-02, PNorm = 145.0099, GNorm = 0.3897, lr_0 = 2.3297e-04
Loss = 3.6997e-02, PNorm = 145.0287, GNorm = 0.4003, lr_0 = 2.3248e-04
Loss = 3.9660e-02, PNorm = 145.0433, GNorm = 0.3316, lr_0 = 2.3200e-04
Loss = 3.9975e-02, PNorm = 145.0587, GNorm = 0.2603, lr_0 = 2.3151e-04
Validation rmse = 29.320320
Epoch 33
Loss = 3.3139e-02, PNorm = 145.0795, GNorm = 0.4119, lr_0 = 2.3103e-04
Loss = 3.6552e-02, PNorm = 145.0993, GNorm = 0.4318, lr_0 = 2.3054e-04
Loss = 3.6854e-02, PNorm = 145.1237, GNorm = 0.3575, lr_0 = 2.3006e-04
Loss = 4.0509e-02, PNorm = 145.1439, GNorm = 0.4086, lr_0 = 2.2958e-04
Loss = 3.1271e-02, PNorm = 145.1647, GNorm = 0.3940, lr_0 = 2.2910e-04
Loss = 3.6560e-02, PNorm = 145.1790, GNorm = 0.8137, lr_0 = 2.2862e-04
Loss = 3.4214e-02, PNorm = 145.1951, GNorm = 0.3267, lr_0 = 2.2814e-04
Loss = 3.4724e-02, PNorm = 145.2128, GNorm = 0.5179, lr_0 = 2.2766e-04
Loss = 3.5006e-02, PNorm = 145.2333, GNorm = 0.3647, lr_0 = 2.2718e-04
Loss = 3.6838e-02, PNorm = 145.2552, GNorm = 0.4798, lr_0 = 2.2671e-04
Loss = 3.6070e-02, PNorm = 145.2747, GNorm = 0.2811, lr_0 = 2.2623e-04
Loss = 3.8525e-02, PNorm = 145.2908, GNorm = 0.3671, lr_0 = 2.2576e-04
Loss = 3.7009e-02, PNorm = 145.3069, GNorm = 0.3657, lr_0 = 2.2528e-04
Loss = 3.8985e-02, PNorm = 145.3234, GNorm = 0.3401, lr_0 = 2.2481e-04
Loss = 3.8759e-02, PNorm = 145.3416, GNorm = 0.5606, lr_0 = 2.2434e-04
Loss = 3.3775e-02, PNorm = 145.3610, GNorm = 0.3545, lr_0 = 2.2387e-04
Loss = 3.7438e-02, PNorm = 145.3779, GNorm = 0.4021, lr_0 = 2.2340e-04
Loss = 3.7374e-02, PNorm = 145.3941, GNorm = 0.5074, lr_0 = 2.2293e-04
Loss = 3.8623e-02, PNorm = 145.4148, GNorm = 0.3593, lr_0 = 2.2247e-04
Loss = 4.1914e-02, PNorm = 145.4339, GNorm = 0.4052, lr_0 = 2.2200e-04
Loss = 3.8130e-02, PNorm = 145.4500, GNorm = 0.6545, lr_0 = 2.2154e-04
Loss = 3.5600e-02, PNorm = 145.4707, GNorm = 0.5537, lr_0 = 2.2107e-04
Validation rmse = 29.635062
Epoch 34
Loss = 3.4251e-02, PNorm = 145.4908, GNorm = 0.6322, lr_0 = 2.2056e-04
Loss = 3.6486e-02, PNorm = 145.5087, GNorm = 0.4613, lr_0 = 2.2010e-04
Loss = 3.3790e-02, PNorm = 145.5256, GNorm = 0.4354, lr_0 = 2.1964e-04
Loss = 3.4358e-02, PNorm = 145.5433, GNorm = 0.4347, lr_0 = 2.1918e-04
Loss = 3.6213e-02, PNorm = 145.5612, GNorm = 0.3018, lr_0 = 2.1872e-04
Loss = 3.9475e-02, PNorm = 145.5779, GNorm = 0.4471, lr_0 = 2.1826e-04
Loss = 3.0492e-02, PNorm = 145.5984, GNorm = 0.5114, lr_0 = 2.1780e-04
Loss = 3.5511e-02, PNorm = 145.6124, GNorm = 0.3615, lr_0 = 2.1735e-04
Loss = 3.0200e-02, PNorm = 145.6274, GNorm = 0.4598, lr_0 = 2.1689e-04
Loss = 3.5623e-02, PNorm = 145.6447, GNorm = 0.2348, lr_0 = 2.1644e-04
Loss = 3.3629e-02, PNorm = 145.6628, GNorm = 0.2588, lr_0 = 2.1598e-04
Loss = 3.5072e-02, PNorm = 145.6799, GNorm = 0.3098, lr_0 = 2.1553e-04
Loss = 3.5249e-02, PNorm = 145.6930, GNorm = 0.4566, lr_0 = 2.1508e-04
Loss = 3.3653e-02, PNorm = 145.7088, GNorm = 0.3865, lr_0 = 2.1463e-04
Loss = 3.1545e-02, PNorm = 145.7219, GNorm = 0.3055, lr_0 = 2.1418e-04
Loss = 3.3600e-02, PNorm = 145.7385, GNorm = 0.4169, lr_0 = 2.1373e-04
Loss = 3.6186e-02, PNorm = 145.7543, GNorm = 0.4336, lr_0 = 2.1328e-04
Loss = 3.4625e-02, PNorm = 145.7763, GNorm = 0.4907, lr_0 = 2.1284e-04
Loss = 3.4144e-02, PNorm = 145.7973, GNorm = 0.4840, lr_0 = 2.1239e-04
Loss = 3.1132e-02, PNorm = 145.8149, GNorm = 0.4399, lr_0 = 2.1195e-04
Loss = 3.8450e-02, PNorm = 145.8313, GNorm = 0.4198, lr_0 = 2.1150e-04
Validation rmse = 29.611070
Epoch 35
Loss = 3.7489e-02, PNorm = 145.8481, GNorm = 0.3709, lr_0 = 2.1106e-04
Loss = 3.5193e-02, PNorm = 145.8655, GNorm = 0.7192, lr_0 = 2.1062e-04
Loss = 3.8259e-02, PNorm = 145.8815, GNorm = 0.7189, lr_0 = 2.1017e-04
Loss = 4.0502e-02, PNorm = 145.9037, GNorm = 0.4790, lr_0 = 2.0973e-04
Loss = 3.5597e-02, PNorm = 145.9240, GNorm = 0.4930, lr_0 = 2.0930e-04
Loss = 3.7330e-02, PNorm = 145.9411, GNorm = 0.2956, lr_0 = 2.0886e-04
Loss = 4.1459e-02, PNorm = 145.9614, GNorm = 0.4579, lr_0 = 2.0842e-04
Loss = 3.8135e-02, PNorm = 145.9842, GNorm = 0.6273, lr_0 = 2.0798e-04
Loss = 3.7201e-02, PNorm = 146.0053, GNorm = 0.3840, lr_0 = 2.0755e-04
Loss = 3.4966e-02, PNorm = 146.0233, GNorm = 0.2802, lr_0 = 2.0711e-04
Loss = 3.1174e-02, PNorm = 146.0413, GNorm = 0.3114, lr_0 = 2.0668e-04
Loss = 3.2868e-02, PNorm = 146.0570, GNorm = 0.4977, lr_0 = 2.0624e-04
Loss = 3.3732e-02, PNorm = 146.0745, GNorm = 0.2807, lr_0 = 2.0581e-04
Loss = 2.9769e-02, PNorm = 146.0921, GNorm = 0.3453, lr_0 = 2.0538e-04
Loss = 3.7142e-02, PNorm = 146.1048, GNorm = 0.4517, lr_0 = 2.0495e-04
Loss = 3.3581e-02, PNorm = 146.1208, GNorm = 0.3365, lr_0 = 2.0452e-04
Loss = 3.7149e-02, PNorm = 146.1336, GNorm = 0.4969, lr_0 = 2.0409e-04
Loss = 3.0108e-02, PNorm = 146.1513, GNorm = 0.3444, lr_0 = 2.0367e-04
Loss = 3.6336e-02, PNorm = 146.1680, GNorm = 0.5651, lr_0 = 2.0324e-04
Loss = 2.8925e-02, PNorm = 146.1831, GNorm = 0.3979, lr_0 = 2.0281e-04
Loss = 3.2972e-02, PNorm = 146.1961, GNorm = 0.2965, lr_0 = 2.0239e-04
Validation rmse = 29.082677
Epoch 36
Loss = 3.1583e-02, PNorm = 146.2139, GNorm = 0.5585, lr_0 = 2.0192e-04
Loss = 3.1102e-02, PNorm = 146.2287, GNorm = 0.3497, lr_0 = 2.0150e-04
Loss = 3.1086e-02, PNorm = 146.2441, GNorm = 0.4571, lr_0 = 2.0108e-04
Loss = 4.1529e-02, PNorm = 146.2616, GNorm = 0.7529, lr_0 = 2.0066e-04
Loss = 3.4458e-02, PNorm = 146.2782, GNorm = 0.5377, lr_0 = 2.0024e-04
Loss = 3.4727e-02, PNorm = 146.2945, GNorm = 0.3143, lr_0 = 1.9982e-04
Loss = 3.8888e-02, PNorm = 146.3080, GNorm = 0.4138, lr_0 = 1.9940e-04
Loss = 3.3403e-02, PNorm = 146.3206, GNorm = 0.4566, lr_0 = 1.9898e-04
Loss = 4.0459e-02, PNorm = 146.3343, GNorm = 0.3473, lr_0 = 1.9856e-04
Loss = 3.4436e-02, PNorm = 146.3513, GNorm = 0.6087, lr_0 = 1.9815e-04
Loss = 3.3140e-02, PNorm = 146.3660, GNorm = 0.2879, lr_0 = 1.9773e-04
Loss = 3.5093e-02, PNorm = 146.3798, GNorm = 0.3749, lr_0 = 1.9732e-04
Loss = 2.5257e-02, PNorm = 146.3952, GNorm = 0.3492, lr_0 = 1.9690e-04
Loss = 3.4008e-02, PNorm = 146.4103, GNorm = 0.5391, lr_0 = 1.9649e-04
Loss = 3.5097e-02, PNorm = 146.4267, GNorm = 0.3214, lr_0 = 1.9608e-04
Loss = 3.7909e-02, PNorm = 146.4431, GNorm = 0.4658, lr_0 = 1.9567e-04
Loss = 3.8170e-02, PNorm = 146.4576, GNorm = 0.7753, lr_0 = 1.9526e-04
Loss = 3.1955e-02, PNorm = 146.4784, GNorm = 0.3157, lr_0 = 1.9485e-04
Loss = 3.6260e-02, PNorm = 146.4922, GNorm = 0.5327, lr_0 = 1.9444e-04
Loss = 3.4132e-02, PNorm = 146.5088, GNorm = 0.3467, lr_0 = 1.9403e-04
Loss = 3.4509e-02, PNorm = 146.5224, GNorm = 0.3397, lr_0 = 1.9363e-04
Loss = 3.7644e-02, PNorm = 146.5333, GNorm = 0.8023, lr_0 = 1.9322e-04
Validation rmse = 29.187662
Epoch 37
Loss = 3.2373e-02, PNorm = 146.5532, GNorm = 0.2857, lr_0 = 1.9282e-04
Loss = 3.2703e-02, PNorm = 146.5742, GNorm = 0.2611, lr_0 = 1.9241e-04
Loss = 3.0852e-02, PNorm = 146.5865, GNorm = 0.4969, lr_0 = 1.9201e-04
Loss = 2.9404e-02, PNorm = 146.5965, GNorm = 0.3449, lr_0 = 1.9161e-04
Loss = 3.6475e-02, PNorm = 146.6101, GNorm = 0.4494, lr_0 = 1.9121e-04
Loss = 3.0318e-02, PNorm = 146.6269, GNorm = 0.6430, lr_0 = 1.9081e-04
Loss = 3.3805e-02, PNorm = 146.6395, GNorm = 0.2846, lr_0 = 1.9041e-04
Loss = 3.9891e-02, PNorm = 146.6528, GNorm = 0.3198, lr_0 = 1.9001e-04
Loss = 3.3648e-02, PNorm = 146.6671, GNorm = 0.4602, lr_0 = 1.8961e-04
Loss = 3.0401e-02, PNorm = 146.6877, GNorm = 0.5485, lr_0 = 1.8921e-04
Loss = 3.4869e-02, PNorm = 146.7031, GNorm = 0.4325, lr_0 = 1.8881e-04
Loss = 3.1904e-02, PNorm = 146.7187, GNorm = 0.6443, lr_0 = 1.8842e-04
Loss = 2.7843e-02, PNorm = 146.7339, GNorm = 0.3099, lr_0 = 1.8802e-04
Loss = 3.2131e-02, PNorm = 146.7459, GNorm = 0.3945, lr_0 = 1.8763e-04
Loss = 3.3568e-02, PNorm = 146.7589, GNorm = 0.3041, lr_0 = 1.8724e-04
Loss = 3.2796e-02, PNorm = 146.7741, GNorm = 0.3348, lr_0 = 1.8685e-04
Loss = 2.7113e-02, PNorm = 146.7870, GNorm = 0.4714, lr_0 = 1.8645e-04
Loss = 3.5358e-02, PNorm = 146.7946, GNorm = 0.5926, lr_0 = 1.8606e-04
Loss = 2.9745e-02, PNorm = 146.8085, GNorm = 0.2764, lr_0 = 1.8567e-04
Loss = 3.3290e-02, PNorm = 146.8215, GNorm = 0.4092, lr_0 = 1.8528e-04
Loss = 3.1203e-02, PNorm = 146.8333, GNorm = 0.3984, lr_0 = 1.8490e-04
Validation rmse = 29.246224
Epoch 38
Loss = 2.7137e-02, PNorm = 146.8484, GNorm = 0.2108, lr_0 = 1.8451e-04
Loss = 3.0200e-02, PNorm = 146.8656, GNorm = 0.4754, lr_0 = 1.8412e-04
Loss = 2.9189e-02, PNorm = 146.8781, GNorm = 0.5131, lr_0 = 1.8374e-04
Loss = 3.2399e-02, PNorm = 146.8915, GNorm = 0.2559, lr_0 = 1.8335e-04
Loss = 3.9540e-02, PNorm = 146.9054, GNorm = 0.5667, lr_0 = 1.8297e-04
Loss = 3.4642e-02, PNorm = 146.9227, GNorm = 0.3052, lr_0 = 1.8258e-04
Loss = 2.7767e-02, PNorm = 146.9376, GNorm = 0.4804, lr_0 = 1.8220e-04
Loss = 3.7931e-02, PNorm = 146.9519, GNorm = 0.2846, lr_0 = 1.8182e-04
Loss = 2.8584e-02, PNorm = 146.9674, GNorm = 0.3877, lr_0 = 1.8144e-04
Loss = 3.0725e-02, PNorm = 146.9800, GNorm = 0.3799, lr_0 = 1.8106e-04
Loss = 3.1975e-02, PNorm = 146.9922, GNorm = 0.3329, lr_0 = 1.8068e-04
Loss = 3.1251e-02, PNorm = 147.0083, GNorm = 0.3492, lr_0 = 1.8030e-04
Loss = 3.5751e-02, PNorm = 147.0226, GNorm = 0.3477, lr_0 = 1.7992e-04
Loss = 3.1790e-02, PNorm = 147.0331, GNorm = 0.2558, lr_0 = 1.7955e-04
Loss = 3.4693e-02, PNorm = 147.0427, GNorm = 0.7655, lr_0 = 1.7917e-04
Loss = 2.8713e-02, PNorm = 147.0561, GNorm = 0.4220, lr_0 = 1.7879e-04
Loss = 3.1650e-02, PNorm = 147.0720, GNorm = 0.3574, lr_0 = 1.7842e-04
Loss = 3.4878e-02, PNorm = 147.0890, GNorm = 0.3669, lr_0 = 1.7805e-04
Loss = 3.7472e-02, PNorm = 147.1044, GNorm = 0.6109, lr_0 = 1.7767e-04
Loss = 3.6775e-02, PNorm = 147.1192, GNorm = 0.3330, lr_0 = 1.7730e-04
Loss = 3.2446e-02, PNorm = 147.1336, GNorm = 0.3934, lr_0 = 1.7693e-04
Validation rmse = 29.060568
Epoch 39
Loss = 3.0722e-02, PNorm = 147.1485, GNorm = 0.4113, lr_0 = 1.7652e-04
Loss = 3.6108e-02, PNorm = 147.1633, GNorm = 0.2941, lr_0 = 1.7615e-04
Loss = 3.2774e-02, PNorm = 147.1784, GNorm = 0.3208, lr_0 = 1.7578e-04
Loss = 2.9474e-02, PNorm = 147.1899, GNorm = 0.4572, lr_0 = 1.7541e-04
Loss = 3.3884e-02, PNorm = 147.2050, GNorm = 0.3108, lr_0 = 1.7505e-04
Loss = 2.6667e-02, PNorm = 147.2174, GNorm = 0.3623, lr_0 = 1.7468e-04
Loss = 3.2809e-02, PNorm = 147.2300, GNorm = 0.4549, lr_0 = 1.7431e-04
Loss = 3.5655e-02, PNorm = 147.2412, GNorm = 0.5320, lr_0 = 1.7395e-04
Loss = 3.2573e-02, PNorm = 147.2543, GNorm = 0.3198, lr_0 = 1.7358e-04
Loss = 3.0589e-02, PNorm = 147.2630, GNorm = 0.3221, lr_0 = 1.7322e-04
Loss = 3.3805e-02, PNorm = 147.2738, GNorm = 0.7312, lr_0 = 1.7286e-04
Loss = 3.1783e-02, PNorm = 147.2895, GNorm = 0.6265, lr_0 = 1.7250e-04
Loss = 3.5432e-02, PNorm = 147.3032, GNorm = 0.4996, lr_0 = 1.7213e-04
Loss = 3.2974e-02, PNorm = 147.3213, GNorm = 0.3702, lr_0 = 1.7177e-04
Loss = 3.0771e-02, PNorm = 147.3362, GNorm = 0.4065, lr_0 = 1.7141e-04
Loss = 3.3819e-02, PNorm = 147.3472, GNorm = 0.3167, lr_0 = 1.7105e-04
Loss = 2.9349e-02, PNorm = 147.3610, GNorm = 0.5093, lr_0 = 1.7070e-04
Loss = 2.9530e-02, PNorm = 147.3775, GNorm = 0.3294, lr_0 = 1.7034e-04
Loss = 2.8593e-02, PNorm = 147.3928, GNorm = 0.3645, lr_0 = 1.6998e-04
Loss = 2.8169e-02, PNorm = 147.4074, GNorm = 0.4151, lr_0 = 1.6963e-04
Loss = 2.6600e-02, PNorm = 147.4194, GNorm = 0.3826, lr_0 = 1.6927e-04
Loss = 3.0259e-02, PNorm = 147.4300, GNorm = 0.5524, lr_0 = 1.6892e-04
Validation rmse = 29.110023
Epoch 40
Loss = 2.6550e-02, PNorm = 147.4437, GNorm = 0.3189, lr_0 = 1.6856e-04
Loss = 3.1554e-02, PNorm = 147.4560, GNorm = 0.4805, lr_0 = 1.6821e-04
Loss = 2.8173e-02, PNorm = 147.4685, GNorm = 0.3003, lr_0 = 1.6786e-04
Loss = 2.9694e-02, PNorm = 147.4788, GNorm = 0.3784, lr_0 = 1.6750e-04
Loss = 2.7961e-02, PNorm = 147.4889, GNorm = 0.4546, lr_0 = 1.6715e-04
Loss = 2.3970e-02, PNorm = 147.4998, GNorm = 0.4504, lr_0 = 1.6680e-04
Loss = 3.3400e-02, PNorm = 147.5109, GNorm = 0.6336, lr_0 = 1.6645e-04
Loss = 2.9901e-02, PNorm = 147.5210, GNorm = 0.5502, lr_0 = 1.6610e-04
Loss = 2.7413e-02, PNorm = 147.5331, GNorm = 0.2642, lr_0 = 1.6576e-04
Loss = 3.3626e-02, PNorm = 147.5443, GNorm = 0.2396, lr_0 = 1.6541e-04
Loss = 3.1802e-02, PNorm = 147.5568, GNorm = 0.2974, lr_0 = 1.6506e-04
Loss = 3.0917e-02, PNorm = 147.5675, GNorm = 0.3006, lr_0 = 1.6472e-04
Loss = 3.5137e-02, PNorm = 147.5823, GNorm = 0.4298, lr_0 = 1.6437e-04
Loss = 3.0433e-02, PNorm = 147.5966, GNorm = 0.5682, lr_0 = 1.6403e-04
Loss = 3.0421e-02, PNorm = 147.6123, GNorm = 0.3097, lr_0 = 1.6368e-04
Loss = 3.0753e-02, PNorm = 147.6239, GNorm = 0.2675, lr_0 = 1.6334e-04
Loss = 3.5966e-02, PNorm = 147.6372, GNorm = 0.3873, lr_0 = 1.6300e-04
Loss = 3.3385e-02, PNorm = 147.6491, GNorm = 0.3500, lr_0 = 1.6266e-04
Loss = 3.2125e-02, PNorm = 147.6654, GNorm = 0.4223, lr_0 = 1.6232e-04
Loss = 3.1491e-02, PNorm = 147.6797, GNorm = 0.4027, lr_0 = 1.6198e-04
Loss = 3.1672e-02, PNorm = 147.6898, GNorm = 0.3366, lr_0 = 1.6164e-04
Validation rmse = 28.619059
Epoch 41
Loss = 2.9134e-02, PNorm = 147.7016, GNorm = 0.4582, lr_0 = 1.6126e-04
Loss = 2.7598e-02, PNorm = 147.7146, GNorm = 0.2435, lr_0 = 1.6093e-04
Loss = 2.5249e-02, PNorm = 147.7242, GNorm = 0.3103, lr_0 = 1.6059e-04
Loss = 2.9251e-02, PNorm = 147.7346, GNorm = 0.2411, lr_0 = 1.6025e-04
Loss = 2.8180e-02, PNorm = 147.7446, GNorm = 0.2533, lr_0 = 1.5992e-04
Loss = 3.1493e-02, PNorm = 147.7564, GNorm = 0.4433, lr_0 = 1.5958e-04
Loss = 3.0204e-02, PNorm = 147.7681, GNorm = 0.5176, lr_0 = 1.5925e-04
Loss = 2.9436e-02, PNorm = 147.7815, GNorm = 0.2842, lr_0 = 1.5891e-04
Loss = 3.3661e-02, PNorm = 147.7955, GNorm = 0.4342, lr_0 = 1.5858e-04
Loss = 2.4696e-02, PNorm = 147.8078, GNorm = 0.3689, lr_0 = 1.5825e-04
Loss = 2.9696e-02, PNorm = 147.8210, GNorm = 0.2813, lr_0 = 1.5792e-04
Loss = 3.0191e-02, PNorm = 147.8302, GNorm = 1.4084, lr_0 = 1.5759e-04
Loss = 2.5864e-02, PNorm = 147.8403, GNorm = 0.5225, lr_0 = 1.5726e-04
Loss = 3.2572e-02, PNorm = 147.8528, GNorm = 0.4507, lr_0 = 1.5693e-04
Loss = 3.7565e-02, PNorm = 147.8644, GNorm = 0.3207, lr_0 = 1.5660e-04
Loss = 3.0246e-02, PNorm = 147.8792, GNorm = 0.4307, lr_0 = 1.5627e-04
Loss = 2.7470e-02, PNorm = 147.8916, GNorm = 0.1917, lr_0 = 1.5594e-04
Loss = 2.5488e-02, PNorm = 147.9032, GNorm = 0.5073, lr_0 = 1.5562e-04
Loss = 3.7983e-02, PNorm = 147.9150, GNorm = 0.3978, lr_0 = 1.5529e-04
Loss = 2.9078e-02, PNorm = 147.9304, GNorm = 0.3543, lr_0 = 1.5496e-04
Loss = 2.6194e-02, PNorm = 147.9421, GNorm = 0.5501, lr_0 = 1.5464e-04
Loss = 3.1846e-02, PNorm = 147.9525, GNorm = 0.4698, lr_0 = 1.5432e-04
Validation rmse = 28.750580
Epoch 42
Loss = 2.9845e-02, PNorm = 147.9675, GNorm = 0.2968, lr_0 = 1.5399e-04
Loss = 2.9331e-02, PNorm = 147.9811, GNorm = 0.3863, lr_0 = 1.5367e-04
Loss = 2.3812e-02, PNorm = 147.9910, GNorm = 0.4308, lr_0 = 1.5335e-04
Loss = 2.3266e-02, PNorm = 147.9993, GNorm = 0.2399, lr_0 = 1.5303e-04
Loss = 2.8310e-02, PNorm = 148.0087, GNorm = 0.3381, lr_0 = 1.5271e-04
Loss = 3.1580e-02, PNorm = 148.0197, GNorm = 0.5952, lr_0 = 1.5239e-04
Loss = 3.1783e-02, PNorm = 148.0274, GNorm = 0.3560, lr_0 = 1.5207e-04
Loss = 3.1268e-02, PNorm = 148.0401, GNorm = 0.3280, lr_0 = 1.5175e-04
Loss = 3.0700e-02, PNorm = 148.0527, GNorm = 0.2530, lr_0 = 1.5143e-04
Loss = 2.8513e-02, PNorm = 148.0655, GNorm = 0.5594, lr_0 = 1.5111e-04
Loss = 2.8484e-02, PNorm = 148.0777, GNorm = 0.5484, lr_0 = 1.5080e-04
Loss = 3.4379e-02, PNorm = 148.0905, GNorm = 0.3751, lr_0 = 1.5048e-04
Loss = 2.5875e-02, PNorm = 148.1024, GNorm = 0.4145, lr_0 = 1.5017e-04
Loss = 2.8894e-02, PNorm = 148.1161, GNorm = 0.4625, lr_0 = 1.4985e-04
Loss = 2.6024e-02, PNorm = 148.1256, GNorm = 0.3202, lr_0 = 1.4954e-04
Loss = 3.1834e-02, PNorm = 148.1345, GNorm = 0.3910, lr_0 = 1.4922e-04
Loss = 3.1322e-02, PNorm = 148.1441, GNorm = 0.4323, lr_0 = 1.4891e-04
Loss = 2.8100e-02, PNorm = 148.1567, GNorm = 0.2030, lr_0 = 1.4860e-04
Loss = 3.1548e-02, PNorm = 148.1689, GNorm = 0.3521, lr_0 = 1.4829e-04
Loss = 2.9259e-02, PNorm = 148.1832, GNorm = 0.3462, lr_0 = 1.4798e-04
Loss = 2.7749e-02, PNorm = 148.1929, GNorm = 0.2954, lr_0 = 1.4767e-04
Validation rmse = 29.369585
Epoch 43
Loss = 2.3267e-02, PNorm = 148.2035, GNorm = 0.6567, lr_0 = 1.4733e-04
Loss = 2.7426e-02, PNorm = 148.2112, GNorm = 0.3373, lr_0 = 1.4702e-04
Loss = 2.7408e-02, PNorm = 148.2205, GNorm = 0.2993, lr_0 = 1.4671e-04
Loss = 2.7312e-02, PNorm = 148.2308, GNorm = 0.2508, lr_0 = 1.4640e-04
Loss = 2.8037e-02, PNorm = 148.2425, GNorm = 0.2778, lr_0 = 1.4610e-04
Loss = 2.7880e-02, PNorm = 148.2536, GNorm = 0.3359, lr_0 = 1.4579e-04
Loss = 2.6195e-02, PNorm = 148.2632, GNorm = 0.2881, lr_0 = 1.4548e-04
Loss = 2.4269e-02, PNorm = 148.2714, GNorm = 0.4282, lr_0 = 1.4518e-04
Loss = 2.6456e-02, PNorm = 148.2787, GNorm = 0.2555, lr_0 = 1.4488e-04
Loss = 2.8720e-02, PNorm = 148.2889, GNorm = 0.3819, lr_0 = 1.4457e-04
Loss = 2.8208e-02, PNorm = 148.2962, GNorm = 0.2443, lr_0 = 1.4427e-04
Loss = 2.8291e-02, PNorm = 148.3065, GNorm = 0.4018, lr_0 = 1.4397e-04
Loss = 3.2855e-02, PNorm = 148.3169, GNorm = 0.5393, lr_0 = 1.4366e-04
Loss = 2.9364e-02, PNorm = 148.3288, GNorm = 0.2354, lr_0 = 1.4336e-04
Loss = 2.5863e-02, PNorm = 148.3417, GNorm = 0.5015, lr_0 = 1.4306e-04
Loss = 3.3387e-02, PNorm = 148.3521, GNorm = 0.6955, lr_0 = 1.4276e-04
Loss = 2.8978e-02, PNorm = 148.3651, GNorm = 0.2806, lr_0 = 1.4246e-04
Loss = 2.6447e-02, PNorm = 148.3780, GNorm = 0.3409, lr_0 = 1.4217e-04
Loss = 2.7745e-02, PNorm = 148.3910, GNorm = 0.5076, lr_0 = 1.4187e-04
Loss = 2.9863e-02, PNorm = 148.4017, GNorm = 0.4984, lr_0 = 1.4157e-04
Loss = 2.7195e-02, PNorm = 148.4108, GNorm = 0.3611, lr_0 = 1.4127e-04
Validation rmse = 28.493924
Epoch 44
Loss = 4.0037e-02, PNorm = 148.4211, GNorm = 0.3672, lr_0 = 1.4098e-04
Loss = 2.4179e-02, PNorm = 148.4332, GNorm = 0.2275, lr_0 = 1.4068e-04
Loss = 2.8762e-02, PNorm = 148.4433, GNorm = 0.6287, lr_0 = 1.4039e-04
Loss = 2.6909e-02, PNorm = 148.4518, GNorm = 0.5566, lr_0 = 1.4009e-04
Loss = 3.0120e-02, PNorm = 148.4632, GNorm = 0.3214, lr_0 = 1.3980e-04
Loss = 2.6227e-02, PNorm = 148.4732, GNorm = 0.3891, lr_0 = 1.3951e-04
Loss = 3.1967e-02, PNorm = 148.4802, GNorm = 0.2452, lr_0 = 1.3922e-04
Loss = 2.5108e-02, PNorm = 148.4903, GNorm = 0.2117, lr_0 = 1.3892e-04
Loss = 2.5027e-02, PNorm = 148.5027, GNorm = 0.4363, lr_0 = 1.3863e-04
Loss = 2.5974e-02, PNorm = 148.5144, GNorm = 0.3379, lr_0 = 1.3834e-04
Loss = 2.5574e-02, PNorm = 148.5250, GNorm = 0.2795, lr_0 = 1.3805e-04
Loss = 2.9636e-02, PNorm = 148.5339, GNorm = 0.3271, lr_0 = 1.3776e-04
Loss = 2.8548e-02, PNorm = 148.5442, GNorm = 0.2304, lr_0 = 1.3747e-04
Loss = 2.6984e-02, PNorm = 148.5551, GNorm = 0.3741, lr_0 = 1.3719e-04
Loss = 2.3358e-02, PNorm = 148.5647, GNorm = 0.2454, lr_0 = 1.3690e-04
Loss = 2.4325e-02, PNorm = 148.5721, GNorm = 0.3803, lr_0 = 1.3661e-04
Loss = 2.8170e-02, PNorm = 148.5795, GNorm = 0.3500, lr_0 = 1.3633e-04
Loss = 2.8780e-02, PNorm = 148.5880, GNorm = 0.2161, lr_0 = 1.3604e-04
Loss = 2.5757e-02, PNorm = 148.5973, GNorm = 0.3908, lr_0 = 1.3576e-04
Loss = 2.5979e-02, PNorm = 148.6066, GNorm = 0.4269, lr_0 = 1.3547e-04
Loss = 3.1881e-02, PNorm = 148.6166, GNorm = 0.3411, lr_0 = 1.3519e-04
Loss = 2.7536e-02, PNorm = 148.6270, GNorm = 0.3503, lr_0 = 1.3490e-04
Validation rmse = 28.421020
Epoch 45
Loss = 2.9665e-02, PNorm = 148.6372, GNorm = 0.2611, lr_0 = 1.3462e-04
Loss = 2.8013e-02, PNorm = 148.6468, GNorm = 0.3067, lr_0 = 1.3434e-04
Loss = 2.3764e-02, PNorm = 148.6560, GNorm = 0.4256, lr_0 = 1.3406e-04
Loss = 2.4186e-02, PNorm = 148.6658, GNorm = 0.2772, lr_0 = 1.3378e-04
Loss = 2.4066e-02, PNorm = 148.6751, GNorm = 0.3059, lr_0 = 1.3350e-04
Loss = 2.8054e-02, PNorm = 148.6849, GNorm = 0.3898, lr_0 = 1.3322e-04
Loss = 2.5911e-02, PNorm = 148.6940, GNorm = 0.5657, lr_0 = 1.3294e-04
Loss = 2.5234e-02, PNorm = 148.7028, GNorm = 0.4880, lr_0 = 1.3266e-04
Loss = 2.6708e-02, PNorm = 148.7118, GNorm = 0.2743, lr_0 = 1.3238e-04
Loss = 2.9112e-02, PNorm = 148.7227, GNorm = 0.3275, lr_0 = 1.3210e-04
Loss = 2.3865e-02, PNorm = 148.7311, GNorm = 0.2780, lr_0 = 1.3183e-04
Loss = 2.6492e-02, PNorm = 148.7392, GNorm = 0.4521, lr_0 = 1.3155e-04
Loss = 3.1675e-02, PNorm = 148.7489, GNorm = 0.7025, lr_0 = 1.3128e-04
Loss = 3.1462e-02, PNorm = 148.7601, GNorm = 0.2274, lr_0 = 1.3100e-04
Loss = 2.3397e-02, PNorm = 148.7719, GNorm = 0.3134, lr_0 = 1.3073e-04
Loss = 3.0430e-02, PNorm = 148.7810, GNorm = 0.3657, lr_0 = 1.3045e-04
Loss = 2.5675e-02, PNorm = 148.7922, GNorm = 0.3792, lr_0 = 1.3018e-04
Loss = 2.4896e-02, PNorm = 148.8036, GNorm = 0.2743, lr_0 = 1.2991e-04
Loss = 2.3415e-02, PNorm = 148.8132, GNorm = 0.3080, lr_0 = 1.2963e-04
Loss = 2.7860e-02, PNorm = 148.8236, GNorm = 0.2435, lr_0 = 1.2936e-04
Loss = 2.7603e-02, PNorm = 148.8312, GNorm = 0.3688, lr_0 = 1.2909e-04
Validation rmse = 28.841752
Epoch 46
Loss = 2.3265e-02, PNorm = 148.8400, GNorm = 0.3229, lr_0 = 1.2879e-04
Loss = 2.3452e-02, PNorm = 148.8486, GNorm = 0.2473, lr_0 = 1.2852e-04
Loss = 2.1735e-02, PNorm = 148.8575, GNorm = 0.2702, lr_0 = 1.2825e-04
Loss = 3.1529e-02, PNorm = 148.8673, GNorm = 0.4250, lr_0 = 1.2799e-04
Loss = 2.3396e-02, PNorm = 148.8749, GNorm = 0.3525, lr_0 = 1.2772e-04
Loss = 2.9930e-02, PNorm = 148.8844, GNorm = 0.2746, lr_0 = 1.2745e-04
Loss = 2.4751e-02, PNorm = 148.8933, GNorm = 0.2560, lr_0 = 1.2718e-04
Loss = 2.7381e-02, PNorm = 148.9001, GNorm = 0.4010, lr_0 = 1.2692e-04
Loss = 2.7592e-02, PNorm = 148.9070, GNorm = 0.2611, lr_0 = 1.2665e-04
Loss = 2.2293e-02, PNorm = 148.9140, GNorm = 0.3175, lr_0 = 1.2639e-04
Loss = 3.0987e-02, PNorm = 148.9244, GNorm = 0.3352, lr_0 = 1.2612e-04
Loss = 2.9230e-02, PNorm = 148.9338, GNorm = 0.3805, lr_0 = 1.2586e-04
Loss = 2.8317e-02, PNorm = 148.9446, GNorm = 0.3638, lr_0 = 1.2559e-04
Loss = 2.1423e-02, PNorm = 148.9546, GNorm = 0.2575, lr_0 = 1.2533e-04
Loss = 2.5103e-02, PNorm = 148.9644, GNorm = 0.5781, lr_0 = 1.2507e-04
Loss = 2.5581e-02, PNorm = 148.9752, GNorm = 0.4488, lr_0 = 1.2480e-04
Loss = 2.5803e-02, PNorm = 148.9807, GNorm = 0.3765, lr_0 = 1.2454e-04
Loss = 2.9545e-02, PNorm = 148.9874, GNorm = 0.2092, lr_0 = 1.2428e-04
Loss = 2.8636e-02, PNorm = 148.9959, GNorm = 0.2710, lr_0 = 1.2402e-04
Loss = 2.9825e-02, PNorm = 149.0028, GNorm = 0.3286, lr_0 = 1.2376e-04
Loss = 2.7384e-02, PNorm = 149.0110, GNorm = 0.3874, lr_0 = 1.2350e-04
Validation rmse = 28.136215
Epoch 47
Loss = 2.3414e-02, PNorm = 149.0193, GNorm = 0.3762, lr_0 = 1.2324e-04
Loss = 2.9575e-02, PNorm = 149.0264, GNorm = 0.3542, lr_0 = 1.2299e-04
Loss = 2.3124e-02, PNorm = 149.0359, GNorm = 0.3589, lr_0 = 1.2273e-04
Loss = 2.4579e-02, PNorm = 149.0458, GNorm = 0.2299, lr_0 = 1.2247e-04
Loss = 2.4405e-02, PNorm = 149.0544, GNorm = 0.2179, lr_0 = 1.2221e-04
Loss = 2.6678e-02, PNorm = 149.0625, GNorm = 0.2759, lr_0 = 1.2196e-04
Loss = 2.8948e-02, PNorm = 149.0713, GNorm = 0.3565, lr_0 = 1.2170e-04
Loss = 2.8715e-02, PNorm = 149.0808, GNorm = 0.3840, lr_0 = 1.2145e-04
Loss = 2.8328e-02, PNorm = 149.0902, GNorm = 0.5411, lr_0 = 1.2119e-04
Loss = 2.6387e-02, PNorm = 149.1003, GNorm = 0.4367, lr_0 = 1.2094e-04
Loss = 2.2357e-02, PNorm = 149.1079, GNorm = 0.3898, lr_0 = 1.2069e-04
Loss = 2.8455e-02, PNorm = 149.1155, GNorm = 0.6118, lr_0 = 1.2043e-04
Loss = 2.8115e-02, PNorm = 149.1237, GNorm = 0.7605, lr_0 = 1.2018e-04
Loss = 2.9905e-02, PNorm = 149.1323, GNorm = 0.3734, lr_0 = 1.1993e-04
Loss = 2.2388e-02, PNorm = 149.1407, GNorm = 0.3085, lr_0 = 1.1968e-04
Loss = 2.7957e-02, PNorm = 149.1488, GNorm = 0.3702, lr_0 = 1.1943e-04
Loss = 2.3616e-02, PNorm = 149.1569, GNorm = 0.4363, lr_0 = 1.1918e-04
Loss = 3.2369e-02, PNorm = 149.1667, GNorm = 0.3672, lr_0 = 1.1893e-04
Loss = 2.7263e-02, PNorm = 149.1769, GNorm = 0.2122, lr_0 = 1.1868e-04
Loss = 2.4738e-02, PNorm = 149.1861, GNorm = 0.3760, lr_0 = 1.1843e-04
Loss = 2.7766e-02, PNorm = 149.1931, GNorm = 0.3316, lr_0 = 1.1818e-04
Loss = 2.3498e-02, PNorm = 149.2027, GNorm = 0.2447, lr_0 = 1.1793e-04
Validation rmse = 28.534294
Epoch 48
Loss = 2.3854e-02, PNorm = 149.2089, GNorm = 0.4506, lr_0 = 1.1766e-04
Loss = 2.3279e-02, PNorm = 149.2170, GNorm = 0.3954, lr_0 = 1.1742e-04
Loss = 2.5405e-02, PNorm = 149.2251, GNorm = 0.2263, lr_0 = 1.1717e-04
Loss = 2.2142e-02, PNorm = 149.2323, GNorm = 0.2250, lr_0 = 1.1692e-04
Loss = 2.9968e-02, PNorm = 149.2397, GNorm = 0.2239, lr_0 = 1.1668e-04
Loss = 2.5244e-02, PNorm = 149.2508, GNorm = 0.4503, lr_0 = 1.1643e-04
Loss = 3.2134e-02, PNorm = 149.2644, GNorm = 0.4261, lr_0 = 1.1619e-04
Loss = 3.0929e-02, PNorm = 149.2767, GNorm = 0.3864, lr_0 = 1.1595e-04
Loss = 2.4914e-02, PNorm = 149.2840, GNorm = 0.2120, lr_0 = 1.1570e-04
Loss = 2.7048e-02, PNorm = 149.2906, GNorm = 0.2390, lr_0 = 1.1546e-04
Loss = 2.2326e-02, PNorm = 149.2966, GNorm = 0.2222, lr_0 = 1.1522e-04
Loss = 3.0949e-02, PNorm = 149.3047, GNorm = 0.2893, lr_0 = 1.1498e-04
Loss = 2.7264e-02, PNorm = 149.3123, GNorm = 0.2578, lr_0 = 1.1474e-04
Loss = 2.7359e-02, PNorm = 149.3202, GNorm = 0.3738, lr_0 = 1.1450e-04
Loss = 2.7015e-02, PNorm = 149.3280, GNorm = 0.3351, lr_0 = 1.1426e-04
Loss = 2.2151e-02, PNorm = 149.3381, GNorm = 0.6079, lr_0 = 1.1402e-04
Loss = 2.6164e-02, PNorm = 149.3454, GNorm = 0.2383, lr_0 = 1.1378e-04
Loss = 2.7242e-02, PNorm = 149.3533, GNorm = 0.2603, lr_0 = 1.1354e-04
Loss = 2.5164e-02, PNorm = 149.3615, GNorm = 0.3169, lr_0 = 1.1330e-04
Loss = 2.2073e-02, PNorm = 149.3695, GNorm = 0.4504, lr_0 = 1.1307e-04
Loss = 2.4073e-02, PNorm = 149.3782, GNorm = 0.3895, lr_0 = 1.1283e-04
Validation rmse = 28.497539
Epoch 49
Loss = 2.6586e-02, PNorm = 149.3854, GNorm = 0.2989, lr_0 = 1.1259e-04
Loss = 2.2116e-02, PNorm = 149.3944, GNorm = 0.3572, lr_0 = 1.1236e-04
Loss = 1.9747e-02, PNorm = 149.4015, GNorm = 0.3422, lr_0 = 1.1212e-04
Loss = 2.1261e-02, PNorm = 149.4092, GNorm = 0.2211, lr_0 = 1.1189e-04
Loss = 2.4482e-02, PNorm = 149.4150, GNorm = 0.3117, lr_0 = 1.1165e-04
Loss = 2.8477e-02, PNorm = 149.4219, GNorm = 0.2340, lr_0 = 1.1142e-04
Loss = 2.3072e-02, PNorm = 149.4294, GNorm = 0.2219, lr_0 = 1.1118e-04
Loss = 2.7157e-02, PNorm = 149.4373, GNorm = 0.2158, lr_0 = 1.1095e-04
Loss = 2.7665e-02, PNorm = 149.4444, GNorm = 0.3177, lr_0 = 1.1072e-04
Loss = 2.3618e-02, PNorm = 149.4519, GNorm = 0.3061, lr_0 = 1.1049e-04
Loss = 2.5394e-02, PNorm = 149.4589, GNorm = 0.3608, lr_0 = 1.1026e-04
Loss = 2.6743e-02, PNorm = 149.4658, GNorm = 0.2936, lr_0 = 1.1002e-04
Loss = 2.3777e-02, PNorm = 149.4733, GNorm = 0.2565, lr_0 = 1.0979e-04
Loss = 2.2918e-02, PNorm = 149.4814, GNorm = 0.2503, lr_0 = 1.0956e-04
Loss = 2.1593e-02, PNorm = 149.4876, GNorm = 0.2594, lr_0 = 1.0933e-04
Loss = 2.8030e-02, PNorm = 149.4943, GNorm = 0.3644, lr_0 = 1.0911e-04
Loss = 2.1506e-02, PNorm = 149.5019, GNorm = 0.2103, lr_0 = 1.0892e-04
Loss = 2.6069e-02, PNorm = 149.5084, GNorm = 0.2693, lr_0 = 1.0892e-04
Loss = 2.3904e-02, PNorm = 149.5149, GNorm = 0.2819, lr_0 = 1.0892e-04
Loss = 2.9019e-02, PNorm = 149.5233, GNorm = 0.3026, lr_0 = 1.0892e-04
Loss = 2.7478e-02, PNorm = 149.5315, GNorm = 0.4700, lr_0 = 1.0892e-04
Validation rmse = 27.816602
Model 0 best validation rmse = 27.816602 on epoch 49
Loading pretrained parameter "encoder.encoder.0.cached_zero_vector".
Loading pretrained parameter "encoder.encoder.0.W_i.weight".
Loading pretrained parameter "encoder.encoder.0.W_h.weight".
Loading pretrained parameter "encoder.encoder.0.W_o.weight".
Loading pretrained parameter "encoder.encoder.0.W_o.bias".
Loading pretrained parameter "encoder.encoder.1.cached_zero_vector".
Loading pretrained parameter "encoder.encoder.1.W_i.weight".
Loading pretrained parameter "encoder.encoder.1.W_h.weight".
Loading pretrained parameter "encoder.encoder.1.W_o.weight".
Loading pretrained parameter "encoder.encoder.1.W_o.bias".
Loading pretrained parameter "ffn.1.weight".
Loading pretrained parameter "ffn.1.bias".
Loading pretrained parameter "ffn.4.weight".
Loading pretrained parameter "ffn.4.bias".
Loading pretrained parameter "ffn.7.weight".
Loading pretrained parameter "ffn.7.bias".
Moving model to cuda
Model 0 test rmse = 25.473878
Ensemble test rmse = 25.473878
1-fold cross validation
	Seed 0 ==> test rmse = 25.473878
Overall test rmse = 25.473878 +/- 0.000000
Elapsed time = 0:40:40
