Command line
python /home/kpg/chemprop/train.py --data_path ../../../data/splits/lambda_max_abs/deep4chem/group_by_smiles/smiles_target_train.csv --dataset_type regression --save_dir /home/kimele03/uvvisml/uvvisml/models/both_peaks_checkpoints/group_by_smiles/results/507013/49672068 --config_path /home/kimele03/uvvisml/uvvisml/models/both_peaks_checkpoints/group_by_smiles/results/507013/49672068/hyperopt.json --metric rmse --epochs 50 --gpu 0 --ensemble_size 1 --separate_val_path ../../../data/splits/lambda_max_abs/deep4chem/group_by_smiles/smiles_target_val.csv --separate_test_path ../../../data/splits/lambda_max_abs/deep4chem/group_by_smiles/smiles_target_test.csv --number_of_molecules 2
Args
{'activation': 'ReLU',
 'aggregation': 'mean',
 'aggregation_norm': 100,
 'atom_descriptor_scaling': True,
 'atom_descriptors': None,
 'atom_descriptors_path': None,
 'atom_descriptors_size': 0,
 'atom_features_size': 0,
 'atom_messages': False,
 'batch_size': 74,
 'bias': False,
 'bond_feature_scaling': True,
 'bond_features_path': None,
 'bond_features_size': 0,
 'cache_cutoff': 10000,
 'checkpoint_dir': None,
 'checkpoint_frzn': None,
 'checkpoint_path': None,
 'checkpoint_paths': None,
 'class_balance': False,
 'config_path': '/home/kimele03/uvvisml/uvvisml/models/both_peaks_checkpoints/group_by_smiles/results/507013/49672068/hyperopt.json',
 'crossval_index_dir': None,
 'crossval_index_file': None,
 'crossval_index_sets': None,
 'cuda': True,
 'data_path': '../../../data/splits/lambda_max_abs/deep4chem/group_by_smiles/smiles_target_train.csv',
 'data_weights_path': None,
 'dataset_type': 'regression',
 'depth': 4,
 'device': device(type='cuda', index=0),
 'dropout': 0.027916497148094063,
 'empty_cache': False,
 'ensemble_size': 1,
 'epochs': 50,
 'explicit_h': False,
 'extra_metrics': [],
 'features_generator': None,
 'features_only': False,
 'features_path': None,
 'features_scaling': True,
 'features_size': None,
 'ffn_hidden_size': 2392,
 'ffn_num_layers': 2,
 'final_lr': 9.237275197976402e-05,
 'folds_file': None,
 'freeze_first_only': False,
 'frzn_ffn_layers': 0,
 'gpu': 0,
 'grad_clip': None,
 'hidden_size': 1625,
 'ignore_columns': None,
 'init_lr': 1.0889835422127e-05,
 'log_frequency': 10,
 'max_data_size': None,
 'max_lr': 0.001,
 'metric': 'rmse',
 'metrics': ['rmse'],
 'minimize_score': True,
 'mpn_shared': False,
 'multiclass_num_classes': 3,
 'no_atom_descriptor_scaling': False,
 'no_bond_features_scaling': False,
 'no_cache_mol': False,
 'no_cuda': False,
 'no_features_scaling': False,
 'num_folds': 1,
 'num_lrs': 1,
 'num_tasks': 1,
 'num_workers': 8,
 'number_of_molecules': 2,
 'overwrite_default_atom_features': False,
 'overwrite_default_bond_features': False,
 'pytorch_seed': 0,
 'quiet': False,
 'reaction': False,
 'reaction_mode': 'reac_diff',
 'resume_experiment': False,
 'save_dir': '/home/kimele03/uvvisml/uvvisml/models/both_peaks_checkpoints/group_by_smiles/results/507013/49672068',
 'save_preds': False,
 'save_smiles_splits': False,
 'seed': 0,
 'separate_test_atom_descriptors_path': None,
 'separate_test_bond_features_path': None,
 'separate_test_features_path': None,
 'separate_test_path': '../../../data/splits/lambda_max_abs/deep4chem/group_by_smiles/smiles_target_test.csv',
 'separate_val_atom_descriptors_path': None,
 'separate_val_bond_features_path': None,
 'separate_val_features_path': None,
 'separate_val_path': '../../../data/splits/lambda_max_abs/deep4chem/group_by_smiles/smiles_target_val.csv',
 'show_individual_scores': False,
 'smiles_columns': ['smiles', 'solvent'],
 'split_sizes': (0.8, 0.1, 0.1),
 'split_type': 'random',
 'target_columns': None,
 'target_weights': None,
 'task_names': ['peakwavs_max'],
 'test': False,
 'test_fold_index': None,
 'train_data_size': None,
 'undirected': False,
 'use_input_features': False,
 'val_fold_index': None,
 'warmup_epochs': 4}
Loading data
Number of tasks = 1
Fold 0
Splitting data with seed 0
Total size = 13,242 | train size = 13,242 | val size = 1,633 | test size = 1,710
Fitting scaler
Building model 0
MoleculeModel(
  (encoder): MPN(
    (encoder): ModuleList(
      (0): MPNEncoder(
        (dropout_layer): Dropout(p=0.027916497148094063, inplace=False)
        (act_func): ReLU()
        (W_i): Linear(in_features=147, out_features=1625, bias=False)
        (W_h): Linear(in_features=1625, out_features=1625, bias=False)
        (W_o): Linear(in_features=1758, out_features=1625, bias=True)
      )
      (1): MPNEncoder(
        (dropout_layer): Dropout(p=0.027916497148094063, inplace=False)
        (act_func): ReLU()
        (W_i): Linear(in_features=147, out_features=1625, bias=False)
        (W_h): Linear(in_features=1625, out_features=1625, bias=False)
        (W_o): Linear(in_features=1758, out_features=1625, bias=True)
      )
    )
  )
  (ffn): Sequential(
    (0): Dropout(p=0.027916497148094063, inplace=False)
    (1): Linear(in_features=3250, out_features=2392, bias=True)
    (2): ReLU()
    (3): Dropout(p=0.027916497148094063, inplace=False)
    (4): Linear(in_features=2392, out_features=1, bias=True)
  )
)
Number of parameters = 19,257,785
Moving model to cuda
Epoch 0
Loss = 1.1214e+00, PNorm = 99.6258, GNorm = 2.4617, lr_0 = 2.6171e-05
Loss = 8.4667e-01, PNorm = 99.6269, GNorm = 4.6372, lr_0 = 4.0063e-05
Loss = 8.1509e-01, PNorm = 99.6293, GNorm = 6.9278, lr_0 = 5.3955e-05
Loss = 9.7521e-01, PNorm = 99.6327, GNorm = 19.4907, lr_0 = 6.7847e-05
Loss = 8.3123e-01, PNorm = 99.6376, GNorm = 2.8130, lr_0 = 8.1739e-05
Loss = 7.5171e-01, PNorm = 99.6449, GNorm = 4.7060, lr_0 = 9.5631e-05
Loss = 6.3021e-01, PNorm = 99.6536, GNorm = 11.1713, lr_0 = 1.0952e-04
Loss = 7.9001e-01, PNorm = 99.6628, GNorm = 8.9765, lr_0 = 1.2342e-04
Loss = 6.4656e-01, PNorm = 99.6769, GNorm = 1.5812, lr_0 = 1.3731e-04
Loss = 7.3572e-01, PNorm = 99.6943, GNorm = 1.1436, lr_0 = 1.5120e-04
Loss = 6.3290e-01, PNorm = 99.7161, GNorm = 7.7894, lr_0 = 1.6509e-04
Loss = 5.3063e-01, PNorm = 99.7402, GNorm = 4.0297, lr_0 = 1.7898e-04
Loss = 6.7643e-01, PNorm = 99.7720, GNorm = 10.5133, lr_0 = 1.9287e-04
Loss = 6.4626e-01, PNorm = 99.8032, GNorm = 2.3494, lr_0 = 2.0677e-04
Loss = 5.6468e-01, PNorm = 99.8397, GNorm = 11.4790, lr_0 = 2.2066e-04
Loss = 5.1012e-01, PNorm = 99.8779, GNorm = 4.7765, lr_0 = 2.3455e-04
Loss = 4.8164e-01, PNorm = 99.9137, GNorm = 5.3981, lr_0 = 2.4844e-04
Validation rmse = 70.388121
Epoch 1
Loss = 4.4423e-01, PNorm = 99.9530, GNorm = 12.8776, lr_0 = 2.6372e-04
Loss = 3.7645e-01, PNorm = 99.9880, GNorm = 3.1918, lr_0 = 2.7762e-04
Loss = 3.4680e-01, PNorm = 100.0259, GNorm = 2.0166, lr_0 = 2.9151e-04
Loss = 3.8776e-01, PNorm = 100.0718, GNorm = 4.1522, lr_0 = 3.0540e-04
Loss = 3.2279e-01, PNorm = 100.1090, GNorm = 12.7445, lr_0 = 3.1929e-04
Loss = 4.2259e-01, PNorm = 100.1508, GNorm = 8.0086, lr_0 = 3.3318e-04
Loss = 3.3934e-01, PNorm = 100.1868, GNorm = 11.6864, lr_0 = 3.4708e-04
Loss = 4.0319e-01, PNorm = 100.2304, GNorm = 3.9882, lr_0 = 3.6097e-04
Loss = 3.3396e-01, PNorm = 100.2863, GNorm = 0.8501, lr_0 = 3.7486e-04
Loss = 4.1877e-01, PNorm = 100.3279, GNorm = 7.3509, lr_0 = 3.8875e-04
Loss = 3.7839e-01, PNorm = 100.3837, GNorm = 2.6326, lr_0 = 4.0264e-04
Loss = 4.0900e-01, PNorm = 100.4594, GNorm = 2.1110, lr_0 = 4.1654e-04
Loss = 3.1016e-01, PNorm = 100.5289, GNorm = 2.3438, lr_0 = 4.3043e-04
Loss = 3.3725e-01, PNorm = 100.5779, GNorm = 3.4772, lr_0 = 4.4432e-04
Loss = 3.6006e-01, PNorm = 100.6343, GNorm = 3.6649, lr_0 = 4.5821e-04
Loss = 2.7371e-01, PNorm = 100.6957, GNorm = 2.8890, lr_0 = 4.7210e-04
Loss = 3.1544e-01, PNorm = 100.7493, GNorm = 3.9241, lr_0 = 4.8600e-04
Loss = 2.4312e-01, PNorm = 100.8045, GNorm = 3.0886, lr_0 = 4.9989e-04
Validation rmse = 71.718587
Epoch 2
Loss = 3.4498e-01, PNorm = 100.8639, GNorm = 4.6996, lr_0 = 5.1378e-04
Loss = 2.5951e-01, PNorm = 100.9228, GNorm = 1.7219, lr_0 = 5.2767e-04
Loss = 2.3625e-01, PNorm = 100.9755, GNorm = 3.0596, lr_0 = 5.4156e-04
Loss = 2.4921e-01, PNorm = 101.0293, GNorm = 1.8331, lr_0 = 5.5546e-04
Loss = 2.6733e-01, PNorm = 101.0964, GNorm = 1.0559, lr_0 = 5.6935e-04
Loss = 2.1743e-01, PNorm = 101.1688, GNorm = 1.8941, lr_0 = 5.8324e-04
Loss = 2.9193e-01, PNorm = 101.2379, GNorm = 5.2098, lr_0 = 5.9713e-04
Loss = 2.1267e-01, PNorm = 101.3178, GNorm = 2.1469, lr_0 = 6.1102e-04
Loss = 2.7156e-01, PNorm = 101.3979, GNorm = 6.4930, lr_0 = 6.2492e-04
Loss = 2.4760e-01, PNorm = 101.4909, GNorm = 5.8571, lr_0 = 6.3881e-04
Loss = 2.5493e-01, PNorm = 101.5970, GNorm = 2.8273, lr_0 = 6.5270e-04
Loss = 3.0729e-01, PNorm = 101.7063, GNorm = 2.8224, lr_0 = 6.6659e-04
Loss = 2.6005e-01, PNorm = 101.8108, GNorm = 1.7809, lr_0 = 6.8048e-04
Loss = 3.2699e-01, PNorm = 101.9239, GNorm = 7.7948, lr_0 = 6.9438e-04
Loss = 3.1027e-01, PNorm = 102.0628, GNorm = 1.4345, lr_0 = 7.0827e-04
Loss = 2.4066e-01, PNorm = 102.1795, GNorm = 1.2202, lr_0 = 7.2216e-04
Loss = 1.8384e-01, PNorm = 102.3093, GNorm = 0.7788, lr_0 = 7.3605e-04
Loss = 2.3514e-01, PNorm = 102.4244, GNorm = 0.9290, lr_0 = 7.4994e-04
Validation rmse = 47.858870
Epoch 3
Loss = 1.6749e-01, PNorm = 102.5549, GNorm = 1.9479, lr_0 = 7.6384e-04
Loss = 1.5300e-01, PNorm = 102.6587, GNorm = 0.8864, lr_0 = 7.7773e-04
Loss = 1.4605e-01, PNorm = 102.7406, GNorm = 2.3467, lr_0 = 7.9162e-04
Loss = 1.8977e-01, PNorm = 102.8446, GNorm = 1.8975, lr_0 = 8.0551e-04
Loss = 1.9752e-01, PNorm = 102.9507, GNorm = 1.4534, lr_0 = 8.1940e-04
Loss = 2.0805e-01, PNorm = 103.0717, GNorm = 1.0405, lr_0 = 8.3330e-04
Loss = 1.8740e-01, PNorm = 103.1917, GNorm = 2.7050, lr_0 = 8.4719e-04
Loss = 1.9773e-01, PNorm = 103.3001, GNorm = 4.0899, lr_0 = 8.6108e-04
Loss = 1.4827e-01, PNorm = 103.4374, GNorm = 1.4809, lr_0 = 8.7497e-04
Loss = 1.8259e-01, PNorm = 103.5474, GNorm = 2.2874, lr_0 = 8.8886e-04
Loss = 1.7445e-01, PNorm = 103.6725, GNorm = 0.6930, lr_0 = 9.0276e-04
Loss = 1.7712e-01, PNorm = 103.8057, GNorm = 2.9727, lr_0 = 9.1665e-04
Loss = 1.7530e-01, PNorm = 103.9367, GNorm = 2.7560, lr_0 = 9.3054e-04
Loss = 1.6245e-01, PNorm = 104.0565, GNorm = 1.2230, lr_0 = 9.4443e-04
Loss = 1.4349e-01, PNorm = 104.1939, GNorm = 1.0966, lr_0 = 9.5832e-04
Loss = 1.5785e-01, PNorm = 104.3028, GNorm = 0.6198, lr_0 = 9.7222e-04
Loss = 1.8522e-01, PNorm = 104.4436, GNorm = 1.6993, lr_0 = 9.8611e-04
Loss = 2.3331e-01, PNorm = 104.6240, GNorm = 6.2957, lr_0 = 1.0000e-03
Validation rmse = 54.355317
Epoch 4
Loss = 2.2742e-01, PNorm = 104.8059, GNorm = 2.7206, lr_0 = 9.9710e-04
Loss = 1.7171e-01, PNorm = 104.9995, GNorm = 1.7493, lr_0 = 9.9420e-04
Loss = 1.2838e-01, PNorm = 105.1669, GNorm = 0.7938, lr_0 = 9.9131e-04
Loss = 1.2748e-01, PNorm = 105.2749, GNorm = 4.4468, lr_0 = 9.8843e-04
Loss = 1.5558e-01, PNorm = 105.3696, GNorm = 3.3776, lr_0 = 9.8556e-04
Loss = 1.4796e-01, PNorm = 105.4809, GNorm = 1.7107, lr_0 = 9.8270e-04
Loss = 1.3232e-01, PNorm = 105.5995, GNorm = 0.6524, lr_0 = 9.7984e-04
Loss = 1.5675e-01, PNorm = 105.7115, GNorm = 1.2251, lr_0 = 9.7700e-04
Loss = 1.3087e-01, PNorm = 105.8179, GNorm = 1.6193, lr_0 = 9.7416e-04
Loss = 1.5073e-01, PNorm = 105.9339, GNorm = 1.2613, lr_0 = 9.7133e-04
Loss = 1.6587e-01, PNorm = 106.0723, GNorm = 1.3050, lr_0 = 9.6851e-04
Loss = 1.6056e-01, PNorm = 106.2203, GNorm = 1.5081, lr_0 = 9.6569e-04
Loss = 1.1095e-01, PNorm = 106.3119, GNorm = 0.4803, lr_0 = 9.6289e-04
Loss = 1.1754e-01, PNorm = 106.4024, GNorm = 1.2291, lr_0 = 9.6009e-04
Loss = 1.0286e-01, PNorm = 106.4924, GNorm = 0.9849, lr_0 = 9.5730e-04
Loss = 1.0266e-01, PNorm = 106.5865, GNorm = 0.4363, lr_0 = 9.5452e-04
Loss = 1.2529e-01, PNorm = 106.6968, GNorm = 0.5750, lr_0 = 9.5175e-04
Loss = 1.0153e-01, PNorm = 106.7803, GNorm = 0.4605, lr_0 = 9.4898e-04
Validation rmse = 43.745559
Epoch 5
Loss = 1.0079e-01, PNorm = 106.8592, GNorm = 0.3264, lr_0 = 9.4623e-04
Loss = 1.2946e-01, PNorm = 106.9477, GNorm = 2.9424, lr_0 = 9.4348e-04
Loss = 1.1228e-01, PNorm = 107.0400, GNorm = 1.3283, lr_0 = 9.4074e-04
Loss = 1.1722e-01, PNorm = 107.1265, GNorm = 0.8430, lr_0 = 9.3801e-04
Loss = 1.0486e-01, PNorm = 107.2063, GNorm = 0.7989, lr_0 = 9.3528e-04
Loss = 1.0329e-01, PNorm = 107.2936, GNorm = 1.2766, lr_0 = 9.3256e-04
Loss = 1.0006e-01, PNorm = 107.3665, GNorm = 2.4936, lr_0 = 9.2986e-04
Loss = 1.1043e-01, PNorm = 107.4533, GNorm = 0.6063, lr_0 = 9.2715e-04
Loss = 9.6862e-02, PNorm = 107.5403, GNorm = 1.8081, lr_0 = 9.2446e-04
Loss = 9.8393e-02, PNorm = 107.6234, GNorm = 0.6667, lr_0 = 9.2178e-04
Loss = 8.7378e-02, PNorm = 107.6972, GNorm = 1.0274, lr_0 = 9.1910e-04
Loss = 8.4051e-02, PNorm = 107.7633, GNorm = 0.8635, lr_0 = 9.1643e-04
Loss = 8.7831e-02, PNorm = 107.8455, GNorm = 1.6204, lr_0 = 9.1377e-04
Loss = 8.2356e-02, PNorm = 107.9130, GNorm = 0.5078, lr_0 = 9.1111e-04
Loss = 1.2194e-01, PNorm = 108.0115, GNorm = 0.7669, lr_0 = 9.0847e-04
Loss = 9.1017e-02, PNorm = 108.1429, GNorm = 1.4944, lr_0 = 9.0583e-04
Loss = 7.8463e-02, PNorm = 108.2408, GNorm = 0.9010, lr_0 = 9.0320e-04
Loss = 9.2604e-02, PNorm = 108.3295, GNorm = 1.6062, lr_0 = 9.0057e-04
Validation rmse = 38.589018
Epoch 6
Loss = 7.1107e-02, PNorm = 108.4084, GNorm = 1.1378, lr_0 = 8.9796e-04
Loss = 6.7576e-02, PNorm = 108.4915, GNorm = 0.5129, lr_0 = 8.9535e-04
Loss = 8.6674e-02, PNorm = 108.5658, GNorm = 1.1579, lr_0 = 8.9275e-04
Loss = 8.6860e-02, PNorm = 108.6505, GNorm = 1.2752, lr_0 = 8.9015e-04
Loss = 6.5760e-02, PNorm = 108.7273, GNorm = 0.9299, lr_0 = 8.8757e-04
Loss = 1.0186e-01, PNorm = 108.7876, GNorm = 0.4304, lr_0 = 8.8499e-04
Loss = 6.5783e-02, PNorm = 108.8562, GNorm = 0.8459, lr_0 = 8.8242e-04
Loss = 7.0107e-02, PNorm = 108.9269, GNorm = 0.5753, lr_0 = 8.7986e-04
Loss = 7.4028e-02, PNorm = 108.9951, GNorm = 0.7468, lr_0 = 8.7730e-04
Loss = 7.5708e-02, PNorm = 109.0674, GNorm = 1.1843, lr_0 = 8.7475e-04
Loss = 9.5502e-02, PNorm = 109.1519, GNorm = 0.8815, lr_0 = 8.7221e-04
Loss = 8.8093e-02, PNorm = 109.2225, GNorm = 0.7696, lr_0 = 8.6968e-04
Loss = 6.5723e-02, PNorm = 109.2962, GNorm = 0.3708, lr_0 = 8.6715e-04
Loss = 7.2107e-02, PNorm = 109.3578, GNorm = 0.9473, lr_0 = 8.6463e-04
Loss = 8.3558e-02, PNorm = 109.4273, GNorm = 1.5704, lr_0 = 8.6212e-04
Loss = 8.0481e-02, PNorm = 109.4913, GNorm = 0.8315, lr_0 = 8.5962e-04
Loss = 8.1875e-02, PNorm = 109.5514, GNorm = 1.1521, lr_0 = 8.5712e-04
Loss = 7.8021e-02, PNorm = 109.6126, GNorm = 0.7411, lr_0 = 8.5463e-04
Validation rmse = 35.650714
Epoch 7
Loss = 5.6876e-02, PNorm = 109.6694, GNorm = 0.3534, lr_0 = 8.5215e-04
Loss = 7.2196e-02, PNorm = 109.7175, GNorm = 1.0657, lr_0 = 8.4967e-04
Loss = 7.1268e-02, PNorm = 109.7900, GNorm = 1.0798, lr_0 = 8.4720e-04
Loss = 6.0522e-02, PNorm = 109.8398, GNorm = 0.6528, lr_0 = 8.4474e-04
Loss = 6.4350e-02, PNorm = 109.8954, GNorm = 0.7700, lr_0 = 8.4229e-04
Loss = 5.3562e-02, PNorm = 109.9498, GNorm = 0.5999, lr_0 = 8.3984e-04
Loss = 7.5560e-02, PNorm = 110.0143, GNorm = 0.7425, lr_0 = 8.3740e-04
Loss = 6.8357e-02, PNorm = 110.0660, GNorm = 0.6641, lr_0 = 8.3497e-04
Loss = 6.7841e-02, PNorm = 110.1221, GNorm = 0.5963, lr_0 = 8.3254e-04
Loss = 5.8396e-02, PNorm = 110.1820, GNorm = 0.5309, lr_0 = 8.3013e-04
Loss = 6.8431e-02, PNorm = 110.2409, GNorm = 0.8393, lr_0 = 8.2771e-04
Loss = 7.2654e-02, PNorm = 110.3112, GNorm = 0.4420, lr_0 = 8.2531e-04
Loss = 7.9213e-02, PNorm = 110.3744, GNorm = 0.4428, lr_0 = 8.2291e-04
Loss = 5.9395e-02, PNorm = 110.4426, GNorm = 0.2957, lr_0 = 8.2052e-04
Loss = 5.1209e-02, PNorm = 110.5079, GNorm = 0.4175, lr_0 = 8.1814e-04
Loss = 6.5196e-02, PNorm = 110.5571, GNorm = 0.5685, lr_0 = 8.1576e-04
Loss = 6.1205e-02, PNorm = 110.6103, GNorm = 0.5919, lr_0 = 8.1339e-04
Loss = 5.4494e-02, PNorm = 110.6615, GNorm = 0.6075, lr_0 = 8.1103e-04
Validation rmse = 34.200930
Epoch 8
Loss = 3.7333e-02, PNorm = 110.6993, GNorm = 0.2518, lr_0 = 8.0867e-04
Loss = 5.1070e-02, PNorm = 110.7391, GNorm = 0.4492, lr_0 = 8.0632e-04
Loss = 5.1173e-02, PNorm = 110.7805, GNorm = 0.2747, lr_0 = 8.0398e-04
Loss = 6.0319e-02, PNorm = 110.8323, GNorm = 0.9003, lr_0 = 8.0165e-04
Loss = 5.9402e-02, PNorm = 110.8868, GNorm = 0.5679, lr_0 = 7.9932e-04
Loss = 5.7194e-02, PNorm = 110.9303, GNorm = 0.9805, lr_0 = 7.9700e-04
Loss = 5.4628e-02, PNorm = 110.9887, GNorm = 0.4311, lr_0 = 7.9468e-04
Loss = 6.0854e-02, PNorm = 111.0498, GNorm = 0.6587, lr_0 = 7.9237e-04
Loss = 6.0455e-02, PNorm = 111.1050, GNorm = 0.5143, lr_0 = 7.9007e-04
Loss = 5.2046e-02, PNorm = 111.1636, GNorm = 1.2712, lr_0 = 7.8778e-04
Loss = 5.8517e-02, PNorm = 111.2093, GNorm = 0.7844, lr_0 = 7.8549e-04
Loss = 5.2840e-02, PNorm = 111.2653, GNorm = 0.8380, lr_0 = 7.8321e-04
Loss = 5.5678e-02, PNorm = 111.3068, GNorm = 0.9010, lr_0 = 7.8093e-04
Loss = 5.2538e-02, PNorm = 111.3531, GNorm = 0.5841, lr_0 = 7.7866e-04
Loss = 5.2282e-02, PNorm = 111.3981, GNorm = 0.6587, lr_0 = 7.7640e-04
Loss = 5.6288e-02, PNorm = 111.4607, GNorm = 0.4404, lr_0 = 7.7415e-04
Loss = 6.1675e-02, PNorm = 111.5223, GNorm = 0.5945, lr_0 = 7.7190e-04
Loss = 5.3966e-02, PNorm = 111.5633, GNorm = 0.3676, lr_0 = 7.6965e-04
Validation rmse = 35.338645
Epoch 9
Loss = 5.4858e-02, PNorm = 111.6267, GNorm = 0.7498, lr_0 = 7.6742e-04
Loss = 4.7804e-02, PNorm = 111.6779, GNorm = 0.5128, lr_0 = 7.6519e-04
Loss = 4.3442e-02, PNorm = 111.7313, GNorm = 0.5370, lr_0 = 7.6297e-04
Loss = 4.8572e-02, PNorm = 111.7667, GNorm = 0.4804, lr_0 = 7.6075e-04
Loss = 4.6005e-02, PNorm = 111.8029, GNorm = 0.8849, lr_0 = 7.5854e-04
Loss = 4.7886e-02, PNorm = 111.8487, GNorm = 0.2583, lr_0 = 7.5634e-04
Loss = 4.0572e-02, PNorm = 111.8956, GNorm = 0.4935, lr_0 = 7.5414e-04
Loss = 5.0173e-02, PNorm = 111.9504, GNorm = 0.3147, lr_0 = 7.5195e-04
Loss = 4.6245e-02, PNorm = 112.0010, GNorm = 0.4747, lr_0 = 7.4977e-04
Loss = 5.8157e-02, PNorm = 112.0492, GNorm = 0.4389, lr_0 = 7.4759e-04
Loss = 4.3227e-02, PNorm = 112.0824, GNorm = 0.6291, lr_0 = 7.4542e-04
Loss = 4.7257e-02, PNorm = 112.1242, GNorm = 0.8374, lr_0 = 7.4325e-04
Loss = 5.4842e-02, PNorm = 112.1755, GNorm = 0.4408, lr_0 = 7.4109e-04
Loss = 3.8709e-02, PNorm = 112.2248, GNorm = 0.3841, lr_0 = 7.3894e-04
Loss = 4.8238e-02, PNorm = 112.2663, GNorm = 0.5576, lr_0 = 7.3679e-04
Loss = 4.5840e-02, PNorm = 112.3151, GNorm = 0.3498, lr_0 = 7.3465e-04
Loss = 4.6679e-02, PNorm = 112.3519, GNorm = 0.8342, lr_0 = 7.3252e-04
Validation rmse = 32.267852
Epoch 10
Loss = 3.7397e-02, PNorm = 112.3905, GNorm = 0.3263, lr_0 = 7.3039e-04
Loss = 4.1125e-02, PNorm = 112.4348, GNorm = 0.2734, lr_0 = 7.2827e-04
Loss = 3.8722e-02, PNorm = 112.4773, GNorm = 0.6634, lr_0 = 7.2615e-04
Loss = 3.6195e-02, PNorm = 112.5136, GNorm = 0.7754, lr_0 = 7.2404e-04
Loss = 3.5758e-02, PNorm = 112.5367, GNorm = 0.4626, lr_0 = 7.2194e-04
Loss = 3.3920e-02, PNorm = 112.5745, GNorm = 0.4272, lr_0 = 7.1984e-04
Loss = 3.7349e-02, PNorm = 112.6118, GNorm = 0.6933, lr_0 = 7.1775e-04
Loss = 3.3325e-02, PNorm = 112.6462, GNorm = 0.3510, lr_0 = 7.1567e-04
Loss = 3.5039e-02, PNorm = 112.6752, GNorm = 0.4930, lr_0 = 7.1359e-04
Loss = 3.6534e-02, PNorm = 112.7210, GNorm = 0.7385, lr_0 = 7.1152e-04
Loss = 4.5608e-02, PNorm = 112.7590, GNorm = 0.7378, lr_0 = 7.0945e-04
Loss = 5.5053e-02, PNorm = 112.8128, GNorm = 1.8167, lr_0 = 7.0739e-04
Loss = 4.8741e-02, PNorm = 112.8596, GNorm = 0.6043, lr_0 = 7.0533e-04
Loss = 5.3969e-02, PNorm = 112.8983, GNorm = 0.5207, lr_0 = 7.0328e-04
Loss = 4.3041e-02, PNorm = 112.9399, GNorm = 0.6589, lr_0 = 7.0124e-04
Loss = 4.5376e-02, PNorm = 112.9955, GNorm = 0.6559, lr_0 = 6.9920e-04
Loss = 4.4316e-02, PNorm = 113.0376, GNorm = 0.5884, lr_0 = 6.9717e-04
Loss = 4.5251e-02, PNorm = 113.0677, GNorm = 1.2453, lr_0 = 6.9515e-04
Validation rmse = 30.778685
Epoch 11
Loss = 3.8163e-02, PNorm = 113.1024, GNorm = 0.6629, lr_0 = 6.9313e-04
Loss = 3.0409e-02, PNorm = 113.1352, GNorm = 0.3425, lr_0 = 6.9112e-04
Loss = 3.9903e-02, PNorm = 113.1758, GNorm = 0.4456, lr_0 = 6.8911e-04
Loss = 3.4450e-02, PNorm = 113.2097, GNorm = 1.1300, lr_0 = 6.8711e-04
Loss = 3.4717e-02, PNorm = 113.2426, GNorm = 0.7231, lr_0 = 6.8511e-04
Loss = 3.5948e-02, PNorm = 113.2820, GNorm = 0.2960, lr_0 = 6.8312e-04
Loss = 3.3201e-02, PNorm = 113.3188, GNorm = 0.5265, lr_0 = 6.8114e-04
Loss = 3.7407e-02, PNorm = 113.3499, GNorm = 0.3768, lr_0 = 6.7916e-04
Loss = 4.0115e-02, PNorm = 113.3960, GNorm = 0.5202, lr_0 = 6.7718e-04
Loss = 3.9363e-02, PNorm = 113.4338, GNorm = 0.7646, lr_0 = 6.7522e-04
Loss = 3.6351e-02, PNorm = 113.4711, GNorm = 0.3377, lr_0 = 6.7326e-04
Loss = 2.9461e-02, PNorm = 113.4942, GNorm = 0.2423, lr_0 = 6.7130e-04
Loss = 3.2438e-02, PNorm = 113.5191, GNorm = 0.7148, lr_0 = 6.6935e-04
Loss = 3.5451e-02, PNorm = 113.5607, GNorm = 0.6810, lr_0 = 6.6741e-04
Loss = 3.3909e-02, PNorm = 113.6016, GNorm = 0.1881, lr_0 = 6.6547e-04
Loss = 2.9967e-02, PNorm = 113.6332, GNorm = 0.2906, lr_0 = 6.6353e-04
Loss = 3.3188e-02, PNorm = 113.6563, GNorm = 0.2135, lr_0 = 6.6161e-04
Loss = 3.7236e-02, PNorm = 113.6964, GNorm = 0.2991, lr_0 = 6.5968e-04
Validation rmse = 30.864728
Epoch 12
Loss = 3.7566e-02, PNorm = 113.7253, GNorm = 0.5239, lr_0 = 6.5777e-04
Loss = 2.4860e-02, PNorm = 113.7565, GNorm = 0.1495, lr_0 = 6.5586e-04
Loss = 3.0985e-02, PNorm = 113.7869, GNorm = 0.4166, lr_0 = 6.5395e-04
Loss = 2.8195e-02, PNorm = 113.8264, GNorm = 0.2297, lr_0 = 6.5205e-04
Loss = 3.2568e-02, PNorm = 113.8425, GNorm = 0.3784, lr_0 = 6.5016e-04
Loss = 3.4592e-02, PNorm = 113.8701, GNorm = 0.3720, lr_0 = 6.4827e-04
Loss = 3.1237e-02, PNorm = 113.9118, GNorm = 0.2654, lr_0 = 6.4639e-04
Loss = 2.9837e-02, PNorm = 113.9404, GNorm = 0.2020, lr_0 = 6.4451e-04
Loss = 3.1304e-02, PNorm = 113.9733, GNorm = 0.3134, lr_0 = 6.4264e-04
Loss = 3.3125e-02, PNorm = 114.0124, GNorm = 0.8146, lr_0 = 6.4077e-04
Loss = 2.7229e-02, PNorm = 114.0413, GNorm = 0.4353, lr_0 = 6.3891e-04
Loss = 3.3812e-02, PNorm = 114.0771, GNorm = 0.1512, lr_0 = 6.3705e-04
Loss = 2.9152e-02, PNorm = 114.1176, GNorm = 0.5970, lr_0 = 6.3520e-04
Loss = 3.0452e-02, PNorm = 114.1558, GNorm = 0.4788, lr_0 = 6.3336e-04
Loss = 3.4220e-02, PNorm = 114.1951, GNorm = 0.3310, lr_0 = 6.3152e-04
Loss = 3.8441e-02, PNorm = 114.2249, GNorm = 0.3340, lr_0 = 6.2968e-04
Loss = 3.3165e-02, PNorm = 114.2509, GNorm = 0.2369, lr_0 = 6.2785e-04
Loss = 2.6653e-02, PNorm = 114.2899, GNorm = 0.3100, lr_0 = 6.2603e-04
Validation rmse = 32.602622
Epoch 13
Loss = 3.0291e-02, PNorm = 114.3360, GNorm = 0.3718, lr_0 = 6.2421e-04
Loss = 2.8621e-02, PNorm = 114.3727, GNorm = 0.3048, lr_0 = 6.2240e-04
Loss = 3.1477e-02, PNorm = 114.4041, GNorm = 0.7153, lr_0 = 6.2059e-04
Loss = 3.1425e-02, PNorm = 114.4269, GNorm = 0.5699, lr_0 = 6.1879e-04
Loss = 3.0090e-02, PNorm = 114.4614, GNorm = 0.2897, lr_0 = 6.1699e-04
Loss = 2.4668e-02, PNorm = 114.4881, GNorm = 0.3303, lr_0 = 6.1520e-04
Loss = 2.7890e-02, PNorm = 114.5095, GNorm = 0.2873, lr_0 = 6.1341e-04
Loss = 2.5280e-02, PNorm = 114.5368, GNorm = 0.3069, lr_0 = 6.1163e-04
Loss = 2.2318e-02, PNorm = 114.5617, GNorm = 0.3442, lr_0 = 6.0985e-04
Loss = 2.5422e-02, PNorm = 114.5821, GNorm = 0.1661, lr_0 = 6.0808e-04
Loss = 2.9282e-02, PNorm = 114.6229, GNorm = 0.5343, lr_0 = 6.0632e-04
Loss = 2.5093e-02, PNorm = 114.6632, GNorm = 0.2455, lr_0 = 6.0455e-04
Loss = 2.7716e-02, PNorm = 114.7057, GNorm = 0.2174, lr_0 = 6.0280e-04
Loss = 2.7466e-02, PNorm = 114.7332, GNorm = 0.2589, lr_0 = 6.0105e-04
Loss = 2.6616e-02, PNorm = 114.7520, GNorm = 0.1773, lr_0 = 5.9930e-04
Loss = 3.2144e-02, PNorm = 114.7811, GNorm = 0.3287, lr_0 = 5.9756e-04
Loss = 2.7637e-02, PNorm = 114.8162, GNorm = 0.3097, lr_0 = 5.9582e-04
Loss = 2.9477e-02, PNorm = 114.8488, GNorm = 0.3881, lr_0 = 5.9409e-04
Validation rmse = 31.191802
Epoch 14
Loss = 2.4229e-02, PNorm = 114.8861, GNorm = 0.5203, lr_0 = 5.9237e-04
Loss = 2.6287e-02, PNorm = 114.9388, GNorm = 0.5797, lr_0 = 5.9065e-04
Loss = 2.4240e-02, PNorm = 114.9779, GNorm = 0.3325, lr_0 = 5.8893e-04
Loss = 2.6318e-02, PNorm = 115.0024, GNorm = 0.4983, lr_0 = 5.8722e-04
Loss = 2.7076e-02, PNorm = 115.0299, GNorm = 0.2675, lr_0 = 5.8551e-04
Loss = 2.4867e-02, PNorm = 115.0525, GNorm = 0.3695, lr_0 = 5.8381e-04
Loss = 2.4910e-02, PNorm = 115.0820, GNorm = 0.3844, lr_0 = 5.8212e-04
Loss = 2.3105e-02, PNorm = 115.1080, GNorm = 0.5209, lr_0 = 5.8043e-04
Loss = 2.5853e-02, PNorm = 115.1324, GNorm = 0.2749, lr_0 = 5.7874e-04
Loss = 2.5887e-02, PNorm = 115.1657, GNorm = 0.7123, lr_0 = 5.7706e-04
Loss = 2.2421e-02, PNorm = 115.1868, GNorm = 0.4113, lr_0 = 5.7538e-04
Loss = 2.4705e-02, PNorm = 115.2078, GNorm = 0.6465, lr_0 = 5.7371e-04
Loss = 3.3606e-02, PNorm = 115.2444, GNorm = 0.2202, lr_0 = 5.7205e-04
Loss = 2.5751e-02, PNorm = 115.2710, GNorm = 0.3635, lr_0 = 5.7038e-04
Loss = 2.7593e-02, PNorm = 115.3087, GNorm = 0.3359, lr_0 = 5.6873e-04
Loss = 2.6014e-02, PNorm = 115.3315, GNorm = 0.2776, lr_0 = 5.6708e-04
Loss = 2.3133e-02, PNorm = 115.3559, GNorm = 0.4498, lr_0 = 5.6543e-04
Loss = 2.2923e-02, PNorm = 115.3825, GNorm = 0.2635, lr_0 = 5.6379e-04
Validation rmse = 30.589951
Epoch 15
Loss = 1.8033e-02, PNorm = 115.4059, GNorm = 0.3894, lr_0 = 5.6215e-04
Loss = 2.7099e-02, PNorm = 115.4275, GNorm = 0.4005, lr_0 = 5.6052e-04
Loss = 2.8286e-02, PNorm = 115.4532, GNorm = 0.5117, lr_0 = 5.5889e-04
Loss = 1.9889e-02, PNorm = 115.4820, GNorm = 0.6353, lr_0 = 5.5726e-04
Loss = 2.4405e-02, PNorm = 115.5124, GNorm = 0.4022, lr_0 = 5.5564e-04
Loss = 2.4066e-02, PNorm = 115.5459, GNorm = 0.2863, lr_0 = 5.5403e-04
Loss = 2.9022e-02, PNorm = 115.5802, GNorm = 0.5997, lr_0 = 5.5242e-04
Loss = 2.4439e-02, PNorm = 115.6147, GNorm = 0.7763, lr_0 = 5.5082e-04
Loss = 2.6927e-02, PNorm = 115.6412, GNorm = 0.3303, lr_0 = 5.4922e-04
Loss = 2.4658e-02, PNorm = 115.6678, GNorm = 0.2357, lr_0 = 5.4762e-04
Loss = 2.3224e-02, PNorm = 115.6961, GNorm = 0.3484, lr_0 = 5.4603e-04
Loss = 2.7260e-02, PNorm = 115.7321, GNorm = 0.2361, lr_0 = 5.4444e-04
Loss = 2.8808e-02, PNorm = 115.7609, GNorm = 0.4022, lr_0 = 5.4286e-04
Loss = 2.6026e-02, PNorm = 115.7847, GNorm = 0.4247, lr_0 = 5.4129e-04
Loss = 2.4167e-02, PNorm = 115.8202, GNorm = 0.3220, lr_0 = 5.3971e-04
Loss = 2.1090e-02, PNorm = 115.8462, GNorm = 0.4076, lr_0 = 5.3815e-04
Loss = 2.2008e-02, PNorm = 115.8688, GNorm = 0.3494, lr_0 = 5.3658e-04
Loss = 2.0836e-02, PNorm = 115.8866, GNorm = 0.1830, lr_0 = 5.3502e-04
Validation rmse = 30.241440
Epoch 16
Loss = 2.1100e-02, PNorm = 115.9051, GNorm = 0.4653, lr_0 = 5.3347e-04
Loss = 2.2706e-02, PNorm = 115.9367, GNorm = 0.3661, lr_0 = 5.3192e-04
Loss = 2.2651e-02, PNorm = 115.9586, GNorm = 0.3542, lr_0 = 5.3037e-04
Loss = 1.9924e-02, PNorm = 115.9780, GNorm = 0.3864, lr_0 = 5.2883e-04
Loss = 2.6485e-02, PNorm = 116.0091, GNorm = 0.8298, lr_0 = 5.2730e-04
Loss = 2.2213e-02, PNorm = 116.0385, GNorm = 0.1700, lr_0 = 5.2577e-04
Loss = 2.6250e-02, PNorm = 116.0611, GNorm = 0.4260, lr_0 = 5.2424e-04
Loss = 2.9872e-02, PNorm = 116.0890, GNorm = 0.7211, lr_0 = 5.2272e-04
Loss = 2.1071e-02, PNorm = 116.1265, GNorm = 0.3570, lr_0 = 5.2120e-04
Loss = 3.0959e-02, PNorm = 116.1579, GNorm = 0.3624, lr_0 = 5.1968e-04
Loss = 2.2979e-02, PNorm = 116.1903, GNorm = 0.4335, lr_0 = 5.1817e-04
Loss = 2.1117e-02, PNorm = 116.2093, GNorm = 0.1369, lr_0 = 5.1667e-04
Loss = 2.2733e-02, PNorm = 116.2319, GNorm = 0.2945, lr_0 = 5.1517e-04
Loss = 2.3509e-02, PNorm = 116.2571, GNorm = 0.1776, lr_0 = 5.1367e-04
Loss = 2.3123e-02, PNorm = 116.2935, GNorm = 0.3322, lr_0 = 5.1218e-04
Loss = 1.9124e-02, PNorm = 116.3233, GNorm = 0.3477, lr_0 = 5.1069e-04
Loss = 2.4488e-02, PNorm = 116.3488, GNorm = 0.6889, lr_0 = 5.0921e-04
Loss = 2.5849e-02, PNorm = 116.3721, GNorm = 0.2977, lr_0 = 5.0773e-04
Validation rmse = 31.039807
Epoch 17
Loss = 2.5292e-02, PNorm = 116.4047, GNorm = 0.2755, lr_0 = 5.0625e-04
Loss = 1.6027e-02, PNorm = 116.4280, GNorm = 0.3257, lr_0 = 5.0478e-04
Loss = 2.0576e-02, PNorm = 116.4603, GNorm = 0.4312, lr_0 = 5.0332e-04
Loss = 1.5031e-02, PNorm = 116.4750, GNorm = 0.1383, lr_0 = 5.0186e-04
Loss = 1.8417e-02, PNorm = 116.4892, GNorm = 0.2969, lr_0 = 5.0040e-04
Loss = 2.1520e-02, PNorm = 116.5055, GNorm = 0.4109, lr_0 = 4.9894e-04
Loss = 2.2658e-02, PNorm = 116.5339, GNorm = 0.3024, lr_0 = 4.9749e-04
Loss = 1.7040e-02, PNorm = 116.5588, GNorm = 0.1578, lr_0 = 4.9605e-04
Loss = 2.4883e-02, PNorm = 116.5896, GNorm = 0.6786, lr_0 = 4.9461e-04
Loss = 2.0474e-02, PNorm = 116.6220, GNorm = 0.2047, lr_0 = 4.9317e-04
Loss = 1.9026e-02, PNorm = 116.6501, GNorm = 0.2430, lr_0 = 4.9174e-04
Loss = 1.8050e-02, PNorm = 116.6732, GNorm = 0.2060, lr_0 = 4.9031e-04
Loss = 2.0715e-02, PNorm = 116.6984, GNorm = 0.2268, lr_0 = 4.8889e-04
Loss = 2.0273e-02, PNorm = 116.7215, GNorm = 0.2132, lr_0 = 4.8747e-04
Loss = 1.6562e-02, PNorm = 116.7441, GNorm = 0.1717, lr_0 = 4.8605e-04
Loss = 2.2562e-02, PNorm = 116.7682, GNorm = 0.5126, lr_0 = 4.8464e-04
Loss = 1.9718e-02, PNorm = 116.7863, GNorm = 0.6887, lr_0 = 4.8323e-04
Loss = 2.9943e-02, PNorm = 116.8186, GNorm = 0.4255, lr_0 = 4.8183e-04
Validation rmse = 30.270621
Epoch 18
Loss = 1.8008e-02, PNorm = 116.8436, GNorm = 0.2971, lr_0 = 4.8043e-04
Loss = 1.8448e-02, PNorm = 116.8719, GNorm = 0.5503, lr_0 = 4.7903e-04
Loss = 1.7149e-02, PNorm = 116.8874, GNorm = 0.1989, lr_0 = 4.7764e-04
Loss = 2.2623e-02, PNorm = 116.9128, GNorm = 0.5703, lr_0 = 4.7625e-04
Loss = 1.9186e-02, PNorm = 116.9345, GNorm = 0.5005, lr_0 = 4.7487e-04
Loss = 2.0210e-02, PNorm = 116.9541, GNorm = 0.3524, lr_0 = 4.7349e-04
Loss = 2.2972e-02, PNorm = 116.9777, GNorm = 0.5191, lr_0 = 4.7211e-04
Loss = 2.3044e-02, PNorm = 117.0162, GNorm = 0.2366, lr_0 = 4.7074e-04
Loss = 1.9454e-02, PNorm = 117.0469, GNorm = 0.3246, lr_0 = 4.6938e-04
Loss = 1.8907e-02, PNorm = 117.0721, GNorm = 0.4477, lr_0 = 4.6801e-04
Loss = 2.1694e-02, PNorm = 117.0995, GNorm = 0.1580, lr_0 = 4.6665e-04
Loss = 2.4731e-02, PNorm = 117.1272, GNorm = 0.2424, lr_0 = 4.6530e-04
Loss = 1.8555e-02, PNorm = 117.1544, GNorm = 0.3251, lr_0 = 4.6395e-04
Loss = 2.1733e-02, PNorm = 117.1843, GNorm = 0.3947, lr_0 = 4.6260e-04
Loss = 2.0280e-02, PNorm = 117.2045, GNorm = 0.3175, lr_0 = 4.6125e-04
Loss = 1.7957e-02, PNorm = 117.2351, GNorm = 0.2297, lr_0 = 4.5991e-04
Loss = 2.1973e-02, PNorm = 117.2527, GNorm = 0.6691, lr_0 = 4.5858e-04
Validation rmse = 29.028285
Epoch 19
Loss = 1.4145e-02, PNorm = 117.2759, GNorm = 0.2100, lr_0 = 4.5711e-04
Loss = 1.8229e-02, PNorm = 117.3014, GNorm = 0.5724, lr_0 = 4.5579e-04
Loss = 1.9369e-02, PNorm = 117.3284, GNorm = 0.4393, lr_0 = 4.5446e-04
Loss = 1.4700e-02, PNorm = 117.3605, GNorm = 0.1797, lr_0 = 4.5314e-04
Loss = 1.2171e-02, PNorm = 117.3801, GNorm = 0.1782, lr_0 = 4.5183e-04
Loss = 1.7254e-02, PNorm = 117.3954, GNorm = 0.3972, lr_0 = 4.5051e-04
Loss = 1.9823e-02, PNorm = 117.4139, GNorm = 0.4615, lr_0 = 4.4920e-04
Loss = 1.7242e-02, PNorm = 117.4289, GNorm = 0.3516, lr_0 = 4.4790e-04
Loss = 1.8127e-02, PNorm = 117.4500, GNorm = 0.6435, lr_0 = 4.4660e-04
Loss = 1.8284e-02, PNorm = 117.4653, GNorm = 0.2020, lr_0 = 4.4530e-04
Loss = 1.8696e-02, PNorm = 117.4834, GNorm = 0.2659, lr_0 = 4.4401e-04
Loss = 2.0904e-02, PNorm = 117.5065, GNorm = 0.3804, lr_0 = 4.4272e-04
Loss = 1.9597e-02, PNorm = 117.5313, GNorm = 0.3680, lr_0 = 4.4143e-04
Loss = 1.5713e-02, PNorm = 117.5479, GNorm = 0.2245, lr_0 = 4.4015e-04
Loss = 2.5414e-02, PNorm = 117.5771, GNorm = 0.2518, lr_0 = 4.3887e-04
Loss = 2.5574e-02, PNorm = 117.6007, GNorm = 0.6619, lr_0 = 4.3760e-04
Loss = 2.0413e-02, PNorm = 117.6350, GNorm = 0.7544, lr_0 = 4.3633e-04
Loss = 2.4016e-02, PNorm = 117.6645, GNorm = 0.5130, lr_0 = 4.3506e-04
Validation rmse = 30.237098
Epoch 20
Loss = 2.0957e-02, PNorm = 117.6939, GNorm = 0.5561, lr_0 = 4.3379e-04
Loss = 1.8295e-02, PNorm = 117.7185, GNorm = 0.1957, lr_0 = 4.3253e-04
Loss = 1.8073e-02, PNorm = 117.7462, GNorm = 0.4283, lr_0 = 4.3128e-04
Loss = 1.9969e-02, PNorm = 117.7745, GNorm = 0.1864, lr_0 = 4.3002e-04
Loss = 2.0632e-02, PNorm = 117.7997, GNorm = 0.2986, lr_0 = 4.2878e-04
Loss = 1.5076e-02, PNorm = 117.8191, GNorm = 0.3094, lr_0 = 4.2753e-04
Loss = 1.6513e-02, PNorm = 117.8412, GNorm = 0.1362, lr_0 = 4.2629e-04
Loss = 1.6628e-02, PNorm = 117.8612, GNorm = 0.3089, lr_0 = 4.2505e-04
Loss = 1.5178e-02, PNorm = 117.8823, GNorm = 0.1738, lr_0 = 4.2382e-04
Loss = 1.2843e-02, PNorm = 117.8958, GNorm = 0.1838, lr_0 = 4.2258e-04
Loss = 1.9266e-02, PNorm = 117.9099, GNorm = 0.1400, lr_0 = 4.2136e-04
Loss = 2.0745e-02, PNorm = 117.9350, GNorm = 0.4047, lr_0 = 4.2013e-04
Loss = 2.1908e-02, PNorm = 117.9608, GNorm = 0.5875, lr_0 = 4.1891e-04
Loss = 1.9567e-02, PNorm = 117.9825, GNorm = 0.2065, lr_0 = 4.1770e-04
Loss = 1.3077e-02, PNorm = 118.0003, GNorm = 0.1669, lr_0 = 4.1648e-04
Loss = 1.8609e-02, PNorm = 118.0176, GNorm = 0.3819, lr_0 = 4.1527e-04
Loss = 1.6902e-02, PNorm = 118.0384, GNorm = 0.1401, lr_0 = 4.1407e-04
Loss = 1.3102e-02, PNorm = 118.0582, GNorm = 0.1710, lr_0 = 4.1286e-04
Validation rmse = 29.532901
Epoch 21
Loss = 1.7311e-02, PNorm = 118.0817, GNorm = 0.6561, lr_0 = 4.1166e-04
Loss = 1.7080e-02, PNorm = 118.0988, GNorm = 0.3822, lr_0 = 4.1047e-04
Loss = 1.5137e-02, PNorm = 118.1213, GNorm = 0.2945, lr_0 = 4.0928e-04
Loss = 1.4287e-02, PNorm = 118.1416, GNorm = 0.1861, lr_0 = 4.0809e-04
Loss = 1.2849e-02, PNorm = 118.1567, GNorm = 0.2890, lr_0 = 4.0690e-04
Loss = 1.7286e-02, PNorm = 118.1714, GNorm = 0.2808, lr_0 = 4.0572e-04
Loss = 1.2462e-02, PNorm = 118.1976, GNorm = 0.2426, lr_0 = 4.0454e-04
Loss = 1.5518e-02, PNorm = 118.2098, GNorm = 0.1889, lr_0 = 4.0337e-04
Loss = 1.6084e-02, PNorm = 118.2216, GNorm = 0.2771, lr_0 = 4.0219e-04
Loss = 1.4977e-02, PNorm = 118.2381, GNorm = 0.2473, lr_0 = 4.0103e-04
Loss = 1.4831e-02, PNorm = 118.2603, GNorm = 0.1802, lr_0 = 3.9986e-04
Loss = 1.6280e-02, PNorm = 118.2840, GNorm = 0.1825, lr_0 = 3.9870e-04
Loss = 1.7634e-02, PNorm = 118.3082, GNorm = 0.1514, lr_0 = 3.9754e-04
Loss = 1.5190e-02, PNorm = 118.3232, GNorm = 0.2141, lr_0 = 3.9639e-04
Loss = 1.3827e-02, PNorm = 118.3398, GNorm = 0.1313, lr_0 = 3.9523e-04
Loss = 1.7103e-02, PNorm = 118.3533, GNorm = 0.2650, lr_0 = 3.9409e-04
Loss = 1.7120e-02, PNorm = 118.3724, GNorm = 0.3465, lr_0 = 3.9294e-04
Loss = 1.6551e-02, PNorm = 118.4002, GNorm = 0.1679, lr_0 = 3.9180e-04
Validation rmse = 29.513678
Epoch 22
Loss = 1.1055e-02, PNorm = 118.4241, GNorm = 0.1362, lr_0 = 3.9066e-04
Loss = 1.3858e-02, PNorm = 118.4459, GNorm = 0.6069, lr_0 = 3.8953e-04
Loss = 1.4922e-02, PNorm = 118.4574, GNorm = 0.4021, lr_0 = 3.8840e-04
Loss = 1.1624e-02, PNorm = 118.4719, GNorm = 0.1641, lr_0 = 3.8727e-04
Loss = 1.2853e-02, PNorm = 118.4865, GNorm = 0.2389, lr_0 = 3.8614e-04
Loss = 1.1266e-02, PNorm = 118.5023, GNorm = 0.1420, lr_0 = 3.8502e-04
Loss = 1.2481e-02, PNorm = 118.5188, GNorm = 0.1761, lr_0 = 3.8390e-04
Loss = 1.0688e-02, PNorm = 118.5327, GNorm = 0.3097, lr_0 = 3.8279e-04
Loss = 1.5976e-02, PNorm = 118.5439, GNorm = 0.2070, lr_0 = 3.8168e-04
Loss = 1.8340e-02, PNorm = 118.5620, GNorm = 0.3715, lr_0 = 3.8057e-04
Loss = 1.5413e-02, PNorm = 118.5796, GNorm = 0.2910, lr_0 = 3.7946e-04
Loss = 1.4114e-02, PNorm = 118.5985, GNorm = 0.2572, lr_0 = 3.7836e-04
Loss = 1.7852e-02, PNorm = 118.6158, GNorm = 0.1912, lr_0 = 3.7726e-04
Loss = 1.8884e-02, PNorm = 118.6433, GNorm = 0.3779, lr_0 = 3.7616e-04
Loss = 1.4886e-02, PNorm = 118.6615, GNorm = 0.1535, lr_0 = 3.7507e-04
Loss = 1.0246e-02, PNorm = 118.6802, GNorm = 0.1519, lr_0 = 3.7398e-04
Loss = 1.5797e-02, PNorm = 118.7048, GNorm = 0.4614, lr_0 = 3.7290e-04
Loss = 1.8270e-02, PNorm = 118.7271, GNorm = 0.2199, lr_0 = 3.7181e-04
Validation rmse = 29.801348
Epoch 23
Loss = 1.3610e-02, PNorm = 118.7475, GNorm = 0.1086, lr_0 = 3.7073e-04
Loss = 1.5779e-02, PNorm = 118.7652, GNorm = 0.2919, lr_0 = 3.6966e-04
Loss = 1.5430e-02, PNorm = 118.7859, GNorm = 0.2136, lr_0 = 3.6858e-04
Loss = 1.2119e-02, PNorm = 118.8084, GNorm = 0.2555, lr_0 = 3.6751e-04
Loss = 1.0971e-02, PNorm = 118.8283, GNorm = 0.2002, lr_0 = 3.6644e-04
Loss = 1.2688e-02, PNorm = 118.8447, GNorm = 0.1986, lr_0 = 3.6538e-04
Loss = 1.5773e-02, PNorm = 118.8564, GNorm = 0.2518, lr_0 = 3.6432e-04
Loss = 1.4361e-02, PNorm = 118.8767, GNorm = 0.3187, lr_0 = 3.6326e-04
Loss = 1.3516e-02, PNorm = 118.8962, GNorm = 0.5145, lr_0 = 3.6220e-04
Loss = 1.5089e-02, PNorm = 118.9121, GNorm = 0.1656, lr_0 = 3.6115e-04
Loss = 1.5423e-02, PNorm = 118.9341, GNorm = 0.2007, lr_0 = 3.6010e-04
Loss = 1.4463e-02, PNorm = 118.9420, GNorm = 0.1687, lr_0 = 3.5906e-04
Loss = 1.1729e-02, PNorm = 118.9564, GNorm = 0.1185, lr_0 = 3.5801e-04
Loss = 1.3821e-02, PNorm = 118.9707, GNorm = 0.5314, lr_0 = 3.5697e-04
Loss = 1.5577e-02, PNorm = 118.9873, GNorm = 0.1899, lr_0 = 3.5594e-04
Loss = 1.8116e-02, PNorm = 119.0016, GNorm = 0.4893, lr_0 = 3.5490e-04
Loss = 1.3781e-02, PNorm = 119.0287, GNorm = 0.1952, lr_0 = 3.5387e-04
Loss = 1.4244e-02, PNorm = 119.0521, GNorm = 0.1191, lr_0 = 3.5284e-04
Validation rmse = 30.305649
Epoch 24
Loss = 1.4192e-02, PNorm = 119.0681, GNorm = 0.1677, lr_0 = 3.5182e-04
Loss = 1.3073e-02, PNorm = 119.0859, GNorm = 0.1647, lr_0 = 3.5080e-04
Loss = 1.1775e-02, PNorm = 119.1011, GNorm = 0.4596, lr_0 = 3.4978e-04
Loss = 1.3600e-02, PNorm = 119.1127, GNorm = 0.2085, lr_0 = 3.4876e-04
Loss = 1.4965e-02, PNorm = 119.1287, GNorm = 0.3925, lr_0 = 3.4775e-04
Loss = 1.3110e-02, PNorm = 119.1407, GNorm = 0.2657, lr_0 = 3.4674e-04
Loss = 1.2532e-02, PNorm = 119.1616, GNorm = 0.1596, lr_0 = 3.4573e-04
Loss = 1.7611e-02, PNorm = 119.1745, GNorm = 0.2252, lr_0 = 3.4473e-04
Loss = 1.1598e-02, PNorm = 119.1889, GNorm = 0.2270, lr_0 = 3.4373e-04
Loss = 1.1491e-02, PNorm = 119.2066, GNorm = 0.1982, lr_0 = 3.4273e-04
Loss = 1.3474e-02, PNorm = 119.2228, GNorm = 0.1358, lr_0 = 3.4173e-04
Loss = 1.2216e-02, PNorm = 119.2414, GNorm = 0.1706, lr_0 = 3.4074e-04
Loss = 1.5717e-02, PNorm = 119.2604, GNorm = 0.1566, lr_0 = 3.3975e-04
Loss = 1.1320e-02, PNorm = 119.2741, GNorm = 0.1375, lr_0 = 3.3876e-04
Loss = 1.0487e-02, PNorm = 119.2983, GNorm = 0.1967, lr_0 = 3.3778e-04
Loss = 1.5382e-02, PNorm = 119.3139, GNorm = 0.3471, lr_0 = 3.3680e-04
Loss = 1.6698e-02, PNorm = 119.3338, GNorm = 0.3560, lr_0 = 3.3582e-04
Loss = 1.6849e-02, PNorm = 119.3566, GNorm = 0.2431, lr_0 = 3.3484e-04
Validation rmse = 28.985580
Epoch 25
Loss = 1.2479e-02, PNorm = 119.3727, GNorm = 0.2246, lr_0 = 3.3387e-04
Loss = 1.4011e-02, PNorm = 119.3882, GNorm = 0.1533, lr_0 = 3.3290e-04
Loss = 1.1837e-02, PNorm = 119.4011, GNorm = 0.1483, lr_0 = 3.3193e-04
Loss = 1.3979e-02, PNorm = 119.4161, GNorm = 0.3677, lr_0 = 3.3097e-04
Loss = 1.5010e-02, PNorm = 119.4397, GNorm = 0.2202, lr_0 = 3.3001e-04
Loss = 1.6579e-02, PNorm = 119.4605, GNorm = 0.5443, lr_0 = 3.2905e-04
Loss = 1.4239e-02, PNorm = 119.4779, GNorm = 0.3619, lr_0 = 3.2809e-04
Loss = 1.2211e-02, PNorm = 119.4965, GNorm = 0.2032, lr_0 = 3.2714e-04
Loss = 1.2613e-02, PNorm = 119.5146, GNorm = 0.2371, lr_0 = 3.2619e-04
Loss = 1.1695e-02, PNorm = 119.5266, GNorm = 0.2490, lr_0 = 3.2524e-04
Loss = 1.2108e-02, PNorm = 119.5430, GNorm = 0.2396, lr_0 = 3.2430e-04
Loss = 1.2801e-02, PNorm = 119.5589, GNorm = 0.1843, lr_0 = 3.2336e-04
Loss = 1.0570e-02, PNorm = 119.5707, GNorm = 0.1315, lr_0 = 3.2242e-04
Loss = 1.3689e-02, PNorm = 119.5812, GNorm = 0.2077, lr_0 = 3.2148e-04
Loss = 1.4229e-02, PNorm = 119.6051, GNorm = 0.3856, lr_0 = 3.2055e-04
Loss = 1.4233e-02, PNorm = 119.6199, GNorm = 0.4654, lr_0 = 3.1962e-04
Loss = 1.2730e-02, PNorm = 119.6400, GNorm = 0.2405, lr_0 = 3.1869e-04
Loss = 1.4378e-02, PNorm = 119.6572, GNorm = 0.2245, lr_0 = 3.1776e-04
Validation rmse = 28.532180
Epoch 26
Loss = 9.2543e-03, PNorm = 119.6693, GNorm = 0.2867, lr_0 = 3.1684e-04
Loss = 1.1621e-02, PNorm = 119.6865, GNorm = 0.4144, lr_0 = 3.1592e-04
Loss = 1.3684e-02, PNorm = 119.7049, GNorm = 0.3265, lr_0 = 3.1500e-04
Loss = 1.3233e-02, PNorm = 119.7202, GNorm = 0.4584, lr_0 = 3.1409e-04
Loss = 1.2331e-02, PNorm = 119.7377, GNorm = 0.1642, lr_0 = 3.1317e-04
Loss = 1.3512e-02, PNorm = 119.7536, GNorm = 0.1512, lr_0 = 3.1226e-04
Loss = 1.4288e-02, PNorm = 119.7607, GNorm = 0.5831, lr_0 = 3.1136e-04
Loss = 1.4853e-02, PNorm = 119.7788, GNorm = 0.3981, lr_0 = 3.1045e-04
Loss = 1.3371e-02, PNorm = 119.7962, GNorm = 0.3337, lr_0 = 3.0955e-04
Loss = 1.5223e-02, PNorm = 119.8206, GNorm = 0.2195, lr_0 = 3.0865e-04
Loss = 1.3030e-02, PNorm = 119.8375, GNorm = 0.3042, lr_0 = 3.0775e-04
Loss = 9.7772e-03, PNorm = 119.8524, GNorm = 0.1197, lr_0 = 3.0686e-04
Loss = 1.4044e-02, PNorm = 119.8696, GNorm = 0.6053, lr_0 = 3.0597e-04
Loss = 1.2820e-02, PNorm = 119.8909, GNorm = 0.1465, lr_0 = 3.0508e-04
Loss = 9.9416e-03, PNorm = 119.9074, GNorm = 0.1515, lr_0 = 3.0419e-04
Loss = 1.3121e-02, PNorm = 119.9267, GNorm = 0.2380, lr_0 = 3.0331e-04
Loss = 1.3783e-02, PNorm = 119.9436, GNorm = 0.3310, lr_0 = 3.0243e-04
Loss = 1.1171e-02, PNorm = 119.9584, GNorm = 0.2833, lr_0 = 3.0155e-04
Validation rmse = 29.167712
Epoch 27
Loss = 9.1377e-03, PNorm = 119.9749, GNorm = 0.1525, lr_0 = 3.0068e-04
Loss = 1.1028e-02, PNorm = 119.9877, GNorm = 0.3859, lr_0 = 2.9980e-04
Loss = 9.3713e-03, PNorm = 119.9986, GNorm = 0.1324, lr_0 = 2.9893e-04
Loss = 1.2764e-02, PNorm = 120.0185, GNorm = 0.1664, lr_0 = 2.9806e-04
Loss = 1.2970e-02, PNorm = 120.0279, GNorm = 0.3291, lr_0 = 2.9720e-04
Loss = 1.2242e-02, PNorm = 120.0436, GNorm = 0.2581, lr_0 = 2.9633e-04
Loss = 1.1666e-02, PNorm = 120.0578, GNorm = 0.2662, lr_0 = 2.9547e-04
Loss = 1.0574e-02, PNorm = 120.0747, GNorm = 0.1051, lr_0 = 2.9461e-04
Loss = 1.3410e-02, PNorm = 120.0943, GNorm = 0.2459, lr_0 = 2.9376e-04
Loss = 9.3416e-03, PNorm = 120.1082, GNorm = 0.3284, lr_0 = 2.9291e-04
Loss = 1.0538e-02, PNorm = 120.1184, GNorm = 0.3252, lr_0 = 2.9205e-04
Loss = 9.2096e-03, PNorm = 120.1316, GNorm = 0.1018, lr_0 = 2.9121e-04
Loss = 1.6400e-02, PNorm = 120.1504, GNorm = 0.4245, lr_0 = 2.9036e-04
Loss = 1.4765e-02, PNorm = 120.1668, GNorm = 0.1793, lr_0 = 2.8952e-04
Loss = 1.0420e-02, PNorm = 120.1797, GNorm = 0.0873, lr_0 = 2.8868e-04
Loss = 1.0729e-02, PNorm = 120.1917, GNorm = 0.1520, lr_0 = 2.8784e-04
Loss = 1.0080e-02, PNorm = 120.2048, GNorm = 0.2394, lr_0 = 2.8700e-04
Loss = 1.3493e-02, PNorm = 120.2169, GNorm = 0.3313, lr_0 = 2.8617e-04
Validation rmse = 30.116744
Epoch 28
Loss = 1.0043e-02, PNorm = 120.2276, GNorm = 0.1424, lr_0 = 2.8534e-04
Loss = 9.5291e-03, PNorm = 120.2446, GNorm = 0.1788, lr_0 = 2.8451e-04
Loss = 1.0151e-02, PNorm = 120.2557, GNorm = 0.2969, lr_0 = 2.8368e-04
Loss = 9.5047e-03, PNorm = 120.2671, GNorm = 0.1247, lr_0 = 2.8286e-04
Loss = 1.0540e-02, PNorm = 120.2772, GNorm = 0.1195, lr_0 = 2.8204e-04
Loss = 9.6591e-03, PNorm = 120.2910, GNorm = 0.1768, lr_0 = 2.8122e-04
Loss = 1.0668e-02, PNorm = 120.3050, GNorm = 0.2593, lr_0 = 2.8040e-04
Loss = 9.2107e-03, PNorm = 120.3183, GNorm = 0.1544, lr_0 = 2.7958e-04
Loss = 1.0905e-02, PNorm = 120.3324, GNorm = 0.4623, lr_0 = 2.7877e-04
Loss = 1.1679e-02, PNorm = 120.3464, GNorm = 0.1445, lr_0 = 2.7796e-04
Loss = 1.1143e-02, PNorm = 120.3622, GNorm = 0.4963, lr_0 = 2.7716e-04
Loss = 1.4916e-02, PNorm = 120.3824, GNorm = 0.2610, lr_0 = 2.7635e-04
Loss = 1.3128e-02, PNorm = 120.3975, GNorm = 0.3416, lr_0 = 2.7555e-04
Loss = 1.2272e-02, PNorm = 120.4091, GNorm = 0.4745, lr_0 = 2.7475e-04
Loss = 1.2740e-02, PNorm = 120.4211, GNorm = 0.2908, lr_0 = 2.7395e-04
Loss = 1.0692e-02, PNorm = 120.4312, GNorm = 0.1834, lr_0 = 2.7315e-04
Loss = 1.0574e-02, PNorm = 120.4388, GNorm = 0.2463, lr_0 = 2.7236e-04
Validation rmse = 29.091782
Epoch 29
Loss = 1.3017e-02, PNorm = 120.4559, GNorm = 0.3621, lr_0 = 2.7157e-04
Loss = 9.1375e-03, PNorm = 120.4690, GNorm = 0.1642, lr_0 = 2.7078e-04
Loss = 8.3697e-03, PNorm = 120.4796, GNorm = 0.2788, lr_0 = 2.6999e-04
Loss = 9.0960e-03, PNorm = 120.4918, GNorm = 0.2899, lr_0 = 2.6921e-04
Loss = 8.3299e-03, PNorm = 120.5055, GNorm = 0.1125, lr_0 = 2.6843e-04
Loss = 9.6209e-03, PNorm = 120.5157, GNorm = 0.1817, lr_0 = 2.6765e-04
Loss = 7.9098e-03, PNorm = 120.5244, GNorm = 0.1499, lr_0 = 2.6687e-04
Loss = 1.0686e-02, PNorm = 120.5390, GNorm = 0.2660, lr_0 = 2.6609e-04
Loss = 9.4765e-03, PNorm = 120.5520, GNorm = 0.3358, lr_0 = 2.6532e-04
Loss = 7.1688e-03, PNorm = 120.5634, GNorm = 0.1413, lr_0 = 2.6455e-04
Loss = 1.0244e-02, PNorm = 120.5758, GNorm = 0.0883, lr_0 = 2.6378e-04
Loss = 1.2742e-02, PNorm = 120.5879, GNorm = 0.3018, lr_0 = 2.6302e-04
Loss = 1.0823e-02, PNorm = 120.5995, GNorm = 0.1877, lr_0 = 2.6225e-04
Loss = 1.1067e-02, PNorm = 120.6136, GNorm = 0.4445, lr_0 = 2.6149e-04
Loss = 1.1099e-02, PNorm = 120.6354, GNorm = 0.1002, lr_0 = 2.6073e-04
Loss = 1.3754e-02, PNorm = 120.6490, GNorm = 0.2258, lr_0 = 2.5997e-04
Loss = 1.4393e-02, PNorm = 120.6587, GNorm = 0.2907, lr_0 = 2.5922e-04
Loss = 1.0841e-02, PNorm = 120.6771, GNorm = 0.1782, lr_0 = 2.5846e-04
Validation rmse = 29.143236
Epoch 30
Loss = 7.5429e-03, PNorm = 120.6959, GNorm = 0.1962, lr_0 = 2.5771e-04
Loss = 1.3240e-02, PNorm = 120.7150, GNorm = 0.2888, lr_0 = 2.5697e-04
Loss = 1.1104e-02, PNorm = 120.7256, GNorm = 0.1811, lr_0 = 2.5622e-04
Loss = 1.2287e-02, PNorm = 120.7386, GNorm = 0.2722, lr_0 = 2.5547e-04
Loss = 1.0446e-02, PNorm = 120.7573, GNorm = 0.1857, lr_0 = 2.5473e-04
Loss = 1.1641e-02, PNorm = 120.7771, GNorm = 0.2435, lr_0 = 2.5399e-04
Loss = 1.2047e-02, PNorm = 120.7944, GNorm = 0.1648, lr_0 = 2.5325e-04
Loss = 1.1223e-02, PNorm = 120.8135, GNorm = 0.1189, lr_0 = 2.5252e-04
Loss = 1.2903e-02, PNorm = 120.8261, GNorm = 0.1561, lr_0 = 2.5179e-04
Loss = 9.6667e-03, PNorm = 120.8421, GNorm = 0.2380, lr_0 = 2.5105e-04
Loss = 9.2041e-03, PNorm = 120.8487, GNorm = 0.1773, lr_0 = 2.5033e-04
Loss = 9.8902e-03, PNorm = 120.8607, GNorm = 0.1530, lr_0 = 2.4960e-04
Loss = 1.0947e-02, PNorm = 120.8735, GNorm = 0.2791, lr_0 = 2.4887e-04
Loss = 1.0647e-02, PNorm = 120.8862, GNorm = 0.1620, lr_0 = 2.4815e-04
Loss = 1.1003e-02, PNorm = 120.8987, GNorm = 0.3454, lr_0 = 2.4743e-04
Loss = 7.2525e-03, PNorm = 120.9087, GNorm = 0.3298, lr_0 = 2.4671e-04
Loss = 1.2812e-02, PNorm = 120.9170, GNorm = 0.1600, lr_0 = 2.4599e-04
Loss = 1.2424e-02, PNorm = 120.9329, GNorm = 0.2539, lr_0 = 2.4528e-04
Validation rmse = 28.771024
Epoch 31
Loss = 1.0111e-02, PNorm = 120.9421, GNorm = 0.3637, lr_0 = 2.4457e-04
Loss = 1.0002e-02, PNorm = 120.9568, GNorm = 0.3469, lr_0 = 2.4386e-04
Loss = 8.1794e-03, PNorm = 120.9675, GNorm = 0.3108, lr_0 = 2.4315e-04
Loss = 8.7209e-03, PNorm = 120.9805, GNorm = 0.3490, lr_0 = 2.4244e-04
Loss = 9.0511e-03, PNorm = 120.9950, GNorm = 0.1844, lr_0 = 2.4174e-04
Loss = 9.1466e-03, PNorm = 121.0050, GNorm = 0.2109, lr_0 = 2.4104e-04
Loss = 9.1591e-03, PNorm = 121.0165, GNorm = 0.1344, lr_0 = 2.4034e-04
Loss = 9.7546e-03, PNorm = 121.0292, GNorm = 0.3531, lr_0 = 2.3964e-04
Loss = 1.0637e-02, PNorm = 121.0443, GNorm = 0.2739, lr_0 = 2.3894e-04
Loss = 1.0751e-02, PNorm = 121.0546, GNorm = 0.2248, lr_0 = 2.3825e-04
Loss = 1.0539e-02, PNorm = 121.0725, GNorm = 0.1152, lr_0 = 2.3755e-04
Loss = 9.9124e-03, PNorm = 121.0865, GNorm = 0.3943, lr_0 = 2.3686e-04
Loss = 9.2532e-03, PNorm = 121.1023, GNorm = 0.1489, lr_0 = 2.3618e-04
Loss = 1.3580e-02, PNorm = 121.1153, GNorm = 0.1730, lr_0 = 2.3549e-04
Loss = 8.7671e-03, PNorm = 121.1259, GNorm = 0.2448, lr_0 = 2.3481e-04
Loss = 9.0386e-03, PNorm = 121.1361, GNorm = 0.1830, lr_0 = 2.3412e-04
Loss = 8.6954e-03, PNorm = 121.1437, GNorm = 0.1854, lr_0 = 2.3344e-04
Loss = 1.0906e-02, PNorm = 121.1536, GNorm = 0.2968, lr_0 = 2.3277e-04
Validation rmse = 28.819357
Epoch 32
Loss = 1.1743e-02, PNorm = 121.1669, GNorm = 0.1937, lr_0 = 2.3209e-04
Loss = 7.4509e-03, PNorm = 121.1808, GNorm = 0.2122, lr_0 = 2.3142e-04
Loss = 8.8273e-03, PNorm = 121.1923, GNorm = 0.2556, lr_0 = 2.3074e-04
Loss = 8.6768e-03, PNorm = 121.2036, GNorm = 0.1401, lr_0 = 2.3007e-04
Loss = 9.4862e-03, PNorm = 121.2135, GNorm = 0.1615, lr_0 = 2.2941e-04
Loss = 9.3158e-03, PNorm = 121.2246, GNorm = 0.5574, lr_0 = 2.2874e-04
Loss = 9.6547e-03, PNorm = 121.2336, GNorm = 0.1061, lr_0 = 2.2807e-04
Loss = 8.5285e-03, PNorm = 121.2428, GNorm = 0.1720, lr_0 = 2.2741e-04
Loss = 1.0165e-02, PNorm = 121.2579, GNorm = 0.4612, lr_0 = 2.2675e-04
Loss = 8.8977e-03, PNorm = 121.2704, GNorm = 0.1300, lr_0 = 2.2609e-04
Loss = 1.0087e-02, PNorm = 121.2787, GNorm = 0.4034, lr_0 = 2.2544e-04
Loss = 9.2921e-03, PNorm = 121.2876, GNorm = 0.1064, lr_0 = 2.2478e-04
Loss = 9.6417e-03, PNorm = 121.2990, GNorm = 0.1036, lr_0 = 2.2413e-04
Loss = 8.4312e-03, PNorm = 121.3124, GNorm = 0.2830, lr_0 = 2.2348e-04
Loss = 1.1054e-02, PNorm = 121.3238, GNorm = 0.2113, lr_0 = 2.2283e-04
Loss = 8.4167e-03, PNorm = 121.3350, GNorm = 0.3600, lr_0 = 2.2218e-04
Loss = 1.1371e-02, PNorm = 121.3463, GNorm = 0.1593, lr_0 = 2.2154e-04
Loss = 1.2676e-02, PNorm = 121.3606, GNorm = 0.2874, lr_0 = 2.2089e-04
Validation rmse = 28.912971
Epoch 33
Loss = 8.6375e-03, PNorm = 121.3716, GNorm = 0.1297, lr_0 = 2.2025e-04
Loss = 7.0510e-03, PNorm = 121.3834, GNorm = 0.2024, lr_0 = 2.1961e-04
Loss = 8.8605e-03, PNorm = 121.3932, GNorm = 0.2435, lr_0 = 2.1897e-04
Loss = 8.0710e-03, PNorm = 121.4052, GNorm = 0.1300, lr_0 = 2.1834e-04
Loss = 9.2782e-03, PNorm = 121.4159, GNorm = 0.1040, lr_0 = 2.1770e-04
Loss = 9.2442e-03, PNorm = 121.4272, GNorm = 0.2402, lr_0 = 2.1707e-04
Loss = 7.9847e-03, PNorm = 121.4367, GNorm = 0.1370, lr_0 = 2.1644e-04
Loss = 9.2448e-03, PNorm = 121.4470, GNorm = 0.1192, lr_0 = 2.1581e-04
Loss = 1.1122e-02, PNorm = 121.4612, GNorm = 0.1565, lr_0 = 2.1518e-04
Loss = 1.0789e-02, PNorm = 121.4736, GNorm = 0.1866, lr_0 = 2.1456e-04
Loss = 1.0011e-02, PNorm = 121.4819, GNorm = 0.0862, lr_0 = 2.1394e-04
Loss = 8.9430e-03, PNorm = 121.4977, GNorm = 0.1604, lr_0 = 2.1331e-04
Loss = 6.8638e-03, PNorm = 121.5103, GNorm = 0.0985, lr_0 = 2.1269e-04
Loss = 8.1356e-03, PNorm = 121.5204, GNorm = 0.2259, lr_0 = 2.1208e-04
Loss = 9.4812e-03, PNorm = 121.5257, GNorm = 0.1638, lr_0 = 2.1146e-04
Loss = 8.8468e-03, PNorm = 121.5367, GNorm = 0.2306, lr_0 = 2.1085e-04
Loss = 9.2044e-03, PNorm = 121.5451, GNorm = 0.2372, lr_0 = 2.1023e-04
Loss = 7.3865e-03, PNorm = 121.5584, GNorm = 0.2123, lr_0 = 2.0962e-04
Validation rmse = 29.243165
Epoch 34
Loss = 6.3340e-03, PNorm = 121.5713, GNorm = 0.2107, lr_0 = 2.0901e-04
Loss = 9.2719e-03, PNorm = 121.5783, GNorm = 0.2012, lr_0 = 2.0841e-04
Loss = 8.2231e-03, PNorm = 121.5861, GNorm = 0.1404, lr_0 = 2.0780e-04
Loss = 7.2656e-03, PNorm = 121.5967, GNorm = 0.1242, lr_0 = 2.0720e-04
Loss = 9.3222e-03, PNorm = 121.6080, GNorm = 0.1294, lr_0 = 2.0660e-04
Loss = 7.8419e-03, PNorm = 121.6173, GNorm = 0.2961, lr_0 = 2.0600e-04
Loss = 1.0396e-02, PNorm = 121.6300, GNorm = 0.1602, lr_0 = 2.0540e-04
Loss = 8.9014e-03, PNorm = 121.6414, GNorm = 0.1808, lr_0 = 2.0480e-04
Loss = 1.1295e-02, PNorm = 121.6534, GNorm = 0.4884, lr_0 = 2.0421e-04
Loss = 9.4950e-03, PNorm = 121.6658, GNorm = 0.2466, lr_0 = 2.0361e-04
Loss = 1.0485e-02, PNorm = 121.6770, GNorm = 0.2450, lr_0 = 2.0302e-04
Loss = 8.5333e-03, PNorm = 121.6895, GNorm = 0.1673, lr_0 = 2.0243e-04
Loss = 8.5293e-03, PNorm = 121.6995, GNorm = 0.1278, lr_0 = 2.0184e-04
Loss = 7.9814e-03, PNorm = 121.7088, GNorm = 0.1336, lr_0 = 2.0126e-04
Loss = 7.7439e-03, PNorm = 121.7147, GNorm = 0.1373, lr_0 = 2.0067e-04
Loss = 9.1507e-03, PNorm = 121.7266, GNorm = 0.1385, lr_0 = 2.0009e-04
Loss = 8.7775e-03, PNorm = 121.7377, GNorm = 0.2288, lr_0 = 1.9951e-04
Loss = 7.6397e-03, PNorm = 121.7482, GNorm = 0.1511, lr_0 = 1.9893e-04
Validation rmse = 28.200953
Epoch 35
Loss = 1.0088e-02, PNorm = 121.7627, GNorm = 0.1766, lr_0 = 1.9835e-04
Loss = 7.4939e-03, PNorm = 121.7715, GNorm = 0.1898, lr_0 = 1.9777e-04
Loss = 6.8784e-03, PNorm = 121.7772, GNorm = 0.0809, lr_0 = 1.9720e-04
Loss = 8.4281e-03, PNorm = 121.7845, GNorm = 0.1079, lr_0 = 1.9663e-04
Loss = 9.5595e-03, PNorm = 121.7950, GNorm = 0.2760, lr_0 = 1.9606e-04
Loss = 7.4574e-03, PNorm = 121.8071, GNorm = 0.1806, lr_0 = 1.9549e-04
Loss = 6.7342e-03, PNorm = 121.8206, GNorm = 0.2064, lr_0 = 1.9492e-04
Loss = 7.4837e-03, PNorm = 121.8281, GNorm = 0.1225, lr_0 = 1.9435e-04
Loss = 8.4659e-03, PNorm = 121.8348, GNorm = 0.2110, lr_0 = 1.9379e-04
Loss = 8.2494e-03, PNorm = 121.8413, GNorm = 0.0995, lr_0 = 1.9323e-04
Loss = 7.2245e-03, PNorm = 121.8487, GNorm = 0.3275, lr_0 = 1.9266e-04
Loss = 8.6474e-03, PNorm = 121.8595, GNorm = 0.1261, lr_0 = 1.9210e-04
Loss = 8.5612e-03, PNorm = 121.8709, GNorm = 0.1298, lr_0 = 1.9155e-04
Loss = 8.1787e-03, PNorm = 121.8824, GNorm = 0.1112, lr_0 = 1.9099e-04
Loss = 7.4544e-03, PNorm = 121.8920, GNorm = 0.2620, lr_0 = 1.9043e-04
Loss = 8.6354e-03, PNorm = 121.9022, GNorm = 0.1756, lr_0 = 1.8988e-04
Loss = 6.8576e-03, PNorm = 121.9094, GNorm = 0.1468, lr_0 = 1.8933e-04
Loss = 6.1562e-03, PNorm = 121.9200, GNorm = 0.1848, lr_0 = 1.8878e-04
Validation rmse = 28.413427
Epoch 36
Loss = 7.7414e-03, PNorm = 121.9291, GNorm = 0.1202, lr_0 = 1.8823e-04
Loss = 7.2861e-03, PNorm = 121.9369, GNorm = 0.1423, lr_0 = 1.8769e-04
Loss = 7.8198e-03, PNorm = 121.9450, GNorm = 0.1486, lr_0 = 1.8714e-04
Loss = 6.5011e-03, PNorm = 121.9565, GNorm = 0.2216, lr_0 = 1.8660e-04
Loss = 1.0171e-02, PNorm = 121.9693, GNorm = 0.2935, lr_0 = 1.8605e-04
Loss = 7.7890e-03, PNorm = 121.9813, GNorm = 0.0926, lr_0 = 1.8551e-04
Loss = 9.0708e-03, PNorm = 121.9906, GNorm = 0.2804, lr_0 = 1.8497e-04
Loss = 7.6814e-03, PNorm = 122.0005, GNorm = 0.1668, lr_0 = 1.8444e-04
Loss = 6.8287e-03, PNorm = 122.0115, GNorm = 0.2358, lr_0 = 1.8390e-04
Loss = 8.6102e-03, PNorm = 122.0206, GNorm = 0.2018, lr_0 = 1.8337e-04
Loss = 7.0671e-03, PNorm = 122.0270, GNorm = 0.1016, lr_0 = 1.8283e-04
Loss = 7.8022e-03, PNorm = 122.0364, GNorm = 0.1247, lr_0 = 1.8230e-04
Loss = 7.8403e-03, PNorm = 122.0475, GNorm = 0.1729, lr_0 = 1.8177e-04
Loss = 7.0969e-03, PNorm = 122.0576, GNorm = 0.1012, lr_0 = 1.8125e-04
Loss = 6.9955e-03, PNorm = 122.0664, GNorm = 0.2819, lr_0 = 1.8072e-04
Loss = 1.0772e-02, PNorm = 122.0725, GNorm = 0.1316, lr_0 = 1.8019e-04
Loss = 7.0504e-03, PNorm = 122.0769, GNorm = 0.1697, lr_0 = 1.7967e-04
Loss = 7.1482e-03, PNorm = 122.0853, GNorm = 0.1448, lr_0 = 1.7915e-04
Validation rmse = 28.727099
Epoch 37
Loss = 6.0284e-03, PNorm = 122.0953, GNorm = 0.1437, lr_0 = 1.7863e-04
Loss = 8.7290e-03, PNorm = 122.1072, GNorm = 0.1895, lr_0 = 1.7811e-04
Loss = 7.8860e-03, PNorm = 122.1143, GNorm = 0.2825, lr_0 = 1.7759e-04
Loss = 7.8158e-03, PNorm = 122.1238, GNorm = 0.1744, lr_0 = 1.7708e-04
Loss = 7.1475e-03, PNorm = 122.1352, GNorm = 0.1499, lr_0 = 1.7656e-04
Loss = 9.1977e-03, PNorm = 122.1460, GNorm = 0.1303, lr_0 = 1.7605e-04
Loss = 7.8567e-03, PNorm = 122.1577, GNorm = 0.1322, lr_0 = 1.7554e-04
Loss = 7.7093e-03, PNorm = 122.1673, GNorm = 0.1532, lr_0 = 1.7503e-04
Loss = 7.9976e-03, PNorm = 122.1747, GNorm = 0.1228, lr_0 = 1.7452e-04
Loss = 6.3285e-03, PNorm = 122.1808, GNorm = 0.1455, lr_0 = 1.7401e-04
Loss = 7.9911e-03, PNorm = 122.1873, GNorm = 0.1539, lr_0 = 1.7351e-04
Loss = 7.8043e-03, PNorm = 122.1939, GNorm = 0.1761, lr_0 = 1.7300e-04
Loss = 7.5781e-03, PNorm = 122.2050, GNorm = 0.3289, lr_0 = 1.7250e-04
Loss = 6.2323e-03, PNorm = 122.2166, GNorm = 0.1008, lr_0 = 1.7200e-04
Loss = 7.5735e-03, PNorm = 122.2262, GNorm = 0.1224, lr_0 = 1.7150e-04
Loss = 6.3941e-03, PNorm = 122.2336, GNorm = 0.1876, lr_0 = 1.7100e-04
Loss = 8.5087e-03, PNorm = 122.2415, GNorm = 0.0822, lr_0 = 1.7051e-04
Validation rmse = 28.388119
Epoch 38
Loss = 4.0919e-03, PNorm = 122.2507, GNorm = 0.0868, lr_0 = 1.6996e-04
Loss = 7.2567e-03, PNorm = 122.2641, GNorm = 0.1536, lr_0 = 1.6947e-04
Loss = 5.6297e-03, PNorm = 122.2678, GNorm = 0.1210, lr_0 = 1.6897e-04
Loss = 7.9586e-03, PNorm = 122.2744, GNorm = 0.1217, lr_0 = 1.6848e-04
Loss = 8.6230e-03, PNorm = 122.2835, GNorm = 0.1259, lr_0 = 1.6799e-04
Loss = 6.9841e-03, PNorm = 122.2935, GNorm = 0.1174, lr_0 = 1.6751e-04
Loss = 7.9040e-03, PNorm = 122.3026, GNorm = 0.1586, lr_0 = 1.6702e-04
Loss = 7.6959e-03, PNorm = 122.3072, GNorm = 0.1922, lr_0 = 1.6653e-04
Loss = 6.5829e-03, PNorm = 122.3139, GNorm = 0.1845, lr_0 = 1.6605e-04
Loss = 7.1150e-03, PNorm = 122.3233, GNorm = 0.1549, lr_0 = 1.6557e-04
Loss = 7.5949e-03, PNorm = 122.3304, GNorm = 0.2073, lr_0 = 1.6509e-04
Loss = 8.2949e-03, PNorm = 122.3414, GNorm = 0.1666, lr_0 = 1.6461e-04
Loss = 6.6326e-03, PNorm = 122.3516, GNorm = 0.0994, lr_0 = 1.6413e-04
Loss = 7.1269e-03, PNorm = 122.3631, GNorm = 0.2562, lr_0 = 1.6365e-04
Loss = 5.7130e-03, PNorm = 122.3727, GNorm = 0.1176, lr_0 = 1.6318e-04
Loss = 6.1303e-03, PNorm = 122.3795, GNorm = 0.1083, lr_0 = 1.6270e-04
Loss = 1.0216e-02, PNorm = 122.3903, GNorm = 0.2444, lr_0 = 1.6223e-04
Loss = 7.2622e-03, PNorm = 122.4031, GNorm = 0.1425, lr_0 = 1.6176e-04
Validation rmse = 28.561713
Epoch 39
Loss = 8.8078e-03, PNorm = 122.4084, GNorm = 0.1461, lr_0 = 1.6129e-04
Loss = 7.2524e-03, PNorm = 122.4140, GNorm = 0.0802, lr_0 = 1.6082e-04
Loss = 5.4851e-03, PNorm = 122.4173, GNorm = 0.1388, lr_0 = 1.6035e-04
Loss = 7.0498e-03, PNorm = 122.4245, GNorm = 0.1011, lr_0 = 1.5989e-04
Loss = 5.4084e-03, PNorm = 122.4316, GNorm = 0.1756, lr_0 = 1.5942e-04
Loss = 7.0919e-03, PNorm = 122.4391, GNorm = 0.1121, lr_0 = 1.5896e-04
Loss = 6.5682e-03, PNorm = 122.4471, GNorm = 0.1607, lr_0 = 1.5850e-04
Loss = 7.8190e-03, PNorm = 122.4544, GNorm = 0.1428, lr_0 = 1.5804e-04
Loss = 5.7462e-03, PNorm = 122.4631, GNorm = 0.1084, lr_0 = 1.5758e-04
Loss = 7.1004e-03, PNorm = 122.4713, GNorm = 0.1090, lr_0 = 1.5712e-04
Loss = 9.6008e-03, PNorm = 122.4833, GNorm = 0.1487, lr_0 = 1.5667e-04
Loss = 9.7190e-03, PNorm = 122.4937, GNorm = 0.1956, lr_0 = 1.5621e-04
Loss = 7.9953e-03, PNorm = 122.4984, GNorm = 0.1591, lr_0 = 1.5576e-04
Loss = 6.9309e-03, PNorm = 122.5048, GNorm = 0.1149, lr_0 = 1.5530e-04
Loss = 6.2153e-03, PNorm = 122.5133, GNorm = 0.1005, lr_0 = 1.5485e-04
Loss = 6.5868e-03, PNorm = 122.5182, GNorm = 0.1086, lr_0 = 1.5440e-04
Loss = 6.5320e-03, PNorm = 122.5279, GNorm = 0.1419, lr_0 = 1.5395e-04
Loss = 6.5247e-03, PNorm = 122.5363, GNorm = 0.1306, lr_0 = 1.5351e-04
Validation rmse = 28.451255
Epoch 40
Loss = 4.0904e-03, PNorm = 122.5449, GNorm = 0.1123, lr_0 = 1.5306e-04
Loss = 5.8959e-03, PNorm = 122.5517, GNorm = 0.1251, lr_0 = 1.5262e-04
Loss = 6.0837e-03, PNorm = 122.5597, GNorm = 0.1201, lr_0 = 1.5217e-04
Loss = 6.0773e-03, PNorm = 122.5658, GNorm = 0.0939, lr_0 = 1.5173e-04
Loss = 5.5246e-03, PNorm = 122.5703, GNorm = 0.1406, lr_0 = 1.5129e-04
Loss = 5.4493e-03, PNorm = 122.5755, GNorm = 0.1274, lr_0 = 1.5085e-04
Loss = 5.1997e-03, PNorm = 122.5842, GNorm = 0.0954, lr_0 = 1.5041e-04
Loss = 5.8310e-03, PNorm = 122.5913, GNorm = 0.1091, lr_0 = 1.4998e-04
Loss = 7.6299e-03, PNorm = 122.5987, GNorm = 0.1685, lr_0 = 1.4954e-04
Loss = 6.2193e-03, PNorm = 122.6075, GNorm = 0.0996, lr_0 = 1.4911e-04
Loss = 7.0586e-03, PNorm = 122.6133, GNorm = 0.1267, lr_0 = 1.4867e-04
Loss = 6.7231e-03, PNorm = 122.6203, GNorm = 0.1210, lr_0 = 1.4824e-04
Loss = 7.7349e-03, PNorm = 122.6261, GNorm = 0.1455, lr_0 = 1.4781e-04
Loss = 6.4996e-03, PNorm = 122.6354, GNorm = 0.1788, lr_0 = 1.4738e-04
Loss = 7.4374e-03, PNorm = 122.6401, GNorm = 0.1242, lr_0 = 1.4695e-04
Loss = 7.0552e-03, PNorm = 122.6497, GNorm = 0.2014, lr_0 = 1.4653e-04
Loss = 7.8859e-03, PNorm = 122.6543, GNorm = 0.1985, lr_0 = 1.4610e-04
Loss = 7.7562e-03, PNorm = 122.6635, GNorm = 0.1388, lr_0 = 1.4568e-04
Validation rmse = 28.980882
Epoch 41
Loss = 7.3317e-03, PNorm = 122.6685, GNorm = 0.2041, lr_0 = 1.4525e-04
Loss = 6.3773e-03, PNorm = 122.6774, GNorm = 0.1260, lr_0 = 1.4483e-04
Loss = 6.4236e-03, PNorm = 122.6855, GNorm = 0.1022, lr_0 = 1.4441e-04
Loss = 5.3432e-03, PNorm = 122.6946, GNorm = 0.1280, lr_0 = 1.4399e-04
Loss = 8.4742e-03, PNorm = 122.7033, GNorm = 0.2152, lr_0 = 1.4357e-04
Loss = 8.0986e-03, PNorm = 122.7127, GNorm = 0.2256, lr_0 = 1.4316e-04
Loss = 5.9238e-03, PNorm = 122.7157, GNorm = 0.1886, lr_0 = 1.4274e-04
Loss = 8.0613e-03, PNorm = 122.7284, GNorm = 0.1605, lr_0 = 1.4233e-04
Loss = 5.9187e-03, PNorm = 122.7377, GNorm = 0.2788, lr_0 = 1.4191e-04
Loss = 5.9458e-03, PNorm = 122.7444, GNorm = 0.1072, lr_0 = 1.4150e-04
Loss = 5.1171e-03, PNorm = 122.7498, GNorm = 0.1201, lr_0 = 1.4109e-04
Loss = 7.2443e-03, PNorm = 122.7575, GNorm = 0.1275, lr_0 = 1.4068e-04
Loss = 7.5255e-03, PNorm = 122.7686, GNorm = 0.0995, lr_0 = 1.4027e-04
Loss = 6.4051e-03, PNorm = 122.7746, GNorm = 0.0842, lr_0 = 1.3986e-04
Loss = 7.1051e-03, PNorm = 122.7800, GNorm = 0.1031, lr_0 = 1.3946e-04
Loss = 8.1379e-03, PNorm = 122.7860, GNorm = 0.1129, lr_0 = 1.3905e-04
Loss = 7.0569e-03, PNorm = 122.7923, GNorm = 0.1382, lr_0 = 1.3865e-04
Loss = 7.5279e-03, PNorm = 122.7992, GNorm = 0.1651, lr_0 = 1.3824e-04
Validation rmse = 28.389612
Epoch 42
Loss = 8.7220e-03, PNorm = 122.8094, GNorm = 0.4626, lr_0 = 1.3784e-04
Loss = 6.7928e-03, PNorm = 122.8202, GNorm = 0.0843, lr_0 = 1.3744e-04
Loss = 5.3240e-03, PNorm = 122.8257, GNorm = 0.0933, lr_0 = 1.3704e-04
Loss = 5.4844e-03, PNorm = 122.8328, GNorm = 0.0614, lr_0 = 1.3665e-04
Loss = 6.0585e-03, PNorm = 122.8358, GNorm = 0.1805, lr_0 = 1.3625e-04
Loss = 6.4971e-03, PNorm = 122.8414, GNorm = 0.1261, lr_0 = 1.3585e-04
Loss = 7.7945e-03, PNorm = 122.8503, GNorm = 0.2411, lr_0 = 1.3546e-04
Loss = 5.2801e-03, PNorm = 122.8584, GNorm = 0.1078, lr_0 = 1.3506e-04
Loss = 7.2521e-03, PNorm = 122.8636, GNorm = 0.2962, lr_0 = 1.3467e-04
Loss = 7.1107e-03, PNorm = 122.8697, GNorm = 0.1722, lr_0 = 1.3428e-04
Loss = 6.0682e-03, PNorm = 122.8754, GNorm = 0.0849, lr_0 = 1.3389e-04
Loss = 4.9766e-03, PNorm = 122.8802, GNorm = 0.0852, lr_0 = 1.3350e-04
Loss = 4.6430e-03, PNorm = 122.8872, GNorm = 0.1372, lr_0 = 1.3311e-04
Loss = 6.0176e-03, PNorm = 122.8932, GNorm = 0.2252, lr_0 = 1.3273e-04
Loss = 6.2070e-03, PNorm = 122.8996, GNorm = 0.1907, lr_0 = 1.3234e-04
Loss = 6.1993e-03, PNorm = 122.9079, GNorm = 0.0750, lr_0 = 1.3196e-04
Loss = 6.9524e-03, PNorm = 122.9154, GNorm = 0.1233, lr_0 = 1.3157e-04
Loss = 5.7145e-03, PNorm = 122.9210, GNorm = 0.2491, lr_0 = 1.3119e-04
Validation rmse = 28.128585
Epoch 43
Loss = 5.7196e-03, PNorm = 122.9263, GNorm = 0.1736, lr_0 = 1.3081e-04
Loss = 5.8254e-03, PNorm = 122.9365, GNorm = 0.1119, lr_0 = 1.3043e-04
Loss = 5.8033e-03, PNorm = 122.9430, GNorm = 0.1919, lr_0 = 1.3005e-04
Loss = 6.2701e-03, PNorm = 122.9480, GNorm = 0.2512, lr_0 = 1.2967e-04
Loss = 5.7898e-03, PNorm = 122.9535, GNorm = 0.0783, lr_0 = 1.2930e-04
Loss = 4.9398e-03, PNorm = 122.9599, GNorm = 0.1158, lr_0 = 1.2892e-04
Loss = 4.6324e-03, PNorm = 122.9657, GNorm = 0.1868, lr_0 = 1.2855e-04
Loss = 6.1822e-03, PNorm = 122.9734, GNorm = 0.1119, lr_0 = 1.2817e-04
Loss = 8.5450e-03, PNorm = 122.9800, GNorm = 0.2688, lr_0 = 1.2780e-04
Loss = 5.7726e-03, PNorm = 122.9876, GNorm = 0.1047, lr_0 = 1.2743e-04
Loss = 6.5251e-03, PNorm = 122.9914, GNorm = 0.1565, lr_0 = 1.2706e-04
Loss = 6.4142e-03, PNorm = 122.9975, GNorm = 0.1508, lr_0 = 1.2669e-04
Loss = 6.2672e-03, PNorm = 123.0036, GNorm = 0.0947, lr_0 = 1.2632e-04
Loss = 6.4992e-03, PNorm = 123.0105, GNorm = 0.1082, lr_0 = 1.2596e-04
Loss = 6.3331e-03, PNorm = 123.0186, GNorm = 0.1192, lr_0 = 1.2559e-04
Loss = 7.7044e-03, PNorm = 123.0258, GNorm = 0.2531, lr_0 = 1.2523e-04
Loss = 6.1457e-03, PNorm = 123.0339, GNorm = 0.1673, lr_0 = 1.2486e-04
Loss = 6.2838e-03, PNorm = 123.0411, GNorm = 0.1147, lr_0 = 1.2450e-04
Validation rmse = 28.987302
Epoch 44
Loss = 6.2291e-03, PNorm = 123.0481, GNorm = 0.2131, lr_0 = 1.2414e-04
Loss = 5.1307e-03, PNorm = 123.0551, GNorm = 0.1919, lr_0 = 1.2378e-04
Loss = 6.1774e-03, PNorm = 123.0582, GNorm = 0.1286, lr_0 = 1.2342e-04
Loss = 5.5740e-03, PNorm = 123.0623, GNorm = 0.1928, lr_0 = 1.2306e-04
Loss = 6.0450e-03, PNorm = 123.0672, GNorm = 0.1986, lr_0 = 1.2270e-04
Loss = 6.9611e-03, PNorm = 123.0732, GNorm = 0.2442, lr_0 = 1.2235e-04
Loss = 5.1560e-03, PNorm = 123.0792, GNorm = 0.1814, lr_0 = 1.2199e-04
Loss = 5.5481e-03, PNorm = 123.0855, GNorm = 0.2656, lr_0 = 1.2164e-04
Loss = 7.3260e-03, PNorm = 123.0926, GNorm = 0.1910, lr_0 = 1.2128e-04
Loss = 5.8481e-03, PNorm = 123.1015, GNorm = 0.1018, lr_0 = 1.2093e-04
Loss = 7.1120e-03, PNorm = 123.1098, GNorm = 0.0970, lr_0 = 1.2058e-04
Loss = 6.6843e-03, PNorm = 123.1144, GNorm = 0.2276, lr_0 = 1.2023e-04
Loss = 5.7454e-03, PNorm = 123.1179, GNorm = 0.1147, lr_0 = 1.1988e-04
Loss = 6.4268e-03, PNorm = 123.1239, GNorm = 0.1009, lr_0 = 1.1953e-04
Loss = 6.3095e-03, PNorm = 123.1286, GNorm = 0.1758, lr_0 = 1.1918e-04
Loss = 5.3094e-03, PNorm = 123.1316, GNorm = 0.1015, lr_0 = 1.1884e-04
Loss = 6.9764e-03, PNorm = 123.1386, GNorm = 0.1114, lr_0 = 1.1849e-04
Loss = 6.0869e-03, PNorm = 123.1466, GNorm = 0.1466, lr_0 = 1.1815e-04
Validation rmse = 28.454192
Epoch 45
Loss = 6.0474e-03, PNorm = 123.1531, GNorm = 0.2745, lr_0 = 1.1780e-04
Loss = 5.5564e-03, PNorm = 123.1593, GNorm = 0.2298, lr_0 = 1.1746e-04
Loss = 5.0166e-03, PNorm = 123.1624, GNorm = 0.0948, lr_0 = 1.1712e-04
Loss = 4.7024e-03, PNorm = 123.1694, GNorm = 0.0857, lr_0 = 1.1678e-04
Loss = 6.1973e-03, PNorm = 123.1764, GNorm = 0.1324, lr_0 = 1.1644e-04
Loss = 6.1626e-03, PNorm = 123.1788, GNorm = 0.1220, lr_0 = 1.1610e-04
Loss = 5.7109e-03, PNorm = 123.1827, GNorm = 0.1354, lr_0 = 1.1577e-04
Loss = 5.9880e-03, PNorm = 123.1890, GNorm = 0.1081, lr_0 = 1.1543e-04
Loss = 4.7407e-03, PNorm = 123.1962, GNorm = 0.0881, lr_0 = 1.1509e-04
Loss = 4.9119e-03, PNorm = 123.2023, GNorm = 0.1170, lr_0 = 1.1476e-04
Loss = 5.8693e-03, PNorm = 123.2092, GNorm = 0.1672, lr_0 = 1.1443e-04
Loss = 6.4734e-03, PNorm = 123.2177, GNorm = 0.1592, lr_0 = 1.1409e-04
Loss = 5.4623e-03, PNorm = 123.2226, GNorm = 0.0869, lr_0 = 1.1376e-04
Loss = 6.4257e-03, PNorm = 123.2282, GNorm = 0.0966, lr_0 = 1.1343e-04
Loss = 5.7672e-03, PNorm = 123.2305, GNorm = 0.2156, lr_0 = 1.1310e-04
Loss = 5.3241e-03, PNorm = 123.2341, GNorm = 0.1127, lr_0 = 1.1277e-04
Loss = 5.4450e-03, PNorm = 123.2364, GNorm = 0.1128, lr_0 = 1.1245e-04
Loss = 6.5536e-03, PNorm = 123.2393, GNorm = 0.1189, lr_0 = 1.1212e-04
Validation rmse = 28.906011
Epoch 46
Loss = 4.9049e-03, PNorm = 123.2432, GNorm = 0.1321, lr_0 = 1.1179e-04
Loss = 3.9786e-03, PNorm = 123.2487, GNorm = 0.2067, lr_0 = 1.1147e-04
Loss = 5.5804e-03, PNorm = 123.2549, GNorm = 0.1676, lr_0 = 1.1115e-04
Loss = 5.3011e-03, PNorm = 123.2615, GNorm = 0.0763, lr_0 = 1.1082e-04
Loss = 6.5982e-03, PNorm = 123.2689, GNorm = 0.1830, lr_0 = 1.1050e-04
Loss = 7.3026e-03, PNorm = 123.2757, GNorm = 0.0939, lr_0 = 1.1018e-04
Loss = 4.1662e-03, PNorm = 123.2802, GNorm = 0.1156, lr_0 = 1.0986e-04
Loss = 4.9734e-03, PNorm = 123.2853, GNorm = 0.2030, lr_0 = 1.0954e-04
Loss = 5.5413e-03, PNorm = 123.2915, GNorm = 0.0948, lr_0 = 1.0922e-04
Loss = 5.1473e-03, PNorm = 123.2985, GNorm = 0.1477, lr_0 = 1.0891e-04
Loss = 4.4642e-03, PNorm = 123.3045, GNorm = 0.0898, lr_0 = 1.0859e-04
Loss = 5.1343e-03, PNorm = 123.3102, GNorm = 0.0938, lr_0 = 1.0827e-04
Loss = 5.7426e-03, PNorm = 123.3162, GNorm = 0.0860, lr_0 = 1.0796e-04
Loss = 7.1746e-03, PNorm = 123.3212, GNorm = 0.0878, lr_0 = 1.0765e-04
Loss = 6.4959e-03, PNorm = 123.3275, GNorm = 0.3603, lr_0 = 1.0733e-04
Loss = 6.2522e-03, PNorm = 123.3346, GNorm = 0.2417, lr_0 = 1.0702e-04
Loss = 5.5685e-03, PNorm = 123.3381, GNorm = 0.1902, lr_0 = 1.0671e-04
Loss = 4.9923e-03, PNorm = 123.3451, GNorm = 0.1707, lr_0 = 1.0640e-04
Validation rmse = 28.494072
Epoch 47
Loss = 4.8025e-03, PNorm = 123.3495, GNorm = 0.0957, lr_0 = 1.0609e-04
Loss = 5.3250e-03, PNorm = 123.3545, GNorm = 0.2420, lr_0 = 1.0578e-04
Loss = 5.6910e-03, PNorm = 123.3596, GNorm = 0.1361, lr_0 = 1.0548e-04
Loss = 5.3561e-03, PNorm = 123.3620, GNorm = 0.0715, lr_0 = 1.0517e-04
Loss = 4.2407e-03, PNorm = 123.3679, GNorm = 0.1238, lr_0 = 1.0486e-04
Loss = 5.6398e-03, PNorm = 123.3731, GNorm = 0.0764, lr_0 = 1.0456e-04
Loss = 5.0173e-03, PNorm = 123.3787, GNorm = 0.1278, lr_0 = 1.0426e-04
Loss = 4.0792e-03, PNorm = 123.3809, GNorm = 0.1828, lr_0 = 1.0395e-04
Loss = 4.3140e-03, PNorm = 123.3825, GNorm = 0.0966, lr_0 = 1.0365e-04
Loss = 4.8898e-03, PNorm = 123.3877, GNorm = 0.0804, lr_0 = 1.0335e-04
Loss = 5.9653e-03, PNorm = 123.3953, GNorm = 0.0975, lr_0 = 1.0305e-04
Loss = 4.4786e-03, PNorm = 123.3980, GNorm = 0.1083, lr_0 = 1.0275e-04
Loss = 5.8090e-03, PNorm = 123.4031, GNorm = 0.1658, lr_0 = 1.0245e-04
Loss = 5.7493e-03, PNorm = 123.4082, GNorm = 0.1498, lr_0 = 1.0215e-04
Loss = 6.5063e-03, PNorm = 123.4125, GNorm = 0.1128, lr_0 = 1.0186e-04
Loss = 5.1465e-03, PNorm = 123.4192, GNorm = 0.1373, lr_0 = 1.0156e-04
Loss = 5.2281e-03, PNorm = 123.4254, GNorm = 0.1021, lr_0 = 1.0127e-04
Validation rmse = 28.175409
Epoch 48
Loss = 3.9753e-03, PNorm = 123.4319, GNorm = 0.0838, lr_0 = 1.0097e-04
Loss = 3.9684e-03, PNorm = 123.4367, GNorm = 0.1405, lr_0 = 1.0068e-04
Loss = 4.1804e-03, PNorm = 123.4402, GNorm = 0.1126, lr_0 = 1.0039e-04
Loss = 3.9347e-03, PNorm = 123.4439, GNorm = 0.2253, lr_0 = 1.0010e-04
Loss = 5.1673e-03, PNorm = 123.4487, GNorm = 0.0931, lr_0 = 9.9804e-05
Loss = 4.7520e-03, PNorm = 123.4521, GNorm = 0.0891, lr_0 = 9.9515e-05
Loss = 6.4233e-03, PNorm = 123.4605, GNorm = 0.1315, lr_0 = 9.9225e-05
Loss = 6.7655e-03, PNorm = 123.4674, GNorm = 0.0818, lr_0 = 9.8937e-05
Loss = 4.7366e-03, PNorm = 123.4737, GNorm = 0.1496, lr_0 = 9.8650e-05
Loss = 4.5926e-03, PNorm = 123.4782, GNorm = 0.0942, lr_0 = 9.8363e-05
Loss = 5.4002e-03, PNorm = 123.4825, GNorm = 0.1247, lr_0 = 9.8078e-05
Loss = 6.0822e-03, PNorm = 123.4859, GNorm = 0.1136, lr_0 = 9.7793e-05
Loss = 5.6443e-03, PNorm = 123.4895, GNorm = 0.0622, lr_0 = 9.7509e-05
Loss = 5.0198e-03, PNorm = 123.4957, GNorm = 0.0870, lr_0 = 9.7225e-05
Loss = 5.2511e-03, PNorm = 123.4995, GNorm = 0.0865, lr_0 = 9.6943e-05
Loss = 5.5485e-03, PNorm = 123.5037, GNorm = 0.1217, lr_0 = 9.6661e-05
Loss = 5.8538e-03, PNorm = 123.5072, GNorm = 0.2910, lr_0 = 9.6381e-05
Loss = 4.3477e-03, PNorm = 123.5116, GNorm = 0.0722, lr_0 = 9.6101e-05
Validation rmse = 28.119330
Epoch 49
Loss = 6.1121e-03, PNorm = 123.5145, GNorm = 0.1872, lr_0 = 9.5821e-05
Loss = 4.4857e-03, PNorm = 123.5186, GNorm = 0.0662, lr_0 = 9.5543e-05
Loss = 4.4778e-03, PNorm = 123.5214, GNorm = 0.1575, lr_0 = 9.5266e-05
Loss = 4.6229e-03, PNorm = 123.5230, GNorm = 0.0663, lr_0 = 9.4989e-05
Loss = 4.7133e-03, PNorm = 123.5258, GNorm = 0.0763, lr_0 = 9.4713e-05
Loss = 5.2126e-03, PNorm = 123.5296, GNorm = 0.0858, lr_0 = 9.4438e-05
Loss = 4.3571e-03, PNorm = 123.5355, GNorm = 0.0818, lr_0 = 9.4163e-05
Loss = 5.9899e-03, PNorm = 123.5414, GNorm = 0.0610, lr_0 = 9.3890e-05
Loss = 3.9946e-03, PNorm = 123.5464, GNorm = 0.0761, lr_0 = 9.3617e-05
Loss = 5.5418e-03, PNorm = 123.5494, GNorm = 0.2959, lr_0 = 9.3345e-05
Loss = 5.0378e-03, PNorm = 123.5521, GNorm = 0.0749, lr_0 = 9.3074e-05
Loss = 5.8957e-03, PNorm = 123.5579, GNorm = 0.0864, lr_0 = 9.2804e-05
Loss = 4.9126e-03, PNorm = 123.5611, GNorm = 0.2097, lr_0 = 9.2534e-05
Loss = 5.3667e-03, PNorm = 123.5666, GNorm = 0.2133, lr_0 = 9.2373e-05
Loss = 3.9476e-03, PNorm = 123.5716, GNorm = 0.0745, lr_0 = 9.2373e-05
Loss = 4.6150e-03, PNorm = 123.5744, GNorm = 0.1444, lr_0 = 9.2373e-05
Loss = 5.9045e-03, PNorm = 123.5802, GNorm = 0.0906, lr_0 = 9.2373e-05
Loss = 5.9276e-03, PNorm = 123.5865, GNorm = 0.0841, lr_0 = 9.2373e-05
Validation rmse = 28.196398
Model 0 best validation rmse = 28.119330 on epoch 48
Loading pretrained parameter "encoder.encoder.0.cached_zero_vector".
Loading pretrained parameter "encoder.encoder.0.W_i.weight".
Loading pretrained parameter "encoder.encoder.0.W_h.weight".
Loading pretrained parameter "encoder.encoder.0.W_o.weight".
Loading pretrained parameter "encoder.encoder.0.W_o.bias".
Loading pretrained parameter "encoder.encoder.1.cached_zero_vector".
Loading pretrained parameter "encoder.encoder.1.W_i.weight".
Loading pretrained parameter "encoder.encoder.1.W_h.weight".
Loading pretrained parameter "encoder.encoder.1.W_o.weight".
Loading pretrained parameter "encoder.encoder.1.W_o.bias".
Loading pretrained parameter "ffn.1.weight".
Loading pretrained parameter "ffn.1.bias".
Loading pretrained parameter "ffn.4.weight".
Loading pretrained parameter "ffn.4.bias".
Moving model to cuda
Model 0 test rmse = 28.621932
Ensemble test rmse = 28.621932
1-fold cross validation
	Seed 0 ==> test rmse = 28.621932
Overall test rmse = 28.621932 +/- 0.000000
Elapsed time = 0:36:56
