Command line
python /home/kpg/chemprop/train.py --data_path ../../../data/splits/lambda_max_abs/deep4chem/group_by_smiles/smiles_target_train.csv --dataset_type regression --save_dir /home/kimele03/uvvisml/uvvisml/models/quantum_yield_checkpoints/group_by_smiles/results/507327/49824164 --config_path /home/kimele03/uvvisml/uvvisml/models/quantum_yield_checkpoints/group_by_smiles/results/507327/49824164/hyperopt.json --metric rmse --epochs 50 --gpu 0 --ensemble_size 1 --separate_val_path ../../../data/splits/lambda_max_abs/deep4chem/group_by_smiles/smiles_target_val.csv --separate_test_path ../../../data/splits/lambda_max_abs/deep4chem/group_by_smiles/smiles_target_test.csv --number_of_molecules 2
Args
{'activation': 'ReLU',
 'aggregation': 'mean',
 'aggregation_norm': 100,
 'atom_descriptor_scaling': True,
 'atom_descriptors': None,
 'atom_descriptors_path': None,
 'atom_descriptors_size': 0,
 'atom_features_size': 0,
 'atom_messages': False,
 'batch_size': 55,
 'bias': False,
 'bond_feature_scaling': True,
 'bond_features_path': None,
 'bond_features_size': 0,
 'cache_cutoff': 10000,
 'checkpoint_dir': None,
 'checkpoint_frzn': None,
 'checkpoint_path': None,
 'checkpoint_paths': None,
 'class_balance': False,
 'config_path': '/home/kimele03/uvvisml/uvvisml/models/quantum_yield_checkpoints/group_by_smiles/results/507327/49824164/hyperopt.json',
 'crossval_index_dir': None,
 'crossval_index_file': None,
 'crossval_index_sets': None,
 'cuda': True,
 'data_path': '../../../data/splits/lambda_max_abs/deep4chem/group_by_smiles/smiles_target_train.csv',
 'data_weights_path': None,
 'dataset_type': 'regression',
 'depth': 4,
 'device': device(type='cuda', index=0),
 'dropout': 0.20906069214882633,
 'empty_cache': False,
 'ensemble_size': 1,
 'epochs': 50,
 'explicit_h': False,
 'extra_metrics': [],
 'features_generator': None,
 'features_only': False,
 'features_path': None,
 'features_scaling': True,
 'features_size': None,
 'ffn_hidden_size': 1893,
 'ffn_num_layers': 3,
 'final_lr': 0.00012462094278937807,
 'folds_file': None,
 'freeze_first_only': False,
 'frzn_ffn_layers': 0,
 'gpu': 0,
 'grad_clip': None,
 'hidden_size': 2330,
 'ignore_columns': None,
 'init_lr': 2.6711542652282e-06,
 'log_frequency': 10,
 'max_data_size': None,
 'max_lr': 0.00040956004864538915,
 'metric': 'rmse',
 'metrics': ['rmse'],
 'minimize_score': True,
 'mpn_shared': False,
 'multiclass_num_classes': 3,
 'no_atom_descriptor_scaling': False,
 'no_bond_features_scaling': False,
 'no_cache_mol': False,
 'no_cuda': False,
 'no_features_scaling': False,
 'num_folds': 1,
 'num_lrs': 1,
 'num_tasks': 1,
 'num_workers': 8,
 'number_of_molecules': 2,
 'overwrite_default_atom_features': False,
 'overwrite_default_bond_features': False,
 'pytorch_seed': 0,
 'quiet': False,
 'reaction': False,
 'reaction_mode': 'reac_diff',
 'resume_experiment': False,
 'save_dir': '/home/kimele03/uvvisml/uvvisml/models/quantum_yield_checkpoints/group_by_smiles/results/507327/49824164',
 'save_preds': False,
 'save_smiles_splits': False,
 'seed': 0,
 'separate_test_atom_descriptors_path': None,
 'separate_test_bond_features_path': None,
 'separate_test_features_path': None,
 'separate_test_path': '../../../data/splits/lambda_max_abs/deep4chem/group_by_smiles/smiles_target_test.csv',
 'separate_val_atom_descriptors_path': None,
 'separate_val_bond_features_path': None,
 'separate_val_features_path': None,
 'separate_val_path': '../../../data/splits/lambda_max_abs/deep4chem/group_by_smiles/smiles_target_val.csv',
 'show_individual_scores': False,
 'smiles_columns': ['smiles', 'solvent'],
 'split_sizes': (0.8, 0.1, 0.1),
 'split_type': 'random',
 'target_columns': None,
 'target_weights': None,
 'task_names': ['peakwavs_max'],
 'test': False,
 'test_fold_index': None,
 'train_data_size': None,
 'undirected': False,
 'use_input_features': False,
 'val_fold_index': None,
 'warmup_epochs': 4}
Loading data
Number of tasks = 1
Fold 0
Splitting data with seed 0
Total size = 13,242 | train size = 13,242 | val size = 1,633 | test size = 1,710
Fitting scaler
Building model 0
MoleculeModel(
  (encoder): MPN(
    (encoder): ModuleList(
      (0): MPNEncoder(
        (dropout_layer): Dropout(p=0.20906069214882633, inplace=False)
        (act_func): ReLU()
        (W_i): Linear(in_features=147, out_features=2330, bias=False)
        (W_h): Linear(in_features=2330, out_features=2330, bias=False)
        (W_o): Linear(in_features=2463, out_features=2330, bias=True)
      )
      (1): MPNEncoder(
        (dropout_layer): Dropout(p=0.20906069214882633, inplace=False)
        (act_func): ReLU()
        (W_i): Linear(in_features=147, out_features=2330, bias=False)
        (W_h): Linear(in_features=2330, out_features=2330, bias=False)
        (W_o): Linear(in_features=2463, out_features=2330, bias=True)
      )
    )
  )
  (ffn): Sequential(
    (0): Dropout(p=0.20906069214882633, inplace=False)
    (1): Linear(in_features=4660, out_features=1893, bias=True)
    (2): ReLU()
    (3): Dropout(p=0.20906069214882633, inplace=False)
    (4): Linear(in_features=1893, out_features=1893, bias=True)
    (5): ReLU()
    (6): Dropout(p=0.20906069214882633, inplace=False)
    (7): Linear(in_features=1893, out_features=1, bias=True)
  )
)
Number of parameters = 35,440,229
Moving model to cuda
Epoch 0
Loss = 1.2405e+00, PNorm = 120.8087, GNorm = 4.7268, lr_0 = 7.3334e-06
Loss = 9.2163e-01, PNorm = 120.8087, GNorm = 4.1652, lr_0 = 1.1572e-05
Loss = 9.3159e-01, PNorm = 120.8089, GNorm = 4.0389, lr_0 = 1.5810e-05
Loss = 9.0946e-01, PNorm = 120.8094, GNorm = 3.5111, lr_0 = 2.0049e-05
Loss = 1.1487e+00, PNorm = 120.8103, GNorm = 9.8487, lr_0 = 2.4287e-05
Loss = 1.0213e+00, PNorm = 120.8111, GNorm = 6.1961, lr_0 = 2.8526e-05
Loss = 8.9702e-01, PNorm = 120.8126, GNorm = 9.3008, lr_0 = 3.2764e-05
Loss = 7.3509e-01, PNorm = 120.8149, GNorm = 5.8463, lr_0 = 3.7002e-05
Loss = 7.4125e-01, PNorm = 120.8173, GNorm = 9.8234, lr_0 = 4.1241e-05
Loss = 8.5745e-01, PNorm = 120.8195, GNorm = 5.1265, lr_0 = 4.5479e-05
Loss = 8.4999e-01, PNorm = 120.8219, GNorm = 4.9876, lr_0 = 4.9718e-05
Loss = 8.2451e-01, PNorm = 120.8255, GNorm = 5.5730, lr_0 = 5.3956e-05
Loss = 8.3944e-01, PNorm = 120.8302, GNorm = 3.2625, lr_0 = 5.8195e-05
Loss = 7.2894e-01, PNorm = 120.8357, GNorm = 2.2692, lr_0 = 6.2433e-05
Loss = 7.3002e-01, PNorm = 120.8421, GNorm = 11.3460, lr_0 = 6.6671e-05
Loss = 5.8962e-01, PNorm = 120.8482, GNorm = 7.5940, lr_0 = 7.0910e-05
Loss = 8.4220e-01, PNorm = 120.8543, GNorm = 4.1873, lr_0 = 7.5148e-05
Loss = 7.6977e-01, PNorm = 120.8619, GNorm = 16.3757, lr_0 = 7.9387e-05
Loss = 7.4476e-01, PNorm = 120.8675, GNorm = 1.7733, lr_0 = 8.3625e-05
Loss = 6.9605e-01, PNorm = 120.8749, GNorm = 5.9236, lr_0 = 8.7864e-05
Loss = 6.5088e-01, PNorm = 120.8839, GNorm = 6.6017, lr_0 = 9.2102e-05
Loss = 6.4538e-01, PNorm = 120.8926, GNorm = 2.4596, lr_0 = 9.6340e-05
Loss = 5.5211e-01, PNorm = 120.9014, GNorm = 2.6675, lr_0 = 1.0058e-04
Loss = 4.3628e-01, PNorm = 120.9103, GNorm = 10.5845, lr_0 = 1.0482e-04
Loss = 2.6769e-01, PNorm = 120.9113, GNorm = 2.9947, lr_0 = 1.0524e-04
Validation rmse = 76.288261
Epoch 1
Loss = 5.2847e-01, PNorm = 120.9217, GNorm = 3.3189, lr_0 = 1.0948e-04
Loss = 4.8854e-01, PNorm = 120.9335, GNorm = 7.4433, lr_0 = 1.1372e-04
Loss = 5.1579e-01, PNorm = 120.9442, GNorm = 6.9265, lr_0 = 1.1796e-04
Loss = 4.7916e-01, PNorm = 120.9564, GNorm = 2.1019, lr_0 = 1.2219e-04
Loss = 4.5641e-01, PNorm = 120.9676, GNorm = 5.4229, lr_0 = 1.2643e-04
Loss = 4.9366e-01, PNorm = 120.9785, GNorm = 2.6019, lr_0 = 1.3067e-04
Loss = 4.2702e-01, PNorm = 120.9912, GNorm = 7.3256, lr_0 = 1.3491e-04
Loss = 3.7458e-01, PNorm = 121.0035, GNorm = 10.0374, lr_0 = 1.3915e-04
Loss = 4.1163e-01, PNorm = 121.0159, GNorm = 2.9941, lr_0 = 1.4339e-04
Loss = 4.8027e-01, PNorm = 121.0266, GNorm = 7.8238, lr_0 = 1.4763e-04
Loss = 4.5847e-01, PNorm = 121.0414, GNorm = 1.7108, lr_0 = 1.5186e-04
Loss = 4.5815e-01, PNorm = 121.0545, GNorm = 4.7279, lr_0 = 1.5610e-04
Loss = 3.7109e-01, PNorm = 121.0685, GNorm = 1.5036, lr_0 = 1.6034e-04
Loss = 4.5145e-01, PNorm = 121.0852, GNorm = 13.3788, lr_0 = 1.6458e-04
Loss = 5.3805e-01, PNorm = 121.1058, GNorm = 1.8675, lr_0 = 1.6882e-04
Loss = 3.9512e-01, PNorm = 121.1291, GNorm = 7.0818, lr_0 = 1.7306e-04
Loss = 3.9015e-01, PNorm = 121.1461, GNorm = 3.5599, lr_0 = 1.7729e-04
Loss = 4.2793e-01, PNorm = 121.1603, GNorm = 1.9321, lr_0 = 1.8153e-04
Loss = 4.7282e-01, PNorm = 121.1791, GNorm = 12.1405, lr_0 = 1.8577e-04
Loss = 3.6006e-01, PNorm = 121.1983, GNorm = 10.9374, lr_0 = 1.9001e-04
Loss = 4.2136e-01, PNorm = 121.2156, GNorm = 5.9805, lr_0 = 1.9425e-04
Loss = 4.8133e-01, PNorm = 121.2363, GNorm = 3.3845, lr_0 = 1.9849e-04
Loss = 3.1129e-01, PNorm = 121.2572, GNorm = 5.6069, lr_0 = 2.0272e-04
Loss = 3.8968e-01, PNorm = 121.2781, GNorm = 6.7740, lr_0 = 2.0696e-04
Validation rmse = 74.703872
Epoch 2
Loss = 3.6369e-01, PNorm = 121.2957, GNorm = 5.7106, lr_0 = 2.1120e-04
Loss = 2.5202e-01, PNorm = 121.3171, GNorm = 1.7254, lr_0 = 2.1544e-04
Loss = 3.1685e-01, PNorm = 121.3311, GNorm = 8.3779, lr_0 = 2.1968e-04
Loss = 3.6201e-01, PNorm = 121.3493, GNorm = 5.1647, lr_0 = 2.2392e-04
Loss = 3.6556e-01, PNorm = 121.3731, GNorm = 3.2267, lr_0 = 2.2816e-04
Loss = 3.2790e-01, PNorm = 121.3890, GNorm = 2.5644, lr_0 = 2.3239e-04
Loss = 3.8321e-01, PNorm = 121.4075, GNorm = 2.7288, lr_0 = 2.3663e-04
Loss = 3.3855e-01, PNorm = 121.4282, GNorm = 2.1406, lr_0 = 2.4087e-04
Loss = 3.6159e-01, PNorm = 121.4508, GNorm = 1.1670, lr_0 = 2.4511e-04
Loss = 2.5550e-01, PNorm = 121.4730, GNorm = 1.8394, lr_0 = 2.4935e-04
Loss = 3.4513e-01, PNorm = 121.4942, GNorm = 2.9636, lr_0 = 2.5359e-04
Loss = 2.5564e-01, PNorm = 121.5158, GNorm = 6.8641, lr_0 = 2.5782e-04
Loss = 3.8840e-01, PNorm = 121.5425, GNorm = 4.0990, lr_0 = 2.6206e-04
Loss = 4.2329e-01, PNorm = 121.5756, GNorm = 3.8634, lr_0 = 2.6630e-04
Loss = 3.4838e-01, PNorm = 121.6077, GNorm = 2.9250, lr_0 = 2.7054e-04
Loss = 3.0223e-01, PNorm = 121.6363, GNorm = 1.7943, lr_0 = 2.7478e-04
Loss = 2.9238e-01, PNorm = 121.6637, GNorm = 5.2282, lr_0 = 2.7902e-04
Loss = 4.1119e-01, PNorm = 121.6937, GNorm = 1.2524, lr_0 = 2.8325e-04
Loss = 3.5499e-01, PNorm = 121.7260, GNorm = 2.9367, lr_0 = 2.8749e-04
Loss = 3.7169e-01, PNorm = 121.7627, GNorm = 5.5649, lr_0 = 2.9173e-04
Loss = 3.2285e-01, PNorm = 121.7920, GNorm = 2.1982, lr_0 = 2.9597e-04
Loss = 2.9551e-01, PNorm = 121.8278, GNorm = 3.5537, lr_0 = 3.0021e-04
Loss = 3.5900e-01, PNorm = 121.8491, GNorm = 2.1216, lr_0 = 3.0445e-04
Loss = 3.0783e-01, PNorm = 121.8784, GNorm = 2.3918, lr_0 = 3.0869e-04
Validation rmse = 56.975003
Epoch 3
Loss = 2.0947e-01, PNorm = 121.9073, GNorm = 4.3442, lr_0 = 3.1292e-04
Loss = 2.5403e-01, PNorm = 121.9332, GNorm = 1.8731, lr_0 = 3.1716e-04
Loss = 1.9090e-01, PNorm = 121.9566, GNorm = 0.7215, lr_0 = 3.2140e-04
Loss = 2.4455e-01, PNorm = 121.9799, GNorm = 3.0785, lr_0 = 3.2564e-04
Loss = 2.2071e-01, PNorm = 122.0052, GNorm = 1.3722, lr_0 = 3.2988e-04
Loss = 2.4294e-01, PNorm = 122.0304, GNorm = 2.8252, lr_0 = 3.3412e-04
Loss = 2.9354e-01, PNorm = 122.0592, GNorm = 1.6779, lr_0 = 3.3835e-04
Loss = 2.8060e-01, PNorm = 122.0899, GNorm = 2.4849, lr_0 = 3.4259e-04
Loss = 2.4016e-01, PNorm = 122.1190, GNorm = 2.0816, lr_0 = 3.4683e-04
Loss = 2.2786e-01, PNorm = 122.1534, GNorm = 1.4197, lr_0 = 3.5107e-04
Loss = 2.2513e-01, PNorm = 122.1907, GNorm = 2.3388, lr_0 = 3.5531e-04
Loss = 3.0544e-01, PNorm = 122.2310, GNorm = 1.1064, lr_0 = 3.5955e-04
Loss = 3.3041e-01, PNorm = 122.2846, GNorm = 2.4055, lr_0 = 3.6379e-04
Loss = 2.4198e-01, PNorm = 122.3302, GNorm = 0.9685, lr_0 = 3.6802e-04
Loss = 1.9904e-01, PNorm = 122.3677, GNorm = 3.3959, lr_0 = 3.7226e-04
Loss = 2.3588e-01, PNorm = 122.4083, GNorm = 2.1686, lr_0 = 3.7650e-04
Loss = 1.8348e-01, PNorm = 122.4481, GNorm = 1.0538, lr_0 = 3.8074e-04
Loss = 1.8169e-01, PNorm = 122.4758, GNorm = 2.3796, lr_0 = 3.8498e-04
Loss = 1.7348e-01, PNorm = 122.5037, GNorm = 1.2175, lr_0 = 3.8922e-04
Loss = 2.3475e-01, PNorm = 122.5369, GNorm = 5.1876, lr_0 = 3.9345e-04
Loss = 2.3357e-01, PNorm = 122.5757, GNorm = 1.7006, lr_0 = 3.9769e-04
Loss = 2.7161e-01, PNorm = 122.6189, GNorm = 1.0253, lr_0 = 4.0193e-04
Loss = 3.3956e-01, PNorm = 122.6709, GNorm = 4.0354, lr_0 = 4.0617e-04
Loss = 2.9961e-01, PNorm = 122.7248, GNorm = 5.9737, lr_0 = 4.0947e-04
Validation rmse = 59.395004
Epoch 4
Loss = 2.5803e-01, PNorm = 122.7776, GNorm = 1.4191, lr_0 = 4.0903e-04
Loss = 2.1990e-01, PNorm = 122.8269, GNorm = 2.2336, lr_0 = 4.0859e-04
Loss = 1.8548e-01, PNorm = 122.8714, GNorm = 1.6447, lr_0 = 4.0815e-04
Loss = 2.0853e-01, PNorm = 122.9133, GNorm = 1.2915, lr_0 = 4.0771e-04
Loss = 2.3442e-01, PNorm = 122.9518, GNorm = 11.2046, lr_0 = 4.0727e-04
Loss = 2.5111e-01, PNorm = 122.9988, GNorm = 0.7101, lr_0 = 4.0683e-04
Loss = 2.1784e-01, PNorm = 123.0504, GNorm = 1.2888, lr_0 = 4.0639e-04
Loss = 2.1395e-01, PNorm = 123.0954, GNorm = 1.5970, lr_0 = 4.0596e-04
Loss = 2.2444e-01, PNorm = 123.1391, GNorm = 0.8391, lr_0 = 4.0552e-04
Loss = 2.3345e-01, PNorm = 123.1837, GNorm = 3.6304, lr_0 = 4.0508e-04
Loss = 1.8732e-01, PNorm = 123.2306, GNorm = 1.9291, lr_0 = 4.0465e-04
Loss = 1.9243e-01, PNorm = 123.2639, GNorm = 0.5080, lr_0 = 4.0421e-04
Loss = 1.4615e-01, PNorm = 123.2965, GNorm = 1.2573, lr_0 = 4.0377e-04
Loss = 1.8123e-01, PNorm = 123.3285, GNorm = 1.1108, lr_0 = 4.0334e-04
Loss = 2.0363e-01, PNorm = 123.3635, GNorm = 2.2622, lr_0 = 4.0291e-04
Loss = 1.6957e-01, PNorm = 123.3966, GNorm = 3.0726, lr_0 = 4.0247e-04
Loss = 1.5746e-01, PNorm = 123.4267, GNorm = 1.6453, lr_0 = 4.0204e-04
Loss = 1.6396e-01, PNorm = 123.4613, GNorm = 2.9657, lr_0 = 4.0160e-04
Loss = 1.1959e-01, PNorm = 123.5022, GNorm = 0.7597, lr_0 = 4.0117e-04
Loss = 1.4774e-01, PNorm = 123.5335, GNorm = 0.9410, lr_0 = 4.0074e-04
Loss = 1.4040e-01, PNorm = 123.5612, GNorm = 2.0487, lr_0 = 4.0031e-04
Loss = 1.6341e-01, PNorm = 123.6010, GNorm = 1.8888, lr_0 = 3.9988e-04
Loss = 1.4210e-01, PNorm = 123.6369, GNorm = 1.2633, lr_0 = 3.9945e-04
Loss = 1.4515e-01, PNorm = 123.6672, GNorm = 2.2999, lr_0 = 3.9902e-04
Validation rmse = 46.586008
Epoch 5
Loss = 1.6215e-01, PNorm = 123.7080, GNorm = 1.4999, lr_0 = 3.9854e-04
Loss = 1.5592e-01, PNorm = 123.7476, GNorm = 0.6061, lr_0 = 3.9811e-04
Loss = 1.4853e-01, PNorm = 123.7779, GNorm = 1.0375, lr_0 = 3.9769e-04
Loss = 1.4951e-01, PNorm = 123.8123, GNorm = 1.2549, lr_0 = 3.9726e-04
Loss = 1.4503e-01, PNorm = 123.8465, GNorm = 4.7113, lr_0 = 3.9683e-04
Loss = 1.2969e-01, PNorm = 123.8804, GNorm = 1.8238, lr_0 = 3.9640e-04
Loss = 1.3306e-01, PNorm = 123.9156, GNorm = 0.8848, lr_0 = 3.9597e-04
Loss = 1.4057e-01, PNorm = 123.9552, GNorm = 1.0037, lr_0 = 3.9555e-04
Loss = 1.3426e-01, PNorm = 123.9867, GNorm = 1.0721, lr_0 = 3.9512e-04
Loss = 1.4486e-01, PNorm = 124.0167, GNorm = 1.3106, lr_0 = 3.9470e-04
Loss = 1.3013e-01, PNorm = 124.0511, GNorm = 2.3120, lr_0 = 3.9427e-04
Loss = 1.3209e-01, PNorm = 124.0813, GNorm = 1.9220, lr_0 = 3.9385e-04
Loss = 1.7978e-01, PNorm = 124.1225, GNorm = 1.6137, lr_0 = 3.9342e-04
Loss = 1.3859e-01, PNorm = 124.1692, GNorm = 2.2501, lr_0 = 3.9300e-04
Loss = 1.2741e-01, PNorm = 124.2098, GNorm = 1.3832, lr_0 = 3.9258e-04
Loss = 1.2816e-01, PNorm = 124.2378, GNorm = 1.8936, lr_0 = 3.9215e-04
Loss = 1.2827e-01, PNorm = 124.2675, GNorm = 2.2433, lr_0 = 3.9173e-04
Loss = 1.2816e-01, PNorm = 124.3012, GNorm = 1.2104, lr_0 = 3.9131e-04
Loss = 1.4924e-01, PNorm = 124.3408, GNorm = 2.3891, lr_0 = 3.9089e-04
Loss = 1.6055e-01, PNorm = 124.3864, GNorm = 1.1784, lr_0 = 3.9047e-04
Loss = 1.3523e-01, PNorm = 124.4218, GNorm = 1.1112, lr_0 = 3.9005e-04
Loss = 1.1694e-01, PNorm = 124.4562, GNorm = 1.9031, lr_0 = 3.8963e-04
Loss = 1.2898e-01, PNorm = 124.4877, GNorm = 1.8298, lr_0 = 3.8921e-04
Loss = 1.2806e-01, PNorm = 124.5253, GNorm = 0.8464, lr_0 = 3.8879e-04
Validation rmse = 46.202781
Epoch 6
Loss = 1.2752e-01, PNorm = 124.5601, GNorm = 2.5926, lr_0 = 3.8837e-04
Loss = 1.1607e-01, PNorm = 124.6005, GNorm = 0.8028, lr_0 = 3.8795e-04
Loss = 8.3111e-02, PNorm = 124.6295, GNorm = 1.7118, lr_0 = 3.8753e-04
Loss = 1.1841e-01, PNorm = 124.6549, GNorm = 3.1635, lr_0 = 3.8711e-04
Loss = 1.4367e-01, PNorm = 124.6861, GNorm = 1.0299, lr_0 = 3.8670e-04
Loss = 1.2642e-01, PNorm = 124.7229, GNorm = 1.0150, lr_0 = 3.8628e-04
Loss = 1.1030e-01, PNorm = 124.7547, GNorm = 1.4121, lr_0 = 3.8586e-04
Loss = 1.3827e-01, PNorm = 124.7914, GNorm = 1.7585, lr_0 = 3.8545e-04
Loss = 1.1326e-01, PNorm = 124.8213, GNorm = 1.2355, lr_0 = 3.8503e-04
Loss = 1.0701e-01, PNorm = 124.8570, GNorm = 1.1403, lr_0 = 3.8462e-04
Loss = 1.1363e-01, PNorm = 124.8910, GNorm = 0.6011, lr_0 = 3.8420e-04
Loss = 1.0025e-01, PNorm = 124.9228, GNorm = 0.9715, lr_0 = 3.8379e-04
Loss = 1.1035e-01, PNorm = 124.9556, GNorm = 1.3129, lr_0 = 3.8338e-04
Loss = 9.9849e-02, PNorm = 124.9869, GNorm = 0.7884, lr_0 = 3.8296e-04
Loss = 1.2124e-01, PNorm = 125.0183, GNorm = 2.4561, lr_0 = 3.8255e-04
Loss = 9.0981e-02, PNorm = 125.0473, GNorm = 0.6447, lr_0 = 3.8214e-04
Loss = 1.2147e-01, PNorm = 125.0784, GNorm = 1.2063, lr_0 = 3.8173e-04
Loss = 1.0191e-01, PNorm = 125.1094, GNorm = 0.7088, lr_0 = 3.8132e-04
Loss = 9.5348e-02, PNorm = 125.1384, GNorm = 1.0812, lr_0 = 3.8091e-04
Loss = 1.1237e-01, PNorm = 125.1668, GNorm = 0.6037, lr_0 = 3.8050e-04
Loss = 1.1671e-01, PNorm = 125.1989, GNorm = 2.4417, lr_0 = 3.8009e-04
Loss = 1.1877e-01, PNorm = 125.2322, GNorm = 2.8747, lr_0 = 3.7968e-04
Loss = 1.2521e-01, PNorm = 125.2694, GNorm = 0.4630, lr_0 = 3.7927e-04
Loss = 1.1503e-01, PNorm = 125.3051, GNorm = 0.7895, lr_0 = 3.7886e-04
Validation rmse = 40.486231
Epoch 7
Loss = 1.0354e-01, PNorm = 125.3379, GNorm = 0.9391, lr_0 = 3.7845e-04
Loss = 8.7829e-02, PNorm = 125.3649, GNorm = 1.0697, lr_0 = 3.7804e-04
Loss = 1.0568e-01, PNorm = 125.3919, GNorm = 0.8914, lr_0 = 3.7764e-04
Loss = 1.1198e-01, PNorm = 125.4221, GNorm = 1.7858, lr_0 = 3.7723e-04
Loss = 9.8425e-02, PNorm = 125.4521, GNorm = 1.1930, lr_0 = 3.7682e-04
Loss = 8.3125e-02, PNorm = 125.4748, GNorm = 2.3682, lr_0 = 3.7642e-04
Loss = 9.2869e-02, PNorm = 125.4979, GNorm = 1.0758, lr_0 = 3.7601e-04
Loss = 6.8163e-02, PNorm = 125.5256, GNorm = 0.7570, lr_0 = 3.7561e-04
Loss = 1.0437e-01, PNorm = 125.5543, GNorm = 0.5964, lr_0 = 3.7520e-04
Loss = 1.0677e-01, PNorm = 125.5886, GNorm = 1.4962, lr_0 = 3.7480e-04
Loss = 9.4732e-02, PNorm = 125.6170, GNorm = 0.9888, lr_0 = 3.7439e-04
Loss = 8.7313e-02, PNorm = 125.6384, GNorm = 1.0142, lr_0 = 3.7399e-04
Loss = 9.2152e-02, PNorm = 125.6709, GNorm = 0.8138, lr_0 = 3.7359e-04
Loss = 9.4025e-02, PNorm = 125.7028, GNorm = 1.6496, lr_0 = 3.7319e-04
Loss = 9.7103e-02, PNorm = 125.7389, GNorm = 1.0688, lr_0 = 3.7278e-04
Loss = 1.1392e-01, PNorm = 125.7748, GNorm = 0.8729, lr_0 = 3.7238e-04
Loss = 1.0285e-01, PNorm = 125.8049, GNorm = 1.7133, lr_0 = 3.7198e-04
Loss = 9.4352e-02, PNorm = 125.8426, GNorm = 0.8020, lr_0 = 3.7158e-04
Loss = 9.8704e-02, PNorm = 125.8721, GNorm = 0.8479, lr_0 = 3.7118e-04
Loss = 8.0742e-02, PNorm = 125.8963, GNorm = 1.8931, lr_0 = 3.7078e-04
Loss = 9.0222e-02, PNorm = 125.9249, GNorm = 0.6515, lr_0 = 3.7038e-04
Loss = 1.1351e-01, PNorm = 125.9547, GNorm = 2.1950, lr_0 = 3.6998e-04
Loss = 9.6900e-02, PNorm = 125.9946, GNorm = 1.1162, lr_0 = 3.6958e-04
Loss = 9.2011e-02, PNorm = 126.0307, GNorm = 2.4266, lr_0 = 3.6919e-04
Validation rmse = 37.122666
Epoch 8
Loss = 6.2955e-02, PNorm = 126.0644, GNorm = 1.8953, lr_0 = 3.6879e-04
Loss = 7.0862e-02, PNorm = 126.0924, GNorm = 1.4983, lr_0 = 3.6839e-04
Loss = 8.5606e-02, PNorm = 126.1133, GNorm = 0.8357, lr_0 = 3.6799e-04
Loss = 7.7460e-02, PNorm = 126.1353, GNorm = 0.7161, lr_0 = 3.6760e-04
Loss = 9.2784e-02, PNorm = 126.1626, GNorm = 0.9316, lr_0 = 3.6720e-04
Loss = 8.8803e-02, PNorm = 126.1958, GNorm = 1.1118, lr_0 = 3.6681e-04
Loss = 8.9283e-02, PNorm = 126.2237, GNorm = 1.7860, lr_0 = 3.6641e-04
Loss = 8.4105e-02, PNorm = 126.2555, GNorm = 1.4451, lr_0 = 3.6602e-04
Loss = 7.0074e-02, PNorm = 126.2868, GNorm = 1.4604, lr_0 = 3.6562e-04
Loss = 7.1098e-02, PNorm = 126.3103, GNorm = 1.2573, lr_0 = 3.6523e-04
Loss = 8.6275e-02, PNorm = 126.3354, GNorm = 1.0513, lr_0 = 3.6483e-04
Loss = 1.0607e-01, PNorm = 126.3606, GNorm = 0.4745, lr_0 = 3.6444e-04
Loss = 8.3783e-02, PNorm = 126.3916, GNorm = 1.0628, lr_0 = 3.6405e-04
Loss = 7.6288e-02, PNorm = 126.4215, GNorm = 0.5419, lr_0 = 3.6366e-04
Loss = 8.3350e-02, PNorm = 126.4478, GNorm = 1.1889, lr_0 = 3.6327e-04
Loss = 8.8547e-02, PNorm = 126.4734, GNorm = 1.0931, lr_0 = 3.6287e-04
Loss = 7.5771e-02, PNorm = 126.4952, GNorm = 1.1707, lr_0 = 3.6248e-04
Loss = 6.5991e-02, PNorm = 126.5203, GNorm = 0.8895, lr_0 = 3.6209e-04
Loss = 8.1022e-02, PNorm = 126.5437, GNorm = 0.9627, lr_0 = 3.6170e-04
Loss = 8.0211e-02, PNorm = 126.5708, GNorm = 0.5102, lr_0 = 3.6131e-04
Loss = 8.4756e-02, PNorm = 126.5912, GNorm = 2.2439, lr_0 = 3.6092e-04
Loss = 6.7531e-02, PNorm = 126.6160, GNorm = 1.0407, lr_0 = 3.6053e-04
Loss = 7.6560e-02, PNorm = 126.6398, GNorm = 1.8182, lr_0 = 3.6015e-04
Loss = 6.6851e-02, PNorm = 126.6641, GNorm = 1.6844, lr_0 = 3.5976e-04
Validation rmse = 37.706929
Epoch 9
Loss = 7.5705e-02, PNorm = 126.6940, GNorm = 1.8779, lr_0 = 3.5933e-04
Loss = 7.7969e-02, PNorm = 126.7226, GNorm = 0.6250, lr_0 = 3.5895e-04
Loss = 7.0226e-02, PNorm = 126.7531, GNorm = 0.6215, lr_0 = 3.5856e-04
Loss = 8.1929e-02, PNorm = 126.7825, GNorm = 0.8281, lr_0 = 3.5817e-04
Loss = 7.2069e-02, PNorm = 126.8095, GNorm = 0.8107, lr_0 = 3.5779e-04
Loss = 6.5326e-02, PNorm = 126.8344, GNorm = 1.4191, lr_0 = 3.5740e-04
Loss = 6.9695e-02, PNorm = 126.8564, GNorm = 0.9667, lr_0 = 3.5702e-04
Loss = 7.8188e-02, PNorm = 126.8766, GNorm = 0.8693, lr_0 = 3.5663e-04
Loss = 7.0182e-02, PNorm = 126.8969, GNorm = 0.6568, lr_0 = 3.5625e-04
Loss = 7.1064e-02, PNorm = 126.9198, GNorm = 0.6352, lr_0 = 3.5586e-04
Loss = 8.8990e-02, PNorm = 126.9492, GNorm = 1.3058, lr_0 = 3.5548e-04
Loss = 7.5763e-02, PNorm = 126.9819, GNorm = 1.4969, lr_0 = 3.5510e-04
Loss = 1.0211e-01, PNorm = 127.0152, GNorm = 0.5816, lr_0 = 3.5472e-04
Loss = 8.9875e-02, PNorm = 127.0497, GNorm = 1.2553, lr_0 = 3.5433e-04
Loss = 6.8526e-02, PNorm = 127.0795, GNorm = 0.8637, lr_0 = 3.5395e-04
Loss = 6.8584e-02, PNorm = 127.1046, GNorm = 0.9972, lr_0 = 3.5357e-04
Loss = 5.8662e-02, PNorm = 127.1265, GNorm = 0.7222, lr_0 = 3.5319e-04
Loss = 7.3402e-02, PNorm = 127.1520, GNorm = 1.4594, lr_0 = 3.5281e-04
Loss = 6.0485e-02, PNorm = 127.1792, GNorm = 0.9657, lr_0 = 3.5243e-04
Loss = 7.0096e-02, PNorm = 127.2001, GNorm = 0.4839, lr_0 = 3.5205e-04
Loss = 7.0008e-02, PNorm = 127.2247, GNorm = 0.5740, lr_0 = 3.5167e-04
Loss = 7.7219e-02, PNorm = 127.2516, GNorm = 1.1079, lr_0 = 3.5129e-04
Loss = 7.4010e-02, PNorm = 127.2765, GNorm = 0.8406, lr_0 = 3.5091e-04
Loss = 6.4242e-02, PNorm = 127.2990, GNorm = 1.3276, lr_0 = 3.5053e-04
Validation rmse = 33.696618
Epoch 10
Loss = 5.5584e-02, PNorm = 127.3217, GNorm = 0.8704, lr_0 = 3.5016e-04
Loss = 7.7729e-02, PNorm = 127.3529, GNorm = 0.7090, lr_0 = 3.4978e-04
Loss = 6.7249e-02, PNorm = 127.3801, GNorm = 1.0594, lr_0 = 3.4940e-04
Loss = 5.8745e-02, PNorm = 127.4051, GNorm = 0.3453, lr_0 = 3.4903e-04
Loss = 5.9421e-02, PNorm = 127.4256, GNorm = 0.4912, lr_0 = 3.4865e-04
Loss = 5.8474e-02, PNorm = 127.4464, GNorm = 1.0073, lr_0 = 3.4828e-04
Loss = 5.8398e-02, PNorm = 127.4679, GNorm = 0.7020, lr_0 = 3.4790e-04
Loss = 6.1615e-02, PNorm = 127.4878, GNorm = 0.6373, lr_0 = 3.4753e-04
Loss = 6.9049e-02, PNorm = 127.5089, GNorm = 0.7989, lr_0 = 3.4715e-04
Loss = 5.6273e-02, PNorm = 127.5332, GNorm = 1.2252, lr_0 = 3.4678e-04
Loss = 5.9203e-02, PNorm = 127.5582, GNorm = 1.3003, lr_0 = 3.4640e-04
Loss = 6.8808e-02, PNorm = 127.5820, GNorm = 0.7410, lr_0 = 3.4603e-04
Loss = 5.8965e-02, PNorm = 127.6049, GNorm = 0.8125, lr_0 = 3.4566e-04
Loss = 7.6390e-02, PNorm = 127.6326, GNorm = 0.9027, lr_0 = 3.4529e-04
Loss = 6.1532e-02, PNorm = 127.6616, GNorm = 0.9179, lr_0 = 3.4491e-04
Loss = 7.9946e-02, PNorm = 127.6893, GNorm = 0.7814, lr_0 = 3.4454e-04
Loss = 7.4363e-02, PNorm = 127.7196, GNorm = 1.4734, lr_0 = 3.4417e-04
Loss = 6.6854e-02, PNorm = 127.7511, GNorm = 0.4910, lr_0 = 3.4380e-04
Loss = 8.5227e-02, PNorm = 127.7795, GNorm = 0.7528, lr_0 = 3.4343e-04
Loss = 7.6962e-02, PNorm = 127.8109, GNorm = 1.0637, lr_0 = 3.4306e-04
Loss = 8.9434e-02, PNorm = 127.8465, GNorm = 1.0286, lr_0 = 3.4269e-04
Loss = 6.6829e-02, PNorm = 127.8781, GNorm = 1.3830, lr_0 = 3.4232e-04
Loss = 7.1047e-02, PNorm = 127.9071, GNorm = 0.9501, lr_0 = 3.4195e-04
Loss = 6.4130e-02, PNorm = 127.9336, GNorm = 0.9916, lr_0 = 3.4158e-04
Validation rmse = 32.771248
Epoch 11
Loss = 7.3864e-02, PNorm = 127.9612, GNorm = 0.4618, lr_0 = 3.4122e-04
Loss = 5.4284e-02, PNorm = 127.9840, GNorm = 1.0495, lr_0 = 3.4085e-04
Loss = 6.5861e-02, PNorm = 128.0065, GNorm = 0.5104, lr_0 = 3.4048e-04
Loss = 7.5849e-02, PNorm = 128.0345, GNorm = 0.8064, lr_0 = 3.4012e-04
Loss = 5.6214e-02, PNorm = 128.0634, GNorm = 0.7105, lr_0 = 3.3975e-04
Loss = 6.1883e-02, PNorm = 128.0834, GNorm = 1.1339, lr_0 = 3.3938e-04
Loss = 6.2026e-02, PNorm = 128.1097, GNorm = 0.7020, lr_0 = 3.3902e-04
Loss = 4.8272e-02, PNorm = 128.1389, GNorm = 0.6948, lr_0 = 3.3865e-04
Loss = 5.9912e-02, PNorm = 128.1623, GNorm = 1.1162, lr_0 = 3.3829e-04
Loss = 5.2001e-02, PNorm = 128.1853, GNorm = 0.4288, lr_0 = 3.3792e-04
Loss = 6.1781e-02, PNorm = 128.2013, GNorm = 0.8525, lr_0 = 3.3756e-04
Loss = 6.3385e-02, PNorm = 128.2201, GNorm = 0.4212, lr_0 = 3.3720e-04
Loss = 7.0078e-02, PNorm = 128.2423, GNorm = 1.0822, lr_0 = 3.3683e-04
Loss = 6.7917e-02, PNorm = 128.2698, GNorm = 0.7907, lr_0 = 3.3647e-04
Loss = 5.5091e-02, PNorm = 128.3005, GNorm = 1.3195, lr_0 = 3.3611e-04
Loss = 6.0255e-02, PNorm = 128.3223, GNorm = 0.7463, lr_0 = 3.3574e-04
Loss = 5.9895e-02, PNorm = 128.3417, GNorm = 0.8013, lr_0 = 3.3538e-04
Loss = 4.8957e-02, PNorm = 128.3656, GNorm = 0.5029, lr_0 = 3.3502e-04
Loss = 5.6626e-02, PNorm = 128.3933, GNorm = 0.7723, lr_0 = 3.3466e-04
Loss = 5.1417e-02, PNorm = 128.4182, GNorm = 0.8047, lr_0 = 3.3430e-04
Loss = 5.5860e-02, PNorm = 128.4453, GNorm = 0.7101, lr_0 = 3.3394e-04
Loss = 5.1390e-02, PNorm = 128.4648, GNorm = 0.5594, lr_0 = 3.3358e-04
Loss = 5.2333e-02, PNorm = 128.4875, GNorm = 0.7608, lr_0 = 3.3322e-04
Loss = 6.3858e-02, PNorm = 128.5167, GNorm = 1.0553, lr_0 = 3.3286e-04
Validation rmse = 33.229087
Epoch 12
Loss = 3.4751e-02, PNorm = 128.5446, GNorm = 0.6280, lr_0 = 3.3250e-04
Loss = 7.6022e-02, PNorm = 128.5678, GNorm = 1.5353, lr_0 = 3.3215e-04
Loss = 5.9318e-02, PNorm = 128.6027, GNorm = 0.6787, lr_0 = 3.3179e-04
Loss = 5.6227e-02, PNorm = 128.6344, GNorm = 1.1594, lr_0 = 3.3143e-04
Loss = 5.1229e-02, PNorm = 128.6594, GNorm = 0.4337, lr_0 = 3.3107e-04
Loss = 5.6073e-02, PNorm = 128.6861, GNorm = 0.4888, lr_0 = 3.3072e-04
Loss = 6.3967e-02, PNorm = 128.7029, GNorm = 1.0103, lr_0 = 3.3036e-04
Loss = 5.2931e-02, PNorm = 128.7277, GNorm = 0.5754, lr_0 = 3.3000e-04
Loss = 5.5174e-02, PNorm = 128.7553, GNorm = 0.4958, lr_0 = 3.2965e-04
Loss = 6.2425e-02, PNorm = 128.7763, GNorm = 0.8208, lr_0 = 3.2929e-04
Loss = 4.6329e-02, PNorm = 128.7980, GNorm = 1.0686, lr_0 = 3.2894e-04
Loss = 5.1985e-02, PNorm = 128.8241, GNorm = 0.8117, lr_0 = 3.2859e-04
Loss = 4.9611e-02, PNorm = 128.8485, GNorm = 0.4823, lr_0 = 3.2823e-04
Loss = 5.5276e-02, PNorm = 128.8693, GNorm = 0.8665, lr_0 = 3.2788e-04
Loss = 4.8789e-02, PNorm = 128.8928, GNorm = 0.5415, lr_0 = 3.2752e-04
Loss = 5.4950e-02, PNorm = 128.9172, GNorm = 0.3031, lr_0 = 3.2717e-04
Loss = 5.4801e-02, PNorm = 128.9428, GNorm = 0.5336, lr_0 = 3.2682e-04
Loss = 4.3942e-02, PNorm = 128.9637, GNorm = 0.4439, lr_0 = 3.2647e-04
Loss = 4.4459e-02, PNorm = 128.9859, GNorm = 0.4052, lr_0 = 3.2612e-04
Loss = 5.9038e-02, PNorm = 129.0067, GNorm = 1.0358, lr_0 = 3.2576e-04
Loss = 6.9095e-02, PNorm = 129.0342, GNorm = 1.1155, lr_0 = 3.2541e-04
Loss = 6.9551e-02, PNorm = 129.0644, GNorm = 0.9439, lr_0 = 3.2506e-04
Loss = 5.1857e-02, PNorm = 129.0917, GNorm = 0.7321, lr_0 = 3.2471e-04
Loss = 5.6398e-02, PNorm = 129.1174, GNorm = 0.9111, lr_0 = 3.2436e-04
Validation rmse = 36.680598
Epoch 13
Loss = 1.1236e-01, PNorm = 129.1530, GNorm = 1.7632, lr_0 = 3.2398e-04
Loss = 5.3096e-02, PNorm = 129.1807, GNorm = 0.4693, lr_0 = 3.2363e-04
Loss = 6.0129e-02, PNorm = 129.2068, GNorm = 0.4468, lr_0 = 3.2328e-04
Loss = 5.2805e-02, PNorm = 129.2281, GNorm = 0.4976, lr_0 = 3.2293e-04
Loss = 5.2511e-02, PNorm = 129.2494, GNorm = 1.1765, lr_0 = 3.2259e-04
Loss = 5.1806e-02, PNorm = 129.2721, GNorm = 0.8009, lr_0 = 3.2224e-04
Loss = 5.3633e-02, PNorm = 129.2940, GNorm = 0.3404, lr_0 = 3.2189e-04
Loss = 5.1558e-02, PNorm = 129.3163, GNorm = 1.1399, lr_0 = 3.2154e-04
Loss = 5.0760e-02, PNorm = 129.3359, GNorm = 0.8526, lr_0 = 3.2120e-04
Loss = 5.3806e-02, PNorm = 129.3563, GNorm = 0.6905, lr_0 = 3.2085e-04
Loss = 5.6025e-02, PNorm = 129.3774, GNorm = 1.3680, lr_0 = 3.2051e-04
Loss = 4.6945e-02, PNorm = 129.3968, GNorm = 0.5512, lr_0 = 3.2016e-04
Loss = 4.3177e-02, PNorm = 129.4148, GNorm = 1.2198, lr_0 = 3.1982e-04
Loss = 5.4933e-02, PNorm = 129.4363, GNorm = 0.8937, lr_0 = 3.1947e-04
Loss = 5.1950e-02, PNorm = 129.4580, GNorm = 0.4327, lr_0 = 3.1913e-04
Loss = 5.3161e-02, PNorm = 129.4779, GNorm = 0.5373, lr_0 = 3.1878e-04
Loss = 5.6928e-02, PNorm = 129.5041, GNorm = 0.6538, lr_0 = 3.1844e-04
Loss = 4.9055e-02, PNorm = 129.5241, GNorm = 0.6157, lr_0 = 3.1810e-04
Loss = 5.7396e-02, PNorm = 129.5423, GNorm = 1.8552, lr_0 = 3.1775e-04
Loss = 6.3933e-02, PNorm = 129.5699, GNorm = 0.7200, lr_0 = 3.1741e-04
Loss = 5.4594e-02, PNorm = 129.5940, GNorm = 0.8647, lr_0 = 3.1707e-04
Loss = 5.4315e-02, PNorm = 129.6227, GNorm = 0.4993, lr_0 = 3.1673e-04
Loss = 5.6721e-02, PNorm = 129.6473, GNorm = 0.6406, lr_0 = 3.1639e-04
Loss = 5.9604e-02, PNorm = 129.6829, GNorm = 0.7142, lr_0 = 3.1605e-04
Loss = 5.5864e-02, PNorm = 129.7181, GNorm = 0.7060, lr_0 = 3.1571e-04
Validation rmse = 32.159528
Epoch 14
Loss = 4.1856e-02, PNorm = 129.7447, GNorm = 0.7194, lr_0 = 3.1537e-04
Loss = 5.4334e-02, PNorm = 129.7706, GNorm = 0.9968, lr_0 = 3.1503e-04
Loss = 4.5673e-02, PNorm = 129.7955, GNorm = 0.4203, lr_0 = 3.1469e-04
Loss = 5.0249e-02, PNorm = 129.8172, GNorm = 0.3462, lr_0 = 3.1435e-04
Loss = 5.8273e-02, PNorm = 129.8431, GNorm = 0.5967, lr_0 = 3.1401e-04
Loss = 5.1162e-02, PNorm = 129.8632, GNorm = 0.3610, lr_0 = 3.1367e-04
Loss = 4.5474e-02, PNorm = 129.8840, GNorm = 0.4547, lr_0 = 3.1333e-04
Loss = 5.7944e-02, PNorm = 129.9060, GNorm = 1.2326, lr_0 = 3.1300e-04
Loss = 4.4831e-02, PNorm = 129.9262, GNorm = 0.4891, lr_0 = 3.1266e-04
Loss = 4.5861e-02, PNorm = 129.9469, GNorm = 0.6726, lr_0 = 3.1232e-04
Loss = 4.8680e-02, PNorm = 129.9687, GNorm = 1.7315, lr_0 = 3.1199e-04
Loss = 4.3285e-02, PNorm = 129.9908, GNorm = 0.8634, lr_0 = 3.1165e-04
Loss = 4.9928e-02, PNorm = 130.0132, GNorm = 0.5556, lr_0 = 3.1131e-04
Loss = 4.3728e-02, PNorm = 130.0321, GNorm = 0.5574, lr_0 = 3.1098e-04
Loss = 4.6410e-02, PNorm = 130.0506, GNorm = 0.4129, lr_0 = 3.1064e-04
Loss = 5.9140e-02, PNorm = 130.0733, GNorm = 1.1537, lr_0 = 3.1031e-04
Loss = 5.0126e-02, PNorm = 130.1000, GNorm = 0.4211, lr_0 = 3.0998e-04
Loss = 4.7888e-02, PNorm = 130.1203, GNorm = 0.5078, lr_0 = 3.0964e-04
Loss = 5.2699e-02, PNorm = 130.1453, GNorm = 0.5173, lr_0 = 3.0931e-04
Loss = 4.5924e-02, PNorm = 130.1689, GNorm = 0.3439, lr_0 = 3.0897e-04
Loss = 4.4161e-02, PNorm = 130.1908, GNorm = 0.5731, lr_0 = 3.0864e-04
Loss = 3.8991e-02, PNorm = 130.2105, GNorm = 0.9895, lr_0 = 3.0831e-04
Loss = 5.3799e-02, PNorm = 130.2322, GNorm = 0.9274, lr_0 = 3.0798e-04
Loss = 5.0278e-02, PNorm = 130.2560, GNorm = 0.6714, lr_0 = 3.0765e-04
Validation rmse = 34.563817
Epoch 15
Loss = 4.4780e-02, PNorm = 130.2814, GNorm = 0.7082, lr_0 = 3.0731e-04
Loss = 5.2684e-02, PNorm = 130.3049, GNorm = 0.5625, lr_0 = 3.0698e-04
Loss = 4.2821e-02, PNorm = 130.3240, GNorm = 0.3501, lr_0 = 3.0665e-04
Loss = 4.6788e-02, PNorm = 130.3470, GNorm = 0.5792, lr_0 = 3.0632e-04
Loss = 4.5350e-02, PNorm = 130.3605, GNorm = 0.8465, lr_0 = 3.0599e-04
Loss = 4.2312e-02, PNorm = 130.3839, GNorm = 0.4397, lr_0 = 3.0566e-04
Loss = 3.7064e-02, PNorm = 130.4100, GNorm = 0.6416, lr_0 = 3.0533e-04
Loss = 4.6654e-02, PNorm = 130.4292, GNorm = 0.5823, lr_0 = 3.0500e-04
Loss = 3.7420e-02, PNorm = 130.4493, GNorm = 0.8556, lr_0 = 3.0468e-04
Loss = 4.1764e-02, PNorm = 130.4665, GNorm = 0.4127, lr_0 = 3.0435e-04
Loss = 4.7083e-02, PNorm = 130.4867, GNorm = 0.8593, lr_0 = 3.0402e-04
Loss = 4.5629e-02, PNorm = 130.5127, GNorm = 0.4191, lr_0 = 3.0369e-04
Loss = 4.1770e-02, PNorm = 130.5353, GNorm = 0.6426, lr_0 = 3.0337e-04
Loss = 3.9050e-02, PNorm = 130.5547, GNorm = 0.5811, lr_0 = 3.0304e-04
Loss = 5.1571e-02, PNorm = 130.5754, GNorm = 0.7269, lr_0 = 3.0271e-04
Loss = 4.4308e-02, PNorm = 130.6017, GNorm = 0.4501, lr_0 = 3.0239e-04
Loss = 4.8791e-02, PNorm = 130.6266, GNorm = 0.3626, lr_0 = 3.0206e-04
Loss = 5.3332e-02, PNorm = 130.6511, GNorm = 0.9298, lr_0 = 3.0173e-04
Loss = 5.1463e-02, PNorm = 130.6818, GNorm = 0.9512, lr_0 = 3.0141e-04
Loss = 4.2596e-02, PNorm = 130.7088, GNorm = 0.7642, lr_0 = 3.0109e-04
Loss = 3.7220e-02, PNorm = 130.7316, GNorm = 0.3859, lr_0 = 3.0076e-04
Loss = 3.8919e-02, PNorm = 130.7472, GNorm = 0.8834, lr_0 = 3.0044e-04
Loss = 4.2242e-02, PNorm = 130.7644, GNorm = 0.4831, lr_0 = 3.0011e-04
Loss = 4.4145e-02, PNorm = 130.7815, GNorm = 0.9090, lr_0 = 2.9979e-04
Validation rmse = 31.902207
Epoch 16
Loss = 3.3259e-02, PNorm = 130.8043, GNorm = 0.2720, lr_0 = 2.9947e-04
Loss = 3.9579e-02, PNorm = 130.8233, GNorm = 0.3867, lr_0 = 2.9914e-04
Loss = 4.2947e-02, PNorm = 130.8408, GNorm = 0.6126, lr_0 = 2.9882e-04
Loss = 3.7884e-02, PNorm = 130.8559, GNorm = 0.6428, lr_0 = 2.9850e-04
Loss = 4.1581e-02, PNorm = 130.8787, GNorm = 0.8895, lr_0 = 2.9818e-04
Loss = 5.1622e-02, PNorm = 130.9029, GNorm = 1.2877, lr_0 = 2.9786e-04
Loss = 5.3112e-02, PNorm = 130.9300, GNorm = 0.9270, lr_0 = 2.9754e-04
Loss = 4.4189e-02, PNorm = 130.9592, GNorm = 0.4621, lr_0 = 2.9722e-04
Loss = 4.7376e-02, PNorm = 130.9884, GNorm = 0.4956, lr_0 = 2.9690e-04
Loss = 4.6597e-02, PNorm = 131.0114, GNorm = 0.6794, lr_0 = 2.9658e-04
Loss = 3.8965e-02, PNorm = 131.0310, GNorm = 0.6101, lr_0 = 2.9626e-04
Loss = 3.3746e-02, PNorm = 131.0532, GNorm = 0.5107, lr_0 = 2.9594e-04
Loss = 4.6457e-02, PNorm = 131.0725, GNorm = 0.9899, lr_0 = 2.9562e-04
Loss = 3.6966e-02, PNorm = 131.0924, GNorm = 0.3556, lr_0 = 2.9530e-04
Loss = 4.8449e-02, PNorm = 131.1146, GNorm = 1.3220, lr_0 = 2.9498e-04
Loss = 3.6773e-02, PNorm = 131.1387, GNorm = 0.3984, lr_0 = 2.9466e-04
Loss = 4.3895e-02, PNorm = 131.1591, GNorm = 0.4950, lr_0 = 2.9435e-04
Loss = 4.4263e-02, PNorm = 131.1794, GNorm = 0.5950, lr_0 = 2.9403e-04
Loss = 4.0754e-02, PNorm = 131.2016, GNorm = 0.4803, lr_0 = 2.9371e-04
Loss = 4.2814e-02, PNorm = 131.2230, GNorm = 0.9671, lr_0 = 2.9340e-04
Loss = 4.0715e-02, PNorm = 131.2473, GNorm = 0.7101, lr_0 = 2.9308e-04
Loss = 4.1152e-02, PNorm = 131.2651, GNorm = 0.8099, lr_0 = 2.9277e-04
Loss = 3.7226e-02, PNorm = 131.2812, GNorm = 0.4791, lr_0 = 2.9245e-04
Loss = 3.5755e-02, PNorm = 131.2996, GNorm = 0.3658, lr_0 = 2.9214e-04
Validation rmse = 30.366382
Epoch 17
Loss = 3.6478e-02, PNorm = 131.3210, GNorm = 0.3202, lr_0 = 2.9179e-04
Loss = 3.2085e-02, PNorm = 131.3338, GNorm = 0.6005, lr_0 = 2.9147e-04
Loss = 3.4339e-02, PNorm = 131.3477, GNorm = 0.3811, lr_0 = 2.9116e-04
Loss = 3.8374e-02, PNorm = 131.3690, GNorm = 0.3076, lr_0 = 2.9085e-04
Loss = 3.0707e-02, PNorm = 131.3819, GNorm = 0.5079, lr_0 = 2.9053e-04
Loss = 3.3379e-02, PNorm = 131.3994, GNorm = 0.4221, lr_0 = 2.9022e-04
Loss = 4.0094e-02, PNorm = 131.4145, GNorm = 0.4488, lr_0 = 2.8991e-04
Loss = 3.9777e-02, PNorm = 131.4346, GNorm = 0.6386, lr_0 = 2.8960e-04
Loss = 4.4269e-02, PNorm = 131.4561, GNorm = 1.2090, lr_0 = 2.8928e-04
Loss = 3.4871e-02, PNorm = 131.4810, GNorm = 0.4059, lr_0 = 2.8897e-04
Loss = 3.7446e-02, PNorm = 131.5008, GNorm = 0.5014, lr_0 = 2.8866e-04
Loss = 3.5852e-02, PNorm = 131.5179, GNorm = 0.3914, lr_0 = 2.8835e-04
Loss = 4.3324e-02, PNorm = 131.5390, GNorm = 0.6346, lr_0 = 2.8804e-04
Loss = 3.9275e-02, PNorm = 131.5637, GNorm = 0.5685, lr_0 = 2.8773e-04
Loss = 4.6920e-02, PNorm = 131.5898, GNorm = 0.5173, lr_0 = 2.8742e-04
Loss = 5.5987e-02, PNorm = 131.6185, GNorm = 0.4398, lr_0 = 2.8711e-04
Loss = 4.8544e-02, PNorm = 131.6539, GNorm = 0.5723, lr_0 = 2.8680e-04
Loss = 4.1360e-02, PNorm = 131.6788, GNorm = 0.4623, lr_0 = 2.8649e-04
Loss = 4.3619e-02, PNorm = 131.7059, GNorm = 0.8407, lr_0 = 2.8618e-04
Loss = 3.8191e-02, PNorm = 131.7276, GNorm = 0.7649, lr_0 = 2.8588e-04
Loss = 4.5820e-02, PNorm = 131.7515, GNorm = 0.3965, lr_0 = 2.8557e-04
Loss = 4.2291e-02, PNorm = 131.7744, GNorm = 0.6146, lr_0 = 2.8526e-04
Loss = 3.5047e-02, PNorm = 131.7963, GNorm = 0.4646, lr_0 = 2.8495e-04
Loss = 5.5724e-02, PNorm = 131.8175, GNorm = 1.2007, lr_0 = 2.8465e-04
Validation rmse = 32.060320
Epoch 18
Loss = 3.5345e-02, PNorm = 131.8382, GNorm = 0.4569, lr_0 = 2.8434e-04
Loss = 3.7193e-02, PNorm = 131.8638, GNorm = 0.4944, lr_0 = 2.8403e-04
Loss = 3.9694e-02, PNorm = 131.8819, GNorm = 0.8594, lr_0 = 2.8373e-04
Loss = 3.1448e-02, PNorm = 131.9039, GNorm = 0.4619, lr_0 = 2.8342e-04
Loss = 3.2046e-02, PNorm = 131.9232, GNorm = 0.3827, lr_0 = 2.8312e-04
Loss = 4.3192e-02, PNorm = 131.9391, GNorm = 0.7589, lr_0 = 2.8281e-04
Loss = 3.6809e-02, PNorm = 131.9596, GNorm = 0.3036, lr_0 = 2.8251e-04
Loss = 3.9817e-02, PNorm = 131.9802, GNorm = 0.6648, lr_0 = 2.8220e-04
Loss = 4.3469e-02, PNorm = 132.0019, GNorm = 0.4121, lr_0 = 2.8190e-04
Loss = 4.2141e-02, PNorm = 132.0252, GNorm = 0.6109, lr_0 = 2.8159e-04
Loss = 4.0119e-02, PNorm = 132.0496, GNorm = 0.5968, lr_0 = 2.8129e-04
Loss = 4.1826e-02, PNorm = 132.0719, GNorm = 0.5599, lr_0 = 2.8099e-04
Loss = 3.5561e-02, PNorm = 132.0953, GNorm = 0.3173, lr_0 = 2.8069e-04
Loss = 4.2883e-02, PNorm = 132.1132, GNorm = 0.8490, lr_0 = 2.8038e-04
Loss = 3.1753e-02, PNorm = 132.1352, GNorm = 0.8902, lr_0 = 2.8008e-04
Loss = 3.5572e-02, PNorm = 132.1576, GNorm = 0.3822, lr_0 = 2.7978e-04
Loss = 4.0820e-02, PNorm = 132.1785, GNorm = 0.7924, lr_0 = 2.7948e-04
Loss = 3.8256e-02, PNorm = 132.2000, GNorm = 0.5350, lr_0 = 2.7918e-04
Loss = 3.6733e-02, PNorm = 132.2194, GNorm = 0.5340, lr_0 = 2.7888e-04
Loss = 4.1327e-02, PNorm = 132.2370, GNorm = 1.0825, lr_0 = 2.7858e-04
Loss = 3.7729e-02, PNorm = 132.2624, GNorm = 0.8238, lr_0 = 2.7828e-04
Loss = 3.4648e-02, PNorm = 132.2810, GNorm = 0.8441, lr_0 = 2.7798e-04
Loss = 4.6146e-02, PNorm = 132.3058, GNorm = 0.3224, lr_0 = 2.7768e-04
Loss = 3.9529e-02, PNorm = 132.3349, GNorm = 0.5234, lr_0 = 2.7738e-04
Validation rmse = 31.638862
Epoch 19
Loss = 3.8612e-02, PNorm = 132.3556, GNorm = 0.6425, lr_0 = 2.7708e-04
Loss = 3.4870e-02, PNorm = 132.3826, GNorm = 0.6474, lr_0 = 2.7678e-04
Loss = 3.8062e-02, PNorm = 132.4052, GNorm = 0.3054, lr_0 = 2.7648e-04
Loss = 3.6332e-02, PNorm = 132.4280, GNorm = 0.5703, lr_0 = 2.7618e-04
Loss = 3.7619e-02, PNorm = 132.4530, GNorm = 0.8122, lr_0 = 2.7589e-04
Loss = 4.2097e-02, PNorm = 132.4756, GNorm = 2.1174, lr_0 = 2.7559e-04
Loss = 5.2588e-02, PNorm = 132.5058, GNorm = 0.5995, lr_0 = 2.7529e-04
Loss = 4.2670e-02, PNorm = 132.5383, GNorm = 0.7752, lr_0 = 2.7500e-04
Loss = 3.7934e-02, PNorm = 132.5633, GNorm = 0.5861, lr_0 = 2.7470e-04
Loss = 3.4556e-02, PNorm = 132.5911, GNorm = 0.3671, lr_0 = 2.7440e-04
Loss = 3.7290e-02, PNorm = 132.6160, GNorm = 0.2753, lr_0 = 2.7411e-04
Loss = 2.5491e-02, PNorm = 132.6329, GNorm = 0.4369, lr_0 = 2.7381e-04
Loss = 3.5254e-02, PNorm = 132.6523, GNorm = 0.3927, lr_0 = 2.7352e-04
Loss = 4.0620e-02, PNorm = 132.6700, GNorm = 1.1935, lr_0 = 2.7322e-04
Loss = 4.0379e-02, PNorm = 132.6905, GNorm = 0.3743, lr_0 = 2.7293e-04
Loss = 3.6519e-02, PNorm = 132.7130, GNorm = 0.4422, lr_0 = 2.7264e-04
Loss = 4.0088e-02, PNorm = 132.7329, GNorm = 0.6574, lr_0 = 2.7234e-04
Loss = 3.6675e-02, PNorm = 132.7544, GNorm = 0.5785, lr_0 = 2.7205e-04
Loss = 4.9971e-02, PNorm = 132.7781, GNorm = 0.7246, lr_0 = 2.7176e-04
Loss = 3.8180e-02, PNorm = 132.8065, GNorm = 0.6985, lr_0 = 2.7146e-04
Loss = 4.6505e-02, PNorm = 132.8301, GNorm = 0.4180, lr_0 = 2.7117e-04
Loss = 3.7410e-02, PNorm = 132.8553, GNorm = 0.5947, lr_0 = 2.7088e-04
Loss = 4.1324e-02, PNorm = 132.8817, GNorm = 0.6044, lr_0 = 2.7059e-04
Loss = 3.2050e-02, PNorm = 132.9025, GNorm = 0.4594, lr_0 = 2.7029e-04
Validation rmse = 30.204579
Epoch 20
Loss = 3.3454e-02, PNorm = 132.9185, GNorm = 0.3889, lr_0 = 2.7000e-04
Loss = 2.7391e-02, PNorm = 132.9344, GNorm = 0.3722, lr_0 = 2.6971e-04
Loss = 2.9053e-02, PNorm = 132.9501, GNorm = 0.3671, lr_0 = 2.6942e-04
Loss = 3.6471e-02, PNorm = 132.9667, GNorm = 0.6489, lr_0 = 2.6913e-04
Loss = 4.0004e-02, PNorm = 132.9922, GNorm = 0.6508, lr_0 = 2.6884e-04
Loss = 3.8901e-02, PNorm = 133.0185, GNorm = 0.2998, lr_0 = 2.6855e-04
Loss = 3.3885e-02, PNorm = 133.0417, GNorm = 0.3080, lr_0 = 2.6826e-04
Loss = 4.0065e-02, PNorm = 133.0668, GNorm = 0.6487, lr_0 = 2.6797e-04
Loss = 3.7344e-02, PNorm = 133.0942, GNorm = 0.7700, lr_0 = 2.6769e-04
Loss = 3.4072e-02, PNorm = 133.1157, GNorm = 0.4341, lr_0 = 2.6740e-04
Loss = 3.6341e-02, PNorm = 133.1308, GNorm = 0.3515, lr_0 = 2.6711e-04
Loss = 2.9114e-02, PNorm = 133.1511, GNorm = 0.4519, lr_0 = 2.6682e-04
Loss = 3.8117e-02, PNorm = 133.1726, GNorm = 0.5224, lr_0 = 2.6653e-04
Loss = 3.4562e-02, PNorm = 133.1900, GNorm = 0.6406, lr_0 = 2.6625e-04
Loss = 4.3644e-02, PNorm = 133.2146, GNorm = 0.5294, lr_0 = 2.6596e-04
Loss = 2.8618e-02, PNorm = 133.2384, GNorm = 0.3819, lr_0 = 2.6567e-04
Loss = 3.9335e-02, PNorm = 133.2586, GNorm = 0.7686, lr_0 = 2.6539e-04
Loss = 3.3298e-02, PNorm = 133.2789, GNorm = 0.2978, lr_0 = 2.6510e-04
Loss = 3.3436e-02, PNorm = 133.3004, GNorm = 0.4311, lr_0 = 2.6482e-04
Loss = 3.4428e-02, PNorm = 133.3195, GNorm = 0.4754, lr_0 = 2.6453e-04
Loss = 3.6155e-02, PNorm = 133.3393, GNorm = 0.9066, lr_0 = 2.6425e-04
Loss = 3.3502e-02, PNorm = 133.3605, GNorm = 0.3380, lr_0 = 2.6396e-04
Loss = 3.3785e-02, PNorm = 133.3825, GNorm = 0.3762, lr_0 = 2.6368e-04
Loss = 3.2756e-02, PNorm = 133.4012, GNorm = 0.3862, lr_0 = 2.6339e-04
Validation rmse = 29.775219
Epoch 21
Loss = 2.5945e-02, PNorm = 133.4202, GNorm = 0.4000, lr_0 = 2.6311e-04
Loss = 3.3337e-02, PNorm = 133.4379, GNorm = 0.5726, lr_0 = 2.6283e-04
Loss = 3.3765e-02, PNorm = 133.4575, GNorm = 0.4311, lr_0 = 2.6254e-04
Loss = 3.3156e-02, PNorm = 133.4787, GNorm = 0.9977, lr_0 = 2.6226e-04
Loss = 2.3075e-02, PNorm = 133.4969, GNorm = 0.3926, lr_0 = 2.6198e-04
Loss = 2.9258e-02, PNorm = 133.5123, GNorm = 0.3360, lr_0 = 2.6170e-04
Loss = 3.5728e-02, PNorm = 133.5327, GNorm = 0.5347, lr_0 = 2.6141e-04
Loss = 3.5804e-02, PNorm = 133.5537, GNorm = 0.5856, lr_0 = 2.6113e-04
Loss = 3.3914e-02, PNorm = 133.5792, GNorm = 0.3435, lr_0 = 2.6085e-04
Loss = 2.9167e-02, PNorm = 133.5986, GNorm = 0.5194, lr_0 = 2.6057e-04
Loss = 3.3670e-02, PNorm = 133.6173, GNorm = 0.4141, lr_0 = 2.6029e-04
Loss = 2.5613e-02, PNorm = 133.6371, GNorm = 0.5217, lr_0 = 2.6001e-04
Loss = 2.6232e-02, PNorm = 133.6531, GNorm = 0.2332, lr_0 = 2.5973e-04
Loss = 2.7785e-02, PNorm = 133.6689, GNorm = 0.3096, lr_0 = 2.5945e-04
Loss = 2.9013e-02, PNorm = 133.6834, GNorm = 0.6057, lr_0 = 2.5917e-04
Loss = 3.4229e-02, PNorm = 133.7010, GNorm = 0.4984, lr_0 = 2.5889e-04
Loss = 3.7963e-02, PNorm = 133.7246, GNorm = 0.3605, lr_0 = 2.5861e-04
Loss = 3.0852e-02, PNorm = 133.7468, GNorm = 0.4111, lr_0 = 2.5833e-04
Loss = 3.4114e-02, PNorm = 133.7674, GNorm = 0.2962, lr_0 = 2.5805e-04
Loss = 2.6623e-02, PNorm = 133.7891, GNorm = 0.2664, lr_0 = 2.5778e-04
Loss = 2.8773e-02, PNorm = 133.8100, GNorm = 0.5091, lr_0 = 2.5750e-04
Loss = 3.0150e-02, PNorm = 133.8278, GNorm = 0.3402, lr_0 = 2.5722e-04
Loss = 2.9959e-02, PNorm = 133.8472, GNorm = 0.4255, lr_0 = 2.5694e-04
Loss = 3.5565e-02, PNorm = 133.8692, GNorm = 0.7267, lr_0 = 2.5667e-04
Validation rmse = 29.420288
Epoch 22
Loss = 2.5322e-02, PNorm = 133.8934, GNorm = 0.4745, lr_0 = 2.5636e-04
Loss = 3.5128e-02, PNorm = 133.9151, GNorm = 0.5068, lr_0 = 2.5609e-04
Loss = 2.5099e-02, PNorm = 133.9325, GNorm = 0.3941, lr_0 = 2.5581e-04
Loss = 3.2298e-02, PNorm = 133.9490, GNorm = 0.9542, lr_0 = 2.5554e-04
Loss = 2.7059e-02, PNorm = 133.9660, GNorm = 0.4133, lr_0 = 2.5526e-04
Loss = 3.0855e-02, PNorm = 133.9836, GNorm = 0.5628, lr_0 = 2.5499e-04
Loss = 2.6732e-02, PNorm = 133.9986, GNorm = 0.3175, lr_0 = 2.5471e-04
Loss = 2.8832e-02, PNorm = 134.0165, GNorm = 0.4515, lr_0 = 2.5444e-04
Loss = 2.8283e-02, PNorm = 134.0370, GNorm = 0.4784, lr_0 = 2.5416e-04
Loss = 2.5261e-02, PNorm = 134.0554, GNorm = 0.4057, lr_0 = 2.5389e-04
Loss = 2.3245e-02, PNorm = 134.0705, GNorm = 0.3538, lr_0 = 2.5362e-04
Loss = 2.8800e-02, PNorm = 134.0858, GNorm = 0.2404, lr_0 = 2.5334e-04
Loss = 3.7883e-02, PNorm = 134.1036, GNorm = 0.2941, lr_0 = 2.5307e-04
Loss = 4.0216e-02, PNorm = 134.1244, GNorm = 0.9947, lr_0 = 2.5280e-04
Loss = 2.8717e-02, PNorm = 134.1479, GNorm = 0.3577, lr_0 = 2.5252e-04
Loss = 3.1285e-02, PNorm = 134.1748, GNorm = 0.4453, lr_0 = 2.5225e-04
Loss = 3.5178e-02, PNorm = 134.1980, GNorm = 0.7418, lr_0 = 2.5198e-04
Loss = 4.0493e-02, PNorm = 134.2218, GNorm = 0.3215, lr_0 = 2.5171e-04
Loss = 3.8237e-02, PNorm = 134.2538, GNorm = 0.3891, lr_0 = 2.5144e-04
Loss = 4.0773e-02, PNorm = 134.2783, GNorm = 0.8058, lr_0 = 2.5117e-04
Loss = 2.8452e-02, PNorm = 134.3040, GNorm = 0.4604, lr_0 = 2.5090e-04
Loss = 3.3474e-02, PNorm = 134.3251, GNorm = 0.2977, lr_0 = 2.5063e-04
Loss = 3.3444e-02, PNorm = 134.3458, GNorm = 0.4201, lr_0 = 2.5036e-04
Loss = 3.6549e-02, PNorm = 134.3684, GNorm = 0.3173, lr_0 = 2.5009e-04
Validation rmse = 30.016008
Epoch 23
Loss = 2.9722e-02, PNorm = 134.3911, GNorm = 0.9106, lr_0 = 2.4982e-04
Loss = 3.8006e-02, PNorm = 134.4122, GNorm = 0.5738, lr_0 = 2.4955e-04
Loss = 2.8671e-02, PNorm = 134.4328, GNorm = 0.3268, lr_0 = 2.4928e-04
Loss = 3.0101e-02, PNorm = 134.4541, GNorm = 0.6539, lr_0 = 2.4901e-04
Loss = 3.0200e-02, PNorm = 134.4790, GNorm = 0.4770, lr_0 = 2.4874e-04
Loss = 2.4616e-02, PNorm = 134.5040, GNorm = 0.2880, lr_0 = 2.4848e-04
Loss = 2.1961e-02, PNorm = 134.5253, GNorm = 0.3059, lr_0 = 2.4821e-04
Loss = 2.9411e-02, PNorm = 134.5418, GNorm = 0.5233, lr_0 = 2.4794e-04
Loss = 2.8610e-02, PNorm = 134.5578, GNorm = 0.3637, lr_0 = 2.4767e-04
Loss = 2.8179e-02, PNorm = 134.5747, GNorm = 0.3707, lr_0 = 2.4741e-04
Loss = 2.3624e-02, PNorm = 134.5940, GNorm = 0.4763, lr_0 = 2.4714e-04
Loss = 2.5953e-02, PNorm = 134.6122, GNorm = 0.2855, lr_0 = 2.4687e-04
Loss = 2.5319e-02, PNorm = 134.6262, GNorm = 0.3033, lr_0 = 2.4661e-04
Loss = 3.2548e-02, PNorm = 134.6394, GNorm = 0.3182, lr_0 = 2.4634e-04
Loss = 2.8388e-02, PNorm = 134.6588, GNorm = 0.5496, lr_0 = 2.4608e-04
Loss = 2.5138e-02, PNorm = 134.6794, GNorm = 0.3779, lr_0 = 2.4581e-04
Loss = 2.8323e-02, PNorm = 134.6996, GNorm = 0.3647, lr_0 = 2.4555e-04
Loss = 2.8299e-02, PNorm = 134.7153, GNorm = 0.3929, lr_0 = 2.4528e-04
Loss = 2.8816e-02, PNorm = 134.7331, GNorm = 0.6282, lr_0 = 2.4502e-04
Loss = 3.4036e-02, PNorm = 134.7539, GNorm = 0.3034, lr_0 = 2.4475e-04
Loss = 3.8821e-02, PNorm = 134.7762, GNorm = 0.5973, lr_0 = 2.4449e-04
Loss = 3.3006e-02, PNorm = 134.7961, GNorm = 0.8243, lr_0 = 2.4423e-04
Loss = 2.5978e-02, PNorm = 134.8174, GNorm = 0.3500, lr_0 = 2.4396e-04
Loss = 2.5420e-02, PNorm = 134.8390, GNorm = 0.4290, lr_0 = 2.4370e-04
Validation rmse = 29.476569
Epoch 24
Loss = 1.7531e-02, PNorm = 134.8596, GNorm = 0.2120, lr_0 = 2.4344e-04
Loss = 3.1145e-02, PNorm = 134.8767, GNorm = 0.7901, lr_0 = 2.4318e-04
Loss = 2.9228e-02, PNorm = 134.8995, GNorm = 0.4525, lr_0 = 2.4291e-04
Loss = 2.2447e-02, PNorm = 134.9178, GNorm = 0.5872, lr_0 = 2.4265e-04
Loss = 3.1203e-02, PNorm = 134.9357, GNorm = 0.2391, lr_0 = 2.4239e-04
Loss = 2.7212e-02, PNorm = 134.9538, GNorm = 0.2697, lr_0 = 2.4213e-04
Loss = 2.7718e-02, PNorm = 134.9713, GNorm = 0.4994, lr_0 = 2.4187e-04
Loss = 3.5856e-02, PNorm = 134.9877, GNorm = 0.4597, lr_0 = 2.4161e-04
Loss = 2.7457e-02, PNorm = 135.0084, GNorm = 0.6512, lr_0 = 2.4135e-04
Loss = 2.9552e-02, PNorm = 135.0299, GNorm = 0.6253, lr_0 = 2.4109e-04
Loss = 3.6555e-02, PNorm = 135.0494, GNorm = 0.2781, lr_0 = 2.4083e-04
Loss = 2.5394e-02, PNorm = 135.0724, GNorm = 0.5399, lr_0 = 2.4057e-04
Loss = 2.2570e-02, PNorm = 135.0913, GNorm = 0.2882, lr_0 = 2.4031e-04
Loss = 2.5560e-02, PNorm = 135.1091, GNorm = 0.3909, lr_0 = 2.4005e-04
Loss = 2.2539e-02, PNorm = 135.1277, GNorm = 0.2842, lr_0 = 2.3979e-04
Loss = 2.5299e-02, PNorm = 135.1414, GNorm = 0.4578, lr_0 = 2.3954e-04
Loss = 3.0671e-02, PNorm = 135.1583, GNorm = 0.4388, lr_0 = 2.3928e-04
Loss = 2.8042e-02, PNorm = 135.1750, GNorm = 0.5008, lr_0 = 2.3902e-04
Loss = 3.0766e-02, PNorm = 135.1957, GNorm = 0.3818, lr_0 = 2.3876e-04
Loss = 2.8597e-02, PNorm = 135.2194, GNorm = 0.4480, lr_0 = 2.3850e-04
Loss = 2.7100e-02, PNorm = 135.2416, GNorm = 0.5848, lr_0 = 2.3825e-04
Loss = 4.0664e-02, PNorm = 135.2655, GNorm = 0.4677, lr_0 = 2.3799e-04
Loss = 3.6525e-02, PNorm = 135.2886, GNorm = 0.5951, lr_0 = 2.3773e-04
Loss = 3.5464e-02, PNorm = 135.3188, GNorm = 0.3290, lr_0 = 2.3748e-04
Validation rmse = 28.600985
Epoch 25
Loss = 1.8822e-02, PNorm = 135.3466, GNorm = 0.3747, lr_0 = 2.3722e-04
Loss = 2.5362e-02, PNorm = 135.3673, GNorm = 0.4501, lr_0 = 2.3697e-04
Loss = 2.6551e-02, PNorm = 135.3819, GNorm = 0.3677, lr_0 = 2.3671e-04
Loss = 2.7795e-02, PNorm = 135.3972, GNorm = 0.5407, lr_0 = 2.3646e-04
Loss = 2.3439e-02, PNorm = 135.4172, GNorm = 0.3112, lr_0 = 2.3620e-04
Loss = 2.7144e-02, PNorm = 135.4370, GNorm = 0.3932, lr_0 = 2.3595e-04
Loss = 2.7002e-02, PNorm = 135.4577, GNorm = 0.6689, lr_0 = 2.3569e-04
Loss = 3.3625e-02, PNorm = 135.4800, GNorm = 0.4355, lr_0 = 2.3544e-04
Loss = 3.2413e-02, PNorm = 135.5037, GNorm = 0.5512, lr_0 = 2.3519e-04
Loss = 3.0863e-02, PNorm = 135.5248, GNorm = 0.3859, lr_0 = 2.3493e-04
Loss = 3.1530e-02, PNorm = 135.5449, GNorm = 0.4070, lr_0 = 2.3468e-04
Loss = 2.3106e-02, PNorm = 135.5636, GNorm = 0.3572, lr_0 = 2.3443e-04
Loss = 2.2947e-02, PNorm = 135.5821, GNorm = 0.2087, lr_0 = 2.3417e-04
Loss = 2.3413e-02, PNorm = 135.5967, GNorm = 0.4471, lr_0 = 2.3392e-04
Loss = 2.7389e-02, PNorm = 135.6140, GNorm = 0.3605, lr_0 = 2.3367e-04
Loss = 2.7253e-02, PNorm = 135.6279, GNorm = 0.5887, lr_0 = 2.3342e-04
Loss = 2.4764e-02, PNorm = 135.6465, GNorm = 0.2210, lr_0 = 2.3317e-04
Loss = 2.2248e-02, PNorm = 135.6642, GNorm = 0.2638, lr_0 = 2.3292e-04
Loss = 2.5187e-02, PNorm = 135.6785, GNorm = 0.3761, lr_0 = 2.3267e-04
Loss = 2.7593e-02, PNorm = 135.6990, GNorm = 0.6241, lr_0 = 2.3241e-04
Loss = 3.0493e-02, PNorm = 135.7210, GNorm = 0.5798, lr_0 = 2.3216e-04
Loss = 3.3186e-02, PNorm = 135.7425, GNorm = 0.6458, lr_0 = 2.3191e-04
Loss = 2.5919e-02, PNorm = 135.7667, GNorm = 0.2473, lr_0 = 2.3166e-04
Loss = 2.6247e-02, PNorm = 135.7900, GNorm = 0.2718, lr_0 = 2.3142e-04
Validation rmse = 29.078842
Epoch 26
Loss = 2.5708e-02, PNorm = 135.8121, GNorm = 0.5907, lr_0 = 2.3114e-04
Loss = 2.4506e-02, PNorm = 135.8325, GNorm = 0.3437, lr_0 = 2.3089e-04
Loss = 2.4713e-02, PNorm = 135.8487, GNorm = 0.5474, lr_0 = 2.3064e-04
Loss = 2.4621e-02, PNorm = 135.8673, GNorm = 0.1889, lr_0 = 2.3039e-04
Loss = 2.6464e-02, PNorm = 135.8844, GNorm = 0.6136, lr_0 = 2.3015e-04
Loss = 2.1233e-02, PNorm = 135.9007, GNorm = 0.4347, lr_0 = 2.2990e-04
Loss = 3.1882e-02, PNorm = 135.9230, GNorm = 0.3721, lr_0 = 2.2965e-04
Loss = 2.4158e-02, PNorm = 135.9428, GNorm = 0.4484, lr_0 = 2.2940e-04
Loss = 2.7341e-02, PNorm = 135.9599, GNorm = 0.2033, lr_0 = 2.2916e-04
Loss = 2.8138e-02, PNorm = 135.9749, GNorm = 0.5120, lr_0 = 2.2891e-04
Loss = 2.3550e-02, PNorm = 135.9919, GNorm = 0.3755, lr_0 = 2.2866e-04
Loss = 2.5715e-02, PNorm = 136.0102, GNorm = 0.3334, lr_0 = 2.2842e-04
Loss = 2.6604e-02, PNorm = 136.0261, GNorm = 0.2412, lr_0 = 2.2817e-04
Loss = 2.6586e-02, PNorm = 136.0434, GNorm = 0.3878, lr_0 = 2.2793e-04
Loss = 2.5372e-02, PNorm = 136.0650, GNorm = 0.3502, lr_0 = 2.2768e-04
Loss = 2.3796e-02, PNorm = 136.0869, GNorm = 0.2897, lr_0 = 2.2743e-04
Loss = 2.3892e-02, PNorm = 136.1037, GNorm = 0.4584, lr_0 = 2.2719e-04
Loss = 2.0517e-02, PNorm = 136.1202, GNorm = 0.5539, lr_0 = 2.2694e-04
Loss = 2.8573e-02, PNorm = 136.1348, GNorm = 0.6854, lr_0 = 2.2670e-04
Loss = 2.6379e-02, PNorm = 136.1534, GNorm = 0.2923, lr_0 = 2.2646e-04
Loss = 2.0265e-02, PNorm = 136.1735, GNorm = 0.3680, lr_0 = 2.2621e-04
Loss = 2.4209e-02, PNorm = 136.1870, GNorm = 0.3231, lr_0 = 2.2597e-04
Loss = 2.5251e-02, PNorm = 136.2037, GNorm = 0.3454, lr_0 = 2.2573e-04
Loss = 2.3812e-02, PNorm = 136.2215, GNorm = 0.3833, lr_0 = 2.2548e-04
Loss = 2.5616e-02, PNorm = 136.2388, GNorm = 0.3687, lr_0 = 2.2524e-04
Validation rmse = 27.936665
Epoch 27
Loss = 1.8686e-02, PNorm = 136.2547, GNorm = 0.4611, lr_0 = 2.2500e-04
Loss = 2.1767e-02, PNorm = 136.2704, GNorm = 0.3672, lr_0 = 2.2475e-04
Loss = 2.3415e-02, PNorm = 136.2857, GNorm = 0.3451, lr_0 = 2.2451e-04
Loss = 1.9213e-02, PNorm = 136.2998, GNorm = 0.1758, lr_0 = 2.2427e-04
Loss = 2.4471e-02, PNorm = 136.3159, GNorm = 0.4571, lr_0 = 2.2403e-04
Loss = 2.8146e-02, PNorm = 136.3330, GNorm = 0.7018, lr_0 = 2.2379e-04
Loss = 3.1667e-02, PNorm = 136.3517, GNorm = 0.3302, lr_0 = 2.2355e-04
Loss = 2.3342e-02, PNorm = 136.3707, GNorm = 0.2172, lr_0 = 2.2331e-04
Loss = 2.0546e-02, PNorm = 136.3869, GNorm = 0.4494, lr_0 = 2.2306e-04
Loss = 2.2874e-02, PNorm = 136.3992, GNorm = 0.2525, lr_0 = 2.2282e-04
Loss = 2.6304e-02, PNorm = 136.4162, GNorm = 0.3569, lr_0 = 2.2258e-04
Loss = 2.5649e-02, PNorm = 136.4327, GNorm = 0.3547, lr_0 = 2.2234e-04
Loss = 2.4481e-02, PNorm = 136.4498, GNorm = 0.4871, lr_0 = 2.2211e-04
Loss = 2.5634e-02, PNorm = 136.4693, GNorm = 0.3265, lr_0 = 2.2187e-04
Loss = 2.5309e-02, PNorm = 136.4887, GNorm = 0.4516, lr_0 = 2.2163e-04
Loss = 3.1735e-02, PNorm = 136.5079, GNorm = 1.0264, lr_0 = 2.2139e-04
Loss = 3.8293e-02, PNorm = 136.5331, GNorm = 0.4864, lr_0 = 2.2115e-04
Loss = 3.1626e-02, PNorm = 136.5589, GNorm = 0.5182, lr_0 = 2.2091e-04
Loss = 3.1887e-02, PNorm = 136.5847, GNorm = 0.5329, lr_0 = 2.2067e-04
Loss = 2.1990e-02, PNorm = 136.6078, GNorm = 0.6062, lr_0 = 2.2044e-04
Loss = 2.2768e-02, PNorm = 136.6271, GNorm = 0.4263, lr_0 = 2.2020e-04
Loss = 2.1097e-02, PNorm = 136.6448, GNorm = 0.3033, lr_0 = 2.1996e-04
Loss = 2.0880e-02, PNorm = 136.6631, GNorm = 0.3133, lr_0 = 2.1972e-04
Loss = 2.7372e-02, PNorm = 136.6781, GNorm = 0.4206, lr_0 = 2.1949e-04
Validation rmse = 28.556943
Epoch 28
Loss = 1.9068e-02, PNorm = 136.6954, GNorm = 0.4493, lr_0 = 2.1925e-04
Loss = 2.2432e-02, PNorm = 136.7130, GNorm = 0.2175, lr_0 = 2.1902e-04
Loss = 2.0024e-02, PNorm = 136.7271, GNorm = 0.3801, lr_0 = 2.1878e-04
Loss = 2.7778e-02, PNorm = 136.7453, GNorm = 0.5919, lr_0 = 2.1854e-04
Loss = 2.4138e-02, PNorm = 136.7629, GNorm = 0.6857, lr_0 = 2.1831e-04
Loss = 3.0297e-02, PNorm = 136.7835, GNorm = 0.8159, lr_0 = 2.1807e-04
Loss = 2.2687e-02, PNorm = 136.8112, GNorm = 0.3042, lr_0 = 2.1784e-04
Loss = 2.1307e-02, PNorm = 136.8326, GNorm = 0.3197, lr_0 = 2.1760e-04
Loss = 2.5037e-02, PNorm = 136.8521, GNorm = 0.3516, lr_0 = 2.1737e-04
Loss = 2.1892e-02, PNorm = 136.8671, GNorm = 0.3928, lr_0 = 2.1714e-04
Loss = 2.1441e-02, PNorm = 136.8817, GNorm = 0.3569, lr_0 = 2.1690e-04
Loss = 2.3731e-02, PNorm = 136.8975, GNorm = 0.1690, lr_0 = 2.1667e-04
Loss = 2.5424e-02, PNorm = 136.9130, GNorm = 0.2828, lr_0 = 2.1643e-04
Loss = 2.6565e-02, PNorm = 136.9312, GNorm = 0.2782, lr_0 = 2.1620e-04
Loss = 2.0579e-02, PNorm = 136.9468, GNorm = 0.4407, lr_0 = 2.1597e-04
Loss = 2.4164e-02, PNorm = 136.9641, GNorm = 0.2194, lr_0 = 2.1574e-04
Loss = 2.6676e-02, PNorm = 136.9824, GNorm = 0.3505, lr_0 = 2.1550e-04
Loss = 2.1488e-02, PNorm = 137.0005, GNorm = 0.2283, lr_0 = 2.1527e-04
Loss = 2.4921e-02, PNorm = 137.0158, GNorm = 0.6874, lr_0 = 2.1504e-04
Loss = 2.4372e-02, PNorm = 137.0363, GNorm = 0.3238, lr_0 = 2.1481e-04
Loss = 2.2431e-02, PNorm = 137.0540, GNorm = 0.2488, lr_0 = 2.1458e-04
Loss = 2.6244e-02, PNorm = 137.0674, GNorm = 0.4235, lr_0 = 2.1435e-04
Loss = 2.3195e-02, PNorm = 137.0867, GNorm = 0.4654, lr_0 = 2.1411e-04
Loss = 2.4675e-02, PNorm = 137.1074, GNorm = 0.4653, lr_0 = 2.1388e-04
Validation rmse = 28.529346
Epoch 29
Loss = 2.0434e-02, PNorm = 137.1269, GNorm = 0.3139, lr_0 = 2.1365e-04
Loss = 2.0283e-02, PNorm = 137.1483, GNorm = 0.4592, lr_0 = 2.1342e-04
Loss = 2.4543e-02, PNorm = 137.1698, GNorm = 0.2539, lr_0 = 2.1319e-04
Loss = 2.1564e-02, PNorm = 137.1914, GNorm = 0.4885, lr_0 = 2.1296e-04
Loss = 2.0303e-02, PNorm = 137.2130, GNorm = 0.2780, lr_0 = 2.1273e-04
Loss = 2.3090e-02, PNorm = 137.2299, GNorm = 0.3153, lr_0 = 2.1250e-04
Loss = 2.5969e-02, PNorm = 137.2429, GNorm = 0.4941, lr_0 = 2.1228e-04
Loss = 2.3519e-02, PNorm = 137.2619, GNorm = 0.4561, lr_0 = 2.1205e-04
Loss = 2.3592e-02, PNorm = 137.2774, GNorm = 0.3588, lr_0 = 2.1182e-04
Loss = 2.7049e-02, PNorm = 137.2960, GNorm = 0.3263, lr_0 = 2.1159e-04
Loss = 2.3728e-02, PNorm = 137.3158, GNorm = 0.6027, lr_0 = 2.1136e-04
Loss = 1.8784e-02, PNorm = 137.3329, GNorm = 0.3158, lr_0 = 2.1114e-04
Loss = 2.0637e-02, PNorm = 137.3486, GNorm = 0.2471, lr_0 = 2.1091e-04
Loss = 2.0413e-02, PNorm = 137.3641, GNorm = 0.1681, lr_0 = 2.1068e-04
Loss = 2.6584e-02, PNorm = 137.3781, GNorm = 0.3018, lr_0 = 2.1045e-04
Loss = 2.0843e-02, PNorm = 137.3938, GNorm = 0.2532, lr_0 = 2.1023e-04
Loss = 2.2056e-02, PNorm = 137.4093, GNorm = 0.3842, lr_0 = 2.1000e-04
Loss = 2.5070e-02, PNorm = 137.4297, GNorm = 0.3629, lr_0 = 2.0977e-04
Loss = 2.1513e-02, PNorm = 137.4490, GNorm = 0.3614, lr_0 = 2.0955e-04
Loss = 2.4044e-02, PNorm = 137.4713, GNorm = 0.3728, lr_0 = 2.0932e-04
Loss = 2.0820e-02, PNorm = 137.4898, GNorm = 0.3051, lr_0 = 2.0910e-04
Loss = 2.6829e-02, PNorm = 137.5097, GNorm = 0.2163, lr_0 = 2.0887e-04
Loss = 1.8900e-02, PNorm = 137.5276, GNorm = 0.3282, lr_0 = 2.0865e-04
Loss = 2.4104e-02, PNorm = 137.5428, GNorm = 0.2791, lr_0 = 2.0842e-04
Validation rmse = 28.155165
Epoch 30
Loss = 2.8204e-02, PNorm = 137.5628, GNorm = 0.3455, lr_0 = 2.0818e-04
Loss = 2.6552e-02, PNorm = 137.5812, GNorm = 0.5680, lr_0 = 2.0795e-04
Loss = 2.3418e-02, PNorm = 137.6050, GNorm = 0.2478, lr_0 = 2.0773e-04
Loss = 3.0677e-02, PNorm = 137.6260, GNorm = 0.5845, lr_0 = 2.0750e-04
Loss = 2.0237e-02, PNorm = 137.6464, GNorm = 0.3224, lr_0 = 2.0728e-04
Loss = 1.9348e-02, PNorm = 137.6655, GNorm = 0.3757, lr_0 = 2.0706e-04
Loss = 1.9286e-02, PNorm = 137.6787, GNorm = 0.1768, lr_0 = 2.0683e-04
Loss = 1.8779e-02, PNorm = 137.6966, GNorm = 0.3365, lr_0 = 2.0661e-04
Loss = 2.6796e-02, PNorm = 137.7156, GNorm = 0.6760, lr_0 = 2.0639e-04
Loss = 2.2743e-02, PNorm = 137.7301, GNorm = 0.3466, lr_0 = 2.0617e-04
Loss = 2.6255e-02, PNorm = 137.7486, GNorm = 0.4921, lr_0 = 2.0594e-04
Loss = 2.3612e-02, PNorm = 137.7719, GNorm = 0.4955, lr_0 = 2.0572e-04
Loss = 1.9243e-02, PNorm = 137.7904, GNorm = 0.2456, lr_0 = 2.0550e-04
Loss = 2.0297e-02, PNorm = 137.8055, GNorm = 0.3392, lr_0 = 2.0528e-04
Loss = 1.9418e-02, PNorm = 137.8240, GNorm = 0.4117, lr_0 = 2.0506e-04
Loss = 2.2083e-02, PNorm = 137.8397, GNorm = 0.2550, lr_0 = 2.0484e-04
Loss = 2.0240e-02, PNorm = 137.8551, GNorm = 0.2554, lr_0 = 2.0462e-04
Loss = 1.8278e-02, PNorm = 137.8725, GNorm = 0.2893, lr_0 = 2.0440e-04
Loss = 2.1244e-02, PNorm = 137.8881, GNorm = 0.2763, lr_0 = 2.0418e-04
Loss = 2.0440e-02, PNorm = 137.9014, GNorm = 0.2168, lr_0 = 2.0396e-04
Loss = 2.1838e-02, PNorm = 137.9177, GNorm = 0.2570, lr_0 = 2.0374e-04
Loss = 2.2296e-02, PNorm = 137.9294, GNorm = 0.3946, lr_0 = 2.0352e-04
Loss = 2.4287e-02, PNorm = 137.9464, GNorm = 0.5540, lr_0 = 2.0330e-04
Loss = 1.8928e-02, PNorm = 137.9649, GNorm = 0.2328, lr_0 = 2.0308e-04
Validation rmse = 28.421261
Epoch 31
Loss = 2.2560e-02, PNorm = 137.9810, GNorm = 0.3143, lr_0 = 2.0286e-04
Loss = 2.0010e-02, PNorm = 137.9967, GNorm = 0.3027, lr_0 = 2.0264e-04
Loss = 1.9624e-02, PNorm = 138.0118, GNorm = 0.2376, lr_0 = 2.0242e-04
Loss = 2.0557e-02, PNorm = 138.0302, GNorm = 0.2051, lr_0 = 2.0221e-04
Loss = 1.8837e-02, PNorm = 138.0458, GNorm = 0.4088, lr_0 = 2.0199e-04
Loss = 2.0405e-02, PNorm = 138.0610, GNorm = 0.3196, lr_0 = 2.0177e-04
Loss = 2.0269e-02, PNorm = 138.0778, GNorm = 0.3324, lr_0 = 2.0155e-04
Loss = 1.7171e-02, PNorm = 138.0945, GNorm = 0.2234, lr_0 = 2.0134e-04
Loss = 2.6815e-02, PNorm = 138.1144, GNorm = 0.1960, lr_0 = 2.0112e-04
Loss = 2.1992e-02, PNorm = 138.1346, GNorm = 0.3841, lr_0 = 2.0090e-04
Loss = 2.0730e-02, PNorm = 138.1541, GNorm = 0.2875, lr_0 = 2.0069e-04
Loss = 2.3194e-02, PNorm = 138.1710, GNorm = 0.2335, lr_0 = 2.0047e-04
Loss = 2.1022e-02, PNorm = 138.1872, GNorm = 0.2503, lr_0 = 2.0025e-04
Loss = 2.1048e-02, PNorm = 138.2021, GNorm = 0.2444, lr_0 = 2.0004e-04
Loss = 2.0151e-02, PNorm = 138.2162, GNorm = 0.2939, lr_0 = 1.9982e-04
Loss = 2.3204e-02, PNorm = 138.2336, GNorm = 0.3028, lr_0 = 1.9961e-04
Loss = 1.9231e-02, PNorm = 138.2530, GNorm = 0.3383, lr_0 = 1.9939e-04
Loss = 2.5243e-02, PNorm = 138.2716, GNorm = 0.2805, lr_0 = 1.9918e-04
Loss = 1.7870e-02, PNorm = 138.2853, GNorm = 0.3025, lr_0 = 1.9896e-04
Loss = 2.1719e-02, PNorm = 138.2997, GNorm = 0.2514, lr_0 = 1.9875e-04
Loss = 1.8603e-02, PNorm = 138.3154, GNorm = 0.2651, lr_0 = 1.9853e-04
Loss = 1.7909e-02, PNorm = 138.3314, GNorm = 0.2529, lr_0 = 1.9832e-04
Loss = 2.4358e-02, PNorm = 138.3471, GNorm = 0.3750, lr_0 = 1.9811e-04
Loss = 2.3661e-02, PNorm = 138.3684, GNorm = 0.2295, lr_0 = 1.9789e-04
Validation rmse = 29.718315
Epoch 32
Loss = 2.4905e-02, PNorm = 138.3896, GNorm = 0.9073, lr_0 = 1.9768e-04
Loss = 1.9273e-02, PNorm = 138.4152, GNorm = 0.3248, lr_0 = 1.9747e-04
Loss = 2.2961e-02, PNorm = 138.4350, GNorm = 0.3136, lr_0 = 1.9725e-04
Loss = 2.2581e-02, PNorm = 138.4542, GNorm = 0.2868, lr_0 = 1.9704e-04
Loss = 2.1163e-02, PNorm = 138.4725, GNorm = 0.2043, lr_0 = 1.9683e-04
Loss = 1.8094e-02, PNorm = 138.4893, GNorm = 0.4410, lr_0 = 1.9662e-04
Loss = 1.9952e-02, PNorm = 138.5035, GNorm = 0.2794, lr_0 = 1.9641e-04
Loss = 1.7489e-02, PNorm = 138.5180, GNorm = 0.2563, lr_0 = 1.9619e-04
Loss = 1.8337e-02, PNorm = 138.5317, GNorm = 0.3166, lr_0 = 1.9598e-04
Loss = 1.9919e-02, PNorm = 138.5505, GNorm = 0.1868, lr_0 = 1.9577e-04
Loss = 2.0503e-02, PNorm = 138.5683, GNorm = 0.5680, lr_0 = 1.9556e-04
Loss = 2.1235e-02, PNorm = 138.5858, GNorm = 0.3685, lr_0 = 1.9535e-04
Loss = 2.0407e-02, PNorm = 138.6008, GNorm = 0.3712, lr_0 = 1.9514e-04
Loss = 1.7937e-02, PNorm = 138.6156, GNorm = 0.4865, lr_0 = 1.9493e-04
Loss = 1.8670e-02, PNorm = 138.6288, GNorm = 0.3110, lr_0 = 1.9472e-04
Loss = 1.7020e-02, PNorm = 138.6398, GNorm = 0.2641, lr_0 = 1.9451e-04
Loss = 2.0469e-02, PNorm = 138.6523, GNorm = 0.4311, lr_0 = 1.9430e-04
Loss = 1.7867e-02, PNorm = 138.6701, GNorm = 0.2020, lr_0 = 1.9409e-04
Loss = 1.9678e-02, PNorm = 138.6892, GNorm = 0.2724, lr_0 = 1.9388e-04
Loss = 2.0664e-02, PNorm = 138.7051, GNorm = 0.2891, lr_0 = 1.9367e-04
Loss = 1.6258e-02, PNorm = 138.7202, GNorm = 0.5116, lr_0 = 1.9346e-04
Loss = 2.0787e-02, PNorm = 138.7322, GNorm = 0.3235, lr_0 = 1.9326e-04
Loss = 2.2876e-02, PNorm = 138.7465, GNorm = 0.4897, lr_0 = 1.9305e-04
Loss = 2.6056e-02, PNorm = 138.7652, GNorm = 0.2349, lr_0 = 1.9284e-04
Validation rmse = 27.226494
Epoch 33
Loss = 2.0896e-02, PNorm = 138.7838, GNorm = 0.4071, lr_0 = 1.9263e-04
Loss = 1.8969e-02, PNorm = 138.8057, GNorm = 0.3713, lr_0 = 1.9243e-04
Loss = 1.8581e-02, PNorm = 138.8217, GNorm = 0.1990, lr_0 = 1.9222e-04
Loss = 1.9281e-02, PNorm = 138.8362, GNorm = 0.4370, lr_0 = 1.9201e-04
Loss = 2.1434e-02, PNorm = 138.8521, GNorm = 0.2816, lr_0 = 1.9180e-04
Loss = 2.0979e-02, PNorm = 138.8686, GNorm = 0.2205, lr_0 = 1.9160e-04
Loss = 2.2856e-02, PNorm = 138.8878, GNorm = 0.1745, lr_0 = 1.9139e-04
Loss = 2.5702e-02, PNorm = 138.9071, GNorm = 0.2605, lr_0 = 1.9118e-04
Loss = 1.9723e-02, PNorm = 138.9274, GNorm = 0.4390, lr_0 = 1.9098e-04
Loss = 2.2016e-02, PNorm = 138.9477, GNorm = 0.5892, lr_0 = 1.9077e-04
Loss = 2.0149e-02, PNorm = 138.9608, GNorm = 0.2635, lr_0 = 1.9057e-04
Loss = 2.1001e-02, PNorm = 138.9742, GNorm = 0.2623, lr_0 = 1.9036e-04
Loss = 2.0452e-02, PNorm = 138.9894, GNorm = 0.2258, lr_0 = 1.9016e-04
Loss = 2.4755e-02, PNorm = 139.0045, GNorm = 0.2538, lr_0 = 1.8995e-04
Loss = 2.0149e-02, PNorm = 139.0227, GNorm = 0.3442, lr_0 = 1.8975e-04
Loss = 2.2680e-02, PNorm = 139.0423, GNorm = 0.5204, lr_0 = 1.8954e-04
Loss = 1.7799e-02, PNorm = 139.0637, GNorm = 0.2441, lr_0 = 1.8934e-04
Loss = 1.9198e-02, PNorm = 139.0829, GNorm = 0.3840, lr_0 = 1.8914e-04
Loss = 2.1417e-02, PNorm = 139.0991, GNorm = 0.3120, lr_0 = 1.8893e-04
Loss = 2.1550e-02, PNorm = 139.1183, GNorm = 0.6575, lr_0 = 1.8873e-04
Loss = 2.1199e-02, PNorm = 139.1317, GNorm = 0.3440, lr_0 = 1.8852e-04
Loss = 2.1369e-02, PNorm = 139.1473, GNorm = 0.5266, lr_0 = 1.8832e-04
Loss = 1.8498e-02, PNorm = 139.1662, GNorm = 0.1743, lr_0 = 1.8812e-04
Loss = 1.7625e-02, PNorm = 139.1837, GNorm = 0.2178, lr_0 = 1.8792e-04
Validation rmse = 27.525509
Epoch 34
Loss = 1.4854e-02, PNorm = 139.2026, GNorm = 0.2008, lr_0 = 1.8769e-04
Loss = 1.8039e-02, PNorm = 139.2159, GNorm = 0.1948, lr_0 = 1.8749e-04
Loss = 1.6969e-02, PNorm = 139.2309, GNorm = 0.1958, lr_0 = 1.8729e-04
Loss = 1.8338e-02, PNorm = 139.2402, GNorm = 0.2809, lr_0 = 1.8709e-04
Loss = 1.7766e-02, PNorm = 139.2562, GNorm = 0.2957, lr_0 = 1.8689e-04
Loss = 1.5404e-02, PNorm = 139.2740, GNorm = 0.2108, lr_0 = 1.8669e-04
Loss = 1.8305e-02, PNorm = 139.2881, GNorm = 0.4137, lr_0 = 1.8648e-04
Loss = 1.7801e-02, PNorm = 139.3019, GNorm = 0.3571, lr_0 = 1.8628e-04
Loss = 1.7924e-02, PNorm = 139.3193, GNorm = 0.3767, lr_0 = 1.8608e-04
Loss = 1.8901e-02, PNorm = 139.3337, GNorm = 0.1627, lr_0 = 1.8588e-04
Loss = 2.0522e-02, PNorm = 139.3496, GNorm = 0.4612, lr_0 = 1.8568e-04
Loss = 1.7642e-02, PNorm = 139.3625, GNorm = 0.2574, lr_0 = 1.8548e-04
Loss = 1.6638e-02, PNorm = 139.3743, GNorm = 0.1769, lr_0 = 1.8528e-04
Loss = 1.8636e-02, PNorm = 139.3859, GNorm = 0.3246, lr_0 = 1.8508e-04
Loss = 2.0362e-02, PNorm = 139.3997, GNorm = 0.2935, lr_0 = 1.8488e-04
Loss = 2.0697e-02, PNorm = 139.4196, GNorm = 0.3244, lr_0 = 1.8468e-04
Loss = 2.1407e-02, PNorm = 139.4349, GNorm = 0.5013, lr_0 = 1.8448e-04
Loss = 2.0821e-02, PNorm = 139.4540, GNorm = 0.2329, lr_0 = 1.8429e-04
Loss = 1.5220e-02, PNorm = 139.4728, GNorm = 0.2188, lr_0 = 1.8409e-04
Loss = 1.6839e-02, PNorm = 139.4856, GNorm = 0.2229, lr_0 = 1.8389e-04
Loss = 1.7808e-02, PNorm = 139.4985, GNorm = 0.2069, lr_0 = 1.8369e-04
Loss = 1.7550e-02, PNorm = 139.5130, GNorm = 0.2312, lr_0 = 1.8349e-04
Loss = 1.8617e-02, PNorm = 139.5290, GNorm = 0.2875, lr_0 = 1.8330e-04
Loss = 2.0535e-02, PNorm = 139.5424, GNorm = 0.2348, lr_0 = 1.8310e-04
Validation rmse = 27.856544
Epoch 35
Loss = 1.7302e-02, PNorm = 139.5617, GNorm = 0.3898, lr_0 = 1.8290e-04
Loss = 1.7636e-02, PNorm = 139.5773, GNorm = 0.1809, lr_0 = 1.8270e-04
Loss = 1.6178e-02, PNorm = 139.5887, GNorm = 0.2498, lr_0 = 1.8251e-04
Loss = 1.8380e-02, PNorm = 139.6060, GNorm = 0.3016, lr_0 = 1.8231e-04
Loss = 1.8958e-02, PNorm = 139.6218, GNorm = 0.3435, lr_0 = 1.8211e-04
Loss = 1.6333e-02, PNorm = 139.6353, GNorm = 0.2859, lr_0 = 1.8192e-04
Loss = 1.9795e-02, PNorm = 139.6506, GNorm = 0.2189, lr_0 = 1.8172e-04
Loss = 1.7732e-02, PNorm = 139.6665, GNorm = 0.3148, lr_0 = 1.8153e-04
Loss = 1.5255e-02, PNorm = 139.6816, GNorm = 0.4774, lr_0 = 1.8133e-04
Loss = 1.4163e-02, PNorm = 139.6994, GNorm = 0.2117, lr_0 = 1.8114e-04
Loss = 1.8531e-02, PNorm = 139.7099, GNorm = 0.3744, lr_0 = 1.8094e-04
Loss = 2.0510e-02, PNorm = 139.7256, GNorm = 0.2405, lr_0 = 1.8075e-04
Loss = 2.0093e-02, PNorm = 139.7414, GNorm = 0.4877, lr_0 = 1.8055e-04
Loss = 1.6189e-02, PNorm = 139.7568, GNorm = 0.2136, lr_0 = 1.8036e-04
Loss = 1.6804e-02, PNorm = 139.7741, GNorm = 0.3348, lr_0 = 1.8016e-04
Loss = 2.1381e-02, PNorm = 139.7906, GNorm = 0.2578, lr_0 = 1.7997e-04
Loss = 2.2719e-02, PNorm = 139.8073, GNorm = 0.3753, lr_0 = 1.7977e-04
Loss = 1.9660e-02, PNorm = 139.8295, GNorm = 0.2846, lr_0 = 1.7958e-04
Loss = 2.2391e-02, PNorm = 139.8490, GNorm = 0.3490, lr_0 = 1.7939e-04
Loss = 1.8234e-02, PNorm = 139.8686, GNorm = 0.2163, lr_0 = 1.7919e-04
Loss = 1.9305e-02, PNorm = 139.8900, GNorm = 0.2978, lr_0 = 1.7900e-04
Loss = 2.0185e-02, PNorm = 139.9067, GNorm = 0.3986, lr_0 = 1.7881e-04
Loss = 1.6071e-02, PNorm = 139.9245, GNorm = 0.3022, lr_0 = 1.7862e-04
Loss = 1.7674e-02, PNorm = 139.9433, GNorm = 0.3054, lr_0 = 1.7842e-04
Validation rmse = 28.049560
Epoch 36
Loss = 1.6207e-02, PNorm = 139.9604, GNorm = 0.3869, lr_0 = 1.7823e-04
Loss = 1.6401e-02, PNorm = 139.9761, GNorm = 0.3133, lr_0 = 1.7804e-04
Loss = 1.5417e-02, PNorm = 139.9922, GNorm = 0.1872, lr_0 = 1.7785e-04
Loss = 1.8060e-02, PNorm = 140.0069, GNorm = 0.4182, lr_0 = 1.7766e-04
Loss = 2.2767e-02, PNorm = 140.0269, GNorm = 0.2750, lr_0 = 1.7746e-04
Loss = 2.1127e-02, PNorm = 140.0439, GNorm = 0.2719, lr_0 = 1.7727e-04
Loss = 2.3857e-02, PNorm = 140.0592, GNorm = 0.6073, lr_0 = 1.7708e-04
Loss = 2.4388e-02, PNorm = 140.0796, GNorm = 0.3065, lr_0 = 1.7689e-04
Loss = 1.9460e-02, PNorm = 140.1000, GNorm = 0.3522, lr_0 = 1.7670e-04
Loss = 1.9172e-02, PNorm = 140.1185, GNorm = 0.1828, lr_0 = 1.7651e-04
Loss = 1.7807e-02, PNorm = 140.1348, GNorm = 0.4110, lr_0 = 1.7632e-04
Loss = 1.6817e-02, PNorm = 140.1478, GNorm = 0.4446, lr_0 = 1.7613e-04
Loss = 2.0405e-02, PNorm = 140.1657, GNorm = 0.3284, lr_0 = 1.7594e-04
Loss = 1.6638e-02, PNorm = 140.1826, GNorm = 0.2523, lr_0 = 1.7575e-04
Loss = 1.7484e-02, PNorm = 140.1944, GNorm = 0.2451, lr_0 = 1.7556e-04
Loss = 2.1936e-02, PNorm = 140.2098, GNorm = 0.4621, lr_0 = 1.7537e-04
Loss = 1.7314e-02, PNorm = 140.2320, GNorm = 0.4029, lr_0 = 1.7518e-04
Loss = 1.7420e-02, PNorm = 140.2477, GNorm = 0.2701, lr_0 = 1.7500e-04
Loss = 1.6073e-02, PNorm = 140.2621, GNorm = 0.2147, lr_0 = 1.7481e-04
Loss = 1.3138e-02, PNorm = 140.2739, GNorm = 0.2955, lr_0 = 1.7462e-04
Loss = 2.2479e-02, PNorm = 140.2890, GNorm = 0.2518, lr_0 = 1.7443e-04
Loss = 1.7046e-02, PNorm = 140.3008, GNorm = 0.2771, lr_0 = 1.7424e-04
Loss = 1.4483e-02, PNorm = 140.3135, GNorm = 0.1885, lr_0 = 1.7405e-04
Loss = 1.8999e-02, PNorm = 140.3229, GNorm = 0.3097, lr_0 = 1.7387e-04
Validation rmse = 26.719149
Epoch 37
Loss = 1.3570e-02, PNorm = 140.3351, GNorm = 0.1982, lr_0 = 1.7368e-04
Loss = 1.5643e-02, PNorm = 140.3554, GNorm = 0.2399, lr_0 = 1.7349e-04
Loss = 1.9136e-02, PNorm = 140.3684, GNorm = 0.2191, lr_0 = 1.7331e-04
Loss = 1.5941e-02, PNorm = 140.3838, GNorm = 0.3471, lr_0 = 1.7312e-04
Loss = 1.5240e-02, PNorm = 140.3968, GNorm = 0.2455, lr_0 = 1.7293e-04
Loss = 1.7557e-02, PNorm = 140.4105, GNorm = 0.3414, lr_0 = 1.7275e-04
Loss = 1.6898e-02, PNorm = 140.4246, GNorm = 0.2651, lr_0 = 1.7256e-04
Loss = 2.1453e-02, PNorm = 140.4416, GNorm = 0.3280, lr_0 = 1.7237e-04
Loss = 1.7021e-02, PNorm = 140.4554, GNorm = 0.2393, lr_0 = 1.7219e-04
Loss = 1.9152e-02, PNorm = 140.4737, GNorm = 0.2739, lr_0 = 1.7200e-04
Loss = 1.6639e-02, PNorm = 140.4923, GNorm = 0.1211, lr_0 = 1.7182e-04
Loss = 1.5303e-02, PNorm = 140.5069, GNorm = 0.2011, lr_0 = 1.7163e-04
Loss = 1.6631e-02, PNorm = 140.5203, GNorm = 0.2687, lr_0 = 1.7145e-04
Loss = 1.5733e-02, PNorm = 140.5331, GNorm = 0.2064, lr_0 = 1.7126e-04
Loss = 1.9392e-02, PNorm = 140.5481, GNorm = 0.2837, lr_0 = 1.7108e-04
Loss = 1.9326e-02, PNorm = 140.5616, GNorm = 0.3959, lr_0 = 1.7090e-04
Loss = 1.5788e-02, PNorm = 140.5774, GNorm = 0.4196, lr_0 = 1.7071e-04
Loss = 2.2872e-02, PNorm = 140.5919, GNorm = 0.2659, lr_0 = 1.7053e-04
Loss = 1.7309e-02, PNorm = 140.6084, GNorm = 0.1564, lr_0 = 1.7034e-04
Loss = 1.5937e-02, PNorm = 140.6238, GNorm = 0.3204, lr_0 = 1.7016e-04
Loss = 1.6331e-02, PNorm = 140.6386, GNorm = 0.3614, lr_0 = 1.6998e-04
Loss = 1.4387e-02, PNorm = 140.6505, GNorm = 0.2788, lr_0 = 1.6979e-04
Loss = 2.2288e-02, PNorm = 140.6644, GNorm = 0.5288, lr_0 = 1.6961e-04
Loss = 1.6347e-02, PNorm = 140.6829, GNorm = 0.2525, lr_0 = 1.6943e-04
Validation rmse = 28.820170
Epoch 38
Loss = 1.2877e-02, PNorm = 140.6986, GNorm = 0.2377, lr_0 = 1.6925e-04
Loss = 2.0259e-02, PNorm = 140.7175, GNorm = 0.2679, lr_0 = 1.6906e-04
Loss = 1.6054e-02, PNorm = 140.7335, GNorm = 0.2034, lr_0 = 1.6888e-04
Loss = 1.5934e-02, PNorm = 140.7474, GNorm = 0.4994, lr_0 = 1.6870e-04
Loss = 1.5604e-02, PNorm = 140.7627, GNorm = 0.3611, lr_0 = 1.6852e-04
Loss = 1.8063e-02, PNorm = 140.7775, GNorm = 0.1891, lr_0 = 1.6834e-04
Loss = 1.5558e-02, PNorm = 140.7914, GNorm = 0.2685, lr_0 = 1.6815e-04
Loss = 1.6626e-02, PNorm = 140.8088, GNorm = 0.1671, lr_0 = 1.6797e-04
Loss = 1.7188e-02, PNorm = 140.8265, GNorm = 0.3651, lr_0 = 1.6779e-04
Loss = 1.5848e-02, PNorm = 140.8395, GNorm = 0.3348, lr_0 = 1.6761e-04
Loss = 1.5698e-02, PNorm = 140.8521, GNorm = 0.2344, lr_0 = 1.6743e-04
Loss = 1.5327e-02, PNorm = 140.8637, GNorm = 0.2517, lr_0 = 1.6725e-04
Loss = 1.5323e-02, PNorm = 140.8757, GNorm = 0.2559, lr_0 = 1.6707e-04
Loss = 1.4713e-02, PNorm = 140.8849, GNorm = 0.2918, lr_0 = 1.6689e-04
Loss = 1.8070e-02, PNorm = 140.8948, GNorm = 0.2513, lr_0 = 1.6671e-04
Loss = 1.9364e-02, PNorm = 140.9089, GNorm = 0.3284, lr_0 = 1.6653e-04
Loss = 1.5222e-02, PNorm = 140.9241, GNorm = 0.1519, lr_0 = 1.6635e-04
Loss = 1.5584e-02, PNorm = 140.9421, GNorm = 0.1928, lr_0 = 1.6617e-04
Loss = 2.0498e-02, PNorm = 140.9597, GNorm = 0.1371, lr_0 = 1.6599e-04
Loss = 1.4267e-02, PNorm = 140.9767, GNorm = 0.2802, lr_0 = 1.6582e-04
Loss = 1.4594e-02, PNorm = 140.9948, GNorm = 0.2158, lr_0 = 1.6564e-04
Loss = 1.8936e-02, PNorm = 141.0099, GNorm = 0.3095, lr_0 = 1.6546e-04
Loss = 2.0295e-02, PNorm = 141.0216, GNorm = 0.2801, lr_0 = 1.6528e-04
Loss = 1.7596e-02, PNorm = 141.0371, GNorm = 0.2338, lr_0 = 1.6510e-04
Validation rmse = 27.538763
Epoch 39
Loss = 1.4750e-02, PNorm = 141.0527, GNorm = 0.1620, lr_0 = 1.6491e-04
Loss = 2.1236e-02, PNorm = 141.0644, GNorm = 0.2311, lr_0 = 1.6473e-04
Loss = 1.5220e-02, PNorm = 141.0796, GNorm = 0.2655, lr_0 = 1.6455e-04
Loss = 1.3771e-02, PNorm = 141.0938, GNorm = 0.4211, lr_0 = 1.6437e-04
Loss = 1.7122e-02, PNorm = 141.1102, GNorm = 0.3998, lr_0 = 1.6420e-04
Loss = 1.3444e-02, PNorm = 141.1260, GNorm = 0.1838, lr_0 = 1.6402e-04
Loss = 1.4554e-02, PNorm = 141.1372, GNorm = 0.2413, lr_0 = 1.6384e-04
Loss = 1.7870e-02, PNorm = 141.1471, GNorm = 0.1789, lr_0 = 1.6367e-04
Loss = 1.5431e-02, PNorm = 141.1594, GNorm = 0.2575, lr_0 = 1.6349e-04
Loss = 1.5855e-02, PNorm = 141.1730, GNorm = 0.1680, lr_0 = 1.6331e-04
Loss = 1.7240e-02, PNorm = 141.1873, GNorm = 0.2803, lr_0 = 1.6314e-04
Loss = 1.7127e-02, PNorm = 141.2010, GNorm = 0.4433, lr_0 = 1.6296e-04
Loss = 1.5565e-02, PNorm = 141.2157, GNorm = 0.1417, lr_0 = 1.6279e-04
Loss = 1.5026e-02, PNorm = 141.2286, GNorm = 0.1511, lr_0 = 1.6261e-04
Loss = 1.8870e-02, PNorm = 141.2454, GNorm = 0.4735, lr_0 = 1.6244e-04
Loss = 1.9393e-02, PNorm = 141.2619, GNorm = 0.3972, lr_0 = 1.6226e-04
Loss = 1.4664e-02, PNorm = 141.2734, GNorm = 0.2432, lr_0 = 1.6209e-04
Loss = 1.6512e-02, PNorm = 141.2861, GNorm = 0.3087, lr_0 = 1.6191e-04
Loss = 1.4266e-02, PNorm = 141.3010, GNorm = 0.1936, lr_0 = 1.6174e-04
Loss = 1.7835e-02, PNorm = 141.3190, GNorm = 0.3241, lr_0 = 1.6156e-04
Loss = 1.7838e-02, PNorm = 141.3388, GNorm = 0.3720, lr_0 = 1.6139e-04
Loss = 1.6548e-02, PNorm = 141.3546, GNorm = 0.1781, lr_0 = 1.6122e-04
Loss = 1.3131e-02, PNorm = 141.3711, GNorm = 0.1787, lr_0 = 1.6104e-04
Loss = 1.3897e-02, PNorm = 141.3836, GNorm = 0.1422, lr_0 = 1.6087e-04
Loss = 1.6402e-02, PNorm = 141.3949, GNorm = 0.2982, lr_0 = 1.6070e-04
Validation rmse = 26.887747
Epoch 40
Loss = 1.3430e-02, PNorm = 141.4064, GNorm = 0.1442, lr_0 = 1.6052e-04
Loss = 1.4081e-02, PNorm = 141.4193, GNorm = 0.2049, lr_0 = 1.6035e-04
Loss = 1.3498e-02, PNorm = 141.4315, GNorm = 0.3987, lr_0 = 1.6018e-04
Loss = 1.3272e-02, PNorm = 141.4428, GNorm = 0.2993, lr_0 = 1.6000e-04
Loss = 1.3592e-02, PNorm = 141.4542, GNorm = 0.3213, lr_0 = 1.5983e-04
Loss = 1.0562e-02, PNorm = 141.4631, GNorm = 0.1906, lr_0 = 1.5966e-04
Loss = 1.4146e-02, PNorm = 141.4743, GNorm = 0.2107, lr_0 = 1.5949e-04
Loss = 1.4079e-02, PNorm = 141.4859, GNorm = 0.3379, lr_0 = 1.5932e-04
Loss = 1.2861e-02, PNorm = 141.4946, GNorm = 0.2100, lr_0 = 1.5914e-04
Loss = 1.4352e-02, PNorm = 141.5077, GNorm = 0.1984, lr_0 = 1.5897e-04
Loss = 2.0063e-02, PNorm = 141.5240, GNorm = 0.2423, lr_0 = 1.5880e-04
Loss = 1.4153e-02, PNorm = 141.5383, GNorm = 0.1761, lr_0 = 1.5863e-04
Loss = 1.7929e-02, PNorm = 141.5519, GNorm = 0.3695, lr_0 = 1.5846e-04
Loss = 2.0146e-02, PNorm = 141.5681, GNorm = 0.2202, lr_0 = 1.5829e-04
Loss = 1.8463e-02, PNorm = 141.5856, GNorm = 0.2127, lr_0 = 1.5812e-04
Loss = 1.8569e-02, PNorm = 141.6022, GNorm = 0.2575, lr_0 = 1.5795e-04
Loss = 1.3873e-02, PNorm = 141.6179, GNorm = 0.2370, lr_0 = 1.5778e-04
Loss = 1.5643e-02, PNorm = 141.6306, GNorm = 0.2371, lr_0 = 1.5761e-04
Loss = 1.7262e-02, PNorm = 141.6442, GNorm = 0.5002, lr_0 = 1.5744e-04
Loss = 1.7989e-02, PNorm = 141.6610, GNorm = 0.3778, lr_0 = 1.5727e-04
Loss = 1.7154e-02, PNorm = 141.6779, GNorm = 0.2697, lr_0 = 1.5710e-04
Loss = 1.7965e-02, PNorm = 141.6926, GNorm = 0.4112, lr_0 = 1.5693e-04
Loss = 1.8088e-02, PNorm = 141.7059, GNorm = 0.3538, lr_0 = 1.5676e-04
Loss = 1.3887e-02, PNorm = 141.7231, GNorm = 0.2533, lr_0 = 1.5659e-04
Validation rmse = 28.226970
Epoch 41
Loss = 1.4280e-02, PNorm = 141.7423, GNorm = 0.1371, lr_0 = 1.5642e-04
Loss = 1.5165e-02, PNorm = 141.7544, GNorm = 0.2944, lr_0 = 1.5626e-04
Loss = 1.3986e-02, PNorm = 141.7660, GNorm = 0.2074, lr_0 = 1.5609e-04
Loss = 1.5314e-02, PNorm = 141.7781, GNorm = 0.2088, lr_0 = 1.5592e-04
Loss = 1.3873e-02, PNorm = 141.7887, GNorm = 0.2290, lr_0 = 1.5575e-04
Loss = 1.6235e-02, PNorm = 141.8026, GNorm = 0.1370, lr_0 = 1.5558e-04
Loss = 1.6624e-02, PNorm = 141.8198, GNorm = 0.3474, lr_0 = 1.5542e-04
Loss = 1.6829e-02, PNorm = 141.8326, GNorm = 0.4343, lr_0 = 1.5525e-04
Loss = 1.5962e-02, PNorm = 141.8453, GNorm = 0.4433, lr_0 = 1.5508e-04
Loss = 1.5529e-02, PNorm = 141.8635, GNorm = 0.2143, lr_0 = 1.5491e-04
Loss = 1.5374e-02, PNorm = 141.8762, GNorm = 0.3827, lr_0 = 1.5475e-04
Loss = 1.5731e-02, PNorm = 141.8905, GNorm = 0.4541, lr_0 = 1.5458e-04
Loss = 1.4165e-02, PNorm = 141.9057, GNorm = 0.2299, lr_0 = 1.5441e-04
Loss = 1.2612e-02, PNorm = 141.9183, GNorm = 0.2587, lr_0 = 1.5425e-04
Loss = 1.6220e-02, PNorm = 141.9301, GNorm = 0.2023, lr_0 = 1.5408e-04
Loss = 1.6869e-02, PNorm = 141.9453, GNorm = 0.1987, lr_0 = 1.5392e-04
Loss = 1.3293e-02, PNorm = 141.9571, GNorm = 0.2529, lr_0 = 1.5375e-04
Loss = 1.6221e-02, PNorm = 141.9688, GNorm = 0.1745, lr_0 = 1.5358e-04
Loss = 1.2896e-02, PNorm = 141.9773, GNorm = 0.1419, lr_0 = 1.5342e-04
Loss = 1.6289e-02, PNorm = 141.9901, GNorm = 0.2246, lr_0 = 1.5325e-04
Loss = 1.7328e-02, PNorm = 142.0028, GNorm = 0.1962, lr_0 = 1.5309e-04
Loss = 1.6397e-02, PNorm = 142.0193, GNorm = 0.2074, lr_0 = 1.5292e-04
Loss = 1.3220e-02, PNorm = 142.0354, GNorm = 0.2636, lr_0 = 1.5276e-04
Loss = 1.6210e-02, PNorm = 142.0483, GNorm = 0.5427, lr_0 = 1.5259e-04
Validation rmse = 27.251286
Epoch 42
Loss = 1.3934e-02, PNorm = 142.0609, GNorm = 0.2176, lr_0 = 1.5243e-04
Loss = 1.3864e-02, PNorm = 142.0743, GNorm = 0.2248, lr_0 = 1.5227e-04
Loss = 1.1848e-02, PNorm = 142.0871, GNorm = 0.1284, lr_0 = 1.5210e-04
Loss = 1.1679e-02, PNorm = 142.0971, GNorm = 0.5046, lr_0 = 1.5194e-04
Loss = 1.3345e-02, PNorm = 142.1082, GNorm = 0.1834, lr_0 = 1.5177e-04
Loss = 1.3091e-02, PNorm = 142.1193, GNorm = 0.2663, lr_0 = 1.5161e-04
Loss = 1.5650e-02, PNorm = 142.1311, GNorm = 0.4292, lr_0 = 1.5145e-04
Loss = 1.4139e-02, PNorm = 142.1418, GNorm = 0.2343, lr_0 = 1.5128e-04
Loss = 1.6223e-02, PNorm = 142.1533, GNorm = 0.3084, lr_0 = 1.5112e-04
Loss = 1.3392e-02, PNorm = 142.1672, GNorm = 0.2176, lr_0 = 1.5096e-04
Loss = 1.4895e-02, PNorm = 142.1780, GNorm = 0.1860, lr_0 = 1.5080e-04
Loss = 1.5434e-02, PNorm = 142.1920, GNorm = 0.1993, lr_0 = 1.5063e-04
Loss = 1.3542e-02, PNorm = 142.2029, GNorm = 0.1647, lr_0 = 1.5047e-04
Loss = 1.2878e-02, PNorm = 142.2140, GNorm = 0.2644, lr_0 = 1.5031e-04
Loss = 1.4805e-02, PNorm = 142.2223, GNorm = 0.2098, lr_0 = 1.5015e-04
Loss = 1.5040e-02, PNorm = 142.2335, GNorm = 0.2303, lr_0 = 1.4999e-04
Loss = 1.1675e-02, PNorm = 142.2453, GNorm = 0.2280, lr_0 = 1.4982e-04
Loss = 1.2886e-02, PNorm = 142.2543, GNorm = 0.2207, lr_0 = 1.4966e-04
Loss = 1.6621e-02, PNorm = 142.2657, GNorm = 0.3817, lr_0 = 1.4950e-04
Loss = 1.6156e-02, PNorm = 142.2798, GNorm = 0.3406, lr_0 = 1.4934e-04
Loss = 1.3640e-02, PNorm = 142.2950, GNorm = 0.2893, lr_0 = 1.4918e-04
Loss = 1.6939e-02, PNorm = 142.3132, GNorm = 0.2249, lr_0 = 1.4902e-04
Loss = 1.4871e-02, PNorm = 142.3271, GNorm = 0.2083, lr_0 = 1.4886e-04
Loss = 1.3782e-02, PNorm = 142.3402, GNorm = 0.1993, lr_0 = 1.4870e-04
Validation rmse = 27.500567
Epoch 43
Loss = 1.3610e-02, PNorm = 142.3545, GNorm = 0.3690, lr_0 = 1.4852e-04
Loss = 1.3574e-02, PNorm = 142.3686, GNorm = 0.1592, lr_0 = 1.4836e-04
Loss = 1.4332e-02, PNorm = 142.3783, GNorm = 0.3707, lr_0 = 1.4820e-04
Loss = 1.2824e-02, PNorm = 142.3878, GNorm = 0.1299, lr_0 = 1.4804e-04
Loss = 1.3110e-02, PNorm = 142.4023, GNorm = 0.6382, lr_0 = 1.4788e-04
Loss = 1.7018e-02, PNorm = 142.4169, GNorm = 0.1779, lr_0 = 1.4772e-04
Loss = 1.2677e-02, PNorm = 142.4311, GNorm = 0.2950, lr_0 = 1.4756e-04
Loss = 1.2420e-02, PNorm = 142.4451, GNorm = 0.2092, lr_0 = 1.4741e-04
Loss = 1.3210e-02, PNorm = 142.4554, GNorm = 0.1744, lr_0 = 1.4725e-04
Loss = 1.2451e-02, PNorm = 142.4663, GNorm = 0.3198, lr_0 = 1.4709e-04
Loss = 1.3737e-02, PNorm = 142.4766, GNorm = 0.2220, lr_0 = 1.4693e-04
Loss = 1.5847e-02, PNorm = 142.4877, GNorm = 0.1934, lr_0 = 1.4677e-04
Loss = 1.3261e-02, PNorm = 142.5007, GNorm = 0.2083, lr_0 = 1.4661e-04
Loss = 1.5431e-02, PNorm = 142.5143, GNorm = 0.2981, lr_0 = 1.4646e-04
Loss = 2.0168e-02, PNorm = 142.5285, GNorm = 0.2418, lr_0 = 1.4630e-04
Loss = 1.7383e-02, PNorm = 142.5401, GNorm = 0.2107, lr_0 = 1.4614e-04
Loss = 1.3874e-02, PNorm = 142.5559, GNorm = 0.2525, lr_0 = 1.4598e-04
Loss = 1.6793e-02, PNorm = 142.5721, GNorm = 0.2576, lr_0 = 1.4583e-04
Loss = 1.4451e-02, PNorm = 142.5866, GNorm = 0.1793, lr_0 = 1.4567e-04
Loss = 1.2639e-02, PNorm = 142.5995, GNorm = 0.2391, lr_0 = 1.4551e-04
Loss = 1.4706e-02, PNorm = 142.6080, GNorm = 0.2064, lr_0 = 1.4535e-04
Loss = 1.4009e-02, PNorm = 142.6213, GNorm = 0.2676, lr_0 = 1.4520e-04
Loss = 1.4212e-02, PNorm = 142.6376, GNorm = 0.3180, lr_0 = 1.4504e-04
Loss = 1.4956e-02, PNorm = 142.6524, GNorm = 0.2183, lr_0 = 1.4489e-04
Validation rmse = 27.650517
Epoch 44
Loss = 1.2146e-02, PNorm = 142.6649, GNorm = 0.2110, lr_0 = 1.4473e-04
Loss = 1.2996e-02, PNorm = 142.6782, GNorm = 0.2059, lr_0 = 1.4457e-04
Loss = 1.3445e-02, PNorm = 142.6898, GNorm = 0.1862, lr_0 = 1.4442e-04
Loss = 1.2821e-02, PNorm = 142.6995, GNorm = 0.1847, lr_0 = 1.4426e-04
Loss = 1.4203e-02, PNorm = 142.7132, GNorm = 0.3083, lr_0 = 1.4411e-04
Loss = 1.1402e-02, PNorm = 142.7276, GNorm = 0.2364, lr_0 = 1.4395e-04
Loss = 1.5614e-02, PNorm = 142.7361, GNorm = 0.2737, lr_0 = 1.4380e-04
Loss = 1.4193e-02, PNorm = 142.7484, GNorm = 0.1875, lr_0 = 1.4364e-04
Loss = 1.1205e-02, PNorm = 142.7590, GNorm = 0.4020, lr_0 = 1.4349e-04
Loss = 1.4220e-02, PNorm = 142.7706, GNorm = 0.3319, lr_0 = 1.4333e-04
Loss = 1.5814e-02, PNorm = 142.7853, GNorm = 0.1952, lr_0 = 1.4318e-04
Loss = 1.2883e-02, PNorm = 142.7996, GNorm = 0.2563, lr_0 = 1.4302e-04
Loss = 1.5818e-02, PNorm = 142.8134, GNorm = 0.2771, lr_0 = 1.4287e-04
Loss = 1.4664e-02, PNorm = 142.8262, GNorm = 0.4909, lr_0 = 1.4272e-04
Loss = 1.2076e-02, PNorm = 142.8405, GNorm = 0.2009, lr_0 = 1.4256e-04
Loss = 1.2946e-02, PNorm = 142.8502, GNorm = 0.2613, lr_0 = 1.4241e-04
Loss = 1.0066e-02, PNorm = 142.8585, GNorm = 0.1417, lr_0 = 1.4225e-04
Loss = 1.1520e-02, PNorm = 142.8682, GNorm = 0.1552, lr_0 = 1.4210e-04
Loss = 1.1180e-02, PNorm = 142.8760, GNorm = 0.1493, lr_0 = 1.4195e-04
Loss = 1.1636e-02, PNorm = 142.8837, GNorm = 0.1588, lr_0 = 1.4180e-04
Loss = 1.1630e-02, PNorm = 142.8931, GNorm = 0.2081, lr_0 = 1.4164e-04
Loss = 1.2185e-02, PNorm = 142.9049, GNorm = 0.4803, lr_0 = 1.4149e-04
Loss = 1.6105e-02, PNorm = 142.9164, GNorm = 0.2490, lr_0 = 1.4134e-04
Loss = 1.2146e-02, PNorm = 142.9253, GNorm = 0.1499, lr_0 = 1.4119e-04
Validation rmse = 26.937792
Epoch 45
Loss = 1.4153e-02, PNorm = 142.9377, GNorm = 0.2083, lr_0 = 1.4103e-04
Loss = 1.2339e-02, PNorm = 142.9491, GNorm = 0.1696, lr_0 = 1.4088e-04
Loss = 1.0299e-02, PNorm = 142.9605, GNorm = 0.2363, lr_0 = 1.4073e-04
Loss = 1.0652e-02, PNorm = 142.9692, GNorm = 0.1258, lr_0 = 1.4058e-04
Loss = 1.4753e-02, PNorm = 142.9790, GNorm = 0.2691, lr_0 = 1.4043e-04
Loss = 1.5324e-02, PNorm = 142.9904, GNorm = 0.5803, lr_0 = 1.4028e-04
Loss = 1.2636e-02, PNorm = 143.0056, GNorm = 0.2492, lr_0 = 1.4012e-04
Loss = 1.5273e-02, PNorm = 143.0204, GNorm = 0.2451, lr_0 = 1.3997e-04
Loss = 1.5347e-02, PNorm = 143.0340, GNorm = 0.2998, lr_0 = 1.3982e-04
Loss = 9.5843e-03, PNorm = 143.0455, GNorm = 0.2282, lr_0 = 1.3967e-04
Loss = 1.4326e-02, PNorm = 143.0576, GNorm = 0.2196, lr_0 = 1.3952e-04
Loss = 1.1241e-02, PNorm = 143.0670, GNorm = 0.1670, lr_0 = 1.3937e-04
Loss = 1.1585e-02, PNorm = 143.0736, GNorm = 0.3350, lr_0 = 1.3922e-04
Loss = 1.0866e-02, PNorm = 143.0832, GNorm = 0.2097, lr_0 = 1.3907e-04
Loss = 1.4378e-02, PNorm = 143.0981, GNorm = 0.2264, lr_0 = 1.3892e-04
Loss = 1.2272e-02, PNorm = 143.1105, GNorm = 0.1750, lr_0 = 1.3877e-04
Loss = 1.3856e-02, PNorm = 143.1196, GNorm = 0.1796, lr_0 = 1.3862e-04
Loss = 1.3669e-02, PNorm = 143.1295, GNorm = 0.2130, lr_0 = 1.3847e-04
Loss = 1.4439e-02, PNorm = 143.1402, GNorm = 0.1930, lr_0 = 1.3832e-04
Loss = 1.1928e-02, PNorm = 143.1521, GNorm = 0.2153, lr_0 = 1.3818e-04
Loss = 1.2711e-02, PNorm = 143.1632, GNorm = 0.1815, lr_0 = 1.3803e-04
Loss = 1.1278e-02, PNorm = 143.1726, GNorm = 0.1554, lr_0 = 1.3788e-04
Loss = 1.3530e-02, PNorm = 143.1848, GNorm = 0.1595, lr_0 = 1.3773e-04
Loss = 1.3221e-02, PNorm = 143.1950, GNorm = 0.2715, lr_0 = 1.3758e-04
Validation rmse = 27.197326
Epoch 46
Loss = 1.1368e-02, PNorm = 143.2028, GNorm = 0.2356, lr_0 = 1.3743e-04
Loss = 1.1173e-02, PNorm = 143.2142, GNorm = 0.1078, lr_0 = 1.3728e-04
Loss = 1.0965e-02, PNorm = 143.2225, GNorm = 0.1546, lr_0 = 1.3714e-04
Loss = 1.1619e-02, PNorm = 143.2339, GNorm = 0.2113, lr_0 = 1.3699e-04
Loss = 1.1702e-02, PNorm = 143.2437, GNorm = 0.1678, lr_0 = 1.3684e-04
Loss = 1.1583e-02, PNorm = 143.2521, GNorm = 0.3228, lr_0 = 1.3669e-04
Loss = 1.3521e-02, PNorm = 143.2670, GNorm = 0.2147, lr_0 = 1.3655e-04
Loss = 1.3417e-02, PNorm = 143.2828, GNorm = 0.2205, lr_0 = 1.3640e-04
Loss = 1.3640e-02, PNorm = 143.2972, GNorm = 0.1674, lr_0 = 1.3625e-04
Loss = 1.2618e-02, PNorm = 143.3055, GNorm = 0.2982, lr_0 = 1.3611e-04
Loss = 1.3708e-02, PNorm = 143.3181, GNorm = 0.1477, lr_0 = 1.3596e-04
Loss = 1.3354e-02, PNorm = 143.3304, GNorm = 0.1569, lr_0 = 1.3581e-04
Loss = 1.2983e-02, PNorm = 143.3399, GNorm = 0.1515, lr_0 = 1.3567e-04
Loss = 1.4915e-02, PNorm = 143.3567, GNorm = 0.2144, lr_0 = 1.3552e-04
Loss = 1.0783e-02, PNorm = 143.3721, GNorm = 0.1755, lr_0 = 1.3537e-04
Loss = 1.2504e-02, PNorm = 143.3820, GNorm = 0.1756, lr_0 = 1.3523e-04
Loss = 1.2458e-02, PNorm = 143.3913, GNorm = 0.2560, lr_0 = 1.3508e-04
Loss = 1.3946e-02, PNorm = 143.3990, GNorm = 0.2363, lr_0 = 1.3494e-04
Loss = 1.2978e-02, PNorm = 143.4072, GNorm = 0.3070, lr_0 = 1.3479e-04
Loss = 1.2687e-02, PNorm = 143.4212, GNorm = 0.2251, lr_0 = 1.3465e-04
Loss = 1.2200e-02, PNorm = 143.4354, GNorm = 0.2339, lr_0 = 1.3450e-04
Loss = 1.5107e-02, PNorm = 143.4509, GNorm = 0.1806, lr_0 = 1.3436e-04
Loss = 1.3081e-02, PNorm = 143.4644, GNorm = 0.1412, lr_0 = 1.3421e-04
Loss = 1.2589e-02, PNorm = 143.4766, GNorm = 0.1799, lr_0 = 1.3407e-04
Validation rmse = 26.500265
Epoch 47
Loss = 1.0768e-02, PNorm = 143.4885, GNorm = 0.1748, lr_0 = 1.3391e-04
Loss = 1.3322e-02, PNorm = 143.4993, GNorm = 0.4147, lr_0 = 1.3376e-04
Loss = 1.1505e-02, PNorm = 143.5084, GNorm = 0.1750, lr_0 = 1.3362e-04
Loss = 1.4917e-02, PNorm = 143.5202, GNorm = 0.1741, lr_0 = 1.3348e-04
Loss = 1.2825e-02, PNorm = 143.5321, GNorm = 0.3084, lr_0 = 1.3333e-04
Loss = 1.2524e-02, PNorm = 143.5450, GNorm = 0.1075, lr_0 = 1.3319e-04
Loss = 1.2103e-02, PNorm = 143.5564, GNorm = 0.2899, lr_0 = 1.3305e-04
Loss = 1.1608e-02, PNorm = 143.5683, GNorm = 0.2929, lr_0 = 1.3290e-04
Loss = 1.3543e-02, PNorm = 143.5801, GNorm = 0.3263, lr_0 = 1.3276e-04
Loss = 1.2726e-02, PNorm = 143.5918, GNorm = 0.1307, lr_0 = 1.3262e-04
Loss = 9.7388e-03, PNorm = 143.6013, GNorm = 0.1120, lr_0 = 1.3247e-04
Loss = 1.1384e-02, PNorm = 143.6101, GNorm = 0.2313, lr_0 = 1.3233e-04
Loss = 1.1273e-02, PNorm = 143.6186, GNorm = 0.1995, lr_0 = 1.3219e-04
Loss = 1.2376e-02, PNorm = 143.6312, GNorm = 0.2623, lr_0 = 1.3205e-04
Loss = 1.5083e-02, PNorm = 143.6429, GNorm = 0.2401, lr_0 = 1.3190e-04
Loss = 1.2833e-02, PNorm = 143.6530, GNorm = 0.1793, lr_0 = 1.3176e-04
Loss = 1.5771e-02, PNorm = 143.6659, GNorm = 0.3953, lr_0 = 1.3162e-04
Loss = 1.2368e-02, PNorm = 143.6803, GNorm = 0.2651, lr_0 = 1.3148e-04
Loss = 1.2250e-02, PNorm = 143.6905, GNorm = 0.2906, lr_0 = 1.3134e-04
Loss = 1.3329e-02, PNorm = 143.7009, GNorm = 0.1723, lr_0 = 1.3119e-04
Loss = 1.4400e-02, PNorm = 143.7137, GNorm = 0.3739, lr_0 = 1.3105e-04
Loss = 1.4047e-02, PNorm = 143.7284, GNorm = 0.3372, lr_0 = 1.3091e-04
Loss = 1.2331e-02, PNorm = 143.7419, GNorm = 0.4019, lr_0 = 1.3077e-04
Loss = 1.0201e-02, PNorm = 143.7546, GNorm = 0.1955, lr_0 = 1.3063e-04
Validation rmse = 26.985044
Epoch 48
Loss = 1.1637e-02, PNorm = 143.7647, GNorm = 0.3316, lr_0 = 1.3049e-04
Loss = 9.7961e-03, PNorm = 143.7736, GNorm = 0.1830, lr_0 = 1.3035e-04
Loss = 1.0521e-02, PNorm = 143.7828, GNorm = 0.2372, lr_0 = 1.3021e-04
Loss = 1.0898e-02, PNorm = 143.7914, GNorm = 0.2340, lr_0 = 1.3007e-04
Loss = 1.1288e-02, PNorm = 143.8003, GNorm = 0.2102, lr_0 = 1.2993e-04
Loss = 1.1597e-02, PNorm = 143.8125, GNorm = 0.2316, lr_0 = 1.2979e-04
Loss = 1.1923e-02, PNorm = 143.8232, GNorm = 0.2222, lr_0 = 1.2965e-04
Loss = 1.0769e-02, PNorm = 143.8330, GNorm = 0.1911, lr_0 = 1.2951e-04
Loss = 1.3045e-02, PNorm = 143.8440, GNorm = 0.2998, lr_0 = 1.2937e-04
Loss = 1.4168e-02, PNorm = 143.8577, GNorm = 0.2461, lr_0 = 1.2923e-04
Loss = 1.2255e-02, PNorm = 143.8696, GNorm = 0.2183, lr_0 = 1.2909e-04
Loss = 1.1413e-02, PNorm = 143.8789, GNorm = 0.1968, lr_0 = 1.2895e-04
Loss = 1.0732e-02, PNorm = 143.8873, GNorm = 0.2541, lr_0 = 1.2881e-04
Loss = 1.2384e-02, PNorm = 143.8976, GNorm = 0.1792, lr_0 = 1.2867e-04
Loss = 1.3520e-02, PNorm = 143.9054, GNorm = 0.1892, lr_0 = 1.2854e-04
Loss = 1.0418e-02, PNorm = 143.9154, GNorm = 0.1937, lr_0 = 1.2840e-04
Loss = 1.2405e-02, PNorm = 143.9228, GNorm = 0.1614, lr_0 = 1.2826e-04
Loss = 1.1656e-02, PNorm = 143.9336, GNorm = 0.1711, lr_0 = 1.2812e-04
Loss = 1.2676e-02, PNorm = 143.9433, GNorm = 0.2252, lr_0 = 1.2798e-04
Loss = 1.4225e-02, PNorm = 143.9513, GNorm = 0.2549, lr_0 = 1.2785e-04
Loss = 1.1737e-02, PNorm = 143.9633, GNorm = 0.1876, lr_0 = 1.2771e-04
Loss = 1.3189e-02, PNorm = 143.9756, GNorm = 0.1639, lr_0 = 1.2757e-04
Loss = 1.1391e-02, PNorm = 143.9873, GNorm = 0.2012, lr_0 = 1.2743e-04
Loss = 9.4666e-03, PNorm = 143.9977, GNorm = 0.1824, lr_0 = 1.2730e-04
Validation rmse = 27.062976
Epoch 49
Loss = 1.0881e-02, PNorm = 144.0086, GNorm = 0.1094, lr_0 = 1.2716e-04
Loss = 1.2920e-02, PNorm = 144.0199, GNorm = 0.3530, lr_0 = 1.2702e-04
Loss = 1.1436e-02, PNorm = 144.0283, GNorm = 0.1912, lr_0 = 1.2688e-04
Loss = 9.2408e-03, PNorm = 144.0365, GNorm = 0.1571, lr_0 = 1.2675e-04
Loss = 9.6407e-03, PNorm = 144.0465, GNorm = 0.1348, lr_0 = 1.2661e-04
Loss = 1.1468e-02, PNorm = 144.0541, GNorm = 0.2301, lr_0 = 1.2647e-04
Loss = 1.2022e-02, PNorm = 144.0630, GNorm = 0.1677, lr_0 = 1.2634e-04
Loss = 1.1342e-02, PNorm = 144.0746, GNorm = 0.2769, lr_0 = 1.2620e-04
Loss = 1.1507e-02, PNorm = 144.0850, GNorm = 0.2203, lr_0 = 1.2607e-04
Loss = 1.6852e-02, PNorm = 144.0965, GNorm = 0.2392, lr_0 = 1.2593e-04
Loss = 1.2422e-02, PNorm = 144.1098, GNorm = 0.1519, lr_0 = 1.2579e-04
Loss = 9.4700e-03, PNorm = 144.1203, GNorm = 0.1217, lr_0 = 1.2566e-04
Loss = 1.2962e-02, PNorm = 144.1299, GNorm = 0.2966, lr_0 = 1.2552e-04
Loss = 1.3279e-02, PNorm = 144.1425, GNorm = 0.2046, lr_0 = 1.2539e-04
Loss = 1.2030e-02, PNorm = 144.1535, GNorm = 0.3747, lr_0 = 1.2525e-04
Loss = 9.9046e-03, PNorm = 144.1627, GNorm = 0.1690, lr_0 = 1.2512e-04
Loss = 9.4175e-03, PNorm = 144.1717, GNorm = 0.1422, lr_0 = 1.2498e-04
Loss = 1.2302e-02, PNorm = 144.1815, GNorm = 0.2116, lr_0 = 1.2485e-04
Loss = 9.7492e-03, PNorm = 144.1919, GNorm = 0.1735, lr_0 = 1.2471e-04
Loss = 1.0199e-02, PNorm = 144.2013, GNorm = 0.2399, lr_0 = 1.2462e-04
Loss = 9.7192e-03, PNorm = 144.2101, GNorm = 0.1300, lr_0 = 1.2462e-04
Loss = 1.1758e-02, PNorm = 144.2192, GNorm = 0.1732, lr_0 = 1.2462e-04
Loss = 1.1840e-02, PNorm = 144.2310, GNorm = 0.2281, lr_0 = 1.2462e-04
Loss = 1.0121e-02, PNorm = 144.2416, GNorm = 0.1144, lr_0 = 1.2462e-04
Validation rmse = 27.479023
Model 0 best validation rmse = 26.500265 on epoch 46
Loading pretrained parameter "encoder.encoder.0.cached_zero_vector".
Loading pretrained parameter "encoder.encoder.0.W_i.weight".
Loading pretrained parameter "encoder.encoder.0.W_h.weight".
Loading pretrained parameter "encoder.encoder.0.W_o.weight".
Loading pretrained parameter "encoder.encoder.0.W_o.bias".
Loading pretrained parameter "encoder.encoder.1.cached_zero_vector".
Loading pretrained parameter "encoder.encoder.1.W_i.weight".
Loading pretrained parameter "encoder.encoder.1.W_h.weight".
Loading pretrained parameter "encoder.encoder.1.W_o.weight".
Loading pretrained parameter "encoder.encoder.1.W_o.bias".
Loading pretrained parameter "ffn.1.weight".
Loading pretrained parameter "ffn.1.bias".
Loading pretrained parameter "ffn.4.weight".
Loading pretrained parameter "ffn.4.bias".
Loading pretrained parameter "ffn.7.weight".
Loading pretrained parameter "ffn.7.bias".
Moving model to cuda
Model 0 test rmse = 26.775358
Ensemble test rmse = 26.775358
1-fold cross validation
	Seed 0 ==> test rmse = 26.775358
Overall test rmse = 26.775358 +/- 0.000000
Elapsed time = 0:46:18
