Command line
python /home/kpg/chemprop/train.py --data_path ../../../data/splits/lambda_max_abs/deep4chem/group_by_smiles/smiles_target_train.csv --dataset_type regression --save_dir /home/kimele03/uvvisml/uvvisml/models/log_lifetime_checkpoints/group_by_smiles/results/507328/49668376 --config_path /home/kimele03/uvvisml/uvvisml/models/log_lifetime_checkpoints/group_by_smiles/results/507328/49668376/hyperopt.json --metric rmse --epochs 50 --gpu 0 --ensemble_size 1 --separate_val_path ../../../data/splits/lambda_max_abs/deep4chem/group_by_smiles/smiles_target_val.csv --separate_test_path ../../../data/splits/lambda_max_abs/deep4chem/group_by_smiles/smiles_target_test.csv --number_of_molecules 2
Args
{'activation': 'ReLU',
 'aggregation': 'mean',
 'aggregation_norm': 100,
 'atom_descriptor_scaling': True,
 'atom_descriptors': None,
 'atom_descriptors_path': None,
 'atom_descriptors_size': 0,
 'atom_features_size': 0,
 'atom_messages': False,
 'batch_size': 85,
 'bias': False,
 'bond_feature_scaling': True,
 'bond_features_path': None,
 'bond_features_size': 0,
 'cache_cutoff': 10000,
 'checkpoint_dir': None,
 'checkpoint_frzn': None,
 'checkpoint_path': None,
 'checkpoint_paths': None,
 'class_balance': False,
 'config_path': '/home/kimele03/uvvisml/uvvisml/models/log_lifetime_checkpoints/group_by_smiles/results/507328/49668376/hyperopt.json',
 'crossval_index_dir': None,
 'crossval_index_file': None,
 'crossval_index_sets': None,
 'cuda': True,
 'data_path': '../../../data/splits/lambda_max_abs/deep4chem/group_by_smiles/smiles_target_train.csv',
 'data_weights_path': None,
 'dataset_type': 'regression',
 'depth': 2,
 'device': device(type='cuda', index=0),
 'dropout': 0.2869055363282363,
 'empty_cache': False,
 'ensemble_size': 1,
 'epochs': 50,
 'explicit_h': False,
 'extra_metrics': [],
 'features_generator': None,
 'features_only': False,
 'features_path': None,
 'features_scaling': True,
 'features_size': None,
 'ffn_hidden_size': 2246,
 'ffn_num_layers': 3,
 'final_lr': 7.375108203098639e-08,
 'folds_file': None,
 'freeze_first_only': False,
 'frzn_ffn_layers': 0,
 'gpu': 0,
 'grad_clip': None,
 'hidden_size': 888,
 'ignore_columns': None,
 'init_lr': 1.1498840565967931e-08,
 'log_frequency': 10,
 'max_data_size': None,
 'max_lr': 1.2239456308880435e-07,
 'metric': 'rmse',
 'metrics': ['rmse'],
 'minimize_score': True,
 'mpn_shared': False,
 'multiclass_num_classes': 3,
 'no_atom_descriptor_scaling': False,
 'no_bond_features_scaling': False,
 'no_cache_mol': False,
 'no_cuda': False,
 'no_features_scaling': False,
 'num_folds': 1,
 'num_lrs': 1,
 'num_tasks': 1,
 'num_workers': 8,
 'number_of_molecules': 2,
 'overwrite_default_atom_features': False,
 'overwrite_default_bond_features': False,
 'pytorch_seed': 0,
 'quiet': False,
 'reaction': False,
 'reaction_mode': 'reac_diff',
 'resume_experiment': False,
 'save_dir': '/home/kimele03/uvvisml/uvvisml/models/log_lifetime_checkpoints/group_by_smiles/results/507328/49668376',
 'save_preds': False,
 'save_smiles_splits': False,
 'seed': 0,
 'separate_test_atom_descriptors_path': None,
 'separate_test_bond_features_path': None,
 'separate_test_features_path': None,
 'separate_test_path': '../../../data/splits/lambda_max_abs/deep4chem/group_by_smiles/smiles_target_test.csv',
 'separate_val_atom_descriptors_path': None,
 'separate_val_bond_features_path': None,
 'separate_val_features_path': None,
 'separate_val_path': '../../../data/splits/lambda_max_abs/deep4chem/group_by_smiles/smiles_target_val.csv',
 'show_individual_scores': False,
 'smiles_columns': ['smiles', 'solvent'],
 'split_sizes': (0.8, 0.1, 0.1),
 'split_type': 'random',
 'target_columns': None,
 'target_weights': None,
 'task_names': ['peakwavs_max'],
 'test': False,
 'test_fold_index': None,
 'train_data_size': None,
 'undirected': False,
 'use_input_features': False,
 'val_fold_index': None,
 'warmup_epochs': 2}
Loading data
Number of tasks = 1
Fold 0
Splitting data with seed 0
Total size = 13,242 | train size = 13,242 | val size = 1,633 | test size = 1,710
Fitting scaler
Building model 0
MoleculeModel(
  (encoder): MPN(
    (encoder): ModuleList(
      (0): MPNEncoder(
        (dropout_layer): Dropout(p=0.2869055363282363, inplace=False)
        (act_func): ReLU()
        (W_i): Linear(in_features=147, out_features=888, bias=False)
        (W_h): Linear(in_features=888, out_features=888, bias=False)
        (W_o): Linear(in_features=1021, out_features=888, bias=True)
      )
      (1): MPNEncoder(
        (dropout_layer): Dropout(p=0.2869055363282363, inplace=False)
        (act_func): ReLU()
        (W_i): Linear(in_features=147, out_features=888, bias=False)
        (W_h): Linear(in_features=888, out_features=888, bias=False)
        (W_o): Linear(in_features=1021, out_features=888, bias=True)
      )
    )
  )
  (ffn): Sequential(
    (0): Dropout(p=0.2869055363282363, inplace=False)
    (1): Linear(in_features=1776, out_features=2246, bias=True)
    (2): ReLU()
    (3): Dropout(p=0.2869055363282363, inplace=False)
    (4): Linear(in_features=2246, out_features=2246, bias=True)
    (5): ReLU()
    (6): Dropout(p=0.2869055363282363, inplace=False)
    (7): Linear(in_features=2246, out_features=1, bias=True)
  )
)
Number of parameters = 12,695,159
Moving model to cuda
Epoch 0
Loss = 1.1362e+00, PNorm = 91.7176, GNorm = 3.4075, lr_0 = 1.5434e-08
Loss = 9.3814e-01, PNorm = 91.7176, GNorm = 3.3383, lr_0 = 1.9011e-08
Loss = 1.0194e+00, PNorm = 91.7176, GNorm = 5.2510, lr_0 = 2.2588e-08
Loss = 1.1114e+00, PNorm = 91.7176, GNorm = 2.5881, lr_0 = 2.6166e-08
Loss = 1.0340e+00, PNorm = 91.7176, GNorm = 3.0485, lr_0 = 2.9743e-08
Loss = 8.8091e-01, PNorm = 91.7176, GNorm = 3.2690, lr_0 = 3.3320e-08
Loss = 9.9023e-01, PNorm = 91.7176, GNorm = 3.5780, lr_0 = 3.6898e-08
Loss = 9.6995e-01, PNorm = 91.7176, GNorm = 4.0429, lr_0 = 4.0475e-08
Loss = 1.0979e+00, PNorm = 91.7176, GNorm = 3.3110, lr_0 = 4.4052e-08
Loss = 1.0664e+00, PNorm = 91.7176, GNorm = 3.5116, lr_0 = 4.7629e-08
Loss = 1.0002e+00, PNorm = 91.7176, GNorm = 3.2812, lr_0 = 5.1207e-08
Loss = 9.9134e-01, PNorm = 91.7176, GNorm = 3.5159, lr_0 = 5.4784e-08
Loss = 1.0651e+00, PNorm = 91.7176, GNorm = 3.8153, lr_0 = 5.8361e-08
Loss = 1.0271e+00, PNorm = 91.7176, GNorm = 3.6817, lr_0 = 6.1939e-08
Loss = 9.5872e-01, PNorm = 91.7176, GNorm = 3.1090, lr_0 = 6.5516e-08
Validation rmse = 104.692294
Epoch 1
Loss = 1.0450e+00, PNorm = 91.7176, GNorm = 3.4486, lr_0 = 6.9451e-08
Loss = 1.0938e+00, PNorm = 91.7176, GNorm = 4.2645, lr_0 = 7.3028e-08
Loss = 1.0261e+00, PNorm = 91.7176, GNorm = 3.1990, lr_0 = 7.6605e-08
Loss = 9.6036e-01, PNorm = 91.7176, GNorm = 4.5562, lr_0 = 8.0183e-08
Loss = 1.0254e+00, PNorm = 91.7176, GNorm = 2.4147, lr_0 = 8.3760e-08
Loss = 9.9104e-01, PNorm = 91.7176, GNorm = 3.0505, lr_0 = 8.7337e-08
Loss = 9.4868e-01, PNorm = 91.7176, GNorm = 2.7678, lr_0 = 9.0914e-08
Loss = 1.0456e+00, PNorm = 91.7176, GNorm = 3.1915, lr_0 = 9.4492e-08
Loss = 9.2127e-01, PNorm = 91.7176, GNorm = 2.9803, lr_0 = 9.8069e-08
Loss = 1.0195e+00, PNorm = 91.7176, GNorm = 2.8836, lr_0 = 1.0165e-07
Loss = 1.0113e+00, PNorm = 91.7176, GNorm = 3.1447, lr_0 = 1.0522e-07
Loss = 1.0078e+00, PNorm = 91.7176, GNorm = 4.1256, lr_0 = 1.0880e-07
Loss = 1.0408e+00, PNorm = 91.7176, GNorm = 3.2379, lr_0 = 1.1238e-07
Loss = 9.7922e-01, PNorm = 91.7176, GNorm = 2.7676, lr_0 = 1.1596e-07
Loss = 1.0517e+00, PNorm = 91.7176, GNorm = 3.3776, lr_0 = 1.1953e-07
Loss = 1.0513e+00, PNorm = 91.7176, GNorm = 3.0260, lr_0 = 1.2238e-07
Validation rmse = 104.565435
Epoch 2
Loss = 1.0180e+00, PNorm = 91.7176, GNorm = 3.7558, lr_0 = 1.2229e-07
Loss = 1.0516e+00, PNorm = 91.7176, GNorm = 4.2845, lr_0 = 1.2221e-07
Loss = 9.3038e-01, PNorm = 91.7176, GNorm = 3.7277, lr_0 = 1.2213e-07
Loss = 9.5996e-01, PNorm = 91.7176, GNorm = 3.2910, lr_0 = 1.2205e-07
Loss = 9.9851e-01, PNorm = 91.7176, GNorm = 2.9799, lr_0 = 1.2196e-07
Loss = 8.9148e-01, PNorm = 91.7176, GNorm = 2.8759, lr_0 = 1.2188e-07
Loss = 1.0608e+00, PNorm = 91.7176, GNorm = 4.2169, lr_0 = 1.2180e-07
Loss = 1.0482e+00, PNorm = 91.7176, GNorm = 3.5838, lr_0 = 1.2171e-07
Loss = 1.0532e+00, PNorm = 91.7176, GNorm = 3.4748, lr_0 = 1.2163e-07
Loss = 9.6530e-01, PNorm = 91.7176, GNorm = 2.9520, lr_0 = 1.2155e-07
Loss = 1.0132e+00, PNorm = 91.7176, GNorm = 3.2815, lr_0 = 1.2146e-07
Loss = 1.1055e+00, PNorm = 91.7176, GNorm = 4.0182, lr_0 = 1.2138e-07
Loss = 1.0439e+00, PNorm = 91.7176, GNorm = 2.5576, lr_0 = 1.2130e-07
Loss = 1.0025e+00, PNorm = 91.7176, GNorm = 3.5848, lr_0 = 1.2122e-07
Loss = 1.0365e+00, PNorm = 91.7176, GNorm = 3.1250, lr_0 = 1.2113e-07
Validation rmse = 104.446931
Epoch 3
Loss = 8.3072e-01, PNorm = 91.7176, GNorm = 3.3116, lr_0 = 1.2105e-07
Loss = 9.2934e-01, PNorm = 91.7176, GNorm = 4.4620, lr_0 = 1.2097e-07
Loss = 9.8090e-01, PNorm = 91.7176, GNorm = 3.8451, lr_0 = 1.2089e-07
Loss = 1.0936e+00, PNorm = 91.7176, GNorm = 3.9645, lr_0 = 1.2080e-07
Loss = 1.0842e+00, PNorm = 91.7176, GNorm = 2.8676, lr_0 = 1.2072e-07
Loss = 1.0630e+00, PNorm = 91.7176, GNorm = 3.3685, lr_0 = 1.2064e-07
Loss = 9.9618e-01, PNorm = 91.7176, GNorm = 3.8040, lr_0 = 1.2056e-07
Loss = 1.0393e+00, PNorm = 91.7176, GNorm = 3.4702, lr_0 = 1.2048e-07
Loss = 1.1508e+00, PNorm = 91.7176, GNorm = 3.2594, lr_0 = 1.2039e-07
Loss = 8.9495e-01, PNorm = 91.7176, GNorm = 3.3619, lr_0 = 1.2031e-07
Loss = 1.0256e+00, PNorm = 91.7176, GNorm = 2.8298, lr_0 = 1.2023e-07
Loss = 9.4696e-01, PNorm = 91.7176, GNorm = 3.3204, lr_0 = 1.2015e-07
Loss = 9.4387e-01, PNorm = 91.7176, GNorm = 3.7030, lr_0 = 1.2007e-07
Loss = 9.8946e-01, PNorm = 91.7176, GNorm = 2.8399, lr_0 = 1.1999e-07
Loss = 9.4667e-01, PNorm = 91.7176, GNorm = 3.1115, lr_0 = 1.1990e-07
Loss = 1.1185e+00, PNorm = 91.7176, GNorm = 2.9885, lr_0 = 1.1982e-07
Validation rmse = 104.324665
Epoch 4
Loss = 1.0926e+00, PNorm = 91.7176, GNorm = 3.8417, lr_0 = 1.1974e-07
Loss = 1.0573e+00, PNorm = 91.7176, GNorm = 3.0089, lr_0 = 1.1966e-07
Loss = 1.0656e+00, PNorm = 91.7176, GNorm = 3.5741, lr_0 = 1.1958e-07
Loss = 1.0153e+00, PNorm = 91.7176, GNorm = 3.0930, lr_0 = 1.1950e-07
Loss = 1.0494e+00, PNorm = 91.7176, GNorm = 3.5646, lr_0 = 1.1941e-07
Loss = 1.0274e+00, PNorm = 91.7176, GNorm = 4.7166, lr_0 = 1.1933e-07
Loss = 9.6301e-01, PNorm = 91.7176, GNorm = 3.5145, lr_0 = 1.1925e-07
Loss = 9.8121e-01, PNorm = 91.7176, GNorm = 3.3561, lr_0 = 1.1917e-07
Loss = 9.9229e-01, PNorm = 91.7176, GNorm = 3.8595, lr_0 = 1.1909e-07
Loss = 9.8862e-01, PNorm = 91.7176, GNorm = 2.9430, lr_0 = 1.1901e-07
Loss = 1.0668e+00, PNorm = 91.7176, GNorm = 3.2881, lr_0 = 1.1893e-07
Loss = 8.8166e-01, PNorm = 91.7176, GNorm = 3.1582, lr_0 = 1.1885e-07
Loss = 9.9331e-01, PNorm = 91.7176, GNorm = 3.1567, lr_0 = 1.1877e-07
Loss = 9.7147e-01, PNorm = 91.7176, GNorm = 4.6882, lr_0 = 1.1869e-07
Loss = 1.0547e+00, PNorm = 91.7176, GNorm = 2.9115, lr_0 = 1.1860e-07
Validation rmse = 104.213883
Epoch 5
Loss = 9.7281e-01, PNorm = 91.7176, GNorm = 2.8438, lr_0 = 1.1852e-07
Loss = 8.8712e-01, PNorm = 91.7176, GNorm = 3.8178, lr_0 = 1.1844e-07
Loss = 9.9544e-01, PNorm = 91.7176, GNorm = 3.6102, lr_0 = 1.1835e-07
Loss = 1.0037e+00, PNorm = 91.7176, GNorm = 2.7794, lr_0 = 1.1827e-07
Loss = 1.0351e+00, PNorm = 91.7176, GNorm = 3.6120, lr_0 = 1.1819e-07
Loss = 1.0216e+00, PNorm = 91.7176, GNorm = 2.4530, lr_0 = 1.1811e-07
Loss = 9.6356e-01, PNorm = 91.7176, GNorm = 3.2470, lr_0 = 1.1803e-07
Loss = 1.1338e+00, PNorm = 91.7176, GNorm = 3.1439, lr_0 = 1.1795e-07
Loss = 1.1423e+00, PNorm = 91.7176, GNorm = 3.1279, lr_0 = 1.1787e-07
Loss = 1.0342e+00, PNorm = 91.7176, GNorm = 3.1179, lr_0 = 1.1779e-07
Loss = 1.1196e+00, PNorm = 91.7176, GNorm = 2.9958, lr_0 = 1.1771e-07
Loss = 8.8305e-01, PNorm = 91.7176, GNorm = 3.6521, lr_0 = 1.1763e-07
Loss = 1.0739e+00, PNorm = 91.7176, GNorm = 2.8452, lr_0 = 1.1755e-07
Loss = 1.0911e+00, PNorm = 91.7176, GNorm = 3.2095, lr_0 = 1.1747e-07
Loss = 8.2477e-01, PNorm = 91.7176, GNorm = 3.4428, lr_0 = 1.1739e-07
Loss = 9.5781e-01, PNorm = 91.7176, GNorm = 4.0184, lr_0 = 1.1731e-07
Validation rmse = 104.127720
Epoch 6
Loss = 9.4522e-01, PNorm = 91.7176, GNorm = 3.0308, lr_0 = 1.1723e-07
Loss = 8.6229e-01, PNorm = 91.7176, GNorm = 3.8550, lr_0 = 1.1715e-07
Loss = 1.0481e+00, PNorm = 91.7176, GNorm = 4.3960, lr_0 = 1.1707e-07
Loss = 9.6889e-01, PNorm = 91.7176, GNorm = 3.0623, lr_0 = 1.1699e-07
Loss = 1.0629e+00, PNorm = 91.7176, GNorm = 2.8971, lr_0 = 1.1691e-07
Loss = 1.0036e+00, PNorm = 91.7176, GNorm = 2.6329, lr_0 = 1.1683e-07
Loss = 1.0234e+00, PNorm = 91.7176, GNorm = 3.5766, lr_0 = 1.1675e-07
Loss = 1.0403e+00, PNorm = 91.7176, GNorm = 3.0096, lr_0 = 1.1667e-07
Loss = 1.1205e+00, PNorm = 91.7176, GNorm = 4.2272, lr_0 = 1.1659e-07
Loss = 1.0354e+00, PNorm = 91.7176, GNorm = 3.3365, lr_0 = 1.1652e-07
Loss = 1.0517e+00, PNorm = 91.7175, GNorm = 3.8642, lr_0 = 1.1644e-07
Loss = 9.4554e-01, PNorm = 91.7175, GNorm = 3.0438, lr_0 = 1.1636e-07
Loss = 1.0617e+00, PNorm = 91.7175, GNorm = 4.3624, lr_0 = 1.1628e-07
Loss = 1.0240e+00, PNorm = 91.7175, GNorm = 2.8778, lr_0 = 1.1620e-07
Loss = 9.5930e-01, PNorm = 91.7175, GNorm = 3.7383, lr_0 = 1.1612e-07
Loss = 9.4800e-01, PNorm = 91.7175, GNorm = 3.0939, lr_0 = 1.1604e-07
Validation rmse = 104.028699
Epoch 7
Loss = 9.3304e-01, PNorm = 91.7175, GNorm = 3.3902, lr_0 = 1.1596e-07
Loss = 1.1257e+00, PNorm = 91.7175, GNorm = 3.8225, lr_0 = 1.1588e-07
Loss = 9.5807e-01, PNorm = 91.7175, GNorm = 2.6750, lr_0 = 1.1580e-07
Loss = 9.9140e-01, PNorm = 91.7175, GNorm = 3.1351, lr_0 = 1.1572e-07
Loss = 9.4352e-01, PNorm = 91.7175, GNorm = 3.1384, lr_0 = 1.1565e-07
Loss = 1.0468e+00, PNorm = 91.7175, GNorm = 4.3451, lr_0 = 1.1557e-07
Loss = 9.7615e-01, PNorm = 91.7175, GNorm = 3.2100, lr_0 = 1.1549e-07
Loss = 1.0554e+00, PNorm = 91.7175, GNorm = 3.1106, lr_0 = 1.1541e-07
Loss = 1.0354e+00, PNorm = 91.7175, GNorm = 3.2477, lr_0 = 1.1533e-07
Loss = 1.0662e+00, PNorm = 91.7175, GNorm = 3.1038, lr_0 = 1.1525e-07
Loss = 1.1160e+00, PNorm = 91.7175, GNorm = 3.5439, lr_0 = 1.1517e-07
Loss = 1.0880e+00, PNorm = 91.7175, GNorm = 3.1392, lr_0 = 1.1510e-07
Loss = 9.2031e-01, PNorm = 91.7175, GNorm = 3.0267, lr_0 = 1.1502e-07
Loss = 9.3229e-01, PNorm = 91.7175, GNorm = 4.3481, lr_0 = 1.1494e-07
Loss = 9.5696e-01, PNorm = 91.7175, GNorm = 3.5230, lr_0 = 1.1486e-07
Validation rmse = 103.934546
Epoch 8
Loss = 8.9871e-01, PNorm = 91.7175, GNorm = 3.1756, lr_0 = 1.1478e-07
Loss = 9.1488e-01, PNorm = 91.7175, GNorm = 2.7044, lr_0 = 1.1471e-07
Loss = 9.6868e-01, PNorm = 91.7175, GNorm = 3.5040, lr_0 = 1.1463e-07
Loss = 1.0438e+00, PNorm = 91.7175, GNorm = 3.2827, lr_0 = 1.1455e-07
Loss = 9.9779e-01, PNorm = 91.7175, GNorm = 2.9378, lr_0 = 1.1447e-07
Loss = 1.0546e+00, PNorm = 91.7175, GNorm = 3.1107, lr_0 = 1.1439e-07
Loss = 1.0638e+00, PNorm = 91.7175, GNorm = 4.6962, lr_0 = 1.1432e-07
Loss = 1.0310e+00, PNorm = 91.7175, GNorm = 2.9338, lr_0 = 1.1424e-07
Loss = 9.8727e-01, PNorm = 91.7175, GNorm = 3.3638, lr_0 = 1.1416e-07
Loss = 9.7469e-01, PNorm = 91.7175, GNorm = 3.1330, lr_0 = 1.1408e-07
Loss = 1.0168e+00, PNorm = 91.7175, GNorm = 3.0232, lr_0 = 1.1400e-07
Loss = 9.9434e-01, PNorm = 91.7175, GNorm = 3.6118, lr_0 = 1.1393e-07
Loss = 1.0998e+00, PNorm = 91.7175, GNorm = 3.4716, lr_0 = 1.1385e-07
Loss = 1.0110e+00, PNorm = 91.7175, GNorm = 2.6567, lr_0 = 1.1377e-07
Loss = 9.7871e-01, PNorm = 91.7175, GNorm = 3.8453, lr_0 = 1.1369e-07
Loss = 9.9625e-01, PNorm = 91.7175, GNorm = 3.7295, lr_0 = 1.1362e-07
Validation rmse = 103.838159
Epoch 9
Loss = 1.1161e+00, PNorm = 91.7175, GNorm = 3.0665, lr_0 = 1.1354e-07
Loss = 9.4937e-01, PNorm = 91.7175, GNorm = 2.6683, lr_0 = 1.1346e-07
Loss = 1.0198e+00, PNorm = 91.7175, GNorm = 3.0162, lr_0 = 1.1339e-07
Loss = 9.2536e-01, PNorm = 91.7175, GNorm = 3.0743, lr_0 = 1.1331e-07
Loss = 8.9977e-01, PNorm = 91.7175, GNorm = 2.4040, lr_0 = 1.1323e-07
Loss = 1.0112e+00, PNorm = 91.7175, GNorm = 2.9409, lr_0 = 1.1315e-07
Loss = 1.1204e+00, PNorm = 91.7175, GNorm = 2.9197, lr_0 = 1.1308e-07
Loss = 9.4139e-01, PNorm = 91.7175, GNorm = 3.3681, lr_0 = 1.1300e-07
Loss = 1.0100e+00, PNorm = 91.7175, GNorm = 3.2776, lr_0 = 1.1292e-07
Loss = 9.6589e-01, PNorm = 91.7175, GNorm = 3.7767, lr_0 = 1.1285e-07
Loss = 1.0257e+00, PNorm = 91.7175, GNorm = 2.8872, lr_0 = 1.1277e-07
Loss = 9.4155e-01, PNorm = 91.7175, GNorm = 3.0988, lr_0 = 1.1269e-07
Loss = 1.0709e+00, PNorm = 91.7175, GNorm = 3.3670, lr_0 = 1.1262e-07
Loss = 1.1328e+00, PNorm = 91.7175, GNorm = 2.6120, lr_0 = 1.1254e-07
Loss = 1.0315e+00, PNorm = 91.7175, GNorm = 3.3382, lr_0 = 1.1246e-07
Validation rmse = 103.750951
Epoch 10
Loss = 8.9349e-01, PNorm = 91.7175, GNorm = 2.8477, lr_0 = 1.1238e-07
Loss = 9.8644e-01, PNorm = 91.7175, GNorm = 3.3738, lr_0 = 1.1230e-07
Loss = 1.0251e+00, PNorm = 91.7175, GNorm = 2.7694, lr_0 = 1.1223e-07
Loss = 8.7802e-01, PNorm = 91.7175, GNorm = 2.7477, lr_0 = 1.1215e-07
Loss = 9.9479e-01, PNorm = 91.7175, GNorm = 2.7688, lr_0 = 1.1207e-07
Loss = 1.0836e+00, PNorm = 91.7175, GNorm = 4.9077, lr_0 = 1.1200e-07
Loss = 9.1812e-01, PNorm = 91.7175, GNorm = 3.0741, lr_0 = 1.1192e-07
Loss = 9.6988e-01, PNorm = 91.7175, GNorm = 3.4459, lr_0 = 1.1184e-07
Loss = 1.1444e+00, PNorm = 91.7175, GNorm = 3.6613, lr_0 = 1.1177e-07
Loss = 1.0664e+00, PNorm = 91.7175, GNorm = 4.6488, lr_0 = 1.1169e-07
Loss = 1.0352e+00, PNorm = 91.7175, GNorm = 5.1748, lr_0 = 1.1162e-07
Loss = 9.4742e-01, PNorm = 91.7175, GNorm = 3.2088, lr_0 = 1.1154e-07
Loss = 1.0438e+00, PNorm = 91.7175, GNorm = 3.1052, lr_0 = 1.1146e-07
Loss = 1.0393e+00, PNorm = 91.7175, GNorm = 3.4323, lr_0 = 1.1139e-07
Loss = 9.6257e-01, PNorm = 91.7175, GNorm = 2.8450, lr_0 = 1.1131e-07
Loss = 1.0434e+00, PNorm = 91.7175, GNorm = 3.2735, lr_0 = 1.1124e-07
Validation rmse = 103.672136
Epoch 11
Loss = 1.0388e+00, PNorm = 91.7175, GNorm = 3.7396, lr_0 = 1.1116e-07
Loss = 8.9226e-01, PNorm = 91.7175, GNorm = 2.9157, lr_0 = 1.1109e-07
Loss = 9.4976e-01, PNorm = 91.7175, GNorm = 3.2992, lr_0 = 1.1101e-07
Loss = 9.9349e-01, PNorm = 91.7175, GNorm = 2.8952, lr_0 = 1.1093e-07
Loss = 1.0079e+00, PNorm = 91.7175, GNorm = 3.1388, lr_0 = 1.1086e-07
Loss = 1.0629e+00, PNorm = 91.7175, GNorm = 3.4662, lr_0 = 1.1078e-07
Loss = 1.0004e+00, PNorm = 91.7175, GNorm = 4.6285, lr_0 = 1.1071e-07
Loss = 1.0118e+00, PNorm = 91.7175, GNorm = 3.6879, lr_0 = 1.1063e-07
Loss = 9.4516e-01, PNorm = 91.7175, GNorm = 3.1950, lr_0 = 1.1056e-07
Loss = 9.5750e-01, PNorm = 91.7175, GNorm = 3.5172, lr_0 = 1.1048e-07
Loss = 1.0790e+00, PNorm = 91.7175, GNorm = 4.9901, lr_0 = 1.1041e-07
Loss = 1.2025e+00, PNorm = 91.7175, GNorm = 3.0222, lr_0 = 1.1033e-07
Loss = 9.5414e-01, PNorm = 91.7175, GNorm = 3.7048, lr_0 = 1.1026e-07
Loss = 8.7946e-01, PNorm = 91.7175, GNorm = 2.9241, lr_0 = 1.1018e-07
Loss = 1.0263e+00, PNorm = 91.7175, GNorm = 2.8860, lr_0 = 1.1011e-07
Validation rmse = 103.580513
Epoch 12
Loss = 1.5146e+00, PNorm = 91.7175, GNorm = 4.4215, lr_0 = 1.1003e-07
Loss = 8.8727e-01, PNorm = 91.7175, GNorm = 2.6932, lr_0 = 1.0996e-07
Loss = 1.0486e+00, PNorm = 91.7175, GNorm = 3.1740, lr_0 = 1.0988e-07
Loss = 9.5764e-01, PNorm = 91.7175, GNorm = 3.2829, lr_0 = 1.0981e-07
Loss = 1.0439e+00, PNorm = 91.7175, GNorm = 3.3723, lr_0 = 1.0973e-07
Loss = 9.8011e-01, PNorm = 91.7175, GNorm = 2.6904, lr_0 = 1.0966e-07
Loss = 9.8840e-01, PNorm = 91.7175, GNorm = 2.9850, lr_0 = 1.0958e-07
Loss = 1.0435e+00, PNorm = 91.7175, GNorm = 3.4402, lr_0 = 1.0951e-07
Loss = 9.4024e-01, PNorm = 91.7175, GNorm = 3.1216, lr_0 = 1.0943e-07
Loss = 9.4127e-01, PNorm = 91.7175, GNorm = 2.8123, lr_0 = 1.0936e-07
Loss = 9.1337e-01, PNorm = 91.7175, GNorm = 3.4442, lr_0 = 1.0928e-07
Loss = 1.1164e+00, PNorm = 91.7175, GNorm = 3.5992, lr_0 = 1.0921e-07
Loss = 1.0269e+00, PNorm = 91.7175, GNorm = 3.0583, lr_0 = 1.0914e-07
Loss = 1.0065e+00, PNorm = 91.7175, GNorm = 3.3835, lr_0 = 1.0906e-07
Loss = 9.9195e-01, PNorm = 91.7175, GNorm = 3.7771, lr_0 = 1.0899e-07
Loss = 1.1127e+00, PNorm = 91.7175, GNorm = 3.5097, lr_0 = 1.0891e-07
Validation rmse = 103.500249
Epoch 13
Loss = 1.0929e+00, PNorm = 91.7175, GNorm = 2.7434, lr_0 = 1.0884e-07
Loss = 9.8958e-01, PNorm = 91.7175, GNorm = 3.2128, lr_0 = 1.0877e-07
Loss = 1.0534e+00, PNorm = 91.7175, GNorm = 3.8402, lr_0 = 1.0869e-07
Loss = 9.5339e-01, PNorm = 91.7175, GNorm = 3.1736, lr_0 = 1.0862e-07
Loss = 1.0010e+00, PNorm = 91.7175, GNorm = 4.3698, lr_0 = 1.0854e-07
Loss = 9.3209e-01, PNorm = 91.7175, GNorm = 3.1096, lr_0 = 1.0847e-07
Loss = 1.0744e+00, PNorm = 91.7175, GNorm = 2.9130, lr_0 = 1.0840e-07
Loss = 9.5617e-01, PNorm = 91.7175, GNorm = 3.4173, lr_0 = 1.0832e-07
Loss = 9.0455e-01, PNorm = 91.7175, GNorm = 2.7034, lr_0 = 1.0825e-07
Loss = 9.6892e-01, PNorm = 91.7175, GNorm = 2.9493, lr_0 = 1.0817e-07
Loss = 1.0599e+00, PNorm = 91.7175, GNorm = 3.4004, lr_0 = 1.0810e-07
Loss = 1.0127e+00, PNorm = 91.7175, GNorm = 3.0667, lr_0 = 1.0803e-07
Loss = 1.0804e+00, PNorm = 91.7175, GNorm = 3.3957, lr_0 = 1.0795e-07
Loss = 9.7630e-01, PNorm = 91.7175, GNorm = 3.0754, lr_0 = 1.0788e-07
Loss = 1.0201e+00, PNorm = 91.7175, GNorm = 2.8972, lr_0 = 1.0781e-07
Loss = 9.7911e-01, PNorm = 91.7175, GNorm = 3.4940, lr_0 = 1.0773e-07
Validation rmse = 103.416692
Epoch 14
Loss = 1.0393e+00, PNorm = 91.7175, GNorm = 3.2682, lr_0 = 1.0766e-07
Loss = 1.0232e+00, PNorm = 91.7175, GNorm = 3.0105, lr_0 = 1.0759e-07
Loss = 1.0838e+00, PNorm = 91.7175, GNorm = 3.8376, lr_0 = 1.0751e-07
Loss = 9.8005e-01, PNorm = 91.7175, GNorm = 3.6807, lr_0 = 1.0744e-07
Loss = 9.8860e-01, PNorm = 91.7175, GNorm = 2.6709, lr_0 = 1.0737e-07
Loss = 9.5138e-01, PNorm = 91.7175, GNorm = 3.0471, lr_0 = 1.0729e-07
Loss = 9.9087e-01, PNorm = 91.7175, GNorm = 4.6145, lr_0 = 1.0722e-07
Loss = 9.4130e-01, PNorm = 91.7175, GNorm = 4.5646, lr_0 = 1.0715e-07
Loss = 1.0447e+00, PNorm = 91.7175, GNorm = 3.2656, lr_0 = 1.0708e-07
Loss = 9.2747e-01, PNorm = 91.7175, GNorm = 2.8321, lr_0 = 1.0700e-07
Loss = 1.0809e+00, PNorm = 91.7175, GNorm = 3.3813, lr_0 = 1.0693e-07
Loss = 1.0429e+00, PNorm = 91.7175, GNorm = 3.4625, lr_0 = 1.0686e-07
Loss = 9.8371e-01, PNorm = 91.7175, GNorm = 3.6012, lr_0 = 1.0678e-07
Loss = 9.5957e-01, PNorm = 91.7175, GNorm = 3.5547, lr_0 = 1.0671e-07
Loss = 1.0362e+00, PNorm = 91.7175, GNorm = 2.6920, lr_0 = 1.0664e-07
Validation rmse = 103.335423
Epoch 15
Loss = 1.0861e+00, PNorm = 91.7175, GNorm = 3.1069, lr_0 = 1.0656e-07
Loss = 9.5705e-01, PNorm = 91.7175, GNorm = 2.5230, lr_0 = 1.0649e-07
Loss = 1.0001e+00, PNorm = 91.7175, GNorm = 2.8106, lr_0 = 1.0641e-07
Loss = 1.0227e+00, PNorm = 91.7175, GNorm = 4.5580, lr_0 = 1.0634e-07
Loss = 9.9691e-01, PNorm = 91.7175, GNorm = 3.0856, lr_0 = 1.0627e-07
Loss = 1.0299e+00, PNorm = 91.7175, GNorm = 3.1608, lr_0 = 1.0620e-07
Loss = 9.8698e-01, PNorm = 91.7175, GNorm = 3.5920, lr_0 = 1.0612e-07
Loss = 1.0184e+00, PNorm = 91.7175, GNorm = 3.3536, lr_0 = 1.0605e-07
Loss = 1.1092e+00, PNorm = 91.7175, GNorm = 2.5076, lr_0 = 1.0598e-07
Loss = 9.7489e-01, PNorm = 91.7175, GNorm = 2.9443, lr_0 = 1.0591e-07
Loss = 1.0192e+00, PNorm = 91.7175, GNorm = 2.5677, lr_0 = 1.0584e-07
Loss = 1.0027e+00, PNorm = 91.7175, GNorm = 3.2857, lr_0 = 1.0576e-07
Loss = 9.4797e-01, PNorm = 91.7175, GNorm = 3.1252, lr_0 = 1.0569e-07
Loss = 9.4031e-01, PNorm = 91.7175, GNorm = 3.1001, lr_0 = 1.0562e-07
Loss = 9.5695e-01, PNorm = 91.7175, GNorm = 2.8285, lr_0 = 1.0555e-07
Loss = 9.7595e-01, PNorm = 91.7175, GNorm = 2.8877, lr_0 = 1.0548e-07
Validation rmse = 103.261102
Epoch 16
Loss = 1.0787e+00, PNorm = 91.7175, GNorm = 4.0540, lr_0 = 1.0540e-07
Loss = 8.9011e-01, PNorm = 91.7175, GNorm = 3.2881, lr_0 = 1.0533e-07
Loss = 1.0438e+00, PNorm = 91.7175, GNorm = 3.2160, lr_0 = 1.0526e-07
Loss = 1.1006e+00, PNorm = 91.7175, GNorm = 3.5892, lr_0 = 1.0519e-07
Loss = 9.7632e-01, PNorm = 91.7175, GNorm = 2.8065, lr_0 = 1.0512e-07
Loss = 9.6045e-01, PNorm = 91.7175, GNorm = 2.9419, lr_0 = 1.0505e-07
Loss = 1.0182e+00, PNorm = 91.7175, GNorm = 2.9264, lr_0 = 1.0497e-07
Loss = 9.3162e-01, PNorm = 91.7175, GNorm = 3.3873, lr_0 = 1.0490e-07
Loss = 1.0046e+00, PNorm = 91.7175, GNorm = 3.4062, lr_0 = 1.0483e-07
Loss = 1.0074e+00, PNorm = 91.7175, GNorm = 2.9500, lr_0 = 1.0476e-07
Loss = 9.8852e-01, PNorm = 91.7175, GNorm = 2.8583, lr_0 = 1.0469e-07
Loss = 9.4478e-01, PNorm = 91.7175, GNorm = 2.6888, lr_0 = 1.0462e-07
Loss = 1.0097e+00, PNorm = 91.7175, GNorm = 2.8490, lr_0 = 1.0455e-07
Loss = 1.0588e+00, PNorm = 91.7175, GNorm = 3.3434, lr_0 = 1.0448e-07
Loss = 9.7547e-01, PNorm = 91.7175, GNorm = 3.1159, lr_0 = 1.0440e-07
Validation rmse = 103.186851
Epoch 17
Loss = 8.2706e-01, PNorm = 91.7175, GNorm = 2.5751, lr_0 = 1.0433e-07
Loss = 9.0468e-01, PNorm = 91.7175, GNorm = 3.1659, lr_0 = 1.0426e-07
Loss = 9.2448e-01, PNorm = 91.7175, GNorm = 4.2858, lr_0 = 1.0419e-07
Loss = 1.0227e+00, PNorm = 91.7175, GNorm = 3.3525, lr_0 = 1.0412e-07
Loss = 9.9801e-01, PNorm = 91.7175, GNorm = 3.5557, lr_0 = 1.0405e-07
Loss = 9.5737e-01, PNorm = 91.7175, GNorm = 3.3206, lr_0 = 1.0398e-07
Loss = 1.1260e+00, PNorm = 91.7175, GNorm = 3.0848, lr_0 = 1.0391e-07
Loss = 8.8273e-01, PNorm = 91.7175, GNorm = 3.3103, lr_0 = 1.0384e-07
Loss = 1.0202e+00, PNorm = 91.7175, GNorm = 2.8860, lr_0 = 1.0377e-07
Loss = 9.9847e-01, PNorm = 91.7175, GNorm = 2.8845, lr_0 = 1.0370e-07
Loss = 1.0168e+00, PNorm = 91.7175, GNorm = 4.2308, lr_0 = 1.0363e-07
Loss = 1.0633e+00, PNorm = 91.7175, GNorm = 3.3371, lr_0 = 1.0355e-07
Loss = 9.7993e-01, PNorm = 91.7175, GNorm = 3.6385, lr_0 = 1.0348e-07
Loss = 9.7451e-01, PNorm = 91.7175, GNorm = 3.0912, lr_0 = 1.0341e-07
Loss = 1.1050e+00, PNorm = 91.7175, GNorm = 5.0234, lr_0 = 1.0334e-07
Loss = 9.7156e-01, PNorm = 91.7175, GNorm = 2.8841, lr_0 = 1.0327e-07
Validation rmse = 103.111875
Epoch 18
Loss = 8.9178e-01, PNorm = 91.7175, GNorm = 3.2299, lr_0 = 1.0320e-07
Loss = 1.0710e+00, PNorm = 91.7175, GNorm = 2.9786, lr_0 = 1.0313e-07
Loss = 1.0108e+00, PNorm = 91.7175, GNorm = 3.5191, lr_0 = 1.0306e-07
Loss = 1.0601e+00, PNorm = 91.7175, GNorm = 3.0422, lr_0 = 1.0299e-07
Loss = 9.6767e-01, PNorm = 91.7175, GNorm = 2.7235, lr_0 = 1.0292e-07
Loss = 1.0166e+00, PNorm = 91.7175, GNorm = 3.1881, lr_0 = 1.0285e-07
Loss = 1.0112e+00, PNorm = 91.7175, GNorm = 3.0627, lr_0 = 1.0278e-07
Loss = 9.6529e-01, PNorm = 91.7175, GNorm = 3.4414, lr_0 = 1.0271e-07
Loss = 9.8791e-01, PNorm = 91.7175, GNorm = 3.1293, lr_0 = 1.0264e-07
Loss = 9.6480e-01, PNorm = 91.7175, GNorm = 3.5788, lr_0 = 1.0257e-07
Loss = 9.4020e-01, PNorm = 91.7175, GNorm = 2.6953, lr_0 = 1.0250e-07
Loss = 1.0843e+00, PNorm = 91.7175, GNorm = 3.0511, lr_0 = 1.0243e-07
Loss = 9.6776e-01, PNorm = 91.7175, GNorm = 3.0353, lr_0 = 1.0236e-07
Loss = 9.4389e-01, PNorm = 91.7175, GNorm = 3.1208, lr_0 = 1.0229e-07
Loss = 1.0202e+00, PNorm = 91.7175, GNorm = 3.2177, lr_0 = 1.0222e-07
Validation rmse = 103.035301
Epoch 19
Loss = 6.7149e-01, PNorm = 91.7176, GNorm = 2.6860, lr_0 = 1.0215e-07
Loss = 9.9502e-01, PNorm = 91.7176, GNorm = 3.0713, lr_0 = 1.0208e-07
Loss = 1.0827e+00, PNorm = 91.7176, GNorm = 3.2480, lr_0 = 1.0201e-07
Loss = 9.8433e-01, PNorm = 91.7176, GNorm = 2.8303, lr_0 = 1.0194e-07
Loss = 9.1247e-01, PNorm = 91.7176, GNorm = 3.7026, lr_0 = 1.0187e-07
Loss = 1.1167e+00, PNorm = 91.7176, GNorm = 3.2008, lr_0 = 1.0180e-07
Loss = 8.9171e-01, PNorm = 91.7176, GNorm = 3.6137, lr_0 = 1.0173e-07
Loss = 8.9105e-01, PNorm = 91.7176, GNorm = 2.6992, lr_0 = 1.0166e-07
Loss = 8.8809e-01, PNorm = 91.7176, GNorm = 2.7671, lr_0 = 1.0159e-07
Loss = 9.7461e-01, PNorm = 91.7176, GNorm = 3.0490, lr_0 = 1.0152e-07
Loss = 1.0317e+00, PNorm = 91.7176, GNorm = 3.3823, lr_0 = 1.0145e-07
Loss = 1.1762e+00, PNorm = 91.7176, GNorm = 3.8824, lr_0 = 1.0139e-07
Loss = 9.5133e-01, PNorm = 91.7176, GNorm = 2.5625, lr_0 = 1.0132e-07
Loss = 9.8761e-01, PNorm = 91.7176, GNorm = 2.9311, lr_0 = 1.0125e-07
Loss = 1.0100e+00, PNorm = 91.7176, GNorm = 3.4836, lr_0 = 1.0118e-07
Loss = 1.0388e+00, PNorm = 91.7176, GNorm = 3.2123, lr_0 = 1.0111e-07
Validation rmse = 102.962766
Epoch 20
Loss = 8.6646e-01, PNorm = 91.7176, GNorm = 2.9702, lr_0 = 1.0104e-07
Loss = 9.7961e-01, PNorm = 91.7176, GNorm = 3.5793, lr_0 = 1.0097e-07
Loss = 1.1259e+00, PNorm = 91.7176, GNorm = 3.5481, lr_0 = 1.0090e-07
Loss = 1.1903e+00, PNorm = 91.7176, GNorm = 4.3906, lr_0 = 1.0083e-07
Loss = 9.6045e-01, PNorm = 91.7176, GNorm = 3.4181, lr_0 = 1.0077e-07
Loss = 9.3740e-01, PNorm = 91.7176, GNorm = 3.7594, lr_0 = 1.0070e-07
Loss = 9.8585e-01, PNorm = 91.7176, GNorm = 2.9922, lr_0 = 1.0063e-07
Loss = 9.2420e-01, PNorm = 91.7176, GNorm = 3.3967, lr_0 = 1.0056e-07
Loss = 1.0226e+00, PNorm = 91.7176, GNorm = 3.3873, lr_0 = 1.0049e-07
Loss = 9.8734e-01, PNorm = 91.7176, GNorm = 3.6194, lr_0 = 1.0042e-07
Loss = 9.1732e-01, PNorm = 91.7176, GNorm = 4.6402, lr_0 = 1.0035e-07
Loss = 1.0046e+00, PNorm = 91.7176, GNorm = 2.9703, lr_0 = 1.0029e-07
Loss = 9.8639e-01, PNorm = 91.7176, GNorm = 3.9226, lr_0 = 1.0022e-07
Loss = 8.8872e-01, PNorm = 91.7176, GNorm = 3.3167, lr_0 = 1.0015e-07
Loss = 1.0594e+00, PNorm = 91.7176, GNorm = 5.6667, lr_0 = 1.0008e-07
Loss = 1.0259e+00, PNorm = 91.7176, GNorm = 3.0670, lr_0 = 1.0001e-07
Validation rmse = 102.885602
Epoch 21
Loss = 1.0576e+00, PNorm = 91.7176, GNorm = 2.6352, lr_0 = 9.9946e-08
Loss = 1.0613e+00, PNorm = 91.7176, GNorm = 3.4781, lr_0 = 9.9878e-08
Loss = 8.6011e-01, PNorm = 91.7176, GNorm = 3.4415, lr_0 = 9.9810e-08
Loss = 1.1285e+00, PNorm = 91.7176, GNorm = 3.0348, lr_0 = 9.9742e-08
Loss = 9.8443e-01, PNorm = 91.7176, GNorm = 2.6054, lr_0 = 9.9674e-08
Loss = 9.9544e-01, PNorm = 91.7176, GNorm = 3.3696, lr_0 = 9.9606e-08
Loss = 1.0266e+00, PNorm = 91.7176, GNorm = 3.3211, lr_0 = 9.9538e-08
Loss = 9.2073e-01, PNorm = 91.7176, GNorm = 2.9438, lr_0 = 9.9471e-08
Loss = 1.0104e+00, PNorm = 91.7176, GNorm = 3.1884, lr_0 = 9.9403e-08
Loss = 9.1219e-01, PNorm = 91.7176, GNorm = 2.6959, lr_0 = 9.9335e-08
Loss = 1.0652e+00, PNorm = 91.7176, GNorm = 4.4673, lr_0 = 9.9268e-08
Loss = 1.0091e+00, PNorm = 91.7176, GNorm = 3.3614, lr_0 = 9.9200e-08
Loss = 9.1698e-01, PNorm = 91.7176, GNorm = 2.9243, lr_0 = 9.9133e-08
Loss = 9.9080e-01, PNorm = 91.7176, GNorm = 3.4026, lr_0 = 9.9065e-08
Loss = 1.0037e+00, PNorm = 91.7176, GNorm = 3.2241, lr_0 = 9.8998e-08
Validation rmse = 102.813711
Epoch 22
Loss = 1.1963e+00, PNorm = 91.7176, GNorm = 5.1590, lr_0 = 9.8930e-08
Loss = 1.0698e+00, PNorm = 91.7176, GNorm = 3.4158, lr_0 = 9.8863e-08
Loss = 1.0776e+00, PNorm = 91.7176, GNorm = 2.6491, lr_0 = 9.8796e-08
Loss = 9.1684e-01, PNorm = 91.7176, GNorm = 3.1213, lr_0 = 9.8728e-08
Loss = 9.6684e-01, PNorm = 91.7176, GNorm = 2.7290, lr_0 = 9.8661e-08
Loss = 9.4887e-01, PNorm = 91.7176, GNorm = 4.5237, lr_0 = 9.8594e-08
Loss = 9.2251e-01, PNorm = 91.7176, GNorm = 2.7783, lr_0 = 9.8527e-08
Loss = 9.4774e-01, PNorm = 91.7176, GNorm = 4.6832, lr_0 = 9.8460e-08
Loss = 1.0260e+00, PNorm = 91.7176, GNorm = 2.6743, lr_0 = 9.8393e-08
Loss = 1.0554e+00, PNorm = 91.7176, GNorm = 3.6045, lr_0 = 9.8326e-08
Loss = 1.0218e+00, PNorm = 91.7176, GNorm = 3.3340, lr_0 = 9.8259e-08
Loss = 9.9730e-01, PNorm = 91.7176, GNorm = 2.8335, lr_0 = 9.8192e-08
Loss = 1.1039e+00, PNorm = 91.7176, GNorm = 2.7482, lr_0 = 9.8125e-08
Loss = 8.7426e-01, PNorm = 91.7176, GNorm = 3.0204, lr_0 = 9.8059e-08
Loss = 9.5415e-01, PNorm = 91.7176, GNorm = 3.3835, lr_0 = 9.7992e-08
Loss = 9.1990e-01, PNorm = 91.7176, GNorm = 3.2133, lr_0 = 9.7925e-08
Validation rmse = 102.739614
Epoch 23
Loss = 1.0359e+00, PNorm = 91.7176, GNorm = 2.8368, lr_0 = 9.7858e-08
Loss = 8.9220e-01, PNorm = 91.7176, GNorm = 2.6066, lr_0 = 9.7792e-08
Loss = 1.0936e+00, PNorm = 91.7176, GNorm = 3.2537, lr_0 = 9.7725e-08
Loss = 9.4726e-01, PNorm = 91.7176, GNorm = 3.0608, lr_0 = 9.7659e-08
Loss = 9.0345e-01, PNorm = 91.7176, GNorm = 2.4038, lr_0 = 9.7592e-08
Loss = 9.7655e-01, PNorm = 91.7176, GNorm = 3.7786, lr_0 = 9.7526e-08
Loss = 8.9823e-01, PNorm = 91.7176, GNorm = 3.4414, lr_0 = 9.7459e-08
Loss = 1.0911e+00, PNorm = 91.7176, GNorm = 3.6603, lr_0 = 9.7393e-08
Loss = 9.7744e-01, PNorm = 91.7176, GNorm = 2.7536, lr_0 = 9.7327e-08
Loss = 1.0661e+00, PNorm = 91.7176, GNorm = 3.1594, lr_0 = 9.7261e-08
Loss = 9.5190e-01, PNorm = 91.7176, GNorm = 3.2798, lr_0 = 9.7194e-08
Loss = 9.5245e-01, PNorm = 91.7176, GNorm = 2.8387, lr_0 = 9.7128e-08
Loss = 1.2078e+00, PNorm = 91.7176, GNorm = 3.1937, lr_0 = 9.7062e-08
Loss = 1.0524e+00, PNorm = 91.7176, GNorm = 5.0141, lr_0 = 9.6996e-08
Loss = 9.0713e-01, PNorm = 91.7176, GNorm = 2.9964, lr_0 = 9.6930e-08
Validation rmse = 102.674774
Epoch 24
Loss = 9.0114e-01, PNorm = 91.7176, GNorm = 3.5566, lr_0 = 9.6858e-08
Loss = 1.1110e+00, PNorm = 91.7176, GNorm = 3.2743, lr_0 = 9.6792e-08
Loss = 9.3698e-01, PNorm = 91.7176, GNorm = 2.5710, lr_0 = 9.6726e-08
Loss = 1.0274e+00, PNorm = 91.7176, GNorm = 3.2311, lr_0 = 9.6660e-08
Loss = 1.0858e+00, PNorm = 91.7176, GNorm = 3.4046, lr_0 = 9.6594e-08
Loss = 9.7292e-01, PNorm = 91.7176, GNorm = 3.4730, lr_0 = 9.6528e-08
Loss = 1.0031e+00, PNorm = 91.7176, GNorm = 2.8816, lr_0 = 9.6463e-08
Loss = 9.9910e-01, PNorm = 91.7176, GNorm = 2.8487, lr_0 = 9.6397e-08
Loss = 9.3971e-01, PNorm = 91.7176, GNorm = 2.9920, lr_0 = 9.6331e-08
Loss = 9.6180e-01, PNorm = 91.7176, GNorm = 2.9909, lr_0 = 9.6266e-08
Loss = 8.9701e-01, PNorm = 91.7176, GNorm = 3.7763, lr_0 = 9.6200e-08
Loss = 9.7406e-01, PNorm = 91.7176, GNorm = 3.4511, lr_0 = 9.6135e-08
Loss = 8.5441e-01, PNorm = 91.7176, GNorm = 3.0163, lr_0 = 9.6069e-08
Loss = 9.6008e-01, PNorm = 91.7176, GNorm = 3.0763, lr_0 = 9.6004e-08
Loss = 1.0190e+00, PNorm = 91.7176, GNorm = 3.2013, lr_0 = 9.5939e-08
Loss = 1.0725e+00, PNorm = 91.7176, GNorm = 3.1594, lr_0 = 9.5873e-08
Validation rmse = 102.594821
Epoch 25
Loss = 9.4018e-01, PNorm = 91.7176, GNorm = 2.7659, lr_0 = 9.5808e-08
Loss = 9.5377e-01, PNorm = 91.7176, GNorm = 2.7781, lr_0 = 9.5743e-08
Loss = 9.9406e-01, PNorm = 91.7176, GNorm = 3.7970, lr_0 = 9.5678e-08
Loss = 9.4613e-01, PNorm = 91.7176, GNorm = 2.7060, lr_0 = 9.5613e-08
Loss = 1.0234e+00, PNorm = 91.7176, GNorm = 3.8016, lr_0 = 9.5548e-08
Loss = 1.0145e+00, PNorm = 91.7176, GNorm = 4.0415, lr_0 = 9.5483e-08
Loss = 1.0679e+00, PNorm = 91.7176, GNorm = 3.9162, lr_0 = 9.5418e-08
Loss = 1.0645e+00, PNorm = 91.7176, GNorm = 2.8336, lr_0 = 9.5353e-08
Loss = 1.0231e+00, PNorm = 91.7176, GNorm = 3.8630, lr_0 = 9.5288e-08
Loss = 9.3693e-01, PNorm = 91.7176, GNorm = 2.8632, lr_0 = 9.5223e-08
Loss = 9.3519e-01, PNorm = 91.7176, GNorm = 3.8624, lr_0 = 9.5158e-08
Loss = 8.1758e-01, PNorm = 91.7176, GNorm = 4.0578, lr_0 = 9.5093e-08
Loss = 1.1215e+00, PNorm = 91.7176, GNorm = 3.2804, lr_0 = 9.5029e-08
Loss = 1.0570e+00, PNorm = 91.7176, GNorm = 3.1606, lr_0 = 9.4964e-08
Loss = 1.0251e+00, PNorm = 91.7176, GNorm = 3.3595, lr_0 = 9.4899e-08
Loss = 8.9778e-01, PNorm = 91.7176, GNorm = 3.8557, lr_0 = 9.4835e-08
Validation rmse = 102.543016
Epoch 26
Loss = 9.6322e-01, PNorm = 91.7176, GNorm = 3.5461, lr_0 = 9.4770e-08
Loss = 1.0169e+00, PNorm = 91.7176, GNorm = 3.3488, lr_0 = 9.4706e-08
Loss = 8.8988e-01, PNorm = 91.7176, GNorm = 2.8028, lr_0 = 9.4641e-08
Loss = 1.0413e+00, PNorm = 91.7176, GNorm = 2.9879, lr_0 = 9.4577e-08
Loss = 1.0131e+00, PNorm = 91.7176, GNorm = 2.8261, lr_0 = 9.4512e-08
Loss = 9.9470e-01, PNorm = 91.7176, GNorm = 2.8923, lr_0 = 9.4448e-08
Loss = 9.9003e-01, PNorm = 91.7176, GNorm = 3.9135, lr_0 = 9.4384e-08
Loss = 1.0324e+00, PNorm = 91.7176, GNorm = 3.2053, lr_0 = 9.4319e-08
Loss = 1.1195e+00, PNorm = 91.7176, GNorm = 2.6008, lr_0 = 9.4255e-08
Loss = 1.0003e+00, PNorm = 91.7176, GNorm = 3.3961, lr_0 = 9.4191e-08
Loss = 1.1070e+00, PNorm = 91.7176, GNorm = 3.2432, lr_0 = 9.4127e-08
Loss = 9.5272e-01, PNorm = 91.7176, GNorm = 3.9219, lr_0 = 9.4063e-08
Loss = 8.8306e-01, PNorm = 91.7176, GNorm = 2.8463, lr_0 = 9.3999e-08
Loss = 1.0299e+00, PNorm = 91.7176, GNorm = 5.0377, lr_0 = 9.3935e-08
Loss = 9.4418e-01, PNorm = 91.7176, GNorm = 3.1816, lr_0 = 9.3871e-08
Validation rmse = 102.477570
Epoch 27
Loss = 8.7985e-01, PNorm = 91.7176, GNorm = 2.8243, lr_0 = 9.3807e-08
Loss = 1.0406e+00, PNorm = 91.7176, GNorm = 4.2364, lr_0 = 9.3743e-08
Loss = 9.7328e-01, PNorm = 91.7176, GNorm = 2.9710, lr_0 = 9.3679e-08
Loss = 9.8054e-01, PNorm = 91.7176, GNorm = 3.5439, lr_0 = 9.3616e-08
Loss = 9.8240e-01, PNorm = 91.7176, GNorm = 3.4315, lr_0 = 9.3552e-08
Loss = 1.0659e+00, PNorm = 91.7176, GNorm = 2.9946, lr_0 = 9.3488e-08
Loss = 9.9779e-01, PNorm = 91.7176, GNorm = 2.9041, lr_0 = 9.3425e-08
Loss = 1.0074e+00, PNorm = 91.7176, GNorm = 3.6266, lr_0 = 9.3361e-08
Loss = 1.0541e+00, PNorm = 91.7176, GNorm = 3.2938, lr_0 = 9.3298e-08
Loss = 9.5193e-01, PNorm = 91.7176, GNorm = 2.8167, lr_0 = 9.3234e-08
Loss = 1.0096e+00, PNorm = 91.7176, GNorm = 3.0514, lr_0 = 9.3171e-08
Loss = 1.1034e+00, PNorm = 91.7176, GNorm = 4.1063, lr_0 = 9.3107e-08
Loss = 1.0489e+00, PNorm = 91.7176, GNorm = 3.0668, lr_0 = 9.3044e-08
Loss = 8.4663e-01, PNorm = 91.7176, GNorm = 3.5887, lr_0 = 9.2980e-08
Loss = 8.6834e-01, PNorm = 91.7176, GNorm = 2.9230, lr_0 = 9.2917e-08
Loss = 9.1912e-01, PNorm = 91.7176, GNorm = 3.0622, lr_0 = 9.2854e-08
Validation rmse = 102.411873
Epoch 28
Loss = 1.0179e+00, PNorm = 91.7176, GNorm = 3.5331, lr_0 = 9.2791e-08
Loss = 9.7453e-01, PNorm = 91.7176, GNorm = 2.7271, lr_0 = 9.2728e-08
Loss = 9.9035e-01, PNorm = 91.7176, GNorm = 3.1846, lr_0 = 9.2665e-08
Loss = 9.9571e-01, PNorm = 91.7176, GNorm = 4.8382, lr_0 = 9.2601e-08
Loss = 8.8550e-01, PNorm = 91.7176, GNorm = 3.0908, lr_0 = 9.2538e-08
Loss = 1.0611e+00, PNorm = 91.7176, GNorm = 3.5390, lr_0 = 9.2475e-08
Loss = 9.4508e-01, PNorm = 91.7176, GNorm = 3.0220, lr_0 = 9.2412e-08
Loss = 1.0291e+00, PNorm = 91.7176, GNorm = 3.4922, lr_0 = 9.2350e-08
Loss = 1.0082e+00, PNorm = 91.7176, GNorm = 3.2235, lr_0 = 9.2287e-08
Loss = 9.5464e-01, PNorm = 91.7176, GNorm = 3.0936, lr_0 = 9.2224e-08
Loss = 9.8160e-01, PNorm = 91.7176, GNorm = 3.0992, lr_0 = 9.2161e-08
Loss = 9.5154e-01, PNorm = 91.7176, GNorm = 3.0580, lr_0 = 9.2098e-08
Loss = 9.6827e-01, PNorm = 91.7176, GNorm = 4.3217, lr_0 = 9.2036e-08
Loss = 1.0943e+00, PNorm = 91.7176, GNorm = 4.0279, lr_0 = 9.1973e-08
Loss = 9.4126e-01, PNorm = 91.7176, GNorm = 3.2099, lr_0 = 9.1911e-08
Validation rmse = 102.340008
Epoch 29
Loss = 1.0149e+00, PNorm = 91.7176, GNorm = 3.0228, lr_0 = 9.1842e-08
Loss = 1.0512e+00, PNorm = 91.7176, GNorm = 3.2095, lr_0 = 9.1779e-08
Loss = 9.0445e-01, PNorm = 91.7176, GNorm = 2.4809, lr_0 = 9.1717e-08
Loss = 1.0042e+00, PNorm = 91.7176, GNorm = 3.2052, lr_0 = 9.1654e-08
Loss = 1.0173e+00, PNorm = 91.7176, GNorm = 2.8412, lr_0 = 9.1592e-08
Loss = 1.0485e+00, PNorm = 91.7176, GNorm = 2.7136, lr_0 = 9.1530e-08
Loss = 1.0715e+00, PNorm = 91.7176, GNorm = 4.1024, lr_0 = 9.1467e-08
Loss = 1.0334e+00, PNorm = 91.7176, GNorm = 2.9279, lr_0 = 9.1405e-08
Loss = 9.0318e-01, PNorm = 91.7176, GNorm = 3.2845, lr_0 = 9.1343e-08
Loss = 9.1256e-01, PNorm = 91.7176, GNorm = 3.1086, lr_0 = 9.1281e-08
Loss = 9.1123e-01, PNorm = 91.7176, GNorm = 3.3383, lr_0 = 9.1219e-08
Loss = 9.6275e-01, PNorm = 91.7176, GNorm = 2.7045, lr_0 = 9.1156e-08
Loss = 9.4304e-01, PNorm = 91.7176, GNorm = 3.2789, lr_0 = 9.1094e-08
Loss = 9.6211e-01, PNorm = 91.7176, GNorm = 2.9926, lr_0 = 9.1032e-08
Loss = 1.0103e+00, PNorm = 91.7176, GNorm = 2.8451, lr_0 = 9.0970e-08
Loss = 9.3461e-01, PNorm = 91.7176, GNorm = 2.5386, lr_0 = 9.0909e-08
Validation rmse = 102.271284
Epoch 30
Loss = 8.5015e-01, PNorm = 91.7176, GNorm = 2.8172, lr_0 = 9.0847e-08
Loss = 1.0674e+00, PNorm = 91.7176, GNorm = 3.1859, lr_0 = 9.0785e-08
Loss = 9.8344e-01, PNorm = 91.7176, GNorm = 2.9304, lr_0 = 9.0723e-08
Loss = 9.9061e-01, PNorm = 91.7176, GNorm = 4.1073, lr_0 = 9.0661e-08
Loss = 1.0504e+00, PNorm = 91.7176, GNorm = 3.3492, lr_0 = 9.0600e-08
Loss = 9.6650e-01, PNorm = 91.7176, GNorm = 3.2318, lr_0 = 9.0538e-08
Loss = 9.9532e-01, PNorm = 91.7176, GNorm = 3.0135, lr_0 = 9.0476e-08
Loss = 9.4604e-01, PNorm = 91.7176, GNorm = 2.7112, lr_0 = 9.0415e-08
Loss = 9.0095e-01, PNorm = 91.7176, GNorm = 3.0577, lr_0 = 9.0353e-08
Loss = 9.8240e-01, PNorm = 91.7176, GNorm = 3.1185, lr_0 = 9.0292e-08
Loss = 9.4538e-01, PNorm = 91.7176, GNorm = 2.9821, lr_0 = 9.0230e-08
Loss = 9.2342e-01, PNorm = 91.7176, GNorm = 3.5564, lr_0 = 9.0169e-08
Loss = 1.0549e+00, PNorm = 91.7176, GNorm = 3.4664, lr_0 = 9.0107e-08
Loss = 9.1415e-01, PNorm = 91.7176, GNorm = 2.9232, lr_0 = 9.0046e-08
Loss = 1.1455e+00, PNorm = 91.7176, GNorm = 3.8498, lr_0 = 8.9985e-08
Validation rmse = 102.214570
Epoch 31
Loss = 9.9924e-01, PNorm = 91.7176, GNorm = 3.1578, lr_0 = 8.9924e-08
Loss = 9.6087e-01, PNorm = 91.7176, GNorm = 3.1303, lr_0 = 8.9862e-08
Loss = 8.9881e-01, PNorm = 91.7176, GNorm = 3.1915, lr_0 = 8.9801e-08
Loss = 9.6347e-01, PNorm = 91.7176, GNorm = 3.1678, lr_0 = 8.9740e-08
Loss = 9.9851e-01, PNorm = 91.7176, GNorm = 2.9722, lr_0 = 8.9679e-08
Loss = 1.0070e+00, PNorm = 91.7176, GNorm = 3.2095, lr_0 = 8.9618e-08
Loss = 9.4817e-01, PNorm = 91.7176, GNorm = 3.4427, lr_0 = 8.9557e-08
Loss = 1.0383e+00, PNorm = 91.7176, GNorm = 4.3077, lr_0 = 8.9496e-08
Loss = 9.1046e-01, PNorm = 91.7176, GNorm = 3.2397, lr_0 = 8.9435e-08
Loss = 9.7431e-01, PNorm = 91.7176, GNorm = 3.2919, lr_0 = 8.9374e-08
Loss = 9.9917e-01, PNorm = 91.7176, GNorm = 3.2664, lr_0 = 8.9313e-08
Loss = 1.0789e+00, PNorm = 91.7176, GNorm = 3.0953, lr_0 = 8.9253e-08
Loss = 9.4921e-01, PNorm = 91.7176, GNorm = 3.2806, lr_0 = 8.9192e-08
Loss = 9.6585e-01, PNorm = 91.7176, GNorm = 2.8807, lr_0 = 8.9131e-08
Loss = 9.7462e-01, PNorm = 91.7176, GNorm = 3.4101, lr_0 = 8.9070e-08
Loss = 1.0512e+00, PNorm = 91.7176, GNorm = 2.8793, lr_0 = 8.9010e-08
Validation rmse = 102.156228
Epoch 32
Loss = 9.1516e-01, PNorm = 91.7176, GNorm = 3.2962, lr_0 = 8.8949e-08
Loss = 9.7947e-01, PNorm = 91.7176, GNorm = 3.8409, lr_0 = 8.8889e-08
Loss = 9.8225e-01, PNorm = 91.7176, GNorm = 3.2841, lr_0 = 8.8828e-08
Loss = 1.0401e+00, PNorm = 91.7176, GNorm = 3.6574, lr_0 = 8.8768e-08
Loss = 1.0304e+00, PNorm = 91.7176, GNorm = 3.1586, lr_0 = 8.8707e-08
Loss = 8.9494e-01, PNorm = 91.7176, GNorm = 3.0796, lr_0 = 8.8647e-08
Loss = 8.3417e-01, PNorm = 91.7176, GNorm = 3.6839, lr_0 = 8.8587e-08
Loss = 1.1003e+00, PNorm = 91.7176, GNorm = 3.0980, lr_0 = 8.8526e-08
Loss = 9.3499e-01, PNorm = 91.7176, GNorm = 4.6019, lr_0 = 8.8466e-08
Loss = 9.2149e-01, PNorm = 91.7176, GNorm = 3.3709, lr_0 = 8.8406e-08
Loss = 1.0145e+00, PNorm = 91.7176, GNorm = 3.2028, lr_0 = 8.8346e-08
Loss = 9.0875e-01, PNorm = 91.7176, GNorm = 3.7253, lr_0 = 8.8286e-08
Loss = 1.0115e+00, PNorm = 91.7176, GNorm = 3.5852, lr_0 = 8.8226e-08
Loss = 1.0130e+00, PNorm = 91.7176, GNorm = 2.7240, lr_0 = 8.8165e-08
Loss = 1.0124e+00, PNorm = 91.7176, GNorm = 3.3753, lr_0 = 8.8105e-08
Loss = 1.0569e+00, PNorm = 91.7176, GNorm = 3.8211, lr_0 = 8.8045e-08
Validation rmse = 102.095201
Epoch 33
Loss = 9.9836e-01, PNorm = 91.7176, GNorm = 3.1396, lr_0 = 8.7986e-08
Loss = 9.5548e-01, PNorm = 91.7176, GNorm = 4.2277, lr_0 = 8.7926e-08
Loss = 1.1531e+00, PNorm = 91.7176, GNorm = 2.9013, lr_0 = 8.7866e-08
Loss = 8.9932e-01, PNorm = 91.7176, GNorm = 3.0221, lr_0 = 8.7806e-08
Loss = 9.2082e-01, PNorm = 91.7176, GNorm = 3.9385, lr_0 = 8.7746e-08
Loss = 1.0363e+00, PNorm = 91.7176, GNorm = 3.2598, lr_0 = 8.7687e-08
Loss = 9.6666e-01, PNorm = 91.7176, GNorm = 3.3424, lr_0 = 8.7627e-08
Loss = 9.2268e-01, PNorm = 91.7177, GNorm = 2.4650, lr_0 = 8.7567e-08
Loss = 8.9915e-01, PNorm = 91.7177, GNorm = 3.2566, lr_0 = 8.7508e-08
Loss = 1.0505e+00, PNorm = 91.7177, GNorm = 3.2690, lr_0 = 8.7448e-08
Loss = 9.0383e-01, PNorm = 91.7177, GNorm = 2.8437, lr_0 = 8.7389e-08
Loss = 1.0457e+00, PNorm = 91.7177, GNorm = 3.2723, lr_0 = 8.7329e-08
Loss = 9.7853e-01, PNorm = 91.7177, GNorm = 3.5141, lr_0 = 8.7270e-08
Loss = 1.0778e+00, PNorm = 91.7177, GNorm = 3.8526, lr_0 = 8.7210e-08
Loss = 9.8895e-01, PNorm = 91.7177, GNorm = 2.8120, lr_0 = 8.7151e-08
Validation rmse = 102.046051
Epoch 34
Loss = 1.0130e+00, PNorm = 91.7177, GNorm = 3.6648, lr_0 = 8.7086e-08
Loss = 9.1627e-01, PNorm = 91.7177, GNorm = 2.6422, lr_0 = 8.7026e-08
Loss = 9.8945e-01, PNorm = 91.7177, GNorm = 5.5646, lr_0 = 8.6967e-08
Loss = 1.0683e+00, PNorm = 91.7177, GNorm = 3.4651, lr_0 = 8.6908e-08
Loss = 9.3782e-01, PNorm = 91.7177, GNorm = 3.3382, lr_0 = 8.6849e-08
Loss = 1.0620e+00, PNorm = 91.7177, GNorm = 3.5378, lr_0 = 8.6790e-08
Loss = 9.3568e-01, PNorm = 91.7177, GNorm = 2.6128, lr_0 = 8.6731e-08
Loss = 9.3799e-01, PNorm = 91.7177, GNorm = 3.2167, lr_0 = 8.6672e-08
Loss = 9.6691e-01, PNorm = 91.7177, GNorm = 3.3794, lr_0 = 8.6613e-08
Loss = 1.0037e+00, PNorm = 91.7177, GNorm = 2.8365, lr_0 = 8.6554e-08
Loss = 9.6841e-01, PNorm = 91.7177, GNorm = 2.8530, lr_0 = 8.6495e-08
Loss = 9.7099e-01, PNorm = 91.7177, GNorm = 3.2663, lr_0 = 8.6436e-08
Loss = 1.0102e+00, PNorm = 91.7177, GNorm = 3.2872, lr_0 = 8.6377e-08
Loss = 9.8296e-01, PNorm = 91.7177, GNorm = 3.2359, lr_0 = 8.6318e-08
Loss = 8.9622e-01, PNorm = 91.7177, GNorm = 3.3377, lr_0 = 8.6259e-08
Loss = 1.0839e+00, PNorm = 91.7177, GNorm = 3.1436, lr_0 = 8.6201e-08
Validation rmse = 101.982915
Epoch 35
Loss = 9.5934e-01, PNorm = 91.7177, GNorm = 3.3515, lr_0 = 8.6142e-08
Loss = 9.7576e-01, PNorm = 91.7177, GNorm = 3.3626, lr_0 = 8.6083e-08
Loss = 9.6075e-01, PNorm = 91.7177, GNorm = 3.1387, lr_0 = 8.6025e-08
Loss = 9.2957e-01, PNorm = 91.7177, GNorm = 4.2217, lr_0 = 8.5966e-08
Loss = 9.4126e-01, PNorm = 91.7177, GNorm = 2.7207, lr_0 = 8.5908e-08
Loss = 9.8663e-01, PNorm = 91.7177, GNorm = 3.5005, lr_0 = 8.5849e-08
Loss = 1.0143e+00, PNorm = 91.7177, GNorm = 3.0348, lr_0 = 8.5791e-08
Loss = 1.0363e+00, PNorm = 91.7177, GNorm = 3.5755, lr_0 = 8.5733e-08
Loss = 9.4783e-01, PNorm = 91.7177, GNorm = 2.8037, lr_0 = 8.5674e-08
Loss = 1.0675e+00, PNorm = 91.7177, GNorm = 2.9535, lr_0 = 8.5616e-08
Loss = 1.0489e+00, PNorm = 91.7177, GNorm = 3.3031, lr_0 = 8.5558e-08
Loss = 1.0743e+00, PNorm = 91.7177, GNorm = 3.1560, lr_0 = 8.5499e-08
Loss = 1.0302e+00, PNorm = 91.7177, GNorm = 3.9234, lr_0 = 8.5441e-08
Loss = 9.1692e-01, PNorm = 91.7177, GNorm = 3.1144, lr_0 = 8.5383e-08
Loss = 8.9551e-01, PNorm = 91.7177, GNorm = 4.4739, lr_0 = 8.5325e-08
Validation rmse = 101.934122
Epoch 36
Loss = 1.0150e+00, PNorm = 91.7177, GNorm = 2.8440, lr_0 = 8.5267e-08
Loss = 1.0620e+00, PNorm = 91.7177, GNorm = 4.0551, lr_0 = 8.5209e-08
Loss = 9.7191e-01, PNorm = 91.7177, GNorm = 3.0611, lr_0 = 8.5151e-08
Loss = 1.0515e+00, PNorm = 91.7177, GNorm = 3.8295, lr_0 = 8.5093e-08
Loss = 1.0243e+00, PNorm = 91.7177, GNorm = 4.1803, lr_0 = 8.5035e-08
Loss = 8.4598e-01, PNorm = 91.7177, GNorm = 3.5199, lr_0 = 8.4977e-08
Loss = 1.0694e+00, PNorm = 91.7177, GNorm = 2.9246, lr_0 = 8.4919e-08
Loss = 9.3628e-01, PNorm = 91.7177, GNorm = 3.0391, lr_0 = 8.4861e-08
Loss = 9.2706e-01, PNorm = 91.7177, GNorm = 2.4590, lr_0 = 8.4804e-08
Loss = 8.9991e-01, PNorm = 91.7177, GNorm = 2.8139, lr_0 = 8.4746e-08
Loss = 1.1169e+00, PNorm = 91.7177, GNorm = 3.3622, lr_0 = 8.4688e-08
Loss = 8.6812e-01, PNorm = 91.7177, GNorm = 2.9895, lr_0 = 8.4631e-08
Loss = 8.9271e-01, PNorm = 91.7177, GNorm = 2.8582, lr_0 = 8.4573e-08
Loss = 1.0989e+00, PNorm = 91.7177, GNorm = 2.8412, lr_0 = 8.4515e-08
Loss = 9.2153e-01, PNorm = 91.7177, GNorm = 4.1465, lr_0 = 8.4458e-08
Loss = 9.3588e-01, PNorm = 91.7177, GNorm = 3.1181, lr_0 = 8.4400e-08
Validation rmse = 101.868085
Epoch 37
Loss = 8.9882e-01, PNorm = 91.7177, GNorm = 2.4683, lr_0 = 8.4343e-08
Loss = 1.0221e+00, PNorm = 91.7177, GNorm = 3.9626, lr_0 = 8.4286e-08
Loss = 8.8193e-01, PNorm = 91.7177, GNorm = 3.6608, lr_0 = 8.4228e-08
Loss = 1.0527e+00, PNorm = 91.7177, GNorm = 3.6869, lr_0 = 8.4171e-08
Loss = 9.9222e-01, PNorm = 91.7177, GNorm = 3.5520, lr_0 = 8.4114e-08
Loss = 1.1276e+00, PNorm = 91.7177, GNorm = 2.8020, lr_0 = 8.4056e-08
Loss = 1.0097e+00, PNorm = 91.7177, GNorm = 3.9371, lr_0 = 8.3999e-08
Loss = 9.2871e-01, PNorm = 91.7177, GNorm = 3.0868, lr_0 = 8.3942e-08
Loss = 9.3101e-01, PNorm = 91.7177, GNorm = 2.8784, lr_0 = 8.3885e-08
Loss = 9.8069e-01, PNorm = 91.7177, GNorm = 2.9396, lr_0 = 8.3828e-08
Loss = 9.8098e-01, PNorm = 91.7177, GNorm = 2.8961, lr_0 = 8.3771e-08
Loss = 9.6397e-01, PNorm = 91.7177, GNorm = 3.5272, lr_0 = 8.3714e-08
Loss = 9.1081e-01, PNorm = 91.7177, GNorm = 2.7413, lr_0 = 8.3657e-08
Loss = 9.1222e-01, PNorm = 91.7177, GNorm = 3.0553, lr_0 = 8.3600e-08
Loss = 1.1438e+00, PNorm = 91.7177, GNorm = 5.2679, lr_0 = 8.3543e-08
Validation rmse = 101.810029
Epoch 38
Loss = 8.5335e-01, PNorm = 91.7177, GNorm = 2.8308, lr_0 = 8.3480e-08
Loss = 1.0548e+00, PNorm = 91.7177, GNorm = 3.3015, lr_0 = 8.3423e-08
Loss = 9.1592e-01, PNorm = 91.7177, GNorm = 2.9529, lr_0 = 8.3367e-08
Loss = 9.6236e-01, PNorm = 91.7177, GNorm = 3.1162, lr_0 = 8.3310e-08
Loss = 1.0623e+00, PNorm = 91.7177, GNorm = 4.4367, lr_0 = 8.3253e-08
Loss = 8.7211e-01, PNorm = 91.7177, GNorm = 2.6300, lr_0 = 8.3197e-08
Loss = 1.0061e+00, PNorm = 91.7177, GNorm = 3.0495, lr_0 = 8.3140e-08
Loss = 9.0865e-01, PNorm = 91.7177, GNorm = 3.6692, lr_0 = 8.3083e-08
Loss = 1.0770e+00, PNorm = 91.7177, GNorm = 5.0799, lr_0 = 8.3027e-08
Loss = 9.8412e-01, PNorm = 91.7177, GNorm = 2.6052, lr_0 = 8.2970e-08
Loss = 9.2757e-01, PNorm = 91.7177, GNorm = 2.4189, lr_0 = 8.2914e-08
Loss = 1.0036e+00, PNorm = 91.7177, GNorm = 3.1970, lr_0 = 8.2857e-08
Loss = 9.6287e-01, PNorm = 91.7177, GNorm = 2.7395, lr_0 = 8.2801e-08
Loss = 8.9041e-01, PNorm = 91.7177, GNorm = 3.3046, lr_0 = 8.2745e-08
Loss = 1.0429e+00, PNorm = 91.7177, GNorm = 2.5800, lr_0 = 8.2688e-08
Loss = 1.0156e+00, PNorm = 91.7177, GNorm = 3.7320, lr_0 = 8.2632e-08
Validation rmse = 101.753610
Epoch 39
Loss = 8.9072e-01, PNorm = 91.7177, GNorm = 3.1556, lr_0 = 8.2576e-08
Loss = 9.4725e-01, PNorm = 91.7177, GNorm = 4.7618, lr_0 = 8.2520e-08
Loss = 8.7679e-01, PNorm = 91.7177, GNorm = 3.0766, lr_0 = 8.2463e-08
Loss = 9.5096e-01, PNorm = 91.7177, GNorm = 3.5376, lr_0 = 8.2407e-08
Loss = 1.0836e+00, PNorm = 91.7177, GNorm = 4.3296, lr_0 = 8.2351e-08
Loss = 9.4757e-01, PNorm = 91.7177, GNorm = 2.8390, lr_0 = 8.2295e-08
Loss = 1.0752e+00, PNorm = 91.7177, GNorm = 3.0239, lr_0 = 8.2239e-08
Loss = 9.4187e-01, PNorm = 91.7177, GNorm = 3.3466, lr_0 = 8.2183e-08
Loss = 1.0017e+00, PNorm = 91.7177, GNorm = 2.6932, lr_0 = 8.2127e-08
Loss = 1.1086e+00, PNorm = 91.7177, GNorm = 2.8078, lr_0 = 8.2071e-08
Loss = 9.0971e-01, PNorm = 91.7177, GNorm = 2.4447, lr_0 = 8.2016e-08
Loss = 9.5239e-01, PNorm = 91.7177, GNorm = 2.9469, lr_0 = 8.1960e-08
Loss = 9.7208e-01, PNorm = 91.7177, GNorm = 3.2290, lr_0 = 8.1904e-08
Loss = 9.8413e-01, PNorm = 91.7177, GNorm = 2.6988, lr_0 = 8.1848e-08
Loss = 9.5634e-01, PNorm = 91.7177, GNorm = 2.8799, lr_0 = 8.1792e-08
Loss = 1.0126e+00, PNorm = 91.7177, GNorm = 3.0643, lr_0 = 8.1737e-08
Validation rmse = 101.705307
Epoch 40
Loss = 9.5446e-01, PNorm = 91.7177, GNorm = 3.3044, lr_0 = 8.1681e-08
Loss = 8.9513e-01, PNorm = 91.7177, GNorm = 2.6067, lr_0 = 8.1626e-08
Loss = 9.5507e-01, PNorm = 91.7177, GNorm = 2.5855, lr_0 = 8.1570e-08
Loss = 8.4936e-01, PNorm = 91.7177, GNorm = 4.1085, lr_0 = 8.1515e-08
Loss = 1.0704e+00, PNorm = 91.7177, GNorm = 3.2008, lr_0 = 8.1459e-08
Loss = 9.1498e-01, PNorm = 91.7177, GNorm = 3.1410, lr_0 = 8.1404e-08
Loss = 1.0699e+00, PNorm = 91.7177, GNorm = 3.8184, lr_0 = 8.1348e-08
Loss = 1.0139e+00, PNorm = 91.7177, GNorm = 4.4121, lr_0 = 8.1293e-08
Loss = 1.0860e+00, PNorm = 91.7177, GNorm = 2.8914, lr_0 = 8.1237e-08
Loss = 8.8959e-01, PNorm = 91.7177, GNorm = 2.3607, lr_0 = 8.1182e-08
Loss = 1.0986e+00, PNorm = 91.7177, GNorm = 3.1394, lr_0 = 8.1127e-08
Loss = 8.2848e-01, PNorm = 91.7177, GNorm = 3.1260, lr_0 = 8.1072e-08
Loss = 1.0490e+00, PNorm = 91.7177, GNorm = 3.4338, lr_0 = 8.1017e-08
Loss = 1.0178e+00, PNorm = 91.7177, GNorm = 2.8923, lr_0 = 8.0961e-08
Loss = 9.3504e-01, PNorm = 91.7177, GNorm = 2.8552, lr_0 = 8.0906e-08
Validation rmse = 101.648218
Epoch 41
Loss = 1.0657e+00, PNorm = 91.7177, GNorm = 3.1304, lr_0 = 8.0851e-08
Loss = 9.0562e-01, PNorm = 91.7177, GNorm = 2.6056, lr_0 = 8.0796e-08
Loss = 1.1327e+00, PNorm = 91.7177, GNorm = 3.0025, lr_0 = 8.0741e-08
Loss = 9.1879e-01, PNorm = 91.7177, GNorm = 2.7202, lr_0 = 8.0686e-08
Loss = 1.0412e+00, PNorm = 91.7177, GNorm = 4.4983, lr_0 = 8.0631e-08
Loss = 1.0486e+00, PNorm = 91.7177, GNorm = 2.8349, lr_0 = 8.0576e-08
Loss = 9.1927e-01, PNorm = 91.7177, GNorm = 2.7713, lr_0 = 8.0522e-08
Loss = 9.1046e-01, PNorm = 91.7177, GNorm = 3.4484, lr_0 = 8.0467e-08
Loss = 9.6343e-01, PNorm = 91.7177, GNorm = 3.0363, lr_0 = 8.0412e-08
Loss = 9.5912e-01, PNorm = 91.7177, GNorm = 2.9801, lr_0 = 8.0357e-08
Loss = 9.6260e-01, PNorm = 91.7177, GNorm = 2.7310, lr_0 = 8.0303e-08
Loss = 1.0964e+00, PNorm = 91.7177, GNorm = 2.8832, lr_0 = 8.0248e-08
Loss = 9.0178e-01, PNorm = 91.7177, GNorm = 4.8048, lr_0 = 8.0193e-08
Loss = 9.6194e-01, PNorm = 91.7177, GNorm = 3.1016, lr_0 = 8.0139e-08
Loss = 9.1737e-01, PNorm = 91.7177, GNorm = 2.9253, lr_0 = 8.0084e-08
Loss = 8.9231e-01, PNorm = 91.7177, GNorm = 4.1358, lr_0 = 8.0030e-08
Validation rmse = 101.594310
Epoch 42
Loss = 1.0504e+00, PNorm = 91.7177, GNorm = 2.8715, lr_0 = 7.9975e-08
Loss = 9.3444e-01, PNorm = 91.7177, GNorm = 3.6726, lr_0 = 7.9921e-08
Loss = 9.1158e-01, PNorm = 91.7177, GNorm = 3.0504, lr_0 = 7.9866e-08
Loss = 9.2379e-01, PNorm = 91.7177, GNorm = 3.5126, lr_0 = 7.9812e-08
Loss = 1.0508e+00, PNorm = 91.7178, GNorm = 3.2075, lr_0 = 7.9758e-08
Loss = 1.1345e+00, PNorm = 91.7178, GNorm = 4.7756, lr_0 = 7.9703e-08
Loss = 1.0183e+00, PNorm = 91.7178, GNorm = 3.3991, lr_0 = 7.9649e-08
Loss = 9.3781e-01, PNorm = 91.7178, GNorm = 2.8453, lr_0 = 7.9595e-08
Loss = 9.7401e-01, PNorm = 91.7178, GNorm = 3.9160, lr_0 = 7.9541e-08
Loss = 1.0531e+00, PNorm = 91.7178, GNorm = 3.9889, lr_0 = 7.9487e-08
Loss = 9.5060e-01, PNorm = 91.7178, GNorm = 2.4363, lr_0 = 7.9433e-08
Loss = 9.8578e-01, PNorm = 91.7178, GNorm = 3.0714, lr_0 = 7.9379e-08
Loss = 9.3935e-01, PNorm = 91.7178, GNorm = 3.5222, lr_0 = 7.9324e-08
Loss = 9.5791e-01, PNorm = 91.7178, GNorm = 3.0424, lr_0 = 7.9270e-08
Loss = 9.4630e-01, PNorm = 91.7178, GNorm = 2.9181, lr_0 = 7.9217e-08
Validation rmse = 101.545112
Epoch 43
Loss = 9.2038e-01, PNorm = 91.7178, GNorm = 3.0717, lr_0 = 7.9157e-08
Loss = 8.1463e-01, PNorm = 91.7178, GNorm = 2.5488, lr_0 = 7.9103e-08
Loss = 1.0124e+00, PNorm = 91.7178, GNorm = 3.1408, lr_0 = 7.9050e-08
Loss = 1.0193e+00, PNorm = 91.7178, GNorm = 3.0902, lr_0 = 7.8996e-08
Loss = 9.4456e-01, PNorm = 91.7178, GNorm = 3.1988, lr_0 = 7.8942e-08
Loss = 9.3312e-01, PNorm = 91.7178, GNorm = 2.7268, lr_0 = 7.8888e-08
Loss = 8.7759e-01, PNorm = 91.7178, GNorm = 3.9447, lr_0 = 7.8835e-08
Loss = 1.0034e+00, PNorm = 91.7178, GNorm = 3.9117, lr_0 = 7.8781e-08
Loss = 8.7434e-01, PNorm = 91.7178, GNorm = 3.2758, lr_0 = 7.8727e-08
Loss = 1.0716e+00, PNorm = 91.7178, GNorm = 4.7571, lr_0 = 7.8674e-08
Loss = 1.0012e+00, PNorm = 91.7178, GNorm = 3.2474, lr_0 = 7.8620e-08
Loss = 9.7815e-01, PNorm = 91.7178, GNorm = 3.4237, lr_0 = 7.8567e-08
Loss = 8.9348e-01, PNorm = 91.7178, GNorm = 3.3142, lr_0 = 7.8513e-08
Loss = 1.0494e+00, PNorm = 91.7178, GNorm = 4.9839, lr_0 = 7.8460e-08
Loss = 1.0555e+00, PNorm = 91.7178, GNorm = 2.6596, lr_0 = 7.8406e-08
Loss = 1.1396e+00, PNorm = 91.7178, GNorm = 2.9653, lr_0 = 7.8353e-08
Validation rmse = 101.494512
Epoch 44
Loss = 9.6449e-01, PNorm = 91.7178, GNorm = 3.4181, lr_0 = 7.8300e-08
Loss = 9.3843e-01, PNorm = 91.7178, GNorm = 3.6617, lr_0 = 7.8246e-08
Loss = 9.0567e-01, PNorm = 91.7178, GNorm = 3.0789, lr_0 = 7.8193e-08
Loss = 9.4573e-01, PNorm = 91.7178, GNorm = 2.4355, lr_0 = 7.8140e-08
Loss = 1.0042e+00, PNorm = 91.7178, GNorm = 4.0503, lr_0 = 7.8087e-08
Loss = 9.6462e-01, PNorm = 91.7178, GNorm = 2.9943, lr_0 = 7.8034e-08
Loss = 1.1420e+00, PNorm = 91.7178, GNorm = 3.3794, lr_0 = 7.7980e-08
Loss = 1.0357e+00, PNorm = 91.7178, GNorm = 3.5775, lr_0 = 7.7927e-08
Loss = 9.6014e-01, PNorm = 91.7178, GNorm = 3.1098, lr_0 = 7.7874e-08
Loss = 9.7286e-01, PNorm = 91.7178, GNorm = 2.6940, lr_0 = 7.7821e-08
Loss = 8.5546e-01, PNorm = 91.7178, GNorm = 2.8245, lr_0 = 7.7768e-08
Loss = 9.5844e-01, PNorm = 91.7178, GNorm = 4.5418, lr_0 = 7.7715e-08
Loss = 1.0950e+00, PNorm = 91.7178, GNorm = 3.2854, lr_0 = 7.7662e-08
Loss = 9.0066e-01, PNorm = 91.7178, GNorm = 3.5758, lr_0 = 7.7610e-08
Loss = 8.7507e-01, PNorm = 91.7178, GNorm = 2.9963, lr_0 = 7.7557e-08
Loss = 1.0456e+00, PNorm = 91.7178, GNorm = 3.3636, lr_0 = 7.7504e-08
Validation rmse = 101.435362
Epoch 45
Loss = 1.0170e+00, PNorm = 91.7178, GNorm = 2.9029, lr_0 = 7.7451e-08
Loss = 9.5613e-01, PNorm = 91.7178, GNorm = 3.6732, lr_0 = 7.7399e-08
Loss = 9.0636e-01, PNorm = 91.7178, GNorm = 3.1705, lr_0 = 7.7346e-08
Loss = 9.6207e-01, PNorm = 91.7178, GNorm = 2.7233, lr_0 = 7.7293e-08
Loss = 9.7385e-01, PNorm = 91.7178, GNorm = 3.3420, lr_0 = 7.7241e-08
Loss = 8.9428e-01, PNorm = 91.7178, GNorm = 3.1781, lr_0 = 7.7188e-08
Loss = 9.8971e-01, PNorm = 91.7178, GNorm = 3.3643, lr_0 = 7.7136e-08
Loss = 1.0259e+00, PNorm = 91.7178, GNorm = 3.1727, lr_0 = 7.7083e-08
Loss = 8.8670e-01, PNorm = 91.7178, GNorm = 3.8166, lr_0 = 7.7031e-08
Loss = 1.0685e+00, PNorm = 91.7178, GNorm = 3.6563, lr_0 = 7.6978e-08
Loss = 9.3233e-01, PNorm = 91.7178, GNorm = 4.2357, lr_0 = 7.6926e-08
Loss = 9.4517e-01, PNorm = 91.7178, GNorm = 4.0796, lr_0 = 7.6873e-08
Loss = 9.8044e-01, PNorm = 91.7178, GNorm = 3.6122, lr_0 = 7.6821e-08
Loss = 9.4255e-01, PNorm = 91.7178, GNorm = 3.5984, lr_0 = 7.6769e-08
Loss = 1.1189e+00, PNorm = 91.7178, GNorm = 5.5427, lr_0 = 7.6717e-08
Validation rmse = 101.380691
Epoch 46
Loss = 9.4329e-01, PNorm = 91.7178, GNorm = 3.0357, lr_0 = 7.6664e-08
Loss = 8.2501e-01, PNorm = 91.7178, GNorm = 2.8337, lr_0 = 7.6612e-08
Loss = 8.8979e-01, PNorm = 91.7178, GNorm = 3.0670, lr_0 = 7.6560e-08
Loss = 9.1925e-01, PNorm = 91.7178, GNorm = 2.7203, lr_0 = 7.6508e-08
Loss = 9.9892e-01, PNorm = 91.7178, GNorm = 3.7070, lr_0 = 7.6456e-08
Loss = 9.4545e-01, PNorm = 91.7178, GNorm = 3.0644, lr_0 = 7.6404e-08
Loss = 1.0286e+00, PNorm = 91.7178, GNorm = 3.1565, lr_0 = 7.6352e-08
Loss = 1.1665e+00, PNorm = 91.7178, GNorm = 2.8937, lr_0 = 7.6300e-08
Loss = 9.1699e-01, PNorm = 91.7178, GNorm = 2.3974, lr_0 = 7.6248e-08
Loss = 9.6506e-01, PNorm = 91.7178, GNorm = 2.4448, lr_0 = 7.6196e-08
Loss = 9.4046e-01, PNorm = 91.7178, GNorm = 2.8297, lr_0 = 7.6144e-08
Loss = 9.5537e-01, PNorm = 91.7178, GNorm = 3.0537, lr_0 = 7.6092e-08
Loss = 9.8928e-01, PNorm = 91.7178, GNorm = 3.1284, lr_0 = 7.6040e-08
Loss = 1.0171e+00, PNorm = 91.7178, GNorm = 3.4865, lr_0 = 7.5989e-08
Loss = 9.9951e-01, PNorm = 91.7178, GNorm = 2.8539, lr_0 = 7.5937e-08
Loss = 9.5207e-01, PNorm = 91.7178, GNorm = 3.4261, lr_0 = 7.5885e-08
Validation rmse = 101.335022
Epoch 47
Loss = 9.1141e-01, PNorm = 91.7178, GNorm = 2.9071, lr_0 = 7.5834e-08
Loss = 9.6396e-01, PNorm = 91.7178, GNorm = 3.0365, lr_0 = 7.5782e-08
Loss = 8.6942e-01, PNorm = 91.7178, GNorm = 3.6910, lr_0 = 7.5730e-08
Loss = 9.3951e-01, PNorm = 91.7178, GNorm = 2.4848, lr_0 = 7.5679e-08
Loss = 1.0788e+00, PNorm = 91.7178, GNorm = 3.7161, lr_0 = 7.5627e-08
Loss = 9.4874e-01, PNorm = 91.7178, GNorm = 2.9762, lr_0 = 7.5576e-08
Loss = 1.0151e+00, PNorm = 91.7178, GNorm = 3.5756, lr_0 = 7.5525e-08
Loss = 1.0255e+00, PNorm = 91.7178, GNorm = 3.1467, lr_0 = 7.5473e-08
Loss = 9.2438e-01, PNorm = 91.7178, GNorm = 2.7896, lr_0 = 7.5422e-08
Loss = 1.0668e+00, PNorm = 91.7178, GNorm = 3.3308, lr_0 = 7.5370e-08
Loss = 8.4056e-01, PNorm = 91.7178, GNorm = 2.7481, lr_0 = 7.5319e-08
Loss = 9.3620e-01, PNorm = 91.7178, GNorm = 4.8387, lr_0 = 7.5268e-08
Loss = 1.0917e+00, PNorm = 91.7178, GNorm = 3.4414, lr_0 = 7.5217e-08
Loss = 9.7644e-01, PNorm = 91.7178, GNorm = 3.0805, lr_0 = 7.5165e-08
Loss = 9.3123e-01, PNorm = 91.7178, GNorm = 3.1687, lr_0 = 7.5114e-08
Validation rmse = 101.286151
Epoch 48
Loss = 9.7115e-01, PNorm = 91.7178, GNorm = 3.5694, lr_0 = 7.5058e-08
Loss = 9.5320e-01, PNorm = 91.7178, GNorm = 2.6221, lr_0 = 7.5007e-08
Loss = 1.0105e+00, PNorm = 91.7178, GNorm = 2.7124, lr_0 = 7.4956e-08
Loss = 1.0525e+00, PNorm = 91.7178, GNorm = 3.1931, lr_0 = 7.4905e-08
Loss = 1.0089e+00, PNorm = 91.7178, GNorm = 3.1217, lr_0 = 7.4854e-08
Loss = 9.9296e-01, PNorm = 91.7178, GNorm = 3.4353, lr_0 = 7.4803e-08
Loss = 1.0035e+00, PNorm = 91.7178, GNorm = 3.3550, lr_0 = 7.4752e-08
Loss = 9.5465e-01, PNorm = 91.7178, GNorm = 2.8193, lr_0 = 7.4701e-08
Loss = 9.4214e-01, PNorm = 91.7178, GNorm = 2.6395, lr_0 = 7.4650e-08
Loss = 9.4602e-01, PNorm = 91.7178, GNorm = 2.9070, lr_0 = 7.4600e-08
Loss = 9.2939e-01, PNorm = 91.7178, GNorm = 2.7260, lr_0 = 7.4549e-08
Loss = 8.9113e-01, PNorm = 91.7178, GNorm = 2.8259, lr_0 = 7.4498e-08
Loss = 9.2843e-01, PNorm = 91.7178, GNorm = 3.1157, lr_0 = 7.4447e-08
Loss = 1.0074e+00, PNorm = 91.7178, GNorm = 4.2532, lr_0 = 7.4397e-08
Loss = 9.5781e-01, PNorm = 91.7178, GNorm = 3.0294, lr_0 = 7.4346e-08
Loss = 9.2558e-01, PNorm = 91.7178, GNorm = 2.6046, lr_0 = 7.4295e-08
Validation rmse = 101.234731
Epoch 49
Loss = 1.1049e+00, PNorm = 91.7178, GNorm = 5.4336, lr_0 = 7.4245e-08
Loss = 8.0695e-01, PNorm = 91.7178, GNorm = 3.1577, lr_0 = 7.4194e-08
Loss = 1.0990e+00, PNorm = 91.7178, GNorm = 3.5766, lr_0 = 7.4144e-08
Loss = 9.4997e-01, PNorm = 91.7178, GNorm = 3.4890, lr_0 = 7.4093e-08
Loss = 1.0221e+00, PNorm = 91.7178, GNorm = 2.9225, lr_0 = 7.4043e-08
Loss = 1.0471e+00, PNorm = 91.7178, GNorm = 2.9918, lr_0 = 7.3993e-08
Loss = 9.2260e-01, PNorm = 91.7178, GNorm = 2.6118, lr_0 = 7.3942e-08
Loss = 9.7708e-01, PNorm = 91.7178, GNorm = 3.2202, lr_0 = 7.3892e-08
Loss = 1.0445e+00, PNorm = 91.7178, GNorm = 3.7369, lr_0 = 7.3842e-08
Loss = 9.8992e-01, PNorm = 91.7178, GNorm = 3.7868, lr_0 = 7.3791e-08
Loss = 8.9612e-01, PNorm = 91.7178, GNorm = 3.2714, lr_0 = 7.3751e-08
Loss = 9.9772e-01, PNorm = 91.7179, GNorm = 3.0799, lr_0 = 7.3751e-08
Loss = 8.8028e-01, PNorm = 91.7179, GNorm = 3.2708, lr_0 = 7.3751e-08
Loss = 9.5323e-01, PNorm = 91.7179, GNorm = 3.7366, lr_0 = 7.3751e-08
Loss = 9.4387e-01, PNorm = 91.7179, GNorm = 3.1495, lr_0 = 7.3751e-08
Validation rmse = 101.191681
Model 0 best validation rmse = 101.191681 on epoch 49
Loading pretrained parameter "encoder.encoder.0.cached_zero_vector".
Loading pretrained parameter "encoder.encoder.0.W_i.weight".
Loading pretrained parameter "encoder.encoder.0.W_h.weight".
Loading pretrained parameter "encoder.encoder.0.W_o.weight".
Loading pretrained parameter "encoder.encoder.0.W_o.bias".
Loading pretrained parameter "encoder.encoder.1.cached_zero_vector".
Loading pretrained parameter "encoder.encoder.1.W_i.weight".
Loading pretrained parameter "encoder.encoder.1.W_h.weight".
Loading pretrained parameter "encoder.encoder.1.W_o.weight".
Loading pretrained parameter "encoder.encoder.1.W_o.bias".
Loading pretrained parameter "ffn.1.weight".
Loading pretrained parameter "ffn.1.bias".
Loading pretrained parameter "ffn.4.weight".
Loading pretrained parameter "ffn.4.bias".
Loading pretrained parameter "ffn.7.weight".
Loading pretrained parameter "ffn.7.bias".
Moving model to cuda
Model 0 test rmse = 94.041078
Ensemble test rmse = 94.041078
1-fold cross validation
	Seed 0 ==> test rmse = 94.041078
Overall test rmse = 94.041078 +/- 0.000000
Elapsed time = 0:37:54
