Command line
python predict2.py log_lifetime scaffold
Args
{'activation': 'ReLU',
 'adding_h': False,
 'aggregation': 'mean',
 'aggregation_norm': 100,
 'alternative_loss_function': None,
 'atom_descriptor_scaling': True,
 'atom_descriptors': None,
 'atom_descriptors_path': None,
 'atom_descriptors_size': 0,
 'atom_features_size': 0,
 'atom_messages': False,
 'batch_size': 50,
 'bias': False,
 'bond_feature_scaling': True,
 'bond_features_path': None,
 'bond_features_size': 0,
 'cache_cutoff': 10000,
 'checkpoint_dir': None,
 'checkpoint_frzn': None,
 'checkpoint_path': None,
 'checkpoint_paths': None,
 'class_balance': False,
 'config_path': None,
 'crossval_index_dir': None,
 'crossval_index_file': None,
 'crossval_index_sets': None,
 'cuda': True,
 'data_path': '../uvvisml/data/splits/log_lifetime/deep4chem/scaffold/smiles_target_train.csv',
 'data_weights_path': None,
 'dataset_type': 'regression',
 'depth': 3,
 'device': device(type='cuda', index=0),
 'dropout': 0.0,
 'empty_cache': False,
 'ensemble_size': 1,
 'epochs': 100,
 'explicit_h': False,
 'extra_metrics': [],
 'features_generator': None,
 'features_only': False,
 'features_path': None,
 'features_scaling': True,
 'features_size': None,
 'ffn_hidden_size': 300,
 'ffn_num_layers': 2,
 'final_lr': 0.0001,
 'folds_file': None,
 'freeze_first_only': False,
 'frzn_ffn_layers': 0,
 'gpu': 0,
 'grad_clip': None,
 'hidden_size': 300,
 'ignore_columns': None,
 'init_lr': 0.0001,
 'log_frequency': 10,
 'max_data_size': None,
 'max_lr': 0.001,
 'metric': 'rmse',
 'metrics': ['rmse'],
 'minimize_score': True,
 'mpn_shared': False,
 'multiclass_num_classes': 3,
 'no_atom_descriptor_scaling': False,
 'no_bond_features_scaling': False,
 'no_cache_mol': False,
 'no_cuda': False,
 'no_features_scaling': False,
 'num_folds': 1,
 'num_lrs': 1,
 'num_tasks': 1,
 'num_workers': 8,
 'number_of_molecules': 2,
 'overwrite_default_atom_features': False,
 'overwrite_default_bond_features': False,
 'phase_features_path': None,
 'pytorch_seed': 0,
 'quiet': False,
 'reaction': False,
 'reaction_mode': 'reac_diff',
 'resume_experiment': False,
 'save_dir': '../uvvisml/models/log_lifetime_checkpoints/scaffold',
 'save_preds': False,
 'save_smiles_splits': False,
 'seed': 0,
 'separate_test_atom_descriptors_path': None,
 'separate_test_bond_features_path': None,
 'separate_test_features_path': None,
 'separate_test_path': '../uvvisml/data/splits/log_lifetime/deep4chem/scaffold/smiles_target_test.csv',
 'separate_test_phase_features_path': None,
 'separate_val_atom_descriptors_path': None,
 'separate_val_bond_features_path': None,
 'separate_val_features_path': None,
 'separate_val_path': '../uvvisml/data/splits/log_lifetime/deep4chem/scaffold/smiles_target_val.csv',
 'separate_val_phase_features_path': None,
 'show_individual_scores': False,
 'smiles_columns': ['smiles', 'solvent'],
 'spectra_activation': 'exp',
 'spectra_phase_mask_path': None,
 'spectra_target_floor': 1e-08,
 'split_key_molecule': 0,
 'split_sizes': (1.0, 0.0, 0.0),
 'split_type': 'random',
 'target_columns': None,
 'target_weights': None,
 'task_names': ['log_lifetime'],
 'test': False,
 'test_fold_index': None,
 'train_data_size': None,
 'undirected': False,
 'use_input_features': False,
 'val_fold_index': None,
 'warmup_epochs': 2.0}
Setting molecule featurization parameters to default.
Loading data
Number of tasks = 1
Fold 0
Splitting data with seed 0
Total size = 5,448 | train size = 5,448 | val size = 681 | test size = 681
Fitting scaler
Building model 0
MoleculeModel(
  (encoder): MPN(
    (encoder): ModuleList(
      (0): MPNEncoder(
        (dropout_layer): Dropout(p=0.0, inplace=False)
        (act_func): ReLU()
        (W_i): Linear(in_features=147, out_features=300, bias=False)
        (W_h): Linear(in_features=300, out_features=300, bias=False)
        (W_o): Linear(in_features=433, out_features=300, bias=True)
      )
      (1): MPNEncoder(
        (dropout_layer): Dropout(p=0.0, inplace=False)
        (act_func): ReLU()
        (W_i): Linear(in_features=147, out_features=300, bias=False)
        (W_h): Linear(in_features=300, out_features=300, bias=False)
        (W_o): Linear(in_features=433, out_features=300, bias=True)
      )
    )
  )
  (ffn): Sequential(
    (0): Dropout(p=0.0, inplace=False)
    (1): Linear(in_features=600, out_features=300, bias=True)
    (2): ReLU()
    (3): Dropout(p=0.0, inplace=False)
    (4): Linear(in_features=300, out_features=1, bias=True)
  )
)
Number of parameters = 709,801
Moving model to cuda
Epoch 0
Loss = 8.1530e-01, PNorm = 45.8392, GNorm = 1.0575, lr_0 = 1.4583e-04
Loss = 1.0268e+00, PNorm = 45.8414, GNorm = 11.6466, lr_0 = 1.8750e-04
Loss = 9.7745e-01, PNorm = 45.8449, GNorm = 4.4559, lr_0 = 2.2917e-04
Loss = 9.8695e-01, PNorm = 45.8498, GNorm = 7.7969, lr_0 = 2.7083e-04
Loss = 1.1283e+00, PNorm = 45.8556, GNorm = 2.3935, lr_0 = 3.1250e-04
Loss = 7.9189e-01, PNorm = 45.8642, GNorm = 2.6895, lr_0 = 3.5417e-04
Loss = 8.9026e-01, PNorm = 45.8746, GNorm = 4.9671, lr_0 = 3.9583e-04
Loss = 8.4126e-01, PNorm = 45.8871, GNorm = 5.1603, lr_0 = 4.3750e-04
Loss = 8.4253e-01, PNorm = 45.8985, GNorm = 5.0657, lr_0 = 4.7917e-04
Loss = 7.6535e-01, PNorm = 45.9133, GNorm = 2.7853, lr_0 = 5.2083e-04
Validation rmse = 0.485862
Epoch 1
Loss = 7.0906e-01, PNorm = 45.9389, GNorm = 1.8085, lr_0 = 5.6667e-04
Loss = 9.8107e-01, PNorm = 45.9635, GNorm = 4.5760, lr_0 = 6.0833e-04
Loss = 8.8198e-01, PNorm = 45.9927, GNorm = 3.3803, lr_0 = 6.5000e-04
Loss = 9.5808e-01, PNorm = 46.0302, GNorm = 5.5176, lr_0 = 6.9167e-04
Loss = 8.9022e-01, PNorm = 46.0645, GNorm = 1.7947, lr_0 = 7.3333e-04
Loss = 7.7885e-01, PNorm = 46.1083, GNorm = 3.1262, lr_0 = 7.7500e-04
Loss = 6.5325e-01, PNorm = 46.1466, GNorm = 1.9855, lr_0 = 8.1667e-04
Loss = 6.8659e-01, PNorm = 46.1899, GNorm = 1.1989, lr_0 = 8.5833e-04
Loss = 7.8312e-01, PNorm = 46.2394, GNorm = 3.0856, lr_0 = 9.0000e-04
Loss = 6.8575e-01, PNorm = 46.2880, GNorm = 3.6730, lr_0 = 9.4167e-04
Loss = 8.7264e-01, PNorm = 46.3444, GNorm = 2.5295, lr_0 = 9.8333e-04
Validation rmse = 0.482180
Epoch 2
Loss = 8.7374e-01, PNorm = 46.4034, GNorm = 6.9415, lr_0 = 9.9870e-04
Loss = 9.5119e-01, PNorm = 46.4689, GNorm = 1.5008, lr_0 = 9.9653e-04
Loss = 7.6755e-01, PNorm = 46.5399, GNorm = 2.0671, lr_0 = 9.9436e-04
Loss = 8.1658e-01, PNorm = 46.6140, GNorm = 3.9950, lr_0 = 9.9220e-04
Loss = 6.9925e-01, PNorm = 46.6885, GNorm = 2.3083, lr_0 = 9.9004e-04
Loss = 6.1616e-01, PNorm = 46.7468, GNorm = 1.8789, lr_0 = 9.8789e-04
Loss = 6.6575e-01, PNorm = 46.7945, GNorm = 0.9723, lr_0 = 9.8574e-04
Loss = 6.0740e-01, PNorm = 46.8574, GNorm = 1.4292, lr_0 = 9.8360e-04
Loss = 6.2618e-01, PNorm = 46.9118, GNorm = 1.6248, lr_0 = 9.8146e-04
Loss = 6.8917e-01, PNorm = 46.9693, GNorm = 0.9836, lr_0 = 9.7933e-04
Loss = 7.5910e-01, PNorm = 47.0392, GNorm = 2.8484, lr_0 = 9.7720e-04
Validation rmse = 0.505970
Epoch 3
Loss = 6.6039e-01, PNorm = 47.1113, GNorm = 1.5814, lr_0 = 9.7508e-04
Loss = 5.7079e-01, PNorm = 47.1853, GNorm = 1.7461, lr_0 = 9.7296e-04
Loss = 7.2123e-01, PNorm = 47.2728, GNorm = 4.6471, lr_0 = 9.7085e-04
Loss = 8.0763e-01, PNorm = 47.3498, GNorm = 5.2385, lr_0 = 9.6874e-04
Loss = 6.4522e-01, PNorm = 47.4267, GNorm = 2.1227, lr_0 = 9.6663e-04
Loss = 6.9536e-01, PNorm = 47.5077, GNorm = 1.3925, lr_0 = 9.6453e-04
Loss = 5.1473e-01, PNorm = 47.5710, GNorm = 2.6423, lr_0 = 9.6243e-04
Loss = 5.7955e-01, PNorm = 47.6278, GNorm = 1.8947, lr_0 = 9.6034e-04
Loss = 6.2873e-01, PNorm = 47.6860, GNorm = 3.6591, lr_0 = 9.5826e-04
Loss = 6.4330e-01, PNorm = 47.7487, GNorm = 1.3580, lr_0 = 9.5617e-04
Loss = 5.8056e-01, PNorm = 47.8025, GNorm = 1.3409, lr_0 = 9.5410e-04
Validation rmse = 0.486666
Epoch 4
Loss = 5.7485e-01, PNorm = 47.8479, GNorm = 2.3872, lr_0 = 9.5202e-04
Loss = 4.4508e-01, PNorm = 47.9093, GNorm = 2.6910, lr_0 = 9.4995e-04
Loss = 6.2870e-01, PNorm = 47.9665, GNorm = 1.2540, lr_0 = 9.4789e-04
Loss = 7.4200e-01, PNorm = 48.0391, GNorm = 3.7823, lr_0 = 9.4583e-04
Loss = 6.1002e-01, PNorm = 48.1142, GNorm = 1.4045, lr_0 = 9.4377e-04
Loss = 5.9085e-01, PNorm = 48.1805, GNorm = 1.3290, lr_0 = 9.4172e-04
Loss = 4.9137e-01, PNorm = 48.2403, GNorm = 2.6711, lr_0 = 9.3968e-04
Loss = 4.8477e-01, PNorm = 48.2890, GNorm = 2.1291, lr_0 = 9.3763e-04
Loss = 4.9539e-01, PNorm = 48.3444, GNorm = 1.6848, lr_0 = 9.3560e-04
Loss = 4.4575e-01, PNorm = 48.3769, GNorm = 1.7481, lr_0 = 9.3356e-04
Loss = 5.4955e-01, PNorm = 48.4224, GNorm = 0.9224, lr_0 = 9.3153e-04
Validation rmse = 0.482192
Epoch 5
Loss = 4.7287e-01, PNorm = 48.4616, GNorm = 1.6041, lr_0 = 9.2951e-04
Loss = 5.6453e-01, PNorm = 48.5090, GNorm = 2.0807, lr_0 = 9.2749e-04
Loss = 5.2781e-01, PNorm = 48.5634, GNorm = 1.3974, lr_0 = 9.2547e-04
Loss = 5.5552e-01, PNorm = 48.6184, GNorm = 6.7321, lr_0 = 9.2346e-04
Loss = 4.8482e-01, PNorm = 48.6571, GNorm = 1.8983, lr_0 = 9.2146e-04
Loss = 4.5354e-01, PNorm = 48.7133, GNorm = 1.0702, lr_0 = 9.1945e-04
Loss = 4.5685e-01, PNorm = 48.7624, GNorm = 1.5498, lr_0 = 9.1746e-04
Loss = 4.7058e-01, PNorm = 48.8096, GNorm = 2.3024, lr_0 = 9.1546e-04
Loss = 5.0457e-01, PNorm = 48.8507, GNorm = 1.9900, lr_0 = 9.1347e-04
Loss = 4.6458e-01, PNorm = 48.8959, GNorm = 1.8699, lr_0 = 9.1149e-04
Loss = 4.3113e-01, PNorm = 48.9418, GNorm = 1.6045, lr_0 = 9.0951e-04
Validation rmse = 0.496542
Epoch 6
Loss = 4.4487e-01, PNorm = 48.9723, GNorm = 1.6185, lr_0 = 9.0753e-04
Loss = 4.2394e-01, PNorm = 49.0156, GNorm = 2.7950, lr_0 = 9.0556e-04
Loss = 4.2865e-01, PNorm = 49.0517, GNorm = 2.4816, lr_0 = 9.0359e-04
Loss = 3.8587e-01, PNorm = 49.1004, GNorm = 3.0373, lr_0 = 9.0163e-04
Loss = 5.0575e-01, PNorm = 49.1658, GNorm = 1.1891, lr_0 = 8.9967e-04
Loss = 5.1369e-01, PNorm = 49.2063, GNorm = 1.9799, lr_0 = 8.9771e-04
Loss = 5.1681e-01, PNorm = 49.2388, GNorm = 2.4111, lr_0 = 8.9576e-04
Loss = 4.4543e-01, PNorm = 49.2814, GNorm = 2.0670, lr_0 = 8.9381e-04
Loss = 4.1493e-01, PNorm = 49.3210, GNorm = 4.2030, lr_0 = 8.9187e-04
Loss = 3.9270e-01, PNorm = 49.3785, GNorm = 3.7816, lr_0 = 8.8993e-04
Loss = 5.7055e-01, PNorm = 49.4383, GNorm = 1.4819, lr_0 = 8.8800e-04
Validation rmse = 0.500101
Epoch 7
Loss = 4.5705e-01, PNorm = 49.4884, GNorm = 1.3521, lr_0 = 8.8607e-04
Loss = 4.8428e-01, PNorm = 49.5319, GNorm = 0.9855, lr_0 = 8.8414e-04
Loss = 5.2031e-01, PNorm = 49.5708, GNorm = 5.4172, lr_0 = 8.8222e-04
Loss = 4.5274e-01, PNorm = 49.6178, GNorm = 3.3978, lr_0 = 8.8031e-04
Loss = 3.9235e-01, PNorm = 49.6747, GNorm = 2.7862, lr_0 = 8.7839e-04
Loss = 4.2046e-01, PNorm = 49.7221, GNorm = 1.3539, lr_0 = 8.7648e-04
Loss = 4.0078e-01, PNorm = 49.7650, GNorm = 1.0119, lr_0 = 8.7458e-04
Loss = 4.2505e-01, PNorm = 49.8140, GNorm = 2.0449, lr_0 = 8.7268e-04
Loss = 3.9800e-01, PNorm = 49.8602, GNorm = 2.3048, lr_0 = 8.7078e-04
Loss = 4.4954e-01, PNorm = 49.8921, GNorm = 1.6705, lr_0 = 8.6889e-04
Loss = 4.1137e-01, PNorm = 49.9268, GNorm = 1.0951, lr_0 = 8.6700e-04
Validation rmse = 0.486093
Epoch 8
Loss = 4.4004e-01, PNorm = 49.9827, GNorm = 1.7651, lr_0 = 8.6512e-04
Loss = 3.5254e-01, PNorm = 50.0388, GNorm = 2.4024, lr_0 = 8.6324e-04
Loss = 4.5097e-01, PNorm = 50.0784, GNorm = 3.2087, lr_0 = 8.6136e-04
Loss = 4.6080e-01, PNorm = 50.1145, GNorm = 2.2524, lr_0 = 8.5949e-04
Loss = 4.5087e-01, PNorm = 50.1581, GNorm = 1.1022, lr_0 = 8.5762e-04
Loss = 4.0777e-01, PNorm = 50.1843, GNorm = 1.1197, lr_0 = 8.5576e-04
Loss = 3.9303e-01, PNorm = 50.2160, GNorm = 1.6661, lr_0 = 8.5390e-04
Loss = 3.8892e-01, PNorm = 50.2560, GNorm = 1.9461, lr_0 = 8.5204e-04
Loss = 3.3978e-01, PNorm = 50.2901, GNorm = 0.6404, lr_0 = 8.5019e-04
Loss = 3.8287e-01, PNorm = 50.3119, GNorm = 1.2483, lr_0 = 8.4834e-04
Loss = 3.4603e-01, PNorm = 50.3281, GNorm = 1.7740, lr_0 = 8.4650e-04
Validation rmse = 0.478425
Epoch 9
Loss = 3.5150e-01, PNorm = 50.3642, GNorm = 2.5834, lr_0 = 8.4466e-04
Loss = 2.7823e-01, PNorm = 50.4025, GNorm = 0.8013, lr_0 = 8.4282e-04
Loss = 3.2874e-01, PNorm = 50.4462, GNorm = 1.9954, lr_0 = 8.4099e-04
Loss = 3.4609e-01, PNorm = 50.4669, GNorm = 2.0923, lr_0 = 8.3916e-04
Loss = 4.8651e-01, PNorm = 50.4931, GNorm = 2.1650, lr_0 = 8.3734e-04
Loss = 4.1220e-01, PNorm = 50.5163, GNorm = 1.2606, lr_0 = 8.3552e-04
Loss = 3.9195e-01, PNorm = 50.5470, GNorm = 1.2737, lr_0 = 8.3371e-04
Loss = 3.1595e-01, PNorm = 50.5895, GNorm = 1.3227, lr_0 = 8.3189e-04
Loss = 3.9330e-01, PNorm = 50.6323, GNorm = 1.3764, lr_0 = 8.3009e-04
Loss = 3.7098e-01, PNorm = 50.6764, GNorm = 1.8543, lr_0 = 8.2828e-04
Validation rmse = 0.517921
Epoch 10
Loss = 4.9243e-01, PNorm = 50.7252, GNorm = 1.7287, lr_0 = 8.2648e-04
Loss = 3.4879e-01, PNorm = 50.7790, GNorm = 1.2973, lr_0 = 8.2469e-04
Loss = 3.5670e-01, PNorm = 50.8182, GNorm = 0.7549, lr_0 = 8.2289e-04
Loss = 3.7321e-01, PNorm = 50.8536, GNorm = 2.0379, lr_0 = 8.2111e-04
Loss = 3.5405e-01, PNorm = 50.8924, GNorm = 1.5414, lr_0 = 8.1932e-04
Loss = 3.2875e-01, PNorm = 50.9255, GNorm = 1.2099, lr_0 = 8.1754e-04
Loss = 3.4032e-01, PNorm = 50.9470, GNorm = 2.2493, lr_0 = 8.1576e-04
Loss = 3.7428e-01, PNorm = 50.9654, GNorm = 2.5745, lr_0 = 8.1399e-04
Loss = 3.2048e-01, PNorm = 50.9974, GNorm = 1.3811, lr_0 = 8.1222e-04
Loss = 3.0028e-01, PNorm = 51.0417, GNorm = 1.7290, lr_0 = 8.1046e-04
Loss = 3.7330e-01, PNorm = 51.0812, GNorm = 1.1766, lr_0 = 8.0870e-04
Validation rmse = 0.490243
Epoch 11
Loss = 3.0476e-01, PNorm = 51.1157, GNorm = 0.8762, lr_0 = 8.0694e-04
Loss = 4.0918e-01, PNorm = 51.1607, GNorm = 0.9433, lr_0 = 8.0519e-04
Loss = 3.0748e-01, PNorm = 51.2027, GNorm = 1.0010, lr_0 = 8.0344e-04
Loss = 3.7117e-01, PNorm = 51.2381, GNorm = 2.4417, lr_0 = 8.0169e-04
Loss = 3.6274e-01, PNorm = 51.2742, GNorm = 1.3655, lr_0 = 7.9995e-04
Loss = 3.3071e-01, PNorm = 51.3062, GNorm = 1.7309, lr_0 = 7.9821e-04
Loss = 3.0811e-01, PNorm = 51.3373, GNorm = 1.3480, lr_0 = 7.9647e-04
Loss = 3.3816e-01, PNorm = 51.3695, GNorm = 1.1520, lr_0 = 7.9474e-04
Loss = 2.9086e-01, PNorm = 51.4150, GNorm = 1.8569, lr_0 = 7.9302e-04
Loss = 2.7815e-01, PNorm = 51.4578, GNorm = 0.9869, lr_0 = 7.9129e-04
Loss = 3.1870e-01, PNorm = 51.4980, GNorm = 1.2147, lr_0 = 7.8957e-04
Validation rmse = 0.492749
Epoch 12
Loss = 2.4143e-01, PNorm = 51.5275, GNorm = 1.3097, lr_0 = 7.8786e-04
Loss = 3.3687e-01, PNorm = 51.5656, GNorm = 1.7971, lr_0 = 7.8614e-04
Loss = 3.2562e-01, PNorm = 51.5999, GNorm = 0.9307, lr_0 = 7.8444e-04
Loss = 2.7495e-01, PNorm = 51.6215, GNorm = 1.9235, lr_0 = 7.8273e-04
Loss = 3.6074e-01, PNorm = 51.6540, GNorm = 2.6705, lr_0 = 7.8103e-04
Loss = 2.6356e-01, PNorm = 51.6918, GNorm = 1.3254, lr_0 = 7.7933e-04
Loss = 2.7260e-01, PNorm = 51.7243, GNorm = 1.6880, lr_0 = 7.7764e-04
Loss = 2.7709e-01, PNorm = 51.7567, GNorm = 1.2852, lr_0 = 7.7595e-04
Loss = 3.0947e-01, PNorm = 51.7906, GNorm = 2.4800, lr_0 = 7.7426e-04
Loss = 3.7630e-01, PNorm = 51.8327, GNorm = 1.3612, lr_0 = 7.7258e-04
Loss = 3.0454e-01, PNorm = 51.8835, GNorm = 1.2843, lr_0 = 7.7090e-04
Validation rmse = 0.499446
Epoch 13
Loss = 2.8804e-01, PNorm = 51.9192, GNorm = 1.8838, lr_0 = 7.6923e-04
Loss = 3.4788e-01, PNorm = 51.9659, GNorm = 1.1172, lr_0 = 7.6756e-04
Loss = 3.4362e-01, PNorm = 52.0044, GNorm = 1.2898, lr_0 = 7.6589e-04
Loss = 2.6555e-01, PNorm = 52.0465, GNorm = 1.8151, lr_0 = 7.6422e-04
Loss = 2.9488e-01, PNorm = 52.0777, GNorm = 2.0201, lr_0 = 7.6256e-04
Loss = 2.8992e-01, PNorm = 52.1081, GNorm = 1.1131, lr_0 = 7.6090e-04
Loss = 2.7326e-01, PNorm = 52.1389, GNorm = 1.5951, lr_0 = 7.5925e-04
Loss = 2.8347e-01, PNorm = 52.1689, GNorm = 1.1180, lr_0 = 7.5760e-04
Loss = 3.0906e-01, PNorm = 52.1899, GNorm = 1.5798, lr_0 = 7.5595e-04
Loss = 2.8804e-01, PNorm = 52.2238, GNorm = 1.0651, lr_0 = 7.5431e-04
Loss = 3.3072e-01, PNorm = 52.2550, GNorm = 1.8187, lr_0 = 7.5267e-04
Validation rmse = 0.469733
Epoch 14
Loss = 2.9683e-01, PNorm = 52.2917, GNorm = 1.9447, lr_0 = 7.5104e-04
Loss = 2.6181e-01, PNorm = 52.3223, GNorm = 2.6048, lr_0 = 7.4940e-04
Loss = 2.7308e-01, PNorm = 52.3631, GNorm = 1.3670, lr_0 = 7.4778e-04
Loss = 2.6275e-01, PNorm = 52.3957, GNorm = 1.7194, lr_0 = 7.4615e-04
Loss = 2.9097e-01, PNorm = 52.4294, GNorm = 1.3889, lr_0 = 7.4453e-04
Loss = 2.7834e-01, PNorm = 52.4568, GNorm = 1.2416, lr_0 = 7.4291e-04
Loss = 2.0693e-01, PNorm = 52.4846, GNorm = 0.9999, lr_0 = 7.4130e-04
Loss = 2.3758e-01, PNorm = 52.5115, GNorm = 1.1700, lr_0 = 7.3969e-04
Loss = 3.3120e-01, PNorm = 52.5427, GNorm = 2.0235, lr_0 = 7.3808e-04
Loss = 3.0395e-01, PNorm = 52.5858, GNorm = 1.6073, lr_0 = 7.3647e-04
Loss = 2.8912e-01, PNorm = 52.6209, GNorm = 1.6009, lr_0 = 7.3487e-04
Validation rmse = 0.475882
Epoch 15
Loss = 2.7407e-01, PNorm = 52.6547, GNorm = 1.4149, lr_0 = 7.3328e-04
Loss = 2.5815e-01, PNorm = 52.6922, GNorm = 1.0796, lr_0 = 7.3168e-04
Loss = 2.3461e-01, PNorm = 52.7271, GNorm = 1.1499, lr_0 = 7.3009e-04
Loss = 2.6651e-01, PNorm = 52.7646, GNorm = 1.0664, lr_0 = 7.2851e-04
Loss = 2.5240e-01, PNorm = 52.7951, GNorm = 0.8752, lr_0 = 7.2692e-04
Loss = 2.9918e-01, PNorm = 52.8203, GNorm = 2.2704, lr_0 = 7.2534e-04
Loss = 3.1623e-01, PNorm = 52.8624, GNorm = 3.3709, lr_0 = 7.2377e-04
Loss = 2.1675e-01, PNorm = 52.9024, GNorm = 1.0154, lr_0 = 7.2220e-04
Loss = 2.6824e-01, PNorm = 52.9354, GNorm = 0.9988, lr_0 = 7.2063e-04
Loss = 3.3317e-01, PNorm = 52.9723, GNorm = 0.8569, lr_0 = 7.1906e-04
Loss = 2.9194e-01, PNorm = 53.0102, GNorm = 1.8571, lr_0 = 7.1750e-04
Validation rmse = 0.473578
Epoch 16
Loss = 2.5672e-01, PNorm = 53.0350, GNorm = 2.9566, lr_0 = 7.1594e-04
Loss = 2.6296e-01, PNorm = 53.0684, GNorm = 1.2642, lr_0 = 7.1438e-04
Loss = 2.2341e-01, PNorm = 53.1136, GNorm = 1.3604, lr_0 = 7.1283e-04
Loss = 2.7932e-01, PNorm = 53.1576, GNorm = 1.0318, lr_0 = 7.1128e-04
Loss = 2.6793e-01, PNorm = 53.1914, GNorm = 1.3682, lr_0 = 7.0973e-04
Loss = 3.2179e-01, PNorm = 53.2335, GNorm = 1.6677, lr_0 = 7.0819e-04
Loss = 2.8787e-01, PNorm = 53.2743, GNorm = 0.8996, lr_0 = 7.0665e-04
Loss = 2.9101e-01, PNorm = 53.3114, GNorm = 1.4740, lr_0 = 7.0512e-04
Loss = 2.3163e-01, PNorm = 53.3311, GNorm = 1.7172, lr_0 = 7.0359e-04
Loss = 2.4496e-01, PNorm = 53.3565, GNorm = 1.1262, lr_0 = 7.0206e-04
Loss = 2.2552e-01, PNorm = 53.3830, GNorm = 2.3367, lr_0 = 7.0053e-04
Validation rmse = 0.476848
Epoch 17
Loss = 2.3314e-01, PNorm = 53.4141, GNorm = 1.4644, lr_0 = 6.9901e-04
Loss = 2.9581e-01, PNorm = 53.4493, GNorm = 0.7359, lr_0 = 6.9749e-04
Loss = 2.5599e-01, PNorm = 53.4769, GNorm = 1.3523, lr_0 = 6.9597e-04
Loss = 2.6284e-01, PNorm = 53.5098, GNorm = 1.8463, lr_0 = 6.9446e-04
Loss = 2.2041e-01, PNorm = 53.5538, GNorm = 1.0339, lr_0 = 6.9295e-04
Loss = 2.9223e-01, PNorm = 53.5774, GNorm = 2.5038, lr_0 = 6.9145e-04
Loss = 2.1367e-01, PNorm = 53.6057, GNorm = 2.4325, lr_0 = 6.8994e-04
Loss = 2.8831e-01, PNorm = 53.6381, GNorm = 1.1382, lr_0 = 6.8844e-04
Loss = 3.0367e-01, PNorm = 53.6734, GNorm = 2.3667, lr_0 = 6.8695e-04
Loss = 2.1421e-01, PNorm = 53.7087, GNorm = 1.6146, lr_0 = 6.8545e-04
Loss = 2.2209e-01, PNorm = 53.7442, GNorm = 1.8255, lr_0 = 6.8397e-04
Validation rmse = 0.482755
Epoch 18
Loss = 2.6924e-01, PNorm = 53.7734, GNorm = 1.6361, lr_0 = 6.8248e-04
Loss = 2.5697e-01, PNorm = 53.8078, GNorm = 1.0843, lr_0 = 6.8100e-04
Loss = 2.2186e-01, PNorm = 53.8345, GNorm = 1.4767, lr_0 = 6.7952e-04
Loss = 2.2028e-01, PNorm = 53.8615, GNorm = 3.3756, lr_0 = 6.7804e-04
Loss = 2.0616e-01, PNorm = 53.8830, GNorm = 0.8366, lr_0 = 6.7657e-04
Loss = 2.3922e-01, PNorm = 53.9029, GNorm = 1.3760, lr_0 = 6.7510e-04
Loss = 2.1154e-01, PNorm = 53.9254, GNorm = 0.8044, lr_0 = 6.7363e-04
Loss = 2.3891e-01, PNorm = 53.9510, GNorm = 1.3475, lr_0 = 6.7216e-04
Loss = 2.4059e-01, PNorm = 53.9791, GNorm = 2.3469, lr_0 = 6.7070e-04
Loss = 2.0420e-01, PNorm = 54.0014, GNorm = 1.5165, lr_0 = 6.6925e-04
Loss = 2.7141e-01, PNorm = 54.0338, GNorm = 0.7569, lr_0 = 6.6779e-04
Validation rmse = 0.466425
Epoch 19
Loss = 1.7334e-01, PNorm = 54.0616, GNorm = 1.0383, lr_0 = 6.6634e-04
Loss = 2.1628e-01, PNorm = 54.0874, GNorm = 2.0010, lr_0 = 6.6489e-04
Loss = 1.9829e-01, PNorm = 54.1216, GNorm = 0.9996, lr_0 = 6.6345e-04
Loss = 2.5227e-01, PNorm = 54.1535, GNorm = 1.5853, lr_0 = 6.6201e-04
Loss = 1.9029e-01, PNorm = 54.1810, GNorm = 1.4259, lr_0 = 6.6057e-04
Loss = 2.7401e-01, PNorm = 54.2073, GNorm = 1.0804, lr_0 = 6.5913e-04
Loss = 2.1809e-01, PNorm = 54.2344, GNorm = 0.9313, lr_0 = 6.5770e-04
Loss = 2.3726e-01, PNorm = 54.2586, GNorm = 1.2678, lr_0 = 6.5627e-04
Loss = 2.2163e-01, PNorm = 54.2871, GNorm = 1.3446, lr_0 = 6.5484e-04
Loss = 2.3748e-01, PNorm = 54.3224, GNorm = 1.1323, lr_0 = 6.5342e-04
Validation rmse = 0.471228
Epoch 20
Loss = 2.1232e-01, PNorm = 54.3576, GNorm = 1.3897, lr_0 = 6.5200e-04
Loss = 2.0944e-01, PNorm = 54.3870, GNorm = 1.1668, lr_0 = 6.5058e-04
Loss = 2.0882e-01, PNorm = 54.4201, GNorm = 1.1801, lr_0 = 6.4917e-04
Loss = 2.0292e-01, PNorm = 54.4482, GNorm = 0.8418, lr_0 = 6.4776e-04
Loss = 2.0295e-01, PNorm = 54.4796, GNorm = 1.1013, lr_0 = 6.4635e-04
Loss = 2.2864e-01, PNorm = 54.5107, GNorm = 0.9985, lr_0 = 6.4495e-04
Loss = 2.5569e-01, PNorm = 54.5310, GNorm = 3.5604, lr_0 = 6.4355e-04
Loss = 2.9691e-01, PNorm = 54.5579, GNorm = 1.8216, lr_0 = 6.4215e-04
Loss = 1.5174e-01, PNorm = 54.5781, GNorm = 0.9890, lr_0 = 6.4075e-04
Loss = 1.7633e-01, PNorm = 54.6004, GNorm = 1.2372, lr_0 = 6.3936e-04
Loss = 1.9885e-01, PNorm = 54.6191, GNorm = 1.4478, lr_0 = 6.3797e-04
Validation rmse = 0.472799
Epoch 21
Loss = 1.2595e-01, PNorm = 54.6464, GNorm = 0.8084, lr_0 = 6.3658e-04
Loss = 2.3149e-01, PNorm = 54.6799, GNorm = 0.9661, lr_0 = 6.3520e-04
Loss = 1.6829e-01, PNorm = 54.7101, GNorm = 1.2520, lr_0 = 6.3382e-04
Loss = 2.0078e-01, PNorm = 54.7355, GNorm = 0.9974, lr_0 = 6.3244e-04
Loss = 1.9038e-01, PNorm = 54.7503, GNorm = 0.6169, lr_0 = 6.3107e-04
Loss = 1.9407e-01, PNorm = 54.7726, GNorm = 1.5405, lr_0 = 6.2970e-04
Loss = 1.7265e-01, PNorm = 54.8027, GNorm = 0.9664, lr_0 = 6.2833e-04
Loss = 1.9093e-01, PNorm = 54.8207, GNorm = 0.7178, lr_0 = 6.2696e-04
Loss = 1.8324e-01, PNorm = 54.8411, GNorm = 1.6898, lr_0 = 6.2560e-04
Loss = 2.1384e-01, PNorm = 54.8618, GNorm = 0.7821, lr_0 = 6.2424e-04
Loss = 2.2313e-01, PNorm = 54.8844, GNorm = 0.9568, lr_0 = 6.2288e-04
Validation rmse = 0.480300
Epoch 22
Loss = 2.3363e-01, PNorm = 54.9182, GNorm = 0.8625, lr_0 = 6.2153e-04
Loss = 2.1443e-01, PNorm = 54.9452, GNorm = 1.9819, lr_0 = 6.2018e-04
Loss = 1.6791e-01, PNorm = 54.9651, GNorm = 1.0650, lr_0 = 6.1883e-04
Loss = 1.7740e-01, PNorm = 54.9957, GNorm = 1.5482, lr_0 = 6.1749e-04
Loss = 2.2264e-01, PNorm = 55.0276, GNorm = 1.3321, lr_0 = 6.1614e-04
Loss = 1.6411e-01, PNorm = 55.0518, GNorm = 1.0656, lr_0 = 6.1481e-04
Loss = 2.1441e-01, PNorm = 55.0705, GNorm = 1.2663, lr_0 = 6.1347e-04
Loss = 1.7485e-01, PNorm = 55.0961, GNorm = 1.5519, lr_0 = 6.1214e-04
Loss = 1.7563e-01, PNorm = 55.1238, GNorm = 1.3324, lr_0 = 6.1081e-04
Loss = 2.2207e-01, PNorm = 55.1506, GNorm = 1.1456, lr_0 = 6.0948e-04
Loss = 1.8230e-01, PNorm = 55.1788, GNorm = 1.0018, lr_0 = 6.0815e-04
Validation rmse = 0.478230
Epoch 23
Loss = 2.5535e-01, PNorm = 55.2039, GNorm = 1.1648, lr_0 = 6.0683e-04
Loss = 1.7788e-01, PNorm = 55.2249, GNorm = 1.8458, lr_0 = 6.0551e-04
Loss = 1.8474e-01, PNorm = 55.2458, GNorm = 1.1160, lr_0 = 6.0420e-04
Loss = 1.7481e-01, PNorm = 55.2690, GNorm = 1.4041, lr_0 = 6.0288e-04
Loss = 1.4702e-01, PNorm = 55.2924, GNorm = 0.8629, lr_0 = 6.0157e-04
Loss = 2.1149e-01, PNorm = 55.3184, GNorm = 1.4158, lr_0 = 6.0027e-04
Loss = 1.7458e-01, PNorm = 55.3398, GNorm = 1.0268, lr_0 = 5.9896e-04
Loss = 1.7889e-01, PNorm = 55.3627, GNorm = 1.9296, lr_0 = 5.9766e-04
Loss = 1.7730e-01, PNorm = 55.3859, GNorm = 1.1826, lr_0 = 5.9636e-04
Loss = 2.5943e-01, PNorm = 55.4061, GNorm = 3.0355, lr_0 = 5.9507e-04
Loss = 2.2287e-01, PNorm = 55.4447, GNorm = 1.0492, lr_0 = 5.9377e-04
Validation rmse = 0.479884
Epoch 24
Loss = 1.7002e-01, PNorm = 55.4726, GNorm = 1.2439, lr_0 = 5.9248e-04
Loss = 1.6102e-01, PNorm = 55.4999, GNorm = 1.6681, lr_0 = 5.9120e-04
Loss = 1.7252e-01, PNorm = 55.5232, GNorm = 1.2293, lr_0 = 5.8991e-04
Loss = 2.3563e-01, PNorm = 55.5526, GNorm = 1.1504, lr_0 = 5.8863e-04
Loss = 1.9641e-01, PNorm = 55.5811, GNorm = 1.0584, lr_0 = 5.8735e-04
Loss = 1.4283e-01, PNorm = 55.6059, GNorm = 2.4638, lr_0 = 5.8607e-04
Loss = 1.8073e-01, PNorm = 55.6292, GNorm = 1.3357, lr_0 = 5.8480e-04
Loss = 1.7260e-01, PNorm = 55.6454, GNorm = 1.3869, lr_0 = 5.8353e-04
Loss = 1.9124e-01, PNorm = 55.6623, GNorm = 1.1214, lr_0 = 5.8226e-04
Loss = 1.8925e-01, PNorm = 55.6927, GNorm = 1.0859, lr_0 = 5.8099e-04
Loss = 2.0964e-01, PNorm = 55.7057, GNorm = 1.3095, lr_0 = 5.7973e-04
Validation rmse = 0.459240
Epoch 25
Loss = 1.7287e-01, PNorm = 55.7263, GNorm = 1.7674, lr_0 = 5.7847e-04
Loss = 1.8807e-01, PNorm = 55.7485, GNorm = 0.6453, lr_0 = 5.7722e-04
Loss = 1.5260e-01, PNorm = 55.7688, GNorm = 1.1527, lr_0 = 5.7596e-04
Loss = 1.5062e-01, PNorm = 55.7918, GNorm = 1.9391, lr_0 = 5.7471e-04
Loss = 1.6820e-01, PNorm = 55.8079, GNorm = 1.0950, lr_0 = 5.7346e-04
Loss = 1.9872e-01, PNorm = 55.8278, GNorm = 1.4350, lr_0 = 5.7221e-04
Loss = 1.4125e-01, PNorm = 55.8481, GNorm = 1.0717, lr_0 = 5.7097e-04
Loss = 1.7758e-01, PNorm = 55.8661, GNorm = 2.4943, lr_0 = 5.6973e-04
Loss = 1.7222e-01, PNorm = 55.8860, GNorm = 1.5039, lr_0 = 5.6849e-04
Loss = 1.7184e-01, PNorm = 55.9121, GNorm = 2.0912, lr_0 = 5.6726e-04
Loss = 2.1640e-01, PNorm = 55.9349, GNorm = 1.8371, lr_0 = 5.6602e-04
Validation rmse = 0.472642
Epoch 26
Loss = 1.8249e-01, PNorm = 55.9682, GNorm = 1.3133, lr_0 = 5.6467e-04
Loss = 1.6755e-01, PNorm = 55.9894, GNorm = 0.6180, lr_0 = 5.6344e-04
Loss = 1.5579e-01, PNorm = 56.0092, GNorm = 1.4655, lr_0 = 5.6222e-04
Loss = 1.6214e-01, PNorm = 56.0357, GNorm = 2.1675, lr_0 = 5.6100e-04
Loss = 1.7636e-01, PNorm = 56.0616, GNorm = 1.6251, lr_0 = 5.5978e-04
Loss = 1.8633e-01, PNorm = 56.0868, GNorm = 1.0252, lr_0 = 5.5856e-04
Loss = 1.8213e-01, PNorm = 56.1060, GNorm = 1.2492, lr_0 = 5.5735e-04
Loss = 1.4712e-01, PNorm = 56.1220, GNorm = 1.4703, lr_0 = 5.5614e-04
Loss = 1.9733e-01, PNorm = 56.1406, GNorm = 1.8327, lr_0 = 5.5493e-04
Loss = 1.4914e-01, PNorm = 56.1598, GNorm = 1.6488, lr_0 = 5.5372e-04
Loss = 1.8647e-01, PNorm = 56.1790, GNorm = 1.3105, lr_0 = 5.5252e-04
Validation rmse = 0.476299
Epoch 27
Loss = 1.4013e-01, PNorm = 56.1955, GNorm = 0.9453, lr_0 = 5.5132e-04
Loss = 1.4610e-01, PNorm = 56.2136, GNorm = 1.6643, lr_0 = 5.5012e-04
Loss = 1.7881e-01, PNorm = 56.2354, GNorm = 1.4845, lr_0 = 5.4892e-04
Loss = 1.4121e-01, PNorm = 56.2640, GNorm = 0.8417, lr_0 = 5.4773e-04
Loss = 1.9641e-01, PNorm = 56.2872, GNorm = 1.2507, lr_0 = 5.4654e-04
Loss = 1.5753e-01, PNorm = 56.3068, GNorm = 1.4440, lr_0 = 5.4535e-04
Loss = 1.8413e-01, PNorm = 56.3320, GNorm = 2.0200, lr_0 = 5.4417e-04
Loss = 1.7309e-01, PNorm = 56.3542, GNorm = 1.5058, lr_0 = 5.4299e-04
Loss = 1.6629e-01, PNorm = 56.3788, GNorm = 1.0511, lr_0 = 5.4181e-04
Loss = 1.5234e-01, PNorm = 56.3967, GNorm = 1.7350, lr_0 = 5.4063e-04
Loss = 1.8816e-01, PNorm = 56.4173, GNorm = 1.5893, lr_0 = 5.3945e-04
Validation rmse = 0.469065
Epoch 28
Loss = 1.3246e-01, PNorm = 56.4364, GNorm = 0.9882, lr_0 = 5.3828e-04
Loss = 1.3911e-01, PNorm = 56.4570, GNorm = 1.0166, lr_0 = 5.3711e-04
Loss = 1.3287e-01, PNorm = 56.4778, GNorm = 0.6377, lr_0 = 5.3594e-04
Loss = 1.6127e-01, PNorm = 56.4995, GNorm = 1.4276, lr_0 = 5.3478e-04
Loss = 1.8220e-01, PNorm = 56.5133, GNorm = 1.4405, lr_0 = 5.3362e-04
Loss = 1.5529e-01, PNorm = 56.5373, GNorm = 0.8985, lr_0 = 5.3246e-04
Loss = 1.5539e-01, PNorm = 56.5675, GNorm = 1.5826, lr_0 = 5.3130e-04
Loss = 2.0342e-01, PNorm = 56.5929, GNorm = 1.5964, lr_0 = 5.3015e-04
Loss = 1.3684e-01, PNorm = 56.6130, GNorm = 1.0602, lr_0 = 5.2899e-04
Loss = 1.5714e-01, PNorm = 56.6306, GNorm = 0.7301, lr_0 = 5.2784e-04
Validation rmse = 0.483969
Epoch 29
Loss = 1.1642e-01, PNorm = 56.6476, GNorm = 1.2225, lr_0 = 5.2670e-04
Loss = 1.6484e-01, PNorm = 56.6680, GNorm = 1.0249, lr_0 = 5.2555e-04
Loss = 1.4295e-01, PNorm = 56.6892, GNorm = 1.5008, lr_0 = 5.2441e-04
Loss = 1.5800e-01, PNorm = 56.7095, GNorm = 0.8882, lr_0 = 5.2327e-04
Loss = 1.7392e-01, PNorm = 56.7256, GNorm = 1.5053, lr_0 = 5.2213e-04
Loss = 1.4767e-01, PNorm = 56.7457, GNorm = 1.1420, lr_0 = 5.2100e-04
Loss = 1.6656e-01, PNorm = 56.7638, GNorm = 1.0267, lr_0 = 5.1987e-04
Loss = 1.5576e-01, PNorm = 56.7783, GNorm = 1.0365, lr_0 = 5.1874e-04
Loss = 1.4317e-01, PNorm = 56.7995, GNorm = 0.7828, lr_0 = 5.1761e-04
Loss = 1.5536e-01, PNorm = 56.8138, GNorm = 1.3285, lr_0 = 5.1648e-04
Loss = 1.3539e-01, PNorm = 56.8289, GNorm = 1.2936, lr_0 = 5.1536e-04
Validation rmse = 0.468077
Epoch 30
Loss = 1.2837e-01, PNorm = 56.8500, GNorm = 1.0381, lr_0 = 5.1424e-04
Loss = 1.2832e-01, PNorm = 56.8777, GNorm = 0.5335, lr_0 = 5.1312e-04
Loss = 1.3952e-01, PNorm = 56.8999, GNorm = 1.2763, lr_0 = 5.1201e-04
Loss = 1.7087e-01, PNorm = 56.9236, GNorm = 1.5552, lr_0 = 5.1090e-04
Loss = 1.3546e-01, PNorm = 56.9422, GNorm = 0.8783, lr_0 = 5.0979e-04
Loss = 1.2619e-01, PNorm = 56.9642, GNorm = 0.9221, lr_0 = 5.0868e-04
Loss = 1.5285e-01, PNorm = 56.9831, GNorm = 1.3377, lr_0 = 5.0757e-04
Loss = 1.4276e-01, PNorm = 56.9976, GNorm = 1.0820, lr_0 = 5.0647e-04
Loss = 1.6124e-01, PNorm = 57.0105, GNorm = 1.4737, lr_0 = 5.0537e-04
Loss = 1.7301e-01, PNorm = 57.0244, GNorm = 1.3557, lr_0 = 5.0427e-04
Loss = 1.6970e-01, PNorm = 57.0412, GNorm = 2.7048, lr_0 = 5.0318e-04
Validation rmse = 0.490179
Epoch 31
Loss = 1.6404e-01, PNorm = 57.0580, GNorm = 0.7921, lr_0 = 5.0208e-04
Loss = 1.2241e-01, PNorm = 57.0731, GNorm = 1.3852, lr_0 = 5.0099e-04
Loss = 1.2465e-01, PNorm = 57.0853, GNorm = 1.3080, lr_0 = 4.9990e-04
Loss = 1.2380e-01, PNorm = 57.0978, GNorm = 0.6547, lr_0 = 4.9882e-04
Loss = 1.2332e-01, PNorm = 57.1177, GNorm = 0.9789, lr_0 = 4.9773e-04
Loss = 1.3541e-01, PNorm = 57.1366, GNorm = 0.8371, lr_0 = 4.9665e-04
Loss = 1.4220e-01, PNorm = 57.1557, GNorm = 2.6363, lr_0 = 4.9557e-04
Loss = 1.6383e-01, PNorm = 57.1770, GNorm = 1.4176, lr_0 = 4.9449e-04
Loss = 1.6349e-01, PNorm = 57.1909, GNorm = 1.0017, lr_0 = 4.9342e-04
Loss = 1.5061e-01, PNorm = 57.2060, GNorm = 1.3939, lr_0 = 4.9235e-04
Loss = 1.7758e-01, PNorm = 57.2291, GNorm = 0.9823, lr_0 = 4.9128e-04
Validation rmse = 0.465936
Epoch 32
Loss = 1.1911e-01, PNorm = 57.2466, GNorm = 1.3983, lr_0 = 4.9021e-04
Loss = 1.3097e-01, PNorm = 57.2682, GNorm = 0.6369, lr_0 = 4.8914e-04
Loss = 1.3628e-01, PNorm = 57.2837, GNorm = 1.4065, lr_0 = 4.8808e-04
Loss = 1.6416e-01, PNorm = 57.2988, GNorm = 1.0463, lr_0 = 4.8702e-04
Loss = 1.1132e-01, PNorm = 57.3122, GNorm = 0.9626, lr_0 = 4.8596e-04
Loss = 1.5695e-01, PNorm = 57.3324, GNorm = 2.3718, lr_0 = 4.8491e-04
Loss = 1.4280e-01, PNorm = 57.3549, GNorm = 1.6383, lr_0 = 4.8385e-04
Loss = 1.5336e-01, PNorm = 57.3728, GNorm = 0.7092, lr_0 = 4.8280e-04
Loss = 1.3687e-01, PNorm = 57.3890, GNorm = 0.9049, lr_0 = 4.8175e-04
Loss = 1.0705e-01, PNorm = 57.4095, GNorm = 0.9188, lr_0 = 4.8070e-04
Loss = 1.2446e-01, PNorm = 57.4265, GNorm = 1.2821, lr_0 = 4.7966e-04
Validation rmse = 0.487391
Epoch 33
Loss = 1.0856e-01, PNorm = 57.4374, GNorm = 1.9525, lr_0 = 4.7862e-04
Loss = 1.5479e-01, PNorm = 57.4516, GNorm = 2.2900, lr_0 = 4.7758e-04
Loss = 1.3949e-01, PNorm = 57.4696, GNorm = 1.7076, lr_0 = 4.7654e-04
Loss = 9.7135e-02, PNorm = 57.4832, GNorm = 0.6109, lr_0 = 4.7550e-04
Loss = 1.5223e-01, PNorm = 57.4987, GNorm = 1.6277, lr_0 = 4.7447e-04
Loss = 1.1553e-01, PNorm = 57.5175, GNorm = 1.0572, lr_0 = 4.7344e-04
Loss = 1.2964e-01, PNorm = 57.5337, GNorm = 1.6401, lr_0 = 4.7241e-04
Loss = 1.6122e-01, PNorm = 57.5432, GNorm = 1.1413, lr_0 = 4.7138e-04
Loss = 1.0205e-01, PNorm = 57.5522, GNorm = 0.9514, lr_0 = 4.7036e-04
Loss = 1.6894e-01, PNorm = 57.5679, GNorm = 1.3392, lr_0 = 4.6934e-04
Loss = 1.5328e-01, PNorm = 57.5827, GNorm = 1.7385, lr_0 = 4.6832e-04
Validation rmse = 0.486862
Epoch 34
Loss = 1.1797e-01, PNorm = 57.6014, GNorm = 1.8361, lr_0 = 4.6730e-04
Loss = 1.1478e-01, PNorm = 57.6144, GNorm = 0.6115, lr_0 = 4.6628e-04
Loss = 1.2472e-01, PNorm = 57.6286, GNorm = 1.5377, lr_0 = 4.6527e-04
Loss = 1.3047e-01, PNorm = 57.6452, GNorm = 0.9992, lr_0 = 4.6426e-04
Loss = 1.4060e-01, PNorm = 57.6620, GNorm = 1.0204, lr_0 = 4.6325e-04
Loss = 1.3048e-01, PNorm = 57.6803, GNorm = 1.9440, lr_0 = 4.6224e-04
Loss = 1.3828e-01, PNorm = 57.6923, GNorm = 1.5418, lr_0 = 4.6124e-04
Loss = 1.3748e-01, PNorm = 57.7068, GNorm = 0.9080, lr_0 = 4.6024e-04
Loss = 1.3272e-01, PNorm = 57.7217, GNorm = 1.1245, lr_0 = 4.5924e-04
Loss = 1.5310e-01, PNorm = 57.7419, GNorm = 1.1671, lr_0 = 4.5824e-04
Loss = 1.2564e-01, PNorm = 57.7589, GNorm = 0.9810, lr_0 = 4.5724e-04
Validation rmse = 0.481900
Epoch 35
Loss = 1.2335e-01, PNorm = 57.7784, GNorm = 0.6866, lr_0 = 4.5625e-04
Loss = 1.1020e-01, PNorm = 57.7962, GNorm = 1.3465, lr_0 = 4.5526e-04
Loss = 1.1094e-01, PNorm = 57.8114, GNorm = 0.8172, lr_0 = 4.5427e-04
Loss = 1.4943e-01, PNorm = 57.8297, GNorm = 1.1510, lr_0 = 4.5328e-04
Loss = 1.4604e-01, PNorm = 57.8401, GNorm = 1.0671, lr_0 = 4.5230e-04
Loss = 1.1798e-01, PNorm = 57.8546, GNorm = 1.0364, lr_0 = 4.5131e-04
Loss = 1.1567e-01, PNorm = 57.8698, GNorm = 1.2984, lr_0 = 4.5033e-04
Loss = 1.1380e-01, PNorm = 57.8789, GNorm = 0.7068, lr_0 = 4.4935e-04
Loss = 1.4169e-01, PNorm = 57.8927, GNorm = 1.3789, lr_0 = 4.4838e-04
Loss = 1.2960e-01, PNorm = 57.9092, GNorm = 1.4725, lr_0 = 4.4740e-04
Loss = 1.5468e-01, PNorm = 57.9193, GNorm = 1.6971, lr_0 = 4.4643e-04
Validation rmse = 0.484326
Epoch 36
Loss = 1.6108e-01, PNorm = 57.9380, GNorm = 8.3236, lr_0 = 4.4546e-04
Loss = 1.3928e-01, PNorm = 57.9572, GNorm = 1.7320, lr_0 = 4.4449e-04
Loss = 1.1259e-01, PNorm = 57.9767, GNorm = 0.9273, lr_0 = 4.4353e-04
Loss = 1.1027e-01, PNorm = 57.9919, GNorm = 0.9987, lr_0 = 4.4256e-04
Loss = 1.1992e-01, PNorm = 58.0056, GNorm = 1.1219, lr_0 = 4.4160e-04
Loss = 1.4901e-01, PNorm = 58.0215, GNorm = 2.4485, lr_0 = 4.4064e-04
Loss = 1.5660e-01, PNorm = 58.0401, GNorm = 1.3109, lr_0 = 4.3968e-04
Loss = 1.5799e-01, PNorm = 58.0566, GNorm = 1.1975, lr_0 = 4.3873e-04
Loss = 1.1699e-01, PNorm = 58.0636, GNorm = 1.0615, lr_0 = 4.3777e-04
Loss = 1.2217e-01, PNorm = 58.0756, GNorm = 1.7382, lr_0 = 4.3682e-04
Loss = 1.2702e-01, PNorm = 58.0905, GNorm = 0.7697, lr_0 = 4.3587e-04
Validation rmse = 0.490775
Epoch 37
Loss = 1.1275e-01, PNorm = 58.1028, GNorm = 0.9914, lr_0 = 4.3493e-04
Loss = 8.9151e-02, PNorm = 58.1132, GNorm = 0.8257, lr_0 = 4.3398e-04
Loss = 1.4111e-01, PNorm = 58.1268, GNorm = 0.8729, lr_0 = 4.3304e-04
Loss = 1.0015e-01, PNorm = 58.1415, GNorm = 0.9997, lr_0 = 4.3210e-04
Loss = 1.5488e-01, PNorm = 58.1539, GNorm = 1.5995, lr_0 = 4.3116e-04
Loss = 1.4891e-01, PNorm = 58.1686, GNorm = 2.2436, lr_0 = 4.3022e-04
Loss = 1.2556e-01, PNorm = 58.1886, GNorm = 1.3988, lr_0 = 4.2929e-04
Loss = 1.2149e-01, PNorm = 58.2090, GNorm = 1.2743, lr_0 = 4.2835e-04
Loss = 9.7957e-02, PNorm = 58.2215, GNorm = 1.0472, lr_0 = 4.2742e-04
Loss = 1.2916e-01, PNorm = 58.2365, GNorm = 1.2772, lr_0 = 4.2649e-04
Loss = 1.1401e-01, PNorm = 58.2523, GNorm = 1.3008, lr_0 = 4.2557e-04
Validation rmse = 0.479823
Epoch 38
Loss = 1.0950e-01, PNorm = 58.2642, GNorm = 1.3975, lr_0 = 4.2464e-04
Loss = 1.0080e-01, PNorm = 58.2787, GNorm = 0.9008, lr_0 = 4.2372e-04
Loss = 1.1126e-01, PNorm = 58.2927, GNorm = 0.9458, lr_0 = 4.2280e-04
Loss = 1.0339e-01, PNorm = 58.3055, GNorm = 0.7401, lr_0 = 4.2188e-04
Loss = 1.0585e-01, PNorm = 58.3157, GNorm = 0.8186, lr_0 = 4.2096e-04
Loss = 1.4064e-01, PNorm = 58.3291, GNorm = 0.7627, lr_0 = 4.2005e-04
Loss = 1.2288e-01, PNorm = 58.3455, GNorm = 0.8890, lr_0 = 4.1914e-04
Loss = 1.3770e-01, PNorm = 58.3582, GNorm = 0.8246, lr_0 = 4.1822e-04
Loss = 1.1100e-01, PNorm = 58.3712, GNorm = 0.7499, lr_0 = 4.1732e-04
Loss = 9.4074e-02, PNorm = 58.3812, GNorm = 0.7886, lr_0 = 4.1641e-04
Validation rmse = 0.478224
Epoch 39
Loss = 8.5529e-02, PNorm = 58.3971, GNorm = 0.9701, lr_0 = 4.1550e-04
Loss = 9.1427e-02, PNorm = 58.4108, GNorm = 0.9806, lr_0 = 4.1460e-04
Loss = 1.0633e-01, PNorm = 58.4279, GNorm = 0.8773, lr_0 = 4.1370e-04
Loss = 1.0845e-01, PNorm = 58.4412, GNorm = 1.4944, lr_0 = 4.1280e-04
Loss = 1.1249e-01, PNorm = 58.4509, GNorm = 0.8919, lr_0 = 4.1190e-04
Loss = 1.1307e-01, PNorm = 58.4632, GNorm = 0.7180, lr_0 = 4.1101e-04
Loss = 1.1609e-01, PNorm = 58.4747, GNorm = 0.7870, lr_0 = 4.1012e-04
Loss = 1.2890e-01, PNorm = 58.4934, GNorm = 1.0299, lr_0 = 4.0922e-04
Loss = 1.3936e-01, PNorm = 58.5096, GNorm = 1.3391, lr_0 = 4.0834e-04
Loss = 1.1113e-01, PNorm = 58.5221, GNorm = 0.9262, lr_0 = 4.0745e-04
Loss = 1.1809e-01, PNorm = 58.5315, GNorm = 0.9548, lr_0 = 4.0656e-04
Validation rmse = 0.479218
Epoch 40
Loss = 9.8010e-02, PNorm = 58.5398, GNorm = 1.4170, lr_0 = 4.0568e-04
Loss = 9.0884e-02, PNorm = 58.5564, GNorm = 1.1195, lr_0 = 4.0480e-04
Loss = 8.3485e-02, PNorm = 58.5716, GNorm = 0.9436, lr_0 = 4.0392e-04
Loss = 1.0367e-01, PNorm = 58.5804, GNorm = 1.1069, lr_0 = 4.0304e-04
Loss = 9.5973e-02, PNorm = 58.5905, GNorm = 0.7182, lr_0 = 4.0216e-04
Loss = 1.4089e-01, PNorm = 58.5997, GNorm = 1.4268, lr_0 = 4.0129e-04
Loss = 9.5915e-02, PNorm = 58.6092, GNorm = 0.7337, lr_0 = 4.0042e-04
Loss = 8.8765e-02, PNorm = 58.6156, GNorm = 1.6880, lr_0 = 3.9955e-04
Loss = 9.6511e-02, PNorm = 58.6239, GNorm = 1.2197, lr_0 = 3.9868e-04
Loss = 1.2847e-01, PNorm = 58.6380, GNorm = 0.8575, lr_0 = 3.9781e-04
Loss = 1.1838e-01, PNorm = 58.6536, GNorm = 0.8690, lr_0 = 3.9695e-04
Validation rmse = 0.493706
Epoch 41
Loss = 1.0718e-01, PNorm = 58.6660, GNorm = 1.0971, lr_0 = 3.9609e-04
Loss = 8.7632e-02, PNorm = 58.6811, GNorm = 0.8782, lr_0 = 3.9522e-04
Loss = 1.1580e-01, PNorm = 58.6954, GNorm = 0.7041, lr_0 = 3.9437e-04
Loss = 1.0544e-01, PNorm = 58.7073, GNorm = 0.7485, lr_0 = 3.9351e-04
Loss = 9.7021e-02, PNorm = 58.7140, GNorm = 1.2822, lr_0 = 3.9265e-04
Loss = 1.2866e-01, PNorm = 58.7247, GNorm = 1.2118, lr_0 = 3.9180e-04
Loss = 1.0309e-01, PNorm = 58.7402, GNorm = 0.5528, lr_0 = 3.9095e-04
Loss = 1.1122e-01, PNorm = 58.7526, GNorm = 0.8735, lr_0 = 3.9010e-04
Loss = 1.0752e-01, PNorm = 58.7630, GNorm = 0.6337, lr_0 = 3.8925e-04
Loss = 9.8201e-02, PNorm = 58.7744, GNorm = 0.6209, lr_0 = 3.8841e-04
Loss = 1.1752e-01, PNorm = 58.7835, GNorm = 1.0012, lr_0 = 3.8756e-04
Validation rmse = 0.479952
Epoch 42
Loss = 8.1003e-02, PNorm = 58.7930, GNorm = 0.8298, lr_0 = 3.8672e-04
Loss = 9.8533e-02, PNorm = 58.8051, GNorm = 0.9313, lr_0 = 3.8588e-04
Loss = 8.5179e-02, PNorm = 58.8188, GNorm = 0.7642, lr_0 = 3.8504e-04
Loss = 1.0526e-01, PNorm = 58.8300, GNorm = 0.9608, lr_0 = 3.8420e-04
Loss = 1.0874e-01, PNorm = 58.8438, GNorm = 1.0188, lr_0 = 3.8337e-04
Loss = 1.0141e-01, PNorm = 58.8550, GNorm = 1.6906, lr_0 = 3.8254e-04
Loss = 9.4524e-02, PNorm = 58.8693, GNorm = 0.8992, lr_0 = 3.8170e-04
Loss = 1.0290e-01, PNorm = 58.8790, GNorm = 1.3983, lr_0 = 3.8087e-04
Loss = 8.5071e-02, PNorm = 58.8921, GNorm = 0.6258, lr_0 = 3.8005e-04
Loss = 1.3871e-01, PNorm = 58.9043, GNorm = 1.3119, lr_0 = 3.7922e-04
Loss = 1.0673e-01, PNorm = 58.9133, GNorm = 0.8536, lr_0 = 3.7840e-04
Validation rmse = 0.498468
Epoch 43
Loss = 9.9646e-02, PNorm = 58.9218, GNorm = 1.2945, lr_0 = 3.7757e-04
Loss = 6.3359e-02, PNorm = 58.9326, GNorm = 0.4550, lr_0 = 3.7675e-04
Loss = 1.0349e-01, PNorm = 58.9440, GNorm = 1.4934, lr_0 = 3.7594e-04
Loss = 1.0150e-01, PNorm = 58.9554, GNorm = 0.9378, lr_0 = 3.7512e-04
Loss = 9.5683e-02, PNorm = 58.9699, GNorm = 1.1377, lr_0 = 3.7430e-04
Loss = 1.0030e-01, PNorm = 58.9823, GNorm = 1.3341, lr_0 = 3.7349e-04
Loss = 9.5637e-02, PNorm = 58.9962, GNorm = 0.7597, lr_0 = 3.7268e-04
Loss = 1.1261e-01, PNorm = 59.0080, GNorm = 1.1245, lr_0 = 3.7187e-04
Loss = 9.4359e-02, PNorm = 59.0152, GNorm = 0.9510, lr_0 = 3.7106e-04
Loss = 8.6968e-02, PNorm = 59.0256, GNorm = 1.3493, lr_0 = 3.7025e-04
Loss = 1.0617e-01, PNorm = 59.0355, GNorm = 1.4939, lr_0 = 3.6945e-04
Validation rmse = 0.489310
Epoch 44
Loss = 8.9317e-02, PNorm = 59.0433, GNorm = 0.8470, lr_0 = 3.6865e-04
Loss = 9.0317e-02, PNorm = 59.0530, GNorm = 1.1101, lr_0 = 3.6785e-04
Loss = 1.2822e-01, PNorm = 59.0620, GNorm = 0.7071, lr_0 = 3.6705e-04
Loss = 8.7261e-02, PNorm = 59.0702, GNorm = 0.8492, lr_0 = 3.6625e-04
Loss = 1.0054e-01, PNorm = 59.0843, GNorm = 1.2233, lr_0 = 3.6545e-04
Loss = 8.5748e-02, PNorm = 59.0980, GNorm = 0.8009, lr_0 = 3.6466e-04
Loss = 1.0545e-01, PNorm = 59.1098, GNorm = 0.9066, lr_0 = 3.6387e-04
Loss = 9.4495e-02, PNorm = 59.1168, GNorm = 1.0153, lr_0 = 3.6307e-04
Loss = 1.0172e-01, PNorm = 59.1258, GNorm = 0.7215, lr_0 = 3.6229e-04
Loss = 7.1644e-02, PNorm = 59.1346, GNorm = 0.9676, lr_0 = 3.6150e-04
Loss = 9.5276e-02, PNorm = 59.1462, GNorm = 0.8121, lr_0 = 3.6071e-04
Validation rmse = 0.489983
Epoch 45
Loss = 8.2099e-02, PNorm = 59.1550, GNorm = 0.7022, lr_0 = 3.5993e-04
Loss = 7.1133e-02, PNorm = 59.1632, GNorm = 0.7691, lr_0 = 3.5915e-04
Loss = 9.5783e-02, PNorm = 59.1727, GNorm = 1.5208, lr_0 = 3.5837e-04
Loss = 8.7102e-02, PNorm = 59.1821, GNorm = 0.8533, lr_0 = 3.5759e-04
Loss = 8.7372e-02, PNorm = 59.1888, GNorm = 0.6444, lr_0 = 3.5681e-04
Loss = 6.8175e-02, PNorm = 59.1941, GNorm = 0.7486, lr_0 = 3.5604e-04
Loss = 6.6469e-02, PNorm = 59.2027, GNorm = 0.9902, lr_0 = 3.5526e-04
Loss = 9.7239e-02, PNorm = 59.2138, GNorm = 0.7653, lr_0 = 3.5449e-04
Loss = 1.1446e-01, PNorm = 59.2285, GNorm = 1.1842, lr_0 = 3.5372e-04
Loss = 9.9864e-02, PNorm = 59.2418, GNorm = 0.9829, lr_0 = 3.5295e-04
Loss = 1.3837e-01, PNorm = 59.2534, GNorm = 1.0193, lr_0 = 3.5218e-04
Validation rmse = 0.478922
Epoch 46
Loss = 9.6534e-02, PNorm = 59.2681, GNorm = 1.0173, lr_0 = 3.5142e-04
Loss = 1.0486e-01, PNorm = 59.2801, GNorm = 0.7977, lr_0 = 3.5065e-04
Loss = 7.8009e-02, PNorm = 59.2882, GNorm = 1.4026, lr_0 = 3.4989e-04
Loss = 7.4791e-02, PNorm = 59.2942, GNorm = 0.6528, lr_0 = 3.4913e-04
Loss = 9.1970e-02, PNorm = 59.3066, GNorm = 1.0059, lr_0 = 3.4837e-04
Loss = 8.8815e-02, PNorm = 59.3175, GNorm = 1.0130, lr_0 = 3.4762e-04
Loss = 1.0167e-01, PNorm = 59.3307, GNorm = 1.9774, lr_0 = 3.4686e-04
Loss = 9.3946e-02, PNorm = 59.3443, GNorm = 0.6970, lr_0 = 3.4611e-04
Loss = 1.1286e-01, PNorm = 59.3542, GNorm = 0.8786, lr_0 = 3.4535e-04
Loss = 9.5348e-02, PNorm = 59.3614, GNorm = 0.9702, lr_0 = 3.4460e-04
Loss = 8.3964e-02, PNorm = 59.3689, GNorm = 0.8999, lr_0 = 3.4386e-04
Validation rmse = 0.487525
Epoch 47
Loss = 8.7247e-02, PNorm = 59.3801, GNorm = 1.3945, lr_0 = 3.4311e-04
Loss = 9.4381e-02, PNorm = 59.3885, GNorm = 1.3380, lr_0 = 3.4236e-04
Loss = 8.7667e-02, PNorm = 59.3992, GNorm = 0.8622, lr_0 = 3.4162e-04
Loss = 7.7501e-02, PNorm = 59.4078, GNorm = 0.9576, lr_0 = 3.4088e-04
Loss = 7.6532e-02, PNorm = 59.4144, GNorm = 0.7057, lr_0 = 3.4014e-04
Loss = 9.4352e-02, PNorm = 59.4220, GNorm = 0.7915, lr_0 = 3.3940e-04
Loss = 9.3181e-02, PNorm = 59.4294, GNorm = 0.8405, lr_0 = 3.3866e-04
Loss = 9.0097e-02, PNorm = 59.4394, GNorm = 0.7477, lr_0 = 3.3792e-04
Loss = 9.4275e-02, PNorm = 59.4522, GNorm = 0.8468, lr_0 = 3.3719e-04
Loss = 7.4743e-02, PNorm = 59.4635, GNorm = 0.8469, lr_0 = 3.3646e-04
Loss = 1.0288e-01, PNorm = 59.4726, GNorm = 1.4389, lr_0 = 3.3572e-04
Validation rmse = 0.499214
Epoch 48
Loss = 7.9034e-02, PNorm = 59.4813, GNorm = 1.0528, lr_0 = 3.3499e-04
Loss = 8.5111e-02, PNorm = 59.4875, GNorm = 0.7763, lr_0 = 3.3427e-04
Loss = 9.6402e-02, PNorm = 59.4949, GNorm = 1.1115, lr_0 = 3.3354e-04
Loss = 9.1340e-02, PNorm = 59.5053, GNorm = 0.8386, lr_0 = 3.3282e-04
Loss = 7.5688e-02, PNorm = 59.5157, GNorm = 1.1902, lr_0 = 3.3209e-04
Loss = 9.1917e-02, PNorm = 59.5257, GNorm = 0.7039, lr_0 = 3.3137e-04
Loss = 7.1023e-02, PNorm = 59.5343, GNorm = 0.9268, lr_0 = 3.3065e-04
Loss = 7.6799e-02, PNorm = 59.5462, GNorm = 0.7286, lr_0 = 3.2993e-04
Loss = 9.6907e-02, PNorm = 59.5576, GNorm = 1.0071, lr_0 = 3.2921e-04
Loss = 8.9676e-02, PNorm = 59.5681, GNorm = 0.9374, lr_0 = 3.2850e-04
Validation rmse = 0.501968
Epoch 49
Loss = 9.7380e-02, PNorm = 59.5778, GNorm = 1.5227, lr_0 = 3.2779e-04
Loss = 8.2929e-02, PNorm = 59.5860, GNorm = 1.7621, lr_0 = 3.2707e-04
Loss = 7.4813e-02, PNorm = 59.5977, GNorm = 1.1544, lr_0 = 3.2636e-04
Loss = 9.6014e-02, PNorm = 59.6078, GNorm = 0.8007, lr_0 = 3.2565e-04
Loss = 6.8270e-02, PNorm = 59.6169, GNorm = 0.8679, lr_0 = 3.2495e-04
Loss = 8.6528e-02, PNorm = 59.6275, GNorm = 0.7867, lr_0 = 3.2424e-04
Loss = 9.3090e-02, PNorm = 59.6380, GNorm = 0.7230, lr_0 = 3.2353e-04
Loss = 8.6773e-02, PNorm = 59.6463, GNorm = 0.9202, lr_0 = 3.2283e-04
Loss = 8.0783e-02, PNorm = 59.6503, GNorm = 0.8835, lr_0 = 3.2213e-04
Loss = 8.1077e-02, PNorm = 59.6570, GNorm = 0.8316, lr_0 = 3.2143e-04
Loss = 1.0428e-01, PNorm = 59.6650, GNorm = 1.0350, lr_0 = 3.2073e-04
Validation rmse = 0.497409
Epoch 50
Loss = 5.0314e-02, PNorm = 59.6755, GNorm = 0.5934, lr_0 = 3.2003e-04
Loss = 7.4925e-02, PNorm = 59.6844, GNorm = 0.6835, lr_0 = 3.1934e-04
Loss = 1.0017e-01, PNorm = 59.6947, GNorm = 0.9883, lr_0 = 3.1864e-04
Loss = 8.6030e-02, PNorm = 59.7039, GNorm = 0.8092, lr_0 = 3.1795e-04
Loss = 7.8101e-02, PNorm = 59.7135, GNorm = 0.7643, lr_0 = 3.1726e-04
Loss = 7.5313e-02, PNorm = 59.7235, GNorm = 0.5030, lr_0 = 3.1657e-04
Loss = 8.2402e-02, PNorm = 59.7335, GNorm = 0.8335, lr_0 = 3.1588e-04
Loss = 8.6011e-02, PNorm = 59.7423, GNorm = 0.6802, lr_0 = 3.1520e-04
Loss = 7.3209e-02, PNorm = 59.7492, GNorm = 0.6073, lr_0 = 3.1451e-04
Loss = 7.6200e-02, PNorm = 59.7572, GNorm = 0.8664, lr_0 = 3.1383e-04
Loss = 9.4516e-02, PNorm = 59.7663, GNorm = 0.9131, lr_0 = 3.1315e-04
Validation rmse = 0.499404
Epoch 51
Loss = 6.1656e-02, PNorm = 59.7751, GNorm = 0.6752, lr_0 = 3.1240e-04
Loss = 7.6935e-02, PNorm = 59.7819, GNorm = 0.8458, lr_0 = 3.1172e-04
Loss = 8.7101e-02, PNorm = 59.7884, GNorm = 0.8683, lr_0 = 3.1104e-04
Loss = 6.5197e-02, PNorm = 59.7974, GNorm = 0.5032, lr_0 = 3.1037e-04
Loss = 6.6233e-02, PNorm = 59.8079, GNorm = 0.6534, lr_0 = 3.0969e-04
Loss = 7.7347e-02, PNorm = 59.8138, GNorm = 0.5980, lr_0 = 3.0902e-04
Loss = 7.9074e-02, PNorm = 59.8207, GNorm = 0.7877, lr_0 = 3.0835e-04
Loss = 6.8435e-02, PNorm = 59.8284, GNorm = 0.6939, lr_0 = 3.0768e-04
Loss = 6.6983e-02, PNorm = 59.8335, GNorm = 1.0551, lr_0 = 3.0701e-04
Loss = 1.0418e-01, PNorm = 59.8407, GNorm = 1.0671, lr_0 = 3.0634e-04
Loss = 8.4213e-02, PNorm = 59.8496, GNorm = 1.0382, lr_0 = 3.0568e-04
Validation rmse = 0.489786
Epoch 52
Loss = 5.2430e-02, PNorm = 59.8572, GNorm = 0.7476, lr_0 = 3.0501e-04
Loss = 8.8205e-02, PNorm = 59.8692, GNorm = 0.6093, lr_0 = 3.0435e-04
Loss = 7.6464e-02, PNorm = 59.8837, GNorm = 0.7959, lr_0 = 3.0369e-04
Loss = 7.2653e-02, PNorm = 59.8941, GNorm = 0.6570, lr_0 = 3.0303e-04
Loss = 7.4872e-02, PNorm = 59.9013, GNorm = 1.1438, lr_0 = 3.0237e-04
Loss = 6.3730e-02, PNorm = 59.9106, GNorm = 0.7302, lr_0 = 3.0171e-04
Loss = 7.5050e-02, PNorm = 59.9168, GNorm = 0.8148, lr_0 = 3.0106e-04
Loss = 7.5030e-02, PNorm = 59.9220, GNorm = 1.2639, lr_0 = 3.0040e-04
Loss = 8.7354e-02, PNorm = 59.9284, GNorm = 0.8651, lr_0 = 2.9975e-04
Loss = 7.5366e-02, PNorm = 59.9317, GNorm = 1.1755, lr_0 = 2.9910e-04
Loss = 9.1095e-02, PNorm = 59.9378, GNorm = 1.7647, lr_0 = 2.9845e-04
Validation rmse = 0.495835
Epoch 53
Loss = 6.8216e-02, PNorm = 59.9482, GNorm = 1.3076, lr_0 = 2.9780e-04
Loss = 5.7184e-02, PNorm = 59.9549, GNorm = 0.9542, lr_0 = 2.9715e-04
Loss = 6.3239e-02, PNorm = 59.9630, GNorm = 0.7226, lr_0 = 2.9651e-04
Loss = 8.7891e-02, PNorm = 59.9724, GNorm = 0.8652, lr_0 = 2.9586e-04
Loss = 8.8189e-02, PNorm = 59.9808, GNorm = 1.0386, lr_0 = 2.9522e-04
Loss = 8.9183e-02, PNorm = 59.9850, GNorm = 1.1675, lr_0 = 2.9458e-04
Loss = 7.5020e-02, PNorm = 59.9903, GNorm = 1.0905, lr_0 = 2.9394e-04
Loss = 9.1632e-02, PNorm = 60.0017, GNorm = 0.5796, lr_0 = 2.9330e-04
Loss = 6.3828e-02, PNorm = 60.0107, GNorm = 0.6911, lr_0 = 2.9266e-04
Loss = 8.9701e-02, PNorm = 60.0224, GNorm = 1.6018, lr_0 = 2.9202e-04
Loss = 8.5311e-02, PNorm = 60.0320, GNorm = 0.6911, lr_0 = 2.9139e-04
Validation rmse = 0.488313
Epoch 54
Loss = 5.4512e-02, PNorm = 60.0403, GNorm = 1.0047, lr_0 = 2.9076e-04
Loss = 8.9504e-02, PNorm = 60.0546, GNorm = 1.0880, lr_0 = 2.9012e-04
Loss = 7.0421e-02, PNorm = 60.0651, GNorm = 0.7958, lr_0 = 2.8949e-04
Loss = 6.9029e-02, PNorm = 60.0702, GNorm = 0.9003, lr_0 = 2.8887e-04
Loss = 8.7518e-02, PNorm = 60.0780, GNorm = 0.8444, lr_0 = 2.8824e-04
Loss = 7.3158e-02, PNorm = 60.0846, GNorm = 1.1686, lr_0 = 2.8761e-04
Loss = 6.7808e-02, PNorm = 60.0914, GNorm = 0.5702, lr_0 = 2.8699e-04
Loss = 7.5619e-02, PNorm = 60.0997, GNorm = 1.0740, lr_0 = 2.8636e-04
Loss = 8.5418e-02, PNorm = 60.1090, GNorm = 0.9485, lr_0 = 2.8574e-04
Loss = 7.9077e-02, PNorm = 60.1161, GNorm = 0.8100, lr_0 = 2.8512e-04
Loss = 7.4097e-02, PNorm = 60.1215, GNorm = 0.8917, lr_0 = 2.8450e-04
Validation rmse = 0.504960
Epoch 55
Loss = 7.2105e-02, PNorm = 60.1255, GNorm = 0.7128, lr_0 = 2.8388e-04
Loss = 6.2716e-02, PNorm = 60.1335, GNorm = 0.5966, lr_0 = 2.8326e-04
Loss = 7.5356e-02, PNorm = 60.1432, GNorm = 0.9288, lr_0 = 2.8265e-04
Loss = 6.4484e-02, PNorm = 60.1500, GNorm = 0.7115, lr_0 = 2.8203e-04
Loss = 6.7871e-02, PNorm = 60.1601, GNorm = 0.4918, lr_0 = 2.8142e-04
Loss = 7.5165e-02, PNorm = 60.1662, GNorm = 0.8837, lr_0 = 2.8081e-04
Loss = 7.4256e-02, PNorm = 60.1696, GNorm = 0.6132, lr_0 = 2.8020e-04
Loss = 7.1467e-02, PNorm = 60.1738, GNorm = 0.7366, lr_0 = 2.7959e-04
Loss = 6.8944e-02, PNorm = 60.1798, GNorm = 0.7618, lr_0 = 2.7898e-04
Loss = 9.1754e-02, PNorm = 60.1878, GNorm = 0.9260, lr_0 = 2.7838e-04
Loss = 6.6713e-02, PNorm = 60.1951, GNorm = 0.6834, lr_0 = 2.7777e-04
Validation rmse = 0.503419
Epoch 56
Loss = 7.9338e-02, PNorm = 60.2021, GNorm = 0.6267, lr_0 = 2.7717e-04
Loss = 6.1847e-02, PNorm = 60.2086, GNorm = 0.9779, lr_0 = 2.7657e-04
Loss = 7.7569e-02, PNorm = 60.2173, GNorm = 1.2190, lr_0 = 2.7597e-04
Loss = 8.7099e-02, PNorm = 60.2234, GNorm = 1.1375, lr_0 = 2.7537e-04
Loss = 7.3713e-02, PNorm = 60.2310, GNorm = 0.6676, lr_0 = 2.7477e-04
Loss = 7.6920e-02, PNorm = 60.2374, GNorm = 1.4170, lr_0 = 2.7417e-04
Loss = 6.6137e-02, PNorm = 60.2441, GNorm = 0.6815, lr_0 = 2.7357e-04
Loss = 6.9299e-02, PNorm = 60.2491, GNorm = 0.5785, lr_0 = 2.7298e-04
Loss = 7.3491e-02, PNorm = 60.2575, GNorm = 0.7554, lr_0 = 2.7239e-04
Loss = 6.9408e-02, PNorm = 60.2661, GNorm = 0.7541, lr_0 = 2.7179e-04
Loss = 5.6435e-02, PNorm = 60.2727, GNorm = 0.6294, lr_0 = 2.7120e-04
Validation rmse = 0.505323
Epoch 57
Loss = 5.3324e-02, PNorm = 60.2787, GNorm = 0.8664, lr_0 = 2.7061e-04
Loss = 6.8366e-02, PNorm = 60.2876, GNorm = 0.8880, lr_0 = 2.7003e-04
Loss = 7.5126e-02, PNorm = 60.2960, GNorm = 0.5599, lr_0 = 2.6944e-04
Loss = 5.7459e-02, PNorm = 60.3032, GNorm = 0.8821, lr_0 = 2.6885e-04
Loss = 5.1022e-02, PNorm = 60.3092, GNorm = 0.5738, lr_0 = 2.6827e-04
Loss = 7.1569e-02, PNorm = 60.3158, GNorm = 0.6232, lr_0 = 2.6769e-04
Loss = 8.4535e-02, PNorm = 60.3245, GNorm = 0.6159, lr_0 = 2.6710e-04
Loss = 6.2187e-02, PNorm = 60.3331, GNorm = 1.1133, lr_0 = 2.6652e-04
Loss = 7.9245e-02, PNorm = 60.3381, GNorm = 1.6776, lr_0 = 2.6595e-04
Loss = 6.6482e-02, PNorm = 60.3439, GNorm = 0.7087, lr_0 = 2.6537e-04
Validation rmse = 0.500685
Epoch 58
Loss = 1.0535e-01, PNorm = 60.3503, GNorm = 0.8509, lr_0 = 2.6479e-04
Loss = 5.4645e-02, PNorm = 60.3570, GNorm = 0.7148, lr_0 = 2.6422e-04
Loss = 7.5732e-02, PNorm = 60.3643, GNorm = 0.9558, lr_0 = 2.6364e-04
Loss = 5.3232e-02, PNorm = 60.3725, GNorm = 0.8240, lr_0 = 2.6307e-04
Loss = 6.1057e-02, PNorm = 60.3790, GNorm = 1.1258, lr_0 = 2.6250e-04
Loss = 5.7493e-02, PNorm = 60.3864, GNorm = 0.6826, lr_0 = 2.6193e-04
Loss = 7.5276e-02, PNorm = 60.3931, GNorm = 1.6313, lr_0 = 2.6136e-04
Loss = 7.7555e-02, PNorm = 60.3995, GNorm = 0.9005, lr_0 = 2.6079e-04
Loss = 7.1159e-02, PNorm = 60.4053, GNorm = 0.7548, lr_0 = 2.6022e-04
Loss = 7.9118e-02, PNorm = 60.4119, GNorm = 0.6156, lr_0 = 2.5966e-04
Loss = 6.6064e-02, PNorm = 60.4168, GNorm = 1.3036, lr_0 = 2.5909e-04
Validation rmse = 0.509105
Epoch 59
Loss = 4.7047e-02, PNorm = 60.4227, GNorm = 0.6616, lr_0 = 2.5853e-04
Loss = 6.1188e-02, PNorm = 60.4303, GNorm = 0.6403, lr_0 = 2.5797e-04
Loss = 5.4560e-02, PNorm = 60.4358, GNorm = 0.9197, lr_0 = 2.5741e-04
Loss = 6.9787e-02, PNorm = 60.4398, GNorm = 1.1592, lr_0 = 2.5685e-04
Loss = 6.9754e-02, PNorm = 60.4461, GNorm = 0.6771, lr_0 = 2.5629e-04
Loss = 8.4405e-02, PNorm = 60.4523, GNorm = 0.6914, lr_0 = 2.5573e-04
Loss = 6.3387e-02, PNorm = 60.4592, GNorm = 0.9719, lr_0 = 2.5518e-04
Loss = 6.9012e-02, PNorm = 60.4661, GNorm = 1.1425, lr_0 = 2.5462e-04
Loss = 5.6183e-02, PNorm = 60.4723, GNorm = 0.8333, lr_0 = 2.5407e-04
Loss = 6.4603e-02, PNorm = 60.4778, GNorm = 0.7599, lr_0 = 2.5352e-04
Loss = 8.5122e-02, PNorm = 60.4841, GNorm = 0.6991, lr_0 = 2.5297e-04
Validation rmse = 0.497143
Epoch 60
Loss = 6.0387e-02, PNorm = 60.4905, GNorm = 0.6910, lr_0 = 2.5242e-04
Loss = 5.3458e-02, PNorm = 60.4971, GNorm = 1.3722, lr_0 = 2.5187e-04
Loss = 4.5237e-02, PNorm = 60.5027, GNorm = 1.4119, lr_0 = 2.5132e-04
Loss = 6.5678e-02, PNorm = 60.5091, GNorm = 1.0188, lr_0 = 2.5077e-04
Loss = 5.9870e-02, PNorm = 60.5154, GNorm = 0.4830, lr_0 = 2.5023e-04
Loss = 5.1238e-02, PNorm = 60.5214, GNorm = 0.5673, lr_0 = 2.4968e-04
Loss = 7.6304e-02, PNorm = 60.5276, GNorm = 0.6896, lr_0 = 2.4914e-04
Loss = 6.2733e-02, PNorm = 60.5337, GNorm = 1.2440, lr_0 = 2.4860e-04
Loss = 8.6360e-02, PNorm = 60.5420, GNorm = 0.7918, lr_0 = 2.4806e-04
Loss = 7.7769e-02, PNorm = 60.5509, GNorm = 1.2394, lr_0 = 2.4752e-04
Loss = 5.8908e-02, PNorm = 60.5572, GNorm = 1.6056, lr_0 = 2.4698e-04
Validation rmse = 0.496849
Epoch 61
Loss = 4.5260e-02, PNorm = 60.5603, GNorm = 0.9898, lr_0 = 2.4645e-04
Loss = 5.5085e-02, PNorm = 60.5642, GNorm = 0.8021, lr_0 = 2.4591e-04
Loss = 6.8900e-02, PNorm = 60.5687, GNorm = 1.3455, lr_0 = 2.4538e-04
Loss = 5.6566e-02, PNorm = 60.5751, GNorm = 0.4535, lr_0 = 2.4484e-04
Loss = 6.5563e-02, PNorm = 60.5817, GNorm = 0.6654, lr_0 = 2.4431e-04
Loss = 6.1502e-02, PNorm = 60.5878, GNorm = 1.3099, lr_0 = 2.4378e-04
Loss = 8.2637e-02, PNorm = 60.5924, GNorm = 0.8860, lr_0 = 2.4325e-04
Loss = 6.5863e-02, PNorm = 60.5981, GNorm = 1.8375, lr_0 = 2.4272e-04
Loss = 6.5365e-02, PNorm = 60.6043, GNorm = 0.5120, lr_0 = 2.4219e-04
Loss = 5.9601e-02, PNorm = 60.6108, GNorm = 0.7368, lr_0 = 2.4167e-04
Loss = 5.5947e-02, PNorm = 60.6152, GNorm = 0.5602, lr_0 = 2.4114e-04
Validation rmse = 0.494745
Epoch 62
Loss = 5.0720e-02, PNorm = 60.6208, GNorm = 0.8194, lr_0 = 2.4062e-04
Loss = 5.4272e-02, PNorm = 60.6272, GNorm = 0.9735, lr_0 = 2.4010e-04
Loss = 6.7711e-02, PNorm = 60.6324, GNorm = 0.8345, lr_0 = 2.3957e-04
Loss = 6.5644e-02, PNorm = 60.6379, GNorm = 1.0101, lr_0 = 2.3905e-04
Loss = 5.7577e-02, PNorm = 60.6428, GNorm = 0.6984, lr_0 = 2.3853e-04
Loss = 5.1724e-02, PNorm = 60.6481, GNorm = 0.9772, lr_0 = 2.3802e-04
Loss = 5.4025e-02, PNorm = 60.6552, GNorm = 1.0750, lr_0 = 2.3750e-04
Loss = 5.0791e-02, PNorm = 60.6610, GNorm = 0.7665, lr_0 = 2.3698e-04
Loss = 7.2304e-02, PNorm = 60.6646, GNorm = 0.5669, lr_0 = 2.3647e-04
Loss = 7.3656e-02, PNorm = 60.6707, GNorm = 1.4909, lr_0 = 2.3595e-04
Loss = 6.8024e-02, PNorm = 60.6765, GNorm = 0.8747, lr_0 = 2.3544e-04
Validation rmse = 0.508363
Epoch 63
Loss = 5.7466e-02, PNorm = 60.6834, GNorm = 0.8952, lr_0 = 2.3493e-04
Loss = 4.9352e-02, PNorm = 60.6881, GNorm = 0.5675, lr_0 = 2.3442e-04
Loss = 6.3175e-02, PNorm = 60.6939, GNorm = 0.6576, lr_0 = 2.3391e-04
Loss = 6.0473e-02, PNorm = 60.6998, GNorm = 0.6051, lr_0 = 2.3340e-04
Loss = 7.5531e-02, PNorm = 60.7047, GNorm = 0.7080, lr_0 = 2.3289e-04
Loss = 5.1665e-02, PNorm = 60.7104, GNorm = 0.6469, lr_0 = 2.3239e-04
Loss = 6.6171e-02, PNorm = 60.7161, GNorm = 1.2500, lr_0 = 2.3188e-04
Loss = 6.7391e-02, PNorm = 60.7225, GNorm = 0.6157, lr_0 = 2.3138e-04
Loss = 5.0637e-02, PNorm = 60.7265, GNorm = 0.6359, lr_0 = 2.3088e-04
Loss = 6.4060e-02, PNorm = 60.7309, GNorm = 1.3592, lr_0 = 2.3037e-04
Loss = 5.8430e-02, PNorm = 60.7375, GNorm = 0.5985, lr_0 = 2.2987e-04
Validation rmse = 0.507929
Epoch 64
Loss = 6.0443e-02, PNorm = 60.7422, GNorm = 0.9893, lr_0 = 2.2937e-04
Loss = 6.0528e-02, PNorm = 60.7497, GNorm = 0.8094, lr_0 = 2.2888e-04
Loss = 3.8690e-02, PNorm = 60.7558, GNorm = 0.6240, lr_0 = 2.2838e-04
Loss = 6.0538e-02, PNorm = 60.7613, GNorm = 0.6825, lr_0 = 2.2788e-04
Loss = 5.0462e-02, PNorm = 60.7654, GNorm = 0.7642, lr_0 = 2.2739e-04
Loss = 5.2225e-02, PNorm = 60.7706, GNorm = 0.7792, lr_0 = 2.2689e-04
Loss = 4.8973e-02, PNorm = 60.7787, GNorm = 0.8001, lr_0 = 2.2640e-04
Loss = 7.2383e-02, PNorm = 60.7841, GNorm = 0.8739, lr_0 = 2.2591e-04
Loss = 5.6095e-02, PNorm = 60.7892, GNorm = 0.5374, lr_0 = 2.2542e-04
Loss = 6.0963e-02, PNorm = 60.7945, GNorm = 0.6470, lr_0 = 2.2493e-04
Loss = 7.4084e-02, PNorm = 60.7988, GNorm = 1.2399, lr_0 = 2.2444e-04
Validation rmse = 0.515342
Epoch 65
Loss = 5.5040e-02, PNorm = 60.8039, GNorm = 1.2467, lr_0 = 2.2395e-04
Loss = 3.8968e-02, PNorm = 60.8078, GNorm = 0.7937, lr_0 = 2.2346e-04
Loss = 6.3322e-02, PNorm = 60.8134, GNorm = 1.1332, lr_0 = 2.2298e-04
Loss = 4.8271e-02, PNorm = 60.8192, GNorm = 0.9977, lr_0 = 2.2249e-04
Loss = 6.0710e-02, PNorm = 60.8237, GNorm = 0.8760, lr_0 = 2.2201e-04
Loss = 7.6030e-02, PNorm = 60.8288, GNorm = 1.0686, lr_0 = 2.2153e-04
Loss = 6.1786e-02, PNorm = 60.8341, GNorm = 0.4283, lr_0 = 2.2105e-04
Loss = 5.5878e-02, PNorm = 60.8396, GNorm = 0.5633, lr_0 = 2.2057e-04
Loss = 5.5850e-02, PNorm = 60.8440, GNorm = 0.8609, lr_0 = 2.2009e-04
Loss = 6.3952e-02, PNorm = 60.8531, GNorm = 0.8058, lr_0 = 2.1961e-04
Loss = 5.6204e-02, PNorm = 60.8606, GNorm = 0.9039, lr_0 = 2.1913e-04
Validation rmse = 0.509701
Epoch 66
Loss = 6.2851e-02, PNorm = 60.8652, GNorm = 0.7461, lr_0 = 2.1865e-04
Loss = 5.5970e-02, PNorm = 60.8696, GNorm = 0.7054, lr_0 = 2.1818e-04
Loss = 5.3078e-02, PNorm = 60.8751, GNorm = 0.7641, lr_0 = 2.1771e-04
Loss = 3.9293e-02, PNorm = 60.8788, GNorm = 0.6336, lr_0 = 2.1723e-04
Loss = 5.9522e-02, PNorm = 60.8845, GNorm = 0.6991, lr_0 = 2.1676e-04
Loss = 7.6865e-02, PNorm = 60.8936, GNorm = 1.3939, lr_0 = 2.1629e-04
Loss = 5.7334e-02, PNorm = 60.9000, GNorm = 0.8315, lr_0 = 2.1582e-04
Loss = 6.0281e-02, PNorm = 60.9025, GNorm = 0.9191, lr_0 = 2.1535e-04
Loss = 5.1474e-02, PNorm = 60.9046, GNorm = 0.9001, lr_0 = 2.1488e-04
Loss = 5.4556e-02, PNorm = 60.9098, GNorm = 0.5080, lr_0 = 2.1441e-04
Loss = 5.0882e-02, PNorm = 60.9145, GNorm = 0.6719, lr_0 = 2.1395e-04
Validation rmse = 0.504348
Epoch 67
Loss = 4.4937e-02, PNorm = 60.9192, GNorm = 0.6088, lr_0 = 2.1348e-04
Loss = 5.8761e-02, PNorm = 60.9231, GNorm = 0.4236, lr_0 = 2.1302e-04
Loss = 4.6554e-02, PNorm = 60.9260, GNorm = 0.4236, lr_0 = 2.1256e-04
Loss = 5.4787e-02, PNorm = 60.9308, GNorm = 0.8487, lr_0 = 2.1210e-04
Loss = 4.3515e-02, PNorm = 60.9365, GNorm = 0.8187, lr_0 = 2.1163e-04
Loss = 5.0755e-02, PNorm = 60.9409, GNorm = 0.6408, lr_0 = 2.1117e-04
Loss = 5.2390e-02, PNorm = 60.9460, GNorm = 0.5546, lr_0 = 2.1072e-04
Loss = 5.4511e-02, PNorm = 60.9495, GNorm = 0.5132, lr_0 = 2.1026e-04
Loss = 6.5805e-02, PNorm = 60.9532, GNorm = 1.0826, lr_0 = 2.0980e-04
Loss = 7.1720e-02, PNorm = 60.9595, GNorm = 1.3046, lr_0 = 2.0934e-04
Validation rmse = 0.506253
Epoch 68
Loss = 4.7118e-02, PNorm = 60.9648, GNorm = 1.0856, lr_0 = 2.0889e-04
Loss = 5.9459e-02, PNorm = 60.9688, GNorm = 0.8626, lr_0 = 2.0844e-04
Loss = 4.3410e-02, PNorm = 60.9751, GNorm = 0.5310, lr_0 = 2.0798e-04
Loss = 4.3303e-02, PNorm = 60.9797, GNorm = 0.8476, lr_0 = 2.0753e-04
Loss = 5.5584e-02, PNorm = 60.9850, GNorm = 0.5281, lr_0 = 2.0708e-04
Loss = 5.3033e-02, PNorm = 60.9898, GNorm = 0.6544, lr_0 = 2.0663e-04
Loss = 4.0414e-02, PNorm = 60.9922, GNorm = 0.5647, lr_0 = 2.0618e-04
Loss = 6.2331e-02, PNorm = 60.9982, GNorm = 0.8751, lr_0 = 2.0573e-04
Loss = 4.9912e-02, PNorm = 61.0020, GNorm = 0.8319, lr_0 = 2.0529e-04
Loss = 8.3868e-02, PNorm = 61.0065, GNorm = 1.7057, lr_0 = 2.0484e-04
Loss = 5.4492e-02, PNorm = 61.0112, GNorm = 0.7486, lr_0 = 2.0439e-04
Validation rmse = 0.501994
Epoch 69
Loss = 5.3060e-02, PNorm = 61.0158, GNorm = 0.7343, lr_0 = 2.0395e-04
Loss = 4.6402e-02, PNorm = 61.0201, GNorm = 0.9444, lr_0 = 2.0351e-04
Loss = 4.2248e-02, PNorm = 61.0260, GNorm = 0.8924, lr_0 = 2.0306e-04
Loss = 5.4434e-02, PNorm = 61.0296, GNorm = 0.5830, lr_0 = 2.0262e-04
Loss = 4.4895e-02, PNorm = 61.0340, GNorm = 0.7052, lr_0 = 2.0218e-04
Loss = 4.1966e-02, PNorm = 61.0388, GNorm = 0.9744, lr_0 = 2.0174e-04
Loss = 5.5899e-02, PNorm = 61.0437, GNorm = 0.9047, lr_0 = 2.0131e-04
Loss = 5.0910e-02, PNorm = 61.0476, GNorm = 0.9344, lr_0 = 2.0087e-04
Loss = 5.2087e-02, PNorm = 61.0510, GNorm = 0.4744, lr_0 = 2.0043e-04
Loss = 6.2234e-02, PNorm = 61.0556, GNorm = 0.8315, lr_0 = 2.0000e-04
Loss = 6.8611e-02, PNorm = 61.0615, GNorm = 1.5032, lr_0 = 1.9956e-04
Validation rmse = 0.511256
Epoch 70
Loss = 4.9618e-02, PNorm = 61.0687, GNorm = 0.8051, lr_0 = 1.9913e-04
Loss = 5.1616e-02, PNorm = 61.0729, GNorm = 0.8261, lr_0 = 1.9869e-04
Loss = 5.6120e-02, PNorm = 61.0763, GNorm = 0.7128, lr_0 = 1.9826e-04
Loss = 3.6166e-02, PNorm = 61.0797, GNorm = 0.7158, lr_0 = 1.9783e-04
Loss = 4.6619e-02, PNorm = 61.0845, GNorm = 1.0110, lr_0 = 1.9740e-04
Loss = 5.1499e-02, PNorm = 61.0870, GNorm = 0.9077, lr_0 = 1.9697e-04
Loss = 4.3402e-02, PNorm = 61.0912, GNorm = 0.4144, lr_0 = 1.9654e-04
Loss = 5.0617e-02, PNorm = 61.0943, GNorm = 0.5989, lr_0 = 1.9612e-04
Loss = 5.4228e-02, PNorm = 61.0971, GNorm = 0.6926, lr_0 = 1.9569e-04
Loss = 4.9288e-02, PNorm = 61.1018, GNorm = 0.8466, lr_0 = 1.9527e-04
Loss = 6.2786e-02, PNorm = 61.1069, GNorm = 0.7078, lr_0 = 1.9484e-04
Validation rmse = 0.514002
Epoch 71
Loss = 3.4769e-02, PNorm = 61.1096, GNorm = 0.4785, lr_0 = 1.9442e-04
Loss = 4.0062e-02, PNorm = 61.1141, GNorm = 0.9869, lr_0 = 1.9400e-04
Loss = 5.6953e-02, PNorm = 61.1189, GNorm = 0.4212, lr_0 = 1.9357e-04
Loss = 5.2391e-02, PNorm = 61.1224, GNorm = 0.9202, lr_0 = 1.9315e-04
Loss = 4.0223e-02, PNorm = 61.1273, GNorm = 0.7723, lr_0 = 1.9273e-04
Loss = 4.1234e-02, PNorm = 61.1346, GNorm = 0.7084, lr_0 = 1.9232e-04
Loss = 5.1936e-02, PNorm = 61.1392, GNorm = 0.5940, lr_0 = 1.9190e-04
Loss = 4.2701e-02, PNorm = 61.1426, GNorm = 0.9968, lr_0 = 1.9148e-04
Loss = 6.7333e-02, PNorm = 61.1465, GNorm = 1.0614, lr_0 = 1.9106e-04
Loss = 5.9275e-02, PNorm = 61.1518, GNorm = 0.9115, lr_0 = 1.9065e-04
Loss = 5.0285e-02, PNorm = 61.1561, GNorm = 0.6938, lr_0 = 1.9023e-04
Validation rmse = 0.504753
Epoch 72
Loss = 4.9425e-02, PNorm = 61.1598, GNorm = 1.2586, lr_0 = 1.8982e-04
Loss = 3.7272e-02, PNorm = 61.1643, GNorm = 0.7095, lr_0 = 1.8941e-04
Loss = 5.1799e-02, PNorm = 61.1675, GNorm = 0.6398, lr_0 = 1.8900e-04
Loss = 4.9570e-02, PNorm = 61.1718, GNorm = 0.7954, lr_0 = 1.8859e-04
Loss = 5.6056e-02, PNorm = 61.1752, GNorm = 1.0786, lr_0 = 1.8818e-04
Loss = 5.0697e-02, PNorm = 61.1813, GNorm = 0.5926, lr_0 = 1.8777e-04
Loss = 5.1690e-02, PNorm = 61.1848, GNorm = 1.1749, lr_0 = 1.8736e-04
Loss = 4.4959e-02, PNorm = 61.1885, GNorm = 0.6136, lr_0 = 1.8695e-04
Loss = 4.7416e-02, PNorm = 61.1939, GNorm = 0.7321, lr_0 = 1.8655e-04
Loss = 4.9901e-02, PNorm = 61.1992, GNorm = 0.8337, lr_0 = 1.8614e-04
Loss = 4.4464e-02, PNorm = 61.2024, GNorm = 0.6159, lr_0 = 1.8574e-04
Validation rmse = 0.508924
Epoch 73
Loss = 5.2380e-02, PNorm = 61.2069, GNorm = 1.0743, lr_0 = 1.8533e-04
Loss = 4.7787e-02, PNorm = 61.2132, GNorm = 0.7753, lr_0 = 1.8493e-04
Loss = 4.2037e-02, PNorm = 61.2190, GNorm = 0.7983, lr_0 = 1.8453e-04
Loss = 5.2374e-02, PNorm = 61.2221, GNorm = 0.8667, lr_0 = 1.8413e-04
Loss = 3.5558e-02, PNorm = 61.2244, GNorm = 0.5787, lr_0 = 1.8373e-04
Loss = 4.0632e-02, PNorm = 61.2265, GNorm = 0.6489, lr_0 = 1.8333e-04
Loss = 4.5741e-02, PNorm = 61.2315, GNorm = 0.7897, lr_0 = 1.8293e-04
Loss = 4.0028e-02, PNorm = 61.2367, GNorm = 0.9857, lr_0 = 1.8253e-04
Loss = 4.5891e-02, PNorm = 61.2407, GNorm = 0.9586, lr_0 = 1.8213e-04
Loss = 4.9467e-02, PNorm = 61.2434, GNorm = 0.8709, lr_0 = 1.8174e-04
Loss = 6.4923e-02, PNorm = 61.2476, GNorm = 1.3772, lr_0 = 1.8134e-04
Validation rmse = 0.503658
Epoch 74
Loss = 3.6998e-02, PNorm = 61.2516, GNorm = 0.5296, lr_0 = 1.8095e-04
Loss = 5.4258e-02, PNorm = 61.2558, GNorm = 1.9671, lr_0 = 1.8056e-04
Loss = 5.6027e-02, PNorm = 61.2617, GNorm = 0.8584, lr_0 = 1.8016e-04
Loss = 4.0212e-02, PNorm = 61.2660, GNorm = 0.8012, lr_0 = 1.7977e-04
Loss = 3.8908e-02, PNorm = 61.2698, GNorm = 0.9133, lr_0 = 1.7938e-04
Loss = 4.2414e-02, PNorm = 61.2732, GNorm = 0.9214, lr_0 = 1.7899e-04
Loss = 5.8233e-02, PNorm = 61.2770, GNorm = 0.5526, lr_0 = 1.7860e-04
Loss = 4.8025e-02, PNorm = 61.2817, GNorm = 1.0071, lr_0 = 1.7822e-04
Loss = 3.9256e-02, PNorm = 61.2850, GNorm = 0.5866, lr_0 = 1.7783e-04
Loss = 4.9779e-02, PNorm = 61.2876, GNorm = 0.7115, lr_0 = 1.7744e-04
Loss = 4.8386e-02, PNorm = 61.2906, GNorm = 0.6638, lr_0 = 1.7706e-04
Validation rmse = 0.509228
Epoch 75
Loss = 4.0042e-02, PNorm = 61.2947, GNorm = 0.5934, lr_0 = 1.7667e-04
Loss = 3.7486e-02, PNorm = 61.2989, GNorm = 0.6846, lr_0 = 1.7629e-04
Loss = 4.4018e-02, PNorm = 61.3027, GNorm = 0.6285, lr_0 = 1.7590e-04
Loss = 3.4645e-02, PNorm = 61.3054, GNorm = 0.5408, lr_0 = 1.7552e-04
Loss = 3.6272e-02, PNorm = 61.3097, GNorm = 0.4867, lr_0 = 1.7514e-04
Loss = 4.5308e-02, PNorm = 61.3144, GNorm = 0.4700, lr_0 = 1.7476e-04
Loss = 6.2591e-02, PNorm = 61.3204, GNorm = 0.9425, lr_0 = 1.7438e-04
Loss = 5.2929e-02, PNorm = 61.3237, GNorm = 1.3514, lr_0 = 1.7400e-04
Loss = 5.0936e-02, PNorm = 61.3294, GNorm = 0.8621, lr_0 = 1.7362e-04
Loss = 5.1818e-02, PNorm = 61.3346, GNorm = 0.5750, lr_0 = 1.7325e-04
Loss = 5.4672e-02, PNorm = 61.3390, GNorm = 0.7422, lr_0 = 1.7287e-04
Loss = 3.4478e-02, PNorm = 61.3393, GNorm = 0.8219, lr_0 = 1.7283e-04
Validation rmse = 0.515045
Epoch 76
Loss = 5.2004e-02, PNorm = 61.3413, GNorm = 0.8063, lr_0 = 1.7246e-04
Loss = 4.3723e-02, PNorm = 61.3450, GNorm = 0.5842, lr_0 = 1.7208e-04
Loss = 4.2762e-02, PNorm = 61.3496, GNorm = 0.4195, lr_0 = 1.7171e-04
Loss = 4.7033e-02, PNorm = 61.3535, GNorm = 0.9028, lr_0 = 1.7133e-04
Loss = 4.3954e-02, PNorm = 61.3573, GNorm = 0.5456, lr_0 = 1.7096e-04
Loss = 5.3489e-02, PNorm = 61.3600, GNorm = 0.5830, lr_0 = 1.7059e-04
Loss = 4.0034e-02, PNorm = 61.3629, GNorm = 0.9178, lr_0 = 1.7022e-04
Loss = 4.1704e-02, PNorm = 61.3670, GNorm = 0.6162, lr_0 = 1.6985e-04
Loss = 4.7429e-02, PNorm = 61.3713, GNorm = 0.6833, lr_0 = 1.6948e-04
Loss = 4.5935e-02, PNorm = 61.3743, GNorm = 1.0329, lr_0 = 1.6911e-04
Validation rmse = 0.522880
Epoch 77
Loss = 3.2295e-02, PNorm = 61.3791, GNorm = 0.5714, lr_0 = 1.6874e-04
Loss = 3.3807e-02, PNorm = 61.3820, GNorm = 0.6048, lr_0 = 1.6838e-04
Loss = 4.8515e-02, PNorm = 61.3857, GNorm = 1.0594, lr_0 = 1.6801e-04
Loss = 4.2833e-02, PNorm = 61.3884, GNorm = 0.6599, lr_0 = 1.6765e-04
Loss = 3.6214e-02, PNorm = 61.3916, GNorm = 0.7614, lr_0 = 1.6728e-04
Loss = 4.2258e-02, PNorm = 61.3969, GNorm = 0.4547, lr_0 = 1.6692e-04
Loss = 3.9448e-02, PNorm = 61.4014, GNorm = 0.6841, lr_0 = 1.6656e-04
Loss = 3.9918e-02, PNorm = 61.4035, GNorm = 0.9459, lr_0 = 1.6619e-04
Loss = 4.9591e-02, PNorm = 61.4074, GNorm = 0.6218, lr_0 = 1.6583e-04
Loss = 6.5077e-02, PNorm = 61.4104, GNorm = 0.7509, lr_0 = 1.6547e-04
Loss = 6.2612e-02, PNorm = 61.4147, GNorm = 1.0291, lr_0 = 1.6511e-04
Validation rmse = 0.508973
Epoch 78
Loss = 5.5433e-02, PNorm = 61.4189, GNorm = 0.9649, lr_0 = 1.6475e-04
Loss = 4.5740e-02, PNorm = 61.4230, GNorm = 1.0176, lr_0 = 1.6440e-04
Loss = 4.6812e-02, PNorm = 61.4248, GNorm = 0.6415, lr_0 = 1.6404e-04
Loss = 3.5529e-02, PNorm = 61.4273, GNorm = 0.5661, lr_0 = 1.6368e-04
Loss = 4.4921e-02, PNorm = 61.4316, GNorm = 0.6900, lr_0 = 1.6333e-04
Loss = 5.1353e-02, PNorm = 61.4339, GNorm = 0.9666, lr_0 = 1.6297e-04
Loss = 3.2945e-02, PNorm = 61.4378, GNorm = 1.2693, lr_0 = 1.6262e-04
Loss = 4.6111e-02, PNorm = 61.4418, GNorm = 0.5685, lr_0 = 1.6226e-04
Loss = 3.9257e-02, PNorm = 61.4467, GNorm = 0.4908, lr_0 = 1.6191e-04
Loss = 3.9203e-02, PNorm = 61.4501, GNorm = 0.4796, lr_0 = 1.6156e-04
Loss = 5.5677e-02, PNorm = 61.4521, GNorm = 0.6274, lr_0 = 1.6121e-04
Validation rmse = 0.509793
Epoch 79
Loss = 3.7654e-02, PNorm = 61.4566, GNorm = 0.8320, lr_0 = 1.6086e-04
Loss = 3.8070e-02, PNorm = 61.4607, GNorm = 0.4310, lr_0 = 1.6051e-04
Loss = 3.5250e-02, PNorm = 61.4624, GNorm = 1.4481, lr_0 = 1.6016e-04
Loss = 6.0883e-02, PNorm = 61.4684, GNorm = 0.9585, lr_0 = 1.5981e-04
Loss = 4.4126e-02, PNorm = 61.4746, GNorm = 0.5571, lr_0 = 1.5946e-04
Loss = 4.6005e-02, PNorm = 61.4766, GNorm = 0.7529, lr_0 = 1.5912e-04
Loss = 3.4270e-02, PNorm = 61.4796, GNorm = 0.7541, lr_0 = 1.5877e-04
Loss = 4.2433e-02, PNorm = 61.4828, GNorm = 1.0257, lr_0 = 1.5843e-04
Loss = 4.5974e-02, PNorm = 61.4854, GNorm = 0.5547, lr_0 = 1.5808e-04
Loss = 5.7714e-02, PNorm = 61.4882, GNorm = 0.7080, lr_0 = 1.5774e-04
Loss = 4.0404e-02, PNorm = 61.4915, GNorm = 0.6399, lr_0 = 1.5740e-04
Validation rmse = 0.515926
Epoch 80
Loss = 4.0720e-02, PNorm = 61.4956, GNorm = 0.5771, lr_0 = 1.5705e-04
Loss = 4.5069e-02, PNorm = 61.4994, GNorm = 1.0683, lr_0 = 1.5671e-04
Loss = 4.5758e-02, PNorm = 61.5025, GNorm = 1.0329, lr_0 = 1.5637e-04
Loss = 3.4684e-02, PNorm = 61.5056, GNorm = 0.6816, lr_0 = 1.5603e-04
Loss = 5.2791e-02, PNorm = 61.5097, GNorm = 0.9194, lr_0 = 1.5569e-04
Loss = 4.3895e-02, PNorm = 61.5142, GNorm = 0.6809, lr_0 = 1.5536e-04
Loss = 3.9029e-02, PNorm = 61.5175, GNorm = 0.7996, lr_0 = 1.5502e-04
Loss = 3.9131e-02, PNorm = 61.5208, GNorm = 0.8066, lr_0 = 1.5468e-04
Loss = 4.1299e-02, PNorm = 61.5240, GNorm = 0.8199, lr_0 = 1.5434e-04
Loss = 3.6738e-02, PNorm = 61.5278, GNorm = 0.8221, lr_0 = 1.5401e-04
Loss = 5.3687e-02, PNorm = 61.5326, GNorm = 0.7200, lr_0 = 1.5367e-04
Validation rmse = 0.524639
Epoch 81
Loss = 6.8944e-02, PNorm = 61.5357, GNorm = 0.6569, lr_0 = 1.5334e-04
Loss = 3.0528e-02, PNorm = 61.5388, GNorm = 0.3723, lr_0 = 1.5301e-04
Loss = 3.3574e-02, PNorm = 61.5429, GNorm = 0.4369, lr_0 = 1.5268e-04
Loss = 3.5543e-02, PNorm = 61.5455, GNorm = 0.5673, lr_0 = 1.5234e-04
Loss = 4.6342e-02, PNorm = 61.5481, GNorm = 0.9230, lr_0 = 1.5201e-04
Loss = 3.5539e-02, PNorm = 61.5502, GNorm = 0.7521, lr_0 = 1.5168e-04
Loss = 4.0631e-02, PNorm = 61.5521, GNorm = 0.8310, lr_0 = 1.5135e-04
Loss = 4.1422e-02, PNorm = 61.5549, GNorm = 0.7061, lr_0 = 1.5102e-04
Loss = 2.8534e-02, PNorm = 61.5579, GNorm = 0.7099, lr_0 = 1.5070e-04
Loss = 5.1777e-02, PNorm = 61.5623, GNorm = 0.7193, lr_0 = 1.5037e-04
Loss = 4.9048e-02, PNorm = 61.5666, GNorm = 1.3199, lr_0 = 1.5004e-04
Validation rmse = 0.513997
Epoch 82
Loss = 3.4429e-02, PNorm = 61.5702, GNorm = 0.7401, lr_0 = 1.4971e-04
Loss = 3.5274e-02, PNorm = 61.5734, GNorm = 0.4661, lr_0 = 1.4939e-04
Loss = 3.7056e-02, PNorm = 61.5768, GNorm = 0.6900, lr_0 = 1.4906e-04
Loss = 3.5494e-02, PNorm = 61.5797, GNorm = 0.4912, lr_0 = 1.4874e-04
Loss = 5.6327e-02, PNorm = 61.5829, GNorm = 1.0126, lr_0 = 1.4842e-04
Loss = 3.6824e-02, PNorm = 61.5863, GNorm = 0.7795, lr_0 = 1.4810e-04
Loss = 4.0423e-02, PNorm = 61.5891, GNorm = 0.7558, lr_0 = 1.4777e-04
Loss = 4.1446e-02, PNorm = 61.5913, GNorm = 0.6294, lr_0 = 1.4745e-04
Loss = 4.0863e-02, PNorm = 61.5944, GNorm = 0.6433, lr_0 = 1.4713e-04
Loss = 3.8688e-02, PNorm = 61.5976, GNorm = 1.1875, lr_0 = 1.4681e-04
Loss = 4.7912e-02, PNorm = 61.5996, GNorm = 0.7509, lr_0 = 1.4649e-04
Validation rmse = 0.514756
Epoch 83
Loss = 4.5024e-02, PNorm = 61.6040, GNorm = 0.8226, lr_0 = 1.4617e-04
Loss = 4.1235e-02, PNorm = 61.6086, GNorm = 0.6116, lr_0 = 1.4586e-04
Loss = 3.9920e-02, PNorm = 61.6116, GNorm = 0.4820, lr_0 = 1.4554e-04
Loss = 2.8034e-02, PNorm = 61.6144, GNorm = 0.7753, lr_0 = 1.4522e-04
Loss = 2.6312e-02, PNorm = 61.6163, GNorm = 0.9276, lr_0 = 1.4491e-04
Loss = 4.7053e-02, PNorm = 61.6196, GNorm = 0.5637, lr_0 = 1.4459e-04
Loss = 4.3980e-02, PNorm = 61.6238, GNorm = 0.9897, lr_0 = 1.4428e-04
Loss = 5.1326e-02, PNorm = 61.6285, GNorm = 0.8369, lr_0 = 1.4397e-04
Loss = 3.6674e-02, PNorm = 61.6304, GNorm = 0.6406, lr_0 = 1.4365e-04
Loss = 4.9438e-02, PNorm = 61.6332, GNorm = 1.3817, lr_0 = 1.4334e-04
Loss = 4.8328e-02, PNorm = 61.6348, GNorm = 0.8330, lr_0 = 1.4303e-04
Validation rmse = 0.511767
Epoch 84
Loss = 3.0136e-02, PNorm = 61.6370, GNorm = 0.4012, lr_0 = 1.4272e-04
Loss = 4.8927e-02, PNorm = 61.6400, GNorm = 1.3001, lr_0 = 1.4241e-04
Loss = 3.2464e-02, PNorm = 61.6432, GNorm = 1.1213, lr_0 = 1.4210e-04
Loss = 3.9215e-02, PNorm = 61.6459, GNorm = 0.9544, lr_0 = 1.4179e-04
Loss = 4.3789e-02, PNorm = 61.6484, GNorm = 0.5193, lr_0 = 1.4148e-04
Loss = 5.2507e-02, PNorm = 61.6511, GNorm = 1.1567, lr_0 = 1.4117e-04
Loss = 3.9720e-02, PNorm = 61.6541, GNorm = 0.5446, lr_0 = 1.4087e-04
Loss = 3.2118e-02, PNorm = 61.6577, GNorm = 0.5309, lr_0 = 1.4056e-04
Loss = 3.5020e-02, PNorm = 61.6609, GNorm = 0.5933, lr_0 = 1.4026e-04
Loss = 4.6644e-02, PNorm = 61.6635, GNorm = 0.4663, lr_0 = 1.3995e-04
Loss = 3.9169e-02, PNorm = 61.6667, GNorm = 0.6569, lr_0 = 1.3965e-04
Validation rmse = 0.517343
Epoch 85
Loss = 3.8414e-02, PNorm = 61.6687, GNorm = 1.7329, lr_0 = 1.3934e-04
Loss = 2.9751e-02, PNorm = 61.6711, GNorm = 0.5021, lr_0 = 1.3904e-04
Loss = 3.5056e-02, PNorm = 61.6738, GNorm = 0.9993, lr_0 = 1.3874e-04
Loss = 4.1527e-02, PNorm = 61.6759, GNorm = 0.9139, lr_0 = 1.3844e-04
Loss = 4.0358e-02, PNorm = 61.6786, GNorm = 1.1060, lr_0 = 1.3814e-04
Loss = 4.5167e-02, PNorm = 61.6807, GNorm = 0.6918, lr_0 = 1.3784e-04
Loss = 4.8100e-02, PNorm = 61.6837, GNorm = 0.8208, lr_0 = 1.3754e-04
Loss = 4.3161e-02, PNorm = 61.6880, GNorm = 0.9399, lr_0 = 1.3724e-04
Loss = 3.3051e-02, PNorm = 61.6925, GNorm = 0.6696, lr_0 = 1.3694e-04
Loss = 4.4297e-02, PNorm = 61.6964, GNorm = 0.5068, lr_0 = 1.3664e-04
Loss = 4.7278e-02, PNorm = 61.7001, GNorm = 0.5727, lr_0 = 1.3634e-04
Validation rmse = 0.507734
Epoch 86
Loss = 3.8705e-02, PNorm = 61.7023, GNorm = 0.7135, lr_0 = 1.3605e-04
Loss = 3.1445e-02, PNorm = 61.7040, GNorm = 0.7674, lr_0 = 1.3575e-04
Loss = 3.7093e-02, PNorm = 61.7073, GNorm = 0.5528, lr_0 = 1.3546e-04
Loss = 5.2190e-02, PNorm = 61.7109, GNorm = 0.8986, lr_0 = 1.3516e-04
Loss = 3.8807e-02, PNorm = 61.7125, GNorm = 0.7521, lr_0 = 1.3487e-04
Loss = 3.1645e-02, PNorm = 61.7152, GNorm = 0.7226, lr_0 = 1.3458e-04
Loss = 3.0874e-02, PNorm = 61.7184, GNorm = 0.6255, lr_0 = 1.3428e-04
Loss = 3.7259e-02, PNorm = 61.7200, GNorm = 0.6713, lr_0 = 1.3399e-04
Loss = 4.9630e-02, PNorm = 61.7233, GNorm = 1.4571, lr_0 = 1.3370e-04
Loss = 3.8183e-02, PNorm = 61.7271, GNorm = 0.7385, lr_0 = 1.3341e-04
Validation rmse = 0.519288
Epoch 87
Loss = 8.7688e-02, PNorm = 61.7292, GNorm = 1.1660, lr_0 = 1.3312e-04
Loss = 3.1720e-02, PNorm = 61.7324, GNorm = 0.5357, lr_0 = 1.3283e-04
Loss = 3.3973e-02, PNorm = 61.7350, GNorm = 0.5631, lr_0 = 1.3254e-04
Loss = 3.9404e-02, PNorm = 61.7379, GNorm = 1.1083, lr_0 = 1.3225e-04
Loss = 2.2861e-02, PNorm = 61.7395, GNorm = 0.6763, lr_0 = 1.3197e-04
Loss = 3.6215e-02, PNorm = 61.7420, GNorm = 0.5146, lr_0 = 1.3168e-04
Loss = 3.0383e-02, PNorm = 61.7440, GNorm = 0.6424, lr_0 = 1.3139e-04
Loss = 3.1376e-02, PNorm = 61.7473, GNorm = 0.5210, lr_0 = 1.3111e-04
Loss = 4.4269e-02, PNorm = 61.7510, GNorm = 1.1667, lr_0 = 1.3082e-04
Loss = 4.3891e-02, PNorm = 61.7546, GNorm = 1.0213, lr_0 = 1.3054e-04
Loss = 5.4314e-02, PNorm = 61.7580, GNorm = 1.0288, lr_0 = 1.3026e-04
Validation rmse = 0.522673
Epoch 88
Loss = 2.1437e-02, PNorm = 61.7605, GNorm = 0.4451, lr_0 = 1.2997e-04
Loss = 3.8352e-02, PNorm = 61.7618, GNorm = 0.7984, lr_0 = 1.2969e-04
Loss = 3.4130e-02, PNorm = 61.7644, GNorm = 0.7954, lr_0 = 1.2941e-04
Loss = 3.2525e-02, PNorm = 61.7674, GNorm = 0.6694, lr_0 = 1.2913e-04
Loss = 2.5512e-02, PNorm = 61.7694, GNorm = 0.6380, lr_0 = 1.2885e-04
Loss = 2.4413e-02, PNorm = 61.7716, GNorm = 0.6295, lr_0 = 1.2857e-04
Loss = 3.2837e-02, PNorm = 61.7745, GNorm = 0.5310, lr_0 = 1.2829e-04
Loss = 3.6542e-02, PNorm = 61.7760, GNorm = 0.6155, lr_0 = 1.2801e-04
Loss = 4.2459e-02, PNorm = 61.7785, GNorm = 1.2809, lr_0 = 1.2773e-04
Loss = 5.6144e-02, PNorm = 61.7811, GNorm = 0.6589, lr_0 = 1.2745e-04
Loss = 3.9948e-02, PNorm = 61.7837, GNorm = 0.8501, lr_0 = 1.2718e-04
Validation rmse = 0.523787
Epoch 89
Loss = 3.4851e-02, PNorm = 61.7871, GNorm = 0.9445, lr_0 = 1.2690e-04
Loss = 3.2535e-02, PNorm = 61.7897, GNorm = 0.6065, lr_0 = 1.2662e-04
Loss = 3.3905e-02, PNorm = 61.7913, GNorm = 0.8185, lr_0 = 1.2635e-04
Loss = 5.0163e-02, PNorm = 61.7942, GNorm = 0.5877, lr_0 = 1.2607e-04
Loss = 3.6660e-02, PNorm = 61.7983, GNorm = 0.5722, lr_0 = 1.2580e-04
Loss = 3.2754e-02, PNorm = 61.8015, GNorm = 0.6361, lr_0 = 1.2553e-04
Loss = 3.6738e-02, PNorm = 61.8045, GNorm = 0.5500, lr_0 = 1.2525e-04
Loss = 4.3743e-02, PNorm = 61.8066, GNorm = 1.1696, lr_0 = 1.2498e-04
Loss = 3.6906e-02, PNorm = 61.8084, GNorm = 0.3934, lr_0 = 1.2471e-04
Loss = 3.1404e-02, PNorm = 61.8108, GNorm = 0.9377, lr_0 = 1.2444e-04
Loss = 3.6369e-02, PNorm = 61.8134, GNorm = 0.7695, lr_0 = 1.2417e-04
Validation rmse = 0.515341
Epoch 90
Loss = 2.9592e-02, PNorm = 61.8151, GNorm = 0.9003, lr_0 = 1.2390e-04
Loss = 3.5436e-02, PNorm = 61.8179, GNorm = 0.9289, lr_0 = 1.2363e-04
Loss = 4.1173e-02, PNorm = 61.8205, GNorm = 1.2522, lr_0 = 1.2336e-04
Loss = 2.8433e-02, PNorm = 61.8227, GNorm = 0.5733, lr_0 = 1.2309e-04
Loss = 3.6410e-02, PNorm = 61.8256, GNorm = 0.9310, lr_0 = 1.2282e-04
Loss = 2.5099e-02, PNorm = 61.8299, GNorm = 0.6959, lr_0 = 1.2256e-04
Loss = 4.2414e-02, PNorm = 61.8331, GNorm = 1.3536, lr_0 = 1.2229e-04
Loss = 3.0587e-02, PNorm = 61.8351, GNorm = 0.4630, lr_0 = 1.2203e-04
Loss = 3.8197e-02, PNorm = 61.8369, GNorm = 0.8682, lr_0 = 1.2176e-04
Loss = 3.5315e-02, PNorm = 61.8383, GNorm = 0.7200, lr_0 = 1.2150e-04
Loss = 5.4117e-02, PNorm = 61.8415, GNorm = 0.7829, lr_0 = 1.2123e-04
Validation rmse = 0.519888
Epoch 91
Loss = 2.1253e-02, PNorm = 61.8447, GNorm = 0.5001, lr_0 = 1.2097e-04
Loss = 3.1618e-02, PNorm = 61.8469, GNorm = 0.5087, lr_0 = 1.2071e-04
Loss = 3.6600e-02, PNorm = 61.8498, GNorm = 0.6150, lr_0 = 1.2044e-04
Loss = 3.7530e-02, PNorm = 61.8522, GNorm = 0.4842, lr_0 = 1.2018e-04
Loss = 3.0208e-02, PNorm = 61.8544, GNorm = 0.8320, lr_0 = 1.1992e-04
Loss = 4.1972e-02, PNorm = 61.8568, GNorm = 0.5370, lr_0 = 1.1966e-04
Loss = 3.9141e-02, PNorm = 61.8580, GNorm = 0.6742, lr_0 = 1.1940e-04
Loss = 4.0782e-02, PNorm = 61.8614, GNorm = 1.0793, lr_0 = 1.1914e-04
Loss = 2.9707e-02, PNorm = 61.8650, GNorm = 0.5092, lr_0 = 1.1888e-04
Loss = 3.6029e-02, PNorm = 61.8677, GNorm = 0.7106, lr_0 = 1.1862e-04
Loss = 2.9534e-02, PNorm = 61.8707, GNorm = 0.5758, lr_0 = 1.1837e-04
Validation rmse = 0.531483
Epoch 92
Loss = 3.1244e-02, PNorm = 61.8730, GNorm = 0.6636, lr_0 = 1.1811e-04
Loss = 3.2138e-02, PNorm = 61.8746, GNorm = 0.8017, lr_0 = 1.1785e-04
Loss = 3.2752e-02, PNorm = 61.8756, GNorm = 0.7166, lr_0 = 1.1760e-04
Loss = 3.2427e-02, PNorm = 61.8781, GNorm = 0.4802, lr_0 = 1.1734e-04
Loss = 3.1295e-02, PNorm = 61.8803, GNorm = 0.7811, lr_0 = 1.1708e-04
Loss = 2.4236e-02, PNorm = 61.8827, GNorm = 0.6293, lr_0 = 1.1683e-04
Loss = 2.8108e-02, PNorm = 61.8852, GNorm = 0.7890, lr_0 = 1.1658e-04
Loss = 3.5188e-02, PNorm = 61.8864, GNorm = 1.1128, lr_0 = 1.1632e-04
Loss = 4.7832e-02, PNorm = 61.8888, GNorm = 0.7706, lr_0 = 1.1607e-04
Loss = 3.6730e-02, PNorm = 61.8929, GNorm = 0.6806, lr_0 = 1.1582e-04
Loss = 5.9195e-02, PNorm = 61.8959, GNorm = 0.5853, lr_0 = 1.1557e-04
Validation rmse = 0.525848
Epoch 93
Loss = 2.8054e-02, PNorm = 61.8986, GNorm = 0.6772, lr_0 = 1.1532e-04
Loss = 3.5481e-02, PNorm = 61.9016, GNorm = 0.5211, lr_0 = 1.1506e-04
Loss = 3.8612e-02, PNorm = 61.9037, GNorm = 1.0433, lr_0 = 1.1481e-04
Loss = 3.4505e-02, PNorm = 61.9054, GNorm = 0.5512, lr_0 = 1.1456e-04
Loss = 3.2962e-02, PNorm = 61.9080, GNorm = 1.1894, lr_0 = 1.1432e-04
Loss = 2.8863e-02, PNorm = 61.9115, GNorm = 0.9267, lr_0 = 1.1407e-04
Loss = 2.7985e-02, PNorm = 61.9148, GNorm = 0.8312, lr_0 = 1.1382e-04
Loss = 2.9809e-02, PNorm = 61.9166, GNorm = 0.7163, lr_0 = 1.1357e-04
Loss = 3.8020e-02, PNorm = 61.9185, GNorm = 0.4403, lr_0 = 1.1333e-04
Loss = 4.5378e-02, PNorm = 61.9196, GNorm = 0.6449, lr_0 = 1.1308e-04
Loss = 3.2549e-02, PNorm = 61.9211, GNorm = 0.6199, lr_0 = 1.1283e-04
Validation rmse = 0.520152
Epoch 94
Loss = 2.6120e-02, PNorm = 61.9238, GNorm = 0.4596, lr_0 = 1.1259e-04
Loss = 3.0079e-02, PNorm = 61.9258, GNorm = 0.5957, lr_0 = 1.1234e-04
Loss = 3.1066e-02, PNorm = 61.9266, GNorm = 0.5306, lr_0 = 1.1210e-04
Loss = 3.4322e-02, PNorm = 61.9286, GNorm = 0.7547, lr_0 = 1.1186e-04
Loss = 2.6664e-02, PNorm = 61.9319, GNorm = 0.4355, lr_0 = 1.1161e-04
Loss = 3.6799e-02, PNorm = 61.9347, GNorm = 0.3900, lr_0 = 1.1137e-04
Loss = 3.4728e-02, PNorm = 61.9376, GNorm = 0.9009, lr_0 = 1.1113e-04
Loss = 3.8496e-02, PNorm = 61.9401, GNorm = 0.2705, lr_0 = 1.1089e-04
Loss = 2.5688e-02, PNorm = 61.9426, GNorm = 0.4272, lr_0 = 1.1065e-04
Loss = 4.8270e-02, PNorm = 61.9443, GNorm = 1.0149, lr_0 = 1.1041e-04
Loss = 3.5706e-02, PNorm = 61.9454, GNorm = 0.6035, lr_0 = 1.1017e-04
Validation rmse = 0.515799
Epoch 95
Loss = 2.8902e-02, PNorm = 61.9479, GNorm = 0.8147, lr_0 = 1.0993e-04
Loss = 3.2780e-02, PNorm = 61.9505, GNorm = 0.9676, lr_0 = 1.0969e-04
Loss = 3.5879e-02, PNorm = 61.9519, GNorm = 0.6491, lr_0 = 1.0945e-04
Loss = 4.0784e-02, PNorm = 61.9541, GNorm = 1.1162, lr_0 = 1.0921e-04
Loss = 2.5957e-02, PNorm = 61.9576, GNorm = 0.5523, lr_0 = 1.0897e-04
Loss = 3.6374e-02, PNorm = 61.9593, GNorm = 0.4914, lr_0 = 1.0874e-04
Loss = 3.1611e-02, PNorm = 61.9613, GNorm = 1.0370, lr_0 = 1.0850e-04
Loss = 3.0233e-02, PNorm = 61.9632, GNorm = 1.0659, lr_0 = 1.0826e-04
Loss = 2.7713e-02, PNorm = 61.9652, GNorm = 1.1043, lr_0 = 1.0803e-04
Loss = 2.8587e-02, PNorm = 61.9680, GNorm = 0.8221, lr_0 = 1.0779e-04
Loss = 4.7040e-02, PNorm = 61.9695, GNorm = 0.8103, lr_0 = 1.0756e-04
Validation rmse = 0.523229
Epoch 96
Loss = 3.2043e-02, PNorm = 61.9716, GNorm = 0.7935, lr_0 = 1.0733e-04
Loss = 2.7266e-02, PNorm = 61.9744, GNorm = 0.4771, lr_0 = 1.0709e-04
Loss = 2.7915e-02, PNorm = 61.9766, GNorm = 0.5073, lr_0 = 1.0686e-04
Loss = 3.0894e-02, PNorm = 61.9789, GNorm = 0.9415, lr_0 = 1.0663e-04
Loss = 3.5774e-02, PNorm = 61.9814, GNorm = 0.4381, lr_0 = 1.0640e-04
Loss = 4.4132e-02, PNorm = 61.9840, GNorm = 0.6874, lr_0 = 1.0617e-04
Loss = 3.2550e-02, PNorm = 61.9864, GNorm = 0.6348, lr_0 = 1.0593e-04
Loss = 3.0971e-02, PNorm = 61.9884, GNorm = 0.6595, lr_0 = 1.0570e-04
Loss = 3.3930e-02, PNorm = 61.9901, GNorm = 1.0685, lr_0 = 1.0547e-04
Loss = 2.7188e-02, PNorm = 61.9902, GNorm = 0.5966, lr_0 = 1.0525e-04
Validation rmse = 0.525454
Epoch 97
Loss = 2.2970e-02, PNorm = 61.9904, GNorm = 0.4232, lr_0 = 1.0502e-04
Loss = 2.5269e-02, PNorm = 61.9920, GNorm = 0.4449, lr_0 = 1.0479e-04
Loss = 2.5510e-02, PNorm = 61.9943, GNorm = 0.4434, lr_0 = 1.0456e-04
Loss = 3.5568e-02, PNorm = 61.9965, GNorm = 0.5098, lr_0 = 1.0433e-04
Loss = 3.3943e-02, PNorm = 61.9988, GNorm = 0.6269, lr_0 = 1.0411e-04
Loss = 3.1644e-02, PNorm = 62.0012, GNorm = 0.9389, lr_0 = 1.0388e-04
Loss = 2.5595e-02, PNorm = 62.0039, GNorm = 0.8229, lr_0 = 1.0365e-04
Loss = 4.8213e-02, PNorm = 62.0058, GNorm = 0.6919, lr_0 = 1.0343e-04
Loss = 3.2196e-02, PNorm = 62.0075, GNorm = 0.8086, lr_0 = 1.0320e-04
Loss = 3.1166e-02, PNorm = 62.0106, GNorm = 0.5109, lr_0 = 1.0298e-04
Loss = 3.0029e-02, PNorm = 62.0127, GNorm = 0.4663, lr_0 = 1.0276e-04
Validation rmse = 0.518327
Epoch 98
Loss = 2.5740e-02, PNorm = 62.0138, GNorm = 0.6988, lr_0 = 1.0253e-04
Loss = 3.3601e-02, PNorm = 62.0153, GNorm = 0.4880, lr_0 = 1.0231e-04
Loss = 2.1315e-02, PNorm = 62.0171, GNorm = 0.4266, lr_0 = 1.0209e-04
Loss = 3.1825e-02, PNorm = 62.0187, GNorm = 0.7899, lr_0 = 1.0187e-04
Loss = 2.9918e-02, PNorm = 62.0213, GNorm = 0.6254, lr_0 = 1.0165e-04
Loss = 2.7814e-02, PNorm = 62.0234, GNorm = 0.9999, lr_0 = 1.0142e-04
Loss = 3.1730e-02, PNorm = 62.0263, GNorm = 0.7950, lr_0 = 1.0120e-04
Loss = 3.8929e-02, PNorm = 62.0292, GNorm = 0.5175, lr_0 = 1.0098e-04
Loss = 2.9465e-02, PNorm = 62.0321, GNorm = 0.9375, lr_0 = 1.0076e-04
Loss = 2.6875e-02, PNorm = 62.0341, GNorm = 0.4281, lr_0 = 1.0055e-04
Loss = 5.2171e-02, PNorm = 62.0361, GNorm = 1.5230, lr_0 = 1.0033e-04
Validation rmse = 0.528462
Epoch 99
Loss = 2.9701e-02, PNorm = 62.0376, GNorm = 0.5739, lr_0 = 1.0011e-04
Loss = 3.0993e-02, PNorm = 62.0387, GNorm = 1.0470, lr_0 = 1.0000e-04
Loss = 3.4514e-02, PNorm = 62.0407, GNorm = 0.5450, lr_0 = 1.0000e-04
Loss = 3.2600e-02, PNorm = 62.0433, GNorm = 0.5874, lr_0 = 1.0000e-04
Loss = 3.3826e-02, PNorm = 62.0469, GNorm = 0.5546, lr_0 = 1.0000e-04
Loss = 2.5829e-02, PNorm = 62.0491, GNorm = 0.6509, lr_0 = 1.0000e-04
Loss = 2.6569e-02, PNorm = 62.0508, GNorm = 0.9569, lr_0 = 1.0000e-04
Loss = 4.2509e-02, PNorm = 62.0519, GNorm = 0.5832, lr_0 = 1.0000e-04
Loss = 2.2858e-02, PNorm = 62.0539, GNorm = 0.8956, lr_0 = 1.0000e-04
Loss = 2.8392e-02, PNorm = 62.0558, GNorm = 0.4855, lr_0 = 1.0000e-04
Loss = 3.4046e-02, PNorm = 62.0573, GNorm = 0.9058, lr_0 = 1.0000e-04
Validation rmse = 0.527836
Model 0 best validation rmse = 0.459240 on epoch 24
Loading pretrained parameter "encoder.encoder.0.cached_zero_vector".
Loading pretrained parameter "encoder.encoder.0.W_i.weight".
Loading pretrained parameter "encoder.encoder.0.W_h.weight".
Loading pretrained parameter "encoder.encoder.0.W_o.weight".
Loading pretrained parameter "encoder.encoder.0.W_o.bias".
Loading pretrained parameter "encoder.encoder.1.cached_zero_vector".
Loading pretrained parameter "encoder.encoder.1.W_i.weight".
Loading pretrained parameter "encoder.encoder.1.W_h.weight".
Loading pretrained parameter "encoder.encoder.1.W_o.weight".
Loading pretrained parameter "encoder.encoder.1.W_o.bias".
Loading pretrained parameter "ffn.1.weight".
Loading pretrained parameter "ffn.1.bias".
Loading pretrained parameter "ffn.4.weight".
Loading pretrained parameter "ffn.4.bias".
Moving model to cuda
Model 0 test rmse = 0.567627
Ensemble test rmse = 0.567627
1-fold cross validation
	Seed 0 ==> test rmse = 0.567627
Overall test rmse = 0.567627 +/- 0.000000
Elapsed time = 0:07:37
