Command line
python /home/kpg/chemprop/train.py --data_path ../../../data/splits/lambda_max_abs/deep4chem/group_by_smiles/smiles_target_train.csv --dataset_type regression --save_dir /home/kimele03/uvvisml/uvvisml/models/lambda_max_emi_checkpoints/scaffold/results/507112/49670907 --config_path /home/kimele03/uvvisml/uvvisml/models/lambda_max_emi_checkpoints/scaffold/results/507112/49670907/hyperopt.json --metric rmse --epochs 50 --gpu 0 --ensemble_size 1 --separate_val_path ../../../data/splits/lambda_max_abs/deep4chem/group_by_smiles/smiles_target_val.csv --separate_test_path ../../../data/splits/lambda_max_abs/deep4chem/group_by_smiles/smiles_target_test.csv --number_of_molecules 2
Args
{'activation': 'ReLU',
 'aggregation': 'mean',
 'aggregation_norm': 100,
 'atom_descriptor_scaling': True,
 'atom_descriptors': None,
 'atom_descriptors_path': None,
 'atom_descriptors_size': 0,
 'atom_features_size': 0,
 'atom_messages': False,
 'batch_size': 77,
 'bias': False,
 'bond_feature_scaling': True,
 'bond_features_path': None,
 'bond_features_size': 0,
 'cache_cutoff': 10000,
 'checkpoint_dir': None,
 'checkpoint_frzn': None,
 'checkpoint_path': None,
 'checkpoint_paths': None,
 'class_balance': False,
 'config_path': '/home/kimele03/uvvisml/uvvisml/models/lambda_max_emi_checkpoints/scaffold/results/507112/49670907/hyperopt.json',
 'crossval_index_dir': None,
 'crossval_index_file': None,
 'crossval_index_sets': None,
 'cuda': True,
 'data_path': '../../../data/splits/lambda_max_abs/deep4chem/group_by_smiles/smiles_target_train.csv',
 'data_weights_path': None,
 'dataset_type': 'regression',
 'depth': 2,
 'device': device(type='cuda', index=0),
 'dropout': 0.059130549256239284,
 'empty_cache': False,
 'ensemble_size': 1,
 'epochs': 50,
 'explicit_h': False,
 'extra_metrics': [],
 'features_generator': None,
 'features_only': False,
 'features_path': None,
 'features_scaling': True,
 'features_size': None,
 'ffn_hidden_size': 1376,
 'ffn_num_layers': 1,
 'final_lr': 5.1054555716595106e-05,
 'folds_file': None,
 'freeze_first_only': False,
 'frzn_ffn_layers': 0,
 'gpu': 0,
 'grad_clip': None,
 'hidden_size': 857,
 'ignore_columns': None,
 'init_lr': 2.3826187635674246e-05,
 'log_frequency': 10,
 'max_data_size': None,
 'max_lr': 0.0005713436464036346,
 'metric': 'rmse',
 'metrics': ['rmse'],
 'minimize_score': True,
 'mpn_shared': False,
 'multiclass_num_classes': 3,
 'no_atom_descriptor_scaling': False,
 'no_bond_features_scaling': False,
 'no_cache_mol': False,
 'no_cuda': False,
 'no_features_scaling': False,
 'num_folds': 1,
 'num_lrs': 1,
 'num_tasks': 1,
 'num_workers': 8,
 'number_of_molecules': 2,
 'overwrite_default_atom_features': False,
 'overwrite_default_bond_features': False,
 'pytorch_seed': 0,
 'quiet': False,
 'reaction': False,
 'reaction_mode': 'reac_diff',
 'resume_experiment': False,
 'save_dir': '/home/kimele03/uvvisml/uvvisml/models/lambda_max_emi_checkpoints/scaffold/results/507112/49670907',
 'save_preds': False,
 'save_smiles_splits': False,
 'seed': 0,
 'separate_test_atom_descriptors_path': None,
 'separate_test_bond_features_path': None,
 'separate_test_features_path': None,
 'separate_test_path': '../../../data/splits/lambda_max_abs/deep4chem/group_by_smiles/smiles_target_test.csv',
 'separate_val_atom_descriptors_path': None,
 'separate_val_bond_features_path': None,
 'separate_val_features_path': None,
 'separate_val_path': '../../../data/splits/lambda_max_abs/deep4chem/group_by_smiles/smiles_target_val.csv',
 'show_individual_scores': False,
 'smiles_columns': ['smiles', 'solvent'],
 'split_sizes': (0.8, 0.1, 0.1),
 'split_type': 'random',
 'target_columns': None,
 'target_weights': None,
 'task_names': ['peakwavs_max'],
 'test': False,
 'test_fold_index': None,
 'train_data_size': None,
 'undirected': False,
 'use_input_features': False,
 'val_fold_index': None,
 'warmup_epochs': 6}
Loading data
Number of tasks = 1
Fold 0
Splitting data with seed 0
Total size = 13,242 | train size = 13,242 | val size = 1,633 | test size = 1,710
Fitting scaler
Building model 0
MoleculeModel(
  (encoder): MPN(
    (encoder): ModuleList(
      (0): MPNEncoder(
        (dropout_layer): Dropout(p=0.059130549256239284, inplace=False)
        (act_func): ReLU()
        (W_i): Linear(in_features=147, out_features=857, bias=False)
        (W_h): Linear(in_features=857, out_features=857, bias=False)
        (W_o): Linear(in_features=990, out_features=857, bias=True)
      )
      (1): MPNEncoder(
        (dropout_layer): Dropout(p=0.059130549256239284, inplace=False)
        (act_func): ReLU()
        (W_i): Linear(in_features=147, out_features=857, bias=False)
        (W_h): Linear(in_features=857, out_features=857, bias=False)
        (W_o): Linear(in_features=990, out_features=857, bias=True)
      )
    )
  )
  (ffn): Sequential(
    (0): Dropout(p=0.059130549256239284, inplace=False)
    (1): Linear(in_features=1714, out_features=1, bias=True)
  )
)
Number of parameters = 3,422,859
Moving model to cuda
Epoch 0
Loss = 1.1580e+00, PNorm = 63.6713, GNorm = 3.4653, lr_0 = 2.9696e-05
Loss = 9.4512e-01, PNorm = 63.6717, GNorm = 2.4363, lr_0 = 3.5033e-05
Loss = 8.7555e-01, PNorm = 63.6728, GNorm = 1.2550, lr_0 = 4.0369e-05
Loss = 1.1501e+00, PNorm = 63.6745, GNorm = 1.1705, lr_0 = 4.5706e-05
Loss = 9.2601e-01, PNorm = 63.6769, GNorm = 8.4091, lr_0 = 5.1042e-05
Loss = 7.9264e-01, PNorm = 63.6802, GNorm = 3.2679, lr_0 = 5.6378e-05
Loss = 7.5182e-01, PNorm = 63.6842, GNorm = 3.4824, lr_0 = 6.1715e-05
Loss = 8.5722e-01, PNorm = 63.6895, GNorm = 4.4750, lr_0 = 6.7051e-05
Loss = 8.6962e-01, PNorm = 63.6961, GNorm = 4.0921, lr_0 = 7.2388e-05
Loss = 8.0613e-01, PNorm = 63.7047, GNorm = 0.9044, lr_0 = 7.7724e-05
Loss = 8.3397e-01, PNorm = 63.7136, GNorm = 1.2557, lr_0 = 8.3061e-05
Loss = 7.5364e-01, PNorm = 63.7222, GNorm = 1.4183, lr_0 = 8.8397e-05
Loss = 7.5346e-01, PNorm = 63.7317, GNorm = 1.3738, lr_0 = 9.3733e-05
Loss = 7.9515e-01, PNorm = 63.7408, GNorm = 3.5419, lr_0 = 9.9070e-05
Loss = 7.4555e-01, PNorm = 63.7531, GNorm = 6.5709, lr_0 = 1.0441e-04
Loss = 7.1143e-01, PNorm = 63.7657, GNorm = 4.1270, lr_0 = 1.0974e-04
Loss = 5.3462e-01, PNorm = 63.7760, GNorm = 3.6091, lr_0 = 1.1508e-04
Validation rmse = 85.581255
Epoch 1
Loss = 7.3426e-01, PNorm = 63.7899, GNorm = 2.5348, lr_0 = 1.2095e-04
Loss = 8.0046e-01, PNorm = 63.8046, GNorm = 10.8031, lr_0 = 1.2629e-04
Loss = 6.6868e-01, PNorm = 63.8219, GNorm = 2.7314, lr_0 = 1.3162e-04
Loss = 5.5442e-01, PNorm = 63.8395, GNorm = 2.2173, lr_0 = 1.3696e-04
Loss = 6.5215e-01, PNorm = 63.8577, GNorm = 3.8949, lr_0 = 1.4229e-04
Loss = 5.8312e-01, PNorm = 63.8775, GNorm = 1.3879, lr_0 = 1.4763e-04
Loss = 5.8997e-01, PNorm = 63.9014, GNorm = 1.4269, lr_0 = 1.5297e-04
Loss = 5.4306e-01, PNorm = 63.9207, GNorm = 1.0373, lr_0 = 1.5830e-04
Loss = 6.0750e-01, PNorm = 63.9410, GNorm = 6.3804, lr_0 = 1.6364e-04
Loss = 5.9226e-01, PNorm = 63.9607, GNorm = 15.0975, lr_0 = 1.6898e-04
Loss = 6.1454e-01, PNorm = 63.9842, GNorm = 6.0312, lr_0 = 1.7431e-04
Loss = 5.7232e-01, PNorm = 64.0126, GNorm = 8.2627, lr_0 = 1.7965e-04
Loss = 5.8151e-01, PNorm = 64.0402, GNorm = 1.3149, lr_0 = 1.8499e-04
Loss = 6.0094e-01, PNorm = 64.0685, GNorm = 1.5021, lr_0 = 1.9032e-04
Loss = 5.7930e-01, PNorm = 64.0920, GNorm = 10.2447, lr_0 = 1.9566e-04
Loss = 6.3177e-01, PNorm = 64.1174, GNorm = 9.5063, lr_0 = 2.0100e-04
Loss = 6.4476e-01, PNorm = 64.1476, GNorm = 2.2617, lr_0 = 2.0633e-04
Validation rmse = 77.818378
Epoch 2
Loss = 5.4556e-01, PNorm = 64.1843, GNorm = 3.8774, lr_0 = 2.1167e-04
Loss = 5.3567e-01, PNorm = 64.2174, GNorm = 5.0601, lr_0 = 2.1700e-04
Loss = 5.0292e-01, PNorm = 64.2518, GNorm = 5.8619, lr_0 = 2.2234e-04
Loss = 4.6000e-01, PNorm = 64.2812, GNorm = 2.5187, lr_0 = 2.2768e-04
Loss = 4.9297e-01, PNorm = 64.3137, GNorm = 1.2438, lr_0 = 2.3301e-04
Loss = 5.2199e-01, PNorm = 64.3454, GNorm = 6.6093, lr_0 = 2.3835e-04
Loss = 4.7455e-01, PNorm = 64.3727, GNorm = 4.7682, lr_0 = 2.4369e-04
Loss = 5.8222e-01, PNorm = 64.4075, GNorm = 1.4359, lr_0 = 2.4902e-04
Loss = 4.5976e-01, PNorm = 64.4514, GNorm = 3.0610, lr_0 = 2.5436e-04
Loss = 5.4270e-01, PNorm = 64.4975, GNorm = 9.9019, lr_0 = 2.5970e-04
Loss = 4.9766e-01, PNorm = 64.5406, GNorm = 9.3747, lr_0 = 2.6503e-04
Loss = 4.4524e-01, PNorm = 64.5812, GNorm = 1.5061, lr_0 = 2.7037e-04
Loss = 4.4274e-01, PNorm = 64.6249, GNorm = 1.6111, lr_0 = 2.7571e-04
Loss = 4.7157e-01, PNorm = 64.6690, GNorm = 1.4431, lr_0 = 2.8104e-04
Loss = 3.8314e-01, PNorm = 64.7142, GNorm = 2.0056, lr_0 = 2.8638e-04
Loss = 4.2242e-01, PNorm = 64.7596, GNorm = 5.8901, lr_0 = 2.9171e-04
Loss = 3.7637e-01, PNorm = 64.8021, GNorm = 5.3270, lr_0 = 2.9705e-04
Validation rmse = 68.955396
Epoch 3
Loss = 3.6012e-01, PNorm = 64.8504, GNorm = 7.5149, lr_0 = 3.0239e-04
Loss = 3.9780e-01, PNorm = 64.8949, GNorm = 10.0517, lr_0 = 3.0772e-04
Loss = 3.6788e-01, PNorm = 64.9370, GNorm = 1.6607, lr_0 = 3.1306e-04
Loss = 4.1446e-01, PNorm = 64.9831, GNorm = 1.4772, lr_0 = 3.1840e-04
Loss = 4.5006e-01, PNorm = 65.0267, GNorm = 11.2545, lr_0 = 3.2373e-04
Loss = 4.7351e-01, PNorm = 65.0774, GNorm = 2.8635, lr_0 = 3.2907e-04
Loss = 4.3841e-01, PNorm = 65.1239, GNorm = 3.0618, lr_0 = 3.3441e-04
Loss = 4.0605e-01, PNorm = 65.1719, GNorm = 4.0597, lr_0 = 3.3974e-04
Loss = 3.6400e-01, PNorm = 65.2248, GNorm = 5.1136, lr_0 = 3.4508e-04
Loss = 3.2773e-01, PNorm = 65.2791, GNorm = 1.4857, lr_0 = 3.5042e-04
Loss = 3.3844e-01, PNorm = 65.3248, GNorm = 1.9614, lr_0 = 3.5575e-04
Loss = 4.2641e-01, PNorm = 65.3700, GNorm = 10.4138, lr_0 = 3.6109e-04
Loss = 3.5885e-01, PNorm = 65.4045, GNorm = 5.3492, lr_0 = 3.6642e-04
Loss = 3.6299e-01, PNorm = 65.4427, GNorm = 4.7143, lr_0 = 3.7176e-04
Loss = 3.9317e-01, PNorm = 65.4956, GNorm = 7.9985, lr_0 = 3.7710e-04
Loss = 3.7777e-01, PNorm = 65.5425, GNorm = 2.6337, lr_0 = 3.8243e-04
Loss = 3.4796e-01, PNorm = 65.5945, GNorm = 1.1468, lr_0 = 3.8777e-04
Validation rmse = 71.624194
Epoch 4
Loss = 3.6288e-01, PNorm = 65.6492, GNorm = 6.4818, lr_0 = 3.9311e-04
Loss = 3.4652e-01, PNorm = 65.7016, GNorm = 5.4707, lr_0 = 3.9844e-04
Loss = 3.1925e-01, PNorm = 65.7513, GNorm = 1.6189, lr_0 = 4.0378e-04
Loss = 3.1422e-01, PNorm = 65.8038, GNorm = 7.4702, lr_0 = 4.0912e-04
Loss = 3.2826e-01, PNorm = 65.8446, GNorm = 3.0617, lr_0 = 4.1445e-04
Loss = 3.6817e-01, PNorm = 65.8914, GNorm = 3.8569, lr_0 = 4.1979e-04
Loss = 3.4398e-01, PNorm = 65.9472, GNorm = 1.0047, lr_0 = 4.2513e-04
Loss = 2.7619e-01, PNorm = 65.9959, GNorm = 5.9124, lr_0 = 4.3046e-04
Loss = 2.7312e-01, PNorm = 66.0379, GNorm = 2.0578, lr_0 = 4.3580e-04
Loss = 3.3294e-01, PNorm = 66.0775, GNorm = 4.2614, lr_0 = 4.4113e-04
Loss = 3.4375e-01, PNorm = 66.1100, GNorm = 6.2458, lr_0 = 4.4647e-04
Loss = 3.4117e-01, PNorm = 66.1625, GNorm = 4.7116, lr_0 = 4.5181e-04
Loss = 3.4060e-01, PNorm = 66.2172, GNorm = 6.6330, lr_0 = 4.5714e-04
Loss = 3.0409e-01, PNorm = 66.2552, GNorm = 5.0999, lr_0 = 4.6248e-04
Loss = 2.7079e-01, PNorm = 66.2909, GNorm = 2.5936, lr_0 = 4.6782e-04
Loss = 2.6893e-01, PNorm = 66.3285, GNorm = 1.7312, lr_0 = 4.7315e-04
Loss = 2.9324e-01, PNorm = 66.3808, GNorm = 6.6567, lr_0 = 4.7849e-04
Validation rmse = 63.707038
Epoch 5
Loss = 3.2842e-01, PNorm = 66.4167, GNorm = 4.5432, lr_0 = 4.8383e-04
Loss = 2.4276e-01, PNorm = 66.4768, GNorm = 2.4094, lr_0 = 4.8916e-04
Loss = 2.5961e-01, PNorm = 66.5270, GNorm = 1.6635, lr_0 = 4.9450e-04
Loss = 3.0001e-01, PNorm = 66.5772, GNorm = 1.0064, lr_0 = 4.9984e-04
Loss = 2.9294e-01, PNorm = 66.6270, GNorm = 1.4004, lr_0 = 5.0517e-04
Loss = 3.4755e-01, PNorm = 66.6819, GNorm = 0.9929, lr_0 = 5.1051e-04
Loss = 2.8268e-01, PNorm = 66.7273, GNorm = 1.4178, lr_0 = 5.1584e-04
Loss = 2.8806e-01, PNorm = 66.7902, GNorm = 5.2882, lr_0 = 5.2118e-04
Loss = 2.9222e-01, PNorm = 66.8446, GNorm = 2.1173, lr_0 = 5.2652e-04
Loss = 2.9703e-01, PNorm = 66.9048, GNorm = 3.6526, lr_0 = 5.3185e-04
Loss = 2.6674e-01, PNorm = 66.9465, GNorm = 2.4756, lr_0 = 5.3719e-04
Loss = 2.7324e-01, PNorm = 66.9828, GNorm = 1.8177, lr_0 = 5.4253e-04
Loss = 3.0202e-01, PNorm = 67.0096, GNorm = 7.9156, lr_0 = 5.4786e-04
Loss = 3.0920e-01, PNorm = 67.0611, GNorm = 6.3556, lr_0 = 5.5320e-04
Loss = 3.6875e-01, PNorm = 67.1398, GNorm = 3.1144, lr_0 = 5.5854e-04
Loss = 3.2296e-01, PNorm = 67.2016, GNorm = 8.2224, lr_0 = 5.6387e-04
Loss = 2.9552e-01, PNorm = 67.2515, GNorm = 6.9650, lr_0 = 5.6921e-04
Loss = 2.8316e-01, PNorm = 67.3039, GNorm = 2.2964, lr_0 = 5.7024e-04
Validation rmse = 61.513180
Epoch 6
Loss = 2.9784e-01, PNorm = 67.3528, GNorm = 4.4426, lr_0 = 5.6842e-04
Loss = 2.2639e-01, PNorm = 67.4037, GNorm = 2.1896, lr_0 = 5.6660e-04
Loss = 2.3454e-01, PNorm = 67.4606, GNorm = 1.1843, lr_0 = 5.6478e-04
Loss = 2.5465e-01, PNorm = 67.5139, GNorm = 3.4358, lr_0 = 5.6297e-04
Loss = 2.7096e-01, PNorm = 67.5557, GNorm = 1.3166, lr_0 = 5.6117e-04
Loss = 2.3082e-01, PNorm = 67.5980, GNorm = 3.7727, lr_0 = 5.5937e-04
Loss = 2.7096e-01, PNorm = 67.6401, GNorm = 4.2745, lr_0 = 5.5757e-04
Loss = 2.7017e-01, PNorm = 67.6950, GNorm = 7.7277, lr_0 = 5.5579e-04
Loss = 3.1269e-01, PNorm = 67.7665, GNorm = 5.6404, lr_0 = 5.5401e-04
Loss = 3.2503e-01, PNorm = 67.8098, GNorm = 1.0474, lr_0 = 5.5223e-04
Loss = 2.6972e-01, PNorm = 67.8752, GNorm = 3.6573, lr_0 = 5.5046e-04
Loss = 2.5474e-01, PNorm = 67.9237, GNorm = 1.7277, lr_0 = 5.4870e-04
Loss = 2.3280e-01, PNorm = 67.9632, GNorm = 0.9724, lr_0 = 5.4694e-04
Loss = 2.4481e-01, PNorm = 68.0058, GNorm = 3.9114, lr_0 = 5.4519e-04
Loss = 2.6489e-01, PNorm = 68.0626, GNorm = 1.5770, lr_0 = 5.4344e-04
Loss = 2.3432e-01, PNorm = 68.1065, GNorm = 2.6591, lr_0 = 5.4170e-04
Loss = 2.4150e-01, PNorm = 68.1271, GNorm = 5.4045, lr_0 = 5.3996e-04
Validation rmse = 56.782486
Epoch 7
Loss = 2.0121e-01, PNorm = 68.1714, GNorm = 2.6508, lr_0 = 5.3823e-04
Loss = 2.4857e-01, PNorm = 68.2107, GNorm = 4.3635, lr_0 = 5.3651e-04
Loss = 2.5653e-01, PNorm = 68.2510, GNorm = 3.6185, lr_0 = 5.3479e-04
Loss = 1.8770e-01, PNorm = 68.3004, GNorm = 0.8201, lr_0 = 5.3307e-04
Loss = 2.4156e-01, PNorm = 68.3536, GNorm = 1.2508, lr_0 = 5.3136e-04
Loss = 2.3562e-01, PNorm = 68.3868, GNorm = 2.7048, lr_0 = 5.2966e-04
Loss = 2.4096e-01, PNorm = 68.4363, GNorm = 1.0571, lr_0 = 5.2796e-04
Loss = 2.2492e-01, PNorm = 68.4766, GNorm = 1.7645, lr_0 = 5.2627e-04
Loss = 2.3175e-01, PNorm = 68.5238, GNorm = 4.9629, lr_0 = 5.2459e-04
Loss = 2.6815e-01, PNorm = 68.5639, GNorm = 4.3838, lr_0 = 5.2290e-04
Loss = 2.6353e-01, PNorm = 68.6118, GNorm = 0.9148, lr_0 = 5.2123e-04
Loss = 2.3459e-01, PNorm = 68.6667, GNorm = 5.5131, lr_0 = 5.1956e-04
Loss = 2.3913e-01, PNorm = 68.7369, GNorm = 1.3501, lr_0 = 5.1789e-04
Loss = 2.2756e-01, PNorm = 68.7825, GNorm = 5.2778, lr_0 = 5.1623e-04
Loss = 2.0588e-01, PNorm = 68.8043, GNorm = 1.1618, lr_0 = 5.1458e-04
Loss = 3.0204e-01, PNorm = 68.8322, GNorm = 6.4499, lr_0 = 5.1293e-04
Loss = 2.4339e-01, PNorm = 68.8767, GNorm = 2.8515, lr_0 = 5.1129e-04
Validation rmse = 57.722838
Epoch 8
Loss = 2.4385e-01, PNorm = 68.9117, GNorm = 2.8225, lr_0 = 5.0965e-04
Loss = 2.2232e-01, PNorm = 68.9514, GNorm = 1.6001, lr_0 = 5.0801e-04
Loss = 1.9493e-01, PNorm = 68.9908, GNorm = 3.7391, lr_0 = 5.0639e-04
Loss = 2.1513e-01, PNorm = 69.0357, GNorm = 0.6251, lr_0 = 5.0476e-04
Loss = 2.2783e-01, PNorm = 69.0865, GNorm = 1.0827, lr_0 = 5.0315e-04
Loss = 2.0015e-01, PNorm = 69.1267, GNorm = 1.7541, lr_0 = 5.0153e-04
Loss = 2.4087e-01, PNorm = 69.1702, GNorm = 2.9004, lr_0 = 4.9993e-04
Loss = 2.4348e-01, PNorm = 69.2161, GNorm = 0.9500, lr_0 = 4.9832e-04
Loss = 2.0992e-01, PNorm = 69.2533, GNorm = 4.4387, lr_0 = 4.9673e-04
Loss = 2.2392e-01, PNorm = 69.2871, GNorm = 4.1651, lr_0 = 4.9514e-04
Loss = 2.1861e-01, PNorm = 69.3106, GNorm = 3.9231, lr_0 = 4.9355e-04
Loss = 2.0925e-01, PNorm = 69.3592, GNorm = 4.0170, lr_0 = 4.9197e-04
Loss = 1.8496e-01, PNorm = 69.3921, GNorm = 0.5240, lr_0 = 4.9039e-04
Loss = 2.2177e-01, PNorm = 69.4274, GNorm = 2.2086, lr_0 = 4.8882e-04
Loss = 2.0870e-01, PNorm = 69.4785, GNorm = 1.2533, lr_0 = 4.8725e-04
Loss = 2.3694e-01, PNorm = 69.5107, GNorm = 1.1056, lr_0 = 4.8569e-04
Loss = 2.5717e-01, PNorm = 69.5523, GNorm = 1.7916, lr_0 = 4.8413e-04
Validation rmse = 59.492066
Epoch 9
Loss = 2.6544e-01, PNorm = 69.5851, GNorm = 2.3394, lr_0 = 4.8258e-04
Loss = 2.3276e-01, PNorm = 69.6485, GNorm = 1.4535, lr_0 = 4.8104e-04
Loss = 2.1996e-01, PNorm = 69.6845, GNorm = 2.9835, lr_0 = 4.7949e-04
Loss = 1.9284e-01, PNorm = 69.7174, GNorm = 3.3715, lr_0 = 4.7796e-04
Loss = 1.7425e-01, PNorm = 69.7484, GNorm = 1.0628, lr_0 = 4.7643e-04
Loss = 1.9023e-01, PNorm = 69.7802, GNorm = 1.3191, lr_0 = 4.7490e-04
Loss = 2.0579e-01, PNorm = 69.8164, GNorm = 0.9848, lr_0 = 4.7338e-04
Loss = 2.4203e-01, PNorm = 69.8416, GNorm = 2.2915, lr_0 = 4.7186e-04
Loss = 1.9200e-01, PNorm = 69.8853, GNorm = 1.9958, lr_0 = 4.7035e-04
Loss = 1.9112e-01, PNorm = 69.9267, GNorm = 2.6416, lr_0 = 4.6884e-04
Loss = 1.8462e-01, PNorm = 69.9563, GNorm = 2.2137, lr_0 = 4.6734e-04
Loss = 2.1793e-01, PNorm = 70.0034, GNorm = 0.7988, lr_0 = 4.6584e-04
Loss = 2.0141e-01, PNorm = 70.0265, GNorm = 1.8688, lr_0 = 4.6435e-04
Loss = 2.3666e-01, PNorm = 70.0535, GNorm = 1.3540, lr_0 = 4.6286e-04
Loss = 2.0609e-01, PNorm = 70.1054, GNorm = 3.0047, lr_0 = 4.6138e-04
Loss = 2.1589e-01, PNorm = 70.1505, GNorm = 2.2835, lr_0 = 4.5990e-04
Loss = 2.2870e-01, PNorm = 70.1806, GNorm = 4.1089, lr_0 = 4.5842e-04
Validation rmse = 52.687622
Epoch 10
Loss = 2.0275e-01, PNorm = 70.2161, GNorm = 2.6155, lr_0 = 4.5695e-04
Loss = 1.8149e-01, PNorm = 70.2622, GNorm = 2.8719, lr_0 = 4.5549e-04
Loss = 1.9856e-01, PNorm = 70.3024, GNorm = 0.7355, lr_0 = 4.5403e-04
Loss = 1.9180e-01, PNorm = 70.3309, GNorm = 1.0197, lr_0 = 4.5258e-04
Loss = 1.9443e-01, PNorm = 70.3489, GNorm = 3.1163, lr_0 = 4.5113e-04
Loss = 2.0118e-01, PNorm = 70.3800, GNorm = 3.2949, lr_0 = 4.4968e-04
Loss = 2.2478e-01, PNorm = 70.4143, GNorm = 1.3509, lr_0 = 4.4824e-04
Loss = 1.9863e-01, PNorm = 70.4532, GNorm = 0.8280, lr_0 = 4.4680e-04
Loss = 1.9126e-01, PNorm = 70.4874, GNorm = 4.3485, lr_0 = 4.4537e-04
Loss = 2.2312e-01, PNorm = 70.5267, GNorm = 5.3136, lr_0 = 4.4394e-04
Loss = 2.0879e-01, PNorm = 70.5631, GNorm = 5.1810, lr_0 = 4.4252e-04
Loss = 1.7613e-01, PNorm = 70.6056, GNorm = 2.3540, lr_0 = 4.4110e-04
Loss = 2.1991e-01, PNorm = 70.6317, GNorm = 5.7877, lr_0 = 4.3969e-04
Loss = 2.1758e-01, PNorm = 70.6511, GNorm = 2.9690, lr_0 = 4.3828e-04
Loss = 1.8929e-01, PNorm = 70.6857, GNorm = 1.4358, lr_0 = 4.3687e-04
Loss = 2.0865e-01, PNorm = 70.7323, GNorm = 1.3321, lr_0 = 4.3547e-04
Loss = 1.8385e-01, PNorm = 70.7631, GNorm = 1.8253, lr_0 = 4.3408e-04
Loss = 2.0091e-01, PNorm = 70.7986, GNorm = 1.1047, lr_0 = 4.3269e-04
Validation rmse = 56.335111
Epoch 11
Loss = 1.9536e-01, PNorm = 70.8280, GNorm = 1.2329, lr_0 = 4.3130e-04
Loss = 1.8352e-01, PNorm = 70.8634, GNorm = 1.7389, lr_0 = 4.2992e-04
Loss = 1.8215e-01, PNorm = 70.9008, GNorm = 0.6911, lr_0 = 4.2854e-04
Loss = 1.8626e-01, PNorm = 70.9427, GNorm = 0.7236, lr_0 = 4.2717e-04
Loss = 1.9873e-01, PNorm = 70.9804, GNorm = 1.6877, lr_0 = 4.2580e-04
Loss = 1.8932e-01, PNorm = 71.0160, GNorm = 2.3767, lr_0 = 4.2443e-04
Loss = 1.7804e-01, PNorm = 71.0402, GNorm = 0.7377, lr_0 = 4.2307e-04
Loss = 1.6179e-01, PNorm = 71.0755, GNorm = 2.0942, lr_0 = 4.2172e-04
Loss = 1.7022e-01, PNorm = 71.1073, GNorm = 0.7166, lr_0 = 4.2037e-04
Loss = 1.8915e-01, PNorm = 71.1398, GNorm = 2.3194, lr_0 = 4.1902e-04
Loss = 2.1108e-01, PNorm = 71.1626, GNorm = 1.4245, lr_0 = 4.1768e-04
Loss = 1.6904e-01, PNorm = 71.1864, GNorm = 0.6859, lr_0 = 4.1634e-04
Loss = 2.4247e-01, PNorm = 71.2289, GNorm = 2.1234, lr_0 = 4.1500e-04
Loss = 1.9654e-01, PNorm = 71.2435, GNorm = 1.5796, lr_0 = 4.1367e-04
Loss = 1.6624e-01, PNorm = 71.2626, GNorm = 3.6710, lr_0 = 4.1235e-04
Loss = 1.7867e-01, PNorm = 71.3061, GNorm = 0.9878, lr_0 = 4.1103e-04
Loss = 1.7062e-01, PNorm = 71.3341, GNorm = 1.3404, lr_0 = 4.0971e-04
Validation rmse = 49.415053
Epoch 12
Loss = 1.8759e-01, PNorm = 71.3726, GNorm = 4.7049, lr_0 = 4.0840e-04
Loss = 1.7762e-01, PNorm = 71.3951, GNorm = 1.0504, lr_0 = 4.0709e-04
Loss = 1.7973e-01, PNorm = 71.4294, GNorm = 2.3098, lr_0 = 4.0578e-04
Loss = 1.5509e-01, PNorm = 71.4627, GNorm = 1.9439, lr_0 = 4.0448e-04
Loss = 1.8246e-01, PNorm = 71.4855, GNorm = 5.6953, lr_0 = 4.0319e-04
Loss = 1.6969e-01, PNorm = 71.5094, GNorm = 2.0885, lr_0 = 4.0189e-04
Loss = 1.7549e-01, PNorm = 71.5412, GNorm = 1.4283, lr_0 = 4.0061e-04
Loss = 1.5395e-01, PNorm = 71.5813, GNorm = 2.3975, lr_0 = 3.9932e-04
Loss = 1.8120e-01, PNorm = 71.6049, GNorm = 1.8771, lr_0 = 3.9804e-04
Loss = 1.6768e-01, PNorm = 71.6364, GNorm = 1.6134, lr_0 = 3.9677e-04
Loss = 1.8725e-01, PNorm = 71.6735, GNorm = 3.2362, lr_0 = 3.9550e-04
Loss = 1.9891e-01, PNorm = 71.7160, GNorm = 1.1109, lr_0 = 3.9423e-04
Loss = 1.7595e-01, PNorm = 71.7540, GNorm = 5.4368, lr_0 = 3.9297e-04
Loss = 1.9939e-01, PNorm = 71.7896, GNorm = 2.7804, lr_0 = 3.9171e-04
Loss = 2.2886e-01, PNorm = 71.8264, GNorm = 1.5383, lr_0 = 3.9045e-04
Loss = 2.2314e-01, PNorm = 71.8584, GNorm = 4.4820, lr_0 = 3.8920e-04
Loss = 2.2896e-01, PNorm = 71.8944, GNorm = 1.7261, lr_0 = 3.8795e-04
Validation rmse = 49.589901
Epoch 13
Loss = 2.0351e-01, PNorm = 71.9310, GNorm = 0.8424, lr_0 = 3.8671e-04
Loss = 1.7837e-01, PNorm = 71.9586, GNorm = 1.5661, lr_0 = 3.8547e-04
Loss = 1.4575e-01, PNorm = 71.9843, GNorm = 2.3949, lr_0 = 3.8423e-04
Loss = 1.7172e-01, PNorm = 72.0108, GNorm = 0.6449, lr_0 = 3.8300e-04
Loss = 1.6681e-01, PNorm = 72.0387, GNorm = 1.6042, lr_0 = 3.8178e-04
Loss = 1.5465e-01, PNorm = 72.0753, GNorm = 0.7014, lr_0 = 3.8055e-04
Loss = 1.5707e-01, PNorm = 72.0999, GNorm = 2.3210, lr_0 = 3.7933e-04
Loss = 1.4760e-01, PNorm = 72.1361, GNorm = 2.4469, lr_0 = 3.7812e-04
Loss = 1.5271e-01, PNorm = 72.1640, GNorm = 0.7864, lr_0 = 3.7691e-04
Loss = 1.5712e-01, PNorm = 72.1782, GNorm = 1.9831, lr_0 = 3.7570e-04
Loss = 1.5419e-01, PNorm = 72.1980, GNorm = 0.7666, lr_0 = 3.7449e-04
Loss = 1.9489e-01, PNorm = 72.2416, GNorm = 2.4167, lr_0 = 3.7329e-04
Loss = 2.3722e-01, PNorm = 72.2769, GNorm = 1.4588, lr_0 = 3.7210e-04
Loss = 1.7963e-01, PNorm = 72.3048, GNorm = 1.3775, lr_0 = 3.7090e-04
Loss = 1.7261e-01, PNorm = 72.3414, GNorm = 3.2310, lr_0 = 3.6972e-04
Loss = 1.6032e-01, PNorm = 72.3716, GNorm = 2.3949, lr_0 = 3.6853e-04
Loss = 1.6150e-01, PNorm = 72.4050, GNorm = 2.6346, lr_0 = 3.6735e-04
Validation rmse = 51.528137
Epoch 14
Loss = 1.5684e-01, PNorm = 72.4272, GNorm = 2.0158, lr_0 = 3.6617e-04
Loss = 1.8365e-01, PNorm = 72.4624, GNorm = 2.8063, lr_0 = 3.6500e-04
Loss = 1.6065e-01, PNorm = 72.4950, GNorm = 1.9686, lr_0 = 3.6383e-04
Loss = 1.7222e-01, PNorm = 72.5288, GNorm = 5.1793, lr_0 = 3.6266e-04
Loss = 1.9822e-01, PNorm = 72.5507, GNorm = 3.5522, lr_0 = 3.6150e-04
Loss = 1.6047e-01, PNorm = 72.5765, GNorm = 1.8114, lr_0 = 3.6034e-04
Loss = 1.4943e-01, PNorm = 72.5990, GNorm = 0.6503, lr_0 = 3.5919e-04
Loss = 1.4232e-01, PNorm = 72.6254, GNorm = 2.2986, lr_0 = 3.5804e-04
Loss = 1.6407e-01, PNorm = 72.6596, GNorm = 1.1470, lr_0 = 3.5689e-04
Loss = 1.5832e-01, PNorm = 72.6808, GNorm = 1.1618, lr_0 = 3.5575e-04
Loss = 1.6806e-01, PNorm = 72.7193, GNorm = 1.5699, lr_0 = 3.5461e-04
Loss = 1.6357e-01, PNorm = 72.7407, GNorm = 0.5927, lr_0 = 3.5347e-04
Loss = 1.6553e-01, PNorm = 72.7634, GNorm = 1.2805, lr_0 = 3.5234e-04
Loss = 1.6739e-01, PNorm = 72.7873, GNorm = 3.9163, lr_0 = 3.5121e-04
Loss = 1.6847e-01, PNorm = 72.8112, GNorm = 0.8372, lr_0 = 3.5008e-04
Loss = 1.5451e-01, PNorm = 72.8452, GNorm = 0.8334, lr_0 = 3.4896e-04
Loss = 1.7909e-01, PNorm = 72.8750, GNorm = 2.2995, lr_0 = 3.4784e-04
Validation rmse = 51.200987
Epoch 15
Loss = 2.4434e-01, PNorm = 72.9060, GNorm = 3.0076, lr_0 = 3.4673e-04
Loss = 1.6025e-01, PNorm = 72.9338, GNorm = 0.7676, lr_0 = 3.4562e-04
Loss = 1.6526e-01, PNorm = 72.9480, GNorm = 0.9048, lr_0 = 3.4451e-04
Loss = 1.8945e-01, PNorm = 72.9845, GNorm = 1.9696, lr_0 = 3.4340e-04
Loss = 1.5437e-01, PNorm = 73.0054, GNorm = 1.8940, lr_0 = 3.4230e-04
Loss = 1.5697e-01, PNorm = 73.0155, GNorm = 0.8682, lr_0 = 3.4121e-04
Loss = 1.3691e-01, PNorm = 73.0442, GNorm = 2.7900, lr_0 = 3.4011e-04
Loss = 1.4815e-01, PNorm = 73.0724, GNorm = 0.7741, lr_0 = 3.3902e-04
Loss = 1.8453e-01, PNorm = 73.0963, GNorm = 0.8339, lr_0 = 3.3794e-04
Loss = 2.1049e-01, PNorm = 73.1290, GNorm = 6.0951, lr_0 = 3.3685e-04
Loss = 1.8699e-01, PNorm = 73.1672, GNorm = 4.3411, lr_0 = 3.3577e-04
Loss = 1.5268e-01, PNorm = 73.1969, GNorm = 1.4064, lr_0 = 3.3470e-04
Loss = 1.6925e-01, PNorm = 73.2303, GNorm = 0.8090, lr_0 = 3.3363e-04
Loss = 1.8305e-01, PNorm = 73.2625, GNorm = 2.8357, lr_0 = 3.3256e-04
Loss = 1.6784e-01, PNorm = 73.2817, GNorm = 0.6397, lr_0 = 3.3149e-04
Loss = 1.2761e-01, PNorm = 73.3077, GNorm = 0.5833, lr_0 = 3.3043e-04
Loss = 1.4558e-01, PNorm = 73.3304, GNorm = 0.6882, lr_0 = 3.2937e-04
Loss = 1.5085e-01, PNorm = 73.3515, GNorm = 2.0780, lr_0 = 3.2831e-04
Validation rmse = 47.485925
Epoch 16
Loss = 1.3924e-01, PNorm = 73.3800, GNorm = 1.1999, lr_0 = 3.2726e-04
Loss = 1.4383e-01, PNorm = 73.3980, GNorm = 0.6341, lr_0 = 3.2621e-04
Loss = 1.6506e-01, PNorm = 73.4247, GNorm = 1.8784, lr_0 = 3.2517e-04
Loss = 1.8433e-01, PNorm = 73.4559, GNorm = 1.4259, lr_0 = 3.2413e-04
Loss = 1.5288e-01, PNorm = 73.4931, GNorm = 1.0228, lr_0 = 3.2309e-04
Loss = 1.3396e-01, PNorm = 73.5112, GNorm = 1.6777, lr_0 = 3.2205e-04
Loss = 1.5253e-01, PNorm = 73.5265, GNorm = 1.6070, lr_0 = 3.2102e-04
Loss = 1.6652e-01, PNorm = 73.5496, GNorm = 0.6956, lr_0 = 3.1999e-04
Loss = 1.7855e-01, PNorm = 73.5713, GNorm = 2.3365, lr_0 = 3.1896e-04
Loss = 1.5513e-01, PNorm = 73.5962, GNorm = 1.3917, lr_0 = 3.1794e-04
Loss = 1.2042e-01, PNorm = 73.6181, GNorm = 0.6554, lr_0 = 3.1692e-04
Loss = 1.2880e-01, PNorm = 73.6409, GNorm = 0.5164, lr_0 = 3.1591e-04
Loss = 1.3536e-01, PNorm = 73.6517, GNorm = 0.8068, lr_0 = 3.1490e-04
Loss = 1.7202e-01, PNorm = 73.6668, GNorm = 1.0388, lr_0 = 3.1389e-04
Loss = 1.5344e-01, PNorm = 73.6975, GNorm = 1.7471, lr_0 = 3.1288e-04
Loss = 1.5876e-01, PNorm = 73.7205, GNorm = 2.7033, lr_0 = 3.1188e-04
Loss = 1.3708e-01, PNorm = 73.7434, GNorm = 2.0650, lr_0 = 3.1088e-04
Validation rmse = 47.694578
Epoch 17
Loss = 1.4598e-01, PNorm = 73.7562, GNorm = 0.4948, lr_0 = 3.0988e-04
Loss = 1.2832e-01, PNorm = 73.7756, GNorm = 1.0347, lr_0 = 3.0889e-04
Loss = 1.5270e-01, PNorm = 73.7900, GNorm = 0.5774, lr_0 = 3.0790e-04
Loss = 1.3053e-01, PNorm = 73.8197, GNorm = 1.0940, lr_0 = 3.0691e-04
Loss = 1.6938e-01, PNorm = 73.8421, GNorm = 1.1281, lr_0 = 3.0593e-04
Loss = 1.3502e-01, PNorm = 73.8620, GNorm = 0.7454, lr_0 = 3.0495e-04
Loss = 1.8984e-01, PNorm = 73.8939, GNorm = 3.7689, lr_0 = 3.0397e-04
Loss = 1.4273e-01, PNorm = 73.9141, GNorm = 3.2821, lr_0 = 3.0300e-04
Loss = 1.8421e-01, PNorm = 73.9357, GNorm = 1.7248, lr_0 = 3.0203e-04
Loss = 1.6109e-01, PNorm = 73.9674, GNorm = 1.8450, lr_0 = 3.0106e-04
Loss = 1.6933e-01, PNorm = 74.0000, GNorm = 2.0451, lr_0 = 3.0009e-04
Loss = 1.6445e-01, PNorm = 74.0183, GNorm = 1.9493, lr_0 = 2.9913e-04
Loss = 1.4472e-01, PNorm = 74.0471, GNorm = 0.8738, lr_0 = 2.9817e-04
Loss = 1.5001e-01, PNorm = 74.0693, GNorm = 3.8091, lr_0 = 2.9722e-04
Loss = 1.6961e-01, PNorm = 74.0906, GNorm = 0.8398, lr_0 = 2.9626e-04
Loss = 1.6242e-01, PNorm = 74.1162, GNorm = 2.8737, lr_0 = 2.9532e-04
Loss = 1.3239e-01, PNorm = 74.1421, GNorm = 0.9294, lr_0 = 2.9437e-04
Validation rmse = 49.892536
Epoch 18
Loss = 1.2647e-01, PNorm = 74.1620, GNorm = 0.7470, lr_0 = 2.9343e-04
Loss = 1.4607e-01, PNorm = 74.1768, GNorm = 0.9536, lr_0 = 2.9249e-04
Loss = 1.2360e-01, PNorm = 74.1940, GNorm = 0.7260, lr_0 = 2.9155e-04
Loss = 1.5060e-01, PNorm = 74.2171, GNorm = 2.4119, lr_0 = 2.9061e-04
Loss = 1.6357e-01, PNorm = 74.2365, GNorm = 1.1450, lr_0 = 2.8968e-04
Loss = 1.4036e-01, PNorm = 74.2471, GNorm = 2.1547, lr_0 = 2.8875e-04
Loss = 1.2098e-01, PNorm = 74.2630, GNorm = 0.6650, lr_0 = 2.8783e-04
Loss = 1.5388e-01, PNorm = 74.2750, GNorm = 1.0137, lr_0 = 2.8691e-04
Loss = 1.6095e-01, PNorm = 74.2939, GNorm = 1.3728, lr_0 = 2.8599e-04
Loss = 1.5322e-01, PNorm = 74.3211, GNorm = 0.8414, lr_0 = 2.8507e-04
Loss = 1.5186e-01, PNorm = 74.3405, GNorm = 1.2779, lr_0 = 2.8416e-04
Loss = 1.5530e-01, PNorm = 74.3593, GNorm = 1.7907, lr_0 = 2.8325e-04
Loss = 1.7279e-01, PNorm = 74.3894, GNorm = 1.1952, lr_0 = 2.8234e-04
Loss = 1.3100e-01, PNorm = 74.4103, GNorm = 0.9629, lr_0 = 2.8143e-04
Loss = 1.2586e-01, PNorm = 74.4284, GNorm = 0.6619, lr_0 = 2.8053e-04
Loss = 1.1185e-01, PNorm = 74.4469, GNorm = 1.3257, lr_0 = 2.7963e-04
Loss = 1.5015e-01, PNorm = 74.4646, GNorm = 1.0546, lr_0 = 2.7874e-04
Validation rmse = 44.993099
Epoch 19
Loss = 1.1051e-01, PNorm = 74.4823, GNorm = 1.0010, lr_0 = 2.7784e-04
Loss = 1.5703e-01, PNorm = 74.5030, GNorm = 0.9054, lr_0 = 2.7695e-04
Loss = 1.5004e-01, PNorm = 74.5234, GNorm = 0.6505, lr_0 = 2.7607e-04
Loss = 1.4413e-01, PNorm = 74.5449, GNorm = 1.8125, lr_0 = 2.7518e-04
Loss = 1.2770e-01, PNorm = 74.5650, GNorm = 1.0394, lr_0 = 2.7430e-04
Loss = 1.2547e-01, PNorm = 74.5881, GNorm = 2.5452, lr_0 = 2.7342e-04
Loss = 1.2072e-01, PNorm = 74.6096, GNorm = 0.4182, lr_0 = 2.7254e-04
Loss = 1.6667e-01, PNorm = 74.6249, GNorm = 1.3052, lr_0 = 2.7167e-04
Loss = 1.1723e-01, PNorm = 74.6365, GNorm = 0.7688, lr_0 = 2.7080e-04
Loss = 1.2545e-01, PNorm = 74.6557, GNorm = 1.7574, lr_0 = 2.6993e-04
Loss = 1.3369e-01, PNorm = 74.6743, GNorm = 2.1612, lr_0 = 2.6907e-04
Loss = 1.3393e-01, PNorm = 74.6943, GNorm = 0.8079, lr_0 = 2.6820e-04
Loss = 1.9436e-01, PNorm = 74.7146, GNorm = 1.2111, lr_0 = 2.6734e-04
Loss = 1.5272e-01, PNorm = 74.7354, GNorm = 0.7207, lr_0 = 2.6649e-04
Loss = 1.3346e-01, PNorm = 74.7469, GNorm = 2.0223, lr_0 = 2.6563e-04
Loss = 1.4677e-01, PNorm = 74.7679, GNorm = 1.2326, lr_0 = 2.6478e-04
Loss = 1.4528e-01, PNorm = 74.7963, GNorm = 2.3131, lr_0 = 2.6393e-04
Validation rmse = 46.116426
Epoch 20
Loss = 1.0974e-01, PNorm = 74.8185, GNorm = 0.8701, lr_0 = 2.6309e-04
Loss = 1.2898e-01, PNorm = 74.8271, GNorm = 0.8066, lr_0 = 2.6225e-04
Loss = 1.5856e-01, PNorm = 74.8373, GNorm = 1.1662, lr_0 = 2.6140e-04
Loss = 1.5382e-01, PNorm = 74.8670, GNorm = 2.1438, lr_0 = 2.6057e-04
Loss = 1.5624e-01, PNorm = 74.8979, GNorm = 3.6667, lr_0 = 2.5973e-04
Loss = 1.3623e-01, PNorm = 74.9157, GNorm = 0.8587, lr_0 = 2.5890e-04
Loss = 1.3760e-01, PNorm = 74.9233, GNorm = 0.8596, lr_0 = 2.5807e-04
Loss = 1.3449e-01, PNorm = 74.9398, GNorm = 0.7470, lr_0 = 2.5724e-04
Loss = 1.4773e-01, PNorm = 74.9556, GNorm = 2.7620, lr_0 = 2.5642e-04
Loss = 1.2985e-01, PNorm = 74.9729, GNorm = 2.8258, lr_0 = 2.5560e-04
Loss = 1.5093e-01, PNorm = 75.0000, GNorm = 3.2715, lr_0 = 2.5478e-04
Loss = 1.1353e-01, PNorm = 75.0172, GNorm = 1.1951, lr_0 = 2.5396e-04
Loss = 1.2523e-01, PNorm = 75.0348, GNorm = 0.6719, lr_0 = 2.5315e-04
Loss = 1.3408e-01, PNorm = 75.0596, GNorm = 0.7131, lr_0 = 2.5234e-04
Loss = 1.3440e-01, PNorm = 75.0789, GNorm = 2.4774, lr_0 = 2.5153e-04
Loss = 1.2295e-01, PNorm = 75.0928, GNorm = 0.8517, lr_0 = 2.5072e-04
Loss = 1.2381e-01, PNorm = 75.1049, GNorm = 3.2673, lr_0 = 2.4992e-04
Loss = 1.7471e-01, PNorm = 75.1210, GNorm = 2.9123, lr_0 = 2.4912e-04
Validation rmse = 44.875328
Epoch 21
Loss = 1.3663e-01, PNorm = 75.1378, GNorm = 0.9612, lr_0 = 2.4832e-04
Loss = 1.4402e-01, PNorm = 75.1591, GNorm = 0.7601, lr_0 = 2.4752e-04
Loss = 1.0395e-01, PNorm = 75.1778, GNorm = 1.5348, lr_0 = 2.4673e-04
Loss = 1.1371e-01, PNorm = 75.1888, GNorm = 0.6041, lr_0 = 2.4594e-04
Loss = 1.5234e-01, PNorm = 75.2041, GNorm = 1.3305, lr_0 = 2.4515e-04
Loss = 1.3894e-01, PNorm = 75.2154, GNorm = 0.5814, lr_0 = 2.4436e-04
Loss = 1.5206e-01, PNorm = 75.2383, GNorm = 1.1715, lr_0 = 2.4358e-04
Loss = 1.3947e-01, PNorm = 75.2527, GNorm = 0.5050, lr_0 = 2.4280e-04
Loss = 1.3147e-01, PNorm = 75.2685, GNorm = 1.0613, lr_0 = 2.4202e-04
Loss = 1.2548e-01, PNorm = 75.2885, GNorm = 0.7675, lr_0 = 2.4125e-04
Loss = 1.2809e-01, PNorm = 75.3029, GNorm = 1.7222, lr_0 = 2.4047e-04
Loss = 1.4083e-01, PNorm = 75.3201, GNorm = 4.2850, lr_0 = 2.3970e-04
Loss = 1.6644e-01, PNorm = 75.3406, GNorm = 2.9770, lr_0 = 2.3894e-04
Loss = 1.3076e-01, PNorm = 75.3572, GNorm = 0.6612, lr_0 = 2.3817e-04
Loss = 1.2909e-01, PNorm = 75.3770, GNorm = 0.7351, lr_0 = 2.3741e-04
Loss = 1.4117e-01, PNorm = 75.3957, GNorm = 0.6637, lr_0 = 2.3665e-04
Loss = 1.4362e-01, PNorm = 75.4126, GNorm = 0.8390, lr_0 = 2.3589e-04
Validation rmse = 46.542389
Epoch 22
Loss = 1.4872e-01, PNorm = 75.4341, GNorm = 0.9391, lr_0 = 2.3513e-04
Loss = 1.3493e-01, PNorm = 75.4524, GNorm = 0.9775, lr_0 = 2.3438e-04
Loss = 1.2939e-01, PNorm = 75.4716, GNorm = 0.7962, lr_0 = 2.3363e-04
Loss = 1.3216e-01, PNorm = 75.4937, GNorm = 3.5574, lr_0 = 2.3288e-04
Loss = 1.1617e-01, PNorm = 75.5052, GNorm = 0.8329, lr_0 = 2.3213e-04
Loss = 1.1142e-01, PNorm = 75.5119, GNorm = 0.6554, lr_0 = 2.3139e-04
Loss = 1.2127e-01, PNorm = 75.5255, GNorm = 0.7979, lr_0 = 2.3065e-04
Loss = 1.0197e-01, PNorm = 75.5343, GNorm = 1.1586, lr_0 = 2.2991e-04
Loss = 1.2242e-01, PNorm = 75.5454, GNorm = 0.5798, lr_0 = 2.2917e-04
Loss = 1.2994e-01, PNorm = 75.5640, GNorm = 0.6823, lr_0 = 2.2844e-04
Loss = 1.3621e-01, PNorm = 75.5802, GNorm = 0.9257, lr_0 = 2.2770e-04
Loss = 1.5058e-01, PNorm = 75.5919, GNorm = 3.3654, lr_0 = 2.2697e-04
Loss = 1.5664e-01, PNorm = 75.6142, GNorm = 1.0559, lr_0 = 2.2625e-04
Loss = 1.2853e-01, PNorm = 75.6358, GNorm = 1.2143, lr_0 = 2.2552e-04
Loss = 1.3107e-01, PNorm = 75.6427, GNorm = 0.3828, lr_0 = 2.2480e-04
Loss = 1.2544e-01, PNorm = 75.6640, GNorm = 1.4632, lr_0 = 2.2408e-04
Loss = 1.2060e-01, PNorm = 75.6787, GNorm = 0.5448, lr_0 = 2.2336e-04
Validation rmse = 44.032789
Epoch 23
Loss = 1.0578e-01, PNorm = 75.6905, GNorm = 0.9812, lr_0 = 2.2264e-04
Loss = 1.3817e-01, PNorm = 75.6999, GNorm = 2.3370, lr_0 = 2.2193e-04
Loss = 1.2995e-01, PNorm = 75.7162, GNorm = 1.1327, lr_0 = 2.2122e-04
Loss = 1.4719e-01, PNorm = 75.7236, GNorm = 2.2123, lr_0 = 2.2051e-04
Loss = 1.1850e-01, PNorm = 75.7355, GNorm = 1.6281, lr_0 = 2.1980e-04
Loss = 1.2656e-01, PNorm = 75.7529, GNorm = 2.0878, lr_0 = 2.1910e-04
Loss = 1.5131e-01, PNorm = 75.7675, GNorm = 1.1412, lr_0 = 2.1840e-04
Loss = 1.1246e-01, PNorm = 75.7820, GNorm = 0.8493, lr_0 = 2.1770e-04
Loss = 1.4186e-01, PNorm = 75.7972, GNorm = 1.8805, lr_0 = 2.1700e-04
Loss = 1.1439e-01, PNorm = 75.8205, GNorm = 1.1677, lr_0 = 2.1630e-04
Loss = 1.2062e-01, PNorm = 75.8417, GNorm = 1.4040, lr_0 = 2.1561e-04
Loss = 1.4084e-01, PNorm = 75.8530, GNorm = 0.8747, lr_0 = 2.1492e-04
Loss = 1.4576e-01, PNorm = 75.8670, GNorm = 2.1908, lr_0 = 2.1423e-04
Loss = 1.3113e-01, PNorm = 75.8798, GNorm = 0.9624, lr_0 = 2.1355e-04
Loss = 1.4714e-01, PNorm = 75.9027, GNorm = 1.5014, lr_0 = 2.1286e-04
Loss = 1.2031e-01, PNorm = 75.9193, GNorm = 1.0621, lr_0 = 2.1218e-04
Loss = 1.1093e-01, PNorm = 75.9367, GNorm = 1.4882, lr_0 = 2.1150e-04
Validation rmse = 44.015453
Epoch 24
Loss = 1.3491e-01, PNorm = 75.9450, GNorm = 2.2901, lr_0 = 2.1082e-04
Loss = 1.4570e-01, PNorm = 75.9648, GNorm = 0.8851, lr_0 = 2.1015e-04
Loss = 1.3204e-01, PNorm = 75.9800, GNorm = 0.7907, lr_0 = 2.0947e-04
Loss = 1.4644e-01, PNorm = 75.9977, GNorm = 1.9905, lr_0 = 2.0880e-04
Loss = 1.4094e-01, PNorm = 76.0155, GNorm = 1.6519, lr_0 = 2.0813e-04
Loss = 1.1744e-01, PNorm = 76.0351, GNorm = 0.5711, lr_0 = 2.0746e-04
Loss = 1.1425e-01, PNorm = 76.0489, GNorm = 0.6621, lr_0 = 2.0680e-04
Loss = 1.3754e-01, PNorm = 76.0596, GNorm = 1.6130, lr_0 = 2.0614e-04
Loss = 9.8235e-02, PNorm = 76.0696, GNorm = 1.5473, lr_0 = 2.0548e-04
Loss = 1.1788e-01, PNorm = 76.0782, GNorm = 1.4565, lr_0 = 2.0482e-04
Loss = 1.0464e-01, PNorm = 76.0867, GNorm = 1.5094, lr_0 = 2.0416e-04
Loss = 1.0182e-01, PNorm = 76.0923, GNorm = 0.7761, lr_0 = 2.0351e-04
Loss = 1.2092e-01, PNorm = 76.1037, GNorm = 1.7610, lr_0 = 2.0285e-04
Loss = 1.2982e-01, PNorm = 76.1158, GNorm = 2.6431, lr_0 = 2.0220e-04
Loss = 1.2329e-01, PNorm = 76.1315, GNorm = 1.0496, lr_0 = 2.0156e-04
Loss = 1.2244e-01, PNorm = 76.1508, GNorm = 0.8860, lr_0 = 2.0091e-04
Loss = 1.4290e-01, PNorm = 76.1632, GNorm = 0.8858, lr_0 = 2.0027e-04
Validation rmse = 45.422849
Epoch 25
Loss = 8.8525e-02, PNorm = 76.1718, GNorm = 0.8035, lr_0 = 1.9963e-04
Loss = 1.2386e-01, PNorm = 76.1829, GNorm = 0.6208, lr_0 = 1.9899e-04
Loss = 1.2689e-01, PNorm = 76.1937, GNorm = 1.9911, lr_0 = 1.9835e-04
Loss = 1.2337e-01, PNorm = 76.2069, GNorm = 1.9731, lr_0 = 1.9771e-04
Loss = 1.0572e-01, PNorm = 76.2204, GNorm = 1.3995, lr_0 = 1.9708e-04
Loss = 1.6076e-01, PNorm = 76.2345, GNorm = 0.9668, lr_0 = 1.9645e-04
Loss = 1.2464e-01, PNorm = 76.2459, GNorm = 0.7268, lr_0 = 1.9582e-04
Loss = 1.2506e-01, PNorm = 76.2639, GNorm = 1.5138, lr_0 = 1.9519e-04
Loss = 1.3389e-01, PNorm = 76.2812, GNorm = 2.6084, lr_0 = 1.9456e-04
Loss = 1.2639e-01, PNorm = 76.2927, GNorm = 1.3410, lr_0 = 1.9394e-04
Loss = 1.5097e-01, PNorm = 76.3059, GNorm = 1.7110, lr_0 = 1.9332e-04
Loss = 1.2034e-01, PNorm = 76.3221, GNorm = 2.9241, lr_0 = 1.9270e-04
Loss = 1.1160e-01, PNorm = 76.3338, GNorm = 0.7457, lr_0 = 1.9208e-04
Loss = 1.1532e-01, PNorm = 76.3456, GNorm = 0.8402, lr_0 = 1.9147e-04
Loss = 1.2473e-01, PNorm = 76.3655, GNorm = 1.1207, lr_0 = 1.9085e-04
Loss = 1.2041e-01, PNorm = 76.3773, GNorm = 0.7454, lr_0 = 1.9024e-04
Loss = 1.1726e-01, PNorm = 76.3861, GNorm = 0.7569, lr_0 = 1.8963e-04
Loss = 1.0788e-01, PNorm = 76.3961, GNorm = 0.5056, lr_0 = 1.8902e-04
Validation rmse = 44.158707
Epoch 26
Loss = 1.2796e-01, PNorm = 76.4073, GNorm = 0.7426, lr_0 = 1.8842e-04
Loss = 1.4354e-01, PNorm = 76.4147, GNorm = 1.7093, lr_0 = 1.8781e-04
Loss = 1.1358e-01, PNorm = 76.4261, GNorm = 2.4281, lr_0 = 1.8721e-04
Loss = 1.2701e-01, PNorm = 76.4312, GNorm = 2.2071, lr_0 = 1.8661e-04
Loss = 1.0154e-01, PNorm = 76.4471, GNorm = 1.4160, lr_0 = 1.8601e-04
Loss = 1.1765e-01, PNorm = 76.4624, GNorm = 1.6033, lr_0 = 1.8542e-04
Loss = 1.1032e-01, PNorm = 76.4753, GNorm = 0.6772, lr_0 = 1.8482e-04
Loss = 1.0543e-01, PNorm = 76.4814, GNorm = 0.5302, lr_0 = 1.8423e-04
Loss = 1.3303e-01, PNorm = 76.4942, GNorm = 1.0110, lr_0 = 1.8364e-04
Loss = 1.2509e-01, PNorm = 76.5135, GNorm = 1.1425, lr_0 = 1.8305e-04
Loss = 1.2850e-01, PNorm = 76.5275, GNorm = 0.6435, lr_0 = 1.8247e-04
Loss = 1.1775e-01, PNorm = 76.5366, GNorm = 0.7076, lr_0 = 1.8188e-04
Loss = 1.1296e-01, PNorm = 76.5525, GNorm = 1.6059, lr_0 = 1.8130e-04
Loss = 1.1293e-01, PNorm = 76.5647, GNorm = 2.3839, lr_0 = 1.8072e-04
Loss = 1.1424e-01, PNorm = 76.5772, GNorm = 1.1797, lr_0 = 1.8014e-04
Loss = 1.2137e-01, PNorm = 76.5869, GNorm = 0.8729, lr_0 = 1.7956e-04
Loss = 1.1700e-01, PNorm = 76.5890, GNorm = 0.7450, lr_0 = 1.7899e-04
Validation rmse = 42.913706
Epoch 27
Loss = 1.0157e-01, PNorm = 76.5957, GNorm = 2.0361, lr_0 = 1.7841e-04
Loss = 1.1273e-01, PNorm = 76.6094, GNorm = 0.7726, lr_0 = 1.7784e-04
Loss = 1.2168e-01, PNorm = 76.6205, GNorm = 0.4309, lr_0 = 1.7727e-04
Loss = 1.1404e-01, PNorm = 76.6310, GNorm = 0.6612, lr_0 = 1.7670e-04
Loss = 1.3791e-01, PNorm = 76.6431, GNorm = 2.6864, lr_0 = 1.7614e-04
Loss = 1.2776e-01, PNorm = 76.6579, GNorm = 3.1390, lr_0 = 1.7557e-04
Loss = 1.0724e-01, PNorm = 76.6723, GNorm = 1.9649, lr_0 = 1.7501e-04
Loss = 1.2795e-01, PNorm = 76.6850, GNorm = 1.3384, lr_0 = 1.7445e-04
Loss = 1.1206e-01, PNorm = 76.6971, GNorm = 1.0391, lr_0 = 1.7389e-04
Loss = 1.1402e-01, PNorm = 76.7083, GNorm = 0.6037, lr_0 = 1.7333e-04
Loss = 1.1275e-01, PNorm = 76.7185, GNorm = 0.7215, lr_0 = 1.7278e-04
Loss = 1.1688e-01, PNorm = 76.7289, GNorm = 0.7087, lr_0 = 1.7222e-04
Loss = 1.4181e-01, PNorm = 76.7459, GNorm = 2.4706, lr_0 = 1.7167e-04
Loss = 1.1609e-01, PNorm = 76.7524, GNorm = 1.2769, lr_0 = 1.7112e-04
Loss = 9.9499e-02, PNorm = 76.7573, GNorm = 1.2526, lr_0 = 1.7057e-04
Loss = 1.2281e-01, PNorm = 76.7693, GNorm = 1.9921, lr_0 = 1.7003e-04
Loss = 1.2537e-01, PNorm = 76.7771, GNorm = 1.2064, lr_0 = 1.6948e-04
Validation rmse = 43.629232
Epoch 28
Loss = 1.0625e-01, PNorm = 76.7831, GNorm = 1.9313, lr_0 = 1.6894e-04
Loss = 1.3111e-01, PNorm = 76.7938, GNorm = 1.7968, lr_0 = 1.6840e-04
Loss = 1.0877e-01, PNorm = 76.8051, GNorm = 2.4601, lr_0 = 1.6786e-04
Loss = 1.2581e-01, PNorm = 76.8181, GNorm = 1.3858, lr_0 = 1.6732e-04
Loss = 1.1611e-01, PNorm = 76.8325, GNorm = 1.7199, lr_0 = 1.6678e-04
Loss = 1.2365e-01, PNorm = 76.8419, GNorm = 0.5675, lr_0 = 1.6625e-04
Loss = 1.3306e-01, PNorm = 76.8587, GNorm = 0.7126, lr_0 = 1.6572e-04
Loss = 1.2207e-01, PNorm = 76.8694, GNorm = 0.7814, lr_0 = 1.6518e-04
Loss = 1.0093e-01, PNorm = 76.8792, GNorm = 0.9677, lr_0 = 1.6465e-04
Loss = 1.1661e-01, PNorm = 76.8920, GNorm = 0.6232, lr_0 = 1.6413e-04
Loss = 1.0976e-01, PNorm = 76.9065, GNorm = 0.4893, lr_0 = 1.6360e-04
Loss = 1.0256e-01, PNorm = 76.9145, GNorm = 0.6489, lr_0 = 1.6308e-04
Loss = 1.2027e-01, PNorm = 76.9211, GNorm = 1.3940, lr_0 = 1.6255e-04
Loss = 1.1973e-01, PNorm = 76.9300, GNorm = 1.3624, lr_0 = 1.6203e-04
Loss = 1.1782e-01, PNorm = 76.9382, GNorm = 1.2793, lr_0 = 1.6151e-04
Loss = 1.3458e-01, PNorm = 76.9507, GNorm = 1.5706, lr_0 = 1.6100e-04
Loss = 1.0770e-01, PNorm = 76.9551, GNorm = 0.8070, lr_0 = 1.6048e-04
Validation rmse = 43.795190
Epoch 29
Loss = 1.1561e-01, PNorm = 76.9660, GNorm = 2.4146, lr_0 = 1.5997e-04
Loss = 1.2472e-01, PNorm = 76.9775, GNorm = 1.2223, lr_0 = 1.5945e-04
Loss = 1.3335e-01, PNorm = 76.9875, GNorm = 3.2078, lr_0 = 1.5894e-04
Loss = 1.4187e-01, PNorm = 76.9981, GNorm = 3.0967, lr_0 = 1.5843e-04
Loss = 1.2195e-01, PNorm = 77.0066, GNorm = 0.5943, lr_0 = 1.5793e-04
Loss = 1.4563e-01, PNorm = 77.0178, GNorm = 1.4237, lr_0 = 1.5742e-04
Loss = 1.1511e-01, PNorm = 77.0305, GNorm = 0.5493, lr_0 = 1.5691e-04
Loss = 1.0918e-01, PNorm = 77.0406, GNorm = 1.5485, lr_0 = 1.5641e-04
Loss = 1.2667e-01, PNorm = 77.0501, GNorm = 1.0789, lr_0 = 1.5591e-04
Loss = 1.1291e-01, PNorm = 77.0591, GNorm = 1.0752, lr_0 = 1.5541e-04
Loss = 1.1360e-01, PNorm = 77.0656, GNorm = 2.2181, lr_0 = 1.5491e-04
Loss = 1.0590e-01, PNorm = 77.0710, GNorm = 0.6528, lr_0 = 1.5442e-04
Loss = 8.9598e-02, PNorm = 77.0820, GNorm = 0.7215, lr_0 = 1.5392e-04
Loss = 9.2824e-02, PNorm = 77.0910, GNorm = 0.5705, lr_0 = 1.5343e-04
Loss = 1.3848e-01, PNorm = 77.1046, GNorm = 1.4049, lr_0 = 1.5294e-04
Loss = 1.0403e-01, PNorm = 77.1168, GNorm = 1.0236, lr_0 = 1.5245e-04
Loss = 1.1586e-01, PNorm = 77.1286, GNorm = 1.7810, lr_0 = 1.5196e-04
Validation rmse = 44.147062
Epoch 30
Loss = 8.4632e-02, PNorm = 77.1407, GNorm = 1.4553, lr_0 = 1.5147e-04
Loss = 1.2601e-01, PNorm = 77.1516, GNorm = 0.5215, lr_0 = 1.5099e-04
Loss = 1.0297e-01, PNorm = 77.1598, GNorm = 0.4300, lr_0 = 1.5050e-04
Loss = 1.0899e-01, PNorm = 77.1708, GNorm = 0.5650, lr_0 = 1.5002e-04
Loss = 9.9346e-02, PNorm = 77.1777, GNorm = 1.5811, lr_0 = 1.4954e-04
Loss = 1.1974e-01, PNorm = 77.1845, GNorm = 1.3165, lr_0 = 1.4906e-04
Loss = 1.1175e-01, PNorm = 77.1956, GNorm = 0.7851, lr_0 = 1.4858e-04
Loss = 1.1612e-01, PNorm = 77.2031, GNorm = 1.6155, lr_0 = 1.4811e-04
Loss = 1.3099e-01, PNorm = 77.2094, GNorm = 2.8776, lr_0 = 1.4763e-04
Loss = 9.9628e-02, PNorm = 77.2187, GNorm = 1.2484, lr_0 = 1.4716e-04
Loss = 1.1206e-01, PNorm = 77.2280, GNorm = 0.8254, lr_0 = 1.4669e-04
Loss = 1.1179e-01, PNorm = 77.2359, GNorm = 1.4973, lr_0 = 1.4622e-04
Loss = 1.2988e-01, PNorm = 77.2450, GNorm = 2.0375, lr_0 = 1.4575e-04
Loss = 1.1175e-01, PNorm = 77.2538, GNorm = 1.6727, lr_0 = 1.4528e-04
Loss = 9.9966e-02, PNorm = 77.2620, GNorm = 0.7896, lr_0 = 1.4481e-04
Loss = 9.9980e-02, PNorm = 77.2704, GNorm = 2.0904, lr_0 = 1.4435e-04
Loss = 1.2702e-01, PNorm = 77.2845, GNorm = 0.6760, lr_0 = 1.4389e-04
Loss = 9.9634e-02, PNorm = 77.2928, GNorm = 2.0738, lr_0 = 1.4343e-04
Validation rmse = 43.779378
Epoch 31
Loss = 9.8691e-02, PNorm = 77.2981, GNorm = 0.8054, lr_0 = 1.4297e-04
Loss = 1.0485e-01, PNorm = 77.3022, GNorm = 1.2378, lr_0 = 1.4251e-04
Loss = 9.1525e-02, PNorm = 77.3037, GNorm = 2.2546, lr_0 = 1.4205e-04
Loss = 1.1522e-01, PNorm = 77.3105, GNorm = 0.8540, lr_0 = 1.4160e-04
Loss = 1.2092e-01, PNorm = 77.3195, GNorm = 0.4789, lr_0 = 1.4114e-04
Loss = 1.0388e-01, PNorm = 77.3316, GNorm = 0.4425, lr_0 = 1.4069e-04
Loss = 1.0528e-01, PNorm = 77.3440, GNorm = 1.1636, lr_0 = 1.4024e-04
Loss = 1.2272e-01, PNorm = 77.3511, GNorm = 0.6428, lr_0 = 1.3979e-04
Loss = 1.1207e-01, PNorm = 77.3603, GNorm = 0.4076, lr_0 = 1.3934e-04
Loss = 9.0466e-02, PNorm = 77.3696, GNorm = 2.0324, lr_0 = 1.3890e-04
Loss = 1.1586e-01, PNorm = 77.3798, GNorm = 2.2638, lr_0 = 1.3845e-04
Loss = 1.2806e-01, PNorm = 77.3882, GNorm = 1.1050, lr_0 = 1.3801e-04
Loss = 8.2825e-02, PNorm = 77.3991, GNorm = 1.1944, lr_0 = 1.3757e-04
Loss = 1.1583e-01, PNorm = 77.4056, GNorm = 0.8928, lr_0 = 1.3712e-04
Loss = 1.1637e-01, PNorm = 77.4106, GNorm = 1.4970, lr_0 = 1.3668e-04
Loss = 1.2491e-01, PNorm = 77.4174, GNorm = 1.2635, lr_0 = 1.3625e-04
Loss = 1.3997e-01, PNorm = 77.4283, GNorm = 2.3870, lr_0 = 1.3581e-04
Validation rmse = 43.599116
Epoch 32
Loss = 9.8432e-02, PNorm = 77.4407, GNorm = 1.0333, lr_0 = 1.3538e-04
Loss = 1.1580e-01, PNorm = 77.4519, GNorm = 1.5189, lr_0 = 1.3494e-04
Loss = 1.1790e-01, PNorm = 77.4599, GNorm = 1.0229, lr_0 = 1.3451e-04
Loss = 9.8773e-02, PNorm = 77.4697, GNorm = 0.4688, lr_0 = 1.3408e-04
Loss = 1.1831e-01, PNorm = 77.4766, GNorm = 1.3187, lr_0 = 1.3365e-04
Loss = 9.6809e-02, PNorm = 77.4811, GNorm = 0.6938, lr_0 = 1.3322e-04
Loss = 9.8165e-02, PNorm = 77.4874, GNorm = 0.4442, lr_0 = 1.3279e-04
Loss = 1.1643e-01, PNorm = 77.4926, GNorm = 0.5481, lr_0 = 1.3237e-04
Loss = 1.2754e-01, PNorm = 77.5058, GNorm = 0.8180, lr_0 = 1.3194e-04
Loss = 1.0248e-01, PNorm = 77.5145, GNorm = 1.4903, lr_0 = 1.3152e-04
Loss = 1.0467e-01, PNorm = 77.5207, GNorm = 1.7239, lr_0 = 1.3110e-04
Loss = 1.0976e-01, PNorm = 77.5281, GNorm = 1.2815, lr_0 = 1.3068e-04
Loss = 1.1077e-01, PNorm = 77.5332, GNorm = 0.6093, lr_0 = 1.3026e-04
Loss = 1.0894e-01, PNorm = 77.5400, GNorm = 0.6295, lr_0 = 1.2984e-04
Loss = 1.1763e-01, PNorm = 77.5404, GNorm = 0.8051, lr_0 = 1.2943e-04
Loss = 1.0930e-01, PNorm = 77.5454, GNorm = 2.7009, lr_0 = 1.2901e-04
Loss = 1.1366e-01, PNorm = 77.5547, GNorm = 1.4122, lr_0 = 1.2860e-04
Validation rmse = 43.279136
Epoch 33
Loss = 1.0654e-01, PNorm = 77.5665, GNorm = 1.6989, lr_0 = 1.2819e-04
Loss = 1.0508e-01, PNorm = 77.5745, GNorm = 1.1081, lr_0 = 1.2778e-04
Loss = 1.0987e-01, PNorm = 77.5802, GNorm = 2.1212, lr_0 = 1.2737e-04
Loss = 1.0284e-01, PNorm = 77.5892, GNorm = 0.8606, lr_0 = 1.2696e-04
Loss = 1.1121e-01, PNorm = 77.5985, GNorm = 1.2530, lr_0 = 1.2655e-04
Loss = 1.0955e-01, PNorm = 77.6067, GNorm = 0.4727, lr_0 = 1.2615e-04
Loss = 1.2180e-01, PNorm = 77.6155, GNorm = 1.0095, lr_0 = 1.2574e-04
Loss = 1.0200e-01, PNorm = 77.6211, GNorm = 1.0788, lr_0 = 1.2534e-04
Loss = 9.1962e-02, PNorm = 77.6246, GNorm = 0.6607, lr_0 = 1.2494e-04
Loss = 1.0275e-01, PNorm = 77.6307, GNorm = 1.1424, lr_0 = 1.2454e-04
Loss = 1.0804e-01, PNorm = 77.6363, GNorm = 0.7571, lr_0 = 1.2414e-04
Loss = 1.1641e-01, PNorm = 77.6458, GNorm = 0.4345, lr_0 = 1.2374e-04
Loss = 1.1004e-01, PNorm = 77.6552, GNorm = 1.4181, lr_0 = 1.2334e-04
Loss = 1.0153e-01, PNorm = 77.6623, GNorm = 0.6538, lr_0 = 1.2295e-04
Loss = 1.0810e-01, PNorm = 77.6694, GNorm = 0.6073, lr_0 = 1.2255e-04
Loss = 1.2165e-01, PNorm = 77.6813, GNorm = 1.5358, lr_0 = 1.2216e-04
Loss = 1.1573e-01, PNorm = 77.6891, GNorm = 0.6329, lr_0 = 1.2177e-04
Validation rmse = 43.625264
Epoch 34
Loss = 1.1431e-01, PNorm = 77.6945, GNorm = 1.3856, lr_0 = 1.2138e-04
Loss = 1.1357e-01, PNorm = 77.7015, GNorm = 1.1159, lr_0 = 1.2099e-04
Loss = 9.7140e-02, PNorm = 77.7064, GNorm = 1.2033, lr_0 = 1.2060e-04
Loss = 1.2158e-01, PNorm = 77.7127, GNorm = 0.9770, lr_0 = 1.2022e-04
Loss = 1.0565e-01, PNorm = 77.7193, GNorm = 2.0252, lr_0 = 1.1983e-04
Loss = 1.1370e-01, PNorm = 77.7238, GNorm = 0.6857, lr_0 = 1.1945e-04
Loss = 1.0620e-01, PNorm = 77.7313, GNorm = 0.5629, lr_0 = 1.1906e-04
Loss = 1.0859e-01, PNorm = 77.7379, GNorm = 0.7260, lr_0 = 1.1868e-04
Loss = 9.6662e-02, PNorm = 77.7472, GNorm = 2.7296, lr_0 = 1.1830e-04
Loss = 1.0493e-01, PNorm = 77.7557, GNorm = 1.2006, lr_0 = 1.1792e-04
Loss = 1.0869e-01, PNorm = 77.7598, GNorm = 2.4478, lr_0 = 1.1754e-04
Loss = 1.0178e-01, PNorm = 77.7647, GNorm = 1.0821, lr_0 = 1.1717e-04
Loss = 9.8267e-02, PNorm = 77.7699, GNorm = 0.5570, lr_0 = 1.1679e-04
Loss = 1.0701e-01, PNorm = 77.7772, GNorm = 1.2201, lr_0 = 1.1642e-04
Loss = 1.1210e-01, PNorm = 77.7837, GNorm = 1.0165, lr_0 = 1.1604e-04
Loss = 1.2967e-01, PNorm = 77.7884, GNorm = 0.9477, lr_0 = 1.1567e-04
Loss = 9.6730e-02, PNorm = 77.7977, GNorm = 1.5746, lr_0 = 1.1530e-04
Validation rmse = 42.972817
Epoch 35
Loss = 1.1583e-01, PNorm = 77.8061, GNorm = 0.6259, lr_0 = 1.1493e-04
Loss = 9.2481e-02, PNorm = 77.8138, GNorm = 0.6055, lr_0 = 1.1456e-04
Loss = 1.1370e-01, PNorm = 77.8257, GNorm = 0.8387, lr_0 = 1.1420e-04
Loss = 1.0718e-01, PNorm = 77.8328, GNorm = 1.4946, lr_0 = 1.1383e-04
Loss = 1.0486e-01, PNorm = 77.8362, GNorm = 1.0868, lr_0 = 1.1347e-04
Loss = 1.1944e-01, PNorm = 77.8422, GNorm = 0.6774, lr_0 = 1.1310e-04
Loss = 1.1633e-01, PNorm = 77.8479, GNorm = 1.0780, lr_0 = 1.1274e-04
Loss = 9.8271e-02, PNorm = 77.8551, GNorm = 1.1908, lr_0 = 1.1238e-04
Loss = 1.0292e-01, PNorm = 77.8641, GNorm = 2.1580, lr_0 = 1.1202e-04
Loss = 1.0861e-01, PNorm = 77.8713, GNorm = 0.5195, lr_0 = 1.1166e-04
Loss = 1.0193e-01, PNorm = 77.8787, GNorm = 0.8905, lr_0 = 1.1130e-04
Loss = 1.0901e-01, PNorm = 77.8846, GNorm = 1.8180, lr_0 = 1.1095e-04
Loss = 1.1165e-01, PNorm = 77.8934, GNorm = 0.4481, lr_0 = 1.1059e-04
Loss = 1.0986e-01, PNorm = 77.9010, GNorm = 1.0517, lr_0 = 1.1024e-04
Loss = 1.0562e-01, PNorm = 77.9071, GNorm = 0.4926, lr_0 = 1.0988e-04
Loss = 1.0385e-01, PNorm = 77.9140, GNorm = 1.5169, lr_0 = 1.0953e-04
Loss = 8.1597e-02, PNorm = 77.9160, GNorm = 0.5548, lr_0 = 1.0918e-04
Loss = 9.5281e-02, PNorm = 77.9182, GNorm = 0.9932, lr_0 = 1.0883e-04
Validation rmse = 42.818592
Epoch 36
Loss = 1.1230e-01, PNorm = 77.9223, GNorm = 0.9602, lr_0 = 1.0848e-04
Loss = 1.1042e-01, PNorm = 77.9299, GNorm = 0.6794, lr_0 = 1.0813e-04
Loss = 1.1842e-01, PNorm = 77.9374, GNorm = 1.0972, lr_0 = 1.0779e-04
Loss = 1.0401e-01, PNorm = 77.9463, GNorm = 0.4700, lr_0 = 1.0744e-04
Loss = 1.0170e-01, PNorm = 77.9511, GNorm = 0.9007, lr_0 = 1.0710e-04
Loss = 8.9356e-02, PNorm = 77.9546, GNorm = 1.5315, lr_0 = 1.0675e-04
Loss = 1.0864e-01, PNorm = 77.9611, GNorm = 0.4820, lr_0 = 1.0641e-04
Loss = 1.1481e-01, PNorm = 77.9688, GNorm = 0.5591, lr_0 = 1.0607e-04
Loss = 1.0440e-01, PNorm = 77.9733, GNorm = 0.7241, lr_0 = 1.0573e-04
Loss = 9.4702e-02, PNorm = 77.9770, GNorm = 0.7469, lr_0 = 1.0539e-04
Loss = 1.0070e-01, PNorm = 77.9842, GNorm = 0.6184, lr_0 = 1.0505e-04
Loss = 1.2195e-01, PNorm = 77.9904, GNorm = 1.0091, lr_0 = 1.0472e-04
Loss = 9.3764e-02, PNorm = 77.9947, GNorm = 1.9489, lr_0 = 1.0438e-04
Loss = 8.7782e-02, PNorm = 78.0017, GNorm = 0.7513, lr_0 = 1.0405e-04
Loss = 1.0559e-01, PNorm = 78.0098, GNorm = 0.6040, lr_0 = 1.0371e-04
Loss = 1.1559e-01, PNorm = 78.0150, GNorm = 0.5846, lr_0 = 1.0338e-04
Loss = 9.3691e-02, PNorm = 78.0179, GNorm = 0.4794, lr_0 = 1.0305e-04
Validation rmse = 43.318421
Epoch 37
Loss = 1.1702e-01, PNorm = 78.0243, GNorm = 0.6035, lr_0 = 1.0272e-04
Loss = 1.1413e-01, PNorm = 78.0328, GNorm = 0.7460, lr_0 = 1.0239e-04
Loss = 8.8992e-02, PNorm = 78.0345, GNorm = 0.8228, lr_0 = 1.0206e-04
Loss = 1.0842e-01, PNorm = 78.0398, GNorm = 0.6994, lr_0 = 1.0174e-04
Loss = 1.0721e-01, PNorm = 78.0493, GNorm = 0.6114, lr_0 = 1.0141e-04
Loss = 1.1655e-01, PNorm = 78.0557, GNorm = 1.4844, lr_0 = 1.0108e-04
Loss = 1.1660e-01, PNorm = 78.0624, GNorm = 2.8136, lr_0 = 1.0076e-04
Loss = 1.0441e-01, PNorm = 78.0702, GNorm = 0.8669, lr_0 = 1.0044e-04
Loss = 9.6045e-02, PNorm = 78.0751, GNorm = 1.7109, lr_0 = 1.0012e-04
Loss = 8.5309e-02, PNorm = 78.0763, GNorm = 1.0511, lr_0 = 9.9794e-05
Loss = 7.9679e-02, PNorm = 78.0815, GNorm = 0.7737, lr_0 = 9.9475e-05
Loss = 1.2380e-01, PNorm = 78.0872, GNorm = 0.7548, lr_0 = 9.9156e-05
Loss = 1.0487e-01, PNorm = 78.0908, GNorm = 0.6258, lr_0 = 9.8838e-05
Loss = 8.7078e-02, PNorm = 78.0957, GNorm = 0.8818, lr_0 = 9.8521e-05
Loss = 1.0962e-01, PNorm = 78.1010, GNorm = 0.5798, lr_0 = 9.8206e-05
Loss = 9.9062e-02, PNorm = 78.1086, GNorm = 1.6189, lr_0 = 9.7891e-05
Loss = 1.0617e-01, PNorm = 78.1184, GNorm = 0.6591, lr_0 = 9.7577e-05
Validation rmse = 43.481244
Epoch 38
Loss = 1.1051e-01, PNorm = 78.1218, GNorm = 1.7113, lr_0 = 9.7264e-05
Loss = 1.0365e-01, PNorm = 78.1303, GNorm = 0.8749, lr_0 = 9.6953e-05
Loss = 9.8719e-02, PNorm = 78.1361, GNorm = 0.8750, lr_0 = 9.6642e-05
Loss = 9.9381e-02, PNorm = 78.1396, GNorm = 0.9787, lr_0 = 9.6332e-05
Loss = 9.3873e-02, PNorm = 78.1471, GNorm = 1.8007, lr_0 = 9.6024e-05
Loss = 9.3070e-02, PNorm = 78.1543, GNorm = 1.2119, lr_0 = 9.5716e-05
Loss = 1.1882e-01, PNorm = 78.1588, GNorm = 1.8576, lr_0 = 9.5409e-05
Loss = 9.8421e-02, PNorm = 78.1630, GNorm = 0.8277, lr_0 = 9.5103e-05
Loss = 1.0038e-01, PNorm = 78.1677, GNorm = 1.3627, lr_0 = 9.4799e-05
Loss = 1.1715e-01, PNorm = 78.1735, GNorm = 2.0581, lr_0 = 9.4495e-05
Loss = 1.1943e-01, PNorm = 78.1790, GNorm = 0.7227, lr_0 = 9.4192e-05
Loss = 9.9395e-02, PNorm = 78.1832, GNorm = 0.4789, lr_0 = 9.3890e-05
Loss = 1.3168e-01, PNorm = 78.1912, GNorm = 1.8180, lr_0 = 9.3589e-05
Loss = 1.0874e-01, PNorm = 78.1993, GNorm = 2.1419, lr_0 = 9.3289e-05
Loss = 8.9471e-02, PNorm = 78.2036, GNorm = 1.5129, lr_0 = 9.2990e-05
Loss = 1.0402e-01, PNorm = 78.2076, GNorm = 1.6925, lr_0 = 9.2692e-05
Loss = 1.0392e-01, PNorm = 78.2150, GNorm = 0.5756, lr_0 = 9.2395e-05
Validation rmse = 42.800618
Epoch 39
Loss = 8.7953e-02, PNorm = 78.2201, GNorm = 1.7887, lr_0 = 9.2070e-05
Loss = 1.0556e-01, PNorm = 78.2227, GNorm = 0.5249, lr_0 = 9.1775e-05
Loss = 8.1037e-02, PNorm = 78.2259, GNorm = 0.9854, lr_0 = 9.1480e-05
Loss = 1.1306e-01, PNorm = 78.2327, GNorm = 1.5159, lr_0 = 9.1187e-05
Loss = 9.6106e-02, PNorm = 78.2403, GNorm = 0.6768, lr_0 = 9.0895e-05
Loss = 1.1130e-01, PNorm = 78.2442, GNorm = 1.1276, lr_0 = 9.0604e-05
Loss = 8.6367e-02, PNorm = 78.2470, GNorm = 0.7137, lr_0 = 9.0313e-05
Loss = 1.0218e-01, PNorm = 78.2516, GNorm = 0.5418, lr_0 = 9.0024e-05
Loss = 1.1878e-01, PNorm = 78.2574, GNorm = 1.0977, lr_0 = 8.9736e-05
Loss = 1.0138e-01, PNorm = 78.2648, GNorm = 0.5246, lr_0 = 8.9448e-05
Loss = 1.1253e-01, PNorm = 78.2716, GNorm = 0.6728, lr_0 = 8.9161e-05
Loss = 9.4301e-02, PNorm = 78.2765, GNorm = 0.5924, lr_0 = 8.8876e-05
Loss = 9.9688e-02, PNorm = 78.2796, GNorm = 0.7996, lr_0 = 8.8591e-05
Loss = 8.6633e-02, PNorm = 78.2843, GNorm = 0.8962, lr_0 = 8.8307e-05
Loss = 1.1236e-01, PNorm = 78.2905, GNorm = 0.9352, lr_0 = 8.8024e-05
Loss = 1.0006e-01, PNorm = 78.2970, GNorm = 0.9149, lr_0 = 8.7742e-05
Loss = 9.5660e-02, PNorm = 78.3019, GNorm = 0.7116, lr_0 = 8.7461e-05
Validation rmse = 42.608079
Epoch 40
Loss = 8.2920e-02, PNorm = 78.3046, GNorm = 0.5869, lr_0 = 8.7180e-05
Loss = 1.0089e-01, PNorm = 78.3069, GNorm = 1.0112, lr_0 = 8.6901e-05
Loss = 8.8970e-02, PNorm = 78.3128, GNorm = 0.7187, lr_0 = 8.6622e-05
Loss = 1.0004e-01, PNorm = 78.3164, GNorm = 0.8109, lr_0 = 8.6345e-05
Loss = 8.6165e-02, PNorm = 78.3209, GNorm = 0.5014, lr_0 = 8.6068e-05
Loss = 8.3718e-02, PNorm = 78.3264, GNorm = 0.5873, lr_0 = 8.5792e-05
Loss = 1.0181e-01, PNorm = 78.3307, GNorm = 1.2683, lr_0 = 8.5517e-05
Loss = 8.8131e-02, PNorm = 78.3332, GNorm = 0.7226, lr_0 = 8.5243e-05
Loss = 1.0320e-01, PNorm = 78.3384, GNorm = 0.7497, lr_0 = 8.4970e-05
Loss = 1.1611e-01, PNorm = 78.3453, GNorm = 0.7257, lr_0 = 8.4698e-05
Loss = 1.0018e-01, PNorm = 78.3502, GNorm = 0.5872, lr_0 = 8.4426e-05
Loss = 1.1195e-01, PNorm = 78.3504, GNorm = 1.2578, lr_0 = 8.4156e-05
Loss = 1.0690e-01, PNorm = 78.3569, GNorm = 1.0477, lr_0 = 8.3886e-05
Loss = 9.7951e-02, PNorm = 78.3610, GNorm = 1.8716, lr_0 = 8.3617e-05
Loss = 1.0436e-01, PNorm = 78.3651, GNorm = 0.7243, lr_0 = 8.3349e-05
Loss = 9.2831e-02, PNorm = 78.3720, GNorm = 0.5686, lr_0 = 8.3082e-05
Loss = 1.1637e-01, PNorm = 78.3792, GNorm = 1.2384, lr_0 = 8.2816e-05
Loss = 9.2325e-02, PNorm = 78.3845, GNorm = 1.4286, lr_0 = 8.2551e-05
Validation rmse = 43.347169
Epoch 41
Loss = 1.2438e-01, PNorm = 78.3901, GNorm = 2.0343, lr_0 = 8.2286e-05
Loss = 7.7264e-02, PNorm = 78.3968, GNorm = 0.6374, lr_0 = 8.2022e-05
Loss = 9.6081e-02, PNorm = 78.4025, GNorm = 0.7150, lr_0 = 8.1759e-05
Loss = 9.9562e-02, PNorm = 78.4058, GNorm = 0.5899, lr_0 = 8.1497e-05
Loss = 1.0698e-01, PNorm = 78.4097, GNorm = 0.9581, lr_0 = 8.1236e-05
Loss = 1.0473e-01, PNorm = 78.4123, GNorm = 0.8908, lr_0 = 8.0976e-05
Loss = 1.2053e-01, PNorm = 78.4141, GNorm = 1.3243, lr_0 = 8.0716e-05
Loss = 9.2282e-02, PNorm = 78.4172, GNorm = 1.5520, lr_0 = 8.0458e-05
Loss = 1.0769e-01, PNorm = 78.4250, GNorm = 0.7484, lr_0 = 8.0200e-05
Loss = 9.8710e-02, PNorm = 78.4288, GNorm = 0.8412, lr_0 = 7.9943e-05
Loss = 1.0767e-01, PNorm = 78.4350, GNorm = 2.2428, lr_0 = 7.9687e-05
Loss = 9.9845e-02, PNorm = 78.4415, GNorm = 1.6589, lr_0 = 7.9431e-05
Loss = 9.3966e-02, PNorm = 78.4489, GNorm = 0.9684, lr_0 = 7.9177e-05
Loss = 8.0180e-02, PNorm = 78.4516, GNorm = 0.4502, lr_0 = 7.8923e-05
Loss = 1.0040e-01, PNorm = 78.4548, GNorm = 0.7370, lr_0 = 7.8670e-05
Loss = 1.0651e-01, PNorm = 78.4586, GNorm = 1.4633, lr_0 = 7.8418e-05
Loss = 1.0713e-01, PNorm = 78.4617, GNorm = 1.6072, lr_0 = 7.8167e-05
Validation rmse = 44.313225
Epoch 42
Loss = 9.3696e-02, PNorm = 78.4688, GNorm = 0.5216, lr_0 = 7.7916e-05
Loss = 9.1149e-02, PNorm = 78.4740, GNorm = 0.4592, lr_0 = 7.7666e-05
Loss = 8.6923e-02, PNorm = 78.4758, GNorm = 0.4694, lr_0 = 7.7418e-05
Loss = 8.2620e-02, PNorm = 78.4776, GNorm = 0.6895, lr_0 = 7.7169e-05
Loss = 1.1217e-01, PNorm = 78.4822, GNorm = 1.0690, lr_0 = 7.6922e-05
Loss = 1.1401e-01, PNorm = 78.4888, GNorm = 0.6081, lr_0 = 7.6676e-05
Loss = 1.1157e-01, PNorm = 78.4926, GNorm = 0.7321, lr_0 = 7.6430e-05
Loss = 7.9552e-02, PNorm = 78.4950, GNorm = 1.2266, lr_0 = 7.6185e-05
Loss = 1.0406e-01, PNorm = 78.4986, GNorm = 1.1666, lr_0 = 7.5941e-05
Loss = 9.5720e-02, PNorm = 78.5044, GNorm = 0.9039, lr_0 = 7.5697e-05
Loss = 1.0310e-01, PNorm = 78.5075, GNorm = 0.9764, lr_0 = 7.5455e-05
Loss = 9.1754e-02, PNorm = 78.5106, GNorm = 1.3860, lr_0 = 7.5213e-05
Loss = 9.8551e-02, PNorm = 78.5156, GNorm = 1.0735, lr_0 = 7.4972e-05
Loss = 1.0552e-01, PNorm = 78.5219, GNorm = 0.8521, lr_0 = 7.4732e-05
Loss = 8.7729e-02, PNorm = 78.5246, GNorm = 0.4168, lr_0 = 7.4492e-05
Loss = 1.0768e-01, PNorm = 78.5276, GNorm = 1.2154, lr_0 = 7.4254e-05
Loss = 9.9597e-02, PNorm = 78.5304, GNorm = 0.6630, lr_0 = 7.4016e-05
Validation rmse = 42.940158
Epoch 43
Loss = 9.8833e-02, PNorm = 78.5354, GNorm = 0.6818, lr_0 = 7.3778e-05
Loss = 8.2507e-02, PNorm = 78.5406, GNorm = 0.7115, lr_0 = 7.3542e-05
Loss = 1.0667e-01, PNorm = 78.5445, GNorm = 0.9092, lr_0 = 7.3306e-05
Loss = 8.0944e-02, PNorm = 78.5472, GNorm = 1.2648, lr_0 = 7.3071e-05
Loss = 1.1339e-01, PNorm = 78.5510, GNorm = 2.1035, lr_0 = 7.2837e-05
Loss = 9.5497e-02, PNorm = 78.5534, GNorm = 1.1900, lr_0 = 7.2604e-05
Loss = 7.9478e-02, PNorm = 78.5577, GNorm = 0.5344, lr_0 = 7.2371e-05
Loss = 1.1008e-01, PNorm = 78.5630, GNorm = 0.8500, lr_0 = 7.2139e-05
Loss = 8.6659e-02, PNorm = 78.5666, GNorm = 0.3366, lr_0 = 7.1908e-05
Loss = 9.3826e-02, PNorm = 78.5674, GNorm = 0.6914, lr_0 = 7.1677e-05
Loss = 1.1984e-01, PNorm = 78.5704, GNorm = 0.6613, lr_0 = 7.1448e-05
Loss = 1.0415e-01, PNorm = 78.5757, GNorm = 1.1486, lr_0 = 7.1219e-05
Loss = 9.1776e-02, PNorm = 78.5795, GNorm = 0.7623, lr_0 = 7.0991e-05
Loss = 7.9869e-02, PNorm = 78.5802, GNorm = 0.6441, lr_0 = 7.0763e-05
Loss = 9.2435e-02, PNorm = 78.5839, GNorm = 1.2362, lr_0 = 7.0536e-05
Loss = 9.8844e-02, PNorm = 78.5896, GNorm = 1.6621, lr_0 = 7.0310e-05
Loss = 1.1347e-01, PNorm = 78.5944, GNorm = 0.6501, lr_0 = 7.0085e-05
Validation rmse = 43.876671
Epoch 44
Loss = 1.0157e-01, PNorm = 78.6012, GNorm = 2.0364, lr_0 = 6.9860e-05
Loss = 1.0491e-01, PNorm = 78.6032, GNorm = 0.7125, lr_0 = 6.9636e-05
Loss = 9.7858e-02, PNorm = 78.6053, GNorm = 0.7154, lr_0 = 6.9413e-05
Loss = 9.6477e-02, PNorm = 78.6080, GNorm = 2.7466, lr_0 = 6.9191e-05
Loss = 9.9684e-02, PNorm = 78.6107, GNorm = 2.8393, lr_0 = 6.8969e-05
Loss = 1.0122e-01, PNorm = 78.6149, GNorm = 1.6176, lr_0 = 6.8748e-05
Loss = 8.3437e-02, PNorm = 78.6190, GNorm = 0.6618, lr_0 = 6.8528e-05
Loss = 1.2751e-01, PNorm = 78.6236, GNorm = 1.7157, lr_0 = 6.8308e-05
Loss = 8.9835e-02, PNorm = 78.6270, GNorm = 0.4704, lr_0 = 6.8089e-05
Loss = 9.2327e-02, PNorm = 78.6318, GNorm = 0.9770, lr_0 = 6.7871e-05
Loss = 8.9983e-02, PNorm = 78.6365, GNorm = 2.4785, lr_0 = 6.7654e-05
Loss = 8.8118e-02, PNorm = 78.6396, GNorm = 0.7695, lr_0 = 6.7437e-05
Loss = 1.0679e-01, PNorm = 78.6430, GNorm = 1.7196, lr_0 = 6.7221e-05
Loss = 1.0896e-01, PNorm = 78.6474, GNorm = 1.9005, lr_0 = 6.7005e-05
Loss = 1.0533e-01, PNorm = 78.6523, GNorm = 0.5285, lr_0 = 6.6790e-05
Loss = 9.6795e-02, PNorm = 78.6564, GNorm = 1.2119, lr_0 = 6.6576e-05
Loss = 9.4651e-02, PNorm = 78.6594, GNorm = 1.5658, lr_0 = 6.6363e-05
Validation rmse = 42.429801
Epoch 45
Loss = 7.4040e-02, PNorm = 78.6628, GNorm = 0.6463, lr_0 = 6.6150e-05
Loss = 9.1690e-02, PNorm = 78.6667, GNorm = 1.3884, lr_0 = 6.5938e-05
Loss = 9.0024e-02, PNorm = 78.6694, GNorm = 1.4301, lr_0 = 6.5727e-05
Loss = 9.3222e-02, PNorm = 78.6738, GNorm = 1.1559, lr_0 = 6.5516e-05
Loss = 9.8435e-02, PNorm = 78.6733, GNorm = 0.7885, lr_0 = 6.5306e-05
Loss = 7.5458e-02, PNorm = 78.6750, GNorm = 1.2265, lr_0 = 6.5097e-05
Loss = 8.4171e-02, PNorm = 78.6779, GNorm = 0.6181, lr_0 = 6.4889e-05
Loss = 1.0172e-01, PNorm = 78.6809, GNorm = 0.8154, lr_0 = 6.4681e-05
Loss = 9.5047e-02, PNorm = 78.6860, GNorm = 0.8874, lr_0 = 6.4473e-05
Loss = 8.2952e-02, PNorm = 78.6899, GNorm = 0.7040, lr_0 = 6.4267e-05
Loss = 1.0715e-01, PNorm = 78.6939, GNorm = 1.5077, lr_0 = 6.4061e-05
Loss = 1.0071e-01, PNorm = 78.6991, GNorm = 1.2195, lr_0 = 6.3855e-05
Loss = 8.8577e-02, PNorm = 78.7013, GNorm = 0.5364, lr_0 = 6.3651e-05
Loss = 9.1219e-02, PNorm = 78.7047, GNorm = 0.9926, lr_0 = 6.3447e-05
Loss = 1.0291e-01, PNorm = 78.7099, GNorm = 0.5589, lr_0 = 6.3243e-05
Loss = 9.8915e-02, PNorm = 78.7125, GNorm = 0.9440, lr_0 = 6.3041e-05
Loss = 1.1960e-01, PNorm = 78.7157, GNorm = 1.2305, lr_0 = 6.2839e-05
Loss = 1.1956e-01, PNorm = 78.7210, GNorm = 2.4930, lr_0 = 6.2637e-05
Validation rmse = 42.810442
Epoch 46
Loss = 8.7344e-02, PNorm = 78.7233, GNorm = 0.4805, lr_0 = 6.2437e-05
Loss = 1.0030e-01, PNorm = 78.7254, GNorm = 1.8264, lr_0 = 6.2237e-05
Loss = 1.0269e-01, PNorm = 78.7286, GNorm = 0.8195, lr_0 = 6.2037e-05
Loss = 9.3036e-02, PNorm = 78.7318, GNorm = 1.6345, lr_0 = 6.1838e-05
Loss = 9.9176e-02, PNorm = 78.7364, GNorm = 0.7381, lr_0 = 6.1640e-05
Loss = 1.0631e-01, PNorm = 78.7407, GNorm = 1.3046, lr_0 = 6.1443e-05
Loss = 9.7911e-02, PNorm = 78.7446, GNorm = 0.6440, lr_0 = 6.1246e-05
Loss = 9.2145e-02, PNorm = 78.7490, GNorm = 1.2311, lr_0 = 6.1049e-05
Loss = 9.3624e-02, PNorm = 78.7520, GNorm = 1.2680, lr_0 = 6.0854e-05
Loss = 1.0231e-01, PNorm = 78.7542, GNorm = 0.9275, lr_0 = 6.0659e-05
Loss = 9.2586e-02, PNorm = 78.7579, GNorm = 0.4260, lr_0 = 6.0464e-05
Loss = 8.0297e-02, PNorm = 78.7605, GNorm = 1.7972, lr_0 = 6.0271e-05
Loss = 9.2725e-02, PNorm = 78.7633, GNorm = 0.7935, lr_0 = 6.0077e-05
Loss = 1.1047e-01, PNorm = 78.7665, GNorm = 0.5539, lr_0 = 5.9885e-05
Loss = 9.1446e-02, PNorm = 78.7696, GNorm = 0.6025, lr_0 = 5.9693e-05
Loss = 1.0527e-01, PNorm = 78.7734, GNorm = 1.8355, lr_0 = 5.9502e-05
Loss = 9.1933e-02, PNorm = 78.7765, GNorm = 0.7109, lr_0 = 5.9311e-05
Validation rmse = 42.949429
Epoch 47
Loss = 1.0137e-01, PNorm = 78.7786, GNorm = 1.4483, lr_0 = 5.9121e-05
Loss = 7.5983e-02, PNorm = 78.7800, GNorm = 0.7913, lr_0 = 5.8931e-05
Loss = 1.1553e-01, PNorm = 78.7841, GNorm = 0.5141, lr_0 = 5.8743e-05
Loss = 9.5190e-02, PNorm = 78.7885, GNorm = 0.8168, lr_0 = 5.8554e-05
Loss = 1.0107e-01, PNorm = 78.7920, GNorm = 1.4418, lr_0 = 5.8367e-05
Loss = 9.1318e-02, PNorm = 78.7953, GNorm = 0.5593, lr_0 = 5.8180e-05
Loss = 1.0790e-01, PNorm = 78.7988, GNorm = 1.7899, lr_0 = 5.7993e-05
Loss = 9.0104e-02, PNorm = 78.8033, GNorm = 0.9854, lr_0 = 5.7807e-05
Loss = 1.0197e-01, PNorm = 78.8081, GNorm = 2.0376, lr_0 = 5.7622e-05
Loss = 9.2719e-02, PNorm = 78.8101, GNorm = 0.8544, lr_0 = 5.7437e-05
Loss = 8.9178e-02, PNorm = 78.8130, GNorm = 0.6784, lr_0 = 5.7253e-05
Loss = 8.5850e-02, PNorm = 78.8151, GNorm = 0.8001, lr_0 = 5.7070e-05
Loss = 6.8610e-02, PNorm = 78.8163, GNorm = 0.3305, lr_0 = 5.6887e-05
Loss = 1.2550e-01, PNorm = 78.8208, GNorm = 3.1086, lr_0 = 5.6705e-05
Loss = 8.7491e-02, PNorm = 78.8242, GNorm = 1.0631, lr_0 = 5.6523e-05
Loss = 9.1372e-02, PNorm = 78.8255, GNorm = 0.5842, lr_0 = 5.6342e-05
Loss = 1.0026e-01, PNorm = 78.8281, GNorm = 0.9330, lr_0 = 5.6161e-05
Validation rmse = 42.428526
Epoch 48
Loss = 9.2617e-02, PNorm = 78.8324, GNorm = 1.0247, lr_0 = 5.5981e-05
Loss = 9.6390e-02, PNorm = 78.8363, GNorm = 1.2988, lr_0 = 5.5802e-05
Loss = 8.2696e-02, PNorm = 78.8381, GNorm = 0.5937, lr_0 = 5.5623e-05
Loss = 1.1142e-01, PNorm = 78.8420, GNorm = 1.1929, lr_0 = 5.5445e-05
Loss = 1.1882e-01, PNorm = 78.8447, GNorm = 0.8327, lr_0 = 5.5267e-05
Loss = 9.8959e-02, PNorm = 78.8469, GNorm = 0.5171, lr_0 = 5.5090e-05
Loss = 8.6339e-02, PNorm = 78.8510, GNorm = 0.5786, lr_0 = 5.4913e-05
Loss = 9.2690e-02, PNorm = 78.8538, GNorm = 1.3309, lr_0 = 5.4737e-05
Loss = 7.8410e-02, PNorm = 78.8566, GNorm = 1.0168, lr_0 = 5.4562e-05
Loss = 9.7259e-02, PNorm = 78.8605, GNorm = 0.7367, lr_0 = 5.4387e-05
Loss = 7.5251e-02, PNorm = 78.8633, GNorm = 0.7401, lr_0 = 5.4213e-05
Loss = 8.9402e-02, PNorm = 78.8657, GNorm = 0.8658, lr_0 = 5.4039e-05
Loss = 1.0043e-01, PNorm = 78.8674, GNorm = 0.7307, lr_0 = 5.3866e-05
Loss = 8.6195e-02, PNorm = 78.8693, GNorm = 1.2249, lr_0 = 5.3693e-05
Loss = 1.0007e-01, PNorm = 78.8704, GNorm = 1.4221, lr_0 = 5.3521e-05
Loss = 9.9954e-02, PNorm = 78.8737, GNorm = 1.1656, lr_0 = 5.3350e-05
Loss = 9.0195e-02, PNorm = 78.8767, GNorm = 1.0605, lr_0 = 5.3179e-05
Validation rmse = 43.977569
Epoch 49
Loss = 1.2877e-01, PNorm = 78.8804, GNorm = 0.9442, lr_0 = 5.3008e-05
Loss = 8.6402e-02, PNorm = 78.8850, GNorm = 0.8673, lr_0 = 5.2839e-05
Loss = 9.0835e-02, PNorm = 78.8863, GNorm = 0.7834, lr_0 = 5.2669e-05
Loss = 1.0978e-01, PNorm = 78.8904, GNorm = 1.6418, lr_0 = 5.2500e-05
Loss = 9.6555e-02, PNorm = 78.8932, GNorm = 1.7870, lr_0 = 5.2332e-05
Loss = 9.5533e-02, PNorm = 78.8963, GNorm = 1.1521, lr_0 = 5.2164e-05
Loss = 1.0407e-01, PNorm = 78.9006, GNorm = 0.3543, lr_0 = 5.1997e-05
Loss = 8.4288e-02, PNorm = 78.9048, GNorm = 0.4208, lr_0 = 5.1831e-05
Loss = 8.1369e-02, PNorm = 78.9066, GNorm = 1.0004, lr_0 = 5.1665e-05
Loss = 1.0790e-01, PNorm = 78.9073, GNorm = 0.6651, lr_0 = 5.1499e-05
Loss = 9.7529e-02, PNorm = 78.9106, GNorm = 0.5472, lr_0 = 5.1334e-05
Loss = 9.2659e-02, PNorm = 78.9145, GNorm = 0.6867, lr_0 = 5.1169e-05
Loss = 9.7191e-02, PNorm = 78.9175, GNorm = 0.7635, lr_0 = 5.1055e-05
Loss = 9.8421e-02, PNorm = 78.9215, GNorm = 1.1463, lr_0 = 5.1055e-05
Loss = 8.5569e-02, PNorm = 78.9254, GNorm = 0.9820, lr_0 = 5.1055e-05
Loss = 1.0606e-01, PNorm = 78.9300, GNorm = 0.6727, lr_0 = 5.1055e-05
Loss = 9.3440e-02, PNorm = 78.9321, GNorm = 0.8485, lr_0 = 5.1055e-05
Validation rmse = 43.130022
Model 0 best validation rmse = 42.428526 on epoch 47
Loading pretrained parameter "encoder.encoder.0.cached_zero_vector".
Loading pretrained parameter "encoder.encoder.0.W_i.weight".
Loading pretrained parameter "encoder.encoder.0.W_h.weight".
Loading pretrained parameter "encoder.encoder.0.W_o.weight".
Loading pretrained parameter "encoder.encoder.0.W_o.bias".
Loading pretrained parameter "encoder.encoder.1.cached_zero_vector".
Loading pretrained parameter "encoder.encoder.1.W_i.weight".
Loading pretrained parameter "encoder.encoder.1.W_h.weight".
Loading pretrained parameter "encoder.encoder.1.W_o.weight".
Loading pretrained parameter "encoder.encoder.1.W_o.bias".
Loading pretrained parameter "ffn.1.weight".
Loading pretrained parameter "ffn.1.bias".
Moving model to cuda
Model 0 test rmse = 37.157078
Ensemble test rmse = 37.157078
1-fold cross validation
	Seed 0 ==> test rmse = 37.157078
Overall test rmse = 37.157078 +/- 0.000000
Elapsed time = 0:36:55
