Command line
python /home/kpg/chemprop/train.py --data_path ../../../data/splits/lambda_max_abs/deep4chem/group_by_smiles/smiles_target_train.csv --dataset_type regression --save_dir /home/kimele03/uvvisml/uvvisml/models/abs_all_checkpoints/random/results/506984/49664754 --config_path /home/kimele03/uvvisml/uvvisml/models/abs_all_checkpoints/random/results/506984/49664754/hyperopt.json --metric rmse --epochs 50 --gpu 0 --ensemble_size 1 --separate_val_path ../../../data/splits/lambda_max_abs/deep4chem/group_by_smiles/smiles_target_val.csv --separate_test_path ../../../data/splits/lambda_max_abs/deep4chem/group_by_smiles/smiles_target_test.csv --number_of_molecules 2
Args
{'activation': 'ReLU',
 'aggregation': 'mean',
 'aggregation_norm': 100,
 'atom_descriptor_scaling': True,
 'atom_descriptors': None,
 'atom_descriptors_path': None,
 'atom_descriptors_size': 0,
 'atom_features_size': 0,
 'atom_messages': False,
 'batch_size': 63,
 'bias': False,
 'bond_feature_scaling': True,
 'bond_features_path': None,
 'bond_features_size': 0,
 'cache_cutoff': 10000,
 'checkpoint_dir': None,
 'checkpoint_frzn': None,
 'checkpoint_path': None,
 'checkpoint_paths': None,
 'class_balance': False,
 'config_path': '/home/kimele03/uvvisml/uvvisml/models/abs_all_checkpoints/random/results/506984/49664754/hyperopt.json',
 'crossval_index_dir': None,
 'crossval_index_file': None,
 'crossval_index_sets': None,
 'cuda': True,
 'data_path': '../../../data/splits/lambda_max_abs/deep4chem/group_by_smiles/smiles_target_train.csv',
 'data_weights_path': None,
 'dataset_type': 'regression',
 'depth': 5,
 'device': device(type='cuda', index=0),
 'dropout': 0.11121081439462632,
 'empty_cache': False,
 'ensemble_size': 1,
 'epochs': 50,
 'explicit_h': False,
 'extra_metrics': [],
 'features_generator': None,
 'features_only': False,
 'features_path': None,
 'features_scaling': True,
 'features_size': None,
 'ffn_hidden_size': 1915,
 'ffn_num_layers': 3,
 'final_lr': 4.376817211600686e-06,
 'folds_file': None,
 'freeze_first_only': False,
 'frzn_ffn_layers': 0,
 'gpu': 0,
 'grad_clip': None,
 'hidden_size': 1488,
 'ignore_columns': None,
 'init_lr': 1.937429576370222e-05,
 'log_frequency': 10,
 'max_data_size': None,
 'max_lr': 0.0002854615363535451,
 'metric': 'rmse',
 'metrics': ['rmse'],
 'minimize_score': True,
 'mpn_shared': False,
 'multiclass_num_classes': 3,
 'no_atom_descriptor_scaling': False,
 'no_bond_features_scaling': False,
 'no_cache_mol': False,
 'no_cuda': False,
 'no_features_scaling': False,
 'num_folds': 1,
 'num_lrs': 1,
 'num_tasks': 1,
 'num_workers': 8,
 'number_of_molecules': 2,
 'overwrite_default_atom_features': False,
 'overwrite_default_bond_features': False,
 'pytorch_seed': 0,
 'quiet': False,
 'reaction': False,
 'reaction_mode': 'reac_diff',
 'resume_experiment': False,
 'save_dir': '/home/kimele03/uvvisml/uvvisml/models/abs_all_checkpoints/random/results/506984/49664754',
 'save_preds': False,
 'save_smiles_splits': False,
 'seed': 0,
 'separate_test_atom_descriptors_path': None,
 'separate_test_bond_features_path': None,
 'separate_test_features_path': None,
 'separate_test_path': '../../../data/splits/lambda_max_abs/deep4chem/group_by_smiles/smiles_target_test.csv',
 'separate_val_atom_descriptors_path': None,
 'separate_val_bond_features_path': None,
 'separate_val_features_path': None,
 'separate_val_path': '../../../data/splits/lambda_max_abs/deep4chem/group_by_smiles/smiles_target_val.csv',
 'show_individual_scores': False,
 'smiles_columns': ['smiles', 'solvent'],
 'split_sizes': (0.8, 0.1, 0.1),
 'split_type': 'random',
 'target_columns': None,
 'target_weights': None,
 'task_names': ['peakwavs_max'],
 'test': False,
 'test_fold_index': None,
 'train_data_size': None,
 'undirected': False,
 'use_input_features': False,
 'val_fold_index': None,
 'warmup_epochs': 5}
Loading data
Number of tasks = 1
Fold 0
Splitting data with seed 0
Total size = 13,242 | train size = 13,242 | val size = 1,633 | test size = 1,710
Fitting scaler
Building model 0
MoleculeModel(
  (encoder): MPN(
    (encoder): ModuleList(
      (0): MPNEncoder(
        (dropout_layer): Dropout(p=0.11121081439462632, inplace=False)
        (act_func): ReLU()
        (W_i): Linear(in_features=147, out_features=1488, bias=False)
        (W_h): Linear(in_features=1488, out_features=1488, bias=False)
        (W_o): Linear(in_features=1621, out_features=1488, bias=True)
      )
      (1): MPNEncoder(
        (dropout_layer): Dropout(p=0.11121081439462632, inplace=False)
        (act_func): ReLU()
        (W_i): Linear(in_features=147, out_features=1488, bias=False)
        (W_h): Linear(in_features=1488, out_features=1488, bias=False)
        (W_o): Linear(in_features=1621, out_features=1488, bias=True)
      )
    )
  )
  (ffn): Sequential(
    (0): Dropout(p=0.11121081439462632, inplace=False)
    (1): Linear(in_features=2976, out_features=1915, bias=True)
    (2): ReLU()
    (3): Dropout(p=0.11121081439462632, inplace=False)
    (4): Linear(in_features=1915, out_features=1915, bias=True)
    (5): ReLU()
    (6): Dropout(p=0.11121081439462632, inplace=False)
    (7): Linear(in_features=1915, out_features=1, bias=True)
  )
)
Number of parameters = 19,067,819
Moving model to cuda
Epoch 0
Loss = 1.2083e+00, PNorm = 104.2289, GNorm = 7.9169, lr_0 = 2.2162e-05
Loss = 9.0466e-01, PNorm = 104.2294, GNorm = 4.5203, lr_0 = 2.4696e-05
Loss = 7.6260e-01, PNorm = 104.2303, GNorm = 7.6121, lr_0 = 2.7230e-05
Loss = 8.2237e-01, PNorm = 104.2315, GNorm = 3.1237, lr_0 = 2.9764e-05
Loss = 1.1015e+00, PNorm = 104.2325, GNorm = 6.6217, lr_0 = 3.2299e-05
Loss = 8.0688e-01, PNorm = 104.2335, GNorm = 3.4946, lr_0 = 3.4833e-05
Loss = 7.7559e-01, PNorm = 104.2351, GNorm = 2.5152, lr_0 = 3.7367e-05
Loss = 6.6148e-01, PNorm = 104.2369, GNorm = 11.4403, lr_0 = 3.9901e-05
Loss = 7.7938e-01, PNorm = 104.2389, GNorm = 11.3173, lr_0 = 4.2435e-05
Loss = 7.2094e-01, PNorm = 104.2409, GNorm = 8.7937, lr_0 = 4.4969e-05
Loss = 7.6642e-01, PNorm = 104.2433, GNorm = 13.4560, lr_0 = 4.7504e-05
Loss = 6.9713e-01, PNorm = 104.2469, GNorm = 3.2575, lr_0 = 5.0038e-05
Loss = 6.2385e-01, PNorm = 104.2505, GNorm = 4.9660, lr_0 = 5.2572e-05
Loss = 5.5171e-01, PNorm = 104.2544, GNorm = 19.5932, lr_0 = 5.5106e-05
Loss = 7.0659e-01, PNorm = 104.2574, GNorm = 24.4285, lr_0 = 5.7640e-05
Loss = 6.6218e-01, PNorm = 104.2606, GNorm = 10.9611, lr_0 = 6.0174e-05
Loss = 6.0467e-01, PNorm = 104.2638, GNorm = 6.5635, lr_0 = 6.2709e-05
Loss = 5.9739e-01, PNorm = 104.2684, GNorm = 11.9288, lr_0 = 6.5243e-05
Loss = 5.7890e-01, PNorm = 104.2722, GNorm = 2.8777, lr_0 = 6.7777e-05
Loss = 5.1782e-01, PNorm = 104.2763, GNorm = 16.7639, lr_0 = 7.0311e-05
Loss = 3.8716e-01, PNorm = 104.2805, GNorm = 18.6767, lr_0 = 7.2845e-05
Loss = 3.6561e-01, PNorm = 104.2809, GNorm = 5.8926, lr_0 = 7.3099e-05
Validation rmse = 77.402810
Epoch 1
Loss = 4.9783e-01, PNorm = 104.2863, GNorm = 3.1152, lr_0 = 7.5633e-05
Loss = 5.1586e-01, PNorm = 104.2914, GNorm = 26.5349, lr_0 = 7.8167e-05
Loss = 4.8866e-01, PNorm = 104.2970, GNorm = 28.1892, lr_0 = 8.0701e-05
Loss = 5.1389e-01, PNorm = 104.3021, GNorm = 8.6253, lr_0 = 8.3235e-05
Loss = 4.8678e-01, PNorm = 104.3078, GNorm = 5.3455, lr_0 = 8.5769e-05
Loss = 4.3965e-01, PNorm = 104.3142, GNorm = 7.7517, lr_0 = 8.8304e-05
Loss = 4.2619e-01, PNorm = 104.3200, GNorm = 32.7530, lr_0 = 9.0838e-05
Loss = 4.7376e-01, PNorm = 104.3273, GNorm = 24.9726, lr_0 = 9.3372e-05
Loss = 4.6866e-01, PNorm = 104.3334, GNorm = 7.0641, lr_0 = 9.5906e-05
Loss = 4.3864e-01, PNorm = 104.3398, GNorm = 26.1133, lr_0 = 9.8440e-05
Loss = 4.7079e-01, PNorm = 104.3460, GNorm = 2.7127, lr_0 = 1.0097e-04
Loss = 6.4564e-01, PNorm = 104.3529, GNorm = 16.7088, lr_0 = 1.0351e-04
Loss = 8.7075e-01, PNorm = 104.3624, GNorm = 6.4953, lr_0 = 1.0604e-04
Loss = 5.2283e-01, PNorm = 104.3771, GNorm = 9.9772, lr_0 = 1.0858e-04
Loss = 5.2298e-01, PNorm = 104.3872, GNorm = 5.7822, lr_0 = 1.1111e-04
Loss = 4.7487e-01, PNorm = 104.3959, GNorm = 15.9926, lr_0 = 1.1365e-04
Loss = 4.8760e-01, PNorm = 104.4049, GNorm = 1.3127, lr_0 = 1.1618e-04
Loss = 3.8345e-01, PNorm = 104.4133, GNorm = 9.8576, lr_0 = 1.1871e-04
Loss = 4.2579e-01, PNorm = 104.4210, GNorm = 5.5773, lr_0 = 1.2125e-04
Loss = 3.2882e-01, PNorm = 104.4298, GNorm = 1.4437, lr_0 = 1.2378e-04
Loss = 3.5944e-01, PNorm = 104.4367, GNorm = 2.4809, lr_0 = 1.2632e-04
Loss = 1.8563e-01, PNorm = 104.4374, GNorm = 5.0326, lr_0 = 1.2657e-04
Validation rmse = 67.654933
Epoch 2
Loss = 3.1206e-01, PNorm = 104.4436, GNorm = 4.4444, lr_0 = 1.2910e-04
Loss = 3.0633e-01, PNorm = 104.4516, GNorm = 14.4889, lr_0 = 1.3164e-04
Loss = 3.7716e-01, PNorm = 104.4571, GNorm = 19.3130, lr_0 = 1.3417e-04
Loss = 3.8631e-01, PNorm = 104.4650, GNorm = 9.8789, lr_0 = 1.3671e-04
Loss = 3.4526e-01, PNorm = 104.4734, GNorm = 6.5792, lr_0 = 1.3924e-04
Loss = 3.7998e-01, PNorm = 104.4812, GNorm = 1.8363, lr_0 = 1.4177e-04
Loss = 3.1805e-01, PNorm = 104.4900, GNorm = 7.5934, lr_0 = 1.4431e-04
Loss = 3.6821e-01, PNorm = 104.4977, GNorm = 7.3535, lr_0 = 1.4684e-04
Loss = 3.6728e-01, PNorm = 104.5086, GNorm = 13.2058, lr_0 = 1.4938e-04
Loss = 3.2432e-01, PNorm = 104.5179, GNorm = 2.8128, lr_0 = 1.5191e-04
Loss = 2.8749e-01, PNorm = 104.5293, GNorm = 6.8445, lr_0 = 1.5445e-04
Loss = 3.4383e-01, PNorm = 104.5409, GNorm = 3.7837, lr_0 = 1.5698e-04
Loss = 3.4243e-01, PNorm = 104.5507, GNorm = 5.8008, lr_0 = 1.5951e-04
Loss = 3.1365e-01, PNorm = 104.5616, GNorm = 12.9637, lr_0 = 1.6205e-04
Loss = 3.1798e-01, PNorm = 104.5733, GNorm = 1.8514, lr_0 = 1.6458e-04
Loss = 3.0073e-01, PNorm = 104.5813, GNorm = 8.2603, lr_0 = 1.6712e-04
Loss = 3.3970e-01, PNorm = 104.5950, GNorm = 7.7059, lr_0 = 1.6965e-04
Loss = 3.0529e-01, PNorm = 104.6028, GNorm = 11.4475, lr_0 = 1.7218e-04
Loss = 2.6610e-01, PNorm = 104.6143, GNorm = 5.3663, lr_0 = 1.7472e-04
Loss = 2.8454e-01, PNorm = 104.6221, GNorm = 5.4941, lr_0 = 1.7725e-04
Loss = 3.0181e-01, PNorm = 104.6337, GNorm = 2.1191, lr_0 = 1.7979e-04
Loss = 3.9306e-02, PNorm = 104.6349, GNorm = 3.6869, lr_0 = 1.8004e-04
Validation rmse = 60.306298
Epoch 3
Loss = 2.7534e-01, PNorm = 104.6441, GNorm = 5.4714, lr_0 = 1.8257e-04
Loss = 2.3773e-01, PNorm = 104.6576, GNorm = 1.1268, lr_0 = 1.8511e-04
Loss = 2.3511e-01, PNorm = 104.6678, GNorm = 3.2663, lr_0 = 1.8764e-04
Loss = 2.7528e-01, PNorm = 104.6816, GNorm = 7.6239, lr_0 = 1.9018e-04
Loss = 3.1565e-01, PNorm = 104.6945, GNorm = 6.8313, lr_0 = 1.9271e-04
Loss = 3.7215e-01, PNorm = 104.7127, GNorm = 7.2543, lr_0 = 1.9525e-04
Loss = 3.0559e-01, PNorm = 104.7297, GNorm = 8.6108, lr_0 = 1.9778e-04
Loss = 2.6418e-01, PNorm = 104.7458, GNorm = 6.6884, lr_0 = 2.0031e-04
Loss = 2.4462e-01, PNorm = 104.7595, GNorm = 1.9857, lr_0 = 2.0285e-04
Loss = 2.4789e-01, PNorm = 104.7735, GNorm = 8.0017, lr_0 = 2.0538e-04
Loss = 2.7388e-01, PNorm = 104.7914, GNorm = 1.4124, lr_0 = 2.0792e-04
Loss = 2.4717e-01, PNorm = 104.8119, GNorm = 2.0822, lr_0 = 2.1045e-04
Loss = 1.9226e-01, PNorm = 104.8291, GNorm = 4.6318, lr_0 = 2.1298e-04
Loss = 2.4442e-01, PNorm = 104.8465, GNorm = 5.1802, lr_0 = 2.1552e-04
Loss = 2.2444e-01, PNorm = 104.8668, GNorm = 5.7407, lr_0 = 2.1805e-04
Loss = 1.9755e-01, PNorm = 104.8799, GNorm = 4.1573, lr_0 = 2.2059e-04
Loss = 2.0110e-01, PNorm = 104.8926, GNorm = 4.2664, lr_0 = 2.2312e-04
Loss = 2.3504e-01, PNorm = 104.9095, GNorm = 4.9887, lr_0 = 2.2566e-04
Loss = 2.4585e-01, PNorm = 104.9276, GNorm = 7.0163, lr_0 = 2.2819e-04
Loss = 2.2785e-01, PNorm = 104.9484, GNorm = 7.7908, lr_0 = 2.3072e-04
Loss = 1.9460e-01, PNorm = 104.9664, GNorm = 3.3836, lr_0 = 2.3326e-04
Loss = 1.1317e+00, PNorm = 104.9686, GNorm = 10.3896, lr_0 = 2.3351e-04
Validation rmse = 71.748175
Epoch 4
Loss = 2.8497e-01, PNorm = 104.9916, GNorm = 6.4668, lr_0 = 2.3605e-04
Loss = 2.3362e-01, PNorm = 105.0170, GNorm = 1.5981, lr_0 = 2.3858e-04
Loss = 1.9341e-01, PNorm = 105.0389, GNorm = 1.2151, lr_0 = 2.4111e-04
Loss = 1.7876e-01, PNorm = 105.0557, GNorm = 4.3930, lr_0 = 2.4365e-04
Loss = 1.7911e-01, PNorm = 105.0681, GNorm = 4.9454, lr_0 = 2.4618e-04
Loss = 1.8422e-01, PNorm = 105.0838, GNorm = 2.7514, lr_0 = 2.4872e-04
Loss = 2.3502e-01, PNorm = 105.0969, GNorm = 1.3514, lr_0 = 2.5125e-04
Loss = 3.1587e-01, PNorm = 105.1199, GNorm = 8.7576, lr_0 = 2.5378e-04
Loss = 2.3010e-01, PNorm = 105.1456, GNorm = 1.8864, lr_0 = 2.5632e-04
Loss = 2.0665e-01, PNorm = 105.1639, GNorm = 0.7616, lr_0 = 2.5885e-04
Loss = 1.6730e-01, PNorm = 105.1846, GNorm = 8.9953, lr_0 = 2.6139e-04
Loss = 2.2396e-01, PNorm = 105.2056, GNorm = 2.4378, lr_0 = 2.6392e-04
Loss = 2.0101e-01, PNorm = 105.2286, GNorm = 4.1746, lr_0 = 2.6646e-04
Loss = 1.8784e-01, PNorm = 105.2441, GNorm = 4.2933, lr_0 = 2.6899e-04
Loss = 1.8728e-01, PNorm = 105.2616, GNorm = 8.3298, lr_0 = 2.7152e-04
Loss = 1.8754e-01, PNorm = 105.2829, GNorm = 4.1929, lr_0 = 2.7406e-04
Loss = 2.2220e-01, PNorm = 105.3031, GNorm = 1.6185, lr_0 = 2.7659e-04
Loss = 1.8874e-01, PNorm = 105.3227, GNorm = 4.8628, lr_0 = 2.7913e-04
Loss = 2.1316e-01, PNorm = 105.3414, GNorm = 1.2892, lr_0 = 2.8166e-04
Loss = 1.9553e-01, PNorm = 105.3620, GNorm = 5.7117, lr_0 = 2.8419e-04
Loss = 1.9059e-01, PNorm = 105.3844, GNorm = 2.1388, lr_0 = 2.8483e-04
Loss = 3.8543e-01, PNorm = 105.3870, GNorm = 8.2357, lr_0 = 2.8471e-04
Validation rmse = 49.041034
Epoch 5
Loss = 1.6953e-01, PNorm = 105.4129, GNorm = 1.4751, lr_0 = 2.8345e-04
Loss = 2.0810e-01, PNorm = 105.4364, GNorm = 1.6219, lr_0 = 2.8220e-04
Loss = 2.0272e-01, PNorm = 105.4583, GNorm = 2.4793, lr_0 = 2.8095e-04
Loss = 2.0101e-01, PNorm = 105.4782, GNorm = 3.1226, lr_0 = 2.7971e-04
Loss = 1.6808e-01, PNorm = 105.4990, GNorm = 1.3569, lr_0 = 2.7848e-04
Loss = 1.8908e-01, PNorm = 105.5190, GNorm = 2.5583, lr_0 = 2.7725e-04
Loss = 1.9053e-01, PNorm = 105.5419, GNorm = 4.6708, lr_0 = 2.7603e-04
Loss = 2.0212e-01, PNorm = 105.5605, GNorm = 3.6463, lr_0 = 2.7481e-04
Loss = 1.9058e-01, PNorm = 105.5815, GNorm = 3.8675, lr_0 = 2.7360e-04
Loss = 1.5159e-01, PNorm = 105.5982, GNorm = 1.7636, lr_0 = 2.7239e-04
Loss = 2.0403e-01, PNorm = 105.6168, GNorm = 1.5997, lr_0 = 2.7119e-04
Loss = 1.3908e-01, PNorm = 105.6331, GNorm = 3.1937, lr_0 = 2.7000e-04
Loss = 1.5411e-01, PNorm = 105.6521, GNorm = 1.4274, lr_0 = 2.6880e-04
Loss = 1.3607e-01, PNorm = 105.6631, GNorm = 1.2992, lr_0 = 2.6762e-04
Loss = 1.2333e-01, PNorm = 105.6762, GNorm = 2.8018, lr_0 = 2.6644e-04
Loss = 1.3628e-01, PNorm = 105.6902, GNorm = 1.0431, lr_0 = 2.6526e-04
Loss = 1.6820e-01, PNorm = 105.7036, GNorm = 1.2803, lr_0 = 2.6409e-04
Loss = 1.1336e-01, PNorm = 105.7163, GNorm = 0.6989, lr_0 = 2.6293e-04
Loss = 1.0699e-01, PNorm = 105.7291, GNorm = 1.7159, lr_0 = 2.6177e-04
Loss = 1.2197e-01, PNorm = 105.7406, GNorm = 0.9360, lr_0 = 2.6061e-04
Loss = 1.5800e-01, PNorm = 105.7547, GNorm = 1.8021, lr_0 = 2.5946e-04
Validation rmse = 57.436791
Epoch 6
Loss = 1.7330e-01, PNorm = 105.7751, GNorm = 4.0805, lr_0 = 2.5832e-04
Loss = 1.2102e-01, PNorm = 105.7978, GNorm = 0.8075, lr_0 = 2.5718e-04
Loss = 1.0112e-01, PNorm = 105.8140, GNorm = 1.8271, lr_0 = 2.5604e-04
Loss = 1.1132e-01, PNorm = 105.8280, GNorm = 1.9253, lr_0 = 2.5492e-04
Loss = 1.2228e-01, PNorm = 105.8419, GNorm = 1.3240, lr_0 = 2.5379e-04
Loss = 1.5173e-01, PNorm = 105.8532, GNorm = 1.0831, lr_0 = 2.5267e-04
Loss = 1.2475e-01, PNorm = 105.8662, GNorm = 2.2706, lr_0 = 2.5156e-04
Loss = 1.2408e-01, PNorm = 105.8760, GNorm = 1.5726, lr_0 = 2.5045e-04
Loss = 1.2341e-01, PNorm = 105.8915, GNorm = 0.9299, lr_0 = 2.4934e-04
Loss = 1.3175e-01, PNorm = 105.9080, GNorm = 4.3134, lr_0 = 2.4824e-04
Loss = 1.2224e-01, PNorm = 105.9234, GNorm = 1.2879, lr_0 = 2.4715e-04
Loss = 1.2510e-01, PNorm = 105.9342, GNorm = 1.5602, lr_0 = 2.4606e-04
Loss = 1.1669e-01, PNorm = 105.9490, GNorm = 1.0325, lr_0 = 2.4497e-04
Loss = 1.1796e-01, PNorm = 105.9627, GNorm = 1.3490, lr_0 = 2.4389e-04
Loss = 1.0426e-01, PNorm = 105.9757, GNorm = 2.4584, lr_0 = 2.4282e-04
Loss = 1.1915e-01, PNorm = 105.9904, GNorm = 6.3644, lr_0 = 2.4174e-04
Loss = 1.1858e-01, PNorm = 106.0034, GNorm = 1.3135, lr_0 = 2.4068e-04
Loss = 1.3061e-01, PNorm = 106.0124, GNorm = 5.3695, lr_0 = 2.3962e-04
Loss = 1.2535e-01, PNorm = 106.0274, GNorm = 2.2317, lr_0 = 2.3856e-04
Loss = 1.2308e-01, PNorm = 106.0412, GNorm = 2.4631, lr_0 = 2.3751e-04
Loss = 1.2312e-01, PNorm = 106.0540, GNorm = 2.3660, lr_0 = 2.3646e-04
Validation rmse = 41.764534
Epoch 7
Loss = 8.6682e-02, PNorm = 106.0666, GNorm = 0.9410, lr_0 = 2.3531e-04
Loss = 9.9263e-02, PNorm = 106.0777, GNorm = 2.8899, lr_0 = 2.3427e-04
Loss = 1.0813e-01, PNorm = 106.0905, GNorm = 1.7672, lr_0 = 2.3324e-04
Loss = 1.0622e-01, PNorm = 106.1044, GNorm = 3.9042, lr_0 = 2.3221e-04
Loss = 8.7801e-02, PNorm = 106.1151, GNorm = 1.0434, lr_0 = 2.3119e-04
Loss = 1.0226e-01, PNorm = 106.1259, GNorm = 2.3961, lr_0 = 2.3017e-04
Loss = 1.0378e-01, PNorm = 106.1379, GNorm = 3.3551, lr_0 = 2.2915e-04
Loss = 1.1380e-01, PNorm = 106.1519, GNorm = 2.7517, lr_0 = 2.2814e-04
Loss = 9.4137e-02, PNorm = 106.1658, GNorm = 1.5145, lr_0 = 2.2714e-04
Loss = 8.6345e-02, PNorm = 106.1771, GNorm = 2.1383, lr_0 = 2.2613e-04
Loss = 1.1201e-01, PNorm = 106.1882, GNorm = 2.3507, lr_0 = 2.2514e-04
Loss = 9.2435e-02, PNorm = 106.1992, GNorm = 1.0603, lr_0 = 2.2414e-04
Loss = 1.0622e-01, PNorm = 106.2156, GNorm = 2.2474, lr_0 = 2.2315e-04
Loss = 1.0995e-01, PNorm = 106.2282, GNorm = 4.7607, lr_0 = 2.2217e-04
Loss = 1.1535e-01, PNorm = 106.2398, GNorm = 5.0291, lr_0 = 2.2119e-04
Loss = 1.1831e-01, PNorm = 106.2562, GNorm = 4.7118, lr_0 = 2.2021e-04
Loss = 1.0103e-01, PNorm = 106.2705, GNorm = 1.4838, lr_0 = 2.1924e-04
Loss = 9.8570e-02, PNorm = 106.2818, GNorm = 1.4971, lr_0 = 2.1828e-04
Loss = 1.2693e-01, PNorm = 106.2923, GNorm = 1.0267, lr_0 = 2.1731e-04
Loss = 9.0051e-02, PNorm = 106.3065, GNorm = 1.5610, lr_0 = 2.1635e-04
Loss = 8.1447e-02, PNorm = 106.3183, GNorm = 0.9782, lr_0 = 2.1540e-04
Validation rmse = 39.495292
Epoch 8
Loss = 7.3516e-02, PNorm = 106.3287, GNorm = 0.7297, lr_0 = 2.1435e-04
Loss = 7.3488e-02, PNorm = 106.3361, GNorm = 1.7187, lr_0 = 2.1341e-04
Loss = 8.2890e-02, PNorm = 106.3441, GNorm = 1.2857, lr_0 = 2.1247e-04
Loss = 9.3221e-02, PNorm = 106.3525, GNorm = 5.9083, lr_0 = 2.1153e-04
Loss = 1.1668e-01, PNorm = 106.3652, GNorm = 3.3330, lr_0 = 2.1060e-04
Loss = 1.0300e-01, PNorm = 106.3773, GNorm = 2.3172, lr_0 = 2.0967e-04
Loss = 1.0730e-01, PNorm = 106.3897, GNorm = 3.5578, lr_0 = 2.0874e-04
Loss = 9.3463e-02, PNorm = 106.4042, GNorm = 1.8197, lr_0 = 2.0782e-04
Loss = 1.0617e-01, PNorm = 106.4181, GNorm = 1.0743, lr_0 = 2.0691e-04
Loss = 8.3686e-02, PNorm = 106.4299, GNorm = 0.8554, lr_0 = 2.0599e-04
Loss = 8.7412e-02, PNorm = 106.4394, GNorm = 2.0928, lr_0 = 2.0508e-04
Loss = 8.5360e-02, PNorm = 106.4477, GNorm = 2.3775, lr_0 = 2.0418e-04
Loss = 8.8364e-02, PNorm = 106.4576, GNorm = 2.1378, lr_0 = 2.0328e-04
Loss = 7.9875e-02, PNorm = 106.4669, GNorm = 1.4111, lr_0 = 2.0238e-04
Loss = 8.9299e-02, PNorm = 106.4743, GNorm = 1.1606, lr_0 = 2.0149e-04
Loss = 8.6702e-02, PNorm = 106.4834, GNorm = 0.7186, lr_0 = 2.0060e-04
Loss = 7.6039e-02, PNorm = 106.4932, GNorm = 1.0144, lr_0 = 1.9972e-04
Loss = 8.4475e-02, PNorm = 106.5024, GNorm = 1.9871, lr_0 = 1.9883e-04
Loss = 9.2914e-02, PNorm = 106.5132, GNorm = 2.1729, lr_0 = 1.9796e-04
Loss = 9.4864e-02, PNorm = 106.5236, GNorm = 1.3601, lr_0 = 1.9708e-04
Loss = 8.9149e-02, PNorm = 106.5341, GNorm = 1.3038, lr_0 = 1.9622e-04
Validation rmse = 35.678977
Epoch 9
Loss = 8.4395e-02, PNorm = 106.5503, GNorm = 1.0113, lr_0 = 1.9526e-04
Loss = 6.8997e-02, PNorm = 106.5584, GNorm = 0.7699, lr_0 = 1.9440e-04
Loss = 9.0363e-02, PNorm = 106.5681, GNorm = 2.4695, lr_0 = 1.9354e-04
Loss = 6.5019e-02, PNorm = 106.5778, GNorm = 0.7551, lr_0 = 1.9269e-04
Loss = 6.7902e-02, PNorm = 106.5852, GNorm = 0.8178, lr_0 = 1.9184e-04
Loss = 7.2256e-02, PNorm = 106.5942, GNorm = 3.9560, lr_0 = 1.9099e-04
Loss = 7.7541e-02, PNorm = 106.6027, GNorm = 3.8645, lr_0 = 1.9015e-04
Loss = 6.8367e-02, PNorm = 106.6105, GNorm = 1.7428, lr_0 = 1.8931e-04
Loss = 7.7290e-02, PNorm = 106.6200, GNorm = 2.3175, lr_0 = 1.8848e-04
Loss = 7.6542e-02, PNorm = 106.6299, GNorm = 0.9921, lr_0 = 1.8765e-04
Loss = 6.4173e-02, PNorm = 106.6385, GNorm = 0.8255, lr_0 = 1.8682e-04
Loss = 7.7091e-02, PNorm = 106.6446, GNorm = 1.1919, lr_0 = 1.8599e-04
Loss = 6.2029e-02, PNorm = 106.6532, GNorm = 0.7242, lr_0 = 1.8517e-04
Loss = 6.0045e-02, PNorm = 106.6605, GNorm = 0.7036, lr_0 = 1.8436e-04
Loss = 6.4478e-02, PNorm = 106.6670, GNorm = 1.8291, lr_0 = 1.8354e-04
Loss = 6.7089e-02, PNorm = 106.6747, GNorm = 0.7124, lr_0 = 1.8273e-04
Loss = 7.8947e-02, PNorm = 106.6816, GNorm = 1.2009, lr_0 = 1.8193e-04
Loss = 7.2626e-02, PNorm = 106.6885, GNorm = 0.5050, lr_0 = 1.8113e-04
Loss = 8.4589e-02, PNorm = 106.6997, GNorm = 0.8324, lr_0 = 1.8033e-04
Loss = 7.5941e-02, PNorm = 106.7117, GNorm = 2.3864, lr_0 = 1.7953e-04
Loss = 7.2634e-02, PNorm = 106.7200, GNorm = 1.6144, lr_0 = 1.7874e-04
Validation rmse = 34.634981
Epoch 10
Loss = 6.4251e-02, PNorm = 106.7295, GNorm = 1.9250, lr_0 = 1.7787e-04
Loss = 6.7356e-02, PNorm = 106.7394, GNorm = 0.9682, lr_0 = 1.7709e-04
Loss = 6.5716e-02, PNorm = 106.7482, GNorm = 0.7726, lr_0 = 1.7631e-04
Loss = 6.1390e-02, PNorm = 106.7552, GNorm = 0.6187, lr_0 = 1.7553e-04
Loss = 5.4603e-02, PNorm = 106.7630, GNorm = 1.1058, lr_0 = 1.7475e-04
Loss = 6.1267e-02, PNorm = 106.7701, GNorm = 1.0618, lr_0 = 1.7398e-04
Loss = 6.2822e-02, PNorm = 106.7774, GNorm = 2.3376, lr_0 = 1.7322e-04
Loss = 6.9190e-02, PNorm = 106.7840, GNorm = 2.6460, lr_0 = 1.7245e-04
Loss = 6.4675e-02, PNorm = 106.7918, GNorm = 0.6689, lr_0 = 1.7169e-04
Loss = 6.4031e-02, PNorm = 106.8001, GNorm = 2.1538, lr_0 = 1.7093e-04
Loss = 6.9809e-02, PNorm = 106.8081, GNorm = 1.4343, lr_0 = 1.7018e-04
Loss = 7.6867e-02, PNorm = 106.8144, GNorm = 1.4500, lr_0 = 1.6943e-04
Loss = 9.4970e-02, PNorm = 106.8242, GNorm = 2.5375, lr_0 = 1.6868e-04
Loss = 9.5499e-02, PNorm = 106.8346, GNorm = 1.7771, lr_0 = 1.6794e-04
Loss = 7.4706e-02, PNorm = 106.8422, GNorm = 2.0866, lr_0 = 1.6720e-04
Loss = 7.4282e-02, PNorm = 106.8487, GNorm = 0.8653, lr_0 = 1.6646e-04
Loss = 7.1751e-02, PNorm = 106.8587, GNorm = 2.5416, lr_0 = 1.6573e-04
Loss = 7.6520e-02, PNorm = 106.8672, GNorm = 0.6049, lr_0 = 1.6499e-04
Loss = 6.0518e-02, PNorm = 106.8749, GNorm = 0.8289, lr_0 = 1.6427e-04
Loss = 6.1114e-02, PNorm = 106.8817, GNorm = 0.9910, lr_0 = 1.6354e-04
Loss = 5.2607e-02, PNorm = 106.8863, GNorm = 1.1912, lr_0 = 1.6282e-04
Validation rmse = 33.556318
Epoch 11
Loss = 6.0653e-02, PNorm = 106.8936, GNorm = 2.6018, lr_0 = 1.6210e-04
Loss = 5.9624e-02, PNorm = 106.8998, GNorm = 1.5140, lr_0 = 1.6139e-04
Loss = 7.1038e-02, PNorm = 106.9078, GNorm = 1.3720, lr_0 = 1.6068e-04
Loss = 5.4554e-02, PNorm = 106.9162, GNorm = 1.7161, lr_0 = 1.5997e-04
Loss = 6.4030e-02, PNorm = 106.9229, GNorm = 1.4313, lr_0 = 1.5926e-04
Loss = 5.4539e-02, PNorm = 106.9285, GNorm = 1.4295, lr_0 = 1.5856e-04
Loss = 5.4373e-02, PNorm = 106.9359, GNorm = 0.6184, lr_0 = 1.5786e-04
Loss = 5.6564e-02, PNorm = 106.9430, GNorm = 0.7916, lr_0 = 1.5716e-04
Loss = 6.0929e-02, PNorm = 106.9472, GNorm = 0.9481, lr_0 = 1.5647e-04
Loss = 6.0948e-02, PNorm = 106.9503, GNorm = 1.2859, lr_0 = 1.5578e-04
Loss = 6.0554e-02, PNorm = 106.9563, GNorm = 0.5964, lr_0 = 1.5509e-04
Loss = 6.1669e-02, PNorm = 106.9625, GNorm = 2.1741, lr_0 = 1.5441e-04
Loss = 5.2455e-02, PNorm = 106.9678, GNorm = 1.1701, lr_0 = 1.5373e-04
Loss = 6.0939e-02, PNorm = 106.9731, GNorm = 1.2839, lr_0 = 1.5305e-04
Loss = 6.0054e-02, PNorm = 106.9793, GNorm = 1.4155, lr_0 = 1.5237e-04
Loss = 6.4189e-02, PNorm = 106.9856, GNorm = 1.2953, lr_0 = 1.5170e-04
Loss = 5.2455e-02, PNorm = 106.9951, GNorm = 1.4585, lr_0 = 1.5103e-04
Loss = 5.2706e-02, PNorm = 107.0019, GNorm = 0.8841, lr_0 = 1.5037e-04
Loss = 6.5575e-02, PNorm = 107.0077, GNorm = 1.8414, lr_0 = 1.4970e-04
Loss = 5.4023e-02, PNorm = 107.0143, GNorm = 0.6878, lr_0 = 1.4904e-04
Loss = 5.8724e-02, PNorm = 107.0202, GNorm = 1.4375, lr_0 = 1.4838e-04
Validation rmse = 33.063751
Epoch 12
Loss = 6.0576e-02, PNorm = 107.0246, GNorm = 1.8441, lr_0 = 1.4766e-04
Loss = 5.0638e-02, PNorm = 107.0296, GNorm = 0.9118, lr_0 = 1.4701e-04
Loss = 6.6304e-02, PNorm = 107.0367, GNorm = 1.0773, lr_0 = 1.4637e-04
Loss = 5.0781e-02, PNorm = 107.0433, GNorm = 0.9007, lr_0 = 1.4572e-04
Loss = 4.9630e-02, PNorm = 107.0515, GNorm = 1.0382, lr_0 = 1.4508e-04
Loss = 5.4258e-02, PNorm = 107.0548, GNorm = 1.8114, lr_0 = 1.4444e-04
Loss = 5.2774e-02, PNorm = 107.0590, GNorm = 1.3124, lr_0 = 1.4380e-04
Loss = 6.5187e-02, PNorm = 107.0651, GNorm = 2.8966, lr_0 = 1.4317e-04
Loss = 5.4881e-02, PNorm = 107.0714, GNorm = 2.2558, lr_0 = 1.4253e-04
Loss = 5.9147e-02, PNorm = 107.0770, GNorm = 1.0672, lr_0 = 1.4190e-04
Loss = 6.4426e-02, PNorm = 107.0839, GNorm = 3.2835, lr_0 = 1.4128e-04
Loss = 5.6796e-02, PNorm = 107.0897, GNorm = 1.3019, lr_0 = 1.4066e-04
Loss = 6.7090e-02, PNorm = 107.0957, GNorm = 3.4266, lr_0 = 1.4004e-04
Loss = 5.0569e-02, PNorm = 107.1027, GNorm = 0.8623, lr_0 = 1.3942e-04
Loss = 5.0573e-02, PNorm = 107.1085, GNorm = 0.9492, lr_0 = 1.3880e-04
Loss = 4.4526e-02, PNorm = 107.1136, GNorm = 0.5155, lr_0 = 1.3819e-04
Loss = 5.0205e-02, PNorm = 107.1189, GNorm = 1.1906, lr_0 = 1.3758e-04
Loss = 6.2090e-02, PNorm = 107.1249, GNorm = 1.5947, lr_0 = 1.3697e-04
Loss = 5.3894e-02, PNorm = 107.1293, GNorm = 0.9596, lr_0 = 1.3637e-04
Loss = 4.5884e-02, PNorm = 107.1330, GNorm = 1.1690, lr_0 = 1.3577e-04
Loss = 5.4968e-02, PNorm = 107.1377, GNorm = 0.9178, lr_0 = 1.3517e-04
Validation rmse = 33.339726
Epoch 13
Loss = 4.7728e-02, PNorm = 107.1439, GNorm = 1.2745, lr_0 = 1.3451e-04
Loss = 5.0740e-02, PNorm = 107.1500, GNorm = 1.0215, lr_0 = 1.3392e-04
Loss = 5.0051e-02, PNorm = 107.1548, GNorm = 0.6143, lr_0 = 1.3333e-04
Loss = 4.9630e-02, PNorm = 107.1583, GNorm = 0.7320, lr_0 = 1.3274e-04
Loss = 5.2252e-02, PNorm = 107.1629, GNorm = 1.2372, lr_0 = 1.3216e-04
Loss = 5.4797e-02, PNorm = 107.1687, GNorm = 1.0365, lr_0 = 1.3157e-04
Loss = 4.2112e-02, PNorm = 107.1735, GNorm = 1.1379, lr_0 = 1.3099e-04
Loss = 4.9954e-02, PNorm = 107.1765, GNorm = 1.3286, lr_0 = 1.3041e-04
Loss = 4.7543e-02, PNorm = 107.1806, GNorm = 1.1374, lr_0 = 1.2984e-04
Loss = 4.5333e-02, PNorm = 107.1857, GNorm = 0.6085, lr_0 = 1.2927e-04
Loss = 4.7150e-02, PNorm = 107.1911, GNorm = 0.9280, lr_0 = 1.2870e-04
Loss = 4.6083e-02, PNorm = 107.1972, GNorm = 1.8001, lr_0 = 1.2813e-04
Loss = 5.0221e-02, PNorm = 107.2026, GNorm = 1.1744, lr_0 = 1.2756e-04
Loss = 5.6290e-02, PNorm = 107.2087, GNorm = 0.9938, lr_0 = 1.2700e-04
Loss = 5.2795e-02, PNorm = 107.2126, GNorm = 1.4658, lr_0 = 1.2644e-04
Loss = 5.2824e-02, PNorm = 107.2178, GNorm = 2.0381, lr_0 = 1.2588e-04
Loss = 4.8150e-02, PNorm = 107.2213, GNorm = 0.8662, lr_0 = 1.2533e-04
Loss = 5.3091e-02, PNorm = 107.2265, GNorm = 0.7200, lr_0 = 1.2477e-04
Loss = 4.6741e-02, PNorm = 107.2322, GNorm = 1.0626, lr_0 = 1.2422e-04
Loss = 4.5323e-02, PNorm = 107.2363, GNorm = 0.8481, lr_0 = 1.2368e-04
Loss = 5.4476e-02, PNorm = 107.2424, GNorm = 1.5612, lr_0 = 1.2313e-04
Validation rmse = 34.645318
Epoch 14
Loss = 4.2651e-02, PNorm = 107.2503, GNorm = 1.0618, lr_0 = 1.2253e-04
Loss = 5.0582e-02, PNorm = 107.2569, GNorm = 0.7455, lr_0 = 1.2199e-04
Loss = 4.3805e-02, PNorm = 107.2613, GNorm = 1.3791, lr_0 = 1.2145e-04
Loss = 5.4315e-02, PNorm = 107.2670, GNorm = 0.9098, lr_0 = 1.2092e-04
Loss = 5.3163e-02, PNorm = 107.2720, GNorm = 3.0172, lr_0 = 1.2039e-04
Loss = 4.7141e-02, PNorm = 107.2765, GNorm = 1.2602, lr_0 = 1.1985e-04
Loss = 4.7783e-02, PNorm = 107.2800, GNorm = 2.0422, lr_0 = 1.1933e-04
Loss = 4.5563e-02, PNorm = 107.2837, GNorm = 1.3392, lr_0 = 1.1880e-04
Loss = 4.2114e-02, PNorm = 107.2872, GNorm = 0.6554, lr_0 = 1.1828e-04
Loss = 5.0732e-02, PNorm = 107.2913, GNorm = 1.5586, lr_0 = 1.1775e-04
Loss = 4.8258e-02, PNorm = 107.2963, GNorm = 0.5019, lr_0 = 1.1723e-04
Loss = 4.0940e-02, PNorm = 107.3006, GNorm = 1.1039, lr_0 = 1.1672e-04
Loss = 4.6983e-02, PNorm = 107.3037, GNorm = 0.7035, lr_0 = 1.1620e-04
Loss = 5.0729e-02, PNorm = 107.3085, GNorm = 1.5696, lr_0 = 1.1569e-04
Loss = 5.3868e-02, PNorm = 107.3136, GNorm = 0.8108, lr_0 = 1.1518e-04
Loss = 4.5162e-02, PNorm = 107.3197, GNorm = 0.7912, lr_0 = 1.1467e-04
Loss = 5.3641e-02, PNorm = 107.3254, GNorm = 1.9232, lr_0 = 1.1417e-04
Loss = 4.8021e-02, PNorm = 107.3299, GNorm = 1.1997, lr_0 = 1.1366e-04
Loss = 4.3363e-02, PNorm = 107.3344, GNorm = 1.1176, lr_0 = 1.1316e-04
Loss = 4.5584e-02, PNorm = 107.3374, GNorm = 2.3061, lr_0 = 1.1266e-04
Loss = 4.2563e-02, PNorm = 107.3410, GNorm = 0.9072, lr_0 = 1.1216e-04
Validation rmse = 33.548570
Epoch 15
Loss = 4.1537e-02, PNorm = 107.3457, GNorm = 0.8938, lr_0 = 1.1162e-04
Loss = 4.4481e-02, PNorm = 107.3493, GNorm = 0.6353, lr_0 = 1.1113e-04
Loss = 4.9066e-02, PNorm = 107.3526, GNorm = 1.1450, lr_0 = 1.1064e-04
Loss = 4.0966e-02, PNorm = 107.3571, GNorm = 1.0856, lr_0 = 1.1015e-04
Loss = 4.4728e-02, PNorm = 107.3609, GNorm = 0.7383, lr_0 = 1.0966e-04
Loss = 3.6044e-02, PNorm = 107.3656, GNorm = 0.6299, lr_0 = 1.0918e-04
Loss = 3.8265e-02, PNorm = 107.3693, GNorm = 0.5646, lr_0 = 1.0870e-04
Loss = 3.4121e-02, PNorm = 107.3723, GNorm = 0.7455, lr_0 = 1.0822e-04
Loss = 3.8738e-02, PNorm = 107.3757, GNorm = 2.0848, lr_0 = 1.0774e-04
Loss = 4.3353e-02, PNorm = 107.3800, GNorm = 0.6084, lr_0 = 1.0727e-04
Loss = 4.8634e-02, PNorm = 107.3841, GNorm = 1.0523, lr_0 = 1.0679e-04
Loss = 3.6319e-02, PNorm = 107.3878, GNorm = 0.5104, lr_0 = 1.0632e-04
Loss = 4.6511e-02, PNorm = 107.3904, GNorm = 1.0568, lr_0 = 1.0585e-04
Loss = 4.3255e-02, PNorm = 107.3956, GNorm = 1.8708, lr_0 = 1.0539e-04
Loss = 4.3522e-02, PNorm = 107.4014, GNorm = 1.3154, lr_0 = 1.0492e-04
Loss = 4.9467e-02, PNorm = 107.4059, GNorm = 0.7273, lr_0 = 1.0446e-04
Loss = 5.4195e-02, PNorm = 107.4119, GNorm = 0.9757, lr_0 = 1.0400e-04
Loss = 4.3645e-02, PNorm = 107.4161, GNorm = 0.6626, lr_0 = 1.0354e-04
Loss = 3.2250e-02, PNorm = 107.4209, GNorm = 0.7561, lr_0 = 1.0308e-04
Loss = 3.5976e-02, PNorm = 107.4243, GNorm = 0.5196, lr_0 = 1.0263e-04
Loss = 3.5756e-02, PNorm = 107.4271, GNorm = 1.0067, lr_0 = 1.0217e-04
Validation rmse = 32.243477
Epoch 16
Loss = 3.6936e-02, PNorm = 107.4297, GNorm = 0.6176, lr_0 = 1.0172e-04
Loss = 3.9380e-02, PNorm = 107.4333, GNorm = 0.9935, lr_0 = 1.0128e-04
Loss = 4.1207e-02, PNorm = 107.4365, GNorm = 1.7340, lr_0 = 1.0083e-04
Loss = 4.0172e-02, PNorm = 107.4394, GNorm = 0.7201, lr_0 = 1.0038e-04
Loss = 4.1750e-02, PNorm = 107.4442, GNorm = 1.3588, lr_0 = 9.9941e-05
Loss = 4.5044e-02, PNorm = 107.4490, GNorm = 2.2619, lr_0 = 9.9500e-05
Loss = 4.1440e-02, PNorm = 107.4537, GNorm = 1.7720, lr_0 = 9.9061e-05
Loss = 5.0713e-02, PNorm = 107.4569, GNorm = 2.8224, lr_0 = 9.8624e-05
Loss = 4.2545e-02, PNorm = 107.4593, GNorm = 1.3596, lr_0 = 9.8189e-05
Loss = 3.7732e-02, PNorm = 107.4631, GNorm = 0.5404, lr_0 = 9.7756e-05
Loss = 3.9399e-02, PNorm = 107.4665, GNorm = 0.9952, lr_0 = 9.7325e-05
Loss = 4.8080e-02, PNorm = 107.4700, GNorm = 1.2343, lr_0 = 9.6895e-05
Loss = 3.7294e-02, PNorm = 107.4736, GNorm = 0.7221, lr_0 = 9.6468e-05
Loss = 3.3169e-02, PNorm = 107.4767, GNorm = 0.5060, lr_0 = 9.6042e-05
Loss = 3.6959e-02, PNorm = 107.4790, GNorm = 0.7190, lr_0 = 9.5619e-05
Loss = 4.0175e-02, PNorm = 107.4811, GNorm = 0.7154, lr_0 = 9.5197e-05
Loss = 3.6058e-02, PNorm = 107.4850, GNorm = 0.5349, lr_0 = 9.4777e-05
Loss = 4.1501e-02, PNorm = 107.4897, GNorm = 0.5300, lr_0 = 9.4359e-05
Loss = 4.0250e-02, PNorm = 107.4926, GNorm = 0.5032, lr_0 = 9.3943e-05
Loss = 4.2363e-02, PNorm = 107.4948, GNorm = 1.6170, lr_0 = 9.3528e-05
Loss = 3.5989e-02, PNorm = 107.4982, GNorm = 0.8891, lr_0 = 9.3116e-05
Validation rmse = 32.262453
Epoch 17
Loss = 3.8882e-02, PNorm = 107.5016, GNorm = 1.1025, lr_0 = 9.2664e-05
Loss = 3.5684e-02, PNorm = 107.5041, GNorm = 0.8482, lr_0 = 9.2255e-05
Loss = 3.8046e-02, PNorm = 107.5074, GNorm = 0.6802, lr_0 = 9.1848e-05
Loss = 3.2545e-02, PNorm = 107.5110, GNorm = 0.6525, lr_0 = 9.1443e-05
Loss = 3.0603e-02, PNorm = 107.5142, GNorm = 0.6675, lr_0 = 9.1040e-05
Loss = 3.9339e-02, PNorm = 107.5170, GNorm = 1.0751, lr_0 = 9.0638e-05
Loss = 3.4999e-02, PNorm = 107.5197, GNorm = 1.2402, lr_0 = 9.0238e-05
Loss = 4.2318e-02, PNorm = 107.5237, GNorm = 0.9337, lr_0 = 8.9840e-05
Loss = 3.8101e-02, PNorm = 107.5271, GNorm = 1.0845, lr_0 = 8.9444e-05
Loss = 3.7145e-02, PNorm = 107.5310, GNorm = 0.9190, lr_0 = 8.9049e-05
Loss = 3.4778e-02, PNorm = 107.5345, GNorm = 1.1137, lr_0 = 8.8657e-05
Loss = 3.6974e-02, PNorm = 107.5374, GNorm = 0.6631, lr_0 = 8.8265e-05
Loss = 3.1714e-02, PNorm = 107.5397, GNorm = 0.9789, lr_0 = 8.7876e-05
Loss = 3.0299e-02, PNorm = 107.5419, GNorm = 0.8849, lr_0 = 8.7488e-05
Loss = 3.8924e-02, PNorm = 107.5458, GNorm = 0.9701, lr_0 = 8.7103e-05
Loss = 3.8569e-02, PNorm = 107.5498, GNorm = 1.2886, lr_0 = 8.6718e-05
Loss = 3.8699e-02, PNorm = 107.5532, GNorm = 2.1064, lr_0 = 8.6336e-05
Loss = 3.6522e-02, PNorm = 107.5549, GNorm = 0.7088, lr_0 = 8.5955e-05
Loss = 3.9569e-02, PNorm = 107.5583, GNorm = 0.6867, lr_0 = 8.5576e-05
Loss = 3.4471e-02, PNorm = 107.5609, GNorm = 1.5124, lr_0 = 8.5198e-05
Loss = 4.6352e-02, PNorm = 107.5641, GNorm = 1.2301, lr_0 = 8.4822e-05
Validation rmse = 31.659213
Epoch 18
Loss = 3.3265e-02, PNorm = 107.5680, GNorm = 1.4002, lr_0 = 8.4411e-05
Loss = 3.5553e-02, PNorm = 107.5722, GNorm = 0.9212, lr_0 = 8.4039e-05
Loss = 3.2613e-02, PNorm = 107.5765, GNorm = 0.4414, lr_0 = 8.3668e-05
Loss = 3.6856e-02, PNorm = 107.5802, GNorm = 0.9073, lr_0 = 8.3299e-05
Loss = 3.9111e-02, PNorm = 107.5829, GNorm = 1.2264, lr_0 = 8.2931e-05
Loss = 3.3230e-02, PNorm = 107.5857, GNorm = 1.1694, lr_0 = 8.2566e-05
Loss = 3.0743e-02, PNorm = 107.5895, GNorm = 0.6456, lr_0 = 8.2201e-05
Loss = 3.8185e-02, PNorm = 107.5928, GNorm = 1.3231, lr_0 = 8.1839e-05
Loss = 3.6351e-02, PNorm = 107.5949, GNorm = 1.9984, lr_0 = 8.1478e-05
Loss = 3.4251e-02, PNorm = 107.5973, GNorm = 0.4542, lr_0 = 8.1118e-05
Loss = 3.8083e-02, PNorm = 107.6002, GNorm = 1.6391, lr_0 = 8.0760e-05
Loss = 3.7384e-02, PNorm = 107.6026, GNorm = 1.9149, lr_0 = 8.0404e-05
Loss = 3.7915e-02, PNorm = 107.6053, GNorm = 1.0448, lr_0 = 8.0050e-05
Loss = 3.6033e-02, PNorm = 107.6088, GNorm = 0.4514, lr_0 = 7.9696e-05
Loss = 3.9901e-02, PNorm = 107.6127, GNorm = 0.8239, lr_0 = 7.9345e-05
Loss = 4.1802e-02, PNorm = 107.6165, GNorm = 0.5938, lr_0 = 7.8995e-05
Loss = 3.2619e-02, PNorm = 107.6186, GNorm = 0.5751, lr_0 = 7.8646e-05
Loss = 3.1539e-02, PNorm = 107.6214, GNorm = 0.8168, lr_0 = 7.8299e-05
Loss = 3.5514e-02, PNorm = 107.6250, GNorm = 0.6763, lr_0 = 7.7954e-05
Loss = 3.8792e-02, PNorm = 107.6275, GNorm = 1.2279, lr_0 = 7.7610e-05
Loss = 3.2480e-02, PNorm = 107.6301, GNorm = 0.6500, lr_0 = 7.7268e-05
Validation rmse = 31.392567
Epoch 19
Loss = 2.9920e-02, PNorm = 107.6321, GNorm = 0.5986, lr_0 = 7.6893e-05
Loss = 3.2787e-02, PNorm = 107.6355, GNorm = 0.7185, lr_0 = 7.6554e-05
Loss = 3.7713e-02, PNorm = 107.6390, GNorm = 0.4413, lr_0 = 7.6216e-05
Loss = 3.7176e-02, PNorm = 107.6424, GNorm = 1.1512, lr_0 = 7.5880e-05
Loss = 2.6375e-02, PNorm = 107.6449, GNorm = 0.6406, lr_0 = 7.5545e-05
Loss = 3.2687e-02, PNorm = 107.6480, GNorm = 0.5464, lr_0 = 7.5212e-05
Loss = 3.3855e-02, PNorm = 107.6502, GNorm = 0.4578, lr_0 = 7.4880e-05
Loss = 3.1880e-02, PNorm = 107.6529, GNorm = 0.4663, lr_0 = 7.4550e-05
Loss = 3.5269e-02, PNorm = 107.6566, GNorm = 0.5298, lr_0 = 7.4221e-05
Loss = 3.2914e-02, PNorm = 107.6597, GNorm = 0.4291, lr_0 = 7.3894e-05
Loss = 3.1605e-02, PNorm = 107.6627, GNorm = 1.2405, lr_0 = 7.3568e-05
Loss = 3.3670e-02, PNorm = 107.6652, GNorm = 1.0911, lr_0 = 7.3243e-05
Loss = 3.5452e-02, PNorm = 107.6678, GNorm = 0.6552, lr_0 = 7.2920e-05
Loss = 3.4660e-02, PNorm = 107.6713, GNorm = 0.8983, lr_0 = 7.2598e-05
Loss = 3.4810e-02, PNorm = 107.6735, GNorm = 0.7432, lr_0 = 7.2278e-05
Loss = 3.5429e-02, PNorm = 107.6749, GNorm = 1.0980, lr_0 = 7.1959e-05
Loss = 4.0806e-02, PNorm = 107.6765, GNorm = 1.2405, lr_0 = 7.1642e-05
Loss = 3.9990e-02, PNorm = 107.6799, GNorm = 0.8963, lr_0 = 7.1326e-05
Loss = 3.3226e-02, PNorm = 107.6835, GNorm = 0.9188, lr_0 = 7.1011e-05
Loss = 3.4440e-02, PNorm = 107.6872, GNorm = 1.0381, lr_0 = 7.0698e-05
Loss = 3.2006e-02, PNorm = 107.6895, GNorm = 0.7296, lr_0 = 7.0386e-05
Validation rmse = 30.484995
Epoch 20
Loss = 2.8870e-02, PNorm = 107.6913, GNorm = 0.8717, lr_0 = 7.0045e-05
Loss = 3.4650e-02, PNorm = 107.6931, GNorm = 0.9223, lr_0 = 6.9736e-05
Loss = 3.4566e-02, PNorm = 107.6957, GNorm = 0.8678, lr_0 = 6.9428e-05
Loss = 3.1437e-02, PNorm = 107.7000, GNorm = 0.5549, lr_0 = 6.9122e-05
Loss = 3.3451e-02, PNorm = 107.7038, GNorm = 0.4586, lr_0 = 6.8817e-05
Loss = 3.2037e-02, PNorm = 107.7063, GNorm = 0.6984, lr_0 = 6.8513e-05
Loss = 2.8608e-02, PNorm = 107.7084, GNorm = 0.9623, lr_0 = 6.8211e-05
Loss = 3.3509e-02, PNorm = 107.7100, GNorm = 0.8870, lr_0 = 6.7910e-05
Loss = 2.9991e-02, PNorm = 107.7125, GNorm = 1.1224, lr_0 = 6.7611e-05
Loss = 2.9550e-02, PNorm = 107.7141, GNorm = 0.4536, lr_0 = 6.7312e-05
Loss = 2.7237e-02, PNorm = 107.7153, GNorm = 0.8364, lr_0 = 6.7016e-05
Loss = 2.7996e-02, PNorm = 107.7166, GNorm = 0.3793, lr_0 = 6.6720e-05
Loss = 3.6215e-02, PNorm = 107.7190, GNorm = 0.6796, lr_0 = 6.6426e-05
Loss = 2.8602e-02, PNorm = 107.7212, GNorm = 1.1345, lr_0 = 6.6133e-05
Loss = 2.8332e-02, PNorm = 107.7240, GNorm = 0.5061, lr_0 = 6.5841e-05
Loss = 2.6689e-02, PNorm = 107.7264, GNorm = 0.3731, lr_0 = 6.5550e-05
Loss = 2.6489e-02, PNorm = 107.7282, GNorm = 0.7162, lr_0 = 6.5261e-05
Loss = 3.5624e-02, PNorm = 107.7293, GNorm = 0.8453, lr_0 = 6.4973e-05
Loss = 3.3214e-02, PNorm = 107.7302, GNorm = 0.8646, lr_0 = 6.4687e-05
Loss = 3.1619e-02, PNorm = 107.7326, GNorm = 0.7711, lr_0 = 6.4401e-05
Loss = 3.3646e-02, PNorm = 107.7355, GNorm = 0.9085, lr_0 = 6.4117e-05
Validation rmse = 30.391972
Epoch 21
Loss = 2.8892e-02, PNorm = 107.7383, GNorm = 0.5293, lr_0 = 6.3835e-05
Loss = 3.7309e-02, PNorm = 107.7410, GNorm = 1.1399, lr_0 = 6.3553e-05
Loss = 3.0389e-02, PNorm = 107.7433, GNorm = 0.5620, lr_0 = 6.3273e-05
Loss = 2.3595e-02, PNorm = 107.7452, GNorm = 0.9715, lr_0 = 6.2993e-05
Loss = 2.8244e-02, PNorm = 107.7471, GNorm = 0.9217, lr_0 = 6.2716e-05
Loss = 3.0605e-02, PNorm = 107.7500, GNorm = 0.8821, lr_0 = 6.2439e-05
Loss = 2.9485e-02, PNorm = 107.7529, GNorm = 0.7218, lr_0 = 6.2164e-05
Loss = 2.7708e-02, PNorm = 107.7561, GNorm = 0.8320, lr_0 = 6.1889e-05
Loss = 2.9638e-02, PNorm = 107.7573, GNorm = 0.4475, lr_0 = 6.1616e-05
Loss = 3.2746e-02, PNorm = 107.7591, GNorm = 0.4400, lr_0 = 6.1344e-05
Loss = 2.7132e-02, PNorm = 107.7610, GNorm = 1.0261, lr_0 = 6.1074e-05
Loss = 3.0272e-02, PNorm = 107.7630, GNorm = 0.5362, lr_0 = 6.0804e-05
Loss = 2.7678e-02, PNorm = 107.7655, GNorm = 0.6834, lr_0 = 6.0536e-05
Loss = 3.4418e-02, PNorm = 107.7681, GNorm = 0.7775, lr_0 = 6.0269e-05
Loss = 3.2804e-02, PNorm = 107.7708, GNorm = 0.6010, lr_0 = 6.0003e-05
Loss = 2.8668e-02, PNorm = 107.7728, GNorm = 0.4945, lr_0 = 5.9739e-05
Loss = 2.9244e-02, PNorm = 107.7745, GNorm = 0.5470, lr_0 = 5.9475e-05
Loss = 3.0777e-02, PNorm = 107.7767, GNorm = 0.9544, lr_0 = 5.9213e-05
Loss = 3.6022e-02, PNorm = 107.7795, GNorm = 1.1358, lr_0 = 5.8952e-05
Loss = 3.1433e-02, PNorm = 107.7820, GNorm = 0.8729, lr_0 = 5.8692e-05
Loss = 2.8119e-02, PNorm = 107.7845, GNorm = 1.1403, lr_0 = 5.8433e-05
Validation rmse = 30.197503
Epoch 22
Loss = 2.8571e-02, PNorm = 107.7866, GNorm = 0.7478, lr_0 = 5.8149e-05
Loss = 2.6800e-02, PNorm = 107.7885, GNorm = 0.4613, lr_0 = 5.7893e-05
Loss = 2.9336e-02, PNorm = 107.7893, GNorm = 0.9137, lr_0 = 5.7637e-05
Loss = 2.6696e-02, PNorm = 107.7908, GNorm = 0.4803, lr_0 = 5.7383e-05
Loss = 3.1811e-02, PNorm = 107.7933, GNorm = 0.5851, lr_0 = 5.7130e-05
Loss = 2.4944e-02, PNorm = 107.7949, GNorm = 0.6185, lr_0 = 5.6878e-05
Loss = 2.7355e-02, PNorm = 107.7964, GNorm = 0.6294, lr_0 = 5.6627e-05
Loss = 2.8168e-02, PNorm = 107.7980, GNorm = 0.3305, lr_0 = 5.6377e-05
Loss = 2.4950e-02, PNorm = 107.7996, GNorm = 0.6494, lr_0 = 5.6129e-05
Loss = 2.5707e-02, PNorm = 107.8010, GNorm = 0.7202, lr_0 = 5.5881e-05
Loss = 3.0125e-02, PNorm = 107.8027, GNorm = 1.5262, lr_0 = 5.5634e-05
Loss = 2.4345e-02, PNorm = 107.8048, GNorm = 0.5488, lr_0 = 5.5389e-05
Loss = 2.5697e-02, PNorm = 107.8060, GNorm = 0.6730, lr_0 = 5.5145e-05
Loss = 3.2762e-02, PNorm = 107.8072, GNorm = 0.7575, lr_0 = 5.4901e-05
Loss = 3.4265e-02, PNorm = 107.8091, GNorm = 1.7043, lr_0 = 5.4659e-05
Loss = 3.6212e-02, PNorm = 107.8113, GNorm = 0.9419, lr_0 = 5.4418e-05
Loss = 3.4144e-02, PNorm = 107.8137, GNorm = 1.5226, lr_0 = 5.4178e-05
Loss = 2.8315e-02, PNorm = 107.8161, GNorm = 0.5278, lr_0 = 5.3939e-05
Loss = 2.8941e-02, PNorm = 107.8184, GNorm = 0.7138, lr_0 = 5.3701e-05
Loss = 2.9403e-02, PNorm = 107.8212, GNorm = 0.7787, lr_0 = 5.3464e-05
Loss = 3.1990e-02, PNorm = 107.8236, GNorm = 0.5816, lr_0 = 5.3228e-05
Validation rmse = 31.208311
Epoch 23
Loss = 2.4438e-02, PNorm = 107.8256, GNorm = 0.7961, lr_0 = 5.2970e-05
Loss = 4.0593e-02, PNorm = 107.8279, GNorm = 1.2777, lr_0 = 5.2737e-05
Loss = 2.6967e-02, PNorm = 107.8292, GNorm = 0.8109, lr_0 = 5.2504e-05
Loss = 2.8767e-02, PNorm = 107.8320, GNorm = 0.6821, lr_0 = 5.2272e-05
Loss = 2.5941e-02, PNorm = 107.8345, GNorm = 0.4590, lr_0 = 5.2042e-05
Loss = 2.4788e-02, PNorm = 107.8359, GNorm = 0.6141, lr_0 = 5.1812e-05
Loss = 2.8823e-02, PNorm = 107.8378, GNorm = 0.7138, lr_0 = 5.1584e-05
Loss = 2.9962e-02, PNorm = 107.8394, GNorm = 0.5582, lr_0 = 5.1356e-05
Loss = 2.8577e-02, PNorm = 107.8415, GNorm = 0.7749, lr_0 = 5.1130e-05
Loss = 2.3398e-02, PNorm = 107.8431, GNorm = 0.6681, lr_0 = 5.0904e-05
Loss = 2.6507e-02, PNorm = 107.8442, GNorm = 0.5100, lr_0 = 5.0679e-05
Loss = 2.7148e-02, PNorm = 107.8460, GNorm = 0.4809, lr_0 = 5.0456e-05
Loss = 2.7644e-02, PNorm = 107.8479, GNorm = 1.5634, lr_0 = 5.0233e-05
Loss = 2.9403e-02, PNorm = 107.8490, GNorm = 0.8359, lr_0 = 5.0012e-05
Loss = 2.4392e-02, PNorm = 107.8519, GNorm = 0.8245, lr_0 = 4.9791e-05
Loss = 2.4529e-02, PNorm = 107.8528, GNorm = 0.3790, lr_0 = 4.9572e-05
Loss = 3.1780e-02, PNorm = 107.8549, GNorm = 0.5713, lr_0 = 4.9353e-05
Loss = 3.2186e-02, PNorm = 107.8568, GNorm = 1.1176, lr_0 = 4.9135e-05
Loss = 3.4174e-02, PNorm = 107.8587, GNorm = 0.5923, lr_0 = 4.8918e-05
Loss = 2.7190e-02, PNorm = 107.8614, GNorm = 0.5953, lr_0 = 4.8703e-05
Loss = 2.7491e-02, PNorm = 107.8641, GNorm = 1.2597, lr_0 = 4.8488e-05
Validation rmse = 29.432199
Epoch 24
Loss = 2.5863e-02, PNorm = 107.8664, GNorm = 0.8267, lr_0 = 4.8253e-05
Loss = 2.8034e-02, PNorm = 107.8678, GNorm = 0.6540, lr_0 = 4.8040e-05
Loss = 2.3249e-02, PNorm = 107.8694, GNorm = 0.4798, lr_0 = 4.7828e-05
Loss = 3.2828e-02, PNorm = 107.8718, GNorm = 1.1187, lr_0 = 4.7617e-05
Loss = 2.8134e-02, PNorm = 107.8731, GNorm = 0.4706, lr_0 = 4.7407e-05
Loss = 2.6202e-02, PNorm = 107.8754, GNorm = 0.4786, lr_0 = 4.7198e-05
Loss = 2.8862e-02, PNorm = 107.8773, GNorm = 0.6229, lr_0 = 4.6989e-05
Loss = 2.7846e-02, PNorm = 107.8786, GNorm = 1.5215, lr_0 = 4.6782e-05
Loss = 2.7968e-02, PNorm = 107.8808, GNorm = 0.9583, lr_0 = 4.6576e-05
Loss = 3.0419e-02, PNorm = 107.8827, GNorm = 1.3567, lr_0 = 4.6370e-05
Loss = 2.5479e-02, PNorm = 107.8851, GNorm = 0.5901, lr_0 = 4.6166e-05
Loss = 2.4296e-02, PNorm = 107.8864, GNorm = 0.6158, lr_0 = 4.5962e-05
Loss = 2.3666e-02, PNorm = 107.8883, GNorm = 0.4715, lr_0 = 4.5759e-05
Loss = 2.1599e-02, PNorm = 107.8898, GNorm = 0.5338, lr_0 = 4.5558e-05
Loss = 2.8699e-02, PNorm = 107.8915, GNorm = 0.4774, lr_0 = 4.5357e-05
Loss = 2.4801e-02, PNorm = 107.8931, GNorm = 1.0781, lr_0 = 4.5157e-05
Loss = 2.2234e-02, PNorm = 107.8950, GNorm = 0.8507, lr_0 = 4.4957e-05
Loss = 2.3534e-02, PNorm = 107.8964, GNorm = 0.5523, lr_0 = 4.4759e-05
Loss = 3.1532e-02, PNorm = 107.8982, GNorm = 1.6905, lr_0 = 4.4562e-05
Loss = 2.8756e-02, PNorm = 107.8998, GNorm = 1.1367, lr_0 = 4.4365e-05
Loss = 2.7806e-02, PNorm = 107.9015, GNorm = 0.9194, lr_0 = 4.4169e-05
Validation rmse = 29.232356
Epoch 25
Loss = 2.3860e-02, PNorm = 107.9035, GNorm = 0.4400, lr_0 = 4.3955e-05
Loss = 2.5507e-02, PNorm = 107.9046, GNorm = 0.7547, lr_0 = 4.3761e-05
Loss = 2.8297e-02, PNorm = 107.9058, GNorm = 0.5257, lr_0 = 4.3568e-05
Loss = 2.6009e-02, PNorm = 107.9068, GNorm = 0.8137, lr_0 = 4.3376e-05
Loss = 2.7214e-02, PNorm = 107.9081, GNorm = 0.7687, lr_0 = 4.3185e-05
Loss = 2.4056e-02, PNorm = 107.9098, GNorm = 0.7214, lr_0 = 4.2994e-05
Loss = 2.7875e-02, PNorm = 107.9116, GNorm = 0.8543, lr_0 = 4.2804e-05
Loss = 3.0124e-02, PNorm = 107.9129, GNorm = 0.4394, lr_0 = 4.2616e-05
Loss = 2.1332e-02, PNorm = 107.9145, GNorm = 0.6504, lr_0 = 4.2428e-05
Loss = 2.3961e-02, PNorm = 107.9154, GNorm = 0.6122, lr_0 = 4.2240e-05
Loss = 2.5581e-02, PNorm = 107.9171, GNorm = 0.7080, lr_0 = 4.2054e-05
Loss = 2.5375e-02, PNorm = 107.9179, GNorm = 0.6596, lr_0 = 4.1869e-05
Loss = 2.1881e-02, PNorm = 107.9192, GNorm = 0.3852, lr_0 = 4.1684e-05
Loss = 2.8017e-02, PNorm = 107.9200, GNorm = 0.9778, lr_0 = 4.1500e-05
Loss = 2.4440e-02, PNorm = 107.9214, GNorm = 0.5314, lr_0 = 4.1317e-05
Loss = 2.5372e-02, PNorm = 107.9229, GNorm = 0.4196, lr_0 = 4.1135e-05
Loss = 2.6803e-02, PNorm = 107.9241, GNorm = 1.0979, lr_0 = 4.0953e-05
Loss = 3.0268e-02, PNorm = 107.9262, GNorm = 0.7978, lr_0 = 4.0773e-05
Loss = 2.6710e-02, PNorm = 107.9276, GNorm = 0.8076, lr_0 = 4.0593e-05
Loss = 2.5894e-02, PNorm = 107.9293, GNorm = 0.9374, lr_0 = 4.0414e-05
Loss = 2.5071e-02, PNorm = 107.9310, GNorm = 1.0715, lr_0 = 4.0235e-05
Validation rmse = 29.876222
Epoch 26
Loss = 2.2587e-02, PNorm = 107.9325, GNorm = 0.4776, lr_0 = 4.0040e-05
Loss = 2.7260e-02, PNorm = 107.9348, GNorm = 0.8069, lr_0 = 3.9864e-05
Loss = 2.9868e-02, PNorm = 107.9369, GNorm = 0.8212, lr_0 = 3.9688e-05
Loss = 2.4894e-02, PNorm = 107.9388, GNorm = 1.0763, lr_0 = 3.9513e-05
Loss = 2.5996e-02, PNorm = 107.9397, GNorm = 0.7531, lr_0 = 3.9338e-05
Loss = 2.6620e-02, PNorm = 107.9411, GNorm = 0.5719, lr_0 = 3.9165e-05
Loss = 2.4296e-02, PNorm = 107.9427, GNorm = 0.4102, lr_0 = 3.8992e-05
Loss = 2.2487e-02, PNorm = 107.9438, GNorm = 0.6738, lr_0 = 3.8820e-05
Loss = 2.7720e-02, PNorm = 107.9450, GNorm = 0.5121, lr_0 = 3.8649e-05
Loss = 2.4047e-02, PNorm = 107.9459, GNorm = 0.4513, lr_0 = 3.8478e-05
Loss = 2.4309e-02, PNorm = 107.9467, GNorm = 1.1480, lr_0 = 3.8309e-05
Loss = 2.4422e-02, PNorm = 107.9481, GNorm = 0.4202, lr_0 = 3.8140e-05
Loss = 2.5028e-02, PNorm = 107.9495, GNorm = 0.4801, lr_0 = 3.7971e-05
Loss = 2.1932e-02, PNorm = 107.9513, GNorm = 0.6276, lr_0 = 3.7804e-05
Loss = 2.2678e-02, PNorm = 107.9526, GNorm = 0.8392, lr_0 = 3.7637e-05
Loss = 2.3009e-02, PNorm = 107.9542, GNorm = 0.4300, lr_0 = 3.7471e-05
Loss = 2.5066e-02, PNorm = 107.9558, GNorm = 0.9274, lr_0 = 3.7306e-05
Loss = 1.9092e-02, PNorm = 107.9569, GNorm = 0.4392, lr_0 = 3.7141e-05
Loss = 2.4712e-02, PNorm = 107.9573, GNorm = 0.5226, lr_0 = 3.6977e-05
Loss = 2.3946e-02, PNorm = 107.9580, GNorm = 1.0530, lr_0 = 3.6814e-05
Loss = 2.4122e-02, PNorm = 107.9593, GNorm = 0.9620, lr_0 = 3.6652e-05
Validation rmse = 29.165058
Epoch 27
Loss = 1.9544e-02, PNorm = 107.9611, GNorm = 0.8362, lr_0 = 3.6490e-05
Loss = 2.2551e-02, PNorm = 107.9629, GNorm = 0.3993, lr_0 = 3.6329e-05
Loss = 2.3344e-02, PNorm = 107.9645, GNorm = 0.4093, lr_0 = 3.6169e-05
Loss = 1.9763e-02, PNorm = 107.9656, GNorm = 0.5196, lr_0 = 3.6009e-05
Loss = 2.7477e-02, PNorm = 107.9675, GNorm = 0.4389, lr_0 = 3.5851e-05
Loss = 2.2003e-02, PNorm = 107.9694, GNorm = 0.7109, lr_0 = 3.5693e-05
Loss = 2.8553e-02, PNorm = 107.9715, GNorm = 0.7747, lr_0 = 3.5535e-05
Loss = 2.1881e-02, PNorm = 107.9730, GNorm = 0.7874, lr_0 = 3.5378e-05
Loss = 2.4710e-02, PNorm = 107.9741, GNorm = 0.3872, lr_0 = 3.5222e-05
Loss = 2.3315e-02, PNorm = 107.9747, GNorm = 0.4853, lr_0 = 3.5067e-05
Loss = 2.6362e-02, PNorm = 107.9755, GNorm = 0.8824, lr_0 = 3.4912e-05
Loss = 2.2379e-02, PNorm = 107.9772, GNorm = 0.4934, lr_0 = 3.4758e-05
Loss = 1.9733e-02, PNorm = 107.9779, GNorm = 0.4188, lr_0 = 3.4605e-05
Loss = 2.4573e-02, PNorm = 107.9788, GNorm = 0.4289, lr_0 = 3.4452e-05
Loss = 2.8239e-02, PNorm = 107.9793, GNorm = 0.4587, lr_0 = 3.4300e-05
Loss = 3.0383e-02, PNorm = 107.9810, GNorm = 1.1188, lr_0 = 3.4149e-05
Loss = 2.1468e-02, PNorm = 107.9824, GNorm = 0.8308, lr_0 = 3.3998e-05
Loss = 1.9827e-02, PNorm = 107.9837, GNorm = 0.8465, lr_0 = 3.3848e-05
Loss = 2.1678e-02, PNorm = 107.9845, GNorm = 0.9801, lr_0 = 3.3699e-05
Loss = 2.3553e-02, PNorm = 107.9855, GNorm = 1.2333, lr_0 = 3.3550e-05
Loss = 2.6765e-02, PNorm = 107.9867, GNorm = 1.0319, lr_0 = 3.3402e-05
Validation rmse = 30.008000
Epoch 28
Loss = 1.8949e-02, PNorm = 107.9875, GNorm = 0.8992, lr_0 = 3.3240e-05
Loss = 2.4156e-02, PNorm = 107.9882, GNorm = 0.9175, lr_0 = 3.3094e-05
Loss = 1.9647e-02, PNorm = 107.9893, GNorm = 0.4159, lr_0 = 3.2948e-05
Loss = 2.4948e-02, PNorm = 107.9910, GNorm = 1.2469, lr_0 = 3.2802e-05
Loss = 2.2873e-02, PNorm = 107.9925, GNorm = 0.4612, lr_0 = 3.2658e-05
Loss = 2.4434e-02, PNorm = 107.9932, GNorm = 0.3957, lr_0 = 3.2514e-05
Loss = 1.9426e-02, PNorm = 107.9942, GNorm = 0.5099, lr_0 = 3.2370e-05
Loss = 2.3319e-02, PNorm = 107.9956, GNorm = 0.4887, lr_0 = 3.2227e-05
Loss = 2.1218e-02, PNorm = 107.9960, GNorm = 0.7288, lr_0 = 3.2085e-05
Loss = 2.2521e-02, PNorm = 107.9973, GNorm = 0.6932, lr_0 = 3.1944e-05
Loss = 2.2356e-02, PNorm = 107.9986, GNorm = 0.4747, lr_0 = 3.1803e-05
Loss = 2.3633e-02, PNorm = 107.9993, GNorm = 1.1349, lr_0 = 3.1663e-05
Loss = 2.0290e-02, PNorm = 108.0004, GNorm = 0.5584, lr_0 = 3.1523e-05
Loss = 2.2046e-02, PNorm = 108.0007, GNorm = 0.6021, lr_0 = 3.1384e-05
Loss = 2.6694e-02, PNorm = 108.0015, GNorm = 0.6114, lr_0 = 3.1245e-05
Loss = 2.3657e-02, PNorm = 108.0021, GNorm = 0.4010, lr_0 = 3.1108e-05
Loss = 2.5896e-02, PNorm = 108.0027, GNorm = 1.6824, lr_0 = 3.0970e-05
Loss = 2.4074e-02, PNorm = 108.0038, GNorm = 0.7343, lr_0 = 3.0834e-05
Loss = 2.8449e-02, PNorm = 108.0052, GNorm = 0.8754, lr_0 = 3.0698e-05
Loss = 2.2716e-02, PNorm = 108.0069, GNorm = 0.5346, lr_0 = 3.0562e-05
Loss = 2.2900e-02, PNorm = 108.0082, GNorm = 0.3349, lr_0 = 3.0427e-05
Validation rmse = 29.236109
Epoch 29
Loss = 2.0310e-02, PNorm = 108.0093, GNorm = 0.3322, lr_0 = 3.0280e-05
Loss = 2.0377e-02, PNorm = 108.0100, GNorm = 0.3042, lr_0 = 3.0146e-05
Loss = 2.2399e-02, PNorm = 108.0109, GNorm = 0.4270, lr_0 = 3.0013e-05
Loss = 2.1250e-02, PNorm = 108.0116, GNorm = 0.2533, lr_0 = 2.9881e-05
Loss = 1.8965e-02, PNorm = 108.0129, GNorm = 0.5216, lr_0 = 2.9749e-05
Loss = 2.0455e-02, PNorm = 108.0138, GNorm = 0.6038, lr_0 = 2.9618e-05
Loss = 2.1187e-02, PNorm = 108.0146, GNorm = 0.3634, lr_0 = 2.9487e-05
Loss = 2.1363e-02, PNorm = 108.0150, GNorm = 0.5432, lr_0 = 2.9357e-05
Loss = 2.8002e-02, PNorm = 108.0159, GNorm = 0.3500, lr_0 = 2.9228e-05
Loss = 2.1532e-02, PNorm = 108.0173, GNorm = 0.5232, lr_0 = 2.9099e-05
Loss = 1.9808e-02, PNorm = 108.0183, GNorm = 0.5455, lr_0 = 2.8970e-05
Loss = 1.9729e-02, PNorm = 108.0194, GNorm = 0.5537, lr_0 = 2.8843e-05
Loss = 2.2153e-02, PNorm = 108.0208, GNorm = 0.5428, lr_0 = 2.8715e-05
Loss = 2.6271e-02, PNorm = 108.0221, GNorm = 0.6855, lr_0 = 2.8589e-05
Loss = 2.2186e-02, PNorm = 108.0229, GNorm = 0.5591, lr_0 = 2.8463e-05
Loss = 2.2944e-02, PNorm = 108.0236, GNorm = 1.0433, lr_0 = 2.8337e-05
Loss = 2.1062e-02, PNorm = 108.0249, GNorm = 0.6697, lr_0 = 2.8212e-05
Loss = 2.5889e-02, PNorm = 108.0265, GNorm = 0.4979, lr_0 = 2.8088e-05
Loss = 2.3597e-02, PNorm = 108.0275, GNorm = 0.5753, lr_0 = 2.7964e-05
Loss = 2.5156e-02, PNorm = 108.0289, GNorm = 0.4046, lr_0 = 2.7840e-05
Loss = 2.1436e-02, PNorm = 108.0297, GNorm = 0.4037, lr_0 = 2.7717e-05
Validation rmse = 29.004231
Epoch 30
Loss = 2.0755e-02, PNorm = 108.0310, GNorm = 0.4154, lr_0 = 2.7583e-05
Loss = 2.4614e-02, PNorm = 108.0323, GNorm = 0.5889, lr_0 = 2.7461e-05
Loss = 1.9998e-02, PNorm = 108.0333, GNorm = 0.6044, lr_0 = 2.7340e-05
Loss = 2.1866e-02, PNorm = 108.0341, GNorm = 0.5259, lr_0 = 2.7220e-05
Loss = 1.8299e-02, PNorm = 108.0350, GNorm = 0.4280, lr_0 = 2.7100e-05
Loss = 1.7510e-02, PNorm = 108.0358, GNorm = 0.7670, lr_0 = 2.6980e-05
Loss = 2.0345e-02, PNorm = 108.0362, GNorm = 0.8994, lr_0 = 2.6861e-05
Loss = 2.4379e-02, PNorm = 108.0369, GNorm = 0.6350, lr_0 = 2.6742e-05
Loss = 2.5382e-02, PNorm = 108.0383, GNorm = 0.5461, lr_0 = 2.6625e-05
Loss = 2.7679e-02, PNorm = 108.0389, GNorm = 0.4674, lr_0 = 2.6507e-05
Loss = 2.1754e-02, PNorm = 108.0400, GNorm = 0.4252, lr_0 = 2.6390e-05
Loss = 1.7332e-02, PNorm = 108.0407, GNorm = 1.1156, lr_0 = 2.6274e-05
Loss = 2.3145e-02, PNorm = 108.0413, GNorm = 0.8415, lr_0 = 2.6158e-05
Loss = 1.9703e-02, PNorm = 108.0422, GNorm = 0.6990, lr_0 = 2.6042e-05
Loss = 2.1609e-02, PNorm = 108.0431, GNorm = 0.9479, lr_0 = 2.5928e-05
Loss = 1.9490e-02, PNorm = 108.0444, GNorm = 0.7639, lr_0 = 2.5813e-05
Loss = 2.5838e-02, PNorm = 108.0451, GNorm = 0.2971, lr_0 = 2.5699e-05
Loss = 1.9830e-02, PNorm = 108.0454, GNorm = 0.9510, lr_0 = 2.5586e-05
Loss = 2.2223e-02, PNorm = 108.0461, GNorm = 0.6913, lr_0 = 2.5473e-05
Loss = 2.6966e-02, PNorm = 108.0470, GNorm = 0.9455, lr_0 = 2.5361e-05
Loss = 2.0229e-02, PNorm = 108.0482, GNorm = 0.4982, lr_0 = 2.5249e-05
Validation rmse = 29.128350
Epoch 31
Loss = 1.9123e-02, PNorm = 108.0489, GNorm = 0.5707, lr_0 = 2.5126e-05
Loss = 2.0181e-02, PNorm = 108.0497, GNorm = 0.6833, lr_0 = 2.5016e-05
Loss = 2.1551e-02, PNorm = 108.0502, GNorm = 0.5152, lr_0 = 2.4905e-05
Loss = 1.7087e-02, PNorm = 108.0510, GNorm = 0.4903, lr_0 = 2.4795e-05
Loss = 2.1282e-02, PNorm = 108.0522, GNorm = 0.6543, lr_0 = 2.4686e-05
Loss = 1.8823e-02, PNorm = 108.0533, GNorm = 0.4162, lr_0 = 2.4577e-05
Loss = 2.1758e-02, PNorm = 108.0544, GNorm = 0.8036, lr_0 = 2.4469e-05
Loss = 2.2783e-02, PNorm = 108.0548, GNorm = 0.4236, lr_0 = 2.4361e-05
Loss = 2.2534e-02, PNorm = 108.0559, GNorm = 0.6084, lr_0 = 2.4253e-05
Loss = 2.0856e-02, PNorm = 108.0569, GNorm = 1.1473, lr_0 = 2.4146e-05
Loss = 2.3589e-02, PNorm = 108.0577, GNorm = 1.3018, lr_0 = 2.4040e-05
Loss = 2.2886e-02, PNorm = 108.0587, GNorm = 2.1213, lr_0 = 2.3934e-05
Loss = 1.9024e-02, PNorm = 108.0595, GNorm = 0.9071, lr_0 = 2.3828e-05
Loss = 2.2180e-02, PNorm = 108.0602, GNorm = 0.5479, lr_0 = 2.3723e-05
Loss = 2.4359e-02, PNorm = 108.0610, GNorm = 1.0102, lr_0 = 2.3618e-05
Loss = 2.8132e-02, PNorm = 108.0621, GNorm = 0.4179, lr_0 = 2.3514e-05
Loss = 1.7692e-02, PNorm = 108.0627, GNorm = 0.7770, lr_0 = 2.3410e-05
Loss = 2.0748e-02, PNorm = 108.0634, GNorm = 0.5104, lr_0 = 2.3307e-05
Loss = 1.9927e-02, PNorm = 108.0642, GNorm = 0.3075, lr_0 = 2.3204e-05
Loss = 1.9554e-02, PNorm = 108.0655, GNorm = 0.3696, lr_0 = 2.3102e-05
Loss = 2.0497e-02, PNorm = 108.0663, GNorm = 0.5204, lr_0 = 2.3000e-05
Validation rmse = 29.403183
Epoch 32
Loss = 2.2034e-02, PNorm = 108.0667, GNorm = 0.7062, lr_0 = 2.2899e-05
Loss = 1.9198e-02, PNorm = 108.0675, GNorm = 0.4610, lr_0 = 2.2798e-05
Loss = 1.8756e-02, PNorm = 108.0683, GNorm = 0.7522, lr_0 = 2.2697e-05
Loss = 1.9330e-02, PNorm = 108.0690, GNorm = 0.5456, lr_0 = 2.2597e-05
Loss = 2.1531e-02, PNorm = 108.0697, GNorm = 0.6905, lr_0 = 2.2497e-05
Loss = 2.2447e-02, PNorm = 108.0709, GNorm = 0.5242, lr_0 = 2.2398e-05
Loss = 2.2176e-02, PNorm = 108.0717, GNorm = 0.3754, lr_0 = 2.2299e-05
Loss = 2.0592e-02, PNorm = 108.0725, GNorm = 0.3328, lr_0 = 2.2201e-05
Loss = 1.7874e-02, PNorm = 108.0729, GNorm = 0.4812, lr_0 = 2.2103e-05
Loss = 1.9222e-02, PNorm = 108.0739, GNorm = 0.4442, lr_0 = 2.2005e-05
Loss = 2.1102e-02, PNorm = 108.0753, GNorm = 0.4285, lr_0 = 2.1908e-05
Loss = 2.1048e-02, PNorm = 108.0758, GNorm = 1.0194, lr_0 = 2.1812e-05
Loss = 2.0088e-02, PNorm = 108.0761, GNorm = 0.6537, lr_0 = 2.1716e-05
Loss = 1.8450e-02, PNorm = 108.0768, GNorm = 0.5520, lr_0 = 2.1620e-05
Loss = 2.1414e-02, PNorm = 108.0772, GNorm = 0.4047, lr_0 = 2.1524e-05
Loss = 1.9929e-02, PNorm = 108.0778, GNorm = 0.7853, lr_0 = 2.1429e-05
Loss = 2.2542e-02, PNorm = 108.0788, GNorm = 0.5510, lr_0 = 2.1335e-05
Loss = 2.0136e-02, PNorm = 108.0798, GNorm = 0.3425, lr_0 = 2.1241e-05
Loss = 1.9106e-02, PNorm = 108.0812, GNorm = 0.5113, lr_0 = 2.1147e-05
Loss = 2.2130e-02, PNorm = 108.0820, GNorm = 0.5675, lr_0 = 2.1054e-05
Loss = 2.7024e-02, PNorm = 108.0825, GNorm = 1.5626, lr_0 = 2.0961e-05
Validation rmse = 28.606699
Epoch 33
Loss = 1.7825e-02, PNorm = 108.0829, GNorm = 0.7885, lr_0 = 2.0859e-05
Loss = 1.7759e-02, PNorm = 108.0827, GNorm = 0.5776, lr_0 = 2.0767e-05
Loss = 1.8268e-02, PNorm = 108.0833, GNorm = 0.4262, lr_0 = 2.0676e-05
Loss = 1.8806e-02, PNorm = 108.0841, GNorm = 0.4905, lr_0 = 2.0584e-05
Loss = 1.7152e-02, PNorm = 108.0846, GNorm = 0.5127, lr_0 = 2.0494e-05
Loss = 1.8368e-02, PNorm = 108.0854, GNorm = 0.5084, lr_0 = 2.0403e-05
Loss = 2.1773e-02, PNorm = 108.0860, GNorm = 0.6206, lr_0 = 2.0313e-05
Loss = 1.9554e-02, PNorm = 108.0862, GNorm = 0.5693, lr_0 = 2.0224e-05
Loss = 2.2064e-02, PNorm = 108.0876, GNorm = 0.5042, lr_0 = 2.0134e-05
Loss = 2.4534e-02, PNorm = 108.0881, GNorm = 0.5920, lr_0 = 2.0046e-05
Loss = 2.1034e-02, PNorm = 108.0891, GNorm = 0.6154, lr_0 = 1.9957e-05
Loss = 2.2939e-02, PNorm = 108.0896, GNorm = 0.8450, lr_0 = 1.9869e-05
Loss = 2.1337e-02, PNorm = 108.0902, GNorm = 0.6937, lr_0 = 1.9781e-05
Loss = 2.1875e-02, PNorm = 108.0911, GNorm = 0.4914, lr_0 = 1.9694e-05
Loss = 1.7052e-02, PNorm = 108.0921, GNorm = 0.4306, lr_0 = 1.9607e-05
Loss = 1.9621e-02, PNorm = 108.0931, GNorm = 0.6885, lr_0 = 1.9521e-05
Loss = 2.3671e-02, PNorm = 108.0939, GNorm = 0.3937, lr_0 = 1.9435e-05
Loss = 1.9479e-02, PNorm = 108.0949, GNorm = 0.3412, lr_0 = 1.9349e-05
Loss = 2.0419e-02, PNorm = 108.0955, GNorm = 0.6523, lr_0 = 1.9264e-05
Loss = 2.1760e-02, PNorm = 108.0962, GNorm = 0.8927, lr_0 = 1.9179e-05
Loss = 1.9268e-02, PNorm = 108.0967, GNorm = 0.9062, lr_0 = 1.9094e-05
Validation rmse = 28.893656
Epoch 34
Loss = 2.0054e-02, PNorm = 108.0975, GNorm = 0.5116, lr_0 = 1.9001e-05
Loss = 2.3354e-02, PNorm = 108.0982, GNorm = 0.6943, lr_0 = 1.8918e-05
Loss = 2.0431e-02, PNorm = 108.0989, GNorm = 0.6598, lr_0 = 1.8834e-05
Loss = 1.9793e-02, PNorm = 108.0991, GNorm = 0.3691, lr_0 = 1.8751e-05
Loss = 1.8259e-02, PNorm = 108.1002, GNorm = 0.3647, lr_0 = 1.8668e-05
Loss = 2.0029e-02, PNorm = 108.1009, GNorm = 0.3556, lr_0 = 1.8586e-05
Loss = 1.7762e-02, PNorm = 108.1014, GNorm = 0.3493, lr_0 = 1.8504e-05
Loss = 1.7628e-02, PNorm = 108.1019, GNorm = 0.7901, lr_0 = 1.8422e-05
Loss = 2.1809e-02, PNorm = 108.1026, GNorm = 0.5778, lr_0 = 1.8341e-05
Loss = 2.2280e-02, PNorm = 108.1034, GNorm = 0.7978, lr_0 = 1.8260e-05
Loss = 1.8109e-02, PNorm = 108.1046, GNorm = 0.3732, lr_0 = 1.8180e-05
Loss = 2.0344e-02, PNorm = 108.1048, GNorm = 0.3413, lr_0 = 1.8100e-05
Loss = 2.0897e-02, PNorm = 108.1055, GNorm = 0.9563, lr_0 = 1.8020e-05
Loss = 1.8211e-02, PNorm = 108.1061, GNorm = 1.2537, lr_0 = 1.7940e-05
Loss = 1.9831e-02, PNorm = 108.1065, GNorm = 0.4073, lr_0 = 1.7861e-05
Loss = 1.9513e-02, PNorm = 108.1069, GNorm = 0.4479, lr_0 = 1.7782e-05
Loss = 2.0336e-02, PNorm = 108.1076, GNorm = 0.5145, lr_0 = 1.7704e-05
Loss = 1.8571e-02, PNorm = 108.1079, GNorm = 0.5294, lr_0 = 1.7626e-05
Loss = 2.0733e-02, PNorm = 108.1084, GNorm = 0.4405, lr_0 = 1.7548e-05
Loss = 1.9433e-02, PNorm = 108.1090, GNorm = 0.3088, lr_0 = 1.7471e-05
Loss = 2.0556e-02, PNorm = 108.1097, GNorm = 0.4434, lr_0 = 1.7393e-05
Validation rmse = 28.944996
Epoch 35
Loss = 2.1945e-02, PNorm = 108.1102, GNorm = 0.5726, lr_0 = 1.7309e-05
Loss = 1.9403e-02, PNorm = 108.1110, GNorm = 0.4441, lr_0 = 1.7233e-05
Loss = 1.8663e-02, PNorm = 108.1118, GNorm = 0.4596, lr_0 = 1.7157e-05
Loss = 2.0215e-02, PNorm = 108.1124, GNorm = 0.4861, lr_0 = 1.7081e-05
Loss = 2.0493e-02, PNorm = 108.1133, GNorm = 0.5395, lr_0 = 1.7006e-05
Loss = 2.3487e-02, PNorm = 108.1139, GNorm = 0.9105, lr_0 = 1.6931e-05
Loss = 2.0985e-02, PNorm = 108.1146, GNorm = 0.4875, lr_0 = 1.6856e-05
Loss = 1.9507e-02, PNorm = 108.1154, GNorm = 0.8272, lr_0 = 1.6782e-05
Loss = 1.8704e-02, PNorm = 108.1160, GNorm = 0.6076, lr_0 = 1.6708e-05
Loss = 2.3515e-02, PNorm = 108.1166, GNorm = 0.4178, lr_0 = 1.6634e-05
Loss = 1.7481e-02, PNorm = 108.1169, GNorm = 0.4191, lr_0 = 1.6561e-05
Loss = 2.0013e-02, PNorm = 108.1172, GNorm = 0.5352, lr_0 = 1.6488e-05
Loss = 2.0329e-02, PNorm = 108.1178, GNorm = 0.4442, lr_0 = 1.6415e-05
Loss = 2.0581e-02, PNorm = 108.1181, GNorm = 0.7954, lr_0 = 1.6342e-05
Loss = 2.2560e-02, PNorm = 108.1183, GNorm = 0.6530, lr_0 = 1.6270e-05
Loss = 1.7619e-02, PNorm = 108.1195, GNorm = 0.5091, lr_0 = 1.6199e-05
Loss = 1.9385e-02, PNorm = 108.1202, GNorm = 0.5549, lr_0 = 1.6127e-05
Loss = 1.7307e-02, PNorm = 108.1207, GNorm = 0.5391, lr_0 = 1.6056e-05
Loss = 1.9045e-02, PNorm = 108.1214, GNorm = 0.3681, lr_0 = 1.5985e-05
Loss = 1.6636e-02, PNorm = 108.1214, GNorm = 0.3559, lr_0 = 1.5915e-05
Loss = 1.8667e-02, PNorm = 108.1219, GNorm = 0.3560, lr_0 = 1.5844e-05
Validation rmse = 29.142775
Epoch 36
Loss = 1.8420e-02, PNorm = 108.1227, GNorm = 0.3711, lr_0 = 1.5768e-05
Loss = 1.9748e-02, PNorm = 108.1235, GNorm = 0.7955, lr_0 = 1.5698e-05
Loss = 1.5149e-02, PNorm = 108.1243, GNorm = 0.6617, lr_0 = 1.5629e-05
Loss = 2.1448e-02, PNorm = 108.1250, GNorm = 0.3311, lr_0 = 1.5560e-05
Loss = 1.9698e-02, PNorm = 108.1256, GNorm = 0.5240, lr_0 = 1.5491e-05
Loss = 1.9808e-02, PNorm = 108.1260, GNorm = 0.3614, lr_0 = 1.5423e-05
Loss = 2.2000e-02, PNorm = 108.1266, GNorm = 0.4374, lr_0 = 1.5355e-05
Loss = 2.0334e-02, PNorm = 108.1271, GNorm = 0.4632, lr_0 = 1.5287e-05
Loss = 2.0835e-02, PNorm = 108.1274, GNorm = 0.4322, lr_0 = 1.5220e-05
Loss = 1.9230e-02, PNorm = 108.1279, GNorm = 0.9442, lr_0 = 1.5152e-05
Loss = 1.5714e-02, PNorm = 108.1282, GNorm = 0.3952, lr_0 = 1.5086e-05
Loss = 1.9950e-02, PNorm = 108.1289, GNorm = 0.6655, lr_0 = 1.5019e-05
Loss = 1.7018e-02, PNorm = 108.1293, GNorm = 0.6219, lr_0 = 1.4953e-05
Loss = 1.8070e-02, PNorm = 108.1298, GNorm = 0.8669, lr_0 = 1.4887e-05
Loss = 1.8122e-02, PNorm = 108.1304, GNorm = 0.6176, lr_0 = 1.4821e-05
Loss = 1.9320e-02, PNorm = 108.1310, GNorm = 1.0427, lr_0 = 1.4756e-05
Loss = 1.7186e-02, PNorm = 108.1314, GNorm = 0.5193, lr_0 = 1.4691e-05
Loss = 1.9008e-02, PNorm = 108.1319, GNorm = 0.4293, lr_0 = 1.4626e-05
Loss = 2.0092e-02, PNorm = 108.1321, GNorm = 0.7410, lr_0 = 1.4561e-05
Loss = 1.8493e-02, PNorm = 108.1326, GNorm = 0.4599, lr_0 = 1.4497e-05
Loss = 2.0388e-02, PNorm = 108.1327, GNorm = 0.5918, lr_0 = 1.4433e-05
Validation rmse = 28.528187
Epoch 37
Loss = 1.5017e-02, PNorm = 108.1332, GNorm = 0.7287, lr_0 = 1.4370e-05
Loss = 1.6809e-02, PNorm = 108.1342, GNorm = 0.3425, lr_0 = 1.4306e-05
Loss = 2.1435e-02, PNorm = 108.1347, GNorm = 0.4107, lr_0 = 1.4243e-05
Loss = 1.8373e-02, PNorm = 108.1352, GNorm = 0.6569, lr_0 = 1.4180e-05
Loss = 1.8311e-02, PNorm = 108.1358, GNorm = 0.6543, lr_0 = 1.4118e-05
Loss = 2.0148e-02, PNorm = 108.1365, GNorm = 0.8531, lr_0 = 1.4055e-05
Loss = 2.1328e-02, PNorm = 108.1372, GNorm = 1.4786, lr_0 = 1.3993e-05
Loss = 2.0461e-02, PNorm = 108.1379, GNorm = 0.9532, lr_0 = 1.3932e-05
Loss = 1.8284e-02, PNorm = 108.1382, GNorm = 0.8899, lr_0 = 1.3870e-05
Loss = 1.5493e-02, PNorm = 108.1386, GNorm = 0.4293, lr_0 = 1.3809e-05
Loss = 2.0740e-02, PNorm = 108.1394, GNorm = 0.4302, lr_0 = 1.3748e-05
Loss = 1.7622e-02, PNorm = 108.1399, GNorm = 0.4012, lr_0 = 1.3687e-05
Loss = 1.6106e-02, PNorm = 108.1400, GNorm = 0.4614, lr_0 = 1.3627e-05
Loss = 1.7040e-02, PNorm = 108.1403, GNorm = 0.5828, lr_0 = 1.3567e-05
Loss = 1.8343e-02, PNorm = 108.1407, GNorm = 0.7368, lr_0 = 1.3507e-05
Loss = 1.8336e-02, PNorm = 108.1411, GNorm = 0.7684, lr_0 = 1.3448e-05
Loss = 1.6747e-02, PNorm = 108.1418, GNorm = 0.4059, lr_0 = 1.3388e-05
Loss = 2.2995e-02, PNorm = 108.1422, GNorm = 0.5775, lr_0 = 1.3329e-05
Loss = 1.6157e-02, PNorm = 108.1429, GNorm = 0.4441, lr_0 = 1.3270e-05
Loss = 2.0132e-02, PNorm = 108.1433, GNorm = 0.5206, lr_0 = 1.3212e-05
Loss = 1.6589e-02, PNorm = 108.1437, GNorm = 0.8789, lr_0 = 1.3154e-05
Validation rmse = 28.386561
Epoch 38
Loss = 1.7792e-02, PNorm = 108.1441, GNorm = 0.5114, lr_0 = 1.3090e-05
Loss = 1.6862e-02, PNorm = 108.1445, GNorm = 0.4559, lr_0 = 1.3032e-05
Loss = 1.5757e-02, PNorm = 108.1449, GNorm = 0.4439, lr_0 = 1.2975e-05
Loss = 2.0496e-02, PNorm = 108.1449, GNorm = 0.6127, lr_0 = 1.2917e-05
Loss = 2.0896e-02, PNorm = 108.1455, GNorm = 0.4181, lr_0 = 1.2860e-05
Loss = 1.9841e-02, PNorm = 108.1462, GNorm = 0.9846, lr_0 = 1.2804e-05
Loss = 1.7587e-02, PNorm = 108.1464, GNorm = 0.6678, lr_0 = 1.2747e-05
Loss = 2.0689e-02, PNorm = 108.1469, GNorm = 0.8949, lr_0 = 1.2691e-05
Loss = 1.9965e-02, PNorm = 108.1473, GNorm = 0.7085, lr_0 = 1.2635e-05
Loss = 1.7669e-02, PNorm = 108.1478, GNorm = 0.4086, lr_0 = 1.2579e-05
Loss = 1.8281e-02, PNorm = 108.1485, GNorm = 0.6385, lr_0 = 1.2524e-05
Loss = 1.9402e-02, PNorm = 108.1490, GNorm = 0.3827, lr_0 = 1.2468e-05
Loss = 2.1637e-02, PNorm = 108.1497, GNorm = 0.7770, lr_0 = 1.2413e-05
Loss = 1.8364e-02, PNorm = 108.1501, GNorm = 0.5061, lr_0 = 1.2359e-05
Loss = 1.8538e-02, PNorm = 108.1503, GNorm = 0.5920, lr_0 = 1.2304e-05
Loss = 1.6673e-02, PNorm = 108.1509, GNorm = 0.5108, lr_0 = 1.2250e-05
Loss = 1.8410e-02, PNorm = 108.1515, GNorm = 0.5462, lr_0 = 1.2196e-05
Loss = 1.6876e-02, PNorm = 108.1522, GNorm = 0.3780, lr_0 = 1.2142e-05
Loss = 2.2282e-02, PNorm = 108.1528, GNorm = 0.3079, lr_0 = 1.2088e-05
Loss = 1.9454e-02, PNorm = 108.1528, GNorm = 1.0735, lr_0 = 1.2035e-05
Loss = 1.7469e-02, PNorm = 108.1530, GNorm = 0.4701, lr_0 = 1.1982e-05
Validation rmse = 28.132633
Epoch 39
Loss = 1.8739e-02, PNorm = 108.1534, GNorm = 0.3840, lr_0 = 1.1924e-05
Loss = 2.0490e-02, PNorm = 108.1538, GNorm = 0.4925, lr_0 = 1.1871e-05
Loss = 1.5057e-02, PNorm = 108.1542, GNorm = 0.3234, lr_0 = 1.1819e-05
Loss = 1.5849e-02, PNorm = 108.1546, GNorm = 0.3695, lr_0 = 1.1767e-05
Loss = 1.6320e-02, PNorm = 108.1551, GNorm = 0.4236, lr_0 = 1.1715e-05
Loss = 1.5788e-02, PNorm = 108.1557, GNorm = 0.4438, lr_0 = 1.1663e-05
Loss = 1.9800e-02, PNorm = 108.1564, GNorm = 0.5317, lr_0 = 1.1612e-05
Loss = 1.8564e-02, PNorm = 108.1567, GNorm = 0.4209, lr_0 = 1.1561e-05
Loss = 1.9083e-02, PNorm = 108.1571, GNorm = 0.7891, lr_0 = 1.1510e-05
Loss = 2.0313e-02, PNorm = 108.1573, GNorm = 1.0476, lr_0 = 1.1459e-05
Loss = 2.0814e-02, PNorm = 108.1578, GNorm = 0.6422, lr_0 = 1.1408e-05
Loss = 2.1063e-02, PNorm = 108.1579, GNorm = 0.5715, lr_0 = 1.1358e-05
Loss = 1.9002e-02, PNorm = 108.1582, GNorm = 0.4226, lr_0 = 1.1308e-05
Loss = 2.0771e-02, PNorm = 108.1588, GNorm = 0.6032, lr_0 = 1.1258e-05
Loss = 1.6920e-02, PNorm = 108.1592, GNorm = 0.5432, lr_0 = 1.1208e-05
Loss = 1.8254e-02, PNorm = 108.1593, GNorm = 1.0844, lr_0 = 1.1159e-05
Loss = 1.8297e-02, PNorm = 108.1598, GNorm = 0.3218, lr_0 = 1.1110e-05
Loss = 1.4803e-02, PNorm = 108.1603, GNorm = 0.5740, lr_0 = 1.1061e-05
Loss = 1.8000e-02, PNorm = 108.1609, GNorm = 0.5356, lr_0 = 1.1012e-05
Loss = 1.6621e-02, PNorm = 108.1611, GNorm = 0.2974, lr_0 = 1.0963e-05
Loss = 1.7325e-02, PNorm = 108.1616, GNorm = 0.3451, lr_0 = 1.0915e-05
Validation rmse = 28.412932
Epoch 40
Loss = 1.3951e-02, PNorm = 108.1617, GNorm = 0.8258, lr_0 = 1.0862e-05
Loss = 1.8845e-02, PNorm = 108.1619, GNorm = 0.8602, lr_0 = 1.0814e-05
Loss = 1.7982e-02, PNorm = 108.1622, GNorm = 0.7608, lr_0 = 1.0766e-05
Loss = 1.9088e-02, PNorm = 108.1627, GNorm = 0.4505, lr_0 = 1.0719e-05
Loss = 1.7230e-02, PNorm = 108.1633, GNorm = 0.3193, lr_0 = 1.0672e-05
Loss = 1.8275e-02, PNorm = 108.1639, GNorm = 0.5115, lr_0 = 1.0624e-05
Loss = 1.9011e-02, PNorm = 108.1641, GNorm = 0.3753, lr_0 = 1.0578e-05
Loss = 1.8085e-02, PNorm = 108.1642, GNorm = 0.2939, lr_0 = 1.0531e-05
Loss = 1.5341e-02, PNorm = 108.1646, GNorm = 0.4158, lr_0 = 1.0485e-05
Loss = 2.2699e-02, PNorm = 108.1650, GNorm = 1.0075, lr_0 = 1.0438e-05
Loss = 1.7621e-02, PNorm = 108.1655, GNorm = 1.3106, lr_0 = 1.0392e-05
Loss = 1.7458e-02, PNorm = 108.1661, GNorm = 0.6171, lr_0 = 1.0346e-05
Loss = 1.8579e-02, PNorm = 108.1663, GNorm = 0.4482, lr_0 = 1.0301e-05
Loss = 1.7599e-02, PNorm = 108.1665, GNorm = 0.7976, lr_0 = 1.0255e-05
Loss = 1.9151e-02, PNorm = 108.1667, GNorm = 0.3525, lr_0 = 1.0210e-05
Loss = 1.9007e-02, PNorm = 108.1672, GNorm = 0.3212, lr_0 = 1.0165e-05
Loss = 1.8331e-02, PNorm = 108.1676, GNorm = 0.9906, lr_0 = 1.0120e-05
Loss = 1.9379e-02, PNorm = 108.1680, GNorm = 0.4477, lr_0 = 1.0076e-05
Loss = 1.5945e-02, PNorm = 108.1681, GNorm = 0.3370, lr_0 = 1.0031e-05
Loss = 1.7794e-02, PNorm = 108.1685, GNorm = 0.3579, lr_0 = 9.9868e-06
Loss = 1.7668e-02, PNorm = 108.1689, GNorm = 0.5163, lr_0 = 9.9428e-06
Validation rmse = 28.701659
Epoch 41
Loss = 2.2988e-02, PNorm = 108.1691, GNorm = 0.5441, lr_0 = 9.8946e-06
Loss = 2.0064e-02, PNorm = 108.1696, GNorm = 0.3695, lr_0 = 9.8509e-06
Loss = 1.4683e-02, PNorm = 108.1697, GNorm = 0.3720, lr_0 = 9.8075e-06
Loss = 1.5614e-02, PNorm = 108.1702, GNorm = 0.3789, lr_0 = 9.7642e-06
Loss = 1.6012e-02, PNorm = 108.1703, GNorm = 0.5177, lr_0 = 9.7211e-06
Loss = 2.2535e-02, PNorm = 108.1705, GNorm = 0.4676, lr_0 = 9.6782e-06
Loss = 1.7910e-02, PNorm = 108.1711, GNorm = 0.5527, lr_0 = 9.6355e-06
Loss = 1.5810e-02, PNorm = 108.1713, GNorm = 0.5774, lr_0 = 9.5930e-06
Loss = 1.8705e-02, PNorm = 108.1715, GNorm = 0.6574, lr_0 = 9.5507e-06
Loss = 1.7302e-02, PNorm = 108.1719, GNorm = 0.7012, lr_0 = 9.5086e-06
Loss = 1.6429e-02, PNorm = 108.1721, GNorm = 0.8783, lr_0 = 9.4667e-06
Loss = 1.5501e-02, PNorm = 108.1723, GNorm = 0.4568, lr_0 = 9.4249e-06
Loss = 1.6840e-02, PNorm = 108.1728, GNorm = 1.3408, lr_0 = 9.3833e-06
Loss = 1.8662e-02, PNorm = 108.1732, GNorm = 0.6368, lr_0 = 9.3419e-06
Loss = 2.0729e-02, PNorm = 108.1735, GNorm = 0.4133, lr_0 = 9.3007e-06
Loss = 1.6993e-02, PNorm = 108.1738, GNorm = 0.5005, lr_0 = 9.2597e-06
Loss = 1.5735e-02, PNorm = 108.1742, GNorm = 0.2833, lr_0 = 9.2188e-06
Loss = 1.8125e-02, PNorm = 108.1745, GNorm = 0.4517, lr_0 = 9.1782e-06
Loss = 2.2752e-02, PNorm = 108.1753, GNorm = 0.8772, lr_0 = 9.1377e-06
Loss = 1.8786e-02, PNorm = 108.1759, GNorm = 0.8000, lr_0 = 9.0974e-06
Loss = 1.6876e-02, PNorm = 108.1761, GNorm = 0.5892, lr_0 = 9.0573e-06
Validation rmse = 28.658446
Epoch 42
Loss = 1.9468e-02, PNorm = 108.1764, GNorm = 0.4471, lr_0 = 9.0173e-06
Loss = 2.0424e-02, PNorm = 108.1766, GNorm = 0.4322, lr_0 = 8.9775e-06
Loss = 1.7893e-02, PNorm = 108.1768, GNorm = 0.2705, lr_0 = 8.9379e-06
Loss = 1.5031e-02, PNorm = 108.1769, GNorm = 0.6505, lr_0 = 8.8985e-06
Loss = 1.5956e-02, PNorm = 108.1772, GNorm = 0.5691, lr_0 = 8.8592e-06
Loss = 1.9153e-02, PNorm = 108.1775, GNorm = 1.2045, lr_0 = 8.8202e-06
Loss = 1.8792e-02, PNorm = 108.1777, GNorm = 0.2461, lr_0 = 8.7813e-06
Loss = 1.8069e-02, PNorm = 108.1780, GNorm = 0.8012, lr_0 = 8.7425e-06
Loss = 1.7200e-02, PNorm = 108.1784, GNorm = 0.3084, lr_0 = 8.7040e-06
Loss = 1.8383e-02, PNorm = 108.1787, GNorm = 0.9432, lr_0 = 8.6656e-06
Loss = 1.7388e-02, PNorm = 108.1791, GNorm = 0.4207, lr_0 = 8.6273e-06
Loss = 1.8700e-02, PNorm = 108.1794, GNorm = 0.3859, lr_0 = 8.5893e-06
Loss = 1.6468e-02, PNorm = 108.1795, GNorm = 0.5871, lr_0 = 8.5514e-06
Loss = 1.8206e-02, PNorm = 108.1797, GNorm = 0.5302, lr_0 = 8.5137e-06
Loss = 1.6792e-02, PNorm = 108.1802, GNorm = 0.3025, lr_0 = 8.4761e-06
Loss = 1.4549e-02, PNorm = 108.1806, GNorm = 0.3964, lr_0 = 8.4387e-06
Loss = 1.6714e-02, PNorm = 108.1810, GNorm = 0.3602, lr_0 = 8.4015e-06
Loss = 2.0130e-02, PNorm = 108.1813, GNorm = 0.5906, lr_0 = 8.3644e-06
Loss = 1.7066e-02, PNorm = 108.1816, GNorm = 0.3133, lr_0 = 8.3275e-06
Loss = 1.8280e-02, PNorm = 108.1819, GNorm = 0.3180, lr_0 = 8.2908e-06
Loss = 1.6185e-02, PNorm = 108.1822, GNorm = 0.4665, lr_0 = 8.2542e-06
Validation rmse = 28.463891
Epoch 43
Loss = 1.6125e-02, PNorm = 108.1825, GNorm = 1.2885, lr_0 = 8.2142e-06
Loss = 1.8565e-02, PNorm = 108.1828, GNorm = 1.0151, lr_0 = 8.1780e-06
Loss = 1.4903e-02, PNorm = 108.1831, GNorm = 0.4237, lr_0 = 8.1419e-06
Loss = 1.6795e-02, PNorm = 108.1837, GNorm = 0.4189, lr_0 = 8.1060e-06
Loss = 1.8045e-02, PNorm = 108.1839, GNorm = 0.4552, lr_0 = 8.0702e-06
Loss = 1.7236e-02, PNorm = 108.1841, GNorm = 0.3444, lr_0 = 8.0346e-06
Loss = 1.6812e-02, PNorm = 108.1844, GNorm = 0.4432, lr_0 = 7.9992e-06
Loss = 1.4013e-02, PNorm = 108.1847, GNorm = 0.3769, lr_0 = 7.9639e-06
Loss = 1.7296e-02, PNorm = 108.1850, GNorm = 1.2127, lr_0 = 7.9288e-06
Loss = 1.7530e-02, PNorm = 108.1853, GNorm = 0.4931, lr_0 = 7.8938e-06
Loss = 1.9446e-02, PNorm = 108.1855, GNorm = 0.6241, lr_0 = 7.8590e-06
Loss = 1.5393e-02, PNorm = 108.1858, GNorm = 0.3471, lr_0 = 7.8243e-06
Loss = 2.0018e-02, PNorm = 108.1860, GNorm = 0.4054, lr_0 = 7.7898e-06
Loss = 1.8351e-02, PNorm = 108.1862, GNorm = 0.4254, lr_0 = 7.7554e-06
Loss = 1.4738e-02, PNorm = 108.1864, GNorm = 0.3097, lr_0 = 7.7212e-06
Loss = 2.0308e-02, PNorm = 108.1866, GNorm = 1.0353, lr_0 = 7.6871e-06
Loss = 1.7703e-02, PNorm = 108.1868, GNorm = 0.3060, lr_0 = 7.6532e-06
Loss = 1.8366e-02, PNorm = 108.1871, GNorm = 0.3066, lr_0 = 7.6195e-06
Loss = 1.7603e-02, PNorm = 108.1872, GNorm = 0.4262, lr_0 = 7.5859e-06
Loss = 1.7692e-02, PNorm = 108.1873, GNorm = 0.4152, lr_0 = 7.5524e-06
Loss = 1.6107e-02, PNorm = 108.1877, GNorm = 0.7283, lr_0 = 7.5191e-06
Validation rmse = 28.512881
Epoch 44
Loss = 2.0906e-02, PNorm = 108.1882, GNorm = 0.4067, lr_0 = 7.4826e-06
Loss = 1.8017e-02, PNorm = 108.1886, GNorm = 0.2976, lr_0 = 7.4496e-06
Loss = 1.7190e-02, PNorm = 108.1891, GNorm = 0.7123, lr_0 = 7.4167e-06
Loss = 1.6724e-02, PNorm = 108.1892, GNorm = 0.2741, lr_0 = 7.3840e-06
Loss = 1.9350e-02, PNorm = 108.1895, GNorm = 0.6886, lr_0 = 7.3515e-06
Loss = 1.9054e-02, PNorm = 108.1897, GNorm = 0.4581, lr_0 = 7.3190e-06
Loss = 1.7696e-02, PNorm = 108.1898, GNorm = 0.3050, lr_0 = 7.2867e-06
Loss = 1.5219e-02, PNorm = 108.1900, GNorm = 0.2801, lr_0 = 7.2546e-06
Loss = 1.7346e-02, PNorm = 108.1902, GNorm = 0.4745, lr_0 = 7.2226e-06
Loss = 1.8182e-02, PNorm = 108.1904, GNorm = 0.5007, lr_0 = 7.1907e-06
Loss = 1.6611e-02, PNorm = 108.1906, GNorm = 0.5941, lr_0 = 7.1590e-06
Loss = 1.6853e-02, PNorm = 108.1908, GNorm = 0.3732, lr_0 = 7.1274e-06
Loss = 1.7973e-02, PNorm = 108.1912, GNorm = 0.5755, lr_0 = 7.0960e-06
Loss = 1.5921e-02, PNorm = 108.1916, GNorm = 0.3513, lr_0 = 7.0647e-06
Loss = 1.6980e-02, PNorm = 108.1919, GNorm = 0.6039, lr_0 = 7.0335e-06
Loss = 1.5290e-02, PNorm = 108.1922, GNorm = 0.4160, lr_0 = 7.0025e-06
Loss = 1.6613e-02, PNorm = 108.1923, GNorm = 0.3072, lr_0 = 6.9716e-06
Loss = 1.6949e-02, PNorm = 108.1925, GNorm = 0.8410, lr_0 = 6.9409e-06
Loss = 1.4725e-02, PNorm = 108.1927, GNorm = 0.8873, lr_0 = 6.9102e-06
Loss = 2.0674e-02, PNorm = 108.1930, GNorm = 0.7261, lr_0 = 6.8798e-06
Loss = 1.7018e-02, PNorm = 108.1930, GNorm = 0.3552, lr_0 = 6.8494e-06
Validation rmse = 28.370770
Epoch 45
Loss = 1.4689e-02, PNorm = 108.1933, GNorm = 0.3862, lr_0 = 6.8162e-06
Loss = 1.7408e-02, PNorm = 108.1935, GNorm = 0.3043, lr_0 = 6.7861e-06
Loss = 1.7893e-02, PNorm = 108.1937, GNorm = 0.3637, lr_0 = 6.7562e-06
Loss = 1.6289e-02, PNorm = 108.1941, GNorm = 0.8420, lr_0 = 6.7264e-06
Loss = 1.6034e-02, PNorm = 108.1944, GNorm = 0.4802, lr_0 = 6.6967e-06
Loss = 1.6046e-02, PNorm = 108.1945, GNorm = 0.4049, lr_0 = 6.6672e-06
Loss = 1.6816e-02, PNorm = 108.1946, GNorm = 0.4413, lr_0 = 6.6378e-06
Loss = 1.7616e-02, PNorm = 108.1949, GNorm = 0.4350, lr_0 = 6.6085e-06
Loss = 1.6363e-02, PNorm = 108.1950, GNorm = 0.4173, lr_0 = 6.5793e-06
Loss = 1.6261e-02, PNorm = 108.1952, GNorm = 0.4453, lr_0 = 6.5503e-06
Loss = 1.6025e-02, PNorm = 108.1955, GNorm = 0.3613, lr_0 = 6.5214e-06
Loss = 1.7354e-02, PNorm = 108.1958, GNorm = 0.6161, lr_0 = 6.4926e-06
Loss = 1.5197e-02, PNorm = 108.1960, GNorm = 0.5564, lr_0 = 6.4640e-06
Loss = 1.9729e-02, PNorm = 108.1962, GNorm = 0.7563, lr_0 = 6.4355e-06
Loss = 1.5883e-02, PNorm = 108.1966, GNorm = 0.3494, lr_0 = 6.4071e-06
Loss = 1.4856e-02, PNorm = 108.1968, GNorm = 0.2925, lr_0 = 6.3788e-06
Loss = 2.3153e-02, PNorm = 108.1969, GNorm = 0.3990, lr_0 = 6.3507e-06
Loss = 1.6983e-02, PNorm = 108.1973, GNorm = 0.5319, lr_0 = 6.3227e-06
Loss = 1.5427e-02, PNorm = 108.1976, GNorm = 0.5596, lr_0 = 6.2948e-06
Loss = 1.5255e-02, PNorm = 108.1980, GNorm = 0.7750, lr_0 = 6.2670e-06
Loss = 1.8397e-02, PNorm = 108.1983, GNorm = 0.5898, lr_0 = 6.2394e-06
Validation rmse = 28.352029
Epoch 46
Loss = 1.2555e-02, PNorm = 108.1984, GNorm = 0.3339, lr_0 = 6.2091e-06
Loss = 1.3984e-02, PNorm = 108.1985, GNorm = 0.3599, lr_0 = 6.1817e-06
Loss = 1.5078e-02, PNorm = 108.1987, GNorm = 0.4267, lr_0 = 6.1545e-06
Loss = 1.7885e-02, PNorm = 108.1988, GNorm = 0.5397, lr_0 = 6.1273e-06
Loss = 1.7112e-02, PNorm = 108.1991, GNorm = 0.4043, lr_0 = 6.1003e-06
Loss = 1.9187e-02, PNorm = 108.1993, GNorm = 0.4893, lr_0 = 6.0734e-06
Loss = 1.3927e-02, PNorm = 108.1995, GNorm = 0.5676, lr_0 = 6.0466e-06
Loss = 1.9457e-02, PNorm = 108.1998, GNorm = 0.3635, lr_0 = 6.0199e-06
Loss = 1.5643e-02, PNorm = 108.2000, GNorm = 0.2945, lr_0 = 5.9933e-06
Loss = 1.5513e-02, PNorm = 108.2003, GNorm = 0.4778, lr_0 = 5.9669e-06
Loss = 1.4006e-02, PNorm = 108.2004, GNorm = 0.3473, lr_0 = 5.9406e-06
Loss = 2.0619e-02, PNorm = 108.2003, GNorm = 0.4268, lr_0 = 5.9144e-06
Loss = 1.7147e-02, PNorm = 108.2006, GNorm = 0.5679, lr_0 = 5.8883e-06
Loss = 1.6204e-02, PNorm = 108.2010, GNorm = 1.3163, lr_0 = 5.8623e-06
Loss = 1.7302e-02, PNorm = 108.2012, GNorm = 0.5892, lr_0 = 5.8365e-06
Loss = 1.7761e-02, PNorm = 108.2015, GNorm = 0.6663, lr_0 = 5.8107e-06
Loss = 1.8349e-02, PNorm = 108.2017, GNorm = 0.4593, lr_0 = 5.7851e-06
Loss = 1.8687e-02, PNorm = 108.2017, GNorm = 0.3860, lr_0 = 5.7596e-06
Loss = 1.7507e-02, PNorm = 108.2018, GNorm = 0.6622, lr_0 = 5.7342e-06
Loss = 2.0471e-02, PNorm = 108.2021, GNorm = 0.6699, lr_0 = 5.7089e-06
Loss = 1.7688e-02, PNorm = 108.2022, GNorm = 0.4177, lr_0 = 5.6837e-06
Validation rmse = 28.557097
Epoch 47
Loss = 1.7784e-02, PNorm = 108.2022, GNorm = 0.4731, lr_0 = 5.6561e-06
Loss = 1.6791e-02, PNorm = 108.2023, GNorm = 0.5691, lr_0 = 5.6312e-06
Loss = 1.3601e-02, PNorm = 108.2027, GNorm = 0.3715, lr_0 = 5.6063e-06
Loss = 1.8345e-02, PNorm = 108.2029, GNorm = 0.4978, lr_0 = 5.5816e-06
Loss = 1.7277e-02, PNorm = 108.2031, GNorm = 0.4346, lr_0 = 5.5570e-06
Loss = 1.6680e-02, PNorm = 108.2033, GNorm = 0.2996, lr_0 = 5.5325e-06
Loss = 1.6445e-02, PNorm = 108.2036, GNorm = 0.4249, lr_0 = 5.5080e-06
Loss = 1.8282e-02, PNorm = 108.2038, GNorm = 0.4397, lr_0 = 5.4838e-06
Loss = 1.7017e-02, PNorm = 108.2040, GNorm = 0.3787, lr_0 = 5.4596e-06
Loss = 1.3499e-02, PNorm = 108.2041, GNorm = 0.3625, lr_0 = 5.4355e-06
Loss = 1.4852e-02, PNorm = 108.2044, GNorm = 0.4706, lr_0 = 5.4115e-06
Loss = 1.8322e-02, PNorm = 108.2044, GNorm = 0.3323, lr_0 = 5.3876e-06
Loss = 1.6733e-02, PNorm = 108.2046, GNorm = 0.8511, lr_0 = 5.3639e-06
Loss = 2.0923e-02, PNorm = 108.2051, GNorm = 0.3419, lr_0 = 5.3402e-06
Loss = 1.7093e-02, PNorm = 108.2054, GNorm = 0.3269, lr_0 = 5.3166e-06
Loss = 1.6006e-02, PNorm = 108.2055, GNorm = 0.4153, lr_0 = 5.2932e-06
Loss = 1.5788e-02, PNorm = 108.2056, GNorm = 0.3008, lr_0 = 5.2698e-06
Loss = 1.8261e-02, PNorm = 108.2059, GNorm = 0.5225, lr_0 = 5.2466e-06
Loss = 1.7340e-02, PNorm = 108.2060, GNorm = 0.4408, lr_0 = 5.2235e-06
Loss = 1.6670e-02, PNorm = 108.2062, GNorm = 0.3345, lr_0 = 5.2004e-06
Loss = 1.4908e-02, PNorm = 108.2064, GNorm = 0.4711, lr_0 = 5.1775e-06
Validation rmse = 28.463645
Epoch 48
Loss = 1.6319e-02, PNorm = 108.2066, GNorm = 0.3590, lr_0 = 5.1546e-06
Loss = 1.5495e-02, PNorm = 108.2066, GNorm = 0.4692, lr_0 = 5.1319e-06
Loss = 1.5895e-02, PNorm = 108.2069, GNorm = 0.3998, lr_0 = 5.1093e-06
Loss = 1.4155e-02, PNorm = 108.2070, GNorm = 0.3603, lr_0 = 5.0867e-06
Loss = 1.6341e-02, PNorm = 108.2070, GNorm = 0.4649, lr_0 = 5.0643e-06
Loss = 2.2303e-02, PNorm = 108.2071, GNorm = 0.6807, lr_0 = 5.0419e-06
Loss = 1.7441e-02, PNorm = 108.2074, GNorm = 0.8255, lr_0 = 5.0197e-06
Loss = 1.8911e-02, PNorm = 108.2076, GNorm = 0.3214, lr_0 = 4.9976e-06
Loss = 1.6811e-02, PNorm = 108.2079, GNorm = 0.2913, lr_0 = 4.9755e-06
Loss = 1.6208e-02, PNorm = 108.2080, GNorm = 1.0347, lr_0 = 4.9536e-06
Loss = 1.3764e-02, PNorm = 108.2082, GNorm = 0.6023, lr_0 = 4.9317e-06
Loss = 1.5983e-02, PNorm = 108.2083, GNorm = 0.3061, lr_0 = 4.9100e-06
Loss = 2.1499e-02, PNorm = 108.2085, GNorm = 0.5462, lr_0 = 4.8883e-06
Loss = 1.5304e-02, PNorm = 108.2086, GNorm = 0.4672, lr_0 = 4.8667e-06
Loss = 1.6543e-02, PNorm = 108.2087, GNorm = 0.8787, lr_0 = 4.8453e-06
Loss = 1.8216e-02, PNorm = 108.2089, GNorm = 0.6230, lr_0 = 4.8239e-06
Loss = 1.6889e-02, PNorm = 108.2090, GNorm = 0.4866, lr_0 = 4.8026e-06
Loss = 1.8911e-02, PNorm = 108.2093, GNorm = 0.5170, lr_0 = 4.7814e-06
Loss = 1.5264e-02, PNorm = 108.2096, GNorm = 0.4638, lr_0 = 4.7603e-06
Loss = 1.6556e-02, PNorm = 108.2098, GNorm = 0.4610, lr_0 = 4.7393e-06
Loss = 1.5732e-02, PNorm = 108.2101, GNorm = 0.2713, lr_0 = 4.7184e-06
Validation rmse = 28.432231
Epoch 49
Loss = 1.2284e-02, PNorm = 108.2102, GNorm = 0.4035, lr_0 = 4.6955e-06
Loss = 1.6862e-02, PNorm = 108.2104, GNorm = 0.3173, lr_0 = 4.6748e-06
Loss = 1.6537e-02, PNorm = 108.2104, GNorm = 0.4260, lr_0 = 4.6542e-06
Loss = 1.6696e-02, PNorm = 108.2106, GNorm = 1.4984, lr_0 = 4.6337e-06
Loss = 1.5210e-02, PNorm = 108.2108, GNorm = 0.3377, lr_0 = 4.6132e-06
Loss = 1.6057e-02, PNorm = 108.2108, GNorm = 0.2968, lr_0 = 4.5929e-06
Loss = 1.4262e-02, PNorm = 108.2108, GNorm = 0.4587, lr_0 = 4.5726e-06
Loss = 1.5360e-02, PNorm = 108.2110, GNorm = 0.6384, lr_0 = 4.5525e-06
Loss = 1.9873e-02, PNorm = 108.2113, GNorm = 0.4670, lr_0 = 4.5324e-06
Loss = 1.5756e-02, PNorm = 108.2114, GNorm = 0.6449, lr_0 = 4.5124e-06
Loss = 1.6500e-02, PNorm = 108.2115, GNorm = 0.8598, lr_0 = 4.4925e-06
Loss = 1.5772e-02, PNorm = 108.2116, GNorm = 0.4132, lr_0 = 4.4727e-06
Loss = 1.7671e-02, PNorm = 108.2118, GNorm = 0.4893, lr_0 = 4.4529e-06
Loss = 1.9045e-02, PNorm = 108.2120, GNorm = 0.5048, lr_0 = 4.4333e-06
Loss = 1.4297e-02, PNorm = 108.2122, GNorm = 0.4734, lr_0 = 4.4137e-06
Loss = 1.8934e-02, PNorm = 108.2124, GNorm = 1.3365, lr_0 = 4.3943e-06
Loss = 1.5617e-02, PNorm = 108.2126, GNorm = 0.6003, lr_0 = 4.3768e-06
Loss = 1.6991e-02, PNorm = 108.2127, GNorm = 0.4474, lr_0 = 4.3768e-06
Loss = 1.6545e-02, PNorm = 108.2129, GNorm = 0.8792, lr_0 = 4.3768e-06
Loss = 1.6321e-02, PNorm = 108.2130, GNorm = 0.4000, lr_0 = 4.3768e-06
Loss = 1.7623e-02, PNorm = 108.2131, GNorm = 0.3085, lr_0 = 4.3768e-06
Validation rmse = 28.180254
Model 0 best validation rmse = 28.132633 on epoch 38
Loading pretrained parameter "encoder.encoder.0.cached_zero_vector".
Loading pretrained parameter "encoder.encoder.0.W_i.weight".
Loading pretrained parameter "encoder.encoder.0.W_h.weight".
Loading pretrained parameter "encoder.encoder.0.W_o.weight".
Loading pretrained parameter "encoder.encoder.0.W_o.bias".
Loading pretrained parameter "encoder.encoder.1.cached_zero_vector".
Loading pretrained parameter "encoder.encoder.1.W_i.weight".
Loading pretrained parameter "encoder.encoder.1.W_h.weight".
Loading pretrained parameter "encoder.encoder.1.W_o.weight".
Loading pretrained parameter "encoder.encoder.1.W_o.bias".
Loading pretrained parameter "ffn.1.weight".
Loading pretrained parameter "ffn.1.bias".
Loading pretrained parameter "ffn.4.weight".
Loading pretrained parameter "ffn.4.bias".
Loading pretrained parameter "ffn.7.weight".
Loading pretrained parameter "ffn.7.bias".
Moving model to cuda
Model 0 test rmse = 26.354409
Ensemble test rmse = 26.354409
1-fold cross validation
	Seed 0 ==> test rmse = 26.354409
Overall test rmse = 26.354409 +/- 0.000000
Elapsed time = 0:42:12
