Command line
python /home/kpg/chemprop/train.py --data_path ../../../data/splits/lambda_max_abs/deep4chem/group_by_smiles/smiles_target_train.csv --dataset_type regression --save_dir /home/kimele03/uvvisml/uvvisml/models/lambda_max_emi_checkpoints/random/results/507111/49669328 --config_path /home/kimele03/uvvisml/uvvisml/models/lambda_max_emi_checkpoints/random/results/507111/49669328/hyperopt.json --metric rmse --epochs 50 --gpu 0 --ensemble_size 1 --separate_val_path ../../../data/splits/lambda_max_abs/deep4chem/group_by_smiles/smiles_target_val.csv --separate_test_path ../../../data/splits/lambda_max_abs/deep4chem/group_by_smiles/smiles_target_test.csv --number_of_molecules 2
Args
{'activation': 'ReLU',
 'aggregation': 'mean',
 'aggregation_norm': 100,
 'atom_descriptor_scaling': True,
 'atom_descriptors': None,
 'atom_descriptors_path': None,
 'atom_descriptors_size': 0,
 'atom_features_size': 0,
 'atom_messages': False,
 'batch_size': 62,
 'bias': False,
 'bond_feature_scaling': True,
 'bond_features_path': None,
 'bond_features_size': 0,
 'cache_cutoff': 10000,
 'checkpoint_dir': None,
 'checkpoint_frzn': None,
 'checkpoint_path': None,
 'checkpoint_paths': None,
 'class_balance': False,
 'config_path': '/home/kimele03/uvvisml/uvvisml/models/lambda_max_emi_checkpoints/random/results/507111/49669328/hyperopt.json',
 'crossval_index_dir': None,
 'crossval_index_file': None,
 'crossval_index_sets': None,
 'cuda': True,
 'data_path': '../../../data/splits/lambda_max_abs/deep4chem/group_by_smiles/smiles_target_train.csv',
 'data_weights_path': None,
 'dataset_type': 'regression',
 'depth': 5,
 'device': device(type='cuda', index=0),
 'dropout': 0.30459109003495255,
 'empty_cache': False,
 'ensemble_size': 1,
 'epochs': 50,
 'explicit_h': False,
 'extra_metrics': [],
 'features_generator': None,
 'features_only': False,
 'features_path': None,
 'features_scaling': True,
 'features_size': None,
 'ffn_hidden_size': 1207,
 'ffn_num_layers': 2,
 'final_lr': 6.172087559276965e-05,
 'folds_file': None,
 'freeze_first_only': False,
 'frzn_ffn_layers': 0,
 'gpu': 0,
 'grad_clip': None,
 'hidden_size': 1514,
 'ignore_columns': None,
 'init_lr': 0.0002466625648406738,
 'log_frequency': 10,
 'max_data_size': None,
 'max_lr': 0.000991029574415288,
 'metric': 'rmse',
 'metrics': ['rmse'],
 'minimize_score': True,
 'mpn_shared': False,
 'multiclass_num_classes': 3,
 'no_atom_descriptor_scaling': False,
 'no_bond_features_scaling': False,
 'no_cache_mol': False,
 'no_cuda': False,
 'no_features_scaling': False,
 'num_folds': 1,
 'num_lrs': 1,
 'num_tasks': 1,
 'num_workers': 8,
 'number_of_molecules': 2,
 'overwrite_default_atom_features': False,
 'overwrite_default_bond_features': False,
 'pytorch_seed': 0,
 'quiet': False,
 'reaction': False,
 'reaction_mode': 'reac_diff',
 'resume_experiment': False,
 'save_dir': '/home/kimele03/uvvisml/uvvisml/models/lambda_max_emi_checkpoints/random/results/507111/49669328',
 'save_preds': False,
 'save_smiles_splits': False,
 'seed': 0,
 'separate_test_atom_descriptors_path': None,
 'separate_test_bond_features_path': None,
 'separate_test_features_path': None,
 'separate_test_path': '../../../data/splits/lambda_max_abs/deep4chem/group_by_smiles/smiles_target_test.csv',
 'separate_val_atom_descriptors_path': None,
 'separate_val_bond_features_path': None,
 'separate_val_features_path': None,
 'separate_val_path': '../../../data/splits/lambda_max_abs/deep4chem/group_by_smiles/smiles_target_val.csv',
 'show_individual_scores': False,
 'smiles_columns': ['smiles', 'solvent'],
 'split_sizes': (0.8, 0.1, 0.1),
 'split_type': 'random',
 'target_columns': None,
 'target_weights': None,
 'task_names': ['peakwavs_max'],
 'test': False,
 'test_fold_index': None,
 'train_data_size': None,
 'undirected': False,
 'use_input_features': False,
 'val_fold_index': None,
 'warmup_epochs': 2}
Loading data
Number of tasks = 1
Fold 0
Splitting data with seed 0
Total size = 13,242 | train size = 13,242 | val size = 1,633 | test size = 1,710
Fitting scaler
Building model 0
MoleculeModel(
  (encoder): MPN(
    (encoder): ModuleList(
      (0): MPNEncoder(
        (dropout_layer): Dropout(p=0.30459109003495255, inplace=False)
        (act_func): ReLU()
        (W_i): Linear(in_features=147, out_features=1514, bias=False)
        (W_h): Linear(in_features=1514, out_features=1514, bias=False)
        (W_o): Linear(in_features=1647, out_features=1514, bias=True)
      )
      (1): MPNEncoder(
        (dropout_layer): Dropout(p=0.30459109003495255, inplace=False)
        (act_func): ReLU()
        (W_i): Linear(in_features=147, out_features=1514, bias=False)
        (W_h): Linear(in_features=1514, out_features=1514, bias=False)
        (W_o): Linear(in_features=1647, out_features=1514, bias=True)
      )
    )
  )
  (ffn): Sequential(
    (0): Dropout(p=0.30459109003495255, inplace=False)
    (1): Linear(in_features=3028, out_features=1207, bias=True)
    (2): ReLU()
    (3): Dropout(p=0.30459109003495255, inplace=False)
    (4): Linear(in_features=1207, out_features=1, bias=True)
  )
)
Number of parameters = 13,679,891
Moving model to cuda
Epoch 0
Loss = 2.7040e+00, PNorm = 91.9404, GNorm = 2.8607, lr_0 = 2.6588e-04
Loss = 9.5625e-01, PNorm = 91.9829, GNorm = 1.8309, lr_0 = 2.8336e-04
Loss = 8.9681e-01, PNorm = 92.0099, GNorm = 1.9798, lr_0 = 3.0083e-04
Loss = 8.3607e-01, PNorm = 92.0304, GNorm = 1.8151, lr_0 = 3.1830e-04
Loss = 1.1334e+00, PNorm = 92.0467, GNorm = 2.0628, lr_0 = 3.3578e-04
Loss = 8.5380e-01, PNorm = 92.0628, GNorm = 1.5725, lr_0 = 3.5325e-04
Loss = 8.0178e-01, PNorm = 92.0806, GNorm = 2.1409, lr_0 = 3.7072e-04
Loss = 6.1553e-01, PNorm = 92.0973, GNorm = 3.3748, lr_0 = 3.8820e-04
Loss = 7.2328e-01, PNorm = 92.1155, GNorm = 2.8442, lr_0 = 4.0567e-04
Loss = 7.0942e-01, PNorm = 92.1377, GNorm = 1.8595, lr_0 = 4.2314e-04
Loss = 6.6528e-01, PNorm = 92.1626, GNorm = 2.3148, lr_0 = 4.4062e-04
Loss = 6.6704e-01, PNorm = 92.1931, GNorm = 10.0569, lr_0 = 4.5809e-04
Loss = 6.7581e-01, PNorm = 92.2260, GNorm = 3.4161, lr_0 = 4.7556e-04
Loss = 6.3911e-01, PNorm = 92.2657, GNorm = 7.6297, lr_0 = 4.9304e-04
Loss = 6.8280e-01, PNorm = 92.3052, GNorm = 1.2994, lr_0 = 5.1051e-04
Loss = 6.7424e-01, PNorm = 92.3567, GNorm = 1.8095, lr_0 = 5.2798e-04
Loss = 6.5350e-01, PNorm = 92.4023, GNorm = 1.2797, lr_0 = 5.4546e-04
Loss = 5.2461e-01, PNorm = 92.4414, GNorm = 4.1055, lr_0 = 5.6293e-04
Loss = 5.6512e-01, PNorm = 92.4769, GNorm = 20.4678, lr_0 = 5.8040e-04
Loss = 6.6633e-01, PNorm = 92.5146, GNorm = 1.3045, lr_0 = 5.9788e-04
Loss = 4.8588e-01, PNorm = 92.5567, GNorm = 4.6056, lr_0 = 6.1535e-04
Validation rmse = 84.713736
Epoch 1
Loss = 6.0755e-01, PNorm = 92.6027, GNorm = 5.3205, lr_0 = 6.3457e-04
Loss = 4.1718e-01, PNorm = 92.6430, GNorm = 0.8763, lr_0 = 6.5205e-04
Loss = 5.1229e-01, PNorm = 92.6848, GNorm = 2.2307, lr_0 = 6.6952e-04
Loss = 3.8083e-01, PNorm = 92.7298, GNorm = 5.8042, lr_0 = 6.8699e-04
Loss = 3.5445e-01, PNorm = 92.7746, GNorm = 1.1054, lr_0 = 7.0447e-04
Loss = 4.8604e-01, PNorm = 92.8213, GNorm = 1.1516, lr_0 = 7.2194e-04
Loss = 3.6492e-01, PNorm = 92.8739, GNorm = 2.2235, lr_0 = 7.3941e-04
Loss = 3.1543e-01, PNorm = 92.9262, GNorm = 5.7728, lr_0 = 7.5689e-04
Loss = 3.3340e-01, PNorm = 92.9795, GNorm = 1.6686, lr_0 = 7.7436e-04
Loss = 2.9865e-01, PNorm = 93.0313, GNorm = 1.0161, lr_0 = 7.9183e-04
Loss = 3.9264e-01, PNorm = 93.0813, GNorm = 9.2805, lr_0 = 8.0931e-04
Loss = 3.2754e-01, PNorm = 93.1489, GNorm = 3.0796, lr_0 = 8.2678e-04
Loss = 4.4495e-01, PNorm = 93.2310, GNorm = 4.4686, lr_0 = 8.4425e-04
Loss = 4.7714e-01, PNorm = 93.3358, GNorm = 2.8306, lr_0 = 8.6173e-04
Loss = 4.2596e-01, PNorm = 93.4258, GNorm = 3.9921, lr_0 = 8.7920e-04
Loss = 4.5600e-01, PNorm = 93.5061, GNorm = 1.1426, lr_0 = 8.9667e-04
Loss = 4.6859e-01, PNorm = 93.5864, GNorm = 7.4130, lr_0 = 9.1415e-04
Loss = 3.6034e-01, PNorm = 93.6673, GNorm = 2.6244, lr_0 = 9.3162e-04
Loss = 3.6230e-01, PNorm = 93.7364, GNorm = 2.3860, lr_0 = 9.4909e-04
Loss = 3.7560e-01, PNorm = 93.8210, GNorm = 1.4774, lr_0 = 9.6657e-04
Loss = 2.8375e-01, PNorm = 93.9011, GNorm = 4.3895, lr_0 = 9.8404e-04
Validation rmse = 68.039475
Epoch 2
Loss = 3.6117e-01, PNorm = 93.9775, GNorm = 1.5226, lr_0 = 9.8942e-04
Loss = 2.9439e-01, PNorm = 94.0446, GNorm = 1.3492, lr_0 = 9.8673e-04
Loss = 2.8437e-01, PNorm = 94.1179, GNorm = 1.4711, lr_0 = 9.8406e-04
Loss = 2.8083e-01, PNorm = 94.1891, GNorm = 5.0041, lr_0 = 9.8139e-04
Loss = 3.1132e-01, PNorm = 94.2767, GNorm = 2.3755, lr_0 = 9.7873e-04
Loss = 3.0163e-01, PNorm = 94.3487, GNorm = 0.9912, lr_0 = 9.7607e-04
Loss = 2.7706e-01, PNorm = 94.4167, GNorm = 0.8525, lr_0 = 9.7343e-04
Loss = 3.2948e-01, PNorm = 94.4971, GNorm = 5.5587, lr_0 = 9.7079e-04
Loss = 2.6032e-01, PNorm = 94.5814, GNorm = 2.3692, lr_0 = 9.6816e-04
Loss = 2.7341e-01, PNorm = 94.6593, GNorm = 3.4244, lr_0 = 9.6553e-04
Loss = 2.5303e-01, PNorm = 94.7424, GNorm = 2.5127, lr_0 = 9.6291e-04
Loss = 2.8915e-01, PNorm = 94.8223, GNorm = 3.7155, lr_0 = 9.6030e-04
Loss = 2.6294e-01, PNorm = 94.8936, GNorm = 1.5303, lr_0 = 9.5770e-04
Loss = 2.5198e-01, PNorm = 94.9676, GNorm = 0.9341, lr_0 = 9.5510e-04
Loss = 3.0199e-01, PNorm = 95.0342, GNorm = 4.5957, lr_0 = 9.5251e-04
Loss = 2.4469e-01, PNorm = 95.1080, GNorm = 1.5544, lr_0 = 9.4993e-04
Loss = 2.3801e-01, PNorm = 95.1631, GNorm = 2.7328, lr_0 = 9.4735e-04
Loss = 2.2881e-01, PNorm = 95.2522, GNorm = 3.6403, lr_0 = 9.4478e-04
Loss = 2.5524e-01, PNorm = 95.3145, GNorm = 4.8022, lr_0 = 9.4222e-04
Loss = 2.0223e-01, PNorm = 95.3860, GNorm = 4.1318, lr_0 = 9.3967e-04
Loss = 2.7952e-01, PNorm = 95.4501, GNorm = 1.5233, lr_0 = 9.3712e-04
Loss = 2.4102e-01, PNorm = 95.5375, GNorm = 0.9730, lr_0 = 9.3458e-04
Loss = 3.1048e-01, PNorm = 95.5462, GNorm = 2.6326, lr_0 = 9.3432e-04
Validation rmse = 48.785567
Epoch 3
Loss = 1.7393e-01, PNorm = 95.6210, GNorm = 2.1234, lr_0 = 9.3179e-04
Loss = 2.0025e-01, PNorm = 95.6871, GNorm = 0.9200, lr_0 = 9.2926e-04
Loss = 1.7511e-01, PNorm = 95.7504, GNorm = 1.7490, lr_0 = 9.2674e-04
Loss = 2.1633e-01, PNorm = 95.8213, GNorm = 1.2749, lr_0 = 9.2423e-04
Loss = 1.7292e-01, PNorm = 95.8893, GNorm = 1.0860, lr_0 = 9.2172e-04
Loss = 2.3865e-01, PNorm = 95.9523, GNorm = 1.2980, lr_0 = 9.1922e-04
Loss = 2.0495e-01, PNorm = 96.0358, GNorm = 2.0744, lr_0 = 9.1673e-04
Loss = 2.1400e-01, PNorm = 96.1262, GNorm = 3.4775, lr_0 = 9.1425e-04
Loss = 2.3610e-01, PNorm = 96.2113, GNorm = 3.4117, lr_0 = 9.1177e-04
Loss = 2.2077e-01, PNorm = 96.2937, GNorm = 1.2410, lr_0 = 9.0929e-04
Loss = 2.0772e-01, PNorm = 96.3856, GNorm = 1.4966, lr_0 = 9.0683e-04
Loss = 1.7453e-01, PNorm = 96.4610, GNorm = 1.2530, lr_0 = 9.0437e-04
Loss = 1.4993e-01, PNorm = 96.5243, GNorm = 2.4802, lr_0 = 9.0192e-04
Loss = 2.1010e-01, PNorm = 96.5950, GNorm = 2.4910, lr_0 = 8.9947e-04
Loss = 1.8186e-01, PNorm = 96.6734, GNorm = 1.3243, lr_0 = 8.9703e-04
Loss = 1.6577e-01, PNorm = 96.7475, GNorm = 2.0736, lr_0 = 8.9460e-04
Loss = 1.7146e-01, PNorm = 96.8199, GNorm = 2.2695, lr_0 = 8.9217e-04
Loss = 1.8103e-01, PNorm = 96.8906, GNorm = 1.1282, lr_0 = 8.8976e-04
Loss = 1.8865e-01, PNorm = 96.9593, GNorm = 6.1543, lr_0 = 8.8734e-04
Loss = 2.1104e-01, PNorm = 97.0311, GNorm = 0.9995, lr_0 = 8.8494e-04
Loss = 1.8115e-01, PNorm = 97.1039, GNorm = 0.9536, lr_0 = 8.8254e-04
Validation rmse = 45.905015
Epoch 4
Loss = 2.1120e-01, PNorm = 97.1729, GNorm = 3.8440, lr_0 = 8.8014e-04
Loss = 1.7371e-01, PNorm = 97.2631, GNorm = 1.1176, lr_0 = 8.7776e-04
Loss = 1.2622e-01, PNorm = 97.3392, GNorm = 1.0152, lr_0 = 8.7538e-04
Loss = 1.3761e-01, PNorm = 97.3964, GNorm = 1.7531, lr_0 = 8.7300e-04
Loss = 1.9324e-01, PNorm = 97.4630, GNorm = 3.0742, lr_0 = 8.7064e-04
Loss = 2.0570e-01, PNorm = 97.5421, GNorm = 1.4305, lr_0 = 8.6828e-04
Loss = 1.8872e-01, PNorm = 97.6250, GNorm = 1.3022, lr_0 = 8.6592e-04
Loss = 2.0258e-01, PNorm = 97.7156, GNorm = 3.7698, lr_0 = 8.6357e-04
Loss = 1.7988e-01, PNorm = 97.7865, GNorm = 0.9391, lr_0 = 8.6123e-04
Loss = 1.1514e-01, PNorm = 97.8455, GNorm = 1.8016, lr_0 = 8.5890e-04
Loss = 1.3731e-01, PNorm = 97.9052, GNorm = 0.9242, lr_0 = 8.5657e-04
Loss = 1.1806e-01, PNorm = 97.9655, GNorm = 0.7677, lr_0 = 8.5424e-04
Loss = 1.5829e-01, PNorm = 98.0272, GNorm = 1.5596, lr_0 = 8.5193e-04
Loss = 1.6196e-01, PNorm = 98.1008, GNorm = 1.2161, lr_0 = 8.4962e-04
Loss = 1.2770e-01, PNorm = 98.1609, GNorm = 0.7210, lr_0 = 8.4731e-04
Loss = 1.3729e-01, PNorm = 98.2254, GNorm = 1.7564, lr_0 = 8.4502e-04
Loss = 1.1415e-01, PNorm = 98.2946, GNorm = 1.1065, lr_0 = 8.4273e-04
Loss = 1.4548e-01, PNorm = 98.3503, GNorm = 1.6619, lr_0 = 8.4044e-04
Loss = 1.2291e-01, PNorm = 98.4044, GNorm = 0.6891, lr_0 = 8.3816e-04
Loss = 1.4513e-01, PNorm = 98.4656, GNorm = 1.0024, lr_0 = 8.3589e-04
Loss = 1.1970e-01, PNorm = 98.5273, GNorm = 0.6650, lr_0 = 8.3362e-04
Validation rmse = 42.711069
Epoch 5
Loss = 1.7507e-01, PNorm = 98.5861, GNorm = 2.7772, lr_0 = 8.3114e-04
Loss = 1.7860e-01, PNorm = 98.6618, GNorm = 3.0732, lr_0 = 8.2888e-04
Loss = 1.6248e-01, PNorm = 98.7352, GNorm = 1.0247, lr_0 = 8.2663e-04
Loss = 1.6003e-01, PNorm = 98.7967, GNorm = 1.3493, lr_0 = 8.2439e-04
Loss = 1.5017e-01, PNorm = 98.8533, GNorm = 1.9960, lr_0 = 8.2216e-04
Loss = 1.3918e-01, PNorm = 98.9026, GNorm = 4.1055, lr_0 = 8.1993e-04
Loss = 1.3083e-01, PNorm = 98.9573, GNorm = 1.8393, lr_0 = 8.1770e-04
Loss = 1.2501e-01, PNorm = 99.0128, GNorm = 1.0933, lr_0 = 8.1549e-04
Loss = 1.2550e-01, PNorm = 99.0666, GNorm = 2.1861, lr_0 = 8.1328e-04
Loss = 1.3642e-01, PNorm = 99.1280, GNorm = 2.2049, lr_0 = 8.1107e-04
Loss = 1.3074e-01, PNorm = 99.1825, GNorm = 2.1693, lr_0 = 8.0887e-04
Loss = 1.3015e-01, PNorm = 99.2411, GNorm = 0.8204, lr_0 = 8.0668e-04
Loss = 1.1833e-01, PNorm = 99.2977, GNorm = 1.7383, lr_0 = 8.0449e-04
Loss = 1.2339e-01, PNorm = 99.3625, GNorm = 1.1731, lr_0 = 8.0231e-04
Loss = 1.2158e-01, PNorm = 99.4063, GNorm = 0.8119, lr_0 = 8.0013e-04
Loss = 1.0874e-01, PNorm = 99.4585, GNorm = 1.7505, lr_0 = 7.9796e-04
Loss = 1.1764e-01, PNorm = 99.5084, GNorm = 0.7618, lr_0 = 7.9580e-04
Loss = 1.5356e-01, PNorm = 99.5807, GNorm = 2.7309, lr_0 = 7.9364e-04
Loss = 1.1896e-01, PNorm = 99.6421, GNorm = 0.6329, lr_0 = 7.9149e-04
Loss = 9.9980e-02, PNorm = 99.6978, GNorm = 1.1324, lr_0 = 7.8934e-04
Loss = 1.0505e-01, PNorm = 99.7439, GNorm = 1.5543, lr_0 = 7.8720e-04
Loss = 1.2764e-01, PNorm = 99.7962, GNorm = 1.4673, lr_0 = 7.8507e-04
Validation rmse = 38.254027
Epoch 6
Loss = 1.1588e-01, PNorm = 99.8544, GNorm = 0.7360, lr_0 = 7.8294e-04
Loss = 1.2296e-01, PNorm = 99.9156, GNorm = 3.3531, lr_0 = 7.8082e-04
Loss = 1.1665e-01, PNorm = 99.9699, GNorm = 2.4663, lr_0 = 7.7870e-04
Loss = 1.0724e-01, PNorm = 100.0169, GNorm = 1.0141, lr_0 = 7.7659e-04
Loss = 1.1331e-01, PNorm = 100.0640, GNorm = 1.1101, lr_0 = 7.7448e-04
Loss = 1.0455e-01, PNorm = 100.1129, GNorm = 1.1982, lr_0 = 7.7238e-04
Loss = 1.1814e-01, PNorm = 100.1604, GNorm = 0.9150, lr_0 = 7.7029e-04
Loss = 1.0551e-01, PNorm = 100.2008, GNorm = 0.6223, lr_0 = 7.6820e-04
Loss = 1.0736e-01, PNorm = 100.2583, GNorm = 0.6505, lr_0 = 7.6612e-04
Loss = 9.5737e-02, PNorm = 100.3157, GNorm = 1.0681, lr_0 = 7.6404e-04
Loss = 1.0631e-01, PNorm = 100.3670, GNorm = 1.5102, lr_0 = 7.6197e-04
Loss = 9.4518e-02, PNorm = 100.4204, GNorm = 0.8506, lr_0 = 7.5990e-04
Loss = 9.7186e-02, PNorm = 100.4733, GNorm = 1.1047, lr_0 = 7.5784e-04
Loss = 1.1447e-01, PNorm = 100.5206, GNorm = 1.0219, lr_0 = 7.5579e-04
Loss = 1.0344e-01, PNorm = 100.5732, GNorm = 2.1074, lr_0 = 7.5374e-04
Loss = 9.7131e-02, PNorm = 100.6260, GNorm = 1.1551, lr_0 = 7.5169e-04
Loss = 1.0440e-01, PNorm = 100.6748, GNorm = 1.6109, lr_0 = 7.4965e-04
Loss = 1.1765e-01, PNorm = 100.7164, GNorm = 2.1661, lr_0 = 7.4762e-04
Loss = 1.1494e-01, PNorm = 100.7699, GNorm = 1.0762, lr_0 = 7.4559e-04
Loss = 1.0409e-01, PNorm = 100.8265, GNorm = 0.6518, lr_0 = 7.4357e-04
Loss = 1.0052e-01, PNorm = 100.8759, GNorm = 1.5248, lr_0 = 7.4156e-04
Validation rmse = 36.632712
Epoch 7
Loss = 8.6515e-02, PNorm = 100.9243, GNorm = 0.5542, lr_0 = 7.3954e-04
Loss = 8.9934e-02, PNorm = 100.9633, GNorm = 1.4854, lr_0 = 7.3754e-04
Loss = 1.0648e-01, PNorm = 101.0129, GNorm = 0.5237, lr_0 = 7.3554e-04
Loss = 9.6636e-02, PNorm = 101.0581, GNorm = 0.6843, lr_0 = 7.3355e-04
Loss = 1.0421e-01, PNorm = 101.0906, GNorm = 0.8894, lr_0 = 7.3156e-04
Loss = 9.5711e-02, PNorm = 101.1435, GNorm = 0.6310, lr_0 = 7.2957e-04
Loss = 9.5815e-02, PNorm = 101.1911, GNorm = 0.6683, lr_0 = 7.2759e-04
Loss = 1.0685e-01, PNorm = 101.2317, GNorm = 0.9637, lr_0 = 7.2562e-04
Loss = 1.1139e-01, PNorm = 101.2864, GNorm = 0.7562, lr_0 = 7.2365e-04
Loss = 9.7625e-02, PNorm = 101.3362, GNorm = 0.9062, lr_0 = 7.2169e-04
Loss = 9.3894e-02, PNorm = 101.3791, GNorm = 1.5455, lr_0 = 7.1973e-04
Loss = 8.7749e-02, PNorm = 101.4221, GNorm = 1.0708, lr_0 = 7.1778e-04
Loss = 9.8577e-02, PNorm = 101.4720, GNorm = 1.1143, lr_0 = 7.1584e-04
Loss = 1.0288e-01, PNorm = 101.5219, GNorm = 1.1181, lr_0 = 7.1390e-04
Loss = 8.8321e-02, PNorm = 101.5656, GNorm = 0.9608, lr_0 = 7.1196e-04
Loss = 9.9797e-02, PNorm = 101.6109, GNorm = 1.7002, lr_0 = 7.1003e-04
Loss = 8.1012e-02, PNorm = 101.6460, GNorm = 0.9710, lr_0 = 7.0810e-04
Loss = 8.3934e-02, PNorm = 101.6848, GNorm = 0.3704, lr_0 = 7.0618e-04
Loss = 8.8801e-02, PNorm = 101.7230, GNorm = 0.6744, lr_0 = 7.0427e-04
Loss = 9.9869e-02, PNorm = 101.7621, GNorm = 1.3602, lr_0 = 7.0236e-04
Loss = 7.8436e-02, PNorm = 101.8123, GNorm = 1.1368, lr_0 = 7.0045e-04
Validation rmse = 36.061758
Epoch 8
Loss = 4.5220e-02, PNorm = 101.8683, GNorm = 0.5862, lr_0 = 6.9837e-04
Loss = 8.8982e-02, PNorm = 101.9132, GNorm = 0.8376, lr_0 = 6.9647e-04
Loss = 8.4210e-02, PNorm = 101.9570, GNorm = 0.9102, lr_0 = 6.9458e-04
Loss = 7.5350e-02, PNorm = 101.9950, GNorm = 1.3310, lr_0 = 6.9270e-04
Loss = 8.5974e-02, PNorm = 102.0332, GNorm = 1.0342, lr_0 = 6.9082e-04
Loss = 7.8066e-02, PNorm = 102.0716, GNorm = 0.6997, lr_0 = 6.8895e-04
Loss = 1.0098e-01, PNorm = 102.1131, GNorm = 1.2414, lr_0 = 6.8708e-04
Loss = 8.3298e-02, PNorm = 102.1607, GNorm = 0.7004, lr_0 = 6.8522e-04
Loss = 8.0273e-02, PNorm = 102.2067, GNorm = 1.0676, lr_0 = 6.8336e-04
Loss = 1.0053e-01, PNorm = 102.2570, GNorm = 1.3977, lr_0 = 6.8151e-04
Loss = 9.7548e-02, PNorm = 102.3048, GNorm = 1.1361, lr_0 = 6.7966e-04
Loss = 9.1023e-02, PNorm = 102.3502, GNorm = 0.7543, lr_0 = 6.7781e-04
Loss = 1.0060e-01, PNorm = 102.3949, GNorm = 1.0295, lr_0 = 6.7598e-04
Loss = 8.5229e-02, PNorm = 102.4399, GNorm = 1.0315, lr_0 = 6.7414e-04
Loss = 8.9836e-02, PNorm = 102.4835, GNorm = 0.7494, lr_0 = 6.7232e-04
Loss = 1.0118e-01, PNorm = 102.5266, GNorm = 0.8739, lr_0 = 6.7049e-04
Loss = 8.0382e-02, PNorm = 102.5726, GNorm = 0.9092, lr_0 = 6.6867e-04
Loss = 7.3762e-02, PNorm = 102.6149, GNorm = 0.6557, lr_0 = 6.6686e-04
Loss = 8.8189e-02, PNorm = 102.6546, GNorm = 0.8146, lr_0 = 6.6505e-04
Loss = 8.2153e-02, PNorm = 102.7027, GNorm = 1.0303, lr_0 = 6.6325e-04
Loss = 9.8449e-02, PNorm = 102.7496, GNorm = 1.3274, lr_0 = 6.6145e-04
Loss = 8.1932e-02, PNorm = 102.7904, GNorm = 2.2378, lr_0 = 6.5966e-04
Validation rmse = 35.158846
Epoch 9
Loss = 8.3187e-02, PNorm = 102.8386, GNorm = 0.9356, lr_0 = 6.5787e-04
Loss = 8.0941e-02, PNorm = 102.8767, GNorm = 1.3769, lr_0 = 6.5609e-04
Loss = 7.6078e-02, PNorm = 102.9127, GNorm = 0.9452, lr_0 = 6.5431e-04
Loss = 6.9940e-02, PNorm = 102.9524, GNorm = 0.4265, lr_0 = 6.5253e-04
Loss = 8.0413e-02, PNorm = 102.9873, GNorm = 1.2305, lr_0 = 6.5076e-04
Loss = 7.4593e-02, PNorm = 103.0177, GNorm = 0.8344, lr_0 = 6.4900e-04
Loss = 7.1151e-02, PNorm = 103.0561, GNorm = 0.8125, lr_0 = 6.4724e-04
Loss = 7.5518e-02, PNorm = 103.0909, GNorm = 0.5107, lr_0 = 6.4548e-04
Loss = 9.3509e-02, PNorm = 103.1265, GNorm = 2.0691, lr_0 = 6.4373e-04
Loss = 8.3400e-02, PNorm = 103.1728, GNorm = 0.7732, lr_0 = 6.4199e-04
Loss = 7.0487e-02, PNorm = 103.2059, GNorm = 0.5792, lr_0 = 6.4025e-04
Loss = 1.0024e-01, PNorm = 103.2461, GNorm = 0.6563, lr_0 = 6.3851e-04
Loss = 6.6887e-02, PNorm = 103.2836, GNorm = 0.9022, lr_0 = 6.3678e-04
Loss = 7.7276e-02, PNorm = 103.3145, GNorm = 1.0573, lr_0 = 6.3505e-04
Loss = 8.3206e-02, PNorm = 103.3400, GNorm = 0.7878, lr_0 = 6.3333e-04
Loss = 9.5639e-02, PNorm = 103.3847, GNorm = 1.3377, lr_0 = 6.3161e-04
Loss = 6.8107e-02, PNorm = 103.4223, GNorm = 1.5941, lr_0 = 6.2990e-04
Loss = 8.7649e-02, PNorm = 103.4668, GNorm = 1.2204, lr_0 = 6.2819e-04
Loss = 7.6714e-02, PNorm = 103.5128, GNorm = 0.6843, lr_0 = 6.2649e-04
Loss = 6.8508e-02, PNorm = 103.5543, GNorm = 0.5212, lr_0 = 6.2479e-04
Loss = 7.6172e-02, PNorm = 103.5855, GNorm = 1.3059, lr_0 = 6.2310e-04
Validation rmse = 35.213848
Epoch 10
Loss = 6.4051e-02, PNorm = 103.6231, GNorm = 1.4064, lr_0 = 6.2124e-04
Loss = 8.3873e-02, PNorm = 103.6620, GNorm = 1.1087, lr_0 = 6.1955e-04
Loss = 7.3687e-02, PNorm = 103.6962, GNorm = 0.5967, lr_0 = 6.1787e-04
Loss = 6.9380e-02, PNorm = 103.7372, GNorm = 1.7469, lr_0 = 6.1620e-04
Loss = 6.9246e-02, PNorm = 103.7662, GNorm = 0.5268, lr_0 = 6.1453e-04
Loss = 7.4870e-02, PNorm = 103.8019, GNorm = 0.5113, lr_0 = 6.1286e-04
Loss = 7.0279e-02, PNorm = 103.8424, GNorm = 0.8148, lr_0 = 6.1120e-04
Loss = 7.8384e-02, PNorm = 103.8750, GNorm = 1.2782, lr_0 = 6.0954e-04
Loss = 6.9906e-02, PNorm = 103.9127, GNorm = 0.3645, lr_0 = 6.0789e-04
Loss = 6.8434e-02, PNorm = 103.9440, GNorm = 1.2387, lr_0 = 6.0624e-04
Loss = 7.2945e-02, PNorm = 103.9814, GNorm = 1.2661, lr_0 = 6.0460e-04
Loss = 9.8200e-02, PNorm = 104.0257, GNorm = 1.1325, lr_0 = 6.0296e-04
Loss = 9.8904e-02, PNorm = 104.0687, GNorm = 0.7053, lr_0 = 6.0132e-04
Loss = 9.2576e-02, PNorm = 104.1176, GNorm = 0.7882, lr_0 = 5.9969e-04
Loss = 8.0744e-02, PNorm = 104.1644, GNorm = 0.6037, lr_0 = 5.9806e-04
Loss = 7.8480e-02, PNorm = 104.2045, GNorm = 0.4790, lr_0 = 5.9644e-04
Loss = 7.2824e-02, PNorm = 104.2433, GNorm = 1.4256, lr_0 = 5.9483e-04
Loss = 8.0342e-02, PNorm = 104.2769, GNorm = 2.2258, lr_0 = 5.9321e-04
Loss = 8.5311e-02, PNorm = 104.3175, GNorm = 0.5426, lr_0 = 5.9160e-04
Loss = 7.8830e-02, PNorm = 104.3506, GNorm = 0.7863, lr_0 = 5.9000e-04
Loss = 6.8389e-02, PNorm = 104.3735, GNorm = 0.4482, lr_0 = 5.8840e-04
Validation rmse = 33.173962
Epoch 11
Loss = 9.3698e-02, PNorm = 104.4043, GNorm = 0.7606, lr_0 = 5.8680e-04
Loss = 5.6073e-02, PNorm = 104.4386, GNorm = 0.5395, lr_0 = 5.8521e-04
Loss = 6.5713e-02, PNorm = 104.4668, GNorm = 1.4131, lr_0 = 5.8363e-04
Loss = 7.8382e-02, PNorm = 104.5021, GNorm = 0.7724, lr_0 = 5.8204e-04
Loss = 6.5760e-02, PNorm = 104.5330, GNorm = 1.3692, lr_0 = 5.8047e-04
Loss = 6.8845e-02, PNorm = 104.5701, GNorm = 1.1341, lr_0 = 5.7889e-04
Loss = 6.4773e-02, PNorm = 104.6054, GNorm = 0.8517, lr_0 = 5.7732e-04
Loss = 6.8750e-02, PNorm = 104.6330, GNorm = 1.2429, lr_0 = 5.7576e-04
Loss = 5.8027e-02, PNorm = 104.6635, GNorm = 0.4731, lr_0 = 5.7420e-04
Loss = 6.1221e-02, PNorm = 104.6915, GNorm = 1.1888, lr_0 = 5.7264e-04
Loss = 6.9908e-02, PNorm = 104.7180, GNorm = 0.5893, lr_0 = 5.7109e-04
Loss = 7.0877e-02, PNorm = 104.7465, GNorm = 1.6571, lr_0 = 5.6954e-04
Loss = 7.0274e-02, PNorm = 104.7835, GNorm = 0.5394, lr_0 = 5.6799e-04
Loss = 6.2762e-02, PNorm = 104.8118, GNorm = 0.5120, lr_0 = 5.6645e-04
Loss = 7.2993e-02, PNorm = 104.8437, GNorm = 2.2935, lr_0 = 5.6492e-04
Loss = 7.2981e-02, PNorm = 104.8763, GNorm = 0.5981, lr_0 = 5.6338e-04
Loss = 7.5269e-02, PNorm = 104.9050, GNorm = 0.9217, lr_0 = 5.6186e-04
Loss = 6.0299e-02, PNorm = 104.9348, GNorm = 0.9104, lr_0 = 5.6033e-04
Loss = 5.3644e-02, PNorm = 104.9655, GNorm = 0.4825, lr_0 = 5.5881e-04
Loss = 6.3081e-02, PNorm = 104.9925, GNorm = 1.1342, lr_0 = 5.5730e-04
Loss = 5.6078e-02, PNorm = 105.0218, GNorm = 0.7162, lr_0 = 5.5579e-04
Loss = 6.9701e-02, PNorm = 105.0488, GNorm = 0.7219, lr_0 = 5.5428e-04
Validation rmse = 33.677426
Epoch 12
Loss = 8.9511e-02, PNorm = 105.0820, GNorm = 1.5941, lr_0 = 5.5263e-04
Loss = 5.6531e-02, PNorm = 105.1105, GNorm = 0.9323, lr_0 = 5.5113e-04
Loss = 7.4068e-02, PNorm = 105.1411, GNorm = 1.3401, lr_0 = 5.4963e-04
Loss = 7.2661e-02, PNorm = 105.1755, GNorm = 0.4652, lr_0 = 5.4814e-04
Loss = 8.1009e-02, PNorm = 105.2223, GNorm = 1.9029, lr_0 = 5.4666e-04
Loss = 8.0156e-02, PNorm = 105.2504, GNorm = 1.1062, lr_0 = 5.4518e-04
Loss = 6.1944e-02, PNorm = 105.2798, GNorm = 1.0527, lr_0 = 5.4370e-04
Loss = 6.9096e-02, PNorm = 105.3156, GNorm = 1.5429, lr_0 = 5.4222e-04
Loss = 7.0351e-02, PNorm = 105.3410, GNorm = 0.7934, lr_0 = 5.4075e-04
Loss = 7.4760e-02, PNorm = 105.3720, GNorm = 1.5849, lr_0 = 5.3929e-04
Loss = 8.1962e-02, PNorm = 105.4050, GNorm = 1.4284, lr_0 = 5.3782e-04
Loss = 6.4566e-02, PNorm = 105.4385, GNorm = 1.0833, lr_0 = 5.3637e-04
Loss = 7.3518e-02, PNorm = 105.4744, GNorm = 0.5504, lr_0 = 5.3491e-04
Loss = 5.8545e-02, PNorm = 105.5004, GNorm = 1.0323, lr_0 = 5.3346e-04
Loss = 5.4064e-02, PNorm = 105.5296, GNorm = 0.7327, lr_0 = 5.3201e-04
Loss = 6.2850e-02, PNorm = 105.5571, GNorm = 0.6166, lr_0 = 5.3057e-04
Loss = 6.2284e-02, PNorm = 105.5853, GNorm = 0.3755, lr_0 = 5.2913e-04
Loss = 8.4777e-02, PNorm = 105.6187, GNorm = 2.0226, lr_0 = 5.2770e-04
Loss = 5.7811e-02, PNorm = 105.6524, GNorm = 0.5894, lr_0 = 5.2627e-04
Loss = 5.8734e-02, PNorm = 105.6814, GNorm = 0.7186, lr_0 = 5.2484e-04
Loss = 6.5774e-02, PNorm = 105.7099, GNorm = 0.6727, lr_0 = 5.2342e-04
Validation rmse = 32.367760
Epoch 13
Loss = 5.5306e-02, PNorm = 105.7414, GNorm = 0.3509, lr_0 = 5.2200e-04
Loss = 5.8940e-02, PNorm = 105.7752, GNorm = 0.8277, lr_0 = 5.2058e-04
Loss = 6.9438e-02, PNorm = 105.8074, GNorm = 0.4830, lr_0 = 5.1917e-04
Loss = 6.1415e-02, PNorm = 105.8317, GNorm = 2.1338, lr_0 = 5.1776e-04
Loss = 6.4918e-02, PNorm = 105.8539, GNorm = 1.1081, lr_0 = 5.1636e-04
Loss = 6.6282e-02, PNorm = 105.8883, GNorm = 0.8744, lr_0 = 5.1496e-04
Loss = 6.3538e-02, PNorm = 105.9200, GNorm = 0.8857, lr_0 = 5.1356e-04
Loss = 6.4928e-02, PNorm = 105.9477, GNorm = 1.0793, lr_0 = 5.1217e-04
Loss = 5.8528e-02, PNorm = 105.9747, GNorm = 0.9781, lr_0 = 5.1078e-04
Loss = 5.1829e-02, PNorm = 105.9983, GNorm = 0.3802, lr_0 = 5.0940e-04
Loss = 4.7632e-02, PNorm = 106.0231, GNorm = 0.6921, lr_0 = 5.0801e-04
Loss = 5.5732e-02, PNorm = 106.0473, GNorm = 1.2151, lr_0 = 5.0664e-04
Loss = 6.1837e-02, PNorm = 106.0737, GNorm = 0.6588, lr_0 = 5.0526e-04
Loss = 6.5307e-02, PNorm = 106.0994, GNorm = 1.6756, lr_0 = 5.0389e-04
Loss = 6.7656e-02, PNorm = 106.1347, GNorm = 0.9990, lr_0 = 5.0253e-04
Loss = 6.6202e-02, PNorm = 106.1628, GNorm = 1.6417, lr_0 = 5.0116e-04
Loss = 6.4901e-02, PNorm = 106.1934, GNorm = 1.8815, lr_0 = 4.9980e-04
Loss = 4.8928e-02, PNorm = 106.2207, GNorm = 0.4236, lr_0 = 4.9845e-04
Loss = 7.1071e-02, PNorm = 106.2500, GNorm = 0.8346, lr_0 = 4.9710e-04
Loss = 5.9529e-02, PNorm = 106.2817, GNorm = 0.8471, lr_0 = 4.9575e-04
Loss = 5.9193e-02, PNorm = 106.3062, GNorm = 0.5355, lr_0 = 4.9441e-04
Loss = 6.7737e-02, PNorm = 106.3280, GNorm = 1.9178, lr_0 = 4.9306e-04
Validation rmse = 34.266501
Epoch 14
Loss = 5.7308e-02, PNorm = 106.3561, GNorm = 0.8187, lr_0 = 4.9173e-04
Loss = 5.5437e-02, PNorm = 106.3852, GNorm = 0.6654, lr_0 = 4.9039e-04
Loss = 5.3025e-02, PNorm = 106.4168, GNorm = 0.6053, lr_0 = 4.8906e-04
Loss = 5.7926e-02, PNorm = 106.4428, GNorm = 0.7158, lr_0 = 4.8774e-04
Loss = 5.8675e-02, PNorm = 106.4685, GNorm = 0.9663, lr_0 = 4.8642e-04
Loss = 5.7174e-02, PNorm = 106.4904, GNorm = 0.5073, lr_0 = 4.8510e-04
Loss = 5.2058e-02, PNorm = 106.5056, GNorm = 0.6809, lr_0 = 4.8378e-04
Loss = 5.4671e-02, PNorm = 106.5268, GNorm = 0.9370, lr_0 = 4.8247e-04
Loss = 5.5090e-02, PNorm = 106.5516, GNorm = 0.7209, lr_0 = 4.8116e-04
Loss = 5.5199e-02, PNorm = 106.5734, GNorm = 1.0172, lr_0 = 4.7986e-04
Loss = 4.7331e-02, PNorm = 106.6043, GNorm = 1.1339, lr_0 = 4.7856e-04
Loss = 5.2282e-02, PNorm = 106.6288, GNorm = 0.9723, lr_0 = 4.7726e-04
Loss = 5.0049e-02, PNorm = 106.6488, GNorm = 1.2956, lr_0 = 4.7596e-04
Loss = 6.5721e-02, PNorm = 106.6740, GNorm = 1.0706, lr_0 = 4.7467e-04
Loss = 6.3545e-02, PNorm = 106.7021, GNorm = 0.9482, lr_0 = 4.7339e-04
Loss = 6.8588e-02, PNorm = 106.7353, GNorm = 1.0265, lr_0 = 4.7210e-04
Loss = 7.4692e-02, PNorm = 106.7706, GNorm = 0.6280, lr_0 = 4.7082e-04
Loss = 7.0661e-02, PNorm = 106.8067, GNorm = 1.3974, lr_0 = 4.6955e-04
Loss = 6.2953e-02, PNorm = 106.8394, GNorm = 0.8193, lr_0 = 4.6827e-04
Loss = 5.3523e-02, PNorm = 106.8683, GNorm = 0.6428, lr_0 = 4.6700e-04
Loss = 5.2174e-02, PNorm = 106.8966, GNorm = 0.7077, lr_0 = 4.6574e-04
Validation rmse = 32.755859
Epoch 15
Loss = 5.3277e-02, PNorm = 106.9211, GNorm = 0.3995, lr_0 = 4.6435e-04
Loss = 5.4984e-02, PNorm = 106.9428, GNorm = 0.5812, lr_0 = 4.6309e-04
Loss = 5.5503e-02, PNorm = 106.9679, GNorm = 0.6521, lr_0 = 4.6183e-04
Loss = 4.5838e-02, PNorm = 106.9914, GNorm = 0.5734, lr_0 = 4.6058e-04
Loss = 5.4865e-02, PNorm = 107.0087, GNorm = 0.5281, lr_0 = 4.5933e-04
Loss = 5.0432e-02, PNorm = 107.0317, GNorm = 0.5453, lr_0 = 4.5809e-04
Loss = 4.5177e-02, PNorm = 107.0536, GNorm = 0.4448, lr_0 = 4.5684e-04
Loss = 4.6847e-02, PNorm = 107.0738, GNorm = 0.5874, lr_0 = 4.5560e-04
Loss = 5.1835e-02, PNorm = 107.0922, GNorm = 0.5460, lr_0 = 4.5437e-04
Loss = 5.5604e-02, PNorm = 107.1155, GNorm = 1.1557, lr_0 = 4.5314e-04
Loss = 5.2568e-02, PNorm = 107.1471, GNorm = 0.4803, lr_0 = 4.5191e-04
Loss = 6.4041e-02, PNorm = 107.1757, GNorm = 1.3059, lr_0 = 4.5068e-04
Loss = 5.8613e-02, PNorm = 107.1965, GNorm = 0.7646, lr_0 = 4.4946e-04
Loss = 6.0775e-02, PNorm = 107.2214, GNorm = 0.8028, lr_0 = 4.4824e-04
Loss = 6.3961e-02, PNorm = 107.2518, GNorm = 2.0704, lr_0 = 4.4703e-04
Loss = 6.3143e-02, PNorm = 107.2845, GNorm = 0.6306, lr_0 = 4.4581e-04
Loss = 5.9750e-02, PNorm = 107.3131, GNorm = 0.3430, lr_0 = 4.4461e-04
Loss = 5.4099e-02, PNorm = 107.3383, GNorm = 1.0773, lr_0 = 4.4340e-04
Loss = 4.2065e-02, PNorm = 107.3592, GNorm = 0.5602, lr_0 = 4.4220e-04
Loss = 4.7189e-02, PNorm = 107.3803, GNorm = 1.1776, lr_0 = 4.4100e-04
Loss = 5.7309e-02, PNorm = 107.4005, GNorm = 0.4094, lr_0 = 4.3980e-04
Validation rmse = 31.656071
Epoch 16
Loss = 4.7928e-02, PNorm = 107.4211, GNorm = 1.2557, lr_0 = 4.3861e-04
Loss = 4.3480e-02, PNorm = 107.4402, GNorm = 0.7182, lr_0 = 4.3742e-04
Loss = 5.3178e-02, PNorm = 107.4628, GNorm = 0.9443, lr_0 = 4.3623e-04
Loss = 5.1175e-02, PNorm = 107.4787, GNorm = 0.6342, lr_0 = 4.3505e-04
Loss = 5.0763e-02, PNorm = 107.5027, GNorm = 1.2013, lr_0 = 4.3387e-04
Loss = 5.5662e-02, PNorm = 107.5287, GNorm = 1.1832, lr_0 = 4.3270e-04
Loss = 7.1042e-02, PNorm = 107.5599, GNorm = 1.5665, lr_0 = 4.3152e-04
Loss = 6.7351e-02, PNorm = 107.5949, GNorm = 2.0776, lr_0 = 4.3035e-04
Loss = 4.6846e-02, PNorm = 107.6221, GNorm = 0.5089, lr_0 = 4.2919e-04
Loss = 5.5276e-02, PNorm = 107.6453, GNorm = 0.5317, lr_0 = 4.2802e-04
Loss = 4.9331e-02, PNorm = 107.6737, GNorm = 1.0488, lr_0 = 4.2686e-04
Loss = 5.8422e-02, PNorm = 107.6980, GNorm = 1.0892, lr_0 = 4.2570e-04
Loss = 5.2277e-02, PNorm = 107.7214, GNorm = 0.5182, lr_0 = 4.2455e-04
Loss = 5.4658e-02, PNorm = 107.7382, GNorm = 0.5832, lr_0 = 4.2340e-04
Loss = 4.5253e-02, PNorm = 107.7630, GNorm = 0.4954, lr_0 = 4.2225e-04
Loss = 6.0640e-02, PNorm = 107.7845, GNorm = 0.4660, lr_0 = 4.2110e-04
Loss = 4.3535e-02, PNorm = 107.8079, GNorm = 0.4827, lr_0 = 4.1996e-04
Loss = 5.1740e-02, PNorm = 107.8354, GNorm = 0.6378, lr_0 = 4.1882e-04
Loss = 4.9919e-02, PNorm = 107.8616, GNorm = 1.1350, lr_0 = 4.1769e-04
Loss = 5.1962e-02, PNorm = 107.8850, GNorm = 0.4546, lr_0 = 4.1656e-04
Loss = 4.6404e-02, PNorm = 107.9024, GNorm = 0.3932, lr_0 = 4.1543e-04
Loss = 4.3119e-02, PNorm = 107.9204, GNorm = 0.5437, lr_0 = 4.1430e-04
Loss = 4.0535e-02, PNorm = 107.9218, GNorm = 0.7656, lr_0 = 4.1419e-04
Validation rmse = 32.208783
Epoch 17
Loss = 4.8547e-02, PNorm = 107.9391, GNorm = 0.6822, lr_0 = 4.1306e-04
Loss = 3.9089e-02, PNorm = 107.9591, GNorm = 0.3789, lr_0 = 4.1194e-04
Loss = 4.9203e-02, PNorm = 107.9800, GNorm = 0.7912, lr_0 = 4.1083e-04
Loss = 4.3047e-02, PNorm = 107.9997, GNorm = 0.6849, lr_0 = 4.0971e-04
Loss = 5.1174e-02, PNorm = 108.0198, GNorm = 0.9324, lr_0 = 4.0860e-04
Loss = 5.8723e-02, PNorm = 108.0365, GNorm = 0.9671, lr_0 = 4.0749e-04
Loss = 5.4024e-02, PNorm = 108.0563, GNorm = 1.1643, lr_0 = 4.0639e-04
Loss = 6.2542e-02, PNorm = 108.0893, GNorm = 0.7088, lr_0 = 4.0529e-04
Loss = 5.5033e-02, PNorm = 108.1190, GNorm = 0.5071, lr_0 = 4.0419e-04
Loss = 4.1644e-02, PNorm = 108.1427, GNorm = 0.4790, lr_0 = 4.0309e-04
Loss = 4.3806e-02, PNorm = 108.1622, GNorm = 0.4692, lr_0 = 4.0200e-04
Loss = 5.2608e-02, PNorm = 108.1841, GNorm = 0.8791, lr_0 = 4.0091e-04
Loss = 5.1545e-02, PNorm = 108.2068, GNorm = 0.3231, lr_0 = 3.9982e-04
Loss = 4.8378e-02, PNorm = 108.2296, GNorm = 1.2618, lr_0 = 3.9874e-04
Loss = 5.7126e-02, PNorm = 108.2479, GNorm = 1.2604, lr_0 = 3.9766e-04
Loss = 4.7848e-02, PNorm = 108.2713, GNorm = 0.5938, lr_0 = 3.9658e-04
Loss = 4.3096e-02, PNorm = 108.2890, GNorm = 0.5845, lr_0 = 3.9550e-04
Loss = 4.8083e-02, PNorm = 108.3021, GNorm = 0.5744, lr_0 = 3.9443e-04
Loss = 5.2814e-02, PNorm = 108.3242, GNorm = 0.4935, lr_0 = 3.9336e-04
Loss = 4.2361e-02, PNorm = 108.3419, GNorm = 0.3667, lr_0 = 3.9229e-04
Loss = 5.6216e-02, PNorm = 108.3582, GNorm = 1.4416, lr_0 = 3.9123e-04
Validation rmse = 31.045339
Epoch 18
Loss = 3.6854e-02, PNorm = 108.3783, GNorm = 0.4573, lr_0 = 3.9017e-04
Loss = 4.8448e-02, PNorm = 108.4006, GNorm = 0.7721, lr_0 = 3.8911e-04
Loss = 4.5438e-02, PNorm = 108.4188, GNorm = 0.6313, lr_0 = 3.8806e-04
Loss = 4.3239e-02, PNorm = 108.4403, GNorm = 0.9398, lr_0 = 3.8700e-04
Loss = 5.1940e-02, PNorm = 108.4543, GNorm = 0.9315, lr_0 = 3.8596e-04
Loss = 4.4473e-02, PNorm = 108.4706, GNorm = 0.4546, lr_0 = 3.8491e-04
Loss = 4.6304e-02, PNorm = 108.4914, GNorm = 1.0597, lr_0 = 3.8386e-04
Loss = 4.5151e-02, PNorm = 108.5055, GNorm = 0.8197, lr_0 = 3.8282e-04
Loss = 4.6566e-02, PNorm = 108.5229, GNorm = 0.6118, lr_0 = 3.8179e-04
Loss = 4.6076e-02, PNorm = 108.5420, GNorm = 0.5867, lr_0 = 3.8075e-04
Loss = 5.7405e-02, PNorm = 108.5643, GNorm = 0.7977, lr_0 = 3.7972e-04
Loss = 4.7902e-02, PNorm = 108.5845, GNorm = 0.7716, lr_0 = 3.7869e-04
Loss = 5.2706e-02, PNorm = 108.6033, GNorm = 1.4192, lr_0 = 3.7766e-04
Loss = 4.2241e-02, PNorm = 108.6258, GNorm = 0.9928, lr_0 = 3.7664e-04
Loss = 4.3796e-02, PNorm = 108.6494, GNorm = 0.4413, lr_0 = 3.7562e-04
Loss = 4.4541e-02, PNorm = 108.6707, GNorm = 0.3351, lr_0 = 3.7460e-04
Loss = 4.2898e-02, PNorm = 108.6873, GNorm = 1.2890, lr_0 = 3.7358e-04
Loss = 4.3936e-02, PNorm = 108.7022, GNorm = 0.5359, lr_0 = 3.7257e-04
Loss = 4.6862e-02, PNorm = 108.7229, GNorm = 0.4560, lr_0 = 3.7156e-04
Loss = 4.7021e-02, PNorm = 108.7415, GNorm = 0.5233, lr_0 = 3.7055e-04
Loss = 5.2365e-02, PNorm = 108.7566, GNorm = 0.6472, lr_0 = 3.6955e-04
Validation rmse = 30.622205
Epoch 19
Loss = 3.5362e-02, PNorm = 108.7752, GNorm = 0.4368, lr_0 = 3.6854e-04
Loss = 4.3425e-02, PNorm = 108.7891, GNorm = 0.4196, lr_0 = 3.6754e-04
Loss = 4.8322e-02, PNorm = 108.8023, GNorm = 0.6455, lr_0 = 3.6655e-04
Loss = 4.2544e-02, PNorm = 108.8141, GNorm = 0.3476, lr_0 = 3.6555e-04
Loss = 4.5108e-02, PNorm = 108.8360, GNorm = 1.0234, lr_0 = 3.6456e-04
Loss = 3.9107e-02, PNorm = 108.8587, GNorm = 0.7059, lr_0 = 3.6357e-04
Loss = 4.0095e-02, PNorm = 108.8758, GNorm = 0.7707, lr_0 = 3.6259e-04
Loss = 4.9095e-02, PNorm = 108.8958, GNorm = 0.3503, lr_0 = 3.6161e-04
Loss = 4.1210e-02, PNorm = 108.9160, GNorm = 0.5700, lr_0 = 3.6062e-04
Loss = 4.8519e-02, PNorm = 108.9360, GNorm = 0.5736, lr_0 = 3.5965e-04
Loss = 3.6032e-02, PNorm = 108.9492, GNorm = 0.5369, lr_0 = 3.5867e-04
Loss = 4.8110e-02, PNorm = 108.9664, GNorm = 1.5315, lr_0 = 3.5770e-04
Loss = 4.2806e-02, PNorm = 108.9876, GNorm = 0.7486, lr_0 = 3.5673e-04
Loss = 3.9534e-02, PNorm = 109.0034, GNorm = 0.3139, lr_0 = 3.5576e-04
Loss = 4.6499e-02, PNorm = 109.0273, GNorm = 0.8528, lr_0 = 3.5480e-04
Loss = 5.5377e-02, PNorm = 109.0426, GNorm = 0.8499, lr_0 = 3.5384e-04
Loss = 5.0901e-02, PNorm = 109.0612, GNorm = 0.5840, lr_0 = 3.5288e-04
Loss = 4.8601e-02, PNorm = 109.0857, GNorm = 0.6929, lr_0 = 3.5192e-04
Loss = 5.3414e-02, PNorm = 109.1064, GNorm = 0.3885, lr_0 = 3.5096e-04
Loss = 5.0743e-02, PNorm = 109.1248, GNorm = 0.5595, lr_0 = 3.5001e-04
Loss = 4.2209e-02, PNorm = 109.1466, GNorm = 0.6535, lr_0 = 3.4906e-04
Loss = 4.3094e-02, PNorm = 109.1688, GNorm = 0.3901, lr_0 = 3.4812e-04
Validation rmse = 31.791240
Epoch 20
Loss = 4.0590e-02, PNorm = 109.1861, GNorm = 0.4507, lr_0 = 3.4708e-04
Loss = 4.5062e-02, PNorm = 109.2031, GNorm = 0.8235, lr_0 = 3.4614e-04
Loss = 4.3482e-02, PNorm = 109.2207, GNorm = 0.4685, lr_0 = 3.4520e-04
Loss = 4.1391e-02, PNorm = 109.2395, GNorm = 0.6128, lr_0 = 3.4426e-04
Loss = 4.9871e-02, PNorm = 109.2560, GNorm = 0.3468, lr_0 = 3.4333e-04
Loss = 4.2264e-02, PNorm = 109.2756, GNorm = 0.3072, lr_0 = 3.4240e-04
Loss = 4.5519e-02, PNorm = 109.2935, GNorm = 0.5818, lr_0 = 3.4147e-04
Loss = 4.5684e-02, PNorm = 109.3124, GNorm = 0.5306, lr_0 = 3.4054e-04
Loss = 3.6890e-02, PNorm = 109.3315, GNorm = 0.4428, lr_0 = 3.3962e-04
Loss = 3.9906e-02, PNorm = 109.3434, GNorm = 0.4917, lr_0 = 3.3870e-04
Loss = 4.0363e-02, PNorm = 109.3642, GNorm = 0.4020, lr_0 = 3.3778e-04
Loss = 4.6361e-02, PNorm = 109.3825, GNorm = 0.4234, lr_0 = 3.3687e-04
Loss = 4.9243e-02, PNorm = 109.3981, GNorm = 0.4389, lr_0 = 3.3595e-04
Loss = 4.1839e-02, PNorm = 109.4138, GNorm = 0.4098, lr_0 = 3.3504e-04
Loss = 4.1377e-02, PNorm = 109.4305, GNorm = 0.9036, lr_0 = 3.3413e-04
Loss = 3.7365e-02, PNorm = 109.4460, GNorm = 0.3830, lr_0 = 3.3323e-04
Loss = 3.3801e-02, PNorm = 109.4627, GNorm = 0.4987, lr_0 = 3.3232e-04
Loss = 4.5493e-02, PNorm = 109.4761, GNorm = 0.6241, lr_0 = 3.3142e-04
Loss = 4.2458e-02, PNorm = 109.4902, GNorm = 0.5897, lr_0 = 3.3052e-04
Loss = 4.0169e-02, PNorm = 109.5027, GNorm = 1.1362, lr_0 = 3.2963e-04
Loss = 5.0556e-02, PNorm = 109.5205, GNorm = 1.0997, lr_0 = 3.2873e-04
Validation rmse = 30.822916
Epoch 21
Loss = 4.5193e-02, PNorm = 109.5362, GNorm = 0.7807, lr_0 = 3.2784e-04
Loss = 5.1042e-02, PNorm = 109.5552, GNorm = 0.4124, lr_0 = 3.2695e-04
Loss = 4.1042e-02, PNorm = 109.5769, GNorm = 0.7323, lr_0 = 3.2607e-04
Loss = 4.1528e-02, PNorm = 109.5937, GNorm = 0.7708, lr_0 = 3.2518e-04
Loss = 4.0347e-02, PNorm = 109.6094, GNorm = 0.4144, lr_0 = 3.2430e-04
Loss = 4.3925e-02, PNorm = 109.6277, GNorm = 0.8354, lr_0 = 3.2342e-04
Loss = 4.0072e-02, PNorm = 109.6481, GNorm = 0.2497, lr_0 = 3.2254e-04
Loss = 4.6420e-02, PNorm = 109.6661, GNorm = 0.6746, lr_0 = 3.2167e-04
Loss = 4.4695e-02, PNorm = 109.6848, GNorm = 1.0288, lr_0 = 3.2080e-04
Loss = 4.8498e-02, PNorm = 109.7024, GNorm = 0.6641, lr_0 = 3.1993e-04
Loss = 3.5886e-02, PNorm = 109.7153, GNorm = 0.5753, lr_0 = 3.1906e-04
Loss = 4.1069e-02, PNorm = 109.7326, GNorm = 0.4425, lr_0 = 3.1819e-04
Loss = 3.6403e-02, PNorm = 109.7468, GNorm = 0.3056, lr_0 = 3.1733e-04
Loss = 4.9386e-02, PNorm = 109.7639, GNorm = 0.6236, lr_0 = 3.1647e-04
Loss = 4.8100e-02, PNorm = 109.7811, GNorm = 0.5386, lr_0 = 3.1561e-04
Loss = 4.3184e-02, PNorm = 109.7997, GNorm = 0.6493, lr_0 = 3.1476e-04
Loss = 4.0161e-02, PNorm = 109.8150, GNorm = 0.5615, lr_0 = 3.1390e-04
Loss = 3.5624e-02, PNorm = 109.8335, GNorm = 0.6537, lr_0 = 3.1305e-04
Loss = 4.0291e-02, PNorm = 109.8516, GNorm = 0.5406, lr_0 = 3.1220e-04
Loss = 4.2130e-02, PNorm = 109.8652, GNorm = 0.6505, lr_0 = 3.1136e-04
Loss = 4.1044e-02, PNorm = 109.8772, GNorm = 0.4801, lr_0 = 3.1051e-04
Validation rmse = 30.581894
Epoch 22
Loss = 2.8505e-02, PNorm = 109.8935, GNorm = 0.6333, lr_0 = 3.0959e-04
Loss = 4.8043e-02, PNorm = 109.9077, GNorm = 0.4300, lr_0 = 3.0875e-04
Loss = 4.2450e-02, PNorm = 109.9212, GNorm = 0.7151, lr_0 = 3.0791e-04
Loss = 4.4944e-02, PNorm = 109.9426, GNorm = 0.9185, lr_0 = 3.0708e-04
Loss = 3.9980e-02, PNorm = 109.9576, GNorm = 0.7361, lr_0 = 3.0624e-04
Loss = 3.7983e-02, PNorm = 109.9724, GNorm = 0.9674, lr_0 = 3.0541e-04
Loss = 3.8907e-02, PNorm = 109.9836, GNorm = 0.4786, lr_0 = 3.0458e-04
Loss = 3.4251e-02, PNorm = 109.9988, GNorm = 1.0186, lr_0 = 3.0376e-04
Loss = 3.7955e-02, PNorm = 110.0120, GNorm = 0.4057, lr_0 = 3.0293e-04
Loss = 3.4270e-02, PNorm = 110.0227, GNorm = 0.3568, lr_0 = 3.0211e-04
Loss = 4.3532e-02, PNorm = 110.0369, GNorm = 0.8614, lr_0 = 3.0129e-04
Loss = 4.6756e-02, PNorm = 110.0504, GNorm = 0.6015, lr_0 = 3.0048e-04
Loss = 3.8482e-02, PNorm = 110.0661, GNorm = 0.7477, lr_0 = 2.9966e-04
Loss = 3.8786e-02, PNorm = 110.0801, GNorm = 0.3665, lr_0 = 2.9885e-04
Loss = 3.7871e-02, PNorm = 110.0923, GNorm = 0.5343, lr_0 = 2.9804e-04
Loss = 4.5910e-02, PNorm = 110.1086, GNorm = 1.0665, lr_0 = 2.9723e-04
Loss = 4.4039e-02, PNorm = 110.1271, GNorm = 0.8544, lr_0 = 2.9642e-04
Loss = 4.7440e-02, PNorm = 110.1420, GNorm = 0.5613, lr_0 = 2.9562e-04
Loss = 3.1931e-02, PNorm = 110.1555, GNorm = 0.3939, lr_0 = 2.9482e-04
Loss = 4.0704e-02, PNorm = 110.1646, GNorm = 0.5667, lr_0 = 2.9402e-04
Loss = 4.0337e-02, PNorm = 110.1754, GNorm = 0.4003, lr_0 = 2.9322e-04
Loss = 3.7912e-02, PNorm = 110.1907, GNorm = 0.7790, lr_0 = 2.9243e-04
Validation rmse = 30.436344
Epoch 23
Loss = 4.2361e-02, PNorm = 110.2016, GNorm = 0.7429, lr_0 = 2.9163e-04
Loss = 3.9995e-02, PNorm = 110.2176, GNorm = 0.5117, lr_0 = 2.9084e-04
Loss = 4.0955e-02, PNorm = 110.2307, GNorm = 0.6361, lr_0 = 2.9006e-04
Loss = 4.3163e-02, PNorm = 110.2474, GNorm = 1.0202, lr_0 = 2.8927e-04
Loss = 3.7839e-02, PNorm = 110.2679, GNorm = 0.3566, lr_0 = 2.8848e-04
Loss = 3.7397e-02, PNorm = 110.2840, GNorm = 0.5245, lr_0 = 2.8770e-04
Loss = 3.5776e-02, PNorm = 110.3032, GNorm = 0.3053, lr_0 = 2.8692e-04
Loss = 4.0201e-02, PNorm = 110.3160, GNorm = 0.6973, lr_0 = 2.8614e-04
Loss = 3.5427e-02, PNorm = 110.3304, GNorm = 0.3632, lr_0 = 2.8537e-04
Loss = 3.9072e-02, PNorm = 110.3449, GNorm = 0.6537, lr_0 = 2.8459e-04
Loss = 3.9662e-02, PNorm = 110.3579, GNorm = 0.4171, lr_0 = 2.8382e-04
Loss = 4.0262e-02, PNorm = 110.3714, GNorm = 1.1091, lr_0 = 2.8305e-04
Loss = 4.1745e-02, PNorm = 110.3861, GNorm = 1.3977, lr_0 = 2.8229e-04
Loss = 4.0085e-02, PNorm = 110.3981, GNorm = 1.0478, lr_0 = 2.8152e-04
Loss = 3.9668e-02, PNorm = 110.4115, GNorm = 0.5922, lr_0 = 2.8076e-04
Loss = 4.1492e-02, PNorm = 110.4208, GNorm = 0.3045, lr_0 = 2.8000e-04
Loss = 4.3242e-02, PNorm = 110.4371, GNorm = 0.5259, lr_0 = 2.7924e-04
Loss = 3.8597e-02, PNorm = 110.4506, GNorm = 0.5277, lr_0 = 2.7848e-04
Loss = 4.4354e-02, PNorm = 110.4655, GNorm = 0.7200, lr_0 = 2.7772e-04
Loss = 4.0618e-02, PNorm = 110.4831, GNorm = 1.2001, lr_0 = 2.7697e-04
Loss = 4.4500e-02, PNorm = 110.5011, GNorm = 0.6501, lr_0 = 2.7622e-04
Validation rmse = 30.170592
Epoch 24
Loss = 4.0833e-02, PNorm = 110.5222, GNorm = 0.4343, lr_0 = 2.7540e-04
Loss = 4.2428e-02, PNorm = 110.5344, GNorm = 0.6740, lr_0 = 2.7465e-04
Loss = 3.6105e-02, PNorm = 110.5500, GNorm = 1.2477, lr_0 = 2.7390e-04
Loss = 4.9148e-02, PNorm = 110.5641, GNorm = 0.8169, lr_0 = 2.7316e-04
Loss = 4.8253e-02, PNorm = 110.5775, GNorm = 0.9236, lr_0 = 2.7242e-04
Loss = 3.3690e-02, PNorm = 110.5918, GNorm = 0.7202, lr_0 = 2.7168e-04
Loss = 3.9969e-02, PNorm = 110.6007, GNorm = 0.4794, lr_0 = 2.7095e-04
Loss = 3.2019e-02, PNorm = 110.6132, GNorm = 0.3835, lr_0 = 2.7021e-04
Loss = 3.7537e-02, PNorm = 110.6295, GNorm = 0.2936, lr_0 = 2.6948e-04
Loss = 3.7125e-02, PNorm = 110.6408, GNorm = 0.6148, lr_0 = 2.6875e-04
Loss = 3.5928e-02, PNorm = 110.6540, GNorm = 0.5661, lr_0 = 2.6802e-04
Loss = 3.3102e-02, PNorm = 110.6665, GNorm = 0.4330, lr_0 = 2.6729e-04
Loss = 3.2991e-02, PNorm = 110.6802, GNorm = 0.3276, lr_0 = 2.6657e-04
Loss = 3.5287e-02, PNorm = 110.6913, GNorm = 0.4952, lr_0 = 2.6584e-04
Loss = 3.9351e-02, PNorm = 110.7042, GNorm = 0.6618, lr_0 = 2.6512e-04
Loss = 4.2139e-02, PNorm = 110.7163, GNorm = 0.6755, lr_0 = 2.6440e-04
Loss = 3.7236e-02, PNorm = 110.7322, GNorm = 0.8427, lr_0 = 2.6369e-04
Loss = 3.7752e-02, PNorm = 110.7460, GNorm = 0.5364, lr_0 = 2.6297e-04
Loss = 4.5582e-02, PNorm = 110.7566, GNorm = 0.4505, lr_0 = 2.6226e-04
Loss = 3.9066e-02, PNorm = 110.7729, GNorm = 0.6028, lr_0 = 2.6155e-04
Loss = 4.0042e-02, PNorm = 110.7889, GNorm = 0.7133, lr_0 = 2.6084e-04
Validation rmse = 29.688620
Epoch 25
Loss = 2.5298e-02, PNorm = 110.8022, GNorm = 0.4296, lr_0 = 2.6013e-04
Loss = 4.2555e-02, PNorm = 110.8173, GNorm = 1.5234, lr_0 = 2.5943e-04
Loss = 3.7169e-02, PNorm = 110.8353, GNorm = 0.6492, lr_0 = 2.5872e-04
Loss = 3.6804e-02, PNorm = 110.8468, GNorm = 0.5189, lr_0 = 2.5802e-04
Loss = 4.0674e-02, PNorm = 110.8589, GNorm = 0.5128, lr_0 = 2.5732e-04
Loss = 3.6567e-02, PNorm = 110.8752, GNorm = 0.3992, lr_0 = 2.5662e-04
Loss = 4.2707e-02, PNorm = 110.8931, GNorm = 0.3406, lr_0 = 2.5593e-04
Loss = 4.1057e-02, PNorm = 110.9064, GNorm = 0.9494, lr_0 = 2.5523e-04
Loss = 3.7638e-02, PNorm = 110.9175, GNorm = 0.6489, lr_0 = 2.5454e-04
Loss = 3.5937e-02, PNorm = 110.9329, GNorm = 0.8787, lr_0 = 2.5385e-04
Loss = 3.8843e-02, PNorm = 110.9464, GNorm = 0.8135, lr_0 = 2.5316e-04
Loss = 3.5135e-02, PNorm = 110.9581, GNorm = 0.3418, lr_0 = 2.5248e-04
Loss = 3.4322e-02, PNorm = 110.9746, GNorm = 0.7946, lr_0 = 2.5179e-04
Loss = 3.4573e-02, PNorm = 110.9838, GNorm = 0.7775, lr_0 = 2.5111e-04
Loss = 4.3735e-02, PNorm = 110.9961, GNorm = 0.7236, lr_0 = 2.5043e-04
Loss = 3.5714e-02, PNorm = 111.0124, GNorm = 0.4856, lr_0 = 2.4975e-04
Loss = 3.5200e-02, PNorm = 111.0271, GNorm = 0.3280, lr_0 = 2.4907e-04
Loss = 4.2011e-02, PNorm = 111.0432, GNorm = 0.6894, lr_0 = 2.4840e-04
Loss = 3.6153e-02, PNorm = 111.0582, GNorm = 0.3034, lr_0 = 2.4772e-04
Loss = 4.4644e-02, PNorm = 111.0660, GNorm = 0.3837, lr_0 = 2.4705e-04
Loss = 3.5086e-02, PNorm = 111.0753, GNorm = 0.7743, lr_0 = 2.4638e-04
Loss = 3.2446e-02, PNorm = 111.0867, GNorm = 0.7856, lr_0 = 2.4571e-04
Validation rmse = 29.873573
Epoch 26
Loss = 4.3174e-02, PNorm = 111.0988, GNorm = 0.6532, lr_0 = 2.4505e-04
Loss = 4.0379e-02, PNorm = 111.1145, GNorm = 0.5095, lr_0 = 2.4438e-04
Loss = 3.6720e-02, PNorm = 111.1286, GNorm = 0.3196, lr_0 = 2.4372e-04
Loss = 3.2691e-02, PNorm = 111.1423, GNorm = 0.3569, lr_0 = 2.4306e-04
Loss = 3.7917e-02, PNorm = 111.1526, GNorm = 0.7712, lr_0 = 2.4240e-04
Loss = 4.6843e-02, PNorm = 111.1670, GNorm = 0.8395, lr_0 = 2.4174e-04
Loss = 3.7739e-02, PNorm = 111.1821, GNorm = 0.4365, lr_0 = 2.4109e-04
Loss = 3.4795e-02, PNorm = 111.1962, GNorm = 0.7841, lr_0 = 2.4043e-04
Loss = 3.7846e-02, PNorm = 111.2054, GNorm = 0.4632, lr_0 = 2.3978e-04
Loss = 3.4283e-02, PNorm = 111.2162, GNorm = 0.4281, lr_0 = 2.3913e-04
Loss = 3.6690e-02, PNorm = 111.2278, GNorm = 0.6678, lr_0 = 2.3848e-04
Loss = 4.1387e-02, PNorm = 111.2437, GNorm = 0.7894, lr_0 = 2.3784e-04
Loss = 4.3822e-02, PNorm = 111.2594, GNorm = 0.6021, lr_0 = 2.3719e-04
Loss = 3.3545e-02, PNorm = 111.2738, GNorm = 0.8250, lr_0 = 2.3655e-04
Loss = 3.5999e-02, PNorm = 111.2845, GNorm = 0.5748, lr_0 = 2.3591e-04
Loss = 3.8797e-02, PNorm = 111.2951, GNorm = 0.5504, lr_0 = 2.3527e-04
Loss = 3.3346e-02, PNorm = 111.3080, GNorm = 0.5067, lr_0 = 2.3463e-04
Loss = 2.9639e-02, PNorm = 111.3215, GNorm = 0.3344, lr_0 = 2.3399e-04
Loss = 3.2816e-02, PNorm = 111.3319, GNorm = 0.3924, lr_0 = 2.3336e-04
Loss = 3.4805e-02, PNorm = 111.3387, GNorm = 0.5438, lr_0 = 2.3273e-04
Loss = 3.2753e-02, PNorm = 111.3490, GNorm = 0.6271, lr_0 = 2.3209e-04
Validation rmse = 29.648463
Epoch 27
Loss = 3.8803e-02, PNorm = 111.3601, GNorm = 0.5836, lr_0 = 2.3140e-04
Loss = 3.0122e-02, PNorm = 111.3708, GNorm = 0.4395, lr_0 = 2.3077e-04
Loss = 3.5253e-02, PNorm = 111.3832, GNorm = 0.6828, lr_0 = 2.3015e-04
Loss = 3.1765e-02, PNorm = 111.3969, GNorm = 0.3893, lr_0 = 2.2953e-04
Loss = 3.8935e-02, PNorm = 111.4103, GNorm = 0.9443, lr_0 = 2.2890e-04
Loss = 3.5891e-02, PNorm = 111.4237, GNorm = 0.4598, lr_0 = 2.2828e-04
Loss = 4.4694e-02, PNorm = 111.4395, GNorm = 0.6091, lr_0 = 2.2766e-04
Loss = 4.1602e-02, PNorm = 111.4479, GNorm = 0.6521, lr_0 = 2.2705e-04
Loss = 3.7302e-02, PNorm = 111.4548, GNorm = 0.3657, lr_0 = 2.2643e-04
Loss = 3.6655e-02, PNorm = 111.4647, GNorm = 0.3596, lr_0 = 2.2582e-04
Loss = 3.3383e-02, PNorm = 111.4786, GNorm = 0.2716, lr_0 = 2.2520e-04
Loss = 3.6929e-02, PNorm = 111.4908, GNorm = 0.3213, lr_0 = 2.2459e-04
Loss = 3.2253e-02, PNorm = 111.5012, GNorm = 0.3703, lr_0 = 2.2398e-04
Loss = 3.3013e-02, PNorm = 111.5083, GNorm = 0.7079, lr_0 = 2.2338e-04
Loss = 4.0518e-02, PNorm = 111.5203, GNorm = 1.0337, lr_0 = 2.2277e-04
Loss = 3.4987e-02, PNorm = 111.5360, GNorm = 0.8065, lr_0 = 2.2217e-04
Loss = 5.4410e-02, PNorm = 111.5438, GNorm = 0.9579, lr_0 = 2.2156e-04
Loss = 3.3086e-02, PNorm = 111.5576, GNorm = 0.4914, lr_0 = 2.2096e-04
Loss = 3.4756e-02, PNorm = 111.5668, GNorm = 0.6526, lr_0 = 2.2036e-04
Loss = 3.0083e-02, PNorm = 111.5810, GNorm = 0.6713, lr_0 = 2.1977e-04
Loss = 3.4286e-02, PNorm = 111.5915, GNorm = 0.5832, lr_0 = 2.1917e-04
Loss = 3.8598e-02, PNorm = 111.5980, GNorm = 1.1649, lr_0 = 2.1858e-04
Validation rmse = 30.125947
Epoch 28
Loss = 3.0494e-02, PNorm = 111.6093, GNorm = 0.6402, lr_0 = 2.1798e-04
Loss = 3.3172e-02, PNorm = 111.6216, GNorm = 0.4389, lr_0 = 2.1739e-04
Loss = 3.3306e-02, PNorm = 111.6362, GNorm = 0.4350, lr_0 = 2.1680e-04
Loss = 3.6423e-02, PNorm = 111.6512, GNorm = 0.4170, lr_0 = 2.1622e-04
Loss = 3.1033e-02, PNorm = 111.6635, GNorm = 0.3014, lr_0 = 2.1563e-04
Loss = 3.3023e-02, PNorm = 111.6728, GNorm = 0.8486, lr_0 = 2.1504e-04
Loss = 2.9638e-02, PNorm = 111.6822, GNorm = 0.5655, lr_0 = 2.1446e-04
Loss = 3.5041e-02, PNorm = 111.6947, GNorm = 0.5213, lr_0 = 2.1388e-04
Loss = 3.4588e-02, PNorm = 111.7040, GNorm = 0.3941, lr_0 = 2.1330e-04
Loss = 3.5035e-02, PNorm = 111.7149, GNorm = 0.4145, lr_0 = 2.1272e-04
Loss = 3.2640e-02, PNorm = 111.7216, GNorm = 0.9536, lr_0 = 2.1214e-04
Loss = 3.4254e-02, PNorm = 111.7321, GNorm = 0.3230, lr_0 = 2.1157e-04
Loss = 3.1377e-02, PNorm = 111.7432, GNorm = 0.4338, lr_0 = 2.1100e-04
Loss = 3.5905e-02, PNorm = 111.7521, GNorm = 0.3815, lr_0 = 2.1042e-04
Loss = 4.3603e-02, PNorm = 111.7581, GNorm = 0.9242, lr_0 = 2.0985e-04
Loss = 3.1380e-02, PNorm = 111.7713, GNorm = 0.7158, lr_0 = 2.0928e-04
Loss = 3.8807e-02, PNorm = 111.7835, GNorm = 0.3195, lr_0 = 2.0872e-04
Loss = 3.2866e-02, PNorm = 111.7938, GNorm = 0.6523, lr_0 = 2.0815e-04
Loss = 3.8703e-02, PNorm = 111.8030, GNorm = 0.5676, lr_0 = 2.0759e-04
Loss = 3.2706e-02, PNorm = 111.8083, GNorm = 0.7219, lr_0 = 2.0702e-04
Loss = 3.4004e-02, PNorm = 111.8219, GNorm = 0.7526, lr_0 = 2.0646e-04
Validation rmse = 29.669375
Epoch 29
Loss = 3.0491e-02, PNorm = 111.8319, GNorm = 0.5551, lr_0 = 2.0585e-04
Loss = 3.6547e-02, PNorm = 111.8444, GNorm = 0.5782, lr_0 = 2.0529e-04
Loss = 3.0233e-02, PNorm = 111.8548, GNorm = 0.4669, lr_0 = 2.0473e-04
Loss = 2.8956e-02, PNorm = 111.8642, GNorm = 0.4284, lr_0 = 2.0418e-04
Loss = 3.3577e-02, PNorm = 111.8723, GNorm = 0.3161, lr_0 = 2.0362e-04
Loss = 3.2523e-02, PNorm = 111.8823, GNorm = 0.8683, lr_0 = 2.0307e-04
Loss = 3.3627e-02, PNorm = 111.8958, GNorm = 0.5768, lr_0 = 2.0252e-04
Loss = 2.7584e-02, PNorm = 111.9049, GNorm = 0.3445, lr_0 = 2.0197e-04
Loss = 4.0239e-02, PNorm = 111.9106, GNorm = 0.3879, lr_0 = 2.0142e-04
Loss = 3.2978e-02, PNorm = 111.9209, GNorm = 0.7298, lr_0 = 2.0088e-04
Loss = 3.2017e-02, PNorm = 111.9339, GNorm = 0.4837, lr_0 = 2.0033e-04
Loss = 3.6719e-02, PNorm = 111.9428, GNorm = 0.3590, lr_0 = 1.9979e-04
Loss = 3.3672e-02, PNorm = 111.9544, GNorm = 0.6063, lr_0 = 1.9925e-04
Loss = 3.3764e-02, PNorm = 111.9651, GNorm = 0.2998, lr_0 = 1.9871e-04
Loss = 3.2277e-02, PNorm = 111.9739, GNorm = 0.3896, lr_0 = 1.9817e-04
Loss = 3.1681e-02, PNorm = 111.9832, GNorm = 0.3341, lr_0 = 1.9763e-04
Loss = 2.7752e-02, PNorm = 111.9923, GNorm = 0.2939, lr_0 = 1.9709e-04
Loss = 3.6337e-02, PNorm = 112.0047, GNorm = 0.4263, lr_0 = 1.9656e-04
Loss = 3.0947e-02, PNorm = 112.0156, GNorm = 0.2972, lr_0 = 1.9603e-04
Loss = 3.8062e-02, PNorm = 112.0247, GNorm = 0.3708, lr_0 = 1.9550e-04
Loss = 3.1704e-02, PNorm = 112.0328, GNorm = 0.4853, lr_0 = 1.9497e-04
Validation rmse = 29.577499
Epoch 30
Loss = 2.8396e-02, PNorm = 112.0411, GNorm = 0.3078, lr_0 = 1.9444e-04
Loss = 3.5677e-02, PNorm = 112.0507, GNorm = 0.7201, lr_0 = 1.9391e-04
Loss = 3.4526e-02, PNorm = 112.0575, GNorm = 0.5237, lr_0 = 1.9338e-04
Loss = 3.3965e-02, PNorm = 112.0689, GNorm = 0.8325, lr_0 = 1.9286e-04
Loss = 3.5706e-02, PNorm = 112.0759, GNorm = 0.5154, lr_0 = 1.9234e-04
Loss = 3.1934e-02, PNorm = 112.0878, GNorm = 0.3667, lr_0 = 1.9181e-04
Loss = 3.3784e-02, PNorm = 112.0949, GNorm = 0.7398, lr_0 = 1.9129e-04
Loss = 3.3941e-02, PNorm = 112.1058, GNorm = 0.4495, lr_0 = 1.9078e-04
Loss = 3.2855e-02, PNorm = 112.1180, GNorm = 0.9392, lr_0 = 1.9026e-04
Loss = 3.6813e-02, PNorm = 112.1266, GNorm = 0.3818, lr_0 = 1.8974e-04
Loss = 3.5318e-02, PNorm = 112.1352, GNorm = 0.6265, lr_0 = 1.8923e-04
Loss = 2.6014e-02, PNorm = 112.1443, GNorm = 0.3078, lr_0 = 1.8872e-04
Loss = 3.5073e-02, PNorm = 112.1544, GNorm = 0.4746, lr_0 = 1.8820e-04
Loss = 3.5364e-02, PNorm = 112.1638, GNorm = 0.4432, lr_0 = 1.8769e-04
Loss = 3.3772e-02, PNorm = 112.1737, GNorm = 0.6028, lr_0 = 1.8718e-04
Loss = 3.2630e-02, PNorm = 112.1819, GNorm = 0.2760, lr_0 = 1.8668e-04
Loss = 3.3599e-02, PNorm = 112.1910, GNorm = 0.4336, lr_0 = 1.8617e-04
Loss = 3.5539e-02, PNorm = 112.2055, GNorm = 0.2168, lr_0 = 1.8567e-04
Loss = 2.7465e-02, PNorm = 112.2149, GNorm = 0.6387, lr_0 = 1.8516e-04
Loss = 3.3060e-02, PNorm = 112.2266, GNorm = 0.7826, lr_0 = 1.8466e-04
Loss = 4.1523e-02, PNorm = 112.2354, GNorm = 0.8275, lr_0 = 1.8416e-04
Loss = 3.4920e-02, PNorm = 112.2427, GNorm = 0.3525, lr_0 = 1.8366e-04
Validation rmse = 28.863093
Epoch 31
Loss = 3.5547e-02, PNorm = 112.2526, GNorm = 0.3735, lr_0 = 1.8316e-04
Loss = 2.8251e-02, PNorm = 112.2637, GNorm = 0.5452, lr_0 = 1.8267e-04
Loss = 2.9935e-02, PNorm = 112.2711, GNorm = 0.2313, lr_0 = 1.8217e-04
Loss = 2.9464e-02, PNorm = 112.2776, GNorm = 0.3368, lr_0 = 1.8168e-04
Loss = 3.2675e-02, PNorm = 112.2852, GNorm = 0.3848, lr_0 = 1.8118e-04
Loss = 2.6243e-02, PNorm = 112.2947, GNorm = 0.3902, lr_0 = 1.8069e-04
Loss = 2.8413e-02, PNorm = 112.3033, GNorm = 0.3525, lr_0 = 1.8020e-04
Loss = 3.1931e-02, PNorm = 112.3115, GNorm = 0.4872, lr_0 = 1.7971e-04
Loss = 3.0087e-02, PNorm = 112.3218, GNorm = 0.5446, lr_0 = 1.7923e-04
Loss = 3.7137e-02, PNorm = 112.3315, GNorm = 0.4861, lr_0 = 1.7874e-04
Loss = 3.2838e-02, PNorm = 112.3359, GNorm = 0.3390, lr_0 = 1.7826e-04
Loss = 3.0690e-02, PNorm = 112.3428, GNorm = 0.5332, lr_0 = 1.7777e-04
Loss = 2.8728e-02, PNorm = 112.3507, GNorm = 0.5016, lr_0 = 1.7729e-04
Loss = 3.2899e-02, PNorm = 112.3636, GNorm = 0.8583, lr_0 = 1.7681e-04
Loss = 3.9515e-02, PNorm = 112.3722, GNorm = 0.5709, lr_0 = 1.7633e-04
Loss = 3.4619e-02, PNorm = 112.3826, GNorm = 0.4769, lr_0 = 1.7585e-04
Loss = 3.0356e-02, PNorm = 112.3871, GNorm = 0.6482, lr_0 = 1.7537e-04
Loss = 3.4616e-02, PNorm = 112.3962, GNorm = 0.3269, lr_0 = 1.7490e-04
Loss = 3.3630e-02, PNorm = 112.4052, GNorm = 0.6617, lr_0 = 1.7443e-04
Loss = 3.2524e-02, PNorm = 112.4156, GNorm = 0.5325, lr_0 = 1.7395e-04
Loss = 3.3334e-02, PNorm = 112.4247, GNorm = 0.5386, lr_0 = 1.7348e-04
Validation rmse = 29.160294
Epoch 32
Loss = 3.5016e-02, PNorm = 112.4358, GNorm = 0.8514, lr_0 = 1.7296e-04
Loss = 2.6290e-02, PNorm = 112.4454, GNorm = 0.4781, lr_0 = 1.7249e-04
Loss = 2.7879e-02, PNorm = 112.4532, GNorm = 0.2868, lr_0 = 1.7203e-04
Loss = 3.1075e-02, PNorm = 112.4629, GNorm = 0.2988, lr_0 = 1.7156e-04
Loss = 3.0423e-02, PNorm = 112.4705, GNorm = 0.3603, lr_0 = 1.7109e-04
Loss = 3.5946e-02, PNorm = 112.4791, GNorm = 0.8589, lr_0 = 1.7063e-04
Loss = 3.3490e-02, PNorm = 112.4870, GNorm = 0.3547, lr_0 = 1.7017e-04
Loss = 2.7067e-02, PNorm = 112.4956, GNorm = 0.2885, lr_0 = 1.6971e-04
Loss = 2.8157e-02, PNorm = 112.5017, GNorm = 0.4269, lr_0 = 1.6925e-04
Loss = 2.6393e-02, PNorm = 112.5100, GNorm = 0.3599, lr_0 = 1.6879e-04
Loss = 3.1468e-02, PNorm = 112.5182, GNorm = 0.4163, lr_0 = 1.6833e-04
Loss = 2.9017e-02, PNorm = 112.5237, GNorm = 0.5741, lr_0 = 1.6787e-04
Loss = 3.0570e-02, PNorm = 112.5305, GNorm = 0.9105, lr_0 = 1.6742e-04
Loss = 2.8525e-02, PNorm = 112.5387, GNorm = 0.3157, lr_0 = 1.6696e-04
Loss = 2.9818e-02, PNorm = 112.5452, GNorm = 0.4472, lr_0 = 1.6651e-04
Loss = 3.3002e-02, PNorm = 112.5539, GNorm = 0.3731, lr_0 = 1.6606e-04
Loss = 3.1592e-02, PNorm = 112.5597, GNorm = 0.7065, lr_0 = 1.6561e-04
Loss = 3.4867e-02, PNorm = 112.5687, GNorm = 0.5051, lr_0 = 1.6516e-04
Loss = 3.1181e-02, PNorm = 112.5795, GNorm = 0.4142, lr_0 = 1.6471e-04
Loss = 3.3207e-02, PNorm = 112.5863, GNorm = 0.4520, lr_0 = 1.6427e-04
Loss = 3.6011e-02, PNorm = 112.5935, GNorm = 0.5240, lr_0 = 1.6382e-04
Validation rmse = 28.682234
Epoch 33
Loss = 3.4213e-02, PNorm = 112.6000, GNorm = 0.3182, lr_0 = 1.6338e-04
Loss = 2.8460e-02, PNorm = 112.6079, GNorm = 0.5965, lr_0 = 1.6293e-04
Loss = 2.8017e-02, PNorm = 112.6168, GNorm = 0.3112, lr_0 = 1.6249e-04
Loss = 3.3959e-02, PNorm = 112.6238, GNorm = 0.9036, lr_0 = 1.6205e-04
Loss = 2.7636e-02, PNorm = 112.6283, GNorm = 0.6481, lr_0 = 1.6161e-04
Loss = 3.1705e-02, PNorm = 112.6372, GNorm = 0.5731, lr_0 = 1.6117e-04
Loss = 3.2441e-02, PNorm = 112.6461, GNorm = 0.3868, lr_0 = 1.6074e-04
Loss = 2.5351e-02, PNorm = 112.6528, GNorm = 0.3438, lr_0 = 1.6030e-04
Loss = 3.3266e-02, PNorm = 112.6608, GNorm = 0.3053, lr_0 = 1.5987e-04
Loss = 3.1685e-02, PNorm = 112.6683, GNorm = 0.3411, lr_0 = 1.5943e-04
Loss = 2.7164e-02, PNorm = 112.6754, GNorm = 0.2960, lr_0 = 1.5900e-04
Loss = 2.8353e-02, PNorm = 112.6804, GNorm = 0.2745, lr_0 = 1.5857e-04
Loss = 2.9512e-02, PNorm = 112.6877, GNorm = 0.4888, lr_0 = 1.5814e-04
Loss = 2.9409e-02, PNorm = 112.6945, GNorm = 0.6124, lr_0 = 1.5771e-04
Loss = 2.7701e-02, PNorm = 112.7029, GNorm = 0.7210, lr_0 = 1.5728e-04
Loss = 3.1595e-02, PNorm = 112.7093, GNorm = 0.4913, lr_0 = 1.5686e-04
Loss = 3.2323e-02, PNorm = 112.7158, GNorm = 0.6105, lr_0 = 1.5643e-04
Loss = 2.8075e-02, PNorm = 112.7233, GNorm = 0.2746, lr_0 = 1.5601e-04
Loss = 3.0184e-02, PNorm = 112.7297, GNorm = 0.4072, lr_0 = 1.5558e-04
Loss = 3.8641e-02, PNorm = 112.7370, GNorm = 0.7530, lr_0 = 1.5516e-04
Loss = 3.4988e-02, PNorm = 112.7439, GNorm = 0.4573, lr_0 = 1.5474e-04
Loss = 2.8775e-02, PNorm = 112.7502, GNorm = 0.5411, lr_0 = 1.5432e-04
Validation rmse = 28.774533
Epoch 34
Loss = 2.9194e-02, PNorm = 112.7585, GNorm = 0.7631, lr_0 = 1.5386e-04
Loss = 3.5126e-02, PNorm = 112.7657, GNorm = 0.5457, lr_0 = 1.5344e-04
Loss = 2.5971e-02, PNorm = 112.7719, GNorm = 0.5158, lr_0 = 1.5303e-04
Loss = 3.3157e-02, PNorm = 112.7793, GNorm = 0.3935, lr_0 = 1.5261e-04
Loss = 2.7806e-02, PNorm = 112.7896, GNorm = 0.3323, lr_0 = 1.5220e-04
Loss = 2.9012e-02, PNorm = 112.7980, GNorm = 0.3441, lr_0 = 1.5179e-04
Loss = 2.7006e-02, PNorm = 112.8045, GNorm = 0.7127, lr_0 = 1.5137e-04
Loss = 3.2761e-02, PNorm = 112.8102, GNorm = 0.4739, lr_0 = 1.5096e-04
Loss = 2.8026e-02, PNorm = 112.8192, GNorm = 0.6664, lr_0 = 1.5055e-04
Loss = 2.7181e-02, PNorm = 112.8261, GNorm = 0.4597, lr_0 = 1.5015e-04
Loss = 2.9104e-02, PNorm = 112.8283, GNorm = 0.3941, lr_0 = 1.4974e-04
Loss = 2.8701e-02, PNorm = 112.8329, GNorm = 0.3348, lr_0 = 1.4933e-04
Loss = 3.1671e-02, PNorm = 112.8388, GNorm = 0.4324, lr_0 = 1.4893e-04
Loss = 3.1060e-02, PNorm = 112.8471, GNorm = 0.2795, lr_0 = 1.4852e-04
Loss = 2.6105e-02, PNorm = 112.8548, GNorm = 0.3409, lr_0 = 1.4812e-04
Loss = 2.5239e-02, PNorm = 112.8614, GNorm = 0.4432, lr_0 = 1.4772e-04
Loss = 3.0215e-02, PNorm = 112.8676, GNorm = 0.5193, lr_0 = 1.4732e-04
Loss = 2.4215e-02, PNorm = 112.8733, GNorm = 0.5398, lr_0 = 1.4692e-04
Loss = 2.6840e-02, PNorm = 112.8815, GNorm = 0.4975, lr_0 = 1.4652e-04
Loss = 2.6553e-02, PNorm = 112.8893, GNorm = 0.2661, lr_0 = 1.4612e-04
Loss = 2.7237e-02, PNorm = 112.8953, GNorm = 0.4554, lr_0 = 1.4573e-04
Validation rmse = 29.164405
Epoch 35
Loss = 3.1048e-02, PNorm = 112.9015, GNorm = 0.4863, lr_0 = 1.4533e-04
Loss = 3.1412e-02, PNorm = 112.9099, GNorm = 0.3965, lr_0 = 1.4494e-04
Loss = 2.5142e-02, PNorm = 112.9168, GNorm = 0.3418, lr_0 = 1.4455e-04
Loss = 2.9472e-02, PNorm = 112.9228, GNorm = 0.5101, lr_0 = 1.4415e-04
Loss = 2.6009e-02, PNorm = 112.9281, GNorm = 0.5444, lr_0 = 1.4376e-04
Loss = 3.6087e-02, PNorm = 112.9350, GNorm = 0.3856, lr_0 = 1.4337e-04
Loss = 2.8716e-02, PNorm = 112.9437, GNorm = 0.8439, lr_0 = 1.4298e-04
Loss = 3.0133e-02, PNorm = 112.9522, GNorm = 0.5144, lr_0 = 1.4260e-04
Loss = 2.4941e-02, PNorm = 112.9595, GNorm = 0.4833, lr_0 = 1.4221e-04
Loss = 3.2565e-02, PNorm = 112.9673, GNorm = 1.0478, lr_0 = 1.4182e-04
Loss = 2.8787e-02, PNorm = 112.9722, GNorm = 0.3723, lr_0 = 1.4144e-04
Loss = 2.9913e-02, PNorm = 112.9814, GNorm = 0.3097, lr_0 = 1.4106e-04
Loss = 2.6451e-02, PNorm = 112.9884, GNorm = 0.3568, lr_0 = 1.4067e-04
Loss = 2.9346e-02, PNorm = 112.9951, GNorm = 0.5793, lr_0 = 1.4029e-04
Loss = 3.6223e-02, PNorm = 113.0000, GNorm = 0.4436, lr_0 = 1.3991e-04
Loss = 3.2194e-02, PNorm = 113.0067, GNorm = 0.5082, lr_0 = 1.3953e-04
Loss = 3.5227e-02, PNorm = 113.0097, GNorm = 0.4512, lr_0 = 1.3915e-04
Loss = 3.1895e-02, PNorm = 113.0167, GNorm = 0.5395, lr_0 = 1.3878e-04
Loss = 3.1094e-02, PNorm = 113.0240, GNorm = 0.8536, lr_0 = 1.3840e-04
Loss = 2.6535e-02, PNorm = 113.0297, GNorm = 0.6229, lr_0 = 1.3803e-04
Loss = 2.6124e-02, PNorm = 113.0346, GNorm = 0.4145, lr_0 = 1.3765e-04
Validation rmse = 29.231354
Epoch 36
Loss = 2.7653e-02, PNorm = 113.0421, GNorm = 0.4691, lr_0 = 1.3724e-04
Loss = 2.6440e-02, PNorm = 113.0498, GNorm = 0.4554, lr_0 = 1.3687e-04
Loss = 3.0029e-02, PNorm = 113.0599, GNorm = 0.2853, lr_0 = 1.3650e-04
Loss = 3.4212e-02, PNorm = 113.0693, GNorm = 0.7475, lr_0 = 1.3613e-04
Loss = 2.9279e-02, PNorm = 113.0752, GNorm = 0.3740, lr_0 = 1.3576e-04
Loss = 3.3177e-02, PNorm = 113.0846, GNorm = 0.5649, lr_0 = 1.3539e-04
Loss = 2.9648e-02, PNorm = 113.0919, GNorm = 0.3935, lr_0 = 1.3502e-04
Loss = 2.4618e-02, PNorm = 113.0977, GNorm = 0.3417, lr_0 = 1.3466e-04
Loss = 3.1716e-02, PNorm = 113.1020, GNorm = 0.3795, lr_0 = 1.3429e-04
Loss = 2.6599e-02, PNorm = 113.1095, GNorm = 0.6238, lr_0 = 1.3393e-04
Loss = 2.3389e-02, PNorm = 113.1124, GNorm = 0.4642, lr_0 = 1.3356e-04
Loss = 3.3590e-02, PNorm = 113.1178, GNorm = 0.3642, lr_0 = 1.3320e-04
Loss = 2.3558e-02, PNorm = 113.1257, GNorm = 0.6687, lr_0 = 1.3284e-04
Loss = 2.6997e-02, PNorm = 113.1331, GNorm = 0.3513, lr_0 = 1.3248e-04
Loss = 2.7945e-02, PNorm = 113.1398, GNorm = 0.5948, lr_0 = 1.3212e-04
Loss = 3.1095e-02, PNorm = 113.1445, GNorm = 0.3268, lr_0 = 1.3176e-04
Loss = 2.5737e-02, PNorm = 113.1489, GNorm = 0.5466, lr_0 = 1.3141e-04
Loss = 2.6260e-02, PNorm = 113.1551, GNorm = 0.3676, lr_0 = 1.3105e-04
Loss = 3.1964e-02, PNorm = 113.1630, GNorm = 0.5714, lr_0 = 1.3069e-04
Loss = 2.9105e-02, PNorm = 113.1692, GNorm = 0.3586, lr_0 = 1.3034e-04
Loss = 2.6633e-02, PNorm = 113.1755, GNorm = 0.2976, lr_0 = 1.2999e-04
Loss = 2.8671e-02, PNorm = 113.1799, GNorm = 0.5200, lr_0 = 1.2963e-04
Validation rmse = 29.308423
Epoch 37
Loss = 2.6547e-02, PNorm = 113.1863, GNorm = 0.6120, lr_0 = 1.2928e-04
Loss = 2.7300e-02, PNorm = 113.1939, GNorm = 0.3689, lr_0 = 1.2893e-04
Loss = 2.7173e-02, PNorm = 113.2006, GNorm = 0.3997, lr_0 = 1.2858e-04
Loss = 2.4682e-02, PNorm = 113.2049, GNorm = 0.2315, lr_0 = 1.2823e-04
Loss = 2.9424e-02, PNorm = 113.2106, GNorm = 0.3026, lr_0 = 1.2789e-04
Loss = 2.7854e-02, PNorm = 113.2170, GNorm = 0.3398, lr_0 = 1.2754e-04
Loss = 3.0449e-02, PNorm = 113.2246, GNorm = 0.4982, lr_0 = 1.2719e-04
Loss = 3.3782e-02, PNorm = 113.2293, GNorm = 0.2771, lr_0 = 1.2685e-04
Loss = 2.5804e-02, PNorm = 113.2339, GNorm = 0.6883, lr_0 = 1.2650e-04
Loss = 2.2971e-02, PNorm = 113.2367, GNorm = 0.5322, lr_0 = 1.2616e-04
Loss = 2.3741e-02, PNorm = 113.2411, GNorm = 0.2372, lr_0 = 1.2582e-04
Loss = 2.4846e-02, PNorm = 113.2451, GNorm = 0.3607, lr_0 = 1.2548e-04
Loss = 2.6229e-02, PNorm = 113.2511, GNorm = 0.8489, lr_0 = 1.2514e-04
Loss = 3.0462e-02, PNorm = 113.2561, GNorm = 0.6720, lr_0 = 1.2480e-04
Loss = 2.5477e-02, PNorm = 113.2622, GNorm = 0.5929, lr_0 = 1.2446e-04
Loss = 2.4501e-02, PNorm = 113.2686, GNorm = 0.5884, lr_0 = 1.2412e-04
Loss = 2.4680e-02, PNorm = 113.2719, GNorm = 0.3792, lr_0 = 1.2379e-04
Loss = 2.8251e-02, PNorm = 113.2770, GNorm = 0.7108, lr_0 = 1.2345e-04
Loss = 2.7298e-02, PNorm = 113.2847, GNorm = 0.2595, lr_0 = 1.2312e-04
Loss = 3.2840e-02, PNorm = 113.2924, GNorm = 0.4159, lr_0 = 1.2278e-04
Loss = 2.7812e-02, PNorm = 113.2982, GNorm = 0.4257, lr_0 = 1.2245e-04
Validation rmse = 29.308145
Epoch 38
Loss = 3.1530e-02, PNorm = 113.3039, GNorm = 0.5610, lr_0 = 1.2212e-04
Loss = 2.3567e-02, PNorm = 113.3104, GNorm = 0.2433, lr_0 = 1.2179e-04
Loss = 2.4476e-02, PNorm = 113.3122, GNorm = 0.4302, lr_0 = 1.2146e-04
Loss = 2.5301e-02, PNorm = 113.3169, GNorm = 0.4220, lr_0 = 1.2113e-04
Loss = 2.9016e-02, PNorm = 113.3210, GNorm = 0.5336, lr_0 = 1.2080e-04
Loss = 2.9142e-02, PNorm = 113.3260, GNorm = 0.2903, lr_0 = 1.2047e-04
Loss = 2.4862e-02, PNorm = 113.3299, GNorm = 0.3767, lr_0 = 1.2014e-04
Loss = 2.6743e-02, PNorm = 113.3347, GNorm = 0.6318, lr_0 = 1.1982e-04
Loss = 2.2131e-02, PNorm = 113.3393, GNorm = 0.6313, lr_0 = 1.1949e-04
Loss = 2.1868e-02, PNorm = 113.3452, GNorm = 0.3430, lr_0 = 1.1917e-04
Loss = 2.3751e-02, PNorm = 113.3506, GNorm = 0.3966, lr_0 = 1.1885e-04
Loss = 2.5294e-02, PNorm = 113.3565, GNorm = 0.2807, lr_0 = 1.1852e-04
Loss = 3.2023e-02, PNorm = 113.3610, GNorm = 0.3015, lr_0 = 1.1820e-04
Loss = 2.6313e-02, PNorm = 113.3653, GNorm = 0.2502, lr_0 = 1.1788e-04
Loss = 2.4769e-02, PNorm = 113.3689, GNorm = 0.5087, lr_0 = 1.1756e-04
Loss = 2.6474e-02, PNorm = 113.3766, GNorm = 0.5009, lr_0 = 1.1724e-04
Loss = 3.2126e-02, PNorm = 113.3837, GNorm = 0.4478, lr_0 = 1.1692e-04
Loss = 2.4050e-02, PNorm = 113.3897, GNorm = 0.3310, lr_0 = 1.1661e-04
Loss = 3.0288e-02, PNorm = 113.3940, GNorm = 0.7843, lr_0 = 1.1629e-04
Loss = 2.6569e-02, PNorm = 113.3974, GNorm = 0.2659, lr_0 = 1.1598e-04
Loss = 2.5666e-02, PNorm = 113.4032, GNorm = 0.5737, lr_0 = 1.1566e-04
Validation rmse = 28.739529
Epoch 39
Loss = 2.5026e-02, PNorm = 113.4069, GNorm = 0.3847, lr_0 = 1.1532e-04
Loss = 2.5748e-02, PNorm = 113.4125, GNorm = 0.3135, lr_0 = 1.1500e-04
Loss = 2.2065e-02, PNorm = 113.4179, GNorm = 0.5574, lr_0 = 1.1469e-04
Loss = 1.9017e-02, PNorm = 113.4228, GNorm = 0.3087, lr_0 = 1.1438e-04
Loss = 2.2648e-02, PNorm = 113.4285, GNorm = 0.2365, lr_0 = 1.1407e-04
Loss = 2.5373e-02, PNorm = 113.4328, GNorm = 0.6196, lr_0 = 1.1376e-04
Loss = 3.3588e-02, PNorm = 113.4380, GNorm = 1.0663, lr_0 = 1.1345e-04
Loss = 2.6373e-02, PNorm = 113.4420, GNorm = 0.3547, lr_0 = 1.1315e-04
Loss = 2.5065e-02, PNorm = 113.4481, GNorm = 0.3671, lr_0 = 1.1284e-04
Loss = 2.5830e-02, PNorm = 113.4537, GNorm = 0.4352, lr_0 = 1.1253e-04
Loss = 2.8222e-02, PNorm = 113.4587, GNorm = 0.7728, lr_0 = 1.1223e-04
Loss = 2.9266e-02, PNorm = 113.4642, GNorm = 0.4959, lr_0 = 1.1192e-04
Loss = 3.0221e-02, PNorm = 113.4687, GNorm = 0.5246, lr_0 = 1.1162e-04
Loss = 2.8246e-02, PNorm = 113.4744, GNorm = 0.4576, lr_0 = 1.1132e-04
Loss = 2.9919e-02, PNorm = 113.4790, GNorm = 0.6359, lr_0 = 1.1102e-04
Loss = 2.5154e-02, PNorm = 113.4834, GNorm = 0.8714, lr_0 = 1.1071e-04
Loss = 2.3955e-02, PNorm = 113.4882, GNorm = 0.4370, lr_0 = 1.1041e-04
Loss = 2.7003e-02, PNorm = 113.4923, GNorm = 0.4381, lr_0 = 1.1011e-04
Loss = 2.4400e-02, PNorm = 113.4961, GNorm = 0.3135, lr_0 = 1.0982e-04
Loss = 2.4333e-02, PNorm = 113.5004, GNorm = 0.6039, lr_0 = 1.0952e-04
Loss = 2.3944e-02, PNorm = 113.5052, GNorm = 0.7367, lr_0 = 1.0922e-04
Loss = 2.5085e-02, PNorm = 113.5088, GNorm = 0.7600, lr_0 = 1.0893e-04
Validation rmse = 29.220747
Epoch 40
Loss = 2.5252e-02, PNorm = 113.5170, GNorm = 0.4753, lr_0 = 1.0863e-04
Loss = 2.3785e-02, PNorm = 113.5223, GNorm = 0.2982, lr_0 = 1.0834e-04
Loss = 2.3713e-02, PNorm = 113.5262, GNorm = 0.3399, lr_0 = 1.0804e-04
Loss = 2.4383e-02, PNorm = 113.5296, GNorm = 0.6234, lr_0 = 1.0775e-04
Loss = 2.4201e-02, PNorm = 113.5326, GNorm = 0.5205, lr_0 = 1.0746e-04
Loss = 2.2641e-02, PNorm = 113.5361, GNorm = 0.4286, lr_0 = 1.0717e-04
Loss = 2.5594e-02, PNorm = 113.5402, GNorm = 0.3974, lr_0 = 1.0687e-04
Loss = 2.4038e-02, PNorm = 113.5446, GNorm = 0.5143, lr_0 = 1.0658e-04
Loss = 2.4085e-02, PNorm = 113.5494, GNorm = 0.7007, lr_0 = 1.0630e-04
Loss = 2.9650e-02, PNorm = 113.5530, GNorm = 0.4672, lr_0 = 1.0601e-04
Loss = 2.6790e-02, PNorm = 113.5590, GNorm = 0.4070, lr_0 = 1.0572e-04
Loss = 2.2352e-02, PNorm = 113.5648, GNorm = 0.3222, lr_0 = 1.0543e-04
Loss = 3.1026e-02, PNorm = 113.5692, GNorm = 0.3444, lr_0 = 1.0515e-04
Loss = 2.6076e-02, PNorm = 113.5739, GNorm = 0.5218, lr_0 = 1.0486e-04
Loss = 2.6664e-02, PNorm = 113.5816, GNorm = 0.3604, lr_0 = 1.0458e-04
Loss = 2.5101e-02, PNorm = 113.5886, GNorm = 0.2755, lr_0 = 1.0429e-04
Loss = 2.7426e-02, PNorm = 113.5942, GNorm = 0.2809, lr_0 = 1.0401e-04
Loss = 2.6513e-02, PNorm = 113.5964, GNorm = 0.3818, lr_0 = 1.0373e-04
Loss = 2.7744e-02, PNorm = 113.6010, GNorm = 0.5579, lr_0 = 1.0345e-04
Loss = 2.7342e-02, PNorm = 113.6072, GNorm = 0.8034, lr_0 = 1.0317e-04
Loss = 2.9596e-02, PNorm = 113.6118, GNorm = 0.3560, lr_0 = 1.0289e-04
Validation rmse = 29.278274
Epoch 41
Loss = 2.2494e-02, PNorm = 113.6160, GNorm = 0.4669, lr_0 = 1.0258e-04
Loss = 2.6837e-02, PNorm = 113.6188, GNorm = 0.2248, lr_0 = 1.0230e-04
Loss = 2.1410e-02, PNorm = 113.6233, GNorm = 0.3648, lr_0 = 1.0203e-04
Loss = 2.5904e-02, PNorm = 113.6276, GNorm = 0.4931, lr_0 = 1.0175e-04
Loss = 2.5504e-02, PNorm = 113.6309, GNorm = 0.2658, lr_0 = 1.0147e-04
Loss = 2.9179e-02, PNorm = 113.6356, GNorm = 0.5749, lr_0 = 1.0120e-04
Loss = 3.0339e-02, PNorm = 113.6409, GNorm = 0.3606, lr_0 = 1.0092e-04
Loss = 2.3036e-02, PNorm = 113.6459, GNorm = 0.3527, lr_0 = 1.0065e-04
Loss = 2.5430e-02, PNorm = 113.6514, GNorm = 0.8943, lr_0 = 1.0038e-04
Loss = 2.3325e-02, PNorm = 113.6572, GNorm = 0.5185, lr_0 = 1.0010e-04
Loss = 2.4180e-02, PNorm = 113.6620, GNorm = 0.2860, lr_0 = 9.9833e-05
Loss = 2.4136e-02, PNorm = 113.6656, GNorm = 0.4681, lr_0 = 9.9563e-05
Loss = 2.6312e-02, PNorm = 113.6672, GNorm = 0.3936, lr_0 = 9.9293e-05
Loss = 2.8544e-02, PNorm = 113.6696, GNorm = 0.5395, lr_0 = 9.9023e-05
Loss = 3.0628e-02, PNorm = 113.6739, GNorm = 0.4836, lr_0 = 9.8755e-05
Loss = 2.6949e-02, PNorm = 113.6790, GNorm = 0.7756, lr_0 = 9.8487e-05
Loss = 2.3994e-02, PNorm = 113.6826, GNorm = 0.7071, lr_0 = 9.8220e-05
Loss = 2.3035e-02, PNorm = 113.6845, GNorm = 0.2325, lr_0 = 9.7954e-05
Loss = 3.3427e-02, PNorm = 113.6885, GNorm = 0.4582, lr_0 = 9.7688e-05
Loss = 2.3459e-02, PNorm = 113.6943, GNorm = 0.3987, lr_0 = 9.7423e-05
Loss = 2.1280e-02, PNorm = 113.6985, GNorm = 0.3610, lr_0 = 9.7159e-05
Loss = 2.5989e-02, PNorm = 113.7019, GNorm = 0.3794, lr_0 = 9.6896e-05
Validation rmse = 29.032628
Epoch 42
Loss = 2.5715e-02, PNorm = 113.7068, GNorm = 0.2272, lr_0 = 9.6633e-05
Loss = 2.6587e-02, PNorm = 113.7121, GNorm = 0.4470, lr_0 = 9.6371e-05
Loss = 2.2136e-02, PNorm = 113.7154, GNorm = 0.3129, lr_0 = 9.6109e-05
Loss = 2.3439e-02, PNorm = 113.7184, GNorm = 0.1998, lr_0 = 9.5849e-05
Loss = 2.4685e-02, PNorm = 113.7219, GNorm = 0.3541, lr_0 = 9.5589e-05
Loss = 2.7420e-02, PNorm = 113.7248, GNorm = 0.3727, lr_0 = 9.5330e-05
Loss = 2.6879e-02, PNorm = 113.7286, GNorm = 0.5141, lr_0 = 9.5071e-05
Loss = 2.5400e-02, PNorm = 113.7345, GNorm = 0.5096, lr_0 = 9.4813e-05
Loss = 2.1379e-02, PNorm = 113.7384, GNorm = 0.2968, lr_0 = 9.4556e-05
Loss = 3.0486e-02, PNorm = 113.7420, GNorm = 0.5260, lr_0 = 9.4300e-05
Loss = 2.3028e-02, PNorm = 113.7472, GNorm = 0.4522, lr_0 = 9.4044e-05
Loss = 2.1970e-02, PNorm = 113.7508, GNorm = 0.2958, lr_0 = 9.3789e-05
Loss = 2.3929e-02, PNorm = 113.7522, GNorm = 0.3519, lr_0 = 9.3535e-05
Loss = 2.6960e-02, PNorm = 113.7552, GNorm = 0.3422, lr_0 = 9.3281e-05
Loss = 2.0260e-02, PNorm = 113.7609, GNorm = 0.3808, lr_0 = 9.3028e-05
Loss = 2.4752e-02, PNorm = 113.7666, GNorm = 0.3136, lr_0 = 9.2776e-05
Loss = 2.3194e-02, PNorm = 113.7702, GNorm = 0.2964, lr_0 = 9.2524e-05
Loss = 2.5181e-02, PNorm = 113.7733, GNorm = 0.5757, lr_0 = 9.2274e-05
Loss = 2.5150e-02, PNorm = 113.7760, GNorm = 0.6463, lr_0 = 9.2023e-05
Loss = 2.3019e-02, PNorm = 113.7791, GNorm = 0.3957, lr_0 = 9.1774e-05
Loss = 2.3904e-02, PNorm = 113.7831, GNorm = 0.3604, lr_0 = 9.1525e-05
Validation rmse = 28.882247
Epoch 43
Loss = 2.0845e-02, PNorm = 113.7882, GNorm = 0.4855, lr_0 = 9.1252e-05
Loss = 2.1941e-02, PNorm = 113.7916, GNorm = 0.3287, lr_0 = 9.1005e-05
Loss = 2.2717e-02, PNorm = 113.7957, GNorm = 0.3578, lr_0 = 9.0758e-05
Loss = 2.5648e-02, PNorm = 113.7991, GNorm = 0.2287, lr_0 = 9.0512e-05
Loss = 2.7777e-02, PNorm = 113.8041, GNorm = 0.4815, lr_0 = 9.0266e-05
Loss = 2.2502e-02, PNorm = 113.8071, GNorm = 0.5106, lr_0 = 9.0022e-05
Loss = 2.0756e-02, PNorm = 113.8111, GNorm = 0.2934, lr_0 = 8.9777e-05
Loss = 2.1980e-02, PNorm = 113.8131, GNorm = 0.5108, lr_0 = 8.9534e-05
Loss = 2.4234e-02, PNorm = 113.8169, GNorm = 0.2824, lr_0 = 8.9291e-05
Loss = 2.5362e-02, PNorm = 113.8218, GNorm = 0.3158, lr_0 = 8.9049e-05
Loss = 2.7859e-02, PNorm = 113.8259, GNorm = 0.3587, lr_0 = 8.8808e-05
Loss = 2.1803e-02, PNorm = 113.8287, GNorm = 0.2362, lr_0 = 8.8567e-05
Loss = 2.9366e-02, PNorm = 113.8320, GNorm = 0.4632, lr_0 = 8.8327e-05
Loss = 2.7074e-02, PNorm = 113.8352, GNorm = 0.5650, lr_0 = 8.8087e-05
Loss = 2.4855e-02, PNorm = 113.8392, GNorm = 0.6782, lr_0 = 8.7848e-05
Loss = 2.6006e-02, PNorm = 113.8422, GNorm = 0.3479, lr_0 = 8.7610e-05
Loss = 2.5332e-02, PNorm = 113.8457, GNorm = 0.2109, lr_0 = 8.7372e-05
Loss = 2.3311e-02, PNorm = 113.8478, GNorm = 0.4886, lr_0 = 8.7136e-05
Loss = 3.1566e-02, PNorm = 113.8508, GNorm = 0.5280, lr_0 = 8.6899e-05
Loss = 2.4948e-02, PNorm = 113.8539, GNorm = 0.4817, lr_0 = 8.6664e-05
Loss = 2.4858e-02, PNorm = 113.8584, GNorm = 0.4433, lr_0 = 8.6429e-05
Validation rmse = 29.152326
Epoch 44
Loss = 3.1047e-02, PNorm = 113.8635, GNorm = 0.5028, lr_0 = 8.6194e-05
Loss = 2.2574e-02, PNorm = 113.8704, GNorm = 0.3065, lr_0 = 8.5961e-05
Loss = 2.3343e-02, PNorm = 113.8750, GNorm = 0.3481, lr_0 = 8.5727e-05
Loss = 2.0808e-02, PNorm = 113.8789, GNorm = 0.3426, lr_0 = 8.5495e-05
Loss = 2.6260e-02, PNorm = 113.8810, GNorm = 0.4821, lr_0 = 8.5263e-05
Loss = 2.4161e-02, PNorm = 113.8835, GNorm = 0.4571, lr_0 = 8.5032e-05
Loss = 3.0564e-02, PNorm = 113.8869, GNorm = 0.4865, lr_0 = 8.4801e-05
Loss = 2.1559e-02, PNorm = 113.8906, GNorm = 0.2434, lr_0 = 8.4571e-05
Loss = 2.3244e-02, PNorm = 113.8938, GNorm = 0.3082, lr_0 = 8.4342e-05
Loss = 2.7947e-02, PNorm = 113.8988, GNorm = 0.5476, lr_0 = 8.4113e-05
Loss = 2.6018e-02, PNorm = 113.9043, GNorm = 0.6146, lr_0 = 8.3885e-05
Loss = 2.4960e-02, PNorm = 113.9091, GNorm = 0.4515, lr_0 = 8.3658e-05
Loss = 2.5409e-02, PNorm = 113.9130, GNorm = 0.2292, lr_0 = 8.3431e-05
Loss = 2.4420e-02, PNorm = 113.9166, GNorm = 0.7365, lr_0 = 8.3205e-05
Loss = 2.2688e-02, PNorm = 113.9200, GNorm = 0.2752, lr_0 = 8.2979e-05
Loss = 2.8968e-02, PNorm = 113.9233, GNorm = 0.5765, lr_0 = 8.2754e-05
Loss = 2.3826e-02, PNorm = 113.9263, GNorm = 0.3055, lr_0 = 8.2530e-05
Loss = 2.4549e-02, PNorm = 113.9289, GNorm = 0.2443, lr_0 = 8.2306e-05
Loss = 2.3235e-02, PNorm = 113.9300, GNorm = 0.4266, lr_0 = 8.2083e-05
Loss = 2.0312e-02, PNorm = 113.9332, GNorm = 0.2481, lr_0 = 8.1860e-05
Loss = 2.7799e-02, PNorm = 113.9380, GNorm = 0.3525, lr_0 = 8.1638e-05
Loss = 2.7308e-02, PNorm = 113.9424, GNorm = 0.3643, lr_0 = 8.1417e-05
Validation rmse = 28.535877
Epoch 45
Loss = 2.5000e-02, PNorm = 113.9469, GNorm = 0.2681, lr_0 = 8.1196e-05
Loss = 2.5993e-02, PNorm = 113.9497, GNorm = 0.2956, lr_0 = 8.0976e-05
Loss = 2.3055e-02, PNorm = 113.9531, GNorm = 0.4279, lr_0 = 8.0756e-05
Loss = 2.0078e-02, PNorm = 113.9569, GNorm = 0.4340, lr_0 = 8.0537e-05
Loss = 2.5705e-02, PNorm = 113.9581, GNorm = 0.8589, lr_0 = 8.0319e-05
Loss = 2.2528e-02, PNorm = 113.9619, GNorm = 0.2625, lr_0 = 8.0101e-05
Loss = 2.3385e-02, PNorm = 113.9641, GNorm = 0.3213, lr_0 = 7.9884e-05
Loss = 2.0854e-02, PNorm = 113.9682, GNorm = 0.5725, lr_0 = 7.9667e-05
Loss = 2.3232e-02, PNorm = 113.9726, GNorm = 0.1881, lr_0 = 7.9451e-05
Loss = 2.7508e-02, PNorm = 113.9764, GNorm = 0.5997, lr_0 = 7.9236e-05
Loss = 2.3289e-02, PNorm = 113.9804, GNorm = 0.4405, lr_0 = 7.9021e-05
Loss = 2.3151e-02, PNorm = 113.9828, GNorm = 0.2642, lr_0 = 7.8807e-05
Loss = 2.2662e-02, PNorm = 113.9847, GNorm = 0.4972, lr_0 = 7.8593e-05
Loss = 2.9608e-02, PNorm = 113.9890, GNorm = 0.2927, lr_0 = 7.8380e-05
Loss = 2.2400e-02, PNorm = 113.9925, GNorm = 0.4408, lr_0 = 7.8167e-05
Loss = 2.3973e-02, PNorm = 113.9963, GNorm = 0.3475, lr_0 = 7.7955e-05
Loss = 2.4315e-02, PNorm = 113.9997, GNorm = 0.7059, lr_0 = 7.7744e-05
Loss = 2.2756e-02, PNorm = 114.0030, GNorm = 0.3916, lr_0 = 7.7533e-05
Loss = 2.2312e-02, PNorm = 114.0054, GNorm = 0.4131, lr_0 = 7.7323e-05
Loss = 2.2595e-02, PNorm = 114.0098, GNorm = 0.5470, lr_0 = 7.7113e-05
Loss = 2.8203e-02, PNorm = 114.0113, GNorm = 0.5101, lr_0 = 7.6904e-05
Validation rmse = 28.407341
Epoch 46
Loss = 2.0910e-02, PNorm = 114.0145, GNorm = 0.3489, lr_0 = 7.6675e-05
Loss = 2.0212e-02, PNorm = 114.0167, GNorm = 0.3348, lr_0 = 7.6467e-05
Loss = 2.2718e-02, PNorm = 114.0195, GNorm = 0.3758, lr_0 = 7.6260e-05
Loss = 2.7042e-02, PNorm = 114.0224, GNorm = 0.6079, lr_0 = 7.6053e-05
Loss = 2.1887e-02, PNorm = 114.0250, GNorm = 0.5854, lr_0 = 7.5847e-05
Loss = 2.5882e-02, PNorm = 114.0274, GNorm = 0.2127, lr_0 = 7.5641e-05
Loss = 2.3814e-02, PNorm = 114.0305, GNorm = 0.3839, lr_0 = 7.5436e-05
Loss = 3.1674e-02, PNorm = 114.0333, GNorm = 0.7008, lr_0 = 7.5231e-05
Loss = 2.4519e-02, PNorm = 114.0341, GNorm = 0.4049, lr_0 = 7.5027e-05
Loss = 2.3435e-02, PNorm = 114.0372, GNorm = 0.5463, lr_0 = 7.4824e-05
Loss = 2.3333e-02, PNorm = 114.0402, GNorm = 0.4755, lr_0 = 7.4621e-05
Loss = 2.6762e-02, PNorm = 114.0432, GNorm = 0.3169, lr_0 = 7.4419e-05
Loss = 2.2096e-02, PNorm = 114.0475, GNorm = 0.4805, lr_0 = 7.4217e-05
Loss = 2.2553e-02, PNorm = 114.0520, GNorm = 0.4770, lr_0 = 7.4016e-05
Loss = 2.1217e-02, PNorm = 114.0566, GNorm = 0.3698, lr_0 = 7.3815e-05
Loss = 2.6683e-02, PNorm = 114.0587, GNorm = 0.4521, lr_0 = 7.3615e-05
Loss = 2.2840e-02, PNorm = 114.0595, GNorm = 0.4891, lr_0 = 7.3415e-05
Loss = 2.3493e-02, PNorm = 114.0612, GNorm = 0.4329, lr_0 = 7.3216e-05
Loss = 2.2972e-02, PNorm = 114.0637, GNorm = 0.3629, lr_0 = 7.3018e-05
Loss = 2.4765e-02, PNorm = 114.0660, GNorm = 0.2444, lr_0 = 7.2820e-05
Loss = 2.5106e-02, PNorm = 114.0688, GNorm = 0.3961, lr_0 = 7.2622e-05
Validation rmse = 28.495221
Epoch 47
Loss = 2.0050e-02, PNorm = 114.0710, GNorm = 0.3375, lr_0 = 7.2425e-05
Loss = 1.9131e-02, PNorm = 114.0741, GNorm = 0.2767, lr_0 = 7.2229e-05
Loss = 2.0240e-02, PNorm = 114.0766, GNorm = 0.2839, lr_0 = 7.2033e-05
Loss = 2.5427e-02, PNorm = 114.0786, GNorm = 0.2896, lr_0 = 7.1838e-05
Loss = 2.4867e-02, PNorm = 114.0815, GNorm = 0.2740, lr_0 = 7.1643e-05
Loss = 2.3325e-02, PNorm = 114.0847, GNorm = 0.2654, lr_0 = 7.1448e-05
Loss = 2.4040e-02, PNorm = 114.0869, GNorm = 0.4770, lr_0 = 7.1255e-05
Loss = 2.8389e-02, PNorm = 114.0907, GNorm = 0.3579, lr_0 = 7.1062e-05
Loss = 2.4562e-02, PNorm = 114.0935, GNorm = 0.9083, lr_0 = 7.0869e-05
Loss = 1.8688e-02, PNorm = 114.0962, GNorm = 0.3497, lr_0 = 7.0677e-05
Loss = 1.7740e-02, PNorm = 114.0985, GNorm = 0.5603, lr_0 = 7.0485e-05
Loss = 2.2599e-02, PNorm = 114.1008, GNorm = 0.6020, lr_0 = 7.0294e-05
Loss = 2.5068e-02, PNorm = 114.1040, GNorm = 0.8732, lr_0 = 7.0103e-05
Loss = 2.7694e-02, PNorm = 114.1075, GNorm = 0.2702, lr_0 = 6.9913e-05
Loss = 1.9636e-02, PNorm = 114.1117, GNorm = 0.5552, lr_0 = 6.9724e-05
Loss = 2.5424e-02, PNorm = 114.1147, GNorm = 0.1840, lr_0 = 6.9535e-05
Loss = 2.3402e-02, PNorm = 114.1177, GNorm = 0.5023, lr_0 = 6.9346e-05
Loss = 2.4902e-02, PNorm = 114.1212, GNorm = 0.5581, lr_0 = 6.9158e-05
Loss = 2.2199e-02, PNorm = 114.1247, GNorm = 0.3837, lr_0 = 6.8970e-05
Loss = 2.1041e-02, PNorm = 114.1279, GNorm = 0.5117, lr_0 = 6.8783e-05
Loss = 2.2923e-02, PNorm = 114.1315, GNorm = 0.4265, lr_0 = 6.8597e-05
Loss = 2.4573e-02, PNorm = 114.1337, GNorm = 0.1988, lr_0 = 6.8411e-05
Validation rmse = 28.541929
Epoch 48
Loss = 2.1011e-02, PNorm = 114.1363, GNorm = 0.3823, lr_0 = 6.8207e-05
Loss = 2.2413e-02, PNorm = 114.1394, GNorm = 0.5210, lr_0 = 6.8022e-05
Loss = 2.0878e-02, PNorm = 114.1414, GNorm = 0.2700, lr_0 = 6.7837e-05
Loss = 2.2067e-02, PNorm = 114.1430, GNorm = 0.2435, lr_0 = 6.7654e-05
Loss = 2.5171e-02, PNorm = 114.1438, GNorm = 0.4436, lr_0 = 6.7470e-05
Loss = 2.6301e-02, PNorm = 114.1460, GNorm = 0.3307, lr_0 = 6.7287e-05
Loss = 2.8002e-02, PNorm = 114.1496, GNorm = 0.2233, lr_0 = 6.7105e-05
Loss = 2.5291e-02, PNorm = 114.1528, GNorm = 0.3132, lr_0 = 6.6923e-05
Loss = 2.0087e-02, PNorm = 114.1565, GNorm = 0.4264, lr_0 = 6.6741e-05
Loss = 2.0737e-02, PNorm = 114.1585, GNorm = 0.1995, lr_0 = 6.6560e-05
Loss = 2.1726e-02, PNorm = 114.1595, GNorm = 0.4077, lr_0 = 6.6380e-05
Loss = 2.3524e-02, PNorm = 114.1614, GNorm = 0.3593, lr_0 = 6.6200e-05
Loss = 2.2904e-02, PNorm = 114.1631, GNorm = 0.4807, lr_0 = 6.6020e-05
Loss = 2.2407e-02, PNorm = 114.1667, GNorm = 0.2527, lr_0 = 6.5841e-05
Loss = 2.4677e-02, PNorm = 114.1691, GNorm = 0.2708, lr_0 = 6.5663e-05
Loss = 2.0506e-02, PNorm = 114.1719, GNorm = 0.3154, lr_0 = 6.5485e-05
Loss = 2.3241e-02, PNorm = 114.1737, GNorm = 0.2008, lr_0 = 6.5307e-05
Loss = 2.8162e-02, PNorm = 114.1750, GNorm = 0.3316, lr_0 = 6.5130e-05
Loss = 2.2433e-02, PNorm = 114.1774, GNorm = 0.4900, lr_0 = 6.4953e-05
Loss = 2.2994e-02, PNorm = 114.1807, GNorm = 0.3914, lr_0 = 6.4777e-05
Loss = 2.0103e-02, PNorm = 114.1835, GNorm = 0.2469, lr_0 = 6.4602e-05
Validation rmse = 28.958026
Epoch 49
Loss = 2.6533e-02, PNorm = 114.1868, GNorm = 0.2641, lr_0 = 6.4426e-05
Loss = 2.3389e-02, PNorm = 114.1897, GNorm = 0.4090, lr_0 = 6.4252e-05
Loss = 1.9034e-02, PNorm = 114.1921, GNorm = 0.4212, lr_0 = 6.4078e-05
Loss = 2.3973e-02, PNorm = 114.1940, GNorm = 0.4812, lr_0 = 6.3904e-05
Loss = 2.2222e-02, PNorm = 114.1972, GNorm = 0.3206, lr_0 = 6.3730e-05
Loss = 2.2747e-02, PNorm = 114.1990, GNorm = 0.2426, lr_0 = 6.3558e-05
Loss = 1.9345e-02, PNorm = 114.2009, GNorm = 0.5140, lr_0 = 6.3385e-05
Loss = 2.4241e-02, PNorm = 114.2036, GNorm = 0.3570, lr_0 = 6.3213e-05
Loss = 2.6542e-02, PNorm = 114.2070, GNorm = 0.4652, lr_0 = 6.3042e-05
Loss = 2.0005e-02, PNorm = 114.2092, GNorm = 0.3905, lr_0 = 6.2871e-05
Loss = 2.0967e-02, PNorm = 114.2110, GNorm = 0.2384, lr_0 = 6.2701e-05
Loss = 2.2476e-02, PNorm = 114.2119, GNorm = 0.4005, lr_0 = 6.2531e-05
Loss = 2.1280e-02, PNorm = 114.2144, GNorm = 0.2742, lr_0 = 6.2361e-05
Loss = 2.4563e-02, PNorm = 114.2179, GNorm = 0.4905, lr_0 = 6.2192e-05
Loss = 1.9518e-02, PNorm = 114.2204, GNorm = 0.3971, lr_0 = 6.2023e-05
Loss = 2.8722e-02, PNorm = 114.2233, GNorm = 0.4376, lr_0 = 6.1855e-05
Loss = 2.1196e-02, PNorm = 114.2259, GNorm = 0.2209, lr_0 = 6.1721e-05
Loss = 2.5259e-02, PNorm = 114.2279, GNorm = 0.2808, lr_0 = 6.1721e-05
Loss = 2.1025e-02, PNorm = 114.2293, GNorm = 0.2271, lr_0 = 6.1721e-05
Loss = 2.3522e-02, PNorm = 114.2304, GNorm = 0.5051, lr_0 = 6.1721e-05
Loss = 2.0087e-02, PNorm = 114.2315, GNorm = 0.3701, lr_0 = 6.1721e-05
Validation rmse = 28.557352
Model 0 best validation rmse = 28.407341 on epoch 45
Loading pretrained parameter "encoder.encoder.0.cached_zero_vector".
Loading pretrained parameter "encoder.encoder.0.W_i.weight".
Loading pretrained parameter "encoder.encoder.0.W_h.weight".
Loading pretrained parameter "encoder.encoder.0.W_o.weight".
Loading pretrained parameter "encoder.encoder.0.W_o.bias".
Loading pretrained parameter "encoder.encoder.1.cached_zero_vector".
Loading pretrained parameter "encoder.encoder.1.W_i.weight".
Loading pretrained parameter "encoder.encoder.1.W_h.weight".
Loading pretrained parameter "encoder.encoder.1.W_o.weight".
Loading pretrained parameter "encoder.encoder.1.W_o.bias".
Loading pretrained parameter "ffn.1.weight".
Loading pretrained parameter "ffn.1.bias".
Loading pretrained parameter "ffn.4.weight".
Loading pretrained parameter "ffn.4.bias".
Moving model to cuda
Model 0 test rmse = 25.684754
Ensemble test rmse = 25.684754
1-fold cross validation
	Seed 0 ==> test rmse = 25.684754
Overall test rmse = 25.684754 +/- 0.000000
Elapsed time = 0:41:58
