Command line
python /home/kpg/chemprop/train.py --data_path ../../../data/splits/lambda_max_abs/deep4chem/group_by_smiles/smiles_target_train.csv --dataset_type regression --save_dir /home/kimele03/uvvisml/uvvisml/models/abs_all_checkpoints/random/results/506984/49662288 --config_path /home/kimele03/uvvisml/uvvisml/models/abs_all_checkpoints/random/results/506984/49662288/hyperopt.json --metric rmse --epochs 50 --gpu 0 --ensemble_size 1 --separate_val_path ../../../data/splits/lambda_max_abs/deep4chem/group_by_smiles/smiles_target_val.csv --separate_test_path ../../../data/splits/lambda_max_abs/deep4chem/group_by_smiles/smiles_target_test.csv --number_of_molecules 2
Args
{'activation': 'ReLU',
 'aggregation': 'mean',
 'aggregation_norm': 100,
 'atom_descriptor_scaling': True,
 'atom_descriptors': None,
 'atom_descriptors_path': None,
 'atom_descriptors_size': 0,
 'atom_features_size': 0,
 'atom_messages': False,
 'batch_size': 78,
 'bias': False,
 'bond_feature_scaling': True,
 'bond_features_path': None,
 'bond_features_size': 0,
 'cache_cutoff': 10000,
 'checkpoint_dir': None,
 'checkpoint_frzn': None,
 'checkpoint_path': None,
 'checkpoint_paths': None,
 'class_balance': False,
 'config_path': '/home/kimele03/uvvisml/uvvisml/models/abs_all_checkpoints/random/results/506984/49662288/hyperopt.json',
 'crossval_index_dir': None,
 'crossval_index_file': None,
 'crossval_index_sets': None,
 'cuda': True,
 'data_path': '../../../data/splits/lambda_max_abs/deep4chem/group_by_smiles/smiles_target_train.csv',
 'data_weights_path': None,
 'dataset_type': 'regression',
 'depth': 2,
 'device': device(type='cuda', index=0),
 'dropout': 0.09844676371137576,
 'empty_cache': False,
 'ensemble_size': 1,
 'epochs': 50,
 'explicit_h': False,
 'extra_metrics': [],
 'features_generator': None,
 'features_only': False,
 'features_path': None,
 'features_scaling': True,
 'features_size': None,
 'ffn_hidden_size': 1443,
 'ffn_num_layers': 2,
 'final_lr': 6.477161076742358e-08,
 'folds_file': None,
 'freeze_first_only': False,
 'frzn_ffn_layers': 0,
 'gpu': 0,
 'grad_clip': None,
 'hidden_size': 589,
 'ignore_columns': None,
 'init_lr': 1.266866786969828e-07,
 'log_frequency': 10,
 'max_data_size': None,
 'max_lr': 2.800904937597517e-07,
 'metric': 'rmse',
 'metrics': ['rmse'],
 'minimize_score': True,
 'mpn_shared': False,
 'multiclass_num_classes': 3,
 'no_atom_descriptor_scaling': False,
 'no_bond_features_scaling': False,
 'no_cache_mol': False,
 'no_cuda': False,
 'no_features_scaling': False,
 'num_folds': 1,
 'num_lrs': 1,
 'num_tasks': 1,
 'num_workers': 8,
 'number_of_molecules': 2,
 'overwrite_default_atom_features': False,
 'overwrite_default_bond_features': False,
 'pytorch_seed': 0,
 'quiet': False,
 'reaction': False,
 'reaction_mode': 'reac_diff',
 'resume_experiment': False,
 'save_dir': '/home/kimele03/uvvisml/uvvisml/models/abs_all_checkpoints/random/results/506984/49662288',
 'save_preds': False,
 'save_smiles_splits': False,
 'seed': 0,
 'separate_test_atom_descriptors_path': None,
 'separate_test_bond_features_path': None,
 'separate_test_features_path': None,
 'separate_test_path': '../../../data/splits/lambda_max_abs/deep4chem/group_by_smiles/smiles_target_test.csv',
 'separate_val_atom_descriptors_path': None,
 'separate_val_bond_features_path': None,
 'separate_val_features_path': None,
 'separate_val_path': '../../../data/splits/lambda_max_abs/deep4chem/group_by_smiles/smiles_target_val.csv',
 'show_individual_scores': False,
 'smiles_columns': ['smiles', 'solvent'],
 'split_sizes': (0.8, 0.1, 0.1),
 'split_type': 'random',
 'target_columns': None,
 'target_weights': None,
 'task_names': ['peakwavs_max'],
 'test': False,
 'test_fold_index': None,
 'train_data_size': None,
 'undirected': False,
 'use_input_features': False,
 'val_fold_index': None,
 'warmup_epochs': 2}
Loading data
Number of tasks = 1
Fold 0
Splitting data with seed 0
Total size = 13,242 | train size = 13,242 | val size = 1,633 | test size = 1,710
Fitting scaler
Building model 0
MoleculeModel(
  (encoder): MPN(
    (encoder): ModuleList(
      (0): MPNEncoder(
        (dropout_layer): Dropout(p=0.09844676371137576, inplace=False)
        (act_func): ReLU()
        (W_i): Linear(in_features=147, out_features=589, bias=False)
        (W_h): Linear(in_features=589, out_features=589, bias=False)
        (W_o): Linear(in_features=722, out_features=589, bias=True)
      )
      (1): MPNEncoder(
        (dropout_layer): Dropout(p=0.09844676371137576, inplace=False)
        (act_func): ReLU()
        (W_i): Linear(in_features=147, out_features=589, bias=False)
        (W_h): Linear(in_features=589, out_features=589, bias=False)
        (W_o): Linear(in_features=722, out_features=589, bias=True)
      )
    )
  )
  (ffn): Sequential(
    (0): Dropout(p=0.09844676371137576, inplace=False)
    (1): Linear(in_features=1178, out_features=1443, bias=True)
    (2): ReLU()
    (3): Dropout(p=0.09844676371137576, inplace=False)
    (4): Linear(in_features=1443, out_features=1, bias=True)
  )
)
Number of parameters = 3,422,621
Moving model to cuda
Epoch 0
Loss = 1.1506e+00, PNorm = 65.1661, GNorm = 1.5628, lr_0 = 1.3168e-07
Loss = 9.6164e-01, PNorm = 65.1661, GNorm = 3.7293, lr_0 = 1.3622e-07
Loss = 9.5153e-01, PNorm = 65.1661, GNorm = 3.2218, lr_0 = 1.4076e-07
Loss = 1.2038e+00, PNorm = 65.1661, GNorm = 5.5041, lr_0 = 1.4529e-07
Loss = 1.0503e+00, PNorm = 65.1661, GNorm = 3.0028, lr_0 = 1.4983e-07
Loss = 8.8452e-01, PNorm = 65.1661, GNorm = 1.4427, lr_0 = 1.5437e-07
Loss = 9.0316e-01, PNorm = 65.1661, GNorm = 2.6671, lr_0 = 1.5891e-07
Loss = 1.0252e+00, PNorm = 65.1661, GNorm = 3.6722, lr_0 = 1.6345e-07
Loss = 1.0470e+00, PNorm = 65.1661, GNorm = 2.5776, lr_0 = 1.6799e-07
Loss = 1.0134e+00, PNorm = 65.1661, GNorm = 3.5176, lr_0 = 1.7253e-07
Loss = 1.1092e+00, PNorm = 65.1661, GNorm = 2.4990, lr_0 = 1.7706e-07
Loss = 9.9963e-01, PNorm = 65.1661, GNorm = 3.1903, lr_0 = 1.8160e-07
Loss = 9.8028e-01, PNorm = 65.1661, GNorm = 1.6823, lr_0 = 1.8614e-07
Loss = 1.0172e+00, PNorm = 65.1661, GNorm = 1.7979, lr_0 = 1.9068e-07
Loss = 1.1220e+00, PNorm = 65.1661, GNorm = 5.1104, lr_0 = 1.9522e-07
Loss = 9.8475e-01, PNorm = 65.1661, GNorm = 2.9775, lr_0 = 1.9976e-07
Validation rmse = 104.960656
Epoch 1
Loss = 1.1162e+00, PNorm = 65.1661, GNorm = 2.0538, lr_0 = 2.0475e-07
Loss = 1.0276e+00, PNorm = 65.1661, GNorm = 1.8625, lr_0 = 2.0929e-07
Loss = 1.0934e+00, PNorm = 65.1661, GNorm = 2.9644, lr_0 = 2.1383e-07
Loss = 1.0262e+00, PNorm = 65.1661, GNorm = 2.6057, lr_0 = 2.1837e-07
Loss = 9.5998e-01, PNorm = 65.1661, GNorm = 1.9977, lr_0 = 2.2290e-07
Loss = 1.0302e+00, PNorm = 65.1661, GNorm = 2.3470, lr_0 = 2.2744e-07
Loss = 9.6160e-01, PNorm = 65.1661, GNorm = 2.1401, lr_0 = 2.3198e-07
Loss = 9.5261e-01, PNorm = 65.1661, GNorm = 2.3485, lr_0 = 2.3652e-07
Loss = 1.0636e+00, PNorm = 65.1661, GNorm = 2.4152, lr_0 = 2.4106e-07
Loss = 9.3335e-01, PNorm = 65.1661, GNorm = 2.1514, lr_0 = 2.4560e-07
Loss = 9.5618e-01, PNorm = 65.1661, GNorm = 3.6813, lr_0 = 2.5014e-07
Loss = 1.0449e+00, PNorm = 65.1661, GNorm = 2.1324, lr_0 = 2.5467e-07
Loss = 9.9981e-01, PNorm = 65.1661, GNorm = 3.7595, lr_0 = 2.5921e-07
Loss = 1.0438e+00, PNorm = 65.1661, GNorm = 2.8728, lr_0 = 2.6375e-07
Loss = 1.0032e+00, PNorm = 65.1661, GNorm = 2.8383, lr_0 = 2.6829e-07
Loss = 9.4112e-01, PNorm = 65.1661, GNorm = 1.6512, lr_0 = 2.7283e-07
Loss = 1.0631e+00, PNorm = 65.1661, GNorm = 1.9878, lr_0 = 2.7737e-07
Validation rmse = 104.620604
Epoch 2
Loss = 9.5383e-01, PNorm = 65.1661, GNorm = 2.1875, lr_0 = 2.7989e-07
Loss = 1.0327e+00, PNorm = 65.1661, GNorm = 2.2310, lr_0 = 2.7938e-07
Loss = 1.0275e+00, PNorm = 65.1661, GNorm = 3.1194, lr_0 = 2.7888e-07
Loss = 9.0651e-01, PNorm = 65.1661, GNorm = 5.4407, lr_0 = 2.7838e-07
Loss = 9.5635e-01, PNorm = 65.1661, GNorm = 1.8389, lr_0 = 2.7787e-07
Loss = 9.7465e-01, PNorm = 65.1661, GNorm = 3.0004, lr_0 = 2.7737e-07
Loss = 9.8124e-01, PNorm = 65.1661, GNorm = 1.8664, lr_0 = 2.7687e-07
Loss = 9.5991e-01, PNorm = 65.1661, GNorm = 2.2842, lr_0 = 2.7637e-07
Loss = 1.0906e+00, PNorm = 65.1661, GNorm = 1.7809, lr_0 = 2.7588e-07
Loss = 1.0016e+00, PNorm = 65.1661, GNorm = 2.4205, lr_0 = 2.7538e-07
Loss = 9.8470e-01, PNorm = 65.1661, GNorm = 4.2844, lr_0 = 2.7488e-07
Loss = 9.4011e-01, PNorm = 65.1661, GNorm = 1.4876, lr_0 = 2.7439e-07
Loss = 1.1131e+00, PNorm = 65.1661, GNorm = 5.1569, lr_0 = 2.7389e-07
Loss = 1.0224e+00, PNorm = 65.1661, GNorm = 1.8154, lr_0 = 2.7340e-07
Loss = 1.0373e+00, PNorm = 65.1661, GNorm = 2.5034, lr_0 = 2.7290e-07
Loss = 9.8769e-01, PNorm = 65.1661, GNorm = 3.4387, lr_0 = 2.7241e-07
Loss = 1.0667e+00, PNorm = 65.1661, GNorm = 5.9299, lr_0 = 2.7192e-07
Validation rmse = 104.320695
Epoch 3
Loss = 8.0090e-01, PNorm = 65.1661, GNorm = 4.3017, lr_0 = 2.7143e-07
Loss = 9.0731e-01, PNorm = 65.1661, GNorm = 1.7836, lr_0 = 2.7094e-07
Loss = 9.3617e-01, PNorm = 65.1661, GNorm = 3.2373, lr_0 = 2.7045e-07
Loss = 1.0770e+00, PNorm = 65.1661, GNorm = 4.8312, lr_0 = 2.6996e-07
Loss = 1.0116e+00, PNorm = 65.1661, GNorm = 1.9569, lr_0 = 2.6948e-07
Loss = 1.1236e+00, PNorm = 65.1661, GNorm = 2.3407, lr_0 = 2.6899e-07
Loss = 1.0066e+00, PNorm = 65.1661, GNorm = 3.3821, lr_0 = 2.6851e-07
Loss = 1.0503e+00, PNorm = 65.1661, GNorm = 2.4825, lr_0 = 2.6802e-07
Loss = 1.0691e+00, PNorm = 65.1661, GNorm = 4.8849, lr_0 = 2.6754e-07
Loss = 1.0823e+00, PNorm = 65.1661, GNorm = 2.8112, lr_0 = 2.6706e-07
Loss = 9.1408e-01, PNorm = 65.1661, GNorm = 1.7706, lr_0 = 2.6657e-07
Loss = 1.0107e+00, PNorm = 65.1661, GNorm = 3.1486, lr_0 = 2.6609e-07
Loss = 8.7026e-01, PNorm = 65.1661, GNorm = 3.8506, lr_0 = 2.6561e-07
Loss = 9.2842e-01, PNorm = 65.1661, GNorm = 3.9082, lr_0 = 2.6514e-07
Loss = 9.9793e-01, PNorm = 65.1661, GNorm = 2.4535, lr_0 = 2.6466e-07
Loss = 1.0077e+00, PNorm = 65.1661, GNorm = 1.9880, lr_0 = 2.6418e-07
Loss = 1.0450e+00, PNorm = 65.1661, GNorm = 2.8369, lr_0 = 2.6370e-07
Validation rmse = 104.026985
Epoch 4
Loss = 1.0494e+00, PNorm = 65.1661, GNorm = 3.3824, lr_0 = 2.6323e-07
Loss = 1.0931e+00, PNorm = 65.1661, GNorm = 3.9102, lr_0 = 2.6275e-07
Loss = 9.7692e-01, PNorm = 65.1661, GNorm = 3.7122, lr_0 = 2.6228e-07
Loss = 1.0703e+00, PNorm = 65.1661, GNorm = 2.0395, lr_0 = 2.6181e-07
Loss = 9.6348e-01, PNorm = 65.1661, GNorm = 2.0126, lr_0 = 2.6133e-07
Loss = 1.0638e+00, PNorm = 65.1661, GNorm = 2.5122, lr_0 = 2.6086e-07
Loss = 1.0152e+00, PNorm = 65.1661, GNorm = 4.5615, lr_0 = 2.6039e-07
Loss = 9.1454e-01, PNorm = 65.1661, GNorm = 1.6165, lr_0 = 2.5992e-07
Loss = 9.7964e-01, PNorm = 65.1661, GNorm = 2.0351, lr_0 = 2.5945e-07
Loss = 9.2458e-01, PNorm = 65.1661, GNorm = 3.5763, lr_0 = 2.5899e-07
Loss = 9.9312e-01, PNorm = 65.1661, GNorm = 2.8970, lr_0 = 2.5852e-07
Loss = 1.0757e+00, PNorm = 65.1661, GNorm = 3.2329, lr_0 = 2.5805e-07
Loss = 1.0096e+00, PNorm = 65.1661, GNorm = 1.7414, lr_0 = 2.5759e-07
Loss = 9.1705e-01, PNorm = 65.1661, GNorm = 1.7968, lr_0 = 2.5712e-07
Loss = 8.8095e-01, PNorm = 65.1661, GNorm = 2.7951, lr_0 = 2.5666e-07
Loss = 1.0167e+00, PNorm = 65.1661, GNorm = 2.0745, lr_0 = 2.5620e-07
Loss = 1.0134e+00, PNorm = 65.1661, GNorm = 3.0740, lr_0 = 2.5573e-07
Validation rmse = 103.747405
Epoch 5
Loss = 9.8508e-01, PNorm = 65.1661, GNorm = 2.1092, lr_0 = 2.5523e-07
Loss = 8.9458e-01, PNorm = 65.1661, GNorm = 1.5319, lr_0 = 2.5477e-07
Loss = 9.4951e-01, PNorm = 65.1661, GNorm = 2.3028, lr_0 = 2.5431e-07
Loss = 9.8177e-01, PNorm = 65.1661, GNorm = 4.8892, lr_0 = 2.5385e-07
Loss = 9.9501e-01, PNorm = 65.1661, GNorm = 4.0906, lr_0 = 2.5339e-07
Loss = 1.0893e+00, PNorm = 65.1661, GNorm = 1.4988, lr_0 = 2.5293e-07
Loss = 9.5079e-01, PNorm = 65.1661, GNorm = 1.9473, lr_0 = 2.5248e-07
Loss = 1.0460e+00, PNorm = 65.1661, GNorm = 3.8682, lr_0 = 2.5202e-07
Loss = 1.1272e+00, PNorm = 65.1661, GNorm = 5.4471, lr_0 = 2.5157e-07
Loss = 1.0408e+00, PNorm = 65.1661, GNorm = 2.1518, lr_0 = 2.5111e-07
Loss = 1.0560e+00, PNorm = 65.1661, GNorm = 1.9910, lr_0 = 2.5066e-07
Loss = 1.0269e+00, PNorm = 65.1661, GNorm = 3.1907, lr_0 = 2.5021e-07
Loss = 8.8694e-01, PNorm = 65.1661, GNorm = 3.9278, lr_0 = 2.4976e-07
Loss = 1.0673e+00, PNorm = 65.1661, GNorm = 1.8662, lr_0 = 2.4931e-07
Loss = 1.0811e+00, PNorm = 65.1661, GNorm = 3.7831, lr_0 = 2.4886e-07
Loss = 8.1863e-01, PNorm = 65.1661, GNorm = 3.1104, lr_0 = 2.4841e-07
Loss = 8.8492e-01, PNorm = 65.1661, GNorm = 4.3902, lr_0 = 2.4796e-07
Validation rmse = 103.490447
Epoch 6
Loss = 9.7191e-01, PNorm = 65.1661, GNorm = 3.0511, lr_0 = 2.4751e-07
Loss = 9.3867e-01, PNorm = 65.1661, GNorm = 1.8975, lr_0 = 2.4707e-07
Loss = 8.0422e-01, PNorm = 65.1661, GNorm = 1.7588, lr_0 = 2.4662e-07
Loss = 1.1007e+00, PNorm = 65.1661, GNorm = 3.8719, lr_0 = 2.4618e-07
Loss = 9.0917e-01, PNorm = 65.1662, GNorm = 2.6346, lr_0 = 2.4573e-07
Loss = 1.0818e+00, PNorm = 65.1662, GNorm = 1.9640, lr_0 = 2.4529e-07
Loss = 9.3609e-01, PNorm = 65.1662, GNorm = 1.5748, lr_0 = 2.4485e-07
Loss = 1.0322e+00, PNorm = 65.1662, GNorm = 2.5608, lr_0 = 2.4441e-07
Loss = 1.0546e+00, PNorm = 65.1662, GNorm = 3.0515, lr_0 = 2.4397e-07
Loss = 1.0167e+00, PNorm = 65.1662, GNorm = 1.6320, lr_0 = 2.4353e-07
Loss = 9.6235e-01, PNorm = 65.1662, GNorm = 5.9870, lr_0 = 2.4309e-07
Loss = 1.0825e+00, PNorm = 65.1662, GNorm = 2.4086, lr_0 = 2.4265e-07
Loss = 9.3314e-01, PNorm = 65.1662, GNorm = 1.8038, lr_0 = 2.4221e-07
Loss = 9.8084e-01, PNorm = 65.1662, GNorm = 3.0681, lr_0 = 2.4177e-07
Loss = 1.0684e+00, PNorm = 65.1662, GNorm = 1.9690, lr_0 = 2.4134e-07
Loss = 9.9451e-01, PNorm = 65.1662, GNorm = 3.3092, lr_0 = 2.4090e-07
Loss = 8.6284e-01, PNorm = 65.1662, GNorm = 1.7300, lr_0 = 2.4047e-07
Validation rmse = 103.240044
Epoch 7
Loss = 8.1925e-01, PNorm = 65.1662, GNorm = 3.8045, lr_0 = 2.4003e-07
Loss = 9.2813e-01, PNorm = 65.1662, GNorm = 1.9151, lr_0 = 2.3960e-07
Loss = 1.1180e+00, PNorm = 65.1662, GNorm = 5.6270, lr_0 = 2.3917e-07
Loss = 9.1951e-01, PNorm = 65.1662, GNorm = 1.8288, lr_0 = 2.3874e-07
Loss = 9.2419e-01, PNorm = 65.1662, GNorm = 5.0926, lr_0 = 2.3831e-07
Loss = 9.3691e-01, PNorm = 65.1662, GNorm = 1.7484, lr_0 = 2.3788e-07
Loss = 9.8809e-01, PNorm = 65.1662, GNorm = 1.7323, lr_0 = 2.3745e-07
Loss = 9.4787e-01, PNorm = 65.1662, GNorm = 1.9603, lr_0 = 2.3702e-07
Loss = 1.0370e+00, PNorm = 65.1662, GNorm = 1.5598, lr_0 = 2.3659e-07
Loss = 9.6668e-01, PNorm = 65.1662, GNorm = 2.7774, lr_0 = 2.3617e-07
Loss = 1.0469e+00, PNorm = 65.1662, GNorm = 3.1924, lr_0 = 2.3574e-07
Loss = 1.0645e+00, PNorm = 65.1662, GNorm = 1.8498, lr_0 = 2.3532e-07
Loss = 1.0835e+00, PNorm = 65.1662, GNorm = 3.6080, lr_0 = 2.3489e-07
Loss = 1.0164e+00, PNorm = 65.1662, GNorm = 2.0467, lr_0 = 2.3447e-07
Loss = 8.7648e-01, PNorm = 65.1662, GNorm = 1.8223, lr_0 = 2.3404e-07
Loss = 9.2669e-01, PNorm = 65.1662, GNorm = 3.1610, lr_0 = 2.3362e-07
Loss = 9.3453e-01, PNorm = 65.1662, GNorm = 4.7498, lr_0 = 2.3320e-07
Validation rmse = 102.995619
Epoch 8
Loss = 8.3996e-01, PNorm = 65.1662, GNorm = 4.5345, lr_0 = 2.3278e-07
Loss = 9.2704e-01, PNorm = 65.1662, GNorm = 3.0216, lr_0 = 2.3236e-07
Loss = 8.9042e-01, PNorm = 65.1662, GNorm = 1.6844, lr_0 = 2.3194e-07
Loss = 9.7639e-01, PNorm = 65.1662, GNorm = 5.1239, lr_0 = 2.3152e-07
Loss = 1.0272e+00, PNorm = 65.1662, GNorm = 2.9346, lr_0 = 2.3111e-07
Loss = 9.3734e-01, PNorm = 65.1662, GNorm = 3.3978, lr_0 = 2.3069e-07
Loss = 1.0732e+00, PNorm = 65.1662, GNorm = 2.5490, lr_0 = 2.3027e-07
Loss = 1.0577e+00, PNorm = 65.1662, GNorm = 3.0466, lr_0 = 2.2986e-07
Loss = 9.5294e-01, PNorm = 65.1662, GNorm = 1.7529, lr_0 = 2.2944e-07
Loss = 9.7168e-01, PNorm = 65.1662, GNorm = 3.8134, lr_0 = 2.2903e-07
Loss = 9.6146e-01, PNorm = 65.1662, GNorm = 2.0329, lr_0 = 2.2862e-07
Loss = 9.9672e-01, PNorm = 65.1663, GNorm = 2.2182, lr_0 = 2.2820e-07
Loss = 9.0505e-01, PNorm = 65.1663, GNorm = 4.2892, lr_0 = 2.2779e-07
Loss = 1.0755e+00, PNorm = 65.1663, GNorm = 6.7940, lr_0 = 2.2738e-07
Loss = 1.0347e+00, PNorm = 65.1663, GNorm = 4.8958, lr_0 = 2.2697e-07
Loss = 8.8486e-01, PNorm = 65.1663, GNorm = 3.4836, lr_0 = 2.2656e-07
Loss = 1.0512e+00, PNorm = 65.1663, GNorm = 4.0925, lr_0 = 2.2615e-07
Validation rmse = 102.770714
Epoch 9
Loss = 1.0357e+00, PNorm = 65.1663, GNorm = 2.5143, lr_0 = 2.2571e-07
Loss = 9.9619e-01, PNorm = 65.1663, GNorm = 2.4353, lr_0 = 2.2530e-07
Loss = 9.8698e-01, PNorm = 65.1663, GNorm = 2.1706, lr_0 = 2.2489e-07
Loss = 9.3978e-01, PNorm = 65.1663, GNorm = 2.3835, lr_0 = 2.2449e-07
Loss = 8.9045e-01, PNorm = 65.1663, GNorm = 2.5185, lr_0 = 2.2408e-07
Loss = 8.5128e-01, PNorm = 65.1663, GNorm = 1.6965, lr_0 = 2.2368e-07
Loss = 9.6737e-01, PNorm = 65.1663, GNorm = 1.3752, lr_0 = 2.2327e-07
Loss = 1.1046e+00, PNorm = 65.1663, GNorm = 2.3629, lr_0 = 2.2287e-07
Loss = 8.7109e-01, PNorm = 65.1663, GNorm = 2.8922, lr_0 = 2.2247e-07
Loss = 1.0001e+00, PNorm = 65.1663, GNorm = 5.2016, lr_0 = 2.2207e-07
Loss = 9.4947e-01, PNorm = 65.1663, GNorm = 2.5462, lr_0 = 2.2167e-07
Loss = 1.0043e+00, PNorm = 65.1663, GNorm = 1.9199, lr_0 = 2.2127e-07
Loss = 9.5695e-01, PNorm = 65.1663, GNorm = 3.2544, lr_0 = 2.2087e-07
Loss = 9.6640e-01, PNorm = 65.1663, GNorm = 1.7602, lr_0 = 2.2047e-07
Loss = 1.0754e+00, PNorm = 65.1663, GNorm = 2.4908, lr_0 = 2.2007e-07
Loss = 1.0057e+00, PNorm = 65.1663, GNorm = 1.7015, lr_0 = 2.1968e-07
Loss = 1.0255e+00, PNorm = 65.1663, GNorm = 3.0322, lr_0 = 2.1928e-07
Validation rmse = 102.550797
Epoch 10
Loss = 8.6004e-01, PNorm = 65.1663, GNorm = 1.6603, lr_0 = 2.1888e-07
Loss = 9.2557e-01, PNorm = 65.1663, GNorm = 1.7927, lr_0 = 2.1849e-07
Loss = 1.0176e+00, PNorm = 65.1663, GNorm = 2.4922, lr_0 = 2.1810e-07
Loss = 8.6988e-01, PNorm = 65.1663, GNorm = 2.0302, lr_0 = 2.1770e-07
Loss = 9.6448e-01, PNorm = 65.1663, GNorm = 1.9494, lr_0 = 2.1731e-07
Loss = 9.0204e-01, PNorm = 65.1663, GNorm = 3.0560, lr_0 = 2.1692e-07
Loss = 9.7631e-01, PNorm = 65.1663, GNorm = 3.3971, lr_0 = 2.1653e-07
Loss = 9.5475e-01, PNorm = 65.1663, GNorm = 5.4631, lr_0 = 2.1614e-07
Loss = 1.0101e+00, PNorm = 65.1663, GNorm = 1.9156, lr_0 = 2.1575e-07
Loss = 9.9777e-01, PNorm = 65.1663, GNorm = 1.7176, lr_0 = 2.1536e-07
Loss = 1.0804e+00, PNorm = 65.1664, GNorm = 4.0608, lr_0 = 2.1497e-07
Loss = 1.0055e+00, PNorm = 65.1664, GNorm = 2.5414, lr_0 = 2.1458e-07
Loss = 9.2426e-01, PNorm = 65.1664, GNorm = 3.1030, lr_0 = 2.1419e-07
Loss = 1.0015e+00, PNorm = 65.1664, GNorm = 2.3313, lr_0 = 2.1381e-07
Loss = 1.0261e+00, PNorm = 65.1664, GNorm = 2.6756, lr_0 = 2.1342e-07
Loss = 9.7031e-01, PNorm = 65.1664, GNorm = 1.6892, lr_0 = 2.1304e-07
Loss = 9.8713e-01, PNorm = 65.1664, GNorm = 3.4821, lr_0 = 2.1265e-07
Validation rmse = 102.348207
Epoch 11
Loss = 1.1307e+00, PNorm = 65.1664, GNorm = 1.7650, lr_0 = 2.1227e-07
Loss = 8.6453e-01, PNorm = 65.1664, GNorm = 3.2408, lr_0 = 2.1189e-07
Loss = 9.3397e-01, PNorm = 65.1664, GNorm = 2.8191, lr_0 = 2.1151e-07
Loss = 9.9064e-01, PNorm = 65.1664, GNorm = 2.1006, lr_0 = 2.1112e-07
Loss = 9.5778e-01, PNorm = 65.1664, GNorm = 4.8564, lr_0 = 2.1074e-07
Loss = 9.6537e-01, PNorm = 65.1664, GNorm = 1.8989, lr_0 = 2.1036e-07
Loss = 1.0158e+00, PNorm = 65.1664, GNorm = 2.9749, lr_0 = 2.0998e-07
Loss = 9.4323e-01, PNorm = 65.1664, GNorm = 4.4968, lr_0 = 2.0960e-07
Loss = 1.0057e+00, PNorm = 65.1664, GNorm = 1.8183, lr_0 = 2.0923e-07
Loss = 8.5960e-01, PNorm = 65.1664, GNorm = 2.2690, lr_0 = 2.0885e-07
Loss = 8.7994e-01, PNorm = 65.1664, GNorm = 2.2310, lr_0 = 2.0847e-07
Loss = 1.0680e+00, PNorm = 65.1664, GNorm = 3.2711, lr_0 = 2.0810e-07
Loss = 1.1160e+00, PNorm = 65.1664, GNorm = 2.3134, lr_0 = 2.0772e-07
Loss = 1.0139e+00, PNorm = 65.1664, GNorm = 1.6706, lr_0 = 2.0735e-07
Loss = 9.2578e-01, PNorm = 65.1664, GNorm = 2.3839, lr_0 = 2.0697e-07
Loss = 9.4407e-01, PNorm = 65.1664, GNorm = 3.3081, lr_0 = 2.0660e-07
Loss = 9.8121e-01, PNorm = 65.1664, GNorm = 2.4188, lr_0 = 2.0623e-07
Validation rmse = 102.137724
Epoch 12
Loss = 1.1786e+00, PNorm = 65.1664, GNorm = 2.4128, lr_0 = 2.0586e-07
Loss = 8.3794e-01, PNorm = 65.1664, GNorm = 2.1295, lr_0 = 2.0548e-07
Loss = 1.0382e+00, PNorm = 65.1664, GNorm = 1.7803, lr_0 = 2.0511e-07
Loss = 9.0481e-01, PNorm = 65.1664, GNorm = 3.5001, lr_0 = 2.0474e-07
Loss = 1.0442e+00, PNorm = 65.1664, GNorm = 1.7937, lr_0 = 2.0437e-07
Loss = 1.0104e+00, PNorm = 65.1664, GNorm = 2.5703, lr_0 = 2.0401e-07
Loss = 9.0265e-01, PNorm = 65.1665, GNorm = 1.9921, lr_0 = 2.0364e-07
Loss = 1.0037e+00, PNorm = 65.1665, GNorm = 1.9808, lr_0 = 2.0327e-07
Loss = 9.3613e-01, PNorm = 65.1665, GNorm = 3.3576, lr_0 = 2.0290e-07
Loss = 9.6155e-01, PNorm = 65.1665, GNorm = 3.0625, lr_0 = 2.0254e-07
Loss = 8.8368e-01, PNorm = 65.1665, GNorm = 5.1816, lr_0 = 2.0217e-07
Loss = 9.2663e-01, PNorm = 65.1665, GNorm = 2.6116, lr_0 = 2.0181e-07
Loss = 1.1078e+00, PNorm = 65.1665, GNorm = 5.8729, lr_0 = 2.0144e-07
Loss = 9.6742e-01, PNorm = 65.1665, GNorm = 2.9584, lr_0 = 2.0108e-07
Loss = 9.4250e-01, PNorm = 65.1665, GNorm = 2.2826, lr_0 = 2.0072e-07
Loss = 9.6182e-01, PNorm = 65.1665, GNorm = 2.1650, lr_0 = 2.0036e-07
Loss = 1.0261e+00, PNorm = 65.1665, GNorm = 3.8905, lr_0 = 2.0000e-07
Validation rmse = 101.931342
Epoch 13
Loss = 1.0676e+00, PNorm = 65.1665, GNorm = 2.8183, lr_0 = 1.9963e-07
Loss = 1.0429e+00, PNorm = 65.1665, GNorm = 1.5239, lr_0 = 1.9927e-07
Loss = 8.6989e-01, PNorm = 65.1665, GNorm = 2.4462, lr_0 = 1.9892e-07
Loss = 1.0423e+00, PNorm = 65.1665, GNorm = 2.8852, lr_0 = 1.9856e-07
Loss = 9.0182e-01, PNorm = 65.1665, GNorm = 1.9817, lr_0 = 1.9820e-07
Loss = 9.5581e-01, PNorm = 65.1665, GNorm = 3.0966, lr_0 = 1.9784e-07
Loss = 8.8181e-01, PNorm = 65.1665, GNorm = 3.9603, lr_0 = 1.9748e-07
Loss = 1.0563e+00, PNorm = 65.1665, GNorm = 2.3398, lr_0 = 1.9713e-07
Loss = 9.1305e-01, PNorm = 65.1665, GNorm = 1.7443, lr_0 = 1.9677e-07
Loss = 8.6375e-01, PNorm = 65.1665, GNorm = 1.9282, lr_0 = 1.9642e-07
Loss = 9.3630e-01, PNorm = 65.1665, GNorm = 2.4200, lr_0 = 1.9606e-07
Loss = 1.0409e+00, PNorm = 65.1665, GNorm = 3.0652, lr_0 = 1.9571e-07
Loss = 1.0051e+00, PNorm = 65.1665, GNorm = 1.9730, lr_0 = 1.9536e-07
Loss = 9.6199e-01, PNorm = 65.1665, GNorm = 1.7127, lr_0 = 1.9500e-07
Loss = 1.0101e+00, PNorm = 65.1665, GNorm = 1.6031, lr_0 = 1.9465e-07
Loss = 9.0490e-01, PNorm = 65.1665, GNorm = 2.1725, lr_0 = 1.9430e-07
Loss = 1.0358e+00, PNorm = 65.1665, GNorm = 3.0407, lr_0 = 1.9395e-07
Validation rmse = 101.744967
Epoch 14
Loss = 1.0106e+00, PNorm = 65.1666, GNorm = 3.2123, lr_0 = 1.9357e-07
Loss = 1.0127e+00, PNorm = 65.1666, GNorm = 1.8906, lr_0 = 1.9322e-07
Loss = 1.0263e+00, PNorm = 65.1666, GNorm = 1.9618, lr_0 = 1.9287e-07
Loss = 9.3601e-01, PNorm = 65.1666, GNorm = 2.0158, lr_0 = 1.9252e-07
Loss = 9.5760e-01, PNorm = 65.1666, GNorm = 1.6375, lr_0 = 1.9217e-07
Loss = 9.8036e-01, PNorm = 65.1666, GNorm = 1.8689, lr_0 = 1.9183e-07
Loss = 8.8686e-01, PNorm = 65.1666, GNorm = 2.4671, lr_0 = 1.9148e-07
Loss = 9.4425e-01, PNorm = 65.1666, GNorm = 1.6197, lr_0 = 1.9114e-07
Loss = 9.0514e-01, PNorm = 65.1666, GNorm = 4.4655, lr_0 = 1.9079e-07
Loss = 1.0382e+00, PNorm = 65.1666, GNorm = 3.0104, lr_0 = 1.9045e-07
Loss = 9.3978e-01, PNorm = 65.1666, GNorm = 1.9351, lr_0 = 1.9010e-07
Loss = 1.0027e+00, PNorm = 65.1666, GNorm = 3.1765, lr_0 = 1.8976e-07
Loss = 8.9442e-01, PNorm = 65.1666, GNorm = 2.3022, lr_0 = 1.8942e-07
Loss = 9.6241e-01, PNorm = 65.1666, GNorm = 2.4186, lr_0 = 1.8908e-07
Loss = 1.0365e+00, PNorm = 65.1666, GNorm = 2.2721, lr_0 = 1.8874e-07
Loss = 8.6961e-01, PNorm = 65.1666, GNorm = 3.3318, lr_0 = 1.8840e-07
Loss = 1.0189e+00, PNorm = 65.1666, GNorm = 1.8285, lr_0 = 1.8806e-07
Validation rmse = 101.561119
Epoch 15
Loss = 1.0202e+00, PNorm = 65.1666, GNorm = 2.0070, lr_0 = 1.8772e-07
Loss = 9.6207e-01, PNorm = 65.1666, GNorm = 3.0989, lr_0 = 1.8738e-07
Loss = 9.8145e-01, PNorm = 65.1666, GNorm = 2.5515, lr_0 = 1.8704e-07
Loss = 9.2195e-01, PNorm = 65.1666, GNorm = 2.6237, lr_0 = 1.8670e-07
Loss = 9.8863e-01, PNorm = 65.1666, GNorm = 2.1097, lr_0 = 1.8637e-07
Loss = 1.0294e+00, PNorm = 65.1666, GNorm = 1.5005, lr_0 = 1.8603e-07
Loss = 9.5139e-01, PNorm = 65.1666, GNorm = 2.2043, lr_0 = 1.8570e-07
Loss = 9.5735e-01, PNorm = 65.1666, GNorm = 1.4778, lr_0 = 1.8536e-07
Loss = 1.0285e+00, PNorm = 65.1666, GNorm = 2.0205, lr_0 = 1.8503e-07
Loss = 1.0470e+00, PNorm = 65.1667, GNorm = 2.0983, lr_0 = 1.8469e-07
Loss = 9.1196e-01, PNorm = 65.1667, GNorm = 3.2832, lr_0 = 1.8436e-07
Loss = 9.6286e-01, PNorm = 65.1667, GNorm = 1.8973, lr_0 = 1.8403e-07
Loss = 9.6609e-01, PNorm = 65.1667, GNorm = 3.8369, lr_0 = 1.8369e-07
Loss = 9.1645e-01, PNorm = 65.1667, GNorm = 3.3146, lr_0 = 1.8336e-07
Loss = 9.0997e-01, PNorm = 65.1667, GNorm = 1.8784, lr_0 = 1.8303e-07
Loss = 8.9207e-01, PNorm = 65.1667, GNorm = 2.0598, lr_0 = 1.8270e-07
Loss = 9.6867e-01, PNorm = 65.1667, GNorm = 2.9003, lr_0 = 1.8237e-07
Validation rmse = 101.383970
Epoch 16
Loss = 1.0794e+00, PNorm = 65.1667, GNorm = 4.1075, lr_0 = 1.8204e-07
Loss = 9.3796e-01, PNorm = 65.1667, GNorm = 4.0286, lr_0 = 1.8172e-07
Loss = 8.9759e-01, PNorm = 65.1667, GNorm = 1.5961, lr_0 = 1.8139e-07
Loss = 1.0483e+00, PNorm = 65.1667, GNorm = 2.1347, lr_0 = 1.8106e-07
Loss = 1.0381e+00, PNorm = 65.1667, GNorm = 2.4404, lr_0 = 1.8073e-07
Loss = 9.2119e-01, PNorm = 65.1667, GNorm = 1.7372, lr_0 = 1.8041e-07
Loss = 9.6543e-01, PNorm = 65.1667, GNorm = 2.5266, lr_0 = 1.8008e-07
Loss = 9.7564e-01, PNorm = 65.1667, GNorm = 2.5163, lr_0 = 1.7976e-07
Loss = 8.5872e-01, PNorm = 65.1667, GNorm = 5.4912, lr_0 = 1.7943e-07
Loss = 9.6188e-01, PNorm = 65.1667, GNorm = 1.5159, lr_0 = 1.7911e-07
Loss = 9.8641e-01, PNorm = 65.1667, GNorm = 2.0856, lr_0 = 1.7879e-07
Loss = 9.9519e-01, PNorm = 65.1667, GNorm = 1.8410, lr_0 = 1.7847e-07
Loss = 8.8336e-01, PNorm = 65.1667, GNorm = 1.6844, lr_0 = 1.7814e-07
Loss = 9.0055e-01, PNorm = 65.1667, GNorm = 1.6021, lr_0 = 1.7782e-07
Loss = 1.0341e+00, PNorm = 65.1667, GNorm = 2.2635, lr_0 = 1.7750e-07
Loss = 1.0675e+00, PNorm = 65.1667, GNorm = 2.2893, lr_0 = 1.7718e-07
Loss = 8.2284e-01, PNorm = 65.1667, GNorm = 1.5366, lr_0 = 1.7686e-07
Validation rmse = 101.215793
Epoch 17
Loss = 8.7981e-01, PNorm = 65.1667, GNorm = 1.5389, lr_0 = 1.7654e-07
Loss = 8.5219e-01, PNorm = 65.1667, GNorm = 4.6273, lr_0 = 1.7622e-07
Loss = 8.9169e-01, PNorm = 65.1667, GNorm = 2.7262, lr_0 = 1.7591e-07
Loss = 9.6235e-01, PNorm = 65.1668, GNorm = 4.9775, lr_0 = 1.7559e-07
Loss = 9.1150e-01, PNorm = 65.1668, GNorm = 4.8365, lr_0 = 1.7527e-07
Loss = 9.7849e-01, PNorm = 65.1668, GNorm = 4.7789, lr_0 = 1.7496e-07
Loss = 1.0290e+00, PNorm = 65.1668, GNorm = 1.9022, lr_0 = 1.7464e-07
Loss = 8.2080e-01, PNorm = 65.1668, GNorm = 1.6862, lr_0 = 1.7433e-07
Loss = 9.8007e-01, PNorm = 65.1668, GNorm = 1.8433, lr_0 = 1.7401e-07
Loss = 9.9078e-01, PNorm = 65.1668, GNorm = 1.6234, lr_0 = 1.7370e-07
Loss = 9.6223e-01, PNorm = 65.1668, GNorm = 1.8278, lr_0 = 1.7339e-07
Loss = 9.5041e-01, PNorm = 65.1668, GNorm = 2.0230, lr_0 = 1.7307e-07
Loss = 1.0374e+00, PNorm = 65.1668, GNorm = 2.3482, lr_0 = 1.7276e-07
Loss = 9.0229e-01, PNorm = 65.1668, GNorm = 3.9323, lr_0 = 1.7245e-07
Loss = 9.6860e-01, PNorm = 65.1668, GNorm = 1.8616, lr_0 = 1.7214e-07
Loss = 1.0726e+00, PNorm = 65.1668, GNorm = 5.3249, lr_0 = 1.7183e-07
Loss = 9.6936e-01, PNorm = 65.1668, GNorm = 2.1771, lr_0 = 1.7152e-07
Validation rmse = 101.050771
Epoch 18
Loss = 8.4767e-01, PNorm = 65.1668, GNorm = 3.7858, lr_0 = 1.7118e-07
Loss = 1.0122e+00, PNorm = 65.1668, GNorm = 2.6621, lr_0 = 1.7087e-07
Loss = 9.4961e-01, PNorm = 65.1668, GNorm = 2.2450, lr_0 = 1.7056e-07
Loss = 9.8797e-01, PNorm = 65.1668, GNorm = 1.8537, lr_0 = 1.7025e-07
Loss = 9.9766e-01, PNorm = 65.1668, GNorm = 1.8361, lr_0 = 1.6995e-07
Loss = 9.8341e-01, PNorm = 65.1668, GNorm = 2.7464, lr_0 = 1.6964e-07
Loss = 9.1019e-01, PNorm = 65.1668, GNorm = 1.5900, lr_0 = 1.6933e-07
Loss = 9.5682e-01, PNorm = 65.1668, GNorm = 1.9515, lr_0 = 1.6903e-07
Loss = 9.8775e-01, PNorm = 65.1668, GNorm = 1.9846, lr_0 = 1.6872e-07
Loss = 8.7927e-01, PNorm = 65.1668, GNorm = 2.3903, lr_0 = 1.6842e-07
Loss = 9.1305e-01, PNorm = 65.1668, GNorm = 1.7309, lr_0 = 1.6812e-07
Loss = 9.1667e-01, PNorm = 65.1669, GNorm = 2.0077, lr_0 = 1.6781e-07
Loss = 1.0509e+00, PNorm = 65.1669, GNorm = 2.4551, lr_0 = 1.6751e-07
Loss = 9.2408e-01, PNorm = 65.1669, GNorm = 1.9174, lr_0 = 1.6721e-07
Loss = 9.1783e-01, PNorm = 65.1669, GNorm = 2.5783, lr_0 = 1.6691e-07
Loss = 9.2314e-01, PNorm = 65.1669, GNorm = 2.8122, lr_0 = 1.6660e-07
Loss = 9.6462e-01, PNorm = 65.1669, GNorm = 4.7118, lr_0 = 1.6630e-07
Validation rmse = 100.891584
Epoch 19
Loss = 9.3598e-01, PNorm = 65.1669, GNorm = 1.8048, lr_0 = 1.6600e-07
Loss = 9.7178e-01, PNorm = 65.1669, GNorm = 3.0519, lr_0 = 1.6570e-07
Loss = 1.0574e+00, PNorm = 65.1669, GNorm = 2.4691, lr_0 = 1.6541e-07
Loss = 9.3810e-01, PNorm = 65.1669, GNorm = 1.7151, lr_0 = 1.6511e-07
Loss = 8.6801e-01, PNorm = 65.1669, GNorm = 3.2618, lr_0 = 1.6481e-07
Loss = 1.0723e+00, PNorm = 65.1669, GNorm = 1.7644, lr_0 = 1.6451e-07
Loss = 8.7250e-01, PNorm = 65.1669, GNorm = 3.0342, lr_0 = 1.6422e-07
Loss = 8.4060e-01, PNorm = 65.1669, GNorm = 1.9719, lr_0 = 1.6392e-07
Loss = 8.7088e-01, PNorm = 65.1669, GNorm = 1.7952, lr_0 = 1.6362e-07
Loss = 8.3011e-01, PNorm = 65.1669, GNorm = 1.6670, lr_0 = 1.6333e-07
Loss = 1.0270e+00, PNorm = 65.1669, GNorm = 3.5755, lr_0 = 1.6303e-07
Loss = 9.7925e-01, PNorm = 65.1669, GNorm = 1.9267, lr_0 = 1.6274e-07
Loss = 1.1265e+00, PNorm = 65.1669, GNorm = 2.0956, lr_0 = 1.6245e-07
Loss = 9.0292e-01, PNorm = 65.1669, GNorm = 2.1190, lr_0 = 1.6215e-07
Loss = 8.5535e-01, PNorm = 65.1669, GNorm = 2.0571, lr_0 = 1.6186e-07
Loss = 1.0377e+00, PNorm = 65.1669, GNorm = 3.7469, lr_0 = 1.6157e-07
Loss = 9.5049e-01, PNorm = 65.1669, GNorm = 1.8708, lr_0 = 1.6128e-07
Validation rmse = 100.737668
Epoch 20
Loss = 7.9154e-01, PNorm = 65.1669, GNorm = 1.8768, lr_0 = 1.6099e-07
Loss = 9.4943e-01, PNorm = 65.1669, GNorm = 2.3909, lr_0 = 1.6070e-07
Loss = 9.8405e-01, PNorm = 65.1670, GNorm = 2.1576, lr_0 = 1.6041e-07
Loss = 1.1686e+00, PNorm = 65.1670, GNorm = 4.2146, lr_0 = 1.6012e-07
Loss = 1.0178e+00, PNorm = 65.1670, GNorm = 3.0917, lr_0 = 1.5983e-07
Loss = 8.9268e-01, PNorm = 65.1670, GNorm = 2.3880, lr_0 = 1.5954e-07
Loss = 9.1492e-01, PNorm = 65.1670, GNorm = 2.0847, lr_0 = 1.5925e-07
Loss = 9.4754e-01, PNorm = 65.1670, GNorm = 2.0807, lr_0 = 1.5897e-07
Loss = 8.6223e-01, PNorm = 65.1670, GNorm = 5.0134, lr_0 = 1.5868e-07
Loss = 9.7473e-01, PNorm = 65.1670, GNorm = 2.3402, lr_0 = 1.5839e-07
Loss = 9.3791e-01, PNorm = 65.1670, GNorm = 3.5167, lr_0 = 1.5811e-07
Loss = 8.8071e-01, PNorm = 65.1670, GNorm = 2.6038, lr_0 = 1.5782e-07
Loss = 9.1450e-01, PNorm = 65.1670, GNorm = 4.7202, lr_0 = 1.5754e-07
Loss = 9.2371e-01, PNorm = 65.1670, GNorm = 2.7649, lr_0 = 1.5725e-07
Loss = 8.4404e-01, PNorm = 65.1670, GNorm = 1.8274, lr_0 = 1.5697e-07
Loss = 9.4507e-01, PNorm = 65.1670, GNorm = 2.9184, lr_0 = 1.5669e-07
Loss = 1.0457e+00, PNorm = 65.1670, GNorm = 1.6316, lr_0 = 1.5640e-07
Validation rmse = 100.582596
Epoch 21
Loss = 1.0953e+00, PNorm = 65.1670, GNorm = 2.4935, lr_0 = 1.5612e-07
Loss = 9.6187e-01, PNorm = 65.1670, GNorm = 2.1095, lr_0 = 1.5584e-07
Loss = 9.6958e-01, PNorm = 65.1670, GNorm = 2.4943, lr_0 = 1.5556e-07
Loss = 8.8724e-01, PNorm = 65.1670, GNorm = 2.5321, lr_0 = 1.5528e-07
Loss = 1.0484e+00, PNorm = 65.1670, GNorm = 1.7971, lr_0 = 1.5500e-07
Loss = 9.3811e-01, PNorm = 65.1670, GNorm = 2.8361, lr_0 = 1.5472e-07
Loss = 9.3019e-01, PNorm = 65.1670, GNorm = 3.2737, lr_0 = 1.5444e-07
Loss = 9.8913e-01, PNorm = 65.1670, GNorm = 2.7704, lr_0 = 1.5416e-07
Loss = 8.7274e-01, PNorm = 65.1670, GNorm = 3.5442, lr_0 = 1.5388e-07
Loss = 9.7338e-01, PNorm = 65.1670, GNorm = 2.2394, lr_0 = 1.5361e-07
Loss = 8.7078e-01, PNorm = 65.1670, GNorm = 3.7439, lr_0 = 1.5333e-07
Loss = 9.4209e-01, PNorm = 65.1671, GNorm = 2.6346, lr_0 = 1.5305e-07
Loss = 1.0090e+00, PNorm = 65.1671, GNorm = 2.3578, lr_0 = 1.5278e-07
Loss = 8.8150e-01, PNorm = 65.1671, GNorm = 1.8961, lr_0 = 1.5250e-07
Loss = 9.4449e-01, PNorm = 65.1671, GNorm = 1.9406, lr_0 = 1.5223e-07
Loss = 9.3742e-01, PNorm = 65.1671, GNorm = 2.2603, lr_0 = 1.5195e-07
Loss = 9.4253e-01, PNorm = 65.1671, GNorm = 2.2690, lr_0 = 1.5168e-07
Validation rmse = 100.441033
Epoch 22
Loss = 1.1144e+00, PNorm = 65.1671, GNorm = 2.4604, lr_0 = 1.5138e-07
Loss = 1.0096e+00, PNorm = 65.1671, GNorm = 2.0529, lr_0 = 1.5110e-07
Loss = 9.8848e-01, PNorm = 65.1671, GNorm = 2.0028, lr_0 = 1.5083e-07
Loss = 8.9837e-01, PNorm = 65.1671, GNorm = 1.6949, lr_0 = 1.5056e-07
Loss = 9.6672e-01, PNorm = 65.1671, GNorm = 2.5369, lr_0 = 1.5029e-07
Loss = 7.7026e-01, PNorm = 65.1671, GNorm = 1.7051, lr_0 = 1.5002e-07
Loss = 9.5182e-01, PNorm = 65.1671, GNorm = 3.5204, lr_0 = 1.4975e-07
Loss = 8.4605e-01, PNorm = 65.1671, GNorm = 2.7479, lr_0 = 1.4948e-07
Loss = 9.8444e-01, PNorm = 65.1671, GNorm = 2.0626, lr_0 = 1.4921e-07
Loss = 1.0035e+00, PNorm = 65.1671, GNorm = 1.5848, lr_0 = 1.4894e-07
Loss = 1.0052e+00, PNorm = 65.1671, GNorm = 2.5051, lr_0 = 1.4867e-07
Loss = 9.6721e-01, PNorm = 65.1671, GNorm = 2.2875, lr_0 = 1.4840e-07
Loss = 1.0419e+00, PNorm = 65.1671, GNorm = 3.8079, lr_0 = 1.4813e-07
Loss = 9.5683e-01, PNorm = 65.1671, GNorm = 3.6893, lr_0 = 1.4787e-07
Loss = 8.2506e-01, PNorm = 65.1671, GNorm = 1.7577, lr_0 = 1.4760e-07
Loss = 9.2559e-01, PNorm = 65.1671, GNorm = 3.9714, lr_0 = 1.4733e-07
Loss = 8.4781e-01, PNorm = 65.1671, GNorm = 2.3917, lr_0 = 1.4707e-07
Validation rmse = 100.302744
Epoch 23
Loss = 9.7803e-01, PNorm = 65.1671, GNorm = 1.7691, lr_0 = 1.4680e-07
Loss = 8.6159e-01, PNorm = 65.1671, GNorm = 2.1985, lr_0 = 1.4654e-07
Loss = 9.2971e-01, PNorm = 65.1672, GNorm = 2.3581, lr_0 = 1.4627e-07
Loss = 1.0527e+00, PNorm = 65.1672, GNorm = 2.6687, lr_0 = 1.4601e-07
Loss = 8.4580e-01, PNorm = 65.1672, GNorm = 1.7761, lr_0 = 1.4575e-07
Loss = 8.9599e-01, PNorm = 65.1672, GNorm = 3.1576, lr_0 = 1.4548e-07
Loss = 8.6085e-01, PNorm = 65.1672, GNorm = 4.0732, lr_0 = 1.4522e-07
Loss = 8.8026e-01, PNorm = 65.1672, GNorm = 3.9653, lr_0 = 1.4496e-07
Loss = 1.1191e+00, PNorm = 65.1672, GNorm = 1.5656, lr_0 = 1.4470e-07
Loss = 8.9310e-01, PNorm = 65.1672, GNorm = 3.7708, lr_0 = 1.4444e-07
Loss = 1.0816e+00, PNorm = 65.1672, GNorm = 3.2007, lr_0 = 1.4418e-07
Loss = 8.9336e-01, PNorm = 65.1672, GNorm = 2.5879, lr_0 = 1.4392e-07
Loss = 8.9535e-01, PNorm = 65.1672, GNorm = 1.6796, lr_0 = 1.4366e-07
Loss = 1.1149e+00, PNorm = 65.1672, GNorm = 1.8389, lr_0 = 1.4340e-07
Loss = 1.0269e+00, PNorm = 65.1672, GNorm = 2.5205, lr_0 = 1.4314e-07
Loss = 8.7381e-01, PNorm = 65.1672, GNorm = 5.0242, lr_0 = 1.4288e-07
Loss = 8.3051e-01, PNorm = 65.1672, GNorm = 3.2709, lr_0 = 1.4262e-07
Validation rmse = 100.172906
Epoch 24
Loss = 1.0396e+00, PNorm = 65.1672, GNorm = 3.1263, lr_0 = 1.4237e-07
Loss = 9.7264e-01, PNorm = 65.1672, GNorm = 1.9482, lr_0 = 1.4211e-07
Loss = 9.5241e-01, PNorm = 65.1672, GNorm = 2.9393, lr_0 = 1.4185e-07
Loss = 9.7297e-01, PNorm = 65.1672, GNorm = 2.0418, lr_0 = 1.4160e-07
Loss = 9.9877e-01, PNorm = 65.1672, GNorm = 2.3133, lr_0 = 1.4134e-07
Loss = 9.2385e-01, PNorm = 65.1672, GNorm = 2.1604, lr_0 = 1.4109e-07
Loss = 9.4292e-01, PNorm = 65.1672, GNorm = 2.3145, lr_0 = 1.4083e-07
Loss = 9.7800e-01, PNorm = 65.1672, GNorm = 2.5540, lr_0 = 1.4058e-07
Loss = 8.6078e-01, PNorm = 65.1672, GNorm = 1.7165, lr_0 = 1.4033e-07
Loss = 9.1964e-01, PNorm = 65.1672, GNorm = 3.3971, lr_0 = 1.4007e-07
Loss = 8.9142e-01, PNorm = 65.1672, GNorm = 2.1006, lr_0 = 1.3982e-07
Loss = 8.5041e-01, PNorm = 65.1673, GNorm = 2.1282, lr_0 = 1.3957e-07
Loss = 8.1435e-01, PNorm = 65.1673, GNorm = 2.1803, lr_0 = 1.3932e-07
Loss = 9.0186e-01, PNorm = 65.1673, GNorm = 6.7072, lr_0 = 1.3906e-07
Loss = 1.0019e+00, PNorm = 65.1673, GNorm = 5.4971, lr_0 = 1.3881e-07
Loss = 9.1445e-01, PNorm = 65.1673, GNorm = 2.2113, lr_0 = 1.3856e-07
Loss = 1.0031e+00, PNorm = 65.1673, GNorm = 3.3215, lr_0 = 1.3831e-07
Validation rmse = 100.031493
Epoch 25
Loss = 9.2330e-01, PNorm = 65.1673, GNorm = 2.0293, lr_0 = 1.3806e-07
Loss = 8.9219e-01, PNorm = 65.1673, GNorm = 2.0115, lr_0 = 1.3782e-07
Loss = 9.1659e-01, PNorm = 65.1673, GNorm = 3.1340, lr_0 = 1.3757e-07
Loss = 9.3783e-01, PNorm = 65.1673, GNorm = 2.2542, lr_0 = 1.3732e-07
Loss = 9.8911e-01, PNorm = 65.1673, GNorm = 3.4782, lr_0 = 1.3707e-07
Loss = 9.1331e-01, PNorm = 65.1673, GNorm = 4.1235, lr_0 = 1.3682e-07
Loss = 1.0403e+00, PNorm = 65.1673, GNorm = 1.9585, lr_0 = 1.3658e-07
Loss = 9.0571e-01, PNorm = 65.1673, GNorm = 4.8471, lr_0 = 1.3633e-07
Loss = 1.0704e+00, PNorm = 65.1673, GNorm = 2.7867, lr_0 = 1.3608e-07
Loss = 9.2916e-01, PNorm = 65.1673, GNorm = 2.6877, lr_0 = 1.3584e-07
Loss = 8.5400e-01, PNorm = 65.1673, GNorm = 2.0692, lr_0 = 1.3559e-07
Loss = 9.0297e-01, PNorm = 65.1673, GNorm = 3.9239, lr_0 = 1.3535e-07
Loss = 7.6396e-01, PNorm = 65.1673, GNorm = 6.4448, lr_0 = 1.3511e-07
Loss = 1.0729e+00, PNorm = 65.1673, GNorm = 4.8977, lr_0 = 1.3486e-07
Loss = 9.9281e-01, PNorm = 65.1673, GNorm = 6.1866, lr_0 = 1.3462e-07
Loss = 9.6881e-01, PNorm = 65.1673, GNorm = 4.6229, lr_0 = 1.3438e-07
Loss = 9.1908e-01, PNorm = 65.1673, GNorm = 4.7502, lr_0 = 1.3413e-07
Validation rmse = 99.910679
Epoch 26
Loss = 8.7838e-01, PNorm = 65.1673, GNorm = 5.3305, lr_0 = 1.3389e-07
Loss = 1.0007e+00, PNorm = 65.1673, GNorm = 2.0489, lr_0 = 1.3365e-07
Loss = 9.4226e-01, PNorm = 65.1673, GNorm = 2.9883, lr_0 = 1.3341e-07
Loss = 8.8410e-01, PNorm = 65.1673, GNorm = 1.7003, lr_0 = 1.3317e-07
Loss = 1.0255e+00, PNorm = 65.1673, GNorm = 2.4944, lr_0 = 1.3293e-07
Loss = 8.6130e-01, PNorm = 65.1674, GNorm = 2.3682, lr_0 = 1.3269e-07
Loss = 9.3536e-01, PNorm = 65.1674, GNorm = 2.8175, lr_0 = 1.3245e-07
Loss = 9.6309e-01, PNorm = 65.1674, GNorm = 4.8427, lr_0 = 1.3221e-07
Loss = 9.5448e-01, PNorm = 65.1674, GNorm = 1.6325, lr_0 = 1.3197e-07
Loss = 1.0666e+00, PNorm = 65.1674, GNorm = 2.1821, lr_0 = 1.3173e-07
Loss = 9.0384e-01, PNorm = 65.1674, GNorm = 4.4005, lr_0 = 1.3150e-07
Loss = 9.8258e-01, PNorm = 65.1674, GNorm = 2.0010, lr_0 = 1.3126e-07
Loss = 9.5440e-01, PNorm = 65.1674, GNorm = 2.4045, lr_0 = 1.3102e-07
Loss = 8.8829e-01, PNorm = 65.1674, GNorm = 2.6789, lr_0 = 1.3079e-07
Loss = 8.9271e-01, PNorm = 65.1674, GNorm = 1.8651, lr_0 = 1.3055e-07
Loss = 9.6818e-01, PNorm = 65.1674, GNorm = 2.3567, lr_0 = 1.3032e-07
Loss = 8.6815e-01, PNorm = 65.1674, GNorm = 2.3125, lr_0 = 1.3008e-07
Validation rmse = 99.785286
Epoch 27
Loss = 8.9647e-01, PNorm = 65.1674, GNorm = 2.3479, lr_0 = 1.2982e-07
Loss = 8.9537e-01, PNorm = 65.1674, GNorm = 1.5071, lr_0 = 1.2959e-07
Loss = 1.0023e+00, PNorm = 65.1674, GNorm = 2.8725, lr_0 = 1.2935e-07
Loss = 9.0415e-01, PNorm = 65.1674, GNorm = 2.0997, lr_0 = 1.2912e-07
Loss = 9.7386e-01, PNorm = 65.1674, GNorm = 3.7789, lr_0 = 1.2889e-07
Loss = 1.0132e+00, PNorm = 65.1674, GNorm = 2.9653, lr_0 = 1.2866e-07
Loss = 9.1443e-01, PNorm = 65.1674, GNorm = 3.7496, lr_0 = 1.2842e-07
Loss = 9.1867e-01, PNorm = 65.1674, GNorm = 2.4985, lr_0 = 1.2819e-07
Loss = 9.9899e-01, PNorm = 65.1674, GNorm = 3.6718, lr_0 = 1.2796e-07
Loss = 9.8208e-01, PNorm = 65.1674, GNorm = 3.2236, lr_0 = 1.2773e-07
Loss = 8.9626e-01, PNorm = 65.1674, GNorm = 1.5869, lr_0 = 1.2750e-07
Loss = 9.6965e-01, PNorm = 65.1674, GNorm = 1.8587, lr_0 = 1.2727e-07
Loss = 1.0902e+00, PNorm = 65.1674, GNorm = 1.8024, lr_0 = 1.2704e-07
Loss = 9.0106e-01, PNorm = 65.1675, GNorm = 1.7255, lr_0 = 1.2681e-07
Loss = 7.8772e-01, PNorm = 65.1675, GNorm = 1.5621, lr_0 = 1.2658e-07
Loss = 8.3859e-01, PNorm = 65.1675, GNorm = 2.4691, lr_0 = 1.2635e-07
Loss = 8.8741e-01, PNorm = 65.1675, GNorm = 2.6601, lr_0 = 1.2613e-07
Validation rmse = 99.672859
Epoch 28
Loss = 9.6014e-01, PNorm = 65.1675, GNorm = 3.7373, lr_0 = 1.2590e-07
Loss = 9.3199e-01, PNorm = 65.1675, GNorm = 1.8632, lr_0 = 1.2567e-07
Loss = 9.4743e-01, PNorm = 65.1675, GNorm = 1.8934, lr_0 = 1.2545e-07
Loss = 8.8730e-01, PNorm = 65.1675, GNorm = 2.8611, lr_0 = 1.2522e-07
Loss = 9.1865e-01, PNorm = 65.1675, GNorm = 2.5425, lr_0 = 1.2499e-07
Loss = 8.9371e-01, PNorm = 65.1675, GNorm = 1.9116, lr_0 = 1.2477e-07
Loss = 9.2037e-01, PNorm = 65.1675, GNorm = 2.0851, lr_0 = 1.2454e-07
Loss = 9.5238e-01, PNorm = 65.1675, GNorm = 2.0060, lr_0 = 1.2432e-07
Loss = 9.6473e-01, PNorm = 65.1675, GNorm = 2.8802, lr_0 = 1.2409e-07
Loss = 1.0258e+00, PNorm = 65.1675, GNorm = 4.6113, lr_0 = 1.2387e-07
Loss = 8.6714e-01, PNorm = 65.1675, GNorm = 2.4875, lr_0 = 1.2365e-07
Loss = 9.3203e-01, PNorm = 65.1675, GNorm = 2.2459, lr_0 = 1.2342e-07
Loss = 9.0348e-01, PNorm = 65.1675, GNorm = 2.0601, lr_0 = 1.2320e-07
Loss = 8.6794e-01, PNorm = 65.1675, GNorm = 5.6652, lr_0 = 1.2298e-07
Loss = 1.0068e+00, PNorm = 65.1675, GNorm = 3.6979, lr_0 = 1.2276e-07
Loss = 9.8326e-01, PNorm = 65.1675, GNorm = 2.1714, lr_0 = 1.2254e-07
Loss = 9.3819e-01, PNorm = 65.1675, GNorm = 1.8493, lr_0 = 1.2232e-07
Validation rmse = 99.554407
Epoch 29
Loss = 1.0694e+00, PNorm = 65.1675, GNorm = 2.1894, lr_0 = 1.2209e-07
Loss = 9.0306e-01, PNorm = 65.1675, GNorm = 1.9206, lr_0 = 1.2187e-07
Loss = 8.5497e-01, PNorm = 65.1675, GNorm = 1.8367, lr_0 = 1.2165e-07
Loss = 9.1645e-01, PNorm = 65.1675, GNorm = 4.0486, lr_0 = 1.2144e-07
Loss = 1.0439e+00, PNorm = 65.1675, GNorm = 2.6521, lr_0 = 1.2122e-07
Loss = 9.6191e-01, PNorm = 65.1675, GNorm = 4.2838, lr_0 = 1.2100e-07
Loss = 9.6811e-01, PNorm = 65.1675, GNorm = 2.5819, lr_0 = 1.2078e-07
Loss = 1.0477e+00, PNorm = 65.1675, GNorm = 9.1830, lr_0 = 1.2056e-07
Loss = 8.5111e-01, PNorm = 65.1676, GNorm = 2.4781, lr_0 = 1.2034e-07
Loss = 8.3387e-01, PNorm = 65.1676, GNorm = 2.1078, lr_0 = 1.2013e-07
Loss = 9.1101e-01, PNorm = 65.1676, GNorm = 1.8031, lr_0 = 1.1991e-07
Loss = 9.1104e-01, PNorm = 65.1676, GNorm = 2.7463, lr_0 = 1.1969e-07
Loss = 8.8688e-01, PNorm = 65.1676, GNorm = 1.7888, lr_0 = 1.1948e-07
Loss = 9.4270e-01, PNorm = 65.1676, GNorm = 3.9425, lr_0 = 1.1926e-07
Loss = 8.5520e-01, PNorm = 65.1676, GNorm = 3.0806, lr_0 = 1.1905e-07
Loss = 9.5987e-01, PNorm = 65.1676, GNorm = 3.0553, lr_0 = 1.1883e-07
Loss = 8.7590e-01, PNorm = 65.1676, GNorm = 1.5802, lr_0 = 1.1862e-07
Validation rmse = 99.444527
Epoch 30
Loss = 7.9209e-01, PNorm = 65.1676, GNorm = 2.9618, lr_0 = 1.1840e-07
Loss = 1.0037e+00, PNorm = 65.1676, GNorm = 3.0688, lr_0 = 1.1819e-07
Loss = 9.6147e-01, PNorm = 65.1676, GNorm = 2.3580, lr_0 = 1.1798e-07
Loss = 9.2013e-01, PNorm = 65.1676, GNorm = 2.2896, lr_0 = 1.1777e-07
Loss = 9.4703e-01, PNorm = 65.1676, GNorm = 2.4362, lr_0 = 1.1755e-07
Loss = 9.0134e-01, PNorm = 65.1676, GNorm = 3.6404, lr_0 = 1.1734e-07
Loss = 9.5545e-01, PNorm = 65.1676, GNorm = 2.8624, lr_0 = 1.1713e-07
Loss = 8.8654e-01, PNorm = 65.1676, GNorm = 2.0796, lr_0 = 1.1692e-07
Loss = 8.4849e-01, PNorm = 65.1676, GNorm = 1.5324, lr_0 = 1.1671e-07
Loss = 9.0198e-01, PNorm = 65.1676, GNorm = 1.8589, lr_0 = 1.1650e-07
Loss = 9.7464e-01, PNorm = 65.1676, GNorm = 5.3872, lr_0 = 1.1629e-07
Loss = 8.7862e-01, PNorm = 65.1676, GNorm = 2.2197, lr_0 = 1.1608e-07
Loss = 8.9338e-01, PNorm = 65.1676, GNorm = 4.7561, lr_0 = 1.1587e-07
Loss = 9.7920e-01, PNorm = 65.1676, GNorm = 2.5638, lr_0 = 1.1566e-07
Loss = 8.4025e-01, PNorm = 65.1676, GNorm = 1.5781, lr_0 = 1.1545e-07
Loss = 1.0030e+00, PNorm = 65.1676, GNorm = 5.5010, lr_0 = 1.1524e-07
Loss = 1.0757e+00, PNorm = 65.1676, GNorm = 4.0441, lr_0 = 1.1503e-07
Validation rmse = 99.339046
Epoch 31
Loss = 9.7052e-01, PNorm = 65.1676, GNorm = 4.0074, lr_0 = 1.1481e-07
Loss = 8.1155e-01, PNorm = 65.1677, GNorm = 5.7810, lr_0 = 1.1460e-07
Loss = 8.9522e-01, PNorm = 65.1677, GNorm = 1.8938, lr_0 = 1.1439e-07
Loss = 9.2528e-01, PNorm = 65.1677, GNorm = 2.9234, lr_0 = 1.1419e-07
Loss = 8.9830e-01, PNorm = 65.1677, GNorm = 1.7820, lr_0 = 1.1398e-07
Loss = 9.3386e-01, PNorm = 65.1677, GNorm = 1.4604, lr_0 = 1.1377e-07
Loss = 8.8492e-01, PNorm = 65.1677, GNorm = 1.8237, lr_0 = 1.1357e-07
Loss = 9.8973e-01, PNorm = 65.1677, GNorm = 1.5292, lr_0 = 1.1336e-07
Loss = 8.9232e-01, PNorm = 65.1677, GNorm = 2.8880, lr_0 = 1.1316e-07
Loss = 9.1052e-01, PNorm = 65.1677, GNorm = 2.3834, lr_0 = 1.1296e-07
Loss = 9.8802e-01, PNorm = 65.1677, GNorm = 1.4363, lr_0 = 1.1275e-07
Loss = 9.9780e-01, PNorm = 65.1677, GNorm = 3.6488, lr_0 = 1.1255e-07
Loss = 8.7080e-01, PNorm = 65.1677, GNorm = 1.4841, lr_0 = 1.1235e-07
Loss = 9.7763e-01, PNorm = 65.1677, GNorm = 1.9076, lr_0 = 1.1214e-07
Loss = 8.9041e-01, PNorm = 65.1677, GNorm = 1.9604, lr_0 = 1.1194e-07
Loss = 1.0238e+00, PNorm = 65.1677, GNorm = 2.4099, lr_0 = 1.1174e-07
Loss = 9.2094e-01, PNorm = 65.1677, GNorm = 3.4897, lr_0 = 1.1154e-07
Validation rmse = 99.236995
Epoch 32
Loss = 8.7330e-01, PNorm = 65.1677, GNorm = 1.7995, lr_0 = 1.1134e-07
Loss = 8.9944e-01, PNorm = 65.1677, GNorm = 1.9867, lr_0 = 1.1114e-07
Loss = 9.4989e-01, PNorm = 65.1677, GNorm = 2.0976, lr_0 = 1.1094e-07
Loss = 9.6845e-01, PNorm = 65.1677, GNorm = 2.3737, lr_0 = 1.1074e-07
Loss = 9.6156e-01, PNorm = 65.1677, GNorm = 2.5956, lr_0 = 1.1054e-07
Loss = 8.8906e-01, PNorm = 65.1677, GNorm = 3.0191, lr_0 = 1.1034e-07
Loss = 8.0357e-01, PNorm = 65.1677, GNorm = 1.6474, lr_0 = 1.1014e-07
Loss = 9.1790e-01, PNorm = 65.1677, GNorm = 1.5445, lr_0 = 1.0994e-07
Loss = 1.0605e+00, PNorm = 65.1677, GNorm = 2.1947, lr_0 = 1.0974e-07
Loss = 7.7803e-01, PNorm = 65.1677, GNorm = 2.1384, lr_0 = 1.0954e-07
Loss = 9.4656e-01, PNorm = 65.1677, GNorm = 1.9147, lr_0 = 1.0935e-07
Loss = 8.8203e-01, PNorm = 65.1677, GNorm = 1.4853, lr_0 = 1.0915e-07
Loss = 9.6347e-01, PNorm = 65.1677, GNorm = 5.0768, lr_0 = 1.0895e-07
Loss = 8.7823e-01, PNorm = 65.1677, GNorm = 1.6199, lr_0 = 1.0875e-07
Loss = 9.5149e-01, PNorm = 65.1678, GNorm = 2.2542, lr_0 = 1.0856e-07
Loss = 1.0006e+00, PNorm = 65.1678, GNorm = 2.0053, lr_0 = 1.0836e-07
Loss = 9.7760e-01, PNorm = 65.1678, GNorm = 2.0271, lr_0 = 1.0817e-07
Validation rmse = 99.135570
Epoch 33
Loss = 9.7059e-01, PNorm = 65.1678, GNorm = 3.0095, lr_0 = 1.0797e-07
Loss = 9.1565e-01, PNorm = 65.1678, GNorm = 4.1313, lr_0 = 1.0778e-07
Loss = 1.0379e+00, PNorm = 65.1678, GNorm = 4.9946, lr_0 = 1.0758e-07
Loss = 9.0659e-01, PNorm = 65.1678, GNorm = 2.9658, lr_0 = 1.0739e-07
Loss = 8.7444e-01, PNorm = 65.1678, GNorm = 3.3979, lr_0 = 1.0720e-07
Loss = 8.6169e-01, PNorm = 65.1678, GNorm = 1.8542, lr_0 = 1.0700e-07
Loss = 9.7254e-01, PNorm = 65.1678, GNorm = 2.1885, lr_0 = 1.0681e-07
Loss = 9.0536e-01, PNorm = 65.1678, GNorm = 1.5588, lr_0 = 1.0662e-07
Loss = 8.7195e-01, PNorm = 65.1678, GNorm = 2.3677, lr_0 = 1.0642e-07
Loss = 8.1157e-01, PNorm = 65.1678, GNorm = 5.6869, lr_0 = 1.0623e-07
Loss = 1.0107e+00, PNorm = 65.1678, GNorm = 2.0911, lr_0 = 1.0604e-07
Loss = 8.7636e-01, PNorm = 65.1678, GNorm = 3.1459, lr_0 = 1.0585e-07
Loss = 9.4128e-01, PNorm = 65.1678, GNorm = 2.4799, lr_0 = 1.0566e-07
Loss = 9.2644e-01, PNorm = 65.1678, GNorm = 2.0838, lr_0 = 1.0547e-07
Loss = 1.0086e+00, PNorm = 65.1678, GNorm = 4.4572, lr_0 = 1.0528e-07
Loss = 1.0330e+00, PNorm = 65.1678, GNorm = 2.1731, lr_0 = 1.0509e-07
Loss = 8.2813e-01, PNorm = 65.1678, GNorm = 2.8377, lr_0 = 1.0490e-07
Validation rmse = 99.042867
Epoch 34
Loss = 8.7656e-01, PNorm = 65.1678, GNorm = 2.3971, lr_0 = 1.0471e-07
Loss = 8.4733e-01, PNorm = 65.1678, GNorm = 3.9958, lr_0 = 1.0452e-07
Loss = 1.0058e+00, PNorm = 65.1678, GNorm = 3.2180, lr_0 = 1.0433e-07
Loss = 1.0078e+00, PNorm = 65.1678, GNorm = 2.7090, lr_0 = 1.0414e-07
Loss = 8.6196e-01, PNorm = 65.1678, GNorm = 4.1172, lr_0 = 1.0396e-07
Loss = 9.9269e-01, PNorm = 65.1678, GNorm = 2.1275, lr_0 = 1.0377e-07
Loss = 9.1248e-01, PNorm = 65.1678, GNorm = 1.8754, lr_0 = 1.0358e-07
Loss = 9.0387e-01, PNorm = 65.1678, GNorm = 2.1411, lr_0 = 1.0339e-07
Loss = 9.3842e-01, PNorm = 65.1678, GNorm = 2.4516, lr_0 = 1.0321e-07
Loss = 9.0241e-01, PNorm = 65.1678, GNorm = 3.5380, lr_0 = 1.0302e-07
Loss = 9.3190e-01, PNorm = 65.1679, GNorm = 3.5913, lr_0 = 1.0284e-07
Loss = 8.9101e-01, PNorm = 65.1679, GNorm = 2.3028, lr_0 = 1.0265e-07
Loss = 8.6502e-01, PNorm = 65.1679, GNorm = 1.6725, lr_0 = 1.0247e-07
Loss = 9.9947e-01, PNorm = 65.1679, GNorm = 1.9197, lr_0 = 1.0228e-07
Loss = 9.8823e-01, PNorm = 65.1679, GNorm = 2.2252, lr_0 = 1.0210e-07
Loss = 7.9368e-01, PNorm = 65.1679, GNorm = 1.4725, lr_0 = 1.0191e-07
Loss = 1.0304e+00, PNorm = 65.1679, GNorm = 1.7191, lr_0 = 1.0173e-07
Validation rmse = 98.948125
Epoch 35
Loss = 9.2182e-01, PNorm = 65.1679, GNorm = 2.6584, lr_0 = 1.0153e-07
Loss = 9.0181e-01, PNorm = 65.1679, GNorm = 2.0900, lr_0 = 1.0134e-07
Loss = 9.4652e-01, PNorm = 65.1679, GNorm = 4.1455, lr_0 = 1.0116e-07
Loss = 8.2704e-01, PNorm = 65.1679, GNorm = 3.2744, lr_0 = 1.0098e-07
Loss = 8.9363e-01, PNorm = 65.1679, GNorm = 2.0037, lr_0 = 1.0080e-07
Loss = 9.2287e-01, PNorm = 65.1679, GNorm = 2.8314, lr_0 = 1.0061e-07
Loss = 8.8772e-01, PNorm = 65.1679, GNorm = 2.4612, lr_0 = 1.0043e-07
Loss = 1.0786e+00, PNorm = 65.1679, GNorm = 5.0006, lr_0 = 1.0025e-07
Loss = 9.0019e-01, PNorm = 65.1679, GNorm = 1.5665, lr_0 = 1.0007e-07
Loss = 9.1078e-01, PNorm = 65.1679, GNorm = 1.8522, lr_0 = 9.9891e-08
Loss = 1.0077e+00, PNorm = 65.1679, GNorm = 1.9375, lr_0 = 9.9711e-08
Loss = 9.5908e-01, PNorm = 65.1679, GNorm = 2.9917, lr_0 = 9.9531e-08
Loss = 1.0252e+00, PNorm = 65.1679, GNorm = 1.9961, lr_0 = 9.9351e-08
Loss = 9.8582e-01, PNorm = 65.1679, GNorm = 3.0804, lr_0 = 9.9172e-08
Loss = 9.1393e-01, PNorm = 65.1679, GNorm = 3.3062, lr_0 = 9.8993e-08
Loss = 8.0313e-01, PNorm = 65.1679, GNorm = 2.1657, lr_0 = 9.8815e-08
Loss = 8.3902e-01, PNorm = 65.1679, GNorm = 2.0737, lr_0 = 9.8636e-08
Validation rmse = 98.859495
Epoch 36
Loss = 9.7062e-01, PNorm = 65.1679, GNorm = 3.9155, lr_0 = 9.8459e-08
Loss = 1.0073e+00, PNorm = 65.1679, GNorm = 1.8445, lr_0 = 9.8281e-08
Loss = 9.3087e-01, PNorm = 65.1679, GNorm = 6.5190, lr_0 = 9.8104e-08
Loss = 9.5733e-01, PNorm = 65.1679, GNorm = 1.5329, lr_0 = 9.7927e-08
Loss = 8.7117e-01, PNorm = 65.1679, GNorm = 2.9292, lr_0 = 9.7750e-08
Loss = 8.7533e-01, PNorm = 65.1679, GNorm = 1.7378, lr_0 = 9.7574e-08
Loss = 1.0118e+00, PNorm = 65.1679, GNorm = 1.9772, lr_0 = 9.7398e-08
Loss = 8.6590e-01, PNorm = 65.1679, GNorm = 1.7541, lr_0 = 9.7222e-08
Loss = 9.1778e-01, PNorm = 65.1679, GNorm = 1.7372, lr_0 = 9.7047e-08
Loss = 8.4325e-01, PNorm = 65.1680, GNorm = 2.6681, lr_0 = 9.6872e-08
Loss = 9.8245e-01, PNorm = 65.1680, GNorm = 3.4466, lr_0 = 9.6697e-08
Loss = 8.8549e-01, PNorm = 65.1680, GNorm = 2.1229, lr_0 = 9.6523e-08
Loss = 9.0730e-01, PNorm = 65.1680, GNorm = 1.7302, lr_0 = 9.6349e-08
Loss = 9.2966e-01, PNorm = 65.1680, GNorm = 1.7611, lr_0 = 9.6175e-08
Loss = 9.4112e-01, PNorm = 65.1680, GNorm = 1.5616, lr_0 = 9.6002e-08
Loss = 8.6613e-01, PNorm = 65.1680, GNorm = 1.8072, lr_0 = 9.5829e-08
Loss = 9.3440e-01, PNorm = 65.1680, GNorm = 3.3111, lr_0 = 9.5656e-08
Validation rmse = 98.768153
Epoch 37
Loss = 8.7654e-01, PNorm = 65.1680, GNorm = 3.7323, lr_0 = 9.5483e-08
Loss = 9.6040e-01, PNorm = 65.1680, GNorm = 1.2016, lr_0 = 9.5311e-08
Loss = 8.2643e-01, PNorm = 65.1680, GNorm = 1.8350, lr_0 = 9.5139e-08
Loss = 9.6952e-01, PNorm = 65.1680, GNorm = 4.5930, lr_0 = 9.4968e-08
Loss = 9.6625e-01, PNorm = 65.1680, GNorm = 2.2475, lr_0 = 9.4796e-08
Loss = 1.0859e+00, PNorm = 65.1680, GNorm = 1.7585, lr_0 = 9.4625e-08
Loss = 9.2454e-01, PNorm = 65.1680, GNorm = 2.1444, lr_0 = 9.4455e-08
Loss = 8.8834e-01, PNorm = 65.1680, GNorm = 1.5272, lr_0 = 9.4284e-08
Loss = 8.9727e-01, PNorm = 65.1680, GNorm = 1.8868, lr_0 = 9.4114e-08
Loss = 8.6558e-01, PNorm = 65.1680, GNorm = 2.4033, lr_0 = 9.3945e-08
Loss = 9.9117e-01, PNorm = 65.1680, GNorm = 2.6474, lr_0 = 9.3775e-08
Loss = 8.6002e-01, PNorm = 65.1680, GNorm = 1.9079, lr_0 = 9.3606e-08
Loss = 8.8366e-01, PNorm = 65.1680, GNorm = 2.3492, lr_0 = 9.3437e-08
Loss = 8.5912e-01, PNorm = 65.1680, GNorm = 4.5234, lr_0 = 9.3269e-08
Loss = 8.7855e-01, PNorm = 65.1680, GNorm = 3.4532, lr_0 = 9.3101e-08
Loss = 1.0883e+00, PNorm = 65.1680, GNorm = 5.4046, lr_0 = 9.2933e-08
Loss = 8.5761e-01, PNorm = 65.1680, GNorm = 2.3105, lr_0 = 9.2765e-08
Validation rmse = 98.686497
Epoch 38
Loss = 1.0252e+00, PNorm = 65.1680, GNorm = 1.7297, lr_0 = 9.2598e-08
Loss = 8.6484e-01, PNorm = 65.1680, GNorm = 1.6979, lr_0 = 9.2431e-08
Loss = 9.3995e-01, PNorm = 65.1680, GNorm = 2.8424, lr_0 = 9.2264e-08
Loss = 8.7848e-01, PNorm = 65.1680, GNorm = 1.7757, lr_0 = 9.2098e-08
Loss = 9.2668e-01, PNorm = 65.1680, GNorm = 2.2624, lr_0 = 9.1932e-08
Loss = 9.0350e-01, PNorm = 65.1680, GNorm = 4.4238, lr_0 = 9.1766e-08
Loss = 8.7072e-01, PNorm = 65.1680, GNorm = 6.2656, lr_0 = 9.1600e-08
Loss = 8.7818e-01, PNorm = 65.1680, GNorm = 3.2318, lr_0 = 9.1435e-08
Loss = 9.7185e-01, PNorm = 65.1680, GNorm = 1.6169, lr_0 = 9.1270e-08
Loss = 9.6154e-01, PNorm = 65.1681, GNorm = 1.8961, lr_0 = 9.1106e-08
Loss = 9.2552e-01, PNorm = 65.1681, GNorm = 1.9448, lr_0 = 9.0941e-08
Loss = 9.5497e-01, PNorm = 65.1681, GNorm = 3.1085, lr_0 = 9.0777e-08
Loss = 9.2152e-01, PNorm = 65.1681, GNorm = 1.5384, lr_0 = 9.0614e-08
Loss = 8.3392e-01, PNorm = 65.1681, GNorm = 1.7010, lr_0 = 9.0450e-08
Loss = 8.8900e-01, PNorm = 65.1681, GNorm = 5.1709, lr_0 = 9.0287e-08
Loss = 1.0501e+00, PNorm = 65.1681, GNorm = 1.7620, lr_0 = 9.0124e-08
Loss = 9.0750e-01, PNorm = 65.1681, GNorm = 4.3256, lr_0 = 8.9962e-08
Validation rmse = 98.602953
Epoch 39
Loss = 8.1775e-01, PNorm = 65.1681, GNorm = 1.7094, lr_0 = 8.9799e-08
Loss = 8.7167e-01, PNorm = 65.1681, GNorm = 3.5830, lr_0 = 8.9638e-08
Loss = 9.1578e-01, PNorm = 65.1681, GNorm = 2.5867, lr_0 = 8.9476e-08
Loss = 8.8326e-01, PNorm = 65.1681, GNorm = 2.0586, lr_0 = 8.9314e-08
Loss = 1.0250e+00, PNorm = 65.1681, GNorm = 2.8448, lr_0 = 8.9153e-08
Loss = 9.1580e-01, PNorm = 65.1681, GNorm = 2.3646, lr_0 = 8.8993e-08
Loss = 1.0253e+00, PNorm = 65.1681, GNorm = 1.9396, lr_0 = 8.8832e-08
Loss = 8.7348e-01, PNorm = 65.1681, GNorm = 2.8429, lr_0 = 8.8672e-08
Loss = 9.0736e-01, PNorm = 65.1681, GNorm = 2.6069, lr_0 = 8.8512e-08
Loss = 1.0182e+00, PNorm = 65.1681, GNorm = 3.1056, lr_0 = 8.8352e-08
Loss = 8.9788e-01, PNorm = 65.1681, GNorm = 6.7999, lr_0 = 8.8193e-08
Loss = 9.1880e-01, PNorm = 65.1681, GNorm = 2.2098, lr_0 = 8.8034e-08
Loss = 9.0694e-01, PNorm = 65.1681, GNorm = 2.1396, lr_0 = 8.7875e-08
Loss = 9.4824e-01, PNorm = 65.1681, GNorm = 1.8343, lr_0 = 8.7717e-08
Loss = 9.2561e-01, PNorm = 65.1681, GNorm = 2.9903, lr_0 = 8.7559e-08
Loss = 8.7731e-01, PNorm = 65.1681, GNorm = 1.5793, lr_0 = 8.7401e-08
Loss = 9.4498e-01, PNorm = 65.1681, GNorm = 2.9278, lr_0 = 8.7243e-08
Loss = 5.4213e-01, PNorm = 65.1681, GNorm = 3.7868, lr_0 = 8.7227e-08
Validation rmse = 98.528264
Epoch 40
Loss = 9.1605e-01, PNorm = 65.1681, GNorm = 2.9656, lr_0 = 8.7070e-08
Loss = 8.4407e-01, PNorm = 65.1681, GNorm = 1.4883, lr_0 = 8.6913e-08
Loss = 8.9196e-01, PNorm = 65.1681, GNorm = 3.5680, lr_0 = 8.6756e-08
Loss = 8.3825e-01, PNorm = 65.1681, GNorm = 2.2085, lr_0 = 8.6600e-08
Loss = 9.3675e-01, PNorm = 65.1681, GNorm = 1.8627, lr_0 = 8.6444e-08
Loss = 9.4415e-01, PNorm = 65.1681, GNorm = 1.8262, lr_0 = 8.6288e-08
Loss = 8.6072e-01, PNorm = 65.1681, GNorm = 2.0223, lr_0 = 8.6132e-08
Loss = 1.0015e+00, PNorm = 65.1681, GNorm = 2.5609, lr_0 = 8.5977e-08
Loss = 1.0728e+00, PNorm = 65.1681, GNorm = 9.2580, lr_0 = 8.5822e-08
Loss = 9.6004e-01, PNorm = 65.1682, GNorm = 2.4390, lr_0 = 8.5667e-08
Loss = 8.3386e-01, PNorm = 65.1682, GNorm = 2.0163, lr_0 = 8.5512e-08
Loss = 1.0200e+00, PNorm = 65.1682, GNorm = 2.5537, lr_0 = 8.5358e-08
Loss = 7.7275e-01, PNorm = 65.1682, GNorm = 2.8236, lr_0 = 8.5204e-08
Loss = 9.4684e-01, PNorm = 65.1682, GNorm = 3.8575, lr_0 = 8.5051e-08
Loss = 9.3794e-01, PNorm = 65.1682, GNorm = 2.9577, lr_0 = 8.4897e-08
Loss = 8.9804e-01, PNorm = 65.1682, GNorm = 2.6237, lr_0 = 8.4744e-08
Loss = 9.2766e-01, PNorm = 65.1682, GNorm = 2.4349, lr_0 = 8.4591e-08
Validation rmse = 98.453592
Epoch 41
Loss = 9.6222e-01, PNorm = 65.1682, GNorm = 3.8211, lr_0 = 8.4439e-08
Loss = 9.2353e-01, PNorm = 65.1682, GNorm = 2.7865, lr_0 = 8.4287e-08
Loss = 9.3042e-01, PNorm = 65.1682, GNorm = 1.6130, lr_0 = 8.4135e-08
Loss = 9.3223e-01, PNorm = 65.1682, GNorm = 1.6811, lr_0 = 8.3983e-08
Loss = 1.0076e+00, PNorm = 65.1682, GNorm = 3.3386, lr_0 = 8.3831e-08
Loss = 9.4440e-01, PNorm = 65.1682, GNorm = 2.0907, lr_0 = 8.3680e-08
Loss = 9.0201e-01, PNorm = 65.1682, GNorm = 4.2845, lr_0 = 8.3529e-08
Loss = 8.9252e-01, PNorm = 65.1682, GNorm = 2.1010, lr_0 = 8.3379e-08
Loss = 8.9377e-01, PNorm = 65.1682, GNorm = 2.9506, lr_0 = 8.3228e-08
Loss = 9.4250e-01, PNorm = 65.1682, GNorm = 1.6530, lr_0 = 8.3078e-08
Loss = 9.1531e-01, PNorm = 65.1682, GNorm = 1.9531, lr_0 = 8.2928e-08
Loss = 9.5225e-01, PNorm = 65.1682, GNorm = 5.3670, lr_0 = 8.2779e-08
Loss = 9.9818e-01, PNorm = 65.1682, GNorm = 3.1038, lr_0 = 8.2630e-08
Loss = 7.7588e-01, PNorm = 65.1682, GNorm = 2.8314, lr_0 = 8.2480e-08
Loss = 9.7005e-01, PNorm = 65.1682, GNorm = 4.2432, lr_0 = 8.2332e-08
Loss = 7.7266e-01, PNorm = 65.1682, GNorm = 3.1018, lr_0 = 8.2183e-08
Loss = 9.3718e-01, PNorm = 65.1682, GNorm = 3.3692, lr_0 = 8.2035e-08
Validation rmse = 98.382109
Epoch 42
Loss = 9.7930e-01, PNorm = 65.1682, GNorm = 4.0872, lr_0 = 8.1887e-08
Loss = 8.4076e-01, PNorm = 65.1682, GNorm = 4.1069, lr_0 = 8.1739e-08
Loss = 8.6947e-01, PNorm = 65.1682, GNorm = 2.0760, lr_0 = 8.1592e-08
Loss = 8.5173e-01, PNorm = 65.1682, GNorm = 2.4768, lr_0 = 8.1445e-08
Loss = 1.0335e+00, PNorm = 65.1682, GNorm = 2.1152, lr_0 = 8.1298e-08
Loss = 1.0525e+00, PNorm = 65.1682, GNorm = 1.8312, lr_0 = 8.1151e-08
Loss = 9.7412e-01, PNorm = 65.1682, GNorm = 1.9784, lr_0 = 8.1005e-08
Loss = 9.3904e-01, PNorm = 65.1682, GNorm = 4.2798, lr_0 = 8.0859e-08
Loss = 9.0778e-01, PNorm = 65.1682, GNorm = 1.7771, lr_0 = 8.0713e-08
Loss = 9.3225e-01, PNorm = 65.1682, GNorm = 1.9949, lr_0 = 8.0568e-08
Loss = 9.2965e-01, PNorm = 65.1682, GNorm = 1.8526, lr_0 = 8.0422e-08
Loss = 8.4380e-01, PNorm = 65.1682, GNorm = 4.0931, lr_0 = 8.0277e-08
Loss = 1.0033e+00, PNorm = 65.1682, GNorm = 1.9206, lr_0 = 8.0132e-08
Loss = 8.8427e-01, PNorm = 65.1682, GNorm = 3.3753, lr_0 = 7.9988e-08
Loss = 8.6013e-01, PNorm = 65.1683, GNorm = 3.2057, lr_0 = 7.9844e-08
Loss = 8.6982e-01, PNorm = 65.1683, GNorm = 2.6170, lr_0 = 7.9700e-08
Loss = 8.2725e-01, PNorm = 65.1683, GNorm = 3.4312, lr_0 = 7.9556e-08
Validation rmse = 98.309877
Epoch 43
Loss = 7.9087e-01, PNorm = 65.1683, GNorm = 3.5589, lr_0 = 7.9413e-08
Loss = 9.2050e-01, PNorm = 65.1683, GNorm = 3.2551, lr_0 = 7.9269e-08
Loss = 9.0819e-01, PNorm = 65.1683, GNorm = 3.0371, lr_0 = 7.9126e-08
Loss = 9.6726e-01, PNorm = 65.1683, GNorm = 6.0147, lr_0 = 7.8984e-08
Loss = 8.7609e-01, PNorm = 65.1683, GNorm = 2.0094, lr_0 = 7.8841e-08
Loss = 7.9853e-01, PNorm = 65.1683, GNorm = 1.9549, lr_0 = 7.8699e-08
Loss = 7.9511e-01, PNorm = 65.1683, GNorm = 1.8831, lr_0 = 7.8557e-08
Loss = 9.9559e-01, PNorm = 65.1683, GNorm = 2.0521, lr_0 = 7.8415e-08
Loss = 7.9283e-01, PNorm = 65.1683, GNorm = 1.8645, lr_0 = 7.8274e-08
Loss = 1.0310e+00, PNorm = 65.1683, GNorm = 4.1967, lr_0 = 7.8133e-08
Loss = 9.6164e-01, PNorm = 65.1683, GNorm = 3.5904, lr_0 = 7.7992e-08
Loss = 9.2752e-01, PNorm = 65.1683, GNorm = 2.9997, lr_0 = 7.7851e-08
Loss = 8.1439e-01, PNorm = 65.1683, GNorm = 2.1138, lr_0 = 7.7711e-08
Loss = 9.3873e-01, PNorm = 65.1683, GNorm = 2.9756, lr_0 = 7.7571e-08
Loss = 1.0147e+00, PNorm = 65.1683, GNorm = 3.0200, lr_0 = 7.7431e-08
Loss = 9.8994e-01, PNorm = 65.1683, GNorm = 4.0551, lr_0 = 7.7291e-08
Validation rmse = 98.243155
Epoch 44
Loss = 6.3586e-01, PNorm = 65.1683, GNorm = 1.5314, lr_0 = 7.7138e-08
Loss = 9.1937e-01, PNorm = 65.1683, GNorm = 3.2091, lr_0 = 7.6999e-08
Loss = 8.7634e-01, PNorm = 65.1683, GNorm = 1.6314, lr_0 = 7.6860e-08
Loss = 8.3385e-01, PNorm = 65.1683, GNorm = 2.3051, lr_0 = 7.6721e-08
Loss = 9.3056e-01, PNorm = 65.1683, GNorm = 1.8493, lr_0 = 7.6583e-08
Loss = 9.2501e-01, PNorm = 65.1683, GNorm = 1.8808, lr_0 = 7.6445e-08
Loss = 9.0742e-01, PNorm = 65.1683, GNorm = 2.3781, lr_0 = 7.6307e-08
Loss = 1.1173e+00, PNorm = 65.1683, GNorm = 2.2660, lr_0 = 7.6169e-08
Loss = 9.6663e-01, PNorm = 65.1683, GNorm = 4.7539, lr_0 = 7.6032e-08
Loss = 8.9139e-01, PNorm = 65.1683, GNorm = 1.8501, lr_0 = 7.5895e-08
Loss = 9.3740e-01, PNorm = 65.1683, GNorm = 1.7678, lr_0 = 7.5758e-08
Loss = 8.0521e-01, PNorm = 65.1683, GNorm = 6.0989, lr_0 = 7.5621e-08
Loss = 8.9803e-01, PNorm = 65.1683, GNorm = 3.5862, lr_0 = 7.5485e-08
Loss = 9.2831e-01, PNorm = 65.1683, GNorm = 2.1586, lr_0 = 7.5349e-08
Loss = 9.3194e-01, PNorm = 65.1683, GNorm = 1.5688, lr_0 = 7.5213e-08
Loss = 9.1457e-01, PNorm = 65.1683, GNorm = 2.4398, lr_0 = 7.5077e-08
Loss = 7.6172e-01, PNorm = 65.1683, GNorm = 2.3582, lr_0 = 7.4942e-08
Validation rmse = 98.174137
Epoch 45
Loss = 1.2605e+00, PNorm = 65.1683, GNorm = 5.3508, lr_0 = 7.4807e-08
Loss = 9.0854e-01, PNorm = 65.1683, GNorm = 2.2425, lr_0 = 7.4672e-08
Loss = 8.4765e-01, PNorm = 65.1684, GNorm = 1.9004, lr_0 = 7.4537e-08
Loss = 8.4972e-01, PNorm = 65.1684, GNorm = 2.9608, lr_0 = 7.4403e-08
Loss = 9.6170e-01, PNorm = 65.1684, GNorm = 3.2283, lr_0 = 7.4269e-08
Loss = 8.1334e-01, PNorm = 65.1684, GNorm = 1.6180, lr_0 = 7.4135e-08
Loss = 9.0232e-01, PNorm = 65.1684, GNorm = 1.7061, lr_0 = 7.4001e-08
Loss = 8.3381e-01, PNorm = 65.1684, GNorm = 1.8334, lr_0 = 7.3868e-08
Loss = 9.9885e-01, PNorm = 65.1684, GNorm = 2.8404, lr_0 = 7.3734e-08
Loss = 9.2704e-01, PNorm = 65.1684, GNorm = 1.7895, lr_0 = 7.3601e-08
Loss = 9.2941e-01, PNorm = 65.1684, GNorm = 5.8968, lr_0 = 7.3469e-08
Loss = 9.3449e-01, PNorm = 65.1684, GNorm = 1.8212, lr_0 = 7.3336e-08
Loss = 9.0748e-01, PNorm = 65.1684, GNorm = 4.5467, lr_0 = 7.3204e-08
Loss = 8.6096e-01, PNorm = 65.1684, GNorm = 3.0973, lr_0 = 7.3072e-08
Loss = 9.4956e-01, PNorm = 65.1684, GNorm = 3.8895, lr_0 = 7.2940e-08
Loss = 8.4509e-01, PNorm = 65.1684, GNorm = 2.1605, lr_0 = 7.2809e-08
Loss = 1.0170e+00, PNorm = 65.1684, GNorm = 6.2843, lr_0 = 7.2677e-08
Validation rmse = 98.111094
Epoch 46
Loss = 6.3515e-01, PNorm = 65.1684, GNorm = 2.3165, lr_0 = 7.2546e-08
Loss = 7.5414e-01, PNorm = 65.1684, GNorm = 2.8002, lr_0 = 7.2415e-08
Loss = 8.9932e-01, PNorm = 65.1684, GNorm = 2.3486, lr_0 = 7.2285e-08
Loss = 8.8511e-01, PNorm = 65.1684, GNorm = 2.2114, lr_0 = 7.2154e-08
Loss = 9.2064e-01, PNorm = 65.1684, GNorm = 2.2490, lr_0 = 7.2024e-08
Loss = 8.8018e-01, PNorm = 65.1684, GNorm = 1.7966, lr_0 = 7.1894e-08
Loss = 9.5969e-01, PNorm = 65.1684, GNorm = 5.0453, lr_0 = 7.1765e-08
Loss = 9.1272e-01, PNorm = 65.1684, GNorm = 1.8827, lr_0 = 7.1635e-08
Loss = 1.1099e+00, PNorm = 65.1684, GNorm = 3.1295, lr_0 = 7.1506e-08
Loss = 8.7191e-01, PNorm = 65.1684, GNorm = 1.8148, lr_0 = 7.1377e-08
Loss = 9.2584e-01, PNorm = 65.1684, GNorm = 1.8347, lr_0 = 7.1248e-08
Loss = 8.6428e-01, PNorm = 65.1684, GNorm = 1.8788, lr_0 = 7.1120e-08
Loss = 8.5820e-01, PNorm = 65.1684, GNorm = 3.1714, lr_0 = 7.0992e-08
Loss = 9.3632e-01, PNorm = 65.1684, GNorm = 1.8253, lr_0 = 7.0864e-08
Loss = 9.3812e-01, PNorm = 65.1684, GNorm = 4.9535, lr_0 = 7.0736e-08
Loss = 9.3213e-01, PNorm = 65.1684, GNorm = 3.5448, lr_0 = 7.0608e-08
Loss = 8.9696e-01, PNorm = 65.1684, GNorm = 1.6866, lr_0 = 7.0481e-08
Validation rmse = 98.052685
Epoch 47
Loss = 7.3327e-01, PNorm = 65.1684, GNorm = 1.6202, lr_0 = 7.0354e-08
Loss = 8.8019e-01, PNorm = 65.1684, GNorm = 3.7508, lr_0 = 7.0227e-08
Loss = 8.8242e-01, PNorm = 65.1684, GNorm = 2.2866, lr_0 = 7.0100e-08
Loss = 7.9870e-01, PNorm = 65.1684, GNorm = 2.2751, lr_0 = 6.9974e-08
Loss = 9.2233e-01, PNorm = 65.1684, GNorm = 3.8454, lr_0 = 6.9848e-08
Loss = 1.0043e+00, PNorm = 65.1684, GNorm = 2.3173, lr_0 = 6.9722e-08
Loss = 8.6832e-01, PNorm = 65.1684, GNorm = 2.5273, lr_0 = 6.9596e-08
Loss = 1.0269e+00, PNorm = 65.1684, GNorm = 1.9488, lr_0 = 6.9471e-08
Loss = 8.4577e-01, PNorm = 65.1684, GNorm = 4.1168, lr_0 = 6.9345e-08
Loss = 9.6903e-01, PNorm = 65.1685, GNorm = 2.0446, lr_0 = 6.9220e-08
Loss = 9.2661e-01, PNorm = 65.1685, GNorm = 7.1903, lr_0 = 6.9095e-08
Loss = 9.1009e-01, PNorm = 65.1685, GNorm = 4.1623, lr_0 = 6.8971e-08
Loss = 7.6081e-01, PNorm = 65.1685, GNorm = 3.3683, lr_0 = 6.8846e-08
Loss = 9.3756e-01, PNorm = 65.1685, GNorm = 2.6197, lr_0 = 6.8722e-08
Loss = 9.8805e-01, PNorm = 65.1685, GNorm = 2.7526, lr_0 = 6.8598e-08
Loss = 8.9115e-01, PNorm = 65.1685, GNorm = 4.6730, lr_0 = 6.8475e-08
Loss = 8.7069e-01, PNorm = 65.1685, GNorm = 4.2163, lr_0 = 6.8351e-08
Validation rmse = 97.993189
Epoch 48
Loss = 7.2862e-01, PNorm = 65.1685, GNorm = 4.6760, lr_0 = 6.8216e-08
Loss = 9.1615e-01, PNorm = 65.1685, GNorm = 1.8805, lr_0 = 6.8092e-08
Loss = 9.6746e-01, PNorm = 65.1685, GNorm = 3.7812, lr_0 = 6.7970e-08
Loss = 9.6170e-01, PNorm = 65.1685, GNorm = 4.3335, lr_0 = 6.7847e-08
Loss = 9.9433e-01, PNorm = 65.1685, GNorm = 2.7932, lr_0 = 6.7725e-08
Loss = 9.0922e-01, PNorm = 65.1685, GNorm = 2.6838, lr_0 = 6.7603e-08
Loss = 9.2399e-01, PNorm = 65.1685, GNorm = 1.7470, lr_0 = 6.7481e-08
Loss = 8.9289e-01, PNorm = 65.1685, GNorm = 2.2898, lr_0 = 6.7359e-08
Loss = 8.7673e-01, PNorm = 65.1685, GNorm = 1.6428, lr_0 = 6.7238e-08
Loss = 8.9893e-01, PNorm = 65.1685, GNorm = 3.4946, lr_0 = 6.7116e-08
Loss = 8.6801e-01, PNorm = 65.1685, GNorm = 2.0241, lr_0 = 6.6995e-08
Loss = 8.7358e-01, PNorm = 65.1685, GNorm = 1.7001, lr_0 = 6.6874e-08
Loss = 8.2178e-01, PNorm = 65.1685, GNorm = 4.0514, lr_0 = 6.6754e-08
Loss = 8.7867e-01, PNorm = 65.1685, GNorm = 2.2653, lr_0 = 6.6633e-08
Loss = 9.1169e-01, PNorm = 65.1685, GNorm = 2.4453, lr_0 = 6.6513e-08
Loss = 9.7568e-01, PNorm = 65.1685, GNorm = 3.0844, lr_0 = 6.6393e-08
Loss = 8.8356e-01, PNorm = 65.1685, GNorm = 1.9818, lr_0 = 6.6274e-08
Validation rmse = 97.936770
Epoch 49
Loss = 9.5803e-01, PNorm = 65.1685, GNorm = 2.2275, lr_0 = 6.6154e-08
Loss = 9.4271e-01, PNorm = 65.1685, GNorm = 1.9652, lr_0 = 6.6035e-08
Loss = 7.7184e-01, PNorm = 65.1685, GNorm = 5.0914, lr_0 = 6.5916e-08
Loss = 9.6554e-01, PNorm = 65.1685, GNorm = 1.7136, lr_0 = 6.5797e-08
Loss = 9.9376e-01, PNorm = 65.1685, GNorm = 2.1714, lr_0 = 6.5678e-08
Loss = 8.8185e-01, PNorm = 65.1685, GNorm = 3.1445, lr_0 = 6.5560e-08
Loss = 1.0043e+00, PNorm = 65.1685, GNorm = 2.2665, lr_0 = 6.5441e-08
Loss = 8.7796e-01, PNorm = 65.1685, GNorm = 2.5317, lr_0 = 6.5323e-08
Loss = 9.1753e-01, PNorm = 65.1685, GNorm = 2.4889, lr_0 = 6.5206e-08
Loss = 9.8420e-01, PNorm = 65.1685, GNorm = 1.8593, lr_0 = 6.5088e-08
Loss = 9.3041e-01, PNorm = 65.1685, GNorm = 1.8539, lr_0 = 6.4971e-08
Loss = 9.0502e-01, PNorm = 65.1685, GNorm = 1.7771, lr_0 = 6.4854e-08
Loss = 8.5967e-01, PNorm = 65.1685, GNorm = 2.4007, lr_0 = 6.4772e-08
Loss = 8.2755e-01, PNorm = 65.1685, GNorm = 3.1158, lr_0 = 6.4772e-08
Loss = 8.5943e-01, PNorm = 65.1685, GNorm = 4.0535, lr_0 = 6.4772e-08
Loss = 9.5148e-01, PNorm = 65.1685, GNorm = 3.5174, lr_0 = 6.4772e-08
Loss = 8.7201e-01, PNorm = 65.1685, GNorm = 2.0243, lr_0 = 6.4772e-08
Validation rmse = 97.884049
Model 0 best validation rmse = 97.884049 on epoch 49
Loading pretrained parameter "encoder.encoder.0.cached_zero_vector".
Loading pretrained parameter "encoder.encoder.0.W_i.weight".
Loading pretrained parameter "encoder.encoder.0.W_h.weight".
Loading pretrained parameter "encoder.encoder.0.W_o.weight".
Loading pretrained parameter "encoder.encoder.0.W_o.bias".
Loading pretrained parameter "encoder.encoder.1.cached_zero_vector".
Loading pretrained parameter "encoder.encoder.1.W_i.weight".
Loading pretrained parameter "encoder.encoder.1.W_h.weight".
Loading pretrained parameter "encoder.encoder.1.W_o.weight".
Loading pretrained parameter "encoder.encoder.1.W_o.bias".
Loading pretrained parameter "ffn.1.weight".
Loading pretrained parameter "ffn.1.bias".
Loading pretrained parameter "ffn.4.weight".
Loading pretrained parameter "ffn.4.bias".
Moving model to cuda
Model 0 test rmse = 90.100180
Ensemble test rmse = 90.100180
1-fold cross validation
	Seed 0 ==> test rmse = 90.100180
Overall test rmse = 90.100180 +/- 0.000000
Elapsed time = 0:37:36
