Command line
python /home/kpg/chemprop/train.py --data_path ../../../data/splits/lambda_max_abs/deep4chem/group_by_smiles/smiles_target_train.csv --dataset_type regression --save_dir /home/kimele03/uvvisml/uvvisml/models/abs_all_checkpoints/random/results/506984/49662945 --config_path /home/kimele03/uvvisml/uvvisml/models/abs_all_checkpoints/random/results/506984/49662945/hyperopt.json --metric rmse --epochs 50 --gpu 0 --ensemble_size 1 --separate_val_path ../../../data/splits/lambda_max_abs/deep4chem/group_by_smiles/smiles_target_val.csv --separate_test_path ../../../data/splits/lambda_max_abs/deep4chem/group_by_smiles/smiles_target_test.csv --number_of_molecules 2
Args
{'activation': 'ReLU',
 'aggregation': 'mean',
 'aggregation_norm': 100,
 'atom_descriptor_scaling': True,
 'atom_descriptors': None,
 'atom_descriptors_path': None,
 'atom_descriptors_size': 0,
 'atom_features_size': 0,
 'atom_messages': False,
 'batch_size': 91,
 'bias': False,
 'bond_feature_scaling': True,
 'bond_features_path': None,
 'bond_features_size': 0,
 'cache_cutoff': 10000,
 'checkpoint_dir': None,
 'checkpoint_frzn': None,
 'checkpoint_path': None,
 'checkpoint_paths': None,
 'class_balance': False,
 'config_path': '/home/kimele03/uvvisml/uvvisml/models/abs_all_checkpoints/random/results/506984/49662945/hyperopt.json',
 'crossval_index_dir': None,
 'crossval_index_file': None,
 'crossval_index_sets': None,
 'cuda': True,
 'data_path': '../../../data/splits/lambda_max_abs/deep4chem/group_by_smiles/smiles_target_train.csv',
 'data_weights_path': None,
 'dataset_type': 'regression',
 'depth': 3,
 'device': device(type='cuda', index=0),
 'dropout': 0.16268733874820568,
 'empty_cache': False,
 'ensemble_size': 1,
 'epochs': 50,
 'explicit_h': False,
 'extra_metrics': [],
 'features_generator': None,
 'features_only': False,
 'features_path': None,
 'features_scaling': True,
 'features_size': None,
 'ffn_hidden_size': 2139,
 'ffn_num_layers': 2,
 'final_lr': 1.061948656469313e-05,
 'folds_file': None,
 'freeze_first_only': False,
 'frzn_ffn_layers': 0,
 'gpu': 0,
 'grad_clip': None,
 'hidden_size': 1119,
 'ignore_columns': None,
 'init_lr': 1.4596725700367687e-05,
 'log_frequency': 10,
 'max_data_size': None,
 'max_lr': 0.0008201424938333995,
 'metric': 'rmse',
 'metrics': ['rmse'],
 'minimize_score': True,
 'mpn_shared': False,
 'multiclass_num_classes': 3,
 'no_atom_descriptor_scaling': False,
 'no_bond_features_scaling': False,
 'no_cache_mol': False,
 'no_cuda': False,
 'no_features_scaling': False,
 'num_folds': 1,
 'num_lrs': 1,
 'num_tasks': 1,
 'num_workers': 8,
 'number_of_molecules': 2,
 'overwrite_default_atom_features': False,
 'overwrite_default_bond_features': False,
 'pytorch_seed': 0,
 'quiet': False,
 'reaction': False,
 'reaction_mode': 'reac_diff',
 'resume_experiment': False,
 'save_dir': '/home/kimele03/uvvisml/uvvisml/models/abs_all_checkpoints/random/results/506984/49662945',
 'save_preds': False,
 'save_smiles_splits': False,
 'seed': 0,
 'separate_test_atom_descriptors_path': None,
 'separate_test_bond_features_path': None,
 'separate_test_features_path': None,
 'separate_test_path': '../../../data/splits/lambda_max_abs/deep4chem/group_by_smiles/smiles_target_test.csv',
 'separate_val_atom_descriptors_path': None,
 'separate_val_bond_features_path': None,
 'separate_val_features_path': None,
 'separate_val_path': '../../../data/splits/lambda_max_abs/deep4chem/group_by_smiles/smiles_target_val.csv',
 'show_individual_scores': False,
 'smiles_columns': ['smiles', 'solvent'],
 'split_sizes': (0.8, 0.1, 0.1),
 'split_type': 'random',
 'target_columns': None,
 'target_weights': None,
 'task_names': ['peakwavs_max'],
 'test': False,
 'test_fold_index': None,
 'train_data_size': None,
 'undirected': False,
 'use_input_features': False,
 'val_fold_index': None,
 'warmup_epochs': 3}
Loading data
Number of tasks = 1
Fold 0
Splitting data with seed 0
Total size = 13,242 | train size = 13,242 | val size = 1,633 | test size = 1,710
Fitting scaler
Building model 0
MoleculeModel(
  (encoder): MPN(
    (encoder): ModuleList(
      (0): MPNEncoder(
        (dropout_layer): Dropout(p=0.16268733874820568, inplace=False)
        (act_func): ReLU()
        (W_i): Linear(in_features=147, out_features=1119, bias=False)
        (W_h): Linear(in_features=1119, out_features=1119, bias=False)
        (W_o): Linear(in_features=1252, out_features=1119, bias=True)
      )
      (1): MPNEncoder(
        (dropout_layer): Dropout(p=0.16268733874820568, inplace=False)
        (act_func): ReLU()
        (W_i): Linear(in_features=147, out_features=1119, bias=False)
        (W_h): Linear(in_features=1119, out_features=1119, bias=False)
        (W_o): Linear(in_features=1252, out_features=1119, bias=True)
      )
    )
  )
  (ffn): Sequential(
    (0): Dropout(p=0.16268733874820568, inplace=False)
    (1): Linear(in_features=2238, out_features=2139, bias=True)
    (2): ReLU()
    (3): Dropout(p=0.16268733874820568, inplace=False)
    (4): Linear(in_features=2139, out_features=1, bias=True)
  )
)
Number of parameters = 10,431,121
Moving model to cuda
Epoch 0
Loss = 1.1257e+00, PNorm = 85.5185, GNorm = 2.8034, lr_0 = 3.4967e-05
Loss = 8.6392e-01, PNorm = 85.5201, GNorm = 5.8832, lr_0 = 5.3485e-05
Loss = 1.0207e+00, PNorm = 85.5230, GNorm = 14.9910, lr_0 = 7.2003e-05
Loss = 9.5946e-01, PNorm = 85.5265, GNorm = 3.3947, lr_0 = 9.0522e-05
Loss = 8.2560e-01, PNorm = 85.5328, GNorm = 5.4760, lr_0 = 1.0904e-04
Loss = 6.8467e-01, PNorm = 85.5416, GNorm = 10.2259, lr_0 = 1.2756e-04
Loss = 8.1792e-01, PNorm = 85.5510, GNorm = 6.4638, lr_0 = 1.4608e-04
Loss = 7.6500e-01, PNorm = 85.5653, GNorm = 5.1046, lr_0 = 1.6459e-04
Loss = 6.6482e-01, PNorm = 85.5828, GNorm = 2.1219, lr_0 = 1.8311e-04
Loss = 6.7185e-01, PNorm = 85.6008, GNorm = 2.2048, lr_0 = 2.0163e-04
Loss = 6.3253e-01, PNorm = 85.6246, GNorm = 2.3894, lr_0 = 2.2015e-04
Loss = 7.2835e-01, PNorm = 85.6452, GNorm = 4.8865, lr_0 = 2.3867e-04
Loss = 7.2529e-01, PNorm = 85.6702, GNorm = 15.0826, lr_0 = 2.5719e-04
Loss = 5.4939e-01, PNorm = 85.6968, GNorm = 3.1646, lr_0 = 2.7570e-04
Validation rmse = 78.375730
Epoch 1
Loss = 6.3659e-01, PNorm = 85.7309, GNorm = 13.1728, lr_0 = 2.9607e-04
Loss = 6.4318e-01, PNorm = 85.7620, GNorm = 8.5432, lr_0 = 3.1459e-04
Loss = 5.3941e-01, PNorm = 85.8026, GNorm = 3.9538, lr_0 = 3.3311e-04
Loss = 4.7346e-01, PNorm = 85.8444, GNorm = 7.2232, lr_0 = 3.5163e-04
Loss = 4.3662e-01, PNorm = 85.8904, GNorm = 4.2762, lr_0 = 3.7015e-04
Loss = 4.7186e-01, PNorm = 85.9342, GNorm = 3.4539, lr_0 = 3.8867e-04
Loss = 3.9310e-01, PNorm = 85.9772, GNorm = 4.8452, lr_0 = 4.0718e-04
Loss = 3.9024e-01, PNorm = 86.0282, GNorm = 3.0185, lr_0 = 4.2570e-04
Loss = 5.3316e-01, PNorm = 86.0795, GNorm = 8.2888, lr_0 = 4.4422e-04
Loss = 5.1519e-01, PNorm = 86.1549, GNorm = 3.2080, lr_0 = 4.6274e-04
Loss = 4.3895e-01, PNorm = 86.2261, GNorm = 1.8970, lr_0 = 4.8126e-04
Loss = 4.5099e-01, PNorm = 86.2888, GNorm = 12.0628, lr_0 = 4.9978e-04
Loss = 3.8175e-01, PNorm = 86.3442, GNorm = 2.7500, lr_0 = 5.1829e-04
Loss = 3.5390e-01, PNorm = 86.4050, GNorm = 1.7193, lr_0 = 5.3681e-04
Loss = 3.2464e-01, PNorm = 86.4519, GNorm = 2.7249, lr_0 = 5.5533e-04
Validation rmse = 66.163790
Epoch 2
Loss = 3.0012e-01, PNorm = 86.4940, GNorm = 5.8263, lr_0 = 5.7385e-04
Loss = 3.0668e-01, PNorm = 86.5390, GNorm = 1.2060, lr_0 = 5.9237e-04
Loss = 3.2158e-01, PNorm = 86.5792, GNorm = 2.2987, lr_0 = 6.1089e-04
Loss = 2.9770e-01, PNorm = 86.6359, GNorm = 2.9555, lr_0 = 6.2940e-04
Loss = 3.6143e-01, PNorm = 86.6940, GNorm = 1.5422, lr_0 = 6.4792e-04
Loss = 3.2131e-01, PNorm = 86.7499, GNorm = 9.4377, lr_0 = 6.6644e-04
Loss = 3.5956e-01, PNorm = 86.8187, GNorm = 1.6973, lr_0 = 6.8496e-04
Loss = 2.9523e-01, PNorm = 86.8864, GNorm = 2.8099, lr_0 = 7.0348e-04
Loss = 3.2015e-01, PNorm = 86.9531, GNorm = 2.4482, lr_0 = 7.2200e-04
Loss = 3.1987e-01, PNorm = 87.0186, GNorm = 6.6339, lr_0 = 7.4051e-04
Loss = 3.0453e-01, PNorm = 87.0901, GNorm = 3.1669, lr_0 = 7.5903e-04
Loss = 3.1849e-01, PNorm = 87.1769, GNorm = 2.3351, lr_0 = 7.7755e-04
Loss = 2.4711e-01, PNorm = 87.2495, GNorm = 4.5151, lr_0 = 7.9607e-04
Loss = 2.9359e-01, PNorm = 87.3182, GNorm = 1.8263, lr_0 = 8.1459e-04
Validation rmse = 56.135345
Epoch 3
Loss = 2.3308e-01, PNorm = 87.4054, GNorm = 2.2555, lr_0 = 8.1597e-04
Loss = 2.2256e-01, PNorm = 87.4830, GNorm = 1.4106, lr_0 = 8.1078e-04
Loss = 2.2094e-01, PNorm = 87.5517, GNorm = 2.1980, lr_0 = 8.0563e-04
Loss = 2.4285e-01, PNorm = 87.6275, GNorm = 1.5296, lr_0 = 8.0050e-04
Loss = 2.9884e-01, PNorm = 87.7086, GNorm = 7.0442, lr_0 = 7.9541e-04
Loss = 2.8860e-01, PNorm = 87.7986, GNorm = 1.8174, lr_0 = 7.9036e-04
Loss = 2.4596e-01, PNorm = 87.8894, GNorm = 0.8197, lr_0 = 7.8533e-04
Loss = 2.2567e-01, PNorm = 87.9745, GNorm = 2.8488, lr_0 = 7.8034e-04
Loss = 2.1337e-01, PNorm = 88.0487, GNorm = 1.9830, lr_0 = 7.7538e-04
Loss = 2.3858e-01, PNorm = 88.1204, GNorm = 4.6988, lr_0 = 7.7045e-04
Loss = 2.6002e-01, PNorm = 88.1975, GNorm = 1.5753, lr_0 = 7.6555e-04
Loss = 1.8575e-01, PNorm = 88.2693, GNorm = 2.9455, lr_0 = 7.6068e-04
Loss = 2.3182e-01, PNorm = 88.3417, GNorm = 1.1905, lr_0 = 7.5584e-04
Loss = 2.0402e-01, PNorm = 88.4059, GNorm = 0.9838, lr_0 = 7.5104e-04
Loss = 1.9851e-01, PNorm = 88.4785, GNorm = 2.9452, lr_0 = 7.4626e-04
Validation rmse = 59.577776
Epoch 4
Loss = 2.1736e-01, PNorm = 88.5470, GNorm = 1.2324, lr_0 = 7.4152e-04
Loss = 1.8702e-01, PNorm = 88.6304, GNorm = 2.8085, lr_0 = 7.3680e-04
Loss = 1.9819e-01, PNorm = 88.7108, GNorm = 1.6438, lr_0 = 7.3212e-04
Loss = 1.8953e-01, PNorm = 88.7665, GNorm = 5.8591, lr_0 = 7.2747e-04
Loss = 1.9376e-01, PNorm = 88.8352, GNorm = 1.0813, lr_0 = 7.2284e-04
Loss = 2.1559e-01, PNorm = 88.9019, GNorm = 1.4296, lr_0 = 7.1824e-04
Loss = 1.6640e-01, PNorm = 88.9606, GNorm = 3.0587, lr_0 = 7.1368e-04
Loss = 1.6490e-01, PNorm = 89.0200, GNorm = 0.7058, lr_0 = 7.0914e-04
Loss = 1.8264e-01, PNorm = 89.0885, GNorm = 0.9054, lr_0 = 7.0463e-04
Loss = 1.8633e-01, PNorm = 89.1513, GNorm = 1.9200, lr_0 = 7.0015e-04
Loss = 1.7813e-01, PNorm = 89.2092, GNorm = 1.6896, lr_0 = 6.9570e-04
Loss = 1.4919e-01, PNorm = 89.2775, GNorm = 0.8766, lr_0 = 6.9128e-04
Loss = 1.5896e-01, PNorm = 89.3325, GNorm = 2.2947, lr_0 = 6.8688e-04
Loss = 1.5952e-01, PNorm = 89.3970, GNorm = 1.0413, lr_0 = 6.8251e-04
Validation rmse = 46.446897
Epoch 5
Loss = 1.5782e-01, PNorm = 89.4570, GNorm = 2.3109, lr_0 = 6.7774e-04
Loss = 1.3957e-01, PNorm = 89.5064, GNorm = 3.4143, lr_0 = 6.7343e-04
Loss = 1.8128e-01, PNorm = 89.5593, GNorm = 1.7364, lr_0 = 6.6915e-04
Loss = 1.4354e-01, PNorm = 89.6203, GNorm = 1.3704, lr_0 = 6.6490e-04
Loss = 1.6884e-01, PNorm = 89.6785, GNorm = 2.4272, lr_0 = 6.6067e-04
Loss = 1.4443e-01, PNorm = 89.7335, GNorm = 0.7268, lr_0 = 6.5647e-04
Loss = 1.5831e-01, PNorm = 89.7945, GNorm = 0.5961, lr_0 = 6.5230e-04
Loss = 1.7223e-01, PNorm = 89.8518, GNorm = 3.5063, lr_0 = 6.4815e-04
Loss = 1.5888e-01, PNorm = 89.9050, GNorm = 0.4527, lr_0 = 6.4403e-04
Loss = 1.4456e-01, PNorm = 89.9572, GNorm = 1.4749, lr_0 = 6.3993e-04
Loss = 1.4670e-01, PNorm = 89.9974, GNorm = 0.7890, lr_0 = 6.3586e-04
Loss = 1.6917e-01, PNorm = 90.0561, GNorm = 2.9261, lr_0 = 6.3182e-04
Loss = 1.5554e-01, PNorm = 90.1188, GNorm = 0.6020, lr_0 = 6.2780e-04
Loss = 1.1093e-01, PNorm = 90.1679, GNorm = 2.1144, lr_0 = 6.2381e-04
Loss = 1.5102e-01, PNorm = 90.2202, GNorm = 2.1747, lr_0 = 6.1985e-04
Validation rmse = 43.457081
Epoch 6
Loss = 1.2838e-01, PNorm = 90.2715, GNorm = 1.2711, lr_0 = 6.1591e-04
Loss = 1.2331e-01, PNorm = 90.3200, GNorm = 2.1272, lr_0 = 6.1199e-04
Loss = 1.2465e-01, PNorm = 90.3663, GNorm = 0.6299, lr_0 = 6.0810e-04
Loss = 1.2609e-01, PNorm = 90.4152, GNorm = 2.9471, lr_0 = 6.0423e-04
Loss = 1.3612e-01, PNorm = 90.4593, GNorm = 1.2262, lr_0 = 6.0039e-04
Loss = 1.2493e-01, PNorm = 90.4899, GNorm = 1.8700, lr_0 = 5.9657e-04
Loss = 1.2806e-01, PNorm = 90.5576, GNorm = 1.3404, lr_0 = 5.9278e-04
Loss = 1.3491e-01, PNorm = 90.6179, GNorm = 0.5400, lr_0 = 5.8901e-04
Loss = 1.3285e-01, PNorm = 90.6659, GNorm = 2.2621, lr_0 = 5.8527e-04
Loss = 1.4622e-01, PNorm = 90.7128, GNorm = 2.9059, lr_0 = 5.8155e-04
Loss = 1.1293e-01, PNorm = 90.7600, GNorm = 0.7782, lr_0 = 5.7785e-04
Loss = 1.1690e-01, PNorm = 90.8034, GNorm = 0.5951, lr_0 = 5.7417e-04
Loss = 1.1905e-01, PNorm = 90.8438, GNorm = 1.2566, lr_0 = 5.7052e-04
Loss = 1.0305e-01, PNorm = 90.8849, GNorm = 0.5266, lr_0 = 5.6690e-04
Validation rmse = 39.260995
Epoch 7
Loss = 9.8209e-02, PNorm = 90.9317, GNorm = 0.5836, lr_0 = 5.6293e-04
Loss = 1.0164e-01, PNorm = 90.9677, GNorm = 0.9629, lr_0 = 5.5935e-04
Loss = 1.1585e-01, PNorm = 91.0106, GNorm = 0.8982, lr_0 = 5.5580e-04
Loss = 9.3739e-02, PNorm = 91.0486, GNorm = 0.7493, lr_0 = 5.5226e-04
Loss = 1.0320e-01, PNorm = 91.0871, GNorm = 0.6029, lr_0 = 5.4875e-04
Loss = 1.1396e-01, PNorm = 91.1255, GNorm = 2.2040, lr_0 = 5.4526e-04
Loss = 1.1771e-01, PNorm = 91.1710, GNorm = 0.6370, lr_0 = 5.4180e-04
Loss = 1.0525e-01, PNorm = 91.2189, GNorm = 1.2105, lr_0 = 5.3835e-04
Loss = 1.3535e-01, PNorm = 91.2599, GNorm = 7.1456, lr_0 = 5.3493e-04
Loss = 1.3947e-01, PNorm = 91.3100, GNorm = 0.5415, lr_0 = 5.3153e-04
Loss = 1.1407e-01, PNorm = 91.3633, GNorm = 1.1965, lr_0 = 5.2815e-04
Loss = 1.1299e-01, PNorm = 91.4203, GNorm = 0.4389, lr_0 = 5.2479e-04
Loss = 1.0075e-01, PNorm = 91.4636, GNorm = 1.1821, lr_0 = 5.2145e-04
Loss = 1.2520e-01, PNorm = 91.5114, GNorm = 0.7609, lr_0 = 5.1814e-04
Loss = 9.8592e-02, PNorm = 91.5613, GNorm = 1.3855, lr_0 = 5.1484e-04
Validation rmse = 38.621149
Epoch 8
Loss = 7.8827e-02, PNorm = 91.6006, GNorm = 0.5163, lr_0 = 5.1157e-04
Loss = 8.7036e-02, PNorm = 91.6337, GNorm = 1.2143, lr_0 = 5.0832e-04
Loss = 1.0126e-01, PNorm = 91.6683, GNorm = 0.7067, lr_0 = 5.0509e-04
Loss = 8.7951e-02, PNorm = 91.7054, GNorm = 1.1145, lr_0 = 5.0188e-04
Loss = 9.7129e-02, PNorm = 91.7361, GNorm = 1.3485, lr_0 = 4.9868e-04
Loss = 1.1212e-01, PNorm = 91.7725, GNorm = 1.3540, lr_0 = 4.9551e-04
Loss = 1.3025e-01, PNorm = 91.8209, GNorm = 1.3874, lr_0 = 4.9236e-04
Loss = 1.0938e-01, PNorm = 91.8663, GNorm = 0.7713, lr_0 = 4.8923e-04
Loss = 1.1240e-01, PNorm = 91.9132, GNorm = 3.0687, lr_0 = 4.8612e-04
Loss = 1.0181e-01, PNorm = 91.9576, GNorm = 0.7910, lr_0 = 4.8303e-04
Loss = 8.5221e-02, PNorm = 91.9878, GNorm = 0.8552, lr_0 = 4.7996e-04
Loss = 9.6620e-02, PNorm = 92.0223, GNorm = 0.4826, lr_0 = 4.7691e-04
Loss = 9.4953e-02, PNorm = 92.0581, GNorm = 0.6619, lr_0 = 4.7388e-04
Loss = 1.1358e-01, PNorm = 92.0988, GNorm = 2.8203, lr_0 = 4.7086e-04
Validation rmse = 40.325026
Epoch 9
Loss = 9.5524e-02, PNorm = 92.1383, GNorm = 1.2452, lr_0 = 4.6757e-04
Loss = 9.9110e-02, PNorm = 92.1781, GNorm = 1.0985, lr_0 = 4.6460e-04
Loss = 9.3666e-02, PNorm = 92.2150, GNorm = 0.8185, lr_0 = 4.6165e-04
Loss = 8.2709e-02, PNorm = 92.2462, GNorm = 0.6201, lr_0 = 4.5871e-04
Loss = 7.6497e-02, PNorm = 92.2708, GNorm = 0.9865, lr_0 = 4.5579e-04
Loss = 8.8017e-02, PNorm = 92.3053, GNorm = 1.0352, lr_0 = 4.5290e-04
Loss = 9.0974e-02, PNorm = 92.3340, GNorm = 2.0588, lr_0 = 4.5002e-04
Loss = 8.8512e-02, PNorm = 92.3689, GNorm = 1.5660, lr_0 = 4.4715e-04
Loss = 8.2233e-02, PNorm = 92.3961, GNorm = 1.3240, lr_0 = 4.4431e-04
Loss = 7.0125e-02, PNorm = 92.4274, GNorm = 0.6332, lr_0 = 4.4149e-04
Loss = 8.3585e-02, PNorm = 92.4598, GNorm = 1.2748, lr_0 = 4.3868e-04
Loss = 8.5664e-02, PNorm = 92.4876, GNorm = 1.0148, lr_0 = 4.3589e-04
Loss = 8.8484e-02, PNorm = 92.5216, GNorm = 0.5217, lr_0 = 4.3312e-04
Loss = 8.2018e-02, PNorm = 92.5590, GNorm = 0.5540, lr_0 = 4.3037e-04
Loss = 7.8309e-02, PNorm = 92.5976, GNorm = 0.6939, lr_0 = 4.2763e-04
Validation rmse = 35.084818
Epoch 10
Loss = 7.2623e-02, PNorm = 92.6193, GNorm = 0.6918, lr_0 = 4.2491e-04
Loss = 7.2942e-02, PNorm = 92.6472, GNorm = 0.7515, lr_0 = 4.2221e-04
Loss = 7.8167e-02, PNorm = 92.6775, GNorm = 1.6107, lr_0 = 4.1952e-04
Loss = 7.4528e-02, PNorm = 92.7060, GNorm = 1.6146, lr_0 = 4.1686e-04
Loss = 6.7560e-02, PNorm = 92.7376, GNorm = 0.5351, lr_0 = 4.1421e-04
Loss = 8.3176e-02, PNorm = 92.7679, GNorm = 1.0374, lr_0 = 4.1157e-04
Loss = 7.5585e-02, PNorm = 92.7935, GNorm = 0.8955, lr_0 = 4.0896e-04
Loss = 6.7633e-02, PNorm = 92.8233, GNorm = 0.5659, lr_0 = 4.0636e-04
Loss = 6.9512e-02, PNorm = 92.8458, GNorm = 0.4737, lr_0 = 4.0377e-04
Loss = 8.6427e-02, PNorm = 92.8724, GNorm = 1.8935, lr_0 = 4.0121e-04
Loss = 7.8198e-02, PNorm = 92.8950, GNorm = 0.6557, lr_0 = 3.9865e-04
Loss = 7.4987e-02, PNorm = 92.9205, GNorm = 0.8056, lr_0 = 3.9612e-04
Loss = 7.3002e-02, PNorm = 92.9489, GNorm = 1.0272, lr_0 = 3.9360e-04
Loss = 7.3612e-02, PNorm = 92.9771, GNorm = 0.6939, lr_0 = 3.9110e-04
Loss = 7.3250e-02, PNorm = 93.0017, GNorm = 2.2288, lr_0 = 3.8861e-04
Loss = 3.0235e-02, PNorm = 93.0041, GNorm = 0.4616, lr_0 = 3.8836e-04
Validation rmse = 34.711497
Epoch 11
Loss = 6.4236e-02, PNorm = 93.0296, GNorm = 0.4594, lr_0 = 3.8590e-04
Loss = 7.1613e-02, PNorm = 93.0519, GNorm = 0.5568, lr_0 = 3.8344e-04
Loss = 6.9222e-02, PNorm = 93.0805, GNorm = 1.2710, lr_0 = 3.8100e-04
Loss = 6.5781e-02, PNorm = 93.1071, GNorm = 0.8046, lr_0 = 3.7858e-04
Loss = 6.4227e-02, PNorm = 93.1313, GNorm = 0.4657, lr_0 = 3.7617e-04
Loss = 7.1251e-02, PNorm = 93.1502, GNorm = 0.6558, lr_0 = 3.7378e-04
Loss = 7.3414e-02, PNorm = 93.1710, GNorm = 0.9238, lr_0 = 3.7141e-04
Loss = 7.1459e-02, PNorm = 93.1893, GNorm = 1.3643, lr_0 = 3.6905e-04
Loss = 7.2869e-02, PNorm = 93.2163, GNorm = 1.1337, lr_0 = 3.6670e-04
Loss = 7.4756e-02, PNorm = 93.2426, GNorm = 1.8570, lr_0 = 3.6437e-04
Loss = 7.8848e-02, PNorm = 93.2689, GNorm = 0.4203, lr_0 = 3.6205e-04
Loss = 6.2999e-02, PNorm = 93.2927, GNorm = 1.0528, lr_0 = 3.5975e-04
Loss = 6.3800e-02, PNorm = 93.3118, GNorm = 0.7263, lr_0 = 3.5746e-04
Loss = 5.7562e-02, PNorm = 93.3307, GNorm = 0.5279, lr_0 = 3.5519e-04
Validation rmse = 34.384431
Epoch 12
Loss = 8.2737e-02, PNorm = 93.3526, GNorm = 2.1356, lr_0 = 3.5293e-04
Loss = 6.9250e-02, PNorm = 93.3737, GNorm = 1.8188, lr_0 = 3.5069e-04
Loss = 7.0675e-02, PNorm = 93.3967, GNorm = 0.4496, lr_0 = 3.4846e-04
Loss = 5.6392e-02, PNorm = 93.4175, GNorm = 1.1024, lr_0 = 3.4624e-04
Loss = 5.6796e-02, PNorm = 93.4379, GNorm = 1.1443, lr_0 = 3.4404e-04
Loss = 6.3487e-02, PNorm = 93.4630, GNorm = 1.1662, lr_0 = 3.4185e-04
Loss = 5.9082e-02, PNorm = 93.4794, GNorm = 0.8211, lr_0 = 3.3968e-04
Loss = 6.1617e-02, PNorm = 93.4977, GNorm = 1.0793, lr_0 = 3.3752e-04
Loss = 5.6372e-02, PNorm = 93.5165, GNorm = 1.1601, lr_0 = 3.3537e-04
Loss = 6.1833e-02, PNorm = 93.5392, GNorm = 0.4593, lr_0 = 3.3324e-04
Loss = 5.5607e-02, PNorm = 93.5594, GNorm = 1.1391, lr_0 = 3.3112e-04
Loss = 5.9383e-02, PNorm = 93.5769, GNorm = 0.6563, lr_0 = 3.2902e-04
Loss = 6.7187e-02, PNorm = 93.6000, GNorm = 1.2631, lr_0 = 3.2693e-04
Loss = 5.9588e-02, PNorm = 93.6158, GNorm = 0.5172, lr_0 = 3.2485e-04
Loss = 7.5271e-02, PNorm = 93.6357, GNorm = 1.2185, lr_0 = 3.2278e-04
Validation rmse = 32.981495
Epoch 13
Loss = 5.8521e-02, PNorm = 93.6538, GNorm = 0.7282, lr_0 = 3.2052e-04
Loss = 6.0540e-02, PNorm = 93.6755, GNorm = 0.8859, lr_0 = 3.1849e-04
Loss = 5.8846e-02, PNorm = 93.6921, GNorm = 0.8661, lr_0 = 3.1646e-04
Loss = 6.5341e-02, PNorm = 93.7124, GNorm = 0.7702, lr_0 = 3.1445e-04
Loss = 5.5511e-02, PNorm = 93.7303, GNorm = 0.8994, lr_0 = 3.1245e-04
Loss = 6.1151e-02, PNorm = 93.7457, GNorm = 1.1015, lr_0 = 3.1046e-04
Loss = 5.0727e-02, PNorm = 93.7612, GNorm = 0.5288, lr_0 = 3.0849e-04
Loss = 6.2313e-02, PNorm = 93.7834, GNorm = 0.9654, lr_0 = 3.0653e-04
Loss = 6.6816e-02, PNorm = 93.8067, GNorm = 0.5586, lr_0 = 3.0458e-04
Loss = 6.4136e-02, PNorm = 93.8271, GNorm = 1.2666, lr_0 = 3.0264e-04
Loss = 6.8989e-02, PNorm = 93.8491, GNorm = 0.5940, lr_0 = 3.0072e-04
Loss = 5.4469e-02, PNorm = 93.8675, GNorm = 0.4705, lr_0 = 2.9881e-04
Loss = 5.6413e-02, PNorm = 93.8821, GNorm = 0.7579, lr_0 = 2.9691e-04
Loss = 6.3337e-02, PNorm = 93.9012, GNorm = 0.9834, lr_0 = 2.9502e-04
Validation rmse = 33.220797
Epoch 14
Loss = 5.1885e-02, PNorm = 93.9211, GNorm = 0.9868, lr_0 = 2.9314e-04
Loss = 5.4385e-02, PNorm = 93.9385, GNorm = 0.6739, lr_0 = 2.9128e-04
Loss = 5.7394e-02, PNorm = 93.9560, GNorm = 0.5916, lr_0 = 2.8943e-04
Loss = 6.3531e-02, PNorm = 93.9760, GNorm = 1.2299, lr_0 = 2.8759e-04
Loss = 5.5930e-02, PNorm = 93.9916, GNorm = 0.3380, lr_0 = 2.8576e-04
Loss = 5.8329e-02, PNorm = 94.0074, GNorm = 0.6659, lr_0 = 2.8394e-04
Loss = 4.9622e-02, PNorm = 94.0211, GNorm = 0.9093, lr_0 = 2.8214e-04
Loss = 4.9886e-02, PNorm = 94.0358, GNorm = 0.6581, lr_0 = 2.8034e-04
Loss = 5.7076e-02, PNorm = 94.0487, GNorm = 0.9699, lr_0 = 2.7856e-04
Loss = 5.3037e-02, PNorm = 94.0666, GNorm = 1.0590, lr_0 = 2.7679e-04
Loss = 6.9829e-02, PNorm = 94.0823, GNorm = 0.4795, lr_0 = 2.7503e-04
Loss = 5.3512e-02, PNorm = 94.1060, GNorm = 0.6759, lr_0 = 2.7328e-04
Loss = 5.5876e-02, PNorm = 94.1229, GNorm = 0.6013, lr_0 = 2.7154e-04
Loss = 4.9382e-02, PNorm = 94.1347, GNorm = 0.7873, lr_0 = 2.6982e-04
Loss = 5.7782e-02, PNorm = 94.1496, GNorm = 1.3619, lr_0 = 2.6810e-04
Validation rmse = 32.876901
Epoch 15
Loss = 5.2064e-02, PNorm = 94.1677, GNorm = 0.9257, lr_0 = 2.6623e-04
Loss = 5.8315e-02, PNorm = 94.1822, GNorm = 0.3775, lr_0 = 2.6454e-04
Loss = 5.0487e-02, PNorm = 94.2004, GNorm = 0.6109, lr_0 = 2.6285e-04
Loss = 4.6808e-02, PNorm = 94.2138, GNorm = 0.4890, lr_0 = 2.6118e-04
Loss = 4.6988e-02, PNorm = 94.2248, GNorm = 0.5223, lr_0 = 2.5952e-04
Loss = 4.9122e-02, PNorm = 94.2353, GNorm = 0.9885, lr_0 = 2.5787e-04
Loss = 5.6139e-02, PNorm = 94.2495, GNorm = 0.5762, lr_0 = 2.5623e-04
Loss = 5.5388e-02, PNorm = 94.2652, GNorm = 0.4823, lr_0 = 2.5460e-04
Loss = 4.6465e-02, PNorm = 94.2796, GNorm = 0.4062, lr_0 = 2.5298e-04
Loss = 5.7459e-02, PNorm = 94.2931, GNorm = 1.4077, lr_0 = 2.5138e-04
Loss = 5.5781e-02, PNorm = 94.3093, GNorm = 0.5009, lr_0 = 2.4978e-04
Loss = 5.8808e-02, PNorm = 94.3206, GNorm = 0.9868, lr_0 = 2.4819e-04
Loss = 5.6315e-02, PNorm = 94.3344, GNorm = 0.9068, lr_0 = 2.4661e-04
Loss = 4.9555e-02, PNorm = 94.3522, GNorm = 0.5938, lr_0 = 2.4504e-04
Validation rmse = 33.300679
Epoch 16
Loss = 5.2544e-02, PNorm = 94.3665, GNorm = 1.2216, lr_0 = 2.4349e-04
Loss = 4.5916e-02, PNorm = 94.3743, GNorm = 0.4617, lr_0 = 2.4194e-04
Loss = 4.9082e-02, PNorm = 94.3904, GNorm = 1.6651, lr_0 = 2.4040e-04
Loss = 5.3290e-02, PNorm = 94.4030, GNorm = 0.4188, lr_0 = 2.3887e-04
Loss = 4.9944e-02, PNorm = 94.4155, GNorm = 0.4948, lr_0 = 2.3735e-04
Loss = 4.7262e-02, PNorm = 94.4256, GNorm = 0.5145, lr_0 = 2.3584e-04
Loss = 4.7279e-02, PNorm = 94.4348, GNorm = 0.6071, lr_0 = 2.3434e-04
Loss = 4.5744e-02, PNorm = 94.4478, GNorm = 0.8613, lr_0 = 2.3285e-04
Loss = 5.5184e-02, PNorm = 94.4588, GNorm = 0.5818, lr_0 = 2.3137e-04
Loss = 4.2446e-02, PNorm = 94.4690, GNorm = 0.4401, lr_0 = 2.2990e-04
Loss = 4.9395e-02, PNorm = 94.4792, GNorm = 0.5796, lr_0 = 2.2844e-04
Loss = 4.6347e-02, PNorm = 94.4912, GNorm = 0.3718, lr_0 = 2.2699e-04
Loss = 5.0607e-02, PNorm = 94.5038, GNorm = 0.6684, lr_0 = 2.2554e-04
Loss = 4.9840e-02, PNorm = 94.5146, GNorm = 0.5734, lr_0 = 2.2411e-04
Loss = 4.7097e-02, PNorm = 94.5251, GNorm = 1.3976, lr_0 = 2.2269e-04
Validation rmse = 32.510226
Epoch 17
Loss = 4.4270e-02, PNorm = 94.5362, GNorm = 0.4204, lr_0 = 2.2113e-04
Loss = 3.8260e-02, PNorm = 94.5478, GNorm = 0.3987, lr_0 = 2.1972e-04
Loss = 4.3890e-02, PNorm = 94.5588, GNorm = 0.8541, lr_0 = 2.1833e-04
Loss = 4.5338e-02, PNorm = 94.5678, GNorm = 0.6934, lr_0 = 2.1694e-04
Loss = 4.3279e-02, PNorm = 94.5808, GNorm = 0.6158, lr_0 = 2.1556e-04
Loss = 5.1099e-02, PNorm = 94.5921, GNorm = 0.4218, lr_0 = 2.1419e-04
Loss = 4.4887e-02, PNorm = 94.6009, GNorm = 0.5307, lr_0 = 2.1283e-04
Loss = 4.7309e-02, PNorm = 94.6126, GNorm = 0.6659, lr_0 = 2.1147e-04
Loss = 4.5891e-02, PNorm = 94.6244, GNorm = 0.4349, lr_0 = 2.1013e-04
Loss = 4.8998e-02, PNorm = 94.6352, GNorm = 0.8679, lr_0 = 2.0879e-04
Loss = 4.7763e-02, PNorm = 94.6456, GNorm = 1.2259, lr_0 = 2.0746e-04
Loss = 4.9994e-02, PNorm = 94.6592, GNorm = 0.5681, lr_0 = 2.0615e-04
Loss = 4.9851e-02, PNorm = 94.6750, GNorm = 0.3219, lr_0 = 2.0484e-04
Loss = 4.7019e-02, PNorm = 94.6867, GNorm = 0.9750, lr_0 = 2.0353e-04
Validation rmse = 30.771125
Epoch 18
Loss = 4.6627e-02, PNorm = 94.6977, GNorm = 0.9299, lr_0 = 2.0224e-04
Loss = 4.3073e-02, PNorm = 94.7080, GNorm = 1.3201, lr_0 = 2.0095e-04
Loss = 4.5539e-02, PNorm = 94.7156, GNorm = 0.9783, lr_0 = 1.9968e-04
Loss = 5.3963e-02, PNorm = 94.7272, GNorm = 1.5580, lr_0 = 1.9841e-04
Loss = 5.4210e-02, PNorm = 94.7409, GNorm = 1.4588, lr_0 = 1.9714e-04
Loss = 4.4480e-02, PNorm = 94.7535, GNorm = 0.5032, lr_0 = 1.9589e-04
Loss = 4.4913e-02, PNorm = 94.7626, GNorm = 1.3608, lr_0 = 1.9465e-04
Loss = 4.9599e-02, PNorm = 94.7721, GNorm = 0.4518, lr_0 = 1.9341e-04
Loss = 4.0570e-02, PNorm = 94.7825, GNorm = 0.4844, lr_0 = 1.9218e-04
Loss = 3.8299e-02, PNorm = 94.7918, GNorm = 0.5429, lr_0 = 1.9096e-04
Loss = 4.8946e-02, PNorm = 94.8023, GNorm = 1.0274, lr_0 = 1.8974e-04
Loss = 4.6212e-02, PNorm = 94.8136, GNorm = 0.5139, lr_0 = 1.8854e-04
Loss = 4.4304e-02, PNorm = 94.8233, GNorm = 0.3918, lr_0 = 1.8734e-04
Loss = 4.5674e-02, PNorm = 94.8318, GNorm = 1.2554, lr_0 = 1.8615e-04
Loss = 5.2142e-02, PNorm = 94.8409, GNorm = 1.0286, lr_0 = 1.8496e-04
Validation rmse = 31.025167
Epoch 19
Loss = 4.2402e-02, PNorm = 94.8516, GNorm = 0.6314, lr_0 = 1.8367e-04
Loss = 4.3804e-02, PNorm = 94.8637, GNorm = 0.3731, lr_0 = 1.8250e-04
Loss = 4.2270e-02, PNorm = 94.8745, GNorm = 0.5749, lr_0 = 1.8134e-04
Loss = 4.1675e-02, PNorm = 94.8830, GNorm = 0.4897, lr_0 = 1.8019e-04
Loss = 4.2870e-02, PNorm = 94.8925, GNorm = 1.1792, lr_0 = 1.7904e-04
Loss = 3.8727e-02, PNorm = 94.9015, GNorm = 0.3353, lr_0 = 1.7790e-04
Loss = 4.2905e-02, PNorm = 94.9102, GNorm = 0.3584, lr_0 = 1.7677e-04
Loss = 3.8095e-02, PNorm = 94.9161, GNorm = 0.4868, lr_0 = 1.7565e-04
Loss = 4.2556e-02, PNorm = 94.9246, GNorm = 0.3813, lr_0 = 1.7453e-04
Loss = 4.4944e-02, PNorm = 94.9355, GNorm = 0.6573, lr_0 = 1.7342e-04
Loss = 3.7681e-02, PNorm = 94.9467, GNorm = 0.2274, lr_0 = 1.7232e-04
Loss = 5.3346e-02, PNorm = 94.9577, GNorm = 0.6743, lr_0 = 1.7122e-04
Loss = 5.0088e-02, PNorm = 94.9651, GNorm = 0.7740, lr_0 = 1.7014e-04
Loss = 4.2156e-02, PNorm = 94.9729, GNorm = 0.4604, lr_0 = 1.6905e-04
Loss = 4.5050e-02, PNorm = 94.9829, GNorm = 0.4447, lr_0 = 1.6798e-04
Validation rmse = 31.245019
Epoch 20
Loss = 3.8088e-02, PNorm = 94.9908, GNorm = 0.4500, lr_0 = 1.6691e-04
Loss = 4.5382e-02, PNorm = 95.0016, GNorm = 0.4742, lr_0 = 1.6585e-04
Loss = 4.1949e-02, PNorm = 95.0125, GNorm = 1.4106, lr_0 = 1.6480e-04
Loss = 4.1047e-02, PNorm = 95.0185, GNorm = 0.3369, lr_0 = 1.6375e-04
Loss = 4.0406e-02, PNorm = 95.0256, GNorm = 0.9937, lr_0 = 1.6271e-04
Loss = 3.6757e-02, PNorm = 95.0338, GNorm = 0.3757, lr_0 = 1.6167e-04
Loss = 3.9126e-02, PNorm = 95.0409, GNorm = 0.3647, lr_0 = 1.6064e-04
Loss = 3.9080e-02, PNorm = 95.0477, GNorm = 1.0350, lr_0 = 1.5962e-04
Loss = 4.4038e-02, PNorm = 95.0550, GNorm = 0.3146, lr_0 = 1.5861e-04
Loss = 4.4236e-02, PNorm = 95.0637, GNorm = 0.7301, lr_0 = 1.5760e-04
Loss = 3.7817e-02, PNorm = 95.0728, GNorm = 0.3948, lr_0 = 1.5660e-04
Loss = 4.7020e-02, PNorm = 95.0802, GNorm = 1.1574, lr_0 = 1.5560e-04
Loss = 4.3814e-02, PNorm = 95.0856, GNorm = 0.6500, lr_0 = 1.5461e-04
Loss = 3.9129e-02, PNorm = 95.0905, GNorm = 0.4579, lr_0 = 1.5363e-04
Validation rmse = 30.704045
Epoch 21
Loss = 3.8493e-02, PNorm = 95.0979, GNorm = 0.8299, lr_0 = 1.5256e-04
Loss = 4.1175e-02, PNorm = 95.1053, GNorm = 0.4161, lr_0 = 1.5159e-04
Loss = 3.3525e-02, PNorm = 95.1127, GNorm = 0.4773, lr_0 = 1.5062e-04
Loss = 3.5664e-02, PNorm = 95.1180, GNorm = 0.4032, lr_0 = 1.4966e-04
Loss = 4.2289e-02, PNorm = 95.1245, GNorm = 0.3847, lr_0 = 1.4871e-04
Loss = 3.6943e-02, PNorm = 95.1333, GNorm = 0.4095, lr_0 = 1.4777e-04
Loss = 4.6001e-02, PNorm = 95.1408, GNorm = 0.5660, lr_0 = 1.4683e-04
Loss = 3.7657e-02, PNorm = 95.1480, GNorm = 0.4397, lr_0 = 1.4589e-04
Loss = 4.0695e-02, PNorm = 95.1557, GNorm = 0.9416, lr_0 = 1.4497e-04
Loss = 4.6243e-02, PNorm = 95.1632, GNorm = 0.3206, lr_0 = 1.4404e-04
Loss = 3.9728e-02, PNorm = 95.1726, GNorm = 0.4308, lr_0 = 1.4313e-04
Loss = 3.8063e-02, PNorm = 95.1801, GNorm = 1.1384, lr_0 = 1.4222e-04
Loss = 4.1493e-02, PNorm = 95.1902, GNorm = 0.5391, lr_0 = 1.4131e-04
Loss = 4.1249e-02, PNorm = 95.1964, GNorm = 0.5384, lr_0 = 1.4042e-04
Loss = 4.3004e-02, PNorm = 95.2034, GNorm = 0.3922, lr_0 = 1.3952e-04
Validation rmse = 30.235452
Epoch 22
Loss = 3.8273e-02, PNorm = 95.2116, GNorm = 0.6518, lr_0 = 1.3864e-04
Loss = 3.7936e-02, PNorm = 95.2195, GNorm = 0.4414, lr_0 = 1.3776e-04
Loss = 3.9831e-02, PNorm = 95.2279, GNorm = 0.6106, lr_0 = 1.3688e-04
Loss = 3.2335e-02, PNorm = 95.2350, GNorm = 0.3609, lr_0 = 1.3601e-04
Loss = 3.4740e-02, PNorm = 95.2401, GNorm = 0.4017, lr_0 = 1.3514e-04
Loss = 3.9485e-02, PNorm = 95.2484, GNorm = 0.9869, lr_0 = 1.3428e-04
Loss = 3.5380e-02, PNorm = 95.2538, GNorm = 0.3359, lr_0 = 1.3343e-04
Loss = 4.2602e-02, PNorm = 95.2606, GNorm = 0.6124, lr_0 = 1.3258e-04
Loss = 3.7198e-02, PNorm = 95.2676, GNorm = 0.6276, lr_0 = 1.3174e-04
Loss = 3.8237e-02, PNorm = 95.2732, GNorm = 0.4653, lr_0 = 1.3090e-04
Loss = 4.1483e-02, PNorm = 95.2801, GNorm = 0.9974, lr_0 = 1.3007e-04
Loss = 4.0361e-02, PNorm = 95.2872, GNorm = 0.4780, lr_0 = 1.2924e-04
Loss = 3.9941e-02, PNorm = 95.2920, GNorm = 0.7461, lr_0 = 1.2842e-04
Loss = 4.2357e-02, PNorm = 95.2991, GNorm = 0.5416, lr_0 = 1.2760e-04
Validation rmse = 29.909889
Epoch 23
Loss = 3.4428e-02, PNorm = 95.3045, GNorm = 0.3321, lr_0 = 1.2671e-04
Loss = 4.3078e-02, PNorm = 95.3107, GNorm = 0.2970, lr_0 = 1.2591e-04
Loss = 3.8211e-02, PNorm = 95.3176, GNorm = 1.4818, lr_0 = 1.2511e-04
Loss = 3.6120e-02, PNorm = 95.3257, GNorm = 0.5680, lr_0 = 1.2431e-04
Loss = 3.5120e-02, PNorm = 95.3327, GNorm = 0.3467, lr_0 = 1.2352e-04
Loss = 4.6963e-02, PNorm = 95.3401, GNorm = 0.3532, lr_0 = 1.2274e-04
Loss = 3.7574e-02, PNorm = 95.3484, GNorm = 0.3273, lr_0 = 1.2196e-04
Loss = 3.6407e-02, PNorm = 95.3562, GNorm = 0.6172, lr_0 = 1.2118e-04
Loss = 3.5253e-02, PNorm = 95.3612, GNorm = 1.0047, lr_0 = 1.2041e-04
Loss = 4.1143e-02, PNorm = 95.3676, GNorm = 0.5470, lr_0 = 1.1964e-04
Loss = 3.4549e-02, PNorm = 95.3720, GNorm = 0.5998, lr_0 = 1.1888e-04
Loss = 3.7041e-02, PNorm = 95.3785, GNorm = 0.4103, lr_0 = 1.1813e-04
Loss = 4.0201e-02, PNorm = 95.3838, GNorm = 0.4678, lr_0 = 1.1738e-04
Loss = 3.7607e-02, PNorm = 95.3899, GNorm = 0.2972, lr_0 = 1.1663e-04
Loss = 3.6298e-02, PNorm = 95.3944, GNorm = 0.6784, lr_0 = 1.1589e-04
Validation rmse = 30.500774
Epoch 24
Loss = 3.5243e-02, PNorm = 95.4004, GNorm = 0.3395, lr_0 = 1.1515e-04
Loss = 3.4301e-02, PNorm = 95.4106, GNorm = 0.5115, lr_0 = 1.1442e-04
Loss = 3.7666e-02, PNorm = 95.4177, GNorm = 0.5833, lr_0 = 1.1369e-04
Loss = 3.5452e-02, PNorm = 95.4226, GNorm = 0.5294, lr_0 = 1.1297e-04
Loss = 3.2520e-02, PNorm = 95.4256, GNorm = 0.4484, lr_0 = 1.1225e-04
Loss = 3.5198e-02, PNorm = 95.4310, GNorm = 0.5508, lr_0 = 1.1154e-04
Loss = 3.9940e-02, PNorm = 95.4376, GNorm = 0.6617, lr_0 = 1.1083e-04
Loss = 3.1029e-02, PNorm = 95.4436, GNorm = 0.2637, lr_0 = 1.1012e-04
Loss = 3.4182e-02, PNorm = 95.4491, GNorm = 0.3404, lr_0 = 1.0942e-04
Loss = 3.4823e-02, PNorm = 95.4533, GNorm = 0.4832, lr_0 = 1.0873e-04
Loss = 3.2345e-02, PNorm = 95.4588, GNorm = 0.6597, lr_0 = 1.0804e-04
Loss = 3.4029e-02, PNorm = 95.4646, GNorm = 0.3621, lr_0 = 1.0735e-04
Loss = 3.9948e-02, PNorm = 95.4698, GNorm = 0.5757, lr_0 = 1.0667e-04
Loss = 3.8427e-02, PNorm = 95.4763, GNorm = 0.5106, lr_0 = 1.0599e-04
Validation rmse = 29.357952
Epoch 25
Loss = 3.6100e-02, PNorm = 95.4816, GNorm = 0.7969, lr_0 = 1.0525e-04
Loss = 3.3852e-02, PNorm = 95.4874, GNorm = 0.5291, lr_0 = 1.0458e-04
Loss = 3.3496e-02, PNorm = 95.4931, GNorm = 0.6368, lr_0 = 1.0391e-04
Loss = 3.6407e-02, PNorm = 95.4968, GNorm = 0.3547, lr_0 = 1.0325e-04
Loss = 3.9841e-02, PNorm = 95.5025, GNorm = 0.8336, lr_0 = 1.0260e-04
Loss = 3.6927e-02, PNorm = 95.5084, GNorm = 0.2890, lr_0 = 1.0194e-04
Loss = 3.2414e-02, PNorm = 95.5149, GNorm = 0.3631, lr_0 = 1.0130e-04
Loss = 3.5021e-02, PNorm = 95.5211, GNorm = 0.3265, lr_0 = 1.0065e-04
Loss = 3.2607e-02, PNorm = 95.5246, GNorm = 0.3229, lr_0 = 1.0001e-04
Loss = 3.2244e-02, PNorm = 95.5279, GNorm = 0.5353, lr_0 = 9.9376e-05
Loss = 3.1540e-02, PNorm = 95.5341, GNorm = 0.3556, lr_0 = 9.8744e-05
Loss = 3.7863e-02, PNorm = 95.5381, GNorm = 0.4786, lr_0 = 9.8116e-05
Loss = 3.9722e-02, PNorm = 95.5433, GNorm = 0.3625, lr_0 = 9.7493e-05
Loss = 3.7283e-02, PNorm = 95.5487, GNorm = 0.3785, lr_0 = 9.6873e-05
Loss = 3.4847e-02, PNorm = 95.5539, GNorm = 0.3193, lr_0 = 9.6257e-05
Validation rmse = 29.727010
Epoch 26
Loss = 3.7708e-02, PNorm = 95.5599, GNorm = 0.8170, lr_0 = 9.5645e-05
Loss = 3.7643e-02, PNorm = 95.5651, GNorm = 0.2621, lr_0 = 9.5037e-05
Loss = 3.0047e-02, PNorm = 95.5686, GNorm = 0.7577, lr_0 = 9.4432e-05
Loss = 3.6596e-02, PNorm = 95.5727, GNorm = 0.5938, lr_0 = 9.3832e-05
Loss = 3.4883e-02, PNorm = 95.5771, GNorm = 0.9440, lr_0 = 9.3235e-05
Loss = 3.5356e-02, PNorm = 95.5820, GNorm = 1.1253, lr_0 = 9.2643e-05
Loss = 3.4154e-02, PNorm = 95.5850, GNorm = 0.3232, lr_0 = 9.2054e-05
Loss = 3.6821e-02, PNorm = 95.5907, GNorm = 0.3465, lr_0 = 9.1468e-05
Loss = 3.6972e-02, PNorm = 95.5956, GNorm = 0.3915, lr_0 = 9.0887e-05
Loss = 3.3723e-02, PNorm = 95.5988, GNorm = 0.8604, lr_0 = 9.0309e-05
Loss = 3.2780e-02, PNorm = 95.6012, GNorm = 0.9204, lr_0 = 8.9735e-05
Loss = 3.0763e-02, PNorm = 95.6046, GNorm = 0.3108, lr_0 = 8.9164e-05
Loss = 3.5821e-02, PNorm = 95.6085, GNorm = 0.4070, lr_0 = 8.8597e-05
Loss = 3.5136e-02, PNorm = 95.6123, GNorm = 0.4945, lr_0 = 8.8034e-05
Validation rmse = 29.334905
Epoch 27
Loss = 3.9947e-02, PNorm = 95.6173, GNorm = 0.6608, lr_0 = 8.7419e-05
Loss = 2.8527e-02, PNorm = 95.6223, GNorm = 0.4156, lr_0 = 8.6863e-05
Loss = 3.4239e-02, PNorm = 95.6263, GNorm = 0.6220, lr_0 = 8.6310e-05
Loss = 3.2847e-02, PNorm = 95.6314, GNorm = 0.6822, lr_0 = 8.5762e-05
Loss = 3.7785e-02, PNorm = 95.6381, GNorm = 0.3705, lr_0 = 8.5216e-05
Loss = 3.3751e-02, PNorm = 95.6457, GNorm = 0.3595, lr_0 = 8.4675e-05
Loss = 3.6474e-02, PNorm = 95.6495, GNorm = 0.5062, lr_0 = 8.4136e-05
Loss = 3.6111e-02, PNorm = 95.6538, GNorm = 0.8485, lr_0 = 8.3601e-05
Loss = 3.3264e-02, PNorm = 95.6569, GNorm = 0.3508, lr_0 = 8.3070e-05
Loss = 3.0203e-02, PNorm = 95.6598, GNorm = 0.4457, lr_0 = 8.2542e-05
Loss = 3.8245e-02, PNorm = 95.6636, GNorm = 0.4299, lr_0 = 8.2017e-05
Loss = 3.7369e-02, PNorm = 95.6673, GNorm = 0.3802, lr_0 = 8.1495e-05
Loss = 2.6837e-02, PNorm = 95.6710, GNorm = 0.4359, lr_0 = 8.0977e-05
Loss = 3.2276e-02, PNorm = 95.6745, GNorm = 0.6261, lr_0 = 8.0462e-05
Loss = 3.6655e-02, PNorm = 95.6795, GNorm = 0.8917, lr_0 = 7.9951e-05
Validation rmse = 29.305900
Epoch 28
Loss = 3.0287e-02, PNorm = 95.6829, GNorm = 0.4382, lr_0 = 7.9442e-05
Loss = 3.3142e-02, PNorm = 95.6872, GNorm = 0.5704, lr_0 = 7.8937e-05
Loss = 3.5776e-02, PNorm = 95.6925, GNorm = 1.0862, lr_0 = 7.8436e-05
Loss = 3.4264e-02, PNorm = 95.6969, GNorm = 1.1379, lr_0 = 7.7937e-05
Loss = 2.9602e-02, PNorm = 95.7014, GNorm = 0.3105, lr_0 = 7.7441e-05
Loss = 3.5058e-02, PNorm = 95.7057, GNorm = 0.2541, lr_0 = 7.6949e-05
Loss = 2.9062e-02, PNorm = 95.7091, GNorm = 0.5222, lr_0 = 7.6460e-05
Loss = 3.3354e-02, PNorm = 95.7131, GNorm = 0.4068, lr_0 = 7.5974e-05
Loss = 3.3052e-02, PNorm = 95.7172, GNorm = 0.2596, lr_0 = 7.5491e-05
Loss = 3.0096e-02, PNorm = 95.7197, GNorm = 0.3376, lr_0 = 7.5011e-05
Loss = 3.5209e-02, PNorm = 95.7220, GNorm = 0.3522, lr_0 = 7.4534e-05
Loss = 3.6541e-02, PNorm = 95.7264, GNorm = 0.2576, lr_0 = 7.4060e-05
Loss = 3.1378e-02, PNorm = 95.7300, GNorm = 0.3925, lr_0 = 7.3589e-05
Loss = 3.3368e-02, PNorm = 95.7336, GNorm = 0.2817, lr_0 = 7.3121e-05
Validation rmse = 29.129598
Epoch 29
Loss = 3.1069e-02, PNorm = 95.7376, GNorm = 0.4967, lr_0 = 7.2610e-05
Loss = 2.9131e-02, PNorm = 95.7394, GNorm = 0.4779, lr_0 = 7.2148e-05
Loss = 3.5039e-02, PNorm = 95.7431, GNorm = 0.9522, lr_0 = 7.1689e-05
Loss = 3.1225e-02, PNorm = 95.7466, GNorm = 0.6676, lr_0 = 7.1234e-05
Loss = 3.1181e-02, PNorm = 95.7502, GNorm = 0.4244, lr_0 = 7.0781e-05
Loss = 3.3740e-02, PNorm = 95.7546, GNorm = 0.4594, lr_0 = 7.0331e-05
Loss = 3.2854e-02, PNorm = 95.7579, GNorm = 0.2828, lr_0 = 6.9884e-05
Loss = 2.6847e-02, PNorm = 95.7610, GNorm = 0.7116, lr_0 = 6.9439e-05
Loss = 3.5806e-02, PNorm = 95.7654, GNorm = 0.3891, lr_0 = 6.8998e-05
Loss = 3.4049e-02, PNorm = 95.7695, GNorm = 0.6382, lr_0 = 6.8559e-05
Loss = 2.9826e-02, PNorm = 95.7708, GNorm = 0.9785, lr_0 = 6.8123e-05
Loss = 3.2424e-02, PNorm = 95.7738, GNorm = 0.4234, lr_0 = 6.7690e-05
Loss = 3.3873e-02, PNorm = 95.7769, GNorm = 0.4352, lr_0 = 6.7260e-05
Loss = 3.1966e-02, PNorm = 95.7794, GNorm = 0.4002, lr_0 = 6.6832e-05
Loss = 3.2060e-02, PNorm = 95.7824, GNorm = 1.0676, lr_0 = 6.6407e-05
Validation rmse = 29.475808
Epoch 30
Loss = 3.4797e-02, PNorm = 95.7851, GNorm = 0.5520, lr_0 = 6.5985e-05
Loss = 2.8626e-02, PNorm = 95.7880, GNorm = 0.3967, lr_0 = 6.5565e-05
Loss = 3.2911e-02, PNorm = 95.7922, GNorm = 0.4091, lr_0 = 6.5148e-05
Loss = 3.0567e-02, PNorm = 95.7956, GNorm = 0.5418, lr_0 = 6.4734e-05
Loss = 3.1706e-02, PNorm = 95.7988, GNorm = 0.6726, lr_0 = 6.4323e-05
Loss = 3.7912e-02, PNorm = 95.8027, GNorm = 0.5267, lr_0 = 6.3914e-05
Loss = 3.4376e-02, PNorm = 95.8054, GNorm = 0.3190, lr_0 = 6.3507e-05
Loss = 3.0887e-02, PNorm = 95.8086, GNorm = 0.2839, lr_0 = 6.3104e-05
Loss = 3.2966e-02, PNorm = 95.8126, GNorm = 0.3932, lr_0 = 6.2702e-05
Loss = 2.8150e-02, PNorm = 95.8162, GNorm = 0.5841, lr_0 = 6.2304e-05
Loss = 3.2541e-02, PNorm = 95.8196, GNorm = 0.3633, lr_0 = 6.1908e-05
Loss = 2.9648e-02, PNorm = 95.8238, GNorm = 0.4735, lr_0 = 6.1514e-05
Loss = 2.6653e-02, PNorm = 95.8273, GNorm = 0.4198, lr_0 = 6.1123e-05
Loss = 3.1313e-02, PNorm = 95.8304, GNorm = 0.5484, lr_0 = 6.0734e-05
Loss = 2.9634e-02, PNorm = 95.8322, GNorm = 0.4188, lr_0 = 6.0348e-05
Validation rmse = 28.994682
Epoch 31
Loss = 2.7625e-02, PNorm = 95.8325, GNorm = 0.3626, lr_0 = 5.9964e-05
Loss = 3.1723e-02, PNorm = 95.8345, GNorm = 0.4104, lr_0 = 5.9583e-05
Loss = 2.8608e-02, PNorm = 95.8372, GNorm = 0.6483, lr_0 = 5.9204e-05
Loss = 3.0901e-02, PNorm = 95.8408, GNorm = 0.7785, lr_0 = 5.8828e-05
Loss = 3.0853e-02, PNorm = 95.8436, GNorm = 0.5040, lr_0 = 5.8454e-05
Loss = 3.2509e-02, PNorm = 95.8464, GNorm = 1.2420, lr_0 = 5.8082e-05
Loss = 3.6494e-02, PNorm = 95.8502, GNorm = 0.5103, lr_0 = 5.7713e-05
Loss = 2.6218e-02, PNorm = 95.8526, GNorm = 0.2842, lr_0 = 5.7346e-05
Loss = 2.9350e-02, PNorm = 95.8561, GNorm = 0.3652, lr_0 = 5.6981e-05
Loss = 3.2323e-02, PNorm = 95.8584, GNorm = 0.3761, lr_0 = 5.6619e-05
Loss = 3.1047e-02, PNorm = 95.8601, GNorm = 0.4949, lr_0 = 5.6259e-05
Loss = 2.8202e-02, PNorm = 95.8610, GNorm = 0.3914, lr_0 = 5.5901e-05
Loss = 2.9851e-02, PNorm = 95.8646, GNorm = 0.3413, lr_0 = 5.5546e-05
Loss = 3.2363e-02, PNorm = 95.8681, GNorm = 0.5589, lr_0 = 5.5193e-05
Validation rmse = 28.842775
Epoch 32
Loss = 2.8655e-02, PNorm = 95.8705, GNorm = 0.2233, lr_0 = 5.4807e-05
Loss = 2.6907e-02, PNorm = 95.8723, GNorm = 0.4033, lr_0 = 5.4459e-05
Loss = 2.8167e-02, PNorm = 95.8764, GNorm = 0.4867, lr_0 = 5.4112e-05
Loss = 3.1040e-02, PNorm = 95.8797, GNorm = 0.6416, lr_0 = 5.3768e-05
Loss = 3.0428e-02, PNorm = 95.8818, GNorm = 0.3946, lr_0 = 5.3426e-05
Loss = 2.7950e-02, PNorm = 95.8846, GNorm = 0.2636, lr_0 = 5.3087e-05
Loss = 2.6569e-02, PNorm = 95.8879, GNorm = 0.6025, lr_0 = 5.2749e-05
Loss = 3.3003e-02, PNorm = 95.8921, GNorm = 0.5009, lr_0 = 5.2414e-05
Loss = 2.8560e-02, PNorm = 95.8934, GNorm = 0.5530, lr_0 = 5.2081e-05
Loss = 2.8372e-02, PNorm = 95.8949, GNorm = 0.3193, lr_0 = 5.1749e-05
Loss = 2.9591e-02, PNorm = 95.8972, GNorm = 0.4378, lr_0 = 5.1420e-05
Loss = 3.2481e-02, PNorm = 95.9000, GNorm = 0.4529, lr_0 = 5.1093e-05
Loss = 3.0859e-02, PNorm = 95.9027, GNorm = 0.4203, lr_0 = 5.0769e-05
Loss = 3.1383e-02, PNorm = 95.9048, GNorm = 0.7264, lr_0 = 5.0446e-05
Loss = 3.5142e-02, PNorm = 95.9066, GNorm = 0.6595, lr_0 = 5.0125e-05
Validation rmse = 29.400764
Epoch 33
Loss = 2.7678e-02, PNorm = 95.9083, GNorm = 0.6859, lr_0 = 4.9806e-05
Loss = 2.5557e-02, PNorm = 95.9104, GNorm = 0.5184, lr_0 = 4.9490e-05
Loss = 3.0534e-02, PNorm = 95.9121, GNorm = 0.3043, lr_0 = 4.9175e-05
Loss = 2.9934e-02, PNorm = 95.9142, GNorm = 0.6095, lr_0 = 4.8862e-05
Loss = 3.0375e-02, PNorm = 95.9167, GNorm = 0.4733, lr_0 = 4.8552e-05
Loss = 2.8480e-02, PNorm = 95.9194, GNorm = 0.5542, lr_0 = 4.8243e-05
Loss = 3.2718e-02, PNorm = 95.9225, GNorm = 0.2798, lr_0 = 4.7936e-05
Loss = 2.8935e-02, PNorm = 95.9250, GNorm = 0.2866, lr_0 = 4.7632e-05
Loss = 2.8792e-02, PNorm = 95.9270, GNorm = 0.5615, lr_0 = 4.7329e-05
Loss = 3.1713e-02, PNorm = 95.9310, GNorm = 0.4134, lr_0 = 4.7028e-05
Loss = 2.9143e-02, PNorm = 95.9339, GNorm = 0.3355, lr_0 = 4.6729e-05
Loss = 3.0076e-02, PNorm = 95.9362, GNorm = 0.3837, lr_0 = 4.6432e-05
Loss = 3.0225e-02, PNorm = 95.9383, GNorm = 0.5444, lr_0 = 4.6137e-05
Loss = 3.4485e-02, PNorm = 95.9411, GNorm = 0.4772, lr_0 = 4.5843e-05
Validation rmse = 28.780236
Epoch 34
Loss = 3.0770e-02, PNorm = 95.9441, GNorm = 0.3926, lr_0 = 4.5523e-05
Loss = 3.3425e-02, PNorm = 95.9463, GNorm = 0.8415, lr_0 = 4.5233e-05
Loss = 3.0169e-02, PNorm = 95.9475, GNorm = 0.4597, lr_0 = 4.4946e-05
Loss = 2.8809e-02, PNorm = 95.9491, GNorm = 0.4852, lr_0 = 4.4660e-05
Loss = 2.9795e-02, PNorm = 95.9518, GNorm = 0.9311, lr_0 = 4.4376e-05
Loss = 3.1994e-02, PNorm = 95.9554, GNorm = 0.8889, lr_0 = 4.4094e-05
Loss = 3.0113e-02, PNorm = 95.9581, GNorm = 0.4980, lr_0 = 4.3813e-05
Loss = 2.5978e-02, PNorm = 95.9598, GNorm = 0.3161, lr_0 = 4.3535e-05
Loss = 3.2164e-02, PNorm = 95.9622, GNorm = 0.4721, lr_0 = 4.3258e-05
Loss = 2.7325e-02, PNorm = 95.9655, GNorm = 0.5246, lr_0 = 4.2983e-05
Loss = 2.9908e-02, PNorm = 95.9675, GNorm = 0.3246, lr_0 = 4.2710e-05
Loss = 3.1635e-02, PNorm = 95.9693, GNorm = 0.3865, lr_0 = 4.2438e-05
Loss = 2.5703e-02, PNorm = 95.9708, GNorm = 0.6665, lr_0 = 4.2168e-05
Loss = 3.2413e-02, PNorm = 95.9727, GNorm = 0.4998, lr_0 = 4.1900e-05
Loss = 2.9217e-02, PNorm = 95.9755, GNorm = 0.7729, lr_0 = 4.1634e-05
Validation rmse = 28.847211
Epoch 35
Loss = 2.8470e-02, PNorm = 95.9784, GNorm = 0.5500, lr_0 = 4.1369e-05
Loss = 2.7717e-02, PNorm = 95.9807, GNorm = 0.4001, lr_0 = 4.1106e-05
Loss = 3.0677e-02, PNorm = 95.9823, GNorm = 0.4923, lr_0 = 4.0845e-05
Loss = 3.1829e-02, PNorm = 95.9837, GNorm = 0.4558, lr_0 = 4.0585e-05
Loss = 2.9147e-02, PNorm = 95.9860, GNorm = 0.3214, lr_0 = 4.0327e-05
Loss = 2.9009e-02, PNorm = 95.9889, GNorm = 0.2728, lr_0 = 4.0071e-05
Loss = 3.2621e-02, PNorm = 95.9903, GNorm = 0.7114, lr_0 = 3.9816e-05
Loss = 2.7040e-02, PNorm = 95.9921, GNorm = 0.3047, lr_0 = 3.9563e-05
Loss = 3.0623e-02, PNorm = 95.9938, GNorm = 0.6933, lr_0 = 3.9311e-05
Loss = 2.8463e-02, PNorm = 95.9956, GNorm = 0.3471, lr_0 = 3.9061e-05
Loss = 3.1222e-02, PNorm = 95.9977, GNorm = 0.3702, lr_0 = 3.8813e-05
Loss = 2.9135e-02, PNorm = 96.0002, GNorm = 0.3572, lr_0 = 3.8566e-05
Loss = 2.9898e-02, PNorm = 96.0024, GNorm = 0.5805, lr_0 = 3.8321e-05
Loss = 2.2579e-02, PNorm = 96.0028, GNorm = 0.2734, lr_0 = 3.8077e-05
Validation rmse = 28.404657
Epoch 36
Loss = 3.5565e-02, PNorm = 96.0042, GNorm = 0.8453, lr_0 = 3.7811e-05
Loss = 2.8015e-02, PNorm = 96.0071, GNorm = 0.2766, lr_0 = 3.7571e-05
Loss = 3.2312e-02, PNorm = 96.0102, GNorm = 0.7212, lr_0 = 3.7332e-05
Loss = 2.7844e-02, PNorm = 96.0112, GNorm = 0.4186, lr_0 = 3.7094e-05
Loss = 2.9502e-02, PNorm = 96.0125, GNorm = 0.2806, lr_0 = 3.6859e-05
Loss = 2.7171e-02, PNorm = 96.0133, GNorm = 0.3476, lr_0 = 3.6624e-05
Loss = 2.8159e-02, PNorm = 96.0145, GNorm = 0.5237, lr_0 = 3.6391e-05
Loss = 2.7237e-02, PNorm = 96.0157, GNorm = 0.5803, lr_0 = 3.6160e-05
Loss = 2.6686e-02, PNorm = 96.0170, GNorm = 0.3452, lr_0 = 3.5930e-05
Loss = 2.7123e-02, PNorm = 96.0186, GNorm = 0.4236, lr_0 = 3.5702e-05
Loss = 2.8293e-02, PNorm = 96.0201, GNorm = 0.3326, lr_0 = 3.5475e-05
Loss = 2.7876e-02, PNorm = 96.0210, GNorm = 0.5395, lr_0 = 3.5249e-05
Loss = 2.8173e-02, PNorm = 96.0224, GNorm = 0.3276, lr_0 = 3.5025e-05
Loss = 2.9155e-02, PNorm = 96.0246, GNorm = 0.3628, lr_0 = 3.4802e-05
Loss = 2.4815e-02, PNorm = 96.0269, GNorm = 0.3663, lr_0 = 3.4581e-05
Validation rmse = 28.637300
Epoch 37
Loss = 2.4046e-02, PNorm = 96.0292, GNorm = 0.2653, lr_0 = 3.4361e-05
Loss = 3.0663e-02, PNorm = 96.0318, GNorm = 0.3805, lr_0 = 3.4143e-05
Loss = 2.7118e-02, PNorm = 96.0327, GNorm = 0.6603, lr_0 = 3.3926e-05
Loss = 2.8839e-02, PNorm = 96.0351, GNorm = 0.4196, lr_0 = 3.3710e-05
Loss = 2.7494e-02, PNorm = 96.0371, GNorm = 0.5473, lr_0 = 3.3496e-05
Loss = 2.9351e-02, PNorm = 96.0383, GNorm = 0.2870, lr_0 = 3.3283e-05
Loss = 2.8249e-02, PNorm = 96.0404, GNorm = 0.5431, lr_0 = 3.3071e-05
Loss = 2.8003e-02, PNorm = 96.0424, GNorm = 0.2642, lr_0 = 3.2861e-05
Loss = 2.6766e-02, PNorm = 96.0437, GNorm = 0.3196, lr_0 = 3.2652e-05
Loss = 2.6768e-02, PNorm = 96.0447, GNorm = 0.7080, lr_0 = 3.2444e-05
Loss = 2.7577e-02, PNorm = 96.0464, GNorm = 0.4256, lr_0 = 3.2238e-05
Loss = 2.7119e-02, PNorm = 96.0477, GNorm = 0.4891, lr_0 = 3.2033e-05
Loss = 2.5953e-02, PNorm = 96.0483, GNorm = 0.2361, lr_0 = 3.1829e-05
Loss = 2.8924e-02, PNorm = 96.0494, GNorm = 0.5549, lr_0 = 3.1627e-05
Validation rmse = 28.567658
Epoch 38
Loss = 1.8855e-02, PNorm = 96.0515, GNorm = 0.2398, lr_0 = 3.1406e-05
Loss = 2.6000e-02, PNorm = 96.0533, GNorm = 0.2490, lr_0 = 3.1206e-05
Loss = 2.6441e-02, PNorm = 96.0555, GNorm = 0.3533, lr_0 = 3.1008e-05
Loss = 2.8826e-02, PNorm = 96.0564, GNorm = 0.5178, lr_0 = 3.0811e-05
Loss = 2.8115e-02, PNorm = 96.0580, GNorm = 0.3599, lr_0 = 3.0615e-05
Loss = 2.9742e-02, PNorm = 96.0589, GNorm = 0.7183, lr_0 = 3.0420e-05
Loss = 2.8680e-02, PNorm = 96.0611, GNorm = 0.4192, lr_0 = 3.0227e-05
Loss = 2.6238e-02, PNorm = 96.0622, GNorm = 0.3887, lr_0 = 3.0035e-05
Loss = 2.8408e-02, PNorm = 96.0629, GNorm = 0.3145, lr_0 = 2.9844e-05
Loss = 3.2669e-02, PNorm = 96.0644, GNorm = 0.3490, lr_0 = 2.9654e-05
Loss = 2.7254e-02, PNorm = 96.0656, GNorm = 0.3716, lr_0 = 2.9465e-05
Loss = 2.9262e-02, PNorm = 96.0669, GNorm = 0.2740, lr_0 = 2.9278e-05
Loss = 2.5654e-02, PNorm = 96.0685, GNorm = 0.4629, lr_0 = 2.9092e-05
Loss = 3.1058e-02, PNorm = 96.0697, GNorm = 0.3158, lr_0 = 2.8907e-05
Loss = 2.4443e-02, PNorm = 96.0697, GNorm = 0.3489, lr_0 = 2.8723e-05
Validation rmse = 28.483468
Epoch 39
Loss = 2.9614e-02, PNorm = 96.0707, GNorm = 0.3929, lr_0 = 2.8540e-05
Loss = 2.8067e-02, PNorm = 96.0726, GNorm = 0.2707, lr_0 = 2.8359e-05
Loss = 2.4258e-02, PNorm = 96.0736, GNorm = 0.4578, lr_0 = 2.8179e-05
Loss = 2.5739e-02, PNorm = 96.0748, GNorm = 0.2651, lr_0 = 2.8000e-05
Loss = 3.0383e-02, PNorm = 96.0764, GNorm = 0.7979, lr_0 = 2.7821e-05
Loss = 3.0699e-02, PNorm = 96.0775, GNorm = 0.4140, lr_0 = 2.7645e-05
Loss = 2.7396e-02, PNorm = 96.0793, GNorm = 0.5155, lr_0 = 2.7469e-05
Loss = 3.0273e-02, PNorm = 96.0814, GNorm = 0.5129, lr_0 = 2.7294e-05
Loss = 3.1000e-02, PNorm = 96.0825, GNorm = 0.4714, lr_0 = 2.7121e-05
Loss = 2.6198e-02, PNorm = 96.0838, GNorm = 0.4207, lr_0 = 2.6948e-05
Loss = 2.9824e-02, PNorm = 96.0850, GNorm = 0.3482, lr_0 = 2.6777e-05
Loss = 2.7416e-02, PNorm = 96.0859, GNorm = 0.4743, lr_0 = 2.6607e-05
Loss = 2.7194e-02, PNorm = 96.0877, GNorm = 0.3121, lr_0 = 2.6437e-05
Loss = 2.7307e-02, PNorm = 96.0893, GNorm = 0.4186, lr_0 = 2.6269e-05
Loss = 2.4814e-02, PNorm = 96.0902, GNorm = 0.3622, lr_0 = 2.6102e-05
Loss = 1.6268e-02, PNorm = 96.0902, GNorm = 0.3191, lr_0 = 2.6086e-05
Validation rmse = 28.767772
Epoch 40
Loss = 2.7784e-02, PNorm = 96.0910, GNorm = 0.7533, lr_0 = 2.5920e-05
Loss = 2.5308e-02, PNorm = 96.0921, GNorm = 0.5273, lr_0 = 2.5755e-05
Loss = 2.2796e-02, PNorm = 96.0933, GNorm = 0.2521, lr_0 = 2.5591e-05
Loss = 2.5373e-02, PNorm = 96.0947, GNorm = 0.4663, lr_0 = 2.5429e-05
Loss = 2.8003e-02, PNorm = 96.0955, GNorm = 0.3557, lr_0 = 2.5267e-05
Loss = 2.4475e-02, PNorm = 96.0971, GNorm = 0.4680, lr_0 = 2.5106e-05
Loss = 2.8864e-02, PNorm = 96.0981, GNorm = 0.2373, lr_0 = 2.4947e-05
Loss = 2.9546e-02, PNorm = 96.0997, GNorm = 0.3318, lr_0 = 2.4788e-05
Loss = 2.6228e-02, PNorm = 96.1004, GNorm = 0.5874, lr_0 = 2.4630e-05
Loss = 2.9622e-02, PNorm = 96.1018, GNorm = 0.6191, lr_0 = 2.4474e-05
Loss = 2.7924e-02, PNorm = 96.1039, GNorm = 0.5851, lr_0 = 2.4318e-05
Loss = 2.9707e-02, PNorm = 96.1052, GNorm = 0.3563, lr_0 = 2.4164e-05
Loss = 2.8819e-02, PNorm = 96.1056, GNorm = 0.2750, lr_0 = 2.4010e-05
Loss = 2.7169e-02, PNorm = 96.1070, GNorm = 0.3673, lr_0 = 2.3857e-05
Validation rmse = 28.790518
Epoch 41
Loss = 2.5230e-02, PNorm = 96.1075, GNorm = 0.5909, lr_0 = 2.3706e-05
Loss = 2.5222e-02, PNorm = 96.1086, GNorm = 0.3104, lr_0 = 2.3555e-05
Loss = 2.6776e-02, PNorm = 96.1101, GNorm = 0.2735, lr_0 = 2.3405e-05
Loss = 3.0216e-02, PNorm = 96.1112, GNorm = 0.3738, lr_0 = 2.3256e-05
Loss = 2.7577e-02, PNorm = 96.1129, GNorm = 0.3582, lr_0 = 2.3109e-05
Loss = 2.5204e-02, PNorm = 96.1138, GNorm = 0.3296, lr_0 = 2.2962e-05
Loss = 2.6387e-02, PNorm = 96.1149, GNorm = 0.3673, lr_0 = 2.2816e-05
Loss = 2.6909e-02, PNorm = 96.1158, GNorm = 0.4221, lr_0 = 2.2671e-05
Loss = 2.4613e-02, PNorm = 96.1170, GNorm = 0.5139, lr_0 = 2.2526e-05
Loss = 3.0532e-02, PNorm = 96.1177, GNorm = 0.4001, lr_0 = 2.2383e-05
Loss = 2.8013e-02, PNorm = 96.1185, GNorm = 0.5221, lr_0 = 2.2241e-05
Loss = 2.3498e-02, PNorm = 96.1186, GNorm = 0.4372, lr_0 = 2.2099e-05
Loss = 3.0585e-02, PNorm = 96.1192, GNorm = 0.4137, lr_0 = 2.1959e-05
Loss = 2.8074e-02, PNorm = 96.1207, GNorm = 0.3331, lr_0 = 2.1819e-05
Loss = 2.5448e-02, PNorm = 96.1219, GNorm = 0.6406, lr_0 = 2.1681e-05
Validation rmse = 28.984753
Epoch 42
Loss = 2.7571e-02, PNorm = 96.1233, GNorm = 0.3178, lr_0 = 2.1529e-05
Loss = 2.4031e-02, PNorm = 96.1242, GNorm = 0.2700, lr_0 = 2.1392e-05
Loss = 2.4474e-02, PNorm = 96.1248, GNorm = 0.2826, lr_0 = 2.1256e-05
Loss = 2.8319e-02, PNorm = 96.1251, GNorm = 0.2880, lr_0 = 2.1121e-05
Loss = 2.9162e-02, PNorm = 96.1261, GNorm = 0.2501, lr_0 = 2.0987e-05
Loss = 2.9481e-02, PNorm = 96.1277, GNorm = 0.6695, lr_0 = 2.0853e-05
Loss = 2.8680e-02, PNorm = 96.1288, GNorm = 0.6218, lr_0 = 2.0721e-05
Loss = 2.5468e-02, PNorm = 96.1296, GNorm = 0.2505, lr_0 = 2.0589e-05
Loss = 2.7261e-02, PNorm = 96.1307, GNorm = 0.3682, lr_0 = 2.0458e-05
Loss = 2.7880e-02, PNorm = 96.1321, GNorm = 0.5773, lr_0 = 2.0328e-05
Loss = 2.3281e-02, PNorm = 96.1340, GNorm = 0.2477, lr_0 = 2.0199e-05
Loss = 3.0357e-02, PNorm = 96.1356, GNorm = 0.3340, lr_0 = 2.0070e-05
Loss = 2.6865e-02, PNorm = 96.1362, GNorm = 0.4772, lr_0 = 1.9943e-05
Loss = 2.5212e-02, PNorm = 96.1371, GNorm = 0.3845, lr_0 = 1.9816e-05
Validation rmse = 28.610091
Epoch 43
Loss = 2.6119e-02, PNorm = 96.1380, GNorm = 0.4329, lr_0 = 1.9690e-05
Loss = 2.8082e-02, PNorm = 96.1391, GNorm = 0.2677, lr_0 = 1.9565e-05
Loss = 2.7042e-02, PNorm = 96.1402, GNorm = 0.2634, lr_0 = 1.9440e-05
Loss = 2.7840e-02, PNorm = 96.1412, GNorm = 0.4354, lr_0 = 1.9317e-05
Loss = 2.5443e-02, PNorm = 96.1425, GNorm = 0.3481, lr_0 = 1.9194e-05
Loss = 2.4998e-02, PNorm = 96.1433, GNorm = 0.5702, lr_0 = 1.9072e-05
Loss = 2.4660e-02, PNorm = 96.1446, GNorm = 0.2456, lr_0 = 1.8951e-05
Loss = 2.8224e-02, PNorm = 96.1457, GNorm = 0.2353, lr_0 = 1.8830e-05
Loss = 2.9388e-02, PNorm = 96.1465, GNorm = 0.3737, lr_0 = 1.8710e-05
Loss = 2.7604e-02, PNorm = 96.1475, GNorm = 0.2946, lr_0 = 1.8591e-05
Loss = 2.5933e-02, PNorm = 96.1482, GNorm = 0.3548, lr_0 = 1.8473e-05
Loss = 2.9378e-02, PNorm = 96.1492, GNorm = 0.6092, lr_0 = 1.8356e-05
Loss = 2.6667e-02, PNorm = 96.1495, GNorm = 0.5487, lr_0 = 1.8239e-05
Loss = 2.9073e-02, PNorm = 96.1505, GNorm = 0.2647, lr_0 = 1.8123e-05
Loss = 2.4385e-02, PNorm = 96.1512, GNorm = 0.3027, lr_0 = 1.8008e-05
Validation rmse = 28.680129
Epoch 44
Loss = 2.9089e-02, PNorm = 96.1525, GNorm = 0.4171, lr_0 = 1.7882e-05
Loss = 2.5734e-02, PNorm = 96.1538, GNorm = 0.4398, lr_0 = 1.7768e-05
Loss = 2.5362e-02, PNorm = 96.1543, GNorm = 0.3132, lr_0 = 1.7655e-05
Loss = 2.6812e-02, PNorm = 96.1552, GNorm = 0.4508, lr_0 = 1.7543e-05
Loss = 2.9624e-02, PNorm = 96.1560, GNorm = 0.5093, lr_0 = 1.7432e-05
Loss = 2.5378e-02, PNorm = 96.1568, GNorm = 0.4005, lr_0 = 1.7321e-05
Loss = 2.7467e-02, PNorm = 96.1577, GNorm = 0.3349, lr_0 = 1.7211e-05
Loss = 2.2271e-02, PNorm = 96.1587, GNorm = 0.4089, lr_0 = 1.7101e-05
Loss = 2.7187e-02, PNorm = 96.1592, GNorm = 0.3245, lr_0 = 1.6992e-05
Loss = 2.4879e-02, PNorm = 96.1601, GNorm = 0.3707, lr_0 = 1.6884e-05
Loss = 2.5065e-02, PNorm = 96.1610, GNorm = 0.3809, lr_0 = 1.6777e-05
Loss = 2.7458e-02, PNorm = 96.1615, GNorm = 0.3795, lr_0 = 1.6670e-05
Loss = 2.4815e-02, PNorm = 96.1621, GNorm = 0.3007, lr_0 = 1.6564e-05
Loss = 2.9471e-02, PNorm = 96.1629, GNorm = 0.3251, lr_0 = 1.6459e-05
Validation rmse = 28.470826
Epoch 45
Loss = 1.8928e-02, PNorm = 96.1634, GNorm = 0.2406, lr_0 = 1.6354e-05
Loss = 2.6814e-02, PNorm = 96.1637, GNorm = 0.3529, lr_0 = 1.6250e-05
Loss = 2.3871e-02, PNorm = 96.1643, GNorm = 0.4442, lr_0 = 1.6147e-05
Loss = 2.2592e-02, PNorm = 96.1652, GNorm = 0.5875, lr_0 = 1.6044e-05
Loss = 2.4307e-02, PNorm = 96.1660, GNorm = 0.3185, lr_0 = 1.5942e-05
Loss = 2.7594e-02, PNorm = 96.1667, GNorm = 0.3395, lr_0 = 1.5841e-05
Loss = 2.5519e-02, PNorm = 96.1674, GNorm = 0.6456, lr_0 = 1.5740e-05
Loss = 2.5157e-02, PNorm = 96.1681, GNorm = 0.3531, lr_0 = 1.5640e-05
Loss = 2.6376e-02, PNorm = 96.1690, GNorm = 0.2627, lr_0 = 1.5541e-05
Loss = 3.1325e-02, PNorm = 96.1698, GNorm = 0.5812, lr_0 = 1.5442e-05
Loss = 2.1801e-02, PNorm = 96.1708, GNorm = 0.2737, lr_0 = 1.5344e-05
Loss = 2.7760e-02, PNorm = 96.1717, GNorm = 0.2436, lr_0 = 1.5246e-05
Loss = 2.4268e-02, PNorm = 96.1727, GNorm = 0.3119, lr_0 = 1.5149e-05
Loss = 2.7841e-02, PNorm = 96.1733, GNorm = 0.2726, lr_0 = 1.5053e-05
Loss = 2.9833e-02, PNorm = 96.1743, GNorm = 0.4024, lr_0 = 1.4957e-05
Validation rmse = 28.515889
Epoch 46
Loss = 2.3334e-02, PNorm = 96.1753, GNorm = 0.2962, lr_0 = 1.4853e-05
Loss = 2.1713e-02, PNorm = 96.1756, GNorm = 0.4021, lr_0 = 1.4758e-05
Loss = 2.9189e-02, PNorm = 96.1762, GNorm = 0.3149, lr_0 = 1.4665e-05
Loss = 2.8068e-02, PNorm = 96.1768, GNorm = 0.4656, lr_0 = 1.4571e-05
Loss = 2.6976e-02, PNorm = 96.1778, GNorm = 0.4489, lr_0 = 1.4479e-05
Loss = 2.3545e-02, PNorm = 96.1785, GNorm = 0.4134, lr_0 = 1.4387e-05
Loss = 2.5766e-02, PNorm = 96.1796, GNorm = 0.6108, lr_0 = 1.4295e-05
Loss = 2.7930e-02, PNorm = 96.1802, GNorm = 0.3810, lr_0 = 1.4204e-05
Loss = 2.5593e-02, PNorm = 96.1808, GNorm = 0.4069, lr_0 = 1.4114e-05
Loss = 2.3730e-02, PNorm = 96.1816, GNorm = 0.3001, lr_0 = 1.4024e-05
Loss = 2.7553e-02, PNorm = 96.1825, GNorm = 0.2092, lr_0 = 1.3935e-05
Loss = 2.8580e-02, PNorm = 96.1830, GNorm = 0.3193, lr_0 = 1.3846e-05
Loss = 2.6617e-02, PNorm = 96.1837, GNorm = 0.4095, lr_0 = 1.3758e-05
Loss = 2.8767e-02, PNorm = 96.1843, GNorm = 0.5070, lr_0 = 1.3671e-05
Validation rmse = 28.501448
Epoch 47
Loss = 3.0259e-02, PNorm = 96.1847, GNorm = 0.3584, lr_0 = 1.3584e-05
Loss = 2.3754e-02, PNorm = 96.1850, GNorm = 0.2716, lr_0 = 1.3498e-05
Loss = 2.4132e-02, PNorm = 96.1855, GNorm = 0.3421, lr_0 = 1.3412e-05
Loss = 2.7597e-02, PNorm = 96.1863, GNorm = 0.5419, lr_0 = 1.3327e-05
Loss = 2.6235e-02, PNorm = 96.1873, GNorm = 0.3164, lr_0 = 1.3242e-05
Loss = 2.7447e-02, PNorm = 96.1886, GNorm = 1.1351, lr_0 = 1.3158e-05
Loss = 2.4598e-02, PNorm = 96.1892, GNorm = 0.3064, lr_0 = 1.3074e-05
Loss = 2.4931e-02, PNorm = 96.1898, GNorm = 0.3047, lr_0 = 1.2991e-05
Loss = 2.6208e-02, PNorm = 96.1904, GNorm = 0.5226, lr_0 = 1.2908e-05
Loss = 3.1512e-02, PNorm = 96.1910, GNorm = 0.3130, lr_0 = 1.2826e-05
Loss = 2.5301e-02, PNorm = 96.1912, GNorm = 0.2463, lr_0 = 1.2745e-05
Loss = 2.5169e-02, PNorm = 96.1917, GNorm = 0.3481, lr_0 = 1.2664e-05
Loss = 2.8503e-02, PNorm = 96.1923, GNorm = 0.4608, lr_0 = 1.2583e-05
Loss = 2.4661e-02, PNorm = 96.1925, GNorm = 0.2999, lr_0 = 1.2503e-05
Loss = 2.7805e-02, PNorm = 96.1931, GNorm = 0.4126, lr_0 = 1.2424e-05
Validation rmse = 28.531445
Epoch 48
Loss = 2.2608e-02, PNorm = 96.1937, GNorm = 0.2703, lr_0 = 1.2337e-05
Loss = 2.3720e-02, PNorm = 96.1945, GNorm = 0.2266, lr_0 = 1.2258e-05
Loss = 2.4444e-02, PNorm = 96.1951, GNorm = 0.5879, lr_0 = 1.2180e-05
Loss = 3.1746e-02, PNorm = 96.1957, GNorm = 0.3615, lr_0 = 1.2103e-05
Loss = 2.8300e-02, PNorm = 96.1967, GNorm = 0.3806, lr_0 = 1.2026e-05
Loss = 2.3279e-02, PNorm = 96.1972, GNorm = 0.5556, lr_0 = 1.1949e-05
Loss = 2.5472e-02, PNorm = 96.1974, GNorm = 0.5174, lr_0 = 1.1874e-05
Loss = 2.1251e-02, PNorm = 96.1977, GNorm = 0.3065, lr_0 = 1.1798e-05
Loss = 3.1070e-02, PNorm = 96.1983, GNorm = 0.3607, lr_0 = 1.1723e-05
Loss = 2.3949e-02, PNorm = 96.1983, GNorm = 0.7196, lr_0 = 1.1648e-05
Loss = 2.6651e-02, PNorm = 96.1990, GNorm = 0.2641, lr_0 = 1.1574e-05
Loss = 2.7235e-02, PNorm = 96.1996, GNorm = 0.4212, lr_0 = 1.1501e-05
Loss = 2.5960e-02, PNorm = 96.2004, GNorm = 0.3405, lr_0 = 1.1428e-05
Loss = 2.3974e-02, PNorm = 96.2009, GNorm = 0.3720, lr_0 = 1.1355e-05
Loss = 2.5488e-02, PNorm = 96.2015, GNorm = 0.6175, lr_0 = 1.1283e-05
Validation rmse = 28.493903
Epoch 49
Loss = 2.4501e-02, PNorm = 96.2022, GNorm = 0.2913, lr_0 = 1.1211e-05
Loss = 2.4197e-02, PNorm = 96.2027, GNorm = 0.2912, lr_0 = 1.1140e-05
Loss = 2.8039e-02, PNorm = 96.2032, GNorm = 0.4220, lr_0 = 1.1069e-05
Loss = 2.7316e-02, PNorm = 96.2035, GNorm = 0.3211, lr_0 = 1.0999e-05
Loss = 2.5610e-02, PNorm = 96.2040, GNorm = 0.4376, lr_0 = 1.0929e-05
Loss = 2.7534e-02, PNorm = 96.2045, GNorm = 0.2866, lr_0 = 1.0859e-05
Loss = 2.3953e-02, PNorm = 96.2052, GNorm = 0.5155, lr_0 = 1.0790e-05
Loss = 2.6495e-02, PNorm = 96.2057, GNorm = 0.3660, lr_0 = 1.0722e-05
Loss = 2.8187e-02, PNorm = 96.2064, GNorm = 0.2698, lr_0 = 1.0653e-05
Loss = 2.5360e-02, PNorm = 96.2070, GNorm = 0.4895, lr_0 = 1.0619e-05
Loss = 2.4446e-02, PNorm = 96.2076, GNorm = 0.4577, lr_0 = 1.0619e-05
Loss = 2.5367e-02, PNorm = 96.2083, GNorm = 0.3063, lr_0 = 1.0619e-05
Loss = 2.7625e-02, PNorm = 96.2084, GNorm = 0.4007, lr_0 = 1.0619e-05
Loss = 2.7594e-02, PNorm = 96.2088, GNorm = 0.3880, lr_0 = 1.0619e-05
Validation rmse = 28.359142
Model 0 best validation rmse = 28.359142 on epoch 49
Loading pretrained parameter "encoder.encoder.0.cached_zero_vector".
Loading pretrained parameter "encoder.encoder.0.W_i.weight".
Loading pretrained parameter "encoder.encoder.0.W_h.weight".
Loading pretrained parameter "encoder.encoder.0.W_o.weight".
Loading pretrained parameter "encoder.encoder.0.W_o.bias".
Loading pretrained parameter "encoder.encoder.1.cached_zero_vector".
Loading pretrained parameter "encoder.encoder.1.W_i.weight".
Loading pretrained parameter "encoder.encoder.1.W_h.weight".
Loading pretrained parameter "encoder.encoder.1.W_o.weight".
Loading pretrained parameter "encoder.encoder.1.W_o.bias".
Loading pretrained parameter "ffn.1.weight".
Loading pretrained parameter "ffn.1.bias".
Loading pretrained parameter "ffn.4.weight".
Loading pretrained parameter "ffn.4.bias".
Moving model to cuda
Model 0 test rmse = 25.627036
Ensemble test rmse = 25.627036
1-fold cross validation
	Seed 0 ==> test rmse = 25.627036
Overall test rmse = 25.627036 +/- 0.000000
Elapsed time = 0:38:22
